Acomys_russatus 1
Dipodomys_merriami 1
Marmota_flaviventris 1
Microtus_oregoni 1
Perognathus_longimembris 1
Sciurus_carolinensis 1

Check errors.log for execution error details.
Microtus_oregoni 2
Sciurus_carolinensis 2
Marmota_flaviventris 2
Sciurus_carolinensis 3
Marmota_flaviventris 3
Sciurus_carolinensis 4
Microtus_oregoni 3
Marmota_flaviventris 4
Perognathus_longimembris 2
Acomys_russatus 2
Sciurus_carolinensis 5
Dipodomys_merriami 2
Marmota_flaviventris 5
Microtus_oregoni 4
Sciurus_carolinensis 6
Marmota_flaviventris 6
Sciurus_carolinensis 7
Marmota_flaviventris 7
Sciurus_carolinensis 8
Marmota_flaviventris 8
Acomys_russatus 3
Microtus_oregoni 5
Sciurus_carolinensis 9
Marmota_flaviventris 9
Sciurus_carolinensis 10
Dipodomys_merriami 3
Marmota_flaviventris 10
Perognathus_longimembris 3
Microtus_oregoni 6
Marmota_marmota 1
Urocitellus_parryii 1
Urocitellus_parryii 2
Marmota_marmota 2
Microtus_oregoni 7
Acomys_russatus 4
Urocitellus_parryii 3
Marmota_marmota 3
Urocitellus_parryii 4
Marmota_marmota 4
Perognathus_longimembris 4
Dipodomys_merriami 4
Urocitellus_parryii 5
Microtus_oregoni 8
Marmota_marmota 5
Urocitellus_parryii 6
Marmota_marmota 6
Acomys_russatus 5
Urocitellus_parryii 7
Marmota_marmota 7
Microtus_oregoni 9
Urocitellus_parryii 8
Marmota_marmota 8
Dipodomys_merriami 5
Urocitellus_parryii 9
Microtus_oregoni 10
Marmota_marmota 9
Perognathus_longimembris 5
Urocitellus_parryii 10
Marmota_marmota 10
Oryctolagus_cuniculus 1
Mus_caroli 1
Acomys_russatus 6
Marmota_monax 1

Check errors.log for execution error details.
Marmota_monax 2
Perognathus_longimembris 6
Marmota_monax 3
Dipodomys_merriami 6
Acomys_russatus 7
Marmota_monax 4
Mus_caroli 2
Oryctolagus_cuniculus 2
Marmota_monax 5
Marmota_monax 6
Perognathus_longimembris 7
Marmota_monax 7
Dipodomys_merriami 7
Mus_caroli 3
Marmota_monax 8
Oryctolagus_cuniculus 3
Marmota_monax 9
Acomys_russatus 8
Marmota_monax 10
Mastomys_coucha 1
Perognathus_longimembris 8
Mus_caroli 4
Dipodomys_merriami 8
Oryctolagus_cuniculus 4
Acomys_russatus 9
Perognathus_longimembris 9
Dipodomys_merriami 9
Mastomys_coucha 2
Mus_caroli 5
Oryctolagus_cuniculus 5
Acomys_russatus 10
Perognathus_longimembris 10
Mus_caroli 6
Mastomys_coucha 3
Dipodomys_merriami 10
Oryctolagus_cuniculus 6
Alexandromys_fortis 1
Mus_caroli 7
Mastomys_coucha 4
Peromyscus_californicus 1
Peromyscus_californicus 2
Alexandromys_fortis 2
Peromyscus_californicus 3
Oryctolagus_cuniculus 7
Dipodomys_ordii 1
Peromyscus_californicus 4
Peromyscus_californicus 5
Peromyscus_californicus 6
Mus_caroli 8
Peromyscus_californicus 7
Alexandromys_fortis 3
Mastomys_coucha 5
Peromyscus_californicus 8
Peromyscus_californicus 9
Peromyscus_californicus 10
Oryctolagus_cuniculus 8
Peromyscus_eremicus 1
Alexandromys_fortis 4
Dipodomys_ordii 2
Peromyscus_eremicus 2
Mus_caroli 9
Peromyscus_eremicus 3
Mastomys_coucha 6
Peromyscus_eremicus 4
Peromyscus_eremicus 5
Peromyscus_eremicus 6
Peromyscus_eremicus 7
Alexandromys_fortis 5
Oryctolagus_cuniculus 9
Dipodomys_ordii 3
Peromyscus_eremicus 8
Mus_caroli 10
Mastomys_coucha 7
Peromyscus_eremicus 9
Peromyscus_eremicus 10
Peromyscus_maniculatus 1
Alexandromys_fortis 6
Peromyscus_maniculatus 2
Peromyscus_maniculatus 3
Dipodomys_ordii 4
Mus_musculus 1
Peromyscus_maniculatus 4
Oryctolagus_cuniculus 10
Alexandromys_fortis 7
Peromyscus_maniculatus 5
Mastomys_coucha 8
Peromyscus_maniculatus 6
Peromyscus_maniculatus 7
Alexandromys_fortis 8
Peromyscus_maniculatus 8
Peromyscus_maniculatus 9
Peromyscus_maniculatus 10
Dipodomys_ordii 5
Lepus_europaeus 1
Phodopus_roborovskii 1
Alexandromys_fortis 9
Mus_musculus 2
Mastomys_coucha 9
Alexandromys_fortis 10
Phodopus_roborovskii 2
Apodemus_sylvaticus 1
Lepus_europaeus 2
Dipodomys_ordii 6
Phodopus_roborovskii 3
Mastomys_coucha 10
Mus_musculus 3
Phodopus_roborovskii 4
Apodemus_sylvaticus 2
Meriones_unguiculatus 1
Dipodomys_ordii 7
Lepus_europaeus 3
Phodopus_roborovskii 5
Phodopus_roborovskii 6
Mus_musculus 4
Apodemus_sylvaticus 3
Meriones_unguiculatus 2
Phodopus_roborovskii 7
Lepus_europaeus 4
Dipodomys_ordii 8
Phodopus_roborovskii 8
Mus_musculus 5
Apodemus_sylvaticus 4
Meriones_unguiculatus 3
Lepus_europaeus 5
Phodopus_roborovskii 9
Dipodomys_ordii 9
Phodopus_roborovskii 10
Apodemus_sylvaticus 5
Meriones_unguiculatus 4
Mus_musculus 6
Lepus_europaeus 6
Dipodomys_ordii 10
Psammomys_obesus 1
Apodemus_sylvaticus 6
Mus_musculus 7
Meriones_unguiculatus 5
Lepus_europaeus 7
Dipodomys_spectabilis 1
Apodemus_sylvaticus 7
Mus_musculus 8
Psammomys_obesus 2
Lepus_europaeus 8
Apodemus_sylvaticus 8
Mus_musculus 9
Meriones_unguiculatus 6
Dipodomys_spectabilis 2
Lepus_europaeus 9
Mus_musculus 10
Apodemus_sylvaticus 9
Psammomys_obesus 3
Meriones_unguiculatus 7
Dipodomys_spectabilis 3
Lepus_europaeus 10
Mus_pahari 1
Apodemus_sylvaticus 10
Psammomys_obesus 4
Meriones_unguiculatus 8
Mus_pahari 2
Dipodomys_spectabilis 4
Arvicanthis_niloticus 1
Meriones_unguiculatus 9
Psammomys_obesus 5
Mus_pahari 3
Dipodomys_spectabilis 5
Arvicanthis_niloticus 2
Mus_pahari 4
Psammomys_obesus 6
Arvicanthis_niloticus 3
Dipodomys_spectabilis 6
Meriones_unguiculatus 10
Mus_pahari 5
Arvicanthis_niloticus 4
Psammomys_obesus 7
Mesocricetus_auratus 1
Dipodomys_spectabilis 7
Mus_pahari 6
Arvicanthis_niloticus 5
Mesocricetus_auratus 2
Dipodomys_spectabilis 8
Psammomys_obesus 8
Mesocricetus_auratus 3
Arvicanthis_niloticus 6
Mus_pahari 7
Mesocricetus_auratus 4
Dipodomys_spectabilis 9
Mesocricetus_auratus 5
Arvicanthis_niloticus 7
Mus_pahari 8
Psammomys_obesus 9
Mesocricetus_auratus 6
Dipodomys_spectabilis 10
Arvicanthis_niloticus 8
Mesocricetus_auratus 7
Mus_pahari 9
Psammomys_obesus 10
Fukomys_damarensis 1
Mesocricetus_auratus 8
Arvicanthis_niloticus 9
Mus_pahari 10
Mesocricetus_auratus 9
Arvicanthis_niloticus 10
Rattus_norvegicus 1
Mesocricetus_auratus 10
Fukomys_damarensis 2
Myodes_glareolus 1
Arvicola_amphibius 1
Myodes_glareolus 2
Microtus_ochrogaster 1
Fukomys_damarensis 3
Rattus_norvegicus 2
Arvicola_amphibius 2
Myodes_glareolus 3
Microtus_ochrogaster 2
Fukomys_damarensis 4
Microtus_ochrogaster 3
Myodes_glareolus 4
Arvicola_amphibius 3
Microtus_ochrogaster 4
Rattus_norvegicus 3
Myodes_glareolus 5
Fukomys_damarensis 5
Arvicola_amphibius 4

Check errors.log for execution error details.
Microtus_ochrogaster 5
Myodes_glareolus 6
Arvicola_amphibius 5
Fukomys_damarensis 6
Rattus_norvegicus 4
Microtus_ochrogaster 6
Myodes_glareolus 7
Microtus_ochrogaster 7
Myodes_glareolus 8
Arvicola_amphibius 6
Fukomys_damarensis 7
Rattus_norvegicus 5
Myodes_glareolus 9
Microtus_ochrogaster 8
Arvicola_amphibius 7
Microtus_ochrogaster 9
Myodes_glareolus 10
Arvicola_amphibius 8
Microtus_ochrogaster 10
Fukomys_damarensis 8
Nannospalax_galili 1
Rattus_norvegicus 6
Arvicola_amphibius 9
Arvicola_amphibius 10
Fukomys_damarensis 9
Nannospalax_galili 2
Chionomys_nivalis 1
Rattus_norvegicus 7
Chionomys_nivalis 2
Fukomys_damarensis 10
Chionomys_nivalis 3
Nannospalax_galili 3
Chionomys_nivalis 4
Grammomys_surdaster 1
Rattus_norvegicus 8
Chionomys_nivalis 5
Nannospalax_galili 4
Chionomys_nivalis 6
Grammomys_surdaster 2
Chionomys_nivalis 7
Rattus_norvegicus 9
Chionomys_nivalis 8
Nannospalax_galili 5
Grammomys_surdaster 3
Chionomys_nivalis 9
Rattus_norvegicus 10
Chionomys_nivalis 10
Grammomys_surdaster 4
Cricetulus_griseus 1
Nannospalax_galili 6
Grammomys_surdaster 5
Cricetulus_griseus 2
Cricetulus_griseus 3
Grammomys_surdaster 6

Check errors.log for execution error details.
Nannospalax_galili 7
Cricetulus_griseus 4
Grammomys_surdaster 7
Nannospalax_galili 8
Cricetulus_griseus 5
Grammomys_surdaster 8

Check errors.log for execution error details.
Cricetulus_griseus 6
Nannospalax_galili 9
Cricetulus_griseus 7
Grammomys_surdaster 9
Nannospalax_galili 10
Cricetulus_griseus 8
Grammomys_surdaster 10
Cricetulus_griseus 9
Onychomys_torridus 1
Onychomys_torridus 2
Onychomys_torridus 3
Cricetulus_griseus 10
Onychomys_torridus 4
Onychomys_torridus 5
Heterocephalus_glaber 1
Onychomys_torridus 6
Onychomys_torridus 7
Onychomys_torridus 8
Onychomys_torridus 9
Onychomys_torridus 10
Heterocephalus_glaber 2
Heterocephalus_glaber 3
Heterocephalus_glaber 4
Heterocephalus_glaber 5
Heterocephalus_glaber 6
Heterocephalus_glaber 7
Heterocephalus_glaber 8
Heterocephalus_glaber 9
Heterocephalus_glaber 10
Ictidomys_tridecemlineatus 1
Ictidomys_tridecemlineatus 2
Ictidomys_tridecemlineatus 3
Ictidomys_tridecemlineatus 4
Ictidomys_tridecemlineatus 5
Ictidomys_tridecemlineatus 6
Ictidomys_tridecemlineatus 7
Ictidomys_tridecemlineatus 8
Ictidomys_tridecemlineatus 9
Ictidomys_tridecemlineatus 10
