   SW   perc perc perc  query           position in query    matching   repeat               position in repeat
score   div. del. ins.  sequence        begin end   (left)   repeat     class/family       begin  end    (left)  ID

  224   34.5  4.1  0.3  Down_1KB_flank    419   532  (468) C L2c        LINE/L2              (24)   3440   3258   1  
  410   15.9  0.0  1.4  Down_1KB_flank    534   603  (397) C Bov-tA2    SINE/tRNA-Core-RTE    (4)    208    140   2  
 1806    9.3  0.3 11.4  Down_1KB_flank    604   905   (95) C BovB_Oa    LINE/RTE-BovB        (77)   3182   2911   3  
 1070    6.8  0.0  0.0  Exon4              37   169  (770) C BOV-A2     SINE/Core-RTE         (0)    272    140   4  
 2681    8.5  0.0  0.0  Exon4             170   526  (413) + BovB       LINE/RTE-BovB        3412   3833   (14)   5  
  382   23.2  0.0  0.0  Exon4             527   595  (344) + Bov-tA2    SINE/tRNA-Core-RTE    138    206    (6)   6  
 1240    4.9  0.0  0.0  Exon4             610   752  (187) C BOV-A2     SINE/Core-RTE       (129)    143      1   7  
   16    0.0  0.0  0.0  Intron1           881   898 (1598) + (A)n       Simple_repeat           1     18    (0)   8  
  873    7.1  3.5  0.0  Intron1           901  1013 (1483) C L1-2_BT    LINE/L1               (0)   2015   1899   9  
  278   23.6  9.9  5.6  Intron1          1375  1495 (1001) C L2a        LINE/L2               (4)   3422   3297  10  
  198   36.8  2.3  0.0  Intron1          1717  1803  (693) C L2a        LINE/L2               (1)   3425   3337  11  
  282   32.5  7.8  2.1  Intron1          1918  2096  (400) + Tigger15a  DNA/TcMar-Tigger      139    327  (388)  12  
  258   34.1 16.7  0.4  Intron2           430   644 (2207) C L2         LINE/L2             (337)   3082   2833  13  
  289   26.9  3.2  0.0  Intron2           681   773 (2078) + Tigger15a  DNA/TcMar-Tigger       68    163  (552)  14  
 2214    4.9  0.0  0.0  Intron2           807  1072 (1779) + BOV-A2     SINE/Core-RTE           1    266    (6)  15  
  745    2.3  0.0  0.0  Intron2          1301  1387 (1464) + BOV-A2     SINE/Core-RTE         180    266    (6)  16  
   18    0.0  4.3  0.0  Intron2          1457  1479 (1372) + (TA)n      Simple_repeat           1     24    (0)  17  
  187   29.2  6.9  0.0  Intron2          1809  1880  (971) C MIRb       SINE/MIR             (21)    247    171  18  
  543   26.4  8.3  3.7  Intron2          2168  2372  (479) + MER58C     DNA/hAT-Charlie         2    215    (0)  19  
  521   27.9  0.6  1.9  Intron3          2556  2712 (5441) C MER5A1     DNA/hAT-Charlie       (0)    166     12  20  
  206   32.2 10.7  4.5  Intron3          2957  3125 (5028) C L2         LINE/L2             (804)   2615   2437  21  
 1073    3.2  0.0  0.0  Intron3          3131  3256 (4897) + BOV-A2     SINE/Core-RTE         142    267    (5)  22  
  744   17.5  0.0  0.0  Intron3          3379  3498 (4655) + Bov-tA2    SINE/tRNA-Core-RTE      5    124   (88)  23 *
 1061    8.6  0.0  0.0  Intron3          3498  3636 (4517) + Bov-tA2    SINE/tRNA-Core-RTE      5    143   (69)  24  
  463   27.8  1.4  2.0  Intron3          3749  3895 (4258) C MER5A1     DNA/hAT-Charlie       (9)    157     12  25  
  741   11.4 12.1  0.7  Intron3          4353  4476 (3677) + Bov-tA3    SINE/tRNA-Core-RTE     76    213    (0)  26  
  242   32.1  6.2  2.6  Intron3          5875  5986 (2167) C MIRc       SINE/MIR            (144)    124      9  27  
 1354   13.9  0.5  0.5  Intron3          6178  6379 (1774) + Bov-tA2    SINE/tRNA-Core-RTE      5    206    (6)  28  
 1078   17.6  2.1  0.5  Intron3          6502  6695 (1458) C Bov-tA2    SINE/tRNA-Core-RTE   (12)    200      4  29  
 1664   10.1  1.1  6.6  Intron3          7310  7595  (558) C BOV-A2     SINE/Core-RTE         (1)    271      1  30  
  466   23.7  1.1  0.0  Intron3          7596  7685  (468) C Bov-tA1    SINE/tRNA-Core-RTE  (131)     96      6  31  
 1770   27.3 12.2  2.4  Intron4            42   901 (1918) + L2         LINE/L2              1013   1954 (1465)  32  
 1018   27.8 12.4  3.6  Intron4           960  1136 (1683) + L2         LINE/L2              2082   2251 (1168)  32  
  675   19.5  0.8  2.4  Intron4          1137  1262 (1557) C SINE2-2_BT SINE/tRNA             (1)    124      1  33  
 1018   27.8 12.4  3.6  Intron4          1263  1671 (1148) + L2         LINE/L2              2252   2717  (702)  32  
  987   23.5 11.1  0.7  Up_1KB_flank        1   261  (739) + MLT1A0     LTR/ERVL-MaLR          78    365    (0)  34  
  331   33.8  8.6  2.1  Up_1KB_flank      267   487  (513) C MIRb       SINE/MIR             (25)    243      9  35  
