   SW   perc perc perc  query          position in query    matching   repeat               position in repeat
score   div. del. ins.  sequence       begin end   (left)   repeat     class/family       begin  end    (left)  ID

  208   35.9  4.6  0.0  Down_Flank_1K    419   528  (472) C L2c        LINE/L2              (24)   3440   3266   1  
  422   14.5  0.0  1.4  Down_Flank_1K    534   603  (397) C Bov-tA2    SINE/tRNA-Core-RTE    (4)    208    140   2  
 1779   10.1  0.3 11.4  Down_Flank_1K    604   905   (95) C BovB_Oa    LINE/RTE-BovB        (77)   3182   2911   3  
 1096    5.3  0.0  0.0  Exon4             37   169  (770) C BOV-A2     SINE/Core-RTE         (0)    272    140   4  
 2623    9.6  0.0  0.0  Exon4            170   526  (413) + BovB_Oa    LINE/RTE-BovB        2824   3169   (90)   5  
  391   21.7  0.0  0.0  Exon4            527   595  (344) + Bov-tA2    SINE/tRNA-Core-RTE    138    206    (6)   6  
 1233    4.9  0.0  0.0  Exon4            610   752  (187) C BOV-A2     SINE/Core-RTE       (129)    143      1   7  
   16    0.0  0.0  0.0  Intron1          883   900 (1752) + (A)n       Simple_repeat           1     18    (0)   8  
 1920   10.5  3.2  0.0  Intron1          903  1179 (1473) C L1-2_BT    LINE/L1               (0)   2015   1730   9  
  268   26.9  9.1  4.8  Intron1         1532  1652 (1000) C L2a        LINE/L2               (4)   3422   3297  10  
  196   34.1  4.7  1.1  Intron1         1874  1959  (693) C L2a        LINE/L2               (1)   3425   3337  11  
  259   33.6 16.7  0.4  Intron2          430   644 (2206) C L2         LINE/L2             (337)   3082   2833  12  
  277   27.2  4.3  0.0  Intron2          681   772 (2078) + Tigger15a  DNA/TcMar-Tigger       68    163  (552)  13  
 2201    4.9  0.0  0.0  Intron2          806  1071 (1779) + BOV-A2     SINE/Core-RTE           1    266    (6)  14  
  738    3.5  0.0  0.0  Intron2         1300  1386 (1464) + BOV-A2     SINE/Core-RTE         180    266    (6)  15  
   18    0.0  4.3  0.0  Intron2         1456  1478 (1372) + (TA)n      Simple_repeat           1     24    (0)  16  
  187   29.2  6.9  0.0  Intron2         1808  1879  (971) C MIRb       SINE/MIR             (21)    247    171  17  
  546   26.4  8.3  3.7  Intron2         2167  2371  (479) + MER58C     DNA/hAT-Charlie         2    215    (0)  18  
  562   26.6  0.6  1.9  Intron3         2556  2712 (4476) C MER5A1     DNA/hAT-Charlie       (0)    166     12  19  
  235   30.4 10.7  4.5  Intron3         2958  3126 (4062) C L2         LINE/L2             (804)   2615   2437  20  
 1031    6.3  0.0  0.0  Intron3         3132  3257 (3931) + BOV-A2     SINE/Core-RTE         142    267    (5)  21  
  577   16.7 10.2  0.0  Intron3         3380  3487 (3701) + Bov-tA2    SINE/tRNA-Core-RTE      5    123   (89)  22  
 1300    8.1  8.1  0.0  Intron3         3488  3672 (3516) + Bov-tA2    SINE/tRNA-Core-RTE      5    204    (8)  23  
  242   32.1  6.2  2.6  Intron3         5079  5190 (1998) C MIRc       SINE/MIR            (144)    124      9  24  
 1087   16.6  2.0  2.0  Intron3         5541  5743 (1445) C Bov-tA2    SINE/tRNA-Core-RTE    (6)    206      4  25  
 1678    9.4  1.1  6.6  Intron3         6358  6643  (545) C BOV-A2     SINE/Core-RTE         (1)    271      1  26  
  490   20.4  1.1  0.0  Intron3         6644  6733  (455) C Bov-tA1    SINE/tRNA-Core-RTE  (131)     96      6  27  
 1740   26.2 12.4  2.8  Intron4           42   902 (1919) + L2         LINE/L2              1013   1954 (1465)  28  
  994   27.8 12.4  3.8  Intron4          961  1138 (1683) + L2         LINE/L2              2082   2251 (1168)  28  
  702   18.6  0.8  0.0  Intron4         1139  1262 (1559) C SINE2-2_BT SINE/tRNA             (0)    125      1  29  
  994   27.8 12.4  3.8  Intron4         1263  1671 (1150) + L2         LINE/L2              2252   2717  (702)  28  
  939   24.0 11.2  0.7  Up_Flank_1K        1   260  (739) + MLT1A0     LTR/ERVL-MaLR          79    365    (0)  30  
  306   34.7  8.6  2.1  Up_Flank_1K      266   486  (513) C MIRb       SINE/MIR             (25)    243      9  31  
