   SW   perc perc perc  query          position in query    matching   repeat               position in repeat
score   div. del. ins.  sequence       begin end   (left)   repeat     class/family       begin  end    (left)  ID

  205   35.4  3.7  0.0  Down_flank_1K    443   524  (476) C L2c        LINE/L2              (37)   3350   3266   1  
  422   14.5  0.0  1.4  Down_flank_1K    534   603  (397) C Bov-tA2    SINE/tRNA-Core-RTE    (4)    208    140   2  
 1827   10.5  0.3 12.1  Down_flank_1K    604   927   (73) C BovB_Oa    LINE/RTE-BovB        (77)   3182   2893   3  
 1108    5.3  0.0  0.0  Exon4             37   169  (766) C BOV-A2     SINE/Core-RTE         (0)    272    140   4  
 2514    9.9  0.9  0.0  Exon4            170   522  (413) + BovB_Oa    LINE/RTE-BovB        2824   3169   (90)   5  
  360   24.6  0.0  0.0  Exon4            523   591  (344) + Bov-tA2    SINE/tRNA-Core-RTE    138    206    (6)   6  
 1193    7.0  0.0  0.0  Exon4            606   748  (187) C BOV-A2     SINE/Core-RTE       (129)    143      1   7  
  873    7.1  3.5  0.0  Intron1          899  1011 (1483) C L1-2_BT    LINE/L1               (0)   2015   1899   8  
  266   24.5  9.9  5.6  Intron1         1373  1493 (1001) C L2a        LINE/L2               (4)   3422   3297   9  
  198   36.8  2.3  0.0  Intron1         1715  1801  (693) C L2a        LINE/L2               (1)   3425   3337  10  
  282   32.5  7.8  2.1  Intron1         1916  2094  (400) + Tigger15a  DNA/TcMar-Tigger      139    327  (388)  11  
  266   28.0  3.2  0.0  Intron2          680   772 (2078) + Tigger15a  DNA/TcMar-Tigger       68    163  (552)  12  
 2159    5.6  0.0  0.0  Intron2          806  1071 (1779) + BOV-A2     SINE/Core-RTE           1    266    (6)  13  
  729    4.6  0.0  0.0  Intron2         1300  1386 (1464) + BOV-A2     SINE/Core-RTE         180    266    (6)  14  
   18    0.0  4.3  0.0  Intron2         1456  1478 (1372) + (TA)n      Simple_repeat           1     24    (0)  15  
  531   26.9  8.3  3.7  Intron2         2167  2371  (479) + MER58C     DNA/hAT-Charlie         2    215    (0)  16  
  546   27.3  0.6  1.9  Intron3         2550  2706 (4541) C MER5A1     DNA/hAT-Charlie       (0)    166     12  17  
  212   32.2  9.1  4.8  Intron3         2922  3120 (4127) C L2         LINE/L2             (776)   2643   2437  18  
 1063    4.0  0.0  0.0  Intron3         3126  3251 (3996) + BOV-A2     SINE/Core-RTE         142    267    (5)  19  
  578   16.7 10.2  0.0  Intron3         3374  3481 (3766) + Bov-tA2    SINE/tRNA-Core-RTE      5    123   (89)  20  
 1300    8.1  8.1  0.0  Intron3         3482  3666 (3581) + Bov-tA2    SINE/tRNA-Core-RTE      5    204    (8)  21  
  216   31.5  6.4  2.0  Intron3         5001  5094 (2153) C MIRc       SINE/MIR            (162)    106      9  22  
 1367   13.4  0.5  0.5  Intron3         5286  5487 (1760) + Bov-tA2    SINE/tRNA-Core-RTE      5    206    (6)  23  
 1080   17.6  2.1  0.5  Intron3         5609  5802 (1445) C Bov-tA2    SINE/tRNA-Core-RTE   (12)    200      4  24  
  191   33.9  9.4  0.0  Intron3         6187  6313  (934) + MIRc       SINE/MIR              130    268    (0)  25  
 1719   10.4  0.0  5.5  Intron3         6417  6702  (545) C BOV-A2     SINE/Core-RTE         (1)    271      1  26  
  483   21.5  1.1  0.0  Intron3         6703  6792  (455) C Bov-tA1    SINE/tRNA-Core-RTE  (131)     96      6  27  
 1757   26.6 12.4  2.8  Intron4           42   902 (1932) + L2         LINE/L2              1013   1954 (1465)  28  
  976   27.0 12.2  5.8  Intron4          961  1151 (1683) + L2         LINE/L2              2082   2255 (1164)  28  
  672   21.0  0.8  0.0  Intron4         1152  1275 (1559) C SINE2-2_BT SINE/tRNA             (0)    125      1  29  
  976   27.0 12.2  5.8  Intron4         1276  1684 (1150) + L2         LINE/L2              2256   2718  (701)  28  
  962   23.8 11.2  0.7  Up_flank_1K        1   258  (742) + MLT1A0     LTR/ERVL-MaLR          81    365    (0)  30  
  321   33.9  8.6  2.1  Up_flank_1K      264   483  (517) C MIRb       SINE/MIR             (25)    243     10  31  
