   SW   perc perc perc  query          position in query    matching   repeat               position in repeat
score   div. del. ins.  sequence       begin end   (left)   repeat     class/family       begin  end    (left)  ID

  369   15.9  3.2  0.0  Down_1K_flank    543   605  (395) C BOV-A2     SINE/Core-RTE       (157)    115     51   1  
 2022   10.7  0.3  1.4  Down_1K_flank    606   898  (102) C BovB_Oa    LINE/RTE-BovB        (77)   3182   2893   2  
 5801    6.2  0.1  0.2  Exon2            233   244  (873) C BovB       LINE/RTE-BovB         (0)   3847   3836   3  
  381   20.9  0.0  0.0  Exon2            245   311  (806) C Bov-tA3    SINE/tRNA-Core-RTE    (6)    207    141   4  
 5801    6.2  0.1  0.2  Exon2            312  1040   (77) C BovB       LINE/RTE-BovB         (0)   3835   3041   3  
   12    8.0  7.4  0.0  Exon3            180   206  (873) + (CAGTT)n   Simple_repeat           1     29    (0)   5  
 1702    8.7  0.0  0.0  Exon3            212   440  (639) C BovB       LINE/RTE-BovB        (66)   3781   3553   6  
 2273    5.2  0.4  0.0  Exon4             35   305  (187) C BOV-A2     SINE/Core-RTE         (0)    272      1   7  
  193   26.4  0.0  0.0  Intron1          941   993  (722) C L2a        LINE/L2               (1)   3425   3373   8  
  280   31.7  7.4  5.3  Intron1         1120  1322  (393) + Tigger15a  DNA/TcMar-Tigger      121    327  (388)   9  
  225   24.8  8.6  2.2  Intron1         1346  1473  (242) + Tigger10   DNA/TcMar-Tigger     1837   1972  (126)  10  
  256   26.8  0.0  2.3  Intron1         1532  1619   (96) + Tigger15a  DNA/TcMar-Tigger      572    657   (58)  11  
  313   30.2 15.6  3.9  Intron2          340   633 (2212) C L2b        LINE/L2             (218)   3157   2833  12  
  339   28.9  5.6  2.5  Intron2          672   866 (1979) + Tigger15a  DNA/TcMar-Tigger       68    268  (447)  13  
   12    7.9  7.4  0.0  Intron2         1524  1550 (1295) + A-rich     Low_complexity          1     29    (0)  14  
  666   23.8  8.3  3.3  Intron2         1696  1899  (946) + MER58C     DNA/hAT-Charlie         2    215    (0)  15  
   12    8.0  7.4  0.0  Intron2         2556  2582  (263) + (CAGTT)n   Simple_repeat           1     29    (0)  16  
 1702    8.7  0.0  0.0  Intron2         2588  2816   (29) C BovB       LINE/RTE-BovB        (66)   3781   3553  17  
   16    0.0  0.0  0.0  Intron3         1075  1091 (6546) + (A)n       Simple_repeat           1     17    (0)  18  
  519   26.9  0.7  2.0  Intron3         2547  2698 (4939) C MER5A1     DNA/hAT-Charlie       (0)    166     17  19  
  252   32.4  8.5  4.7  Intron3         3029  3193 (4444) C L2         LINE/L2             (835)   2584   2414  20  
  656   18.6  0.8  0.0  Intron3         3301  3418 (4219) + Bov-tA2    SINE/tRNA-Core-RTE      5    123   (89)  21  
 1236    9.3  8.2  0.0  Intron3         3419  3601 (4036) + Bov-tA2    SINE/tRNA-Core-RTE      5    202   (10)  22  
  973   13.8  0.0  0.0  Intron3         4774  4911 (2726) C BOV-A2     SINE/Core-RTE       (134)    138      1  23 *
  974    8.1  0.0  0.0  Intron3         4791  4913 (2724) C Bov-tA3    SINE/tRNA-Core-RTE    (0)    213     91  24  
  222   32.6  6.7  0.0  Intron3         5202  5290 (2347) C MIRc       SINE/MIR            (165)    103      9  25  
 1325   13.8  0.5  1.0  Intron3         5481  5685 (1952) + Bov-tA2    SINE/tRNA-Core-RTE      5    208    (4)  26  
 1163   15.5  2.1  0.5  Intron3         5802  5995 (1642) C Bov-tA2    SINE/tRNA-Core-RTE   (12)    200      4  27  
 1236   18.1  0.9  0.5  Intron3         6647  6868  (769) C Bov-tA1    SINE/tRNA-Core-RTE    (0)    227      5  28  
 2273    5.2  0.4  0.0  Intron3         7366  7636    (1) C BOV-A2     SINE/Core-RTE         (0)    272      1  29  
 1732   27.1 12.9  2.3  Intron4           59   895 (2094) + L2         LINE/L2              1031   1954 (1465)  30  
 1059   25.5 12.7  4.4  Intron4          954  1133 (1856) + L2         LINE/L2              2082   2252 (1167)  30  
  654   21.5  0.8  0.0  Intron4         1134  1254 (1735) C SINE2-2_BT SINE/tRNA             (3)    122      1  31  
 1059   25.5 12.7  4.4  Intron4         1255  1663 (1326) + L2         LINE/L2              2253   2717  (702)  30  
 2048    9.0  0.8  0.0  Intron4         2328  2595  (394) + BOV-A2     SINE/Core-RTE           1    270    (2)  32  
  711   21.8 18.9  0.8  Up_1K_flank        2   218  (782) + MLT1A0     LTR/ERVL-MaLR         110    365    (0)  33  
  312   35.0 12.2  0.8  Up_1K_flank      223   444  (556) C MIRb       SINE/MIR             (13)    255      9  34  
