   SW   perc perc perc  query          position in query    matching   repeat               position in repeat
score   div. del. ins.  sequence       begin end   (left)   repeat     class/family       begin  end    (left)  ID

   15   17.9  0.0  0.0  Down_1K_flank    140   171  (829) + A-rich     Low_complexity          1     32    (0)   1  
  215   36.4  7.3  0.0  Down_1K_flank    388   497  (503) C L2d2       LINE/L2              (24)   3440   3323   2  
  371   18.8  0.0  1.4  Down_1K_flank    503   572  (428) C Bov-tA2    SINE/tRNA-Core-RTE    (4)    208    140   3  
 1926   11.8  0.7  1.7  Down_1K_flank    573   865  (135) C BovB_Oa    LINE/RTE-BovB        (77)   3182   2893   4  
 5946    6.3  0.0  0.0  Exon2            238   249  (872) C BovB       LINE/RTE-BovB         (0)   3847   3836   5  
  383   20.9  0.0  0.0  Exon2            250   316  (805) C Bov-tA3    SINE/tRNA-Core-RTE    (6)    207    141   6  
 5946    6.3  0.0  0.0  Exon2            317  1050   (71) C BovB       LINE/RTE-BovB         (0)   3835   3035   5  
 1747    7.4 14.8  0.0  Exon3            184   440  (659) C BovB       LINE/RTE-BovB         (0)   3847   3553   7  
 2075    3.9  5.4  0.0  Exon4             37   294  (187) C BOV-A2     SINE/Core-RTE         (0)    272      1   8  
   16    0.0  0.0  0.0  Intron1          895   911 (1721) + (A)n       Simple_repeat           1     17    (0)   9  
 1825   10.1  3.5  0.4  Intron1          914  1172 (1460) C L1-2_BT    LINE/L1               (0)   2015   1749  10  
  224   25.9  8.6  3.3  Intron1         1537  1652  (980) C L2a        LINE/L2               (0)   3426   3305  11  
  182   28.3  0.0  0.0  Intron1         1863  1915  (717) C L2a        LINE/L2               (1)   3425   3373  12  
  270   33.1  7.8  2.6  Intron1         2064  2243  (389) + Tigger15a  DNA/TcMar-Tigger      139    327  (388)  13  
  244   25.9  0.0  4.4  Intron1         2438  2539   (93) + Tigger10   DNA/TcMar-Tigger     1943   2028   (70)  14  
  290   30.1 15.6  4.0  Intron2          330   632 (2821) C L2b        LINE/L2             (208)   3167   2833  15  
  226   30.6  7.8  2.5  Intron2          671   861 (2592) + Tigger15a  DNA/TcMar-Tigger       68    268  (447)  16  
 2368   19.1  1.8  1.9  Intron2         1383  1505 (1948) + L1_BT      LINE/L1              7763   7895  (495)  17  
  228   23.1  0.0  0.0  Intron2         1506  1557 (1896) C BTLTR1J    LTR/ERVK            (317)    281    230  18  
 2368   19.1  1.8  1.9  Intron2         1558  2006 (1447) + L1_BT      LINE/L1              7896   8385    (5)  17  
  642   23.0  9.3  4.2  Intron2         2334  2537  (916) + MER58C     DNA/hAT-Charlie         2    215    (0)  19  
 1729    7.5 14.9  0.0  Intron2         3199  3453    (0) C BovB       LINE/RTE-BovB         (0)   3847   3555  20  
  567   27.3  0.7  0.7  Intron3         2547  2701 (4735) C MER5A1     DNA/hAT-Charlie       (0)    166     12  21  
  308   29.2  8.5  4.7  Intron3         3030  3194 (4242) C L2         LINE/L2             (835)   2584   2414  22  
  723   18.5  0.0  0.0  Intron3         3302  3420 (4016) + Bov-tA2    SINE/tRNA-Core-RTE      5    123   (89)  23  
 1206   10.3  7.9  2.0  Intron3         3421  3609 (3827) + Bov-tA2    SINE/tRNA-Core-RTE      5    204    (8)  24  
  200   31.8  7.9  1.1  Intron3         5048  5136 (2300) C MIRc       SINE/MIR            (165)    103      9  25  
 1265   13.9  1.0  1.0  Intron3         5327  5530 (1906) + Bov-tA2    SINE/tRNA-Core-RTE      5    208    (4)  26  
 1148   15.5  2.0  1.0  Intron3         5637  5838 (1598) C Bov-tA2    SINE/tRNA-Core-RTE    (5)    207      4  27  
 1347   15.7  0.9  0.5  Intron3         6497  6714  (722) C Bov-tA1    SINE/tRNA-Core-RTE    (3)    224      6  28  
 2075    3.9  5.4  0.0  Intron3         7178  7435    (1) C BOV-A2     SINE/Core-RTE         (0)    272      1  29  
 1604   28.1 12.6  2.3  Intron4           42   897 (2084) + L2         LINE/L2              1013   1954 (1465)  30  
  944   25.4 14.4  4.7  Intron4          956  1136 (1845) + L2         LINE/L2              2082   2252 (1167)  30  
  693   19.8  1.6  0.0  Intron4         1137  1257 (1724) C SINE2-2_BT SINE/tRNA             (2)    123      1  31  
  944   25.4 14.4  4.7  Intron4         1258  1658 (1323) + L2         LINE/L2              2253   2717  (702)  30  
 2003    9.7  0.8  0.0  Intron4         2319  2586  (395) + BOV-A2     SINE/Core-RTE           1    270    (2)  32  
  751   22.1 14.3  0.8  Up_1K_flank        4   213  (787) + MLT1A0     LTR/ERVL-MaLR         128    365    (0)  33  
  363   31.4 13.7  0.8  Up_1K_flank      219   439  (561) C MIRb       SINE/MIR             (12)    250      9  34  
