   SW   perc perc perc  query           position in query    matching   repeat               position in repeat
score   div. del. ins.  sequence        begin end   (left)   repeat     class/family       begin  end    (left)  ID

   12   21.6  0.0  0.0  Down_1Kb_flank    136   167  (833) + A-rich     Low_complexity          1     32    (0)   1  
  417   13.8  0.0  0.0  Down_1Kb_flank    548   612  (388) C BOV-A2     SINE/Core-RTE       (157)    115     51   2  
 1999   11.4  0.3  1.4  Down_1Kb_flank    613   905   (95) C BovB_Oa    LINE/RTE-BovB        (77)   3182   2893   3  
 6015    5.5  0.2  0.0  Exon2             234   250  (865) C BovB       LINE/RTE-BovB         (0)   3847   3830   4  
  345   21.0  0.0  0.0  Exon2             251   312  (803) C BOV-A2     SINE/Core-RTE       (162)    110     49   5  
 6015    5.5  0.2  0.0  Exon2             313  1038   (77) C BovB       LINE/RTE-BovB         (0)   3829   3041   4  
 1678    8.5 14.8  0.0  Exon3             184   440  (658) C BovB       LINE/RTE-BovB         (0)   3847   3553   6  
 1859    9.4  5.2  0.4  Intron1           900  1167 (1462) C L1-2_BT    LINE/L1               (0)   2015   1735   7  
  239   25.9  8.6  3.3  Intron1          1531  1646  (983) C L2a        LINE/L2               (0)   3426   3305   8  
  182   25.0  1.9  0.0  Intron1          1857  1908  (721) C L2a        LINE/L2               (1)   3425   3373   9  
  315   31.6  6.9  4.8  Intron1          2035  2237  (392) + Tigger15a  DNA/TcMar-Tigger      121    327  (388)  10  
  238   24.6  8.5  2.2  Intron1          2261  2389  (240) + Tigger10   DNA/TcMar-Tigger     1837   1973  (125)  11  
  248   26.4  0.0  4.3  Intron1          2430  2533   (96) + Tigger10   DNA/TcMar-Tigger     1941   2028   (70)  12  
  307   29.7 15.6  4.0  Intron2           331   633 (2184) C L2b        LINE/L2             (208)   3167   2833  13  
  373   32.1 12.5  2.9  Intron2           672  1046 (1771) + Tigger15a  DNA/TcMar-Tigger       68    477  (238)  14  
   14   22.0  0.0  0.0  Intron2          1047  1083 (1734) + (AAGTTAA)n Simple_repeat           1     37    (0)  15  
  652   24.3  8.3  3.3  Intron2          1697  1900  (917) + MER58C     DNA/hAT-Charlie         2    215    (0)  16  
 1660    8.6 14.9  0.0  Intron2          2563  2817    (0) C BovB       LINE/RTE-BovB         (0)   3847   3555  17  
  180   27.7  0.0 17.2  Intron3           301   409 (7230) C MIRb       SINE/MIR             (58)    210    118  18  
  599   24.7  0.6  1.9  Intron3          2542  2698 (4941) C MER5A1     DNA/hAT-Charlie       (0)    166     12  19  
  274   31.2  8.5  4.7  Intron3          3027  3191 (4448) C L2         LINE/L2             (835)   2584   2414  20  
  741   16.0  0.0  0.0  Intron3          3299  3417 (4222) + Bov-tA2    SINE/tRNA-Core-RTE      5    123   (89)  21  
 1242   10.8  8.1  0.0  Intron3          3418  3602 (4037) + Bov-tA2    SINE/tRNA-Core-RTE      5    204    (8)  22  
  998   11.7  0.7  0.0  Intron3          4771  4907 (2732) C BOV-A2     SINE/Core-RTE       (134)    138      1  23 *
 1015    6.5  0.0  0.0  Intron3          4787  4909 (2730) C Bov-tA3    SINE/tRNA-Core-RTE    (0)    213     91  24  
  221   33.7  6.7  0.0  Intron3          5192  5280 (2359) C MIRc       SINE/MIR            (165)    103      9  25  
 1345   13.3  0.5  1.0  Intron3          5471  5675 (1964) + Bov-tA2    SINE/tRNA-Core-RTE      5    208    (4)  26  
 1157   15.0  2.1  0.5  Intron3          5792  5985 (1654) C Bov-tA2    SINE/tRNA-Core-RTE   (12)    200      4  27  
   17    5.0  0.0  0.0  Intron3          6248  6268 (1371) + (A)n       Simple_repeat           1     21    (0)  28  
  203   31.8 13.7  2.0  Intron3          6629  6645  (994) C MIR        SINE/MIR             (50)    212    197  29  
 1278   16.5  0.9  0.5  Intron3          6646  6864  (775) C Bov-tA1    SINE/tRNA-Core-RTE    (3)    224      5  30  
  203   31.8 13.7  2.0  Intron3          6865  7029  (610) C MIR        SINE/MIR             (66)    196     10  29  
 2313    4.4  0.0  0.0  Intron3          7367  7638    (1) C BOV-A2     SINE/Core-RTE         (0)    272      1  31  
 1539   29.2 13.3  2.1  Intron4            55   886 (2091) + L2         LINE/L2              1031   1954 (1465)  32  
 1043   26.4 12.7  4.2  Intron4           945  1123 (1854) + L2         LINE/L2              2082   2252 (1167)  32  
  552   24.2  2.5  0.0  Intron4          1124  1243 (1734) C SINE2-2_BT SINE/tRNA             (2)    123      1  33  
 1043   26.4 12.7  4.2  Intron4          1244  1652 (1325) + L2         LINE/L2              2253   2717  (702)  32  
 2031    9.1  0.8  0.0  Intron4          2320  2584  (393) + BOV-A2     SINE/Core-RTE           1    267    (5)  34  
  733   21.7 14.8  0.8  Up_1Kb_flank        9   217  (783) + MLT1A0     LTR/ERVL-MaLR         128    365    (0)  35  
  327   33.1 10.7  0.9  Up_1Kb_flank      223   443  (557) C MIRb       SINE/MIR             (12)    250      9  36  
