   SW   perc perc perc  query             position in query    matching repeat               position in repeat
score   div. del. ins.  sequence          begin end   (left)   repeat   class/family       begin  end    (left)  ID

  413   23.2  8.1  0.7  Down_1Kb_flank      238   437  (563) + CHR-2_BT SINE/tRNA               1    224   (99)   1  
   19   21.7  0.0  0.0  Down_1Kb_flank      535   572  (428) + A-rich   Low_complexity          1     38    (0)   2  
  355   31.1  6.4  2.9  Down_1Kb_flank      765   999    (1) C L2c      LINE/L2              (37)   3350   3108   3  
   27    8.7  0.0  0.0  Intron123_Exon23   1604  1640 (5165) + (A)n     Simple_repeat           1     37    (0)   4  
  489   28.1  0.0  2.9  Intron123_Exon23   2012  2154 (4651) C MER5A1   DNA/hAT-Charlie      (27)    139      1   5  
  309   35.6  8.9  4.5  Intron123_Exon23   2157  2627 (4178) C L2       LINE/L2             (515)   2904   2414   6  
  258   27.4  8.3  0.0  Intron123_Exon23   4101  4184 (2621) C MIRc     SINE/MIR            (170)     98      8   7  
  304   17.3  1.9  0.0  Intron123_Exon23   4369  4420 (2385) + CHR-2A   SINE/tRNA               1     53  (269)   8 *
 1016   14.1  1.3  0.0  Intron123_Exon23   4417  4572 (2233) C Bov-tA2  SINE/tRNA-Core-RTE   (51)    161      4   9  
   16    0.0  0.0  0.0  Intron123_Exon23   4837  4854 (1951) + (A)n     Simple_repeat           1     18    (0)  10  
   12   15.3  3.5  0.0  Intron123_Exon23   5467  5495 (1310) + (TTAT)n  Simple_repeat           1     30    (0)  11  
  681   25.0 14.5  0.8  Intron123_Exon23   5507  5720 (1085) C CHR-2B   SINE/tRNA            (80)    243      1  12  
  628   21.1 15.6  3.4  Intron123_Exon23   5838  6023  (782) C Bov-tA1  SINE/tRNA-Core-RTE    (0)    227     20  13  
  569   26.4 12.9  0.4  Intron123_Exon23   6495  6696  (109) C CHR-2A   SINE/tRNA            (95)    227      1  14  
   12   24.3  0.0  0.0  Intron123_Exon23   6765  6798    (7) + (TTCT)n  Simple_repeat           1     34    (0)  15  
   15   19.9  0.0  0.0  Intron5             229   263  (899) + (TTTA)n  Simple_repeat           1     35    (0)  16  
  600   23.2 12.5  0.9  Intron5             364   563  (599) C CHR-2A   SINE/tRNA            (98)    224      2  17  
  718   23.8 13.7  0.8  Up_1Kb_flank         10   221  (779) + MLT1A0   LTR/ERVL-MaLR         127    365    (0)  18  
  321   34.8  8.0  2.1  Up_1Kb_flank        222   447  (553) C MIRb     SINE/MIR             (21)    247      9  19  
