   SW   perc perc perc  query          position in query    matching   repeat               position in repeat
score   div. del. ins.  sequence       begin end   (left)   repeat     class/family       begin  end    (left)  ID

  208   35.9  4.6  0.0  Down_1K_flank    419   528  (472) C L2c        LINE/L2              (24)   3440   3266   1  
  422   14.5  0.0  1.4  Down_1K_flank    534   603  (397) C Bov-tA2    SINE/tRNA-Core-RTE    (4)    208    140   2  
 1751   10.5  0.3 11.4  Down_1K_flank    604   905   (95) C BovB_Oa    LINE/RTE-BovB        (77)   3182   2911   3  
 1088    6.0  0.0  0.0  Exon4             37   169  (770) C BOV-A2     SINE/Core-RTE         (0)    272    140   4  
 2639    9.2  0.0  0.0  Exon4            170   526  (413) + BovB       LINE/RTE-BovB        3412   3833   (14)   5  
  392   21.7  0.0  0.0  Exon4            527   595  (344) + Bov-tA2    SINE/tRNA-Core-RTE    138    206    (6)   6  
 1228    5.6  0.0  0.0  Exon4            610   752  (187) C BOV-A2     SINE/Core-RTE       (129)    143      1   7  
   16    0.0  0.0  0.0  Intron1          883   899 (1753) + (A)n       Simple_repeat           1     17    (0)   8  
 1940   10.1  3.2  0.0  Intron1          902  1178 (1474) C L1-2_BT    LINE/L1               (0)   2015   1730   9  
  278   23.6  9.9  5.6  Intron1         1531  1651 (1001) C L2a        LINE/L2               (4)   3422   3297  10  
  203   32.9  4.7  1.1  Intron1         1873  1958  (694) C L2a        LINE/L2               (1)   3425   3337  11  
  237   35.0 16.7  0.4  Intron2          430   644 (2206) C L2         LINE/L2             (337)   3082   2833  12  
  277   27.2  4.3  0.0  Intron2          681   772 (2078) + Tigger15a  DNA/TcMar-Tigger       68    163  (552)  13  
 2203    5.3  0.0  0.0  Intron2          806  1071 (1779) + BOV-A2     SINE/Core-RTE           1    266    (6)  14  
  738    3.5  0.0  0.0  Intron2         1300  1386 (1464) + BOV-A2     SINE/Core-RTE         180    266    (6)  15  
   18    0.0  4.3  0.0  Intron2         1456  1478 (1372) + (TA)n      Simple_repeat           1     24    (0)  16  
  187   29.2  6.9  0.0  Intron2         1808  1879  (971) C MIRb       SINE/MIR             (21)    247    171  17  
  512   27.4  8.3  3.7  Intron2         2167  2371  (479) + MER58C     DNA/hAT-Charlie         2    215    (0)  18  
  521   27.9  0.6  1.9  Intron3         2555  2711 (4634) C MER5A1     DNA/hAT-Charlie       (0)    166     12  19  
  218   31.6 10.7  4.5  Intron3         2957  3125 (4220) C L2         LINE/L2             (804)   2615   2437  20  
 1053    4.8  0.0  0.0  Intron3         3131  3256 (4089) + BOV-A2     SINE/Core-RTE         142    267    (5)  21  
  578   16.7 10.2  0.0  Intron3         3379  3486 (3859) + Bov-tA2    SINE/tRNA-Core-RTE      5    123   (89)  22  
 1300    8.1  8.1  0.0  Intron3         3487  3671 (3674) + Bov-tA2    SINE/tRNA-Core-RTE      5    204    (8)  23  
  242   32.1  6.2  2.6  Intron3         5078  5189 (2156) C MIRc       SINE/MIR            (144)    124      9  24  
 1340   14.4  0.5  0.5  Intron3         5381  5582 (1763) + Bov-tA2    SINE/tRNA-Core-RTE      5    206    (6)  25  
 1114   16.5  2.0  2.0  Intron3         5695  5898 (1447) C Bov-tA2    SINE/tRNA-Core-RTE    (5)    207      4  26  
 1685    9.4  1.1  6.6  Intron3         6513  6798  (547) C BOV-A2     SINE/Core-RTE         (1)    271      1  27  
  483   21.5  1.1  0.0  Intron3         6799  6888  (457) C Bov-tA1    SINE/tRNA-Core-RTE  (131)     96      6  28  
 1769   26.8 12.5  2.5  Intron4           42   900 (1918) + L2         LINE/L2              1013   1954 (1465)  29  
 1015   27.8 12.4  3.8  Intron4          959  1136 (1682) + L2         LINE/L2              2082   2251 (1168)  29  
  700   20.2  0.8  0.0  Intron4         1137  1260 (1558) C SINE2-2_BT SINE/tRNA             (0)    125      1  30  
 1015   27.8 12.4  3.8  Intron4         1261  1669 (1149) + L2         LINE/L2              2252   2717  (702)  29  
  998   23.1 11.1  0.7  Up_1K_flank        1   261  (739) + MLT1A0     LTR/ERVL-MaLR          78    365    (0)  31  
  338   34.2  8.6  2.1  Up_1K_flank      267   487  (513) C MIRb       SINE/MIR             (25)    243      9  32  
