Condylura_cristata 1
Condylura_cristata 2
Condylura_cristata 3
Condylura_cristata 4
Condylura_cristata 5
Condylura_cristata 6
Condylura_cristata 7
Condylura_cristata 8
Condylura_cristata 9
Condylura_cristata 10
Erinaceus_europaeus 1
Erinaceus_europaeus 2
Erinaceus_europaeus 3
Erinaceus_europaeus 4
Erinaceus_europaeus 5
Erinaceus_europaeus 6
Erinaceus_europaeus 7
Erinaceus_europaeus 8
Erinaceus_europaeus 9
Erinaceus_europaeus 10
Sorex_araneus 1
Sorex_araneus 2
Sorex_araneus 3
Sorex_araneus 4
Sorex_araneus 5
Sorex_araneus 6
Sorex_araneus 7

Check errors.log for execution error details.
Sorex_araneus 8
Sorex_araneus 9
Sorex_araneus 10
Sorex_fumeus 1
Sorex_fumeus 2
Sorex_fumeus 3
Sorex_fumeus 4
Sorex_fumeus 5
Sorex_fumeus 6
Sorex_fumeus 7
Sorex_fumeus 8
Sorex_fumeus 9
Sorex_fumeus 10
