
 15         verbose | verbose                1.00
  7         runmode | runmode                0.00
  4         seqtype | seqtype                1.00
 13       CodonFreq | CodonFreq              2.00
  9           clock | clock                  0.00
 18          aaDist | aaDist                 0.00
 16           model | model                  2.00
 20         NSsites | NSsites                0.00
 22           icode | icode                  0.00
 24       fix_kappa | fix_kappa              0.00
 25           kappa | kappa                  2.00
 26       fix_omega | fix_omega              0.00
 27           omega | omega                  0.50
  6       cleandata | cleandata              1.00
CODONML in paml version 4.9f, October 2017

----------------------------------------------
Phe F TTT | Ser S TCT | Tyr Y TAT | Cys C TGT
      TTC |       TCC |       TAC |       TGC
Leu L TTA |       TCA | *** * TAA | *** * TGA
      TTG |       TCG |       TAG | Trp W TGG
----------------------------------------------
Leu L CTT | Pro P CCT | His H CAT | Arg R CGT
      CTC |       CCC |       CAC |       CGC
      CTA |       CCA | Gln Q CAA |       CGA
      CTG |       CCG |       CAG |       CGG
----------------------------------------------
Ile I ATT | Thr T ACT | Asn N AAT | Ser S AGT
      ATC |       ACC |       AAC |       AGC
      ATA |       ACA | Lys K AAA | Arg R AGA
Met M ATG |       ACG |       AAG |       AGG
----------------------------------------------
Val V GTT | Ala A GCT | Asp D GAT | Gly G GGT
      GTC |       GCC |       GAC |       GGC
      GTA |       GCA | Glu E GAA |       GGA
      GTG |       GCG |       GAG |       GGG
----------------------------------------------
Nice code, uuh?


Ambiguity character definition table:

T (1): T 
C (1): C 
A (1): A 
G (1): G 
U (1): T 
Y (2): T C 
R (2): A G 
M (2): C A 
K (2): T G 
S (2): C G 
W (2): T A 
H (3): T C A 
B (3): T C G 
V (3): C A G 
D (3): T A G 
- (4): T C A G 
N (4): T C A G 
? (4): T C A G 
ns = 39  	ls = 2787
Reading sequences, sequential format..
Reading seq # 1: Acomys_russatus       
Reading seq # 2: Alexandromys_fortis       
Reading seq # 3: Apodemus_sylvaticus       
Reading seq # 4: Arvicanthis_niloticus       
Reading seq # 5: Arvicola_amphibius       
Reading seq # 6: Chionomys_nivalis       
Reading seq # 7: Cricetulus_griseus       
Reading seq # 8: Dipodomys_merriami       
Reading seq # 9: Dipodomys_ordii       
Reading seq #10: Dipodomys_spectabilis       
Reading seq #11: Fukomys_damarensis       
Reading seq #12: Grammomys_surdaster       
Reading seq #13: Heterocephalus_glaber       
Reading seq #14: Ictidomys_tridecemlineatus       
Reading seq #15: Marmota_flaviventris       
Reading seq #16: Marmota_marmota       
Reading seq #17: Marmota_monax       
Reading seq #18: Mastomys_coucha       
Reading seq #19: Meriones_unguiculatus       
Reading seq #20: Mesocricetus_auratus       
Reading seq #21: Microtus_ochrogaster       
Reading seq #22: Microtus_oregoni       
Reading seq #23: Mus_caroli       
Reading seq #24: Mus_musculus       
Reading seq #25: Mus_pahari       
Reading seq #26: Myodes_glareolus       
Reading seq #27: Nannospalax_galili       
Reading seq #28: Onychomys_torridus       
Reading seq #29: Perognathus_longimembris       
Reading seq #30: Peromyscus_californicus       
Reading seq #31: Peromyscus_eremicus       
Reading seq #32: Peromyscus_maniculatus       
Reading seq #33: Phodopus_roborovskii       
Reading seq #34: Psammomys_obesus       
Reading seq #35: Rattus_norvegicus       
Reading seq #36: Sciurus_carolinensis       
Reading seq #37: Urocitellus_parryii       
Reading seq #38: Oryctolagus_cuniculus       
Reading seq #39: Lepus_europaeus       

Sites with gaps or missing data are removed.

    12 ambiguity characters in seq. 1
     6 ambiguity characters in seq. 2
     6 ambiguity characters in seq. 3
     3 ambiguity characters in seq. 4
     6 ambiguity characters in seq. 5
     6 ambiguity characters in seq. 6
     3 ambiguity characters in seq. 7
     9 ambiguity characters in seq. 8
     9 ambiguity characters in seq. 9
     9 ambiguity characters in seq. 10
     3 ambiguity characters in seq. 11
     3 ambiguity characters in seq. 12
     6 ambiguity characters in seq. 13
     3 ambiguity characters in seq. 14
     3 ambiguity characters in seq. 15
     3 ambiguity characters in seq. 16
     3 ambiguity characters in seq. 17
    27 ambiguity characters in seq. 18
    18 ambiguity characters in seq. 19
     3 ambiguity characters in seq. 20
     6 ambiguity characters in seq. 21
     6 ambiguity characters in seq. 22
     3 ambiguity characters in seq. 23
     3 ambiguity characters in seq. 24
     3 ambiguity characters in seq. 25
     6 ambiguity characters in seq. 26
     3 ambiguity characters in seq. 27
    15 ambiguity characters in seq. 28
     9 ambiguity characters in seq. 29
     3 ambiguity characters in seq. 30
     3 ambiguity characters in seq. 31
     3 ambiguity characters in seq. 32
     3 ambiguity characters in seq. 33
    18 ambiguity characters in seq. 34
     3 ambiguity characters in seq. 35
     3 ambiguity characters in seq. 36
     5 ambiguity characters in seq. 37
     6 ambiguity characters in seq. 38
     6 ambiguity characters in seq. 39
22 sites are removed.   7  8  9 10 12 351 397 424 489 879 890 891 892 893 894 895 896 897 906 907 908 909
Sequences read..
Counting site patterns..  0:00
Compressing,    861 patterns at    907 /    907 sites (100.0%),  0:00
Collecting fpatt[] & pose[],    861 patterns at    907 /    907 sites (100.0%),  0:00
Counting codons..

     5928 bytes for distance
   840336 bytes for conP
140734842601328 bytes for fhK
  5000000 bytes for space

2 branch types are in tree. Stop if wrong.
TREE #  1
(1, (((((((2, (21, 22)), 6), 5), 26), (((7, 20), 33), (28, ((30, 31), 32)))), (27, ((((((14, 16), 37), (15, 17)), 36), (38, 39)), ((11, 13), (((8, 9), 10), 29))))), ((((3, 18), ((23, 24), 25)), (4, 12)), 35)), (19, 34));   MP score: 3510
 15546216 bytes for conP, adjusted

1 node(s) used for scaling (Yang 2000 J Mol Evol 51:423-432):
 42

    0.050117    0.044277    0.073590    0.095672    0.105998    0.097906    0.106254    0.102370    0.011863    0.017471    0.096180    0.090112    0.078212    0.023857    0.024990    0.048650    0.018866    0.058443    0.037369    0.043140    0.030288    0.103645    0.046112    0.047340    0.076659    0.059620    0.023404    0.029057    0.060399    0.013064    0.045513    0.061266    0.032837    0.109026    0.033093    0.107366    0.074692    0.011695    0.104278    0.103979    0.051076    0.015089    0.032759    0.039759    0.020691    0.039580    0.078023    0.103623    0.053911    0.025198    0.029956    0.050862    0.089445    0.107653    0.084980    0.010553    0.034254    0.038003    0.045928    0.032726    0.086425    0.081919    0.012833    0.048704    0.035671    0.109473    0.106820    0.093071    0.071171    0.061388    0.044302    0.010702    0.101405    0.052700    0.053640    0.474553    0.511394    0.479497

ntime & nrate & np:    75     3    78

Bounds (np=78):
   0.000004   0.000004   0.000004   0.000004   0.000004   0.000004   0.000004   0.000004   0.000004   0.000004   0.000004   0.000004   0.000004   0.000004   0.000004   0.000004   0.000004   0.000004   0.000004   0.000004   0.000004   0.000004   0.000004   0.000004   0.000004   0.000004   0.000004   0.000004   0.000004   0.000004   0.000004   0.000004   0.000004   0.000004   0.000004   0.000004   0.000004   0.000004   0.000004   0.000004   0.000004   0.000004   0.000004   0.000004   0.000004   0.000004   0.000004   0.000004   0.000004   0.000004   0.000004   0.000004   0.000004   0.000004   0.000004   0.000004   0.000004   0.000004   0.000004   0.000004   0.000004   0.000004   0.000004   0.000004   0.000004   0.000004   0.000004   0.000004   0.000004   0.000004   0.000004   0.000004   0.000004   0.000004   0.000004   0.000100   0.000100   0.000100
  50.000000  50.000000  50.000000  50.000000  50.000000  50.000000  50.000000  50.000000  50.000000  50.000000  50.000000  50.000000  50.000000  50.000000  50.000000  50.000000  50.000000  50.000000  50.000000  50.000000  50.000000  50.000000  50.000000  50.000000  50.000000  50.000000  50.000000  50.000000  50.000000  50.000000  50.000000  50.000000  50.000000  50.000000  50.000000  50.000000  50.000000  50.000000  50.000000  50.000000  50.000000  50.000000  50.000000  50.000000  50.000000  50.000000  50.000000  50.000000  50.000000  50.000000  50.000000  50.000000  50.000000  50.000000  50.000000  50.000000  50.000000  50.000000  50.000000  50.000000  50.000000  50.000000  50.000000  50.000000  50.000000  50.000000  50.000000  50.000000  50.000000  50.000000  50.000000  50.000000  50.000000  50.000000  50.000000 999.000000 999.000000 999.000000

np =    78
lnL0 = -26886.173220

Iterating by ming2
Initial: fx= 26886.173220
x=  0.05012  0.04428  0.07359  0.09567  0.10600  0.09791  0.10625  0.10237  0.01186  0.01747  0.09618  0.09011  0.07821  0.02386  0.02499  0.04865  0.01887  0.05844  0.03737  0.04314  0.03029  0.10364  0.04611  0.04734  0.07666  0.05962  0.02340  0.02906  0.06040  0.01306  0.04551  0.06127  0.03284  0.10903  0.03309  0.10737  0.07469  0.01170  0.10428  0.10398  0.05108  0.01509  0.03276  0.03976  0.02069  0.03958  0.07802  0.10362  0.05391  0.02520  0.02996  0.05086  0.08945  0.10765  0.08498  0.01055  0.03425  0.03800  0.04593  0.03273  0.08642  0.08192  0.01283  0.04870  0.03567  0.10947  0.10682  0.09307  0.07117  0.06139  0.04430  0.01070  0.10140  0.05270  0.05364  0.47455  0.51139  0.47950

  1 h-m-p  0.0000 0.0000 16120.4193 ++    25190.611314  m 0.0000    83 | 0/78
  2 h-m-p  0.0000 0.0000 6624.8571 ++    24546.935926  m 0.0000   164 | 0/78
  3 h-m-p  0.0000 0.0000 28339.5360 ++    24141.628135  m 0.0000   245 | 0/78
  4 h-m-p  0.0000 0.0000 42568.3440 ++    24026.528531  m 0.0000   326 | 0/78
  5 h-m-p  0.0000 0.0000 48406.2752 ++    23778.444656  m 0.0000   407 | 0/78
  6 h-m-p  0.0000 0.0000 120184.7268 ++    23732.573511  m 0.0000   488 | 0/78
  7 h-m-p  0.0000 0.0000 18110.5587 ++    23539.283941  m 0.0000   569 | 0/78
  8 h-m-p  0.0000 0.0000 14909.2667 +YYYYYC 23409.089637  5 0.0000   656 | 0/78
  9 h-m-p  0.0000 0.0000 5476.9761 YCCCC 23323.101454  4 0.0000   744 | 0/78
 10 h-m-p  0.0000 0.0001 3410.0013 ++    23142.579793  m 0.0001   825 | 0/78
 11 h-m-p  0.0001 0.0003 2814.4098 YYCCC 23128.759791  4 0.0000   912 | 0/78
 12 h-m-p  0.0000 0.0000 7722.0862 +CCC  23068.605408  2 0.0000   998 | 0/78
 13 h-m-p  0.0000 0.0001 1274.2985 +YYYYCC 23037.570745  5 0.0001  1086 | 0/78
 14 h-m-p  0.0000 0.0001 1181.4906 YC    23019.703610  1 0.0001  1168 | 0/78
 15 h-m-p  0.0001 0.0003 743.3185 CCC   23012.409059  2 0.0001  1253 | 0/78
 16 h-m-p  0.0001 0.0003 387.7578 CCC   23009.027462  2 0.0001  1338 | 0/78
 17 h-m-p  0.0002 0.0020 181.0828 YCCC  23008.098327  3 0.0001  1424 | 0/78
 18 h-m-p  0.0001 0.0003 183.9926 YYC   23007.713684  2 0.0000  1507 | 0/78
 19 h-m-p  0.0001 0.0014  82.9949 CC    23007.325681  1 0.0001  1590 | 0/78
 20 h-m-p  0.0001 0.0020 175.1134 CCC   23006.909421  2 0.0001  1675 | 0/78
 21 h-m-p  0.0001 0.0017 168.0592 YC    23006.208587  1 0.0002  1757 | 0/78
 22 h-m-p  0.0001 0.0014 285.6706 +YYC  23004.192644  2 0.0003  1841 | 0/78
 23 h-m-p  0.0001 0.0003 1160.5251 YCYCCC 22999.304088  5 0.0001  1930 | 0/78
 24 h-m-p  0.0001 0.0003 509.3263 YCCC  22998.456403  3 0.0001  2016 | 0/78
 25 h-m-p  0.0003 0.0017  66.2433 CC    22998.285599  1 0.0001  2099 | 0/78
 26 h-m-p  0.0002 0.0038  38.5165 YC    22998.136648  1 0.0001  2181 | 0/78
 27 h-m-p  0.0002 0.0069  25.6726 YC    22997.472653  1 0.0005  2263 | 0/78
 28 h-m-p  0.0003 0.0045  41.6081 +YCC  22991.271738  2 0.0009  2348 | 0/78
 29 h-m-p  0.0002 0.0011 176.6096 YCCC  22966.022208  3 0.0004  2434 | 0/78
 30 h-m-p  0.0000 0.0002 347.6652 +CYCCC 22927.367008  4 0.0001  2523 | 0/78
 31 h-m-p  0.0000 0.0001 992.2949 YCCCC 22913.948036  4 0.0000  2611 | 0/78
 32 h-m-p  0.0000 0.0001 719.4321 YCCCC 22905.475382  4 0.0000  2699 | 0/78
 33 h-m-p  0.0000 0.0002 610.7854 CYC   22900.871475  2 0.0000  2783 | 0/78
 34 h-m-p  0.0000 0.0002 400.8073 CYC   22899.259221  2 0.0000  2867 | 0/78
 35 h-m-p  0.0000 0.0002 254.0679 YCC   22898.595821  2 0.0000  2951 | 0/78
 36 h-m-p  0.0000 0.0003 220.2616 YCC   22898.229598  2 0.0000  3035 | 0/78
 37 h-m-p  0.0000 0.0004 128.3281 YC    22898.097092  1 0.0000  3117 | 0/78
 38 h-m-p  0.0000 0.0011  78.1923 CC    22897.998967  1 0.0000  3200 | 0/78
 39 h-m-p  0.0001 0.0018  29.3850 YC    22897.957806  1 0.0001  3282 | 0/78
 40 h-m-p  0.0001 0.0052  25.8534 CC    22897.896215  1 0.0001  3365 | 0/78
 41 h-m-p  0.0001 0.0058  19.6117 YC    22897.611855  1 0.0003  3447 | 0/78
 42 h-m-p  0.0001 0.0009  57.1164 YCCC  22896.270794  3 0.0002  3533 | 0/78
 43 h-m-p  0.0001 0.0008 146.8883 YCC   22892.222566  2 0.0002  3617 | 0/78
 44 h-m-p  0.0001 0.0003 252.9121 +CYC  22871.824801  2 0.0003  3702 | 0/78
 45 h-m-p  0.0000 0.0002 1216.1937 YCCC  22843.138535  3 0.0001  3788 | 0/78
 46 h-m-p  0.0000 0.0001 2123.3983 +CYCCC 22774.242915  4 0.0001  3877 | 0/78
 47 h-m-p  0.0000 0.0000 1389.8192 +CYCC 22758.166649  3 0.0000  3964 | 0/78
 48 h-m-p  0.0000 0.0000 1786.3517 +YCCC 22751.741639  3 0.0000  4051 | 0/78
 49 h-m-p  0.0000 0.0000 964.7254 +YCCC 22746.109377  3 0.0000  4138 | 0/78
 50 h-m-p  0.0000 0.0000 1108.0635 CCC   22744.661229  2 0.0000  4223 | 0/78
 51 h-m-p  0.0000 0.0001 360.6724 CCC   22743.549238  2 0.0000  4308 | 0/78
 52 h-m-p  0.0000 0.0004 193.4233 CC    22743.004516  1 0.0000  4391 | 0/78
 53 h-m-p  0.0001 0.0008 103.4978 YC    22742.793240  1 0.0000  4473 | 0/78
 54 h-m-p  0.0001 0.0019  67.7177 CC    22742.636582  1 0.0001  4556 | 0/78
 55 h-m-p  0.0001 0.0033  41.9474 CC    22742.382957  1 0.0002  4639 | 0/78
 56 h-m-p  0.0002 0.0026  43.8765 YC    22741.588982  1 0.0003  4721 | 0/78
 57 h-m-p  0.0001 0.0004 164.3531 CC    22740.292602  1 0.0001  4804 | 0/78
 58 h-m-p  0.0001 0.0004 193.5008 YC    22736.887309  1 0.0001  4886 | 0/78
 59 h-m-p  0.0000 0.0002 164.3030 ++    22729.570731  m 0.0002  4967 | 0/78
 60 h-m-p  0.0000 0.0000 286.2489 
h-m-p:      3.94386652e-21      1.97193326e-20      2.86248934e+02 22729.570731
..  | 0/78
 61 h-m-p  0.0000 0.0000 7604.5523 YYYYC 22708.358952  4 0.0000  5130 | 0/78
 62 h-m-p  0.0000 0.0000 1818.8383 +CYYYC 22656.242204  4 0.0000  5217 | 0/78
 63 h-m-p  0.0000 0.0000 2763.5189 YCCC  22651.277875  3 0.0000  5303 | 0/78
 64 h-m-p  0.0000 0.0000 1394.7803 +YYCCC 22644.956839  4 0.0000  5391 | 0/78
 65 h-m-p  0.0000 0.0000 3747.8496 +YCCC 22634.927936  3 0.0000  5478 | 0/78
 66 h-m-p  0.0000 0.0000 2977.0090 YCCC  22621.064572  3 0.0000  5564 | 0/78
 67 h-m-p  0.0000 0.0000 1621.4053 +YYCCC 22608.474819  4 0.0000  5652 | 0/78
 68 h-m-p  0.0000 0.0001 1268.9609 YCCC  22600.254966  3 0.0000  5738 | 0/78
 69 h-m-p  0.0000 0.0001 1355.7107 YCC   22594.786483  2 0.0000  5822 | 0/78
 70 h-m-p  0.0000 0.0001 1136.5898 +YYCC 22585.057882  3 0.0001  5908 | 0/78
 71 h-m-p  0.0000 0.0001 1645.9874 YCCC  22571.748670  3 0.0001  5994 | 0/78
 72 h-m-p  0.0000 0.0001 2952.3434 +YCC  22558.057129  2 0.0000  6079 | 0/78
 73 h-m-p  0.0000 0.0002 2791.2662 +YCCC 22527.886198  3 0.0001  6166 | 0/78
 74 h-m-p  0.0000 0.0001 2603.5083 +YCCCC 22510.533599  4 0.0001  6255 | 0/78
 75 h-m-p  0.0000 0.0001 2170.5054 +CYC  22494.183370  2 0.0001  6340 | 0/78
 76 h-m-p  0.0000 0.0001 3191.7805 CCC   22481.691210  2 0.0000  6425 | 0/78
 77 h-m-p  0.0000 0.0001 1471.3321 YCCC  22473.516941  3 0.0001  6511 | 0/78
 78 h-m-p  0.0000 0.0002 907.3610 CCC   22469.994841  2 0.0000  6596 | 0/78
 79 h-m-p  0.0001 0.0003 488.2090 CYC   22467.549668  2 0.0001  6680 | 0/78
 80 h-m-p  0.0000 0.0002 445.7588 CC    22466.599004  1 0.0000  6763 | 0/78
 81 h-m-p  0.0001 0.0007 246.1869 CCC   22465.925170  2 0.0001  6848 | 0/78
 82 h-m-p  0.0001 0.0003 185.2628 YYC   22465.554483  2 0.0001  6931 | 0/78
 83 h-m-p  0.0000 0.0008 195.7344 YC    22465.372841  1 0.0000  7013 | 0/78
 84 h-m-p  0.0001 0.0017  68.2393 YC    22465.287167  1 0.0001  7095 | 0/78
 85 h-m-p  0.0001 0.0012  65.4354 C     22465.221982  0 0.0001  7176 | 0/78
 86 h-m-p  0.0001 0.0019  61.3834 YC    22465.185176  1 0.0001  7258 | 0/78
 87 h-m-p  0.0001 0.0067  30.5083 CC    22465.163776  1 0.0001  7341 | 0/78
 88 h-m-p  0.0001 0.0021  35.8827 C     22465.144584  0 0.0001  7422 | 0/78
 89 h-m-p  0.0001 0.0076  47.0491 YC    22465.103790  1 0.0001  7504 | 0/78
 90 h-m-p  0.0001 0.0029  68.5913 C     22465.064938  0 0.0001  7585 | 0/78
 91 h-m-p  0.0001 0.0036  79.7183 YC    22465.036076  1 0.0001  7667 | 0/78
 92 h-m-p  0.0001 0.0021  44.0963 YC    22465.021616  1 0.0001  7749 | 0/78
 93 h-m-p  0.0001 0.0066  41.7284 C     22465.007837  0 0.0001  7830 | 0/78
 94 h-m-p  0.0001 0.0075  23.9171 YC    22464.999310  1 0.0001  7912 | 0/78
 95 h-m-p  0.0001 0.0145  16.6583 YC    22464.994502  1 0.0001  7994 | 0/78
 96 h-m-p  0.0001 0.0054  13.2466 C     22464.989959  0 0.0001  8075 | 0/78
 97 h-m-p  0.0001 0.0181   9.6616 CC    22464.982000  1 0.0002  8158 | 0/78
 98 h-m-p  0.0001 0.0163  14.0215 C     22464.972689  0 0.0001  8239 | 0/78
 99 h-m-p  0.0001 0.0125  12.3085 YC    22464.945613  1 0.0002  8321 | 0/78
100 h-m-p  0.0001 0.0066  23.1486 CC    22464.894278  1 0.0002  8404 | 0/78
101 h-m-p  0.0001 0.0044  31.2229 CC    22464.792209  1 0.0001  8487 | 0/78
102 h-m-p  0.0001 0.0077  50.2247 +CC   22464.124916  1 0.0004  8571 | 0/78
103 h-m-p  0.0001 0.0005 262.4069 CCCC  22462.945432  3 0.0001  8658 | 0/78
104 h-m-p  0.0000 0.0006 602.8815 YC    22460.487751  1 0.0001  8740 | 0/78
105 h-m-p  0.0001 0.0006 1020.7647 YCC   22456.546673  2 0.0001  8824 | 0/78
106 h-m-p  0.0001 0.0008 745.1674 CYC   22453.068384  2 0.0001  8908 | 0/78
107 h-m-p  0.0001 0.0004 476.7520 CC    22451.528403  1 0.0001  8991 | 0/78
108 h-m-p  0.0001 0.0007 310.2179 CCC   22451.042485  2 0.0000  9076 | 0/78
109 h-m-p  0.0002 0.0018  88.7604 CC    22450.909348  1 0.0001  9159 | 0/78
110 h-m-p  0.0002 0.0106  35.7715 YC    22450.864765  1 0.0001  9241 | 0/78
111 h-m-p  0.0001 0.0042  24.0632 YC    22450.850626  1 0.0001  9323 | 0/78
112 h-m-p  0.0002 0.0061   9.4190 C     22450.848426  0 0.0001  9404 | 0/78
113 h-m-p  0.0001 0.0157   6.6602 C     22450.847205  0 0.0001  9485 | 0/78
114 h-m-p  0.0001 0.0471   4.3535 C     22450.846117  0 0.0001  9566 | 0/78
115 h-m-p  0.0002 0.0537   3.5482 C     22450.844907  0 0.0002  9647 | 0/78
116 h-m-p  0.0002 0.0496   2.9600 Y     22450.843654  0 0.0002  9728 | 0/78
117 h-m-p  0.0001 0.0419   3.6279 +YC   22450.837718  1 0.0003  9811 | 0/78
118 h-m-p  0.0002 0.0341   7.5073 +YC   22450.809579  1 0.0004  9894 | 0/78
119 h-m-p  0.0001 0.0126  25.4384 +YC   22450.687437  1 0.0004  9977 | 0/78
120 h-m-p  0.0001 0.0046  88.6539 +YC   22450.332055  1 0.0003 10060 | 0/78
121 h-m-p  0.0001 0.0019 249.5539 +YC   22449.105943  1 0.0003 10143 | 0/78
122 h-m-p  0.0003 0.0014 307.8653 YC    22448.602521  1 0.0001 10225 | 0/78
123 h-m-p  0.0004 0.0026  94.3868 CC    22448.504572  1 0.0001 10308 | 0/78
124 h-m-p  0.0003 0.0104  27.0854 CC    22448.480876  1 0.0001 10391 | 0/78
125 h-m-p  0.0003 0.0164  10.8496 C     22448.477038  0 0.0001 10472 | 0/78
126 h-m-p  0.0003 0.0664   3.1517 C     22448.476599  0 0.0001 10553 | 0/78
127 h-m-p  0.0002 0.0812   1.7315 C     22448.476352  0 0.0001 10634 | 0/78
128 h-m-p  0.0004 0.2177   0.9598 Y     22448.476071  0 0.0003 10715 | 0/78
129 h-m-p  0.0003 0.1380   1.0480 Y     22448.474890  0 0.0005 10874 | 0/78
130 h-m-p  0.0002 0.0714   2.6095 +C    22448.463247  0 0.0008 10956 | 0/78
131 h-m-p  0.0001 0.0128  16.9924 +YC   22448.351840  1 0.0009 11039 | 0/78
132 h-m-p  0.0001 0.0017 107.6836 CC    22448.174647  1 0.0002 11122 | 0/78
133 h-m-p  0.0002 0.0012 133.7052 CCC   22447.961810  2 0.0002 11207 | 0/78
134 h-m-p  0.0005 0.0029  49.4626 YC    22447.928814  1 0.0001 11289 | 0/78
135 h-m-p  0.0005 0.0314   9.0939 CC    22447.922989  1 0.0002 11372 | 0/78
136 h-m-p  0.0009 0.0494   1.8349 -C    22447.922854  0 0.0001 11454 | 0/78
137 h-m-p  0.0007 0.3700   0.5442 C     22447.922804  0 0.0002 11535 | 0/78
138 h-m-p  0.0005 0.2388   0.3159 Y     22447.922733  0 0.0004 11694 | 0/78
139 h-m-p  0.0016 0.8178   0.1372 +C    22447.918177  0 0.0066 11854 | 0/78
140 h-m-p  0.0002 0.0232   4.4070 +CC   22447.858377  1 0.0010 12016 | 0/78
141 h-m-p  0.0005 0.0062   8.8395 CC    22447.699675  1 0.0007 12099 | 0/78
142 h-m-p  0.0061 0.3980   1.0747 --Y   22447.699564  0 0.0002 12182 | 0/78
143 h-m-p  0.0160 8.0000   0.0203 +++CC 22447.615808  1 1.4845 12268 | 0/78
144 h-m-p  1.6000 8.0000   0.0031 YC    22447.612263  1 0.9171 12428 | 0/78
145 h-m-p  1.6000 8.0000   0.0004 Y     22447.611933  0 0.6925 12587 | 0/78
146 h-m-p  1.3616 8.0000   0.0002 Y     22447.611893  0 1.0621 12746 | 0/78
147 h-m-p  1.6000 8.0000   0.0000 Y     22447.611888  0 1.2639 12905 | 0/78
148 h-m-p  1.6000 8.0000   0.0000 Y     22447.611888  0 1.2115 13064 | 0/78
149 h-m-p  1.6000 8.0000   0.0000 Y     22447.611888  0 0.6726 13223 | 0/78
150 h-m-p  1.2616 8.0000   0.0000 C     22447.611888  0 0.4380 13382 | 0/78
151 h-m-p  0.5606 8.0000   0.0000 --Y   22447.611888  0 0.0088 13543
Out..
lnL  = -22447.611888
13544 lfun, 27088 eigenQcodon, 1015800 P(t)

d123[*] =  0.03997  0.03395  0.14803  average  0.07398
    [B] =  0.17192  0.16394  0.17746  average  0.17111
accept  =  0.23246  0.20707  0.83417

w =  0.20707 dN =  0.03543 dS =  0.17111 d4 =  0.15606 (417.0 four-fold sites)
             dN*=  0.03330 dS*=  0.20394 S* = 648.66 N* =2072.34

d123[*] =  0.00708  0.00601  0.02621  average  0.01310
    [B] =  0.03044  0.02903  0.03142  average  0.03030
accept  =  0.23246  0.20707  0.83417

w =  0.20707 dN =  0.00627 dS =  0.03030 d4 =  0.02764 (417.0 four-fold sites)
             dN*=  0.00590 dS*=  0.03611 S* = 648.66 N* =2072.34

d123[*] =  0.00546  0.00464  0.02023  average  0.01011
    [B] =  0.02349  0.02240  0.02425  average  0.02338
accept  =  0.23246  0.20707  0.83417

w =  0.20707 dN =  0.00484 dS =  0.02338 d4 =  0.02132 (417.0 four-fold sites)
             dN*=  0.00455 dS*=  0.02786 S* = 648.66 N* =2072.34

d123[*] =  0.00709  0.00602  0.02626  average  0.01313
    [B] =  0.03050  0.02909  0.03148  average  0.03036
accept  =  0.23246  0.20707  0.83417

w =  0.20707 dN =  0.00629 dS =  0.03036 d4 =  0.02769 (417.0 four-fold sites)
             dN*=  0.00591 dS*=  0.03618 S* = 648.66 N* =2072.34

d123[*] =  0.01584  0.01346  0.05868  average  0.02933
    [B] =  0.06815  0.06499  0.07035  average  0.06783
accept  =  0.23246  0.20707  0.83417

w =  0.20707 dN =  0.01405 dS =  0.06783 d4 =  0.06186 (417.0 four-fold sites)
             dN*=  0.01320 dS*=  0.08084 S* = 648.66 N* =2072.34

d123[*] =  0.00244  0.00207  0.00904  average  0.00452
    [B] =  0.01050  0.01001  0.01084  average  0.01045
accept  =  0.23246  0.20707  0.83417

w =  0.20707 dN =  0.00216 dS =  0.01045 d4 =  0.00953 (417.0 four-fold sites)
             dN*=  0.00203 dS*=  0.01245 S* = 648.66 N* =2072.34

d123[*] =  0.00344  0.00293  0.01276  average  0.00638
    [B] =  0.01482  0.01413  0.01529  average  0.01475
accept  =  0.23246  0.20707  0.83417

w =  0.20707 dN =  0.00305 dS =  0.01475 d4 =  0.01345 (417.0 four-fold sites)
             dN*=  0.00287 dS*=  0.01757 S* = 648.66 N* =2072.34

d123[*] =  0.00395  0.00335  0.01463  average  0.00731
    [B] =  0.01699  0.01620  0.01753  average  0.01691
accept  =  0.23246  0.20707  0.83417

w =  0.20707 dN =  0.00350 dS =  0.01691 d4 =  0.01542 (417.0 four-fold sites)
             dN*=  0.00329 dS*=  0.02015 S* = 648.66 N* =2072.34

d123[*] =  0.00480  0.00407  0.01777  average  0.00888
    [B] =  0.02063  0.01968  0.02130  average  0.02054
accept  =  0.23246  0.20707  0.83417

w =  0.20707 dN =  0.00425 dS =  0.02054 d4 =  0.01873 (417.0 four-fold sites)
             dN*=  0.00400 dS*=  0.02448 S* = 648.66 N* =2072.34

d123[*] =  0.00085  0.00072  0.00315  average  0.00157
    [B] =  0.00366  0.00349  0.00378  average  0.00364
accept  =  0.23246  0.20707  0.83417

w =  0.20707 dN =  0.00075 dS =  0.00364 d4 =  0.00332 (417.0 four-fold sites)
             dN*=  0.00071 dS*=  0.00434 S* = 648.66 N* =2072.34

d123[*] =  0.00475  0.00403  0.01759  average  0.00879
    [B] =  0.02042  0.01948  0.02108  average  0.02033
accept  =  0.23246  0.20707  0.83417

w =  0.20707 dN =  0.00421 dS =  0.02033 d4 =  0.01854 (417.0 four-fold sites)
             dN*=  0.00396 dS*=  0.02423 S* = 648.66 N* =2072.34

d123[*] =  0.00288  0.00245  0.01067  average  0.00533
    [B] =  0.01239  0.01181  0.01279  average  0.01233
accept  =  0.23246  0.20707  0.83417

w =  0.20707 dN =  0.00255 dS =  0.01233 d4 =  0.01124 (417.0 four-fold sites)
             dN*=  0.00240 dS*=  0.01469 S* = 648.66 N* =2072.34

d123[*] =  0.00657  0.00558  0.02432  average  0.01215
    [B] =  0.02824  0.02693  0.02915  average  0.02811
accept  =  0.23246  0.20707  0.83417

w =  0.20707 dN =  0.00582 dS =  0.02811 d4 =  0.02564 (417.0 four-fold sites)
             dN*=  0.00547 dS*=  0.03350 S* = 648.66 N* =2072.34

d123[*] =  0.00850  0.00722  0.03148  average  0.01573
    [B] =  0.03656  0.03487  0.03774  average  0.03639
accept  =  0.23246  0.20707  0.83417

w =  0.20707 dN =  0.00754 dS =  0.03639 d4 =  0.03319 (417.0 four-fold sites)
             dN*=  0.00708 dS*=  0.04337 S* = 648.66 N* =2072.34

d123[*] =  0.01105  0.00939  0.04093  average  0.02046
    [B] =  0.04754  0.04534  0.04907  average  0.04732
accept  =  0.23246  0.20707  0.83417

w =  0.20707 dN =  0.00980 dS =  0.04732 d4 =  0.04315 (417.0 four-fold sites)
             dN*=  0.00921 dS*=  0.05639 S* = 648.66 N* =2072.34

d123[*] =  0.00146  0.00124  0.00539  average  0.00269
    [B] =  0.00626  0.00597  0.00646  average  0.00623
accept  =  0.23246  0.20707  0.83417

w =  0.20707 dN =  0.00129 dS =  0.00623 d4 =  0.00568 (417.0 four-fold sites)
             dN*=  0.00121 dS*=  0.00743 S* = 648.66 N* =2072.34

d123[*] =  0.00698  0.00593  0.02585  average  0.01292
    [B] =  0.03002  0.02862  0.03098  average  0.02988
accept  =  0.23246  0.20707  0.83417

w =  0.20707 dN =  0.00619 dS =  0.02988 d4 =  0.02725 (417.0 four-fold sites)
             dN*=  0.00581 dS*=  0.03561 S* = 648.66 N* =2072.34

d123[*] =  0.00109  0.00093  0.00404  average  0.00202
    [B] =  0.00470  0.00448  0.00485  average  0.00467
accept  =  0.23246  0.20707  0.83417

w =  0.20707 dN =  0.00097 dS =  0.00467 d4 =  0.00426 (417.0 four-fold sites)
             dN*=  0.00091 dS*=  0.00557 S* = 648.66 N* =2072.34

d123[*] =  0.01408  0.01187  0.05434  average  0.02676
    [B] =  0.06327  0.06033  0.06531  average  0.06297
accept  =  0.22249  0.19677  0.83201

w =  0.19677 dN =  0.01239 dS =  0.06297 d4 =  0.05743 (417.0 four-fold sites)
             dN*=  0.01165 dS*=  0.07505 S* = 648.66 N* =2072.34

d123[*] =  0.01012  0.00859  0.03748  average  0.01873
    [B] =  0.04352  0.04150  0.04493  average  0.04332
accept  =  0.23246  0.20707  0.83417

w =  0.20707 dN =  0.00897 dS =  0.04332 d4 =  0.03951 (417.0 four-fold sites)
             dN*=  0.00843 dS*=  0.05163 S* = 648.66 N* =2072.34

d123[*] =  0.02196  0.01866  0.08135  average  0.04066
    [B] =  0.09448  0.09010  0.09752  average  0.09403
accept  =  0.23246  0.20707  0.83417

w =  0.20707 dN =  0.01947 dS =  0.09403 d4 =  0.08576 (417.0 four-fold sites)
             dN*=  0.01830 dS*=  0.11207 S* = 648.66 N* =2072.34

d123[*] =  0.01466  0.01246  0.05431  average  0.02715
    [B] =  0.06308  0.06015  0.06511  average  0.06278
accept  =  0.23246  0.20707  0.83417

w =  0.20707 dN =  0.01300 dS =  0.06278 d4 =  0.05726 (417.0 four-fold sites)
             dN*=  0.01222 dS*=  0.07483 S* = 648.66 N* =2072.34

d123[*] =  0.01265  0.01074  0.04684  average  0.02341
    [B] =  0.05440  0.05187  0.05615  average  0.05414
accept  =  0.23246  0.20707  0.83417

w =  0.20707 dN =  0.01121 dS =  0.05414 d4 =  0.04938 (417.0 four-fold sites)
             dN*=  0.01054 dS*=  0.06453 S* = 648.66 N* =2072.34

d123[*] =  0.00280  0.00238  0.01036  average  0.00518
    [B] =  0.01204  0.01148  0.01242  average  0.01198
accept  =  0.23246  0.20707  0.83417

w =  0.20707 dN =  0.00248 dS =  0.01198 d4 =  0.01093 (417.0 four-fold sites)
             dN*=  0.00233 dS*=  0.01428 S* = 648.66 N* =2072.34

d123[*] =  0.00175  0.00149  0.00648  average  0.00324
    [B] =  0.00753  0.00718  0.00777  average  0.00749
accept  =  0.23246  0.20707  0.83417

w =  0.20707 dN =  0.00155 dS =  0.00749 d4 =  0.00683 (417.0 four-fold sites)
             dN*=  0.00146 dS*=  0.00893 S* = 648.66 N* =2072.34

d123[*] =  0.00555  0.00472  0.02057  average  0.01028
    [B] =  0.02389  0.02278  0.02466  average  0.02377
accept  =  0.23246  0.20707  0.83417

w =  0.20707 dN =  0.00492 dS =  0.02377 d4 =  0.02168 (417.0 four-fold sites)
             dN*=  0.00463 dS*=  0.02834 S* = 648.66 N* =2072.34

d123[*] =  0.00357  0.00303  0.01321  average  0.00660
    [B] =  0.01535  0.01463  0.01584  average  0.01527
accept  =  0.23246  0.20707  0.83417

w =  0.20707 dN =  0.00316 dS =  0.01527 d4 =  0.01393 (417.0 four-fold sites)
             dN*=  0.00297 dS*=  0.01820 S* = 648.66 N* =2072.34

d123[*] =  0.00980  0.00832  0.03629  average  0.01814
    [B] =  0.04215  0.04019  0.04350  average  0.04195
accept  =  0.23246  0.20707  0.83417

w =  0.20707 dN =  0.00869 dS =  0.04195 d4 =  0.03826 (417.0 four-fold sites)
             dN*=  0.00816 dS*=  0.05000 S* = 648.66 N* =2072.34

d123[*] =  0.02457  0.02087  0.09101  average  0.04548
    [B] =  0.10570  0.10079  0.10910  average  0.10520
accept  =  0.23246  0.20707  0.83417

w =  0.20707 dN =  0.02178 dS =  0.10520 d4 =  0.09594 (417.0 four-fold sites)
             dN*=  0.02047 dS*=  0.12538 S* = 648.66 N* =2072.34

d123[*] =  0.03044  0.02585  0.11274  average  0.05634
    [B] =  0.13093  0.12486  0.13515  average  0.13031
accept  =  0.23246  0.20707  0.83417

w =  0.20707 dN =  0.02698 dS =  0.13031 d4 =  0.11885 (417.0 four-fold sites)
             dN*=  0.02536 dS*=  0.15532 S* = 648.66 N* =2072.34

d123[*] =  0.02209  0.01876  0.08181  average  0.04088
    [B] =  0.09501  0.09060  0.09807  average  0.09456
accept  =  0.23246  0.20707  0.83417

w =  0.20707 dN =  0.01958 dS =  0.09456 d4 =  0.08624 (417.0 four-fold sites)
             dN*=  0.01840 dS*=  0.11270 S* = 648.66 N* =2072.34

d123[*] =  0.00348  0.00296  0.01290  average  0.00645
    [B] =  0.01499  0.01429  0.01547  average  0.01492
accept  =  0.23246  0.20707  0.83417

w =  0.20707 dN =  0.00309 dS =  0.01492 d4 =  0.01360 (417.0 four-fold sites)
             dN*=  0.00290 dS*=  0.01778 S* = 648.66 N* =2072.34

d123[*] =  0.02115  0.01796  0.07832  average  0.03914
    [B] =  0.09097  0.08674  0.09389  average  0.09053
accept  =  0.23246  0.20707  0.83417

w =  0.20707 dN =  0.01875 dS =  0.09053 d4 =  0.08257 (417.0 four-fold sites)
             dN*=  0.01762 dS*=  0.10790 S* = 648.66 N* =2072.34

d123[*] =  0.01192  0.01013  0.04416  average  0.02207
    [B] =  0.05129  0.04891  0.05294  average  0.05105
accept  =  0.23246  0.20707  0.83417

w =  0.20707 dN =  0.01057 dS =  0.05105 d4 =  0.04656 (417.0 four-fold sites)
             dN*=  0.00994 dS*=  0.06084 S* = 648.66 N* =2072.34

d123[*] =  0.00204  0.00173  0.00754  average  0.00377
    [B] =  0.00876  0.00835  0.00904  average  0.00872
accept  =  0.23246  0.20707  0.83417

w =  0.20707 dN =  0.00180 dS =  0.00872 d4 =  0.00795 (417.0 four-fold sites)
             dN*=  0.00170 dS*=  0.01039 S* = 648.66 N* =2072.34

d123[*] =  0.00261  0.00222  0.00968  average  0.00484
    [B] =  0.01124  0.01072  0.01160  average  0.01119
accept  =  0.23246  0.20707  0.83417

w =  0.20707 dN =  0.00232 dS =  0.01119 d4 =  0.01020 (417.0 four-fold sites)
             dN*=  0.00218 dS*=  0.01333 S* = 648.66 N* =2072.34

d123[*] =  0.00053  0.00045  0.00196  average  0.00098
    [B] =  0.00228  0.00217  0.00235  average  0.00227
accept  =  0.23246  0.20707  0.83417

w =  0.20707 dN =  0.00047 dS =  0.00227 d4 =  0.00207 (417.0 four-fold sites)
             dN*=  0.00044 dS*=  0.00270 S* = 648.66 N* =2072.34

d123[*] =  0.00296  0.00251  0.01095  average  0.00547
    [B] =  0.01272  0.01213  0.01313  average  0.01266
accept  =  0.23246  0.20707  0.83417

w =  0.20707 dN =  0.00262 dS =  0.01266 d4 =  0.01155 (417.0 four-fold sites)
             dN*=  0.00246 dS*=  0.01509 S* = 648.66 N* =2072.34

d123[*] =  0.00223  0.00189  0.00824  average  0.00412
    [B] =  0.00957  0.00913  0.00988  average  0.00953
accept  =  0.23246  0.20707  0.83417

w =  0.20707 dN =  0.00197 dS =  0.00953 d4 =  0.00869 (417.0 four-fold sites)
             dN*=  0.00185 dS*=  0.01136 S* = 648.66 N* =2072.34

d123[*] =  0.00411  0.00349  0.01521  average  0.00760
    [B] =  0.01767  0.01685  0.01824  average  0.01758
accept  =  0.23246  0.20707  0.83417

w =  0.20707 dN =  0.00364 dS =  0.01758 d4 =  0.01604 (417.0 four-fold sites)
             dN*=  0.00342 dS*=  0.02096 S* = 648.66 N* =2072.34

d123[*] =  0.00103  0.00087  0.00380  average  0.00190
    [B] =  0.00441  0.00421  0.00456  average  0.00439
accept  =  0.23246  0.20707  0.83417

w =  0.20707 dN =  0.00091 dS =  0.00439 d4 =  0.00401 (417.0 four-fold sites)
             dN*=  0.00086 dS*=  0.00524 S* = 648.66 N* =2072.34

d123[*] =  0.00061  0.00052  0.00225  average  0.00112
    [B] =  0.00261  0.00249  0.00270  average  0.00260
accept  =  0.23246  0.20707  0.83417

w =  0.20707 dN =  0.00054 dS =  0.00260 d4 =  0.00237 (417.0 four-fold sites)
             dN*=  0.00051 dS*=  0.00310 S* = 648.66 N* =2072.34

d123[*] =  0.01184  0.01006  0.04387  average  0.02192
    [B] =  0.05095  0.04858  0.05259  average  0.05071
accept  =  0.23246  0.20707  0.83417

w =  0.20707 dN =  0.01050 dS =  0.05071 d4 =  0.04625 (417.0 four-fold sites)
             dN*=  0.00987 dS*=  0.06044 S* = 648.66 N* =2072.34

d123[*] =  0.03982  0.03383  0.14750  average  0.07372
    [B] =  0.17131  0.16335  0.17682  average  0.17049
accept  =  0.23246  0.20707  0.83417

w =  0.20707 dN =  0.03530 dS =  0.17049 d4 =  0.15550 (417.0 four-fold sites)
             dN*=  0.03318 dS*=  0.20320 S* = 648.66 N* =2072.34

d123[*] =  0.00556  0.00472  0.02058  average  0.01029
    [B] =  0.02391  0.02280  0.02468  average  0.02379
accept  =  0.23246  0.20707  0.83417

w =  0.20707 dN =  0.00493 dS =  0.02379 d4 =  0.02170 (417.0 four-fold sites)
             dN*=  0.00463 dS*=  0.02836 S* = 648.66 N* =2072.34

d123[*] =  0.00699  0.00594  0.02589  average  0.01294
    [B] =  0.03007  0.02867  0.03103  average  0.02992
accept  =  0.23246  0.20707  0.83417

w =  0.20707 dN =  0.00620 dS =  0.02992 d4 =  0.02729 (417.0 four-fold sites)
             dN*=  0.00582 dS*=  0.03566 S* = 648.66 N* =2072.34

d123[*] =  0.00528  0.00448  0.01955  average  0.00977
    [B] =  0.02271  0.02165  0.02344  average  0.02260
accept  =  0.23246  0.20707  0.83417

w =  0.20707 dN =  0.00468 dS =  0.02260 d4 =  0.02061 (417.0 four-fold sites)
             dN*=  0.00440 dS*=  0.02694 S* = 648.66 N* =2072.34

d123[*] =  0.04679  0.03975  0.17332  average  0.08662
    [B] =  0.20130  0.19195  0.20778  average  0.20034
accept  =  0.23246  0.20707  0.83417

w =  0.20707 dN =  0.04149 dS =  0.20034 d4 =  0.18272 (417.0 four-fold sites)
             dN*=  0.03899 dS*=  0.23878 S* = 648.66 N* =2072.34

d123[*] =  0.02029  0.01723  0.07515  average  0.03756
    [B] =  0.08728  0.08323  0.09009  average  0.08686
accept  =  0.23246  0.20707  0.83417

w =  0.20707 dN =  0.01799 dS =  0.08686 d4 =  0.07922 (417.0 four-fold sites)
             dN*=  0.01691 dS*=  0.10353 S* = 648.66 N* =2072.34

d123[*] =  0.02291  0.01946  0.08485  average  0.04241
    [B] =  0.09854  0.09397  0.10172  average  0.09808
accept  =  0.23246  0.20707  0.83417

w =  0.20707 dN =  0.02031 dS =  0.09808 d4 =  0.08945 (417.0 four-fold sites)
             dN*=  0.01909 dS*=  0.11690 S* = 648.66 N* =2072.34

d123[*] =  0.04315  0.03665  0.15981  average  0.07987
    [B] =  0.18561  0.17699  0.19158  average  0.18473
accept  =  0.23246  0.20707  0.83417

w =  0.20707 dN =  0.03825 dS =  0.18473 d4 =  0.16848 (417.0 four-fold sites)
             dN*=  0.03596 dS*=  0.22017 S* = 648.66 N* =2072.34

d123[*] =  0.02503  0.02126  0.09272  average  0.04634
    [B] =  0.10769  0.10269  0.11116  average  0.10718
accept  =  0.23246  0.20707  0.83417

w =  0.20707 dN =  0.02219 dS =  0.10718 d4 =  0.09775 (417.0 four-fold sites)
             dN*=  0.02086 dS*=  0.12774 S* = 648.66 N* =2072.34

d123[*] =  0.00082  0.00070  0.00303  average  0.00152
    [B] =  0.00352  0.00336  0.00364  average  0.00351
accept  =  0.23246  0.20707  0.83417

w =  0.20707 dN =  0.00073 dS =  0.00351 d4 =  0.00320 (417.0 four-fold sites)
             dN*=  0.00068 dS*=  0.00418 S* = 648.66 N* =2072.34

d123[*] =  0.00676  0.00574  0.02504  average  0.01251
    [B] =  0.02908  0.02773  0.03002  average  0.02894
accept  =  0.23246  0.20707  0.83417

w =  0.20707 dN =  0.00599 dS =  0.02894 d4 =  0.02640 (417.0 four-fold sites)
             dN*=  0.00563 dS*=  0.03450 S* = 648.66 N* =2072.34

d123[*] =  0.00495  0.00420  0.01832  average  0.00915
    [B] =  0.02127  0.02029  0.02196  average  0.02117
accept  =  0.23246  0.20707  0.83417

w =  0.20707 dN =  0.00438 dS =  0.02117 d4 =  0.01931 (417.0 four-fold sites)
             dN*=  0.00412 dS*=  0.02523 S* = 648.66 N* =2072.34

d123[*] =  0.00356  0.00302  0.01318  average  0.00659
    [B] =  0.01531  0.01460  0.01580  average  0.01523
accept  =  0.23246  0.20707  0.83417

w =  0.20707 dN =  0.00315 dS =  0.01523 d4 =  0.01389 (417.0 four-fold sites)
             dN*=  0.00296 dS*=  0.01816 S* = 648.66 N* =2072.34

d123[*] =  0.02110  0.01793  0.07817  average  0.03907
    [B] =  0.09078  0.08657  0.09371  average  0.09035
accept  =  0.23246  0.20707  0.83417

w =  0.20707 dN =  0.01871 dS =  0.09035 d4 =  0.08241 (417.0 four-fold sites)
             dN*=  0.01759 dS*=  0.10769 S* = 648.66 N* =2072.34

d123[*] =  0.01516  0.01288  0.05616  average  0.02807
    [B] =  0.06522  0.06219  0.06732  average  0.06491
accept  =  0.23246  0.20707  0.83417

w =  0.20707 dN =  0.01344 dS =  0.06491 d4 =  0.05920 (417.0 four-fold sites)
             dN*=  0.01263 dS*=  0.07737 S* = 648.66 N* =2072.34

d123[*] =  0.00133  0.00113  0.00491  average  0.00245
    [B] =  0.00570  0.00544  0.00588  average  0.00567
accept  =  0.23246  0.20707  0.83417

w =  0.20707 dN =  0.00117 dS =  0.00567 d4 =  0.00517 (417.0 four-fold sites)
             dN*=  0.00110 dS*=  0.00676 S* = 648.66 N* =2072.34

d123[*] =  0.00455  0.00386  0.01684  average  0.00841
    [B] =  0.01955  0.01865  0.02018  average  0.01946
accept  =  0.23246  0.20707  0.83417

w =  0.20707 dN =  0.00403 dS =  0.01946 d4 =  0.01775 (417.0 four-fold sites)
             dN*=  0.00379 dS*=  0.02320 S* = 648.66 N* =2072.34

d123[*] =  0.00178  0.00151  0.00658  average  0.00329
    [B] =  0.00764  0.00729  0.00789  average  0.00760
accept  =  0.23246  0.20707  0.83417

w =  0.20707 dN =  0.00157 dS =  0.00760 d4 =  0.00694 (417.0 four-fold sites)
             dN*=  0.00148 dS*=  0.00906 S* = 648.66 N* =2072.34

d123[*] =  0.02202  0.01871  0.08157  average  0.04077
    [B] =  0.09473  0.09034  0.09778  average  0.09428
accept  =  0.23246  0.20707  0.83417

w =  0.20707 dN =  0.01952 dS =  0.09428 d4 =  0.08599 (417.0 four-fold sites)
             dN*=  0.01835 dS*=  0.11237 S* = 648.66 N* =2072.34

d123[*] =  0.02198  0.01867  0.08142  average  0.04069
    [B] =  0.09456  0.09017  0.09760  average  0.09411
accept  =  0.23246  0.20707  0.83417

w =  0.20707 dN =  0.01949 dS =  0.09411 d4 =  0.08583 (417.0 four-fold sites)
             dN*=  0.01832 dS*=  0.11216 S* = 648.66 N* =2072.34

d123[*] =  0.00479  0.00406  0.01772  average  0.00886
    [B] =  0.02058  0.01963  0.02125  average  0.02049
accept  =  0.23246  0.20707  0.83417

w =  0.20707 dN =  0.00424 dS =  0.02049 d4 =  0.01868 (417.0 four-fold sites)
             dN*=  0.00399 dS*=  0.02442 S* = 648.66 N* =2072.34

d123[*] =  0.00680  0.00578  0.02520  average  0.01260
    [B] =  0.02927  0.02791  0.03022  average  0.02913
accept  =  0.23246  0.20707  0.83417

w =  0.20707 dN =  0.00603 dS =  0.02913 d4 =  0.02657 (417.0 four-fold sites)
             dN*=  0.00567 dS*=  0.03472 S* = 648.66 N* =2072.34

d123[*] =  0.00722  0.00613  0.02674  average  0.01336
    [B] =  0.03105  0.02961  0.03205  average  0.03091
accept  =  0.23246  0.20707  0.83417

w =  0.20707 dN =  0.00640 dS =  0.03091 d4 =  0.02819 (417.0 four-fold sites)
             dN*=  0.00602 dS*=  0.03684 S* = 648.66 N* =2072.34

d123[*] =  0.00337  0.00286  0.01247  average  0.00623
    [B] =  0.01449  0.01381  0.01495  average  0.01442
accept  =  0.23246  0.20707  0.83417

w =  0.20707 dN =  0.00299 dS =  0.01442 d4 =  0.01315 (417.0 four-fold sites)
             dN*=  0.00281 dS*=  0.01718 S* = 648.66 N* =2072.34

d123[*] =  0.01271  0.01080  0.04709  average  0.02354
    [B] =  0.05469  0.05215  0.05645  average  0.05443
accept  =  0.23246  0.20707  0.83417

w =  0.20707 dN =  0.01127 dS =  0.05443 d4 =  0.04965 (417.0 four-fold sites)
             dN*=  0.01059 dS*=  0.06488 S* = 648.66 N* =2072.34

d123[*] =  0.00836  0.00710  0.03098  average  0.01548
    [B] =  0.03598  0.03431  0.03714  average  0.03581
accept  =  0.23246  0.20707  0.83417

w =  0.20707 dN =  0.00742 dS =  0.03581 d4 =  0.03266 (417.0 four-fold sites)
             dN*=  0.00697 dS*=  0.04268 S* = 648.66 N* =2072.34

d123[*] =  0.00868  0.00737  0.03214  average  0.01606
    [B] =  0.03732  0.03559  0.03853  average  0.03715
accept  =  0.23246  0.20707  0.83417

w =  0.20707 dN =  0.00769 dS =  0.03715 d4 =  0.03388 (417.0 four-fold sites)
             dN*=  0.00723 dS*=  0.04428 S* = 648.66 N* =2072.34

d123[*] =  0.00920  0.00782  0.03408  average  0.01703
    [B] =  0.03958  0.03774  0.04085  average  0.03939
accept  =  0.23246  0.20707  0.83417

w =  0.20707 dN =  0.00816 dS =  0.03939 d4 =  0.03593 (417.0 four-fold sites)
             dN*=  0.00767 dS*=  0.04695 S* = 648.66 N* =2072.34

d123[*] =  0.02820  0.02395  0.10443  average  0.05219
    [B] =  0.12129  0.11566  0.12519  average  0.12071
accept  =  0.23246  0.20707  0.83417

w =  0.20707 dN =  0.02500 dS =  0.12071 d4 =  0.11010 (417.0 four-fold sites)
             dN*=  0.02350 dS*=  0.14388 S* = 648.66 N* =2072.34

d123[*] =  0.02859  0.02429  0.10590  average  0.05293
    [B] =  0.12300  0.11729  0.12696  average  0.12241
accept  =  0.23246  0.20707  0.83417

w =  0.20707 dN =  0.02535 dS =  0.12241 d4 =  0.11165 (417.0 four-fold sites)
             dN*=  0.02383 dS*=  0.14590 S* = 648.66 N* =2072.34

d123[*] =  0.00663  0.00563  0.02455  average  0.01227
    [B] =  0.02851  0.02719  0.02943  average  0.02837
accept  =  0.23246  0.20707  0.83417

w =  0.20707 dN =  0.00588 dS =  0.02837 d4 =  0.02588 (417.0 four-fold sites)
             dN*=  0.00552 dS*=  0.03382 S* = 648.66 N* =2072.34

d123[*] =  0.00478  0.00406  0.01769  average  0.00884
    [B] =  0.02054  0.01959  0.02121  average  0.02045
accept  =  0.23246  0.20707  0.83417

w =  0.20707 dN =  0.00423 dS =  0.02045 d4 =  0.01865 (417.0 four-fold sites)
             dN*=  0.00398 dS*=  0.02437 S* = 648.66 N* =2072.34
end of tree file.

Time used: 30:39
