
 15         verbose | verbose                1.00
  7         runmode | runmode                0.00
  4         seqtype | seqtype                1.00
 13       CodonFreq | CodonFreq              2.00
  9           clock | clock                  0.00
 18          aaDist | aaDist                 0.00
 16           model | model                  2.00
 20         NSsites | NSsites                0.00
 22           icode | icode                  0.00
 24       fix_kappa | fix_kappa              0.00
 25           kappa | kappa                  2.00
 26       fix_omega | fix_omega              0.00
 27           omega | omega                  0.50
  6       cleandata | cleandata              1.00
CODONML in paml version 4.9f, October 2017

----------------------------------------------
Phe F TTT | Ser S TCT | Tyr Y TAT | Cys C TGT
      TTC |       TCC |       TAC |       TGC
Leu L TTA |       TCA | *** * TAA | *** * TGA
      TTG |       TCG |       TAG | Trp W TGG
----------------------------------------------
Leu L CTT | Pro P CCT | His H CAT | Arg R CGT
      CTC |       CCC |       CAC |       CGC
      CTA |       CCA | Gln Q CAA |       CGA
      CTG |       CCG |       CAG |       CGG
----------------------------------------------
Ile I ATT | Thr T ACT | Asn N AAT | Ser S AGT
      ATC |       ACC |       AAC |       AGC
      ATA |       ACA | Lys K AAA | Arg R AGA
Met M ATG |       ACG |       AAG |       AGG
----------------------------------------------
Val V GTT | Ala A GCT | Asp D GAT | Gly G GGT
      GTC |       GCC |       GAC |       GGC
      GTA |       GCA | Glu E GAA |       GGA
      GTG |       GCG |       GAG |       GGG
----------------------------------------------
Nice code, uuh?


Ambiguity character definition table:

T (1): T 
C (1): C 
A (1): A 
G (1): G 
U (1): T 
Y (2): T C 
R (2): A G 
M (2): C A 
K (2): T G 
S (2): C G 
W (2): T A 
H (3): T C A 
B (3): T C G 
V (3): C A G 
D (3): T A G 
- (4): T C A G 
N (4): T C A G 
? (4): T C A G 
ns = 39  	ls = 2787
Reading sequences, sequential format..
Reading seq # 1: Acomys_russatus       
Reading seq # 2: Alexandromys_fortis       
Reading seq # 3: Apodemus_sylvaticus       
Reading seq # 4: Arvicanthis_niloticus       
Reading seq # 5: Arvicola_amphibius       
Reading seq # 6: Chionomys_nivalis       
Reading seq # 7: Cricetulus_griseus       
Reading seq # 8: Dipodomys_merriami       
Reading seq # 9: Dipodomys_ordii       
Reading seq #10: Dipodomys_spectabilis       
Reading seq #11: Fukomys_damarensis       
Reading seq #12: Grammomys_surdaster       
Reading seq #13: Heterocephalus_glaber       
Reading seq #14: Ictidomys_tridecemlineatus       
Reading seq #15: Marmota_flaviventris       
Reading seq #16: Marmota_marmota       
Reading seq #17: Marmota_monax       
Reading seq #18: Mastomys_coucha       
Reading seq #19: Meriones_unguiculatus       
Reading seq #20: Mesocricetus_auratus       
Reading seq #21: Microtus_ochrogaster       
Reading seq #22: Microtus_oregoni       
Reading seq #23: Mus_caroli       
Reading seq #24: Mus_musculus       
Reading seq #25: Mus_pahari       
Reading seq #26: Myodes_glareolus       
Reading seq #27: Nannospalax_galili       
Reading seq #28: Onychomys_torridus       
Reading seq #29: Perognathus_longimembris       
Reading seq #30: Peromyscus_californicus       
Reading seq #31: Peromyscus_eremicus       
Reading seq #32: Peromyscus_maniculatus       
Reading seq #33: Phodopus_roborovskii       
Reading seq #34: Psammomys_obesus       
Reading seq #35: Rattus_norvegicus       
Reading seq #36: Sciurus_carolinensis       
Reading seq #37: Urocitellus_parryii       
Reading seq #38: Oryctolagus_cuniculus       
Reading seq #39: Lepus_europaeus       

Sites with gaps or missing data are removed.

    12 ambiguity characters in seq. 1
     6 ambiguity characters in seq. 2
     6 ambiguity characters in seq. 3
     3 ambiguity characters in seq. 4
     6 ambiguity characters in seq. 5
     6 ambiguity characters in seq. 6
     3 ambiguity characters in seq. 7
     9 ambiguity characters in seq. 8
     9 ambiguity characters in seq. 9
     9 ambiguity characters in seq. 10
     3 ambiguity characters in seq. 11
     3 ambiguity characters in seq. 12
     6 ambiguity characters in seq. 13
     3 ambiguity characters in seq. 14
     3 ambiguity characters in seq. 15
     3 ambiguity characters in seq. 16
     3 ambiguity characters in seq. 17
    27 ambiguity characters in seq. 18
    18 ambiguity characters in seq. 19
     3 ambiguity characters in seq. 20
     6 ambiguity characters in seq. 21
     6 ambiguity characters in seq. 22
     3 ambiguity characters in seq. 23
     3 ambiguity characters in seq. 24
     3 ambiguity characters in seq. 25
     6 ambiguity characters in seq. 26
     3 ambiguity characters in seq. 27
    15 ambiguity characters in seq. 28
     9 ambiguity characters in seq. 29
     3 ambiguity characters in seq. 30
     3 ambiguity characters in seq. 31
     3 ambiguity characters in seq. 32
     3 ambiguity characters in seq. 33
    18 ambiguity characters in seq. 34
     3 ambiguity characters in seq. 35
     3 ambiguity characters in seq. 36
     5 ambiguity characters in seq. 37
     6 ambiguity characters in seq. 38
     6 ambiguity characters in seq. 39
22 sites are removed.   7  8  9 10 12 351 397 424 489 879 890 891 892 893 894 895 896 897 906 907 908 909
Sequences read..
Counting site patterns..  0:00
Compressing,    861 patterns at    907 /    907 sites (100.0%),  0:00
Collecting fpatt[] & pose[],    861 patterns at    907 /    907 sites (100.0%),  0:00
Counting codons..

     5928 bytes for distance
   840336 bytes for conP
140735959136624 bytes for fhK
  5000000 bytes for space

2 branch types are in tree. Stop if wrong.
TREE #  1
(1, (((((((2, (21, 22)), 6), 5), 26), (((7, 20), 33), (28, ((30, 31), 32)))), (27, ((((((14, 16), 37), (15, 17)), 36), (38, 39)), ((11, 13), (((8, 9), 10), 29))))), ((((3, 18), ((23, 24), 25)), (4, 12)), 35)), (19, 34));   MP score: 3510
 15546216 bytes for conP, adjusted

1 node(s) used for scaling (Yang 2000 J Mol Evol 51:423-432):
 42

    0.101437    0.047670    0.038835    0.039329    0.047371    0.096369    0.063748    0.033188    0.070124    0.106845    0.090591    0.072406    0.048955    0.097340    0.071680    0.063618    0.056113    0.088425    0.059539    0.036448    0.068034    0.072429    0.094231    0.055666    0.098711    0.102294    0.049560    0.080112    0.097416    0.048313    0.067860    0.054347    0.027967    0.046169    0.088039    0.093944    0.021723    0.034721    0.046573    0.100376    0.071504    0.056973    0.106140    0.016431    0.108605    0.072671    0.041573    0.108091    0.080112    0.105947    0.087828    0.033811    0.018697    0.026469    0.029655    0.037140    0.072077    0.037520    0.087644    0.073622    0.034334    0.019447    0.030359    0.057906    0.096271    0.051925    0.017224    0.092011    0.107007    0.013457    0.051865    0.010685    0.013985    0.031567    0.100581    0.489569    0.427162    0.444219

ntime & nrate & np:    75     3    78

Bounds (np=78):
   0.000004   0.000004   0.000004   0.000004   0.000004   0.000004   0.000004   0.000004   0.000004   0.000004   0.000004   0.000004   0.000004   0.000004   0.000004   0.000004   0.000004   0.000004   0.000004   0.000004   0.000004   0.000004   0.000004   0.000004   0.000004   0.000004   0.000004   0.000004   0.000004   0.000004   0.000004   0.000004   0.000004   0.000004   0.000004   0.000004   0.000004   0.000004   0.000004   0.000004   0.000004   0.000004   0.000004   0.000004   0.000004   0.000004   0.000004   0.000004   0.000004   0.000004   0.000004   0.000004   0.000004   0.000004   0.000004   0.000004   0.000004   0.000004   0.000004   0.000004   0.000004   0.000004   0.000004   0.000004   0.000004   0.000004   0.000004   0.000004   0.000004   0.000004   0.000004   0.000004   0.000004   0.000004   0.000004   0.000100   0.000100   0.000100
  50.000000  50.000000  50.000000  50.000000  50.000000  50.000000  50.000000  50.000000  50.000000  50.000000  50.000000  50.000000  50.000000  50.000000  50.000000  50.000000  50.000000  50.000000  50.000000  50.000000  50.000000  50.000000  50.000000  50.000000  50.000000  50.000000  50.000000  50.000000  50.000000  50.000000  50.000000  50.000000  50.000000  50.000000  50.000000  50.000000  50.000000  50.000000  50.000000  50.000000  50.000000  50.000000  50.000000  50.000000  50.000000  50.000000  50.000000  50.000000  50.000000  50.000000  50.000000  50.000000  50.000000  50.000000  50.000000  50.000000  50.000000  50.000000  50.000000  50.000000  50.000000  50.000000  50.000000  50.000000  50.000000  50.000000  50.000000  50.000000  50.000000  50.000000  50.000000  50.000000  50.000000  50.000000  50.000000 999.000000 999.000000 999.000000

np =    78
lnL0 = -26448.506515

Iterating by ming2
Initial: fx= 26448.506515
x=  0.10144  0.04767  0.03884  0.03933  0.04737  0.09637  0.06375  0.03319  0.07012  0.10684  0.09059  0.07241  0.04896  0.09734  0.07168  0.06362  0.05611  0.08843  0.05954  0.03645  0.06803  0.07243  0.09423  0.05567  0.09871  0.10229  0.04956  0.08011  0.09742  0.04831  0.06786  0.05435  0.02797  0.04617  0.08804  0.09394  0.02172  0.03472  0.04657  0.10038  0.07150  0.05697  0.10614  0.01643  0.10861  0.07267  0.04157  0.10809  0.08011  0.10595  0.08783  0.03381  0.01870  0.02647  0.02965  0.03714  0.07208  0.03752  0.08764  0.07362  0.03433  0.01945  0.03036  0.05791  0.09627  0.05192  0.01722  0.09201  0.10701  0.01346  0.05187  0.01068  0.01398  0.03157  0.10058  0.48957  0.42716  0.44422

  1 h-m-p  0.0000 0.0000 15960.1487 ++    24685.980097  m 0.0000    83 | 0/78
  2 h-m-p  0.0000 0.0000 22823.8907 ++    24215.065210  m 0.0000   164 | 0/78
  3 h-m-p  0.0000 0.0000 16169.8834 ++    24096.574992  m 0.0000   245 | 0/78
  4 h-m-p  0.0000 0.0000 4036.9274 ++    23782.727993  m 0.0000   326 | 0/78
  5 h-m-p  0.0000 0.0000 58352.9957 +YYCCC 23773.307388  4 0.0000   414 | 0/78
  6 h-m-p  0.0000 0.0000 7075.9867 YCCC  23752.033235  3 0.0000   500 | 0/78
  7 h-m-p  0.0000 0.0000 3495.9766 ++    23694.260076  m 0.0000   581 | 0/78
  8 h-m-p  0.0000 0.0000 7797.1848 ++    23532.475378  m 0.0000   662 | 0/78
  9 h-m-p  0.0000 0.0000 17217.3184 
h-m-p:      1.10593077e-22      5.52965384e-22      1.72173184e+04 23532.475378
..  | 0/78
 10 h-m-p  0.0000 0.0000 7670.5193 CYYCCC 23504.008074  5 0.0000   829 | 0/78
 11 h-m-p  0.0000 0.0000 2249.1234 ++    23418.883339  m 0.0000   910 | 0/78
 12 h-m-p  0.0000 0.0000 18361.0939 
h-m-p:      1.83973126e-21      9.19865632e-21      1.83610939e+04 23418.883339
..  | 0/78
 13 h-m-p  0.0000 0.0000 6201.7664 CYCCCCC 23405.503648  6 0.0000  1080 | 0/78
 14 h-m-p  0.0000 0.0000 1839.2972 ++    23345.788241  m 0.0000  1161 | 0/78
 15 h-m-p  0.0000 0.0000 23210.2443 +CYCCCC 23310.696941  5 0.0000  1252 | 0/78
 16 h-m-p  0.0000 0.0000 28958.4450 ++    23294.883230  m 0.0000  1333 | 0/78
 17 h-m-p  0.0000 0.0000 66298.8586 +CYCYCYC 23259.278665  6 0.0000  1425 | 0/78
 18 h-m-p  0.0000 0.0001 4805.7486 ++    22948.943226  m 0.0001  1506 | 0/78
 19 h-m-p  0.0000 0.0000 189748.2498 +YYCYCCC 22878.980021  6 0.0000  1598 | 0/78
 20 h-m-p  0.0000 0.0000 4795.5060 +YYYCCC 22876.118679  5 0.0000  1687 | 0/78
 21 h-m-p  0.0000 0.0001 4726.1066 +CCCCC 22778.664795  4 0.0000  1777 | 0/78
 22 h-m-p  0.0000 0.0001 2633.4847 +YYYYC 22727.113656  4 0.0000  1863 | 0/78
 23 h-m-p  0.0000 0.0000 2488.3230 +CYC  22704.032067  2 0.0000  1948 | 0/78
 24 h-m-p  0.0000 0.0001 3788.2897 YCCC  22682.830804  3 0.0000  2034 | 0/78
 25 h-m-p  0.0000 0.0000 1714.9814 +YYYCCC 22661.898282  5 0.0000  2123 | 0/78
 26 h-m-p  0.0000 0.0001 6726.6383 YCCC  22628.923441  3 0.0000  2209 | 0/78
 27 h-m-p  0.0000 0.0001 1898.1107 +YCCC 22600.765879  3 0.0001  2296 | 0/78
 28 h-m-p  0.0000 0.0001 986.9227 YCCC  22590.741175  3 0.0001  2382 | 0/78
 29 h-m-p  0.0000 0.0001 992.5960 CCC   22587.148415  2 0.0000  2467 | 0/78
 30 h-m-p  0.0000 0.0001 454.5724 +YCCC 22584.919614  3 0.0000  2554 | 0/78
 31 h-m-p  0.0000 0.0010 416.9289 CCC   22582.757346  2 0.0001  2639 | 0/78
 32 h-m-p  0.0001 0.0003 326.0111 C     22581.431669  0 0.0001  2720 | 0/78
 33 h-m-p  0.0001 0.0005 207.7654 YC    22581.000016  1 0.0000  2802 | 0/78
 34 h-m-p  0.0001 0.0009  86.4601 YC    22580.853022  1 0.0001  2884 | 0/78
 35 h-m-p  0.0001 0.0011  54.9706 YC    22580.794250  1 0.0001  2966 | 0/78
 36 h-m-p  0.0001 0.0027  50.6090 CC    22580.736254  1 0.0001  3049 | 0/78
 37 h-m-p  0.0001 0.0017  66.6935 CC    22580.653784  1 0.0001  3132 | 0/78
 38 h-m-p  0.0001 0.0023  74.3431 CC    22580.559714  1 0.0001  3215 | 0/78
 39 h-m-p  0.0001 0.0021 127.3658 +YC   22580.277567  1 0.0002  3298 | 0/78
 40 h-m-p  0.0001 0.0025 301.7338 YC    22579.689720  1 0.0001  3380 | 0/78
 41 h-m-p  0.0001 0.0017 616.5357 +YCC  22577.883888  2 0.0002  3465 | 0/78
 42 h-m-p  0.0001 0.0008 1479.8714 YC    22574.444044  1 0.0002  3547 | 0/78
 43 h-m-p  0.0001 0.0003 3720.9235 CCCC  22568.373321  3 0.0001  3634 | 0/78
 44 h-m-p  0.0000 0.0002 6238.3752 YC    22562.119722  1 0.0001  3716 | 0/78
 45 h-m-p  0.0000 0.0002 7311.3327 YCCC  22552.271296  3 0.0001  3802 | 0/78
 46 h-m-p  0.0001 0.0003 8322.5070 CCCC  22540.892572  3 0.0001  3889 | 0/78
 47 h-m-p  0.0000 0.0002 5679.2227 CCC   22537.008960  2 0.0001  3974 | 0/78
 48 h-m-p  0.0001 0.0003 2293.0120 CYC   22534.993710  2 0.0001  4058 | 0/78
 49 h-m-p  0.0001 0.0003 1316.9730 CCC   22533.548935  2 0.0001  4143 | 0/78
 50 h-m-p  0.0001 0.0004 566.4985 YC    22533.092222  1 0.0001  4225 | 0/78
 51 h-m-p  0.0002 0.0008 217.4725 CC    22532.918872  1 0.0001  4308 | 0/78
 52 h-m-p  0.0001 0.0020 104.9465 YC    22532.792382  1 0.0001  4390 | 0/78
 53 h-m-p  0.0003 0.0024  35.2631 CC    22532.768186  1 0.0001  4473 | 0/78
 54 h-m-p  0.0001 0.0041  16.6160 YC    22532.748831  1 0.0001  4555 | 0/78
 55 h-m-p  0.0001 0.0137  14.7762 YC    22532.694208  1 0.0002  4637 | 0/78
 56 h-m-p  0.0001 0.0021  34.8766 CC    22532.584738  1 0.0002  4720 | 0/78
 57 h-m-p  0.0001 0.0031  72.8159 YC    22532.262134  1 0.0002  4802 | 0/78
 58 h-m-p  0.0001 0.0025 100.3165 YC    22531.356189  1 0.0003  4884 | 0/78
 59 h-m-p  0.0001 0.0009 239.9337 CCC   22530.127625  2 0.0001  4969 | 0/78
 60 h-m-p  0.0001 0.0008 460.9788 YC    22527.076128  1 0.0002  5051 | 0/78
 61 h-m-p  0.0001 0.0008 1019.6225 YCCC  22520.431058  3 0.0002  5137 | 0/78
 62 h-m-p  0.0001 0.0006 1340.6137 CCCC  22511.856153  3 0.0002  5224 | 0/78
 63 h-m-p  0.0001 0.0005 1363.6241 CCCC  22503.872454  3 0.0002  5311 | 0/78
 64 h-m-p  0.0001 0.0003 1091.0167 CCC   22500.529948  2 0.0001  5396 | 0/78
 65 h-m-p  0.0001 0.0005 350.9748 YC    22499.928605  1 0.0001  5478 | 0/78
 66 h-m-p  0.0001 0.0010 135.2694 YC    22499.695561  1 0.0001  5560 | 0/78
 67 h-m-p  0.0001 0.0018  66.7839 YC    22499.616048  1 0.0001  5642 | 0/78
 68 h-m-p  0.0001 0.0053  40.5461 YC    22499.583216  1 0.0001  5724 | 0/78
 69 h-m-p  0.0002 0.0109  12.7617 YC    22499.574361  1 0.0001  5806 | 0/78
 70 h-m-p  0.0002 0.0422   6.1309 C     22499.566062  0 0.0002  5887 | 0/78
 71 h-m-p  0.0001 0.0148  10.1189 YC    22499.546804  1 0.0002  5969 | 0/78
 72 h-m-p  0.0003 0.0218   6.9145 YC    22499.421928  1 0.0008  6051 | 0/78
 73 h-m-p  0.0002 0.0111  32.7681 +YC   22497.509680  1 0.0013  6134 | 0/78
 74 h-m-p  0.0001 0.0018 379.7680 +YC   22492.281232  1 0.0003  6217 | 0/78
 75 h-m-p  0.0002 0.0014 515.0489 CC    22487.124979  1 0.0002  6300 | 0/78
 76 h-m-p  0.0001 0.0007 702.8038 YYC   22482.856581  2 0.0001  6383 | 0/78
 77 h-m-p  0.0003 0.0015 188.9735 CC    22482.250988  1 0.0001  6466 | 0/78
 78 h-m-p  0.0003 0.0034  57.2820 CC    22482.123458  1 0.0001  6549 | 0/78
 79 h-m-p  0.0003 0.0090  22.4971 YC    22482.099255  1 0.0001  6631 | 0/78
 80 h-m-p  0.0002 0.0278  11.3446 YC    22482.090090  1 0.0002  6713 | 0/78
 81 h-m-p  0.0003 0.0373   4.9917 YC    22482.084263  1 0.0002  6795 | 0/78
 82 h-m-p  0.0003 0.0561   4.2547 +YC   22482.053026  1 0.0008  6878 | 0/78
 83 h-m-p  0.0001 0.0133  36.7347 +CC   22481.830800  1 0.0006  6962 | 0/78
 84 h-m-p  0.0001 0.0053 247.4304 +YC   22480.135219  1 0.0006  7045 | 0/78
 85 h-m-p  0.0001 0.0012 1435.4935 +YCC  22474.922188  2 0.0003  7130 | 0/78
 86 h-m-p  0.0001 0.0005 2786.5793 YCCC  22470.005165  3 0.0002  7216 | 0/78
 87 h-m-p  0.0002 0.0010 885.3588 YCC   22468.704893  2 0.0001  7300 | 0/78
 88 h-m-p  0.0006 0.0031 176.4176 CC    22468.450550  1 0.0001  7383 | 0/78
 89 h-m-p  0.0006 0.0081  41.7149 YC    22468.419264  1 0.0001  7465 | 0/78
 90 h-m-p  0.0009 0.0164   4.1699 -Y    22468.418179  0 0.0001  7547 | 0/78
 91 h-m-p  0.0008 0.4051   1.3298 +YC   22468.377684  1 0.0069  7630 | 0/78
 92 h-m-p  0.0001 0.0186  63.9875 +YC   22468.046072  1 0.0011  7713 | 0/78
 93 h-m-p  0.0002 0.0029 364.0973 +CYCCC 22465.575152  4 0.0014  7802 | 0/78
 94 h-m-p  0.0002 0.0012 505.7703 YYC   22465.077151  2 0.0002  7885 | 0/78
 95 h-m-p  0.1773 2.3608   0.5873 +YC   22463.490501  1 0.4831  7968 | 0/78
 96 h-m-p  0.5364 2.6822   0.3959 YCCC  22461.499837  3 1.3597  8132 | 0/78
 97 h-m-p  0.5467 2.7337   0.6185 CCC   22460.139219  2 0.7863  8295 | 0/78
 98 h-m-p  0.6636 6.6050   0.7329 +YC   22457.468175  1 1.7032  8456 | 0/78
 99 h-m-p  1.6000 8.0000   0.7296 CYC   22455.512404  2 1.7794  8618 | 0/78
100 h-m-p  1.6000 8.0000   0.7371 CC    22453.812797  1 2.2154  8779 | 0/78
101 h-m-p  1.3368 6.6840   0.7091 CCC   22452.485716  2 2.2743  8942 | 0/78
102 h-m-p  1.1387 5.6937   0.3914 CCC   22452.069721  2 1.3191  9105 | 0/78
103 h-m-p  1.6000 8.0000   0.1059 C     22451.928040  0 1.6447  9264 | 0/78
104 h-m-p  1.6000 8.0000   0.0323 YC    22451.828026  1 2.8570  9424 | 0/78
105 h-m-p  1.6000 8.0000   0.0562 +YC   22451.633043  1 4.1293  9585 | 0/78
106 h-m-p  1.2837 8.0000   0.1806 YC    22451.501483  1 2.1135  9745 | 0/78
107 h-m-p  1.6000 8.0000   0.2096 C     22451.454710  0 1.7173  9904 | 0/78
108 h-m-p  1.6000 8.0000   0.0297 CC    22451.436859  1 2.0940 10065 | 0/78
109 h-m-p  1.6000 8.0000   0.0262 YC    22451.417245  1 2.7631 10225 | 0/78
110 h-m-p  1.5866 8.0000   0.0456 CC    22451.404270  1 2.1816 10386 | 0/78
111 h-m-p  1.6000 8.0000   0.0574 CC    22451.394646  1 2.4216 10547 | 0/78
112 h-m-p  1.6000 8.0000   0.0647 CC    22451.379216  1 2.5274 10708 | 0/78
113 h-m-p  1.6000 8.0000   0.0398 YC    22451.353395  1 2.9603 10868 | 0/78
114 h-m-p  1.3494 8.0000   0.0874 +CC   22451.311941  1 4.5979 11030 | 0/78
115 h-m-p  1.5034 8.0000   0.2672 CC    22451.267903  1 2.3881 11191 | 0/78
116 h-m-p  1.6000 8.0000   0.1423 C     22451.253024  0 1.7177 11350 | 0/78
117 h-m-p  1.6000 8.0000   0.1037 +C    22451.232813  0 5.8947 11510 | 0/78
118 h-m-p  1.4648 8.0000   0.4175 ++    22450.964815  m 8.0000 11669 | 0/78
119 h-m-p  1.1022 8.0000   3.0304 --------------Y 22450.964815  0 0.0000 11842 | 0/78
120 h-m-p  0.0001 0.0292 270.0012 ++++YYYYCYYYYY 22448.403889 10 0.0256 11938 | 0/78
121 h-m-p  0.8165 4.0824   2.6366 ----------------..  | 0/78
122 h-m-p  0.0000 0.0000 580.4755 CCC   22446.540096  2 0.0000 12118 | 0/78
123 h-m-p  0.0000 0.0001 262.6951 YCC   22446.226409  2 0.0000 12202 | 0/78
124 h-m-p  0.0000 0.0001 307.4456 CCC   22445.924005  2 0.0000 12287 | 0/78
125 h-m-p  0.0000 0.0001 210.1161 YYC   22445.788750  2 0.0000 12370 | 0/78
126 h-m-p  0.0000 0.0006 138.3252 YCC   22445.726134  2 0.0000 12454 | 0/78
127 h-m-p  0.0000 0.0001 169.8266 CC    22445.668170  1 0.0000 12537 | 0/78
128 h-m-p  0.0000 0.0003  96.8841 CC    22445.604271  1 0.0000 12620 | 0/78
129 h-m-p  0.0000 0.0003  82.3625 CY    22445.560794  1 0.0000 12703 | 0/78
130 h-m-p  0.0000 0.0007 108.4375 C     22445.523791  0 0.0000 12784 | 0/78
131 h-m-p  0.0000 0.0005  79.0668 YC    22445.506766  1 0.0000 12866 | 0/78
132 h-m-p  0.0000 0.0004  35.2268 C     22445.503077  0 0.0000 12947 | 0/78
133 h-m-p  0.0000 0.0029  19.7732 C     22445.499987  0 0.0000 13028 | 0/78
134 h-m-p  0.0000 0.0069  16.9589 YC    22445.495507  1 0.0001 13110 | 0/78
135 h-m-p  0.0001 0.0048  16.0815 YC    22445.493374  1 0.0000 13192 | 0/78
136 h-m-p  0.0001 0.0096   9.9961 Y     22445.492220  0 0.0000 13273 | 0/78
137 h-m-p  0.0001 0.0133   8.6189 C     22445.491439  0 0.0001 13354 | 0/78
138 h-m-p  0.0001 0.0329   6.6771 C     22445.490670  0 0.0001 13435 | 0/78
139 h-m-p  0.0001 0.0149   8.7591 Y     22445.489581  0 0.0001 13516 | 0/78
140 h-m-p  0.0000 0.0152  19.2560 YC    22445.487734  1 0.0001 13598 | 0/78
141 h-m-p  0.0000 0.0044  37.0874 C     22445.485374  0 0.0001 13679 | 0/78
142 h-m-p  0.0000 0.0047  48.2205 YC    22445.480095  1 0.0001 13761 | 0/78
143 h-m-p  0.0000 0.0065 148.3343 YC    22445.468242  1 0.0001 13843 | 0/78
144 h-m-p  0.0000 0.0019 262.8408 CC    22445.450463  1 0.0001 13926 | 0/78
145 h-m-p  0.0001 0.0024 327.0758 CC    22445.423375  1 0.0001 14009 | 0/78
146 h-m-p  0.0001 0.0019 467.1796 +YC   22445.353954  1 0.0001 14092 | 0/78
147 h-m-p  0.0001 0.0010 831.7873 C     22445.282194  0 0.0001 14173 | 0/78
148 h-m-p  0.0000 0.0005 1640.3557 YCCC  22445.126528  3 0.0001 14259 | 0/78
149 h-m-p  0.0001 0.0004 1399.7397 YC    22445.064925  1 0.0000 14341 | 0/78
150 h-m-p  0.0002 0.0015 366.8815 CC    22445.044596  1 0.0001 14424 | 0/78
151 h-m-p  0.0002 0.0042  98.5161 C     22445.040338  0 0.0000 14505 | 0/78
152 h-m-p  0.0001 0.0102  35.3140 YC    22445.038021  1 0.0001 14587 | 0/78
153 h-m-p  0.0002 0.0090  11.9720 C     22445.037342  0 0.0001 14668 | 0/78
154 h-m-p  0.0001 0.0371   7.3805 Y     22445.036994  0 0.0001 14749 | 0/78
155 h-m-p  0.0001 0.0086   4.6319 Y     22445.036835  0 0.0000 14830 | 0/78
156 h-m-p  0.0001 0.0741   3.1870 Y     22445.036657  0 0.0001 14911 | 0/78
157 h-m-p  0.0001 0.0568   2.3935 Y     22445.036553  0 0.0001 14992 | 0/78
158 h-m-p  0.0001 0.0650   3.1872 C     22445.036379  0 0.0001 15073 | 0/78
159 h-m-p  0.0001 0.0603   3.9447 Y     22445.036214  0 0.0001 15154 | 0/78
160 h-m-p  0.0001 0.0479   4.4411 C     22445.035947  0 0.0001 15235 | 0/78
161 h-m-p  0.0001 0.0544   6.5731 C     22445.035428  0 0.0002 15316 | 0/78
162 h-m-p  0.0000 0.0154  22.9452 +YC   22445.034037  1 0.0001 15399 | 0/78
163 h-m-p  0.0001 0.0223  41.3608 C     22445.032051  0 0.0001 15480 | 0/78
164 h-m-p  0.0001 0.0332  40.8340 C     22445.030177  0 0.0001 15561 | 0/78
165 h-m-p  0.0002 0.0363  21.3302 YC    22445.029096  1 0.0001 15643 | 0/78
166 h-m-p  0.0002 0.0290  10.2563 C     22445.028766  0 0.0001 15724 | 0/78
167 h-m-p  0.0002 0.0311   3.7199 C     22445.028639  0 0.0001 15805 | 0/78
168 h-m-p  0.0001 0.0625   1.7756 Y     22445.028550  0 0.0001 15886 | 0/78
169 h-m-p  0.0002 0.0760   1.5082 Y     22445.028458  0 0.0001 15967 | 0/78
170 h-m-p  0.0003 0.1745   1.1321 C     22445.028196  0 0.0003 16048 | 0/78
171 h-m-p  0.0001 0.0577   2.2755 C     22445.027836  0 0.0001 16129 | 0/78
172 h-m-p  0.0001 0.0564   3.7750 YC    22445.026379  1 0.0003 16211 | 0/78
173 h-m-p  0.0003 0.1442  10.1885 YC    22445.017752  1 0.0005 16293 | 0/78
174 h-m-p  0.0001 0.0151  40.5188 YC    22445.003511  1 0.0002 16375 | 0/78
175 h-m-p  0.0001 0.0203 103.0352 YC    22444.977873  1 0.0002 16457 | 0/78
176 h-m-p  0.0001 0.0044 151.4439 CC    22444.955925  1 0.0001 16540 | 0/78
177 h-m-p  0.0002 0.0217  56.5400 YC    22444.945848  1 0.0001 16622 | 0/78
178 h-m-p  0.0005 0.0185  12.3304 YC    22444.944421  1 0.0001 16704 | 0/78
179 h-m-p  0.0003 0.1030   3.4104 C     22444.944110  0 0.0001 16785 | 0/78
180 h-m-p  0.0002 0.0904   1.5760 Y     22444.944030  0 0.0001 16866 | 0/78
181 h-m-p  0.0009 0.4376   0.4370 -Y    22444.944021  0 0.0001 16948 | 0/78
182 h-m-p  0.0014 0.7116   0.2119 -C    22444.944018  0 0.0001 17108 | 0/78
183 h-m-p  0.0037 1.8707   0.1354 -Y    22444.944016  0 0.0002 17268 | 0/78
184 h-m-p  0.0024 1.1977   0.1000 -Y    22444.944013  0 0.0002 17428 | 0/78
185 h-m-p  0.0041 2.0267   0.1413 Y     22444.943996  0 0.0006 17587 | 0/78
186 h-m-p  0.0016 0.8167   0.7962 C     22444.943901  0 0.0005 17746 | 0/78
187 h-m-p  0.0004 0.2036   2.9442 C     22444.943549  0 0.0004 17905 | 0/78
188 h-m-p  0.0001 0.0550  10.6850 +C    22444.941624  0 0.0006 17987 | 0/78
189 h-m-p  0.0003 0.0294  19.9473 C     22444.941099  0 0.0001 18068 | 0/78
190 h-m-p  0.0007 0.0723   2.7548 Y     22444.941032  0 0.0001 18149 | 0/78
191 h-m-p  0.0004 0.2018   0.8707 C     22444.941016  0 0.0001 18230 | 0/78
192 h-m-p  0.0010 0.4863   0.3781 -C    22444.941012  0 0.0001 18390 | 0/78
193 h-m-p  0.0050 2.5203   0.0599 --C   22444.941012  0 0.0001 18551 | 0/78
194 h-m-p  0.0135 6.7726   0.0333 ---Y  22444.941012  0 0.0001 18713 | 0/78
195 h-m-p  0.0160 8.0000   0.0123 ---Y  22444.941012  0 0.0001 18875 | 0/78
196 h-m-p  0.0160 8.0000   0.0038 --Y   22444.941012  0 0.0002 19036 | 0/78
197 h-m-p  0.0160 8.0000   0.0039 Y     22444.941012  0 0.0032 19195 | 0/78
198 h-m-p  0.0160 8.0000   0.0555 Y     22444.941009  0 0.0023 19354 | 0/78
199 h-m-p  0.0010 0.4947   1.1663 C     22444.941002  0 0.0003 19513 | 0/78
200 h-m-p  0.0019 0.9652   0.6093 -Y    22444.940999  0 0.0002 19595 | 0/78
201 h-m-p  0.0051 2.5730   0.2297 --C   22444.940998  0 0.0001 19756 | 0/78
202 h-m-p  0.0379 8.0000   0.0007 ------C 22444.940998  0 0.0000 19921
Out..
lnL  = -22444.940998
19922 lfun, 39844 eigenQcodon, 1494150 P(t)

d123[*] =  0.03981  0.03378  0.14848  average  0.07402
    [B] =  0.17252  0.16451  0.17807  average  0.17170
accept  =  0.23077  0.20532  0.83383

w =  0.20532 dN =  0.03525 dS =  0.17170 d4 =  0.15660 (417.0 four-fold sites)
             dN*=  0.03314 dS*=  0.20465 S* = 648.66 N* =2072.34

d123[*] =  0.00705  0.00598  0.02628  average  0.01310
    [B] =  0.03054  0.02912  0.03152  average  0.03039
accept  =  0.23077  0.20532  0.83383

w =  0.20532 dN =  0.00624 dS =  0.03039 d4 =  0.02772 (417.0 four-fold sites)
             dN*=  0.00587 dS*=  0.03623 S* = 648.66 N* =2072.34

d123[*] =  0.00543  0.00461  0.02025  average  0.01010
    [B] =  0.02353  0.02244  0.02429  average  0.02342
accept  =  0.23077  0.20532  0.83383

w =  0.20532 dN =  0.00481 dS =  0.02342 d4 =  0.02136 (417.0 four-fold sites)
             dN*=  0.00452 dS*=  0.02792 S* = 648.66 N* =2072.34

d123[*] =  0.00707  0.00600  0.02636  average  0.01314
    [B] =  0.03062  0.02920  0.03161  average  0.03048
accept  =  0.23077  0.20532  0.83383

w =  0.20532 dN =  0.00626 dS =  0.03048 d4 =  0.02780 (417.0 four-fold sites)
             dN*=  0.00588 dS*=  0.03633 S* = 648.66 N* =2072.34

d123[*] =  0.01578  0.01339  0.05884  average  0.02933
    [B] =  0.06837  0.06519  0.07057  average  0.06804
accept  =  0.23077  0.20532  0.83383

w =  0.20532 dN =  0.01397 dS =  0.06804 d4 =  0.06206 (417.0 four-fold sites)
             dN*=  0.01313 dS*=  0.08110 S* = 648.66 N* =2072.34

d123[*] =  0.00243  0.00206  0.00906  average  0.00452
    [B] =  0.01053  0.01004  0.01087  average  0.01048
accept  =  0.23077  0.20532  0.83383

w =  0.20532 dN =  0.00215 dS =  0.01048 d4 =  0.00956 (417.0 four-fold sites)
             dN*=  0.00202 dS*=  0.01249 S* = 648.66 N* =2072.34

d123[*] =  0.00343  0.00291  0.01279  average  0.00638
    [B] =  0.01486  0.01417  0.01534  average  0.01479
accept  =  0.23077  0.20532  0.83383

w =  0.20532 dN =  0.00304 dS =  0.01479 d4 =  0.01349 (417.0 four-fold sites)
             dN*=  0.00285 dS*=  0.01763 S* = 648.66 N* =2072.34

d123[*] =  0.00393  0.00334  0.01466  average  0.00731
    [B] =  0.01704  0.01625  0.01759  average  0.01696
accept  =  0.23077  0.20532  0.83383

w =  0.20532 dN =  0.00348 dS =  0.01696 d4 =  0.01547 (417.0 four-fold sites)
             dN*=  0.00327 dS*=  0.02021 S* = 648.66 N* =2072.34

d123[*] =  0.00478  0.00405  0.01781  average  0.00888
    [B] =  0.02070  0.01973  0.02136  average  0.02060
accept  =  0.23077  0.20532  0.83383

w =  0.20532 dN =  0.00423 dS =  0.02060 d4 =  0.01879 (417.0 four-fold sites)
             dN*=  0.00398 dS*=  0.02455 S* = 648.66 N* =2072.34

d123[*] =  0.00085  0.00072  0.00316  average  0.00157
    [B] =  0.00367  0.00350  0.00379  average  0.00365
accept  =  0.23077  0.20532  0.83383

w =  0.20532 dN =  0.00075 dS =  0.00365 d4 =  0.00333 (417.0 four-fold sites)
             dN*=  0.00070 dS*=  0.00435 S* = 648.66 N* =2072.34

d123[*] =  0.00473  0.00401  0.01763  average  0.00879
    [B] =  0.02048  0.01953  0.02114  average  0.02039
accept  =  0.23077  0.20532  0.83383

w =  0.20532 dN =  0.00419 dS =  0.02039 d4 =  0.01859 (417.0 four-fold sites)
             dN*=  0.00393 dS*=  0.02430 S* = 648.66 N* =2072.34

d123[*] =  0.00287  0.00243  0.01069  average  0.00533
    [B] =  0.01242  0.01185  0.01282  average  0.01236
accept  =  0.23077  0.20532  0.83383

w =  0.20532 dN =  0.00254 dS =  0.01236 d4 =  0.01128 (417.0 four-fold sites)
             dN*=  0.00239 dS*=  0.01474 S* = 648.66 N* =2072.34

d123[*] =  0.00654  0.00555  0.02438  average  0.01215
    [B] =  0.02833  0.02701  0.02924  average  0.02819
accept  =  0.23077  0.20532  0.83383

w =  0.20532 dN =  0.00579 dS =  0.02819 d4 =  0.02571 (417.0 four-fold sites)
             dN*=  0.00544 dS*=  0.03360 S* = 648.66 N* =2072.34

d123[*] =  0.00846  0.00718  0.03156  average  0.01574
    [B] =  0.03667  0.03497  0.03785  average  0.03650
accept  =  0.23077  0.20532  0.83383

w =  0.20532 dN =  0.00749 dS =  0.03650 d4 =  0.03329 (417.0 four-fold sites)
             dN*=  0.00704 dS*=  0.04350 S* = 648.66 N* =2072.34

d123[*] =  0.01100  0.00934  0.04104  average  0.02046
    [B] =  0.04769  0.04547  0.04922  average  0.04746
accept  =  0.23077  0.20532  0.83383

w =  0.20532 dN =  0.00974 dS =  0.04746 d4 =  0.04329 (417.0 four-fold sites)
             dN*=  0.00916 dS*=  0.05657 S* = 648.66 N* =2072.34

d123[*] =  0.00145  0.00123  0.00540  average  0.00269
    [B] =  0.00627  0.00598  0.00648  average  0.00624
accept  =  0.23077  0.20532  0.83383

w =  0.20532 dN =  0.00128 dS =  0.00624 d4 =  0.00570 (417.0 four-fold sites)
             dN*=  0.00121 dS*=  0.00744 S* = 648.66 N* =2072.34

d123[*] =  0.00695  0.00590  0.02592  average  0.01292
    [B] =  0.03011  0.02871  0.03108  average  0.02997
accept  =  0.23077  0.20532  0.83383

w =  0.20532 dN =  0.00615 dS =  0.02997 d4 =  0.02733 (417.0 four-fold sites)
             dN*=  0.00578 dS*=  0.03572 S* = 648.66 N* =2072.34

d123[*] =  0.00109  0.00092  0.00406  average  0.00202
    [B] =  0.00472  0.00450  0.00487  average  0.00469
accept  =  0.23077  0.20532  0.83383

w =  0.20532 dN =  0.00096 dS =  0.00469 d4 =  0.00428 (417.0 four-fold sites)
             dN*=  0.00091 dS*=  0.00559 S* = 648.66 N* =2072.34

d123[*] =  0.01438  0.01220  0.05362  average  0.02673
    [B] =  0.06230  0.05940  0.06430  average  0.06200
accept  =  0.23077  0.20532  0.83383

w =  0.20532 dN =  0.01273 dS =  0.06200 d4 =  0.05655 (417.0 four-fold sites)
             dN*=  0.01197 dS*=  0.07390 S* = 648.66 N* =2072.34

d123[*] =  0.01007  0.00855  0.03757  average  0.01873
    [B] =  0.04366  0.04163  0.04506  average  0.04345
accept  =  0.23077  0.20532  0.83383

w =  0.20532 dN =  0.00892 dS =  0.04345 d4 =  0.03963 (417.0 four-fold sites)
             dN*=  0.00839 dS*=  0.05179 S* = 648.66 N* =2072.34

d123[*] =  0.02187  0.01856  0.08158  average  0.04067
    [B] =  0.09479  0.09039  0.09784  average  0.09434
accept  =  0.23077  0.20532  0.83383

w =  0.20532 dN =  0.01937 dS =  0.09434 d4 =  0.08604 (417.0 four-fold sites)
             dN*=  0.01821 dS*=  0.11244 S* = 648.66 N* =2072.34

d123[*] =  0.01460  0.01239  0.05446  average  0.02715
    [B] =  0.06328  0.06034  0.06532  average  0.06298
accept  =  0.23077  0.20532  0.83383

w =  0.20532 dN =  0.01293 dS =  0.06298 d4 =  0.05744 (417.0 four-fold sites)
             dN*=  0.01215 dS*=  0.07507 S* = 648.66 N* =2072.34

d123[*] =  0.01259  0.01068  0.04696  average  0.02341
    [B] =  0.05457  0.05203  0.05632  average  0.05431
accept  =  0.23077  0.20532  0.83383

w =  0.20532 dN =  0.01115 dS =  0.05431 d4 =  0.04953 (417.0 four-fold sites)
             dN*=  0.01048 dS*=  0.06473 S* = 648.66 N* =2072.34

d123[*] =  0.00279  0.00236  0.01039  average  0.00518
    [B] =  0.01207  0.01151  0.01246  average  0.01201
accept  =  0.23077  0.20532  0.83383

w =  0.20532 dN =  0.00247 dS =  0.01201 d4 =  0.01096 (417.0 four-fold sites)
             dN*=  0.00232 dS*=  0.01432 S* = 648.66 N* =2072.34

d123[*] =  0.00174  0.00148  0.00650  average  0.00324
    [B] =  0.00755  0.00720  0.00779  average  0.00751
accept  =  0.23077  0.20532  0.83383

w =  0.20532 dN =  0.00154 dS =  0.00751 d4 =  0.00685 (417.0 four-fold sites)
             dN*=  0.00145 dS*=  0.00896 S* = 648.66 N* =2072.34

d123[*] =  0.00553  0.00469  0.02062  average  0.01028
    [B] =  0.02396  0.02285  0.02473  average  0.02384
accept  =  0.23077  0.20532  0.83383

w =  0.20532 dN =  0.00490 dS =  0.02384 d4 =  0.02175 (417.0 four-fold sites)
             dN*=  0.00460 dS*=  0.02842 S* = 648.66 N* =2072.34

d123[*] =  0.00355  0.00301  0.01325  average  0.00660
    [B] =  0.01539  0.01468  0.01589  average  0.01532
accept  =  0.23077  0.20532  0.83383

w =  0.20532 dN =  0.00315 dS =  0.01532 d4 =  0.01397 (417.0 four-fold sites)
             dN*=  0.00296 dS*=  0.01826 S* = 648.66 N* =2072.34

d123[*] =  0.00976  0.00828  0.03639  average  0.01814
    [B] =  0.04228  0.04031  0.04364  average  0.04207
accept  =  0.23077  0.20532  0.83383

w =  0.20532 dN =  0.00864 dS =  0.04207 d4 =  0.03837 (417.0 four-fold sites)
             dN*=  0.00812 dS*=  0.05015 S* = 648.66 N* =2072.34

d123[*] =  0.02447  0.02076  0.09127  average  0.04550
    [B] =  0.10604  0.10112  0.10946  average  0.10554
accept  =  0.23077  0.20532  0.83383

w =  0.20532 dN =  0.02167 dS =  0.10554 d4 =  0.09626 (417.0 four-fold sites)
             dN*=  0.02037 dS*=  0.12580 S* = 648.66 N* =2072.34

d123[*] =  0.03032  0.02572  0.11308  average  0.05637
    [B] =  0.13138  0.12528  0.13561  average  0.13076
accept  =  0.23077  0.20532  0.83383

w =  0.20532 dN =  0.02685 dS =  0.13076 d4 =  0.11926 (417.0 four-fold sites)
             dN*=  0.02523 dS*=  0.15586 S* = 648.66 N* =2072.34

d123[*] =  0.02198  0.01865  0.08198  average  0.04087
    [B] =  0.09526  0.09083  0.09832  average  0.09480
accept  =  0.23077  0.20532  0.83383

w =  0.20532 dN =  0.01947 dS =  0.09480 d4 =  0.08647 (417.0 four-fold sites)
             dN*=  0.01830 dS*=  0.11300 S* = 648.66 N* =2072.34

d123[*] =  0.00347  0.00295  0.01296  average  0.00646
    [B] =  0.01505  0.01435  0.01554  average  0.01498
accept  =  0.23077  0.20532  0.83383

w =  0.20532 dN =  0.00308 dS =  0.01498 d4 =  0.01366 (417.0 four-fold sites)
             dN*=  0.00289 dS*=  0.01786 S* = 648.66 N* =2072.34

d123[*] =  0.02105  0.01786  0.07849  average  0.03913
    [B] =  0.09120  0.08696  0.09413  average  0.09076
accept  =  0.23077  0.20532  0.83383

w =  0.20532 dN =  0.01864 dS =  0.09076 d4 =  0.08278 (417.0 four-fold sites)
             dN*=  0.01752 dS*=  0.10818 S* = 648.66 N* =2072.34

d123[*] =  0.01188  0.01008  0.04429  average  0.02208
    [B] =  0.05146  0.04907  0.05312  average  0.05122
accept  =  0.23077  0.20532  0.83383

w =  0.20532 dN =  0.01052 dS =  0.05122 d4 =  0.04671 (417.0 four-fold sites)
             dN*=  0.00988 dS*=  0.06105 S* = 648.66 N* =2072.34

d123[*] =  0.00203  0.00172  0.00756  average  0.00377
    [B] =  0.00878  0.00838  0.00907  average  0.00874
accept  =  0.23077  0.20532  0.83383

w =  0.20532 dN =  0.00180 dS =  0.00874 d4 =  0.00797 (417.0 four-fold sites)
             dN*=  0.00169 dS*=  0.01042 S* = 648.66 N* =2072.34

d123[*] =  0.00260  0.00221  0.00970  average  0.00484
    [B] =  0.01127  0.01075  0.01164  average  0.01122
accept  =  0.23077  0.20532  0.83383

w =  0.20532 dN =  0.00230 dS =  0.01122 d4 =  0.01023 (417.0 four-fold sites)
             dN*=  0.00217 dS*=  0.01337 S* = 648.66 N* =2072.34

d123[*] =  0.00053  0.00045  0.00197  average  0.00098
    [B] =  0.00229  0.00218  0.00236  average  0.00228
accept  =  0.23077  0.20532  0.83383

w =  0.20532 dN =  0.00047 dS =  0.00228 d4 =  0.00208 (417.0 four-fold sites)
             dN*=  0.00044 dS*=  0.00271 S* = 648.66 N* =2072.34

d123[*] =  0.00294  0.00250  0.01098  average  0.00547
    [B] =  0.01276  0.01217  0.01317  average  0.01270
accept  =  0.23077  0.20532  0.83383

w =  0.20532 dN =  0.00261 dS =  0.01270 d4 =  0.01158 (417.0 four-fold sites)
             dN*=  0.00245 dS*=  0.01514 S* = 648.66 N* =2072.34

d123[*] =  0.00222  0.00188  0.00826  average  0.00412
    [B] =  0.00960  0.00916  0.00991  average  0.00956
accept  =  0.23077  0.20532  0.83383

w =  0.20532 dN =  0.00196 dS =  0.00956 d4 =  0.00871 (417.0 four-fold sites)
             dN*=  0.00184 dS*=  0.01139 S* = 648.66 N* =2072.34

d123[*] =  0.00409  0.00347  0.01525  average  0.00760
    [B] =  0.01772  0.01690  0.01829  average  0.01764
accept  =  0.23077  0.20532  0.83383

w =  0.20532 dN =  0.00362 dS =  0.01764 d4 =  0.01609 (417.0 four-fold sites)
             dN*=  0.00340 dS*=  0.02102 S* = 648.66 N* =2072.34

d123[*] =  0.00102  0.00087  0.00381  average  0.00190
    [B] =  0.00443  0.00422  0.00457  average  0.00441
accept  =  0.23077  0.20532  0.83383

w =  0.20532 dN =  0.00090 dS =  0.00441 d4 =  0.00402 (417.0 four-fold sites)
             dN*=  0.00085 dS*=  0.00525 S* = 648.66 N* =2072.34

d123[*] =  0.00060  0.00051  0.00225  average  0.00112
    [B] =  0.00262  0.00250  0.00270  average  0.00261
accept  =  0.23077  0.20532  0.83383

w =  0.20532 dN =  0.00054 dS =  0.00261 d4 =  0.00238 (417.0 four-fold sites)
             dN*=  0.00050 dS*=  0.00311 S* = 648.66 N* =2072.34

d123[*] =  0.01179  0.01000  0.04398  average  0.02192
    [B] =  0.05110  0.04872  0.05274  average  0.05085
accept  =  0.23077  0.20532  0.83383

w =  0.20532 dN =  0.01044 dS =  0.05085 d4 =  0.04638 (417.0 four-fold sites)
             dN*=  0.00981 dS*=  0.06061 S* = 648.66 N* =2072.34

d123[*] =  0.03975  0.03372  0.14823  average  0.07390
    [B] =  0.17223  0.16423  0.17777  average  0.17141
accept  =  0.23077  0.20532  0.83383

w =  0.20532 dN =  0.03519 dS =  0.17141 d4 =  0.15633 (417.0 four-fold sites)
             dN*=  0.03308 dS*=  0.20431 S* = 648.66 N* =2072.34

d123[*] =  0.00814  0.00758  0.01309  average  0.00960
    [B] =  0.01393  0.01329  0.01438  average  0.01387
accept  =  0.58424  0.57048  0.91019

w =  0.57048 dN =  0.00791 dS =  0.01387 d4 =  0.01265 (417.0 four-fold sites)
             dN*=  0.00744 dS*=  0.01653 S* = 648.66 N* =2072.34

d123[*] =  0.00723  0.00614  0.02698  average  0.01345
    [B] =  0.03135  0.02989  0.03236  average  0.03120
accept  =  0.23077  0.20532  0.83383

w =  0.20532 dN =  0.00641 dS =  0.03120 d4 =  0.02846 (417.0 four-fold sites)
             dN*=  0.00602 dS*=  0.03719 S* = 648.66 N* =2072.34

d123[*] =  0.00526  0.00446  0.01963  average  0.00978
    [B] =  0.02280  0.02174  0.02354  average  0.02269
accept  =  0.23077  0.20532  0.83383

w =  0.20532 dN =  0.00466 dS =  0.02269 d4 =  0.02070 (417.0 four-fold sites)
             dN*=  0.00438 dS*=  0.02705 S* = 648.66 N* =2072.34

d123[*] =  0.04663  0.03956  0.17392  average  0.08671
    [B] =  0.20208  0.19270  0.20858  average  0.20112
accept  =  0.23077  0.20532  0.83383

w =  0.20532 dN =  0.04129 dS =  0.20112 d4 =  0.18343 (417.0 four-fold sites)
             dN*=  0.03881 dS*=  0.23972 S* = 648.66 N* =2072.34

d123[*] =  0.02020  0.01714  0.07535  average  0.03756
    [B] =  0.08755  0.08348  0.09037  average  0.08713
accept  =  0.23077  0.20532  0.83383

w =  0.20532 dN =  0.01789 dS =  0.08713 d4 =  0.07947 (417.0 four-fold sites)
             dN*=  0.01682 dS*=  0.10386 S* = 648.66 N* =2072.34

d123[*] =  0.02282  0.01936  0.08511  average  0.04243
    [B] =  0.09889  0.09430  0.10207  average  0.09842
accept  =  0.23077  0.20532  0.83383

w =  0.20532 dN =  0.02021 dS =  0.09842 d4 =  0.08976 (417.0 four-fold sites)
             dN*=  0.01899 dS*=  0.11731 S* = 648.66 N* =2072.34

d123[*] =  0.04301  0.03649  0.16040  average  0.07997
    [B] =  0.18637  0.17772  0.19237  average  0.18549
accept  =  0.23077  0.20532  0.83383

w =  0.20532 dN =  0.03808 dS =  0.18549 d4 =  0.16917 (417.0 four-fold sites)
             dN*=  0.03580 dS*=  0.22108 S* = 648.66 N* =2072.34

d123[*] =  0.02493  0.02115  0.09299  average  0.04636
    [B] =  0.10805  0.10303  0.11152  average  0.10753
accept  =  0.23077  0.20532  0.83383

w =  0.20532 dN =  0.02208 dS =  0.10753 d4 =  0.09808 (417.0 four-fold sites)
             dN*=  0.02075 dS*=  0.12817 S* = 648.66 N* =2072.34

d123[*] =  0.00081  0.00069  0.00304  average  0.00151
    [B] =  0.00353  0.00337  0.00364  average  0.00351
accept  =  0.23077  0.20532  0.83383

w =  0.20532 dN =  0.00072 dS =  0.00351 d4 =  0.00320 (417.0 four-fold sites)
             dN*=  0.00068 dS*=  0.00419 S* = 648.66 N* =2072.34

d123[*] =  0.00673  0.00571  0.02511  average  0.01252
    [B] =  0.02917  0.02782  0.03011  average  0.02903
accept  =  0.23077  0.20532  0.83383

w =  0.20532 dN =  0.00596 dS =  0.02903 d4 =  0.02648 (417.0 four-fold sites)
             dN*=  0.00560 dS*=  0.03460 S* = 648.66 N* =2072.34

d123[*] =  0.00492  0.00418  0.01836  average  0.00915
    [B] =  0.02134  0.02035  0.02202  average  0.02124
accept  =  0.23077  0.20532  0.83383

w =  0.20532 dN =  0.00436 dS =  0.02124 d4 =  0.01937 (417.0 four-fold sites)
             dN*=  0.00410 dS*=  0.02531 S* = 648.66 N* =2072.34

d123[*] =  0.00354  0.00301  0.01321  average  0.00659
    [B] =  0.01535  0.01464  0.01585  average  0.01528
accept  =  0.23077  0.20532  0.83383

w =  0.20532 dN =  0.00314 dS =  0.01528 d4 =  0.01394 (417.0 four-fold sites)
             dN*=  0.00295 dS*=  0.01821 S* = 648.66 N* =2072.34

d123[*] =  0.02102  0.01784  0.07840  average  0.03909
    [B] =  0.09110  0.08687  0.09403  average  0.09066
accept  =  0.23077  0.20532  0.83383

w =  0.20532 dN =  0.01862 dS =  0.09066 d4 =  0.08269 (417.0 four-fold sites)
             dN*=  0.01750 dS*=  0.10807 S* = 648.66 N* =2072.34

d123[*] =  0.01510  0.01281  0.05632  average  0.02808
    [B] =  0.06544  0.06240  0.06754  average  0.06513
accept  =  0.23077  0.20532  0.83383

w =  0.20532 dN =  0.01337 dS =  0.06513 d4 =  0.05940 (417.0 four-fold sites)
             dN*=  0.01257 dS*=  0.07763 S* = 648.66 N* =2072.34

d123[*] =  0.00132  0.00112  0.00491  average  0.00245
    [B] =  0.00571  0.00544  0.00589  average  0.00568
accept  =  0.23077  0.20532  0.83383

w =  0.20532 dN =  0.00117 dS =  0.00568 d4 =  0.00518 (417.0 four-fold sites)
             dN*=  0.00110 dS*=  0.00677 S* = 648.66 N* =2072.34

d123[*] =  0.00453  0.00384  0.01688  average  0.00842
    [B] =  0.01961  0.01870  0.02025  average  0.01952
accept  =  0.23077  0.20532  0.83383

w =  0.20532 dN =  0.00401 dS =  0.01952 d4 =  0.01780 (417.0 four-fold sites)
             dN*=  0.00377 dS*=  0.02327 S* = 648.66 N* =2072.34

d123[*] =  0.00177  0.00150  0.00659  average  0.00328
    [B] =  0.00765  0.00730  0.00790  average  0.00761
accept  =  0.23077  0.20532  0.83383

w =  0.20532 dN =  0.00156 dS =  0.00761 d4 =  0.00695 (417.0 four-fold sites)
             dN*=  0.00147 dS*=  0.00908 S* = 648.66 N* =2072.34

d123[*] =  0.02193  0.01861  0.08180  average  0.04078
    [B] =  0.09504  0.09063  0.09810  average  0.09459
accept  =  0.23077  0.20532  0.83383

w =  0.20532 dN =  0.01942 dS =  0.09459 d4 =  0.08627 (417.0 four-fold sites)
             dN*=  0.01826 dS*=  0.11275 S* = 648.66 N* =2072.34

d123[*] =  0.02189  0.01857  0.08165  average  0.04071
    [B] =  0.09487  0.09046  0.09792  average  0.09442
accept  =  0.23077  0.20532  0.83383

w =  0.20532 dN =  0.01939 dS =  0.09442 d4 =  0.08611 (417.0 four-fold sites)
             dN*=  0.01822 dS*=  0.11254 S* = 648.66 N* =2072.34

d123[*] =  0.00476  0.00404  0.01777  average  0.00886
    [B] =  0.02064  0.01969  0.02131  average  0.02055
accept  =  0.23077  0.20532  0.83383

w =  0.20532 dN =  0.00422 dS =  0.02055 d4 =  0.01874 (417.0 four-fold sites)
             dN*=  0.00397 dS*=  0.02449 S* = 648.66 N* =2072.34

d123[*] =  0.00678  0.00575  0.02527  average  0.01260
    [B] =  0.02936  0.02800  0.03031  average  0.02922
accept  =  0.23077  0.20532  0.83383

w =  0.20532 dN =  0.00600 dS =  0.02922 d4 =  0.02665 (417.0 four-fold sites)
             dN*=  0.00564 dS*=  0.03483 S* = 648.66 N* =2072.34

d123[*] =  0.00719  0.00610  0.02681  average  0.01336
    [B] =  0.03115  0.02970  0.03215  average  0.03100
accept  =  0.23077  0.20532  0.83383

w =  0.20532 dN =  0.00636 dS =  0.03100 d4 =  0.02827 (417.0 four-fold sites)
             dN*=  0.00598 dS*=  0.03695 S* = 648.66 N* =2072.34

d123[*] =  0.00335  0.00284  0.01251  average  0.00623
    [B] =  0.01453  0.01386  0.01500  average  0.01446
accept  =  0.23077  0.20532  0.83383

w =  0.20532 dN =  0.00297 dS =  0.01446 d4 =  0.01319 (417.0 four-fold sites)
             dN*=  0.00279 dS*=  0.01724 S* = 648.66 N* =2072.34

d123[*] =  0.01266  0.01074  0.04722  average  0.02354
    [B] =  0.05486  0.05232  0.05663  average  0.05460
accept  =  0.23077  0.20532  0.83383

w =  0.20532 dN =  0.01121 dS =  0.05460 d4 =  0.04980 (417.0 four-fold sites)
             dN*=  0.01054 dS*=  0.06508 S* = 648.66 N* =2072.34

d123[*] =  0.00833  0.00707  0.03106  average  0.01549
    [B] =  0.03609  0.03442  0.03726  average  0.03592
accept  =  0.23077  0.20532  0.83383

w =  0.20532 dN =  0.00738 dS =  0.03592 d4 =  0.03276 (417.0 four-fold sites)
             dN*=  0.00693 dS*=  0.04282 S* = 648.66 N* =2072.34

d123[*] =  0.00864  0.00733  0.03222  average  0.01606
    [B] =  0.03744  0.03570  0.03865  average  0.03726
accept  =  0.23077  0.20532  0.83383

w =  0.20532 dN =  0.00765 dS =  0.03726 d4 =  0.03398 (417.0 four-fold sites)
             dN*=  0.00719 dS*=  0.04441 S* = 648.66 N* =2072.34

d123[*] =  0.00916  0.00777  0.03417  average  0.01703
    [B] =  0.03970  0.03786  0.04098  average  0.03951
accept  =  0.23077  0.20532  0.83383

w =  0.20532 dN =  0.00811 dS =  0.03951 d4 =  0.03604 (417.0 four-fold sites)
             dN*=  0.00763 dS*=  0.04709 S* = 648.66 N* =2072.34

d123[*] =  0.02808  0.02383  0.10474  average  0.05221
    [B] =  0.12169  0.11604  0.12561  average  0.12111
accept  =  0.23077  0.20532  0.83383

w =  0.20532 dN =  0.02487 dS =  0.12111 d4 =  0.11046 (417.0 four-fold sites)
             dN*=  0.02337 dS*=  0.14436 S* = 648.66 N* =2072.34

d123[*] =  0.02848  0.02416  0.10622  average  0.05295
    [B] =  0.12341  0.11768  0.12738  average  0.12283
accept  =  0.23077  0.20532  0.83383

w =  0.20532 dN =  0.02522 dS =  0.12283 d4 =  0.11202 (417.0 four-fold sites)
             dN*=  0.02370 dS*=  0.14640 S* = 648.66 N* =2072.34

d123[*] =  0.00660  0.00560  0.02461  average  0.01227
    [B] =  0.02860  0.02727  0.02952  average  0.02846
accept  =  0.23077  0.20532  0.83383

w =  0.20532 dN =  0.00584 dS =  0.02846 d4 =  0.02596 (417.0 four-fold sites)
             dN*=  0.00549 dS*=  0.03392 S* = 648.66 N* =2072.34

d123[*] =  0.00476  0.00403  0.01773  average  0.00884
    [B] =  0.02061  0.01965  0.02127  average  0.02051
accept  =  0.23077  0.20532  0.83383

w =  0.20532 dN =  0.00421 dS =  0.02051 d4 =  0.01870 (417.0 four-fold sites)
             dN*=  0.00396 dS*=  0.02444 S* = 648.66 N* =2072.34
end of tree file.

Time used: 29:37
