   SW   perc perc perc  query          position in query    matching   repeat               position in repeat
score   div. del. ins.  sequence       begin end   (left)   repeat     class/family       begin  end    (left)  ID

  413   15.6  0.0  0.0  Down_1K_flank    528   591  (409) C Bov-tA3    SINE/tRNA-Core-RTE    (7)    206    143   1  
 1989   12.1  0.3  1.4  Down_1K_flank    592   884  (116) C BovB_Oa    LINE/RTE-BovB        (77)   3182   2893   2  
 1922    8.9  0.0  8.8  Intron1           71   366 (2571) C BOV-A2     SINE/Core-RTE         (0)    272      1   3  
 2031    8.7  2.2  0.0  Intron1         1175  1451 (1486) C L1-2_BT    LINE/L1               (0)   2015   1733   4  
  258   25.9  8.3  0.8  Intron1         1805  1913 (1024) C L2a        LINE/L2               (2)   3424   3308   5  
  229   35.5  0.0  0.0  Intron1         2138  2230  (707) C L2a        LINE/L2               (1)   3425   3333   6  
  277   21.5  4.1  5.2  Intron1         2545  2642  (295) + Tigger10   DNA/TcMar-Tigger     1843   1939  (159)   7  
  235   33.0 13.3  3.7  Intron2          321   623 (1739) C L2b        LINE/L2             (208)   3167   2833   8  
  700   24.1  7.3  2.3  Intron2         1680  1883  (479) + MER58C     DNA/hAT-Charlie         2    215    (0)   9  
   23    6.3  0.0  5.7  Intron3         1130  1166 (6283) + (AC)n      Simple_repeat           1     35    (0)  10  
  574   24.1  0.6  5.8  Intron3         2529  2691 (4758) C MER5A1     DNA/hAT-Charlie       (0)    166     12  11  
  203   33.1  9.2  5.9  Intron3         2977  3172 (4277) C L2         LINE/L2             (804)   2615   2414  12  
  812   13.4  0.0  0.0  Intron3         3280  3398 (4051) + Bov-tA2    SINE/tRNA-Core-RTE      5    123   (89)  13  
 1060   13.6  8.7  0.5  Intron3         3399  3583 (3866) + Bov-tA2    SINE/tRNA-Core-RTE      5    204    (8)  14  
 2105   11.8  2.2  0.0  Intron3         3675  3989 (3460) + BovB_Oa    LINE/RTE-BovB        2859   3180   (79)  15  
  417   18.6  0.0  1.4  Intron3         3990  4053 (3396) + Bov-tA3    SINE/tRNA-Core-RTE    141    204    (9)  16  
   28    0.0  0.0  0.0  Intron3         4054  4080 (3369) + (ACTGA)n   Simple_repeat           1     27    (0)  17  
 1337   12.9  0.5  2.5  Intron3         5599  5804 (1645) + Bov-tA2    SINE/tRNA-Core-RTE      5    206    (6)  18  
 1059   18.7  2.1  0.5  Intron3         5926  6119 (1330) C Bov-tA2    SINE/tRNA-Core-RTE   (12)    200      4  19  
   21    7.7  0.0  0.0  Intron3         6377  6404 (1045) + (A)n       Simple_repeat           1     28    (0)  20  
 1202   16.2  1.8  0.5  Intron3         6767  6983  (466) C Bov-tA1    SINE/tRNA-Core-RTE    (3)    224      5  21  
 1874   26.9 11.7  2.5  Intron4           44   904 (1914) + L2         LINE/L2              1013   1951 (1468)  22  
 1073   27.6 13.9  2.8  Intron4          966  1130 (1688) + L2         LINE/L2              2082   2252 (1167)  22  
  635   24.8  0.0  0.0  Intron4         1131  1255 (1563) C SINE2-2_BT SINE/tRNA             (0)    125      1  23  
 1073   27.6 13.9  2.8  Intron4         1256  1664 (1154) + L2         LINE/L2              2253   2717  (702)  22  
  828   23.1 13.0  0.8  Up_1K_flank        1   231  (769) + MLT1A0     LTR/ERVL-MaLR         107    365    (0)  24  
  327   28.7 11.6  2.0  Up_1K_flank      260   447  (553) C MIRb       SINE/MIR             (47)    215     17  25  
