   SW   perc perc perc  query          position in query    matching   repeat               position in repeat
score   div. del. ins.  sequence       begin end   (left)   repeat     class/family       begin  end    (left)  ID

  217   36.4  7.3  0.0  Down_1K_flank    422   531  (469) C L2d2       LINE/L2              (24)   3440   3323   1  
  418   12.5  0.0  0.0  Down_1K_flank    543   606  (394) C Bov-tA3    SINE/tRNA-Core-RTE    (7)    206    143   2  
 2000   11.4  0.3  1.4  Down_1K_flank    607   899  (101) C BovB_Oa    LINE/RTE-BovB        (77)   3182   2893   3  
 1033    7.7  0.0  0.0  Exon3            410   539  (425) C BOV-A2     SINE/Core-RTE         (0)    272    143   4  
 1057    8.3  0.0  0.0  Exon4             37   169  (769) C BOV-A2     SINE/Core-RTE         (0)    272    140   5  
 2595   10.4  0.0  0.0  Exon4            170   526  (412) + BovB       LINE/RTE-BovB        3412   3768   (79)   6  
  374   18.2  1.5  0.0  Exon4            527   592  (346) + Bov-tA3    SINE/tRNA-Core-RTE    141    207    (6)   7  
 1189    7.0  0.0  0.0  Exon4            609   751  (187) C BOV-A2     SINE/Core-RTE       (129)    143      1   8  
  199   27.9  0.0 12.9  Intron1          678   747 (1925) + MIRc       SINE/MIR               88    149  (119)   9  
 1955    7.4  5.2  0.0  Intron1          913  1181 (1491) C L1-2_BT    LINE/L1               (0)   2015   1733  10  
  231   26.6  7.1  6.2  Intron1         1537  1648 (1024) C L2a        LINE/L2               (4)   3422   3310  11  
  220   25.9  0.0  0.0  Intron1         1849  1902  (770) C L2a        LINE/L2               (0)   3426   3373  12  
  215   31.7 11.8  3.9  Intron2          336   631 (1727) C L2c        LINE/L2             (224)   3163   2833  13  
  256   31.0  7.4  1.5  Intron2          668   857 (1501) + Tigger15a  DNA/TcMar-Tigger       68    268  (447)  14  
   15   14.4  0.0  0.0  Intron2         1506  1529  (829) + (A)n       Simple_repeat           1     24    (0)  15  
  609   24.8  8.3  3.7  Intron2         1675  1879  (479) + MER58C     DNA/hAT-Charlie         2    215    (0)  16  
  583   25.8  1.2  2.4  Intron3         2527  2693 (4347) C MER5A1     DNA/hAT-Charlie       (0)    166      2  17  
  282   30.0  9.9  4.5  Intron3         2969  3160 (3880) C L2         LINE/L2             (804)   2615   2414  18  
  744   16.8  0.0  0.0  Intron3         3265  3383 (3657) + Bov-tA2    SINE/tRNA-Core-RTE      5    123   (89)  19  
 1236   10.3  8.1  0.0  Intron3         3384  3568 (3472) + Bov-tA2    SINE/tRNA-Core-RTE      5    204    (8)  20  
   16   20.8  0.0  0.0  Intron3         4550  4582 (2458) + (T)n       Simple_repeat           1     33    (0)  21  
  206   34.8  6.7  0.0  Intron3         4908  4996 (2044) C MIRc       SINE/MIR            (165)    103      9  22  
 1415   12.4  0.5  0.5  Intron3         5188  5389 (1651) + Bov-tA2    SINE/tRNA-Core-RTE      5    206    (6)  23  
 1080   17.6  2.1  0.5  Intron3         5511  5704 (1336) C Bov-tA2    SINE/tRNA-Core-RTE   (12)    200      4  24  
  219   31.2 13.7  4.0  Intron3         6284  6344  (696) C MIR        SINE/MIR              (6)    256    197  25  
 1309   15.6  0.9  0.5  Intron3         6345  6563  (477) C Bov-tA1    SINE/tRNA-Core-RTE    (3)    224      5  26  
  219   31.2 13.7  4.0  Intron3         6564  6728  (312) C MIR        SINE/MIR             (66)    196     10  25  
   21    4.1  0.0  0.0  Intron3         6921  6945   (95) + (T)n       Simple_repeat           1     25    (0)  27  
 1882   26.9 12.1  2.5  Intron4           44   905 (2480) + L2         LINE/L2              1013   1954 (1465)  28  
  918   26.9 14.0  3.8  Intron4          964  1136 (2249) + L2         LINE/L2              2082   2254 (1165)  28  
  717   19.4  0.8  0.0  Intron4         1137  1260 (2125) C SINE2-2_BT SINE/tRNA             (0)    125      1  29  
  918   26.9 14.0  3.8  Intron4         1261  1666 (1719) + L2         LINE/L2              2255   2717  (702)  28  
   19    0.0  0.0  0.0  Intron4         2157  2177 (1208) + (A)n       Simple_repeat           1     21    (0)  30  
 3875    4.9  0.6  0.0  Intron4         2562  3030  (355) + BovB       LINE/RTE-BovB        3297   3831   (16)  31  
  418   16.4  0.0  0.0  Intron4         3031  3097  (288) + Bov-tA3    SINE/tRNA-Core-RTE    141    207    (6)  32  
 3875    4.9  0.6  0.0  Intron4         3098  3109  (276) + BovB       LINE/RTE-BovB        3832   3847    (0)  31  
 1104   20.3 11.2  0.7  Up_1K_flank        1   258  (742) + MLT1A0     LTR/ERVL-MaLR          81    365    (0)  33  
  357   33.1  8.3  1.7  Up_1K_flank      267   484  (516) C MIRb       SINE/MIR             (28)    240      9  34  
