   SW   perc perc perc  query          position in query     matching   repeat               position in repeat
score   div. del. ins.  sequence       begin end    (left)   repeat     class/family       begin  end    (left)  ID

  204   37.3  7.3  0.0  Down_1K_flank    427   536   (466) C L2d2       LINE/L2              (24)   3440   3323   1  
  384   16.9  0.0  1.4  Down_1K_flank    542   613   (389) C Bov-tA2    SINE/tRNA-Core-RTE    (4)    208    138   2  
 1988   11.2  0.3  1.4  Down_1K_flank    614   904    (98) C BovB_Oa    LINE/RTE-BovB        (79)   3180   2893   3  
 1043    6.2  0.0  0.0  Exon3            415   543   (416) C BOV-A2     SINE/Core-RTE         (1)    271    143   4  
 1089    6.8  0.0  0.0  Exon4             37   169   (770) C BOV-A2     SINE/Core-RTE         (0)    272    140   5  
 2615    8.7  0.0  0.0  Exon4            170   526   (413) + BovB       LINE/RTE-BovB        3412   3831   (16)   6  
  399   19.4  0.0  0.0  Exon4            527   593   (346) + Bov-tA3    SINE/tRNA-Core-RTE    141    207    (6)   7  
 2615    8.7  0.0  0.0  Exon4            594   605   (334) + BovB       LINE/RTE-BovB        3832   3847    (0)   6  
 1190    7.0  0.0  0.0  Exon4            610   752   (187) C BOV-A2     SINE/Core-RTE       (129)    143      1   8  
 1941    7.8  5.2  0.0  Intron1          914  1182  (1466) C L1-2_BT    LINE/L1               (0)   2015   1733   9  
  230   27.6  7.1  6.2  Intron1         1538  1649   (999) C L2a        LINE/L2               (4)   3422   3310  10  
  219   37.1  0.0  0.0  Intron1         1876  1964   (684) C L2a        LINE/L2               (1)   3425   3337  11  
  188   34.0 16.2  3.2  Intron2          410   631  (1728) C L2         LINE/L2             (337)   3082   2833  12  
  251   31.5  7.4  1.5  Intron2          666   855  (1504) + Tigger15a  DNA/TcMar-Tigger       68    268  (447)  13  
   20    8.0  0.0  0.0  Intron2         1507  1533   (826) + (A)n       Simple_repeat           1     27    (0)  14  
  687   22.4  8.9  3.3  Intron2         1678  1880   (479) + MER58C     DNA/hAT-Charlie         2    215    (0)  15  
   16    5.2  0.0  0.0  Intron3         1041  1060 (11293) + (A)n       Simple_repeat           1     20    (0)  16  
  570   26.4  1.2  2.4  Intron3         2495  2661  (9692) C MER5A1     DNA/hAT-Charlie       (0)    166      2  17  
  282   31.1 12.0  1.5  Intron3         2937  3119  (9234) C L2         LINE/L2             (804)   2615   2414  18  
  739   17.6  0.0  0.0  Intron3         3227  3345  (9008) + Bov-tA2    SINE/tRNA-Core-RTE      5    123   (89)  19  
 1222   10.8  8.1  0.0  Intron3         3346  3530  (8823) + Bov-tA2    SINE/tRNA-Core-RTE      5    204    (8)  20  
  205   34.8  6.7  0.0  Intron3         4865  4953  (7400) C MIRc       SINE/MIR            (165)    103      9  21  
 1296   14.9  0.5  0.5  Intron3         5145  5346  (7007) + Bov-tA2    SINE/tRNA-Core-RTE      5    206    (6)  22  
 1015   19.2  2.1  0.5  Intron3         5468  5661  (6692) C Bov-tA2    SINE/tRNA-Core-RTE   (12)    200      4  23  
  205   34.8  6.7  0.0  Intron3         9469  9557  (2796) C MIRc       SINE/MIR            (165)    103      9  24  
 1296   14.9  0.5  0.5  Intron3         9749  9950  (2403) + Bov-tA2    SINE/tRNA-Core-RTE      5    206    (6)  25  
 1015   19.2  2.1  0.5  Intron3        10072 10265  (2088) C Bov-tA2    SINE/tRNA-Core-RTE   (12)    200      4  26  
  244   30.4 12.3  2.8  Intron3        10846 10906  (1447) C MIR        SINE/MIR              (6)    256    197  27  
 1298   16.1  0.9  0.5  Intron3        10907 11125  (1228) C Bov-tA1    SINE/tRNA-Core-RTE    (3)    224      5  28  
  244   30.4 12.3  2.8  Intron3        11126 11290  (1063) C MIR        SINE/MIR             (66)    196     10  27  
   16    9.7  0.0  0.0  Intron3        11483 11504   (849) + (T)n       Simple_repeat           1     22    (0)  29  
 1089    6.8  0.0  0.0  Intron3        11637 11769   (584) C BOV-A2     SINE/Core-RTE         (0)    272    140  30  
 2615    8.7  0.0  0.0  Intron3        11770 12126   (227) + BovB       LINE/RTE-BovB        3412   3831   (16)  31  
  399   19.4  0.0  0.0  Intron3        12127 12193   (160) + Bov-tA3    SINE/tRNA-Core-RTE    141    207    (6)  32  
 2615    8.7  0.0  0.0  Intron3        12194 12205   (148) + BovB       LINE/RTE-BovB        3832   3847    (0)  31  
 1190    7.0  0.0  0.0  Intron3        12210 12352     (1) C BOV-A2     SINE/Core-RTE       (129)    143      1  33  
 1682   28.1 10.8  3.8  Intron4           42   911  (2499) + L2         LINE/L2              1013   1941 (1478)  34  
 1020   25.7 13.6  4.7  Intron4          981  1157  (2253) + L2         LINE/L2              2082   2252 (1167)  34  
  510   24.1  6.9  0.0  Intron4         1158  1273  (2137) C SINE2-2_BT SINE/tRNA             (1)    124      1  35  
 1020   25.7 13.6  4.7  Intron4         1274  1682  (1728) + L2         LINE/L2              2253   2717  (702)  34  
   18    0.0  0.0  0.0  Intron4         2120  2139  (1271) + (A)n       Simple_repeat           1     20    (0)  36  
   16    0.0  0.0  0.0  Intron4         2182  2199  (1211) + (A)n       Simple_repeat           1     18    (0)  36  
 3994    4.5  0.0  0.0  Intron4         2584  3055   (355) + BovB       LINE/RTE-BovB        3297   3832   (15)  37  
  393   19.4  0.0  0.0  Intron4         3056  3122   (288) + BOV-A2     SINE/Core-RTE          49    115  (157)  38  
 3994    4.5  0.0  0.0  Intron4         3123  3134   (276) + BovB       LINE/RTE-BovB        3833   3847    (0)  37  
 1112   20.2 12.8  0.3  Up_1K_flank        1   258   (742) + MLT1A0     LTR/ERVL-MaLR          76    365    (0)  39  
  305   33.1  6.5  1.3  Up_1K_flank      294   484   (516) C MIRb       SINE/MIR             (54)    208      9  40  
