   SW   perc perc perc  query          position in query    matching   repeat               position in repeat
score   div. del. ins.  sequence       begin end   (left)   repeat     class/family       begin  end    (left)  ID

  204   37.3  7.3  0.0  Down_1K_flank    423   532  (468) C L2d2       LINE/L2              (24)   3440   3323   1  
  394   15.5  0.0  1.4  Down_1K_flank    538   609  (391) C Bov-tA2    SINE/tRNA-Core-RTE    (4)    208    138   2  
 1988   11.2  0.3  1.4  Down_1K_flank    610   900  (100) C BovB_Oa    LINE/RTE-BovB        (79)   3180   2893   3  
 1051    6.2  0.0  0.0  Exon3            411   540  (416) C BOV-A2     SINE/Core-RTE         (0)    272    143   4  
 1089    6.8  0.0  0.0  Exon4             37   169  (770) C BOV-A2     SINE/Core-RTE         (0)    272    140   5  
 2615    8.7  0.0  0.0  Exon4            170   526  (413) + BovB       LINE/RTE-BovB        3412   3831   (16)   6  
  399   19.4  0.0  0.0  Exon4            527   593  (346) + Bov-tA3    SINE/tRNA-Core-RTE    141    207    (6)   7  
 2615    8.7  0.0  0.0  Exon4            594   605  (334) + BovB       LINE/RTE-BovB        3832   3847    (0)   6  
 1190    7.0  0.0  0.0  Exon4            610   752  (187) C BOV-A2     SINE/Core-RTE       (129)    143      1   8  
 1941    7.8  5.2  0.0  Intron1          915  1183 (1466) C L1-2_BT    LINE/L1               (0)   2015   1733   9  
  230   27.6  7.1  6.2  Intron1         1539  1650  (999) C L2a        LINE/L2               (4)   3422   3310  10  
  219   37.1  0.0  0.0  Intron1         1877  1965  (684) C L2a        LINE/L2               (1)   3425   3337  11  
  188   34.0 16.2  3.2  Intron2          410   631 (1728) C L2         LINE/L2             (337)   3082   2833  12  
  262   31.0  7.4  1.5  Intron2          666   855 (1504) + Tigger15a  DNA/TcMar-Tigger       68    268  (447)  13  
   20    8.0  0.0  0.0  Intron2         1507  1533  (826) + (A)n       Simple_repeat           1     27    (0)  14  
  687   22.4  8.9  3.3  Intron2         1678  1880  (479) + MER58C     DNA/hAT-Charlie         2    215    (0)  15  
  570   26.4  1.2  2.4  Intron3         2496  2662 (4339) C MER5A1     DNA/hAT-Charlie       (0)    166      2  16  
  282   31.1 12.0  1.5  Intron3         2938  3120 (3881) C L2         LINE/L2             (804)   2615   2414  17  
  739   17.6  0.0  0.0  Intron3         3228  3346 (3655) + Bov-tA2    SINE/tRNA-Core-RTE      5    123   (89)  18  
 1222   10.8  8.1  0.0  Intron3         3347  3531 (3470) + Bov-tA2    SINE/tRNA-Core-RTE      5    204    (8)  19  
  205   34.8  6.7  0.0  Intron3         4866  4954 (2047) C MIRc       SINE/MIR            (165)    103      9  20  
 1296   14.9  0.5  0.5  Intron3         5146  5347 (1654) + Bov-tA2    SINE/tRNA-Core-RTE      5    206    (6)  21  
 1015   19.2  2.1  0.5  Intron3         5469  5662 (1339) C Bov-tA2    SINE/tRNA-Core-RTE   (12)    200      4  22  
  244   30.4 12.3  2.8  Intron3         6247  6307  (694) C MIR        SINE/MIR              (6)    256    197  23  
 1298   16.1  0.9  0.5  Intron3         6308  6526  (475) C Bov-tA1    SINE/tRNA-Core-RTE    (3)    224      5  24  
  244   30.4 12.3  2.8  Intron3         6527  6691  (310) C MIR        SINE/MIR             (66)    196     10  23  
   16    9.3  0.0  0.0  Intron3         6884  6906   (95) + (T)n       Simple_repeat           1     23    (0)  25  
 1688   27.9 10.8  4.0  Intron4           42   913 (2498) + L2         LINE/L2              1013   1941 (1478)  26  
 1020   25.7 13.6  4.7  Intron4          983  1159 (2252) + L2         LINE/L2              2082   2252 (1167)  26  
  510   24.1  6.9  0.0  Intron4         1160  1275 (2136) C SINE2-2_BT SINE/tRNA             (1)    124      1  27  
 1020   25.7 13.6  4.7  Intron4         1276  1684 (1727) + L2         LINE/L2              2253   2717  (702)  26  
   19    0.0  0.0  0.0  Intron4         2122  2142 (1269) + (A)n       Simple_repeat           1     21    (0)  28  
 4006    4.4  0.0  0.0  Intron4         2585  3056  (355) + BovB       LINE/RTE-BovB        3297   3832   (15)  29  
  393   19.4  0.0  0.0  Intron4         3057  3123  (288) + BOV-A2     SINE/Core-RTE          49    115  (157)  30  
 4006    4.4  0.0  0.0  Intron4         3124  3135  (276) + BovB       LINE/RTE-BovB        3833   3847    (0)  29  
 1098   20.6 12.8  0.3  Up_1K_flank        1   258  (742) + MLT1A0     LTR/ERVL-MaLR          76    365    (0)  31  
  305   33.1  6.5  1.3  Up_1K_flank      294   484  (516) C MIRb       SINE/MIR             (54)    208      9  32  
