   SW   perc perc perc  query                  position in query    matching  repeat               position in repeat
score   div. del. ins.  sequence               begin end   (left)   repeat    class/family       begin  end    (left)  ID

   15   17.9  0.0  0.0  Down_1K_flank            136   167  (833) + A-rich    Low_complexity          1     32    (0)   1  
  215   36.4  7.3  0.0  Down_1K_flank            427   536  (464) C L2d2      LINE/L2              (24)   3440   3323   2  
  398   16.9  0.0  0.0  Down_1K_flank            547   611  (389) C BOV-A2    SINE/Core-RTE       (157)    115     51   3  
 2008   10.5  5.1  0.3  Down_1K_flank            612   906   (94) C BovB_Oa   LINE/RTE-BovB        (77)   3182   2874   4  
 6047    5.3  0.0  0.0  Exon2                    234   245  (871) C BovB      LINE/RTE-BovB         (0)   3847   3836   5  
  454   13.4  0.0  0.0  Exon2                    246   312  (804) C Bov-tA3   SINE/tRNA-Core-RTE    (6)    207    141   6  
 6047    5.3  0.0  0.0  Exon2                    313  1040   (76) C BovB      LINE/RTE-BovB         (0)   3835   3041   5  
 1769    6.6 14.8  0.0  Exon3                    184   440  (658) C BovB      LINE/RTE-BovB         (0)   3847   3553   7  
 1733    9.5  4.0  8.7  Intron1                  908  1206 (1457) C L1-2_BT   LINE/L1               (0)   2015   1730   8  
  240   25.9  8.6  3.3  Intron1                 1563  1678  (985) C L2a       LINE/L2               (0)   3426   3305   9  
  193   26.4  0.0  0.0  Intron1                 1889  1941  (722) C L2a       LINE/L2               (1)   3425   3373  10  
  257   24.7  0.0  4.4  Intron1                 2467  2568   (95) + Tigger10  DNA/TcMar-Tigger     1943   2028   (70)  11  
  258   29.6 14.3  4.3  Intron2                  331   633 (2188) C L2b       LINE/L2             (208)   3167   2833  12  
  343   27.4  5.5  4.5  Intron2                  672   870 (1951) + Tigger15a DNA/TcMar-Tigger       68    268  (447)  13  
   13   24.8  0.0  0.0  Intron2                 1051  1088 (1733) + A-rich    Low_complexity          1     38    (0)  14  
  656   23.8  8.3  3.3  Intron2                 1700  1903  (918) + MER58C    DNA/hAT-Charlie         2    215    (0)  15  
 1750    6.6 14.9  0.0  Intron2                 2567  2821    (0) C BovB      LINE/RTE-BovB         (0)   3847   3555  16  
   16    0.0  0.0  0.0  Intron3_Exon4_Intron4   1060  1076 (5534) + (A)n      Simple_repeat           1     17    (0)  17  
  967    8.1  0.8  0.0  Intron3_Exon4_Intron4   3600  3722 (2888) C Bov-tA3   SINE/tRNA-Core-RTE    (0)    213     90  18  
  221   33.7  6.7  0.0  Intron3_Exon4_Intron4   4007  4095 (2515) C MIRc      SINE/MIR            (165)    103      9  19  
 1295   13.8  0.5  1.0  Intron3_Exon4_Intron4   4287  4491 (2119) + Bov-tA2   SINE/tRNA-Core-RTE      5    208    (4)  20  
   16    9.8  0.0  0.0  Intron3_Exon4_Intron4   4539  4560 (2050) + (A)n      Simple_repeat           1     22    (0)  21  
 1182   14.5  2.1  0.5  Intron3_Exon4_Intron4   4640  4833 (1777) C Bov-tA2   SINE/tRNA-Core-RTE   (12)    200      4  22  
  220   30.8 14.4  1.5  Intron3_Exon4_Intron4   5475  5489 (1121) C MIR       SINE/MIR             (50)    212    197  23  
 1296   16.5  0.9  0.5  Intron3_Exon4_Intron4   5490  5708  (902) C Bov-tA1   SINE/tRNA-Core-RTE    (3)    224      5  24  
  220   30.8 14.4  1.5  Intron3_Exon4_Intron4   5709  5873  (737) C MIR       SINE/MIR             (66)    196     10  23  
 2024    9.3  0.8  0.0  Intron3_Exon4_Intron4   5948  6215  (395) + BOV-A2    SINE/Core-RTE           1    270    (2)  25  
  817   20.6 14.3  0.8  Up_1K_flank                5   214  (786) + MLT1A0    LTR/ERVL-MaLR         128    365    (0)  26  
  354   35.0  8.3  1.7  Up_1K_flank              223   440  (560) C MIRb      SINE/MIR             (28)    240      9  27  
