   SW   perc perc perc  query          position in query    matching   repeat               position in repeat
score   div. del. ins.  sequence       begin end   (left)   repeat     class/family       begin  end    (left)  ID

  392   17.4  0.0  1.4  Down_1K_flank    531   600  (400) C Bov-tA2    SINE/tRNA-Core-RTE    (4)    208    140   1  
 1909    8.9  0.8  0.0  Down_1K_flank    601   858  (142) C BovB_Oa    LINE/RTE-BovB        (77)   3182   2923   2  
 1921    9.8  3.2  0.0  Intron1          903  1179 (1457) C L1-2_BT    LINE/L1               (0)   2015   1730   3  
  286   23.6 11.7  0.8  Intron1         1534  1644  (992) C L2a        LINE/L2               (7)   3419   3297   4  
  224   35.5  0.0  0.0  Intron1         1860  1952  (684) C L2a        LINE/L2               (1)   3425   3333   5  
  244   25.3  4.5  1.1  Intron1         2276  2363  (273) + Tigger15a  DNA/TcMar-Tigger      466    556  (159)   6  
  264   31.3 12.3  3.0  Intron2          331   627 (1732) C L2c        LINE/L2             (208)   3167   2833   7  
  300   32.8 10.8  2.1  Intron2          666  1054 (1305) + Tigger15a  DNA/TcMar-Tigger       68    489  (226)   8  
  519   23.4 11.0  3.7  Intron2         1685  1884  (475) + MER58C     DNA/hAT-Charlie         2    215    (0)   9  
   15   15.8  5.4  0.0  Intron3         1149  1185 (7355) + (ATAC)n    Simple_repeat           1     39    (0)  10  
  562   25.5  1.3  2.6  Intron3         2565  2721 (5819) C MER5A1     DNA/hAT-Charlie       (0)    166     12  11  
  291   30.5 11.2  4.0  Intron3         3008  3195 (5345) C L2         LINE/L2             (804)   2615   2415  12  
 1072    9.6 13.0  0.0  Intron3         3304  3480 (5060) + Bov-tA2    SINE/tRNA-Core-RTE      5    204    (8)  13  
  221   33.7  6.7  0.0  Intron3         4925  5013 (3527) C MIRc       SINE/MIR            (165)    103      9  14  
 1444   10.9  0.5  0.5  Intron3         5205  5406 (3134) + Bov-tA2    SINE/tRNA-Core-RTE      5    206    (6)  15  
 1150   15.1  2.6  0.5  Intron3         5525  5717 (2823) C Bov-tA2    SINE/tRNA-Core-RTE   (12)    200      4  16  
   17    0.0  0.0  0.0  Intron3         5983  6001 (2539) + (AC)n      Simple_repeat           1     19    (0)  17  
 1223   17.9  0.9  0.5  Intron3         6389  6607 (1933) C Bov-tA1    SINE/tRNA-Core-RTE    (3)    224      5  18  
  223   26.4 17.6  4.2  Intron3         6608  6772 (1768) C MIR        SINE/MIR             (66)    196     10  19  
10578    5.5  0.8  0.1  Intron3         6912  6931 (1609) + BovB       LINE/RTE-BovB        2373   2394 (1453)  20  
  519    7.2  1.4  0.0  Intron3         6932  7000 (1540) C BTLTR1     LTR/ERVK           (1130)    120     51  21  
10578    5.5  0.8  0.1  Intron3         7001  8297  (243) + BovB       LINE/RTE-BovB        2395   3831   (16)  20  
  373   20.9  0.0  0.0  Intron3         8298  8364  (176) + Bov-tA3    SINE/tRNA-Core-RTE    141    207    (6)  22  
10578    5.5  0.8  0.1  Intron3         8365  8376  (164) + BovB       LINE/RTE-BovB        3832   3847    (0)  20  
 1949   25.9 11.2  3.3  Intron4           59   905 (2447) + L2         LINE/L2              1031   1942 (1477)  23  
 1150   27.1 12.8  2.0  Intron4          976  1140 (2212) + L2         LINE/L2              2082   2251 (1168)  23  
  672   20.2  0.8  1.6  Intron4         1141  1266 (2086) C SINE2-2_BT SINE/tRNA             (0)    125      1  24  
 1150   27.1 12.8  2.0  Intron4         1267  1676 (1676) + L2         LINE/L2              2252   2717  (702)  23  
   12    8.9  4.2  0.0  Intron4         2161  2184 (1168) + (AAAC)n    Simple_repeat           1     25    (0)  25  
 3288    7.8  0.6  1.3  Intron4         2430  2883  (469) + BovB       LINE/RTE-BovB        3320   3832   (15)  26  
  382   16.7  1.5  0.0  Intron4         2884  2949  (403) + Bov-tA3    SINE/tRNA-Core-RTE    141    207    (6)  27  
 3288    7.8  0.6  1.3  Intron4         2950  2961  (391) + BovB       LINE/RTE-BovB        3833   3847    (0)  26  
  962   19.0 13.2  0.8  Up_1K_flank        5   216  (784) + MLT1A0     LTR/ERVL-MaLR         128    365    (0)  28  
  344   32.2  8.4  2.1  Up_1K_flank      225   449  (551) C MIRb       SINE/MIR             (28)    240      2  29  
