   SW   perc perc perc  query          position in query    matching   repeat               position in repeat
score   div. del. ins.  sequence       begin end   (left)   repeat     class/family       begin  end    (left)  ID

  392   17.4  0.0  1.4  Down_1K_flank    531   600  (400) C Bov-tA2    SINE/tRNA-Core-RTE    (4)    208    140   1  
 1917    8.9  0.8  0.0  Down_1K_flank    601   858  (142) C BovB_Oa    LINE/RTE-BovB        (77)   3182   2923   2  
 1921    9.8  3.2  0.0  Intron1          907  1183 (1457) C L1-2_BT    LINE/L1               (0)   2015   1730   3  
  286   23.6 11.7  0.8  Intron1         1538  1648  (992) C L2a        LINE/L2               (7)   3419   3297   4  
  224   35.5  0.0  0.0  Intron1         1864  1956  (684) C L2a        LINE/L2               (1)   3425   3333   5  
  244   25.3  4.5  1.1  Intron1         2280  2367  (273) + Tigger15a  DNA/TcMar-Tigger      466    556  (159)   6  
  264   31.3 12.3  3.0  Intron2          331   627 (1886) C L2c        LINE/L2             (208)   3167   2833   7  
  275   33.1 10.8  2.1  Intron2          666  1054 (1459) + Tigger15a  DNA/TcMar-Tigger       68    489  (226)   8  
  519   23.4 11.0  3.7  Intron2         1839  2038  (475) + MER58C     DNA/hAT-Charlie         2    215    (0)   9  
   15   13.8  0.0  5.7  Intron3         1148  1184 (6944) + (ATAC)n    Simple_repeat           1     35    (0)  10  
  562   25.5  1.3  2.6  Intron3         2560  2716 (5412) C MER5A1     DNA/hAT-Charlie       (0)    166     12  11  
  285   30.5 11.2  4.0  Intron3         3003  3190 (4938) C L2         LINE/L2             (804)   2615   2415  12  
 1111    9.6 12.4  0.0  Intron3         3299  3476 (4652) + Bov-tA2    SINE/tRNA-Core-RTE      5    204    (8)  13  
  221   33.7  6.7  0.0  Intron3         4921  5009 (3119) C MIRc       SINE/MIR            (165)    103      9  14  
 1444   10.9  0.5  0.5  Intron3         5201  5402 (2726) + Bov-tA2    SINE/tRNA-Core-RTE      5    206    (6)  15  
 1150   15.1  2.6  0.5  Intron3         5521  5713 (2415) C Bov-tA2    SINE/tRNA-Core-RTE   (12)    200      4  16  
   17    0.0  0.0  0.0  Intron3         5979  5997 (2131) + (AC)n      Simple_repeat           1     19    (0)  17  
 1223   17.9  0.9  0.5  Intron3         6383  6601 (1527) C Bov-tA1    SINE/tRNA-Core-RTE    (3)    224      5  18  
  223   26.4 17.6  4.2  Intron3         6602  6766 (1362) C MIR        SINE/MIR             (66)    196     10  19  
  806    2.2  0.6  0.0  Intron3         6906  6925 (1203) + BovB       LINE/RTE-BovB        2373   2403 (1444)  20  
  519    7.2  1.4  0.0  Intron3         6926  6994 (1134) C BTLTR1     LTR/ERVK           (1130)    120     51  21  
  806    2.2  0.6  0.0  Intron3         6995  7084 (1044) + BovB       LINE/RTE-BovB        2404   2552 (1295)  20  
 1787    6.7  4.2  0.8  Intron3         7439  7678  (450) + BovB       LINE/RTE-BovB        3215   3462  (385)  20  
  469    6.8  0.0  0.0  Intron3         7818  7885  (243) + BovB       LINE/RTE-BovB        3701   3822   (25)  20  
  373   20.9  0.0  0.0  Intron3         7886  7952  (176) + Bov-tA3    SINE/tRNA-Core-RTE    141    207    (6)  22  
  469    6.8  0.0  0.0  Intron3         7953  7964  (164) + BovB       LINE/RTE-BovB        3823   3847    (0)  20  
 1944   27.5  9.9  2.0  Intron4           59   904 (2447) + L2         LINE/L2              1031   1942 (1477)  23  
 1169   26.9 12.8  2.0  Intron4          975  1139 (2212) + L2         LINE/L2              2082   2251 (1168)  23  
  672   20.2  0.8  1.6  Intron4         1140  1265 (2086) C SINE2-2_BT SINE/tRNA             (0)    125      1  24  
 1169   26.9 12.8  2.0  Intron4         1266  1675 (1676) + L2         LINE/L2              2252   2717  (702)  23  
   15   13.9  0.0  0.0  Intron4         2158  2181 (1170) + (A)n       Simple_repeat           1     24    (0)  25  
 3315    7.6  0.6  1.3  Intron4         2429  2882  (469) + BovB       LINE/RTE-BovB        3320   3832   (15)  26  
  382   16.7  1.5  0.0  Intron4         2883  2948  (403) + Bov-tA3    SINE/tRNA-Core-RTE    141    207    (6)  27  
 3315    7.6  0.6  1.3  Intron4         2949  2960  (391) + BovB       LINE/RTE-BovB        3833   3847    (0)  26  
  343   32.3  7.6  0.6  Up_1K_flank        1   171  (829) C MIRb       SINE/MIR             (84)    184      2  28  
