   SW   perc perc perc  query          position in query    matching   repeat               position in repeat
score   div. del. ins.  sequence       begin end   (left)   repeat     class/family       begin  end    (left)  ID

  217   36.4  7.3  0.0  Down_1K_flank    426   535  (465) C L2d2       LINE/L2              (24)   3440   3323   1  
  444   11.6  0.0  1.4  Down_1K_flank    541   610  (390) C Bov-tA2    SINE/tRNA-Core-RTE    (4)    208    140   2  
 1979   11.8  0.3  1.4  Down_1K_flank    611   903   (97) C BovB_Oa    LINE/RTE-BovB        (77)   3182   2893   3  
   29    0.0  0.0  0.0  Exon3            398   424  (546) + (TGC)n     Simple_repeat           1     27    (0)   4  
  926    8.3  0.0  0.0  Exon3            426   546  (424) C BOV-A2     SINE/Core-RTE         (9)    263    143   5  
 1803   10.7  4.8  0.0  Intron1          966  1237 (1462) C L1-2_BT    LINE/L1               (0)   2015   1731   6  
  231   26.4  7.3  6.4  Intron1         1590  1698 (1001) C L2a        LINE/L2               (4)   3422   3313   7  
  219   37.1  0.0  0.0  Intron1         1926  2014  (685) C L2a        LINE/L2               (1)   3425   3337   8  
   19   13.3  0.0 10.9  Intron2          382   442 (1956) + GA-rich    Low_complexity          1     55    (0)   9  
  256   30.8 16.7  3.6  Intron2          444   665 (1733) C L2         LINE/L2             (337)   3082   2833  10  
  262   31.0  7.4  1.5  Intron2          702   891 (1507) + Tigger15a  DNA/TcMar-Tigger       68    268  (447)  11  
   30    5.6  0.0  0.0  Intron2         1544  1581  (817) + (A)n       Simple_repeat           1     38    (0)  12  
  616   25.3  8.3  3.3  Intron2         1727  1930  (468) + MER58C     DNA/hAT-Charlie         2    215    (0)  13  
  610   25.2  1.2  2.4  Intron3         2612  2778 (5129) C MER5A1     DNA/hAT-Charlie       (0)    166      2  14  
  282   31.1 12.0  1.5  Intron3         3054  3236 (4671) C L2         LINE/L2             (804)   2615   2414  15  
  750   16.8  0.0  0.0  Intron3         3344  3462 (4445) + Bov-tA2    SINE/tRNA-Core-RTE      5    123   (89)  16  
  991   10.1 19.1  0.0  Intron3         3463  3630 (4277) + Bov-tA2    SINE/tRNA-Core-RTE      5    204    (8)  17  
 1323   14.0  1.0  0.5  Intron3         5239  5439 (2468) + Bov-tA2    SINE/tRNA-Core-RTE      5    206    (6)  18  
  974   21.2  2.1  0.5  Intron3         5561  5754 (2153) C Bov-tA2    SINE/tRNA-Core-RTE   (12)    200      4  19  
  216   28.6 16.4  4.4  Intron3         6448  6464 (1443) C MIR        SINE/MIR             (50)    212    197  20  
 1226   17.4  0.9  0.5  Intron3         6465  6683 (1224) C Bov-tA1    SINE/tRNA-Core-RTE    (3)    224      5  21  
  216   28.6 16.4  4.4  Intron3         6684  6848 (1059) C MIR        SINE/MIR             (66)    196     10  20  
   16    9.7  0.0  0.0  Intron3         7041  7062  (845) + (T)n       Simple_repeat           1     22    (0)  22  
 1080    6.8  0.0  0.0  Intron3         7195  7327  (580) C BOV-A2     SINE/Core-RTE         (0)    272    140  23  
 2346   12.5  1.1  0.3  Intron3         7328  7681  (226) + BovB_Oa    LINE/RTE-BovB        2824   3180   (79)  24  
  374   16.0  1.1  9.6  Intron3         7682  7771  (136) + Bov-tA3    SINE/tRNA-Core-RTE    141    226    (1)  25 *
 1183    7.0  0.0  0.0  Intron3         7764  7906    (1) C BOV-A2     SINE/Core-RTE       (129)    143      1  26  
 1806   27.1 12.4  2.5  Intron4           42   879 (2472) + L2         LINE/L2              1013   1931 (1488)  27  
 1043   25.4 13.2  3.8  Intron4          933  1109 (2242) + L2         LINE/L2              2082   2254 (1165)  27  
  703   20.2  0.8  0.0  Intron4         1110  1233 (2118) C SINE2-2_BT SINE/tRNA             (0)    125      1  28  
 1043   25.4 13.2  3.8  Intron4         1234  1639 (1712) + L2         LINE/L2              2255   2717  (702)  27  
 3962    4.7  0.0  0.0  Intron4         2527  2998  (353) + BovB       LINE/RTE-BovB        3297   3832   (15)  29  
  391   20.9  0.0  0.0  Intron4         2999  3065  (286) + Bov-tA3    SINE/tRNA-Core-RTE    141    207    (6)  30  
 3962    4.7  0.0  0.0  Intron4         3066  3077  (274) + BovB       LINE/RTE-BovB        3833   3847    (0)  29  
 1064   21.1 12.4  0.7  Up_1K_flank        1   258  (742) + MLT1A0     LTR/ERVL-MaLR          78    365    (0)  31  
  296   34.5  6.2  1.1  Up_1K_flank      294   484  (516) C MIRb       SINE/MIR             (54)    208      9  32  
