   SW   perc perc perc  query          position in query    matching   repeat               position in repeat
score   div. del. ins.  sequence       begin end   (left)   repeat     class/family       begin  end    (left)  ID

  217   36.4  7.3  0.0  Down_1K_flank    425   534  (466) C L2d2       LINE/L2              (24)   3440   3323   1  
  444   11.6  0.0  1.4  Down_1K_flank    540   609  (391) C Bov-tA2    SINE/tRNA-Core-RTE    (4)    208    140   2  
 1979   11.8  0.3  1.4  Down_1K_flank    610   902   (98) C BovB_Oa    LINE/RTE-BovB        (77)   3182   2893   3  
   67    0.0  0.0  0.0  Exon3            399   457  (545) + (GCT)n     Simple_repeat           1     59    (0)   4  
 1009    7.8  0.0  0.0  Exon3            458   579  (423) C BOV-A2     SINE/Core-RTE         (7)    265    144   5  
 1874    9.3  5.2  0.0  Intron1          922  1190 (1958) C L1-2_BT    LINE/L1               (0)   2015   1733   6  
  231   26.4  7.3  6.4  Intron1         1546  1654 (1494) C L2a        LINE/L2               (4)   3422   3313   7  
  228   24.1  0.0  0.0  Intron1         1882  1935 (1213) C L2a        LINE/L2               (0)   3426   3373   8  
 2068   18.9  4.6  0.8  Intron1         1957  2432  (716) C L1_BT      LINE/L1               (6)   8384   7891   9  
  256   30.8 16.7  3.6  Intron2          411   632 (1726) C L2         LINE/L2             (337)   3082   2833  10  
   22    7.4  0.0  0.0  Intron2         1512  1540  (818) + (A)n       Simple_repeat           1     29    (0)  11  
  613   24.8  8.3  3.7  Intron2         1686  1890  (468) + MER58C     DNA/hAT-Charlie         2    215    (0)  12  
   17    4.9  0.0  0.0  Intron3         1222  1242 (6515) + (A)n       Simple_repeat           1     21    (0)  13  
  610   25.2  1.2  2.4  Intron3         2499  2665 (5092) C MER5A1     DNA/hAT-Charlie       (0)    166      2  14  
  278   31.1 12.0  1.5  Intron3         2941  3123 (4634) C L2         LINE/L2             (804)   2615   2414  15  
  750   16.8  0.0  0.0  Intron3         3231  3349 (4408) + Bov-tA2    SINE/tRNA-Core-RTE      5    123   (89)  16  
 1233   10.3  8.1  0.0  Intron3         3350  3534 (4223) + Bov-tA2    SINE/tRNA-Core-RTE      5    204    (8)  17  
   15   19.6  0.0  0.0  Intron3         4516  4544 (3213) + (T)n       Simple_repeat           1     29    (0)  18  
 1323   14.0  1.0  0.5  Intron3         5147  5347 (2410) + Bov-tA2    SINE/tRNA-Core-RTE      5    206    (6)  19  
  974   21.2  2.1  0.5  Intron3         5469  5662 (2095) C Bov-tA2    SINE/tRNA-Core-RTE   (12)    200      4  20  
  238   31.9 11.7  2.5  Intron3         6246  6301 (1456) C MIRb       SINE/MIR              (8)    260    202  21  
 1252   17.2  0.9  0.5  Intron3         6302  6523 (1234) C Bov-tA1    SINE/tRNA-Core-RTE    (0)    227      5  22  
  238   31.9 11.7  2.5  Intron3         6524  6646 (1111) C MIRb       SINE/MIR             (67)    201     66  21  
   17    8.8  0.0  0.0  Intron3         6881  6904  (853) + (T)n       Simple_repeat           1     24    (0)  23  
 1080    6.8  0.0  0.0  Intron3         7037  7169  (588) C BOV-A2     SINE/Core-RTE         (0)    272    140  24  
 2436   11.8  0.0  1.4  Intron3         7170  7531  (226) + BovB       LINE/RTE-BovB        3412   3768   (79)  25  
  374   16.0  1.1  9.6  Intron3         7532  7621  (136) + Bov-tA3    SINE/tRNA-Core-RTE    141    226    (1)  26 *
 1183    7.0  0.0  0.0  Intron3         7614  7756    (1) C BOV-A2     SINE/Core-RTE       (129)    143      1  27  
 1807   27.1 12.4  2.6  Intron4           42   880 (2467) + L2         LINE/L2              1013   1931 (1488)  28  
 1059   26.3 12.5  3.3  Intron4          934  1111 (2236) + L2         LINE/L2              2082   2254 (1165)  28  
  656   22.1  0.8  0.0  Intron4         1112  1233 (2114) C SINE2-2_BT SINE/tRNA             (2)    123      1  29  
 1059   26.3 12.5  3.3  Intron4         1234  1639 (1708) + L2         LINE/L2              2255   2717  (702)  28  
 3962    4.7  0.0  0.0  Intron4         2523  2994  (353) + BovB       LINE/RTE-BovB        3297   3832   (15)  30  
  391   20.9  0.0  0.0  Intron4         2995  3061  (286) + Bov-tA3    SINE/tRNA-Core-RTE    141    207    (6)  31  
 3962    4.7  0.0  0.0  Intron4         3062  3073  (274) + BovB       LINE/RTE-BovB        3833   3847    (0)  30  
 1088   20.7 12.4  0.7  Up_1K_flank        1   258  (742) + MLT1A0     LTR/ERVL-MaLR          78    365    (0)  32  
  320   35.4  8.1  1.7  Up_1K_flank      264   484  (516) C MIRb       SINE/MIR             (25)    243      9  33  
