   SW   perc perc perc  query          position in query    matching  repeat             position in repeat
score   div. del. ins.  sequence       begin end   (left)   repeat    class/family     begin  end    (left)  ID

  185   31.1  8.1  0.0  Down_1K_flank    571   644  (356) + AmnL2-1   LINE/L2            1132   1211 (1402)   1  
  232   36.2  0.0  0.0  Down_1K_flank    896  1000    (0) + L2        LINE/L2            2138   2242 (1177)   2  
  223   24.5  1.2  8.9  Intron1          749   833  (926) C L2b       LINE/L2             (3)   3372   3294   3  
   17    3.8  3.7  0.0  Intron1          924   950  (809) + (CTTT)n   Simple_repeat         1     28    (0)   4  
  245   27.8  3.4  2.5  Intron1         1518  1635  (124) + Tigger10  DNA/TcMar-Tigger   1882   2000   (98)   5  
  339   32.2 11.1  3.2  Intron2          327   560 (1771) C L2b       LINE/L2           (214)   3161   2910   6  
  408   24.2  6.1  4.7  Intron2          646   857 (1474) + Tigger15a DNA/TcMar-Tigger     59    273  (442)   7  
   12   23.5  0.0  0.0  Intron2          895   929 (1402) + (ATATAC)n Simple_repeat         1     35    (0)   8  
  216   32.4  4.2  0.0  Intron2         1419  1489  (842) C MIRb      SINE/MIR          (193)     75      2   9  
  380   28.4 10.5  5.5  Intron2         1650  1839  (492) + MER58C    DNA/hAT-Charlie       2    200   (15)  10  
   27    0.0  0.0  0.0  Intron3          137   162 (7468) + (T)n      Simple_repeat         1     26    (0)  11  
 1223   13.6  0.0  0.9  Intron3          163   369 (7261) C LTR11_SS  LTR/ERV1           (58)    978    783  12  
  254   30.6  0.9  7.8  Intron3          497   606 (7024) + L1-2_SSc  LINE/L1             238    340 (5676)  13  
  622   16.7  0.0  1.9  Intron3         1155  1264 (6366) + SINE1D_SS SINE/tRNA             1    108   (19)  14  
   17    3.1  9.1  0.0  Intron3         1268  1301 (6329) + (CAAAAA)n Simple_repeat         1     37    (0)  15  
   17   23.8  0.0  0.0  Intron3         1807  1842 (5788) + (AT)n     Simple_repeat         1     36    (0)  16  
   26    0.0  0.0  0.0  Intron3         1968  1992 (5638) + (TAAAA)n  Simple_repeat         1     25    (0)  17  
 2140    4.2  0.0  0.4  Intron3         2110  2370 (5260) + Pre0_SS   SINE/tRNA             1    260    (0)  18  
   16   27.7  0.0  1.9  Intron3         2372  2425 (5205) + A-rich    Low_complexity        1     53    (0)  19  
  314   33.5  3.9  7.7  Intron3         3171  3480 (4150) C L2c       LINE/L2             (3)   3384   3086  20  
  569   29.1  0.0  1.2  Intron3         3629  3795 (3835) C MER5A1    DNA/hAT-Charlie     (0)    166      2  21  
  606   20.8  0.0  0.0  Intron3         3879  3984 (3646) C CHR-1     SINE/tRNA           (9)    106      1  22  
  215   36.8  8.2  5.7  Intron3         3998  4426 (3204) C L2c       LINE/L2           (575)   2844   2406  20  
   16   32.1  0.0  0.0  Intron3         5715  5764 (1866) + GA-rich   Low_complexity        1     50    (0)  23  
 1809   10.8  0.0  1.9  Intron3         6829  7093  (537) C Pre0_SS   SINE/tRNA           (0)    260      1  24  
  347   32.3 10.8  0.9  Intron3         7118  7311  (319) C MIRb      SINE/MIR            (8)    260     48  25  
  907   23.3 10.3  5.6  Intron4           37   395 (1517) + L2        LINE/L2            1010   1384 (2035)  26  
 1443   18.6  2.4  0.4  Intron5         1004  1256 (1494) + Pre0_SS   SINE/tRNA             1    258    (2)  27  
   16    9.3  0.0  0.0  Intron5         2067  2089  (661) + (T)n      Simple_repeat         1     23    (0)  28  
 1909   11.2  0.0  0.0  Intron5         2092  2351  (399) C Pre0_SS   SINE/tRNA           (0)    260      1  29  
