Aotus_nancymaae 1

Check errors.log for execution error details.

Check errors.log for execution error details.

Check errors.log for execution error details.
Aotus_nancymaae 2

Check errors.log for execution error details.

Check errors.log for execution error details.

Check errors.log for execution error details.
Aotus_nancymaae 3

Check errors.log for execution error details.

Check errors.log for execution error details.

Check errors.log for execution error details.
Aotus_nancymaae 4

Check errors.log for execution error details.

Check errors.log for execution error details.

Check errors.log for execution error details.
Aotus_nancymaae 5

Check errors.log for execution error details.

Check errors.log for execution error details.

Check errors.log for execution error details.
Aotus_nancymaae 6

Check errors.log for execution error details.

Check errors.log for execution error details.

Check errors.log for execution error details.
Aotus_nancymaae 7

Check errors.log for execution error details.

Check errors.log for execution error details.

Check errors.log for execution error details.
Aotus_nancymaae 8

Check errors.log for execution error details.

Check errors.log for execution error details.

Check errors.log for execution error details.
Aotus_nancymaae 9

Check errors.log for execution error details.

Check errors.log for execution error details.

Check errors.log for execution error details.
Aotus_nancymaae 10

Check errors.log for execution error details.

Check errors.log for execution error details.

Check errors.log for execution error details.
Saimiri_boliviensis 1

Check errors.log for execution error details.

Check errors.log for execution error details.

Check errors.log for execution error details.
Saimiri_boliviensis 2

Check errors.log for execution error details.

Check errors.log for execution error details.

Check errors.log for execution error details.
Saimiri_boliviensis 3

Check errors.log for execution error details.

Check errors.log for execution error details.

Check errors.log for execution error details.
Saimiri_boliviensis 4

Check errors.log for execution error details.

Check errors.log for execution error details.

Check errors.log for execution error details.
Saimiri_boliviensis 5

Check errors.log for execution error details.

Check errors.log for execution error details.

Check errors.log for execution error details.
Saimiri_boliviensis 6

Check errors.log for execution error details.

Check errors.log for execution error details.

Check errors.log for execution error details.
Saimiri_boliviensis 7

Check errors.log for execution error details.

Check errors.log for execution error details.

Check errors.log for execution error details.
Saimiri_boliviensis 8

Check errors.log for execution error details.

Check errors.log for execution error details.

Check errors.log for execution error details.
Saimiri_boliviensis 9

Check errors.log for execution error details.

Check errors.log for execution error details.

Check errors.log for execution error details.
Saimiri_boliviensis 10

Check errors.log for execution error details.

Check errors.log for execution error details.

Check errors.log for execution error details.
Cebus_imitator 1

Check errors.log for execution error details.

Check errors.log for execution error details.

Check errors.log for execution error details.
Cebus_imitator 2

Check errors.log for execution error details.

Check errors.log for execution error details.

Check errors.log for execution error details.
Cebus_imitator 3

Check errors.log for execution error details.

Check errors.log for execution error details.

Check errors.log for execution error details.
Cebus_imitator 4

Check errors.log for execution error details.

Check errors.log for execution error details.

Check errors.log for execution error details.
Cebus_imitator 5

Check errors.log for execution error details.

Check errors.log for execution error details.

Check errors.log for execution error details.
Cebus_imitator 6

Check errors.log for execution error details.

Check errors.log for execution error details.

Check errors.log for execution error details.
Cebus_imitator 7

Check errors.log for execution error details.

Check errors.log for execution error details.

Check errors.log for execution error details.
Cebus_imitator 8

Check errors.log for execution error details.

Check errors.log for execution error details.

Check errors.log for execution error details.
Cebus_imitator 9

Check errors.log for execution error details.

Check errors.log for execution error details.

Check errors.log for execution error details.
Cebus_imitator 10

Check errors.log for execution error details.

Check errors.log for execution error details.

Check errors.log for execution error details.
Sapajus_apella 1

Check errors.log for execution error details.

Check errors.log for execution error details.

Check errors.log for execution error details.
Sapajus_apella 2

Check errors.log for execution error details.

Check errors.log for execution error details.

Check errors.log for execution error details.
Sapajus_apella 3

Check errors.log for execution error details.

Check errors.log for execution error details.

Check errors.log for execution error details.
Sapajus_apella 4

Check errors.log for execution error details.

Check errors.log for execution error details.

Check errors.log for execution error details.
Sapajus_apella 5

Check errors.log for execution error details.

Check errors.log for execution error details.

Check errors.log for execution error details.
Sapajus_apella 6

Check errors.log for execution error details.

Check errors.log for execution error details.

Check errors.log for execution error details.
Sapajus_apella 7

Check errors.log for execution error details.

Check errors.log for execution error details.

Check errors.log for execution error details.
Sapajus_apella 8

Check errors.log for execution error details.

Check errors.log for execution error details.

Check errors.log for execution error details.
Sapajus_apella 9

Check errors.log for execution error details.

Check errors.log for execution error details.

Check errors.log for execution error details.
Sapajus_apella 10

Check errors.log for execution error details.

Check errors.log for execution error details.

Check errors.log for execution error details.
Callithrix_jacchus 1

Check errors.log for execution error details.

Check errors.log for execution error details.

Check errors.log for execution error details.
Callithrix_jacchus 2

Check errors.log for execution error details.

Check errors.log for execution error details.

Check errors.log for execution error details.
Callithrix_jacchus 3

Check errors.log for execution error details.

Check errors.log for execution error details.

Check errors.log for execution error details.
Callithrix_jacchus 4

Check errors.log for execution error details.

Check errors.log for execution error details.

Check errors.log for execution error details.
Callithrix_jacchus 5

Check errors.log for execution error details.

Check errors.log for execution error details.

Check errors.log for execution error details.
Callithrix_jacchus 6

Check errors.log for execution error details.

Check errors.log for execution error details.

Check errors.log for execution error details.
Callithrix_jacchus 7

Check errors.log for execution error details.

Check errors.log for execution error details.

Check errors.log for execution error details.
Callithrix_jacchus 8

Check errors.log for execution error details.

Check errors.log for execution error details.

Check errors.log for execution error details.
Callithrix_jacchus 9

Check errors.log for execution error details.

Check errors.log for execution error details.

Check errors.log for execution error details.
Callithrix_jacchus 10

Check errors.log for execution error details.

Check errors.log for execution error details.

Check errors.log for execution error details.
Cercocebus_atys 1
Theropithecus_gelada 1
Colobus_angolensis 1
Lemur_catta 1
Tupaia_chinensis 1
Lemur_catta 2
Theropithecus_gelada 2
Cercocebus_atys 2
Theropithecus_gelada 3
Cercocebus_atys 3
Lemur_catta 3
Theropithecus_gelada 4
Cercocebus_atys 4
Theropithecus_gelada 5
Tupaia_chinensis 2
Colobus_angolensis 2
Lemur_catta 4
Theropithecus_gelada 6
Cercocebus_atys 5
Theropithecus_gelada 7
Lemur_catta 5
Cercocebus_atys 6
Theropithecus_gelada 8
Lemur_catta 6
Cercocebus_atys 7
Theropithecus_gelada 9
Tupaia_chinensis 3
Colobus_angolensis 3
Lemur_catta 7
Theropithecus_gelada 10
Cercocebus_atys 8
Macaca_fascicularis 1
Lemur_catta 8
Cercocebus_atys 9
Macaca_fascicularis 2
Lemur_catta 9
Macaca_fascicularis 3
Cercocebus_atys 10
Macaca_fascicularis 4
Colobus_angolensis 4
Tupaia_chinensis 4
Mandrillus_leucophaeus 1
Lemur_catta 10
Macaca_fascicularis 5
Mandrillus_leucophaeus 2
Macaca_fascicularis 6
Propithecus_coquereli 1
Mandrillus_leucophaeus 3
Macaca_fascicularis 7
Colobus_angolensis 5
Mandrillus_leucophaeus 4
Macaca_fascicularis 8
Propithecus_coquereli 2

Check errors.log for execution error details.
Mandrillus_leucophaeus 5
Macaca_fascicularis 9
Tupaia_chinensis 5
Propithecus_coquereli 3
Mandrillus_leucophaeus 6
Macaca_fascicularis 10
Mandrillus_leucophaeus 7
Propithecus_coquereli 4
Colobus_angolensis 6
Macaca_mulatta 1
Mandrillus_leucophaeus 8
Propithecus_coquereli 5
Mandrillus_leucophaeus 9
Macaca_mulatta 2
Tupaia_chinensis 6

Check errors.log for execution error details.
Colobus_angolensis 7
Mandrillus_leucophaeus 10
Propithecus_coquereli 6
Macaca_mulatta 3
Propithecus_coquereli 7
Macaca_mulatta 4
Propithecus_coquereli 8
Macaca_mulatta 5
Colobus_angolensis 8
Propithecus_coquereli 9
Tupaia_chinensis 7
Macaca_mulatta 6
Propithecus_coquereli 10
Macaca_mulatta 7
Microcebus_murinus 1
Macaca_mulatta 8
Colobus_angolensis 9
Macaca_mulatta 9
Tupaia_chinensis 8
Microcebus_murinus 2
Macaca_mulatta 10
Microcebus_murinus 3
Macaca_nemestrina 1
Macaca_nemestrina 2
Colobus_angolensis 10
Macaca_nemestrina 3
Microcebus_murinus 4
Tupaia_chinensis 9
Macaca_nemestrina 4
Microcebus_murinus 5
Macaca_nemestrina 5
Macaca_nemestrina 6
Macaca_nemestrina 7
Microcebus_murinus 6
Piliocolobus_tephrosceles 1
Macaca_nemestrina 8
Microcebus_murinus 7
Macaca_nemestrina 9
Tupaia_chinensis 10
Microcebus_murinus 8
Macaca_nemestrina 10
Macaca_thibetana 1
Microcebus_murinus 9
Piliocolobus_tephrosceles 2
Macaca_thibetana 2
Macaca_thibetana 3
Carlito_syrichta 1
Microcebus_murinus 10
Macaca_thibetana 4
Macaca_thibetana 5
Nycticebus_coucang 1
Macaca_thibetana 6
Piliocolobus_tephrosceles 3
Nycticebus_coucang 2
Macaca_thibetana 7
Carlito_syrichta 2
Macaca_thibetana 8
Nycticebus_coucang 3
Macaca_thibetana 9
Nycticebus_coucang 4
Macaca_thibetana 10
Piliocolobus_tephrosceles 4
Papio_anubis 1
Carlito_syrichta 3
Nycticebus_coucang 5
Papio_anubis 2
Papio_anubis 3
Nycticebus_coucang 6
Nycticebus_coucang 7
Papio_anubis 4
Piliocolobus_tephrosceles 5

Check errors.log for execution error details.
Papio_anubis 5
Carlito_syrichta 4
Nycticebus_coucang 8
Papio_anubis 6
Nycticebus_coucang 9
Papio_anubis 7
Papio_anubis 8
Piliocolobus_tephrosceles 6
Nycticebus_coucang 10
Papio_anubis 9
Carlito_syrichta 5
Papio_anubis 10
Otolemur_garnettii 1
Chlorocebus_sabaeus 1
Otolemur_garnettii 2

Check errors.log for execution error details.
Otolemur_garnettii 3
Piliocolobus_tephrosceles 7
Otolemur_garnettii 4
Carlito_syrichta 6
Chlorocebus_sabaeus 2
Otolemur_garnettii 5
Piliocolobus_tephrosceles 8
Otolemur_garnettii 6
Carlito_syrichta 7
Chlorocebus_sabaeus 3
Otolemur_garnettii 7
Piliocolobus_tephrosceles 9
Otolemur_garnettii 8
Carlito_syrichta 8
Chlorocebus_sabaeus 4
Otolemur_garnettii 9
Piliocolobus_tephrosceles 10
Otolemur_garnettii 10
Chlorocebus_sabaeus 5
Carlito_syrichta 9
Cynocephalus_volans 1
Chlorocebus_sabaeus 6

Check errors.log for execution error details.
Carlito_syrichta 10
Rhinopithecus_bieti 1
Cynocephalus_volans 2
Chlorocebus_sabaeus 7
Rhinopithecus_bieti 2
Cynocephalus_volans 3
Chlorocebus_sabaeus 8

Check errors.log for execution error details.
Rhinopithecus_bieti 3
Cynocephalus_volans 4
Chlorocebus_sabaeus 9

Check errors.log for execution error details.
Rhinopithecus_bieti 4
Chlorocebus_sabaeus 10
Cynocephalus_volans 5
Rhinopithecus_bieti 5
Cynocephalus_volans 6
Rhinopithecus_bieti 6
Cynocephalus_volans 7
Rhinopithecus_bieti 7
Cynocephalus_volans 8
Rhinopithecus_bieti 8
Rhinopithecus_bieti 9
Cynocephalus_volans 9
Rhinopithecus_bieti 10
Cynocephalus_volans 10

Check errors.log for execution error details.
Rhinopithecus_roxellana 1
Galeopterus_variegatus 1
Rhinopithecus_roxellana 2
Galeopterus_variegatus 2
Rhinopithecus_roxellana 3
Galeopterus_variegatus 3
Galeopterus_variegatus 4
Rhinopithecus_roxellana 4
Galeopterus_variegatus 5
Rhinopithecus_roxellana 5
Galeopterus_variegatus 6
Rhinopithecus_roxellana 6
Galeopterus_variegatus 7
Rhinopithecus_roxellana 7
Galeopterus_variegatus 8
Rhinopithecus_roxellana 8
Galeopterus_variegatus 9
Rhinopithecus_roxellana 9
Galeopterus_variegatus 10
Rhinopithecus_roxellana 10
Trachypithecus_francoisi 1
Trachypithecus_francoisi 2
Trachypithecus_francoisi 3
Trachypithecus_francoisi 4
Trachypithecus_francoisi 5
Trachypithecus_francoisi 6
Trachypithecus_francoisi 7
Trachypithecus_francoisi 8
Trachypithecus_francoisi 9
Trachypithecus_francoisi 10
Homo_sapiens 1

Check errors.log for execution error details.

Check errors.log for execution error details.

Check errors.log for execution error details.
Homo_sapiens 2

Check errors.log for execution error details.

Check errors.log for execution error details.

Check errors.log for execution error details.
Homo_sapiens 3

Check errors.log for execution error details.

Check errors.log for execution error details.

Check errors.log for execution error details.
Homo_sapiens 4

Check errors.log for execution error details.

Check errors.log for execution error details.

Check errors.log for execution error details.
Homo_sapiens 5

Check errors.log for execution error details.

Check errors.log for execution error details.

Check errors.log for execution error details.
Homo_sapiens 6

Check errors.log for execution error details.

Check errors.log for execution error details.

Check errors.log for execution error details.
Homo_sapiens 7

Check errors.log for execution error details.

Check errors.log for execution error details.

Check errors.log for execution error details.
Homo_sapiens 8

Check errors.log for execution error details.

Check errors.log for execution error details.

Check errors.log for execution error details.
Homo_sapiens 9

Check errors.log for execution error details.

Check errors.log for execution error details.

Check errors.log for execution error details.
Homo_sapiens 10

Check errors.log for execution error details.

Check errors.log for execution error details.

Check errors.log for execution error details.
Pan_paniscus 1

Check errors.log for execution error details.

Check errors.log for execution error details.

Check errors.log for execution error details.
Pan_paniscus 2

Check errors.log for execution error details.

Check errors.log for execution error details.

Check errors.log for execution error details.
Pan_paniscus 3

Check errors.log for execution error details.

Check errors.log for execution error details.

Check errors.log for execution error details.
Pan_paniscus 4

Check errors.log for execution error details.

Check errors.log for execution error details.

Check errors.log for execution error details.
Pan_paniscus 5

Check errors.log for execution error details.

Check errors.log for execution error details.

Check errors.log for execution error details.
Pan_paniscus 6

Check errors.log for execution error details.

Check errors.log for execution error details.

Check errors.log for execution error details.
Pan_paniscus 7

Check errors.log for execution error details.

Check errors.log for execution error details.

Check errors.log for execution error details.
Pan_paniscus 8

Check errors.log for execution error details.

Check errors.log for execution error details.

Check errors.log for execution error details.
Pan_paniscus 9

Check errors.log for execution error details.

Check errors.log for execution error details.

Check errors.log for execution error details.
Pan_paniscus 10

Check errors.log for execution error details.

Check errors.log for execution error details.

Check errors.log for execution error details.
Hylobates_moloch 1

Check errors.log for execution error details.

Check errors.log for execution error details.

Check errors.log for execution error details.
Hylobates_moloch 2

Check errors.log for execution error details.

Check errors.log for execution error details.

Check errors.log for execution error details.
Hylobates_moloch 3

Check errors.log for execution error details.

Check errors.log for execution error details.

Check errors.log for execution error details.
Hylobates_moloch 4

Check errors.log for execution error details.

Check errors.log for execution error details.

Check errors.log for execution error details.
Hylobates_moloch 5

Check errors.log for execution error details.

Check errors.log for execution error details.

Check errors.log for execution error details.
Hylobates_moloch 6

Check errors.log for execution error details.

Check errors.log for execution error details.

Check errors.log for execution error details.
Hylobates_moloch 7

Check errors.log for execution error details.

Check errors.log for execution error details.

Check errors.log for execution error details.
Hylobates_moloch 8

Check errors.log for execution error details.

Check errors.log for execution error details.

Check errors.log for execution error details.
Hylobates_moloch 9

Check errors.log for execution error details.

Check errors.log for execution error details.

Check errors.log for execution error details.
Hylobates_moloch 10

Check errors.log for execution error details.

Check errors.log for execution error details.

Check errors.log for execution error details.
Nomascus_leucogenys 1

Check errors.log for execution error details.

Check errors.log for execution error details.

Check errors.log for execution error details.
Nomascus_leucogenys 2

Check errors.log for execution error details.

Check errors.log for execution error details.

Check errors.log for execution error details.
Nomascus_leucogenys 3

Check errors.log for execution error details.

Check errors.log for execution error details.

Check errors.log for execution error details.
Nomascus_leucogenys 4

Check errors.log for execution error details.

Check errors.log for execution error details.

Check errors.log for execution error details.
Nomascus_leucogenys 5

Check errors.log for execution error details.

Check errors.log for execution error details.

Check errors.log for execution error details.
Nomascus_leucogenys 6

Check errors.log for execution error details.

Check errors.log for execution error details.

Check errors.log for execution error details.
Nomascus_leucogenys 7

Check errors.log for execution error details.

Check errors.log for execution error details.

Check errors.log for execution error details.
Nomascus_leucogenys 8

Check errors.log for execution error details.

Check errors.log for execution error details.

Check errors.log for execution error details.
Nomascus_leucogenys 9

Check errors.log for execution error details.

Check errors.log for execution error details.

Check errors.log for execution error details.
Nomascus_leucogenys 10

Check errors.log for execution error details.

Check errors.log for execution error details.

Check errors.log for execution error details.
Symphalangus_syndactylus 1

Check errors.log for execution error details.

Check errors.log for execution error details.

Check errors.log for execution error details.
Symphalangus_syndactylus 2

Check errors.log for execution error details.

Check errors.log for execution error details.

Check errors.log for execution error details.
Symphalangus_syndactylus 3

Check errors.log for execution error details.

Check errors.log for execution error details.

Check errors.log for execution error details.
Symphalangus_syndactylus 4

Check errors.log for execution error details.

Check errors.log for execution error details.

Check errors.log for execution error details.
Symphalangus_syndactylus 5

Check errors.log for execution error details.

Check errors.log for execution error details.

Check errors.log for execution error details.
Symphalangus_syndactylus 6

Check errors.log for execution error details.

Check errors.log for execution error details.

Check errors.log for execution error details.
Symphalangus_syndactylus 7

Check errors.log for execution error details.

Check errors.log for execution error details.

Check errors.log for execution error details.
Symphalangus_syndactylus 8

Check errors.log for execution error details.

Check errors.log for execution error details.

Check errors.log for execution error details.
Symphalangus_syndactylus 9

Check errors.log for execution error details.

Check errors.log for execution error details.

Check errors.log for execution error details.
Symphalangus_syndactylus 10

Check errors.log for execution error details.

Check errors.log for execution error details.

Check errors.log for execution error details.
Pongo_abelii 1

Check errors.log for execution error details.

Check errors.log for execution error details.

Check errors.log for execution error details.
Pongo_abelii 2

Check errors.log for execution error details.

Check errors.log for execution error details.

Check errors.log for execution error details.
Pongo_abelii 3

Check errors.log for execution error details.

Check errors.log for execution error details.

Check errors.log for execution error details.
Pongo_abelii 4

Check errors.log for execution error details.

Check errors.log for execution error details.

Check errors.log for execution error details.
Pongo_abelii 5

Check errors.log for execution error details.

Check errors.log for execution error details.

Check errors.log for execution error details.
Pongo_abelii 6

Check errors.log for execution error details.

Check errors.log for execution error details.

Check errors.log for execution error details.
Pongo_abelii 7

Check errors.log for execution error details.

Check errors.log for execution error details.

Check errors.log for execution error details.
Pongo_abelii 8

Check errors.log for execution error details.

Check errors.log for execution error details.

Check errors.log for execution error details.
Pongo_abelii 9

Check errors.log for execution error details.

Check errors.log for execution error details.

Check errors.log for execution error details.
Pongo_abelii 10

Check errors.log for execution error details.

Check errors.log for execution error details.

Check errors.log for execution error details.
Pongo_pygmaeus 1

Check errors.log for execution error details.

Check errors.log for execution error details.

Check errors.log for execution error details.
Pongo_pygmaeus 2

Check errors.log for execution error details.

Check errors.log for execution error details.

Check errors.log for execution error details.
Pongo_pygmaeus 3

Check errors.log for execution error details.

Check errors.log for execution error details.

Check errors.log for execution error details.
Pongo_pygmaeus 4

Check errors.log for execution error details.

Check errors.log for execution error details.

Check errors.log for execution error details.
Pongo_pygmaeus 5

Check errors.log for execution error details.

Check errors.log for execution error details.

Check errors.log for execution error details.
Pongo_pygmaeus 6

Check errors.log for execution error details.

Check errors.log for execution error details.

Check errors.log for execution error details.
Pongo_pygmaeus 7

Check errors.log for execution error details.

Check errors.log for execution error details.

Check errors.log for execution error details.
Pongo_pygmaeus 8

Check errors.log for execution error details.

Check errors.log for execution error details.

Check errors.log for execution error details.
Pongo_pygmaeus 9

Check errors.log for execution error details.

Check errors.log for execution error details.

Check errors.log for execution error details.
Pongo_pygmaeus 10

Check errors.log for execution error details.

Check errors.log for execution error details.

Check errors.log for execution error details.
Gorilla_gorilla 1

Check errors.log for execution error details.

Check errors.log for execution error details.

Check errors.log for execution error details.
Gorilla_gorilla 2

Check errors.log for execution error details.

Check errors.log for execution error details.

Check errors.log for execution error details.
Gorilla_gorilla 3

Check errors.log for execution error details.

Check errors.log for execution error details.

Check errors.log for execution error details.
Gorilla_gorilla 4

Check errors.log for execution error details.

Check errors.log for execution error details.

Check errors.log for execution error details.
Gorilla_gorilla 5

Check errors.log for execution error details.

Check errors.log for execution error details.

Check errors.log for execution error details.
Gorilla_gorilla 6

Check errors.log for execution error details.

Check errors.log for execution error details.

Check errors.log for execution error details.
Gorilla_gorilla 7

Check errors.log for execution error details.

Check errors.log for execution error details.

Check errors.log for execution error details.
Gorilla_gorilla 8

Check errors.log for execution error details.

Check errors.log for execution error details.

Check errors.log for execution error details.
Gorilla_gorilla 9

Check errors.log for execution error details.

Check errors.log for execution error details.

Check errors.log for execution error details.
Gorilla_gorilla 10

Check errors.log for execution error details.

Check errors.log for execution error details.

Check errors.log for execution error details.
Eulemur_rufifrons 1
Eulemur_rufifrons 2
Eulemur_rufifrons 3
Eulemur_rufifrons 4
Eulemur_rufifrons 5
Eulemur_rufifrons 6
Eulemur_rufifrons 7
Eulemur_rufifrons 8
Eulemur_rufifrons 9
Eulemur_rufifrons 10
Aotus_nancymaae 1
Aotus_nancymaae 2
Aotus_nancymaae 3
Aotus_nancymaae 4
Saimiri_boliviensis 1
Cebus_imitator 1
Sapajus_apella 1
Aotus_nancymaae 5
Callithrix_jacchus 1
Saimiri_boliviensis 2
Cebus_imitator 2

Check errors.log for execution error details.

Check errors.log for execution error details.

Check errors.log for execution error details.
Sapajus_apella 2

Check errors.log for execution error details.

Check errors.log for execution error details.
Aotus_nancymaae 6
Homo_sapiens 1

Check errors.log for execution error details.

Check errors.log for execution error details.

Check errors.log for execution error details.
Homo_sapiens 2

Check errors.log for execution error details.

Check errors.log for execution error details.

Check errors.log for execution error details.
Homo_sapiens 3

Check errors.log for execution error details.

Check errors.log for execution error details.

Check errors.log for execution error details.
Homo_sapiens 4

Check errors.log for execution error details.

Check errors.log for execution error details.

Check errors.log for execution error details.
Homo_sapiens 5

Check errors.log for execution error details.

Check errors.log for execution error details.

Check errors.log for execution error details.
Homo_sapiens 6

Check errors.log for execution error details.

Check errors.log for execution error details.

Check errors.log for execution error details.
Homo_sapiens 7

Check errors.log for execution error details.

Check errors.log for execution error details.

Check errors.log for execution error details.
Homo_sapiens 8

Check errors.log for execution error details.

Check errors.log for execution error details.

Check errors.log for execution error details.
Homo_sapiens 9

Check errors.log for execution error details.

Check errors.log for execution error details.

Check errors.log for execution error details.
Homo_sapiens 10

Check errors.log for execution error details.

Check errors.log for execution error details.

Check errors.log for execution error details.
Callithrix_jacchus 2
Homo_sapiens 1
Pan_paniscus 1
Sapajus_apella 3
Cebus_imitator 3

Check errors.log for execution error details.
Homo_sapiens 2
Saimiri_boliviensis 3
Hylobates_moloch 1
Aotus_nancymaae 7

Check errors.log for execution error details.
Pan_paniscus 2
Callithrix_jacchus 3

Check errors.log for execution error details.
Homo_sapiens 3

Check errors.log for execution error details.
Pan_paniscus 3
Sapajus_apella 4
Cebus_imitator 4

Check errors.log for execution error details.
Homo_sapiens 4
Aotus_nancymaae 8
Saimiri_boliviensis 4

Check errors.log for execution error details.
Pan_paniscus 4
Sapajus_apella 5

Check errors.log for execution error details.
Homo_sapiens 5
Callithrix_jacchus 4
Cebus_imitator 5

Check errors.log for execution error details.
Pan_paniscus 5
Aotus_nancymaae 9

Check errors.log for execution error details.
Homo_sapiens 6
Saimiri_boliviensis 5
Sapajus_apella 6

Check errors.log for execution error details.
Pan_paniscus 6
Callithrix_jacchus 5

Check errors.log for execution error details.
Homo_sapiens 7
Cebus_imitator 6
Aotus_nancymaae 10
Sapajus_apella 7

Check errors.log for execution error details.
Homo_sapiens 8

Check errors.log for execution error details.
Pan_paniscus 7

Check errors.log for execution error details.
Hylobates_moloch 2
Saimiri_boliviensis 6
Callithrix_jacchus 6

Check errors.log for execution error details.
Pan_paniscus 8
Cebus_imitator 7

Check errors.log for execution error details.
Homo_sapiens 9
Sapajus_apella 8
./runner_split.sh: 30: Double+Triple: not found
./runner_split.sh: 31: Syntax error: "done" unexpected

Check errors.log for execution error details.
Homo_sapiens 10
Callithrix_jacchus 7
Saimiri_boliviensis 7

Check errors.log for execution error details.
Pan_paniscus 9
Cebus_imitator 8

Check errors.log for execution error details.
./runner_split.sh: 30: hits: not found
./runner_split.sh: 31: Syntax error: "done" unexpected
Sapajus_apella 9

Check errors.log for execution error details.
Pan_paniscus 10
Callithrix_jacchus 8
Cebus_imitator 9
Saimiri_boliviensis 8

Check errors.log for execution error details.
./runner_split.sh: 30: hits: not found
./runner_split.sh: 31: Syntax error: "done" unexpected
Sapajus_apella 10

Check errors.log for execution error details.
Hylobates_moloch 3
Callithrix_jacchus 9
./runner_split.sh: 30: Double+Triple: not found
./runner_split.sh: 31: Syntax error: "done" unexpected
Cebus_imitator 10
Saimiri_boliviensis 9
Callithrix_jacchus 10
./runner_split.sh: 30: Double+Triple: not found
./runner_split.sh: 31: Syntax error: "done" unexpected
Saimiri_boliviensis 10

Check errors.log for execution error details.
Hylobates_moloch 4
./runner_split.sh: 30: ble+Triple: not found
./runner_split.sh: 31: Syntax error: "done" unexpected
./runner_split.sh: 30: le+Triple: not found
./runner_split.sh: 31: Syntax error: "done" unexpected

Check errors.log for execution error details.
Hylobates_moloch 5

Check errors.log for execution error details.
Hylobates_moloch 6

Check errors.log for execution error details.
Hylobates_moloch 7

Check errors.log for execution error details.

Check errors.log for execution error details.
Hylobates_moloch 8

Check errors.log for execution error details.
Hylobates_moloch 9

Check errors.log for execution error details.
Hylobates_moloch 10

Check errors.log for execution error details.
Gorilla_gorilla 1

Check errors.log for execution error details.
Gorilla_gorilla 2

Check errors.log for execution error details.
Gorilla_gorilla 3

Check errors.log for execution error details.
Gorilla_gorilla 4

Check errors.log for execution error details.
Gorilla_gorilla 5

Check errors.log for execution error details.
Gorilla_gorilla 6

Check errors.log for execution error details.
Gorilla_gorilla 7

Check errors.log for execution error details.
Gorilla_gorilla 8

Check errors.log for execution error details.
Gorilla_gorilla 9

Check errors.log for execution error details.
Gorilla_gorilla 10

Check errors.log for execution error details.
Pongo_pygmaeus 1

Check errors.log for execution error details.
Pongo_pygmaeus 2

Check errors.log for execution error details.
Pongo_pygmaeus 3

Check errors.log for execution error details.
Pongo_pygmaeus 4

Check errors.log for execution error details.
Pongo_pygmaeus 5

Check errors.log for execution error details.

Check errors.log for execution error details.
Pongo_pygmaeus 6

Check errors.log for execution error details.
Pongo_pygmaeus 7

Check errors.log for execution error details.
Pongo_pygmaeus 8

Check errors.log for execution error details.
Pongo_pygmaeus 9

Check errors.log for execution error details.
Pongo_pygmaeus 10

Check errors.log for execution error details.
Pongo_abelii 1

Check errors.log for execution error details.
Pongo_abelii 2

Check errors.log for execution error details.
Pongo_abelii 3

Check errors.log for execution error details.
Pongo_abelii 4

Check errors.log for execution error details.
Pongo_abelii 5

Check errors.log for execution error details.
Pongo_abelii 6

Check errors.log for execution error details.
Pongo_abelii 7

Check errors.log for execution error details.
Pongo_abelii 8

Check errors.log for execution error details.
Pongo_abelii 9

Check errors.log for execution error details.
Pongo_abelii 10

Check errors.log for execution error details.
Symphalangus_syndactylus 1

Check errors.log for execution error details.
Symphalangus_syndactylus 2

Check errors.log for execution error details.
Symphalangus_syndactylus 3

Check errors.log for execution error details.
Symphalangus_syndactylus 4

Check errors.log for execution error details.
Symphalangus_syndactylus 5

Check errors.log for execution error details.
Symphalangus_syndactylus 6

Check errors.log for execution error details.
Symphalangus_syndactylus 7

Check errors.log for execution error details.
Symphalangus_syndactylus 8

Check errors.log for execution error details.
Symphalangus_syndactylus 9

Check errors.log for execution error details.
Symphalangus_syndactylus 10

Check errors.log for execution error details.
Nomascus_leucogenys 1

Check errors.log for execution error details.
Nomascus_leucogenys 2

Check errors.log for execution error details.
Nomascus_leucogenys 3

Check errors.log for execution error details.
Nomascus_leucogenys 4

Check errors.log for execution error details.
Nomascus_leucogenys 5

Check errors.log for execution error details.
Nomascus_leucogenys 6

Check errors.log for execution error details.
Nomascus_leucogenys 7

Check errors.log for execution error details.
Nomascus_leucogenys 8

Check errors.log for execution error details.
Nomascus_leucogenys 9

Check errors.log for execution error details.
Nomascus_leucogenys 10

Check errors.log for execution error details.
