Ceratotherium_simum 1
Ceratotherium_simum 2
Ceratotherium_simum 3
Ceratotherium_simum 4
Ceratotherium_simum 5
Ceratotherium_simum 6
Ceratotherium_simum 7
Ceratotherium_simum 8
Ceratotherium_simum 9
Ceratotherium_simum 10
Diceros_bicornis 1
Diceros_bicornis 2
Diceros_bicornis 3
Diceros_bicornis 4
Diceros_bicornis 5
Diceros_bicornis 6
Diceros_bicornis 7
Diceros_bicornis 8
Diceros_bicornis 9
Diceros_bicornis 10
Equus_asinus 1
Equus_asinus 2
Equus_asinus 3
Equus_asinus 4
Equus_asinus 5
Equus_asinus 6
Equus_asinus 7
Equus_asinus 8
Equus_asinus 9
Equus_asinus 10
Equus_quagga 1
Equus_quagga 2
Equus_quagga 3
Equus_quagga 4
Equus_quagga 5
Equus_quagga 6
Equus_quagga 7
Equus_quagga 8
Equus_quagga 9
Equus_quagga 10
Equus_caballus 1
Equus_caballus 2
Equus_caballus 3
Equus_caballus 4
Equus_caballus 5
Equus_caballus 6
Equus_caballus 7
Equus_caballus 8
Equus_caballus 9
Equus_caballus 10
