   SW   perc perc perc  query     position in query    matching      repeat            position in repeat
score   div. del. ins.  sequence  begin end   (left)   repeat        class/family    begin  end    (left)  ID

   22    7.4  0.0  0.0  intron_1    943   971 (3321) + (T)n          Simple_repeat        1     29    (0)   1  
  328   22.2  7.4  0.0  intron_1    973  1053 (3239) C B4            SINE/B4          (205)     87      1   2  
 1550   21.9  1.8  0.8  intron_1   1633  2019 (2273) + L1M2          LINE/L1           4293   4683 (1460)   3  
  274   22.8  3.8  1.2  intron_1   2022  2101 (2191) + B4            SINE/B4              5     86  (206)   4  
  662   23.3  5.1  0.1  intron_1   2114  2315 (1977) + L1MA4A        LINE/L1           4670   4846 (1297)   5  
  494   17.7  9.1  5.9  intron_1   2317  2448 (1844) + L1MA4A        LINE/L1           5799   5934  (366)   5  
  326   23.5  3.5  0.0  intron_1   2459  2543 (1749) C B4            SINE/B4          (204)     88      1   6  
  274   26.4  2.5  6.0  intron_1   2809  2929 (1363) + L2a           LINE/L2           3309   3425    (1)   7  
   14   16.1  0.0  0.0  intron_1   3982  4010  (282) + (ATAC)n       Simple_repeat        1     29    (0)   8  
  391   27.1 11.8  1.4  intron_2   1290  1484 (1201) C MER58C        DNA/hAT-Charlie    (0)    215      1   9  
   27   19.2  2.3  5.9  intron_3    659   746 (7210) + (TTCC)n       Simple_repeat        1     85    (0)  10  
  566   22.0  0.0  1.8  intron_3    774   884 (7072) C PB1D10        SINE/Alu           (0)    117      9  11  
  456   20.8  7.0  7.6  intron_3   1504  1675 (6281) + MTEb          LTR/ERVL-MaLR      209    379    (0)  12  
  384   31.8  5.3  0.0  intron_3   3343  3493 (4463) + MER5A1        DNA/hAT-Charlie      1    159    (7)  13  
  245   19.1  0.0  0.0  intron_3   5048  5094 (2862) + L1MA6         LINE/L1           6253   6299    (1)  14  
  270   21.5  3.0  1.5  intron_3   5195  5260 (2696) + tRNA-Ala-GCY_ tRNA                 2     68    (7)  15  
   15   15.8  0.0  2.8  intron_3   5612  5648 (2308) + A-rich        Low_complexity       1     36    (0)  16  
  666   11.2  0.0 27.6  intron_3   5738  5885 (2071) C PB1D10        SINE/Alu           (0)    117      2  17  
  268   27.3  1.5  0.0  intron_3   5911  5976 (1980) C tRNA-Ala-GCG  tRNA               (7)     68      2  18  
   16    7.8  0.0  3.6  intron_3   6407  6435 (1521) + (TGT)n        Simple_repeat        1     28    (0)  19  
  279   24.4  4.9  0.0  intron_3   6436  6517 (1439) C B4            SINE/B4          (206)     86      1  20  
   20   15.7  2.3  0.0  intron_3   6554  6596 (1360) + (TCTA)n       Simple_repeat        1     44    (0)  21  
   16   22.4  6.2  5.1  intron_3   6650  6746 (1210) + A-rich        Low_complexity       1     98    (0)  22  
  451   26.5  0.0  0.0  intron_4    583   680 (4169) + PB1D11        SINE/Alu            21    118    (0)  23  
  299   31.5  1.1  0.0  intron_4   1930  2021 (2828) C L2a           LINE/L2            (0)   3426   3334  24  
   12   16.8  0.0  0.0  intron_4   2051  2077 (2772) + A-rich        Low_complexity       1     27    (0)  25  
   12   13.9  0.0  0.0  intron_4   2116  2139 (2710) + (CTCT)n       Simple_repeat        1     24    (0)  26  
  344   33.3  3.3  1.9  intron_4   2213  2365 (2484) C L2a           LINE/L2          (246)   3180   3026  24  
  562   13.7  1.8  9.5  intron_4   2634  2780 (2069) C PB1D7         SINE/Alu           (0)    117      1  27  
  470   26.2  4.1  7.3  intron_4   2781  2807 (2042) C B4            SINE/B4          (213)     79     58  28  
  246   27.1  3.5  1.1  intron_4   2905  2990 (1859) C L2-1_AMi      LINE/L2          (694)    541    454  29  
  402   20.6  3.8  6.6  intron_4   4157  4305  (544) C MTEa          LTR/ERVL-MaLR      (8)    371    223  30  
   17   21.6  3.1  4.7  intron_5   1266  1330 (2031) + GA-rich       Low_complexity       1     64    (0)  31  
