   SW   perc perc perc  query        position in query    matching      repeat            position in repeat
score   div. del. ins.  sequence     begin end   (left)   repeat        class/family    begin  end    (left)  ID

   12   16.3  2.8  2.8  exon_1(+)       14    49  (142) + (TACTGCT)n    Simple_repeat        1     36    (0)   1  
   34    0.0  0.0  0.0  intron_1(+)     99   127 (3018) + (TG)n         Simple_repeat        1     29    (0)   2  
  224   28.3  7.1  4.7  intron_1(+)   1189  1314 (1831) C L2a           LINE/L2            (1)   3425   3297   3  
  719   22.5  5.9  3.5  intron_1(+)   1490  1710 (1435) C L1MA6         LINE/L1          (280)   6020   5795   4  
 1587   20.1  5.9  0.9  intron_1(+)   1809  2214  (931) C L1MA6         LINE/L1         (1425)   4718   4293   4  
  278   28.4  0.0  0.0  intron_1(+)   2391  2457  (688) + tRNA-Ala-GCY_ tRNA                 2     68    (7)   5  
  250   27.1  2.3  2.3  intron_1(+)   2458  2471  (674) + B4            SINE/B4             22     87  (205)   6  
  206   36.4  0.0  0.0  intron_1(+)   2497  2573  (572) C MIR           SINE/MIR           (3)    259    183   7  
  211   31.7  6.9  3.7  intron_2(+)    222   352 (2034) C L2c           LINE/L2          (221)   3166   3032   8  
   15    7.9  3.7  0.0  intron_2(+)   1369  1395  (991) + (CAAA)n       Simple_repeat        1     28    (0)   9  
  409   26.5 11.8  1.4  intron_2(+)   1549  1743  (643) + MER58C        DNA/hAT-Charlie      1    215    (0)  10  
  400   19.8  1.9  3.9  intron_2(+)   1890  1994  (392) + B4            SINE/B4              1    103  (189)  11  
  353   23.9  0.0  0.0  intron_3(+)   1217  1308 (5181) C B4            SINE/B4          (199)     93      2  12  
  277   21.9  3.1  1.5  intron_3(+)   1538  1602 (4887) C tRNA-Ala-GCA  tRNA               (7)     68      3  13  
  330   10.6  0.0  0.0  intron_3(+)   1710  1756 (4733) C L1MA6         LINE/L1            (1)   6299   6253  14  
   19   26.1  4.3  1.4  intron_3(+)   2117  2186 (4303) + GA-rich       Low_complexity       1     72    (0)  15  
  468   30.7  3.9  0.0  intron_3(+)   3313  3465 (3024) C MER5A1        DNA/hAT-Charlie    (7)    159      1  16  
  203   37.5  8.4  3.0  intron_3(+)   3508  3793 (2696) C L2            LINE/L2          (560)   2859   2559  17  
  365   19.2  2.9  4.9  intron_3(+)   5036  5139 (1350) + B4            SINE/B4              2    103  (189)  18  
   15    5.5  0.0  0.0  intron_3(+)   5192  5210 (1279) + (AC)n         Simple_repeat        1     19    (0)  19  
  363   21.2  1.2  1.2  intron_3(+)   5327  5412 (1077) C B4            SINE/B4          (206)     86      1  20  
  260   27.4  0.0  0.0  intron_3(+)   5842  5903  (586) + B4A           SINE/B4             85    146  (146)  18 *
  583   19.1  0.0  1.8  intron_3(+)   5850  5961  (528) + PB1D10        SINE/Alu             8    117    (0)  21  
   24   21.1  3.2  0.0  intron_3(+)   5970  6040  (449) + GA-rich       Low_complexity       1     73    (0)  22  
  334   24.9  3.7  5.6  intron_4(+)    350   493 (3925) + MTEa          LTR/ERVL-MaLR      228    374    (0)  23  
  406   30.0  8.7  6.9  intron_4(+)    554   897 (3521) + L2a           LINE/L2           1174   1523 (1896)  24  
  185   35.3  7.9  0.3  intron_4(+)    890  1156 (3262) + L2a           LINE/L2           1643   1929 (1490)  24 *
  438   29.7 18.4  1.9  intron_4(+)   1254  1735 (2683) + L2a           LINE/L2           2089   2649  (770)  24  
  536   16.1  1.4 24.2  intron_4(+)   1736  1882 (2536) + PB1D7         SINE/Alu             1    120    (0)  25  
  352   31.4  4.5  1.2  intron_4(+)   2157  2311 (2107) + L2a           LINE/L2           3021   3180  (246)  24  
   18   13.5  0.0  0.0  intron_4(+)   2382  2414 (2004) + (GAGG)n       Simple_repeat        1     33    (0)  26  
  359   25.3 13.8  1.9  intron_4(+)   2455  2599 (1819) + L2a           LINE/L2           3265   3426    (0)  24  
  424   24.7  1.0  1.0  intron_4(+)   3864  3961  (457) C PB1D11        SINE/Alu           (0)    118     21  27  
   21   21.5  6.4  1.2  intron_5(+)   1757  1834  (155) + (CTCTTT)n     Simple_repeat        1     82    (0)  28  
