   SW   perc perc perc  query        position in query    matching      repeat             position in repeat
score   div. del. ins.  sequence     begin end   (left)   repeat        class/family     begin  end    (left)  ID

  237   25.9  0.0  0.0  intron_3(-)   1010  1067 (8807) C MER46C        DNA/TcMar-Tigger   (12)    326    269   1  
  266   26.6  1.5  1.5  intron_3(-)   1997  2061 (7813) C tRNA-Ala-GCY_ tRNA                (7)     68      4   2  
  377   26.9  9.6  0.6  intron_3(-)   3731  3876 (5998) C MER5A1        DNA/hAT-Charlie     (7)    159      1   3  
   24    2.6  4.9  2.4  intron_3(-)   4961  5001 (4873) + (GAAAAA)n     Simple_repeat         1     42    (0)   4  
  795   31.5  2.3  4.8  intron_3(-)   5969  6630 (3244) + L1MCa         LINE/L1            1038   2272 (4763)   5  
   30    0.0  0.0  0.0  intron_3(-)   7436  7464 (2410) + (TTTTG)n      Simple_repeat         1     29    (0)   6  
  516   22.7  0.0  0.0  intron_3(-)   9048  9144  (730) + PB1D10        SINE/Alu             10    106   (11)   7  
   33    0.0  0.0  0.0  intron_3(-)   9146  9176  (698) + (AACAA)n      Simple_repeat         1     31    (0)   8  
  356   24.9  5.9  9.7  intron_4(-)    444   692 (5400) + MTEa          LTR/ERVL-MaLR       142    379    (0)   9  
  389   28.4  9.2  7.2  intron_4(-)    693   965 (5127) + L2a           LINE/L2            1083   1360 (2059)  10  
 3633   28.2  1.0  1.3  intron_4(-)   1063  2325 (3767) + Lx7           LINE/L1            3443   5849 (1847)  11  
  219   34.0 11.9  1.5  intron_4(-)   3100  3284 (2808) + L2a           LINE/L2            2393   2596  (823)  10  
  487   18.4  1.4 23.9  intron_4(-)   3323  3465 (2627) + PB1D7         SINE/Alu              1    117    (3)  12  
  191   34.9  7.6  1.4  intron_4(-)   3735  3865 (2227) + L2a           LINE/L2            3041   3179  (247)  10  
  318   28.4  0.0  0.0  intron_4(-)   4066  4146 (1946) + L2a           LINE/L2            3340   3420    (6)  10  
   27   13.2  7.6  0.0  intron_4(-)   4177  4242 (1850) + (TTTAA)n      Simple_repeat         1     71    (0)  13  
   15   10.8  3.3  0.0  intron_4(-)   5371  5400  (692) + (TTTTTG)n     Simple_repeat         1     31    (0)  14  
  465   21.6  1.0  1.0  intron_4(-)   5432  5529  (563) C PB1D11        SINE/Alu            (0)    118     21  15  
