   SW   perc perc perc  query        position in query     matching   repeat            position in repeat
score   div. del. ins.  sequence     begin end    (left)   repeat     class/family    begin  end    (left)  ID

  418   19.8 11.2  0.8  intron_2(-)    490   596 (12567) + PB1D7      SINE/Alu             3    120    (0)   1  
  252   15.5  0.2  0.0  intron_2(-)   1963  2391 (10772) + GA-rich    Low_complexity       1    430    (0)   2  
  232   30.5  0.0  0.0  intron_2(-)   3071  3152 (10011) + L1M3       LINE/L1           5847   5928  (252)   3  
   21    0.0  0.0  0.0  intron_2(-)   4725  4747  (8416) + (AC)n      Simple_repeat        1     23    (0)   4  
   15   22.5  3.5  5.4  intron_2(-)   5176  5232  (7931) + (TA)n      Simple_repeat        1     56    (0)   5  
   16    9.8  0.0  0.0  intron_2(-)   5336  5357  (7806) + (T)n       Simple_repeat        1     22    (0)   6  
  307   23.5  1.2  0.0  intron_2(-)   7584  7668  (5495) + B4         SINE/B4              1     86  (206)   7  
  246   26.7 11.1  0.0  intron_2(-)   8580  8669  (4494) + PB1D10     SINE/Alu             3    102   (15)   8  
  255   36.1  5.0  0.6  intron_2(-)   9980 10138  (3025) C MER5A1     DNA/hAT-Charlie    (0)    166      1   9  
   14    8.2  3.9  0.0  intron_2(-)  10607 10632  (2531) + (TTTA)n    Simple_repeat        1     27    (0)  10  
  346   23.5  1.2  0.0  intron_2(-)  10633 10717  (2446) C B4         SINE/B4          (206)     86      1  11  
  396   31.4 10.8  0.5  intron_2(-)  11700 11894  (1269) + MER58C     DNA/hAT-Charlie      1    215    (0)  12  
  490   29.6  4.1  7.6  intron_3(-)   1740  1985  (6521) + B4         SINE/B4              3    233   (59)  13  
  669   27.7  3.9  3.9  intron_3(-)   4755  5085  (3421) + L1_Rod2    LINE/L1            303    633 (4062)  14  
  249   30.0  3.8  0.0  intron_3(-)   7651  7730   (776) + B4A        SINE/B4             85    167  (125)  15 *
  365   20.8  4.2  0.0  intron_3(-)   7660  7731   (775) + PB1D7      SINE/Alu             9     83   (37)  16  
   24   24.1  2.8  5.8  intron_3(-)   7747  7852   (654) + GA-rich    Low_complexity       1    103    (0)  17  
  371   21.3 10.3  3.5  intron_4(-)    574   680  (4232) + PB1D10     SINE/Alu             3    116    (1)  18  
  257   27.6  8.1  8.6  intron_4(-)    696   905  (4007) + ORR1E      LTR/ERVL-MaLR      165    373    (6)  19  
  216   30.0  7.7  7.7  intron_4(-)    924  1183  (3729) + L2         LINE/L2           1103   1362 (2057)  20  
  206   35.5  4.5  2.7  intron_4(-)   1423  1642  (3270) + L2         LINE/L2           1720   1943 (1476)  20  
  196   38.7  0.8  0.0  intron_4(-)   2025  2143  (2769) + L2         LINE/L2           2397   2516  (903)  20  
  454   18.0  2.2  2.6  intron_4(-)   2230  2343  (2569) + PB1D7      SINE/Alu             3    107   (10)  21  
  281   28.1  2.8  9.0  intron_4(-)   2344  2370  (2542) + B4A        SINE/B4             88    220   (72)  22  
  302   27.7  0.0  0.0  intron_4(-)   2884  2966  (1946) + L2a        LINE/L2           3334   3416   (10)  23  
   13   16.2  0.0  0.0  intron_4(-)   3742  3769  (1143) + (TCCC)n    Simple_repeat        1     28    (0)  24  
   46    0.0  0.0  0.0  intron_4(-)   4089  4127   (785) + (TG)n      Simple_repeat        1     39    (0)  25  
  432   18.1  1.0  6.3  intron_4(-)   4161  4260   (652) C PB1D11     SINE/Alu           (0)    118     24  26  
   18   11.8  0.0  5.1  intron_4(-)   4277  4317   (595) + (TTTTGTT)n Simple_repeat        1     39    (0)  27  
