
 15         verbose | verbose                1.00
  7         runmode | runmode                0.00
  4         seqtype | seqtype                1.00
 13       CodonFreq | CodonFreq              2.00
  9           clock | clock                  0.00
 18          aaDist | aaDist                 0.00
 16           model | model                  2.00
 20         NSsites | NSsites                0.00
 22           icode | icode                  0.00
 24       fix_kappa | fix_kappa              0.00
 25           kappa | kappa                  2.00
 26       fix_omega | fix_omega              0.00
 27           omega | omega                  0.50
  6       cleandata | cleandata              1.00
CODONML in paml version 4.9f, October 2017

----------------------------------------------
Phe F TTT | Ser S TCT | Tyr Y TAT | Cys C TGT
      TTC |       TCC |       TAC |       TGC
Leu L TTA |       TCA | *** * TAA | *** * TGA
      TTG |       TCG |       TAG | Trp W TGG
----------------------------------------------
Leu L CTT | Pro P CCT | His H CAT | Arg R CGT
      CTC |       CCC |       CAC |       CGC
      CTA |       CCA | Gln Q CAA |       CGA
      CTG |       CCG |       CAG |       CGG
----------------------------------------------
Ile I ATT | Thr T ACT | Asn N AAT | Ser S AGT
      ATC |       ACC |       AAC |       AGC
      ATA |       ACA | Lys K AAA | Arg R AGA
Met M ATG |       ACG |       AAG |       AGG
----------------------------------------------
Val V GTT | Ala A GCT | Asp D GAT | Gly G GGT
      GTC |       GCC |       GAC |       GGC
      GTA |       GCA | Glu E GAA |       GGA
      GTG |       GCG |       GAG |       GGG
----------------------------------------------
Nice code, uuh?


Ambiguity character definition table:

T (1): T 
C (1): C 
A (1): A 
G (1): G 
U (1): T 
Y (2): T C 
R (2): A G 
M (2): C A 
K (2): T G 
S (2): C G 
W (2): T A 
H (3): T C A 
B (3): T C G 
V (3): C A G 
D (3): T A G 
- (4): T C A G 
N (4): T C A G 
? (4): T C A G 
ns = 11  	ls = 2787
Reading sequences, sequential format..
Reading seq # 1: Antechinus_flavipes       
Reading seq # 2: Dromiciops_gliroides       
Reading seq # 3: Gracilinanus_agilis       
Reading seq # 4: Macrotis_lagotis       
Reading seq # 5: Monodelphis_domestica       
Reading seq # 6: Notamacropus_eugenii       
Reading seq # 7: Petaurus_breviceps       
Reading seq # 8: Sarcophilus_harrisii       
Reading seq # 9: Sminthopsis_crassicaudata       
Reading seq #10: Trichosurus_vulpecula       
Reading seq #11: Vombatus_ursinus       

Sites with gaps or missing data are removed.

     9 ambiguity characters in seq. 4
     3 ambiguity characters in seq. 6
     3 ambiguity characters in seq. 11
5 sites are removed.  126 867 927 928 929
Sequences read..
Counting site patterns..  0:00
Compressing,    628 patterns at    924 /    924 sites (100.0%),  0:00
Collecting fpatt[] & pose[],    628 patterns at    924 /    924 sites (100.0%),  0:00
Counting codons..

      440 bytes for distance
   612928 bytes for conP
140730804687552 bytes for fhK
  5000000 bytes for space

2 branch types are in tree. Stop if wrong.
TREE #  1
(1, ((((2, ((6, (7, 10)), 11)), (3, 5)), 4), 9), 8);   MP score: 1100
  2758176 bytes for conP, adjusted

    0.010263    0.066013    0.057728    0.068853    0.047509    0.012529    0.095957    0.091194    0.101636    0.085218    0.012491    0.083712    0.051681    0.107463    0.061211    0.070962    0.020501    0.076861    0.062927    0.428605    0.511983    0.536313

ntime & nrate & np:    19     3    22

Bounds (np=22):
   0.000004   0.000004   0.000004   0.000004   0.000004   0.000004   0.000004   0.000004   0.000004   0.000004   0.000004   0.000004   0.000004   0.000004   0.000004   0.000004   0.000004   0.000004   0.000004   0.000100   0.000100   0.000100
  50.000000  50.000000  50.000000  50.000000  50.000000  50.000000  50.000000  50.000000  50.000000  50.000000  50.000000  50.000000  50.000000  50.000000  50.000000  50.000000  50.000000  50.000000  50.000000 999.000000 999.000000 999.000000

np =    22
lnL0 = -11024.304255

Iterating by ming2
Initial: fx= 11024.304255
x=  0.01026  0.06601  0.05773  0.06885  0.04751  0.01253  0.09596  0.09119  0.10164  0.08522  0.01249  0.08371  0.05168  0.10746  0.06121  0.07096  0.02050  0.07686  0.06293  0.42860  0.51198  0.53631

  1 h-m-p  0.0000 0.0001 11184.8135 +CYYCCC 10474.195297  5 0.0000    36 | 0/22
  2 h-m-p  0.0000 0.0001 2206.9614 ++    10249.284968  m 0.0001    61 | 0/22
  3 h-m-p  0.0000 0.0000 4745.9766 ++    10161.272723  m 0.0000    86 | 0/22
  4 h-m-p  0.0000 0.0000 7194.3336 +YCCC 10155.869311  3 0.0000   117 | 0/22
  5 h-m-p  0.0000 0.0000 4655.0786 ++    10136.088265  m 0.0000   142 | 0/22
  6 h-m-p  0.0000 0.0000 17760.9270 ++    10078.382522  m 0.0000   167 | 0/22
  7 h-m-p  0.0000 0.0001 16225.7751 YCCCCC  9909.004993  5 0.0000   201 | 0/22
  8 h-m-p  0.0001 0.0003 1993.0788 CCCC   9875.671232  3 0.0001   232 | 0/22
  9 h-m-p  0.0001 0.0004 689.0066 YCYCCC  9838.038714  5 0.0002   265 | 0/22
 10 h-m-p  0.0001 0.0005 500.7436 CCCC   9829.268504  3 0.0001   296 | 0/22
 11 h-m-p  0.0004 0.0023 149.8587 YCC    9827.765205  2 0.0002   324 | 0/22
 12 h-m-p  0.0006 0.0093  43.9166 YC     9827.487885  1 0.0003   350 | 0/22
 13 h-m-p  0.0002 0.0072  69.5107 +CCC   9826.329782  2 0.0010   380 | 0/22
 14 h-m-p  0.0002 0.0012 358.2522 YCYCCC  9823.196415  5 0.0005   413 | 0/22
 15 h-m-p  0.0002 0.0009 301.6205 YYC    9822.597967  2 0.0001   440 | 0/22
 16 h-m-p  0.0013 0.0116  30.1626 YC     9822.525970  1 0.0002   466 | 0/22
 17 h-m-p  0.0009 0.0614   6.5887 CC     9822.394986  1 0.0013   493 | 0/22
 18 h-m-p  0.0006 0.0146  13.5669 CC     9821.970559  1 0.0008   520 | 0/22
 19 h-m-p  0.0005 0.0055  23.3154 +YCCC  9817.718195  3 0.0014   551 | 0/22
 20 h-m-p  0.0001 0.0015 232.6974 +CYCCC  9773.499976  4 0.0009   585 | 0/22
 21 h-m-p  0.0000 0.0001 1939.4439 ++     9740.414649  m 0.0001   610 | 0/22
 22 h-m-p  0.0000 0.0001 815.5613 +YYCCC  9727.939475  4 0.0001   642 | 0/22
 23 h-m-p  0.0000 0.0000 1180.3613 ++     9724.050702  m 0.0000   667 | 0/22
 24 h-m-p  0.0279 0.8538   0.4776 ++YYYCCC  9672.061504  5 0.4134   701 | 0/22
 25 h-m-p  0.3650 1.8248   0.3052 ++     9575.090898  m 1.8248   748 | 0/22
 26 h-m-p  1.0283 5.1414   0.3017 CYC    9551.651168  2 1.0874   798 | 0/22
 27 h-m-p  0.0911 0.4557   0.4458 ++     9541.200683  m 0.4557   845 | 0/22
 28 h-m-p  0.2229 1.9818   0.9113 YCCC   9525.315984  3 0.4973   897 | 0/22
 29 h-m-p  0.5667 2.8336   0.4391 CCCC   9514.931152  3 0.9439   950 | 0/22
 30 h-m-p  0.2458 1.2290   0.2812 +YCCC  9509.907824  3 0.7464  1003 | 0/22
 31 h-m-p  0.7407 3.7036   0.2117 YCCC   9504.143117  3 1.3322  1055 | 0/22
 32 h-m-p  1.6000 8.0000   0.1606 CCC    9498.392108  2 1.9023  1106 | 0/22
 33 h-m-p  0.9982 4.9909   0.1297 CCC    9496.146879  2 1.3883  1157 | 0/22
 34 h-m-p  0.8516 4.2582   0.0925 YCC    9495.651766  2 1.4642  1207 | 0/22
 35 h-m-p  1.6000 8.0000   0.0408 CC     9495.451720  1 2.0563  1256 | 0/22
 36 h-m-p  1.6000 8.0000   0.0354 YC     9495.225568  1 2.7930  1304 | 0/22
 37 h-m-p  1.6000 8.0000   0.0156 CC     9495.116570  1 1.8747  1353 | 0/22
 38 h-m-p  1.6000 8.0000   0.0118 CC     9495.083963  1 1.8815  1402 | 0/22
 39 h-m-p  1.6000 8.0000   0.0076 CC     9495.075807  1 2.0088  1451 | 0/22
 40 h-m-p  1.6000 8.0000   0.0019 YC     9495.071963  1 2.8085  1499 | 0/22
 41 h-m-p  1.6000 8.0000   0.0017 +YC    9495.064214  1 4.2550  1548 | 0/22
 42 h-m-p  1.6000 8.0000   0.0013 YC     9495.052642  1 3.3878  1596 | 0/22
 43 h-m-p  1.6000 8.0000   0.0008 C      9495.050509  0 1.5914  1643 | 0/22
 44 h-m-p  1.0902 8.0000   0.0012 +C     9495.049289  0 4.1607  1691 | 0/22
 45 h-m-p  1.6000 8.0000   0.0014 +YC    9495.046367  1 4.8152  1740 | 0/22
 46 h-m-p  1.6000 8.0000   0.0010 C      9495.045074  0 1.6587  1787 | 0/22
 47 h-m-p  1.6000 8.0000   0.0002 Y      9495.045031  0 1.1599  1834 | 0/22
 48 h-m-p  1.6000 8.0000   0.0000 Y      9495.045031  0 1.2449  1881 | 0/22
 49 h-m-p  1.6000 8.0000   0.0000 C      9495.045031  0 1.6000  1928 | 0/22
 50 h-m-p  1.6000 8.0000   0.0000 C      9495.045031  0 0.4635  1975 | 0/22
 51 h-m-p  0.5419 8.0000   0.0000 ------C  9495.045031  0 0.0000  2028
Out..
lnL  = -9495.045031
2029 lfun, 4058 eigenQcodon, 38551 P(t)

d123[*] =  0.00684  0.00605  0.01872  average  0.01053
    [B] =  0.02058  0.01978  0.02147  average  0.02061
accept  =  0.33213  0.30579  0.87183

w =  0.30579 dN =  0.00630 dS =  0.02061 d4 =  0.01762 (403.5 four-fold sites)
             dN*=  0.00580 dS*=  0.02590 S* = 652.37 N* =2119.63

d123[*] =  0.00371  0.00329  0.01017  average  0.00572
    [B] =  0.01118  0.01074  0.01166  average  0.01120
accept  =  0.33213  0.30579  0.87183

w =  0.30579 dN =  0.00342 dS =  0.01120 d4 =  0.00957 (403.5 four-fold sites)
             dN*=  0.00315 dS*=  0.01407 S* = 652.37 N* =2119.63

d123[*] =  0.02917  0.02581  0.07986  average  0.04495
    [B] =  0.08783  0.08440  0.09160  average  0.08794
accept  =  0.33213  0.30579  0.87183

w =  0.30579 dN =  0.02689 dS =  0.08794 d4 =  0.07517 (403.5 four-fold sites)
             dN*=  0.02477 dS*=  0.11051 S* = 652.37 N* =2119.63

d123[*] =  0.00262  0.00232  0.00719  average  0.00404
    [B] =  0.00790  0.00759  0.00824  average  0.00791
accept  =  0.33213  0.30579  0.87183

w =  0.30579 dN =  0.00242 dS =  0.00791 d4 =  0.00676 (403.5 four-fold sites)
             dN*=  0.00223 dS*=  0.00994 S* = 652.37 N* =2119.63

d123[*] =  0.00074  0.00065  0.00202  average  0.00114
    [B] =  0.00222  0.00213  0.00231  average  0.00222
accept  =  0.33213  0.30579  0.87183

w =  0.30579 dN =  0.00068 dS =  0.00222 d4 =  0.00190 (403.5 four-fold sites)
             dN*=  0.00063 dS*=  0.00279 S* = 652.37 N* =2119.63

d123[*] =  0.03453  0.03055  0.09453  average  0.05320
    [B] =  0.10396  0.09990  0.10843  average  0.10410
accept  =  0.33213  0.30579  0.87183

w =  0.30579 dN =  0.03183 dS =  0.10410 d4 =  0.08898 (403.5 four-fold sites)
             dN*=  0.02932 dS*=  0.13081 S* = 652.37 N* =2119.63

d123[*] =  0.00247  0.00218  0.00675  average  0.00380
    [B] =  0.00742  0.00713  0.00774  average  0.00743
accept  =  0.33213  0.30579  0.87183

w =  0.30579 dN =  0.00227 dS =  0.00743 d4 =  0.00635 (403.5 four-fold sites)
             dN*=  0.00209 dS*=  0.00934 S* = 652.37 N* =2119.63

d123[*] =  0.00172  0.00152  0.00470  average  0.00265
    [B] =  0.00517  0.00497  0.00540  average  0.00518
accept  =  0.33213  0.30579  0.87183

w =  0.30579 dN =  0.00158 dS =  0.00518 d4 =  0.00443 (403.5 four-fold sites)
             dN*=  0.00146 dS*=  0.00651 S* = 652.37 N* =2119.63

d123[*] =  0.02642  0.02337  0.07233  average  0.04070
    [B] =  0.07954  0.07643  0.08296  average  0.07964
accept  =  0.33213  0.30579  0.87183

w =  0.30579 dN =  0.02435 dS =  0.07964 d4 =  0.06808 (403.5 four-fold sites)
             dN*=  0.02243 dS*=  0.10008 S* = 652.37 N* =2119.63

d123[*] =  0.00228  0.00202  0.00624  average  0.00351
    [B] =  0.00686  0.00660  0.00716  average  0.00687
accept  =  0.33213  0.30579  0.87183

w =  0.30579 dN =  0.00210 dS =  0.00687 d4 =  0.00588 (403.5 four-fold sites)
             dN*=  0.00194 dS*=  0.00864 S* = 652.37 N* =2119.63

d123[*] =  0.02549  0.02255  0.06978  average  0.03927
    [B] =  0.07674  0.07374  0.08003  average  0.07684
accept  =  0.33213  0.30579  0.87183

w =  0.30579 dN =  0.02350 dS =  0.07684 d4 =  0.06568 (403.5 four-fold sites)
             dN*=  0.02164 dS*=  0.09655 S* = 652.37 N* =2119.63

d123[*] =  0.02348  0.02095  0.06049  average  0.03497
    [B] =  0.06619  0.06360  0.06903  average  0.06628
accept  =  0.35480  0.32935  0.87618

w =  0.32935 dN =  0.02183 dS =  0.06628 d4 =  0.05665 (403.5 four-fold sites)
             dN*=  0.02010 dS*=  0.08328 S* = 652.37 N* =2119.63

d123[*] =  0.01819  0.01610  0.04981  average  0.02803
    [B] =  0.05478  0.05264  0.05713  average  0.05485
accept  =  0.33213  0.30579  0.87183

w =  0.30579 dN =  0.01677 dS =  0.05485 d4 =  0.04689 (403.5 four-fold sites)
             dN*=  0.01545 dS*=  0.06893 S* = 652.37 N* =2119.63

d123[*] =  0.03445  0.03048  0.09433  average  0.05309
    [B] =  0.10374  0.09968  0.10819  average  0.10387
accept  =  0.33213  0.30579  0.87183

w =  0.30579 dN =  0.03176 dS =  0.10387 d4 =  0.08879 (403.5 four-fold sites)
             dN*=  0.02925 dS*=  0.13052 S* = 652.37 N* =2119.63

d123[*] =  0.01301  0.01151  0.03563  average  0.02005
    [B] =  0.03918  0.03765  0.04087  average  0.03924
accept  =  0.33213  0.30579  0.87183

w =  0.30579 dN =  0.01200 dS =  0.03924 d4 =  0.03354 (403.5 four-fold sites)
             dN*=  0.01105 dS*=  0.04930 S* = 652.37 N* =2119.63

d123[*] =  0.01694  0.01499  0.04638  average  0.02610
    [B] =  0.05101  0.04902  0.05320  average  0.05108
accept  =  0.33213  0.30579  0.87183

w =  0.30579 dN =  0.01562 dS =  0.05108 d4 =  0.04366 (403.5 four-fold sites)
             dN*=  0.01438 dS*=  0.06418 S* = 652.37 N* =2119.63

d123[*] =  0.03551  0.03142  0.09723  average  0.05472
    [B] =  0.10693  0.10275  0.11152  average  0.10707
accept  =  0.33213  0.30579  0.87183

w =  0.30579 dN =  0.03274 dS =  0.10707 d4 =  0.09152 (403.5 four-fold sites)
             dN*=  0.03015 dS*=  0.13454 S* = 652.37 N* =2119.63

d123[*] =  0.01181  0.01045  0.03232  average  0.01819
    [B] =  0.03555  0.03416  0.03708  average  0.03560
accept  =  0.33213  0.30579  0.87183

w =  0.30579 dN =  0.01088 dS =  0.03560 d4 =  0.03043 (403.5 four-fold sites)
             dN*=  0.01002 dS*=  0.04473 S* = 652.37 N* =2119.63

d123[*] =  0.00877  0.00776  0.02401  average  0.01351
    [B] =  0.02640  0.02537  0.02754  average  0.02643
accept  =  0.33213  0.30579  0.87183

w =  0.30579 dN =  0.00808 dS =  0.02643 d4 =  0.02260 (403.5 four-fold sites)
             dN*=  0.00744 dS*=  0.03322 S* = 652.37 N* =2119.63
end of tree file.

Time used:  0:33
