
 15         verbose | verbose                1.00
  7         runmode | runmode                0.00
  4         seqtype | seqtype                1.00
 13       CodonFreq | CodonFreq              2.00
  9           clock | clock                  0.00
 18          aaDist | aaDist                 0.00
 16           model | model                  2.00
 20         NSsites | NSsites                0.00
 22           icode | icode                  0.00
 24       fix_kappa | fix_kappa              0.00
 25           kappa | kappa                  2.00
 26       fix_omega | fix_omega              0.00
 27           omega | omega                  0.50
  6       cleandata | cleandata              1.00
CODONML in paml version 4.9f, October 2017

----------------------------------------------
Phe F TTT | Ser S TCT | Tyr Y TAT | Cys C TGT
      TTC |       TCC |       TAC |       TGC
Leu L TTA |       TCA | *** * TAA | *** * TGA
      TTG |       TCG |       TAG | Trp W TGG
----------------------------------------------
Leu L CTT | Pro P CCT | His H CAT | Arg R CGT
      CTC |       CCC |       CAC |       CGC
      CTA |       CCA | Gln Q CAA |       CGA
      CTG |       CCG |       CAG |       CGG
----------------------------------------------
Ile I ATT | Thr T ACT | Asn N AAT | Ser S AGT
      ATC |       ACC |       AAC |       AGC
      ATA |       ACA | Lys K AAA | Arg R AGA
Met M ATG |       ACG |       AAG |       AGG
----------------------------------------------
Val V GTT | Ala A GCT | Asp D GAT | Gly G GGT
      GTC |       GCC |       GAC |       GGC
      GTA |       GCA | Glu E GAA |       GGA
      GTG |       GCG |       GAG |       GGG
----------------------------------------------
Nice code, uuh?


Ambiguity character definition table:

T (1): T 
C (1): C 
A (1): A 
G (1): G 
U (1): T 
Y (2): T C 
R (2): A G 
M (2): C A 
K (2): T G 
S (2): C G 
W (2): T A 
H (3): T C A 
B (3): T C G 
V (3): C A G 
D (3): T A G 
- (4): T C A G 
N (4): T C A G 
? (4): T C A G 
ns = 46  	ls = 2784
Reading sequences, sequential format..
Reading seq # 1: Acinonyx_jubatus       
Reading seq # 2: Ailuropoda_melanoleuca       
Reading seq # 3: Callorhinus_ursinus       
Reading seq # 4: Canis_lupus       
Reading seq # 5: Enhydra_lutris       
Reading seq # 6: Eumetopias_jubatus       
Reading seq # 7: Felis_catus       
Reading seq # 8: Halichoerus_grypus       
Reading seq # 9: Hyaena_hyaena       
Reading seq #10: Leopardus_geoffroyi       
Reading seq #11: Leptonychotes_weddellii       
Reading seq #12: Lontra_canadensis       
Reading seq #13: Lutra_lutra       
Reading seq #14: Lynx_canadensis       
Reading seq #15: Lynx_rufus       
Reading seq #16: Meles_meles       
Reading seq #17: Mirounga_angustirostris       
Reading seq #18: Mirounga_leonina       
Reading seq #19: Mustela_erminea       
Reading seq #20: Mustela_lutreola       
Reading seq #21: Mustela_nigripes       
Reading seq #22: Mustela_putorius       
Reading seq #23: Neofelis_nebulosa       
Reading seq #24: Neogale_vison       
Reading seq #25: Neomonachus_schauinslandi       
Reading seq #26: Nyctereutes_procyonoides       
Reading seq #27: Odobenus_rosmarus       
Reading seq #28: Panthera_leo       
Reading seq #29: Panthera_onca       
Reading seq #30: Panthera_pardus       
Reading seq #31: Panthera_tigris       
Reading seq #32: Panthera_uncia       
Reading seq #33: Phoca_vitulina       
Reading seq #34: Prionailurus_bengalensis       
Reading seq #35: Prionailurus_viverrinus       
Reading seq #36: Puma_concolor       
Reading seq #37: Puma_yagouaroundi       
Reading seq #38: Suricata_suricatta       
Reading seq #39: Ursus_americanus       
Reading seq #40: Ursus_arctos       
Reading seq #41: Ursus_maritimus       
Reading seq #42: Vulpes_lagopus       
Reading seq #43: Vulpes_vulpes       
Reading seq #44: Zalophus_californianus       
Reading seq #45: Manis_javanica       
Reading seq #46: Manis_pentadactyla       

Sites with gaps or missing data are removed.

    12 ambiguity characters in seq. 45
    12 ambiguity characters in seq. 46
4 sites are removed.  12 13 14 15
Sequences read..
Counting site patterns..  0:01
Compressing,    650 patterns at    924 /    924 sites (100.0%),  0:01
Collecting fpatt[] & pose[],    650 patterns at    924 /    924 sites (100.0%),  0:01
Counting codons..

     8280 bytes for distance
   634400 bytes for conP
140725330087440 bytes for fhK
  5000000 bytes for space

2 branch types are in tree. Stop if wrong.
TREE #  1

 13956800 bytes for conP, adjusted

2 node(s) used for scaling (Yang 2000 J Mol Evol 51:423-432):
 55 69

    0.025747    0.031721    0.047686    0.064717    0.049808    0.093975    0.045566    0.084054    0.042300    0.042520    0.030986    0.085108    0.056208    0.050609    0.038816    0.026835    0.052906    0.109871    0.105941    0.063259    0.054718    0.015511    0.079237    0.027262    0.050106    0.017038    0.031656    0.050980    0.081197    0.020453    0.103601    0.046274    0.018305    0.102846    0.061783    0.043681    0.101163    0.075325    0.042745    0.063310    0.101543    0.105232    0.023238    0.066108    0.036939    0.083566    0.034651    0.108926    0.040025    0.098558    0.013656    0.101842    0.063551    0.051343    0.056285    0.041161    0.075387    0.024655    0.017603    0.066537    0.073378    0.090483    0.074182    0.065656    0.024725    0.017636    0.041543    0.024913    0.109550    0.015147    0.013782    0.099521    0.023364    0.022448    0.067539    0.051497    0.068094    0.032267    0.047516    0.078950    0.036385    0.107174    0.025722    0.035119    0.068838    0.025719    0.101642    0.010593    0.038898    0.518185    0.551000    0.434301

ntime & nrate & np:    89     3    92

Bounds (np=92):
   0.000004   0.000004   0.000004   0.000004   0.000004   0.000004   0.000004   0.000004   0.000004   0.000004   0.000004   0.000004   0.000004   0.000004   0.000004   0.000004   0.000004   0.000004   0.000004   0.000004   0.000004   0.000004   0.000004   0.000004   0.000004   0.000004   0.000004   0.000004   0.000004   0.000004   0.000004   0.000004   0.000004   0.000004   0.000004   0.000004   0.000004   0.000004   0.000004   0.000004   0.000004   0.000004   0.000004   0.000004   0.000004   0.000004   0.000004   0.000004   0.000004   0.000004   0.000004   0.000004   0.000004   0.000004   0.000004   0.000004   0.000004   0.000004   0.000004   0.000004   0.000004   0.000004   0.000004   0.000004   0.000004   0.000004   0.000004   0.000004   0.000004   0.000004   0.000004   0.000004   0.000004   0.000004   0.000004   0.000004   0.000004   0.000004   0.000004   0.000004   0.000004   0.000004   0.000004   0.000004   0.000004   0.000004   0.000004   0.000004   0.000004   0.000100   0.000100   0.000100
  50.000000  50.000000  50.000000  50.000000  50.000000  50.000000  50.000000  50.000000  50.000000  50.000000  50.000000  50.000000  50.000000  50.000000  50.000000  50.000000  50.000000  50.000000  50.000000  50.000000  50.000000  50.000000  50.000000  50.000000  50.000000  50.000000  50.000000  50.000000  50.000000  50.000000  50.000000  50.000000  50.000000  50.000000  50.000000  50.000000  50.000000  50.000000  50.000000  50.000000  50.000000  50.000000  50.000000  50.000000  50.000000  50.000000  50.000000  50.000000  50.000000  50.000000  50.000000  50.000000  50.000000  50.000000  50.000000  50.000000  50.000000  50.000000  50.000000  50.000000  50.000000  50.000000  50.000000  50.000000  50.000000  50.000000  50.000000  50.000000  50.000000  50.000000  50.000000  50.000000  50.000000  50.000000  50.000000  50.000000  50.000000  50.000000  50.000000  50.000000  50.000000  50.000000  50.000000  50.000000  50.000000  50.000000  50.000000  50.000000  50.000000 999.000000 999.000000 999.000000

np =    92
lnL0 = -14627.006269

Iterating by ming2
Initial: fx= 14627.006269
x=  0.02575  0.03172  0.04769  0.06472  0.04981  0.09397  0.04557  0.08405  0.04230  0.04252  0.03099  0.08511  0.05621  0.05061  0.03882  0.02683  0.05291  0.10987  0.10594  0.06326  0.05472  0.01551  0.07924  0.02726  0.05011  0.01704  0.03166  0.05098  0.08120  0.02045  0.10360  0.04627  0.01830  0.10285  0.06178  0.04368  0.10116  0.07533  0.04274  0.06331  0.10154  0.10523  0.02324  0.06611  0.03694  0.08357  0.03465  0.10893  0.04002  0.09856  0.01366  0.10184  0.06355  0.05134  0.05628  0.04116  0.07539  0.02466  0.01760  0.06654  0.07338  0.09048  0.07418  0.06566  0.02472  0.01764  0.04154  0.02491  0.10955  0.01515  0.01378  0.09952  0.02336  0.02245  0.06754  0.05150  0.06809  0.03227  0.04752  0.07895  0.03639  0.10717  0.02572  0.03512  0.06884  0.02572  0.10164  0.01059  0.03890  0.51819  0.55100  0.43430

  1 h-m-p  0.0000 0.0000 6829.1360 ++    13826.549615  m 0.0000    97 | 0/92
  2 h-m-p  0.0000 0.0000 180087.8497 ++    13781.733197  m 0.0000   192 | 1/92
  3 h-m-p  0.0000 0.0000 27417.5128 ++    13182.108695  m 0.0000   287 | 1/92
  4 h-m-p  0.0000 0.0000 90981.3104 ++    13056.719894  m 0.0000   382 | 1/92
  5 h-m-p  0.0000 0.0000 537477.3378 ++    12920.495735  m 0.0000   477 | 1/92
  6 h-m-p  0.0000 0.0000 214471.8263 ++    12876.914824  m 0.0000   572 | 1/92
  7 h-m-p  0.0000 0.0000 113236.4458 
h-m-p:      1.60116010e-24      8.00580048e-24      1.13236446e+05 12876.914824
..  | 1/92
  8 h-m-p  0.0000 0.0000 15012.0325 ++    12800.755224  m 0.0000   759 | 1/92
  9 h-m-p  0.0000 0.0000 7710.0869 ++    12710.521366  m 0.0000   854 | 1/92
 10 h-m-p  0.0000 0.0000 239592.0504 ++    12645.656008  m 0.0000   949 | 1/92
 11 h-m-p  0.0000 0.0000 355894.5295 +CYYCC 12611.858056  4 0.0000  1052 | 1/92
 12 h-m-p  0.0000 0.0000 53481.6742 ++    12560.467165  m 0.0000  1147 | 0/92
 13 h-m-p  0.0000 0.0000 2470664.5107 +YYCCCC 12540.376659  5 0.0000  1251 | 0/92
 14 h-m-p  0.0000 0.0000 38555.5709 ++    12488.220780  m 0.0000  1346 | 0/92
 15 h-m-p  0.0000 0.0000 16932.2377 ++    12440.795691  m 0.0000  1441 | 0/92
 16 h-m-p  0.0000 0.0000 126830.1686 +YYYCCC 12434.147540  5 0.0000  1544 | 0/92
 17 h-m-p  0.0000 0.0000 40628.4677 ++    12421.351676  m 0.0000  1639 | 0/92
 18 h-m-p  0.0000 0.0000 52157.5929 +CYYCC 12380.592704  4 0.0000  1742 | 0/92
 19 h-m-p  0.0000 0.0000 13730.2819 ++    12344.349438  m 0.0000  1837 | 0/92
 20 h-m-p -0.0000 -0.0000 15516.5652 
h-m-p:     -4.40686374e-23     -2.20343187e-22      1.55165652e+04 12344.349438
..  | 0/92
 21 h-m-p  0.0000 0.0000 5180.6839 ++    12272.527076  m 0.0000  2024 | 0/92
 22 h-m-p  0.0000 0.0000 67961.2456 +YYCCCC 12248.767093  5 0.0000  2128 | 0/92
 23 h-m-p  0.0000 0.0000 17290.5043 +CCYC 12235.120029  3 0.0000  2230 | 0/92
 24 h-m-p  0.0000 0.0000 46918.9691 ++    12209.942199  m 0.0000  2325 | 1/92
 25 h-m-p  0.0000 0.0000 7422.6893 +YCCCY 12170.503669  4 0.0000  2429 | 1/92
 26 h-m-p  0.0000 0.0000 67364.7993 +YCYCCC 12163.063022  5 0.0000  2533 | 1/92
 27 h-m-p  0.0000 0.0000 15389.1283 ++    12148.585445  m 0.0000  2628 | 1/92
 28 h-m-p  0.0000 0.0000 11973.0803 +CYYYY 12142.115766  4 0.0000  2729 | 1/92
 29 h-m-p  0.0000 0.0000 52482.7528 ++    12104.660337  m 0.0000  2824 | 1/92
 30 h-m-p -0.0000 -0.0000 34721.2116 
h-m-p:     -1.04061484e-23     -5.20307420e-23      3.47212116e+04 12104.660337
..  | 1/92
 31 h-m-p  0.0000 0.0000 21570.0593 YCCCCC 12094.885851  5 0.0000  3021 | 1/92
 32 h-m-p  0.0000 0.0000 3195.9107 ++    12057.641764  m 0.0000  3116 | 1/92
 33 h-m-p  0.0000 0.0000 60135.7703 +CYYC 12050.964300  3 0.0000  3216 | 1/92
 34 h-m-p  0.0000 0.0000 10067.9216 +YYYCCCC 12038.174038  6 0.0000  3321 | 1/92
 35 h-m-p  0.0000 0.0000 21458.0443 +YCYYCCC 12013.570519  6 0.0000  3426 | 1/92
 36 h-m-p  0.0000 0.0000 39791.9867 +CYCCC 11988.473942  4 0.0000  3529 | 1/92
 37 h-m-p  0.0000 0.0000 7688.9633 +YYCYCYC 11983.455821  6 0.0000  3634 | 1/92
 38 h-m-p  0.0000 0.0000 9029.1308 +YYYYCCCCC 11973.289882  8 0.0000  3742 | 1/92
 39 h-m-p  0.0000 0.0000 11290.2025 ++    11938.390952  m 0.0000  3837 | 1/92
 40 h-m-p  0.0000 0.0000 269540.6700 +CYYYC 11932.522977  4 0.0000  3938 | 1/92
 41 h-m-p  0.0000 0.0000 178831.7248 +CYCYCCC 11885.736948  6 0.0000  4044 | 1/92
 42 h-m-p  0.0000 0.0000 8309.3220 +YYCYC 11881.875792  4 0.0000  4145 | 1/92
 43 h-m-p  0.0000 0.0000 9553.1559 +YCYYCC 11875.922656  5 0.0000  4248 | 1/92
 44 h-m-p  0.0000 0.0000 3340.7383 ++    11843.664414  m 0.0000  4343 | 1/92
 45 h-m-p  0.0000 0.0000 1386353.9863 +YCYCCC 11818.254920  5 0.0000  4447 | 1/92
 46 h-m-p  0.0000 0.0000 58184.8683 +CYYYYC 11803.153541  5 0.0000  4549 | 1/92
 47 h-m-p  0.0000 0.0000 154521.7840 ++    11771.490230  m 0.0000  4644 | 1/92
 48 h-m-p  0.0000 0.0000 123275.6799 +YCCC 11758.514019  3 0.0000  4745 | 1/92
 49 h-m-p  0.0000 0.0000 47956.2512 ++    11703.166814  m 0.0000  4840 | 1/92
 50 h-m-p  0.0000 0.0000 137407.5529 CYCCCC 11659.914804  5 0.0000  4944 | 1/92
 51 h-m-p  0.0000 0.0000 8218.6676 +YCCC 11641.683019  3 0.0000  5045 | 1/92
 52 h-m-p  0.0000 0.0000 2728.2466 +YYCCC 11630.780993  4 0.0000  5147 | 1/92
 53 h-m-p  0.0000 0.0000 4676.3928 YCCCC 11624.473797  4 0.0000  5249 | 1/92
 54 h-m-p  0.0000 0.0000 6966.3193 +YCYCC 11613.968005  4 0.0000  5351 | 1/92
 55 h-m-p  0.0000 0.0000 17246.8474 +YCCC 11609.722919  3 0.0000  5452 | 1/92
 56 h-m-p  0.0000 0.0000 5917.7446 +YYCCC 11597.901148  4 0.0000  5554 | 1/92
 57 h-m-p  0.0000 0.0000 9902.2374 +YYYYC 11585.679502  4 0.0000  5654 | 1/92
 58 h-m-p  0.0000 0.0000 31866.1888 YCCC  11576.183462  3 0.0000  5754 | 1/92
 59 h-m-p  0.0000 0.0000 26052.2915 YCCC  11559.447455  3 0.0000  5854 | 1/92
 60 h-m-p  0.0000 0.0000 37286.2630 +YCC  11540.934689  2 0.0000  5953 | 1/92
 61 h-m-p  0.0000 0.0000 19837.8737 +YYYCCC 11527.225620  5 0.0000  6056 | 1/92
 62 h-m-p  0.0000 0.0000 12223.3343 +YCCC 11518.077651  3 0.0000  6157 | 1/92
 63 h-m-p  0.0000 0.0000 9368.9849 +YYYCC 11508.764802  4 0.0000  6258 | 1/92
 64 h-m-p  0.0000 0.0000 11683.0638 +YYCCC 11501.351686  4 0.0000  6360 | 1/92
 65 h-m-p  0.0000 0.0000 10293.8728 +YCCC 11497.698751  3 0.0000  6461 | 1/92
 66 h-m-p  0.0000 0.0000 2405.2264 +YCYC 11494.122395  3 0.0000  6561 | 1/92
 67 h-m-p  0.0000 0.0000 4434.9666 +YCYCC 11486.146271  4 0.0000  6663 | 1/92
 68 h-m-p  0.0000 0.0000 2893.0138 YCCCC 11483.598880  4 0.0000  6765 | 1/92
 69 h-m-p  0.0000 0.0000 1461.7505 YCCC  11481.557935  3 0.0000  6865 | 1/92
 70 h-m-p  0.0000 0.0000 2077.4110 CCCC  11477.408098  3 0.0000  6966 | 1/92
 71 h-m-p  0.0000 0.0000 2838.0554 CCC   11474.778398  2 0.0000  7065 | 1/92
 72 h-m-p  0.0000 0.0000 2124.4508 YCY   11472.817106  2 0.0000  7163 | 1/92
 73 h-m-p  0.0000 0.0000 2017.4199 CCC   11471.044515  2 0.0000  7262 | 1/92
 74 h-m-p  0.0000 0.0000 2116.7979 CCCC  11467.094577  3 0.0000  7363 | 1/92
 75 h-m-p  0.0000 0.0000 2217.4458 CCCC  11465.360229  3 0.0000  7464 | 1/92
 76 h-m-p  0.0000 0.0000 1495.0724 CCCC  11463.417411  3 0.0000  7565 | 1/92
 77 h-m-p  0.0000 0.0000 2180.5006 CCC   11462.269567  2 0.0000  7664 | 1/92
 78 h-m-p  0.0000 0.0001 950.8011 CCC   11461.161802  2 0.0000  7763 | 1/92
 79 h-m-p  0.0000 0.0000 656.1052 YYC   11460.802084  2 0.0000  7860 | 1/92
 80 h-m-p  0.0000 0.0001 433.9533 YCC   11460.560878  2 0.0000  7958 | 1/92
 81 h-m-p  0.0000 0.0001 215.5538 C     11460.395944  0 0.0000  8053 | 1/92
 82 h-m-p  0.0000 0.0002 224.9780 YC    11460.325740  1 0.0000  8149 | 1/92
 83 h-m-p  0.0000 0.0004  89.8408 YC    11460.291203  1 0.0000  8245 | 1/92
 84 h-m-p  0.0000 0.0002  70.0861 CC    11460.269254  1 0.0000  8342 | 1/92
 85 h-m-p  0.0000 0.0002 159.4825 CC    11460.241590  1 0.0000  8439 | 1/92
 86 h-m-p  0.0000 0.0005 103.4111 YC    11460.198308  1 0.0000  8535 | 1/92
 87 h-m-p  0.0000 0.0007 135.9245 CC    11460.144663  1 0.0000  8632 | 1/92
 88 h-m-p  0.0000 0.0006 137.5112 YC    11460.028438  1 0.0000  8728 | 1/92
 89 h-m-p  0.0000 0.0004 330.2310 YC    11459.756685  1 0.0000  8824 | 1/92
 90 h-m-p  0.0000 0.0003 1039.1161 YC    11459.135336  1 0.0000  8920 | 1/92
 91 h-m-p  0.0000 0.0002 2000.8389 YCCC  11457.728931  3 0.0000  9020 | 1/92
 92 h-m-p  0.0000 0.0001 2108.7339 YY    11456.792845  1 0.0000  9116 | 1/92
 93 h-m-p  0.0000 0.0001 1158.1309 YCC   11456.408632  2 0.0000  9214 | 1/92
 94 h-m-p  0.0000 0.0002 404.6295 CC    11456.291035  1 0.0000  9311 | 1/92
 95 h-m-p  0.0000 0.0003 145.7043 YC    11456.225988  1 0.0000  9407 | 1/92
 96 h-m-p  0.0000 0.0007 130.2849 CC    11456.172267  1 0.0000  9504 | 1/92
 97 h-m-p  0.0001 0.0008  51.3827 YC    11456.129067  1 0.0000  9600 | 1/92
 98 h-m-p  0.0000 0.0011  51.2450 CC    11456.032535  1 0.0001  9697 | 1/92
 99 h-m-p  0.0000 0.0006  70.9460 CC    11455.853357  1 0.0000  9794 | 1/92
100 h-m-p  0.0000 0.0006  77.3657 YCC   11455.186825  2 0.0001  9892 | 1/92
101 h-m-p  0.0000 0.0005 242.5901 +YYC  11452.264130  2 0.0001  9990 | 1/92
102 h-m-p  0.0000 0.0001 553.8512 YCCC  11447.326057  3 0.0001 10090 | 1/92
103 h-m-p  0.0000 0.0000 933.5564 +YYCCC 11442.875670  4 0.0000 10192 | 1/92
104 h-m-p  0.0000 0.0000 1746.3186 YCYCCC 11439.007351  5 0.0000 10295 | 1/92
105 h-m-p  0.0000 0.0000 830.2839 YCYC  11437.142703  3 0.0000 10394 | 1/92
106 h-m-p  0.0000 0.0001 528.1623 YYC   11436.138552  2 0.0000 10491 | 1/92
107 h-m-p  0.0000 0.0003 239.8578 YCC   11435.626218  2 0.0000 10589 | 1/92
108 h-m-p  0.0001 0.0007 105.6886 YC    11435.455649  1 0.0000 10685 | 1/92
109 h-m-p  0.0001 0.0009  54.2578 CC    11435.418253  1 0.0000 10782 | 1/92
110 h-m-p  0.0000 0.0019  33.5770 C     11435.390299  0 0.0000 10877 | 1/92
111 h-m-p  0.0001 0.0065  12.3690 CC    11435.335831  1 0.0002 10974 | 1/92
112 h-m-p  0.0000 0.0019  43.8967 +YC   11435.076479  1 0.0001 11071 | 1/92
113 h-m-p  0.0001 0.0011  51.8470 CCC   11434.636480  2 0.0001 11170 | 1/92
114 h-m-p  0.0000 0.0005 123.1633 +YCYCCC 11429.593786  5 0.0003 11274 | 1/92
115 h-m-p  0.0000 0.0000 2689.5112 ++    11421.304255  m 0.0000 11369 | 1/92
116 h-m-p -0.0000 -0.0000 1356.6805 
h-m-p:     -1.18504522e-21     -5.92522611e-21      1.35668051e+03 11421.304255
..  | 1/92
117 h-m-p  0.0000 0.0000 107819.9174 -CYCYCCC 11416.430412  6 0.0000 11567 | 1/92
118 h-m-p  0.0000 0.0000 5479.9253 YYCCC 11406.407191  4 0.0000 11668 | 1/92
119 h-m-p  0.0000 0.0000 2257.6512 ++    11394.834771  m 0.0000 11763 | 1/92
120 h-m-p  0.0000 0.0000 24105.6539 +YYCCC 11392.979729  4 0.0000 11865 | 1/92
121 h-m-p  0.0000 0.0000 5539.7238 YCYC  11390.459638  3 0.0000 11964 | 1/92
122 h-m-p  0.0000 0.0000 2685.7891 CYCC  11387.878753  3 0.0000 12064 | 1/92
123 h-m-p  0.0000 0.0000 1032.3480 +YCCC 11384.693019  3 0.0000 12165 | 1/92
124 h-m-p  0.0000 0.0000 1309.3020 YCCC  11382.987479  3 0.0000 12265 | 1/92
125 h-m-p  0.0000 0.0000 859.8377 YCCC  11381.998358  3 0.0000 12365 | 1/92
126 h-m-p  0.0000 0.0001 436.7655 CCC   11381.173738  2 0.0000 12464 | 1/92
127 h-m-p  0.0000 0.0000 768.4350 YCCC  11380.260887  3 0.0000 12564 | 1/92
128 h-m-p  0.0000 0.0000 932.6507 CC    11379.478965  1 0.0000 12661 | 1/92
129 h-m-p  0.0000 0.0000 1139.8737 CCCC  11377.940384  3 0.0000 12762 | 1/92
130 h-m-p  0.0000 0.0001 1156.7841 CCC   11377.165147  2 0.0000 12861 | 1/92
131 h-m-p  0.0000 0.0000 773.0536 YCCC  11376.591644  3 0.0000 12961 | 1/92
132 h-m-p  0.0000 0.0001 1005.1501 CCC   11375.850140  2 0.0000 13060 | 1/92
133 h-m-p  0.0000 0.0001 1401.8190 CCC   11374.552404  2 0.0000 13159 | 1/92
134 h-m-p  0.0000 0.0000 2489.0245 YCCC  11371.295679  3 0.0000 13259 | 1/92
135 h-m-p  0.0000 0.0000 6309.7668 CYC   11369.509134  2 0.0000 13357 | 1/92
136 h-m-p  0.0000 0.0000 4152.9205 YCCC  11366.429592  3 0.0000 13457 | 1/92
137 h-m-p  0.0000 0.0000 3141.7337 YCCC  11364.019668  3 0.0000 13557 | 1/92
138 h-m-p  0.0000 0.0000 4209.6172 YCCC  11360.075521  3 0.0000 13657 | 1/92
139 h-m-p  0.0000 0.0000 7564.8528 YCCC  11355.774776  3 0.0000 13757 | 1/92
140 h-m-p  0.0000 0.0000 12281.1959 YCY   11348.943742  2 0.0000 13855 | 1/92
141 h-m-p  0.0000 0.0000 6823.4536 +YCYC 11345.103296  3 0.0000 13955 | 1/92
142 h-m-p  0.0000 0.0000 6391.9479 YCCC  11342.095349  3 0.0000 14055 | 1/92
143 h-m-p  0.0000 0.0000 4653.4812 YCCC  11339.001148  3 0.0000 14155 | 1/92
144 h-m-p  0.0000 0.0000 4165.6330 CCC   11335.396315  2 0.0000 14254 | 1/92
145 h-m-p  0.0000 0.0000 5963.7529 +YYCCC 11331.362797  4 0.0000 14356 | 1/92
146 h-m-p  0.0000 0.0000 7323.6820 YCCC  11327.859579  3 0.0000 14456 | 1/92
147 h-m-p  0.0000 0.0000 7059.1898 +YYCCC 11323.564934  4 0.0000 14558 | 1/92
148 h-m-p  0.0000 0.0000 6468.4405 YCCC  11317.945052  3 0.0000 14658 | 1/92
149 h-m-p  0.0000 0.0001 6369.7472 YCCC  11311.854625  3 0.0000 14758 | 1/92
150 h-m-p  0.0000 0.0000 5060.9709 CC    11309.125244  1 0.0000 14855 | 1/92
151 h-m-p  0.0000 0.0000 3597.0954 YCCC  11307.078056  3 0.0000 14955 | 1/92
152 h-m-p  0.0000 0.0000 2292.1837 YCCC  11305.481775  3 0.0000 15055 | 1/92
153 h-m-p  0.0000 0.0001 1851.4849 CC    11304.325225  1 0.0000 15152 | 1/92
154 h-m-p  0.0000 0.0001 869.9210 YCC   11303.915708  2 0.0000 15250 | 1/92
155 h-m-p  0.0000 0.0001 534.1026 YCC   11303.666125  2 0.0000 15348 | 1/92
156 h-m-p  0.0000 0.0001 308.0673 YC    11303.552335  1 0.0000 15444 | 1/92
157 h-m-p  0.0000 0.0002 142.2100 YC    11303.499234  1 0.0000 15540 | 1/92
158 h-m-p  0.0000 0.0003 132.5739 CC    11303.463248  1 0.0000 15637 | 1/92
159 h-m-p  0.0000 0.0008  74.9079 YC    11303.443201  1 0.0000 15733 | 1/92
160 h-m-p  0.0000 0.0002 104.2871 CC    11303.424246  1 0.0000 15830 | 1/92
161 h-m-p  0.0000 0.0003  85.6051 YC    11303.414386  1 0.0000 15926 | 1/92
162 h-m-p  0.0000 0.0019  28.0038 YC    11303.411348  1 0.0000 16022 | 1/92
163 h-m-p  0.0000 0.0009  22.3033 YC    11303.409882  1 0.0000 16118 | 1/92
164 h-m-p  0.0000 0.0017  18.4222 CC    11303.408012  1 0.0000 16215 | 1/92
165 h-m-p  0.0000 0.0016  33.0189 CC    11303.405390  1 0.0000 16312 | 1/92
166 h-m-p  0.0000 0.0016  53.3399 YC    11303.400171  1 0.0000 16408 | 1/92
167 h-m-p  0.0000 0.0016  90.3298 +CC   11303.382521  1 0.0000 16506 | 1/92
168 h-m-p  0.0000 0.0006 238.3154 CC    11303.354182  1 0.0000 16603 | 1/92
169 h-m-p  0.0000 0.0006 514.1117 CC    11303.310715  1 0.0000 16700 | 1/92
170 h-m-p  0.0000 0.0002 728.0862 CC    11303.264026  1 0.0000 16797 | 1/92
171 h-m-p  0.0000 0.0003 620.5198 YC    11303.235417  1 0.0000 16893 | 1/92
172 h-m-p  0.0000 0.0004 415.7146 CC    11303.212250  1 0.0000 16990 | 1/92
173 h-m-p  0.0000 0.0011 135.4465 YC    11303.196595  1 0.0000 17086 | 1/92
174 h-m-p  0.0000 0.0016  83.7306 CC    11303.190616  1 0.0000 17183 | 1/92
175 h-m-p  0.0000 0.0009  35.5386 YC    11303.188219  1 0.0000 17279 | 1/92
176 h-m-p  0.0000 0.0010  29.7361 YC    11303.186443  1 0.0000 17375 | 1/92
177 h-m-p  0.0000 0.0040  15.8309 C     11303.184752  0 0.0000 17470 | 1/92
178 h-m-p  0.0000 0.0047  10.2139 CC    11303.181741  1 0.0000 17567 | 1/92
179 h-m-p  0.0000 0.0043  15.3875 YC    11303.175035  1 0.0000 17663 | 1/92
180 h-m-p  0.0000 0.0015  21.7921 C     11303.164444  0 0.0000 17758 | 1/92
181 h-m-p  0.0000 0.0041  31.0881 +CC   11303.109728  1 0.0001 17856 | 1/92
182 h-m-p  0.0000 0.0008  91.1372 CC    11303.014007  1 0.0000 17953 | 1/92
183 h-m-p  0.0000 0.0006 200.1332 +YCC  11302.672269  2 0.0001 18052 | 1/92
184 h-m-p  0.0000 0.0003 860.4981 +CCCC 11300.940349  3 0.0001 18154 | 1/92
185 h-m-p  0.0000 0.0001 4314.9982 +YCC  11295.803271  2 0.0000 18253 | 1/92
186 h-m-p  0.0000 0.0001 6403.3092 CCCC  11291.395164  3 0.0000 18354 | 1/92
187 h-m-p  0.0000 0.0001 3642.1241 CC    11289.925094  1 0.0000 18451 | 1/92
188 h-m-p  0.0000 0.0001 958.9749 YYC   11289.580882  2 0.0000 18548 | 1/92
189 h-m-p  0.0001 0.0005 196.3532 YC    11289.453693  1 0.0000 18644 | 1/92
190 h-m-p  0.0000 0.0005 180.4071 YC    11289.381780  1 0.0000 18740 | 1/92
191 h-m-p  0.0001 0.0010  52.5364 CC    11289.365824  1 0.0000 18837 | 1/92
192 h-m-p  0.0000 0.0019  31.4401 YC    11289.359376  1 0.0000 18933 | 1/92
193 h-m-p  0.0001 0.0014  12.8779 C     11289.358527  0 0.0000 19028 | 1/92
194 h-m-p  0.0000 0.0100   3.8858 YC    11289.358307  1 0.0000 19124 | 1/92
195 h-m-p  0.0000 0.0192   1.8248 Y     11289.357795  0 0.0001 19219 | 1/92
196 h-m-p  0.0000 0.0182   6.0788 YC    11289.355058  1 0.0001 19315 | 1/92
197 h-m-p  0.0000 0.0057  24.0463 +C    11289.342445  0 0.0001 19411 | 1/92
198 h-m-p  0.0001 0.0038  35.8132 CC    11289.325726  1 0.0001 19508 | 1/92
199 h-m-p  0.0000 0.0020  71.0274 +YC   11289.278110  1 0.0001 19605 | 1/92
200 h-m-p  0.0000 0.0015 256.5603 +CC   11289.002306  1 0.0001 19703 | 1/92
201 h-m-p  0.0000 0.0003 2043.3333 +CCC  11287.594461  2 0.0001 19803 | 1/92
202 h-m-p  0.0000 0.0001 5826.2574 +YCCC 11285.522920  3 0.0000 19904 | 1/92
203 h-m-p  0.0000 0.0002 791.0592 CC    11285.414997  1 0.0000 20001 | 1/92
204 h-m-p  0.0003 0.0016  27.0460 -YC   11285.412373  1 0.0000 20098 | 1/92
205 h-m-p  0.0000 0.0025   9.6325 YC    11285.411574  1 0.0000 20194 | 1/92
206 h-m-p  0.0000 0.0069   4.5554 Y     11285.411070  0 0.0000 20289 | 1/92
207 h-m-p  0.0001 0.0390   2.5205 ++YC  11285.391582  1 0.0009 20387 | 1/92
208 h-m-p  0.0000 0.0021 131.7447 ++CC  11285.092066  1 0.0003 20486 | 1/92
209 h-m-p  0.0000 0.0007 1325.8287 YCCC  11284.417165  3 0.0001 20586 | 1/92
210 h-m-p  0.0001 0.0003 122.9224 C     11284.401802  0 0.0000 20681 | 1/92
211 h-m-p  0.0072 1.1596   0.2528 +++CYCCC 11283.613951  4 0.6326 20786 | 1/92
212 h-m-p  0.4130 2.0650   0.1484 CCC   11283.407420  2 0.4989 20976 | 1/92
213 h-m-p  0.8612 8.0000   0.0860 YCC   11283.338077  2 0.4778 21165 | 1/92
214 h-m-p  1.2281 8.0000   0.0334 C     11283.303786  0 1.1333 21351 | 1/92
215 h-m-p  1.6000 8.0000   0.0048 CC    11283.284903  1 2.0031 21539 | 1/92
216 h-m-p  1.6000 8.0000   0.0021 YC    11283.247497  1 3.2303 21726 | 1/92
217 h-m-p  1.5834 8.0000   0.0043 YC    11283.197627  1 2.5960 21913 | 1/92
218 h-m-p  1.6000 8.0000   0.0041 CC    11283.156854  1 2.4941 22101 | 1/92
219 h-m-p  1.6000 8.0000   0.0005 C     11283.136185  0 1.6864 22287 | 1/92
220 h-m-p  0.4881 8.0000   0.0019 +YC   11283.119262  1 1.6638 22475 | 1/92
221 h-m-p  1.1798 8.0000   0.0027 YC    11283.097934  1 2.4112 22662 | 1/92
222 h-m-p  1.6000 8.0000   0.0019 YC    11283.067620  1 3.5133 22849 | 1/92
223 h-m-p  1.6000 8.0000   0.0007 +YC   11283.012758  1 4.0869 23037 | 1/92
224 h-m-p  0.4210 8.0000   0.0064 +YC   11282.995261  1 1.2393 23225 | 1/92
225 h-m-p  1.6000 8.0000   0.0025 YC    11282.994604  1 0.9319 23412 | 1/92
226 h-m-p  1.6000 8.0000   0.0002 C     11282.994533  0 1.5289 23598 | 1/92
227 h-m-p  1.6000 8.0000   0.0001 C     11282.994510  0 1.7362 23784 | 1/92
228 h-m-p  1.6000 8.0000   0.0000 Y     11282.994506  0 1.1266 23970 | 1/92
229 h-m-p  1.5855 8.0000   0.0000 +Y    11282.994498  0 4.0476 24157 | 1/92
230 h-m-p  1.2763 8.0000   0.0000 ----------------..  | 1/92
231 h-m-p  0.0000 0.0048   2.3218 -------- | 1/92
232 h-m-p  0.0000 0.0048   2.3218 --------
Out..
lnL  = -11282.994498
24742 lfun, 49484 eigenQcodon, 2202038 P(t)

d123[*] =  0.00126  0.00111  0.00432  average  0.00223
    [B] =  0.00482  0.00466  0.00504  average  0.00484
accept  =  0.26213  0.23737  0.85754

w =  0.23737 dN =  0.00115 dS =  0.00484 d4 =  0.00433 (418.0 four-fold sites)
             dN*=  0.00106 dS*=  0.00597 S* = 657.60 N* =2114.40

d123[*] =  0.00021  0.00018  0.00070  average  0.00036
    [B] =  0.00078  0.00076  0.00082  average  0.00079
accept  =  0.26213  0.23737  0.85754

w =  0.23737 dN =  0.00019 dS =  0.00079 d4 =  0.00070 (418.0 four-fold sites)
             dN*=  0.00017 dS*=  0.00097 S* = 657.60 N* =2114.40

d123[*] =  0.00021  0.00018  0.00072  average  0.00037
    [B] =  0.00080  0.00077  0.00084  average  0.00080
accept  =  0.26213  0.23737  0.85754

w =  0.23737 dN =  0.00019 dS =  0.00080 d4 =  0.00072 (418.0 four-fold sites)
             dN*=  0.00018 dS*=  0.00099 S* = 657.60 N* =2114.40

d123[*] =  0.00084  0.00073  0.00287  average  0.00148
    [B] =  0.00320  0.00309  0.00335  average  0.00321
accept  =  0.26213  0.23737  0.85754

w =  0.23737 dN =  0.00076 dS =  0.00321 d4 =  0.00288 (418.0 four-fold sites)
             dN*=  0.00071 dS*=  0.00397 S* = 657.60 N* =2114.40

d123[*] =  0.00086  0.00075  0.00295  average  0.00152
    [B] =  0.00329  0.00318  0.00343  average  0.00330
accept  =  0.26213  0.23737  0.85754

w =  0.23737 dN =  0.00078 dS =  0.00330 d4 =  0.00295 (418.0 four-fold sites)
             dN*=  0.00073 dS*=  0.00407 S* = 657.60 N* =2114.40

d123[*] =  0.00055  0.00048  0.00186  average  0.00096
    [B] =  0.00208  0.00201  0.00217  average  0.00209
accept  =  0.26213  0.23737  0.85754

w =  0.23737 dN =  0.00050 dS =  0.00209 d4 =  0.00187 (418.0 four-fold sites)
             dN*=  0.00046 dS*=  0.00258 S* = 657.60 N* =2114.40

d123[*] =  0.00026  0.00023  0.00089  average  0.00046
    [B] =  0.00099  0.00096  0.00104  average  0.00100
accept  =  0.26213  0.23737  0.85754

w =  0.23737 dN =  0.00024 dS =  0.00100 d4 =  0.00089 (418.0 four-fold sites)
             dN*=  0.00022 dS*=  0.00123 S* = 657.60 N* =2114.40

d123[*] =  0.00147  0.00129  0.00502  average  0.00259
    [B] =  0.00561  0.00542  0.00586  average  0.00563
accept  =  0.26213  0.23737  0.85754

w =  0.23737 dN =  0.00134 dS =  0.00563 d4 =  0.00504 (418.0 four-fold sites)
             dN*=  0.00124 dS*=  0.00695 S* = 657.60 N* =2114.40

d123[*] =  0.00074  0.00065  0.00253  average  0.00131
    [B] =  0.00283  0.00273  0.00295  average  0.00284
accept  =  0.26213  0.23737  0.85754

w =  0.23737 dN =  0.00067 dS =  0.00284 d4 =  0.00254 (418.0 four-fold sites)
             dN*=  0.00062 dS*=  0.00351 S* = 657.60 N* =2114.40

d123[*] =  0.00116  0.00102  0.00397  average  0.00205
    [B] =  0.00443  0.00428  0.00463  average  0.00445
accept  =  0.26213  0.23737  0.85754

w =  0.23737 dN =  0.00106 dS =  0.00445 d4 =  0.00398 (418.0 four-fold sites)
             dN*=  0.00098 dS*=  0.00549 S* = 657.60 N* =2114.40

d123[*] =  0.00052  0.00045  0.00177  average  0.00091
    [B] =  0.00197  0.00190  0.00206  average  0.00198
accept  =  0.26213  0.23737  0.85754

w =  0.23737 dN =  0.00047 dS =  0.00198 d4 =  0.00177 (418.0 four-fold sites)
             dN*=  0.00044 dS*=  0.00244 S* = 657.60 N* =2114.40

d123[*] =  0.00112  0.00098  0.00382  average  0.00197
    [B] =  0.00426  0.00412  0.00446  average  0.00428
accept  =  0.26213  0.23737  0.85754

w =  0.23737 dN =  0.00102 dS =  0.00428 d4 =  0.00383 (418.0 four-fold sites)
             dN*=  0.00094 dS*=  0.00529 S* = 657.60 N* =2114.40

d123[*] =  0.00075  0.00066  0.00256  average  0.00132
    [B] =  0.00286  0.00276  0.00299  average  0.00287
accept  =  0.26213  0.23737  0.85754

w =  0.23737 dN =  0.00068 dS =  0.00287 d4 =  0.00257 (418.0 four-fold sites)
             dN*=  0.00063 dS*=  0.00355 S* = 657.60 N* =2114.40

d123[*] =  0.00135  0.00118  0.00461  average  0.00238
    [B] =  0.00515  0.00498  0.00538  average  0.00517
accept  =  0.26213  0.23737  0.85754

w =  0.23737 dN =  0.00123 dS =  0.00517 d4 =  0.00463 (418.0 four-fold sites)
             dN*=  0.00114 dS*=  0.00638 S* = 657.60 N* =2114.40

d123[*] =  0.00084  0.00074  0.00288  average  0.00149
    [B] =  0.00322  0.00311  0.00336  average  0.00323
accept  =  0.26213  0.23737  0.85754

w =  0.23737 dN =  0.00077 dS =  0.00323 d4 =  0.00289 (418.0 four-fold sites)
             dN*=  0.00071 dS*=  0.00399 S* = 657.60 N* =2114.40

d123[*] =  0.00306  0.00267  0.01045  average  0.00539
    [B] =  0.01166  0.01127  0.01219  average  0.01170
accept  =  0.26213  0.23737  0.85754

w =  0.23737 dN =  0.00278 dS =  0.01170 d4 =  0.01048 (418.0 four-fold sites)
             dN*=  0.00258 dS*=  0.01446 S* = 657.60 N* =2114.40

d123[*] =  0.00201  0.00176  0.00688  average  0.00355
    [B] =  0.00768  0.00741  0.00802  average  0.00770
accept  =  0.26213  0.23737  0.85754

w =  0.23737 dN =  0.00183 dS =  0.00770 d4 =  0.00690 (418.0 four-fold sites)
             dN*=  0.00169 dS*=  0.00951 S* = 657.60 N* =2114.40

d123[*] =  0.00031  0.00027  0.00104  average  0.00054
    [B] =  0.00117  0.00113  0.00122  average  0.00117
accept  =  0.26213  0.23737  0.85754

w =  0.23737 dN =  0.00028 dS =  0.00117 d4 =  0.00105 (418.0 four-fold sites)
             dN*=  0.00026 dS*=  0.00144 S* = 657.60 N* =2114.40

d123[*] =  0.00188  0.00164  0.00641  average  0.00331
    [B] =  0.00716  0.00691  0.00748  average  0.00718
accept  =  0.26213  0.23737  0.85754

w =  0.23737 dN =  0.00171 dS =  0.00718 d4 =  0.00643 (418.0 four-fold sites)
             dN*=  0.00158 dS*=  0.00887 S* = 657.60 N* =2114.40

d123[*] =  0.00129  0.00113  0.00440  average  0.00227
    [B] =  0.00491  0.00474  0.00513  average  0.00493
accept  =  0.26213  0.23737  0.85754

w =  0.23737 dN =  0.00117 dS =  0.00493 d4 =  0.00441 (418.0 four-fold sites)
             dN*=  0.00108 dS*=  0.00608 S* = 657.60 N* =2114.40

d123[*] =  0.00042  0.00037  0.00144  average  0.00074
    [B] =  0.00161  0.00155  0.00168  average  0.00161
accept  =  0.26213  0.23737  0.85754

w =  0.23737 dN =  0.00038 dS =  0.00161 d4 =  0.00144 (418.0 four-fold sites)
             dN*=  0.00035 dS*=  0.00199 S* = 657.60 N* =2114.40

d123[*] =  0.00000  0.00000  0.00000  average  0.00000
    [B] =  0.00000  0.00000  0.00000  average  0.00000
accept  =  0.26213  0.23737  0.85754

w =  0.23737 dN =  0.00000 dS =  0.00000 d4 =  0.00000 (418.0 four-fold sites)
             dN*=  0.00000 dS*=  0.00000 S* = 657.60 N* =2114.40

d123[*] =  0.00042  0.00037  0.00144  average  0.00074
    [B] =  0.00160  0.00155  0.00168  average  0.00161
accept  =  0.26213  0.23737  0.85754

w =  0.23737 dN =  0.00038 dS =  0.00161 d4 =  0.00144 (418.0 four-fold sites)
             dN*=  0.00035 dS*=  0.00199 S* = 657.60 N* =2114.40

d123[*] =  0.00084  0.00074  0.00288  average  0.00148
    [B] =  0.00321  0.00310  0.00335  average  0.00322
accept  =  0.26213  0.23737  0.85754

w =  0.23737 dN =  0.00076 dS =  0.00322 d4 =  0.00288 (418.0 four-fold sites)
             dN*=  0.00071 dS*=  0.00398 S* = 657.60 N* =2114.40

d123[*] =  0.00084  0.00074  0.00288  average  0.00148
    [B] =  0.00321  0.00310  0.00335  average  0.00322
accept  =  0.26213  0.23737  0.85754

w =  0.23737 dN =  0.00076 dS =  0.00322 d4 =  0.00288 (418.0 four-fold sites)
             dN*=  0.00071 dS*=  0.00398 S* = 657.60 N* =2114.40

d123[*] =  0.00168  0.00147  0.00576  average  0.00297
    [B] =  0.00643  0.00621  0.00671  average  0.00645
accept  =  0.26213  0.23737  0.85754

w =  0.23737 dN =  0.00153 dS =  0.00645 d4 =  0.00577 (418.0 four-fold sites)
             dN*=  0.00142 dS*=  0.00796 S* = 657.60 N* =2114.40

d123[*] =  0.00126  0.00110  0.00431  average  0.00222
    [B] =  0.00481  0.00465  0.00503  average  0.00483
accept  =  0.26213  0.23737  0.85754

w =  0.23737 dN =  0.00115 dS =  0.00483 d4 =  0.00432 (418.0 four-fold sites)
             dN*=  0.00106 dS*=  0.00596 S* = 657.60 N* =2114.40

d123[*] =  0.00063  0.00055  0.00215  average  0.00111
    [B] =  0.00240  0.00232  0.00251  average  0.00241
accept  =  0.26213  0.23737  0.85754

w =  0.23737 dN =  0.00057 dS =  0.00241 d4 =  0.00216 (418.0 four-fold sites)
             dN*=  0.00053 dS*=  0.00297 S* = 657.60 N* =2114.40

d123[*] =  0.01032  0.00903  0.03527  average  0.01821
    [B] =  0.03937  0.03802  0.04113  average  0.03951
accept  =  0.26213  0.23737  0.85754

w =  0.23737 dN =  0.00938 dS =  0.03951 d4 =  0.03537 (418.0 four-fold sites)
             dN*=  0.00869 dS*=  0.04879 S* = 657.60 N* =2114.40

d123[*] =  0.00387  0.00339  0.01323  average  0.00683
    [B] =  0.01476  0.01426  0.01542  average  0.01482
accept  =  0.26213  0.23737  0.85754

w =  0.23737 dN =  0.00352 dS =  0.01482 d4 =  0.01326 (418.0 four-fold sites)
             dN*=  0.00326 dS*=  0.01830 S* = 657.60 N* =2114.40

d123[*] =  0.01696  0.01524  0.04749  average  0.02656
    [B] =  0.05227  0.05049  0.05461  average  0.05246
accept  =  0.32446  0.30180  0.86958

w =  0.30180 dN =  0.01583 dS =  0.05246 d4 =  0.04696 (418.0 four-fold sites)
             dN*=  0.01467 dS*=  0.06478 S* = 657.60 N* =2114.40

d123[*] =  0.01619  0.01416  0.05532  average  0.02856
    [B] =  0.06175  0.05964  0.06451  average  0.06197
accept  =  0.26213  0.23737  0.85754

w =  0.23737 dN =  0.01471 dS =  0.06197 d4 =  0.05547 (418.0 four-fold sites)
             dN*=  0.01363 dS*=  0.07653 S* = 657.60 N* =2114.40

d123[*] =  0.00835  0.00731  0.02855  average  0.01474
    [B] =  0.03187  0.03078  0.03330  average  0.03198
accept  =  0.26213  0.23737  0.85754

w =  0.23737 dN =  0.00759 dS =  0.03198 d4 =  0.02863 (418.0 four-fold sites)
             dN*=  0.00704 dS*=  0.03950 S* = 657.60 N* =2114.40

d123[*] =  0.00547  0.00478  0.01868  average  0.00964
    [B] =  0.02086  0.02014  0.02179  average  0.02093
accept  =  0.26213  0.23737  0.85754

w =  0.23737 dN =  0.00497 dS =  0.02093 d4 =  0.01874 (418.0 four-fold sites)
             dN*=  0.00460 dS*=  0.02585 S* = 657.60 N* =2114.40

d123[*] =  0.00501  0.00438  0.01713  average  0.00884
    [B] =  0.01912  0.01847  0.01998  average  0.01919
accept  =  0.26213  0.23737  0.85754

w =  0.23737 dN =  0.00456 dS =  0.01919 d4 =  0.01718 (418.0 four-fold sites)
             dN*=  0.00422 dS*=  0.02370 S* = 657.60 N* =2114.40

d123[*] =  0.01198  0.01047  0.04093  average  0.02113
    [B] =  0.04569  0.04413  0.04773  average  0.04585
accept  =  0.26213  0.23737  0.85754

w =  0.23737 dN =  0.01088 dS =  0.04585 d4 =  0.04104 (418.0 four-fold sites)
             dN*=  0.01009 dS*=  0.05662 S* = 657.60 N* =2114.40

d123[*] =  0.00367  0.00321  0.01255  average  0.00648
    [B] =  0.01401  0.01353  0.01464  average  0.01406
accept  =  0.26213  0.23737  0.85754

w =  0.23737 dN =  0.00334 dS =  0.01406 d4 =  0.01259 (418.0 four-fold sites)
             dN*=  0.00309 dS*=  0.01736 S* = 657.60 N* =2114.40

d123[*] =  0.00452  0.00395  0.01543  average  0.00797
    [B] =  0.01723  0.01664  0.01800  average  0.01729
accept  =  0.26213  0.23737  0.85754

w =  0.23737 dN =  0.00410 dS =  0.01729 d4 =  0.01547 (418.0 four-fold sites)
             dN*=  0.00380 dS*=  0.02135 S* = 657.60 N* =2114.40

d123[*] =  0.00021  0.00018  0.00071  average  0.00037
    [B] =  0.00079  0.00077  0.00083  average  0.00080
accept  =  0.26213  0.23737  0.85754

w =  0.23737 dN =  0.00019 dS =  0.00080 d4 =  0.00071 (418.0 four-fold sites)
             dN*=  0.00018 dS*=  0.00098 S* = 657.60 N* =2114.40

d123[*] =  0.00148  0.00129  0.00506  average  0.00261
    [B] =  0.00564  0.00545  0.00590  average  0.00566
accept  =  0.26213  0.23737  0.85754

w =  0.23737 dN =  0.00134 dS =  0.00566 d4 =  0.00507 (418.0 four-fold sites)
             dN*=  0.00125 dS*=  0.00700 S* = 657.60 N* =2114.40

d123[*] =  0.00042  0.00037  0.00144  average  0.00074
    [B] =  0.00161  0.00155  0.00168  average  0.00162
accept  =  0.26213  0.23737  0.85754

w =  0.23737 dN =  0.00038 dS =  0.00162 d4 =  0.00145 (418.0 four-fold sites)
             dN*=  0.00036 dS*=  0.00200 S* = 657.60 N* =2114.40

d123[*] =  0.00021  0.00019  0.00073  average  0.00038
    [B] =  0.00081  0.00078  0.00085  average  0.00081
accept  =  0.26213  0.23737  0.85754

w =  0.23737 dN =  0.00019 dS =  0.00081 d4 =  0.00073 (418.0 four-fold sites)
             dN*=  0.00018 dS*=  0.00101 S* = 657.60 N* =2114.40

d123[*] =  0.00171  0.00149  0.00584  average  0.00301
    [B] =  0.00651  0.00629  0.00681  average  0.00654
accept  =  0.26213  0.23737  0.85754

w =  0.23737 dN =  0.00155 dS =  0.00654 d4 =  0.00585 (418.0 four-fold sites)
             dN*=  0.00144 dS*=  0.00807 S* = 657.60 N* =2114.40

d123[*] =  0.00687  0.00601  0.02347  average  0.01211
    [B] =  0.02619  0.02530  0.02737  average  0.02629
accept  =  0.26213  0.23737  0.85754

w =  0.23737 dN =  0.00624 dS =  0.02629 d4 =  0.02353 (418.0 four-fold sites)
             dN*=  0.00578 dS*=  0.03246 S* = 657.60 N* =2114.40

d123[*] =  0.00296  0.00259  0.01011  average  0.00522
    [B] =  0.01129  0.01090  0.01179  average  0.01133
accept  =  0.26213  0.23737  0.85754

w =  0.23737 dN =  0.00269 dS =  0.01133 d4 =  0.01014 (418.0 four-fold sites)
             dN*=  0.00249 dS*=  0.01399 S* = 657.60 N* =2114.40

d123[*] =  0.00195  0.00171  0.00667  average  0.00344
    [B] =  0.00745  0.00719  0.00778  average  0.00747
accept  =  0.26213  0.23737  0.85754

w =  0.23737 dN =  0.00177 dS =  0.00747 d4 =  0.00669 (418.0 four-fold sites)
             dN*=  0.00164 dS*=  0.00923 S* = 657.60 N* =2114.40

d123[*] =  0.00212  0.00186  0.00726  average  0.00375
    [B] =  0.00810  0.00782  0.00846  average  0.00813
accept  =  0.26213  0.23737  0.85754

w =  0.23737 dN =  0.00193 dS =  0.00813 d4 =  0.00728 (418.0 four-fold sites)
             dN*=  0.00179 dS*=  0.01004 S* = 657.60 N* =2114.40

d123[*] =  0.00127  0.00111  0.00433  average  0.00223
    [B] =  0.00483  0.00466  0.00505  average  0.00485
accept  =  0.26213  0.23737  0.85754

w =  0.23737 dN =  0.00115 dS =  0.00485 d4 =  0.00434 (418.0 four-fold sites)
             dN*=  0.00107 dS*=  0.00599 S* = 657.60 N* =2114.40

d123[*] =  0.00063  0.00055  0.00215  average  0.00111
    [B] =  0.00240  0.00232  0.00251  average  0.00241
accept  =  0.26213  0.23737  0.85754

w =  0.23737 dN =  0.00057 dS =  0.00241 d4 =  0.00216 (418.0 four-fold sites)
             dN*=  0.00053 dS*=  0.00298 S* = 657.60 N* =2114.40

d123[*] =  0.00042  0.00037  0.00144  average  0.00074
    [B] =  0.00160  0.00155  0.00168  average  0.00161
accept  =  0.26213  0.23737  0.85754

w =  0.23737 dN =  0.00038 dS =  0.00161 d4 =  0.00144 (418.0 four-fold sites)
             dN*=  0.00035 dS*=  0.00199 S* = 657.60 N* =2114.40

d123[*] =  0.00270  0.00236  0.00921  average  0.00475
    [B] =  0.01028  0.00993  0.01074  average  0.01032
accept  =  0.26213  0.23737  0.85754

w =  0.23737 dN =  0.00245 dS =  0.01032 d4 =  0.00924 (418.0 four-fold sites)
             dN*=  0.00227 dS*=  0.01274 S* = 657.60 N* =2114.40

d123[*] =  0.00331  0.00289  0.01131  average  0.00584
    [B] =  0.01262  0.01219  0.01318  average  0.01266
accept  =  0.26213  0.23737  0.85754

w =  0.23737 dN =  0.00301 dS =  0.01266 d4 =  0.01134 (418.0 four-fold sites)
             dN*=  0.00279 dS*=  0.01564 S* = 657.60 N* =2114.40

d123[*] =  0.00062  0.00054  0.00213  average  0.00110
    [B] =  0.00238  0.00229  0.00248  average  0.00238
accept  =  0.26213  0.23737  0.85754

w =  0.23737 dN =  0.00057 dS =  0.00238 d4 =  0.00213 (418.0 four-fold sites)
             dN*=  0.00052 dS*=  0.00294 S* = 657.60 N* =2114.40

d123[*] =  0.00042  0.00037  0.00145  average  0.00075
    [B] =  0.00161  0.00156  0.00169  average  0.00162
accept  =  0.26213  0.23737  0.85754

w =  0.23737 dN =  0.00038 dS =  0.00162 d4 =  0.00145 (418.0 four-fold sites)
             dN*=  0.00036 dS*=  0.00200 S* = 657.60 N* =2114.40

d123[*] =  0.00148  0.00129  0.00504  average  0.00260
    [B] =  0.00563  0.00544  0.00588  average  0.00565
accept  =  0.26213  0.23737  0.85754

w =  0.23737 dN =  0.00134 dS =  0.00565 d4 =  0.00506 (418.0 four-fold sites)
             dN*=  0.00124 dS*=  0.00698 S* = 657.60 N* =2114.40

d123[*] =  0.00235  0.00205  0.00802  average  0.00414
    [B] =  0.00895  0.00865  0.00935  average  0.00898
accept  =  0.26213  0.23737  0.85754

w =  0.23737 dN =  0.00213 dS =  0.00898 d4 =  0.00804 (418.0 four-fold sites)
             dN*=  0.00198 dS*=  0.01109 S* = 657.60 N* =2114.40

d123[*] =  0.00019  0.00017  0.00065  average  0.00034
    [B] =  0.00073  0.00070  0.00076  average  0.00073
accept  =  0.26213  0.23737  0.85754

w =  0.23737 dN =  0.00017 dS =  0.00073 d4 =  0.00065 (418.0 four-fold sites)
             dN*=  0.00016 dS*=  0.00090 S* = 657.60 N* =2114.40

d123[*] =  0.00191  0.00167  0.00652  average  0.00337
    [B] =  0.00728  0.00703  0.00761  average  0.00731
accept  =  0.26213  0.23737  0.85754

w =  0.23737 dN =  0.00173 dS =  0.00731 d4 =  0.00654 (418.0 four-fold sites)
             dN*=  0.00161 dS*=  0.00903 S* = 657.60 N* =2114.40

d123[*] =  0.00170  0.00149  0.00581  average  0.00300
    [B] =  0.00649  0.00626  0.00678  average  0.00651
accept  =  0.26213  0.23737  0.85754

w =  0.23737 dN =  0.00154 dS =  0.00651 d4 =  0.00583 (418.0 four-fold sites)
             dN*=  0.00143 dS*=  0.00804 S* = 657.60 N* =2114.40

d123[*] =  0.00042  0.00037  0.00144  average  0.00075
    [B] =  0.00161  0.00156  0.00168  average  0.00162
accept  =  0.26213  0.23737  0.85754

w =  0.23737 dN =  0.00038 dS =  0.00162 d4 =  0.00145 (418.0 four-fold sites)
             dN*=  0.00036 dS*=  0.00200 S* = 657.60 N* =2114.40

d123[*] =  0.00021  0.00018  0.00072  average  0.00037
    [B] =  0.00080  0.00077  0.00083  average  0.00080
accept  =  0.26213  0.23737  0.85754

w =  0.23737 dN =  0.00019 dS =  0.00080 d4 =  0.00072 (418.0 four-fold sites)
             dN*=  0.00018 dS*=  0.00099 S* = 657.60 N* =2114.40

d123[*] =  0.00149  0.00130  0.00508  average  0.00262
    [B] =  0.00567  0.00547  0.00592  average  0.00569
accept  =  0.26213  0.23737  0.85754

w =  0.23737 dN =  0.00135 dS =  0.00569 d4 =  0.00509 (418.0 four-fold sites)
             dN*=  0.00125 dS*=  0.00702 S* = 657.60 N* =2114.40

d123[*] =  0.01429  0.01250  0.04883  average  0.02520
    [B] =  0.05450  0.05264  0.05694  average  0.05469
accept  =  0.26213  0.23737  0.85754

w =  0.23737 dN =  0.01298 dS =  0.05469 d4 =  0.04896 (418.0 four-fold sites)
             dN*=  0.01203 dS*=  0.06755 S* = 657.60 N* =2114.40

d123[*] =  0.00158  0.00138  0.00541  average  0.00279
    [B] =  0.00604  0.00583  0.00631  average  0.00606
accept  =  0.26213  0.23737  0.85754

w =  0.23737 dN =  0.00144 dS =  0.00606 d4 =  0.00542 (418.0 four-fold sites)
             dN*=  0.00133 dS*=  0.00748 S* = 657.60 N* =2114.40

d123[*] =  0.00206  0.00180  0.00704  average  0.00363
    [B] =  0.00786  0.00759  0.00821  average  0.00788
accept  =  0.26213  0.23737  0.85754

w =  0.23737 dN =  0.00187 dS =  0.00788 d4 =  0.00706 (418.0 four-fold sites)
             dN*=  0.00173 dS*=  0.00974 S* = 657.60 N* =2114.40

d123[*] =  0.00222  0.00194  0.00758  average  0.00391
    [B] =  0.00846  0.00817  0.00884  average  0.00849
accept  =  0.26213  0.23737  0.85754

w =  0.23737 dN =  0.00202 dS =  0.00849 d4 =  0.00760 (418.0 four-fold sites)
             dN*=  0.00187 dS*=  0.01049 S* = 657.60 N* =2114.40

d123[*] =  0.00445  0.00389  0.01520  average  0.00785
    [B] =  0.01697  0.01639  0.01772  average  0.01702
accept  =  0.26213  0.23737  0.85754

w =  0.23737 dN =  0.00404 dS =  0.01702 d4 =  0.01524 (418.0 four-fold sites)
             dN*=  0.00375 dS*=  0.02103 S* = 657.60 N* =2114.40

d123[*] =  0.00341  0.00298  0.01166  average  0.00602
    [B] =  0.01302  0.01257  0.01360  average  0.01306
accept  =  0.26213  0.23737  0.85754

w =  0.23737 dN =  0.00310 dS =  0.01306 d4 =  0.01169 (418.0 four-fold sites)
             dN*=  0.00287 dS*=  0.01613 S* = 657.60 N* =2114.40

d123[*] =  0.00342  0.00299  0.01170  average  0.00604
    [B] =  0.01306  0.01261  0.01364  average  0.01310
accept  =  0.26213  0.23737  0.85754

w =  0.23737 dN =  0.00311 dS =  0.01310 d4 =  0.01173 (418.0 four-fold sites)
             dN*=  0.00288 dS*=  0.01618 S* = 657.60 N* =2114.40

d123[*] =  0.00397  0.00347  0.01356  average  0.00700
    [B] =  0.01513  0.01462  0.01581  average  0.01519
accept  =  0.26213  0.23737  0.85754

w =  0.23737 dN =  0.00360 dS =  0.01519 d4 =  0.01359 (418.0 four-fold sites)
             dN*=  0.00334 dS*=  0.01875 S* = 657.60 N* =2114.40

d123[*] =  0.00038  0.00034  0.00132  average  0.00068
    [B] =  0.00147  0.00142  0.00153  average  0.00147
accept  =  0.26213  0.23737  0.85754

w =  0.23737 dN =  0.00035 dS =  0.00147 d4 =  0.00132 (418.0 four-fold sites)
             dN*=  0.00032 dS*=  0.00182 S* = 657.60 N* =2114.40

d123[*] =  0.00256  0.00224  0.00876  average  0.00452
    [B] =  0.00978  0.00945  0.01022  average  0.00982
accept  =  0.26213  0.23737  0.85754

w =  0.23737 dN =  0.00233 dS =  0.00982 d4 =  0.00879 (418.0 four-fold sites)
             dN*=  0.00216 dS*=  0.01212 S* = 657.60 N* =2114.40

d123[*] =  0.00132  0.00116  0.00452  average  0.00233
    [B] =  0.00505  0.00488  0.00527  average  0.00507
accept  =  0.26213  0.23737  0.85754

w =  0.23737 dN =  0.00120 dS =  0.00507 d4 =  0.00454 (418.0 four-fold sites)
             dN*=  0.00111 dS*=  0.00626 S* = 657.60 N* =2114.40

d123[*] =  0.00101  0.00089  0.00346  average  0.00179
    [B] =  0.00387  0.00373  0.00404  average  0.00388
accept  =  0.26213  0.23737  0.85754

w =  0.23737 dN =  0.00092 dS =  0.00388 d4 =  0.00347 (418.0 four-fold sites)
             dN*=  0.00085 dS*=  0.00479 S* = 657.60 N* =2114.40

d123[*] =  0.00064  0.00056  0.00217  average  0.00112
    [B] =  0.00242  0.00234  0.00253  average  0.00243
accept  =  0.26213  0.23737  0.85754

w =  0.23737 dN =  0.00058 dS =  0.00243 d4 =  0.00218 (418.0 four-fold sites)
             dN*=  0.00053 dS*=  0.00300 S* = 657.60 N* =2114.40

d123[*] =  0.00123  0.00107  0.00419  average  0.00216
    [B] =  0.00468  0.00452  0.00489  average  0.00469
accept  =  0.26213  0.23737  0.85754

w =  0.23737 dN =  0.00111 dS =  0.00469 d4 =  0.00420 (418.0 four-fold sites)
             dN*=  0.00103 dS*=  0.00580 S* = 657.60 N* =2114.40

d123[*] =  0.00153  0.00133  0.00522  average  0.00269
    [B] =  0.00582  0.00562  0.00608  average  0.00584
accept  =  0.26213  0.23737  0.85754

w =  0.23737 dN =  0.00139 dS =  0.00584 d4 =  0.00523 (418.0 four-fold sites)
             dN*=  0.00129 dS*=  0.00722 S* = 657.60 N* =2114.40

d123[*] =  0.00279  0.00244  0.00954  average  0.00492
    [B] =  0.01065  0.01028  0.01112  average  0.01068
accept  =  0.26213  0.23737  0.85754

w =  0.23737 dN =  0.00254 dS =  0.01068 d4 =  0.00956 (418.0 four-fold sites)
             dN*=  0.00235 dS*=  0.01319 S* = 657.60 N* =2114.40

d123[*] =  0.00665  0.00581  0.02272  average  0.01173
    [B] =  0.02536  0.02450  0.02650  average  0.02545
accept  =  0.26213  0.23737  0.85754

w =  0.23737 dN =  0.00604 dS =  0.02545 d4 =  0.02278 (418.0 four-fold sites)
             dN*=  0.00560 dS*=  0.03143 S* = 657.60 N* =2114.40

d123[*] =  0.01564  0.01368  0.05345  average  0.02759
    [B] =  0.05966  0.05762  0.06232  average  0.05987
accept  =  0.26213  0.23737  0.85754

w =  0.23737 dN =  0.01421 dS =  0.05987 d4 =  0.05359 (418.0 four-fold sites)
             dN*=  0.01317 dS*=  0.07393 S* = 657.60 N* =2114.40

d123[*] =  0.00059  0.00051  0.00201  average  0.00104
    [B] =  0.00224  0.00216  0.00234  average  0.00225
accept  =  0.26213  0.23737  0.85754

w =  0.23737 dN =  0.00053 dS =  0.00225 d4 =  0.00201 (418.0 four-fold sites)
             dN*=  0.00049 dS*=  0.00278 S* = 657.60 N* =2114.40

d123[*] =  0.00146  0.00128  0.00499  average  0.00258
    [B] =  0.00557  0.00538  0.00582  average  0.00559
accept  =  0.26213  0.23737  0.85754

w =  0.23737 dN =  0.00133 dS =  0.00559 d4 =  0.00501 (418.0 four-fold sites)
             dN*=  0.00123 dS*=  0.00691 S* = 657.60 N* =2114.40

d123[*] =  0.00211  0.00185  0.00723  average  0.00373
    [B] =  0.00807  0.00779  0.00843  average  0.00809
accept  =  0.26213  0.23737  0.85754

w =  0.23737 dN =  0.00192 dS =  0.00809 d4 =  0.00725 (418.0 four-fold sites)
             dN*=  0.00178 dS*=  0.01000 S* = 657.60 N* =2114.40

d123[*] =  0.00084  0.00073  0.00286  average  0.00148
    [B] =  0.00319  0.00308  0.00334  average  0.00320
accept  =  0.26213  0.23737  0.85754

w =  0.23737 dN =  0.00076 dS =  0.00320 d4 =  0.00287 (418.0 four-fold sites)
             dN*=  0.00071 dS*=  0.00396 S* = 657.60 N* =2114.40

d123[*] =  0.00147  0.00129  0.00503  average  0.00259
    [B] =  0.00561  0.00542  0.00586  average  0.00563
accept  =  0.26213  0.23737  0.85754

w =  0.23737 dN =  0.00134 dS =  0.00563 d4 =  0.00504 (418.0 four-fold sites)
             dN*=  0.00124 dS*=  0.00695 S* = 657.60 N* =2114.40

d123[*] =  0.00070  0.00061  0.00238  average  0.00123
    [B] =  0.00266  0.00257  0.00278  average  0.00267
accept  =  0.26213  0.23737  0.85754

w =  0.23737 dN =  0.00063 dS =  0.00267 d4 =  0.00239 (418.0 four-fold sites)
             dN*=  0.00059 dS*=  0.00329 S* = 657.60 N* =2114.40

d123[*] =  0.04223  0.03693  0.14432  average  0.07449
    [B] =  0.16109  0.15559  0.16829  average  0.16166
accept  =  0.26213  0.23737  0.85754

w =  0.23737 dN =  0.03837 dS =  0.16166 d4 =  0.14472 (418.0 four-fold sites)
             dN*=  0.03557 dS*=  0.19965 S* = 657.60 N* =2114.40

d123[*] =  0.00410  0.00358  0.01401  average  0.00723
    [B] =  0.01564  0.01510  0.01634  average  0.01569
accept  =  0.26213  0.23737  0.85754

w =  0.23737 dN =  0.00372 dS =  0.01569 d4 =  0.01405 (418.0 four-fold sites)
             dN*=  0.00345 dS*=  0.01938 S* = 657.60 N* =2114.40

d123[*] =  0.00553  0.00484  0.01891  average  0.00976
    [B] =  0.02111  0.02039  0.02206  average  0.02119
accept  =  0.26213  0.23737  0.85754

w =  0.23737 dN =  0.00503 dS =  0.02119 d4 =  0.01897 (418.0 four-fold sites)
             dN*=  0.00466 dS*=  0.02616 S* = 657.60 N* =2114.40
end of tree file.

Time used: 52:44
