
 15         verbose | verbose                1.00
  7         runmode | runmode                0.00
  4         seqtype | seqtype                1.00
 13       CodonFreq | CodonFreq              2.00
  9           clock | clock                  0.00
 18          aaDist | aaDist                 0.00
 16           model | model                  2.00
 20         NSsites | NSsites                0.00
 22           icode | icode                  0.00
 24       fix_kappa | fix_kappa              0.00
 25           kappa | kappa                  2.00
 26       fix_omega | fix_omega              0.00
 27           omega | omega                  0.50
  6       cleandata | cleandata              1.00
CODONML in paml version 4.9f, October 2017

----------------------------------------------
Phe F TTT | Ser S TCT | Tyr Y TAT | Cys C TGT
      TTC |       TCC |       TAC |       TGC
Leu L TTA |       TCA | *** * TAA | *** * TGA
      TTG |       TCG |       TAG | Trp W TGG
----------------------------------------------
Leu L CTT | Pro P CCT | His H CAT | Arg R CGT
      CTC |       CCC |       CAC |       CGC
      CTA |       CCA | Gln Q CAA |       CGA
      CTG |       CCG |       CAG |       CGG
----------------------------------------------
Ile I ATT | Thr T ACT | Asn N AAT | Ser S AGT
      ATC |       ACC |       AAC |       AGC
      ATA |       ACA | Lys K AAA | Arg R AGA
Met M ATG |       ACG |       AAG |       AGG
----------------------------------------------
Val V GTT | Ala A GCT | Asp D GAT | Gly G GGT
      GTC |       GCC |       GAC |       GGC
      GTA |       GCA | Glu E GAA |       GGA
      GTG |       GCG |       GAG |       GGG
----------------------------------------------
Nice code, uuh?


Ambiguity character definition table:

T (1): T 
C (1): C 
A (1): A 
G (1): G 
U (1): T 
Y (2): T C 
R (2): A G 
M (2): C A 
K (2): T G 
S (2): C G 
W (2): T A 
H (3): T C A 
B (3): T C G 
V (3): C A G 
D (3): T A G 
- (4): T C A G 
N (4): T C A G 
? (4): T C A G 
ns = 46  	ls = 2784
Reading sequences, sequential format..
Reading seq # 1: Acinonyx_jubatus       
Reading seq # 2: Ailuropoda_melanoleuca       
Reading seq # 3: Callorhinus_ursinus       
Reading seq # 4: Canis_lupus       
Reading seq # 5: Enhydra_lutris       
Reading seq # 6: Eumetopias_jubatus       
Reading seq # 7: Felis_catus       
Reading seq # 8: Halichoerus_grypus       
Reading seq # 9: Hyaena_hyaena       
Reading seq #10: Leopardus_geoffroyi       
Reading seq #11: Leptonychotes_weddellii       
Reading seq #12: Lontra_canadensis       
Reading seq #13: Lutra_lutra       
Reading seq #14: Lynx_canadensis       
Reading seq #15: Lynx_rufus       
Reading seq #16: Meles_meles       
Reading seq #17: Mirounga_angustirostris       
Reading seq #18: Mirounga_leonina       
Reading seq #19: Mustela_erminea       
Reading seq #20: Mustela_lutreola       
Reading seq #21: Mustela_nigripes       
Reading seq #22: Mustela_putorius       
Reading seq #23: Neofelis_nebulosa       
Reading seq #24: Neogale_vison       
Reading seq #25: Neomonachus_schauinslandi       
Reading seq #26: Nyctereutes_procyonoides       
Reading seq #27: Odobenus_rosmarus       
Reading seq #28: Panthera_leo       
Reading seq #29: Panthera_onca       
Reading seq #30: Panthera_pardus       
Reading seq #31: Panthera_tigris       
Reading seq #32: Panthera_uncia       
Reading seq #33: Phoca_vitulina       
Reading seq #34: Prionailurus_bengalensis       
Reading seq #35: Prionailurus_viverrinus       
Reading seq #36: Puma_concolor       
Reading seq #37: Puma_yagouaroundi       
Reading seq #38: Suricata_suricatta       
Reading seq #39: Ursus_americanus       
Reading seq #40: Ursus_arctos       
Reading seq #41: Ursus_maritimus       
Reading seq #42: Vulpes_lagopus       
Reading seq #43: Vulpes_vulpes       
Reading seq #44: Zalophus_californianus       
Reading seq #45: Manis_javanica       
Reading seq #46: Manis_pentadactyla       

Sites with gaps or missing data are removed.

    12 ambiguity characters in seq. 45
    12 ambiguity characters in seq. 46
4 sites are removed.  12 13 14 15
Sequences read..
Counting site patterns..  0:00
Compressing,    650 patterns at    924 /    924 sites (100.0%),  0:00
Collecting fpatt[] & pose[],    650 patterns at    924 /    924 sites (100.0%),  0:00
Counting codons..

     8280 bytes for distance
   634400 bytes for conP
140731278479600 bytes for fhK
  5000000 bytes for space

2 branch types are in tree. Stop if wrong.
TREE #  1

 13956800 bytes for conP, adjusted

2 node(s) used for scaling (Yang 2000 J Mol Evol 51:423-432):
 55 69

    0.098188    0.068540    0.105130    0.056101    0.038671    0.060592    0.045485    0.106379    0.080569    0.019508    0.103946    0.080908    0.069580    0.037326    0.101690    0.020916    0.043035    0.021268    0.073298    0.011383    0.102231    0.045390    0.060529    0.064488    0.010057    0.062298    0.093097    0.015450    0.106099    0.073356    0.036151    0.066711    0.106415    0.030826    0.059143    0.091400    0.030167    0.020386    0.055764    0.082003    0.070288    0.047447    0.019648    0.105195    0.100391    0.025724    0.055525    0.098756    0.085086    0.041488    0.080506    0.021518    0.035909    0.041938    0.045197    0.042272    0.030040    0.071131    0.079321    0.028584    0.084003    0.051912    0.041542    0.071442    0.049535    0.087274    0.028175    0.056690    0.073809    0.029589    0.070471    0.069172    0.041198    0.041150    0.025158    0.090524    0.088777    0.044460    0.037943    0.026565    0.062732    0.035698    0.034637    0.075212    0.057884    0.109813    0.069614    0.020854    0.057502    0.421348    0.452559    0.412268

ntime & nrate & np:    89     3    92

Bounds (np=92):
   0.000004   0.000004   0.000004   0.000004   0.000004   0.000004   0.000004   0.000004   0.000004   0.000004   0.000004   0.000004   0.000004   0.000004   0.000004   0.000004   0.000004   0.000004   0.000004   0.000004   0.000004   0.000004   0.000004   0.000004   0.000004   0.000004   0.000004   0.000004   0.000004   0.000004   0.000004   0.000004   0.000004   0.000004   0.000004   0.000004   0.000004   0.000004   0.000004   0.000004   0.000004   0.000004   0.000004   0.000004   0.000004   0.000004   0.000004   0.000004   0.000004   0.000004   0.000004   0.000004   0.000004   0.000004   0.000004   0.000004   0.000004   0.000004   0.000004   0.000004   0.000004   0.000004   0.000004   0.000004   0.000004   0.000004   0.000004   0.000004   0.000004   0.000004   0.000004   0.000004   0.000004   0.000004   0.000004   0.000004   0.000004   0.000004   0.000004   0.000004   0.000004   0.000004   0.000004   0.000004   0.000004   0.000004   0.000004   0.000004   0.000004   0.000100   0.000100   0.000100
  50.000000  50.000000  50.000000  50.000000  50.000000  50.000000  50.000000  50.000000  50.000000  50.000000  50.000000  50.000000  50.000000  50.000000  50.000000  50.000000  50.000000  50.000000  50.000000  50.000000  50.000000  50.000000  50.000000  50.000000  50.000000  50.000000  50.000000  50.000000  50.000000  50.000000  50.000000  50.000000  50.000000  50.000000  50.000000  50.000000  50.000000  50.000000  50.000000  50.000000  50.000000  50.000000  50.000000  50.000000  50.000000  50.000000  50.000000  50.000000  50.000000  50.000000  50.000000  50.000000  50.000000  50.000000  50.000000  50.000000  50.000000  50.000000  50.000000  50.000000  50.000000  50.000000  50.000000  50.000000  50.000000  50.000000  50.000000  50.000000  50.000000  50.000000  50.000000  50.000000  50.000000  50.000000  50.000000  50.000000  50.000000  50.000000  50.000000  50.000000  50.000000  50.000000  50.000000  50.000000  50.000000  50.000000  50.000000  50.000000  50.000000 999.000000 999.000000 999.000000

np =    92
lnL0 = -14987.571437

Iterating by ming2
Initial: fx= 14987.571437
x=  0.09819  0.06854  0.10513  0.05610  0.03867  0.06059  0.04548  0.10638  0.08057  0.01951  0.10395  0.08091  0.06958  0.03733  0.10169  0.02092  0.04304  0.02127  0.07330  0.01138  0.10223  0.04539  0.06053  0.06449  0.01006  0.06230  0.09310  0.01545  0.10610  0.07336  0.03615  0.06671  0.10642  0.03083  0.05914  0.09140  0.03017  0.02039  0.05576  0.08200  0.07029  0.04745  0.01965  0.10519  0.10039  0.02572  0.05553  0.09876  0.08509  0.04149  0.08051  0.02152  0.03591  0.04194  0.04520  0.04227  0.03004  0.07113  0.07932  0.02858  0.08400  0.05191  0.04154  0.07144  0.04954  0.08727  0.02818  0.05669  0.07381  0.02959  0.07047  0.06917  0.04120  0.04115  0.02516  0.09052  0.08878  0.04446  0.03794  0.02657  0.06273  0.03570  0.03464  0.07521  0.05788  0.10981  0.06961  0.02085  0.05750  0.42135  0.45256  0.41227

  1 h-m-p  0.0000 0.0000 7211.9319 ++    14023.640525  m 0.0000    97 | 0/92
  2 h-m-p  0.0000 0.0000 415412.8649 ++    13959.116291  m 0.0000   192 | 0/92
  3 h-m-p  0.0000 0.0000 749106.6958 ++    13781.286633  m 0.0000   287 | 0/92
  4 h-m-p  0.0000 0.0000 62523.3722 ++    13441.092655  m 0.0000   382 | 0/92
  5 h-m-p  0.0000 0.0000 146944.5579 ++    13415.406491  m 0.0000   477 | 0/92
  6 h-m-p  0.0000 0.0000 60746.9996 ++    13033.804513  m 0.0000   572 | 0/92
  7 h-m-p  0.0000 0.0000 423746.9474 ++    12955.438707  m 0.0000   667 | 0/92
  8 h-m-p  0.0000 0.0000 55162.7203 ++    12912.312265  m 0.0000   762 | 1/92
  9 h-m-p  0.0000 0.0000 73999.8581 ++    12816.920723  m 0.0000   857 | 1/92
 10 h-m-p  0.0000 0.0000 228352.8688 ++    12802.147018  m 0.0000   952 | 1/92
 11 h-m-p  0.0000 0.0000 61718.9613 ++    12610.070011  m 0.0000  1047 | 1/92
 12 h-m-p  0.0000 0.0000 105249.4840 ++    12484.074685  m 0.0000  1142 | 1/92
 13 h-m-p  0.0000 0.0000 36060.8827 ++    12428.451349  m 0.0000  1237 | 1/92
 14 h-m-p  0.0000 0.0000 219417.1303 ++    12387.115981  m 0.0000  1332 | 1/92
 15 h-m-p  0.0000 0.0000 44560.9493 ++    12362.501089  m 0.0000  1427 | 1/92
 16 h-m-p  0.0000 0.0000 75807.7095 ++    12313.644406  m 0.0000  1522 | 1/92
 17 h-m-p  0.0000 0.0000 137244.2092 +CYCCC 12305.659332  4 0.0000  1625 | 1/92
 18 h-m-p  0.0000 0.0000 61153.1780 +YYCYYCC 12261.089665  6 0.0000  1730 | 1/92
 19 h-m-p  0.0000 0.0000 98410.0650 +CYCYCCC 12205.138732  6 0.0000  1836 | 1/92
 20 h-m-p  0.0000 0.0000 41341.6448 ++    12184.455791  m 0.0000  1931 | 1/92
 21 h-m-p  0.0000 0.0000 46692.9155 ++    12157.204996  m 0.0000  2026 | 1/92
 22 h-m-p  0.0000 0.0000 50404.3097 +YYYYC 12147.461554  4 0.0000  2126 | 1/92
 23 h-m-p  0.0000 0.0000 25069.6056 +YCYCCC 12122.469255  5 0.0000  2230 | 1/92
 24 h-m-p  0.0000 0.0000 114868.3388 +YYCCC 12102.271203  4 0.0000  2332 | 1/92
 25 h-m-p  0.0000 0.0000 16187.7696 +YYYCCCC 12070.855354  6 0.0000  2437 | 0/92
 26 h-m-p  0.0000 0.0000 14353.1094 +YYYCCC 12065.056049  5 0.0000  2540 | 0/92
 27 h-m-p  0.0000 0.0000 9571.1495 +YCYCCC 12060.962621  5 0.0000  2644 | 0/92
 28 h-m-p  0.0000 0.0000 53530.7801 +YYYYC 12053.711052  4 0.0000  2744 | 0/92
 29 h-m-p  0.0000 0.0000 7121.3816 +YYCYCCC 12042.504238  6 0.0000  2849 | 0/92
 30 h-m-p  0.0000 0.0000 15572.1810 +YYYCC 12031.966961  4 0.0000  2950 | 0/92
 31 h-m-p  0.0000 0.0000 8715.3760 +YYYCC 12026.815637  4 0.0000  3051 | 0/92
 32 h-m-p  0.0000 0.0000 14383.3023 +YYYCCC 12013.497902  5 0.0000  3154 | 0/92
 33 h-m-p  0.0000 0.0000 30698.7096 +YYYYC 11983.472830  4 0.0000  3254 | 0/92
 34 h-m-p  0.0000 0.0000 12381.5463 +YYCCC 11897.623624  4 0.0000  3356 | 0/92
 35 h-m-p  0.0000 0.0000 7750.7059 +YYYYC 11849.049395  4 0.0000  3456 | 0/92
 36 h-m-p  0.0000 0.0000 16993.2705 +YC   11820.064656  1 0.0000  3553 | 0/92
 37 h-m-p  0.0000 0.0000 4350.9705 ++    11789.053891  m 0.0000  3648 | 0/92
 38 h-m-p  0.0000 0.0000 11659.9269 +YCCC 11781.603455  3 0.0000  3749 | 0/92
 39 h-m-p  0.0000 0.0000 3370.0758 +YCCCC 11769.910723  4 0.0000  3852 | 0/92
 40 h-m-p  0.0000 0.0000 2105.4192 +CCCC 11750.003651  3 0.0000  3954 | 0/92
 41 h-m-p  0.0000 0.0000 3963.8009 +YYYYYYC 11725.106997  6 0.0000  4056 | 0/92
 42 h-m-p  0.0000 0.0000 27001.3870 YCCC  11696.760431  3 0.0000  4156 | 0/92
 43 h-m-p  0.0000 0.0000 2775.6567 YCCC  11687.135306  3 0.0000  4256 | 0/92
 44 h-m-p  0.0000 0.0000 1591.6679 YCCC  11682.759826  3 0.0000  4356 | 0/92
 45 h-m-p  0.0000 0.0001 1143.1804 YCCC  11678.341173  3 0.0000  4456 | 0/92
 46 h-m-p  0.0000 0.0001 586.4052 CC    11676.887650  1 0.0000  4553 | 0/92
 47 h-m-p  0.0000 0.0002 388.3647 CC    11675.903128  1 0.0000  4650 | 0/92
 48 h-m-p  0.0000 0.0002 288.3654 YC    11675.344256  1 0.0000  4746 | 0/92
 49 h-m-p  0.0000 0.0001 198.3767 YCC   11675.004933  2 0.0000  4844 | 0/92
 50 h-m-p  0.0000 0.0003 136.3149 CCC   11674.496438  2 0.0000  4943 | 0/92
 51 h-m-p  0.0000 0.0002 156.5115 CCC   11673.421677  2 0.0001  5042 | 0/92
 52 h-m-p  0.0000 0.0001 289.2931 CCCC  11671.435451  3 0.0000  5143 | 0/92
 53 h-m-p  0.0000 0.0002 368.9601 +YYCCC 11660.246695  4 0.0001  5245 | 0/92
 54 h-m-p  0.0000 0.0001 936.3489 +CYC  11640.757573  2 0.0000  5344 | 0/92
 55 h-m-p  0.0000 0.0000 4137.1743 +YYYCC 11622.363163  4 0.0000  5445 | 0/92
 56 h-m-p  0.0000 0.0000 3623.3539 +YCYCCC 11614.494780  5 0.0000  5549 | 0/92
 57 h-m-p  0.0000 0.0000 1948.8550 +YYCCC 11607.179983  4 0.0000  5651 | 0/92
 58 h-m-p  0.0000 0.0000 2041.7785 YCCC  11601.935433  3 0.0000  5751 | 0/92
 59 h-m-p  0.0000 0.0000 1001.1572 CCC   11600.390302  2 0.0000  5850 | 0/92
 60 h-m-p  0.0000 0.0001 387.3798 CCC   11599.328426  2 0.0000  5949 | 0/92
 61 h-m-p  0.0000 0.0001 206.6077 YC    11599.135995  1 0.0000  6045 | 0/92
 62 h-m-p  0.0000 0.0006  83.4613 YC    11599.083354  1 0.0000  6141 | 0/92
 63 h-m-p  0.0000 0.0008  53.4586 YC    11599.060850  1 0.0000  6237 | 0/92
 64 h-m-p  0.0000 0.0022  38.0716 CC    11599.040211  1 0.0000  6334 | 0/92
 65 h-m-p  0.0000 0.0014  30.9892 YC    11599.023854  1 0.0000  6430 | 0/92
 66 h-m-p  0.0000 0.0023  28.8341 CC    11598.992453  1 0.0001  6527 | 0/92
 67 h-m-p  0.0000 0.0010  55.4337 CC    11598.932514  1 0.0000  6624 | 0/92
 68 h-m-p  0.0000 0.0018  64.9642 +YC   11598.693001  1 0.0001  6721 | 0/92
 69 h-m-p  0.0000 0.0003 324.4474 +YCC  11597.941246  2 0.0001  6820 | 0/92
 70 h-m-p  0.0000 0.0002 880.5285 YC    11596.378589  1 0.0000  6916 | 0/92
 71 h-m-p  0.0000 0.0001 2435.2736 +YYYC 11590.057366  3 0.0001  7015 | 0/92
 72 h-m-p  0.0000 0.0000 4057.2443 +YCYCCC 11585.829885  5 0.0000  7119 | 0/92
 73 h-m-p  0.0000 0.0001 879.8669 CCC   11585.217778  2 0.0000  7218 | 0/92
 74 h-m-p  0.0001 0.0004 140.5088 YC    11584.954943  1 0.0000  7314 | 0/92
 75 h-m-p  0.0000 0.0003 145.8246 CCC   11584.569427  2 0.0000  7413 | 0/92
 76 h-m-p  0.0000 0.0004 126.2302 CCC   11583.638329  2 0.0001  7512 | 0/92
 77 h-m-p  0.0000 0.0004 177.2893 +YYCC 11578.527880  3 0.0001  7612 | 0/92
 78 h-m-p  0.0000 0.0001 758.9471 +YYCCC 11571.710996  4 0.0000  7714 | 0/92
 79 h-m-p  0.0000 0.0000 1867.6179 +YCYCCC 11566.056740  5 0.0000  7818 | 0/92
 80 h-m-p  0.0000 0.0000 3103.2482 +YYCCC 11559.078813  4 0.0000  7920 | 0/92
 81 h-m-p  0.0000 0.0000 1649.7023 +YCCC 11555.914880  3 0.0000  8021 | 0/92
 82 h-m-p  0.0000 0.0001 1195.2446 CCCC  11551.730477  3 0.0000  8122 | 0/92
 83 h-m-p  0.0000 0.0002 225.3330 YC    11550.999418  1 0.0000  8218 | 0/92
 84 h-m-p  0.0001 0.0007  94.5035 YC    11550.849194  1 0.0000  8314 | 0/92
 85 h-m-p  0.0001 0.0014  48.9700 YC    11550.793832  1 0.0001  8410 | 0/92
 86 h-m-p  0.0001 0.0014  40.9678 YC    11550.768302  1 0.0000  8506 | 0/92
 87 h-m-p  0.0001 0.0051  12.5142 C     11550.735089  0 0.0001  8601 | 0/92
 88 h-m-p  0.0002 0.0062   9.1287 +C    11550.163265  0 0.0007  8697 | 0/92
 89 h-m-p  0.0001 0.0016  91.5695 +YCCC 11540.777814  3 0.0005  8798 | 0/92
 90 h-m-p  0.0001 0.0003 654.6753 +CYCCC 11489.994672  4 0.0003  8901 | 0/92
 91 h-m-p  0.0000 0.0000 1619.9905 ++    11480.593663  m 0.0000  8996 | 0/92
 92 h-m-p -0.0000 -0.0000 308.6061 
h-m-p:     -2.13003064e-20     -1.06501532e-19      3.08606055e+02 11480.593663
..  | 0/92
 93 h-m-p  0.0000 0.0000 203540.5090 -CYCYCCC 11471.593691  6 0.0000  9194 | 0/92
 94 h-m-p  0.0000 0.0000 8048.4558 YYYC  11455.392879  3 0.0000  9292 | 0/92
 95 h-m-p  0.0000 0.0000 2363.1018 ++    11440.769500  m 0.0000  9387 | 0/92
 96 h-m-p  0.0000 0.0000 39269.6581 +CYCC 11436.447542  3 0.0000  9489 | 0/92
 97 h-m-p  0.0000 0.0000 64150.8020 ++    11434.275377  m 0.0000  9584 | 0/92
 98 h-m-p -0.0000 -0.0000 5065.4533 
h-m-p:     -1.29118957e-23     -6.45594787e-23      5.06545330e+03 11434.275377
..  | 0/92
 99 h-m-p  0.0000 0.0000 4789.7677 CYYCC 11431.066205  4 0.0000  9777 | 0/92
100 h-m-p  0.0000 0.0000 1904.4312 +YCYYC 11421.335370  4 0.0000  9878 | 0/92
101 h-m-p  0.0000 0.0000 3242.5101 +YYCC 11416.470164  3 0.0000  9978 | 0/92
102 h-m-p  0.0000 0.0000 3017.9648 +YYCCC 11414.287998  4 0.0000 10080 | 0/92
103 h-m-p  0.0000 0.0000 3000.9358 ++    11412.192707  m 0.0000 10175 | 1/92
104 h-m-p  0.0000 0.0000 2125.8687 YCCCC 11409.628545  4 0.0000 10277 | 1/92
105 h-m-p  0.0000 0.0000 1439.4246 +YCCC 11408.087014  3 0.0000 10378 | 1/92
106 h-m-p  0.0000 0.0000 3108.5821 YCCC  11406.301640  3 0.0000 10478 | 1/92
107 h-m-p  0.0000 0.0000 2637.0874 YCC   11404.041382  2 0.0000 10576 | 1/92
108 h-m-p  0.0000 0.0000 1747.5831 YCCC  11401.733354  3 0.0000 10676 | 1/92
109 h-m-p  0.0000 0.0000 1144.8013 CCC   11400.909399  2 0.0000 10775 | 1/92
110 h-m-p  0.0000 0.0000 892.3953 YCCC  11400.172516  3 0.0000 10875 | 1/92
111 h-m-p  0.0000 0.0000 1281.4463 CCC   11399.446195  2 0.0000 10974 | 1/92
112 h-m-p  0.0000 0.0000 1727.3638 YCCC  11398.542036  3 0.0000 11074 | 1/92
113 h-m-p  0.0000 0.0000 1373.3942 CCC   11397.575310  2 0.0000 11173 | 1/92
114 h-m-p  0.0000 0.0000 1394.6009 CCCC  11396.552840  3 0.0000 11274 | 1/92
115 h-m-p  0.0000 0.0000 1285.3397 YCCC  11395.810873  3 0.0000 11374 | 1/92
116 h-m-p  0.0000 0.0000 2023.2541 CCC   11394.147818  2 0.0000 11473 | 1/92
117 h-m-p  0.0000 0.0000 1993.8652 CCC   11392.533274  2 0.0000 11572 | 1/92
118 h-m-p  0.0000 0.0000 1793.2132 YCCC  11391.049363  3 0.0000 11672 | 1/92
119 h-m-p  0.0000 0.0000 3005.2085 YCCC  11388.773434  3 0.0000 11772 | 1/92
120 h-m-p  0.0000 0.0000 2879.1232 CCC   11387.010044  2 0.0000 11871 | 1/92
121 h-m-p  0.0000 0.0000 2099.4524 +YYCCC 11385.445968  4 0.0000 11973 | 1/92
122 h-m-p  0.0000 0.0000 5296.6808 CCC   11383.736965  2 0.0000 12072 | 1/92
123 h-m-p  0.0000 0.0000 2928.8574 +YCCC 11381.135969  3 0.0000 12173 | 1/92
124 h-m-p  0.0000 0.0000 5003.2565 YCC   11379.034771  2 0.0000 12271 | 1/92
125 h-m-p  0.0000 0.0000 3460.8739 YCCC  11375.038102  3 0.0000 12371 | 1/92
126 h-m-p  0.0000 0.0000 5957.9590 YCCC  11370.870364  3 0.0000 12471 | 1/92
127 h-m-p  0.0000 0.0000 7790.3323 YCCC  11361.360055  3 0.0000 12571 | 1/92
128 h-m-p  0.0000 0.0000 7814.5641 +YYYYC 11355.376914  4 0.0000 12671 | 1/92
129 h-m-p  0.0000 0.0000 14455.9457 YCCC  11350.778413  3 0.0000 12771 | 1/92
130 h-m-p  0.0000 0.0000 8537.6792 YCCC  11345.361415  3 0.0000 12871 | 1/92
131 h-m-p  0.0000 0.0000 5800.2908 YCCC  11338.219804  3 0.0000 12971 | 1/92
132 h-m-p  0.0000 0.0000 8061.8446 CCCC  11333.247545  3 0.0000 13072 | 1/92
133 h-m-p  0.0000 0.0000 5583.0323 +YCYCC 11327.339884  4 0.0000 13174 | 1/92
134 h-m-p  0.0000 0.0000 7597.0934 CCC   11322.346043  2 0.0000 13273 | 1/92
135 h-m-p  0.0000 0.0001 4547.9119 CCCC  11317.069377  3 0.0000 13374 | 1/92
136 h-m-p  0.0000 0.0000 3340.4305 YCCC  11314.511786  3 0.0000 13474 | 1/92
137 h-m-p  0.0000 0.0001 2407.5193 CCC   11312.375129  2 0.0000 13573 | 1/92
138 h-m-p  0.0000 0.0001 1514.5095 CCC   11311.371551  2 0.0000 13672 | 1/92
139 h-m-p  0.0000 0.0000 1095.4867 CCCC  11310.710802  3 0.0000 13773 | 1/92
140 h-m-p  0.0000 0.0001 586.1954 CCC   11310.498980  2 0.0000 13872 | 1/92
141 h-m-p  0.0000 0.0001 314.7462 CC    11310.316798  1 0.0000 13969 | 1/92
142 h-m-p  0.0000 0.0003 139.4607 YC    11310.243047  1 0.0000 14065 | 1/92
143 h-m-p  0.0000 0.0001  89.9500 CC    11310.222809  1 0.0000 14162 | 1/92
144 h-m-p  0.0000 0.0004  55.6601 CC    11310.205005  1 0.0000 14259 | 1/92
145 h-m-p  0.0000 0.0003  57.6637 CC    11310.187052  1 0.0000 14356 | 1/92
146 h-m-p  0.0000 0.0005  64.1071 CC    11310.171671  1 0.0000 14453 | 1/92
147 h-m-p  0.0000 0.0008  36.2291 C     11310.156234  0 0.0000 14548 | 1/92
148 h-m-p  0.0000 0.0010  32.6754 YC    11310.146072  1 0.0000 14644 | 1/92
149 h-m-p  0.0000 0.0005  38.1977 C     11310.135583  0 0.0000 14739 | 1/92
150 h-m-p  0.0000 0.0016  27.3834 CC    11310.123647  1 0.0000 14836 | 1/92
151 h-m-p  0.0000 0.0034  26.1069 CC    11310.116190  1 0.0000 14933 | 1/92
152 h-m-p  0.0000 0.0014  25.1358 YC    11310.112322  1 0.0000 15029 | 1/92
153 h-m-p  0.0000 0.0011  20.6211 YC    11310.110611  1 0.0000 15125 | 1/92
154 h-m-p  0.0000 0.0032  18.4215 YC    11310.108192  1 0.0000 15221 | 1/92
155 h-m-p  0.0000 0.0046   9.8589 CC    11310.104839  1 0.0001 15318 | 1/92
156 h-m-p  0.0000 0.0015  32.7584 YC    11310.097849  1 0.0000 15414 | 1/92
157 h-m-p  0.0000 0.0005  77.8235 CC    11310.088735  1 0.0000 15511 | 1/92
158 h-m-p  0.0000 0.0019  81.9200 +YC   11310.064664  1 0.0000 15608 | 1/92
159 h-m-p  0.0000 0.0007 105.7437 CC    11310.033694  1 0.0000 15705 | 1/92
160 h-m-p  0.0000 0.0010 263.3276 +YC   11309.744381  1 0.0001 15802 | 1/92
161 h-m-p  0.0000 0.0001 2306.5667 CYCC  11309.198886  3 0.0000 15902 | 1/92
162 h-m-p  0.0000 0.0002 819.6613 YC    11309.068975  1 0.0000 15998 | 1/92
163 h-m-p  0.0001 0.0008 181.7750 C     11309.034507  0 0.0000 16093 | 1/92
164 h-m-p  0.0001 0.0020  83.0038 CC    11309.001590  1 0.0000 16190 | 1/92
165 h-m-p  0.0000 0.0011  83.6121 YC    11308.982723  1 0.0000 16286 | 1/92
166 h-m-p  0.0001 0.0008  28.8230 YC    11308.972616  1 0.0000 16382 | 1/92
167 h-m-p  0.0000 0.0026  24.8206 CC    11308.949380  1 0.0000 16479 | 1/92
168 h-m-p  0.0000 0.0014  40.3308 +YC   11308.835104  1 0.0001 16576 | 1/92
169 h-m-p  0.0000 0.0005 208.8285 +YC   11308.434857  1 0.0001 16673 | 1/92
170 h-m-p  0.0000 0.0003 390.1888 +YCC  11307.332524  2 0.0001 16772 | 1/92
171 h-m-p  0.0000 0.0003 2081.6398 +CCC  11301.783915  2 0.0001 16872 | 1/92
172 h-m-p  0.0000 0.0001 5779.9872 YCCCC 11295.575445  4 0.0000 16974 | 1/92
173 h-m-p  0.0000 0.0001 1956.6132 CCCC  11293.385818  3 0.0000 17075 | 1/92
174 h-m-p  0.0000 0.0002 1192.4134 YCC   11292.780501  2 0.0000 17173 | 1/92
175 h-m-p  0.0000 0.0002 164.8277 CC    11292.710924  1 0.0000 17270 | 1/92
176 h-m-p  0.0000 0.0011  58.6074 YC    11292.688887  1 0.0000 17366 | 1/92
177 h-m-p  0.0001 0.0023  21.9307 CC    11292.684980  1 0.0000 17463 | 1/92
178 h-m-p  0.0000 0.0035  13.2093 YC    11292.683215  1 0.0000 17559 | 1/92
179 h-m-p  0.0000 0.0087   7.0142 YC    11292.682309  1 0.0000 17655 | 1/92
180 h-m-p  0.0000 0.0067   7.4867 C     11292.681332  0 0.0000 17750 | 1/92
181 h-m-p  0.0000 0.0061   8.8848 C     11292.679882  0 0.0000 17845 | 1/92
182 h-m-p  0.0000 0.0051   8.6625 C     11292.677738  0 0.0000 17940 | 1/92
183 h-m-p  0.0000 0.0061   8.6060 YC    11292.670978  1 0.0001 18036 | 1/92
184 h-m-p  0.0000 0.0095  23.8149 ++CC  11292.418928  1 0.0007 18135 | 1/92
185 h-m-p  0.0000 0.0003 863.5717 +YYCCCCC 11291.063312  6 0.0001 18241 | 1/92
186 h-m-p  0.0000 0.0001 6059.1603 YCC   11288.665075  2 0.0000 18339 | 1/92
187 h-m-p  0.0000 0.0002 1356.1704 YYC   11288.019984  2 0.0000 18436 | 1/92
188 h-m-p  0.0001 0.0003 193.6108 CC    11287.974225  1 0.0000 18533 | 1/92
189 h-m-p  0.0002 0.0023  16.7165 -CC   11287.972371  1 0.0000 18631 | 1/92
190 h-m-p  0.0002 0.0155   1.8263 YC    11287.971904  1 0.0001 18727 | 1/92
191 h-m-p  0.0001 0.0278   2.4793 +YC   11287.969048  1 0.0002 18824 | 1/92
192 h-m-p  0.0001 0.0419  20.9198 ++++CYC 11284.305409  2 0.0202 18926 | 1/92
193 h-m-p  0.0001 0.0004 124.0686 YC    11284.291847  1 0.0000 19022 | 1/92
194 h-m-p  0.0105 1.6294   0.1590 +++YCYCCC 11283.627886  5 0.8089 19128 | 1/92
195 h-m-p  0.3261 1.6303   0.1926 CC    11283.366318  1 0.3836 19316 | 1/92
196 h-m-p  1.6000 8.0000   0.0461 YC    11283.304063  1 1.0701 19503 | 1/92
197 h-m-p  1.6000 8.0000   0.0136 YC    11283.295598  1 1.1486 19690 | 1/92
198 h-m-p  1.6000 8.0000   0.0029 C     11283.293099  0 1.5708 19876 | 1/92
199 h-m-p  1.6000 8.0000   0.0014 C     11283.291579  0 1.8169 20062 | 1/92
200 h-m-p  1.6000 8.0000   0.0009 C     11283.290962  0 1.6532 20248 | 1/92
201 h-m-p  1.6000 8.0000   0.0002 C     11283.290768  0 1.5041 20434 | 1/92
202 h-m-p  1.6000 8.0000   0.0001 Y     11283.290755  0 0.9006 20620 | 1/92
203 h-m-p  0.8216 8.0000   0.0001 Y     11283.290748  0 1.4247 20806 | 1/92
204 h-m-p  1.6000 8.0000   0.0000 Y     11283.290747  0 1.2046 20992 | 1/92
205 h-m-p  0.6184 8.0000   0.0001 +Y    11283.290746  0 1.6466 21179 | 1/92
206 h-m-p  1.6000 8.0000   0.0000 -----C 11283.290746  0 0.0006 21370
Out..
lnL  = -11283.290746
21371 lfun, 42742 eigenQcodon, 1902019 P(t)

d123[*] =  0.00127  0.00111  0.00430  average  0.00223
    [B] =  0.00480  0.00464  0.00502  average  0.00482
accept  =  0.26442  0.23973  0.85799

w =  0.23973 dN =  0.00116 dS =  0.00482 d4 =  0.00431 (418.0 four-fold sites)
             dN*=  0.00107 dS*=  0.00595 S* = 657.60 N* =2114.40

d123[*] =  0.00021  0.00018  0.00070  average  0.00036
    [B] =  0.00078  0.00075  0.00082  average  0.00078
accept  =  0.26442  0.23973  0.85799

w =  0.23973 dN =  0.00019 dS =  0.00078 d4 =  0.00070 (418.0 four-fold sites)
             dN*=  0.00017 dS*=  0.00097 S* = 657.60 N* =2114.40

d123[*] =  0.00021  0.00019  0.00072  average  0.00037
    [B] =  0.00080  0.00077  0.00083  average  0.00080
accept  =  0.26442  0.23973  0.85799

w =  0.23973 dN =  0.00019 dS =  0.00080 d4 =  0.00072 (418.0 four-fold sites)
             dN*=  0.00018 dS*=  0.00099 S* = 657.60 N* =2114.40

d123[*] =  0.00084  0.00074  0.00286  average  0.00148
    [B] =  0.00319  0.00308  0.00333  average  0.00320
accept  =  0.26442  0.23973  0.85799

w =  0.23973 dN =  0.00077 dS =  0.00320 d4 =  0.00287 (418.0 four-fold sites)
             dN*=  0.00071 dS*=  0.00395 S* = 657.60 N* =2114.40

d123[*] =  0.00087  0.00076  0.00294  average  0.00152
    [B] =  0.00327  0.00316  0.00342  average  0.00329
accept  =  0.26442  0.23973  0.85799

w =  0.23973 dN =  0.00079 dS =  0.00329 d4 =  0.00294 (418.0 four-fold sites)
             dN*=  0.00073 dS*=  0.00406 S* = 657.60 N* =2114.40

d123[*] =  0.00055  0.00048  0.00186  average  0.00096
    [B] =  0.00207  0.00200  0.00217  average  0.00208
accept  =  0.26442  0.23973  0.85799

w =  0.23973 dN =  0.00050 dS =  0.00208 d4 =  0.00186 (418.0 four-fold sites)
             dN*=  0.00046 dS*=  0.00257 S* = 657.60 N* =2114.40

d123[*] =  0.00026  0.00023  0.00089  average  0.00046
    [B] =  0.00099  0.00096  0.00104  average  0.00099
accept  =  0.26442  0.23973  0.85799

w =  0.23973 dN =  0.00024 dS =  0.00099 d4 =  0.00089 (418.0 four-fold sites)
             dN*=  0.00022 dS*=  0.00123 S* = 657.60 N* =2114.40

d123[*] =  0.00148  0.00129  0.00501  average  0.00259
    [B] =  0.00559  0.00540  0.00584  average  0.00561
accept  =  0.26442  0.23973  0.85799

w =  0.23973 dN =  0.00134 dS =  0.00561 d4 =  0.00502 (418.0 four-fold sites)
             dN*=  0.00125 dS*=  0.00693 S* = 657.60 N* =2114.40

d123[*] =  0.00075  0.00065  0.00253  average  0.00131
    [B] =  0.00282  0.00272  0.00294  average  0.00283
accept  =  0.26442  0.23973  0.85799

w =  0.23973 dN =  0.00068 dS =  0.00283 d4 =  0.00253 (418.0 four-fold sites)
             dN*=  0.00063 dS*=  0.00349 S* = 657.60 N* =2114.40

d123[*] =  0.00117  0.00102  0.00396  average  0.00205
    [B] =  0.00442  0.00427  0.00461  average  0.00443
accept  =  0.26442  0.23973  0.85799

w =  0.23973 dN =  0.00106 dS =  0.00443 d4 =  0.00397 (418.0 four-fold sites)
             dN*=  0.00098 dS*=  0.00547 S* = 657.60 N* =2114.40

d123[*] =  0.00052  0.00045  0.00176  average  0.00091
    [B] =  0.00196  0.00190  0.00205  average  0.00197
accept  =  0.26442  0.23973  0.85799

w =  0.23973 dN =  0.00047 dS =  0.00197 d4 =  0.00176 (418.0 four-fold sites)
             dN*=  0.00044 dS*=  0.00243 S* = 657.60 N* =2114.40

d123[*] =  0.00112  0.00098  0.00381  average  0.00197
    [B] =  0.00425  0.00410  0.00444  average  0.00426
accept  =  0.26442  0.23973  0.85799

w =  0.23973 dN =  0.00102 dS =  0.00426 d4 =  0.00382 (418.0 four-fold sites)
             dN*=  0.00095 dS*=  0.00527 S* = 657.60 N* =2114.40

d123[*] =  0.00075  0.00066  0.00256  average  0.00132
    [B] =  0.00285  0.00276  0.00298  average  0.00286
accept  =  0.26442  0.23973  0.85799

w =  0.23973 dN =  0.00069 dS =  0.00286 d4 =  0.00256 (418.0 four-fold sites)
             dN*=  0.00064 dS*=  0.00354 S* = 657.60 N* =2114.40

d123[*] =  0.00136  0.00119  0.00460  average  0.00238
    [B] =  0.00513  0.00496  0.00536  average  0.00515
accept  =  0.26442  0.23973  0.85799

w =  0.23973 dN =  0.00123 dS =  0.00515 d4 =  0.00461 (418.0 four-fold sites)
             dN*=  0.00114 dS*=  0.00636 S* = 657.60 N* =2114.40

d123[*] =  0.00085  0.00074  0.00288  average  0.00149
    [B] =  0.00321  0.00310  0.00335  average  0.00322
accept  =  0.26442  0.23973  0.85799

w =  0.23973 dN =  0.00077 dS =  0.00322 d4 =  0.00288 (418.0 four-fold sites)
             dN*=  0.00072 dS*=  0.00398 S* = 657.60 N* =2114.40

d123[*] =  0.00307  0.00269  0.01041  average  0.00539
    [B] =  0.01162  0.01122  0.01213  average  0.01166
accept  =  0.26442  0.23973  0.85799

w =  0.23973 dN =  0.00279 dS =  0.01166 d4 =  0.01043 (418.0 four-fold sites)
             dN*=  0.00259 dS*=  0.01440 S* = 657.60 N* =2114.40

d123[*] =  0.00203  0.00178  0.00689  average  0.00357
    [B] =  0.00769  0.00742  0.00803  average  0.00771
accept  =  0.26442  0.23973  0.85799

w =  0.23973 dN =  0.00185 dS =  0.00771 d4 =  0.00690 (418.0 four-fold sites)
             dN*=  0.00171 dS*=  0.00953 S* = 657.60 N* =2114.40

d123[*] =  0.00030  0.00026  0.00100  average  0.00052
    [B] =  0.00112  0.00108  0.00117  average  0.00112
accept  =  0.26442  0.23973  0.85799

w =  0.23973 dN =  0.00027 dS =  0.00112 d4 =  0.00101 (418.0 four-fold sites)
             dN*=  0.00025 dS*=  0.00139 S* = 657.60 N* =2114.40

d123[*] =  0.00189  0.00165  0.00639  average  0.00331
    [B] =  0.00713  0.00689  0.00745  average  0.00716
accept  =  0.26442  0.23973  0.85799

w =  0.23973 dN =  0.00172 dS =  0.00716 d4 =  0.00641 (418.0 four-fold sites)
             dN*=  0.00159 dS*=  0.00884 S* = 657.60 N* =2114.40

d123[*] =  0.00129  0.00113  0.00438  average  0.00227
    [B] =  0.00489  0.00472  0.00511  average  0.00491
accept  =  0.26442  0.23973  0.85799

w =  0.23973 dN =  0.00118 dS =  0.00491 d4 =  0.00439 (418.0 four-fold sites)
             dN*=  0.00109 dS*=  0.00606 S* = 657.60 N* =2114.40

d123[*] =  0.00042  0.00037  0.00143  average  0.00074
    [B] =  0.00160  0.00155  0.00167  average  0.00161
accept  =  0.26442  0.23973  0.85799

w =  0.23973 dN =  0.00039 dS =  0.00161 d4 =  0.00144 (418.0 four-fold sites)
             dN*=  0.00036 dS*=  0.00198 S* = 657.60 N* =2114.40

d123[*] =  0.00000  0.00000  0.00000  average  0.00000
    [B] =  0.00000  0.00000  0.00000  average  0.00000
accept  =  0.26442  0.23973  0.85799

w =  0.23973 dN =  0.00000 dS =  0.00000 d4 =  0.00000 (418.0 four-fold sites)
             dN*=  0.00000 dS*=  0.00000 S* = 657.60 N* =2114.40

d123[*] =  0.00042  0.00037  0.00143  average  0.00074
    [B] =  0.00160  0.00154  0.00167  average  0.00160
accept  =  0.26442  0.23973  0.85799

w =  0.23973 dN =  0.00038 dS =  0.00160 d4 =  0.00144 (418.0 four-fold sites)
             dN*=  0.00036 dS*=  0.00198 S* = 657.60 N* =2114.40

d123[*] =  0.00085  0.00074  0.00287  average  0.00148
    [B] =  0.00320  0.00309  0.00334  average  0.00321
accept  =  0.26442  0.23973  0.85799

w =  0.23973 dN =  0.00077 dS =  0.00321 d4 =  0.00287 (418.0 four-fold sites)
             dN*=  0.00071 dS*=  0.00396 S* = 657.60 N* =2114.40

d123[*] =  0.00085  0.00074  0.00287  average  0.00148
    [B] =  0.00320  0.00309  0.00334  average  0.00321
accept  =  0.26442  0.23973  0.85799

w =  0.23973 dN =  0.00077 dS =  0.00321 d4 =  0.00287 (418.0 four-fold sites)
             dN*=  0.00071 dS*=  0.00396 S* = 657.60 N* =2114.40

d123[*] =  0.00169  0.00148  0.00574  average  0.00297
    [B] =  0.00640  0.00618  0.00669  average  0.00642
accept  =  0.26442  0.23973  0.85799

w =  0.23973 dN =  0.00154 dS =  0.00642 d4 =  0.00575 (418.0 four-fold sites)
             dN*=  0.00143 dS*=  0.00793 S* = 657.60 N* =2114.40

d123[*] =  0.00127  0.00111  0.00430  average  0.00222
    [B] =  0.00479  0.00463  0.00501  average  0.00481
accept  =  0.26442  0.23973  0.85799

w =  0.23973 dN =  0.00115 dS =  0.00481 d4 =  0.00431 (418.0 four-fold sites)
             dN*=  0.00107 dS*=  0.00594 S* = 657.60 N* =2114.40

d123[*] =  0.00063  0.00055  0.00214  average  0.00111
    [B] =  0.00239  0.00231  0.00250  average  0.00240
accept  =  0.26442  0.23973  0.85799

w =  0.23973 dN =  0.00058 dS =  0.00240 d4 =  0.00215 (418.0 four-fold sites)
             dN*=  0.00053 dS*=  0.00296 S* = 657.60 N* =2114.40

d123[*] =  0.01036  0.00907  0.03512  average  0.01818
    [B] =  0.03918  0.03784  0.04093  average  0.03932
accept  =  0.26442  0.23973  0.85799

w =  0.23973 dN =  0.00943 dS =  0.03932 d4 =  0.03520 (418.0 four-fold sites)
             dN*=  0.00874 dS*=  0.04856 S* = 657.60 N* =2114.40

d123[*] =  0.00387  0.00339  0.01312  average  0.00679
    [B] =  0.01463  0.01413  0.01529  average  0.01469
accept  =  0.26442  0.23973  0.85799

w =  0.23973 dN =  0.00352 dS =  0.01469 d4 =  0.01315 (418.0 four-fold sites)
             dN*=  0.00326 dS*=  0.01814 S* = 657.60 N* =2114.40

d123[*] =  0.01527  0.01337  0.05176  average  0.02680
    [B] =  0.05774  0.05577  0.06032  average  0.05795
accept  =  0.26442  0.23973  0.85799

w =  0.23973 dN =  0.01389 dS =  0.05795 d4 =  0.05187 (418.0 four-fold sites)
             dN*=  0.01288 dS*=  0.07156 S* = 657.60 N* =2114.40

d123[*] =  0.01624  0.01422  0.05506  average  0.02851
    [B] =  0.06143  0.05933  0.06418  average  0.06165
accept  =  0.26442  0.23973  0.85799

w =  0.23973 dN =  0.01478 dS =  0.06165 d4 =  0.05519 (418.0 four-fold sites)
             dN*=  0.01370 dS*=  0.07614 S* = 657.60 N* =2114.40

d123[*] =  0.00840  0.00736  0.02848  average  0.01475
    [B] =  0.03177  0.03069  0.03320  average  0.03189
accept  =  0.26442  0.23973  0.85799

w =  0.23973 dN =  0.00764 dS =  0.03189 d4 =  0.02854 (418.0 four-fold sites)
             dN*=  0.00709 dS*=  0.03938 S* = 657.60 N* =2114.40

d123[*] =  0.00550  0.00482  0.01864  average  0.00965
    [B] =  0.02080  0.02009  0.02173  average  0.02087
accept  =  0.26442  0.23973  0.85799

w =  0.23973 dN =  0.00500 dS =  0.02087 d4 =  0.01869 (418.0 four-fold sites)
             dN*=  0.00464 dS*=  0.02578 S* = 657.60 N* =2114.40

d123[*] =  0.00504  0.00442  0.01710  average  0.00885
    [B] =  0.01907  0.01842  0.01993  average  0.01914
accept  =  0.26442  0.23973  0.85799

w =  0.23973 dN =  0.00459 dS =  0.01914 d4 =  0.01713 (418.0 four-fold sites)
             dN*=  0.00425 dS*=  0.02364 S* = 657.60 N* =2114.40

d123[*] =  0.01203  0.01054  0.04079  average  0.02112
    [B] =  0.04551  0.04395  0.04754  average  0.04567
accept  =  0.26442  0.23973  0.85799

w =  0.23973 dN =  0.01095 dS =  0.04567 d4 =  0.04088 (418.0 four-fold sites)
             dN*=  0.01015 dS*=  0.05640 S* = 657.60 N* =2114.40

d123[*] =  0.00369  0.00323  0.01251  average  0.00648
    [B] =  0.01396  0.01348  0.01458  average  0.01401
accept  =  0.26442  0.23973  0.85799

w =  0.23973 dN =  0.00336 dS =  0.01401 d4 =  0.01254 (418.0 four-fold sites)
             dN*=  0.00311 dS*=  0.01730 S* = 657.60 N* =2114.40

d123[*] =  0.00454  0.00397  0.01538  average  0.00796
    [B] =  0.01716  0.01657  0.01793  average  0.01722
accept  =  0.26442  0.23973  0.85799

w =  0.23973 dN =  0.00413 dS =  0.01722 d4 =  0.01542 (418.0 four-fold sites)
             dN*=  0.00383 dS*=  0.02127 S* = 657.60 N* =2114.40

d123[*] =  0.00021  0.00018  0.00071  average  0.00037
    [B] =  0.00079  0.00077  0.00083  average  0.00080
accept  =  0.26442  0.23973  0.85799

w =  0.23973 dN =  0.00019 dS =  0.00080 d4 =  0.00071 (418.0 four-fold sites)
             dN*=  0.00018 dS*=  0.00098 S* = 657.60 N* =2114.40

d123[*] =  0.00149  0.00130  0.00504  average  0.00261
    [B] =  0.00562  0.00543  0.00587  average  0.00564
accept  =  0.26442  0.23973  0.85799

w =  0.23973 dN =  0.00135 dS =  0.00564 d4 =  0.00505 (418.0 four-fold sites)
             dN*=  0.00125 dS*=  0.00697 S* = 657.60 N* =2114.40

d123[*] =  0.00042  0.00037  0.00144  average  0.00074
    [B] =  0.00160  0.00155  0.00168  average  0.00161
accept  =  0.26442  0.23973  0.85799

w =  0.23973 dN =  0.00039 dS =  0.00161 d4 =  0.00144 (418.0 four-fold sites)
             dN*=  0.00036 dS*=  0.00199 S* = 657.60 N* =2114.40

d123[*] =  0.00021  0.00019  0.00073  average  0.00038
    [B] =  0.00081  0.00078  0.00085  average  0.00081
accept  =  0.26442  0.23973  0.85799

w =  0.23973 dN =  0.00019 dS =  0.00081 d4 =  0.00073 (418.0 four-fold sites)
             dN*=  0.00018 dS*=  0.00100 S* = 657.60 N* =2114.40

d123[*] =  0.00171  0.00150  0.00581  average  0.00301
    [B] =  0.00648  0.00626  0.00677  average  0.00650
accept  =  0.26442  0.23973  0.85799

w =  0.23973 dN =  0.00156 dS =  0.00650 d4 =  0.00582 (418.0 four-fold sites)
             dN*=  0.00144 dS*=  0.00803 S* = 657.60 N* =2114.40

d123[*] =  0.00690  0.00605  0.02340  average  0.01212
    [B] =  0.02611  0.02522  0.02728  average  0.02620
accept  =  0.26442  0.23973  0.85799

w =  0.23973 dN =  0.00628 dS =  0.02620 d4 =  0.02346 (418.0 four-fold sites)
             dN*=  0.00582 dS*=  0.03236 S* = 657.60 N* =2114.40

d123[*] =  0.00297  0.00260  0.01008  average  0.00522
    [B] =  0.01125  0.01086  0.01175  average  0.01129
accept  =  0.26442  0.23973  0.85799

w =  0.23973 dN =  0.00271 dS =  0.01129 d4 =  0.01011 (418.0 four-fold sites)
             dN*=  0.00251 dS*=  0.01394 S* = 657.60 N* =2114.40

d123[*] =  0.00196  0.00172  0.00665  average  0.00344
    [B] =  0.00742  0.00717  0.00775  average  0.00745
accept  =  0.26442  0.23973  0.85799

w =  0.23973 dN =  0.00179 dS =  0.00745 d4 =  0.00667 (418.0 four-fold sites)
             dN*=  0.00165 dS*=  0.00920 S* = 657.60 N* =2114.40

d123[*] =  0.00213  0.00187  0.00723  average  0.00374
    [B] =  0.00807  0.00779  0.00843  average  0.00810
accept  =  0.26442  0.23973  0.85799

w =  0.23973 dN =  0.00194 dS =  0.00810 d4 =  0.00725 (418.0 four-fold sites)
             dN*=  0.00180 dS*=  0.01000 S* = 657.60 N* =2114.40

d123[*] =  0.00127  0.00111  0.00431  average  0.00223
    [B] =  0.00481  0.00465  0.00503  average  0.00483
accept  =  0.26442  0.23973  0.85799

w =  0.23973 dN =  0.00116 dS =  0.00483 d4 =  0.00432 (418.0 four-fold sites)
             dN*=  0.00107 dS*=  0.00596 S* = 657.60 N* =2114.40

d123[*] =  0.00063  0.00055  0.00215  average  0.00111
    [B] =  0.00240  0.00231  0.00250  average  0.00240
accept  =  0.26442  0.23973  0.85799

w =  0.23973 dN =  0.00058 dS =  0.00240 d4 =  0.00215 (418.0 four-fold sites)
             dN*=  0.00053 dS*=  0.00297 S* = 657.60 N* =2114.40

d123[*] =  0.00042  0.00037  0.00143  average  0.00074
    [B] =  0.00160  0.00154  0.00167  average  0.00160
accept  =  0.26442  0.23973  0.85799

w =  0.23973 dN =  0.00038 dS =  0.00160 d4 =  0.00144 (418.0 four-fold sites)
             dN*=  0.00036 dS*=  0.00198 S* = 657.60 N* =2114.40

d123[*] =  0.00271  0.00237  0.00918  average  0.00475
    [B] =  0.01024  0.00989  0.01070  average  0.01028
accept  =  0.26442  0.23973  0.85799

w =  0.23973 dN =  0.00246 dS =  0.01028 d4 =  0.00920 (418.0 four-fold sites)
             dN*=  0.00228 dS*=  0.01270 S* = 657.60 N* =2114.40

d123[*] =  0.00332  0.00291  0.01127  average  0.00583
    [B] =  0.01257  0.01214  0.01313  average  0.01261
accept  =  0.26442  0.23973  0.85799

w =  0.23973 dN =  0.00302 dS =  0.01261 d4 =  0.01129 (418.0 four-fold sites)
             dN*=  0.00280 dS*=  0.01558 S* = 657.60 N* =2114.40

d123[*] =  0.00063  0.00055  0.00212  average  0.00110
    [B] =  0.00237  0.00229  0.00247  average  0.00238
accept  =  0.26442  0.23973  0.85799

w =  0.23973 dN =  0.00057 dS =  0.00238 d4 =  0.00213 (418.0 four-fold sites)
             dN*=  0.00053 dS*=  0.00293 S* = 657.60 N* =2114.40

d123[*] =  0.00043  0.00037  0.00144  average  0.00075
    [B] =  0.00161  0.00155  0.00168  average  0.00161
accept  =  0.26442  0.23973  0.85799

w =  0.23973 dN =  0.00039 dS =  0.00161 d4 =  0.00144 (418.0 four-fold sites)
             dN*=  0.00036 dS*=  0.00199 S* = 657.60 N* =2114.40

d123[*] =  0.00148  0.00130  0.00503  average  0.00260
    [B] =  0.00561  0.00542  0.00586  average  0.00563
accept  =  0.26442  0.23973  0.85799

w =  0.23973 dN =  0.00135 dS =  0.00563 d4 =  0.00504 (418.0 four-fold sites)
             dN*=  0.00125 dS*=  0.00695 S* = 657.60 N* =2114.40

d123[*] =  0.00236  0.00206  0.00799  average  0.00414
    [B] =  0.00892  0.00861  0.00932  average  0.00895
accept  =  0.26442  0.23973  0.85799

w =  0.23973 dN =  0.00215 dS =  0.00895 d4 =  0.00801 (418.0 four-fold sites)
             dN*=  0.00199 dS*=  0.01105 S* = 657.60 N* =2114.40

d123[*] =  0.00019  0.00017  0.00065  average  0.00034
    [B] =  0.00073  0.00070  0.00076  average  0.00073
accept  =  0.26442  0.23973  0.85799

w =  0.23973 dN =  0.00017 dS =  0.00073 d4 =  0.00065 (418.0 four-fold sites)
             dN*=  0.00016 dS*=  0.00090 S* = 657.60 N* =2114.40

d123[*] =  0.00192  0.00168  0.00650  average  0.00337
    [B] =  0.00726  0.00701  0.00758  average  0.00728
accept  =  0.26442  0.23973  0.85799

w =  0.23973 dN =  0.00175 dS =  0.00728 d4 =  0.00652 (418.0 four-fold sites)
             dN*=  0.00162 dS*=  0.00899 S* = 657.60 N* =2114.40

d123[*] =  0.00171  0.00150  0.00579  average  0.00300
    [B] =  0.00646  0.00624  0.00675  average  0.00648
accept  =  0.26442  0.23973  0.85799

w =  0.23973 dN =  0.00155 dS =  0.00648 d4 =  0.00580 (418.0 four-fold sites)
             dN*=  0.00144 dS*=  0.00801 S* = 657.60 N* =2114.40

d123[*] =  0.00042  0.00037  0.00144  average  0.00075
    [B] =  0.00161  0.00155  0.00168  average  0.00161
accept  =  0.26442  0.23973  0.85799

w =  0.23973 dN =  0.00039 dS =  0.00161 d4 =  0.00144 (418.0 four-fold sites)
             dN*=  0.00036 dS*=  0.00199 S* = 657.60 N* =2114.40

d123[*] =  0.00021  0.00018  0.00071  average  0.00037
    [B] =  0.00080  0.00077  0.00083  average  0.00080
accept  =  0.26442  0.23973  0.85799

w =  0.23973 dN =  0.00019 dS =  0.00080 d4 =  0.00072 (418.0 four-fold sites)
             dN*=  0.00018 dS*=  0.00099 S* = 657.60 N* =2114.40

d123[*] =  0.00149  0.00131  0.00506  average  0.00262
    [B] =  0.00565  0.00545  0.00590  average  0.00567
accept  =  0.26442  0.23973  0.85799

w =  0.23973 dN =  0.00136 dS =  0.00567 d4 =  0.00507 (418.0 four-fold sites)
             dN*=  0.00126 dS*=  0.00700 S* = 657.60 N* =2114.40

d123[*] =  0.01435  0.01257  0.04865  average  0.02519
    [B] =  0.05427  0.05242  0.05670  average  0.05446
accept  =  0.26442  0.23973  0.85799

w =  0.23973 dN =  0.01306 dS =  0.05446 d4 =  0.04875 (418.0 four-fold sites)
             dN*=  0.01210 dS*=  0.06726 S* = 657.60 N* =2114.40

d123[*] =  0.00158  0.00138  0.00536  average  0.00278
    [B] =  0.00598  0.00578  0.00625  average  0.00600
accept  =  0.26442  0.23973  0.85799

w =  0.23973 dN =  0.00144 dS =  0.00600 d4 =  0.00537 (418.0 four-fold sites)
             dN*=  0.00133 dS*=  0.00741 S* = 657.60 N* =2114.40

d123[*] =  0.00208  0.00182  0.00705  average  0.00365
    [B] =  0.00787  0.00760  0.00822  average  0.00789
accept  =  0.26442  0.23973  0.85799

w =  0.23973 dN =  0.00189 dS =  0.00789 d4 =  0.00707 (418.0 four-fold sites)
             dN*=  0.00175 dS*=  0.00975 S* = 657.60 N* =2114.40

d123[*] =  0.00225  0.00197  0.00761  average  0.00394
    [B] =  0.00849  0.00820  0.00887  average  0.00852
accept  =  0.26442  0.23973  0.85799

w =  0.23973 dN =  0.00204 dS =  0.00852 d4 =  0.00763 (418.0 four-fold sites)
             dN*=  0.00189 dS*=  0.01053 S* = 657.60 N* =2114.40

d123[*] =  0.00447  0.00391  0.01515  average  0.00784
    [B] =  0.01690  0.01632  0.01766  average  0.01696
accept  =  0.26442  0.23973  0.85799

w =  0.23973 dN =  0.00407 dS =  0.01696 d4 =  0.01518 (418.0 four-fold sites)
             dN*=  0.00377 dS*=  0.02095 S* = 657.60 N* =2114.40

d123[*] =  0.00343  0.00300  0.01162  average  0.00602
    [B] =  0.01297  0.01252  0.01355  average  0.01301
accept  =  0.26442  0.23973  0.85799

w =  0.23973 dN =  0.00312 dS =  0.01301 d4 =  0.01165 (418.0 four-fold sites)
             dN*=  0.00289 dS*=  0.01607 S* = 657.60 N* =2114.40

d123[*] =  0.00387  0.00349  0.01054  average  0.00597
    [B] =  0.01158  0.01118  0.01210  average  0.01162
accept  =  0.33420  0.31186  0.87146

w =  0.31186 dN =  0.00362 dS =  0.01162 d4 =  0.01040 (418.0 four-fold sites)
             dN*=  0.00336 dS*=  0.01435 S* = 657.60 N* =2114.40

d123[*] =  0.00400  0.00351  0.01358  average  0.00703
    [B] =  0.01515  0.01463  0.01582  average  0.01520
accept  =  0.26442  0.23973  0.85799

w =  0.23973 dN =  0.00364 dS =  0.01520 d4 =  0.01361 (418.0 four-fold sites)
             dN*=  0.00338 dS*=  0.01877 S* = 657.60 N* =2114.40

d123[*] =  0.00039  0.00034  0.00131  average  0.00068
    [B] =  0.00146  0.00141  0.00153  average  0.00147
accept  =  0.26442  0.23973  0.85799

w =  0.23973 dN =  0.00035 dS =  0.00147 d4 =  0.00131 (418.0 four-fold sites)
             dN*=  0.00033 dS*=  0.00181 S* = 657.60 N* =2114.40

d123[*] =  0.00258  0.00226  0.00874  average  0.00452
    [B] =  0.00975  0.00941  0.01018  average  0.00978
accept  =  0.26442  0.23973  0.85799

w =  0.23973 dN =  0.00234 dS =  0.00978 d4 =  0.00875 (418.0 four-fold sites)
             dN*=  0.00217 dS*=  0.01208 S* = 657.60 N* =2114.40

d123[*] =  0.00133  0.00116  0.00451  average  0.00233
    [B] =  0.00503  0.00486  0.00525  average  0.00505
accept  =  0.26442  0.23973  0.85799

w =  0.23973 dN =  0.00121 dS =  0.00505 d4 =  0.00452 (418.0 four-fold sites)
             dN*=  0.00112 dS*=  0.00623 S* = 657.60 N* =2114.40

d123[*] =  0.00102  0.00089  0.00345  average  0.00179
    [B] =  0.00385  0.00372  0.00402  average  0.00387
accept  =  0.26442  0.23973  0.85799

w =  0.23973 dN =  0.00093 dS =  0.00387 d4 =  0.00346 (418.0 four-fold sites)
             dN*=  0.00086 dS*=  0.00477 S* = 657.60 N* =2114.40

d123[*] =  0.00064  0.00056  0.00216  average  0.00112
    [B] =  0.00241  0.00233  0.00252  average  0.00242
accept  =  0.26442  0.23973  0.85799

w =  0.23973 dN =  0.00058 dS =  0.00242 d4 =  0.00217 (418.0 four-fold sites)
             dN*=  0.00054 dS*=  0.00299 S* = 657.60 N* =2114.40

d123[*] =  0.00123  0.00108  0.00418  average  0.00216
    [B] =  0.00466  0.00450  0.00487  average  0.00468
accept  =  0.26442  0.23973  0.85799

w =  0.23973 dN =  0.00112 dS =  0.00468 d4 =  0.00419 (418.0 four-fold sites)
             dN*=  0.00104 dS*=  0.00578 S* = 657.60 N* =2114.40

d123[*] =  0.00153  0.00134  0.00520  average  0.00269
    [B] =  0.00580  0.00560  0.00606  average  0.00582
accept  =  0.26442  0.23973  0.85799

w =  0.23973 dN =  0.00140 dS =  0.00582 d4 =  0.00521 (418.0 four-fold sites)
             dN*=  0.00129 dS*=  0.00719 S* = 657.60 N* =2114.40

d123[*] =  0.00280  0.00246  0.00951  average  0.00492
    [B] =  0.01061  0.01024  0.01108  average  0.01064
accept  =  0.26442  0.23973  0.85799

w =  0.23973 dN =  0.00255 dS =  0.01064 d4 =  0.00953 (418.0 four-fold sites)
             dN*=  0.00237 dS*=  0.01314 S* = 657.60 N* =2114.40

d123[*] =  0.00668  0.00585  0.02264  average  0.01172
    [B] =  0.02526  0.02440  0.02639  average  0.02535
accept  =  0.26442  0.23973  0.85799

w =  0.23973 dN =  0.00608 dS =  0.02535 d4 =  0.02269 (418.0 four-fold sites)
             dN*=  0.00563 dS*=  0.03130 S* = 657.60 N* =2114.40

d123[*] =  0.01571  0.01376  0.05325  average  0.02757
    [B] =  0.05941  0.05738  0.06206  average  0.05961
accept  =  0.26442  0.23973  0.85799

w =  0.23973 dN =  0.01429 dS =  0.05961 d4 =  0.05337 (418.0 four-fold sites)
             dN*=  0.01325 dS*=  0.07362 S* = 657.60 N* =2114.40

d123[*] =  0.00059  0.00052  0.00200  average  0.00104
    [B] =  0.00223  0.00215  0.00233  average  0.00224
accept  =  0.26442  0.23973  0.85799

w =  0.23973 dN =  0.00054 dS =  0.00224 d4 =  0.00200 (418.0 four-fold sites)
             dN*=  0.00050 dS*=  0.00276 S* = 657.60 N* =2114.40

d123[*] =  0.00147  0.00129  0.00498  average  0.00258
    [B] =  0.00555  0.00536  0.00580  average  0.00557
accept  =  0.26442  0.23973  0.85799

w =  0.23973 dN =  0.00134 dS =  0.00557 d4 =  0.00499 (418.0 four-fold sites)
             dN*=  0.00124 dS*=  0.00688 S* = 657.60 N* =2114.40

d123[*] =  0.00212  0.00186  0.00720  average  0.00373
    [B] =  0.00804  0.00776  0.00839  average  0.00806
accept  =  0.26442  0.23973  0.85799

w =  0.23973 dN =  0.00193 dS =  0.00806 d4 =  0.00722 (418.0 four-fold sites)
             dN*=  0.00179 dS*=  0.00996 S* = 657.60 N* =2114.40

d123[*] =  0.00084  0.00074  0.00285  average  0.00148
    [B] =  0.00318  0.00307  0.00332  average  0.00319
accept  =  0.26442  0.23973  0.85799

w =  0.23973 dN =  0.00077 dS =  0.00319 d4 =  0.00286 (418.0 four-fold sites)
             dN*=  0.00071 dS*=  0.00394 S* = 657.60 N* =2114.40

d123[*] =  0.00148  0.00129  0.00501  average  0.00259
    [B] =  0.00559  0.00540  0.00584  average  0.00561
accept  =  0.26442  0.23973  0.85799

w =  0.23973 dN =  0.00134 dS =  0.00561 d4 =  0.00502 (418.0 four-fold sites)
             dN*=  0.00125 dS*=  0.00693 S* = 657.60 N* =2114.40

d123[*] =  0.00070  0.00061  0.00237  average  0.00123
    [B] =  0.00265  0.00256  0.00277  average  0.00266
accept  =  0.26442  0.23973  0.85799

w =  0.23973 dN =  0.00064 dS =  0.00266 d4 =  0.00238 (418.0 four-fold sites)
             dN*=  0.00059 dS*=  0.00328 S* = 657.60 N* =2114.40

d123[*] =  0.04241  0.03714  0.14377  average  0.07444
    [B] =  0.16039  0.15491  0.16756  average  0.16096
accept  =  0.26442  0.23973  0.85799

w =  0.23973 dN =  0.03859 dS =  0.16096 d4 =  0.14409 (418.0 four-fold sites)
             dN*=  0.03577 dS*=  0.19878 S* = 657.60 N* =2114.40

d123[*] =  0.00412  0.00361  0.01396  average  0.00723
    [B] =  0.01558  0.01505  0.01627  average  0.01563
accept  =  0.26442  0.23973  0.85799

w =  0.23973 dN =  0.00375 dS =  0.01563 d4 =  0.01399 (418.0 four-fold sites)
             dN*=  0.00347 dS*=  0.01931 S* = 657.60 N* =2114.40

d123[*] =  0.00556  0.00487  0.01885  average  0.00976
    [B] =  0.02103  0.02031  0.02197  average  0.02111
accept  =  0.26442  0.23973  0.85799

w =  0.23973 dN =  0.00506 dS =  0.02111 d4 =  0.01889 (418.0 four-fold sites)
             dN*=  0.00469 dS*=  0.02607 S* = 657.60 N* =2114.40
end of tree file.

Time used: 48:12
