
 15         verbose | verbose                1.00
  7         runmode | runmode                0.00
  4         seqtype | seqtype                1.00
 13       CodonFreq | CodonFreq              2.00
  9           clock | clock                  0.00
 18          aaDist | aaDist                 0.00
 16           model | model                  2.00
 20         NSsites | NSsites                0.00
 22           icode | icode                  0.00
 24       fix_kappa | fix_kappa              0.00
 25           kappa | kappa                  2.00
 26       fix_omega | fix_omega              0.00
 27           omega | omega                  0.50
  6       cleandata | cleandata              1.00
CODONML in paml version 4.9f, October 2017

----------------------------------------------
Phe F TTT | Ser S TCT | Tyr Y TAT | Cys C TGT
      TTC |       TCC |       TAC |       TGC
Leu L TTA |       TCA | *** * TAA | *** * TGA
      TTG |       TCG |       TAG | Trp W TGG
----------------------------------------------
Leu L CTT | Pro P CCT | His H CAT | Arg R CGT
      CTC |       CCC |       CAC |       CGC
      CTA |       CCA | Gln Q CAA |       CGA
      CTG |       CCG |       CAG |       CGG
----------------------------------------------
Ile I ATT | Thr T ACT | Asn N AAT | Ser S AGT
      ATC |       ACC |       AAC |       AGC
      ATA |       ACA | Lys K AAA | Arg R AGA
Met M ATG |       ACG |       AAG |       AGG
----------------------------------------------
Val V GTT | Ala A GCT | Asp D GAT | Gly G GGT
      GTC |       GCC |       GAC |       GGC
      GTA |       GCA | Glu E GAA |       GGA
      GTG |       GCG |       GAG |       GGG
----------------------------------------------
Nice code, uuh?


Ambiguity character definition table:

T (1): T 
C (1): C 
A (1): A 
G (1): G 
U (1): T 
Y (2): T C 
R (2): A G 
M (2): C A 
K (2): T G 
S (2): C G 
W (2): T A 
H (3): T C A 
B (3): T C G 
V (3): C A G 
D (3): T A G 
- (4): T C A G 
N (4): T C A G 
? (4): T C A G 
ns = 46  	ls = 2784
Reading sequences, sequential format..
Reading seq # 1: Acinonyx_jubatus       
Reading seq # 2: Ailuropoda_melanoleuca       
Reading seq # 3: Callorhinus_ursinus       
Reading seq # 4: Canis_lupus       
Reading seq # 5: Enhydra_lutris       
Reading seq # 6: Eumetopias_jubatus       
Reading seq # 7: Felis_catus       
Reading seq # 8: Halichoerus_grypus       
Reading seq # 9: Hyaena_hyaena       
Reading seq #10: Leopardus_geoffroyi       
Reading seq #11: Leptonychotes_weddellii       
Reading seq #12: Lontra_canadensis       
Reading seq #13: Lutra_lutra       
Reading seq #14: Lynx_canadensis       
Reading seq #15: Lynx_rufus       
Reading seq #16: Meles_meles       
Reading seq #17: Mirounga_angustirostris       
Reading seq #18: Mirounga_leonina       
Reading seq #19: Mustela_erminea       
Reading seq #20: Mustela_lutreola       
Reading seq #21: Mustela_nigripes       
Reading seq #22: Mustela_putorius       
Reading seq #23: Neofelis_nebulosa       
Reading seq #24: Neogale_vison       
Reading seq #25: Neomonachus_schauinslandi       
Reading seq #26: Nyctereutes_procyonoides       
Reading seq #27: Odobenus_rosmarus       
Reading seq #28: Panthera_leo       
Reading seq #29: Panthera_onca       
Reading seq #30: Panthera_pardus       
Reading seq #31: Panthera_tigris       
Reading seq #32: Panthera_uncia       
Reading seq #33: Phoca_vitulina       
Reading seq #34: Prionailurus_bengalensis       
Reading seq #35: Prionailurus_viverrinus       
Reading seq #36: Puma_concolor       
Reading seq #37: Puma_yagouaroundi       
Reading seq #38: Suricata_suricatta       
Reading seq #39: Ursus_americanus       
Reading seq #40: Ursus_arctos       
Reading seq #41: Ursus_maritimus       
Reading seq #42: Vulpes_lagopus       
Reading seq #43: Vulpes_vulpes       
Reading seq #44: Zalophus_californianus       
Reading seq #45: Manis_javanica       
Reading seq #46: Manis_pentadactyla       

Sites with gaps or missing data are removed.

    12 ambiguity characters in seq. 45
    12 ambiguity characters in seq. 46
4 sites are removed.  12 13 14 15
Sequences read..
Counting site patterns..  0:00
Compressing,    650 patterns at    924 /    924 sites (100.0%),  0:00
Collecting fpatt[] & pose[],    650 patterns at    924 /    924 sites (100.0%),  0:00
Counting codons..

     8280 bytes for distance
   634400 bytes for conP
140724555597408 bytes for fhK
  5000000 bytes for space

2 branch types are in tree. Stop if wrong.
TREE #  1

 13956800 bytes for conP, adjusted

2 node(s) used for scaling (Yang 2000 J Mol Evol 51:423-432):
 55 69

    0.091929    0.030337    0.040828    0.093910    0.101698    0.109063    0.103888    0.053664    0.064551    0.081296    0.070801    0.071935    0.068199    0.038815    0.059458    0.049143    0.104283    0.028698    0.028713    0.078886    0.019075    0.083145    0.060282    0.011500    0.099627    0.091403    0.044069    0.093313    0.050064    0.024706    0.109090    0.030020    0.087690    0.100184    0.017193    0.097613    0.063615    0.044680    0.011758    0.099307    0.087577    0.094398    0.088564    0.041904    0.011654    0.041334    0.031015    0.080023    0.102544    0.012421    0.026903    0.051639    0.107113    0.042323    0.058906    0.103377    0.090893    0.075826    0.036005    0.078974    0.104204    0.010746    0.108002    0.019376    0.105623    0.067312    0.080332    0.097885    0.047438    0.044946    0.021361    0.088808    0.102827    0.102385    0.029342    0.043035    0.089403    0.072074    0.101238    0.018990    0.018843    0.094786    0.020578    0.092391    0.077282    0.035384    0.056548    0.043257    0.016148    0.411349    0.463006    0.567186

ntime & nrate & np:    89     3    92

Bounds (np=92):
   0.000004   0.000004   0.000004   0.000004   0.000004   0.000004   0.000004   0.000004   0.000004   0.000004   0.000004   0.000004   0.000004   0.000004   0.000004   0.000004   0.000004   0.000004   0.000004   0.000004   0.000004   0.000004   0.000004   0.000004   0.000004   0.000004   0.000004   0.000004   0.000004   0.000004   0.000004   0.000004   0.000004   0.000004   0.000004   0.000004   0.000004   0.000004   0.000004   0.000004   0.000004   0.000004   0.000004   0.000004   0.000004   0.000004   0.000004   0.000004   0.000004   0.000004   0.000004   0.000004   0.000004   0.000004   0.000004   0.000004   0.000004   0.000004   0.000004   0.000004   0.000004   0.000004   0.000004   0.000004   0.000004   0.000004   0.000004   0.000004   0.000004   0.000004   0.000004   0.000004   0.000004   0.000004   0.000004   0.000004   0.000004   0.000004   0.000004   0.000004   0.000004   0.000004   0.000004   0.000004   0.000004   0.000004   0.000004   0.000004   0.000004   0.000100   0.000100   0.000100
  50.000000  50.000000  50.000000  50.000000  50.000000  50.000000  50.000000  50.000000  50.000000  50.000000  50.000000  50.000000  50.000000  50.000000  50.000000  50.000000  50.000000  50.000000  50.000000  50.000000  50.000000  50.000000  50.000000  50.000000  50.000000  50.000000  50.000000  50.000000  50.000000  50.000000  50.000000  50.000000  50.000000  50.000000  50.000000  50.000000  50.000000  50.000000  50.000000  50.000000  50.000000  50.000000  50.000000  50.000000  50.000000  50.000000  50.000000  50.000000  50.000000  50.000000  50.000000  50.000000  50.000000  50.000000  50.000000  50.000000  50.000000  50.000000  50.000000  50.000000  50.000000  50.000000  50.000000  50.000000  50.000000  50.000000  50.000000  50.000000  50.000000  50.000000  50.000000  50.000000  50.000000  50.000000  50.000000  50.000000  50.000000  50.000000  50.000000  50.000000  50.000000  50.000000  50.000000  50.000000  50.000000  50.000000  50.000000  50.000000  50.000000 999.000000 999.000000 999.000000

np =    92
lnL0 = -15393.915307

Iterating by ming2
Initial: fx= 15393.915307
x=  0.09193  0.03034  0.04083  0.09391  0.10170  0.10906  0.10389  0.05366  0.06455  0.08130  0.07080  0.07193  0.06820  0.03882  0.05946  0.04914  0.10428  0.02870  0.02871  0.07889  0.01907  0.08314  0.06028  0.01150  0.09963  0.09140  0.04407  0.09331  0.05006  0.02471  0.10909  0.03002  0.08769  0.10018  0.01719  0.09761  0.06362  0.04468  0.01176  0.09931  0.08758  0.09440  0.08856  0.04190  0.01165  0.04133  0.03101  0.08002  0.10254  0.01242  0.02690  0.05164  0.10711  0.04232  0.05891  0.10338  0.09089  0.07583  0.03601  0.07897  0.10420  0.01075  0.10800  0.01938  0.10562  0.06731  0.08033  0.09789  0.04744  0.04495  0.02136  0.08881  0.10283  0.10238  0.02934  0.04303  0.08940  0.07207  0.10124  0.01899  0.01884  0.09479  0.02058  0.09239  0.07728  0.03538  0.05655  0.04326  0.01615  0.41135  0.46301  0.56719

  1 h-m-p  0.0000 0.0000 7742.6683 ++    14623.272329  m 0.0000    97 | 0/92
  2 h-m-p  0.0000 0.0000 22737.4313 ++    14131.268354  m 0.0000   192 | 0/92
  3 h-m-p  0.0000 0.0000 84203.0037 ++    13976.640761  m 0.0000   287 | 0/92
  4 h-m-p  0.0000 0.0000 99673.7453 ++    13775.727807  m 0.0000   382 | 0/92
  5 h-m-p  0.0000 0.0000 41957.9481 ++    13390.498723  m 0.0000   477 | 0/92
  6 h-m-p  0.0000 0.0000 250288.5652 ++    13248.269249  m 0.0000   572 | 0/92
  7 h-m-p  0.0000 0.0000 182818.7451 ++    13177.337020  m 0.0000   667 | 0/92
  8 h-m-p  0.0000 0.0000 76095.3664 
h-m-p:      4.30756308e-24      2.15378154e-23      7.60953664e+04 13177.337020
..  | 0/92
  9 h-m-p  0.0000 0.0000 7834.5259 ++    12940.528479  m 0.0000   854 | 0/92
 10 h-m-p  0.0000 0.0000 13100.5787 ++    12880.755320  m 0.0000   949 | 0/92
 11 h-m-p  0.0000 0.0000 29142.9273 ++    12778.160128  m 0.0000  1044 | 0/92
 12 h-m-p  0.0000 0.0000 116754.3671 ++    12651.908942  m 0.0000  1139 | 0/92
 13 h-m-p  0.0000 0.0000 783022.4456 ++    12640.691947  m 0.0000  1234 | 0/92
 14 h-m-p  0.0000 0.0000 319090.0854 ++    12483.806670  m 0.0000  1329 | 0/92
 15 h-m-p  0.0000 0.0000 326656.0177 ++    12454.817051  m 0.0000  1424 | 0/92
 16 h-m-p -0.0000 -0.0000 196322.8885 
h-m-p:     -2.25857384e-25     -1.12928692e-24      1.96322888e+05 12454.817051
..  | 0/92
 17 h-m-p  0.0000 0.0000 85867.1179 CYYYCC 12435.131575  5 0.0000  1619 | 0/92
 18 h-m-p  0.0000 0.0000 5076.6062 ++    12281.241839  m 0.0000  1714 | 0/92
 19 h-m-p  0.0000 0.0000 31197.1424 ++    12235.547934  m 0.0000  1809 | 1/92
 20 h-m-p  0.0000 0.0000 38061.7454 ++    12201.518061  m 0.0000  1904 | 1/92
 21 h-m-p  0.0000 0.0000 57315.1150 ++    12145.856137  m 0.0000  1999 | 1/92
 22 h-m-p  0.0000 0.0000 44130.6188 +CYCCC 12134.271994  4 0.0000  2102 | 1/92
 23 h-m-p  0.0000 0.0000 172019.4351 +CCYC 12128.995913  3 0.0000  2203 | 1/92
 24 h-m-p  0.0000 0.0000 283586.2093 +CCYCYC 12117.083808  5 0.0000  2307 | 1/92
 25 h-m-p  0.0000 0.0000 51942.4748 +CCYCYC 12106.040861  5 0.0000  2411 | 1/92
 26 h-m-p  0.0000 0.0000 52581.2327 +CYYCYCCC 12075.863583  7 0.0000  2518 | 1/92
 27 h-m-p  0.0000 0.0000 50478.1127 +CYYYC 12046.826050  4 0.0000  2619 | 1/92
 28 h-m-p  0.0000 0.0000 13289.6573 +CCCC 12039.267866  3 0.0000  2722 | 1/92
 29 h-m-p  0.0000 0.0000 88369.4695 +CCYC 12027.721759  3 0.0000  2824 | 1/92
 30 h-m-p  0.0000 0.0000 23540.5883 +YYYYYC 12013.247111  5 0.0000  2925 | 1/92
 31 h-m-p  0.0000 0.0000 13782.9889 +YYCCC 12001.197322  4 0.0000  3027 | 1/92
 32 h-m-p  0.0000 0.0000 10236.4404 +YYCYCCC 11989.336295  6 0.0000  3132 | 1/92
 33 h-m-p  0.0000 0.0000 17710.9065 +CYCCC 11972.300365  4 0.0000  3235 | 1/92
 34 h-m-p  0.0000 0.0000 165704.7961 YCCC  11968.261889  3 0.0000  3335 | 1/92
 35 h-m-p  0.0000 0.0000 12655.9083 +YYYYC 11956.882468  4 0.0000  3435 | 1/92
 36 h-m-p  0.0000 0.0000 7318.4580 +CYCYCCC 11942.879904  6 0.0000  3541 | 1/92
 37 h-m-p  0.0000 0.0000 47388.7122 YCCCC 11936.033976  4 0.0000  3643 | 1/92
 38 h-m-p  0.0000 0.0000 9097.6304 +CYCCC 11881.321229  4 0.0000  3746 | 1/92
 39 h-m-p  0.0000 0.0000 45261.7982 +YYYYYYC 11871.432497  6 0.0000  3848 | 1/92
 40 h-m-p  0.0000 0.0000 46797.1704 +YCYYC 11837.610965  4 0.0000  3949 | 1/92
 41 h-m-p  0.0000 0.0000 51336.2501 +YYCCC 11807.346159  4 0.0000  4051 | 1/92
 42 h-m-p  0.0000 0.0000 14274.1122 +YCCCCC 11728.513865  5 0.0000  4157 | 1/92
 43 h-m-p  0.0000 0.0000 90145.9020 YCCC  11690.199175  3 0.0000  4257 | 1/92
 44 h-m-p  0.0000 0.0000 5852.9806 YCCC  11665.934913  3 0.0000  4357 | 1/92
 45 h-m-p  0.0000 0.0000 2565.7540 +YYYCCC 11658.958003  5 0.0000  4460 | 1/92
 46 h-m-p  0.0000 0.0000 4436.3534 +YYCYCCC 11637.504807  6 0.0000  4565 | 1/92
 47 h-m-p  0.0000 0.0000 7564.5659 +YYCCC 11595.433295  4 0.0000  4667 | 1/92
 48 h-m-p  0.0000 0.0000 8208.1899 +YYYCYCCC 11583.107370  7 0.0000  4773 | 1/92
 49 h-m-p  0.0000 0.0000 6866.4578 +YCYCC 11576.614963  4 0.0000  4875 | 1/92
 50 h-m-p  0.0000 0.0000 8648.9698 +YYYCCC 11559.523759  5 0.0000  4978 | 1/92
 51 h-m-p  0.0000 0.0000 24609.3123 YCC   11551.644517  2 0.0000  5076 | 1/92
 52 h-m-p  0.0000 0.0000 7016.1792 +CYCCC 11540.966395  4 0.0000  5179 | 1/92
 53 h-m-p  0.0000 0.0000 6973.2036 +YYYCCC 11532.108336  5 0.0000  5282 | 1/92
 54 h-m-p  0.0000 0.0000 49533.8346 YCCC  11524.189688  3 0.0000  5382 | 1/92
 55 h-m-p  0.0000 0.0000 4314.2710 +YYYYC 11502.986397  4 0.0000  5482 | 1/92
 56 h-m-p  0.0000 0.0000 3607.5603 YCC   11498.172439  2 0.0000  5580 | 1/92
 57 h-m-p  0.0000 0.0001 1484.4752 YCC   11492.069829  2 0.0000  5678 | 1/92
 58 h-m-p  0.0000 0.0000 1550.1800 YCCC  11485.412956  3 0.0000  5778 | 1/92
 59 h-m-p  0.0000 0.0000 2508.6517 +YYCCC 11476.557396  4 0.0000  5880 | 1/92
 60 h-m-p  0.0000 0.0000 3382.0268 CCC   11470.128939  2 0.0000  5979 | 1/92
 61 h-m-p  0.0000 0.0000 1964.1989 YCCCC 11463.581524  4 0.0000  6081 | 1/92
 62 h-m-p  0.0000 0.0000 1325.0659 YCCC  11461.256680  3 0.0000  6181 | 1/92
 63 h-m-p  0.0000 0.0001 842.8562 CC    11459.368361  1 0.0000  6278 | 1/92
 64 h-m-p  0.0000 0.0001 536.3860 CYC   11458.664662  2 0.0000  6376 | 1/92
 65 h-m-p  0.0000 0.0002 185.2804 CC    11458.531783  1 0.0000  6473 | 1/92
 66 h-m-p  0.0000 0.0004 108.0118 YC    11458.472148  1 0.0000  6569 | 1/92
 67 h-m-p  0.0000 0.0006  53.1320 YC    11458.449456  1 0.0000  6665 | 1/92
 68 h-m-p  0.0000 0.0009  59.2643 CC    11458.426255  1 0.0000  6762 | 1/92
 69 h-m-p  0.0000 0.0007  43.6320 YC    11458.414892  1 0.0000  6858 | 1/92
 70 h-m-p  0.0001 0.0026  15.7586 YC    11458.405231  1 0.0000  6954 | 1/92
 71 h-m-p  0.0000 0.0020  21.3363 YC    11458.367613  1 0.0001  7050 | 1/92
 72 h-m-p  0.0000 0.0016  55.0175 YC    11458.259391  1 0.0001  7146 | 1/92
 73 h-m-p  0.0000 0.0004  92.2088 CCC   11458.053508  2 0.0000  7245 | 1/92
 74 h-m-p  0.0000 0.0005 135.9318 CC    11457.731766  1 0.0000  7342 | 1/92
 75 h-m-p  0.0000 0.0003 165.4216 YC    11456.909424  1 0.0001  7438 | 1/92
 76 h-m-p  0.0000 0.0001 430.7628 CCCC  11455.475151  3 0.0000  7539 | 1/92
 77 h-m-p  0.0000 0.0001 434.0752 CCC   11454.908481  2 0.0000  7638 | 1/92
 78 h-m-p  0.0000 0.0001 218.9360 YCC   11454.725531  2 0.0000  7736 | 1/92
 79 h-m-p  0.0000 0.0003 122.3620 CC    11454.623305  1 0.0000  7833 | 1/92
 80 h-m-p  0.0000 0.0003 113.0480 YC    11454.568686  1 0.0000  7929 | 1/92
 81 h-m-p  0.0000 0.0005  68.6790 YC    11454.544845  1 0.0000  8025 | 1/92
 82 h-m-p  0.0000 0.0008  41.2791 YC    11454.533111  1 0.0000  8121 | 1/92
 83 h-m-p  0.0000 0.0011  30.6267 C     11454.523124  0 0.0000  8216 | 1/92
 84 h-m-p  0.0000 0.0028  20.4481 YC    11454.516301  1 0.0000  8312 | 1/92
 85 h-m-p  0.0000 0.0024  16.3447 YC    11454.496034  1 0.0001  8408 | 1/92
 86 h-m-p  0.0000 0.0018  25.6484 +YC   11454.378395  1 0.0001  8505 | 1/92
 87 h-m-p  0.0000 0.0006 110.1665 +CYC  11453.730769  2 0.0001  8604 | 1/92
 88 h-m-p  0.0000 0.0002 692.6165 +CCCC 11450.428484  3 0.0001  8706 | 1/92
 89 h-m-p  0.0000 0.0001 3356.1472 YCCCC 11442.959654  4 0.0000  8808 | 1/92
 90 h-m-p  0.0000 0.0002 3933.1979 YCC   11427.939847  2 0.0001  8906 | 1/92
 91 h-m-p  0.0000 0.0001 8692.3188 +YCCC 11405.566671  3 0.0000  9007 | 1/92
 92 h-m-p  0.0000 0.0000 8550.8331 +YCCC 11397.571931  3 0.0000  9108 | 1/92
 93 h-m-p  0.0000 0.0000 2823.7630 +CYC  11394.930144  2 0.0000  9207 | 1/92
 94 h-m-p  0.0000 0.0002 888.7579 CYC   11393.542991  2 0.0000  9305 | 1/92
 95 h-m-p  0.0000 0.0001 497.6730 YC    11392.938721  1 0.0000  9401 | 1/92
 96 h-m-p  0.0000 0.0000 233.4335 YC    11392.756601  1 0.0000  9497 | 1/92
 97 h-m-p  0.0000 0.0008 109.3995 CY    11392.623997  1 0.0000  9594 | 1/92
 98 h-m-p  0.0001 0.0009  71.2161 YC    11392.567182  1 0.0000  9690 | 1/92
 99 h-m-p  0.0001 0.0031  16.8603 CC    11392.446465  1 0.0002  9787 | 1/92
100 h-m-p  0.0000 0.0017  91.9486 +CYC  11391.677274  2 0.0001  9886 | 1/92
101 h-m-p  0.0000 0.0002 523.8035 YCCC  11389.941994  3 0.0001  9986 | 1/92
102 h-m-p  0.0000 0.0002 405.6720 YC    11389.449307  1 0.0000 10082 | 1/92
103 h-m-p  0.0001 0.0004  96.9166 C     11389.380231  0 0.0000 10177 | 1/92
104 h-m-p  0.0001 0.0009  33.0894 CC    11389.369284  1 0.0000 10274 | 1/92
105 h-m-p  0.0001 0.0073   6.7292 CC    11389.351343  1 0.0001 10371 | 1/92
106 h-m-p  0.0001 0.0024  18.5807 +YC   11389.247473  1 0.0001 10468 | 1/92
107 h-m-p  0.0000 0.0012 113.3199 ++YYCC 11387.189844  3 0.0003 10569 | 1/92
108 h-m-p  0.0000 0.0004 2293.0595 +YCCC 11372.113070  3 0.0001 10670 | 1/92
109 h-m-p  0.0000 0.0001 3771.3489 CCCC  11364.684176  3 0.0000 10771 | 1/92
110 h-m-p  0.0000 0.0002 488.0693 CCC   11364.335336  2 0.0000 10870 | 1/92
111 h-m-p  0.0119 2.8795   0.5875 +++YCCCC 11322.595176  4 1.4368 10975 | 1/92
112 h-m-p  0.3837 1.9184   0.4957 +YCCC 11305.216043  3 1.1678 11167 | 1/92
113 h-m-p  0.5188 2.5942   0.4932 YCCC  11296.366818  3 1.1084 11358 | 1/92
114 h-m-p  1.0095 5.0477   0.2954 YCCC  11290.986932  3 1.7315 11549 | 1/92
115 h-m-p  0.7753 3.8765   0.2558 YC    11287.912510  1 1.6277 11736 | 1/92
116 h-m-p  1.4936 7.4681   0.1628 CCC   11286.168324  2 1.7918 11926 | 1/92
117 h-m-p  1.6000 8.0000   0.0480 CYC   11285.127616  2 1.4518 12115 | 1/92
118 h-m-p  1.6000 8.0000   0.0093 CYC   11284.602885  2 1.4211 12304 | 1/92
119 h-m-p  0.3118 8.0000   0.0424 +CC   11284.276350  1 1.7946 12493 | 1/92
120 h-m-p  1.6000 8.0000   0.0207 CC    11283.984067  1 2.4548 12681 | 1/92
121 h-m-p  0.5458 8.0000   0.0931 +CCC  11283.555952  2 3.0050 12872 | 1/92
122 h-m-p  1.6000 8.0000   0.1451 CCC   11283.101941  2 2.1672 13062 | 1/92
123 h-m-p  1.5987 7.9937   0.1317 CC    11282.823191  1 1.6160 13250 | 1/92
124 h-m-p  1.6000 8.0000   0.0867 CCC   11282.557914  2 1.8782 13440 | 1/92
125 h-m-p  1.6000 8.0000   0.0833 CC    11282.393085  1 1.9576 13628 | 1/92
126 h-m-p  1.6000 8.0000   0.0345 CC    11282.303916  1 1.8845 13816 | 1/92
127 h-m-p  0.6970 8.0000   0.0932 +YC   11282.249921  1 1.8199 14004 | 1/92
128 h-m-p  1.6000 8.0000   0.0095 CY    11282.220410  1 1.7183 14192 | 1/92
129 h-m-p  0.2304 8.0000   0.0712 ++YC  11282.192289  1 2.3183 14381 | 1/92
130 h-m-p  1.6000 8.0000   0.0538 CC    11282.167832  1 2.3148 14569 | 1/92
131 h-m-p  1.6000 8.0000   0.0763 YC    11282.145545  1 2.5681 14756 | 1/92
132 h-m-p  1.6000 8.0000   0.0913 CC    11282.123672  1 2.4969 14944 | 1/92
133 h-m-p  1.6000 8.0000   0.1119 YC    11282.095905  1 2.8673 15131 | 1/92
134 h-m-p  1.6000 8.0000   0.1162 CC    11282.073682  1 2.3163 15319 | 1/92
135 h-m-p  1.6000 8.0000   0.0991 CC    11282.057434  1 2.4011 15507 | 1/92
136 h-m-p  1.6000 8.0000   0.0792 YC    11282.043610  1 2.7069 15694 | 1/92
137 h-m-p  1.6000 8.0000   0.0998 YC    11282.028897  1 2.7052 15881 | 1/92
138 h-m-p  1.6000 8.0000   0.1017 YC    11282.017245  1 2.5841 16068 | 1/92
139 h-m-p  1.6000 8.0000   0.0791 CC    11282.010345  1 2.4084 16256 | 1/92
140 h-m-p  1.6000 8.0000   0.0607 YC    11282.004772  1 2.7120 16443 | 1/92
141 h-m-p  1.6000 8.0000   0.0516 CC    11282.000726  1 2.4476 16631 | 1/92
142 h-m-p  1.6000 8.0000   0.0390 YC    11281.997731  1 2.8355 16818 | 1/92
143 h-m-p  1.6000 8.0000   0.0577 YC    11281.993935  1 3.0824 17005 | 1/92
144 h-m-p  1.6000 8.0000   0.0536 YC    11281.990542  1 3.0833 17192 | 1/92
145 h-m-p  1.6000 8.0000   0.0564 YC    11281.988080  1 2.9133 17379 | 1/92
146 h-m-p  1.6000 8.0000   0.0659 YC    11281.984678  1 3.5371 17566 | 1/92
147 h-m-p  1.6000 8.0000   0.0883 CC    11281.981350  1 2.5457 17754 | 1/92
148 h-m-p  1.6000 8.0000   0.0807 YC    11281.978098  1 2.9317 17941 | 1/92
149 h-m-p  1.6000 8.0000   0.0890 YC    11281.975093  1 2.9486 18128 | 1/92
150 h-m-p  1.6000 8.0000   0.0714 CC    11281.972940  1 2.4484 18316 | 1/92
151 h-m-p  1.6000 8.0000   0.0661 YC    11281.970907  1 3.1648 18503 | 1/92
152 h-m-p  1.6000 8.0000   0.0681 YC    11281.968817  1 3.0551 18690 | 1/92
153 h-m-p  1.6000 8.0000   0.0761 YC    11281.967162  1 2.5955 18877 | 1/92
154 h-m-p  1.6000 8.0000   0.0372 YC    11281.966087  1 2.7657 19064 | 1/92
155 h-m-p  1.6000 8.0000   0.0438 YC    11281.964986  1 2.9376 19251 | 1/92
156 h-m-p  1.6000 8.0000   0.0469 C     11281.964471  0 2.1896 19437 | 1/92
157 h-m-p  1.6000 8.0000   0.0205 Y     11281.964150  0 2.9533 19623 | 1/92
158 h-m-p  1.6000 8.0000   0.0301 +Y    11281.963541  0 4.6961 19810 | 1/92
159 h-m-p  1.6000 8.0000   0.0610 YC    11281.962798  1 3.2940 19997 | 1/92
160 h-m-p  1.6000 8.0000   0.0564 +YC   11281.961834  1 4.1800 20185 | 1/92
161 h-m-p  1.6000 8.0000   0.0826 YC    11281.960578  1 3.8622 20372 | 1/92
162 h-m-p  1.6000 8.0000   0.1058 +YC   11281.959130  1 4.2708 20560 | 1/92
163 h-m-p  1.6000 8.0000   0.2115 YC    11281.957106  1 3.3971 20747 | 1/92
164 h-m-p  1.6000 8.0000   0.0849 C     11281.956378  0 2.2113 20933 | 1/92
165 h-m-p  1.6000 8.0000   0.0582 YC    11281.955601  1 3.9639 21120 | 1/92
166 h-m-p  1.6000 8.0000   0.0784 C     11281.955318  0 1.8582 21306 | 1/92
167 h-m-p  1.6000 8.0000   0.0225 +Y    11281.955086  0 4.4471 21493 | 1/92
168 h-m-p  1.6000 8.0000   0.0367 Y     11281.954771  0 3.4450 21679 | 1/92
169 h-m-p  1.6000 8.0000   0.0505 +Y    11281.954334  0 5.1105 21866 | 1/92
170 h-m-p  1.6000 8.0000   0.1113 ++    11281.952567  m 8.0000 22052 | 1/92
171 h-m-p  1.6000 8.0000   0.1336 C     11281.951813  0 2.2958 22238 | 1/92
172 h-m-p  1.6000 8.0000   0.1674 +C    11281.950163  0 6.7016 22425 | 1/92
173 h-m-p  1.6000 8.0000   0.2048 C     11281.949155  0 2.3754 22611 | 1/92
174 h-m-p  1.6000 8.0000   0.1197 +YC   11281.948537  1 4.3259 22799 | 1/92
175 h-m-p  1.6000 8.0000   0.1713 ++    11281.946015  m 8.0000 22985 | 1/92
176 h-m-p  1.6000 8.0000   0.7371 C     11281.944460  0 2.1512 23171 | 1/92
177 h-m-p  1.6000 8.0000   0.2161 +YC   11281.943480  1 4.1719 23359 | 1/92
178 h-m-p  1.6000 8.0000   0.4904 +YC   11281.941504  1 4.3094 23547 | 1/92
179 h-m-p  1.6000 8.0000   0.1257 C     11281.941035  0 2.0025 23733 | 1/92
180 h-m-p  1.6000 8.0000   0.0778 +YC   11281.940472  1 4.0421 23921 | 1/92
181 h-m-p  1.1675 8.0000   0.2695 Y     11281.940172  0 2.1953 24107 | 1/92
182 h-m-p  1.6000 8.0000   0.1815 +C    11281.939773  0 5.8661 24294 | 1/92
183 h-m-p  1.6000 8.0000   0.2693 +YC   11281.938916  1 4.1519 24482 | 1/92
184 h-m-p  1.6000 8.0000   0.0544 C     11281.938720  0 1.6652 24668 | 1/92
185 h-m-p  1.5543 8.0000   0.0583 ++    11281.938374  m 8.0000 24854 | 1/92
186 h-m-p  1.6000 8.0000   0.1783 ++    11281.936483  m 8.0000 25040 | 1/92
187 h-m-p  0.9492 8.0000   1.5031 +YC   11281.934725  1 3.0236 25228 | 1/92
188 h-m-p  1.6000 8.0000   1.6222 YC    11281.933694  1 2.7493 25324 | 1/92
189 h-m-p  1.6000 8.0000   1.1713 +C    11281.931644  0 5.5909 25420 | 1/92
190 h-m-p  1.6000 8.0000   1.9248 YC    11281.929586  1 2.7850 25516 | 1/92
191 h-m-p  1.6000 8.0000   0.2774 YC    11281.928637  1 3.0150 25612 | 1/92
192 h-m-p  1.6000 8.0000   0.0761 +YC   11281.927171  1 4.1751 25800 | 1/92
193 h-m-p  0.0949 8.0000   3.3514 ++YC  11281.925158  1 2.7695 25989 | 1/92
194 h-m-p  1.4150 8.0000   6.5595 YC    11281.923359  1 3.1409 26085 | 1/92
195 h-m-p  1.6000 8.0000   7.6537 +YC   11281.921226  1 4.3807 26182 | 1/92
196 h-m-p  1.6000 8.0000  15.4534 YC    11281.919057  1 3.6586 26278 | 1/92
197 h-m-p  1.6000 8.0000  27.2654 YC    11281.917261  1 3.0709 26374 | 1/92
198 h-m-p  1.6000 8.0000  27.6865 C     11281.916790  0 1.8244 26469 | 1/92
199 h-m-p  1.6000 8.0000  16.3548 Y     11281.916646  0 2.9205 26564 | 1/92
200 h-m-p  1.6000 8.0000  11.6879 ++    11281.916245  m 8.0000 26659 | 1/92
201 h-m-p  1.6000 8.0000  44.0681 C     11281.916033  0 1.8663 26754 | 1/92
202 h-m-p  1.6000 8.0000  22.2038 Y     11281.915942  0 3.9280 26849 | 1/92
203 h-m-p  1.3303 6.6513  57.7954 ++    11281.915579  m 6.6513 26944 | 2/92
204 h-m-p  1.2982 8.0000   0.0006 C     11281.915490  0 1.5075 27039 | 2/92
205 h-m-p  1.6000 8.0000   0.0004 C     11281.915483  0 0.3469 27224 | 2/92
206 h-m-p  1.6000 8.0000   0.0000 Y     11281.915480  0 0.3093 27409
Out..
lnL  = -11281.915480
27410 lfun, 54820 eigenQcodon, 2439490 P(t)

d123[*] =  0.00127  0.00111  0.00430  average  0.00223
    [B] =  0.00480  0.00464  0.00502  average  0.00482
accept  =  0.26422  0.23953  0.85795

w =  0.23953 dN =  0.00115 dS =  0.00482 d4 =  0.00431 (418.0 four-fold sites)
             dN*=  0.00107 dS*=  0.00595 S* = 657.60 N* =2114.40

d123[*] =  0.00021  0.00018  0.00070  average  0.00036
    [B] =  0.00078  0.00075  0.00082  average  0.00078
accept  =  0.26422  0.23953  0.85795

w =  0.23953 dN =  0.00019 dS =  0.00078 d4 =  0.00070 (418.0 four-fold sites)
             dN*=  0.00017 dS*=  0.00097 S* = 657.60 N* =2114.40

d123[*] =  0.00021  0.00018  0.00071  average  0.00037
    [B] =  0.00080  0.00077  0.00083  average  0.00080
accept  =  0.26422  0.23953  0.85795

w =  0.23953 dN =  0.00019 dS =  0.00080 d4 =  0.00072 (418.0 four-fold sites)
             dN*=  0.00018 dS*=  0.00099 S* = 657.60 N* =2114.40

d123[*] =  0.00084  0.00074  0.00286  average  0.00148
    [B] =  0.00319  0.00308  0.00333  average  0.00320
accept  =  0.26422  0.23953  0.85795

w =  0.23953 dN =  0.00077 dS =  0.00320 d4 =  0.00287 (418.0 four-fold sites)
             dN*=  0.00071 dS*=  0.00395 S* = 657.60 N* =2114.40

d123[*] =  0.00080  0.00070  0.00272  average  0.00141
    [B] =  0.00304  0.00293  0.00317  average  0.00305
accept  =  0.26422  0.23953  0.85795

w =  0.23953 dN =  0.00073 dS =  0.00305 d4 =  0.00273 (418.0 four-fold sites)
             dN*=  0.00068 dS*=  0.00376 S* = 657.60 N* =2114.40

d123[*] =  0.00052  0.00046  0.00177  average  0.00091
    [B] =  0.00197  0.00190  0.00206  average  0.00198
accept  =  0.26422  0.23953  0.85795

w =  0.23953 dN =  0.00047 dS =  0.00198 d4 =  0.00177 (418.0 four-fold sites)
             dN*=  0.00044 dS*=  0.00244 S* = 657.60 N* =2114.40

d123[*] =  0.00026  0.00022  0.00087  average  0.00045
    [B] =  0.00097  0.00093  0.00101  average  0.00097
accept  =  0.26422  0.23953  0.85795

w =  0.23953 dN =  0.00023 dS =  0.00097 d4 =  0.00087 (418.0 four-fold sites)
             dN*=  0.00022 dS*=  0.00120 S* = 657.60 N* =2114.40

d123[*] =  0.00158  0.00138  0.00534  average  0.00277
    [B] =  0.00596  0.00576  0.00623  average  0.00598
accept  =  0.26422  0.23953  0.85795

w =  0.23953 dN =  0.00143 dS =  0.00598 d4 =  0.00536 (418.0 four-fold sites)
             dN*=  0.00133 dS*=  0.00739 S* = 657.60 N* =2114.40

d123[*] =  0.00074  0.00065  0.00252  average  0.00131
    [B] =  0.00282  0.00272  0.00294  average  0.00283
accept  =  0.26422  0.23953  0.85795

w =  0.23953 dN =  0.00068 dS =  0.00283 d4 =  0.00253 (418.0 four-fold sites)
             dN*=  0.00063 dS*=  0.00349 S* = 657.60 N* =2114.40

d123[*] =  0.00126  0.00111  0.00429  average  0.00222
    [B] =  0.00478  0.00462  0.00500  average  0.00480
accept  =  0.26422  0.23953  0.85795

w =  0.23953 dN =  0.00115 dS =  0.00480 d4 =  0.00430 (418.0 four-fold sites)
             dN*=  0.00107 dS*=  0.00593 S* = 657.60 N* =2114.40

d123[*] =  0.00100  0.00099  0.00020  average  0.00073
    [B] =  0.00000  0.00000  0.00000  average  0.00000
accept  =966.59929999.00000187.41537

w =999.00000 dN =  0.00103 dS =  0.00000 d4 =  0.00000 (418.0 four-fold sites)
             dN*=  0.00096 dS*=  0.00000 S* = 657.60 N* =2114.40

d123[*] =  0.00112  0.00098  0.00380  average  0.00197
    [B] =  0.00424  0.00409  0.00443  average  0.00425
accept  =  0.26422  0.23953  0.85795

w =  0.23953 dN =  0.00102 dS =  0.00425 d4 =  0.00381 (418.0 four-fold sites)
             dN*=  0.00094 dS*=  0.00525 S* = 657.60 N* =2114.40

d123[*] =  0.00084  0.00074  0.00286  average  0.00148
    [B] =  0.00319  0.00308  0.00333  average  0.00320
accept  =  0.26422  0.23953  0.85795

w =  0.23953 dN =  0.00077 dS =  0.00320 d4 =  0.00287 (418.0 four-fold sites)
             dN*=  0.00071 dS*=  0.00395 S* = 657.60 N* =2114.40

d123[*] =  0.00127  0.00111  0.00430  average  0.00222
    [B] =  0.00480  0.00463  0.00501  average  0.00481
accept  =  0.26422  0.23953  0.85795

w =  0.23953 dN =  0.00115 dS =  0.00481 d4 =  0.00431 (418.0 four-fold sites)
             dN*=  0.00107 dS*=  0.00594 S* = 657.60 N* =2114.40

d123[*] =  0.00085  0.00075  0.00289  average  0.00150
    [B] =  0.00322  0.00311  0.00337  average  0.00323
accept  =  0.26422  0.23953  0.85795

w =  0.23953 dN =  0.00077 dS =  0.00323 d4 =  0.00290 (418.0 four-fold sites)
             dN*=  0.00072 dS*=  0.00399 S* = 657.60 N* =2114.40

d123[*] =  0.00301  0.00263  0.01020  average  0.00528
    [B] =  0.01138  0.01099  0.01189  average  0.01142
accept  =  0.26422  0.23953  0.85795

w =  0.23953 dN =  0.00274 dS =  0.01142 d4 =  0.01022 (418.0 four-fold sites)
             dN*=  0.00254 dS*=  0.01410 S* = 657.60 N* =2114.40

d123[*] =  0.00210  0.00184  0.00712  average  0.00368
    [B] =  0.00794  0.00767  0.00829  average  0.00797
accept  =  0.26422  0.23953  0.85795

w =  0.23953 dN =  0.00191 dS =  0.00797 d4 =  0.00713 (418.0 four-fold sites)
             dN*=  0.00177 dS*=  0.00984 S* = 657.60 N* =2114.40

d123[*] =  0.00029  0.00025  0.00099  average  0.00051
    [B] =  0.00110  0.00106  0.00115  average  0.00111
accept  =  0.26422  0.23953  0.85795

w =  0.23953 dN =  0.00026 dS =  0.00111 d4 =  0.00099 (418.0 four-fold sites)
             dN*=  0.00025 dS*=  0.00137 S* = 657.60 N* =2114.40

d123[*] =  0.00188  0.00165  0.00639  average  0.00331
    [B] =  0.00713  0.00689  0.00745  average  0.00716
accept  =  0.26422  0.23953  0.85795

w =  0.23953 dN =  0.00171 dS =  0.00716 d4 =  0.00641 (418.0 four-fold sites)
             dN*=  0.00159 dS*=  0.00884 S* = 657.60 N* =2114.40

d123[*] =  0.00129  0.00113  0.00439  average  0.00227
    [B] =  0.00489  0.00473  0.00511  average  0.00491
accept  =  0.26422  0.23953  0.85795

w =  0.23953 dN =  0.00118 dS =  0.00491 d4 =  0.00440 (418.0 four-fold sites)
             dN*=  0.00109 dS*=  0.00607 S* = 657.60 N* =2114.40

d123[*] =  0.00042  0.00037  0.00143  average  0.00074
    [B] =  0.00160  0.00155  0.00167  average  0.00161
accept  =  0.26422  0.23953  0.85795

w =  0.23953 dN =  0.00038 dS =  0.00161 d4 =  0.00144 (418.0 four-fold sites)
             dN*=  0.00036 dS*=  0.00198 S* = 657.60 N* =2114.40

d123[*] =  0.00000  0.00000  0.00000  average  0.00000
    [B] =  0.00000  0.00000  0.00000  average  0.00000
accept  =  0.26422  0.23953  0.85795

w =  0.23953 dN =  0.00000 dS =  0.00000 d4 =  0.00000 (418.0 four-fold sites)
             dN*=  0.00000 dS*=  0.00000 S* = 657.60 N* =2114.40

d123[*] =  0.00042  0.00037  0.00143  average  0.00074
    [B] =  0.00160  0.00154  0.00167  average  0.00160
accept  =  0.26422  0.23953  0.85795

w =  0.23953 dN =  0.00038 dS =  0.00160 d4 =  0.00144 (418.0 four-fold sites)
             dN*=  0.00036 dS*=  0.00198 S* = 657.60 N* =2114.40

d123[*] =  0.00085  0.00074  0.00287  average  0.00148
    [B] =  0.00320  0.00309  0.00334  average  0.00321
accept  =  0.26422  0.23953  0.85795

w =  0.23953 dN =  0.00077 dS =  0.00321 d4 =  0.00287 (418.0 four-fold sites)
             dN*=  0.00071 dS*=  0.00397 S* = 657.60 N* =2114.40

d123[*] =  0.00085  0.00074  0.00287  average  0.00148
    [B] =  0.00320  0.00309  0.00334  average  0.00321
accept  =  0.26422  0.23953  0.85795

w =  0.23953 dN =  0.00077 dS =  0.00321 d4 =  0.00287 (418.0 four-fold sites)
             dN*=  0.00071 dS*=  0.00396 S* = 657.60 N* =2114.40

d123[*] =  0.00169  0.00148  0.00574  average  0.00297
    [B] =  0.00640  0.00619  0.00669  average  0.00643
accept  =  0.26422  0.23953  0.85795

w =  0.23953 dN =  0.00154 dS =  0.00643 d4 =  0.00575 (418.0 four-fold sites)
             dN*=  0.00143 dS*=  0.00794 S* = 657.60 N* =2114.40

d123[*] =  0.00127  0.00111  0.00430  average  0.00222
    [B] =  0.00479  0.00463  0.00501  average  0.00481
accept  =  0.26422  0.23953  0.85795

w =  0.23953 dN =  0.00115 dS =  0.00481 d4 =  0.00431 (418.0 four-fold sites)
             dN*=  0.00107 dS*=  0.00594 S* = 657.60 N* =2114.40

d123[*] =  0.00063  0.00055  0.00214  average  0.00111
    [B] =  0.00239  0.00231  0.00250  average  0.00240
accept  =  0.26422  0.23953  0.85795

w =  0.23953 dN =  0.00057 dS =  0.00240 d4 =  0.00215 (418.0 four-fold sites)
             dN*=  0.00053 dS*=  0.00296 S* = 657.60 N* =2114.40

d123[*] =  0.01036  0.00907  0.03514  average  0.01819
    [B] =  0.03920  0.03786  0.04095  average  0.03934
accept  =  0.26422  0.23953  0.85795

w =  0.23953 dN =  0.00942 dS =  0.03934 d4 =  0.03522 (418.0 four-fold sites)
             dN*=  0.00873 dS*=  0.04858 S* = 657.60 N* =2114.40

d123[*] =  0.00387  0.00339  0.01312  average  0.00679
    [B] =  0.01464  0.01414  0.01529  average  0.01469
accept  =  0.26422  0.23953  0.85795

w =  0.23953 dN =  0.00352 dS =  0.01469 d4 =  0.01315 (418.0 four-fold sites)
             dN*=  0.00326 dS*=  0.01814 S* = 657.60 N* =2114.40

d123[*] =  0.01526  0.01336  0.05176  average  0.02679
    [B] =  0.05775  0.05578  0.06033  average  0.05796
accept  =  0.26422  0.23953  0.85795

w =  0.23953 dN =  0.01388 dS =  0.05796 d4 =  0.05188 (418.0 four-fold sites)
             dN*=  0.01287 dS*=  0.07158 S* = 657.60 N* =2114.40

d123[*] =  0.01624  0.01422  0.05509  average  0.02852
    [B] =  0.06146  0.05936  0.06421  average  0.06168
accept  =  0.26422  0.23953  0.85795

w =  0.23953 dN =  0.01477 dS =  0.06168 d4 =  0.05522 (418.0 four-fold sites)
             dN*=  0.01369 dS*=  0.07618 S* = 657.60 N* =2114.40

d123[*] =  0.00840  0.00735  0.02849  average  0.01475
    [B] =  0.03178  0.03070  0.03320  average  0.03189
accept  =  0.26422  0.23953  0.85795

w =  0.23953 dN =  0.00764 dS =  0.03189 d4 =  0.02855 (418.0 four-fold sites)
             dN*=  0.00708 dS*=  0.03939 S* = 657.60 N* =2114.40

d123[*] =  0.00550  0.00482  0.01866  average  0.00966
    [B] =  0.02082  0.02011  0.02175  average  0.02089
accept  =  0.26422  0.23953  0.85795

w =  0.23953 dN =  0.00500 dS =  0.02089 d4 =  0.01870 (418.0 four-fold sites)
             dN*=  0.00464 dS*=  0.02580 S* = 657.60 N* =2114.40

d123[*] =  0.00504  0.00441  0.01710  average  0.00885
    [B] =  0.01908  0.01842  0.01993  average  0.01914
accept  =  0.26422  0.23953  0.85795

w =  0.23953 dN =  0.00459 dS =  0.01914 d4 =  0.01714 (418.0 four-fold sites)
             dN*=  0.00425 dS*=  0.02364 S* = 657.60 N* =2114.40

d123[*] =  0.01203  0.01053  0.04080  average  0.02112
    [B] =  0.04552  0.04397  0.04756  average  0.04568
accept  =  0.26422  0.23953  0.85795

w =  0.23953 dN =  0.01094 dS =  0.04568 d4 =  0.04090 (418.0 four-fold sites)
             dN*=  0.01014 dS*=  0.05642 S* = 657.60 N* =2114.40

d123[*] =  0.00369  0.00323  0.01251  average  0.00648
    [B] =  0.01396  0.01348  0.01459  average  0.01401
accept  =  0.26422  0.23953  0.85795

w =  0.23953 dN =  0.00336 dS =  0.01401 d4 =  0.01254 (418.0 four-fold sites)
             dN*=  0.00311 dS*=  0.01730 S* = 657.60 N* =2114.40

d123[*] =  0.00454  0.00397  0.01539  average  0.00796
    [B] =  0.01717  0.01658  0.01793  average  0.01723
accept  =  0.26422  0.23953  0.85795

w =  0.23953 dN =  0.00413 dS =  0.01723 d4 =  0.01542 (418.0 four-fold sites)
             dN*=  0.00382 dS*=  0.02128 S* = 657.60 N* =2114.40

d123[*] =  0.00021  0.00018  0.00071  average  0.00037
    [B] =  0.00079  0.00076  0.00083  average  0.00079
accept  =  0.26422  0.23953  0.85795

w =  0.23953 dN =  0.00019 dS =  0.00079 d4 =  0.00071 (418.0 four-fold sites)
             dN*=  0.00018 dS*=  0.00098 S* = 657.60 N* =2114.40

d123[*] =  0.00149  0.00130  0.00504  average  0.00261
    [B] =  0.00563  0.00543  0.00588  average  0.00565
accept  =  0.26422  0.23953  0.85795

w =  0.23953 dN =  0.00135 dS =  0.00565 d4 =  0.00505 (418.0 four-fold sites)
             dN*=  0.00125 dS*=  0.00697 S* = 657.60 N* =2114.40

d123[*] =  0.00042  0.00037  0.00144  average  0.00074
    [B] =  0.00160  0.00155  0.00168  average  0.00161
accept  =  0.26422  0.23953  0.85795

w =  0.23953 dN =  0.00039 dS =  0.00161 d4 =  0.00144 (418.0 four-fold sites)
             dN*=  0.00036 dS*=  0.00199 S* = 657.60 N* =2114.40

d123[*] =  0.00021  0.00019  0.00072  average  0.00037
    [B] =  0.00081  0.00078  0.00084  average  0.00081
accept  =  0.26422  0.23953  0.85795

w =  0.23953 dN =  0.00019 dS =  0.00081 d4 =  0.00073 (418.0 four-fold sites)
             dN*=  0.00018 dS*=  0.00100 S* = 657.60 N* =2114.40

d123[*] =  0.00172  0.00150  0.00582  average  0.00301
    [B] =  0.00650  0.00627  0.00679  average  0.00652
accept  =  0.26422  0.23953  0.85795

w =  0.23953 dN =  0.00156 dS =  0.00652 d4 =  0.00583 (418.0 four-fold sites)
             dN*=  0.00145 dS*=  0.00805 S* = 657.60 N* =2114.40

d123[*] =  0.00690  0.00604  0.02340  average  0.01211
    [B] =  0.02611  0.02522  0.02727  average  0.02620
accept  =  0.26422  0.23953  0.85795

w =  0.23953 dN =  0.00628 dS =  0.02620 d4 =  0.02345 (418.0 four-fold sites)
             dN*=  0.00582 dS*=  0.03236 S* = 657.60 N* =2114.40

d123[*] =  0.00297  0.00260  0.01008  average  0.00522
    [B] =  0.01125  0.01087  0.01175  average  0.01129
accept  =  0.26422  0.23953  0.85795

w =  0.23953 dN =  0.00270 dS =  0.01129 d4 =  0.01011 (418.0 four-fold sites)
             dN*=  0.00251 dS*=  0.01394 S* = 657.60 N* =2114.40

d123[*] =  0.00196  0.00172  0.00665  average  0.00344
    [B] =  0.00742  0.00717  0.00775  average  0.00745
accept  =  0.26422  0.23953  0.85795

w =  0.23953 dN =  0.00178 dS =  0.00745 d4 =  0.00667 (418.0 four-fold sites)
             dN*=  0.00165 dS*=  0.00920 S* = 657.60 N* =2114.40

d123[*] =  0.00213  0.00187  0.00723  average  0.00374
    [B] =  0.00807  0.00779  0.00843  average  0.00810
accept  =  0.26422  0.23953  0.85795

w =  0.23953 dN =  0.00194 dS =  0.00810 d4 =  0.00725 (418.0 four-fold sites)
             dN*=  0.00180 dS*=  0.01000 S* = 657.60 N* =2114.40

d123[*] =  0.00127  0.00111  0.00431  average  0.00223
    [B] =  0.00481  0.00465  0.00503  average  0.00483
accept  =  0.26422  0.23953  0.85795

w =  0.23953 dN =  0.00116 dS =  0.00483 d4 =  0.00432 (418.0 four-fold sites)
             dN*=  0.00107 dS*=  0.00596 S* = 657.60 N* =2114.40

d123[*] =  0.00063  0.00055  0.00215  average  0.00111
    [B] =  0.00239  0.00231  0.00250  average  0.00240
accept  =  0.26422  0.23953  0.85795

w =  0.23953 dN =  0.00058 dS =  0.00240 d4 =  0.00215 (418.0 four-fold sites)
             dN*=  0.00053 dS*=  0.00297 S* = 657.60 N* =2114.40

d123[*] =  0.00042  0.00037  0.00143  average  0.00074
    [B] =  0.00160  0.00154  0.00167  average  0.00160
accept  =  0.26422  0.23953  0.85795

w =  0.23953 dN =  0.00038 dS =  0.00160 d4 =  0.00144 (418.0 four-fold sites)
             dN*=  0.00036 dS*=  0.00198 S* = 657.60 N* =2114.40

d123[*] =  0.00271  0.00237  0.00919  average  0.00475
    [B] =  0.01025  0.00990  0.01071  average  0.01028
accept  =  0.26422  0.23953  0.85795

w =  0.23953 dN =  0.00246 dS =  0.01028 d4 =  0.00921 (418.0 four-fold sites)
             dN*=  0.00228 dS*=  0.01270 S* = 657.60 N* =2114.40

d123[*] =  0.00332  0.00291  0.01127  average  0.00583
    [B] =  0.01257  0.01214  0.01314  average  0.01262
accept  =  0.26422  0.23953  0.85795

w =  0.23953 dN =  0.00302 dS =  0.01262 d4 =  0.01130 (418.0 four-fold sites)
             dN*=  0.00280 dS*=  0.01558 S* = 657.60 N* =2114.40

d123[*] =  0.00063  0.00055  0.00212  average  0.00110
    [B] =  0.00237  0.00229  0.00247  average  0.00238
accept  =  0.26422  0.23953  0.85795

w =  0.23953 dN =  0.00057 dS =  0.00238 d4 =  0.00213 (418.0 four-fold sites)
             dN*=  0.00053 dS*=  0.00293 S* = 657.60 N* =2114.40

d123[*] =  0.00042  0.00037  0.00144  average  0.00075
    [B] =  0.00161  0.00155  0.00168  average  0.00161
accept  =  0.26422  0.23953  0.85795

w =  0.23953 dN =  0.00039 dS =  0.00161 d4 =  0.00144 (418.0 four-fold sites)
             dN*=  0.00036 dS*=  0.00199 S* = 657.60 N* =2114.40

d123[*] =  0.00148  0.00130  0.00503  average  0.00260
    [B] =  0.00561  0.00542  0.00586  average  0.00563
accept  =  0.26422  0.23953  0.85795

w =  0.23953 dN =  0.00135 dS =  0.00563 d4 =  0.00504 (418.0 four-fold sites)
             dN*=  0.00125 dS*=  0.00695 S* = 657.60 N* =2114.40

d123[*] =  0.00236  0.00206  0.00800  average  0.00414
    [B] =  0.00892  0.00862  0.00932  average  0.00895
accept  =  0.26422  0.23953  0.85795

w =  0.23953 dN =  0.00214 dS =  0.00895 d4 =  0.00801 (418.0 four-fold sites)
             dN*=  0.00199 dS*=  0.01106 S* = 657.60 N* =2114.40

d123[*] =  0.00019  0.00017  0.00065  average  0.00034
    [B] =  0.00073  0.00070  0.00076  average  0.00073
accept  =  0.26422  0.23953  0.85795

w =  0.23953 dN =  0.00017 dS =  0.00073 d4 =  0.00065 (418.0 four-fold sites)
             dN*=  0.00016 dS*=  0.00090 S* = 657.60 N* =2114.40

d123[*] =  0.00192  0.00168  0.00650  average  0.00337
    [B] =  0.00726  0.00701  0.00758  average  0.00728
accept  =  0.26422  0.23953  0.85795

w =  0.23953 dN =  0.00174 dS =  0.00728 d4 =  0.00652 (418.0 four-fold sites)
             dN*=  0.00162 dS*=  0.00899 S* = 657.60 N* =2114.40

d123[*] =  0.00171  0.00150  0.00579  average  0.00300
    [B] =  0.00646  0.00624  0.00675  average  0.00649
accept  =  0.26422  0.23953  0.85795

w =  0.23953 dN =  0.00155 dS =  0.00649 d4 =  0.00581 (418.0 four-fold sites)
             dN*=  0.00144 dS*=  0.00801 S* = 657.60 N* =2114.40

d123[*] =  0.00042  0.00037  0.00144  average  0.00074
    [B] =  0.00160  0.00155  0.00168  average  0.00161
accept  =  0.26422  0.23953  0.85795

w =  0.23953 dN =  0.00039 dS =  0.00161 d4 =  0.00144 (418.0 four-fold sites)
             dN*=  0.00036 dS*=  0.00199 S* = 657.60 N* =2114.40

d123[*] =  0.00021  0.00018  0.00071  average  0.00037
    [B] =  0.00079  0.00077  0.00083  average  0.00080
accept  =  0.26422  0.23953  0.85795

w =  0.23953 dN =  0.00019 dS =  0.00080 d4 =  0.00071 (418.0 four-fold sites)
             dN*=  0.00018 dS*=  0.00098 S* = 657.60 N* =2114.40

d123[*] =  0.00149  0.00131  0.00506  average  0.00262
    [B] =  0.00565  0.00546  0.00590  average  0.00567
accept  =  0.26422  0.23953  0.85795

w =  0.23953 dN =  0.00136 dS =  0.00567 d4 =  0.00507 (418.0 four-fold sites)
             dN*=  0.00126 dS*=  0.00700 S* = 657.60 N* =2114.40

d123[*] =  0.01435  0.01256  0.04867  average  0.02519
    [B] =  0.05430  0.05245  0.05673  average  0.05449
accept  =  0.26422  0.23953  0.85795

w =  0.23953 dN =  0.01305 dS =  0.05449 d4 =  0.04878 (418.0 four-fold sites)
             dN*=  0.01210 dS*=  0.06730 S* = 657.60 N* =2114.40

d123[*] =  0.00159  0.00139  0.00540  average  0.00279
    [B] =  0.00602  0.00581  0.00629  average  0.00604
accept  =  0.26422  0.23953  0.85795

w =  0.23953 dN =  0.00145 dS =  0.00604 d4 =  0.00541 (418.0 four-fold sites)
             dN*=  0.00134 dS*=  0.00746 S* = 657.60 N* =2114.40

d123[*] =  0.00207  0.00181  0.00702  average  0.00363
    [B] =  0.00783  0.00756  0.00818  average  0.00786
accept  =  0.26422  0.23953  0.85795

w =  0.23953 dN =  0.00188 dS =  0.00786 d4 =  0.00703 (418.0 four-fold sites)
             dN*=  0.00174 dS*=  0.00970 S* = 657.60 N* =2114.40

d123[*] =  0.00223  0.00195  0.00756  average  0.00391
    [B] =  0.00843  0.00815  0.00881  average  0.00846
accept  =  0.26422  0.23953  0.85795

w =  0.23953 dN =  0.00203 dS =  0.00846 d4 =  0.00758 (418.0 four-fold sites)
             dN*=  0.00188 dS*=  0.01045 S* = 657.60 N* =2114.40

d123[*] =  0.00447  0.00391  0.01515  average  0.00784
    [B] =  0.01691  0.01633  0.01766  average  0.01696
accept  =  0.26422  0.23953  0.85795

w =  0.23953 dN =  0.00406 dS =  0.01696 d4 =  0.01519 (418.0 four-fold sites)
             dN*=  0.00377 dS*=  0.02095 S* = 657.60 N* =2114.40

d123[*] =  0.00343  0.00300  0.01163  average  0.00602
    [B] =  0.01297  0.01253  0.01355  average  0.01302
accept  =  0.26422  0.23953  0.85795

w =  0.23953 dN =  0.00312 dS =  0.01302 d4 =  0.01165 (418.0 four-fold sites)
             dN*=  0.00289 dS*=  0.01608 S* = 657.60 N* =2114.40

d123[*] =  0.00344  0.00301  0.01166  average  0.00604
    [B] =  0.01301  0.01257  0.01359  average  0.01306
accept  =  0.26422  0.23953  0.85795

w =  0.23953 dN =  0.00313 dS =  0.01306 d4 =  0.01169 (418.0 four-fold sites)
             dN*=  0.00290 dS*=  0.01613 S* = 657.60 N* =2114.40

d123[*] =  0.00398  0.00349  0.01352  average  0.00700
    [B] =  0.01508  0.01456  0.01575  average  0.01513
accept  =  0.26422  0.23953  0.85795

w =  0.23953 dN =  0.00362 dS =  0.01513 d4 =  0.01355 (418.0 four-fold sites)
             dN*=  0.00336 dS*=  0.01869 S* = 657.60 N* =2114.40

d123[*] =  0.00039  0.00034  0.00131  average  0.00068
    [B] =  0.00146  0.00141  0.00153  average  0.00147
accept  =  0.26422  0.23953  0.85795

w =  0.23953 dN =  0.00035 dS =  0.00147 d4 =  0.00131 (418.0 four-fold sites)
             dN*=  0.00033 dS*=  0.00181 S* = 657.60 N* =2114.40

d123[*] =  0.00258  0.00226  0.00874  average  0.00452
    [B] =  0.00975  0.00942  0.01018  average  0.00978
accept  =  0.26422  0.23953  0.85795

w =  0.23953 dN =  0.00234 dS =  0.00978 d4 =  0.00876 (418.0 four-fold sites)
             dN*=  0.00217 dS*=  0.01208 S* = 657.60 N* =2114.40

d123[*] =  0.00133  0.00116  0.00451  average  0.00233
    [B] =  0.00503  0.00486  0.00526  average  0.00505
accept  =  0.26422  0.23953  0.85795

w =  0.23953 dN =  0.00121 dS =  0.00505 d4 =  0.00452 (418.0 four-fold sites)
             dN*=  0.00112 dS*=  0.00623 S* = 657.60 N* =2114.40

d123[*] =  0.00102  0.00089  0.00345  average  0.00179
    [B] =  0.00385  0.00372  0.00402  average  0.00387
accept  =  0.26422  0.23953  0.85795

w =  0.23953 dN =  0.00093 dS =  0.00387 d4 =  0.00346 (418.0 four-fold sites)
             dN*=  0.00086 dS*=  0.00477 S* = 657.60 N* =2114.40

d123[*] =  0.00064  0.00056  0.00216  average  0.00112
    [B] =  0.00241  0.00233  0.00252  average  0.00242
accept  =  0.26422  0.23953  0.85795

w =  0.23953 dN =  0.00058 dS =  0.00242 d4 =  0.00217 (418.0 four-fold sites)
             dN*=  0.00054 dS*=  0.00299 S* = 657.60 N* =2114.40

d123[*] =  0.00123  0.00108  0.00418  average  0.00216
    [B] =  0.00466  0.00450  0.00487  average  0.00468
accept  =  0.26422  0.23953  0.85795

w =  0.23953 dN =  0.00112 dS =  0.00468 d4 =  0.00419 (418.0 four-fold sites)
             dN*=  0.00104 dS*=  0.00578 S* = 657.60 N* =2114.40

d123[*] =  0.00153  0.00134  0.00520  average  0.00269
    [B] =  0.00580  0.00560  0.00606  average  0.00582
accept  =  0.26422  0.23953  0.85795

w =  0.23953 dN =  0.00139 dS =  0.00582 d4 =  0.00521 (418.0 four-fold sites)
             dN*=  0.00129 dS*=  0.00719 S* = 657.60 N* =2114.40

d123[*] =  0.00280  0.00245  0.00951  average  0.00492
    [B] =  0.01061  0.01024  0.01108  average  0.01064
accept  =  0.26422  0.23953  0.85795

w =  0.23953 dN =  0.00255 dS =  0.01064 d4 =  0.00953 (418.0 four-fold sites)
             dN*=  0.00236 dS*=  0.01315 S* = 657.60 N* =2114.40

d123[*] =  0.00668  0.00585  0.02265  average  0.01172
    [B] =  0.02527  0.02441  0.02640  average  0.02536
accept  =  0.26422  0.23953  0.85795

w =  0.23953 dN =  0.00607 dS =  0.02536 d4 =  0.02270 (418.0 four-fold sites)
             dN*=  0.00563 dS*=  0.03132 S* = 657.60 N* =2114.40

d123[*] =  0.01570  0.01375  0.05326  average  0.02757
    [B] =  0.05942  0.05739  0.06208  average  0.05963
accept  =  0.26422  0.23953  0.85795

w =  0.23953 dN =  0.01428 dS =  0.05963 d4 =  0.05338 (418.0 four-fold sites)
             dN*=  0.01324 dS*=  0.07364 S* = 657.60 N* =2114.40

d123[*] =  0.00059  0.00052  0.00200  average  0.00104
    [B] =  0.00223  0.00215  0.00233  average  0.00224
accept  =  0.26422  0.23953  0.85795

w =  0.23953 dN =  0.00054 dS =  0.00224 d4 =  0.00200 (418.0 four-fold sites)
             dN*=  0.00050 dS*=  0.00276 S* = 657.60 N* =2114.40

d123[*] =  0.00147  0.00129  0.00498  average  0.00258
    [B] =  0.00555  0.00537  0.00580  average  0.00557
accept  =  0.26422  0.23953  0.85795

w =  0.23953 dN =  0.00134 dS =  0.00557 d4 =  0.00499 (418.0 four-fold sites)
             dN*=  0.00124 dS*=  0.00688 S* = 657.60 N* =2114.40

d123[*] =  0.00212  0.00186  0.00720  average  0.00373
    [B] =  0.00804  0.00776  0.00840  average  0.00807
accept  =  0.26422  0.23953  0.85795

w =  0.23953 dN =  0.00193 dS =  0.00807 d4 =  0.00722 (418.0 four-fold sites)
             dN*=  0.00179 dS*=  0.00996 S* = 657.60 N* =2114.40

d123[*] =  0.00084  0.00074  0.00285  average  0.00148
    [B] =  0.00318  0.00307  0.00332  average  0.00319
accept  =  0.26422  0.23953  0.85795

w =  0.23953 dN =  0.00076 dS =  0.00319 d4 =  0.00286 (418.0 four-fold sites)
             dN*=  0.00071 dS*=  0.00394 S* = 657.60 N* =2114.40

d123[*] =  0.00148  0.00129  0.00501  average  0.00259
    [B] =  0.00559  0.00540  0.00584  average  0.00561
accept  =  0.26422  0.23953  0.85795

w =  0.23953 dN =  0.00134 dS =  0.00561 d4 =  0.00502 (418.0 four-fold sites)
             dN*=  0.00125 dS*=  0.00693 S* = 657.60 N* =2114.40

d123[*] =  0.00070  0.00061  0.00237  average  0.00123
    [B] =  0.00265  0.00256  0.00277  average  0.00266
accept  =  0.26422  0.23953  0.85795

w =  0.23953 dN =  0.00064 dS =  0.00266 d4 =  0.00238 (418.0 four-fold sites)
             dN*=  0.00059 dS*=  0.00328 S* = 657.60 N* =2114.40

d123[*] =  0.04239  0.03712  0.14381  average  0.07444
    [B] =  0.16045  0.15496  0.16762  average  0.16101
accept  =  0.26422  0.23953  0.85795

w =  0.23953 dN =  0.03857 dS =  0.16101 d4 =  0.14413 (418.0 four-fold sites)
             dN*=  0.03575 dS*=  0.19885 S* = 657.60 N* =2114.40

d123[*] =  0.00412  0.00361  0.01397  average  0.00723
    [B] =  0.01558  0.01505  0.01628  average  0.01564
accept  =  0.26422  0.23953  0.85795

w =  0.23953 dN =  0.00375 dS =  0.01564 d4 =  0.01400 (418.0 four-fold sites)
             dN*=  0.00347 dS*=  0.01931 S* = 657.60 N* =2114.40

d123[*] =  0.00556  0.00487  0.01886  average  0.00976
    [B] =  0.02104  0.02032  0.02198  average  0.02111
accept  =  0.26422  0.23953  0.85795

w =  0.23953 dN =  0.00506 dS =  0.02111 d4 =  0.01890 (418.0 four-fold sites)
             dN*=  0.00469 dS*=  0.02607 S* = 657.60 N* =2114.40
end of tree file.

Time used: 47:57
