IQ-TREE multicore version 2.3.3 COVID-edition for Linux x86 64-bit built Apr 25 2024
Developed by Bui Quang Minh, James Barbetti, Nguyen Lam Tung, Olga Chernomor,
Heiko Schmidt, Dominik Schrempf, Michael Woodhams, Ly Trong Nhan, Thomas Wong

Host:    morpheus-OptiPlex-5050 (AVX2, FMA3, 503 GB RAM)
Command: iqtree2 -s per_gene_alignments_codon/LOC101408341_.aln.fna -m MFP -T 1 -B 1000 --prefix per_gene_alignments_codon/LOC101408341_.aln
Seed:    963124 (Using SPRNG - Scalable Parallel Random Number Generator)
Time:    Thu Oct 30 21:39:27 2025
Kernel:  AVX+FMA - 1 threads (72 CPU cores detected)

HINT: Use -nt option to specify number of threads because your CPU has 72 cores!
HINT: -nt AUTO will automatically determine the best number of threads to use.

Reading alignment file per_gene_alignments_codon/LOC101408341_.aln.fna ... Fasta format detected
Reading fasta file: done in 0.00127602 secs
Alignment most likely contains DNA/RNA sequences
Alignment has 7 sequences with 4911 columns, 197 distinct patterns
363 parsimony-informative, 578 singleton sites, 3970 constant sites
                     Gap/Ambiguity  Composition  p-value
Analyzing sequences: done in 2.5034e-05 secs using 91.88% CPU
   1  Ceratotherium_simum    0.18%    passed     48.10%
   2  Diceros_bicornis       0.18%    passed     49.93%
   3  Equus_asinus           0.00%    passed     66.30%
   4  Equus_quagga           0.00%    passed     69.01%
   5  Equus_caballus         0.00%    passed     66.10%
   6  Canis_lupus            0.00%    passed     44.01%
   7  Bos_taurus             1.22%    failed      0.00%
****  TOTAL                  0.23%  1 sequences failed composition chi2 test (p-value<5%; df=3)


Create initial parsimony tree by phylogenetic likelihood library (PLL)... 0.000 seconds
Perform fast likelihood tree search using GTR+I+G model...
Estimate model parameters (epsilon = 5.000)
Perform nearest neighbor interchange...
Estimate model parameters (epsilon = 1.000)
1. Initial log-likelihood: -12063.364
Optimal log-likelihood: -12063.134
Rate parameters:  A-C: 1.42799  A-G: 5.95298  A-T: 1.32555  C-G: 1.07135  C-T: 7.65716  G-T: 1.00000
Base frequencies:  A: 0.199  C: 0.343  G: 0.280  T: 0.177
Proportion of invariable sites: 0.399
Gamma shape alpha: 0.663
Parameters optimization took 1 rounds (0.005 sec)
Time for fast ML tree search: 0.119 seconds

NOTE: ModelFinder requires 1 MB RAM!
ModelFinder will test up to 484 DNA models (sample size: 4911) ...
 No. Model         -LnL         df  AIC          AICc         BIC
  1  GTR+F         12173.706    19  24385.412    24385.567    24508.897
  2  GTR+F+I       12061.419    20  24162.838    24163.010    24292.823
  3  GTR+F+G4      12062.197    20  24164.394    24164.565    24294.378
  4  GTR+F+I+G4    12063.058    21  24168.117    24168.306    24304.600
  5  GTR+F+R2      12061.584    21  24165.169    24165.358    24301.653
  6  GTR+F+R3      12061.526    23  24169.053    24169.279    24318.535
 14  GTR+F+I+R2    12061.991    22  24167.981    24168.188    24310.964
 15  GTR+F+I+R3    12062.042    24  24172.083    24172.329    24328.065
 24  SYM+I         12297.198    17  24628.396    24628.522    24738.883
 25  SYM+G4        12297.281    17  24628.561    24628.687    24739.048
 27  SYM+R2        12297.313    18  24630.626    24630.766    24747.613
 46  TVM+F+I       12064.092    19  24166.185    24166.340    24289.670
 47  TVM+F+G4      12064.933    19  24167.865    24168.020    24291.350
 49  TVM+F+R2      12064.199    20  24168.398    24168.570    24298.383
 68  TVMe+I        12299.954    16  24631.908    24632.020    24735.896
 69  TVMe+G4       12300.078    16  24632.156    24632.267    24736.144
 71  TVMe+R2       12300.077    17  24634.153    24634.278    24744.640
 90  TIM3+F+I      12063.492    18  24162.984    24163.124    24279.970
 91  TIM3+F+G4     12064.152    18  24164.304    24164.444    24281.290
 93  TIM3+F+R2     12063.670    19  24165.339    24165.495    24288.825
112  TIM3e+I       12297.262    15  24624.523    24624.621    24722.012
113  TIM3e+G4      12297.349    15  24624.699    24624.797    24722.187
115  TIM3e+R2      12297.473    16  24626.946    24627.057    24730.934
134  TIM2+F+I      12061.471    18  24158.943    24159.083    24275.929
135  TIM2+F+G4     12062.212    18  24160.423    24160.563    24277.410
137  TIM2+F+R2     12061.673    19  24161.345    24161.501    24284.831
156  TIM2e+I       12305.079    15  24640.158    24640.256    24737.646
157  TIM2e+G4      12305.288    15  24640.576    24640.674    24738.065
159  TIM2e+R2      12305.211    16  24642.422    24642.533    24746.410
178  TIM+F+I       12063.315    18  24162.630    24162.770    24279.616
179  TIM+F+G4      12063.935    18  24163.870    24164.009    24280.856
181  TIM+F+R2      12063.497    19  24164.994    24165.149    24288.479
200  TIMe+I        12304.785    15  24639.569    24639.667    24737.058
201  TIMe+G4       12305.030    15  24640.060    24640.158    24737.548
203  TIMe+R2       12304.930    16  24641.860    24641.971    24745.848
222  TPM3u+F+I     12066.183    17  24166.365    24166.490    24276.852
223  TPM3u+F+G4    12066.976    17  24167.952    24168.077    24278.439
225  TPM3u+F+R2    12066.418    18  24168.836    24168.976    24285.822
244  TPM3+I        12300.032    14  24628.064    24628.149    24719.053
245  TPM3+G4       12300.143    14  24628.287    24628.372    24719.276
247  TPM3+R2       12300.151    15  24630.302    24630.400    24727.790
266  TPM2u+F+I     12064.150    17  24162.300    24162.425    24272.787
267  TPM2u+F+G4    12065.021    17  24164.042    24164.167    24274.529
269  TPM2u+F+R2    12064.291    18  24164.583    24164.723    24281.569
288  TPM2+I        12307.533    14  24643.065    24643.151    24734.054
289  TPM2+G4       12307.804    14  24643.609    24643.694    24734.598
291  TPM2+R2       12307.671    15  24645.342    24645.440    24742.831
310  K3Pu+F+I      12066.021    17  24166.042    24166.167    24276.529
311  K3Pu+F+G4     12066.784    17  24167.568    24167.693    24278.055
313  K3Pu+F+R2     12066.233    18  24168.466    24168.605    24285.452
332  K3P+I         12307.257    14  24642.514    24642.600    24733.504
333  K3P+G4        12307.550    14  24643.099    24643.185    24734.089
335  K3P+R2        12307.401    15  24644.802    24644.900    24742.291
354  TN+F+I        12063.576    17  24161.151    24161.276    24271.638
355  TN+F+G4       12064.223    17  24162.446    24162.572    24272.933
357  TN+F+R2       12063.753    18  24163.505    24163.645    24280.492
376  TNe+I         12305.073    14  24638.147    24638.233    24729.136
377  TNe+G4        12305.301    14  24638.601    24638.687    24729.591
379  TNe+R2        12305.206    15  24640.412    24640.510    24737.900
398  HKY+F+I       12066.280    16  24164.560    24164.671    24268.548
399  HKY+F+G4      12067.058    16  24166.117    24166.228    24270.104
401  HKY+F+R2      12066.478    17  24166.956    24167.081    24277.443
420  K2P+I         12307.542    13  24641.084    24641.158    24725.574
421  K2P+G4        12307.825    13  24641.649    24641.723    24726.139
423  K2P+R2        12307.680    14  24643.359    24643.445    24734.348
442  F81+F+I       12373.368    15  24776.736    24776.834    24874.224
443  F81+F+G4      12373.769    15  24777.538    24777.636    24875.027
445  F81+F+R2      12373.578    16  24779.156    24779.267    24883.143
464  JC+I          12578.786    12  25181.571    25181.635    25259.562
465  JC+G4         12579.042    12  25182.085    25182.148    25260.075
467  JC+R2         12578.968    13  25183.936    25184.010    25268.426
Akaike Information Criterion:           TIM2+F+I
Corrected Akaike Information Criterion: TIM2+F+I
Bayesian Information Criterion:         HKY+F+I
Best-fit model: HKY+F+I chosen according to BIC

All model information printed to per_gene_alignments_codon/LOC101408341_.aln.model.gz
CPU time for ModelFinder: 2.011 seconds (0h:0m:2s)
Wall-clock time for ModelFinder: 4.420 seconds (0h:0m:4s)
Generating 1000 samples for ultrafast bootstrap (seed: 963124)...

NOTE: 0 MB RAM (0 GB) is required!
Estimate model parameters (epsilon = 0.100)
1. Initial log-likelihood: -12066.280
Optimal log-likelihood: -12066.280
Rate parameters:  A-C: 1.00000  A-G: 5.51121  A-T: 1.00000  C-G: 1.00000  C-T: 5.51121  G-T: 1.00000
Base frequencies:  A: 0.199  C: 0.343  G: 0.280  T: 0.177
Proportion of invariable sites: 0.660
Parameters optimization took 1 rounds (0.001 sec)
Wrote distance file to... 
Computing ML distances based on estimated model parameters...
Calculating distance matrix: done in 0.000194073 secs using 99.45% CPU
Computing ML distances took 0.000245 sec (of wall-clock time) 0.000250 sec (of CPU time)
Setting up auxiliary I and S matrices: done in 4.50611e-05 secs using 190.9% CPU
Computing RapidNJ tree took 0.000128 sec (of wall-clock time) 0.000253 sec (of CPU time)
Log-likelihood of RapidNJ tree: -12066.280
--------------------------------------------------------------------
|             INITIALIZING CANDIDATE TREE SET                      |
--------------------------------------------------------------------
Generating 99 parsimony trees... 0.117 second
Computing log-likelihood of 37 initial trees ... 0.026 seconds
Current best score: -12066.280

Do NNI search on 20 best initial trees
Estimate model parameters (epsilon = 0.100)
BETTER TREE FOUND at iteration 1: -12066.279
Iteration 10 / LogL: -12066.317 / Time: 0h:0m:4s
Iteration 20 / LogL: -12066.582 / Time: 0h:0m:4s
Finish initializing candidate tree set (1)
Current best tree score: -12066.279 / CPU time: 0.323
Number of iterations: 20
--------------------------------------------------------------------
|               OPTIMIZING CANDIDATE TREE SET                      |
--------------------------------------------------------------------
UPDATE BEST LOG-LIKELIHOOD: -12066.279
UPDATE BEST LOG-LIKELIHOOD: -12066.279
Iteration 30 / LogL: -12066.279 / Time: 0h:0m:4s (0h:0m:1s left)
Iteration 40 / LogL: -12066.935 / Time: 0h:0m:5s (0h:0m:0s left)
Iteration 50 / LogL: -12066.284 / Time: 0h:0m:5s (0h:0m:0s left)
Log-likelihood cutoff on original alignment: -12083.294
Iteration 60 / LogL: -12066.291 / Time: 0h:0m:5s (0h:0m:0s left)
Iteration 70 / LogL: -12066.622 / Time: 0h:0m:5s (0h:0m:0s left)
Iteration 80 / LogL: -12066.851 / Time: 0h:0m:5s (0h:0m:0s left)
Iteration 90 / LogL: -12067.704 / Time: 0h:0m:5s (0h:0m:0s left)
Iteration 100 / LogL: -12066.291 / Time: 0h:0m:5s (0h:0m:0s left)
Log-likelihood cutoff on original alignment: -12083.294
NOTE: Bootstrap correlation coefficient of split occurrence frequencies: 1.000
TREE SEARCH COMPLETED AFTER 102 ITERATIONS / Time: 0h:0m:5s

--------------------------------------------------------------------
|                    FINALIZING TREE SEARCH                        |
--------------------------------------------------------------------
Performs final model parameters optimization
Estimate model parameters (epsilon = 0.010)
1. Initial log-likelihood: -12066.279
Optimal log-likelihood: -12066.279
Rate parameters:  A-C: 1.00000  A-G: 5.51392  A-T: 1.00000  C-G: 1.00000  C-T: 5.51392  G-T: 1.00000
Base frequencies:  A: 0.199  C: 0.343  G: 0.280  T: 0.177
Proportion of invariable sites: 0.660
Parameters optimization took 1 rounds (0.001 sec)
BEST SCORE FOUND : -12066.279
Creating bootstrap support values...
Split supports printed to NEXUS file per_gene_alignments_codon/LOC101408341_.aln.splits.nex
Total tree length: 0.315

Total number of iterations: 102
CPU time used for tree search: 1.037 sec (0h:0m:1s)
Wall-clock time used for tree search: 1.428 sec (0h:0m:1s)
Total CPU time used: 3.123 sec (0h:0m:3s)
Total wall-clock time used: 5.995 sec (0h:0m:5s)

Computing bootstrap consensus tree...
Reading input file per_gene_alignments_codon/LOC101408341_.aln.splits.nex...
7 taxa and 14 splits.
Consensus tree written to per_gene_alignments_codon/LOC101408341_.aln.contree
Reading input trees file per_gene_alignments_codon/LOC101408341_.aln.contree
Log-likelihood of consensus tree: -12066.279

Analysis results written to: 
  IQ-TREE report:                per_gene_alignments_codon/LOC101408341_.aln.iqtree
  Maximum-likelihood tree:       per_gene_alignments_codon/LOC101408341_.aln.treefile
  Likelihood distances:          per_gene_alignments_codon/LOC101408341_.aln.mldist

Ultrafast bootstrap approximation results written to:
  Split support values:          per_gene_alignments_codon/LOC101408341_.aln.splits.nex
  Consensus tree:                per_gene_alignments_codon/LOC101408341_.aln.contree
  Screen log file:               per_gene_alignments_codon/LOC101408341_.aln.log

Date and Time: Thu Oct 30 21:39:34 2025
