IQ-TREE multicore version 2.3.3 COVID-edition for Linux x86 64-bit built Apr 25 2024
Developed by Bui Quang Minh, James Barbetti, Nguyen Lam Tung, Olga Chernomor,
Heiko Schmidt, Dominik Schrempf, Michael Woodhams, Ly Trong Nhan, Thomas Wong

Host:    morpheus-OptiPlex-5050 (AVX2, FMA3, 503 GB RAM)
Command: iqtree2 -s per_gene_alignments_codon/LOC101408516_.aln.fna -m MFP -T 1 -B 1000 --prefix per_gene_alignments_codon/LOC101408516_.aln
Seed:    685508 (Using SPRNG - Scalable Parallel Random Number Generator)
Time:    Thu Oct 30 21:39:35 2025
Kernel:  AVX+FMA - 1 threads (72 CPU cores detected)

HINT: Use -nt option to specify number of threads because your CPU has 72 cores!
HINT: -nt AUTO will automatically determine the best number of threads to use.

Reading alignment file per_gene_alignments_codon/LOC101408516_.aln.fna ... Fasta format detected
Reading fasta file: done in 0.00105906 secs using 33.24% CPU
Alignment most likely contains DNA/RNA sequences
Alignment has 7 sequences with 3933 columns, 135 distinct patterns
194 parsimony-informative, 273 singleton sites, 3466 constant sites
                     Gap/Ambiguity  Composition  p-value
Analyzing sequences: done in 2.09808e-05 secs using 95.33% CPU
   1  Ceratotherium_simum    3.20%    passed     52.54%
   2  Diceros_bicornis       0.00%    passed     92.93%
   3  Equus_asinus           0.08%    passed     89.64%
   4  Equus_quagga           3.20%    passed     88.45%
   5  Equus_caballus         0.00%    passed     87.83%
   6  Canis_lupus            0.00%    passed     75.21%
   7  Bos_taurus             0.15%    passed     36.61%
****  TOTAL                  0.95%  0 sequences failed composition chi2 test (p-value<5%; df=3)


Create initial parsimony tree by phylogenetic likelihood library (PLL)... 0.000 seconds
Perform fast likelihood tree search using GTR+I+G model...
Estimate model parameters (epsilon = 5.000)
Perform nearest neighbor interchange...
Estimate model parameters (epsilon = 1.000)
1. Initial log-likelihood: -8249.074
Optimal log-likelihood: -8249.063
Rate parameters:  A-C: 1.02802  A-G: 4.38594  A-T: 0.52202  C-G: 1.11460  C-T: 4.52218  G-T: 1.00000
Base frequencies:  A: 0.298  C: 0.231  G: 0.227  T: 0.243
Proportion of invariable sites: 0.438
Gamma shape alpha: 0.686
Parameters optimization took 1 rounds (0.003 sec)
Time for fast ML tree search: 0.047 seconds

NOTE: ModelFinder requires 0 MB RAM!
ModelFinder will test up to 484 DNA models (sample size: 3933) ...
 No. Model         -LnL         df  AIC          AICc         BIC
  1  GTR+F         8286.355     19  16610.709    16610.904    16729.975
  2  GTR+F+I       8249.302     20  16538.604    16538.819    16664.147
  3  GTR+F+G4      8249.179     20  16538.359    16538.574    16663.902
  4  GTR+F+I+G4    8249.049     21  16540.099    16540.335    16671.919
  5  GTR+F+R2      8250.077     21  16542.153    16542.390    16673.974
  6  GTR+F+R3      8249.551     23  16545.102    16545.384    16689.476
 14  GTR+F+I+R2    8249.358     22  16542.716    16542.975    16680.814
 15  GTR+F+I+R3    8249.171     24  16546.343    16546.650    16696.995
 24  SYM+I         8269.955     17  16573.910    16574.066    16680.621
 25  SYM+G4        8269.868     17  16573.736    16573.893    16680.448
 26  SYM+I+G4      8269.812     18  16575.624    16575.798    16688.612
 46  TVM+F+I       8249.333     19  16536.667    16536.861    16655.933
 47  TVM+F+G4      8249.210     19  16536.421    16536.615    16655.687
 48  TVM+F+I+G4    8249.078     20  16538.156    16538.371    16663.699
 68  TVMe+I        8270.028     16  16572.056    16572.194    16672.490
 69  TVMe+G4       8269.944     16  16571.889    16572.028    16672.323
 70  TVMe+I+G4     8269.891     17  16573.783    16573.939    16680.495
 90  TIM3+F+I      8251.432     18  16538.864    16539.039    16651.853
 91  TIM3+F+G4     8251.341     18  16538.682    16538.857    16651.671
 92  TIM3+F+I+G4   8251.261     19  16540.521    16540.715    16659.787
112  TIM3e+I       8270.925     15  16571.851    16571.973    16666.008
113  TIM3e+G4      8270.855     15  16571.710    16571.832    16665.867
114  TIM3e+I+G4    8270.815     16  16573.631    16573.770    16674.065
134  TIM2+F+I      8252.616     18  16541.233    16541.408    16654.222
135  TIM2+F+G4     8252.507     18  16541.013    16541.188    16654.002
136  TIM2+F+I+G4   8252.391     19  16542.783    16542.977    16662.048
156  TIM2e+I       8272.657     15  16575.313    16575.436    16669.471
157  TIM2e+G4      8272.584     15  16575.169    16575.291    16669.326
158  TIM2e+I+G4    8272.538     16  16577.077    16577.216    16677.511
178  TIM+F+I       8252.725     18  16541.450    16541.624    16654.438
179  TIM+F+G4      8252.648     18  16541.295    16541.470    16654.284
180  TIM+F+I+G4    8252.590     19  16543.179    16543.374    16662.445
200  TIMe+I        8271.915     15  16573.829    16573.952    16667.986
201  TIMe+G4       8271.853     15  16573.705    16573.828    16667.862
202  TIMe+I+G4     8271.835     16  16575.671    16575.810    16676.105
222  TPM3u+F+I     8251.476     17  16536.953    16537.109    16643.664
223  TPM3u+F+G4    8251.383     17  16536.765    16536.922    16643.477
224  TPM3u+F+I+G4  8251.299     18  16538.598    16538.773    16651.587
244  TPM3+I        8270.987     14  16569.974    16570.081    16657.854
245  TPM3+G4       8270.919     14  16569.837    16569.944    16657.717
246  TPM3+I+G4     8270.881     15  16571.761    16571.884    16665.919
266  TPM2u+F+I     8252.648     17  16539.295    16539.451    16646.007
267  TPM2u+F+G4    8252.534     17  16539.069    16539.225    16645.780
268  TPM2u+F+I+G4  8252.420     18  16540.840    16541.015    16653.829
288  TPM2+I        8272.730     14  16573.461    16573.568    16661.341
289  TPM2+G4       8272.660     14  16573.321    16573.428    16661.201
290  TPM2+I+G4     8272.618     15  16575.236    16575.358    16669.393
310  K3Pu+F+I      8252.751     17  16539.502    16539.658    16646.214
311  K3Pu+F+G4     8252.675     17  16539.350    16539.506    16646.061
312  K3Pu+F+I+G4   8252.621     18  16541.241    16541.416    16654.230
332  K3P+I         8271.991     14  16571.982    16572.089    16659.863
333  K3P+G4        8271.932     14  16571.863    16571.970    16659.743
334  K3P+I+G4      8271.905     15  16573.810    16573.933    16667.967
354  TN+F+I        8253.905     17  16541.811    16541.967    16648.522
355  TN+F+G4       8253.824     17  16541.648    16541.805    16648.360
356  TN+F+I+G4     8253.758     18  16543.517    16543.691    16656.506
376  TNe+I         8272.858     14  16573.715    16573.822    16661.595
377  TNe+G4        8272.796     14  16573.593    16573.700    16661.473
378  TNe+I+G4      8272.765     15  16575.529    16575.652    16669.686
398  HKY+F+I       8253.943     16  16539.886    16540.025    16640.320
399  HKY+F+G4      8253.860     16  16539.720    16539.859    16640.154
400  HKY+F+I+G4    8253.794     17  16541.588    16541.744    16648.299
420  K2P+I         8272.935     13  16571.870    16571.963    16653.473
421  K2P+G4        8272.876     13  16571.752    16571.845    16653.355
422  K2P+I+G4      8272.845     14  16573.689    16573.797    16661.570
442  F81+F+I       8397.940     15  16825.881    16826.004    16920.038
443  F81+F+G4      8397.924     15  16825.847    16825.970    16920.005
444  F81+F+I+G4    8397.937     16  16827.873    16828.012    16928.308
464  JC+I          8414.672     12  16853.345    16853.424    16928.671
465  JC+G4         8414.689     12  16853.378    16853.457    16928.704
466  JC+I+G4       8414.719     13  16855.437    16855.530    16937.040
Akaike Information Criterion:           TVM+F+G4
Corrected Akaike Information Criterion: TVM+F+G4
Bayesian Information Criterion:         HKY+F+G4
Best-fit model: HKY+F+G4 chosen according to BIC

All model information printed to per_gene_alignments_codon/LOC101408516_.aln.model.gz
CPU time for ModelFinder: 0.595 seconds (0h:0m:0s)
Wall-clock time for ModelFinder: 1.481 seconds (0h:0m:1s)
Generating 1000 samples for ultrafast bootstrap (seed: 685508)...

NOTE: 0 MB RAM (0 GB) is required!
Estimate model parameters (epsilon = 0.100)
1. Initial log-likelihood: -8253.860
Optimal log-likelihood: -8253.860
Rate parameters:  A-C: 1.00000  A-G: 5.05299  A-T: 1.00000  C-G: 1.00000  C-T: 5.05299  G-T: 1.00000
Base frequencies:  A: 0.298  C: 0.231  G: 0.227  T: 0.243
Gamma shape alpha: 0.188
Parameters optimization took 1 rounds (0.001 sec)
Wrote distance file to... 
Computing ML distances based on estimated model parameters...
Calculating distance matrix: done in 0.000580072 secs using 99.64% CPU
Computing ML distances took 0.000631 sec (of wall-clock time) 0.000636 sec (of CPU time)
Setting up auxiliary I and S matrices: done in 4.1008e-05 secs using 97.54% CPU
Computing RapidNJ tree took 0.000131 sec (of wall-clock time) 0.000132 sec (of CPU time)
Log-likelihood of RapidNJ tree: -8253.866
--------------------------------------------------------------------
|             INITIALIZING CANDIDATE TREE SET                      |
--------------------------------------------------------------------
Generating 99 parsimony trees... 0.094 second
Computing log-likelihood of 40 initial trees ... 0.024 seconds
Current best score: -8253.860

Do NNI search on 20 best initial trees
Estimate model parameters (epsilon = 0.100)
BETTER TREE FOUND at iteration 1: -8253.860
Iteration 10 / LogL: -8253.993 / Time: 0h:0m:1s
Iteration 20 / LogL: -8254.118 / Time: 0h:0m:1s
Finish initializing candidate tree set (1)
Current best tree score: -8253.860 / CPU time: 0.233
Number of iterations: 20
--------------------------------------------------------------------
|               OPTIMIZING CANDIDATE TREE SET                      |
--------------------------------------------------------------------
Iteration 30 / LogL: -8253.996 / Time: 0h:0m:1s (0h:0m:0s left)
Iteration 40 / LogL: -8253.860 / Time: 0h:0m:2s (0h:0m:0s left)
Iteration 50 / LogL: -8253.860 / Time: 0h:0m:2s (0h:0m:0s left)
Log-likelihood cutoff on original alignment: -8275.736
Iteration 60 / LogL: -8253.860 / Time: 0h:0m:2s (0h:0m:0s left)
Iteration 70 / LogL: -8253.868 / Time: 0h:0m:2s (0h:0m:0s left)
Iteration 80 / LogL: -8253.863 / Time: 0h:0m:2s (0h:0m:0s left)
Iteration 90 / LogL: -8253.860 / Time: 0h:0m:2s (0h:0m:0s left)
Iteration 100 / LogL: -8253.868 / Time: 0h:0m:2s (0h:0m:0s left)
Log-likelihood cutoff on original alignment: -8275.794
NOTE: Bootstrap correlation coefficient of split occurrence frequencies: 1.000
TREE SEARCH COMPLETED AFTER 102 ITERATIONS / Time: 0h:0m:2s

--------------------------------------------------------------------
|                    FINALIZING TREE SEARCH                        |
--------------------------------------------------------------------
Performs final model parameters optimization
Estimate model parameters (epsilon = 0.010)
1. Initial log-likelihood: -8253.860
Optimal log-likelihood: -8253.860
Rate parameters:  A-C: 1.00000  A-G: 5.05172  A-T: 1.00000  C-G: 1.00000  C-T: 5.05172  G-T: 1.00000
Base frequencies:  A: 0.298  C: 0.231  G: 0.227  T: 0.243
Gamma shape alpha: 0.188
Parameters optimization took 1 rounds (0.001 sec)
BEST SCORE FOUND : -8253.860
Creating bootstrap support values...
Split supports printed to NEXUS file per_gene_alignments_codon/LOC101408516_.aln.splits.nex
Total tree length: 0.156

Total number of iterations: 102
CPU time used for tree search: 1.189 sec (0h:0m:1s)
Wall-clock time used for tree search: 1.164 sec (0h:0m:1s)
Total CPU time used: 1.854 sec (0h:0m:1s)
Total wall-clock time used: 2.784 sec (0h:0m:2s)

Computing bootstrap consensus tree...
Reading input file per_gene_alignments_codon/LOC101408516_.aln.splits.nex...
7 taxa and 15 splits.
Consensus tree written to per_gene_alignments_codon/LOC101408516_.aln.contree
Reading input trees file per_gene_alignments_codon/LOC101408516_.aln.contree
Log-likelihood of consensus tree: -8253.866

Analysis results written to: 
  IQ-TREE report:                per_gene_alignments_codon/LOC101408516_.aln.iqtree
  Maximum-likelihood tree:       per_gene_alignments_codon/LOC101408516_.aln.treefile
  Likelihood distances:          per_gene_alignments_codon/LOC101408516_.aln.mldist

Ultrafast bootstrap approximation results written to:
  Split support values:          per_gene_alignments_codon/LOC101408516_.aln.splits.nex
  Consensus tree:                per_gene_alignments_codon/LOC101408516_.aln.contree
  Screen log file:               per_gene_alignments_codon/LOC101408516_.aln.log

Date and Time: Thu Oct 30 21:39:38 2025
