IQ-TREE multicore version 2.3.3 COVID-edition for Linux x86 64-bit built Apr 25 2024
Developed by Bui Quang Minh, James Barbetti, Nguyen Lam Tung, Olga Chernomor,
Heiko Schmidt, Dominik Schrempf, Michael Woodhams, Ly Trong Nhan, Thomas Wong

Host:    morpheus-OptiPlex-5050 (AVX2, FMA3, 503 GB RAM)
Command: iqtree2 -s per_gene_alignments_codon/LOC101397246_.aln.fna -m MFP -T 1 -B 1000 --prefix per_gene_alignments_codon/LOC101397246_.aln
Seed:    392522 (Using SPRNG - Scalable Parallel Random Number Generator)
Time:    Thu Oct 30 21:31:54 2025
Kernel:  AVX+FMA - 1 threads (72 CPU cores detected)

HINT: Use -nt option to specify number of threads because your CPU has 72 cores!
HINT: -nt AUTO will automatically determine the best number of threads to use.

Reading alignment file per_gene_alignments_codon/LOC101397246_.aln.fna ... Fasta format detected
Reading fasta file: done in 0.000195026 secs using 32.82% CPU
Alignment most likely contains DNA/RNA sequences
Alignment has 7 sequences with 504 columns, 93 distinct patterns
51 parsimony-informative, 102 singleton sites, 351 constant sites
                     Gap/Ambiguity  Composition  p-value
Analyzing sequences: done in 1.5974e-05 secs using 31.3% CPU
   1  Ceratotherium_simum    0.00%    passed     98.27%
   2  Diceros_bicornis      29.76%    passed     30.70%
   3  Equus_asinus           0.00%    passed     97.43%
   4  Equus_quagga           0.00%    passed     92.70%
   5  Equus_caballus         0.00%    passed     97.82%
   6  Canis_lupus            0.00%    passed     73.14%
   7  Bos_taurus             0.00%    passed     95.75%
****  TOTAL                  4.25%  0 sequences failed composition chi2 test (p-value<5%; df=3)


Create initial parsimony tree by phylogenetic likelihood library (PLL)... 0.000 seconds
Perform fast likelihood tree search using GTR+I+G model...
Estimate model parameters (epsilon = 5.000)
Perform nearest neighbor interchange...
Estimate model parameters (epsilon = 1.000)
1. Initial log-likelihood: -1482.644
Optimal log-likelihood: -1482.584
Rate parameters:  A-C: 2.51845  A-G: 5.66685  A-T: 0.45940  C-G: 3.76727  C-T: 8.54602  G-T: 1.00000
Base frequencies:  A: 0.329  C: 0.224  G: 0.247  T: 0.200
Proportion of invariable sites: 0.334
Gamma shape alpha: 998.421
Parameters optimization took 1 rounds (0.002 sec)
Time for fast ML tree search: 0.047 seconds

NOTE: ModelFinder requires 0 MB RAM!
ModelFinder will test up to 484 DNA models (sample size: 504) ...
 No. Model         -LnL         df  AIC          AICc         BIC
  1  GTR+F         1482.862     19  3003.723     3005.293     3083.952
  2  GTR+F+I       1481.982     20  3003.963     3005.702     3088.415
  3  GTR+F+G4      1481.927     20  3003.854     3005.593     3088.305
  4  GTR+F+I+G4    1482.482     21  3006.965     3008.882     3095.639
  5  GTR+F+R2      1482.023     21  3006.045     3007.962     3094.719
  6  GTR+F+R3      1482.000     23  3010.000     3012.300     3107.119
 14  GTR+F+I+R2    1482.274     22  3008.549     3010.653     3101.445
 15  GTR+F+I+R3    1482.174     24  3012.349     3014.854     3113.690
 23  SYM           1495.016     16  3022.033     3023.150     3089.594
 24  SYM+I         1493.972     17  3021.944     3023.204     3093.728
 25  SYM+G4        1493.901     17  3021.802     3023.061     3093.586
 45  TVM+F         1485.080     18  3006.160     3007.571     3082.167
 46  TVM+F+I       1483.926     19  3005.852     3007.422     3086.081
 47  TVM+F+G4      1483.879     19  3005.758     3007.329     3085.987
 67  TVMe          1495.236     15  3020.473     3021.456     3083.811
 68  TVMe+I        1494.125     16  3020.250     3021.367     3087.811
 69  TVMe+G4       1494.050     16  3020.099     3021.216     3087.661
 89  TIM3+F        1484.455     17  3002.910     3004.169     3074.694
 90  TIM3+F+I      1483.515     18  3003.030     3004.441     3079.037
 91  TIM3+F+G4     1483.452     18  3002.905     3004.315     3078.911
111  TIM3e         1495.928     14  3019.856     3020.715     3078.972
112  TIM3e+I       1494.769     15  3019.539     3020.522     3082.877
113  TIM3e+G4      1494.688     15  3019.376     3020.359     3082.714
133  TIM2+F        1492.874     17  3019.747     3021.006     3091.531
134  TIM2+F+I      1491.903     18  3019.807     3021.217     3095.813
135  TIM2+F+G4     1491.863     18  3019.726     3021.136     3095.732
155  TIM2e         1506.231     14  3040.462     3041.321     3099.578
156  TIM2e+I       1505.126     15  3040.251     3041.235     3103.590
157  TIM2e+G4      1505.082     15  3040.164     3041.148     3103.503
177  TIM+F         1494.220     17  3022.441     3023.700     3094.224
178  TIM+F+I       1493.242     18  3022.483     3023.894     3098.490
179  TIM+F+G4      1493.201     18  3022.401     3023.812     3098.408
199  TIMe          1506.909     14  3041.817     3042.676     3100.933
200  TIMe+I        1505.747     15  3041.493     3042.477     3104.832
201  TIMe+G4       1505.701     15  3041.402     3042.386     3104.741
221  TPM3u+F       1486.683     16  3005.365     3006.482     3072.927
222  TPM3u+F+I     1485.466     17  3004.932     3006.191     3076.716
223  TPM3u+F+G4    1485.416     17  3004.833     3006.092     3076.617
243  TPM3          1496.157     13  3018.314     3019.057     3073.207
244  TPM3+I        1494.909     14  3017.817     3018.676     3076.933
245  TPM3+G4       1494.834     14  3017.668     3018.527     3076.784
265  TPM2u+F       1495.000     16  3022.000     3023.117     3089.561
266  TPM2u+F+I     1493.757     17  3021.515     3022.774     3093.299
267  TPM2u+F+G4    1493.735     17  3021.470     3022.729     3093.254
287  TPM2          1506.428     13  3038.855     3039.598     3093.749
288  TPM2+I        1505.243     14  3038.485     3039.344     3097.601
289  TPM2+G4       1505.205     14  3038.410     3039.269     3097.526
309  K3Pu+F        1496.333     16  3024.667     3025.784     3092.228
310  K3Pu+F+I      1495.093     17  3024.185     3025.444     3095.969
311  K3Pu+F+G4     1495.072     17  3024.145     3025.404     3095.929
331  K3P           1507.105     13  3040.210     3040.953     3095.104
332  K3P+I         1505.859     14  3039.718     3040.577     3098.834
333  K3P+G4        1505.821     14  3039.641     3040.500     3098.757
353  TN+F          1494.235     16  3020.471     3021.588     3088.032
354  TN+F+I        1493.250     17  3020.500     3021.759     3092.284
355  TN+F+G4       1493.211     17  3020.421     3021.681     3092.205
375  TNe           1506.930     13  3039.859     3040.602     3094.753
376  TNe+I         1505.759     14  3039.518     3040.377     3098.635
377  TNe+G4        1505.717     14  3039.434     3040.293     3098.551
397  HKY+F         1496.352     15  3022.704     3023.688     3086.043
398  HKY+F+I       1495.104     16  3022.208     3023.325     3089.770
399  HKY+F+G4      1495.086     16  3022.172     3023.289     3089.733
419  K2P           1507.127     12  3038.255     3038.890     3088.926
420  K2P+I         1505.872     13  3037.744     3038.487     3092.637
421  K2P+G4        1505.836     13  3037.673     3038.416     3092.566
441  F81+F         1523.933     14  3075.865     3076.724     3134.981
442  F81+F+I       1523.491     15  3076.983     3077.966     3140.321
443  F81+F+G4      1523.496     15  3076.992     3077.975     3140.330
463  JC            1536.445     11  3094.891     3095.427     3141.339
464  JC+I          1535.892     12  3095.785     3096.420     3146.455
465  JC+G4         1535.888     12  3095.776     3096.411     3146.447
Akaike Information Criterion:           TIM3+F+G4
Corrected Akaike Information Criterion: TIM3+F
Bayesian Information Criterion:         TPM3u+F
Best-fit model: TPM3u+F chosen according to BIC

All model information printed to per_gene_alignments_codon/LOC101397246_.aln.model.gz
CPU time for ModelFinder: 0.335 seconds (0h:0m:0s)
Wall-clock time for ModelFinder: 0.606 seconds (0h:0m:0s)
Generating 1000 samples for ultrafast bootstrap (seed: 392522)...

NOTE: 0 MB RAM (0 GB) is required!
Estimate model parameters (epsilon = 0.100)
1. Initial log-likelihood: -1486.683
Optimal log-likelihood: -1486.682
Rate parameters:  A-C: 3.72622  A-G: 7.94539  A-T: 1.00000  C-G: 3.72622  C-T: 7.94539  G-T: 1.00000
Base frequencies:  A: 0.329  C: 0.224  G: 0.247  T: 0.200
Parameters optimization took 1 rounds (0.001 sec)
Wrote distance file to... 
Computing ML distances based on estimated model parameters...
Calculating distance matrix: done in 0.000175953 secs using 96.62% CPU
Computing ML distances took 0.000228 sec (of wall-clock time) 0.000226 sec (of CPU time)
Setting up auxiliary I and S matrices: done in 4.1008e-05 secs using 92.66% CPU
Computing RapidNJ tree took 0.000138 sec (of wall-clock time) 0.000133 sec (of CPU time)
Log-likelihood of RapidNJ tree: -1486.682
--------------------------------------------------------------------
|             INITIALIZING CANDIDATE TREE SET                      |
--------------------------------------------------------------------
Generating 99 parsimony trees... 0.058 second
Computing log-likelihood of 41 initial trees ... 0.023 seconds
Current best score: -1486.682

Do NNI search on 20 best initial trees
Estimate model parameters (epsilon = 0.100)
BETTER TREE FOUND at iteration 1: -1486.682
Iteration 10 / LogL: -1486.695 / Time: 0h:0m:0s
Iteration 20 / LogL: -1486.716 / Time: 0h:0m:0s
Finish initializing candidate tree set (1)
Current best tree score: -1486.682 / CPU time: 0.171
Number of iterations: 20
--------------------------------------------------------------------
|               OPTIMIZING CANDIDATE TREE SET                      |
--------------------------------------------------------------------
Iteration 30 / LogL: -1486.684 / Time: 0h:0m:0s (0h:0m:0s left)
Iteration 40 / LogL: -1486.682 / Time: 0h:0m:1s (0h:0m:0s left)
Iteration 50 / LogL: -1486.682 / Time: 0h:0m:1s (0h:0m:0s left)
Log-likelihood cutoff on original alignment: -1511.854
Iteration 60 / LogL: -1486.682 / Time: 0h:0m:1s (0h:0m:0s left)
UPDATE BEST LOG-LIKELIHOOD: -1486.682
UPDATE BEST LOG-LIKELIHOOD: -1486.682
Iteration 70 / LogL: -1486.724 / Time: 0h:0m:1s (0h:0m:0s left)
Iteration 80 / LogL: -1486.682 / Time: 0h:0m:1s (0h:0m:0s left)
Iteration 90 / LogL: -1486.682 / Time: 0h:0m:1s (0h:0m:0s left)
Iteration 100 / LogL: -1487.170 / Time: 0h:0m:1s (0h:0m:0s left)
Log-likelihood cutoff on original alignment: -1511.150
NOTE: Bootstrap correlation coefficient of split occurrence frequencies: 1.000
TREE SEARCH COMPLETED AFTER 102 ITERATIONS / Time: 0h:0m:1s

--------------------------------------------------------------------
|                    FINALIZING TREE SEARCH                        |
--------------------------------------------------------------------
Performs final model parameters optimization
Estimate model parameters (epsilon = 0.010)
1. Initial log-likelihood: -1486.682
Optimal log-likelihood: -1486.682
Rate parameters:  A-C: 3.72872  A-G: 7.96007  A-T: 1.00000  C-G: 3.72872  C-T: 7.96007  G-T: 1.00000
Base frequencies:  A: 0.329  C: 0.224  G: 0.247  T: 0.200
Parameters optimization took 1 rounds (0.001 sec)
BEST SCORE FOUND : -1486.682
Creating bootstrap support values...
Split supports printed to NEXUS file per_gene_alignments_codon/LOC101397246_.aln.splits.nex
Total tree length: 0.402

Total number of iterations: 102
CPU time used for tree search: 0.966 sec (0h:0m:0s)
Wall-clock time used for tree search: 1.226 sec (0h:0m:1s)
Total CPU time used: 1.366 sec (0h:0m:1s)
Total wall-clock time used: 1.922 sec (0h:0m:1s)

Computing bootstrap consensus tree...
Reading input file per_gene_alignments_codon/LOC101397246_.aln.splits.nex...
7 taxa and 19 splits.
Consensus tree written to per_gene_alignments_codon/LOC101397246_.aln.contree
Reading input trees file per_gene_alignments_codon/LOC101397246_.aln.contree
Log-likelihood of consensus tree: -1486.682

Analysis results written to: 
  IQ-TREE report:                per_gene_alignments_codon/LOC101397246_.aln.iqtree
  Maximum-likelihood tree:       per_gene_alignments_codon/LOC101397246_.aln.treefile
  Likelihood distances:          per_gene_alignments_codon/LOC101397246_.aln.mldist

Ultrafast bootstrap approximation results written to:
  Split support values:          per_gene_alignments_codon/LOC101397246_.aln.splits.nex
  Consensus tree:                per_gene_alignments_codon/LOC101397246_.aln.contree
  Screen log file:               per_gene_alignments_codon/LOC101397246_.aln.log

Date and Time: Thu Oct 30 21:31:56 2025
