IQ-TREE multicore version 2.3.3 COVID-edition for Linux x86 64-bit built Apr 25 2024
Developed by Bui Quang Minh, James Barbetti, Nguyen Lam Tung, Olga Chernomor,
Heiko Schmidt, Dominik Schrempf, Michael Woodhams, Ly Trong Nhan, Thomas Wong

Host:    morpheus-OptiPlex-5050 (AVX2, FMA3, 503 GB RAM)
Command: iqtree2 -s per_gene_alignments_codon/LOC101399068_.aln.fna -m MFP -T 1 -B 1000 --prefix per_gene_alignments_codon/LOC101399068_.aln
Seed:    885684 (Using SPRNG - Scalable Parallel Random Number Generator)
Time:    Thu Oct 30 21:33:08 2025
Kernel:  AVX+FMA - 1 threads (72 CPU cores detected)

HINT: Use -nt option to specify number of threads because your CPU has 72 cores!
HINT: -nt AUTO will automatically determine the best number of threads to use.

Reading alignment file per_gene_alignments_codon/LOC101399068_.aln.fna ... Fasta format detected
Reading fasta file: done in 0.000341177 secs using 66.24% CPU
Alignment most likely contains DNA/RNA sequences
Alignment has 7 sequences with 1062 columns, 57 distinct patterns
34 parsimony-informative, 90 singleton sites, 938 constant sites
                     Gap/Ambiguity  Composition  p-value
Analyzing sequences: done in 1.50204e-05 secs using 59.92% CPU
   1  Ceratotherium_simum    0.00%    passed     99.32%
   2  Diceros_bicornis       0.00%    passed     98.06%
   3  Equus_asinus           0.00%    passed     99.78%
   4  Equus_quagga           0.00%    passed     99.78%
   5  Equus_caballus         0.00%    passed     99.54%
   6  Canis_lupus            0.00%    passed     70.58%
   7  Bos_taurus             0.85%    passed     99.77%
****  TOTAL                  0.12%  0 sequences failed composition chi2 test (p-value<5%; df=3)
NOTE: Equus_quagga is identical to Equus_asinus but kept for subsequent analysis


Create initial parsimony tree by phylogenetic likelihood library (PLL)... 0.000 seconds
Perform fast likelihood tree search using GTR+I+G model...
Estimate model parameters (epsilon = 5.000)
Perform nearest neighbor interchange...
Estimate model parameters (epsilon = 1.000)
1. Initial log-likelihood: -2178.605
Optimal log-likelihood: -2178.600
Rate parameters:  A-C: 0.52198  A-G: 3.37628  A-T: 0.50757  C-G: 0.77615  C-T: 5.97772  G-T: 1.00000
Base frequencies:  A: 0.268  C: 0.227  G: 0.262  T: 0.242
Proportion of invariable sites: 0.440
Gamma shape alpha: 1.362
Parameters optimization took 1 rounds (0.002 sec)
Time for fast ML tree search: 0.072 seconds

NOTE: ModelFinder requires 0 MB RAM!
ModelFinder will test up to 484 DNA models (sample size: 1062) ...
 No. Model         -LnL         df  AIC          AICc         BIC
  1  GTR+F         2182.923     19  4403.846     4404.575     4498.236
  2  GTR+F+I       2178.589     20  4397.178     4397.985     4496.536
  3  GTR+F+G4      2178.599     20  4397.198     4398.005     4496.556
  4  GTR+F+I+G4    2178.599     21  4399.199     4400.087     4503.525
  5  GTR+F+R2      2180.416     21  4402.832     4403.720     4507.158
  6  GTR+F+R3      2178.942     23  4403.885     4404.948     4518.147
 14  GTR+F+I+R2    2178.600     22  4401.200     4402.174     4510.494
 15  GTR+F+I+R3    2178.609     24  4405.217     4406.374     4524.447
 23  SYM           2184.856     16  4401.711     4402.232     4481.198
 24  SYM+I         2180.533     17  4395.067     4395.653     4479.521
 25  SYM+G4        2180.543     17  4395.085     4395.671     4479.539
 26  SYM+I+G4      2180.543     18  4397.085     4397.741     4486.508
 45  TVM+F         2185.893     18  4407.786     4408.442     4497.209
 46  TVM+F+I       2181.770     19  4401.539     4402.269     4495.930
 47  TVM+F+G4      2181.732     19  4401.465     4402.194     4495.855
 48  TVM+F+I+G4    2181.729     20  4403.458     4404.265     4502.816
 67  TVMe          2186.539     15  4403.078     4403.537     4477.597
 68  TVMe+I        2182.438     16  4396.877     4397.397     4476.363
 69  TVMe+G4       2182.410     16  4396.819     4397.340     4476.306
 70  TVMe+I+G4     2182.404     17  4398.809     4399.395     4483.263
 89  TIM3+F        2183.987     17  4401.974     4402.560     4486.428
 90  TIM3+F+I      2179.657     18  4395.315     4395.970     4484.737
 91  TIM3+F+G4     2179.665     18  4395.330     4395.986     4484.753
 92  TIM3+F+I+G4   2179.667     19  4397.335     4398.064     4491.725
111  TIM3e         2185.874     14  4399.749     4400.150     4469.300
112  TIM3e+I       2181.555     15  4393.110     4393.568     4467.628
113  TIM3e+G4      2181.559     15  4393.118     4393.577     4467.637
114  TIM3e+I+G4    2181.560     16  4395.119     4395.640     4474.606
133  TIM2+F        2183.043     17  4400.086     4400.672     4484.541
134  TIM2+F+I      2178.726     18  4393.452     4394.108     4482.875
135  TIM2+F+G4     2178.731     18  4393.462     4394.118     4482.885
136  TIM2+F+I+G4   2178.733     19  4395.465     4396.194     4489.855
155  TIM2e         2185.023     14  4398.046     4398.447     4467.596
156  TIM2e+I       2180.723     15  4391.445     4391.904     4465.964
157  TIM2e+G4      2180.724     15  4391.449     4391.908     4465.967
158  TIM2e+I+G4    2180.725     16  4393.449     4393.970     4472.936
177  TIM+F         2184.031     17  4402.062     4402.648     4486.516
178  TIM+F+I       2179.608     18  4395.217     4395.872     4484.639
179  TIM+F+G4      2179.628     18  4395.255     4395.911     4484.678
180  TIM+F+I+G4    2179.633     19  4397.267     4397.996     4491.657
199  TIMe          2185.966     14  4399.931     4400.332     4469.482
200  TIMe+I        2181.557     15  4393.114     4393.573     4467.633
201  TIMe+G4       2181.573     15  4393.146     4393.605     4467.665
202  TIMe+I+G4     2181.579     16  4395.157     4395.678     4474.644
221  TPM3u+F       2186.967     16  4405.933     4406.454     4485.420
222  TPM3u+F+I     2182.866     17  4399.732     4400.318     4484.186
223  TPM3u+F+G4    2182.826     17  4399.651     4400.237     4484.106
224  TPM3u+F+I+G4  2182.819     18  4401.638     4402.294     4491.060
243  TPM3          2187.566     13  4401.132     4401.480     4465.715
244  TPM3+I        2183.479     14  4394.957     4395.359     4464.508
245  TPM3+G4       2183.445     14  4394.889     4395.290     4464.440
246  TPM3+I+G4     2183.439     15  4396.879     4397.338     4471.397
265  TPM2u+F       2186.011     16  4404.022     4404.542     4483.508
266  TPM2u+F+I     2181.913     17  4397.825     4398.411     4482.280
267  TPM2u+F+G4    2181.870     17  4397.739     4398.325     4482.194
268  TPM2u+F+I+G4  2181.863     18  4399.725     4400.381     4489.148
287  TPM2          2186.706     13  4399.412     4399.759     4463.995
288  TPM2+I        2182.629     14  4393.259     4393.660     4462.810
289  TPM2+G4       2182.593     14  4393.185     4393.586     4462.736
290  TPM2+I+G4     2182.587     15  4395.174     4395.633     4469.692
309  K3Pu+F        2187.011     16  4406.021     4406.542     4485.508
310  K3Pu+F+I      2182.834     17  4399.667     4400.253     4484.122
311  K3Pu+F+G4     2182.803     17  4399.606     4400.192     4484.060
312  K3Pu+F+I+G4   2182.797     18  4401.594     4402.250     4491.017
331  K3P           2187.659     13  4401.317     4401.665     4465.900
332  K3P+I         2183.494     14  4394.988     4395.389     4464.539
333  K3P+G4        2183.470     14  4394.940     4395.341     4464.490
334  K3P+I+G4      2183.466     15  4396.931     4397.390     4471.450
353  TN+F          2184.084     16  4400.168     4400.689     4479.654
354  TN+F+I        2179.730     17  4393.459     4394.045     4477.914
355  TN+F+G4       2179.739     17  4393.478     4394.065     4477.933
356  TN+F+I+G4     2179.742     18  4395.483     4396.139     4484.906
375  TNe           2186.021     13  4398.041     4398.388     4462.624
376  TNe+I         2181.676     14  4391.352     4391.753     4460.903
377  TNe+G4        2181.682     14  4391.365     4391.766     4460.916
378  TNe+I+G4      2181.684     15  4393.369     4393.827     4467.887
397  HKY+F         2187.065     15  4404.130     4404.589     4478.649
398  HKY+F+I       2182.947     16  4397.894     4398.414     4477.380
399  HKY+F+G4      2182.906     16  4397.811     4398.332     4477.298
400  HKY+F+I+G4    2182.901     17  4399.801     4400.388     4484.256
419  K2P           2187.713     12  4399.426     4399.723     4459.041
420  K2P+I         2183.605     13  4393.210     4393.557     4457.793
421  K2P+G4        2183.572     13  4393.144     4393.491     4457.727
422  K2P+I+G4      2183.567     14  4395.133     4395.534     4464.684
441  F81+F         2232.683     14  4493.365     4493.767     4562.916
442  F81+F+I       2230.235     15  4490.469     4490.928     4564.988
443  F81+F+G4      2230.108     15  4490.216     4490.675     4564.734
444  F81+F+I+G4    2230.153     16  4492.306     4492.826     4571.792
463  JC            2233.751     11  4489.501     4489.753     4544.148
464  JC+I          2231.244     12  4486.488     4486.786     4546.103
465  JC+G4         2231.116     12  4486.232     4486.530     4545.847
466  JC+I+G4       2231.158     13  4488.316     4488.664     4552.899
Akaike Information Criterion:           TNe+I
Corrected Akaike Information Criterion: TNe+I
Bayesian Information Criterion:         K2P+G4
Best-fit model: K2P+G4 chosen according to BIC

All model information printed to per_gene_alignments_codon/LOC101399068_.aln.model.gz
CPU time for ModelFinder: 0.267 seconds (0h:0m:0s)
Wall-clock time for ModelFinder: 0.732 seconds (0h:0m:0s)
Generating 1000 samples for ultrafast bootstrap (seed: 885684)...

NOTE: 0 MB RAM (0 GB) is required!
Estimate model parameters (epsilon = 0.100)
1. Initial log-likelihood: -2183.572
Optimal log-likelihood: -2183.572
Rate parameters:  A-C: 1.00000  A-G: 6.36044  A-T: 1.00000  C-G: 1.00000  C-T: 6.36044  G-T: 1.00000
Base frequencies:  A: 0.250  C: 0.250  G: 0.250  T: 0.250
Gamma shape alpha: 0.331
Parameters optimization took 1 rounds (0.001 sec)
Wrote distance file to... 
Computing ML distances based on estimated model parameters...
Calculating distance matrix: done in 0.000622988 secs using 95.67% CPU
Computing ML distances took 0.000671 sec (of wall-clock time) 0.000651 sec (of CPU time)
Setting up auxiliary I and S matrices: done in 4.1008e-05 secs
Computing RapidNJ tree took 0.000124 sec (of wall-clock time) 0.000000 sec (of CPU time)
Log-likelihood of RapidNJ tree: -2183.572
--------------------------------------------------------------------
|             INITIALIZING CANDIDATE TREE SET                      |
--------------------------------------------------------------------
Generating 99 parsimony trees... 0.108 second
Computing log-likelihood of 40 initial trees ... 0.044 seconds
Current best score: -2183.572

Do NNI search on 20 best initial trees
Estimate model parameters (epsilon = 0.100)
BETTER TREE FOUND at iteration 1: -2183.572
Iteration 10 / LogL: -2183.612 / Time: 0h:0m:1s
Iteration 20 / LogL: -2183.607 / Time: 0h:0m:1s
Finish initializing candidate tree set (1)
Current best tree score: -2183.572 / CPU time: 0.318
Number of iterations: 20
--------------------------------------------------------------------
|               OPTIMIZING CANDIDATE TREE SET                      |
--------------------------------------------------------------------
UPDATE BEST LOG-LIKELIHOOD: -2183.572
Iteration 30 / LogL: -2183.581 / Time: 0h:0m:1s (0h:0m:1s left)
UPDATE BEST LOG-LIKELIHOOD: -2183.572
Iteration 40 / LogL: -2183.572 / Time: 0h:0m:1s (0h:0m:1s left)
Iteration 50 / LogL: -2183.578 / Time: 0h:0m:1s (0h:0m:1s left)
Log-likelihood cutoff on original alignment: -2208.911
Iteration 60 / LogL: -2183.581 / Time: 0h:0m:1s (0h:0m:0s left)
Iteration 70 / LogL: -2183.575 / Time: 0h:0m:2s (0h:0m:0s left)
Iteration 80 / LogL: -2183.590 / Time: 0h:0m:2s (0h:0m:0s left)
Iteration 90 / LogL: -2183.572 / Time: 0h:0m:2s (0h:0m:0s left)
Iteration 100 / LogL: -2183.581 / Time: 0h:0m:2s (0h:0m:0s left)
Log-likelihood cutoff on original alignment: -2208.911
NOTE: Bootstrap correlation coefficient of split occurrence frequencies: 1.000
TREE SEARCH COMPLETED AFTER 102 ITERATIONS / Time: 0h:0m:2s

--------------------------------------------------------------------
|                    FINALIZING TREE SEARCH                        |
--------------------------------------------------------------------
Performs final model parameters optimization
Estimate model parameters (epsilon = 0.010)
1. Initial log-likelihood: -2183.572
Optimal log-likelihood: -2183.572
Rate parameters:  A-C: 1.00000  A-G: 6.36124  A-T: 1.00000  C-G: 1.00000  C-T: 6.36124  G-T: 1.00000
Base frequencies:  A: 0.250  C: 0.250  G: 0.250  T: 0.250
Gamma shape alpha: 0.331
Parameters optimization took 1 rounds (0.001 sec)
BEST SCORE FOUND : -2183.572
Creating bootstrap support values...
Split supports printed to NEXUS file per_gene_alignments_codon/LOC101399068_.aln.splits.nex
Total tree length: 0.145

Total number of iterations: 102
CPU time used for tree search: 1.044 sec (0h:0m:1s)
Wall-clock time used for tree search: 1.951 sec (0h:0m:1s)
Total CPU time used: 1.365 sec (0h:0m:1s)
Total wall-clock time used: 2.792 sec (0h:0m:2s)

Computing bootstrap consensus tree...
Reading input file per_gene_alignments_codon/LOC101399068_.aln.splits.nex...
7 taxa and 25 splits.
Consensus tree written to per_gene_alignments_codon/LOC101399068_.aln.contree
Reading input trees file per_gene_alignments_codon/LOC101399068_.aln.contree
Log-likelihood of consensus tree: -2183.576

Analysis results written to: 
  IQ-TREE report:                per_gene_alignments_codon/LOC101399068_.aln.iqtree
  Maximum-likelihood tree:       per_gene_alignments_codon/LOC101399068_.aln.treefile
  Likelihood distances:          per_gene_alignments_codon/LOC101399068_.aln.mldist

Ultrafast bootstrap approximation results written to:
  Split support values:          per_gene_alignments_codon/LOC101399068_.aln.splits.nex
  Consensus tree:                per_gene_alignments_codon/LOC101399068_.aln.contree
  Screen log file:               per_gene_alignments_codon/LOC101399068_.aln.log

Date and Time: Thu Oct 30 21:33:12 2025
