IQ-TREE multicore version 2.3.3 COVID-edition for Linux x86 64-bit built Apr 25 2024
Developed by Bui Quang Minh, James Barbetti, Nguyen Lam Tung, Olga Chernomor,
Heiko Schmidt, Dominik Schrempf, Michael Woodhams, Ly Trong Nhan, Thomas Wong

Host:    morpheus-OptiPlex-5050 (AVX2, FMA3, 503 GB RAM)
Command: iqtree2 -s per_gene_alignments_codon/LOC101390758_.aln.fna -m MFP -T 1 -B 1000 --prefix per_gene_alignments_codon/LOC101390758_.aln
Seed:    898687 (Using SPRNG - Scalable Parallel Random Number Generator)
Time:    Thu Oct 30 21:27:27 2025
Kernel:  AVX+FMA - 1 threads (72 CPU cores detected)

HINT: Use -nt option to specify number of threads because your CPU has 72 cores!
HINT: -nt AUTO will automatically determine the best number of threads to use.

Reading alignment file per_gene_alignments_codon/LOC101390758_.aln.fna ... Fasta format detected
Reading fasta file: done in 0.0014708 secs using 49.9% CPU
Alignment most likely contains DNA/RNA sequences
Alignment has 7 sequences with 5676 columns, 242 distinct patterns
562 parsimony-informative, 586 singleton sites, 4528 constant sites
                     Gap/Ambiguity  Composition  p-value
Analyzing sequences: done in 2.5034e-05 secs
   1  Ceratotherium_simum    0.26%    passed     74.89%
   2  Diceros_bicornis       0.26%    passed     78.45%
   3  Equus_asinus           0.00%    passed     99.08%
   4  Equus_quagga           0.00%    passed     98.52%
   5  Equus_caballus         0.00%    passed     99.17%
   6  Canis_lupus            0.32%    passed     79.10%
   7  Bos_taurus             0.74%    passed     98.20%
****  TOTAL                  0.23%  0 sequences failed composition chi2 test (p-value<5%; df=3)


Create initial parsimony tree by phylogenetic likelihood library (PLL)... 0.000 seconds
Perform fast likelihood tree search using GTR+I+G model...
Estimate model parameters (epsilon = 5.000)
Perform nearest neighbor interchange...
Estimate model parameters (epsilon = 1.000)
1. Initial log-likelihood: -14209.156
Optimal log-likelihood: -14209.081
Rate parameters:  A-C: 0.68253  A-G: 3.92351  A-T: 0.35458  C-G: 0.75224  C-T: 5.56144  G-T: 1.00000
Base frequencies:  A: 0.196  C: 0.358  G: 0.307  T: 0.139
Proportion of invariable sites: 0.392
Gamma shape alpha: 0.701
Parameters optimization took 1 rounds (0.007 sec)
Time for fast ML tree search: 0.155 seconds

NOTE: ModelFinder requires 1 MB RAM!
ModelFinder will test up to 484 DNA models (sample size: 5676) ...
 No. Model         -LnL         df  AIC          AICc         BIC
  1  GTR+F         14363.307    19  28764.613    28764.747    28890.849
  2  GTR+F+I       14208.773    20  28457.545    28457.694    28590.426
  3  GTR+F+G4      14208.655    20  28457.311    28457.459    28590.191
  4  GTR+F+I+G4    14209.080    21  28460.160    28460.324    28599.684
  5  GTR+F+R2      14208.823    21  28459.647    28459.810    28599.171
  6  GTR+F+R3      14208.557    23  28463.113    28463.309    28615.925
 14  GTR+F+I+R2    14208.595    22  28461.191    28461.370    28607.359
 15  GTR+F+I+R3    14208.524    24  28465.047    28465.259    28624.503
 24  SYM+I         14627.211    17  29288.423    29288.531    29401.371
 25  SYM+G4        14625.918    17  29285.837    29285.945    29398.785
 26  SYM+I+G4      14625.533    18  29287.066    29287.187    29406.658
 27  SYM+R2        14627.127    18  29290.254    29290.375    29409.846
 46  TVM+F+I       14216.961    19  28471.922    28472.057    28598.158
 47  TVM+F+G4      14216.343    19  28470.686    28470.820    28596.922
 48  TVM+F+I+G4    14216.432    20  28472.864    28473.013    28605.744
 49  TVM+F+R2      14216.915    20  28473.830    28473.979    28606.710
 68  TVMe+I        14627.964    16  29287.929    29288.025    29394.233
 69  TVMe+G4       14626.512    16  29285.024    29285.120    29391.328
 70  TVMe+I+G4     14626.035    17  29286.071    29286.179    29399.019
 71  TVMe+R2       14627.872    17  29289.744    29289.852    29402.692
 90  TIM3+F+I      14214.430    18  28464.860    28464.981    28584.452
 91  TIM3+F+G4     14214.446    18  28464.891    28465.012    28584.483
 92  TIM3+F+I+G4   14214.930    19  28467.861    28467.995    28594.097
 93  TIM3+F+R2     14214.484    19  28466.967    28467.102    28593.203
112  TIM3e+I       14643.806    15  29317.612    29317.696    29417.272
113  TIM3e+G4      14642.994    15  29315.989    29316.074    29415.649
114  TIM3e+I+G4    14642.833    16  29317.667    29317.763    29423.971
115  TIM3e+R2      14643.816    16  29319.631    29319.728    29425.935
134  TIM2+F+I      14211.341    18  28458.682    28458.803    28578.274
135  TIM2+F+G4     14211.330    18  28458.660    28458.781    28578.252
136  TIM2+F+I+G4   14211.808    19  28461.615    28461.750    28587.851
137  TIM2+F+R2     14211.403    19  28460.806    28460.941    28587.043
156  TIM2e+I       14646.101    15  29322.201    29322.286    29421.861
157  TIM2e+G4      14645.086    15  29320.172    29320.257    29419.832
158  TIM2e+I+G4    14644.837    16  29321.675    29321.771    29427.979
159  TIM2e+R2      14646.014    16  29324.028    29324.124    29430.332
178  TIM+F+I       14214.305    18  28464.610    28464.731    28584.202
179  TIM+F+G4      14214.298    18  28464.596    28464.717    28584.188
180  TIM+F+I+G4    14214.753    19  28467.505    28467.640    28593.741
181  TIM+F+R2      14214.340    19  28466.679    28466.814    28592.915
200  TIMe+I        14658.292    15  29346.585    29346.670    29446.245
201  TIMe+G4       14657.742    15  29345.484    29345.569    29445.144
202  TIMe+I+G4     14657.678    16  29347.355    29347.452    29453.659
203  TIMe+R2       14658.359    16  29348.718    29348.814    29455.022
222  TPM3u+F+I     14222.441    17  28478.882    28478.990    28591.830
223  TPM3u+F+G4    14221.951    17  28477.903    28478.011    28590.851
224  TPM3u+F+I+G4  14222.090    18  28480.180    28480.301    28599.772
225  TPM3u+F+R2    14222.412    18  28480.824    28480.945    28600.416
244  TPM3+I        14644.712    14  29317.424    29317.499    29410.440
245  TPM3+G4       14643.740    14  29315.480    29315.555    29408.496
246  TPM3+I+G4     14643.464    15  29316.928    29317.012    29416.588
247  TPM3+R2       14644.682    15  29319.365    29319.449    29419.025
266  TPM2u+F+I     14219.525    17  28473.051    28473.159    28585.999
267  TPM2u+F+G4    14219.022    17  28472.043    28472.152    28584.992
268  TPM2u+F+I+G4  14219.164    18  28474.328    28474.449    28593.920
269  TPM2u+F+R2    14219.499    18  28474.999    28475.120    28594.591
288  TPM2+I        14646.666    14  29321.333    29321.407    29414.349
289  TPM2+G4       14645.497    14  29318.995    29319.069    29412.011
290  TPM2+I+G4     14645.189    15  29320.378    29320.462    29420.038
291  TPM2+R2       14646.621    15  29323.242    29323.327    29422.902
310  K3Pu+F+I      14222.258    17  28478.516    28478.624    28591.464
311  K3Pu+F+G4     14221.732    17  28477.465    28477.573    28590.413
312  K3Pu+F+I+G4   14221.854    18  28479.708    28479.829    28599.300
313  K3Pu+F+R2     14222.216    18  28480.432    28480.553    28600.024
332  K3P+I         14658.959    14  29345.918    29345.993    29438.934
333  K3P+G4        14658.255    14  29344.510    29344.584    29437.526
334  K3P+I+G4      14658.131    15  29346.262    29346.347    29445.923
335  K3P+R2        14658.925    15  29347.849    29347.934    29447.509
354  TN+F+I        14214.455    17  28462.910    28463.018    28575.858
355  TN+F+G4       14214.469    17  28462.939    28463.047    28575.887
356  TN+F+I+G4     14214.951    18  28465.903    28466.024    28585.495
357  TN+F+R2       14214.494    18  28464.987    28465.108    28584.579
376  TNe+I         14660.408    14  29348.815    29348.890    29441.832
377  TNe+G4        14659.808    14  29347.615    29347.690    29440.631
378  TNe+I+G4      14659.705    15  29349.410    29349.494    29449.070
379  TNe+R2        14660.443    15  29350.886    29350.970    29450.546
398  HKY+F+I       14222.444    16  28476.888    28476.984    28583.192
399  HKY+F+G4      14221.951    16  28475.902    28475.998    28582.206
400  HKY+F+I+G4    14222.092    17  28478.183    28478.291    28591.131
401  HKY+F+R2      14222.405    17  28478.810    28478.918    28591.758
420  K2P+I         14661.082    13  29348.163    29348.228    29434.535
421  K2P+G4        14660.326    13  29346.651    29346.715    29433.023
422  K2P+I+G4      14660.164    14  29348.327    29348.401    29441.343
423  K2P+R2        14661.096    14  29350.192    29350.266    29443.208
442  F81+F+I       14660.867    15  29351.734    29351.818    29451.394
443  F81+F+G4      14661.646    15  29353.292    29353.377    29452.952
444  F81+F+I+G4    14661.915    16  29355.830    29355.926    29462.134
445  F81+F+R2      14661.020    16  29354.041    29354.137    29460.345
464  JC+I          15014.733    12  30053.465    30053.521    30133.193
465  JC+G4         15015.274    12  30054.548    30054.603    30134.276
466  JC+I+G4       15015.430    13  30056.859    30056.923    30143.231
467  JC+R2         15014.870    13  30055.740    30055.805    30142.112
Akaike Information Criterion:           GTR+F+G4
Corrected Akaike Information Criterion: GTR+F+G4
Bayesian Information Criterion:         TN+F+I
Best-fit model: TN+F+I chosen according to BIC

All model information printed to per_gene_alignments_codon/LOC101390758_.aln.model.gz
CPU time for ModelFinder: 2.115 seconds (0h:0m:2s)
Wall-clock time for ModelFinder: 2.661 seconds (0h:0m:2s)
Generating 1000 samples for ultrafast bootstrap (seed: 898687)...

NOTE: 1 MB RAM (0 GB) is required!
Estimate model parameters (epsilon = 0.100)
1. Initial log-likelihood: -14214.455
Optimal log-likelihood: -14214.452
Rate parameters:  A-C: 1.00000  A-G: 5.15421  A-T: 1.00000  C-G: 1.00000  C-T: 7.33932  G-T: 1.00000
Base frequencies:  A: 0.196  C: 0.358  G: 0.307  T: 0.139
Proportion of invariable sites: 0.643
Parameters optimization took 1 rounds (0.001 sec)
Wrote distance file to... 
Computing ML distances based on estimated model parameters...
Calculating distance matrix: done in 0.000210047 secs using 98.07% CPU
Computing ML distances took 0.000275 sec (of wall-clock time) 0.000278 sec (of CPU time)
Setting up auxiliary I and S matrices: done in 4.29153e-05 secs using 95.54% CPU
Computing RapidNJ tree took 0.000130 sec (of wall-clock time) 0.000130 sec (of CPU time)
Log-likelihood of RapidNJ tree: -14214.452
--------------------------------------------------------------------
|             INITIALIZING CANDIDATE TREE SET                      |
--------------------------------------------------------------------
Generating 99 parsimony trees... 0.129 second
Computing log-likelihood of 34 initial trees ... 0.023 seconds
Current best score: -14214.452

Do NNI search on 20 best initial trees
Estimate model parameters (epsilon = 0.100)
BETTER TREE FOUND at iteration 1: -14214.452
Iteration 10 / LogL: -14216.360 / Time: 0h:0m:2s
Iteration 20 / LogL: -14214.702 / Time: 0h:0m:3s
Finish initializing candidate tree set (1)
Current best tree score: -14214.452 / CPU time: 0.330
Number of iterations: 20
--------------------------------------------------------------------
|               OPTIMIZING CANDIDATE TREE SET                      |
--------------------------------------------------------------------
Iteration 30 / LogL: -14214.476 / Time: 0h:0m:3s (0h:0m:1s left)
UPDATE BEST LOG-LIKELIHOOD: -14214.452
Iteration 40 / LogL: -14214.506 / Time: 0h:0m:3s (0h:0m:0s left)
Iteration 50 / LogL: -14214.452 / Time: 0h:0m:3s (0h:0m:0s left)
Log-likelihood cutoff on original alignment: -14236.212
Iteration 60 / LogL: -14214.452 / Time: 0h:0m:3s (0h:0m:0s left)
Iteration 70 / LogL: -14215.120 / Time: 0h:0m:3s (0h:0m:0s left)
Iteration 80 / LogL: -14214.506 / Time: 0h:0m:3s (0h:0m:0s left)
Iteration 90 / LogL: -14219.552 / Time: 0h:0m:3s (0h:0m:0s left)
Iteration 100 / LogL: -14215.064 / Time: 0h:0m:4s (0h:0m:0s left)
Log-likelihood cutoff on original alignment: -14236.212
NOTE: Bootstrap correlation coefficient of split occurrence frequencies: 1.000
TREE SEARCH COMPLETED AFTER 102 ITERATIONS / Time: 0h:0m:4s

--------------------------------------------------------------------
|                    FINALIZING TREE SEARCH                        |
--------------------------------------------------------------------
Performs final model parameters optimization
Estimate model parameters (epsilon = 0.010)
1. Initial log-likelihood: -14214.452
Optimal log-likelihood: -14214.451
Rate parameters:  A-C: 1.00000  A-G: 5.14290  A-T: 1.00000  C-G: 1.00000  C-T: 7.32595  G-T: 1.00000
Base frequencies:  A: 0.196  C: 0.358  G: 0.307  T: 0.139
Proportion of invariable sites: 0.643
Parameters optimization took 1 rounds (0.001 sec)
BEST SCORE FOUND : -14214.451
Creating bootstrap support values...
Split supports printed to NEXUS file per_gene_alignments_codon/LOC101390758_.aln.splits.nex
Total tree length: 0.336

Total number of iterations: 102
CPU time used for tree search: 1.084 sec (0h:0m:1s)
Wall-clock time used for tree search: 1.346 sec (0h:0m:1s)
Total CPU time used: 3.280 sec (0h:0m:3s)
Total wall-clock time used: 4.124 sec (0h:0m:4s)

Computing bootstrap consensus tree...
Reading input file per_gene_alignments_codon/LOC101390758_.aln.splits.nex...
7 taxa and 15 splits.
Consensus tree written to per_gene_alignments_codon/LOC101390758_.aln.contree
Reading input trees file per_gene_alignments_codon/LOC101390758_.aln.contree
Log-likelihood of consensus tree: -14214.451

Analysis results written to: 
  IQ-TREE report:                per_gene_alignments_codon/LOC101390758_.aln.iqtree
  Maximum-likelihood tree:       per_gene_alignments_codon/LOC101390758_.aln.treefile
  Likelihood distances:          per_gene_alignments_codon/LOC101390758_.aln.mldist

Ultrafast bootstrap approximation results written to:
  Split support values:          per_gene_alignments_codon/LOC101390758_.aln.splits.nex
  Consensus tree:                per_gene_alignments_codon/LOC101390758_.aln.contree
  Screen log file:               per_gene_alignments_codon/LOC101390758_.aln.log

Date and Time: Thu Oct 30 21:27:32 2025
