IQ-TREE multicore version 2.3.3 COVID-edition for Linux x86 64-bit built Apr 25 2024
Developed by Bui Quang Minh, James Barbetti, Nguyen Lam Tung, Olga Chernomor,
Heiko Schmidt, Dominik Schrempf, Michael Woodhams, Ly Trong Nhan, Thomas Wong

Host:    morpheus-OptiPlex-5050 (AVX2, FMA3, 503 GB RAM)
Command: iqtree2 -s per_gene_alignments_codon/LOC101391886_.aln.fna -m MFP -T 1 -B 1000 --prefix per_gene_alignments_codon/LOC101391886_.aln
Seed:    387199 (Using SPRNG - Scalable Parallel Random Number Generator)
Time:    Thu Oct 30 21:28:15 2025
Kernel:  AVX+FMA - 1 threads (72 CPU cores detected)

HINT: Use -nt option to specify number of threads because your CPU has 72 cores!
HINT: -nt AUTO will automatically determine the best number of threads to use.

Reading alignment file per_gene_alignments_codon/LOC101391886_.aln.fna ... Fasta format detected
Reading fasta file: done in 0.000272036 secs using 99.25% CPU
Alignment most likely contains DNA/RNA sequences
Alignment has 7 sequences with 816 columns, 39 distinct patterns
32 parsimony-informative, 32 singleton sites, 752 constant sites
                     Gap/Ambiguity  Composition  p-value
Analyzing sequences: done in 1.38283e-05 secs using 94.01% CPU
   1  Ceratotherium_simum    0.00%    passed     99.89%
   2  Diceros_bicornis       0.00%    passed     99.72%
   3  Equus_asinus           0.00%    passed     99.43%
   4  Equus_quagga           0.00%    passed     99.43%
   5  Equus_caballus         0.00%    passed     99.43%
   6  Canis_lupus            0.00%    passed     97.50%
   7  Bos_taurus             0.00%    passed     99.19%
****  TOTAL                  0.00%  0 sequences failed composition chi2 test (p-value<5%; df=3)
NOTE: Equus_quagga is identical to Equus_asinus but kept for subsequent analysis
NOTE: 1 identical sequences (see below) will be ignored for subsequent analysis
NOTE: Equus_caballus (identical to Equus_asinus) is ignored but added at the end
Alignment was printed to per_gene_alignments_codon/LOC101391886_.aln.uniqueseq.phy

For your convenience alignment with unique sequences printed to per_gene_alignments_codon/LOC101391886_.aln.uniqueseq.phy


Create initial parsimony tree by phylogenetic likelihood library (PLL)... 0.000 seconds
Perform fast likelihood tree search using GTR+I+G model...
Estimate model parameters (epsilon = 5.000)
Perform nearest neighbor interchange...
Estimate model parameters (epsilon = 1.000)
1. Initial log-likelihood: -1533.943
Optimal log-likelihood: -1533.937
Rate parameters:  A-C: 0.32735  A-G: 1.80925  A-T: 0.21305  C-G: 0.37004  C-T: 4.97323  G-T: 1.00000
Base frequencies:  A: 0.248  C: 0.270  G: 0.248  T: 0.234
Proportion of invariable sites: 0.458
Gamma shape alpha: 0.313
Parameters optimization took 1 rounds (0.002 sec)
Time for fast ML tree search: 0.109 seconds

NOTE: ModelFinder requires 0 MB RAM!
ModelFinder will test up to 484 DNA models (sample size: 816) ...
 No. Model         -LnL         df  AIC          AICc         BIC
  1  GTR+F         1542.358     17  3118.716     3119.483     3198.691
  2  GTR+F+I       1534.086     18  3104.172     3105.030     3188.851
  3  GTR+F+G4      1534.264     18  3104.527     3105.386     3189.207
  4  GTR+F+I+G4    1533.937     19  3105.875     3106.829     3195.258
  5  GTR+F+R2      1539.321     19  3116.642     3117.597     3206.026
  6  GTR+F+R3      1534.771     21  3111.541     3112.705     3210.334
 14  GTR+F+I+R2    1534.779     20  3109.558     3110.614     3203.646
 15  GTR+F+I+R3    1534.035     22  3112.070     3113.347     3215.567
 23  SYM           1543.180     14  3114.359     3114.884     3180.221
 24  SYM+I         1535.068     15  3100.137     3100.737     3170.703
 25  SYM+G4        1535.219     15  3100.438     3101.038     3171.004
 26  SYM+I+G4      1534.924     16  3101.848     3102.529     3177.119
 45  TVM+F         1547.155     16  3126.309     3126.990     3201.580
 46  TVM+F+I       1538.352     17  3110.704     3111.471     3190.679
 47  TVM+F+G4      1538.708     17  3111.417     3112.184     3191.392
 48  TVM+F+I+G4    1538.327     18  3112.653     3113.512     3197.333
 67  TVMe          1548.106     13  3122.213     3122.667     3183.370
 68  TVMe+I        1539.395     14  3106.791     3107.315     3172.653
 69  TVMe+G4       1539.732     14  3107.464     3107.988     3173.325
 70  TVMe+I+G4     1539.375     15  3108.750     3109.350     3179.316
 89  TIM3+F        1544.384     15  3118.768     3119.368     3189.334
 90  TIM3+F+I      1535.868     16  3103.735     3104.416     3179.006
 91  TIM3+F+G4     1536.106     16  3104.211     3104.892     3179.482
 92  TIM3+F+I+G4   1535.658     17  3105.316     3106.083     3185.291
111  TIM3e         1545.209     12  3114.419     3114.807     3170.872
112  TIM3e+I       1536.863     13  3099.725     3100.179     3160.883
113  TIM3e+G4      1537.069     13  3100.137     3100.591     3161.294
114  TIM3e+I+G4    1536.660     14  3101.321     3101.845     3167.183
133  TIM2+F        1543.137     15  3116.274     3116.874     3186.840
134  TIM2+F+I      1534.994     16  3101.988     3102.669     3177.258
135  TIM2+F+G4     1535.157     16  3102.314     3102.995     3177.584
136  TIM2+F+I+G4   1534.859     17  3103.719     3104.486     3183.694
155  TIM2e         1543.850     12  3111.700     3112.088     3168.153
156  TIM2e+I       1535.820     13  3097.641     3098.095     3158.798
157  TIM2e+G4      1535.962     13  3097.925     3098.379     3159.082
158  TIM2e+I+G4    1535.685     14  3099.370     3099.895     3165.232
177  TIM+F         1544.004     15  3118.008     3118.608     3188.574
178  TIM+F+I       1535.560     16  3103.121     3103.802     3178.391
179  TIM+F+G4      1535.782     16  3103.564     3104.245     3178.834
180  TIM+F+I+G4    1535.385     17  3104.770     3105.537     3184.745
199  TIMe          1544.723     12  3113.446     3113.835     3169.899
200  TIMe+I        1536.405     13  3098.810     3099.264     3159.967
201  TIMe+G4       1536.601     13  3099.202     3099.656     3160.359
202  TIMe+I+G4     1536.224     14  3100.448     3100.973     3166.310
221  TPM3u+F       1549.183     14  3126.366     3126.890     3192.228
222  TPM3u+F+I     1540.122     15  3110.244     3110.844     3180.810
223  TPM3u+F+G4    1540.561     15  3111.121     3111.721     3181.688
224  TPM3u+F+I+G4  1540.048     16  3112.097     3112.778     3187.367
243  TPM3          1550.140     11  3122.280     3122.609     3174.029
244  TPM3+I        1541.174     12  3106.347     3106.736     3162.800
245  TPM3+G4       1541.589     12  3107.177     3107.566     3163.630
246  TPM3+I+G4     1541.105     13  3108.209     3108.663     3169.367
265  TPM2u+F       1547.932     14  3123.864     3124.389     3189.726
266  TPM2u+F+I     1539.289     15  3108.578     3109.178     3179.144
267  TPM2u+F+G4    1539.609     15  3109.218     3109.818     3179.784
268  TPM2u+F+I+G4  1539.275     16  3110.550     3111.231     3185.821
287  TPM2          1548.777     11  3119.554     3119.882     3171.302
288  TPM2+I        1540.194     12  3104.388     3104.777     3160.841
289  TPM2+G4       1540.499     12  3104.998     3105.386     3161.451
290  TPM2+I+G4     1540.181     13  3106.362     3106.816     3167.520
309  K3Pu+F        1548.799     14  3125.598     3126.122     3191.459
310  K3Pu+F+I      1539.753     15  3109.506     3110.106     3180.072
311  K3Pu+F+G4     1540.189     15  3110.377     3110.977     3180.943
312  K3Pu+F+I+G4   1539.697     16  3111.394     3112.075     3186.665
331  K3P           1549.650     11  3121.300     3121.629     3173.049
332  K3P+I         1540.682     12  3105.364     3105.752     3161.817
333  K3P+G4        1541.096     12  3106.192     3106.581     3162.645
334  K3P+I+G4      1540.625     13  3107.250     3107.704     3168.407
353  TN+F          1544.692     14  3117.384     3117.909     3183.246
354  TN+F+I        1536.298     15  3102.597     3103.197     3173.163
355  TN+F+G4       1536.516     15  3103.031     3103.631     3173.597
356  TN+F+I+G4     1536.122     16  3104.244     3104.925     3179.515
375  TNe           1545.411     11  3112.823     3113.151     3164.572
376  TNe+I         1537.138     12  3098.276     3098.664     3154.729
377  TNe+G4        1537.330     12  3098.660     3099.049     3155.113
378  TNe+I+G4      1536.960     13  3099.920     3100.374     3161.077
397  HKY+F         1549.490     13  3124.980     3125.434     3186.137
398  HKY+F+I       1540.532     14  3109.065     3109.589     3174.927
399  HKY+F+G4      1540.945     14  3109.889     3110.413     3175.751
400  HKY+F+I+G4    1540.480     15  3110.960     3111.560     3181.526
419  K2P           1550.341     10  3120.681     3120.955     3167.725
420  K2P+I         1541.450     11  3104.899     3105.228     3156.648
421  K2P+G4        1541.843     11  3105.687     3106.015     3157.435
422  K2P+I+G4      1541.397     12  3106.794     3107.182     3163.247
441  F81+F         1576.653     12  3177.306     3177.694     3233.759
442  F81+F+I       1568.987     13  3163.974     3164.428     3225.131
443  F81+F+G4      1569.090     13  3164.180     3164.633     3225.337
444  F81+F+I+G4    1569.031     14  3166.061     3166.586     3231.923
463  JC            1577.422     9   3172.845     3173.068     3215.185
464  JC+I          1569.814     10  3159.629     3159.902     3206.673
465  JC+G4         1569.908     10  3159.816     3160.089     3206.860
466  JC+I+G4       1569.859     11  3161.718     3162.047     3213.467
Akaike Information Criterion:           TIM2e+I
Corrected Akaike Information Criterion: TIM2e+I
Bayesian Information Criterion:         TNe+I
Best-fit model: TNe+I chosen according to BIC

All model information printed to per_gene_alignments_codon/LOC101391886_.aln.model.gz
CPU time for ModelFinder: 0.311 seconds (0h:0m:0s)
Wall-clock time for ModelFinder: 0.710 seconds (0h:0m:0s)
Generating 1000 samples for ultrafast bootstrap (seed: 387199)...

NOTE: 0 MB RAM (0 GB) is required!
Estimate model parameters (epsilon = 0.100)
1. Initial log-likelihood: -1537.138
Optimal log-likelihood: -1537.138
Rate parameters:  A-C: 1.00000  A-G: 3.87762  A-T: 1.00000  C-G: 1.00000  C-T: 10.56367  G-T: 1.00000
Base frequencies:  A: 0.250  C: 0.250  G: 0.250  T: 0.250
Proportion of invariable sites: 0.791
Parameters optimization took 1 rounds (0.001 sec)
Wrote distance file to... 
Computing ML distances based on estimated model parameters...
Calculating distance matrix: done in 0.000170946 secs using 98.86% CPU
Computing ML distances took 0.000218 sec (of wall-clock time) 0.000225 sec (of CPU time)
Setting up auxiliary I and S matrices: done in 4.60148e-05 secs using 193.4% CPU
Computing RapidNJ tree took 0.000131 sec (of wall-clock time) 0.000256 sec (of CPU time)
Log-likelihood of RapidNJ tree: -1537.138
--------------------------------------------------------------------
|             INITIALIZING CANDIDATE TREE SET                      |
--------------------------------------------------------------------
Generating 99 parsimony trees... 0.025 second
Computing log-likelihood of 6 initial trees ... 0.001 seconds
Current best score: -1537.138

Do NNI search on 7 best initial trees
Finish initializing candidate tree set (7)
Current best tree score: -1537.138 / CPU time: 0.044
Number of iterations: 7
--------------------------------------------------------------------
|               OPTIMIZING CANDIDATE TREE SET                      |
--------------------------------------------------------------------
Iteration 10 / LogL: -1537.159 / Time: 0h:0m:0s
Iteration 20 / LogL: -1537.224 / Time: 0h:0m:0s
Iteration 30 / LogL: -1537.159 / Time: 0h:0m:0s (0h:0m:0s left)
Iteration 40 / LogL: -1537.175 / Time: 0h:0m:1s (0h:0m:0s left)
UPDATE BEST LOG-LIKELIHOOD: -1537.138
Iteration 50 / LogL: -1537.138 / Time: 0h:0m:1s (0h:0m:0s left)
Log-likelihood cutoff on original alignment: -1553.514
Iteration 60 / LogL: -1537.142 / Time: 0h:0m:1s (0h:0m:0s left)
Iteration 70 / LogL: -1537.141 / Time: 0h:0m:1s (0h:0m:0s left)
Iteration 80 / LogL: -1537.211 / Time: 0h:0m:1s (0h:0m:0s left)
Iteration 90 / LogL: -1537.143 / Time: 0h:0m:1s (0h:0m:0s left)
Iteration 100 / LogL: -1537.138 / Time: 0h:0m:1s (0h:0m:0s left)
Log-likelihood cutoff on original alignment: -1553.592
NOTE: Bootstrap correlation coefficient of split occurrence frequencies: 1.000
TREE SEARCH COMPLETED AFTER 101 ITERATIONS / Time: 0h:0m:1s

--------------------------------------------------------------------
|                    FINALIZING TREE SEARCH                        |
--------------------------------------------------------------------
Performs final model parameters optimization
Estimate model parameters (epsilon = 0.010)
1. Initial log-likelihood: -1537.138
Optimal log-likelihood: -1537.138
Rate parameters:  A-C: 1.00000  A-G: 3.88180  A-T: 1.00000  C-G: 1.00000  C-T: 10.56417  G-T: 1.00000
Base frequencies:  A: 0.250  C: 0.250  G: 0.250  T: 0.250
Proportion of invariable sites: 0.791
Parameters optimization took 1 rounds (0.001 sec)
BEST SCORE FOUND : -1537.138
Creating bootstrap support values...
Split supports printed to NEXUS file per_gene_alignments_codon/LOC101391886_.aln.splits.nex
Total tree length: 0.106

Total number of iterations: 101
CPU time used for tree search: 0.910 sec (0h:0m:0s)
Wall-clock time used for tree search: 1.156 sec (0h:0m:1s)
Total CPU time used: 1.285 sec (0h:0m:1s)
Total wall-clock time used: 1.951 sec (0h:0m:1s)

Computing bootstrap consensus tree...
Reading input file per_gene_alignments_codon/LOC101391886_.aln.splits.nex...
6 taxa and 14 splits.
Consensus tree written to per_gene_alignments_codon/LOC101391886_.aln.contree
Reading input trees file per_gene_alignments_codon/LOC101391886_.aln.contree
Log-likelihood of consensus tree: -1537.140

Analysis results written to: 
  IQ-TREE report:                per_gene_alignments_codon/LOC101391886_.aln.iqtree
  Maximum-likelihood tree:       per_gene_alignments_codon/LOC101391886_.aln.treefile
  Likelihood distances:          per_gene_alignments_codon/LOC101391886_.aln.mldist

Ultrafast bootstrap approximation results written to:
  Split support values:          per_gene_alignments_codon/LOC101391886_.aln.splits.nex
  Consensus tree:                per_gene_alignments_codon/LOC101391886_.aln.contree
  Screen log file:               per_gene_alignments_codon/LOC101391886_.aln.log

Date and Time: Thu Oct 30 21:28:17 2025
