IQ-TREE multicore version 2.3.3 COVID-edition for Linux x86 64-bit built Apr 25 2024
Developed by Bui Quang Minh, James Barbetti, Nguyen Lam Tung, Olga Chernomor,
Heiko Schmidt, Dominik Schrempf, Michael Woodhams, Ly Trong Nhan, Thomas Wong

Host:    morpheus-OptiPlex-5050 (AVX2, FMA3, 503 GB RAM)
Command: iqtree2 -s per_gene_alignments_codon/LOC101404095_.aln.fna -m MFP -T 1 -B 1000 --prefix per_gene_alignments_codon/LOC101404095_.aln
Seed:    633683 (Using SPRNG - Scalable Parallel Random Number Generator)
Time:    Thu Oct 30 21:36:37 2025
Kernel:  AVX+FMA - 1 threads (72 CPU cores detected)

HINT: Use -nt option to specify number of threads because your CPU has 72 cores!
HINT: -nt AUTO will automatically determine the best number of threads to use.

Reading alignment file per_gene_alignments_codon/LOC101404095_.aln.fna ... Fasta format detected
Reading fasta file: done in 0.000435114 secs using 49.87% CPU
Alignment most likely contains DNA/RNA sequences
Alignment has 7 sequences with 1437 columns, 122 distinct patterns
157 parsimony-informative, 177 singleton sites, 1103 constant sites
                     Gap/Ambiguity  Composition  p-value
Analyzing sequences: done in 1.88351e-05 secs using 90.26% CPU
   1  Ceratotherium_simum    0.00%    passed     89.84%
   2  Diceros_bicornis       0.00%    passed     84.92%
   3  Equus_asinus           0.00%    passed     87.16%
   4  Equus_quagga           0.00%    passed     84.01%
   5  Equus_caballus         0.00%    passed     90.03%
   6  Canis_lupus            0.00%    passed     89.57%
   7  Bos_taurus             1.25%    passed     67.52%
****  TOTAL                  0.18%  0 sequences failed composition chi2 test (p-value<5%; df=3)


Create initial parsimony tree by phylogenetic likelihood library (PLL)... 0.000 seconds
Perform fast likelihood tree search using GTR+I+G model...
Estimate model parameters (epsilon = 5.000)
Perform nearest neighbor interchange...
Estimate model parameters (epsilon = 1.000)
1. Initial log-likelihood: -3859.643
Optimal log-likelihood: -3859.598
Rate parameters:  A-C: 2.29004  A-G: 6.50002  A-T: 0.69594  C-G: 1.56461  C-T: 6.37406  G-T: 1.00000
Base frequencies:  A: 0.262  C: 0.205  G: 0.235  T: 0.298
Proportion of invariable sites: 0.378
Gamma shape alpha: 0.926
Parameters optimization took 1 rounds (0.003 sec)
Time for fast ML tree search: 0.045 seconds

NOTE: ModelFinder requires 0 MB RAM!
ModelFinder will test up to 484 DNA models (sample size: 1437) ...
 No. Model         -LnL         df  AIC          AICc         BIC
  1  GTR+F         3893.675     19  7825.351     7825.887     7925.487
  2  GTR+F+I       3858.983     20  7757.967     7758.560     7863.373
  3  GTR+F+G4      3859.437     20  7758.874     7759.468     7864.281
  4  GTR+F+I+G4    3859.570     21  7761.139     7761.792     7871.816
  5  GTR+F+R2      3859.131     21  7760.262     7760.915     7870.938
  6  GTR+F+R3      3859.138     23  7764.275     7765.056     7885.492
 14  GTR+F+I+R2    3859.328     22  7762.655     7763.371     7878.602
 15  GTR+F+I+R3    3859.229     24  7766.457     7767.307     7892.945
 24  SYM+I         3878.478     17  7790.956     7791.387     7880.551
 25  SYM+G4        3878.749     17  7791.499     7791.930     7881.094
 26  SYM+I+G4      3878.795     18  7793.590     7794.073     7888.456
 27  SYM+R2        3878.658     18  7793.317     7793.799     7888.182
 46  TVM+F+I       3859.021     19  7756.041     7756.578     7856.177
 47  TVM+F+G4      3859.451     19  7756.902     7757.438     7857.038
 48  TVM+F+I+G4    3859.573     20  7759.146     7759.739     7864.552
 49  TVM+F+R2      3859.165     20  7758.330     7758.923     7863.736
 68  TVMe+I        3878.656     16  7789.312     7789.695     7873.637
 69  TVMe+G4       3878.857     16  7789.713     7790.096     7874.038
 70  TVMe+I+G4     3878.875     17  7791.751     7792.182     7881.346
 71  TVMe+R2       3878.821     17  7791.642     7792.074     7881.238
 90  TIM3+F+I      3859.920     18  7755.841     7756.323     7850.706
 91  TIM3+F+G4     3860.209     18  7756.418     7756.900     7851.284
 92  TIM3+F+I+G4   3860.307     19  7758.614     7759.150     7858.750
 93  TIM3+F+R2     3860.048     19  7758.096     7758.632     7858.232
112  TIM3e+I       3879.468     15  7788.935     7789.273     7867.990
113  TIM3e+G4      3879.630     15  7789.260     7789.597     7868.314
114  TIM3e+I+G4    3879.658     16  7791.317     7791.700     7875.642
115  TIM3e+R2      3879.576     16  7791.152     7791.535     7875.477
134  TIM2+F+I      3867.204     18  7770.408     7770.891     7865.274
135  TIM2+F+G4     3867.491     18  7770.982     7771.465     7865.848
136  TIM2+F+I+G4   3867.546     19  7773.093     7773.629     7873.229
137  TIM2+F+R2     3867.343     19  7772.686     7773.222     7872.822
156  TIM2e+I       3882.464     15  7794.928     7795.266     7873.983
157  TIM2e+G4      3882.492     15  7794.984     7795.321     7874.038
158  TIM2e+I+G4    3882.474     16  7796.947     7797.330     7881.272
159  TIM2e+R2      3882.607     16  7797.214     7797.597     7881.539
178  TIM+F+I       3865.863     18  7767.727     7768.209     7862.593
179  TIM+F+G4      3866.359     18  7768.718     7769.200     7863.583
180  TIM+F+I+G4    3866.468     19  7770.936     7771.472     7871.072
181  TIM+F+R2      3866.027     19  7770.054     7770.591     7870.190
200  TIMe+I        3881.799     15  7793.598     7793.936     7872.653
201  TIMe+G4       3881.990     15  7793.980     7794.318     7873.035
202  TIMe+I+G4     3882.003     16  7796.007     7796.390     7880.332
203  TIMe+R2       3881.970     16  7795.940     7796.323     7880.265
222  TPM3u+F+I     3859.958     17  7753.915     7754.346     7843.510
223  TPM3u+F+G4    3860.219     17  7754.437     7754.869     7844.033
224  TPM3u+F+I+G4  3860.312     18  7756.624     7757.106     7851.489
225  TPM3u+F+R2    3860.070     18  7756.140     7756.622     7851.006
244  TPM3+I        3879.657     14  7787.314     7787.609     7861.098
245  TPM3+G4       3879.755     14  7787.510     7787.805     7861.294
246  TPM3+I+G4     3879.763     15  7789.527     7789.864     7868.581
247  TPM3+R2       3879.805     15  7789.611     7789.949     7868.666
266  TPM2u+F+I     3867.275     17  7768.550     7768.982     7858.146
267  TPM2u+F+G4    3867.526     17  7769.052     7769.483     7858.647
268  TPM2u+F+I+G4  3867.572     18  7771.145     7771.627     7866.010
269  TPM2u+F+R2    3867.403     18  7770.806     7771.288     7865.671
288  TPM2+I        3882.639     14  7793.277     7793.573     7867.062
289  TPM2+G4       3882.599     14  7793.199     7793.494     7866.983
290  TPM2+I+G4     3882.572     15  7795.144     7795.482     7874.198
291  TPM2+R2       3882.765     15  7795.530     7795.867     7874.584
310  K3Pu+F+I      3865.949     17  7765.898     7766.330     7855.494
311  K3Pu+F+G4     3866.402     17  7766.804     7767.235     7856.399
312  K3Pu+F+I+G4   3866.500     18  7768.999     7769.482     7863.865
313  K3Pu+F+R2     3866.099     18  7768.198     7768.681     7863.064
332  K3P+I         3881.989     14  7791.977     7792.273     7865.762
333  K3P+G4        3882.108     14  7792.216     7792.511     7866.000
334  K3P+I+G4      3882.111     15  7794.221     7794.559     7873.276
335  K3P+R2        3882.140     15  7794.281     7794.618     7873.335
354  TN+F+I        3867.238     17  7768.475     7768.907     7858.071
355  TN+F+G4       3867.541     17  7769.081     7769.513     7858.677
356  TN+F+I+G4     3867.608     18  7771.216     7771.698     7866.082
357  TN+F+R2       3867.368     18  7770.737     7771.219     7865.603
376  TNe+I         3882.720     14  7793.441     7793.736     7867.225
377  TNe+G4        3882.785     14  7793.570     7793.865     7867.354
378  TNe+I+G4      3882.780     15  7795.560     7795.898     7874.615
379  TNe+R2        3882.867     15  7795.733     7796.071     7874.788
398  HKY+F+I       3867.314     16  7766.629     7767.012     7850.954
399  HKY+F+G4      3867.578     16  7767.157     7767.540     7851.482
400  HKY+F+I+G4    3867.635     17  7769.270     7769.701     7858.865
401  HKY+F+R2      3867.438     17  7768.876     7769.307     7858.471
420  K2P+I         3882.911     13  7791.822     7792.078     7860.336
421  K2P+G4        3882.904     13  7791.807     7792.063     7860.321
422  K2P+I+G4      3882.886     14  7793.772     7794.068     7867.557
423  K2P+R2        3883.042     14  7794.083     7794.379     7867.868
442  F81+F+I       3967.219     15  7964.439     7964.777     8043.494
443  F81+F+G4      3967.367     15  7964.733     7965.071     8043.788
444  F81+F+I+G4    3967.328     16  7966.655     7967.038     8050.980
445  F81+F+R2      3967.355     16  7966.709     7967.092     8051.034
464  JC+I          3977.874     12  7979.748     7979.967     8042.991
465  JC+G4         3977.940     12  7979.879     7980.099     8043.123
466  JC+I+G4       3977.905     13  7981.809     7982.065     8050.323
467  JC+R2         3977.981     13  7981.961     7982.217     8050.476
Akaike Information Criterion:           TPM3u+F+I
Corrected Akaike Information Criterion: TPM3u+F+I
Bayesian Information Criterion:         TPM3u+F+I
Best-fit model: TPM3u+F+I chosen according to BIC

All model information printed to per_gene_alignments_codon/LOC101404095_.aln.model.gz
CPU time for ModelFinder: 1.294 seconds (0h:0m:1s)
Wall-clock time for ModelFinder: 2.716 seconds (0h:0m:2s)
Generating 1000 samples for ultrafast bootstrap (seed: 633683)...

NOTE: 0 MB RAM (0 GB) is required!
Estimate model parameters (epsilon = 0.100)
1. Initial log-likelihood: -3859.958
Optimal log-likelihood: -3859.957
Rate parameters:  A-C: 2.39667  A-G: 7.86005  A-T: 1.00000  C-G: 2.39667  C-T: 7.86005  G-T: 1.00000
Base frequencies:  A: 0.262  C: 0.205  G: 0.235  T: 0.298
Proportion of invariable sites: 0.609
Parameters optimization took 1 rounds (0.001 sec)
Wrote distance file to... 
Computing ML distances based on estimated model parameters...
Calculating distance matrix: done in 0.000180006 secs using 100% CPU
Computing ML distances took 0.000245 sec (of wall-clock time) 0.000250 sec (of CPU time)
Setting up auxiliary I and S matrices: done in 5.19753e-05 secs using 98.12% CPU
Computing RapidNJ tree took 0.000149 sec (of wall-clock time) 0.000149 sec (of CPU time)
Log-likelihood of RapidNJ tree: -3859.957
--------------------------------------------------------------------
|             INITIALIZING CANDIDATE TREE SET                      |
--------------------------------------------------------------------
Generating 99 parsimony trees... 0.078 second
Computing log-likelihood of 43 initial trees ... 0.033 seconds
Current best score: -3859.957

Do NNI search on 20 best initial trees
Estimate model parameters (epsilon = 0.100)
BETTER TREE FOUND at iteration 1: -3859.957
Iteration 10 / LogL: -3860.017 / Time: 0h:0m:2s
Iteration 20 / LogL: -3859.962 / Time: 0h:0m:3s
Finish initializing candidate tree set (1)
Current best tree score: -3859.957 / CPU time: 0.245
Number of iterations: 20
--------------------------------------------------------------------
|               OPTIMIZING CANDIDATE TREE SET                      |
--------------------------------------------------------------------
WARNING: NNI search needs unusual large number of steps (7) to converge!
Iteration 30 / LogL: -3859.993 / Time: 0h:0m:3s (0h:0m:0s left)
Iteration 40 / LogL: -3859.957 / Time: 0h:0m:3s (0h:0m:0s left)
Iteration 50 / LogL: -3860.011 / Time: 0h:0m:3s (0h:0m:0s left)
Log-likelihood cutoff on original alignment: -3883.962
Iteration 60 / LogL: -3859.993 / Time: 0h:0m:3s (0h:0m:0s left)
Iteration 70 / LogL: -3860.023 / Time: 0h:0m:3s (0h:0m:0s left)
Iteration 80 / LogL: -3914.823 / Time: 0h:0m:3s (0h:0m:0s left)
Iteration 90 / LogL: -3859.985 / Time: 0h:0m:3s (0h:0m:0s left)
Iteration 100 / LogL: -3860.015 / Time: 0h:0m:3s (0h:0m:0s left)
Log-likelihood cutoff on original alignment: -3883.737
NOTE: Bootstrap correlation coefficient of split occurrence frequencies: 1.000
TREE SEARCH COMPLETED AFTER 102 ITERATIONS / Time: 0h:0m:3s

--------------------------------------------------------------------
|                    FINALIZING TREE SEARCH                        |
--------------------------------------------------------------------
Performs final model parameters optimization
Estimate model parameters (epsilon = 0.010)
1. Initial log-likelihood: -3859.957
Optimal log-likelihood: -3859.957
Rate parameters:  A-C: 2.39599  A-G: 7.85831  A-T: 1.00000  C-G: 2.39599  C-T: 7.85831  G-T: 1.00000
Base frequencies:  A: 0.262  C: 0.205  G: 0.235  T: 0.298
Proportion of invariable sites: 0.609
Parameters optimization took 1 rounds (0.001 sec)
BEST SCORE FOUND : -3859.957
Creating bootstrap support values...
Split supports printed to NEXUS file per_gene_alignments_codon/LOC101404095_.aln.splits.nex
Total tree length: 0.387

Total number of iterations: 102
CPU time used for tree search: 1.036 sec (0h:0m:1s)
Wall-clock time used for tree search: 1.084 sec (0h:0m:1s)
Total CPU time used: 2.392 sec (0h:0m:2s)
Total wall-clock time used: 3.897 sec (0h:0m:3s)

Computing bootstrap consensus tree...
Reading input file per_gene_alignments_codon/LOC101404095_.aln.splits.nex...
7 taxa and 16 splits.
Consensus tree written to per_gene_alignments_codon/LOC101404095_.aln.contree
Reading input trees file per_gene_alignments_codon/LOC101404095_.aln.contree
Log-likelihood of consensus tree: -3859.957

Analysis results written to: 
  IQ-TREE report:                per_gene_alignments_codon/LOC101404095_.aln.iqtree
  Maximum-likelihood tree:       per_gene_alignments_codon/LOC101404095_.aln.treefile
  Likelihood distances:          per_gene_alignments_codon/LOC101404095_.aln.mldist

Ultrafast bootstrap approximation results written to:
  Split support values:          per_gene_alignments_codon/LOC101404095_.aln.splits.nex
  Consensus tree:                per_gene_alignments_codon/LOC101404095_.aln.contree
  Screen log file:               per_gene_alignments_codon/LOC101404095_.aln.log

Date and Time: Thu Oct 30 21:36:41 2025
