IQ-TREE multicore version 2.3.3 COVID-edition for Linux x86 64-bit built Apr 25 2024
Developed by Bui Quang Minh, James Barbetti, Nguyen Lam Tung, Olga Chernomor,
Heiko Schmidt, Dominik Schrempf, Michael Woodhams, Ly Trong Nhan, Thomas Wong

Host:    morpheus-OptiPlex-5050 (AVX2, FMA3, 503 GB RAM)
Command: iqtree2 -s per_gene_alignments_codon/LOC101390316_.aln.fna -m MFP -T 1 -B 1000 --prefix per_gene_alignments_codon/LOC101390316_.aln
Seed:    642620 (Using SPRNG - Scalable Parallel Random Number Generator)
Time:    Thu Oct 30 21:27:08 2025
Kernel:  AVX+FMA - 1 threads (72 CPU cores detected)

HINT: Use -nt option to specify number of threads because your CPU has 72 cores!
HINT: -nt AUTO will automatically determine the best number of threads to use.

Reading alignment file per_gene_alignments_codon/LOC101390316_.aln.fna ... Fasta format detected
Reading fasta file: done in 0.000761986 secs
Alignment most likely contains DNA/RNA sequences
Alignment has 7 sequences with 2796 columns, 127 distinct patterns
138 parsimony-informative, 264 singleton sites, 2394 constant sites
                     Gap/Ambiguity  Composition  p-value
Analyzing sequences: done in 2.09808e-05 secs using 95.33% CPU
   1  Ceratotherium_simum    0.00%    passed     99.44%
   2  Diceros_bicornis       2.58%    passed     62.66%
   3  Equus_asinus           0.00%    passed     99.86%
   4  Equus_quagga           0.00%    passed     99.91%
   5  Equus_caballus         0.00%    passed     99.87%
   6  Canis_lupus            0.00%    passed     56.62%
   7  Bos_taurus             0.21%    passed     94.76%
****  TOTAL                  0.40%  0 sequences failed composition chi2 test (p-value<5%; df=3)


Create initial parsimony tree by phylogenetic likelihood library (PLL)... 0.000 seconds
Perform fast likelihood tree search using GTR+I+G model...
Estimate model parameters (epsilon = 5.000)
Perform nearest neighbor interchange...
Estimate model parameters (epsilon = 1.000)
1. Initial log-likelihood: -6253.381
Optimal log-likelihood: -6253.371
Rate parameters:  A-C: 1.98364  A-G: 6.21332  A-T: 0.85060  C-G: 3.34697  C-T: 10.14321  G-T: 1.00000
Base frequencies:  A: 0.296  C: 0.209  G: 0.235  T: 0.260
Proportion of invariable sites: 0.427
Gamma shape alpha: 1.734
Parameters optimization took 1 rounds (0.002 sec)
Time for fast ML tree search: 0.149 seconds

NOTE: ModelFinder requires 0 MB RAM!
ModelFinder will test up to 484 DNA models (sample size: 2796) ...
 No. Model         -LnL         df  AIC          AICc         BIC
  1  GTR+F         6273.028     19  12584.056    12584.329    12696.839
  2  GTR+F+I       6252.933     20  12545.866    12546.169    12664.585
  3  GTR+F+G4      6253.354     20  12546.709    12547.012    12665.428
  4  GTR+F+I+G4    6253.355     21  12548.709    12549.042    12673.364
  5  GTR+F+R2      6255.667     21  12553.333    12553.666    12677.988
  6  GTR+F+R3      6253.666     23  12553.332    12553.730    12689.859
 14  GTR+F+I+R2    6253.238     22  12550.477    12550.842    12681.068
 15  GTR+F+I+R3    6253.336     24  12554.671    12555.104    12697.134
 24  SYM+I         6275.070     17  12584.140    12584.360    12685.051
 25  SYM+G4        6275.406     17  12584.812    12585.033    12685.723
 26  SYM+I+G4      6275.418     18  12586.836    12587.083    12693.683
 46  TVM+F+I       6260.094     19  12558.187    12558.461    12670.970
 47  TVM+F+G4      6260.495     19  12558.990    12559.264    12671.773
 48  TVM+F+I+G4    6260.527     20  12561.053    12561.356    12679.772
 68  TVMe+I        6278.790     16  12589.579    12589.775    12684.555
 69  TVMe+G4       6279.130     16  12590.260    12590.456    12685.235
 70  TVMe+I+G4     6279.154     17  12592.307    12592.527    12693.218
 90  TIM3+F+I      6255.830     18  12547.659    12547.906    12654.506
 91  TIM3+F+G4     6256.250     18  12548.499    12548.745    12655.346
 92  TIM3+F+I+G4   6256.256     19  12550.512    12550.785    12663.295
112  TIM3e+I       6276.612     15  12583.223    12583.396    12672.262
113  TIM3e+G4      6276.963     15  12583.925    12584.098    12672.965
114  TIM3e+I+G4    6276.969     16  12585.938    12586.134    12680.913
134  TIM2+F+I      6266.668     18  12569.336    12569.582    12676.183
135  TIM2+F+G4     6267.042     18  12570.085    12570.331    12676.932
136  TIM2+F+I+G4   6267.056     19  12572.113    12572.387    12684.896
156  TIM2e+I       6285.078     15  12600.156    12600.329    12689.195
157  TIM2e+G4      6285.377     15  12600.753    12600.926    12689.793
158  TIM2e+I+G4    6285.403     16  12602.806    12603.001    12697.781
178  TIM+F+I       6269.003     18  12574.006    12574.252    12680.853
179  TIM+F+G4      6269.355     18  12574.710    12574.956    12681.557
180  TIM+F+I+G4    6269.366     19  12576.732    12577.006    12689.515
200  TIMe+I        6285.865     15  12601.730    12601.903    12690.769
201  TIMe+G4       6286.146     15  12602.292    12602.465    12691.332
202  TIMe+I+G4     6286.170     16  12604.339    12604.535    12699.314
222  TPM3u+F+I     6263.044     17  12560.088    12560.308    12660.999
223  TPM3u+F+G4    6263.461     17  12560.922    12561.142    12661.833
224  TPM3u+F+I+G4  6263.481     18  12562.961    12563.208    12669.808
244  TPM3+I        6280.325     14  12588.650    12588.801    12671.753
245  TPM3+G4       6280.681     14  12589.361    12589.512    12672.464
246  TPM3+I+G4     6280.696     15  12591.393    12591.566    12680.432
266  TPM2u+F+I     6273.620     17  12581.241    12581.461    12682.152
267  TPM2u+F+G4    6273.997     17  12581.994    12582.215    12682.905
268  TPM2u+F+I+G4  6274.027     18  12584.055    12584.301    12690.902
288  TPM2+I        6288.796     14  12605.591    12605.742    12688.694
289  TPM2+G4       6289.104     14  12606.209    12606.360    12689.312
290  TPM2+I+G4     6289.133     15  12608.266    12608.439    12697.305
310  K3Pu+F+I      6276.017     17  12586.035    12586.255    12686.946
311  K3Pu+F+G4     6276.377     17  12586.755    12586.975    12687.666
312  K3Pu+F+I+G4   6276.402     18  12588.803    12589.050    12695.650
332  K3P+I         6289.573     14  12607.145    12607.296    12690.249
333  K3P+G4        6289.861     14  12607.722    12607.873    12690.825
334  K3P+I+G4      6289.889     15  12609.777    12609.950    12698.817
354  TN+F+I        6269.314     17  12572.627    12572.847    12673.538
355  TN+F+G4       6269.676     17  12573.352    12573.572    12674.263
356  TN+F+I+G4     6269.690     18  12575.379    12575.626    12682.226
376  TNe+I         6286.339     14  12600.677    12600.828    12683.780
377  TNe+G4        6286.625     14  12601.251    12601.402    12684.354
378  TNe+I+G4      6286.650     15  12603.301    12603.473    12692.340
398  HKY+F+I       6276.334     16  12584.669    12584.864    12679.644
399  HKY+F+G4      6276.700     16  12585.401    12585.597    12680.376
400  HKY+F+I+G4    6276.726     17  12587.453    12587.673    12688.364
420  K2P+I         6290.048     13  12606.097    12606.228    12683.264
421  K2P+G4        6290.342     13  12606.685    12606.816    12683.852
422  K2P+I+G4      6290.372     14  12608.743    12608.894    12691.846
442  F81+F+I       6396.557     15  12823.114    12823.287    12912.153
443  F81+F+G4      6397.030     15  12824.061    12824.233    12913.100
444  F81+F+I+G4    6396.923     16  12825.846    12826.042    12920.821
464  JC+I          6409.464     12  12842.928    12843.040    12914.159
465  JC+G4         6409.889     12  12843.779    12843.891    12915.010
466  JC+I+G4       6409.807     13  12845.615    12845.746    12922.782
Akaike Information Criterion:           GTR+F+I
Corrected Akaike Information Criterion: GTR+F+I
Bayesian Information Criterion:         TIM3+F+I
Best-fit model: TIM3+F+I chosen according to BIC

All model information printed to per_gene_alignments_codon/LOC101390316_.aln.model.gz
CPU time for ModelFinder: 0.487 seconds (0h:0m:0s)
Wall-clock time for ModelFinder: 1.876 seconds (0h:0m:1s)
Generating 1000 samples for ultrafast bootstrap (seed: 642620)...

NOTE: 0 MB RAM (0 GB) is required!
Estimate model parameters (epsilon = 0.100)
1. Initial log-likelihood: -6255.830
Optimal log-likelihood: -6255.829
Rate parameters:  A-C: 2.71043  A-G: 6.55914  A-T: 1.00000  C-G: 2.71043  C-T: 10.64670  G-T: 1.00000
Base frequencies:  A: 0.296  C: 0.209  G: 0.235  T: 0.260
Proportion of invariable sites: 0.587
Parameters optimization took 1 rounds (0.001 sec)
Wrote distance file to... 
Computing ML distances based on estimated model parameters...
Calculating distance matrix: done in 0.000190973 secs using 98.97% CPU
Computing ML distances took 0.000239 sec (of wall-clock time) 0.000245 sec (of CPU time)
Setting up auxiliary I and S matrices: done in 5.10216e-05 secs using 98% CPU
Computing RapidNJ tree took 0.000145 sec (of wall-clock time) 0.000145 sec (of CPU time)
Log-likelihood of RapidNJ tree: -6255.832
--------------------------------------------------------------------
|             INITIALIZING CANDIDATE TREE SET                      |
--------------------------------------------------------------------
Generating 99 parsimony trees... 0.215 second
Computing log-likelihood of 54 initial trees ... 0.041 seconds
Current best score: -6255.829

Do NNI search on 20 best initial trees
Estimate model parameters (epsilon = 0.100)
BETTER TREE FOUND at iteration 1: -6255.829
Iteration 10 / LogL: -6255.829 / Time: 0h:0m:2s
Iteration 20 / LogL: -6255.829 / Time: 0h:0m:2s
Finish initializing candidate tree set (1)
Current best tree score: -6255.829 / CPU time: 0.349
Number of iterations: 20
--------------------------------------------------------------------
|               OPTIMIZING CANDIDATE TREE SET                      |
--------------------------------------------------------------------
UPDATE BEST LOG-LIKELIHOOD: -6255.829
UPDATE BEST LOG-LIKELIHOOD: -6255.829
Iteration 30 / LogL: -6255.829 / Time: 0h:0m:2s (0h:0m:1s left)
UPDATE BEST LOG-LIKELIHOOD: -6255.829
UPDATE BEST LOG-LIKELIHOOD: -6255.829
Iteration 40 / LogL: -6255.829 / Time: 0h:0m:2s (0h:0m:0s left)
Iteration 50 / LogL: -6255.829 / Time: 0h:0m:2s (0h:0m:0s left)
Log-likelihood cutoff on original alignment: -6264.041
Iteration 60 / LogL: -6255.829 / Time: 0h:0m:2s (0h:0m:0s left)
Iteration 70 / LogL: -6255.830 / Time: 0h:0m:2s (0h:0m:0s left)
Iteration 80 / LogL: -6255.829 / Time: 0h:0m:2s (0h:0m:0s left)
WARNING: NNI search needs unusual large number of steps (7) to converge!
Iteration 90 / LogL: -6255.829 / Time: 0h:0m:2s (0h:0m:0s left)
Iteration 100 / LogL: -6255.829 / Time: 0h:0m:3s (0h:0m:0s left)
Log-likelihood cutoff on original alignment: -6264.041
NOTE: Bootstrap correlation coefficient of split occurrence frequencies: 0.993
TREE SEARCH COMPLETED AFTER 102 ITERATIONS / Time: 0h:0m:3s

--------------------------------------------------------------------
|                    FINALIZING TREE SEARCH                        |
--------------------------------------------------------------------
Performs final model parameters optimization
Estimate model parameters (epsilon = 0.010)
1. Initial log-likelihood: -6255.829
Optimal log-likelihood: -6255.829
Rate parameters:  A-C: 2.71287  A-G: 6.55568  A-T: 1.00000  C-G: 2.71287  C-T: 10.66036  G-T: 1.00000
Base frequencies:  A: 0.296  C: 0.209  G: 0.235  T: 0.260
Proportion of invariable sites: 0.587
Parameters optimization took 1 rounds (0.001 sec)
BEST SCORE FOUND : -6255.829
Creating bootstrap support values...
Split supports printed to NEXUS file per_gene_alignments_codon/LOC101390316_.aln.splits.nex
Total tree length: 0.184

Total number of iterations: 102
CPU time used for tree search: 0.904 sec (0h:0m:0s)
Wall-clock time used for tree search: 1.028 sec (0h:0m:1s)
Total CPU time used: 1.456 sec (0h:0m:1s)
Total wall-clock time used: 3.089 sec (0h:0m:3s)

Computing bootstrap consensus tree...
Reading input file per_gene_alignments_codon/LOC101390316_.aln.splits.nex...
7 taxa and 13 splits.
Consensus tree written to per_gene_alignments_codon/LOC101390316_.aln.contree
Reading input trees file per_gene_alignments_codon/LOC101390316_.aln.contree
Log-likelihood of consensus tree: -6255.832

Analysis results written to: 
  IQ-TREE report:                per_gene_alignments_codon/LOC101390316_.aln.iqtree
  Maximum-likelihood tree:       per_gene_alignments_codon/LOC101390316_.aln.treefile
  Likelihood distances:          per_gene_alignments_codon/LOC101390316_.aln.mldist

Ultrafast bootstrap approximation results written to:
  Split support values:          per_gene_alignments_codon/LOC101390316_.aln.splits.nex
  Consensus tree:                per_gene_alignments_codon/LOC101390316_.aln.contree
  Screen log file:               per_gene_alignments_codon/LOC101390316_.aln.log

Date and Time: Thu Oct 30 21:27:12 2025
