IQ-TREE multicore version 2.3.3 COVID-edition for Linux x86 64-bit built Apr 25 2024
Developed by Bui Quang Minh, James Barbetti, Nguyen Lam Tung, Olga Chernomor,
Heiko Schmidt, Dominik Schrempf, Michael Woodhams, Ly Trong Nhan, Thomas Wong

Host:    morpheus-OptiPlex-5050 (AVX2, FMA3, 503 GB RAM)
Command: iqtree2 -s per_gene_alignments_codon/LOC101388209_.aln.fna -m MFP -T 1 -B 1000 --prefix per_gene_alignments_codon/LOC101388209_.aln
Seed:    221989 (Using SPRNG - Scalable Parallel Random Number Generator)
Time:    Thu Oct 30 21:25:37 2025
Kernel:  AVX+FMA - 1 threads (72 CPU cores detected)

HINT: Use -nt option to specify number of threads because your CPU has 72 cores!
HINT: -nt AUTO will automatically determine the best number of threads to use.

Reading alignment file per_gene_alignments_codon/LOC101388209_.aln.fna ... Fasta format detected
Reading fasta file: done in 0.000457048 secs using 49.89% CPU
Alignment most likely contains DNA/RNA sequences
Alignment has 7 sequences with 1503 columns, 120 distinct patterns
121 parsimony-informative, 173 singleton sites, 1209 constant sites
                     Gap/Ambiguity  Composition  p-value
Analyzing sequences: done in 2.5034e-05 secs using 91.88% CPU
   1  Ceratotherium_simum    6.99%    passed     98.17%
   2  Diceros_bicornis       0.00%    passed     71.82%
   3  Equus_asinus           0.00%    passed     98.12%
   4  Equus_quagga           0.00%    passed     98.07%
   5  Equus_caballus         0.00%    passed     99.54%
   6  Canis_lupus            0.00%    passed     91.89%
   7  Bos_taurus             1.60%    passed     16.96%
****  TOTAL                  1.23%  0 sequences failed composition chi2 test (p-value<5%; df=3)


Create initial parsimony tree by phylogenetic likelihood library (PLL)... 0.000 seconds
Perform fast likelihood tree search using GTR+I+G model...
Estimate model parameters (epsilon = 5.000)
Perform nearest neighbor interchange...
Estimate model parameters (epsilon = 1.000)
1. Initial log-likelihood: -3716.477
Optimal log-likelihood: -3716.473
Rate parameters:  A-C: 2.04713  A-G: 9.01706  A-T: 1.40608  C-G: 2.49034  C-T: 8.60110  G-T: 1.00000
Base frequencies:  A: 0.158  C: 0.393  G: 0.318  T: 0.131
Proportion of invariable sites: 0.397
Gamma shape alpha: 1.173
Parameters optimization took 1 rounds (0.002 sec)
Time for fast ML tree search: 0.059 seconds

NOTE: ModelFinder requires 0 MB RAM!
ModelFinder will test up to 484 DNA models (sample size: 1503) ...
 No. Model         -LnL         df  AIC          AICc         BIC
  1  GTR+F         3743.415     19  7524.830     7525.342     7625.819
  2  GTR+F+I       3716.821     20  7473.641     7474.208     7579.946
  3  GTR+F+G4      3716.500     20  7473.000     7473.567     7579.304
  4  GTR+F+I+G4    3716.513     21  7475.027     7475.651     7586.646
  5  GTR+F+R2      3716.979     21  7475.958     7476.582     7587.578
  6  GTR+F+R3      3716.545     23  7479.090     7479.836     7601.340
 14  GTR+F+I+R2    3716.618     22  7477.236     7477.919     7594.171
 15  GTR+F+I+R3    3716.521     24  7481.041     7481.853     7608.607
 24  SYM+I         3870.425     17  7774.850     7775.262     7865.209
 25  SYM+G4        3869.164     17  7772.328     7772.740     7862.687
 26  SYM+I+G4      3869.398     18  7774.796     7775.257     7870.470
 27  SYM+R2        3870.255     18  7776.510     7776.971     7872.184
 46  TVM+F+I       3716.824     19  7471.649     7472.161     7572.638
 47  TVM+F+G4      3716.486     19  7470.972     7471.484     7571.961
 48  TVM+F+I+G4    3716.501     20  7473.002     7473.569     7579.306
 49  TVM+F+R2      3716.989     20  7473.978     7474.545     7580.282
 68  TVMe+I        3870.765     16  7773.529     7773.896     7858.573
 69  TVMe+G4       3869.478     16  7770.955     7771.321     7855.999
 70  TVMe+I+G4     3869.717     17  7773.435     7773.847     7863.793
 71  TVMe+R2       3870.566     17  7775.131     7775.543     7865.490
 90  TIM3+F+I      3717.163     18  7470.327     7470.788     7566.001
 91  TIM3+F+G4     3716.868     18  7469.736     7470.197     7565.410
 92  TIM3+F+I+G4   3716.892     19  7471.784     7472.297     7572.773
 93  TIM3+F+R2     3717.288     19  7472.577     7473.089     7573.566
112  TIM3e+I       3876.982     15  7783.964     7784.287     7863.692
113  TIM3e+G4      3875.819     15  7781.638     7781.961     7861.366
114  TIM3e+I+G4    3876.034     16  7784.067     7784.433     7869.111
115  TIM3e+R2      3876.837     16  7785.674     7786.040     7870.717
134  TIM2+F+I      3720.430     18  7476.860     7477.321     7572.534
135  TIM2+F+G4     3720.399     18  7476.798     7477.259     7572.472
136  TIM2+F+I+G4   3720.455     19  7478.909     7479.421     7579.898
137  TIM2+F+R2     3720.619     19  7479.238     7479.751     7580.227
156  TIM2e+I       3890.129     15  7810.258     7810.580     7889.986
157  TIM2e+G4      3889.349     15  7808.698     7809.021     7888.426
158  TIM2e+I+G4    3889.487     16  7810.975     7811.341     7896.018
159  TIM2e+R2      3890.110     16  7812.219     7812.585     7897.263
178  TIM+F+I       3719.102     18  7474.203     7474.664     7569.877
179  TIM+F+G4      3718.967     18  7473.935     7474.396     7569.609
180  TIM+F+I+G4    3718.989     19  7475.979     7476.491     7576.968
181  TIM+F+R2      3719.268     19  7476.535     7477.048     7577.524
200  TIMe+I        3885.627     15  7801.253     7801.576     7880.982
201  TIMe+G4       3884.842     15  7799.683     7800.006     7879.412
202  TIMe+I+G4     3884.952     16  7801.903     7802.270     7886.947
203  TIMe+R2       3885.585     16  7803.171     7803.537     7888.214
222  TPM3u+F+I     3717.172     17  7468.344     7468.756     7558.702
223  TPM3u+F+G4    3716.887     17  7467.774     7468.186     7558.133
224  TPM3u+F+I+G4  3716.916     18  7469.832     7470.293     7565.506
225  TPM3u+F+R2    3717.301     18  7470.601     7471.062     7566.275
244  TPM3+I        3877.255     14  7782.511     7782.793     7856.924
245  TPM3+G4       3876.064     14  7780.129     7780.411     7854.542
246  TPM3+I+G4     3876.281     15  7782.563     7782.885     7862.291
247  TPM3+R2       3877.102     15  7784.204     7784.527     7863.932
266  TPM2u+F+I     3720.431     17  7474.861     7475.273     7565.220
267  TPM2u+F+G4    3720.409     17  7474.817     7475.229     7565.176
268  TPM2u+F+I+G4  3720.467     18  7476.934     7477.395     7572.608
269  TPM2u+F+R2    3720.609     18  7477.218     7477.679     7572.892
288  TPM2+I        3890.570     14  7809.139     7809.421     7883.552
289  TPM2+G4       3889.818     14  7807.636     7807.918     7882.049
290  TPM2+I+G4     3889.958     15  7809.916     7810.239     7889.644
291  TPM2+R2       3890.552     15  7811.103     7811.426     7890.832
310  K3Pu+F+I      3719.104     17  7472.208     7472.620     7562.567
311  K3Pu+F+G4     3718.982     17  7471.963     7472.375     7562.322
312  K3Pu+F+I+G4   3719.007     18  7474.014     7474.475     7569.688
313  K3Pu+F+R2     3719.263     18  7474.526     7474.987     7570.200
332  K3P+I         3886.025     14  7800.050     7800.332     7874.463
333  K3P+G4        3885.243     14  7798.487     7798.769     7872.900
334  K3P+I+G4      3885.357     15  7800.713     7801.036     7880.441
335  K3P+R2        3885.978     15  7801.956     7802.279     7881.684
354  TN+F+I        3720.537     17  7475.075     7475.487     7565.433
355  TN+F+G4       3720.541     17  7475.081     7475.493     7565.440
356  TN+F+I+G4     3720.610     18  7477.220     7477.680     7572.893
357  TN+F+R2       3720.726     18  7477.451     7477.912     7573.125
376  TNe+I         3895.216     14  7818.431     7818.714     7892.844
377  TNe+G4        3894.596     14  7817.192     7817.474     7891.605
378  TNe+I+G4      3894.707     15  7819.414     7819.737     7899.142
379  TNe+R2        3895.270     15  7820.539     7820.862     7900.268
398  HKY+F+I       3720.538     16  7473.076     7473.442     7558.120
399  HKY+F+G4      3720.552     16  7473.105     7473.471     7558.148
400  HKY+F+I+G4    3720.624     17  7475.249     7475.661     7565.607
401  HKY+F+R2      3720.729     17  7475.458     7475.870     7565.817
420  K2P+I         3895.605     13  7817.209     7817.454     7886.307
421  K2P+G4        3894.995     13  7815.989     7816.234     7885.087
422  K2P+I+G4      3895.107     14  7818.214     7818.496     7892.627
423  K2P+R2        3895.660     14  7819.319     7819.601     7893.732
442  F81+F+I       3798.447     15  7626.895     7627.218     7706.623
443  F81+F+G4      3797.869     15  7625.739     7626.061     7705.467
444  F81+F+I+G4    3797.916     16  7627.831     7628.197     7712.875
445  F81+F+R2      3798.548     16  7629.096     7629.462     7714.140
464  JC+I          3945.400     12  7914.801     7915.010     7978.583
465  JC+G4         3944.702     12  7913.404     7913.614     7977.187
466  JC+I+G4       3944.863     13  7915.726     7915.970     7984.823
467  JC+R2         3945.365     13  7916.730     7916.974     7985.827
Akaike Information Criterion:           TPM3u+F+G4
Corrected Akaike Information Criterion: TPM3u+F+G4
Bayesian Information Criterion:         HKY+F+I
Best-fit model: HKY+F+I chosen according to BIC

All model information printed to per_gene_alignments_codon/LOC101388209_.aln.model.gz
CPU time for ModelFinder: 0.972 seconds (0h:0m:0s)
Wall-clock time for ModelFinder: 2.211 seconds (0h:0m:2s)
Generating 1000 samples for ultrafast bootstrap (seed: 221989)...

NOTE: 0 MB RAM (0 GB) is required!
Estimate model parameters (epsilon = 0.100)
1. Initial log-likelihood: -3720.538
Optimal log-likelihood: -3720.538
Rate parameters:  A-C: 1.00000  A-G: 4.34792  A-T: 1.00000  C-G: 1.00000  C-T: 4.34792  G-T: 1.00000
Base frequencies:  A: 0.158  C: 0.393  G: 0.318  T: 0.131
Proportion of invariable sites: 0.609
Parameters optimization took 1 rounds (0.001 sec)
Wrote distance file to... 
Computing ML distances based on estimated model parameters...
Calculating distance matrix: done in 0.000178099 secs using 98.82% CPU
Computing ML distances took 0.000244 sec (of wall-clock time) 0.000249 sec (of CPU time)
Setting up auxiliary I and S matrices: done in 4.79221e-05 secs using 98.08% CPU
Computing RapidNJ tree took 0.000163 sec (of wall-clock time) 0.000163 sec (of CPU time)
Log-likelihood of RapidNJ tree: -3720.538
--------------------------------------------------------------------
|             INITIALIZING CANDIDATE TREE SET                      |
--------------------------------------------------------------------
Generating 99 parsimony trees... 0.075 second
Computing log-likelihood of 41 initial trees ... 0.013 seconds
Current best score: -3720.538

Do NNI search on 20 best initial trees
Estimate model parameters (epsilon = 0.100)
BETTER TREE FOUND at iteration 1: -3720.538
Iteration 10 / LogL: -3720.570 / Time: 0h:0m:2s
Iteration 20 / LogL: -3720.552 / Time: 0h:0m:2s
Finish initializing candidate tree set (2)
Current best tree score: -3720.538 / CPU time: 0.167
Number of iterations: 20
--------------------------------------------------------------------
|               OPTIMIZING CANDIDATE TREE SET                      |
--------------------------------------------------------------------
Iteration 30 / LogL: -3720.541 / Time: 0h:0m:2s (0h:0m:0s left)
Iteration 40 / LogL: -3720.571 / Time: 0h:0m:2s (0h:0m:0s left)
Iteration 50 / LogL: -3720.634 / Time: 0h:0m:3s (0h:0m:0s left)
Log-likelihood cutoff on original alignment: -3732.034
Iteration 60 / LogL: -3720.549 / Time: 0h:0m:3s (0h:0m:0s left)
Iteration 70 / LogL: -3720.541 / Time: 0h:0m:3s (0h:0m:0s left)
Iteration 80 / LogL: -3720.538 / Time: 0h:0m:3s (0h:0m:0s left)
Iteration 90 / LogL: -3720.539 / Time: 0h:0m:3s (0h:0m:0s left)
UPDATE BEST LOG-LIKELIHOOD: -3720.538
UPDATE BEST LOG-LIKELIHOOD: -3720.538
Iteration 100 / LogL: -3720.538 / Time: 0h:0m:3s (0h:0m:0s left)
Log-likelihood cutoff on original alignment: -3732.034
NOTE: Bootstrap correlation coefficient of split occurrence frequencies: 1.000
UPDATE BEST LOG-LIKELIHOOD: -3720.538
TREE SEARCH COMPLETED AFTER 102 ITERATIONS / Time: 0h:0m:3s

--------------------------------------------------------------------
|                    FINALIZING TREE SEARCH                        |
--------------------------------------------------------------------
Performs final model parameters optimization
Estimate model parameters (epsilon = 0.010)
1. Initial log-likelihood: -3720.538
Optimal log-likelihood: -3720.538
Rate parameters:  A-C: 1.00000  A-G: 4.34724  A-T: 1.00000  C-G: 1.00000  C-T: 4.34724  G-T: 1.00000
Base frequencies:  A: 0.158  C: 0.393  G: 0.318  T: 0.131
Proportion of invariable sites: 0.609
Parameters optimization took 1 rounds (0.001 sec)
BEST SCORE FOUND : -3720.538
Creating bootstrap support values...
Split supports printed to NEXUS file per_gene_alignments_codon/LOC101388209_.aln.splits.nex
Total tree length: 0.296

Total number of iterations: 102
CPU time used for tree search: 1.119 sec (0h:0m:1s)
Wall-clock time used for tree search: 1.467 sec (0h:0m:1s)
Total CPU time used: 2.159 sec (0h:0m:2s)
Total wall-clock time used: 3.809 sec (0h:0m:3s)

Computing bootstrap consensus tree...
Reading input file per_gene_alignments_codon/LOC101388209_.aln.splits.nex...
7 taxa and 14 splits.
Consensus tree written to per_gene_alignments_codon/LOC101388209_.aln.contree
Reading input trees file per_gene_alignments_codon/LOC101388209_.aln.contree
Log-likelihood of consensus tree: -3720.538

Analysis results written to: 
  IQ-TREE report:                per_gene_alignments_codon/LOC101388209_.aln.iqtree
  Maximum-likelihood tree:       per_gene_alignments_codon/LOC101388209_.aln.treefile
  Likelihood distances:          per_gene_alignments_codon/LOC101388209_.aln.mldist

Ultrafast bootstrap approximation results written to:
  Split support values:          per_gene_alignments_codon/LOC101388209_.aln.splits.nex
  Consensus tree:                per_gene_alignments_codon/LOC101388209_.aln.contree
  Screen log file:               per_gene_alignments_codon/LOC101388209_.aln.log

Date and Time: Thu Oct 30 21:25:41 2025
