IQ-TREE multicore version 2.3.3 COVID-edition for Linux x86 64-bit built Apr 25 2024
Developed by Bui Quang Minh, James Barbetti, Nguyen Lam Tung, Olga Chernomor,
Heiko Schmidt, Dominik Schrempf, Michael Woodhams, Ly Trong Nhan, Thomas Wong

Host:    morpheus-OptiPlex-5050 (AVX2, FMA3, 503 GB RAM)
Command: iqtree2 -s per_gene_alignments_codon/LOC101388513_.aln.fna -m MFP -T 1 -B 1000 --prefix per_gene_alignments_codon/LOC101388513_.aln
Seed:    783573 (Using SPRNG - Scalable Parallel Random Number Generator)
Time:    Thu Oct 30 21:25:49 2025
Kernel:  AVX+FMA - 1 threads (72 CPU cores detected)

HINT: Use -nt option to specify number of threads because your CPU has 72 cores!
HINT: -nt AUTO will automatically determine the best number of threads to use.

Reading alignment file per_gene_alignments_codon/LOC101388513_.aln.fna ... Fasta format detected
Reading fasta file: done in 0.000375032 secs using 33.06% CPU
Alignment most likely contains DNA/RNA sequences
Alignment has 7 sequences with 1131 columns, 197 distinct patterns
137 parsimony-informative, 714 singleton sites, 280 constant sites
                     Gap/Ambiguity  Composition  p-value
Analyzing sequences: done in 2.19345e-05 secs using 31.91% CPU
   1  Ceratotherium_simum    0.00%    passed     99.77%
   2  Diceros_bicornis       0.00%    passed     99.61%
   3  Equus_asinus           0.00%    passed     95.27%
   4  Equus_quagga           0.00%    passed     92.73%
   5  Equus_caballus         0.00%    passed     96.76%
   6  Canis_lupus            0.27%    passed     96.75%
   7  Bos_taurus             1.59%    passed     43.32%
****  TOTAL                  0.27%  0 sequences failed composition chi2 test (p-value<5%; df=3)


Create initial parsimony tree by phylogenetic likelihood library (PLL)... 0.000 seconds
Perform fast likelihood tree search using GTR+I+G model...
Estimate model parameters (epsilon = 5.000)
Perform nearest neighbor interchange...
Estimate model parameters (epsilon = 1.000)
1. Initial log-likelihood: -4515.509
2. Current log-likelihood: -4513.856
3. Current log-likelihood: -4512.833
Optimal log-likelihood: -4512.134
Rate parameters:  A-C: 3.19170  A-G: 12.64193  A-T: 3.35925  C-G: 2.16076  C-T: 4.77292  G-T: 1.00000
Base frequencies:  A: 0.137  C: 0.380  G: 0.266  T: 0.218
Proportion of invariable sites: 0.056
Gamma shape alpha: 1.273
Parameters optimization took 3 rounds (0.023 sec)
Time for fast ML tree search: 0.058 seconds

NOTE: ModelFinder requires 1 MB RAM!
ModelFinder will test up to 484 DNA models (sample size: 1131) ...
 No. Model         -LnL         df  AIC          AICc         BIC
  1  GTR+F         4524.160     19  9086.320     9087.004     9181.906
  2  GTR+F+I       4522.062     20  9084.125     9084.882     9184.742
  3  GTR+F+G4      4509.314     20  9058.628     9059.385     9159.245
  4  GTR+F+I+G4    4510.112     21  9062.224     9063.057     9167.872
  5  GTR+F+R2      4509.165     21  9060.331     9061.164     9165.979
  6  GTR+F+R3      4508.047     23  9062.095     9063.092     9177.804
 14  GTR+F+I+R2    4508.668     22  9061.337     9062.250     9172.016
 15  GTR+F+I+R3    4507.744     24  9063.488     9064.573     9184.229
 25  SYM+G4        4660.012     17  9354.025     9354.575     9439.549
 26  SYM+I+G4      4660.832     18  9357.665     9358.280     9448.220
 27  SYM+R2        4662.095     18  9360.190     9360.805     9450.746
 47  TVM+F+G4      4529.261     19  9096.522     9097.207     9192.109
 48  TVM+F+I+G4    4529.354     20  9098.709     9099.466     9199.326
 49  TVM+F+R2      4528.042     20  9096.084     9096.841     9196.701
 69  TVMe+G4       4664.131     16  9360.262     9360.751     9440.756
 70  TVMe+I+G4     4664.363     17  9362.727     9363.277     9448.251
 71  TVMe+R2       4666.979     17  9367.958     9368.508     9453.483
 91  TIM3+F+G4     4514.962     18  9065.925     9066.540     9156.480
 92  TIM3+F+I+G4   4515.824     19  9069.649     9070.333     9165.235
 93  TIM3+F+R2     4514.629     19  9067.257     9067.941     9162.843
113  TIM3e+G4      4662.895     15  9355.790     9356.220     9431.253
114  TIM3e+I+G4    4663.123     16  9358.246     9358.734     9438.740
115  TIM3e+R2      4665.706     16  9363.412     9363.900     9443.906
135  TIM2+F+G4     4512.469     18  9060.938     9061.553     9151.493
136  TIM2+F+I+G4   4513.281     19  9064.561     9065.245     9160.147
137  TIM2+F+R2     4512.416     19  9062.832     9063.516     9158.418
157  TIM2e+G4      4667.260     15  9364.520     9364.950     9439.983
158  TIM2e+I+G4    4667.917     16  9367.835     9368.323     9448.329
159  TIM2e+R2      4668.449     16  9368.898     9369.386     9449.391
179  TIM+F+G4      4515.733     18  9067.466     9068.082     9158.022
180  TIM+F+I+G4    4516.695     19  9071.391     9072.075     9166.977
181  TIM+F+R2      4515.518     19  9069.036     9069.720     9164.622
201  TIMe+G4       4663.737     15  9357.473     9357.904     9432.936
202  TIMe+I+G4     4664.904     16  9361.808     9362.296     9442.302
203  TIMe+R2       4664.207     16  9360.415     9360.903     9440.908
223  TPM3u+F+G4    4534.309     17  9102.619     9103.169     9188.143
224  TPM3u+F+I+G4  4534.447     18  9104.895     9105.510     9195.450
225  TPM3u+F+R2    4532.838     18  9101.675     9102.291     9192.231
245  TPM3+G4       4667.023     14  9362.046     9362.422     9432.478
246  TPM3+I+G4     4666.549     15  9363.098     9363.529     9438.561
247  TPM3+R2       4670.915     15  9371.831     9372.261     9447.294
267  TPM2u+F+G4    4532.430     17  9098.859     9099.409     9184.384
268  TPM2u+F+I+G4  4532.377     18  9100.754     9101.369     9191.309
269  TPM2u+F+R2    4530.919     18  9097.838     9098.453     9188.394
289  TPM2+G4       4671.518     14  9371.036     9371.412     9441.468
290  TPM2+I+G4     4671.551     15  9373.103     9373.533     9448.565
291  TPM2+R2       4673.518     15  9377.036     9377.466     9452.499
311  K3Pu+F+G4     4535.333     17  9104.666     9105.216     9190.190
312  K3Pu+F+I+G4   4535.591     18  9107.182     9107.797     9197.738
313  K3Pu+F+R2     4533.969     18  9103.938     9104.553     9194.494
333  K3P+G4        4668.152     14  9364.305     9364.681     9434.737
334  K3P+I+G4      4668.665     15  9367.330     9367.760     9442.792
335  K3P+R2        4669.520     15  9369.040     9369.470     9444.503
355  TN+F+G4       4516.368     17  9066.735     9067.285     9152.260
356  TN+F+I+G4     4517.255     18  9070.511     9071.126     9161.066
357  TN+F+R2       4516.135     18  9068.269     9068.884     9158.825
377  TNe+G4        4667.353     14  9362.707     9363.083     9433.139
378  TNe+I+G4      4667.935     15  9365.869     9366.300     9441.332
379  TNe+R2        4668.914     15  9367.828     9368.259     9443.291
399  HKY+F+G4      4535.873     16  9103.746     9104.234     9184.240
400  HKY+F+I+G4    4535.988     17  9105.975     9106.525     9191.500
401  HKY+F+R2      4534.368     17  9102.736     9103.286     9188.261
421  K2P+G4        4671.745     13  9369.490     9369.816     9434.892
422  K2P+I+G4      4671.606     14  9371.212     9371.589     9441.644
423  K2P+R2        4674.212     14  9376.425     9376.801     9446.857
443  F81+F+G4      4583.493     15  9196.986     9197.417     9272.449
444  F81+F+I+G4    4584.444     16  9200.888     9201.376     9281.382
445  F81+F+R2      4583.601     16  9199.202     9199.691     9279.696
465  JC+G4         4716.103     12  9456.206     9456.485     9516.577
466  JC+I+G4       4716.931     13  9459.862     9460.188     9525.263
467  JC+R2         4714.996     13  9455.993     9456.319     9521.394
Akaike Information Criterion:           GTR+F+G4
Corrected Akaike Information Criterion: GTR+F+G4
Bayesian Information Criterion:         TIM2+F+G4
Best-fit model: TIM2+F+G4 chosen according to BIC

All model information printed to per_gene_alignments_codon/LOC101388513_.aln.model.gz
CPU time for ModelFinder: 1.404 seconds (0h:0m:1s)
Wall-clock time for ModelFinder: 2.767 seconds (0h:0m:2s)
Generating 1000 samples for ultrafast bootstrap (seed: 783573)...

NOTE: 0 MB RAM (0 GB) is required!
Estimate model parameters (epsilon = 0.100)
1. Initial log-likelihood: -4512.469
Optimal log-likelihood: -4512.457
Rate parameters:  A-C: 1.84647  A-G: 7.45275  A-T: 1.84647  C-G: 1.00000  C-T: 2.59828  G-T: 1.00000
Base frequencies:  A: 0.137  C: 0.380  G: 0.266  T: 0.218
Gamma shape alpha: 0.908
Parameters optimization took 1 rounds (0.002 sec)
Wrote distance file to... 
Computing ML distances based on estimated model parameters...
Calculating distance matrix: done in 0.00830889 secs using 4.152% CPU
Computing ML distances took 0.008390 sec (of wall-clock time) 0.000433 sec (of CPU time)
WARNING: Some pairwise ML distances are too long (saturated)
Setting up auxiliary I and S matrices: done in 5.00679e-05 secs using 147.8% CPU
Computing RapidNJ tree took 0.000155 sec (of wall-clock time) 0.000227 sec (of CPU time)
Log-likelihood of RapidNJ tree: -4512.324
--------------------------------------------------------------------
|             INITIALIZING CANDIDATE TREE SET                      |
--------------------------------------------------------------------
Generating 99 parsimony trees... 0.129 second
Computing log-likelihood of 34 initial trees ... 0.048 seconds
Current best score: -4512.324

Do NNI search on 20 best initial trees
Estimate model parameters (epsilon = 0.100)
BETTER TREE FOUND at iteration 1: -4512.324
BETTER TREE FOUND at iteration 2: -4512.322
UPDATE BEST LOG-LIKELIHOOD: -4512.322
UPDATE BEST LOG-LIKELIHOOD: -4512.322
UPDATE BEST LOG-LIKELIHOOD: -4512.322
Estimate model parameters (epsilon = 0.100)
BETTER TREE FOUND at iteration 10: -4512.014
Iteration 10 / LogL: -4512.014 / Time: 0h:0m:3s
Iteration 20 / LogL: -4512.435 / Time: 0h:0m:3s
Finish initializing candidate tree set (4)
Current best tree score: -4512.014 / CPU time: 0.557
Number of iterations: 20
--------------------------------------------------------------------
|               OPTIMIZING CANDIDATE TREE SET                      |
--------------------------------------------------------------------
UPDATE BEST LOG-LIKELIHOOD: -4512.013
Iteration 30 / LogL: -4512.021 / Time: 0h:0m:3s (0h:0m:2s left)
Iteration 40 / LogL: -4512.014 / Time: 0h:0m:4s (0h:0m:2s left)
Iteration 50 / LogL: -4512.215 / Time: 0h:0m:4s (0h:0m:1s left)
Log-likelihood cutoff on original alignment: -4523.012
UPDATE BEST LOG-LIKELIHOOD: -4512.013
Iteration 60 / LogL: -4512.014 / Time: 0h:0m:4s (0h:0m:1s left)
Iteration 70 / LogL: -4512.014 / Time: 0h:0m:4s (0h:0m:1s left)
UPDATE BEST LOG-LIKELIHOOD: -4512.013
UPDATE BEST LOG-LIKELIHOOD: -4512.013
Iteration 80 / LogL: -4512.013 / Time: 0h:0m:4s (0h:0m:0s left)
Iteration 90 / LogL: -4512.323 / Time: 0h:0m:4s (0h:0m:0s left)
UPDATE BEST LOG-LIKELIHOOD: -4512.013
Iteration 100 / LogL: -4512.014 / Time: 0h:0m:4s (0h:0m:0s left)
Log-likelihood cutoff on original alignment: -4523.234
NOTE: Bootstrap correlation coefficient of split occurrence frequencies: 0.994
Iteration 110 / LogL: -4512.014 / Time: 0h:0m:5s (0h:0m:2s left)
TREE SEARCH COMPLETED AFTER 111 ITERATIONS / Time: 0h:0m:5s

--------------------------------------------------------------------
|                    FINALIZING TREE SEARCH                        |
--------------------------------------------------------------------
Performs final model parameters optimization
Estimate model parameters (epsilon = 0.010)
1. Initial log-likelihood: -4512.013
Optimal log-likelihood: -4512.013
Rate parameters:  A-C: 1.84810  A-G: 7.46971  A-T: 1.84810  C-G: 1.00000  C-T: 2.60387  G-T: 1.00000
Base frequencies:  A: 0.137  C: 0.380  G: 0.266  T: 0.218
Gamma shape alpha: 0.905
Parameters optimization took 1 rounds (0.002 sec)
BEST SCORE FOUND : -4512.013
Creating bootstrap support values...
Split supports printed to NEXUS file per_gene_alignments_codon/LOC101388513_.aln.splits.nex
Total tree length: 10.379

Total number of iterations: 111
CPU time used for tree search: 1.547 sec (0h:0m:1s)
Wall-clock time used for tree search: 2.429 sec (0h:0m:2s)
Total CPU time used: 3.055 sec (0h:0m:3s)
Total wall-clock time used: 5.347 sec (0h:0m:5s)

Computing bootstrap consensus tree...
Reading input file per_gene_alignments_codon/LOC101388513_.aln.splits.nex...
7 taxa and 25 splits.
Consensus tree written to per_gene_alignments_codon/LOC101388513_.aln.contree
Reading input trees file per_gene_alignments_codon/LOC101388513_.aln.contree
Log-likelihood of consensus tree: -4512.016

Analysis results written to: 
  IQ-TREE report:                per_gene_alignments_codon/LOC101388513_.aln.iqtree
  Maximum-likelihood tree:       per_gene_alignments_codon/LOC101388513_.aln.treefile
  Likelihood distances:          per_gene_alignments_codon/LOC101388513_.aln.mldist

Ultrafast bootstrap approximation results written to:
  Split support values:          per_gene_alignments_codon/LOC101388513_.aln.splits.nex
  Consensus tree:                per_gene_alignments_codon/LOC101388513_.aln.contree
  Screen log file:               per_gene_alignments_codon/LOC101388513_.aln.log

Date and Time: Thu Oct 30 21:25:55 2025
