IQ-TREE multicore version 2.3.3 COVID-edition for Linux x86 64-bit built Apr 25 2024
Developed by Bui Quang Minh, James Barbetti, Nguyen Lam Tung, Olga Chernomor,
Heiko Schmidt, Dominik Schrempf, Michael Woodhams, Ly Trong Nhan, Thomas Wong

Host:    morpheus-OptiPlex-5050 (AVX2, FMA3, 503 GB RAM)
Command: iqtree2 -s per_gene_alignments_codon/LOC101390379_.aln.fna -m MFP -T 1 -B 1000 --prefix per_gene_alignments_codon/LOC101390379_.aln
Seed:    295089 (Using SPRNG - Scalable Parallel Random Number Generator)
Time:    Thu Oct 30 21:27:11 2025
Kernel:  AVX+FMA - 1 threads (72 CPU cores detected)

HINT: Use -nt option to specify number of threads because your CPU has 72 cores!
HINT: -nt AUTO will automatically determine the best number of threads to use.

Reading alignment file per_gene_alignments_codon/LOC101390379_.aln.fna ... Fasta format detected
Reading fasta file: done in 0.000412941 secs
Alignment most likely contains DNA/RNA sequences
Alignment has 7 sequences with 1308 columns, 71 distinct patterns
66 parsimony-informative, 103 singleton sites, 1139 constant sites
                     Gap/Ambiguity  Composition  p-value
Analyzing sequences: done in 1.40667e-05 secs
   1  Ceratotherium_simum    0.00%    passed     87.75%
   2  Diceros_bicornis       0.00%    passed     80.34%
   3  Equus_asinus           0.00%    passed     99.11%
   4  Equus_quagga           0.00%    passed     99.11%
   5  Equus_caballus         0.00%    passed     99.66%
   6  Canis_lupus            0.00%    passed     99.01%
   7  Bos_taurus             0.00%    passed     89.37%
****  TOTAL                  0.00%  0 sequences failed composition chi2 test (p-value<5%; df=3)
NOTE: Equus_quagga is identical to Equus_asinus but kept for subsequent analysis


Create initial parsimony tree by phylogenetic likelihood library (PLL)... 0.000 seconds
Perform fast likelihood tree search using GTR+I+G model...
Estimate model parameters (epsilon = 5.000)
Perform nearest neighbor interchange...
Estimate model parameters (epsilon = 1.000)
1. Initial log-likelihood: -2815.614
Optimal log-likelihood: -2815.613
Rate parameters:  A-C: 1.95152  A-G: 8.22439  A-T: 1.56065  C-G: 2.62976  C-T: 9.54795  G-T: 1.00000
Base frequencies:  A: 0.312  C: 0.221  G: 0.256  T: 0.211
Proportion of invariable sites: 0.434
Gamma shape alpha: 1.079
Parameters optimization took 1 rounds (0.038 sec)
Time for fast ML tree search: 0.166 seconds

NOTE: ModelFinder requires 0 MB RAM!
ModelFinder will test up to 484 DNA models (sample size: 1308) ...
 No. Model         -LnL         df  AIC          AICc         BIC
  1  GTR+F         2825.358     19  5688.716     5689.306     5787.065
  2  GTR+F+I       2815.441     20  5670.883     5671.535     5774.408
  3  GTR+F+G4      2815.551     20  5671.102     5671.755     5774.627
  4  GTR+F+I+G4    2815.618     21  5673.236     5673.955     5781.938
  5  GTR+F+R2      2818.873     21  5679.747     5680.465     5788.448
  6  GTR+F+R3      2816.209     23  5678.417     5679.277     5797.471
 14  GTR+F+I+R2    2815.632     22  5675.264     5676.051     5789.141
 15  GTR+F+I+R3    2815.587     24  5679.174     5680.109     5803.404
 24  SYM+I         2831.158     17  5696.316     5696.790     5784.312
 25  SYM+G4        2831.296     17  5696.593     5697.067     5784.589
 26  SYM+I+G4      2831.369     18  5698.737     5699.268     5791.910
 46  TVM+F+I       2815.667     19  5669.334     5669.924     5767.683
 47  TVM+F+G4      2815.792     19  5669.585     5670.175     5767.934
 48  TVM+F+I+G4    2815.873     20  5671.747     5672.400     5775.272
 68  TVMe+I        2831.387     16  5694.775     5695.196     5777.595
 69  TVMe+G4       2831.504     16  5695.008     5695.429     5777.828
 70  TVMe+I+G4     2831.563     17  5697.126     5697.600     5785.122
 90  TIM3+F+I      2816.031     18  5668.063     5668.593     5761.235
 91  TIM3+F+G4     2816.153     18  5668.306     5668.836     5761.478
 92  TIM3+F+I+G4   2816.225     19  5670.449     5671.039     5768.798
112  TIM3e+I       2831.768     15  5693.536     5693.908     5771.180
113  TIM3e+G4      2831.908     15  5693.816     5694.188     5771.460
114  TIM3e+I+G4    2831.983     16  5695.967     5696.388     5778.787
134  TIM2+F+I      2817.578     18  5671.155     5671.686     5764.328
135  TIM2+F+G4     2817.728     18  5671.456     5671.986     5764.628
136  TIM2+F+I+G4   2817.810     19  5673.620     5674.210     5771.969
156  TIM2e+I       2833.483     15  5696.966     5697.338     5774.610
157  TIM2e+G4      2833.663     15  5697.326     5697.697     5774.970
158  TIM2e+I+G4    2833.750     16  5699.499     5699.920     5782.319
178  TIM+F+I       2817.225     18  5670.451     5670.982     5763.623
179  TIM+F+G4      2817.368     18  5670.736     5671.267     5763.909
180  TIM+F+I+G4    2817.445     19  5672.889     5673.479     5771.238
200  TIMe+I        2833.172     15  5696.345     5696.716     5773.989
201  TIMe+G4       2833.338     15  5696.675     5697.047     5774.319
202  TIMe+I+G4     2833.417     16  5698.833     5699.255     5781.653
222  TPM3u+F+I     2816.260     17  5666.521     5666.995     5754.517
223  TPM3u+F+G4    2816.397     17  5666.794     5667.268     5754.790
224  TPM3u+F+I+G4  2816.481     18  5668.963     5669.493     5762.135
244  TPM3+I        2832.018     14  5692.036     5692.361     5764.504
245  TPM3+G4       2832.137     14  5692.273     5692.598     5764.741
246  TPM3+I+G4     2832.201     15  5694.402     5694.774     5772.046
266  TPM2u+F+I     2817.792     17  5669.584     5670.059     5757.581
267  TPM2u+F+G4    2817.960     17  5669.920     5670.394     5757.916
268  TPM2u+F+I+G4  2818.057     18  5672.115     5672.645     5765.287
288  TPM2+I        2833.739     14  5695.479     5695.804     5767.946
289  TPM2+G4       2833.904     14  5695.809     5696.133     5768.276
290  TPM2+I+G4     2833.979     15  5697.958     5698.330     5775.602
310  K3Pu+F+I      2817.448     17  5668.896     5669.371     5756.893
311  K3Pu+F+G4     2817.606     17  5669.211     5669.686     5757.208
312  K3Pu+F+I+G4   2817.698     18  5671.396     5671.927     5764.569
332  K3P+I         2833.427     14  5694.855     5695.179     5767.322
333  K3P+G4        2833.573     14  5695.146     5695.471     5767.614
334  K3P+I+G4      2833.644     15  5697.288     5697.660     5774.932
354  TN+F+I        2817.578     17  5669.156     5669.630     5757.152
355  TN+F+G4       2817.733     17  5669.466     5669.941     5757.462
356  TN+F+I+G4     2817.817     18  5671.634     5672.165     5764.807
376  TNe+I         2833.517     14  5695.035     5695.360     5767.502
377  TNe+G4        2833.692     14  5695.384     5695.709     5767.852
378  TNe+I+G4      2833.779     15  5697.558     5697.930     5775.202
398  HKY+F+I       2817.799     16  5667.597     5668.019     5750.417
399  HKY+F+G4      2817.967     16  5667.935     5668.356     5750.755
400  HKY+F+I+G4    2818.066     17  5670.133     5670.607     5758.129
420  K2P+I         2833.774     13  5693.548     5693.829     5760.839
421  K2P+G4        2833.933     13  5693.865     5694.146     5761.156
422  K2P+I+G4      2834.009     14  5696.018     5696.343     5768.486
442  F81+F+I       2868.290     15  5766.580     5766.952     5844.224
443  F81+F+G4      2868.504     15  5767.008     5767.379     5844.652
444  F81+F+I+G4    2868.521     16  5769.042     5769.463     5851.862
464  JC+I          2885.971     12  5795.941     5796.182     5858.056
465  JC+G4         2886.181     12  5796.362     5796.603     5858.477
466  JC+I+G4       2886.191     13  5798.383     5798.664     5865.674
Akaike Information Criterion:           TPM3u+F+I
Corrected Akaike Information Criterion: TPM3u+F+I
Bayesian Information Criterion:         HKY+F+I
Best-fit model: HKY+F+I chosen according to BIC

All model information printed to per_gene_alignments_codon/LOC101390379_.aln.model.gz
CPU time for ModelFinder: 0.320 seconds (0h:0m:0s)
Wall-clock time for ModelFinder: 1.221 seconds (0h:0m:1s)
Generating 1000 samples for ultrafast bootstrap (seed: 295089)...

NOTE: 0 MB RAM (0 GB) is required!
Estimate model parameters (epsilon = 0.100)
1. Initial log-likelihood: -2817.799
Optimal log-likelihood: -2817.799
Rate parameters:  A-C: 1.00000  A-G: 4.90163  A-T: 1.00000  C-G: 1.00000  C-T: 4.90163  G-T: 1.00000
Base frequencies:  A: 0.312  C: 0.221  G: 0.256  T: 0.211
Proportion of invariable sites: 0.647
Parameters optimization took 1 rounds (0.001 sec)
Wrote distance file to... 
Computing ML distances based on estimated model parameters...
Calculating distance matrix: done in 0.000183105 secs using 99.4% CPU
Computing ML distances took 0.000229 sec (of wall-clock time) 0.000235 sec (of CPU time)
Setting up auxiliary I and S matrices: done in 4.91142e-05 secs using 150.7% CPU
Computing RapidNJ tree took 0.000138 sec (of wall-clock time) 0.000191 sec (of CPU time)
Log-likelihood of RapidNJ tree: -2817.798
--------------------------------------------------------------------
|             INITIALIZING CANDIDATE TREE SET                      |
--------------------------------------------------------------------
Generating 99 parsimony trees... 0.069 second
Computing log-likelihood of 38 initial trees ... 0.010 seconds
Current best score: -2817.798

Do NNI search on 20 best initial trees
Estimate model parameters (epsilon = 0.100)
BETTER TREE FOUND at iteration 1: -2817.798
Iteration 10 / LogL: -2817.863 / Time: 0h:0m:1s
Iteration 20 / LogL: -2817.934 / Time: 0h:0m:1s
Finish initializing candidate tree set (1)
Current best tree score: -2817.798 / CPU time: 0.162
Number of iterations: 20
--------------------------------------------------------------------
|               OPTIMIZING CANDIDATE TREE SET                      |
--------------------------------------------------------------------
UPDATE BEST LOG-LIKELIHOOD: -2817.798
Iteration 30 / LogL: -2817.798 / Time: 0h:0m:1s (0h:0m:0s left)
Iteration 40 / LogL: -2817.811 / Time: 0h:0m:1s (0h:0m:0s left)
Iteration 50 / LogL: -2817.798 / Time: 0h:0m:1s (0h:0m:0s left)
Log-likelihood cutoff on original alignment: -2830.889
UPDATE BEST LOG-LIKELIHOOD: -2817.798
UPDATE BEST LOG-LIKELIHOOD: -2817.798
Iteration 60 / LogL: -2817.798 / Time: 0h:0m:2s (0h:0m:0s left)
Iteration 70 / LogL: -2817.799 / Time: 0h:0m:2s (0h:0m:0s left)
Iteration 80 / LogL: -2817.800 / Time: 0h:0m:2s (0h:0m:0s left)
Iteration 90 / LogL: -2817.798 / Time: 0h:0m:2s (0h:0m:0s left)
Iteration 100 / LogL: -2817.799 / Time: 0h:0m:2s (0h:0m:0s left)
Log-likelihood cutoff on original alignment: -2830.890
NOTE: Bootstrap correlation coefficient of split occurrence frequencies: 0.999
TREE SEARCH COMPLETED AFTER 102 ITERATIONS / Time: 0h:0m:2s

--------------------------------------------------------------------
|                    FINALIZING TREE SEARCH                        |
--------------------------------------------------------------------
Performs final model parameters optimization
Estimate model parameters (epsilon = 0.010)
1. Initial log-likelihood: -2817.798
Optimal log-likelihood: -2817.798
Rate parameters:  A-C: 1.00000  A-G: 4.89373  A-T: 1.00000  C-G: 1.00000  C-T: 4.89373  G-T: 1.00000
Base frequencies:  A: 0.312  C: 0.221  G: 0.256  T: 0.211
Proportion of invariable sites: 0.647
Parameters optimization took 1 rounds (0.001 sec)
BEST SCORE FOUND : -2817.798
Creating bootstrap support values...
Split supports printed to NEXUS file per_gene_alignments_codon/LOC101390379_.aln.splits.nex
Total tree length: 0.166

Total number of iterations: 102
CPU time used for tree search: 0.928 sec (0h:0m:0s)
Wall-clock time used for tree search: 1.558 sec (0h:0m:1s)
Total CPU time used: 1.307 sec (0h:0m:1s)
Total wall-clock time used: 2.876 sec (0h:0m:2s)

Computing bootstrap consensus tree...
Reading input file per_gene_alignments_codon/LOC101390379_.aln.splits.nex...
7 taxa and 15 splits.
Consensus tree written to per_gene_alignments_codon/LOC101390379_.aln.contree
Reading input trees file per_gene_alignments_codon/LOC101390379_.aln.contree
Log-likelihood of consensus tree: -2817.802

Analysis results written to: 
  IQ-TREE report:                per_gene_alignments_codon/LOC101390379_.aln.iqtree
  Maximum-likelihood tree:       per_gene_alignments_codon/LOC101390379_.aln.treefile
  Likelihood distances:          per_gene_alignments_codon/LOC101390379_.aln.mldist

Ultrafast bootstrap approximation results written to:
  Split support values:          per_gene_alignments_codon/LOC101390379_.aln.splits.nex
  Consensus tree:                per_gene_alignments_codon/LOC101390379_.aln.contree
  Screen log file:               per_gene_alignments_codon/LOC101390379_.aln.log

Date and Time: Thu Oct 30 21:27:14 2025
