IQ-TREE multicore version 2.3.3 COVID-edition for Linux x86 64-bit built Apr 25 2024
Developed by Bui Quang Minh, James Barbetti, Nguyen Lam Tung, Olga Chernomor,
Heiko Schmidt, Dominik Schrempf, Michael Woodhams, Ly Trong Nhan, Thomas Wong

Host:    morpheus-OptiPlex-5050 (AVX2, FMA3, 503 GB RAM)
Command: iqtree2 -s per_gene_alignments_codon/LOC101401971_.aln.fna -m MFP -T 1 -B 1000 --prefix per_gene_alignments_codon/LOC101401971_.aln
Seed:    546453 (Using SPRNG - Scalable Parallel Random Number Generator)
Time:    Thu Oct 30 21:35:09 2025
Kernel:  AVX+FMA - 1 threads (72 CPU cores detected)

HINT: Use -nt option to specify number of threads because your CPU has 72 cores!
HINT: -nt AUTO will automatically determine the best number of threads to use.

Reading alignment file per_gene_alignments_codon/LOC101401971_.aln.fna ... Fasta format detected
Reading fasta file: done in 0.000339985 secs using 49.41% CPU
Alignment most likely contains DNA/RNA sequences
Alignment has 7 sequences with 1077 columns, 72 distinct patterns
74 parsimony-informative, 100 singleton sites, 903 constant sites
                     Gap/Ambiguity  Composition  p-value
Analyzing sequences: done in 1.78814e-05 secs using 44.74% CPU
   1  Ceratotherium_simum    0.00%    passed     94.44%
   2  Diceros_bicornis       0.00%    passed     94.44%
   3  Equus_asinus           0.00%    passed     99.77%
   4  Equus_quagga           0.00%    passed     99.86%
   5  Equus_caballus         0.00%    passed     98.46%
   6  Canis_lupus            0.00%    passed     94.70%
   7  Bos_taurus             0.00%    passed     94.75%
****  TOTAL                  0.00%  0 sequences failed composition chi2 test (p-value<5%; df=3)


Create initial parsimony tree by phylogenetic likelihood library (PLL)... 0.000 seconds
Perform fast likelihood tree search using GTR+I+G model...
Estimate model parameters (epsilon = 5.000)
Perform nearest neighbor interchange...
Estimate model parameters (epsilon = 1.000)
1. Initial log-likelihood: -2493.986
Optimal log-likelihood: -2493.981
Rate parameters:  A-C: 1.45059  A-G: 5.30712  A-T: 0.69471  C-G: 1.35933  C-T: 6.44069  G-T: 1.00000
Base frequencies:  A: 0.298  C: 0.223  G: 0.245  T: 0.234
Proportion of invariable sites: 0.417
Gamma shape alpha: 1.173
Parameters optimization took 1 rounds (0.002 sec)
Time for fast ML tree search: 0.136 seconds

NOTE: ModelFinder requires 0 MB RAM!
ModelFinder will test up to 484 DNA models (sample size: 1077) ...
 No. Model         -LnL         df  AIC          AICc         BIC
  1  GTR+F         2505.160     19  5048.321     5049.040     5142.977
  2  GTR+F+I       2493.450     20  5026.899     5027.695     5126.538
  3  GTR+F+G4      2493.862     20  5027.723     5028.519     5127.362
  4  GTR+F+I+G4    2493.984     21  5029.969     5030.844     5134.589
  5  GTR+F+R2      2496.248     21  5034.495     5035.371     5139.116
  6  GTR+F+R3      2494.340     23  5034.681     5035.729     5149.265
 14  GTR+F+I+R2    2493.826     22  5031.651     5032.611     5141.254
 15  GTR+F+I+R3    2493.900     24  5035.801     5036.941     5155.367
 24  SYM+I         2501.347     17  5036.693     5037.271     5121.386
 25  SYM+G4        2501.738     17  5037.476     5038.053     5122.168
 26  SYM+I+G4      2501.858     18  5039.716     5040.362     5129.391
 46  TVM+F+I       2493.910     19  5025.821     5026.540     5120.477
 47  TVM+F+G4      2494.306     19  5026.613     5027.332     5121.270
 48  TVM+F+I+G4    2494.430     20  5028.860     5029.655     5128.498
 68  TVMe+I        2501.337     16  5034.673     5035.186     5114.384
 69  TVMe+G4       2501.730     16  5035.459     5035.972     5115.170
 70  TVMe+I+G4     2501.860     17  5037.719     5038.297     5122.412
 90  TIM3+F+I      2493.716     18  5023.433     5024.079     5113.107
 91  TIM3+F+G4     2494.133     18  5024.266     5024.913     5113.941
 92  TIM3+F+I+G4   2494.260     19  5026.519     5027.238     5121.176
112  TIM3e+I       2501.544     15  5033.088     5033.541     5107.817
113  TIM3e+G4      2501.950     15  5033.901     5034.353     5108.630
114  TIM3e+I+G4    2502.084     16  5036.168     5036.681     5115.879
134  TIM2+F+I      2495.003     18  5026.006     5026.653     5115.681
135  TIM2+F+G4     2495.471     18  5026.942     5027.588     5116.617
136  TIM2+F+I+G4   2495.636     19  5029.271     5029.990     5123.928
156  TIM2e+I       2502.747     15  5035.494     5035.946     5110.223
157  TIM2e+G4      2503.184     15  5036.368     5036.820     5111.097
158  TIM2e+I+G4    2503.357     16  5038.713     5039.226     5118.424
178  TIM+F+I       2494.846     18  5025.691     5026.338     5115.366
179  TIM+F+G4      2495.295     18  5026.591     5027.237     5116.266
180  TIM+F+I+G4    2495.452     19  5028.903     5029.622     5123.560
200  TIMe+I        2502.531     15  5035.061     5035.514     5109.790
201  TIMe+G4       2502.956     15  5035.912     5036.364     5110.641
202  TIMe+I+G4     2503.119     16  5038.238     5038.751     5117.949
222  TPM3u+F+I     2494.184     17  5022.369     5022.947     5107.062
223  TPM3u+F+G4    2494.589     17  5023.179     5023.757     5107.872
224  TPM3u+F+I+G4  2494.714     18  5025.428     5026.074     5115.102
244  TPM3+I        2501.548     14  5031.096     5031.491     5100.843
245  TPM3+G4       2501.950     14  5031.900     5032.296     5101.647
246  TPM3+I+G4     2502.086     15  5034.172     5034.624     5108.901
266  TPM2u+F+I     2495.473     17  5024.945     5025.523     5109.638
267  TPM2u+F+G4    2495.916     17  5025.833     5026.411     5110.526
268  TPM2u+F+I+G4  2496.076     18  5028.152     5028.799     5117.827
288  TPM2+I        2502.751     14  5033.502     5033.898     5103.250
289  TPM2+G4       2503.184     14  5034.368     5034.763     5104.115
290  TPM2+I+G4     2503.358     15  5036.716     5037.169     5111.445
310  K3Pu+F+I      2495.314     17  5024.627     5025.205     5109.320
311  K3Pu+F+G4     2495.738     17  5025.476     5026.054     5110.169
312  K3Pu+F+I+G4   2495.893     18  5027.786     5028.432     5117.461
332  K3P+I         2502.534     14  5033.068     5033.464     5102.815
333  K3P+G4        2502.955     14  5033.911     5034.306     5103.658
334  K3P+I+G4      2503.121     15  5036.243     5036.695     5110.972
354  TN+F+I        2495.063     17  5024.126     5024.704     5108.819
355  TN+F+G4       2495.524     17  5025.049     5025.627     5109.742
356  TN+F+I+G4     2495.690     18  5027.381     5028.028     5117.056
376  TNe+I         2502.749     14  5033.497     5033.893     5103.244
377  TNe+G4        2503.186     14  5034.371     5034.767     5104.119
378  TNe+I+G4      2503.359     15  5036.718     5037.170     5111.447
398  HKY+F+I       2495.536     16  5023.072     5023.585     5102.783
399  HKY+F+G4      2495.972     16  5023.943     5024.456     5103.654
400  HKY+F+I+G4    2496.135     17  5026.269     5026.847     5110.962
420  K2P+I         2502.753     13  5031.506     5031.848     5096.271
421  K2P+G4        2503.186     13  5032.373     5032.715     5097.138
422  K2P+I+G4      2503.361     14  5034.722     5035.117     5104.469
442  F81+F+I       2551.158     15  5132.316     5132.769     5207.045
443  F81+F+G4      2551.534     15  5133.067     5133.520     5207.796
444  F81+F+I+G4    2551.512     16  5135.023     5135.536     5214.734
464  JC+I          2559.223     12  5142.445     5142.738     5202.228
465  JC+G4         2559.582     12  5143.163     5143.456     5202.946
466  JC+I+G4       2559.564     13  5145.128     5145.471     5209.894
Akaike Information Criterion:           TPM3u+F+I
Corrected Akaike Information Criterion: TPM3u+F+I
Bayesian Information Criterion:         K2P+I
Best-fit model: K2P+I chosen according to BIC

All model information printed to per_gene_alignments_codon/LOC101401971_.aln.model.gz
CPU time for ModelFinder: 0.321 seconds (0h:0m:0s)
Wall-clock time for ModelFinder: 0.838 seconds (0h:0m:0s)
Generating 1000 samples for ultrafast bootstrap (seed: 546453)...

NOTE: 0 MB RAM (0 GB) is required!
Estimate model parameters (epsilon = 0.100)
1. Initial log-likelihood: -2502.753
Optimal log-likelihood: -2502.752
Rate parameters:  A-C: 1.00000  A-G: 5.24887  A-T: 1.00000  C-G: 1.00000  C-T: 5.24887  G-T: 1.00000
Base frequencies:  A: 0.250  C: 0.250  G: 0.250  T: 0.250
Proportion of invariable sites: 0.634
Parameters optimization took 1 rounds (0.001 sec)
Wrote distance file to... 
Computing ML distances based on estimated model parameters...
Calculating distance matrix: done in 0.000185013 secs using 99.45% CPU
Computing ML distances took 0.000227 sec (of wall-clock time) 0.000232 sec (of CPU time)
Setting up auxiliary I and S matrices: done in 4.50611e-05 secs using 95.43% CPU
Computing RapidNJ tree took 0.000139 sec (of wall-clock time) 0.000139 sec (of CPU time)
Log-likelihood of RapidNJ tree: -2502.753
--------------------------------------------------------------------
|             INITIALIZING CANDIDATE TREE SET                      |
--------------------------------------------------------------------
Generating 99 parsimony trees... 0.061 second
Computing log-likelihood of 49 initial trees ... 0.020 seconds
Current best score: -2502.752

Do NNI search on 20 best initial trees
Estimate model parameters (epsilon = 0.100)
BETTER TREE FOUND at iteration 1: -2502.752
Iteration 10 / LogL: -2502.753 / Time: 0h:0m:1s
Iteration 20 / LogL: -2502.755 / Time: 0h:0m:1s
Finish initializing candidate tree set (1)
Current best tree score: -2502.752 / CPU time: 0.174
Number of iterations: 20
--------------------------------------------------------------------
|               OPTIMIZING CANDIDATE TREE SET                      |
--------------------------------------------------------------------
UPDATE BEST LOG-LIKELIHOOD: -2502.752
UPDATE BEST LOG-LIKELIHOOD: -2502.752
Iteration 30 / LogL: -2502.787 / Time: 0h:0m:1s (0h:0m:0s left)
Iteration 40 / LogL: -2502.787 / Time: 0h:0m:1s (0h:0m:0s left)
Iteration 50 / LogL: -2502.755 / Time: 0h:0m:1s (0h:0m:0s left)
Log-likelihood cutoff on original alignment: -2528.090
Iteration 60 / LogL: -2502.753 / Time: 0h:0m:1s (0h:0m:0s left)
Iteration 70 / LogL: -2502.753 / Time: 0h:0m:1s (0h:0m:0s left)
Iteration 80 / LogL: -2502.752 / Time: 0h:0m:2s (0h:0m:0s left)
Iteration 90 / LogL: -2502.774 / Time: 0h:0m:2s (0h:0m:0s left)
Iteration 100 / LogL: -2548.006 / Time: 0h:0m:2s (0h:0m:0s left)
Log-likelihood cutoff on original alignment: -2528.890
NOTE: Bootstrap correlation coefficient of split occurrence frequencies: 1.000
TREE SEARCH COMPLETED AFTER 102 ITERATIONS / Time: 0h:0m:2s

--------------------------------------------------------------------
|                    FINALIZING TREE SEARCH                        |
--------------------------------------------------------------------
Performs final model parameters optimization
Estimate model parameters (epsilon = 0.010)
1. Initial log-likelihood: -2502.752
Optimal log-likelihood: -2502.752
Rate parameters:  A-C: 1.00000  A-G: 5.24308  A-T: 1.00000  C-G: 1.00000  C-T: 5.24308  G-T: 1.00000
Base frequencies:  A: 0.250  C: 0.250  G: 0.250  T: 0.250
Proportion of invariable sites: 0.634
Parameters optimization took 1 rounds (0.001 sec)
BEST SCORE FOUND : -2502.752
Creating bootstrap support values...
Split supports printed to NEXUS file per_gene_alignments_codon/LOC101401971_.aln.splits.nex
Total tree length: 0.223

Total number of iterations: 102
CPU time used for tree search: 0.982 sec (0h:0m:0s)
Wall-clock time used for tree search: 1.731 sec (0h:0m:1s)
Total CPU time used: 1.360 sec (0h:0m:1s)
Total wall-clock time used: 2.678 sec (0h:0m:2s)

Computing bootstrap consensus tree...
Reading input file per_gene_alignments_codon/LOC101401971_.aln.splits.nex...
7 taxa and 16 splits.
Consensus tree written to per_gene_alignments_codon/LOC101401971_.aln.contree
Reading input trees file per_gene_alignments_codon/LOC101401971_.aln.contree
Log-likelihood of consensus tree: -2502.753

Analysis results written to: 
  IQ-TREE report:                per_gene_alignments_codon/LOC101401971_.aln.iqtree
  Maximum-likelihood tree:       per_gene_alignments_codon/LOC101401971_.aln.treefile
  Likelihood distances:          per_gene_alignments_codon/LOC101401971_.aln.mldist

Ultrafast bootstrap approximation results written to:
  Split support values:          per_gene_alignments_codon/LOC101401971_.aln.splits.nex
  Consensus tree:                per_gene_alignments_codon/LOC101401971_.aln.contree
  Screen log file:               per_gene_alignments_codon/LOC101401971_.aln.log

Date and Time: Thu Oct 30 21:35:12 2025
