IQ-TREE multicore version 2.3.3 COVID-edition for Linux x86 64-bit built Apr 25 2024
Developed by Bui Quang Minh, James Barbetti, Nguyen Lam Tung, Olga Chernomor,
Heiko Schmidt, Dominik Schrempf, Michael Woodhams, Ly Trong Nhan, Thomas Wong

Host:    morpheus-OptiPlex-5050 (AVX2, FMA3, 503 GB RAM)
Command: iqtree2 -s per_gene_alignments_codon/LOC101396798_.aln.fna -m MFP -T 1 -B 1000 --prefix per_gene_alignments_codon/LOC101396798_.aln
Seed:    61686 (Using SPRNG - Scalable Parallel Random Number Generator)
Time:    Thu Oct 30 21:31:37 2025
Kernel:  AVX+FMA - 1 threads (72 CPU cores detected)

HINT: Use -nt option to specify number of threads because your CPU has 72 cores!
HINT: -nt AUTO will automatically determine the best number of threads to use.

Reading alignment file per_gene_alignments_codon/LOC101396798_.aln.fna ... Fasta format detected
Reading fasta file: done in 0.000385046 secs using 99.73% CPU
Alignment most likely contains DNA/RNA sequences
Alignment has 7 sequences with 1269 columns, 92 distinct patterns
73 parsimony-informative, 143 singleton sites, 1053 constant sites
                     Gap/Ambiguity  Composition  p-value
Analyzing sequences: done in 1.78814e-05 secs using 95.07% CPU
   1  Ceratotherium_simum    0.00%    passed     96.51%
   2  Diceros_bicornis       0.00%    passed     94.69%
   3  Equus_asinus           0.00%    passed     96.36%
   4  Equus_quagga           0.00%    passed     97.90%
   5  Equus_caballus         0.00%    passed     99.16%
   6  Canis_lupus            0.24%    passed     82.20%
   7  Bos_taurus             1.89%    passed     61.97%
****  TOTAL                  0.30%  0 sequences failed composition chi2 test (p-value<5%; df=3)


Create initial parsimony tree by phylogenetic likelihood library (PLL)... 0.000 seconds
Perform fast likelihood tree search using GTR+I+G model...
Estimate model parameters (epsilon = 5.000)
Perform nearest neighbor interchange...
Estimate model parameters (epsilon = 1.000)
1. Initial log-likelihood: -2980.403
Optimal log-likelihood: -2980.393
Rate parameters:  A-C: 0.64691  A-G: 5.17954  A-T: 0.19826  C-G: 1.41917  C-T: 4.20859  G-T: 1.00000
Base frequencies:  A: 0.199  C: 0.338  G: 0.234  T: 0.229
Proportion of invariable sites: 0.412
Gamma shape alpha: 0.835
Parameters optimization took 1 rounds (0.002 sec)
Time for fast ML tree search: 0.041 seconds

NOTE: ModelFinder requires 0 MB RAM!
ModelFinder will test up to 484 DNA models (sample size: 1269) ...
 No. Model         -LnL         df  AIC          AICc         BIC
  1  GTR+F         2999.292     19  6036.584     6037.192     6134.358
  2  GTR+F+I       2980.701     20  6001.402     6002.075     6104.322
  3  GTR+F+G4      2980.488     20  6000.976     6001.649     6103.896
  4  GTR+F+I+G4    2980.392     21  6002.784     6003.525     6110.850
  5  GTR+F+R2      2981.086     21  6004.172     6004.913     6112.237
  6  GTR+F+R3      2980.598     23  6007.195     6008.082     6125.553
 14  GTR+F+I+R2    2980.670     22  6005.340     6006.152     6118.551
 15  GTR+F+I+R3    2980.460     24  6008.921     6009.885     6132.424
 24  SYM+I         3010.787     17  6055.574     6056.063     6143.055
 25  SYM+G4        3010.547     17  6055.093     6055.582     6142.575
 26  SYM+I+G4      3010.478     18  6056.955     6057.502     6149.583
 27  SYM+R2        3011.386     18  6058.773     6059.320     6151.400
 46  TVM+F+I       2981.253     19  6000.506     6001.115     6098.280
 47  TVM+F+G4      2981.034     19  6000.068     6000.677     6097.842
 48  TVM+F+I+G4    2980.932     20  6001.864     6002.537     6104.783
 49  TVM+F+R2      2981.623     20  6003.245     6003.919     6106.165
 68  TVMe+I        3010.809     16  6053.618     6054.052     6135.953
 69  TVMe+G4       3010.570     16  6053.139     6053.574     6135.475
 70  TVMe+I+G4     3010.503     17  6055.007     6055.496     6142.488
 71  TVMe+R2       3011.335     17  6056.671     6057.160     6144.153
 90  TIM3+F+I      2985.387     18  6006.773     6007.321     6099.401
 91  TIM3+F+G4     2985.324     18  6006.648     6007.195     6099.276
 92  TIM3+F+I+G4   2985.334     19  6008.669     6009.277     6106.443
 93  TIM3+F+R2     2986.145     19  6010.291     6010.899     6108.064
112  TIM3e+I       3017.255     15  6064.510     6064.893     6141.700
113  TIM3e+G4      3017.171     15  6064.342     6064.725     6141.532
114  TIM3e+I+G4    3017.168     16  6066.336     6066.771     6148.672
115  TIM3e+R2      3018.096     16  6068.192     6068.627     6150.528
134  TIM2+F+I      2982.428     18  6000.857     6001.404     6093.485
135  TIM2+F+G4     2982.223     18  6000.446     6000.993     6093.074
136  TIM2+F+I+G4   2982.129     19  6002.258     6002.866     6100.032
137  TIM2+F+R2     2982.796     19  6003.591     6004.200     6101.365
156  TIM2e+I       3014.450     15  6058.900     6059.283     6136.089
157  TIM2e+G4      3014.229     15  6058.457     6058.840     6135.647
158  TIM2e+I+G4    3014.163     16  6060.325     6060.760     6142.661
159  TIM2e+R2      3014.902     16  6061.803     6062.238     6144.139
178  TIM+F+I       2986.444     18  6008.889     6009.436     6101.516
179  TIM+F+G4      2986.359     18  6008.718     6009.265     6101.345
180  TIM+F+I+G4    2986.356     19  6010.712     6011.320     6108.486
181  TIM+F+R2      2987.153     19  6012.307     6012.915     6110.080
200  TIMe+I        3020.011     15  6070.021     6070.404     6147.211
201  TIMe+G4       3019.909     15  6069.818     6070.201     6147.008
202  TIMe+I+G4     3019.902     16  6071.804     6072.239     6154.140
203  TIMe+R2       3020.746     16  6073.491     6073.926     6155.827
222  TPM3u+F+I     2985.906     17  6005.812     6006.301     6093.293
223  TPM3u+F+G4    2985.821     17  6005.642     6006.131     6093.123
224  TPM3u+F+I+G4  2985.818     18  6007.636     6008.183     6100.263
225  TPM3u+F+R2    2986.622     18  6009.244     6009.792     6101.872
244  TPM3+I        3017.295     14  6062.590     6062.925     6134.634
245  TPM3+G4       3017.219     14  6062.438     6062.773     6134.482
246  TPM3+I+G4     3017.217     15  6064.435     6064.818     6141.625
247  TPM3+R2       3018.133     15  6066.266     6066.649     6143.456
266  TPM2u+F+I     2982.936     17  5999.871     6000.360     6087.353
267  TPM2u+F+G4    2982.723     17  5999.446     5999.935     6086.928
268  TPM2u+F+I+G4  2982.621     18  6001.242     6001.789     6093.870
269  TPM2u+F+R2    2983.274     18  6002.547     6003.094     6095.175
288  TPM2+I        3014.469     14  6056.939     6057.274     6128.982
289  TPM2+G4       3014.253     14  6056.506     6056.841     6128.550
290  TPM2+I+G4     3014.186     15  6058.373     6058.756     6135.562
291  TPM2+R2       3014.945     15  6059.890     6060.273     6137.080
310  K3Pu+F+I      2986.918     17  6007.836     6008.325     6095.318
311  K3Pu+F+G4     2986.812     17  6007.625     6008.114     6095.106
312  K3Pu+F+I+G4   2986.802     18  6009.603     6010.150     6102.231
313  K3Pu+F+R2     2987.477     18  6010.954     6011.501     6103.582
332  K3P+I         3020.048     14  6068.097     6068.432     6140.140
333  K3P+G4        3019.957     14  6067.913     6068.248     6139.957
334  K3P+I+G4      3019.953     15  6069.905     6070.288     6147.095
335  K3P+R2        3020.812     15  6071.623     6072.007     6148.813
354  TN+F+I        2986.834     17  6007.667     6008.156     6095.149
355  TN+F+G4       2986.756     17  6007.512     6008.002     6094.994
356  TN+F+I+G4     2986.754     18  6009.508     6010.056     6102.136
357  TN+F+R2       2987.455     18  6010.909     6011.456     6103.537
376  TNe+I         3020.634     14  6069.268     6069.603     6141.312
377  TNe+G4        3020.541     14  6069.082     6069.417     6141.126
378  TNe+I+G4      3020.534     15  6071.068     6071.451     6148.258
379  TNe+R2        3021.400     15  6072.799     6073.182     6149.989
398  HKY+F+I       2987.317     16  6006.634     6007.068     6088.969
399  HKY+F+G4      2987.219     16  6006.438     6006.873     6088.774
400  HKY+F+I+G4    2987.209     17  6008.418     6008.908     6095.900
401  HKY+F+R2      2987.893     17  6009.786     6010.275     6097.268
420  K2P+I         3020.669     13  6067.339     6067.629     6134.236
421  K2P+G4        3020.585     13  6067.171     6067.461     6134.069
422  K2P+I+G4      3020.581     14  6069.163     6069.498     6141.206
423  K2P+R2        3021.454     14  6070.907     6071.242     6142.951
442  F81+F+I       3053.464     15  6136.928     6137.311     6214.118
443  F81+F+G4      3053.701     15  6137.401     6137.784     6214.591
444  F81+F+I+G4    3053.779     16  6139.558     6139.992     6221.893
445  F81+F+R2      3054.859     16  6141.718     6142.153     6224.054
464  JC+I          3085.621     12  6195.243     6195.491     6256.995
465  JC+G4         3085.878     12  6195.756     6196.004     6257.508
466  JC+I+G4       3085.930     13  6197.860     6198.150     6264.758
467  JC+R2         3087.150     13  6200.300     6200.590     6267.197
Akaike Information Criterion:           TPM2u+F+G4
Corrected Akaike Information Criterion: TPM2u+F+G4
Bayesian Information Criterion:         TPM2u+F+G4
Best-fit model: TPM2u+F+G4 chosen according to BIC

All model information printed to per_gene_alignments_codon/LOC101396798_.aln.model.gz
CPU time for ModelFinder: 1.623 seconds (0h:0m:1s)
Wall-clock time for ModelFinder: 2.438 seconds (0h:0m:2s)
Generating 1000 samples for ultrafast bootstrap (seed: 61686)...

NOTE: 0 MB RAM (0 GB) is required!
Estimate model parameters (epsilon = 0.100)
1. Initial log-likelihood: -2982.723
Optimal log-likelihood: -2982.722
Rate parameters:  A-C: 0.39759  A-G: 3.75643  A-T: 0.39759  C-G: 1.00000  C-T: 3.75643  G-T: 1.00000
Base frequencies:  A: 0.199  C: 0.338  G: 0.234  T: 0.229
Gamma shape alpha: 0.241
Parameters optimization took 1 rounds (0.001 sec)
Wrote distance file to... 
Computing ML distances based on estimated model parameters...
Calculating distance matrix: done in 0.000546932 secs using 98.73% CPU
Computing ML distances took 0.000604 sec (of wall-clock time) 0.000603 sec (of CPU time)
Setting up auxiliary I and S matrices: done in 4.69685e-05 secs using 206.5% CPU
Computing RapidNJ tree took 0.000151 sec (of wall-clock time) 0.000296 sec (of CPU time)
Log-likelihood of RapidNJ tree: -2982.724
--------------------------------------------------------------------
|             INITIALIZING CANDIDATE TREE SET                      |
--------------------------------------------------------------------
Generating 99 parsimony trees... 0.067 second
Computing log-likelihood of 37 initial trees ... 0.036 seconds
Current best score: -2982.722

Do NNI search on 20 best initial trees
Estimate model parameters (epsilon = 0.100)
BETTER TREE FOUND at iteration 1: -2982.722
Iteration 10 / LogL: -2982.769 / Time: 0h:0m:2s
Iteration 20 / LogL: -2982.748 / Time: 0h:0m:2s
Finish initializing candidate tree set (1)
Current best tree score: -2982.722 / CPU time: 0.275
Number of iterations: 20
--------------------------------------------------------------------
|               OPTIMIZING CANDIDATE TREE SET                      |
--------------------------------------------------------------------
UPDATE BEST LOG-LIKELIHOOD: -2982.722
Iteration 30 / LogL: -2982.728 / Time: 0h:0m:2s (0h:0m:1s left)
UPDATE BEST LOG-LIKELIHOOD: -2982.722
UPDATE BEST LOG-LIKELIHOOD: -2982.722
Iteration 40 / LogL: -2982.723 / Time: 0h:0m:3s (0h:0m:0s left)
UPDATE BEST LOG-LIKELIHOOD: -2982.722
Iteration 50 / LogL: -2982.723 / Time: 0h:0m:3s (0h:0m:0s left)
Log-likelihood cutoff on original alignment: -3010.190
Iteration 60 / LogL: -2982.722 / Time: 0h:0m:3s (0h:0m:0s left)
Iteration 70 / LogL: -2982.722 / Time: 0h:0m:3s (0h:0m:0s left)
Iteration 80 / LogL: -2982.726 / Time: 0h:0m:3s (0h:0m:0s left)
Iteration 90 / LogL: -2982.725 / Time: 0h:0m:3s (0h:0m:0s left)
Iteration 100 / LogL: -2982.751 / Time: 0h:0m:3s (0h:0m:0s left)
Log-likelihood cutoff on original alignment: -3010.190
NOTE: Bootstrap correlation coefficient of split occurrence frequencies: 0.998
TREE SEARCH COMPLETED AFTER 102 ITERATIONS / Time: 0h:0m:3s

--------------------------------------------------------------------
|                    FINALIZING TREE SEARCH                        |
--------------------------------------------------------------------
Performs final model parameters optimization
Estimate model parameters (epsilon = 0.010)
1. Initial log-likelihood: -2982.722
Optimal log-likelihood: -2982.722
Rate parameters:  A-C: 0.39741  A-G: 3.75510  A-T: 0.39741  C-G: 1.00000  C-T: 3.75510  G-T: 1.00000
Base frequencies:  A: 0.199  C: 0.338  G: 0.234  T: 0.229
Gamma shape alpha: 0.240
Parameters optimization took 1 rounds (0.001 sec)
BEST SCORE FOUND : -2982.722
Creating bootstrap support values...
Split supports printed to NEXUS file per_gene_alignments_codon/LOC101396798_.aln.splits.nex
Total tree length: 0.254

Total number of iterations: 102
CPU time used for tree search: 1.103 sec (0h:0m:1s)
Wall-clock time used for tree search: 1.234 sec (0h:0m:1s)
Total CPU time used: 2.791 sec (0h:0m:2s)
Total wall-clock time used: 3.745 sec (0h:0m:3s)

Computing bootstrap consensus tree...
Reading input file per_gene_alignments_codon/LOC101396798_.aln.splits.nex...
7 taxa and 17 splits.
Consensus tree written to per_gene_alignments_codon/LOC101396798_.aln.contree
Reading input trees file per_gene_alignments_codon/LOC101396798_.aln.contree
Log-likelihood of consensus tree: -2982.724

Analysis results written to: 
  IQ-TREE report:                per_gene_alignments_codon/LOC101396798_.aln.iqtree
  Maximum-likelihood tree:       per_gene_alignments_codon/LOC101396798_.aln.treefile
  Likelihood distances:          per_gene_alignments_codon/LOC101396798_.aln.mldist

Ultrafast bootstrap approximation results written to:
  Split support values:          per_gene_alignments_codon/LOC101396798_.aln.splits.nex
  Consensus tree:                per_gene_alignments_codon/LOC101396798_.aln.contree
  Screen log file:               per_gene_alignments_codon/LOC101396798_.aln.log

Date and Time: Thu Oct 30 21:31:41 2025
