IQ-TREE multicore version 2.3.3 COVID-edition for Linux x86 64-bit built Apr 25 2024
Developed by Bui Quang Minh, James Barbetti, Nguyen Lam Tung, Olga Chernomor,
Heiko Schmidt, Dominik Schrempf, Michael Woodhams, Ly Trong Nhan, Thomas Wong

Host:    morpheus-OptiPlex-5050 (AVX2, FMA3, 503 GB RAM)
Command: iqtree2 -s per_gene_alignments_codon/LOC101407101_.aln.fna -m MFP -T 1 -B 1000 --prefix per_gene_alignments_codon/LOC101407101_.aln
Seed:    546753 (Using SPRNG - Scalable Parallel Random Number Generator)
Time:    Thu Oct 30 21:38:38 2025
Kernel:  AVX+FMA - 1 threads (72 CPU cores detected)

HINT: Use -nt option to specify number of threads because your CPU has 72 cores!
HINT: -nt AUTO will automatically determine the best number of threads to use.

Reading alignment file per_gene_alignments_codon/LOC101407101_.aln.fna ... Fasta format detected
Reading fasta file: done in 0.00142503 secs using 99.86% CPU
Alignment most likely contains DNA/RNA sequences
Alignment has 7 sequences with 5523 columns, 195 distinct patterns
492 parsimony-informative, 599 singleton sites, 4432 constant sites
                     Gap/Ambiguity  Composition  p-value
Analyzing sequences: done in 2.5034e-05 secs
   1  Ceratotherium_simum    0.00%    passed     99.91%
   2  Diceros_bicornis       0.00%    passed     99.90%
   3  Equus_asinus           0.00%    passed     70.56%
   4  Equus_quagga           0.00%    passed     72.72%
   5  Equus_caballus         0.00%    passed     70.72%
   6  Canis_lupus            0.00%    passed     20.13%
   7  Bos_taurus             0.00%    passed     52.44%
****  TOTAL                  0.00%  0 sequences failed composition chi2 test (p-value<5%; df=3)


Create initial parsimony tree by phylogenetic likelihood library (PLL)... 0.000 seconds
Perform fast likelihood tree search using GTR+I+G model...
Estimate model parameters (epsilon = 5.000)
Perform nearest neighbor interchange...
Estimate model parameters (epsilon = 1.000)
1. Initial log-likelihood: -13844.754
Optimal log-likelihood: -13844.489
Rate parameters:  A-C: 1.44546  A-G: 5.70288  A-T: 0.71403  C-G: 1.43576  C-T: 10.48047  G-T: 1.00000
Base frequencies:  A: 0.206  C: 0.318  G: 0.305  T: 0.171
Proportion of invariable sites: 0.392
Gamma shape alpha: 0.552
Parameters optimization took 1 rounds (0.006 sec)
Time for fast ML tree search: 0.170 seconds

NOTE: ModelFinder requires 1 MB RAM!
ModelFinder will test up to 484 DNA models (sample size: 5523) ...
 No. Model         -LnL         df  AIC          AICc         BIC
  1  GTR+F         14004.890    19  28047.781    28047.919    28173.498
  2  GTR+F+I       13839.514    20  27719.027    27719.180    27851.361
  3  GTR+F+G4      13841.436    20  27722.872    27723.025    27855.206
  4  GTR+F+I+G4    13844.471    21  27730.942    27731.110    27869.893
  5  GTR+F+R2      13839.737    21  27721.475    27721.643    27860.425
  6  GTR+F+R3      13840.020    23  27726.040    27726.241    27878.224
 14  GTR+F+I+R2    13841.005    22  27726.011    27726.195    27871.578
 15  GTR+F+I+R3    13841.544    24  27731.088    27731.307    27889.889
 24  SYM+I         14080.340    17  28194.681    28194.792    28307.164
 25  SYM+G4        14080.022    17  28194.044    28194.155    28306.527
 27  SYM+R2        14080.487    18  28196.974    28197.098    28316.074
 46  TVM+F+I       13861.167    19  27760.335    27760.473    27886.052
 47  TVM+F+G4      13862.376    19  27762.751    27762.889    27888.468
 49  TVM+F+R2      13861.307    20  27762.614    27762.766    27894.947
 68  TVMe+I        14089.788    16  28211.575    28211.674    28317.442
 69  TVMe+G4       14089.702    16  28211.403    28211.502    28317.270
 71  TVMe+R2       14089.810    17  28213.620    28213.731    28326.104
 90  TIM3+F+I      13839.830    18  27715.660    27715.784    27834.760
 91  TIM3+F+G4     13841.772    18  27719.543    27719.668    27838.644
 93  TIM3+F+R2     13840.077    19  27718.154    27718.292    27843.871
112  TIM3e+I       14086.226    15  28202.452    28202.539    28301.702
113  TIM3e+G4      14085.951    15  28201.902    28201.989    28301.152
115  TIM3e+R2      14086.329    16  28204.657    28204.756    28310.524
134  TIM2+F+I      13842.988    18  27721.975    27722.100    27841.076
135  TIM2+F+G4     13845.115    18  27726.229    27726.353    27845.329
137  TIM2+F+R2     13843.211    19  27724.423    27724.561    27850.139
156  TIM2e+I       14106.426    15  28242.853    28242.940    28342.103
157  TIM2e+G4      14106.794    15  28243.587    28243.674    28342.837
159  TIM2e+R2      14106.546    16  28245.092    28245.191    28350.959
178  TIM+F+I       13842.990    18  27721.981    27722.105    27841.081
179  TIM+F+G4      13845.132    18  27726.265    27726.389    27845.365
181  TIM+F+R2      13843.210    19  27724.420    27724.558    27850.137
200  TIMe+I        14107.760    15  28245.520    28245.607    28344.770
201  TIMe+G4       14108.317    15  28246.634    28246.721    28345.884
203  TIMe+R2       14107.898    16  28247.796    28247.895    28353.663
222  TPM3u+F+I     13861.475    17  27756.949    27757.061    27869.433
223  TPM3u+F+G4    13862.710    17  27759.421    27759.532    27871.904
225  TPM3u+F+R2    13861.657    18  27759.313    27759.437    27878.413
244  TPM3+I        14095.684    14  28219.368    28219.444    28312.001
245  TPM3+G4       14095.755    14  28219.510    28219.586    28312.143
247  TPM3+R2       14095.774    15  28221.547    28221.634    28320.797
266  TPM2u+F+I     13865.604    17  27765.209    27765.320    27877.692
267  TPM2u+F+G4    13866.990    17  27767.981    27768.092    27880.464
269  TPM2u+F+R2    13865.803    18  27767.606    27767.730    27886.706
288  TPM2+I        14115.585    14  28259.170    28259.246    28351.804
289  TPM2+G4       14116.027    14  28260.055    28260.131    28352.688
291  TPM2+R2       14115.720    15  28261.440    28261.527    28360.690
310  K3Pu+F+I      13865.556    17  27765.113    27765.224    27877.596
311  K3Pu+F+G4     13866.962    17  27767.923    27768.034    27880.407
313  K3Pu+F+R2     13865.738    18  27767.476    27767.601    27886.577
332  K3P+I         14117.033    14  28262.066    28262.142    28354.699
333  K3P+G4        14117.760    14  28263.520    28263.597    28356.154
335  K3P+R2        14117.195    15  28264.391    28264.478    28363.641
354  TN+F+I        13843.046    17  27720.093    27720.204    27832.576
355  TN+F+G4       13845.166    17  27724.332    27724.443    27836.816
357  TN+F+R2       13843.264    18  27722.528    27722.653    27841.629
376  TNe+I         14111.346    14  28250.691    28250.767    28343.324
377  TNe+G4        14111.795    14  28251.590    28251.667    28344.224
379  TNe+R2        14111.475    15  28252.950    28253.037    28352.200
398  HKY+F+I       13865.624    16  27763.249    27763.348    27869.116
399  HKY+F+G4      13867.006    16  27766.013    27766.111    27871.880
401  HKY+F+R2      13865.794    17  27765.588    27765.699    27878.071
420  K2P+I         14120.574    13  28267.147    28267.213    28353.164
421  K2P+G4        14121.178    13  28268.356    28268.422    28354.373
423  K2P+R2        14120.727    14  28269.454    28269.530    28362.087
442  F81+F+I       14267.266    15  28564.531    28564.618    28663.781
443  F81+F+G4      14269.294    15  28568.589    28568.676    28667.839
445  F81+F+R2      14267.520    16  28567.041    28567.140    28672.908
464  JC+I          14457.187    12  28938.374    28938.431    29017.774
465  JC+G4         14458.955    12  28941.910    28941.967    29021.311
467  JC+R2         14457.489    13  28940.979    28941.045    29026.995
Akaike Information Criterion:           TIM3+F+I
Corrected Akaike Information Criterion: TIM3+F+I
Bayesian Information Criterion:         TN+F+I
Best-fit model: TN+F+I chosen according to BIC

All model information printed to per_gene_alignments_codon/LOC101407101_.aln.model.gz
CPU time for ModelFinder: 2.157 seconds (0h:0m:2s)
Wall-clock time for ModelFinder: 3.610 seconds (0h:0m:3s)
Generating 1000 samples for ultrafast bootstrap (seed: 546753)...

NOTE: 0 MB RAM (0 GB) is required!
Estimate model parameters (epsilon = 0.100)
1. Initial log-likelihood: -13843.046
Optimal log-likelihood: -13843.045
Rate parameters:  A-C: 1.00000  A-G: 4.50762  A-T: 1.00000  C-G: 1.00000  C-T: 8.74181  G-T: 1.00000
Base frequencies:  A: 0.206  C: 0.318  G: 0.305  T: 0.171
Proportion of invariable sites: 0.687
Parameters optimization took 1 rounds (0.001 sec)
Wrote distance file to... 
Computing ML distances based on estimated model parameters...
Calculating distance matrix: done in 0.000183821 secs using 99.55% CPU
Computing ML distances took 0.000243 sec (of wall-clock time) 0.000250 sec (of CPU time)
Setting up auxiliary I and S matrices: done in 4.79221e-05 secs using 189.9% CPU
Computing RapidNJ tree took 0.000138 sec (of wall-clock time) 0.000277 sec (of CPU time)
Log-likelihood of RapidNJ tree: -13843.045
--------------------------------------------------------------------
|             INITIALIZING CANDIDATE TREE SET                      |
--------------------------------------------------------------------
Generating 99 parsimony trees... 0.142 second
Computing log-likelihood of 41 initial trees ... 0.030 seconds
Current best score: -13843.045

Do NNI search on 20 best initial trees
Estimate model parameters (epsilon = 0.100)
BETTER TREE FOUND at iteration 1: -13843.045
Iteration 10 / LogL: -13843.088 / Time: 0h:0m:3s
Iteration 20 / LogL: -13843.196 / Time: 0h:0m:4s
Finish initializing candidate tree set (1)
Current best tree score: -13843.045 / CPU time: 0.357
Number of iterations: 20
--------------------------------------------------------------------
|               OPTIMIZING CANDIDATE TREE SET                      |
--------------------------------------------------------------------
Iteration 30 / LogL: -13843.048 / Time: 0h:0m:4s (0h:0m:1s left)
Iteration 40 / LogL: -13843.169 / Time: 0h:0m:4s (0h:0m:0s left)
UPDATE BEST LOG-LIKELIHOOD: -13843.045
Iteration 50 / LogL: -13843.048 / Time: 0h:0m:4s (0h:0m:0s left)
Log-likelihood cutoff on original alignment: -13860.617
UPDATE BEST LOG-LIKELIHOOD: -13843.045
Iteration 60 / LogL: -13843.167 / Time: 0h:0m:4s (0h:0m:0s left)
UPDATE BEST LOG-LIKELIHOOD: -13843.045
Iteration 70 / LogL: -13843.045 / Time: 0h:0m:4s (0h:0m:0s left)
UPDATE BEST LOG-LIKELIHOOD: -13843.045
Iteration 80 / LogL: -13843.045 / Time: 0h:0m:4s (0h:0m:0s left)
Iteration 90 / LogL: -13843.045 / Time: 0h:0m:5s (0h:0m:0s left)
Iteration 100 / LogL: -13843.138 / Time: 0h:0m:5s (0h:0m:0s left)
Log-likelihood cutoff on original alignment: -13860.617
NOTE: Bootstrap correlation coefficient of split occurrence frequencies: 1.000
TREE SEARCH COMPLETED AFTER 102 ITERATIONS / Time: 0h:0m:5s

--------------------------------------------------------------------
|                    FINALIZING TREE SEARCH                        |
--------------------------------------------------------------------
Performs final model parameters optimization
Estimate model parameters (epsilon = 0.010)
1. Initial log-likelihood: -13843.045
Optimal log-likelihood: -13843.045
Rate parameters:  A-C: 1.00000  A-G: 4.50663  A-T: 1.00000  C-G: 1.00000  C-T: 8.73391  G-T: 1.00000
Base frequencies:  A: 0.206  C: 0.318  G: 0.305  T: 0.171
Proportion of invariable sites: 0.687
Parameters optimization took 1 rounds (0.001 sec)
BEST SCORE FOUND : -13843.045
Creating bootstrap support values...
Split supports printed to NEXUS file per_gene_alignments_codon/LOC101407101_.aln.splits.nex
Total tree length: 0.362

Total number of iterations: 102
CPU time used for tree search: 1.181 sec (0h:0m:1s)
Wall-clock time used for tree search: 1.545 sec (0h:0m:1s)
Total CPU time used: 3.425 sec (0h:0m:3s)
Total wall-clock time used: 5.244 sec (0h:0m:5s)

Computing bootstrap consensus tree...
Reading input file per_gene_alignments_codon/LOC101407101_.aln.splits.nex...
7 taxa and 15 splits.
Consensus tree written to per_gene_alignments_codon/LOC101407101_.aln.contree
Reading input trees file per_gene_alignments_codon/LOC101407101_.aln.contree
Log-likelihood of consensus tree: -13843.045

Analysis results written to: 
  IQ-TREE report:                per_gene_alignments_codon/LOC101407101_.aln.iqtree
  Maximum-likelihood tree:       per_gene_alignments_codon/LOC101407101_.aln.treefile
  Likelihood distances:          per_gene_alignments_codon/LOC101407101_.aln.mldist

Ultrafast bootstrap approximation results written to:
  Split support values:          per_gene_alignments_codon/LOC101407101_.aln.splits.nex
  Consensus tree:                per_gene_alignments_codon/LOC101407101_.aln.contree
  Screen log file:               per_gene_alignments_codon/LOC101407101_.aln.log

Date and Time: Thu Oct 30 21:38:44 2025
