IQ-TREE multicore version 2.3.3 COVID-edition for Linux x86 64-bit built Apr 25 2024
Developed by Bui Quang Minh, James Barbetti, Nguyen Lam Tung, Olga Chernomor,
Heiko Schmidt, Dominik Schrempf, Michael Woodhams, Ly Trong Nhan, Thomas Wong

Host:    morpheus-OptiPlex-5050 (AVX2, FMA3, 503 GB RAM)
Command: iqtree2 -s per_gene_alignments_codon/LOC101396198_.aln.fna -m MFP -T 1 -B 1000 --prefix per_gene_alignments_codon/LOC101396198_.aln
Seed:    519096 (Using SPRNG - Scalable Parallel Random Number Generator)
Time:    Thu Oct 30 21:31:12 2025
Kernel:  AVX+FMA - 1 threads (72 CPU cores detected)

HINT: Use -nt option to specify number of threads because your CPU has 72 cores!
HINT: -nt AUTO will automatically determine the best number of threads to use.

Reading alignment file per_gene_alignments_codon/LOC101396198_.aln.fna ... Fasta format detected
Reading fasta file: done in 0.000304937 secs using 49.52% CPU
Alignment most likely contains DNA/RNA sequences
Alignment has 7 sequences with 945 columns, 75 distinct patterns
71 parsimony-informative, 111 singleton sites, 763 constant sites
                     Gap/Ambiguity  Composition  p-value
Analyzing sequences: done in 1.81198e-05 secs using 44.15% CPU
   1  Ceratotherium_simum    0.32%    passed     94.93%
   2  Diceros_bicornis       0.32%    passed     95.65%
   3  Equus_asinus           0.00%    passed     99.61%
   4  Equus_quagga           0.00%    passed     99.63%
   5  Equus_caballus         0.00%    passed     99.10%
   6  Canis_lupus            0.00%    passed     30.64%
   7  Bos_taurus             0.00%    passed     46.29%
****  TOTAL                  0.09%  0 sequences failed composition chi2 test (p-value<5%; df=3)


Create initial parsimony tree by phylogenetic likelihood library (PLL)... 0.000 seconds
Perform fast likelihood tree search using GTR+I+G model...
Estimate model parameters (epsilon = 5.000)
Perform nearest neighbor interchange...
Estimate model parameters (epsilon = 1.000)
1. Initial log-likelihood: -2299.120
Optimal log-likelihood: -2299.066
Rate parameters:  A-C: 0.93009  A-G: 2.74525  A-T: 0.00010  C-G: 1.69234  C-T: 4.34157  G-T: 1.00000
Warning! Some parameters hit the boundaries
Base frequencies:  A: 0.250  C: 0.312  G: 0.314  T: 0.124
Proportion of invariable sites: 0.401
Gamma shape alpha: 0.735
Parameters optimization took 1 rounds (0.004 sec)
Time for fast ML tree search: 0.049 seconds

NOTE: ModelFinder requires 0 MB RAM!
ModelFinder will test up to 484 DNA models (sample size: 945) ...
 No. Model         -LnL         df  AIC          AICc         BIC
  1  GTR+F         2322.915     19  4683.830     4684.651     4776.002
  2  GTR+F+I       2298.542     20  4637.084     4637.993     4734.108
  3  GTR+F+G4      2298.692     20  4637.384     4638.293     4734.408
  4  GTR+F+I+G4    2298.896     21  4639.791     4640.792     4741.666
  5  GTR+F+R2      2299.421     21  4640.842     4641.843     4742.717
  6  GTR+F+R3      2298.963     23  4643.927     4645.125     4755.504
 14  GTR+F+I+R2    2298.663     22  4641.325     4642.423     4748.051
 15  GTR+F+I+R3    2298.701     24  4645.401     4646.706     4761.830
 24  SYM+I         2355.390     17  4744.780     4745.441     4827.251
 25  SYM+G4        2355.551     17  4745.103     4745.763     4827.573
 26  SYM+I+G4      2355.845     18  4747.689     4748.428     4835.010
 27  SYM+R2        2356.312     18  4748.624     4749.363     4835.945
 46  TVM+F+I       2300.805     19  4639.610     4640.431     4731.782
 47  TVM+F+G4      2300.927     19  4639.853     4640.675     4732.026
 48  TVM+F+I+G4    2301.014     20  4642.027     4642.937     4739.051
 49  TVM+F+R2      2301.619     20  4643.239     4644.148     4740.262
 68  TVMe+I        2355.399     16  4742.797     4743.384     4820.416
 69  TVMe+G4       2355.588     16  4743.176     4743.762     4820.795
 70  TVMe+I+G4     2355.984     17  4745.968     4746.628     4828.438
 71  TVMe+R2       2356.339     17  4746.678     4747.338     4829.148
 90  TIM3+F+I      2305.135     18  4646.269     4647.008     4733.590
 91  TIM3+F+G4     2305.196     18  4646.393     4647.131     4733.714
 92  TIM3+F+I+G4   2305.284     19  4648.568     4649.390     4740.741
 93  TIM3+F+R2     2305.912     19  4649.823     4650.645     4741.996
112  TIM3e+I       2363.884     15  4757.767     4758.284     4830.535
113  TIM3e+G4      2363.974     15  4757.947     4758.464     4830.715
114  TIM3e+I+G4    2364.068     16  4760.136     4760.722     4837.755
115  TIM3e+R2      2364.693     16  4761.385     4761.972     4839.004
134  TIM2+F+I      2305.323     18  4646.646     4647.385     4733.967
135  TIM2+F+G4     2305.409     18  4646.818     4647.556     4734.139
136  TIM2+F+I+G4   2305.532     19  4649.064     4649.886     4741.236
137  TIM2+F+R2     2306.194     19  4650.388     4651.210     4742.561
156  TIM2e+I       2374.050     15  4778.100     4778.617     4850.868
157  TIM2e+G4      2374.248     15  4778.497     4779.013     4851.264
158  TIM2e+I+G4    2374.412     16  4780.824     4781.410     4858.443
159  TIM2e+R2      2375.065     16  4782.130     4782.716     4859.749
178  TIM+F+I       2309.362     18  4654.724     4655.462     4742.045
179  TIM+F+G4      2309.432     18  4654.865     4655.604     4742.186
180  TIM+F+I+G4    2309.529     19  4657.059     4657.881     4749.231
181  TIM+F+R2      2310.159     19  4658.317     4659.139     4750.490
200  TIMe+I        2379.521     15  4789.041     4789.558     4861.809
201  TIMe+G4       2379.679     15  4789.359     4789.875     4862.126
202  TIMe+I+G4     2379.790     16  4791.580     4792.166     4869.199
203  TIMe+R2       2380.466     16  4792.931     4793.518     4870.550
222  TPM3u+F+I     2307.588     17  4649.177     4649.837     4731.647
223  TPM3u+F+G4    2307.499     17  4648.998     4649.659     4731.469
224  TPM3u+F+I+G4  2307.461     18  4650.923     4651.661     4738.244
225  TPM3u+F+R2    2307.963     18  4651.927     4652.665     4739.248
244  TPM3+I        2363.888     14  4755.777     4756.228     4823.693
245  TPM3+G4       2363.982     14  4755.963     4756.415     4823.880
246  TPM3+I+G4     2364.080     15  4758.161     4758.677     4830.928
247  TPM3+R2       2364.795     15  4759.591     4760.107     4832.358
266  TPM2u+F+I     2307.797     17  4649.595     4650.255     4732.065
267  TPM2u+F+G4    2307.857     17  4649.713     4650.374     4732.184
268  TPM2u+F+I+G4  2307.947     18  4651.894     4652.633     4739.216
269  TPM2u+F+R2    2308.608     18  4653.217     4653.956     4740.538
288  TPM2+I        2374.165     14  4776.331     4776.782     4844.247
289  TPM2+G4       2374.374     14  4776.747     4777.199     4844.664
290  TPM2+I+G4     2374.539     15  4779.077     4779.594     4851.845
291  TPM2+R2       2375.262     15  4780.523     4781.040     4853.291
310  K3Pu+F+I      2311.919     17  4657.838     4658.498     4740.308
311  K3Pu+F+G4     2311.907     17  4657.814     4658.474     4740.284
312  K3Pu+F+I+G4   2311.929     18  4659.858     4660.597     4747.179
313  K3Pu+F+R2     2312.537     18  4661.074     4661.813     4748.395
332  K3P+I         2379.603     14  4787.206     4787.657     4855.122
333  K3P+G4        2379.778     14  4787.556     4788.008     4855.473
334  K3P+I+G4      2379.892     15  4789.785     4790.301     4862.552
335  K3P+R2        2380.562     15  4791.124     4791.641     4863.892
354  TN+F+I        2310.444     17  4654.889     4655.549     4737.359
355  TN+F+G4       2310.461     17  4654.923     4655.583     4737.393
356  TN+F+I+G4     2310.510     18  4657.020     4657.759     4744.342
357  TN+F+R2       2311.098     18  4658.195     4658.934     4745.516
376  TNe+I         2381.217     14  4790.433     4790.885     4858.350
377  TNe+G4        2381.329     14  4790.658     4791.109     4858.574
378  TNe+I+G4      2381.405     15  4792.810     4793.327     4865.578
379  TNe+R2        2382.052     15  4794.105     4794.622     4866.873
398  HKY+F+I       2312.926     16  4657.851     4658.438     4735.470
399  HKY+F+G4      2312.860     16  4657.720     4658.306     4735.339
400  HKY+F+I+G4    2312.833     17  4659.666     4660.326     4742.136
401  HKY+F+R2      2313.395     17  4660.789     4661.450     4743.260
420  K2P+I         2381.300     13  4788.600     4788.991     4851.666
421  K2P+G4        2381.427     13  4788.853     4789.244     4851.918
422  K2P+I+G4      2381.508     14  4791.016     4791.468     4858.933
423  K2P+R2        2382.150     14  4792.300     4792.752     4860.217
442  F81+F+I       2339.917     15  4709.835     4710.351     4782.602
443  F81+F+G4      2340.049     15  4710.097     4710.614     4782.865
444  F81+F+I+G4    2340.150     16  4712.300     4712.887     4789.919
445  F81+F+R2      2340.738     16  4713.475     4714.062     4791.094
464  JC+I          2404.554     12  4833.108     4833.443     4891.322
465  JC+G4         2404.781     12  4833.561     4833.896     4891.775
466  JC+I+G4       2404.914     13  4835.828     4836.219     4898.894
467  JC+R2         2405.504     13  4837.008     4837.399     4900.073
Akaike Information Criterion:           GTR+F+I
Corrected Akaike Information Criterion: GTR+F+I
Bayesian Information Criterion:         TPM3u+F+G4
Best-fit model: TPM3u+F+G4 chosen according to BIC

All model information printed to per_gene_alignments_codon/LOC101396198_.aln.model.gz
CPU time for ModelFinder: 1.511 seconds (0h:0m:1s)
Wall-clock time for ModelFinder: 2.038 seconds (0h:0m:2s)
Generating 1000 samples for ultrafast bootstrap (seed: 519096)...

NOTE: 0 MB RAM (0 GB) is required!
Estimate model parameters (epsilon = 0.100)
1. Initial log-likelihood: -2307.499
Optimal log-likelihood: -2307.495
Rate parameters:  A-C: 3.24412  A-G: 8.32756  A-T: 1.00000  C-G: 3.24412  C-T: 8.32756  G-T: 1.00000
Base frequencies:  A: 0.250  C: 0.312  G: 0.314  T: 0.124
Gamma shape alpha: 0.213
Parameters optimization took 1 rounds (0.001 sec)
Wrote distance file to... 
Computing ML distances based on estimated model parameters...
Calculating distance matrix: done in 0.000549078 secs using 99.8% CPU
Computing ML distances took 0.000606 sec (of wall-clock time) 0.000611 sec (of CPU time)
Setting up auxiliary I and S matrices: done in 4.29153e-05 secs using 97.87% CPU
Computing RapidNJ tree took 0.000131 sec (of wall-clock time) 0.000131 sec (of CPU time)
Log-likelihood of RapidNJ tree: -2307.496
--------------------------------------------------------------------
|             INITIALIZING CANDIDATE TREE SET                      |
--------------------------------------------------------------------
Generating 99 parsimony trees... 0.070 second
Computing log-likelihood of 36 initial trees ... 0.026 seconds
Current best score: -2307.495

Do NNI search on 20 best initial trees
Estimate model parameters (epsilon = 0.100)
BETTER TREE FOUND at iteration 1: -2307.489
Iteration 10 / LogL: -2307.523 / Time: 0h:0m:2s
Iteration 20 / LogL: -2307.508 / Time: 0h:0m:2s
Finish initializing candidate tree set (1)
Current best tree score: -2307.489 / CPU time: 0.243
Number of iterations: 20
--------------------------------------------------------------------
|               OPTIMIZING CANDIDATE TREE SET                      |
--------------------------------------------------------------------
Iteration 30 / LogL: -2307.632 / Time: 0h:0m:2s (0h:0m:0s left)
UPDATE BEST LOG-LIKELIHOOD: -2307.489
Iteration 40 / LogL: -2307.504 / Time: 0h:0m:2s (0h:0m:0s left)
Iteration 50 / LogL: -2307.493 / Time: 0h:0m:2s (0h:0m:0s left)
Log-likelihood cutoff on original alignment: -2330.135
Iteration 60 / LogL: -2307.507 / Time: 0h:0m:2s (0h:0m:0s left)
Iteration 70 / LogL: -2307.508 / Time: 0h:0m:3s (0h:0m:0s left)
Iteration 80 / LogL: -2307.489 / Time: 0h:0m:3s (0h:0m:0s left)
Iteration 90 / LogL: -2307.493 / Time: 0h:0m:3s (0h:0m:0s left)
Iteration 100 / LogL: -2307.535 / Time: 0h:0m:3s (0h:0m:0s left)
Log-likelihood cutoff on original alignment: -2330.473
NOTE: Bootstrap correlation coefficient of split occurrence frequencies: 1.000
TREE SEARCH COMPLETED AFTER 102 ITERATIONS / Time: 0h:0m:3s

--------------------------------------------------------------------
|                    FINALIZING TREE SEARCH                        |
--------------------------------------------------------------------
Performs final model parameters optimization
Estimate model parameters (epsilon = 0.010)
1. Initial log-likelihood: -2307.489
Optimal log-likelihood: -2307.489
Rate parameters:  A-C: 3.36399  A-G: 8.62267  A-T: 1.00000  C-G: 3.36399  C-T: 8.62267  G-T: 1.00000
Base frequencies:  A: 0.250  C: 0.312  G: 0.314  T: 0.124
Gamma shape alpha: 0.211
Parameters optimization took 1 rounds (0.001 sec)
BEST SCORE FOUND : -2307.489
Creating bootstrap support values...
Split supports printed to NEXUS file per_gene_alignments_codon/LOC101396198_.aln.splits.nex
Total tree length: 0.313

Total number of iterations: 102
CPU time used for tree search: 1.237 sec (0h:0m:1s)
Wall-clock time used for tree search: 1.448 sec (0h:0m:1s)
Total CPU time used: 2.811 sec (0h:0m:2s)
Total wall-clock time used: 3.578 sec (0h:0m:3s)

Computing bootstrap consensus tree...
Reading input file per_gene_alignments_codon/LOC101396198_.aln.splits.nex...
7 taxa and 21 splits.
Consensus tree written to per_gene_alignments_codon/LOC101396198_.aln.contree
Reading input trees file per_gene_alignments_codon/LOC101396198_.aln.contree
Log-likelihood of consensus tree: -2307.490

Analysis results written to: 
  IQ-TREE report:                per_gene_alignments_codon/LOC101396198_.aln.iqtree
  Maximum-likelihood tree:       per_gene_alignments_codon/LOC101396198_.aln.treefile
  Likelihood distances:          per_gene_alignments_codon/LOC101396198_.aln.mldist

Ultrafast bootstrap approximation results written to:
  Split support values:          per_gene_alignments_codon/LOC101396198_.aln.splits.nex
  Consensus tree:                per_gene_alignments_codon/LOC101396198_.aln.contree
  Screen log file:               per_gene_alignments_codon/LOC101396198_.aln.log

Date and Time: Thu Oct 30 21:31:16 2025
