IQ-TREE multicore version 2.3.3 COVID-edition for Linux x86 64-bit built Apr 25 2024
Developed by Bui Quang Minh, James Barbetti, Nguyen Lam Tung, Olga Chernomor,
Heiko Schmidt, Dominik Schrempf, Michael Woodhams, Ly Trong Nhan, Thomas Wong

Host:    morpheus-OptiPlex-5050 (AVX2, FMA3, 503 GB RAM)
Command: iqtree2 -s per_gene_alignments_codon/LOC101407194_.aln.fna -m MFP -T 1 -B 1000 --prefix per_gene_alignments_codon/LOC101407194_.aln
Seed:    797725 (Using SPRNG - Scalable Parallel Random Number Generator)
Time:    Thu Oct 30 21:38:41 2025
Kernel:  AVX+FMA - 1 threads (72 CPU cores detected)

HINT: Use -nt option to specify number of threads because your CPU has 72 cores!
HINT: -nt AUTO will automatically determine the best number of threads to use.

Reading alignment file per_gene_alignments_codon/LOC101407194_.aln.fna ... Fasta format detected
Reading fasta file: done in 0.000328064 secs
Alignment most likely contains DNA/RNA sequences
Alignment has 7 sequences with 1056 columns, 57 distinct patterns
40 parsimony-informative, 74 singleton sites, 942 constant sites
                     Gap/Ambiguity  Composition  p-value
Analyzing sequences: done in 1.50204e-05 secs
   1  Ceratotherium_simum    0.00%    passed     99.05%
   2  Diceros_bicornis       0.00%    passed     99.42%
   3  Equus_asinus           0.00%    passed     94.07%
   4  Equus_quagga           0.00%    passed     96.04%
   5  Equus_caballus         0.00%    passed     91.92%
   6  Canis_lupus            0.00%    passed     88.72%
   7  Bos_taurus             0.00%    passed     94.50%
****  TOTAL                  0.00%  0 sequences failed composition chi2 test (p-value<5%; df=3)


Create initial parsimony tree by phylogenetic likelihood library (PLL)... 0.000 seconds
Perform fast likelihood tree search using GTR+I+G model...
Estimate model parameters (epsilon = 5.000)

WARNING: Estimated model parameters are at boundary that can cause numerical instability!

Perform nearest neighbor interchange...
Estimate model parameters (epsilon = 1.000)
1. Initial log-likelihood: -2147.089
Optimal log-likelihood: -2147.011
Rate parameters:  A-C: 9.37687  A-G: 59.42891  A-T: 0.61870  C-G: 45.47870  C-T: 99.93861  G-T: 1.00000
Base frequencies:  A: 0.243  C: 0.309  G: 0.267  T: 0.181
Proportion of invariable sites: 0.443
Gamma shape alpha: 0.336
Parameters optimization took 1 rounds (0.004 sec)

WARNING: Estimated model parameters are at boundary that can cause numerical instability!

Time for fast ML tree search: 0.085 seconds

NOTE: ModelFinder requires 0 MB RAM!
ModelFinder will test up to 484 DNA models (sample size: 1056) ...
 No. Model         -LnL         df  AIC          AICc         BIC
  1  GTR+F         2166.684     19  4371.367     4372.101     4465.650
  2  GTR+F+I       2147.231     20  4334.462     4335.274     4433.707
  3  GTR+F+G4      2147.399     20  4334.799     4335.610     4434.044
  4  GTR+F+I+G4    2147.045     21  4336.089     4336.983     4440.296
  5  GTR+F+R2      2147.674     21  4337.348     4338.241     4441.555
  6  GTR+F+R3      2147.233     23  4340.467     4341.536     4454.598
 14  GTR+F+I+R2    2147.384     22  4338.769     4339.749     4447.938
 15  GTR+F+I+R3    2147.077     24  4342.155     4343.319     4461.248
 24  SYM+I         2164.402     17  4362.805     4363.394     4447.163
 25  SYM+G4        2164.384     17  4362.767     4363.357     4447.125
 26  SYM+I+G4      2164.204     18  4364.407     4365.067     4453.727
 27  SYM+R2        2164.749     18  4365.498     4366.158     4454.819
 46  TVM+F+I       2148.843     19  4335.687     4336.420     4429.969
 47  TVM+F+G4      2148.981     19  4335.962     4336.696     4430.245
 48  TVM+F+I+G4    2148.851     20  4337.701     4338.513     4436.946
 49  TVM+F+R2      2149.627     20  4339.253     4340.065     4438.498
 68  TVMe+I        2165.035     16  4362.071     4362.594     4441.466
 69  TVMe+G4       2165.086     16  4362.171     4362.695     4441.567
 70  TVMe+I+G4     2164.984     17  4363.967     4364.557     4448.326
 71  TVMe+R2       2165.693     17  4365.386     4365.975     4449.744
 90  TIM3+F+I      2155.297     18  4346.594     4347.253     4435.914
 91  TIM3+F+G4     2155.539     18  4347.077     4347.737     4436.398
 92  TIM3+F+I+G4   2155.048     19  4348.096     4348.830     4442.379
 93  TIM3+F+R2     2155.416     19  4348.833     4349.566     4443.115
112  TIM3e+I       2173.376     15  4376.751     4377.213     4451.185
113  TIM3e+G4      2173.365     15  4376.729     4377.191     4451.163
114  TIM3e+I+G4    2173.103     16  4378.206     4378.729     4457.602
115  TIM3e+R2      2173.700     16  4379.401     4379.925     4458.797
134  TIM2+F+I      2156.013     18  4348.026     4348.686     4437.347
135  TIM2+F+G4     2156.592     18  4349.184     4349.844     4438.504
136  TIM2+F+I+G4   2155.960     19  4349.921     4350.654     4444.203
137  TIM2+F+R2     2156.613     19  4351.226     4351.960     4445.509
156  TIM2e+I       2178.440     15  4386.881     4387.342     4461.314
157  TIM2e+G4      2178.516     15  4387.031     4387.493     4461.465
158  TIM2e+I+G4    2178.432     16  4388.863     4389.387     4468.259
159  TIM2e+R2      2179.103     16  4390.207     4390.730     4469.602
178  TIM+F+I       2158.030     18  4352.059     4352.719     4441.379
179  TIM+F+G4      2158.605     18  4353.210     4353.869     4442.530
180  TIM+F+I+G4    2157.847     19  4353.695     4354.428     4447.977
181  TIM+F+R2      2158.289     19  4354.577     4355.311     4448.860
200  TIMe+I        2180.850     15  4391.700     4392.161     4466.133
201  TIMe+G4       2180.935     15  4391.871     4392.332     4466.304
202  TIMe+I+G4     2180.720     16  4393.440     4393.964     4472.836
203  TIMe+R2       2181.268     16  4394.536     4395.060     4473.932
222  TPM3u+F+I     2156.815     17  4347.630     4348.220     4431.988
223  TPM3u+F+G4    2157.071     17  4348.142     4348.732     4432.500
224  TPM3u+F+I+G4  2156.743     18  4349.486     4350.146     4438.806
225  TPM3u+F+R2    2157.396     18  4350.791     4351.451     4440.111
244  TPM3+I        2174.000     14  4376.000     4376.404     4445.472
245  TPM3+G4       2173.994     14  4375.988     4376.391     4445.459
246  TPM3+I+G4     2173.862     15  4377.725     4378.187     4452.159
247  TPM3+R2       2174.536     15  4379.073     4379.534     4453.506
266  TPM2u+F+I     2157.811     17  4349.622     4350.212     4433.980
267  TPM2u+F+G4    2158.327     17  4350.653     4351.243     4435.012
268  TPM2u+F+I+G4  2157.932     18  4351.864     4352.524     4441.185
269  TPM2u+F+R2    2158.804     18  4353.609     4354.268     4442.929
288  TPM2+I        2178.944     14  4385.889     4386.292     4455.360
289  TPM2+G4       2179.043     14  4386.086     4386.490     4455.558
290  TPM2+I+G4     2179.050     15  4388.099     4388.561     4462.533
291  TPM2+R2       2179.808     15  4389.617     4390.078     4464.050
310  K3Pu+F+I      2159.721     17  4353.442     4354.032     4437.800
311  K3Pu+F+G4     2160.287     17  4354.573     4355.163     4438.931
312  K3Pu+F+I+G4   2159.726     18  4355.452     4356.112     4444.773
313  K3Pu+F+R2     2160.325     18  4356.650     4357.310     4445.971
332  K3P+I         2181.319     14  4390.638     4391.041     4460.109
333  K3P+G4        2181.438     14  4390.876     4391.280     4460.348
334  K3P+I+G4      2181.297     15  4392.595     4393.056     4467.028
335  K3P+R2        2181.919     15  4393.837     4394.299     4468.271
354  TN+F+I        2164.010     17  4362.020     4362.610     4446.379
355  TN+F+G4       2164.754     17  4363.508     4364.098     4447.866
356  TN+F+I+G4     2163.837     18  4363.675     4364.334     4452.995
357  TN+F+R2       2164.268     18  4364.536     4365.195     4453.856
376  TNe+I         2187.312     14  4402.624     4403.027     4472.095
377  TNe+G4        2187.442     14  4402.883     4403.287     4472.355
378  TNe+I+G4      2187.167     15  4404.335     4404.796     4478.768
379  TNe+R2        2187.616     15  4405.232     4405.693     4479.665
398  HKY+F+I       2165.718     16  4363.436     4363.960     4442.832
399  HKY+F+G4      2166.437     16  4364.874     4365.398     4444.270
400  HKY+F+I+G4    2165.694     17  4365.388     4365.977     4449.746
401  HKY+F+R2      2166.279     17  4366.558     4367.148     4450.916
420  K2P+I         2187.799     13  4401.598     4401.948     4466.108
421  K2P+G4        2187.969     13  4401.938     4402.288     4466.447
422  K2P+I+G4      2187.757     14  4403.514     4403.918     4472.986
423  K2P+R2        2188.296     14  4404.592     4404.995     4474.063
442  F81+F+I       2194.048     15  4418.095     4418.557     4492.529
443  F81+F+G4      2194.172     15  4418.344     4418.806     4492.778
444  F81+F+I+G4    2194.167     16  4420.335     4420.859     4499.731
445  F81+F+R2      2194.861     16  4421.722     4422.245     4501.118
464  JC+I          2213.097     12  4450.194     4450.493     4509.741
465  JC+G4         2213.126     12  4450.251     4450.551     4509.798
466  JC+I+G4       2213.214     13  4452.427     4452.776     4516.936
467  JC+R2         2213.895     13  4453.790     4454.139     4518.299
Akaike Information Criterion:           GTR+F+I
Corrected Akaike Information Criterion: GTR+F+I
Bayesian Information Criterion:         TVM+F+I
Best-fit model: TVM+F+I chosen according to BIC

All model information printed to per_gene_alignments_codon/LOC101407194_.aln.model.gz
CPU time for ModelFinder: 2.099 seconds (0h:0m:2s)
Wall-clock time for ModelFinder: 4.784 seconds (0h:0m:4s)
Generating 1000 samples for ultrafast bootstrap (seed: 797725)...

NOTE: 0 MB RAM (0 GB) is required!
Estimate model parameters (epsilon = 0.100)
1. Initial log-likelihood: -2148.843
Optimal log-likelihood: -2148.843
Rate parameters:  A-C: 4.65302  A-G: 40.16769  A-T: 0.37633  C-G: 23.69534  C-T: 40.16769  G-T: 1.00000
Base frequencies:  A: 0.243  C: 0.309  G: 0.267  T: 0.181
Proportion of invariable sites: 0.775
Parameters optimization took 1 rounds (0.013 sec)
Wrote distance file to... 
Computing ML distances based on estimated model parameters...
Calculating distance matrix: done in 0.0001719 secs using 98.31% CPU
Computing ML distances took 0.000208 sec (of wall-clock time) 0.000214 sec (of CPU time)
Setting up auxiliary I and S matrices: done in 5.00679e-05 secs using 95.87% CPU
Computing RapidNJ tree took 0.000138 sec (of wall-clock time) 0.000137 sec (of CPU time)
Log-likelihood of RapidNJ tree: -2149.642
--------------------------------------------------------------------
|             INITIALIZING CANDIDATE TREE SET                      |
--------------------------------------------------------------------
Generating 98 parsimony trees... 0.063 second
Computing log-likelihood of 50 initial trees ... 0.021 seconds
Current best score: -2148.843

Do NNI search on 20 best initial trees
Estimate model parameters (epsilon = 0.100)
BETTER TREE FOUND at iteration 1: -2148.843
UPDATE BEST LOG-LIKELIHOOD: -2148.843
UPDATE BEST LOG-LIKELIHOOD: -2148.843
UPDATE BEST LOG-LIKELIHOOD: -2148.843
Iteration 10 / LogL: -2148.843 / Time: 0h:0m:4s
UPDATE BEST LOG-LIKELIHOOD: -2148.843
Iteration 20 / LogL: -2148.843 / Time: 0h:0m:5s
Finish initializing candidate tree set (3)
Current best tree score: -2148.843 / CPU time: 0.218
Number of iterations: 20
--------------------------------------------------------------------
|               OPTIMIZING CANDIDATE TREE SET                      |
--------------------------------------------------------------------
UPDATE BEST LOG-LIKELIHOOD: -2148.843
UPDATE BEST LOG-LIKELIHOOD: -2148.843
Iteration 30 / LogL: -2148.843 / Time: 0h:0m:5s (0h:0m:1s left)
UPDATE BEST LOG-LIKELIHOOD: -2148.843
Iteration 40 / LogL: -2148.843 / Time: 0h:0m:5s (0h:0m:0s left)
UPDATE BEST LOG-LIKELIHOOD: -2148.843
Iteration 50 / LogL: -2148.843 / Time: 0h:0m:5s (0h:0m:0s left)
Log-likelihood cutoff on original alignment: -2168.371
UPDATE BEST LOG-LIKELIHOOD: -2148.843
Iteration 60 / LogL: -2148.843 / Time: 0h:0m:5s (0h:0m:0s left)
Iteration 70 / LogL: -2148.845 / Time: 0h:0m:6s (0h:0m:0s left)
Iteration 80 / LogL: -2157.943 / Time: 0h:0m:6s (0h:0m:0s left)
Iteration 90 / LogL: -2148.843 / Time: 0h:0m:6s (0h:0m:0s left)
Iteration 100 / LogL: -2157.943 / Time: 0h:0m:6s (0h:0m:0s left)
Log-likelihood cutoff on original alignment: -2168.372
NOTE: Bootstrap correlation coefficient of split occurrence frequencies: 0.999
TREE SEARCH COMPLETED AFTER 102 ITERATIONS / Time: 0h:0m:6s

--------------------------------------------------------------------
|                    FINALIZING TREE SEARCH                        |
--------------------------------------------------------------------
Performs final model parameters optimization
Estimate model parameters (epsilon = 0.010)
1. Initial log-likelihood: -2148.843
Optimal log-likelihood: -2148.843
Rate parameters:  A-C: 4.65699  A-G: 40.16292  A-T: 0.38197  C-G: 23.69454  C-T: 40.16292  G-T: 1.00000
Base frequencies:  A: 0.243  C: 0.309  G: 0.267  T: 0.181
Proportion of invariable sites: 0.775
Parameters optimization took 1 rounds (0.001 sec)
BEST SCORE FOUND : -2148.843
Creating bootstrap support values...
Split supports printed to NEXUS file per_gene_alignments_codon/LOC101407194_.aln.splits.nex
Total tree length: 0.158

Total number of iterations: 102
CPU time used for tree search: 0.982 sec (0h:0m:0s)
Wall-clock time used for tree search: 1.652 sec (0h:0m:1s)
Total CPU time used: 3.147 sec (0h:0m:3s)
Total wall-clock time used: 6.544 sec (0h:0m:6s)

Computing bootstrap consensus tree...
Reading input file per_gene_alignments_codon/LOC101407194_.aln.splits.nex...
7 taxa and 30 splits.
Consensus tree written to per_gene_alignments_codon/LOC101407194_.aln.contree
Reading input trees file per_gene_alignments_codon/LOC101407194_.aln.contree
Log-likelihood of consensus tree: -2148.847

Analysis results written to: 
  IQ-TREE report:                per_gene_alignments_codon/LOC101407194_.aln.iqtree
  Maximum-likelihood tree:       per_gene_alignments_codon/LOC101407194_.aln.treefile
  Likelihood distances:          per_gene_alignments_codon/LOC101407194_.aln.mldist

Ultrafast bootstrap approximation results written to:
  Split support values:          per_gene_alignments_codon/LOC101407194_.aln.splits.nex
  Consensus tree:                per_gene_alignments_codon/LOC101407194_.aln.contree
  Screen log file:               per_gene_alignments_codon/LOC101407194_.aln.log

Date and Time: Thu Oct 30 21:38:48 2025
