IQ-TREE multicore version 2.3.3 COVID-edition for Linux x86 64-bit built Apr 25 2024
Developed by Bui Quang Minh, James Barbetti, Nguyen Lam Tung, Olga Chernomor,
Heiko Schmidt, Dominik Schrempf, Michael Woodhams, Ly Trong Nhan, Thomas Wong

Host:    morpheus-OptiPlex-5050 (AVX2, FMA3, 503 GB RAM)
Command: iqtree2 -s per_gene_alignments_codon/LOC101390240_.aln.fna -m MFP -T 1 -B 1000 --prefix per_gene_alignments_codon/LOC101390240_.aln
Seed:    45819 (Using SPRNG - Scalable Parallel Random Number Generator)
Time:    Thu Oct 30 21:27:05 2025
Kernel:  AVX+FMA - 1 threads (72 CPU cores detected)

HINT: Use -nt option to specify number of threads because your CPU has 72 cores!
HINT: -nt AUTO will automatically determine the best number of threads to use.

Reading alignment file per_gene_alignments_codon/LOC101390240_.aln.fna ... Fasta format detected
Reading fasta file: done in 0.000494957 secs
Alignment most likely contains DNA/RNA sequences
Alignment has 7 sequences with 1638 columns, 241 distinct patterns
133 parsimony-informative, 392 singleton sites, 1113 constant sites
                     Gap/Ambiguity  Composition  p-value
Analyzing sequences: done in 2.09808e-05 secs
   1  Ceratotherium_simum    9.16%    passed     45.38%
   2  Diceros_bicornis       1.47%    passed     94.97%
   3  Equus_asinus           0.00%    passed     99.72%
   4  Equus_quagga           0.00%    passed     98.62%
   5  Equus_caballus         0.00%    passed     99.35%
   6  Canis_lupus            2.01%    passed     71.36%
   7  Bos_taurus             6.23%    passed     59.58%
****  TOTAL                  2.69%  0 sequences failed composition chi2 test (p-value<5%; df=3)


Create initial parsimony tree by phylogenetic likelihood library (PLL)... 0.000 seconds
Perform fast likelihood tree search using GTR+I+G model...
Estimate model parameters (epsilon = 5.000)
Perform nearest neighbor interchange...
Estimate model parameters (epsilon = 1.000)
1. Initial log-likelihood: -4932.447
Optimal log-likelihood: -4932.433
Rate parameters:  A-C: 1.14762  A-G: 1.81227  A-T: 1.03075  C-G: 1.39305  C-T: 2.76550  G-T: 1.00000
Base frequencies:  A: 0.161  C: 0.382  G: 0.340  T: 0.117
Proportion of invariable sites: 0.341
Gamma shape alpha: 2.429
Parameters optimization took 1 rounds (0.005 sec)
Time for fast ML tree search: 0.062 seconds

NOTE: ModelFinder requires 1 MB RAM!
ModelFinder will test up to 484 DNA models (sample size: 1638) ...
 No. Model         -LnL         df  AIC          AICc         BIC
  1  GTR+F         4964.408     19  9966.816     9967.286     10069.439
  2  GTR+F+I       4933.098     20  9906.195     9906.715     10014.220
  3  GTR+F+G4      4932.376     20  9904.752     9905.271     10012.776
  4  GTR+F+I+G4    4932.430     21  9906.861     9907.432     10020.286
  5  GTR+F+R2      4932.817     21  9907.633     9908.205     10021.059
  6  GTR+F+R3      4932.420     23  9910.841     9911.525     10035.069
 14  GTR+F+I+R2    4932.546     22  9909.092     9909.718     10027.919
 15  GTR+F+I+R3    4932.449     24  9912.898     9913.642     10042.527
 24  SYM+I         5140.990     17  10315.979    10316.357    10407.800
 25  SYM+G4        5140.962     17  10315.925    10316.302    10407.745
 26  SYM+I+G4      5140.885     18  10317.770    10318.192    10414.992
 27  SYM+R2        5141.199     18  10318.399    10318.821    10415.621
 46  TVM+F+I       4936.211     19  9910.422     9910.892     10013.046
 47  TVM+F+G4      4935.844     19  9909.687     9910.157     10012.310
 48  TVM+F+I+G4    4935.781     20  9911.562     9912.082     10019.587
 49  TVM+F+R2      4936.248     20  9912.496     9913.015     10020.521
 68  TVMe+I        5141.257     16  10314.514    10314.849    10400.933
 69  TVMe+G4       5141.342     16  10314.684    10315.019    10401.104
 70  TVMe+I+G4     5141.175     17  10316.350    10316.728    10408.171
 71  TVMe+R2       5141.621     17  10317.242    10317.620    10409.063
 90  TIM3+F+I      4933.855     18  9903.710     9904.132     10000.932
 91  TIM3+F+G4     4933.093     18  9902.187     9902.609     9999.409
 92  TIM3+F+I+G4   4933.156     19  9904.311     9904.781     10006.935
 93  TIM3+F+R2     4933.556     19  9905.113     9905.582     10007.736
112  TIM3e+I       5157.256     15  10344.513    10344.809    10425.531
113  TIM3e+G4      5157.082     15  10344.165    10344.461    10425.183
114  TIM3e+I+G4    5157.072     16  10346.144    10346.479    10432.563
115  TIM3e+R2      5157.363     16  10346.727    10347.062    10433.146
134  TIM2+F+I      4934.403     18  9904.806     9905.229     10002.029
135  TIM2+F+G4     4933.603     18  9903.206     9903.628     10000.428
136  TIM2+F+I+G4   4933.671     19  9905.341     9905.811     10007.965
137  TIM2+F+R2     4934.077     19  9906.155     9906.624     10008.778
156  TIM2e+I       5174.182     15  10378.365    10378.661    10459.383
157  TIM2e+G4      5174.804     15  10379.608    10379.904    10460.627
158  TIM2e+I+G4    5174.305     16  10380.609    10380.945    10467.029
159  TIM2e+R2      5174.946     16  10381.892    10382.228    10468.312
178  TIM+F+I       4933.865     18  9903.729     9904.152     10000.951
179  TIM+F+G4      4933.060     18  9902.120     9902.542     9999.342
180  TIM+F+I+G4    4933.133     19  9904.266     9904.735     10006.889
181  TIM+F+R2      4933.533     19  9905.066     9905.536     10007.690
200  TIMe+I        5169.352     15  10368.705    10369.001    10449.723
201  TIMe+G4       5169.770     15  10369.540    10369.836    10450.559
202  TIMe+I+G4     5169.418     16  10370.835    10371.171    10457.255
203  TIMe+R2       5169.930     16  10371.860    10372.195    10458.280
222  TPM3u+F+I     4936.921     17  9907.842     9908.220     9999.663
223  TPM3u+F+G4    4936.516     17  9907.031     9907.409     9998.852
224  TPM3u+F+I+G4  4936.455     18  9908.910     9909.333     10006.133
225  TPM3u+F+R2    4936.944     18  9909.887     9910.310     10007.110
244  TPM3+I        5157.627     14  10343.253    10343.512    10418.870
245  TPM3+G4       5157.585     14  10343.170    10343.429    10418.787
246  TPM3+I+G4     5157.490     15  10344.979    10345.275    10425.998
247  TPM3+R2       5157.903     15  10345.806    10346.102    10426.824
266  TPM2u+F+I     4937.702     17  9909.403     9909.781     10001.224
267  TPM2u+F+G4    4937.289     17  9908.578     9908.956     10000.399
268  TPM2u+F+I+G4  4937.233     18  9910.467     9910.889     10007.689
269  TPM2u+F+R2    4937.711     18  9911.421     9911.844     10008.643
288  TPM2+I        5174.334     14  10376.668    10376.926    10452.285
289  TPM2+G4       5175.026     14  10378.052    10378.311    10453.669
290  TPM2+I+G4     5174.480     15  10378.960    10379.256    10459.979
291  TPM2+R2       5175.142     15  10380.283    10380.579    10461.302
310  K3Pu+F+I      4937.083     17  9908.167     9908.544     9999.987
311  K3Pu+F+G4     4936.655     17  9907.310     9907.687     9999.131
312  K3Pu+F+I+G4   4936.607     18  9909.214     9909.636     10006.436
313  K3Pu+F+R2     4937.068     18  9910.136     9910.559     10007.359
332  K3P+I         5169.563     14  10367.127    10367.386    10442.744
333  K3P+G4        5170.067     14  10368.134    10368.393    10443.752
334  K3P+I+G4      5169.661     15  10369.321    10369.617    10450.340
335  K3P+R2        5170.198     15  10370.395    10370.691    10451.414
354  TN+F+I        4935.044     17  9904.089     9904.466     9995.909
355  TN+F+G4       4934.183     17  9902.366     9902.744     9994.187
356  TN+F+I+G4     4934.260     18  9904.521     9904.943     10001.743
357  TN+F+R2       4934.676     18  9905.353     9905.775     10002.575
376  TNe+I         5187.236     14  10402.471    10402.730    10478.088
377  TNe+G4        5187.699     14  10403.399    10403.657    10479.016
378  TNe+I+G4      5187.307     15  10404.614    10404.910    10485.632
379  TNe+R2        5187.873     15  10405.747    10406.043    10486.765
398  HKY+F+I       4938.284     16  9908.567     9908.903     9994.987
399  HKY+F+G4      4937.814     16  9907.628     9907.963     9994.047
400  HKY+F+I+G4    4937.766     17  9909.531     9909.909     10001.352
401  HKY+F+R2      4938.271     17  9910.543     9910.921     10002.364
420  K2P+I         5187.458     13  10400.916    10401.141    10471.132
421  K2P+G4        5188.011     13  10402.022    10402.246    10472.238
422  K2P+I+G4      5187.562     14  10403.124    10403.383    10478.741
423  K2P+R2        5188.151     14  10404.301    10404.560    10479.919
442  F81+F+I       4955.012     15  9940.023     9940.319     10021.042
443  F81+F+G4      4954.774     15  9939.548     9939.844     10020.567
444  F81+F+I+G4    4954.701     16  9941.401     9941.737     10027.821
445  F81+F+R2      4955.073     16  9942.146     9942.482     10028.566
464  JC+I          5190.508     12  10405.016    10405.208    10469.830
465  JC+G4         5191.104     12  10406.207    10406.399    10471.022
466  JC+I+G4       5190.622     13  10407.245    10407.469    10477.461
467  JC+R2         5191.266     13  10408.532    10408.756    10478.748
Akaike Information Criterion:           TIM+F+G4
Corrected Akaike Information Criterion: TIM+F+G4
Bayesian Information Criterion:         HKY+F+G4
Best-fit model: HKY+F+G4 chosen according to BIC

All model information printed to per_gene_alignments_codon/LOC101390240_.aln.model.gz
CPU time for ModelFinder: 1.573 seconds (0h:0m:1s)
Wall-clock time for ModelFinder: 2.276 seconds (0h:0m:2s)
Generating 1000 samples for ultrafast bootstrap (seed: 45819)...

NOTE: 1 MB RAM (0 GB) is required!
Estimate model parameters (epsilon = 0.100)
1. Initial log-likelihood: -4937.814
Optimal log-likelihood: -4937.812
Rate parameters:  A-C: 1.00000  A-G: 1.78995  A-T: 1.00000  C-G: 1.00000  C-T: 1.78995  G-T: 1.00000
Base frequencies:  A: 0.161  C: 0.382  G: 0.340  T: 0.117
Gamma shape alpha: 0.618
Parameters optimization took 1 rounds (0.002 sec)
Wrote distance file to... 
Computing ML distances based on estimated model parameters...
Calculating distance matrix: done in 0.000524044 secs using 99.99% CPU
Computing ML distances took 0.000595 sec (of wall-clock time) 0.000600 sec (of CPU time)
Setting up auxiliary I and S matrices: done in 4.69685e-05 secs using 204.4% CPU
Computing RapidNJ tree took 0.000140 sec (of wall-clock time) 0.000272 sec (of CPU time)
Log-likelihood of RapidNJ tree: -4937.815
--------------------------------------------------------------------
|             INITIALIZING CANDIDATE TREE SET                      |
--------------------------------------------------------------------
Generating 99 parsimony trees... 0.108 second
Computing log-likelihood of 39 initial trees ... 0.053 seconds
Current best score: -4937.812

Do NNI search on 20 best initial trees
Estimate model parameters (epsilon = 0.100)
BETTER TREE FOUND at iteration 1: -4937.812
Iteration 10 / LogL: -4938.071 / Time: 0h:0m:2s
Iteration 20 / LogL: -4937.860 / Time: 0h:0m:2s
Finish initializing candidate tree set (1)
Current best tree score: -4937.812 / CPU time: 0.321
Number of iterations: 20
--------------------------------------------------------------------
|               OPTIMIZING CANDIDATE TREE SET                      |
--------------------------------------------------------------------
UPDATE BEST LOG-LIKELIHOOD: -4937.812
Iteration 30 / LogL: -4937.812 / Time: 0h:0m:2s (0h:0m:1s left)
UPDATE BEST LOG-LIKELIHOOD: -4937.812
Iteration 40 / LogL: -4937.812 / Time: 0h:0m:3s (0h:0m:1s left)
Iteration 50 / LogL: -4937.818 / Time: 0h:0m:3s (0h:0m:1s left)
Log-likelihood cutoff on original alignment: -4954.436
UPDATE BEST LOG-LIKELIHOOD: -4937.812
Iteration 60 / LogL: -4938.056 / Time: 0h:0m:3s (0h:0m:0s left)
Iteration 70 / LogL: -4938.253 / Time: 0h:0m:3s (0h:0m:0s left)
Iteration 80 / LogL: -4938.043 / Time: 0h:0m:3s (0h:0m:0s left)
Iteration 90 / LogL: -4938.055 / Time: 0h:0m:4s (0h:0m:0s left)
UPDATE BEST LOG-LIKELIHOOD: -4937.812
Iteration 100 / LogL: -4938.045 / Time: 0h:0m:4s (0h:0m:0s left)
Log-likelihood cutoff on original alignment: -4946.833
NOTE: Bootstrap correlation coefficient of split occurrence frequencies: 1.000
TREE SEARCH COMPLETED AFTER 102 ITERATIONS / Time: 0h:0m:4s

--------------------------------------------------------------------
|                    FINALIZING TREE SEARCH                        |
--------------------------------------------------------------------
Performs final model parameters optimization
Estimate model parameters (epsilon = 0.010)
1. Initial log-likelihood: -4937.812
Optimal log-likelihood: -4937.812
Rate parameters:  A-C: 1.00000  A-G: 1.78853  A-T: 1.00000  C-G: 1.00000  C-T: 1.78853  G-T: 1.00000
Base frequencies:  A: 0.161  C: 0.382  G: 0.340  T: 0.117
Gamma shape alpha: 0.620
Parameters optimization took 1 rounds (0.002 sec)
BEST SCORE FOUND : -4937.812
Creating bootstrap support values...
Split supports printed to NEXUS file per_gene_alignments_codon/LOC101390240_.aln.splits.nex
Total tree length: 0.565

Total number of iterations: 102
CPU time used for tree search: 1.701 sec (0h:0m:1s)
Wall-clock time used for tree search: 2.098 sec (0h:0m:2s)
Total CPU time used: 3.393 sec (0h:0m:3s)
Total wall-clock time used: 4.494 sec (0h:0m:4s)

Computing bootstrap consensus tree...
Reading input file per_gene_alignments_codon/LOC101390240_.aln.splits.nex...
7 taxa and 13 splits.
Consensus tree written to per_gene_alignments_codon/LOC101390240_.aln.contree
Reading input trees file per_gene_alignments_codon/LOC101390240_.aln.contree
Log-likelihood of consensus tree: -4937.814

Analysis results written to: 
  IQ-TREE report:                per_gene_alignments_codon/LOC101390240_.aln.iqtree
  Maximum-likelihood tree:       per_gene_alignments_codon/LOC101390240_.aln.treefile
  Likelihood distances:          per_gene_alignments_codon/LOC101390240_.aln.mldist

Ultrafast bootstrap approximation results written to:
  Split support values:          per_gene_alignments_codon/LOC101390240_.aln.splits.nex
  Consensus tree:                per_gene_alignments_codon/LOC101390240_.aln.contree
  Screen log file:               per_gene_alignments_codon/LOC101390240_.aln.log

Date and Time: Thu Oct 30 21:27:10 2025
