IQ-TREE multicore version 2.3.3 COVID-edition for Linux x86 64-bit built Apr 25 2024
Developed by Bui Quang Minh, James Barbetti, Nguyen Lam Tung, Olga Chernomor,
Heiko Schmidt, Dominik Schrempf, Michael Woodhams, Ly Trong Nhan, Thomas Wong

Host:    morpheus-OptiPlex-5050 (AVX2, FMA3, 503 GB RAM)
Command: iqtree2 -s per_gene_alignments_codon/LOC101395229_.aln.fna -m MFP -T 1 -B 1000 --prefix per_gene_alignments_codon/LOC101395229_.aln
Seed:    370380 (Using SPRNG - Scalable Parallel Random Number Generator)
Time:    Thu Oct 30 21:30:32 2025
Kernel:  AVX+FMA - 1 threads (72 CPU cores detected)

HINT: Use -nt option to specify number of threads because your CPU has 72 cores!
HINT: -nt AUTO will automatically determine the best number of threads to use.

Reading alignment file per_gene_alignments_codon/LOC101395229_.aln.fna ... Fasta format detected
Reading fasta file: done in 0.00018692 secs using 49.22% CPU
Alignment most likely contains DNA/RNA sequences
Alignment has 7 sequences with 447 columns, 82 distinct patterns
67 parsimony-informative, 69 singleton sites, 311 constant sites
                     Gap/Ambiguity  Composition  p-value
Analyzing sequences: done in 1.5974e-05 secs using 43.82% CPU
   1  Ceratotherium_simum    0.00%    passed     43.97%
   2  Diceros_bicornis       0.00%    passed     36.88%
   3  Equus_asinus           0.00%    passed     25.34%
   4  Equus_quagga           0.00%    passed     25.34%
   5  Equus_caballus         0.00%    passed     25.34%
   6  Canis_lupus            1.34%    passed     42.99%
   7  Bos_taurus             0.00%    passed     57.78%
****  TOTAL                  0.19%  0 sequences failed composition chi2 test (p-value<5%; df=3)
NOTE: Equus_quagga is identical to Equus_asinus but kept for subsequent analysis
NOTE: 1 identical sequences (see below) will be ignored for subsequent analysis
NOTE: Equus_caballus (identical to Equus_asinus) is ignored but added at the end
Alignment was printed to per_gene_alignments_codon/LOC101395229_.aln.uniqueseq.phy

For your convenience alignment with unique sequences printed to per_gene_alignments_codon/LOC101395229_.aln.uniqueseq.phy


Create initial parsimony tree by phylogenetic likelihood library (PLL)... 0.000 seconds
Perform fast likelihood tree search using GTR+I+G model...
Estimate model parameters (epsilon = 5.000)
Perform nearest neighbor interchange...
Estimate model parameters (epsilon = 1.000)
1. Initial log-likelihood: -1396.902
Optimal log-likelihood: -1396.878
Rate parameters:  A-C: 1.08357  A-G: 2.35738  A-T: 0.48176  C-G: 0.95573  C-T: 3.38204  G-T: 1.00000
Base frequencies:  A: 0.260  C: 0.223  G: 0.237  T: 0.280
Proportion of invariable sites: 0.343
Gamma shape alpha: 0.909
Parameters optimization took 1 rounds (0.022 sec)
Time for fast ML tree search: 0.029 seconds

NOTE: ModelFinder requires 0 MB RAM!
ModelFinder will test up to 484 DNA models (sample size: 447) ...
 No. Model         -LnL         df  AIC          AICc         BIC
  1  GTR+F         1420.159     17  2874.319     2875.746     2944.062
  2  GTR+F+I       1395.433     18  2826.866     2828.464     2900.712
  3  GTR+F+G4      1396.681     18  2829.362     2830.960     2903.208
  4  GTR+F+I+G4    1396.873     19  2831.746     2833.526     2909.695
  5  GTR+F+R2      1397.962     19  2833.925     2835.704     2911.873
  6  GTR+F+R3      1396.895     21  2835.790     2837.964     2921.944
 14  GTR+F+I+R2    1396.137     20  2832.274     2834.246     2914.325
 15  GTR+F+I+R3    1396.009     22  2836.018     2838.405     2926.274
 24  SYM+I         1399.462     15  2828.925     2830.038     2890.463
 25  SYM+G4        1400.281     15  2830.562     2831.675     2892.100
 26  SYM+I+G4      1400.370     16  2832.740     2834.005     2898.381
 46  TVM+F+I       1396.269     17  2826.538     2827.965     2896.282
 47  TVM+F+G4      1397.533     17  2829.066     2830.493     2898.810
 48  TVM+F+I+G4    1397.705     18  2831.410     2833.008     2905.256
 68  TVMe+I        1400.192     14  2828.383     2829.355     2885.819
 69  TVMe+G4       1401.056     14  2830.112     2831.084     2887.548
 70  TVMe+I+G4     1401.132     15  2832.263     2833.377     2893.802
 90  TIM3+F+I      1396.325     16  2824.651     2825.916     2890.292
 91  TIM3+F+G4     1397.524     16  2827.048     2828.313     2892.689
 92  TIM3+F+I+G4   1397.688     17  2829.376     2830.802     2899.119
112  TIM3e+I       1400.029     13  2826.058     2826.898     2879.391
113  TIM3e+G4      1400.845     13  2827.691     2828.532     2881.024
114  TIM3e+I+G4    1400.919     14  2829.838     2830.811     2887.274
134  TIM2+F+I      1396.822     16  2825.644     2826.909     2891.285
135  TIM2+F+G4     1397.826     16  2827.652     2828.917     2893.293
136  TIM2+F+I+G4   1397.965     17  2829.930     2831.357     2899.674
156  TIM2e+I       1400.052     13  2826.103     2826.944     2879.436
157  TIM2e+G4      1400.799     13  2827.597     2828.438     2880.930
158  TIM2e+I+G4    1400.872     14  2829.744     2830.716     2887.180
178  TIM+F+I       1396.598     16  2825.196     2826.461     2890.837
179  TIM+F+G4      1397.499     16  2826.998     2828.264     2892.639
180  TIM+F+I+G4    1397.602     17  2829.204     2830.630     2898.947
200  TIMe+I        1399.886     13  2825.772     2826.613     2879.106
201  TIMe+G4       1400.528     13  2827.055     2827.896     2880.389
202  TIMe+I+G4     1400.575     14  2829.150     2830.122     2886.586
222  TPM3u+F+I     1397.242     15  2824.485     2825.598     2886.023
223  TPM3u+F+G4    1398.389     15  2826.779     2827.892     2888.317
224  TPM3u+F+I+G4  1398.529     16  2829.059     2830.324     2894.700
244  TPM3+I        1400.801     12  2825.602     2826.321     2874.833
245  TPM3+G4       1401.624     12  2827.249     2827.967     2876.479
246  TPM3+I+G4     1401.685     13  2829.371     2830.212     2882.704
266  TPM2u+F+I     1397.605     15  2825.210     2826.324     2886.749
267  TPM2u+F+G4    1398.666     15  2827.332     2828.446     2888.871
268  TPM2u+F+I+G4  1398.789     16  2829.578     2830.843     2895.219
288  TPM2+I        1400.775     12  2825.551     2826.270     2874.782
289  TPM2+G4       1401.585     12  2827.171     2827.890     2876.401
290  TPM2+I+G4     1401.647     13  2829.293     2830.134     2882.627
310  K3Pu+F+I      1397.405     15  2824.809     2825.923     2886.348
311  K3Pu+F+G4     1398.332     15  2826.663     2827.777     2888.202
312  K3Pu+F+I+G4   1398.423     16  2828.845     2830.110     2894.486
332  K3P+I         1400.615     12  2825.231     2825.950     2874.462
333  K3P+G4        1401.296     12  2826.592     2827.311     2875.823
334  K3P+I+G4      1401.335     13  2828.671     2829.511     2882.004
354  TN+F+I        1397.309     15  2824.618     2825.731     2886.156
355  TN+F+G4       1398.218     15  2826.436     2827.549     2887.974
356  TN+F+I+G4     1398.319     16  2828.639     2829.904     2894.280
376  TNe+I         1400.298     12  2824.597     2825.316     2873.827
377  TNe+G4        1400.985     12  2825.969     2826.688     2875.200
378  TNe+I+G4      1401.036     13  2828.071     2828.912     2881.404
398  HKY+F+I       1398.131     14  2824.262     2825.234     2881.698
399  HKY+F+G4      1399.053     14  2826.106     2827.078     2883.542
400  HKY+F+I+G4    1399.140     15  2828.280     2829.393     2889.818
420  K2P+I         1401.043     11  2824.085     2824.692     2869.213
421  K2P+G4        1401.763     11  2825.526     2826.133     2870.655
422  K2P+I+G4      1401.805     12  2827.609     2828.328     2876.840
442  F81+F+I       1419.232     13  2864.464     2865.305     2917.797
443  F81+F+G4      1420.474     13  2866.947     2867.788     2920.280
444  F81+F+I+G4    1420.457     14  2868.914     2869.886     2926.350
464  JC+I          1421.130     10  2862.259     2862.764     2903.285
465  JC+G4         1422.265     10  2864.529     2865.034     2905.555
466  JC+I+G4       1422.224     11  2866.448     2867.054     2911.576
Akaike Information Criterion:           K2P+I
Corrected Akaike Information Criterion: K2P+I
Bayesian Information Criterion:         K2P+I
Best-fit model: K2P+I chosen according to BIC

All model information printed to per_gene_alignments_codon/LOC101395229_.aln.model.gz
CPU time for ModelFinder: 0.329 seconds (0h:0m:0s)
Wall-clock time for ModelFinder: 1.078 seconds (0h:0m:1s)
Generating 1000 samples for ultrafast bootstrap (seed: 370380)...

NOTE: 0 MB RAM (0 GB) is required!
Estimate model parameters (epsilon = 0.100)
1. Initial log-likelihood: -1401.043
Optimal log-likelihood: -1401.042
Rate parameters:  A-C: 1.00000  A-G: 3.13465  A-T: 1.00000  C-G: 1.00000  C-T: 3.13465  G-T: 1.00000
Base frequencies:  A: 0.250  C: 0.250  G: 0.250  T: 0.250
Proportion of invariable sites: 0.556
Parameters optimization took 1 rounds (0.001 sec)
Wrote distance file to... 
Computing ML distances based on estimated model parameters...
Calculating distance matrix: done in 0.000128031 secs using 98.41% CPU
Computing ML distances took 0.000175 sec (of wall-clock time) 0.000180 sec (of CPU time)
Setting up auxiliary I and S matrices: done in 4.69685e-05 secs using 97.94% CPU
Computing RapidNJ tree took 0.000143 sec (of wall-clock time) 0.000142 sec (of CPU time)
Log-likelihood of RapidNJ tree: -1401.043
--------------------------------------------------------------------
|             INITIALIZING CANDIDATE TREE SET                      |
--------------------------------------------------------------------
Generating 99 parsimony trees... 0.086 second
Computing log-likelihood of 6 initial trees ... 0.001 seconds
Current best score: -1401.042

Do NNI search on 7 best initial trees
Finish initializing candidate tree set (8)
Current best tree score: -1401.042 / CPU time: 0.176
Number of iterations: 7
--------------------------------------------------------------------
|               OPTIMIZING CANDIDATE TREE SET                      |
--------------------------------------------------------------------
Iteration 10 / LogL: -1407.784 / Time: 0h:0m:1s
UPDATE BEST LOG-LIKELIHOOD: -1401.042
Iteration 20 / LogL: -1401.326 / Time: 0h:0m:1s
UPDATE BEST LOG-LIKELIHOOD: -1401.042
Iteration 30 / LogL: -1401.257 / Time: 0h:0m:2s (0h:0m:2s left)
UPDATE BEST LOG-LIKELIHOOD: -1401.042
Iteration 40 / LogL: -1401.196 / Time: 0h:0m:2s (0h:0m:1s left)
UPDATE BEST LOG-LIKELIHOOD: -1401.042
Iteration 50 / LogL: -1401.187 / Time: 0h:0m:2s (0h:0m:1s left)
Log-likelihood cutoff on original alignment: -1410.637
UPDATE BEST LOG-LIKELIHOOD: -1401.042
Iteration 60 / LogL: -1401.094 / Time: 0h:0m:2s (0h:0m:1s left)
UPDATE BEST LOG-LIKELIHOOD: -1401.042
Iteration 70 / LogL: -1401.748 / Time: 0h:0m:2s (0h:0m:0s left)
UPDATE BEST LOG-LIKELIHOOD: -1401.042
Iteration 80 / LogL: -1407.784 / Time: 0h:0m:3s (0h:0m:0s left)
Iteration 90 / LogL: -1407.819 / Time: 0h:0m:3s (0h:0m:0s left)
Iteration 100 / LogL: -1401.353 / Time: 0h:0m:3s (0h:0m:0s left)
Log-likelihood cutoff on original alignment: -1410.792
NOTE: Bootstrap correlation coefficient of split occurrence frequencies: 0.998
TREE SEARCH COMPLETED AFTER 101 ITERATIONS / Time: 0h:0m:3s

--------------------------------------------------------------------
|                    FINALIZING TREE SEARCH                        |
--------------------------------------------------------------------
Performs final model parameters optimization
Estimate model parameters (epsilon = 0.010)
1. Initial log-likelihood: -1401.042
Optimal log-likelihood: -1401.042
Rate parameters:  A-C: 1.00000  A-G: 3.13371  A-T: 1.00000  C-G: 1.00000  C-T: 3.13371  G-T: 1.00000
Base frequencies:  A: 0.250  C: 0.250  G: 0.250  T: 0.250
Proportion of invariable sites: 0.556
Parameters optimization took 1 rounds (0.001 sec)
BEST SCORE FOUND : -1401.042
Creating bootstrap support values...
Split supports printed to NEXUS file per_gene_alignments_codon/LOC101395229_.aln.splits.nex
Total tree length: 0.552

Total number of iterations: 101
CPU time used for tree search: 0.890 sec (0h:0m:0s)
Wall-clock time used for tree search: 2.135 sec (0h:0m:2s)
Total CPU time used: 1.303 sec (0h:0m:1s)
Total wall-clock time used: 3.452 sec (0h:0m:3s)

Computing bootstrap consensus tree...
Reading input file per_gene_alignments_codon/LOC101395229_.aln.splits.nex...
6 taxa and 14 splits.
Consensus tree written to per_gene_alignments_codon/LOC101395229_.aln.contree
Reading input trees file per_gene_alignments_codon/LOC101395229_.aln.contree
Log-likelihood of consensus tree: -1401.044

Analysis results written to: 
  IQ-TREE report:                per_gene_alignments_codon/LOC101395229_.aln.iqtree
  Maximum-likelihood tree:       per_gene_alignments_codon/LOC101395229_.aln.treefile
  Likelihood distances:          per_gene_alignments_codon/LOC101395229_.aln.mldist

Ultrafast bootstrap approximation results written to:
  Split support values:          per_gene_alignments_codon/LOC101395229_.aln.splits.nex
  Consensus tree:                per_gene_alignments_codon/LOC101395229_.aln.contree
  Screen log file:               per_gene_alignments_codon/LOC101395229_.aln.log

Date and Time: Thu Oct 30 21:30:36 2025
