IQ-TREE multicore version 2.3.3 COVID-edition for Linux x86 64-bit built Apr 25 2024
Developed by Bui Quang Minh, James Barbetti, Nguyen Lam Tung, Olga Chernomor,
Heiko Schmidt, Dominik Schrempf, Michael Woodhams, Ly Trong Nhan, Thomas Wong

Host:    morpheus-OptiPlex-5050 (AVX2, FMA3, 503 GB RAM)
Command: iqtree2 -s per_gene_alignments_codon/LOC101403758_.aln.fna -m MFP -T 1 -B 1000 --prefix per_gene_alignments_codon/LOC101403758_.aln
Seed:    390865 (Using SPRNG - Scalable Parallel Random Number Generator)
Time:    Thu Oct 30 21:36:24 2025
Kernel:  AVX+FMA - 1 threads (72 CPU cores detected)

HINT: Use -nt option to specify number of threads because your CPU has 72 cores!
HINT: -nt AUTO will automatically determine the best number of threads to use.

Reading alignment file per_gene_alignments_codon/LOC101403758_.aln.fna ... Fasta format detected
Reading fasta file: done in 0.00061512 secs
Alignment most likely contains DNA/RNA sequences
Alignment has 7 sequences with 2229 columns, 148 distinct patterns
201 parsimony-informative, 259 singleton sites, 1769 constant sites
                     Gap/Ambiguity  Composition  p-value
Analyzing sequences: done in 2.40803e-05 secs
   1  Ceratotherium_simum    0.00%    passed     98.44%
   2  Diceros_bicornis       1.62%    passed     96.76%
   3  Equus_asinus           0.40%    passed     96.40%
   4  Equus_quagga           0.00%    passed     96.60%
   5  Equus_caballus         0.00%    passed     96.06%
   6  Canis_lupus            0.00%    passed     89.31%
   7  Bos_taurus             1.48%    passed     93.36%
****  TOTAL                  0.50%  0 sequences failed composition chi2 test (p-value<5%; df=3)


Create initial parsimony tree by phylogenetic likelihood library (PLL)... 0.000 seconds
Perform fast likelihood tree search using GTR+I+G model...
Estimate model parameters (epsilon = 5.000)
Perform nearest neighbor interchange...
Estimate model parameters (epsilon = 1.000)
1. Initial log-likelihood: -5687.049
Optimal log-likelihood: -5687.047
Rate parameters:  A-C: 1.65879  A-G: 5.54166  A-T: 0.45104  C-G: 2.28353  C-T: 6.21313  G-T: 1.00000
Base frequencies:  A: 0.295  C: 0.204  G: 0.247  T: 0.255
Proportion of invariable sites: 0.395
Gamma shape alpha: 2.108
Parameters optimization took 1 rounds (0.002 sec)
Time for fast ML tree search: 0.082 seconds

NOTE: ModelFinder requires 0 MB RAM!
ModelFinder will test up to 484 DNA models (sample size: 2229) ...
 No. Model         -LnL         df  AIC          AICc         BIC
  1  GTR+F         5710.128     19  11458.256    11458.600    11566.733
  2  GTR+F+I       5686.920     20  11413.841    11414.221    11528.027
  3  GTR+F+G4      5687.095     20  11414.191    11414.571    11528.377
  4  GTR+F+I+G4    5687.042     21  11416.083    11416.502    11535.979
  5  GTR+F+R2      5687.107     21  11416.214    11416.633    11536.109
  6  GTR+F+R3      5687.092     23  11420.185    11420.685    11551.499
 14  GTR+F+I+R2    5687.075     22  11418.151    11418.609    11543.755
 15  GTR+F+I+R3    5687.063     24  11422.126    11422.670    11559.149
 24  SYM+I         5704.791     17  11443.581    11443.858    11540.639
 25  SYM+G4        5704.983     17  11443.965    11444.242    11541.023
 26  SYM+I+G4      5704.902     18  11445.804    11446.113    11548.571
 27  SYM+R2        5705.041     18  11446.083    11446.392    11548.850
 46  TVM+F+I       5687.244     19  11412.488    11412.832    11520.965
 47  TVM+F+G4      5687.484     19  11412.969    11413.313    11521.446
 48  TVM+F+I+G4    5687.411     20  11414.822    11415.202    11529.008
 49  TVM+F+R2      5687.518     20  11415.037    11415.417    11529.223
 68  TVMe+I        5705.059     16  11442.118    11442.364    11533.467
 69  TVMe+G4       5705.201     16  11442.403    11442.649    11533.752
 70  TVMe+I+G4     5705.139     17  11444.278    11444.554    11541.336
 71  TVMe+R2       5705.286     17  11444.573    11444.849    11541.631
 90  TIM3+F+I      5691.456     18  11418.913    11419.222    11521.680
 91  TIM3+F+G4     5691.470     18  11418.941    11419.250    11521.709
 92  TIM3+F+I+G4   5691.429     19  11420.858    11421.202    11529.335
 93  TIM3+F+R2     5691.681     19  11421.361    11421.705    11529.838
112  TIM3e+I       5707.845     15  11445.690    11445.907    11531.329
113  TIM3e+G4      5707.891     15  11445.782    11445.999    11531.422
114  TIM3e+I+G4    5707.846     16  11447.692    11447.938    11539.041
115  TIM3e+R2      5708.049     16  11448.099    11448.345    11539.448
134  TIM2+F+I      5702.776     18  11441.551    11441.861    11544.319
135  TIM2+F+G4     5702.968     18  11441.936    11442.245    11544.703
136  TIM2+F+I+G4   5702.889     19  11443.779    11444.123    11552.256
137  TIM2+F+R2     5703.038     19  11444.076    11444.420    11552.553
156  TIM2e+I       5715.972     15  11461.944    11462.161    11547.583
157  TIM2e+G4      5716.142     15  11462.285    11462.502    11547.924
158  TIM2e+I+G4    5716.064     16  11464.127    11464.373    11555.476
159  TIM2e+R2      5716.212     16  11464.425    11464.671    11555.774
178  TIM+F+I       5705.746     18  11447.492    11447.801    11550.259
179  TIM+F+G4      5705.770     18  11447.540    11447.850    11550.308
180  TIM+F+I+G4    5705.721     19  11449.442    11449.786    11557.918
181  TIM+F+R2      5705.958     19  11449.915    11450.259    11558.392
200  TIMe+I        5717.724     15  11465.448    11465.665    11551.088
201  TIMe+G4       5717.746     15  11465.492    11465.709    11551.131
202  TIMe+I+G4     5717.697     16  11467.394    11467.640    11558.743
203  TIMe+R2       5717.922     16  11467.844    11468.090    11559.193
222  TPM3u+F+I     5691.814     17  11417.629    11417.905    11514.687
223  TPM3u+F+G4    5691.886     17  11417.772    11418.049    11514.830
224  TPM3u+F+I+G4  5691.836     18  11419.673    11419.983    11522.441
225  TPM3u+F+R2    5692.044     18  11420.089    11420.398    11522.856
244  TPM3+I        5708.101     14  11444.202    11444.392    11524.133
245  TPM3+G4       5708.119     14  11444.239    11444.428    11524.169
246  TPM3+I+G4     5708.075     15  11446.149    11446.366    11531.789
247  TPM3+R2       5708.305     15  11446.609    11446.826    11532.249
266  TPM2u+F+I     5703.050     17  11440.100    11440.377    11537.158
267  TPM2u+F+G4    5703.305     17  11440.610    11440.887    11537.668
268  TPM2u+F+I+G4  5703.214     18  11442.427    11442.737    11545.195
269  TPM2u+F+R2    5703.328     18  11442.657    11442.966    11545.424
288  TPM2+I        5716.245     14  11460.489    11460.679    11540.420
289  TPM2+G4       5716.364     14  11460.728    11460.918    11540.658
290  TPM2+I+G4     5716.297     15  11462.594    11462.811    11548.234
291  TPM2+R2       5716.477     15  11462.955    11463.172    11548.595
310  K3Pu+F+I      5706.042     17  11446.084    11446.361    11543.142
311  K3Pu+F+G4     5706.122     17  11446.244    11446.521    11543.302
312  K3Pu+F+I+G4   5706.060     18  11448.121    11448.430    11550.888
313  K3Pu+F+R2     5706.268     18  11448.536    11448.846    11551.304
332  K3P+I         5717.995     14  11463.989    11464.179    11543.919
333  K3P+G4        5717.971     14  11463.943    11464.133    11543.873
334  K3P+I+G4      5717.935     15  11465.869    11466.086    11551.509
335  K3P+R2        5718.181     15  11466.362    11466.579    11552.001
354  TN+F+I        5706.519     17  11447.037    11447.314    11544.095
355  TN+F+G4       5706.574     17  11447.148    11447.425    11544.206
356  TN+F+I+G4     5706.518     18  11449.037    11449.346    11551.804
357  TN+F+R2       5706.740     18  11449.479    11449.789    11552.247
376  TNe+I         5718.234     14  11464.469    11464.659    11544.399
377  TNe+G4        5718.286     14  11464.572    11464.762    11544.502
378  TNe+I+G4      5718.231     15  11466.463    11466.680    11552.102
379  TNe+R2        5718.440     15  11466.880    11467.097    11552.519
398  HKY+F+I       5706.815     16  11445.631    11445.877    11536.980
399  HKY+F+G4      5706.926     16  11445.852    11446.098    11537.201
400  HKY+F+I+G4    5706.858     17  11447.717    11447.994    11544.775
401  HKY+F+R2      5707.049     17  11448.098    11448.375    11545.157
420  K2P+I         5718.505     13  11463.010    11463.174    11537.231
421  K2P+G4        5718.512     13  11463.024    11463.188    11537.245
422  K2P+I+G4      5718.467     14  11464.934    11465.124    11544.865
423  K2P+R2        5718.700     14  11465.400    11465.589    11545.330
442  F81+F+I       5839.978     15  11709.955    11710.172    11795.595
443  F81+F+G4      5840.306     15  11710.611    11710.828    11796.251
444  F81+F+I+G4    5840.126     16  11712.253    11712.498    11803.601
445  F81+F+R2      5840.272     16  11712.545    11712.791    11803.894
464  JC+I          5851.407     12  11726.813    11726.954    11795.325
465  JC+G4         5851.764     12  11727.529    11727.669    11796.040
466  JC+I+G4       5851.566     13  11729.133    11729.297    11803.354
467  JC+R2         5851.703     13  11729.407    11729.571    11803.628
Akaike Information Criterion:           TVM+F+I
Corrected Akaike Information Criterion: TVM+F+I
Bayesian Information Criterion:         TPM3u+F+I
Best-fit model: TPM3u+F+I chosen according to BIC

All model information printed to per_gene_alignments_codon/LOC101403758_.aln.model.gz
CPU time for ModelFinder: 1.087 seconds (0h:0m:1s)
Wall-clock time for ModelFinder: 2.030 seconds (0h:0m:2s)
Generating 1000 samples for ultrafast bootstrap (seed: 390865)...

NOTE: 0 MB RAM (0 GB) is required!
Estimate model parameters (epsilon = 0.100)
1. Initial log-likelihood: -5691.814
Optimal log-likelihood: -5691.814
Rate parameters:  A-C: 2.66160  A-G: 8.03163  A-T: 1.00000  C-G: 2.66160  C-T: 8.03163  G-T: 1.00000
Base frequencies:  A: 0.295  C: 0.204  G: 0.247  T: 0.255
Proportion of invariable sites: 0.528
Parameters optimization took 1 rounds (0.001 sec)
Wrote distance file to... 
Computing ML distances based on estimated model parameters...
Calculating distance matrix: done in 0.000198841 secs using 99.58% CPU
Computing ML distances took 0.000247 sec (of wall-clock time) 0.000253 sec (of CPU time)
Setting up auxiliary I and S matrices: done in 5.29289e-05 secs using 192.7% CPU
Computing RapidNJ tree took 0.000148 sec (of wall-clock time) 0.000286 sec (of CPU time)
Log-likelihood of RapidNJ tree: -5691.814
--------------------------------------------------------------------
|             INITIALIZING CANDIDATE TREE SET                      |
--------------------------------------------------------------------
Generating 99 parsimony trees... 0.046 second
Computing log-likelihood of 35 initial trees ... 0.012 seconds
Current best score: -5691.814

Do NNI search on 20 best initial trees
Estimate model parameters (epsilon = 0.100)
BETTER TREE FOUND at iteration 1: -5691.814
Iteration 10 / LogL: -5692.001 / Time: 0h:0m:2s
Iteration 20 / LogL: -5691.819 / Time: 0h:0m:2s
Finish initializing candidate tree set (1)
Current best tree score: -5691.814 / CPU time: 0.127
Number of iterations: 20
--------------------------------------------------------------------
|               OPTIMIZING CANDIDATE TREE SET                      |
--------------------------------------------------------------------
UPDATE BEST LOG-LIKELIHOOD: -5691.814
Iteration 30 / LogL: -5691.826 / Time: 0h:0m:2s (0h:0m:0s left)
Iteration 40 / LogL: -5691.823 / Time: 0h:0m:2s (0h:0m:0s left)
Iteration 50 / LogL: -5691.814 / Time: 0h:0m:2s (0h:0m:0s left)
Log-likelihood cutoff on original alignment: -5707.927
Iteration 60 / LogL: -5693.021 / Time: 0h:0m:2s (0h:0m:0s left)
Iteration 70 / LogL: -5691.933 / Time: 0h:0m:2s (0h:0m:0s left)
Iteration 80 / LogL: -5691.814 / Time: 0h:0m:2s (0h:0m:0s left)
Iteration 90 / LogL: -5691.817 / Time: 0h:0m:2s (0h:0m:0s left)
Iteration 100 / LogL: -5691.990 / Time: 0h:0m:3s (0h:0m:0s left)
Log-likelihood cutoff on original alignment: -5707.927
NOTE: Bootstrap correlation coefficient of split occurrence frequencies: 1.000
TREE SEARCH COMPLETED AFTER 102 ITERATIONS / Time: 0h:0m:3s

--------------------------------------------------------------------
|                    FINALIZING TREE SEARCH                        |
--------------------------------------------------------------------
Performs final model parameters optimization
Estimate model parameters (epsilon = 0.010)
1. Initial log-likelihood: -5691.814
Optimal log-likelihood: -5691.814
Rate parameters:  A-C: 2.66446  A-G: 8.03538  A-T: 1.00000  C-G: 2.66446  C-T: 8.03538  G-T: 1.00000
Base frequencies:  A: 0.295  C: 0.204  G: 0.247  T: 0.255
Proportion of invariable sites: 0.528
Parameters optimization took 1 rounds (0.001 sec)
BEST SCORE FOUND : -5691.814
Creating bootstrap support values...
Split supports printed to NEXUS file per_gene_alignments_codon/LOC101403758_.aln.splits.nex
Total tree length: 0.284

Total number of iterations: 102
CPU time used for tree search: 0.967 sec (0h:0m:0s)
Wall-clock time used for tree search: 0.984 sec (0h:0m:0s)
Total CPU time used: 2.125 sec (0h:0m:2s)
Total wall-clock time used: 3.106 sec (0h:0m:3s)

Computing bootstrap consensus tree...
Reading input file per_gene_alignments_codon/LOC101403758_.aln.splits.nex...
7 taxa and 15 splits.
Consensus tree written to per_gene_alignments_codon/LOC101403758_.aln.contree
Reading input trees file per_gene_alignments_codon/LOC101403758_.aln.contree
Log-likelihood of consensus tree: -5691.814

Analysis results written to: 
  IQ-TREE report:                per_gene_alignments_codon/LOC101403758_.aln.iqtree
  Maximum-likelihood tree:       per_gene_alignments_codon/LOC101403758_.aln.treefile
  Likelihood distances:          per_gene_alignments_codon/LOC101403758_.aln.mldist

Ultrafast bootstrap approximation results written to:
  Split support values:          per_gene_alignments_codon/LOC101403758_.aln.splits.nex
  Consensus tree:                per_gene_alignments_codon/LOC101403758_.aln.contree
  Screen log file:               per_gene_alignments_codon/LOC101403758_.aln.log

Date and Time: Thu Oct 30 21:36:27 2025
