IQ-TREE multicore version 2.3.3 COVID-edition for Linux x86 64-bit built Apr 25 2024
Developed by Bui Quang Minh, James Barbetti, Nguyen Lam Tung, Olga Chernomor,
Heiko Schmidt, Dominik Schrempf, Michael Woodhams, Ly Trong Nhan, Thomas Wong

Host:    morpheus-OptiPlex-5050 (AVX2, FMA3, 503 GB RAM)
Command: iqtree2 -s per_gene_alignments_codon/LOC101393598_.aln.fna -m MFP -T 1 -B 1000 --prefix per_gene_alignments_codon/LOC101393598_.aln
Seed:    686340 (Using SPRNG - Scalable Parallel Random Number Generator)
Time:    Thu Oct 30 21:29:24 2025
Kernel:  AVX+FMA - 1 threads (72 CPU cores detected)

HINT: Use -nt option to specify number of threads because your CPU has 72 cores!
HINT: -nt AUTO will automatically determine the best number of threads to use.

Reading alignment file per_gene_alignments_codon/LOC101393598_.aln.fna ... Fasta format detected
Reading fasta file: done in 0.000558138 secs
Alignment most likely contains DNA/RNA sequences
Alignment has 7 sequences with 1956 columns, 238 distinct patterns
143 parsimony-informative, 325 singleton sites, 1488 constant sites
                     Gap/Ambiguity  Composition  p-value
Analyzing sequences: done in 2.38419e-05 secs using 92.27% CPU
   1  Ceratotherium_simum   11.20%    passed     76.00%
   2  Diceros_bicornis       0.31%    passed     49.58%
   3  Equus_asinus           0.00%    passed     94.07%
   4  Equus_quagga           3.68%    passed     89.01%
   5  Equus_caballus         0.00%    passed      6.74%
   6  Canis_lupus            1.07%    passed     98.29%
   7  Bos_taurus             1.69%    passed     93.11%
****  TOTAL                  2.56%  0 sequences failed composition chi2 test (p-value<5%; df=3)


Create initial parsimony tree by phylogenetic likelihood library (PLL)... 0.000 seconds
Perform fast likelihood tree search using GTR+I+G model...
Estimate model parameters (epsilon = 5.000)
Perform nearest neighbor interchange...
Estimate model parameters (epsilon = 1.000)
1. Initial log-likelihood: -5466.821
Optimal log-likelihood: -5466.817
Rate parameters:  A-C: 1.43448  A-G: 3.46937  A-T: 1.82018  C-G: 1.96692  C-T: 3.48646  G-T: 1.00000
Base frequencies:  A: 0.150  C: 0.373  G: 0.343  T: 0.134
Proportion of invariable sites: 0.379
Gamma shape alpha: 0.988
Parameters optimization took 1 rounds (0.004 sec)
Time for fast ML tree search: 0.078 seconds

NOTE: ModelFinder requires 1 MB RAM!
ModelFinder will test up to 484 DNA models (sample size: 1956) ...
 No. Model         -LnL         df  AIC          AICc         BIC
  1  GTR+F         5535.605     19  11109.211    11109.603    11215.205
  2  GTR+F+I       5468.110     20  10976.220    10976.654    11087.793
  3  GTR+F+G4      5467.134     20  10974.268    10974.702    11085.841
  4  GTR+F+I+G4    5466.807     21  10975.614    10976.092    11092.766
  5  GTR+F+R2      5467.664     21  10977.327    10977.805    11094.479
  6  GTR+F+R3      5467.302     23  10980.604    10981.175    11108.913
 14  GTR+F+I+R2    5467.359     22  10978.717    10979.241    11101.447
 15  GTR+F+I+R3    5466.964     24  10981.927    10982.549    11115.815
 24  SYM+I         5665.085     17  11364.171    11364.487    11459.008
 25  SYM+G4        5663.677     17  11361.355    11361.670    11456.192
 26  SYM+I+G4      5663.480     18  11362.960    11363.314    11463.376
 27  SYM+R2        5664.704     18  11365.407    11365.760    11465.823
 46  TVM+F+I       5468.128     19  10974.256    10974.648    11080.250
 47  TVM+F+G4      5467.132     19  10972.264    10972.657    11078.259
 48  TVM+F+I+G4    5466.805     20  10973.611    10974.045    11085.184
 49  TVM+F+R2      5467.668     20  10975.336    10975.771    11086.910
 68  TVMe+I        5665.152     16  11362.305    11362.585    11451.563
 69  TVMe+G4       5663.752     16  11359.504    11359.784    11448.762
 70  TVMe+I+G4     5663.554     17  11361.108    11361.424    11455.946
 71  TVMe+R2       5664.777     17  11363.554    11363.870    11458.391
 90  TIM3+F+I      5471.346     18  10978.691    10979.044    11079.107
 91  TIM3+F+G4     5470.558     18  10977.116    10977.469    11077.531
 92  TIM3+F+I+G4   5470.255     19  10978.510    10978.902    11084.504
 93  TIM3+F+R2     5470.987     19  10979.974    10980.367    11085.969
112  TIM3e+I       5686.371     15  11402.742    11402.989    11486.422
113  TIM3e+G4      5685.265     15  11400.531    11400.778    11484.211
114  TIM3e+I+G4    5685.074     16  11402.149    11402.430    11491.407
115  TIM3e+R2      5686.085     16  11404.169    11404.450    11493.428
134  TIM2+F+I      5473.550     18  10983.100    10983.453    11083.516
135  TIM2+F+G4     5472.905     18  10981.810    10982.164    11082.226
136  TIM2+F+I+G4   5472.621     19  10983.242    10983.634    11089.236
137  TIM2+F+R2     5473.249     19  10984.498    10984.890    11090.492
156  TIM2e+I       5700.134     15  11430.268    11430.516    11513.948
157  TIM2e+G4      5699.019     15  11428.038    11428.285    11511.717
158  TIM2e+I+G4    5698.835     16  11429.670    11429.950    11518.928
159  TIM2e+R2      5699.864     16  11431.728    11432.009    11520.987
178  TIM+F+I       5469.077     18  10974.155    10974.508    11074.571
179  TIM+F+G4      5468.185     18  10972.369    10972.722    11072.785
180  TIM+F+I+G4    5467.877     19  10973.755    10974.148    11079.749
181  TIM+F+R2      5468.657     19  10975.315    10975.707    11081.309
200  TIMe+I        5686.571     15  11403.143    11403.390    11486.823
201  TIMe+G4       5685.438     15  11400.876    11401.123    11484.556
202  TIMe+I+G4     5685.223     16  11402.445    11402.726    11491.704
203  TIMe+R2       5686.291     16  11404.582    11404.863    11493.841
222  TPM3u+F+I     5471.359     17  10976.718    10977.033    11071.555
223  TPM3u+F+G4    5470.559     17  10975.118    10975.434    11069.955
224  TPM3u+F+I+G4  5470.254     18  10976.509    10976.862    11076.925
225  TPM3u+F+R2    5470.992     18  10977.984    10978.337    11078.399
244  TPM3+I        5686.400     14  11400.799    11401.016    11478.900
245  TPM3+G4       5685.294     14  11398.588    11398.804    11476.689
246  TPM3+I+G4     5685.104     15  11400.208    11400.456    11483.888
247  TPM3+R2       5686.114     15  11402.227    11402.475    11485.907
266  TPM2u+F+I     5473.592     17  10981.183    10981.499    11076.020
267  TPM2u+F+G4    5472.913     17  10979.826    10980.142    11074.664
268  TPM2u+F+I+G4  5472.625     18  10981.250    10981.604    11081.666
269  TPM2u+F+R2    5473.270     18  10982.539    10982.892    11082.955
288  TPM2+I        5700.373     14  11428.746    11428.962    11506.847
289  TPM2+G4       5699.333     14  11426.667    11426.883    11504.768
290  TPM2+I+G4     5699.160     15  11428.319    11428.567    11511.999
291  TPM2+R2       5700.121     15  11430.242    11430.489    11513.921
310  K3Pu+F+I      5469.101     17  10972.201    10972.517    11067.038
311  K3Pu+F+G4     5468.189     17  10970.378    10970.694    11065.215
312  K3Pu+F+I+G4   5467.880     18  10971.761    10972.114    11072.176
313  K3Pu+F+R2     5468.670     18  10973.341    10973.694    11073.756
332  K3P+I         5686.678     14  11401.356    11401.572    11479.457
333  K3P+G4        5685.583     14  11399.167    11399.383    11477.268
334  K3P+I+G4      5685.375     15  11400.750    11400.997    11484.430
335  K3P+R2        5686.407     15  11402.813    11403.061    11486.493
354  TN+F+I        5473.945     17  10981.890    10982.206    11076.727
355  TN+F+G4       5473.278     17  10980.556    10980.872    11075.393
356  TN+F+I+G4     5472.981     18  10981.962    10982.316    11082.378
357  TN+F+R2       5473.684     18  10983.367    10983.720    11083.783
376  TNe+I         5714.515     14  11457.030    11457.247    11535.132
377  TNe+G4        5713.672     14  11455.343    11455.560    11533.445
378  TNe+I+G4      5713.482     15  11456.963    11457.211    11540.643
379  TNe+R2        5714.352     15  11458.704    11458.952    11542.384
398  HKY+F+I       5473.980     16  10979.959    10980.240    11069.218
399  HKY+F+G4      5473.283     16  10978.567    10978.848    11067.825
400  HKY+F+I+G4    5472.984     17  10979.967    10980.283    11074.804
401  HKY+F+R2      5473.702     17  10981.403    10981.719    11076.240
420  K2P+I         5714.644     13  11455.289    11455.476    11527.811
421  K2P+G4        5713.838     13  11453.675    11453.863    11526.198
422  K2P+I+G4      5713.654     14  11455.309    11455.525    11533.410
423  K2P+R2        5714.489     14  11456.977    11457.194    11535.078
442  F81+F+I       5503.811     15  11037.622    11037.869    11121.302
443  F81+F+G4      5503.078     15  11036.156    11036.403    11119.836
444  F81+F+I+G4    5502.832     16  11037.665    11037.945    11126.923
445  F81+F+R2      5503.625     16  11039.250    11039.530    11128.508
464  JC+I          5724.570     12  11473.139    11473.300    11540.083
465  JC+G4         5723.891     12  11471.781    11471.942    11538.725
466  JC+I+G4       5723.728     13  11473.455    11473.643    11545.978
467  JC+R2         5724.441     13  11474.882    11475.070    11547.405
Akaike Information Criterion:           K3Pu+F+G4
Corrected Akaike Information Criterion: K3Pu+F+G4
Bayesian Information Criterion:         K3Pu+F+G4
Best-fit model: K3Pu+F+G4 chosen according to BIC

All model information printed to per_gene_alignments_codon/LOC101393598_.aln.model.gz
CPU time for ModelFinder: 1.416 seconds (0h:0m:1s)
Wall-clock time for ModelFinder: 2.461 seconds (0h:0m:2s)
Generating 1000 samples for ultrafast bootstrap (seed: 686340)...

NOTE: 1 MB RAM (0 GB) is required!
Estimate model parameters (epsilon = 0.100)
1. Initial log-likelihood: -5468.189
Optimal log-likelihood: -5468.188
Rate parameters:  A-C: 1.00000  A-G: 2.84095  A-T: 1.58919  C-G: 1.58919  C-T: 2.84095  G-T: 1.00000
Base frequencies:  A: 0.150  C: 0.373  G: 0.343  T: 0.134
Gamma shape alpha: 0.322
Parameters optimization took 1 rounds (0.002 sec)
Wrote distance file to... 
Computing ML distances based on estimated model parameters...
Calculating distance matrix: done in 0.01263 secs using 4.434% CPU
Computing ML distances took 0.012721 sec (of wall-clock time) 0.000658 sec (of CPU time)
Setting up auxiliary I and S matrices: done in 5.00679e-05 secs using 147.8% CPU
Computing RapidNJ tree took 0.000144 sec (of wall-clock time) 0.000214 sec (of CPU time)
Log-likelihood of RapidNJ tree: -5468.188
--------------------------------------------------------------------
|             INITIALIZING CANDIDATE TREE SET                      |
--------------------------------------------------------------------
Generating 99 parsimony trees... 0.147 second
Computing log-likelihood of 42 initial trees ... 0.112 seconds
Current best score: -5468.188

Do NNI search on 20 best initial trees
Estimate model parameters (epsilon = 0.100)
BETTER TREE FOUND at iteration 1: -5468.187
UPDATE BEST LOG-LIKELIHOOD: -5468.187
UPDATE BEST LOG-LIKELIHOOD: -5468.187
UPDATE BEST LOG-LIKELIHOOD: -5468.187
Iteration 10 / LogL: -5468.187 / Time: 0h:0m:3s
UPDATE BEST LOG-LIKELIHOOD: -5468.187
Iteration 20 / LogL: -5468.188 / Time: 0h:0m:3s
Finish initializing candidate tree set (1)
Current best tree score: -5468.187 / CPU time: 0.810
Number of iterations: 20
--------------------------------------------------------------------
|               OPTIMIZING CANDIDATE TREE SET                      |
--------------------------------------------------------------------
UPDATE BEST LOG-LIKELIHOOD: -5468.187
UPDATE BEST LOG-LIKELIHOOD: -5468.187
Iteration 30 / LogL: -5468.187 / Time: 0h:0m:3s (0h:0m:3s left)
Iteration 40 / LogL: -5468.187 / Time: 0h:0m:4s (0h:0m:2s left)
WARNING: NNI search needs unusual large number of steps (7) to converge!
Iteration 50 / LogL: -5468.187 / Time: 0h:0m:4s (0h:0m:1s left)
Log-likelihood cutoff on original alignment: -5482.555
Iteration 60 / LogL: -5468.187 / Time: 0h:0m:4s (0h:0m:1s left)
UPDATE BEST LOG-LIKELIHOOD: -5468.187
UPDATE BEST LOG-LIKELIHOOD: -5468.187
Iteration 70 / LogL: -5468.187 / Time: 0h:0m:4s (0h:0m:1s left)
Iteration 80 / LogL: -5468.187 / Time: 0h:0m:5s (0h:0m:0s left)
Iteration 90 / LogL: -5468.187 / Time: 0h:0m:5s (0h:0m:0s left)
Iteration 100 / LogL: -5468.188 / Time: 0h:0m:5s (0h:0m:0s left)
Log-likelihood cutoff on original alignment: -5482.555
NOTE: Bootstrap correlation coefficient of split occurrence frequencies: 0.998
TREE SEARCH COMPLETED AFTER 102 ITERATIONS / Time: 0h:0m:5s

--------------------------------------------------------------------
|                    FINALIZING TREE SEARCH                        |
--------------------------------------------------------------------
Performs final model parameters optimization
Estimate model parameters (epsilon = 0.010)
1. Initial log-likelihood: -5468.187
Optimal log-likelihood: -5468.187
Rate parameters:  A-C: 1.00000  A-G: 2.85516  A-T: 1.59663  C-G: 1.59663  C-T: 2.85516  G-T: 1.00000
Base frequencies:  A: 0.150  C: 0.373  G: 0.343  T: 0.134
Gamma shape alpha: 0.322
Parameters optimization took 1 rounds (0.002 sec)
BEST SCORE FOUND : -5468.187
Creating bootstrap support values...
Split supports printed to NEXUS file per_gene_alignments_codon/LOC101393598_.aln.splits.nex
Total tree length: 0.397

Total number of iterations: 102
CPU time used for tree search: 1.840 sec (0h:0m:1s)
Wall-clock time used for tree search: 2.857 sec (0h:0m:2s)
Total CPU time used: 3.341 sec (0h:0m:3s)
Total wall-clock time used: 5.507 sec (0h:0m:5s)

Computing bootstrap consensus tree...
Reading input file per_gene_alignments_codon/LOC101393598_.aln.splits.nex...
7 taxa and 15 splits.
Consensus tree written to per_gene_alignments_codon/LOC101393598_.aln.contree
Reading input trees file per_gene_alignments_codon/LOC101393598_.aln.contree
Log-likelihood of consensus tree: -5468.187

Analysis results written to: 
  IQ-TREE report:                per_gene_alignments_codon/LOC101393598_.aln.iqtree
  Maximum-likelihood tree:       per_gene_alignments_codon/LOC101393598_.aln.treefile
  Likelihood distances:          per_gene_alignments_codon/LOC101393598_.aln.mldist

Ultrafast bootstrap approximation results written to:
  Split support values:          per_gene_alignments_codon/LOC101393598_.aln.splits.nex
  Consensus tree:                per_gene_alignments_codon/LOC101393598_.aln.contree
  Screen log file:               per_gene_alignments_codon/LOC101393598_.aln.log

Date and Time: Thu Oct 30 21:29:30 2025
