IQ-TREE multicore version 2.3.3 COVID-edition for Linux x86 64-bit built Apr 25 2024
Developed by Bui Quang Minh, James Barbetti, Nguyen Lam Tung, Olga Chernomor,
Heiko Schmidt, Dominik Schrempf, Michael Woodhams, Ly Trong Nhan, Thomas Wong

Host:    morpheus-OptiPlex-5050 (AVX2, FMA3, 503 GB RAM)
Command: iqtree2 -s per_gene_alignments_codon/LOC101399466_.aln.fna -m MFP -T 1 -B 1000 --prefix per_gene_alignments_codon/LOC101399466_.aln
Seed:    390436 (Using SPRNG - Scalable Parallel Random Number Generator)
Time:    Thu Oct 30 21:33:25 2025
Kernel:  AVX+FMA - 1 threads (72 CPU cores detected)

HINT: Use -nt option to specify number of threads because your CPU has 72 cores!
HINT: -nt AUTO will automatically determine the best number of threads to use.

Reading alignment file per_gene_alignments_codon/LOC101399466_.aln.fna ... Fasta format detected
Reading fasta file: done in 0.000365973 secs using 99.46% CPU
Alignment most likely contains DNA/RNA sequences
Alignment has 7 sequences with 1161 columns, 68 distinct patterns
60 parsimony-informative, 101 singleton sites, 1000 constant sites
                     Gap/Ambiguity  Composition  p-value
Analyzing sequences: done in 1.19209e-05 secs using 92.27% CPU
   1  Ceratotherium_simum    0.00%    passed     93.72%
   2  Diceros_bicornis       0.00%    passed     95.14%
   3  Equus_asinus           0.00%    passed     97.45%
   4  Equus_quagga           0.00%    passed     97.45%
   5  Equus_caballus         0.00%    passed     95.16%
   6  Canis_lupus            0.00%    passed     81.63%
   7  Bos_taurus             0.26%    passed     89.42%
****  TOTAL                  0.04%  0 sequences failed composition chi2 test (p-value<5%; df=3)
NOTE: Equus_quagga is identical to Equus_asinus but kept for subsequent analysis


Create initial parsimony tree by phylogenetic likelihood library (PLL)... 0.000 seconds
Perform fast likelihood tree search using GTR+I+G model...
Estimate model parameters (epsilon = 5.000)
Perform nearest neighbor interchange...
Estimate model parameters (epsilon = 1.000)
1. Initial log-likelihood: -2490.148
Optimal log-likelihood: -2490.143
Rate parameters:  A-C: 1.87477  A-G: 6.10886  A-T: 0.68641  C-G: 1.31256  C-T: 9.59093  G-T: 1.00000
Base frequencies:  A: 0.313  C: 0.165  G: 0.226  T: 0.295
Proportion of invariable sites: 0.428
Gamma shape alpha: 1.085
Parameters optimization took 1 rounds (0.002 sec)
Time for fast ML tree search: 0.048 seconds

NOTE: ModelFinder requires 0 MB RAM!
ModelFinder will test up to 484 DNA models (sample size: 1161) ...
 No. Model         -LnL         df  AIC          AICc         BIC
  1  GTR+F         2499.854     19  5037.709     5038.375     5133.793
  2  GTR+F+I       2489.954     20  5019.908     5020.645     5121.049
  3  GTR+F+G4      2490.091     20  5020.182     5020.919     5121.323
  4  GTR+F+I+G4    2490.143     21  5022.286     5023.097     5128.484
  5  GTR+F+R2      2493.267     21  5028.535     5029.346     5134.732
  6  GTR+F+R3      2490.678     23  5027.355     5028.326     5143.667
 14  GTR+F+I+R2    2490.150     22  5024.300     5025.190     5135.555
 15  GTR+F+I+R3    2490.111     24  5028.221     5029.277     5149.590
 24  SYM+I         2527.203     17  5088.406     5088.941     5174.375
 25  SYM+G4        2527.209     17  5088.417     5088.953     5174.387
 26  SYM+I+G4      2527.198     18  5090.396     5090.995     5181.423
 46  TVM+F+I       2492.354     19  5022.708     5023.374     5118.792
 47  TVM+F+G4      2492.447     19  5022.895     5023.561     5118.979
 48  TVM+F+I+G4    2492.499     20  5024.999     5025.735     5126.139
 68  TVMe+I        2527.598     16  5087.196     5087.671     5168.108
 69  TVMe+G4       2527.587     16  5087.174     5087.650     5168.087
 70  TVMe+I+G4     2527.591     17  5089.182     5089.717     5175.151
 90  TIM3+F+I      2490.390     18  5016.779     5017.378     5107.806
 91  TIM3+F+G4     2490.522     18  5017.044     5017.643     5108.071
 92  TIM3+F+I+G4   2490.577     19  5019.153     5019.819     5115.237
112  TIM3e+I       2527.722     15  5085.444     5085.863     5161.300
113  TIM3e+G4      2527.725     15  5085.450     5085.869     5161.305
114  TIM3e+I+G4    2527.728     16  5087.456     5087.932     5168.369
134  TIM2+F+I      2492.528     18  5021.057     5021.655     5112.083
135  TIM2+F+G4     2492.617     18  5021.234     5021.833     5112.261
136  TIM2+F+I+G4   2492.656     19  5023.311     5023.978     5119.395
156  TIM2e+I       2527.889     15  5085.777     5086.196     5161.633
157  TIM2e+G4      2527.865     15  5085.731     5086.150     5161.586
158  TIM2e+I+G4    2527.860     16  5087.720     5088.196     5168.633
178  TIM+F+I       2491.715     18  5019.430     5020.029     5110.457
179  TIM+F+G4      2491.802     18  5019.603     5020.202     5110.630
180  TIM+F+I+G4    2491.847     19  5021.693     5022.359     5117.777
200  TIMe+I        2527.652     15  5085.305     5085.724     5161.160
201  TIMe+G4       2527.639     15  5085.278     5085.697     5161.134
202  TIMe+I+G4     2527.641     16  5087.282     5087.757     5168.194
222  TPM3u+F+I     2492.800     17  5019.599     5020.135     5105.569
223  TPM3u+F+G4    2492.895     17  5019.791     5020.326     5105.760
224  TPM3u+F+I+G4  2492.943     18  5021.885     5022.484     5112.912
244  TPM3+I        2528.118     14  5084.236     5084.602     5155.034
245  TPM3+G4       2528.123     14  5084.245     5084.612     5155.044
246  TPM3+I+G4     2528.128     15  5086.256     5086.675     5162.112
266  TPM2u+F+I     2494.846     17  5023.692     5024.227     5109.662
267  TPM2u+F+G4    2494.909     17  5023.818     5024.354     5109.788
268  TPM2u+F+I+G4  2494.945     18  5025.890     5026.489     5116.916
288  TPM2+I        2528.289     14  5084.577     5084.944     5155.376
289  TPM2+G4       2528.268     14  5084.536     5084.903     5155.335
290  TPM2+I+G4     2528.265     15  5086.530     5086.950     5162.386
310  K3Pu+F+I      2494.013     17  5022.026     5022.562     5107.996
311  K3Pu+F+G4     2494.077     17  5022.154     5022.689     5108.123
312  K3Pu+F+I+G4   2494.117     18  5024.234     5024.833     5115.260
332  K3P+I         2528.051     14  5084.102     5084.469     5154.901
333  K3P+G4        2528.042     14  5084.085     5084.451     5154.883
334  K3P+I+G4      2528.046     15  5086.092     5086.512     5161.948
354  TN+F+I        2492.527     17  5019.055     5019.590     5105.025
355  TN+F+G4       2492.614     17  5019.229     5019.764     5105.198
356  TN+F+I+G4     2492.655     18  5021.310     5021.909     5112.337
376  TNe+I         2528.048     14  5084.097     5084.463     5154.895
377  TNe+G4        2528.033     14  5084.065     5084.432     5154.864
378  TNe+I+G4      2528.032     15  5086.064     5086.483     5161.920
398  HKY+F+I       2494.846     16  5021.692     5022.168     5102.605
399  HKY+F+G4      2494.908     16  5021.817     5022.292     5102.729
400  HKY+F+I+G4    2494.944     17  5023.888     5024.423     5109.857
420  K2P+I         2528.453     13  5082.906     5083.223     5148.647
421  K2P+G4        2528.440     13  5082.880     5083.197     5148.622
422  K2P+I+G4      2528.443     14  5084.885     5085.252     5155.684
442  F81+F+I       2561.708     15  5153.415     5153.834     5229.271
443  F81+F+G4      2561.723     15  5153.445     5153.864     5229.301
444  F81+F+I+G4    2561.725     16  5155.450     5155.925     5236.362
464  JC+I          2591.537     12  5207.074     5207.346     5267.759
465  JC+G4         2591.515     12  5207.031     5207.303     5267.715
466  JC+I+G4       2591.517     13  5209.035     5209.352     5274.776
Akaike Information Criterion:           TIM3+F+I
Corrected Akaike Information Criterion: TIM3+F+I
Bayesian Information Criterion:         HKY+F+I
Best-fit model: HKY+F+I chosen according to BIC

All model information printed to per_gene_alignments_codon/LOC101399466_.aln.model.gz
CPU time for ModelFinder: 0.318 seconds (0h:0m:0s)
Wall-clock time for ModelFinder: 1.034 seconds (0h:0m:1s)
Generating 1000 samples for ultrafast bootstrap (seed: 390436)...

NOTE: 0 MB RAM (0 GB) is required!
Estimate model parameters (epsilon = 0.100)
1. Initial log-likelihood: -2494.846
Optimal log-likelihood: -2494.846
Rate parameters:  A-C: 1.00000  A-G: 6.81271  A-T: 1.00000  C-G: 1.00000  C-T: 6.81271  G-T: 1.00000
Base frequencies:  A: 0.313  C: 0.165  G: 0.226  T: 0.295
Proportion of invariable sites: 0.636
Parameters optimization took 1 rounds (0.001 sec)
Wrote distance file to... 
Computing ML distances based on estimated model parameters...
Calculating distance matrix: done in 0.000186205 secs using 98.28% CPU
Computing ML distances took 0.000231 sec (of wall-clock time) 0.000233 sec (of CPU time)
Setting up auxiliary I and S matrices: done in 5.57899e-05 secs using 96.79% CPU
Computing RapidNJ tree took 0.000161 sec (of wall-clock time) 0.000158 sec (of CPU time)
Log-likelihood of RapidNJ tree: -2494.847
--------------------------------------------------------------------
|             INITIALIZING CANDIDATE TREE SET                      |
--------------------------------------------------------------------
Generating 99 parsimony trees... 0.108 second
Computing log-likelihood of 40 initial trees ... 0.052 seconds
Current best score: -2494.846

Do NNI search on 20 best initial trees
Estimate model parameters (epsilon = 0.100)
BETTER TREE FOUND at iteration 1: -2494.846
Iteration 10 / LogL: -2494.848 / Time: 0h:0m:1s
Iteration 20 / LogL: -2494.895 / Time: 0h:0m:1s
Finish initializing candidate tree set (1)
Current best tree score: -2494.846 / CPU time: 0.412
Number of iterations: 20
--------------------------------------------------------------------
|               OPTIMIZING CANDIDATE TREE SET                      |
--------------------------------------------------------------------
Iteration 30 / LogL: -2494.847 / Time: 0h:0m:1s (0h:0m:2s left)
Iteration 40 / LogL: -2494.847 / Time: 0h:0m:2s (0h:0m:1s left)
Iteration 50 / LogL: -2494.850 / Time: 0h:0m:2s (0h:0m:1s left)
Log-likelihood cutoff on original alignment: -2514.884
Iteration 60 / LogL: -2494.846 / Time: 0h:0m:2s (0h:0m:0s left)
Iteration 70 / LogL: -2494.858 / Time: 0h:0m:2s (0h:0m:0s left)
Iteration 80 / LogL: -2494.862 / Time: 0h:0m:2s (0h:0m:0s left)
Iteration 90 / LogL: -2494.863 / Time: 0h:0m:3s (0h:0m:0s left)
Iteration 100 / LogL: -2494.862 / Time: 0h:0m:3s (0h:0m:0s left)
Log-likelihood cutoff on original alignment: -2514.987
NOTE: Bootstrap correlation coefficient of split occurrence frequencies: 1.000
TREE SEARCH COMPLETED AFTER 102 ITERATIONS / Time: 0h:0m:3s

--------------------------------------------------------------------
|                    FINALIZING TREE SEARCH                        |
--------------------------------------------------------------------
Performs final model parameters optimization
Estimate model parameters (epsilon = 0.010)
1. Initial log-likelihood: -2494.846
Optimal log-likelihood: -2494.846
Rate parameters:  A-C: 1.00000  A-G: 6.81271  A-T: 1.00000  C-G: 1.00000  C-T: 6.81271  G-T: 1.00000
Base frequencies:  A: 0.313  C: 0.165  G: 0.226  T: 0.295
Proportion of invariable sites: 0.636
Parameters optimization took 1 rounds (0.001 sec)
BEST SCORE FOUND : -2494.846
Creating bootstrap support values...
Split supports printed to NEXUS file per_gene_alignments_codon/LOC101399466_.aln.splits.nex
Total tree length: 0.184

Total number of iterations: 102
CPU time used for tree search: 0.816 sec (0h:0m:0s)
Wall-clock time used for tree search: 1.961 sec (0h:0m:1s)
Total CPU time used: 1.272 sec (0h:0m:1s)
Total wall-clock time used: 3.387 sec (0h:0m:3s)

Computing bootstrap consensus tree...
Reading input file per_gene_alignments_codon/LOC101399466_.aln.splits.nex...
7 taxa and 19 splits.
Consensus tree written to per_gene_alignments_codon/LOC101399466_.aln.contree
Reading input trees file per_gene_alignments_codon/LOC101399466_.aln.contree
Log-likelihood of consensus tree: -2494.852

Analysis results written to: 
  IQ-TREE report:                per_gene_alignments_codon/LOC101399466_.aln.iqtree
  Maximum-likelihood tree:       per_gene_alignments_codon/LOC101399466_.aln.treefile
  Likelihood distances:          per_gene_alignments_codon/LOC101399466_.aln.mldist

Ultrafast bootstrap approximation results written to:
  Split support values:          per_gene_alignments_codon/LOC101399466_.aln.splits.nex
  Consensus tree:                per_gene_alignments_codon/LOC101399466_.aln.contree
  Screen log file:               per_gene_alignments_codon/LOC101399466_.aln.log

Date and Time: Thu Oct 30 21:33:28 2025
