IQ-TREE multicore version 2.3.3 COVID-edition for Linux x86 64-bit built Apr 25 2024
Developed by Bui Quang Minh, James Barbetti, Nguyen Lam Tung, Olga Chernomor,
Heiko Schmidt, Dominik Schrempf, Michael Woodhams, Ly Trong Nhan, Thomas Wong

Host:    morpheus-OptiPlex-5050 (AVX2, FMA3, 503 GB RAM)
Command: iqtree2 -s per_gene_alignments_codon/LOC101399927_.aln.fna -m MFP -T 1 -B 1000 --prefix per_gene_alignments_codon/LOC101399927_.aln
Seed:    478693 (Using SPRNG - Scalable Parallel Random Number Generator)
Time:    Thu Oct 30 21:33:46 2025
Kernel:  AVX+FMA - 1 threads (72 CPU cores detected)

HINT: Use -nt option to specify number of threads because your CPU has 72 cores!
HINT: -nt AUTO will automatically determine the best number of threads to use.

Reading alignment file per_gene_alignments_codon/LOC101399927_.aln.fna ... Fasta format detected
Reading fasta file: done in 0.000666142 secs using 99.68% CPU
Alignment most likely contains DNA/RNA sequences
Alignment has 7 sequences with 2388 columns, 145 distinct patterns
136 parsimony-informative, 200 singleton sites, 2052 constant sites
                     Gap/Ambiguity  Composition  p-value
Analyzing sequences: done in 1.78814e-05 secs using 95.07% CPU
   1  Ceratotherium_simum   16.33%    passed     16.10%
   2  Diceros_bicornis       2.64%    passed     99.36%
   3  Equus_asinus           0.00%    passed     95.17%
   4  Equus_quagga           0.00%    passed     95.57%
   5  Equus_caballus         0.00%    passed     93.76%
   6  Canis_lupus            0.00%    passed     99.52%
   7  Bos_taurus             0.13%    passed      6.38%
****  TOTAL                  2.73%  0 sequences failed composition chi2 test (p-value<5%; df=3)


Create initial parsimony tree by phylogenetic likelihood library (PLL)... 0.000 seconds
Perform fast likelihood tree search using GTR+I+G model...
Estimate model parameters (epsilon = 5.000)
Perform nearest neighbor interchange...
Estimate model parameters (epsilon = 1.000)
1. Initial log-likelihood: -5307.589
Optimal log-likelihood: -5307.543
Rate parameters:  A-C: 1.23737  A-G: 5.35324  A-T: 0.89080  C-G: 2.04539  C-T: 7.68976  G-T: 1.00000
Base frequencies:  A: 0.216  C: 0.299  G: 0.276  T: 0.210
Proportion of invariable sites: 0.424
Gamma shape alpha: 0.414
Parameters optimization took 1 rounds (0.039 sec)
Time for fast ML tree search: 0.096 seconds

NOTE: ModelFinder requires 0 MB RAM!
ModelFinder will test up to 484 DNA models (sample size: 2388) ...
 No. Model         -LnL         df  AIC          AICc         BIC
  1  GTR+F         5360.324     19  10758.647    10758.968    10868.433
  2  GTR+F+I       5307.437     20  10654.874    10655.229    10770.438
  3  GTR+F+G4      5307.435     20  10654.869    10655.224    10770.433
  4  GTR+F+I+G4    5307.524     21  10657.049    10657.439    10778.391
  5  GTR+F+R2      5308.325     21  10658.651    10659.041    10779.993
  6  GTR+F+R3      5307.869     23  10661.738    10662.205    10794.636
 14  GTR+F+I+R2    5307.660     22  10659.320    10659.748    10786.441
 15  GTR+F+I+R3    5307.567     24  10663.134    10663.642    10801.811
 24  SYM+I         5346.384     17  10726.768    10727.026    10824.998
 25  SYM+G4        5346.369     17  10726.739    10726.997    10824.968
 26  SYM+I+G4      5346.393     18  10728.785    10729.074    10832.793
 27  SYM+R2        5346.969     18  10729.937    10730.226    10833.945
 46  TVM+F+I       5309.884     19  10657.768    10658.089    10767.554
 47  TVM+F+G4      5309.883     19  10657.767    10658.088    10767.553
 48  TVM+F+I+G4    5310.015     20  10660.031    10660.385    10775.595
 49  TVM+F+R2      5310.806     20  10661.612    10661.967    10777.177
 68  TVMe+I        5349.155     16  10730.310    10730.540    10822.762
 69  TVMe+G4       5349.147     16  10730.294    10730.524    10822.745
 70  TVMe+I+G4     5349.195     17  10732.389    10732.647    10830.619
 71  TVMe+R2       5349.857     17  10733.714    10733.973    10831.944
 90  TIM3+F+I      5309.117     18  10654.233    10654.522    10758.241
 91  TIM3+F+G4     5309.118     18  10654.235    10654.524    10758.243
 92  TIM3+F+I+G4   5309.216     19  10656.431    10656.752    10766.217
 93  TIM3+F+R2     5310.057     19  10658.115    10658.436    10767.901
112  TIM3e+I       5350.311     15  10730.621    10730.824    10817.294
113  TIM3e+G4      5350.283     15  10730.566    10730.769    10817.239
114  TIM3e+I+G4    5350.237     16  10732.474    10732.703    10824.925
115  TIM3e+R2      5350.919     16  10733.838    10734.067    10826.289
134  TIM2+F+I      5310.515     18  10657.031    10657.320    10761.039
135  TIM2+F+G4     5310.531     18  10657.062    10657.351    10761.070
136  TIM2+F+I+G4   5310.768     19  10659.536    10659.857    10769.322
137  TIM2+F+R2     5311.767     19  10661.534    10661.855    10771.320
156  TIM2e+I       5353.255     15  10736.509    10736.712    10823.182
157  TIM2e+G4      5353.298     15  10736.595    10736.797    10823.268
158  TIM2e+I+G4    5353.510     16  10739.019    10739.249    10831.471
159  TIM2e+R2      5354.265     16  10740.530    10740.760    10832.982
178  TIM+F+I       5310.680     18  10657.359    10657.648    10761.367
179  TIM+F+G4      5310.680     18  10657.359    10657.648    10761.367
180  TIM+F+I+G4    5310.798     19  10659.596    10659.917    10769.382
181  TIM+F+R2      5311.687     19  10661.373    10661.694    10771.159
200  TIMe+I        5354.884     15  10739.768    10739.970    10826.441
201  TIMe+G4       5354.889     15  10739.778    10739.981    10826.452
202  TIMe+I+G4     5354.984     16  10741.969    10742.198    10834.420
203  TIMe+R2       5355.738     16  10743.476    10743.705    10835.927
222  TPM3u+F+I     5311.482     17  10656.963    10657.222    10755.193
223  TPM3u+F+G4    5311.481     17  10656.962    10657.220    10755.191
224  TPM3u+F+I+G4  5311.591     18  10659.181    10659.470    10763.189
225  TPM3u+F+R2    5312.280     18  10660.560    10660.848    10764.567
244  TPM3+I        5353.081     14  10734.163    10734.340    10815.058
245  TPM3+G4       5353.067     14  10734.134    10734.311    10815.029
246  TPM3+I+G4     5353.067     15  10736.135    10736.337    10822.808
247  TPM3+R2       5353.694     15  10737.388    10737.591    10824.062
266  TPM2u+F+I     5312.950     17  10659.900    10660.158    10758.129
267  TPM2u+F+G4    5312.961     17  10659.923    10660.181    10758.152
268  TPM2u+F+I+G4  5313.218     18  10662.436    10662.725    10766.444
269  TPM2u+F+R2    5314.157     18  10664.314    10664.603    10768.322
288  TPM2+I        5355.799     14  10739.597    10739.774    10820.492
289  TPM2+G4       5355.837     14  10739.673    10739.850    10820.568
290  TPM2+I+G4     5356.078     15  10742.156    10742.359    10828.829
291  TPM2+R2       5356.871     15  10743.741    10743.944    10830.414
310  K3Pu+F+I      5313.059     17  10660.118    10660.376    10758.348
311  K3Pu+F+G4     5313.059     17  10660.119    10660.377    10758.348
312  K3Pu+F+I+G4   5313.195     18  10662.390    10662.679    10766.398
313  K3Pu+F+R2     5314.026     18  10664.052    10664.341    10768.060
332  K3P+I         5357.457     14  10742.913    10743.090    10823.808
333  K3P+G4        5357.463     14  10742.925    10743.102    10823.820
334  K3P+I+G4      5357.606     15  10745.212    10745.414    10831.885
335  K3P+R2        5358.300     15  10746.601    10746.803    10833.274
354  TN+F+I        5311.948     17  10657.895    10658.154    10756.125
355  TN+F+G4       5311.956     17  10657.912    10658.170    10756.142
356  TN+F+I+G4     5312.141     18  10660.281    10660.570    10764.289
357  TN+F+R2       5313.098     18  10662.196    10662.485    10766.204
376  TNe+I         5356.740     14  10741.479    10741.656    10822.374
377  TNe+G4        5356.763     14  10741.526    10741.703    10822.421
378  TNe+I+G4      5356.908     15  10743.817    10744.019    10830.490
379  TNe+R2        5357.700     15  10745.400    10745.603    10832.074
398  HKY+F+I       5314.296     16  10660.591    10660.820    10753.042
399  HKY+F+G4      5314.299     16  10660.598    10660.827    10753.049
400  HKY+F+I+G4    5314.516     17  10663.033    10663.291    10761.262
401  HKY+F+R2      5315.409     17  10664.818    10665.076    10763.048
420  K2P+I         5359.284     13  10744.568    10744.721    10819.685
421  K2P+G4        5359.307     13  10744.614    10744.767    10819.731
422  K2P+I+G4      5359.492     14  10746.983    10747.160    10827.878
423  K2P+R2        5360.246     14  10748.493    10748.670    10829.388
442  F81+F+I       5405.010     15  10840.020    10840.223    10926.693
443  F81+F+G4      5405.215     15  10840.430    10840.632    10927.103
444  F81+F+I+G4    5405.785     16  10843.569    10843.799    10936.021
445  F81+F+R2      5406.673     16  10845.346    10845.575    10937.797
464  JC+I          5444.086     12  10912.172    10912.303    10981.510
465  JC+G4         5444.343     12  10912.686    10912.817    10982.025
466  JC+I+G4       5444.886     13  10915.771    10915.924    10990.888
467  JC+R2         5445.733     13  10917.465    10917.619    10992.582
Akaike Information Criterion:           TIM3+F+I
Corrected Akaike Information Criterion: TIM3+F+I
Bayesian Information Criterion:         HKY+F+I
Best-fit model: HKY+F+I chosen according to BIC

All model information printed to per_gene_alignments_codon/LOC101399927_.aln.model.gz
CPU time for ModelFinder: 3.317 seconds (0h:0m:3s)
Wall-clock time for ModelFinder: 6.863 seconds (0h:0m:6s)
Generating 1000 samples for ultrafast bootstrap (seed: 478693)...

NOTE: 0 MB RAM (0 GB) is required!
Estimate model parameters (epsilon = 0.100)
1. Initial log-likelihood: -5314.296
Optimal log-likelihood: -5314.294
Rate parameters:  A-C: 1.00000  A-G: 4.69599  A-T: 1.00000  C-G: 1.00000  C-T: 4.69599  G-T: 1.00000
Base frequencies:  A: 0.216  C: 0.299  G: 0.276  T: 0.210
Proportion of invariable sites: 0.746
Parameters optimization took 1 rounds (0.001 sec)
Wrote distance file to... 
Computing ML distances based on estimated model parameters...
Calculating distance matrix: done in 0.000221968 secs using 99.56% CPU
Computing ML distances took 0.000281 sec (of wall-clock time) 0.000286 sec (of CPU time)
Setting up auxiliary I and S matrices: done in 4.31538e-05 secs using 178.4% CPU
Computing RapidNJ tree took 0.000128 sec (of wall-clock time) 0.000257 sec (of CPU time)
Log-likelihood of RapidNJ tree: -5314.302
--------------------------------------------------------------------
|             INITIALIZING CANDIDATE TREE SET                      |
--------------------------------------------------------------------
Generating 98 parsimony trees... 0.043 second
Computing log-likelihood of 49 initial trees ... 0.039 seconds
Current best score: -5314.294

Do NNI search on 20 best initial trees
Estimate model parameters (epsilon = 0.100)
BETTER TREE FOUND at iteration 1: -5314.294
UPDATE BEST LOG-LIKELIHOOD: -5314.294
UPDATE BEST LOG-LIKELIHOOD: -5314.294
Iteration 10 / LogL: -5314.298 / Time: 0h:0m:7s
UPDATE BEST LOG-LIKELIHOOD: -5314.294
Iteration 20 / LogL: -5314.294 / Time: 0h:0m:7s
Finish initializing candidate tree set (1)
Current best tree score: -5314.294 / CPU time: 0.314
Number of iterations: 20
--------------------------------------------------------------------
|               OPTIMIZING CANDIDATE TREE SET                      |
--------------------------------------------------------------------
UPDATE BEST LOG-LIKELIHOOD: -5314.294
UPDATE BEST LOG-LIKELIHOOD: -5314.294
UPDATE BEST LOG-LIKELIHOOD: -5314.294
Iteration 30 / LogL: -5314.294 / Time: 0h:0m:7s (0h:0m:1s left)
Iteration 40 / LogL: -5314.295 / Time: 0h:0m:7s (0h:0m:1s left)
UPDATE BEST LOG-LIKELIHOOD: -5314.294
Iteration 50 / LogL: -5314.294 / Time: 0h:0m:7s (0h:0m:1s left)
Log-likelihood cutoff on original alignment: -5327.153
Iteration 60 / LogL: -5314.294 / Time: 0h:0m:8s (0h:0m:0s left)
Iteration 70 / LogL: -5314.294 / Time: 0h:0m:8s (0h:0m:0s left)
WARNING: NNI search needs unusual large number of steps (7) to converge!
WARNING: NNI search needs unusual large number of steps (7) to converge!
WARNING: NNI search needs unusual large number of steps (7) to converge!
Iteration 80 / LogL: -5314.295 / Time: 0h:0m:8s (0h:0m:0s left)
Iteration 90 / LogL: -5314.294 / Time: 0h:0m:8s (0h:0m:0s left)
Iteration 100 / LogL: -5383.374 / Time: 0h:0m:8s (0h:0m:0s left)
Log-likelihood cutoff on original alignment: -5327.386
NOTE: Bootstrap correlation coefficient of split occurrence frequencies: 0.998
TREE SEARCH COMPLETED AFTER 102 ITERATIONS / Time: 0h:0m:8s

--------------------------------------------------------------------
|                    FINALIZING TREE SEARCH                        |
--------------------------------------------------------------------
Performs final model parameters optimization
Estimate model parameters (epsilon = 0.010)
1. Initial log-likelihood: -5314.294
Optimal log-likelihood: -5314.294
Rate parameters:  A-C: 1.00000  A-G: 4.69140  A-T: 1.00000  C-G: 1.00000  C-T: 4.69140  G-T: 1.00000
Base frequencies:  A: 0.216  C: 0.299  G: 0.276  T: 0.210
Proportion of invariable sites: 0.746
Parameters optimization took 1 rounds (0.001 sec)
BEST SCORE FOUND : -5314.294
Creating bootstrap support values...
Split supports printed to NEXUS file per_gene_alignments_codon/LOC101399927_.aln.splits.nex
Total tree length: 0.222

Total number of iterations: 102
CPU time used for tree search: 1.149 sec (0h:0m:1s)
Wall-clock time used for tree search: 1.977 sec (0h:0m:1s)
Total CPU time used: 4.548 sec (0h:0m:4s)
Total wall-clock time used: 8.967 sec (0h:0m:8s)

Computing bootstrap consensus tree...
Reading input file per_gene_alignments_codon/LOC101399927_.aln.splits.nex...
7 taxa and 15 splits.
Consensus tree written to per_gene_alignments_codon/LOC101399927_.aln.contree
Reading input trees file per_gene_alignments_codon/LOC101399927_.aln.contree
Log-likelihood of consensus tree: -5314.302

Analysis results written to: 
  IQ-TREE report:                per_gene_alignments_codon/LOC101399927_.aln.iqtree
  Maximum-likelihood tree:       per_gene_alignments_codon/LOC101399927_.aln.treefile
  Likelihood distances:          per_gene_alignments_codon/LOC101399927_.aln.mldist

Ultrafast bootstrap approximation results written to:
  Split support values:          per_gene_alignments_codon/LOC101399927_.aln.splits.nex
  Consensus tree:                per_gene_alignments_codon/LOC101399927_.aln.contree
  Screen log file:               per_gene_alignments_codon/LOC101399927_.aln.log

Date and Time: Thu Oct 30 21:33:55 2025
