IQ-TREE multicore version 2.3.3 COVID-edition for Linux x86 64-bit built Apr 25 2024
Developed by Bui Quang Minh, James Barbetti, Nguyen Lam Tung, Olga Chernomor,
Heiko Schmidt, Dominik Schrempf, Michael Woodhams, Ly Trong Nhan, Thomas Wong

Host:    morpheus-OptiPlex-5050 (AVX2, FMA3, 503 GB RAM)
Command: iqtree2 -s per_gene_alignments_codon/LOC101387697_.aln.fna -m MFP -T 1 -B 1000 --prefix per_gene_alignments_codon/LOC101387697_.aln
Seed:    167690 (Using SPRNG - Scalable Parallel Random Number Generator)
Time:    Thu Oct 30 21:25:16 2025
Kernel:  AVX+FMA - 1 threads (72 CPU cores detected)

HINT: Use -nt option to specify number of threads because your CPU has 72 cores!
HINT: -nt AUTO will automatically determine the best number of threads to use.

Reading alignment file per_gene_alignments_codon/LOC101387697_.aln.fna ... Fasta format detected
Reading fasta file: done in 0.000522137 secs using 99.59% CPU
Alignment most likely contains DNA/RNA sequences
Alignment has 7 sequences with 1737 columns, 139 distinct patterns
157 parsimony-informative, 286 singleton sites, 1294 constant sites
                     Gap/Ambiguity  Composition  p-value
Analyzing sequences: done in 1.71661e-05 secs
   1  Ceratotherium_simum    0.00%    passed     96.16%
   2  Diceros_bicornis       0.00%    passed     97.10%
   3  Equus_asinus           0.00%    passed     90.34%
   4  Equus_quagga           0.00%    passed     91.62%
   5  Equus_caballus         0.00%    passed     95.89%
   6  Canis_lupus            2.94%    passed     97.07%
   7  Bos_taurus             0.00%    passed     88.59%
****  TOTAL                  0.42%  0 sequences failed composition chi2 test (p-value<5%; df=3)


Create initial parsimony tree by phylogenetic likelihood library (PLL)... 0.000 seconds
Perform fast likelihood tree search using GTR+I+G model...
Estimate model parameters (epsilon = 5.000)
Perform nearest neighbor interchange...
Estimate model parameters (epsilon = 1.000)
1. Initial log-likelihood: -4787.803
Optimal log-likelihood: -4787.694
Rate parameters:  A-C: 1.16013  A-G: 4.00862  A-T: 0.74002  C-G: 1.39468  C-T: 5.71823  G-T: 1.00000
Base frequencies:  A: 0.358  C: 0.180  G: 0.232  T: 0.230
Proportion of invariable sites: 0.361
Gamma shape alpha: 998.433
Parameters optimization took 1 rounds (0.002 sec)
Time for fast ML tree search: 0.096 seconds

NOTE: ModelFinder requires 0 MB RAM!
ModelFinder will test up to 484 DNA models (sample size: 1737) ...
 No. Model         -LnL         df  AIC          AICc         BIC
  1  GTR+F         4787.946     19  9613.893     9614.335     9717.631
  2  GTR+F+I       4786.018     20  9612.037     9612.526     9721.235
  3  GTR+F+G4      4786.353     20  9612.706     9613.196     9721.904
  4  GTR+F+I+G4    4787.500     21  9616.999     9617.538     9731.657
  5  GTR+F+R2      4786.525     21  9615.050     9615.588     9729.708
  6  GTR+F+R3      4786.372     23  9618.744     9619.388     9744.322
 14  GTR+F+I+R2    4786.564     22  9617.129     9617.719     9737.247
 15  GTR+F+I+R3    4786.422     24  9620.844     9621.545     9751.882
 23  SYM           4845.268     16  9722.536     9722.852     9809.894
 24  SYM+I         4844.163     17  9722.326     9722.682     9815.144
 25  SYM+G4        4844.431     17  9722.862     9723.218     9815.681
 45  TVM+F         4792.427     18  9620.854     9621.252     9719.133
 46  TVM+F+I       4790.281     19  9618.561     9619.004     9722.300
 47  TVM+F+G4      4790.623     19  9619.245     9619.688     9722.984
 67  TVMe          4845.281     15  9720.562     9720.841     9802.461
 68  TVMe+I        4844.161     16  9720.322     9720.639     9807.681
 69  TVMe+G4       4844.423     16  9720.845     9721.161     9808.204
 89  TIM3+F        4788.660     17  9611.321     9611.677     9704.139
 90  TIM3+F+I      4786.834     18  9609.668     9610.066     9707.946
 91  TIM3+F+G4     4787.169     18  9610.337     9610.735     9708.616
111  TIM3e         4845.288     14  9718.576     9718.820     9795.015
112  TIM3e+I       4844.169     15  9718.338     9718.617     9800.236
113  TIM3e+G4      4844.435     15  9718.869     9719.148     9800.768
133  TIM2+F        4790.191     17  9614.382     9614.738     9707.201
134  TIM2+F+I      4788.469     18  9612.938     9613.336     9711.216
135  TIM2+F+G4     4788.784     18  9613.568     9613.966     9711.846
155  TIM2e         4845.972     14  9719.944     9720.188     9796.382
156  TIM2e+I       4844.893     15  9719.787     9720.065     9801.685
157  TIM2e+G4      4845.153     15  9720.306     9720.585     9802.205
177  TIM+F         4790.596     17  9615.191     9615.547     9708.010
178  TIM+F+I       4788.955     18  9613.909     9614.307     9712.187
179  TIM+F+G4      4789.262     18  9614.525     9614.923     9712.803
199  TIMe          4845.919     14  9719.838     9720.082     9796.277
200  TIMe+I        4844.840     15  9719.680     9719.959     9801.579
201  TIMe+G4       4845.096     15  9720.192     9720.471     9802.091
221  TPM3u+F       4793.151     16  9618.302     9618.618     9705.661
222  TPM3u+F+I     4791.137     17  9616.275     9616.631     9709.093
223  TPM3u+F+G4    4791.478     17  9616.957     9617.313     9709.775
243  TPM3          4845.300     13  9716.599     9716.810     9787.578
244  TPM3+I        4844.177     14  9716.354     9716.597     9792.792
245  TPM3+G4       4844.444     14  9716.888     9717.132     9793.327
265  TPM2u+F       4794.663     16  9621.327     9621.643     9708.686
266  TPM2u+F+I     4792.704     17  9619.408     9619.764     9712.227
267  TPM2u+F+G4    4793.035     17  9620.071     9620.427     9712.889
287  TPM2          4845.984     13  9717.967     9718.178     9788.946
288  TPM2+I        4844.900     14  9717.799     9718.043     9794.238
289  TPM2+G4       4845.160     14  9718.319     9718.563     9794.758
309  K3Pu+F        4795.080     16  9622.161     9622.477     9709.519
310  K3Pu+F+I      4793.230     17  9620.460     9620.816     9713.279
311  K3Pu+F+G4     4793.549     17  9621.098     9621.454     9713.917
331  K3P           4845.931     13  9717.863     9718.074     9788.841
332  K3P+I         4844.847     14  9717.695     9717.939     9794.134
333  K3P+G4        4845.104     14  9718.208     9718.451     9794.646
353  TN+F          4790.859     16  9613.717     9614.033     9701.076
354  TN+F+I        4789.236     17  9612.472     9612.828     9705.291
355  TN+F+G4       4789.549     17  9613.098     9613.454     9705.917
375  TNe           4845.975     13  9717.950     9718.161     9788.929
376  TNe+I         4844.896     14  9717.792     9718.036     9794.231
377  TNe+G4        4845.156     14  9718.312     9718.556     9794.751
397  HKY+F         4795.341     15  9620.683     9620.962     9702.582
398  HKY+F+I       4793.512     16  9619.023     9619.340     9706.382
399  HKY+F+G4      4793.836     16  9619.673     9619.989     9707.031
419  K2P           4845.987     12  9715.974     9716.155     9781.493
420  K2P+I         4844.904     13  9715.807     9716.018     9786.786
421  K2P+G4        4845.163     13  9716.326     9716.537     9787.305
441  F81+F         4913.233     14  9854.466     9854.710     9930.905
442  F81+F+I       4912.760     15  9855.520     9855.799     9937.419
443  F81+F+G4      4912.950     15  9855.900     9856.179     9937.799
463  JC            4967.883     11  9957.765     9957.918     10017.824
464  JC+I          4967.539     12  9959.078     9959.259     10024.597
465  JC+G4         4967.711     12  9959.421     9959.602     10024.940
Akaike Information Criterion:           TIM3+F+I
Corrected Akaike Information Criterion: TIM3+F+I
Bayesian Information Criterion:         TN+F
Best-fit model: TN+F chosen according to BIC

All model information printed to per_gene_alignments_codon/LOC101387697_.aln.model.gz
CPU time for ModelFinder: 0.494 seconds (0h:0m:0s)
Wall-clock time for ModelFinder: 1.316 seconds (0h:0m:1s)
Generating 1000 samples for ultrafast bootstrap (seed: 167690)...

NOTE: 0 MB RAM (0 GB) is required!
Estimate model parameters (epsilon = 0.100)
1. Initial log-likelihood: -4790.859
Optimal log-likelihood: -4790.859
Rate parameters:  A-C: 1.00000  A-G: 3.78310  A-T: 1.00000  C-G: 1.00000  C-T: 5.34793  G-T: 1.00000
Base frequencies:  A: 0.358  C: 0.180  G: 0.232  T: 0.230
Parameters optimization took 1 rounds (0.001 sec)
Wrote distance file to... 
Computing ML distances based on estimated model parameters...
Calculating distance matrix: done in 0.000235796 secs using 98.39% CPU
Computing ML distances took 0.000289 sec (of wall-clock time) 0.000291 sec (of CPU time)
Setting up auxiliary I and S matrices: done in 6.10352e-05 secs using 96.67% CPU
Computing RapidNJ tree took 0.000154 sec (of wall-clock time) 0.000151 sec (of CPU time)
Log-likelihood of RapidNJ tree: -4790.859
--------------------------------------------------------------------
|             INITIALIZING CANDIDATE TREE SET                      |
--------------------------------------------------------------------
Generating 99 parsimony trees... 0.091 second
Computing log-likelihood of 42 initial trees ... 0.022 seconds
Current best score: -4790.859

Do NNI search on 20 best initial trees
Estimate model parameters (epsilon = 0.100)
BETTER TREE FOUND at iteration 1: -4790.859
Iteration 10 / LogL: -4790.869 / Time: 0h:0m:1s
Iteration 20 / LogL: -4790.860 / Time: 0h:0m:1s
Finish initializing candidate tree set (1)
Current best tree score: -4790.859 / CPU time: 0.248
Number of iterations: 20
--------------------------------------------------------------------
|               OPTIMIZING CANDIDATE TREE SET                      |
--------------------------------------------------------------------
UPDATE BEST LOG-LIKELIHOOD: -4790.859
Iteration 30 / LogL: -4790.860 / Time: 0h:0m:1s (0h:0m:0s left)
UPDATE BEST LOG-LIKELIHOOD: -4790.859
Iteration 40 / LogL: -4790.859 / Time: 0h:0m:1s (0h:0m:0s left)
Iteration 50 / LogL: -4790.870 / Time: 0h:0m:2s (0h:0m:0s left)
Log-likelihood cutoff on original alignment: -4810.615
Iteration 60 / LogL: -4790.859 / Time: 0h:0m:2s (0h:0m:0s left)
Iteration 70 / LogL: -4790.859 / Time: 0h:0m:2s (0h:0m:0s left)
Iteration 80 / LogL: -4790.859 / Time: 0h:0m:2s (0h:0m:0s left)
Iteration 90 / LogL: -4790.859 / Time: 0h:0m:2s (0h:0m:0s left)
Iteration 100 / LogL: -4790.923 / Time: 0h:0m:2s (0h:0m:0s left)
Log-likelihood cutoff on original alignment: -4810.687
NOTE: Bootstrap correlation coefficient of split occurrence frequencies: 1.000
TREE SEARCH COMPLETED AFTER 102 ITERATIONS / Time: 0h:0m:2s

--------------------------------------------------------------------
|                    FINALIZING TREE SEARCH                        |
--------------------------------------------------------------------
Performs final model parameters optimization
Estimate model parameters (epsilon = 0.010)
1. Initial log-likelihood: -4790.859
Optimal log-likelihood: -4790.859
Rate parameters:  A-C: 1.00000  A-G: 3.78244  A-T: 1.00000  C-G: 1.00000  C-T: 5.34531  G-T: 1.00000
Base frequencies:  A: 0.358  C: 0.180  G: 0.232  T: 0.230
Parameters optimization took 1 rounds (0.001 sec)
BEST SCORE FOUND : -4790.859
Creating bootstrap support values...
Split supports printed to NEXUS file per_gene_alignments_codon/LOC101387697_.aln.splits.nex
Total tree length: 0.308

Total number of iterations: 102
CPU time used for tree search: 0.970 sec (0h:0m:0s)
Wall-clock time used for tree search: 1.379 sec (0h:0m:1s)
Total CPU time used: 1.524 sec (0h:0m:1s)
Total wall-clock time used: 2.793 sec (0h:0m:2s)

Computing bootstrap consensus tree...
Reading input file per_gene_alignments_codon/LOC101387697_.aln.splits.nex...
7 taxa and 14 splits.
Consensus tree written to per_gene_alignments_codon/LOC101387697_.aln.contree
Reading input trees file per_gene_alignments_codon/LOC101387697_.aln.contree
Log-likelihood of consensus tree: -4790.859

Analysis results written to: 
  IQ-TREE report:                per_gene_alignments_codon/LOC101387697_.aln.iqtree
  Maximum-likelihood tree:       per_gene_alignments_codon/LOC101387697_.aln.treefile
  Likelihood distances:          per_gene_alignments_codon/LOC101387697_.aln.mldist

Ultrafast bootstrap approximation results written to:
  Split support values:          per_gene_alignments_codon/LOC101387697_.aln.splits.nex
  Consensus tree:                per_gene_alignments_codon/LOC101387697_.aln.contree
  Screen log file:               per_gene_alignments_codon/LOC101387697_.aln.log

Date and Time: Thu Oct 30 21:25:19 2025
