IQ-TREE multicore version 2.3.3 COVID-edition for Linux x86 64-bit built Apr 25 2024
Developed by Bui Quang Minh, James Barbetti, Nguyen Lam Tung, Olga Chernomor,
Heiko Schmidt, Dominik Schrempf, Michael Woodhams, Ly Trong Nhan, Thomas Wong

Host:    morpheus-OptiPlex-5050 (AVX2, FMA3, 503 GB RAM)
Command: iqtree2 -s per_gene_alignments_codon/LOC101393667_.aln.fna -m MFP -T 1 -B 1000 --prefix per_gene_alignments_codon/LOC101393667_.aln
Seed:    371887 (Using SPRNG - Scalable Parallel Random Number Generator)
Time:    Thu Oct 30 21:29:27 2025
Kernel:  AVX+FMA - 1 threads (72 CPU cores detected)

HINT: Use -nt option to specify number of threads because your CPU has 72 cores!
HINT: -nt AUTO will automatically determine the best number of threads to use.

Reading alignment file per_gene_alignments_codon/LOC101393667_.aln.fna ... Fasta format detected
Reading fasta file: done in 0.000338078 secs using 66.26% CPU
Alignment most likely contains DNA/RNA sequences
Alignment has 7 sequences with 1044 columns, 95 distinct patterns
95 parsimony-informative, 168 singleton sites, 781 constant sites
                     Gap/Ambiguity  Composition  p-value
Analyzing sequences: done in 1.50204e-05 secs using 66.58% CPU
   1  Ceratotherium_simum    0.00%    passed     95.05%
   2  Diceros_bicornis       0.00%    passed     95.28%
   3  Equus_asinus           0.00%    passed     91.36%
   4  Equus_quagga           0.00%    passed     91.88%
   5  Equus_caballus         0.00%    passed     94.00%
   6  Canis_lupus            0.00%    passed     10.59%
   7  Bos_taurus             0.00%    passed      5.52%
****  TOTAL                  0.00%  0 sequences failed composition chi2 test (p-value<5%; df=3)


Create initial parsimony tree by phylogenetic likelihood library (PLL)... 0.000 seconds
Perform fast likelihood tree search using GTR+I+G model...
Estimate model parameters (epsilon = 5.000)
Perform nearest neighbor interchange...
Estimate model parameters (epsilon = 1.000)
1. Initial log-likelihood: -2848.717
Optimal log-likelihood: -2848.457
Rate parameters:  A-C: 0.68501  A-G: 4.37801  A-T: 1.54638  C-G: 1.13363  C-T: 3.80968  G-T: 1.00000
Base frequencies:  A: 0.160  C: 0.352  G: 0.333  T: 0.156
Proportion of invariable sites: 0.367
Gamma shape alpha: 0.841
Parameters optimization took 1 rounds (0.004 sec)
Time for fast ML tree search: 0.056 seconds

NOTE: ModelFinder requires 0 MB RAM!
ModelFinder will test up to 484 DNA models (sample size: 1044) ...
 No. Model         -LnL         df  AIC          AICc         BIC
  1  GTR+F         2882.988     19  5803.976     5804.718     5898.042
  2  GTR+F+I       2848.940     20  5737.879     5738.700     5836.896
  3  GTR+F+G4      2848.406     20  5736.812     5737.633     5835.828
  4  GTR+F+I+G4    2848.386     21  5738.772     5739.676     5842.739
  5  GTR+F+R2      2848.800     21  5739.600     5740.504     5843.567
  6  GTR+F+R3      2848.458     23  5742.917     5743.999     5856.785
 14  GTR+F+I+R2    2848.500     22  5741.001     5741.992     5849.919
 15  GTR+F+I+R3    2848.428     24  5744.857     5746.034     5863.676
 24  SYM+I         2940.392     17  5914.783     5915.380     5998.947
 25  SYM+G4        2939.097     17  5912.194     5912.790     5996.358
 26  SYM+I+G4      2938.992     18  5913.984     5914.651     6003.098
 27  SYM+R2        2939.402     18  5914.803     5915.471     6003.918
 46  TVM+F+I       2848.988     19  5735.977     5736.719     5830.042
 47  TVM+F+G4      2848.576     19  5735.152     5735.895     5829.218
 48  TVM+F+I+G4    2848.623     20  5737.246     5738.067     5836.262
 49  TVM+F+R2      2848.931     20  5737.862     5738.683     5836.878
 68  TVMe+I        2941.081     16  5914.162     5914.691     5993.375
 69  TVMe+G4       2939.766     16  5911.532     5912.061     5990.745
 70  TVMe+I+G4     2939.669     17  5913.338     5913.935     5997.502
 71  TVMe+R2       2940.092     17  5914.183     5914.780     5998.347
 90  TIM3+F+I      2850.169     18  5736.338     5737.005     5825.452
 91  TIM3+F+G4     2849.512     18  5735.025     5735.692     5824.139
 92  TIM3+F+I+G4   2849.529     19  5737.057     5737.799     5831.123
 93  TIM3+F+R2     2849.824     19  5737.648     5738.391     5831.714
112  TIM3e+I       2947.151     15  5924.301     5924.768     5998.563
113  TIM3e+G4      2946.127     15  5922.255     5922.722     5996.517
114  TIM3e+I+G4    2946.077     16  5924.154     5924.684     6003.367
115  TIM3e+R2      2946.550     16  5925.101     5925.630     6004.314
134  TIM2+F+I      2850.385     18  5736.770     5737.437     5825.885
135  TIM2+F+G4     2849.504     18  5735.007     5735.675     5824.122
136  TIM2+F+I+G4   2849.466     19  5736.931     5737.673     5830.997
137  TIM2+F+R2     2850.161     19  5738.321     5739.063     5832.387
156  TIM2e+I       2944.028     15  5918.056     5918.523     5992.318
157  TIM2e+G4      2942.897     15  5915.795     5916.262     5990.057
158  TIM2e+I+G4    2942.831     16  5917.662     5918.192     5996.875
159  TIM2e+R2      2943.299     16  5918.598     5919.128     5997.811
178  TIM+F+I       2850.072     18  5736.143     5736.811     5825.258
179  TIM+F+G4      2849.185     18  5734.371     5735.038     5823.485
180  TIM+F+I+G4    2849.118     19  5736.236     5736.979     5830.302
181  TIM+F+R2      2849.858     19  5737.717     5738.459     5831.782
200  TIMe+I        2943.381     15  5916.762     5917.229     5991.025
201  TIMe+G4       2942.505     15  5915.010     5915.477     5989.272
202  TIMe+I+G4     2942.450     16  5916.899     5917.429     5996.113
203  TIMe+R2       2942.887     16  5917.773     5918.303     5996.986
222  TPM3u+F+I     2850.240     17  5734.480     5735.076     5818.644
223  TPM3u+F+G4    2849.722     17  5733.443     5734.040     5817.607
224  TPM3u+F+I+G4  2849.778     18  5735.555     5736.222     5824.670
225  TPM3u+F+R2    2849.914     18  5735.828     5736.495     5824.942
244  TPM3+I        2947.732     14  5923.464     5923.872     5992.775
245  TPM3+G4       2946.681     14  5921.363     5921.771     5990.674
246  TPM3+I+G4     2946.629     15  5923.259     5923.726     5997.521
247  TPM3+R2       2947.101     15  5924.201     5924.668     5998.464
266  TPM2u+F+I     2850.472     17  5734.943     5735.540     5819.107
267  TPM2u+F+G4    2849.711     17  5733.423     5734.019     5817.587
268  TPM2u+F+I+G4  2849.706     18  5735.411     5736.078     5824.526
269  TPM2u+F+R2    2850.266     18  5736.533     5737.200     5825.647
288  TPM2+I        2944.815     14  5917.630     5918.039     5986.942
289  TPM2+G4       2943.737     14  5915.475     5915.883     5984.786
290  TPM2+I+G4     2943.677     15  5917.354     5917.821     5991.616
291  TPM2+R2       2944.133     15  5918.267     5918.734     5992.529
310  K3Pu+F+I      2850.158     17  5734.315     5734.912     5818.479
311  K3Pu+F+G4     2849.389     17  5732.779     5733.375     5816.943
312  K3Pu+F+I+G4   2849.354     18  5734.709     5735.376     5823.823
313  K3Pu+F+R2     2850.016     18  5736.031     5736.698     5825.146
332  K3P+I         2944.003     14  5916.007     5916.415     5985.318
333  K3P+G4        2943.147     14  5914.294     5914.702     5983.606
334  K3P+I+G4      2943.102     15  5916.204     5916.671     5990.466
335  K3P+R2        2943.515     15  5917.030     5917.497     5991.292
354  TN+F+I        2850.585     17  5735.170     5735.766     5819.334
355  TN+F+G4       2849.758     17  5733.516     5734.112     5817.679
356  TN+F+I+G4     2849.728     18  5735.457     5736.124     5824.572
357  TN+F+R2       2850.152     18  5736.304     5736.971     5825.418
376  TNe+I         2948.972     14  5925.944     5926.352     5995.255
377  TNe+G4        2948.249     14  5924.498     5924.907     5993.810
378  TNe+I+G4      2948.223     15  5926.447     5926.914     6000.709
379  TNe+R2        2948.593     15  5927.187     5927.654     6001.449
398  HKY+F+I       2850.671     16  5733.341     5733.871     5812.554
399  HKY+F+G4      2849.973     16  5731.946     5732.475     5811.159
400  HKY+F+I+G4    2849.983     17  5733.966     5734.562     5818.129
401  HKY+F+R2      2850.219     17  5734.438     5735.034     5818.602
420  K2P+I         2949.607     13  5925.214     5925.567     5989.574
421  K2P+G4        2948.910     13  5923.821     5924.174     5988.181
422  K2P+I+G4      2948.891     14  5925.782     5926.190     5995.093
423  K2P+R2        2949.246     14  5926.492     5926.901     5995.804
442  F81+F+I       2902.300     15  5834.599     5835.066     5908.861
443  F81+F+G4      2901.874     15  5833.749     5834.216     5908.011
444  F81+F+I+G4    2901.866     16  5835.732     5836.261     5914.945
445  F81+F+R2      2902.200     16  5836.400     5836.929     5915.613
464  JC+I          2983.718     12  5991.436     5991.739     6050.846
465  JC+G4         2983.463     12  5990.925     5991.228     6050.335
466  JC+I+G4       2983.468     13  5992.936     5993.289     6057.296
467  JC+R2         2983.720     13  5993.439     5993.793     6057.800
Akaike Information Criterion:           HKY+F+G4
Corrected Akaike Information Criterion: HKY+F+G4
Bayesian Information Criterion:         HKY+F+G4
Best-fit model: HKY+F+G4 chosen according to BIC

All model information printed to per_gene_alignments_codon/LOC101393667_.aln.model.gz
CPU time for ModelFinder: 0.921 seconds (0h:0m:0s)
Wall-clock time for ModelFinder: 1.120 seconds (0h:0m:1s)
Generating 1000 samples for ultrafast bootstrap (seed: 371887)...

NOTE: 0 MB RAM (0 GB) is required!
Estimate model parameters (epsilon = 0.100)
1. Initial log-likelihood: -2849.973
Optimal log-likelihood: -2849.973
Rate parameters:  A-C: 1.00000  A-G: 4.01133  A-T: 1.00000  C-G: 1.00000  C-T: 4.01133  G-T: 1.00000
Base frequencies:  A: 0.160  C: 0.352  G: 0.333  T: 0.156
Gamma shape alpha: 0.291
Parameters optimization took 1 rounds (0.001 sec)
Wrote distance file to... 
Computing ML distances based on estimated model parameters...
Calculating distance matrix: done in 0.000467062 secs using 98.7% CPU
Computing ML distances took 0.000520 sec (of wall-clock time) 0.000519 sec (of CPU time)
Setting up auxiliary I and S matrices: done in 5.00679e-05 secs using 179.8% CPU
Computing RapidNJ tree took 0.000146 sec (of wall-clock time) 0.000292 sec (of CPU time)
Log-likelihood of RapidNJ tree: -2850.495
--------------------------------------------------------------------
|             INITIALIZING CANDIDATE TREE SET                      |
--------------------------------------------------------------------
Generating 98 parsimony trees... 0.040 second
Computing log-likelihood of 51 initial trees ... 0.023 seconds
Current best score: -2849.973

Do NNI search on 20 best initial trees
Estimate model parameters (epsilon = 0.100)
BETTER TREE FOUND at iteration 1: -2849.972
Iteration 10 / LogL: -2849.980 / Time: 0h:0m:1s
Iteration 20 / LogL: -2850.020 / Time: 0h:0m:1s
Finish initializing candidate tree set (1)
Current best tree score: -2849.972 / CPU time: 0.170
Number of iterations: 20
--------------------------------------------------------------------
|               OPTIMIZING CANDIDATE TREE SET                      |
--------------------------------------------------------------------
Iteration 30 / LogL: -2849.983 / Time: 0h:0m:1s (0h:0m:0s left)
Iteration 40 / LogL: -2850.097 / Time: 0h:0m:1s (0h:0m:0s left)
Iteration 50 / LogL: -2850.132 / Time: 0h:0m:1s (0h:0m:0s left)
Log-likelihood cutoff on original alignment: -2873.127
Iteration 60 / LogL: -2849.972 / Time: 0h:0m:1s (0h:0m:0s left)
Iteration 70 / LogL: -2849.972 / Time: 0h:0m:1s (0h:0m:0s left)
Iteration 80 / LogL: -2850.028 / Time: 0h:0m:2s (0h:0m:0s left)
Iteration 90 / LogL: -2850.235 / Time: 0h:0m:2s (0h:0m:0s left)
Iteration 100 / LogL: -2866.242 / Time: 0h:0m:2s (0h:0m:0s left)
Log-likelihood cutoff on original alignment: -2867.255
NOTE: Bootstrap correlation coefficient of split occurrence frequencies: 0.999
TREE SEARCH COMPLETED AFTER 102 ITERATIONS / Time: 0h:0m:2s

--------------------------------------------------------------------
|                    FINALIZING TREE SEARCH                        |
--------------------------------------------------------------------
Performs final model parameters optimization
Estimate model parameters (epsilon = 0.010)
1. Initial log-likelihood: -2849.972
Optimal log-likelihood: -2849.972
Rate parameters:  A-C: 1.00000  A-G: 4.01558  A-T: 1.00000  C-G: 1.00000  C-T: 4.01558  G-T: 1.00000
Base frequencies:  A: 0.160  C: 0.352  G: 0.333  T: 0.156
Gamma shape alpha: 0.291
Parameters optimization took 1 rounds (0.001 sec)
BEST SCORE FOUND : -2849.972
Creating bootstrap support values...
Split supports printed to NEXUS file per_gene_alignments_codon/LOC101393667_.aln.splits.nex
Total tree length: 0.474

Total number of iterations: 102
CPU time used for tree search: 1.187 sec (0h:0m:1s)
Wall-clock time used for tree search: 1.177 sec (0h:0m:1s)
Total CPU time used: 2.172 sec (0h:0m:2s)
Total wall-clock time used: 2.368 sec (0h:0m:2s)

Computing bootstrap consensus tree...
Reading input file per_gene_alignments_codon/LOC101393667_.aln.splits.nex...
7 taxa and 17 splits.
Consensus tree written to per_gene_alignments_codon/LOC101393667_.aln.contree
Reading input trees file per_gene_alignments_codon/LOC101393667_.aln.contree
Log-likelihood of consensus tree: -2849.973

Analysis results written to: 
  IQ-TREE report:                per_gene_alignments_codon/LOC101393667_.aln.iqtree
  Maximum-likelihood tree:       per_gene_alignments_codon/LOC101393667_.aln.treefile
  Likelihood distances:          per_gene_alignments_codon/LOC101393667_.aln.mldist

Ultrafast bootstrap approximation results written to:
  Split support values:          per_gene_alignments_codon/LOC101393667_.aln.splits.nex
  Consensus tree:                per_gene_alignments_codon/LOC101393667_.aln.contree
  Screen log file:               per_gene_alignments_codon/LOC101393667_.aln.log

Date and Time: Thu Oct 30 21:29:30 2025
