IQ-TREE multicore version 2.3.3 COVID-edition for Linux x86 64-bit built Apr 25 2024
Developed by Bui Quang Minh, James Barbetti, Nguyen Lam Tung, Olga Chernomor,
Heiko Schmidt, Dominik Schrempf, Michael Woodhams, Ly Trong Nhan, Thomas Wong

Host:    morpheus-OptiPlex-5050 (AVX2, FMA3, 503 GB RAM)
Command: iqtree2 -s per_gene_alignments_codon/LOC101393453_.aln.fna -m MFP -T 1 -B 1000 --prefix per_gene_alignments_codon/LOC101393453_.aln
Seed:    210279 (Using SPRNG - Scalable Parallel Random Number Generator)
Time:    Thu Oct 30 21:29:19 2025
Kernel:  AVX+FMA - 1 threads (72 CPU cores detected)

HINT: Use -nt option to specify number of threads because your CPU has 72 cores!
HINT: -nt AUTO will automatically determine the best number of threads to use.

Reading alignment file per_gene_alignments_codon/LOC101393453_.aln.fna ... Fasta format detected
Reading fasta file: done in 0.000291824 secs
Alignment most likely contains DNA/RNA sequences
Alignment has 7 sequences with 951 columns, 66 distinct patterns
56 parsimony-informative, 108 singleton sites, 787 constant sites
                     Gap/Ambiguity  Composition  p-value
Analyzing sequences: done in 1.19209e-05 secs
   1  Ceratotherium_simum    0.00%    passed     97.39%
   2  Diceros_bicornis       0.00%    passed     96.97%
   3  Equus_asinus           0.00%    passed     91.77%
   4  Equus_quagga           0.00%    passed     96.45%
   5  Equus_caballus         0.00%    passed     90.34%
   6  Canis_lupus            0.00%    passed     87.75%
   7  Bos_taurus             0.00%    failed      0.54%
****  TOTAL                  0.00%  1 sequences failed composition chi2 test (p-value<5%; df=3)


Create initial parsimony tree by phylogenetic likelihood library (PLL)... 0.000 seconds
Perform fast likelihood tree search using GTR+I+G model...
Estimate model parameters (epsilon = 5.000)
Perform nearest neighbor interchange...
Estimate model parameters (epsilon = 1.000)
1. Initial log-likelihood: -2222.014
Optimal log-likelihood: -2222.010
Rate parameters:  A-C: 0.61261  A-G: 3.67684  A-T: 0.36600  C-G: 0.59568  C-T: 4.62307  G-T: 1.00000
Base frequencies:  A: 0.266  C: 0.236  G: 0.239  T: 0.260
Proportion of invariable sites: 0.410
Gamma shape alpha: 1.057
Parameters optimization took 1 rounds (0.026 sec)
Time for fast ML tree search: 0.042 seconds

NOTE: ModelFinder requires 0 MB RAM!
ModelFinder will test up to 484 DNA models (sample size: 951) ...
 No. Model         -LnL         df  AIC          AICc         BIC
  1  GTR+F         2232.851     19  4503.702     4504.518     4595.995
  2  GTR+F+I       2221.956     20  4483.912     4484.815     4581.062
  3  GTR+F+G4      2221.999     20  4483.998     4484.901     4581.148
  4  GTR+F+I+G4    2222.010     21  4486.019     4487.014     4588.027
  5  GTR+F+R2      2223.747     21  4489.494     4490.489     4591.502
  6  GTR+F+R3      2222.402     23  4490.804     4491.995     4602.527
 14  GTR+F+I+R2    2222.073     22  4488.145     4489.236     4595.011
 15  GTR+F+I+R3    2222.003     24  4492.005     4493.301     4608.585
 24  SYM+I         2221.617     17  4477.234     4477.890     4559.812
 25  SYM+G4        2221.662     17  4477.323     4477.979     4559.901
 26  SYM+I+G4      2221.673     18  4479.347     4480.081     4566.782
 46  TVM+F+I       2222.424     19  4482.847     4483.664     4575.140
 47  TVM+F+G4      2222.543     19  4483.087     4483.903     4575.380
 48  TVM+F+I+G4    2222.579     20  4485.157     4486.060     4582.307
 68  TVMe+I        2222.041     16  4476.081     4476.663     4553.801
 69  TVMe+G4       2222.154     16  4476.308     4476.891     4554.029
 70  TVMe+I+G4     2222.185     17  4478.369     4479.025     4560.947
 90  TIM3+F+I      2223.817     18  4483.634     4484.368     4571.069
 91  TIM3+F+G4     2223.917     18  4483.834     4484.568     4571.269
 92  TIM3+F+I+G4   2223.945     19  4485.891     4486.707     4578.183
112  TIM3e+I       2223.158     15  4476.317     4476.830     4549.179
113  TIM3e+G4      2223.260     15  4476.520     4477.033     4549.383
114  TIM3e+I+G4    2223.289     16  4478.578     4479.160     4556.298
134  TIM2+F+I      2222.780     18  4481.561     4482.295     4568.996
135  TIM2+F+G4     2222.846     18  4481.692     4482.426     4569.127
136  TIM2+F+I+G4   2222.866     19  4483.731     4484.548     4576.024
156  TIM2e+I       2222.497     15  4474.994     4475.508     4547.857
157  TIM2e+G4      2222.570     15  4475.140     4475.654     4548.003
158  TIM2e+I+G4    2222.591     16  4477.181     4477.764     4554.901
178  TIM+F+I       2222.964     18  4481.928     4482.662     4569.364
179  TIM+F+G4      2223.027     18  4482.054     4482.788     4569.489
180  TIM+F+I+G4    2223.047     19  4484.095     4484.911     4576.387
200  TIMe+I        2222.420     15  4474.841     4475.354     4547.703
201  TIMe+G4       2222.483     15  4474.966     4475.479     4547.829
202  TIMe+I+G4     2222.502     16  4477.005     4477.587     4554.725
222  TPM3u+F+I     2224.311     17  4482.621     4483.277     4565.199
223  TPM3u+F+G4    2224.487     17  4482.973     4483.629     4565.551
224  TPM3u+F+I+G4  2224.541     18  4485.081     4485.815     4572.516
244  TPM3+I        2223.594     14  4475.188     4475.637     4543.194
245  TPM3+G4       2223.763     14  4475.526     4475.975     4543.531
246  TPM3+I+G4     2223.811     15  4477.622     4478.136     4550.485
266  TPM2u+F+I     2223.247     17  4480.494     4481.150     4563.072
267  TPM2u+F+G4    2223.390     17  4480.781     4481.437     4563.359
268  TPM2u+F+I+G4  2223.436     18  4482.873     4483.607     4570.308
288  TPM2+I        2222.922     14  4473.844     4474.293     4541.849
289  TPM2+G4       2223.063     14  4474.125     4474.574     4542.130
290  TPM2+I+G4     2223.104     15  4476.208     4476.721     4549.071
310  K3Pu+F+I      2223.467     17  4480.933     4481.589     4563.511
311  K3Pu+F+G4     2223.612     17  4481.225     4481.881     4563.802
312  K3Pu+F+I+G4   2223.654     18  4483.308     4484.041     4570.743
332  K3P+I         2222.863     14  4473.725     4474.174     4541.731
333  K3P+G4        2222.997     14  4473.993     4474.442     4541.998
334  K3P+I+G4      2223.033     15  4476.065     4476.579     4548.928
354  TN+F+I        2223.853     17  4481.706     4482.362     4564.283
355  TN+F+G4       2223.949     17  4481.897     4482.553     4564.475
356  TN+F+I+G4     2223.979     18  4483.958     4484.692     4571.393
376  TNe+I         2223.270     14  4474.540     4474.988     4542.545
377  TNe+G4        2223.368     14  4474.736     4475.185     4542.742
378  TNe+I+G4      2223.398     15  4476.796     4477.309     4549.659
398  HKY+F+I       2224.351     16  4480.702     4481.285     4558.422
399  HKY+F+G4      2224.525     16  4481.049     4481.632     4558.769
400  HKY+F+I+G4    2224.579     17  4483.158     4483.814     4565.736
420  K2P+I         2223.710     13  4473.420     4473.808     4536.567
421  K2P+G4        2223.875     13  4473.750     4474.139     4536.898
422  K2P+I+G4      2223.925     14  4475.849     4476.298     4543.854
442  F81+F+I       2288.453     15  4606.907     4607.420     4679.769
443  F81+F+G4      2288.725     15  4607.450     4607.963     4680.312
444  F81+F+I+G4    2288.725     16  4609.451     4610.033     4687.171
464  JC+I          2287.572     12  4599.144     4599.476     4657.434
465  JC+G4         2287.842     12  4599.685     4600.017     4657.975
466  JC+I+G4       2287.844     13  4601.688     4602.076     4664.836
Akaike Information Criterion:           K2P+I
Corrected Akaike Information Criterion: K2P+I
Bayesian Information Criterion:         K2P+I
Best-fit model: K2P+I chosen according to BIC

All model information printed to per_gene_alignments_codon/LOC101393453_.aln.model.gz
CPU time for ModelFinder: 0.339 seconds (0h:0m:0s)
Wall-clock time for ModelFinder: 1.028 seconds (0h:0m:1s)
Generating 1000 samples for ultrafast bootstrap (seed: 210279)...

NOTE: 0 MB RAM (0 GB) is required!
Estimate model parameters (epsilon = 0.100)
1. Initial log-likelihood: -2223.710
Optimal log-likelihood: -2223.710
Rate parameters:  A-C: 1.00000  A-G: 6.51485  A-T: 1.00000  C-G: 1.00000  C-T: 6.51485  G-T: 1.00000
Base frequencies:  A: 0.250  C: 0.250  G: 0.250  T: 0.250
Proportion of invariable sites: 0.621
Parameters optimization took 1 rounds (0.009 sec)
Wrote distance file to... 
Computing ML distances based on estimated model parameters...
Calculating distance matrix: done in 0.000174046 secs using 98.82% CPU
Computing ML distances took 0.000221 sec (of wall-clock time) 0.000226 sec (of CPU time)
Setting up auxiliary I and S matrices: done in 4.29153e-05 secs using 202.7% CPU
Computing RapidNJ tree took 0.000130 sec (of wall-clock time) 0.000254 sec (of CPU time)
Log-likelihood of RapidNJ tree: -2223.710
--------------------------------------------------------------------
|             INITIALIZING CANDIDATE TREE SET                      |
--------------------------------------------------------------------
Generating 99 parsimony trees... 0.067 second
Computing log-likelihood of 38 initial trees ... 0.009 seconds
Current best score: -2223.710

Do NNI search on 20 best initial trees
Estimate model parameters (epsilon = 0.100)
BETTER TREE FOUND at iteration 1: -2223.710
Iteration 10 / LogL: -2223.715 / Time: 0h:0m:1s
Iteration 20 / LogL: -2223.773 / Time: 0h:0m:1s
Finish initializing candidate tree set (1)
Current best tree score: -2223.710 / CPU time: 0.157
Number of iterations: 20
--------------------------------------------------------------------
|               OPTIMIZING CANDIDATE TREE SET                      |
--------------------------------------------------------------------
UPDATE BEST LOG-LIKELIHOOD: -2223.710
UPDATE BEST LOG-LIKELIHOOD: -2223.710
UPDATE BEST LOG-LIKELIHOOD: -2223.710
Iteration 30 / LogL: -2223.738 / Time: 0h:0m:1s (0h:0m:0s left)
Iteration 40 / LogL: -2223.716 / Time: 0h:0m:1s (0h:0m:0s left)
Iteration 50 / LogL: -2223.710 / Time: 0h:0m:1s (0h:0m:0s left)
Log-likelihood cutoff on original alignment: -2244.695
Iteration 60 / LogL: -2223.714 / Time: 0h:0m:1s (0h:0m:0s left)
Iteration 70 / LogL: -2223.714 / Time: 0h:0m:1s (0h:0m:0s left)
Iteration 80 / LogL: -2223.740 / Time: 0h:0m:1s (0h:0m:0s left)
Iteration 90 / LogL: -2223.710 / Time: 0h:0m:1s (0h:0m:0s left)
Iteration 100 / LogL: -2223.717 / Time: 0h:0m:2s (0h:0m:0s left)
Log-likelihood cutoff on original alignment: -2243.994
NOTE: Bootstrap correlation coefficient of split occurrence frequencies: 0.999
TREE SEARCH COMPLETED AFTER 102 ITERATIONS / Time: 0h:0m:2s

--------------------------------------------------------------------
|                    FINALIZING TREE SEARCH                        |
--------------------------------------------------------------------
Performs final model parameters optimization
Estimate model parameters (epsilon = 0.010)
1. Initial log-likelihood: -2223.710
Optimal log-likelihood: -2223.710
Rate parameters:  A-C: 1.00000  A-G: 6.51881  A-T: 1.00000  C-G: 1.00000  C-T: 6.51881  G-T: 1.00000
Base frequencies:  A: 0.250  C: 0.250  G: 0.250  T: 0.250
Proportion of invariable sites: 0.621
Parameters optimization took 1 rounds (0.001 sec)
BEST SCORE FOUND : -2223.710
Creating bootstrap support values...
Split supports printed to NEXUS file per_gene_alignments_codon/LOC101393453_.aln.splits.nex
Total tree length: 0.246

Total number of iterations: 102
CPU time used for tree search: 1.061 sec (0h:0m:1s)
Wall-clock time used for tree search: 1.074 sec (0h:0m:1s)
Total CPU time used: 1.458 sec (0h:0m:1s)
Total wall-clock time used: 2.185 sec (0h:0m:2s)

Computing bootstrap consensus tree...
Reading input file per_gene_alignments_codon/LOC101393453_.aln.splits.nex...
7 taxa and 17 splits.
Consensus tree written to per_gene_alignments_codon/LOC101393453_.aln.contree
Reading input trees file per_gene_alignments_codon/LOC101393453_.aln.contree
Log-likelihood of consensus tree: -2223.710

Analysis results written to: 
  IQ-TREE report:                per_gene_alignments_codon/LOC101393453_.aln.iqtree
  Maximum-likelihood tree:       per_gene_alignments_codon/LOC101393453_.aln.treefile
  Likelihood distances:          per_gene_alignments_codon/LOC101393453_.aln.mldist

Ultrafast bootstrap approximation results written to:
  Split support values:          per_gene_alignments_codon/LOC101393453_.aln.splits.nex
  Consensus tree:                per_gene_alignments_codon/LOC101393453_.aln.contree
  Screen log file:               per_gene_alignments_codon/LOC101393453_.aln.log

Date and Time: Thu Oct 30 21:29:21 2025
