IQ-TREE multicore version 2.3.3 COVID-edition for Linux x86 64-bit built Apr 25 2024
Developed by Bui Quang Minh, James Barbetti, Nguyen Lam Tung, Olga Chernomor,
Heiko Schmidt, Dominik Schrempf, Michael Woodhams, Ly Trong Nhan, Thomas Wong

Host:    morpheus-OptiPlex-5050 (AVX2, FMA3, 503 GB RAM)
Command: iqtree2 -s per_gene_alignments_codon/LOC101390959_.aln.fna -m MFP -T 1 -B 1000 --prefix per_gene_alignments_codon/LOC101390959_.aln
Seed:    454771 (Using SPRNG - Scalable Parallel Random Number Generator)
Time:    Thu Oct 30 21:27:36 2025
Kernel:  AVX+FMA - 1 threads (72 CPU cores detected)

HINT: Use -nt option to specify number of threads because your CPU has 72 cores!
HINT: -nt AUTO will automatically determine the best number of threads to use.

Reading alignment file per_gene_alignments_codon/LOC101390959_.aln.fna ... Fasta format detected
Reading fasta file: done in 0.00133705 secs using 49.89% CPU
Alignment most likely contains DNA/RNA sequences
Alignment has 7 sequences with 4917 columns, 192 distinct patterns
456 parsimony-informative, 686 singleton sites, 3775 constant sites
                     Gap/Ambiguity  Composition  p-value
Analyzing sequences: done in 2.59876e-05 secs using 92.35% CPU
   1  Ceratotherium_simum    0.00%    passed     87.01%
   2  Diceros_bicornis       0.00%    passed     92.61%
   3  Equus_asinus           0.00%    passed     81.43%
   4  Equus_quagga           0.00%    passed     76.36%
   5  Equus_caballus         0.00%    passed     89.48%
   6  Canis_lupus            0.06%    passed     36.83%
   7  Bos_taurus             0.12%    passed     97.67%
****  TOTAL                  0.03%  0 sequences failed composition chi2 test (p-value<5%; df=3)


Create initial parsimony tree by phylogenetic likelihood library (PLL)... 0.000 seconds
Perform fast likelihood tree search using GTR+I+G model...
Estimate model parameters (epsilon = 5.000)
Perform nearest neighbor interchange...
Estimate model parameters (epsilon = 1.000)
1. Initial log-likelihood: -12882.492
Optimal log-likelihood: -12882.186
Rate parameters:  A-C: 1.07150  A-G: 8.06225  A-T: 1.27455  C-G: 1.57990  C-T: 7.80701  G-T: 1.00000
Base frequencies:  A: 0.187  C: 0.317  G: 0.307  T: 0.189
Proportion of invariable sites: 0.377
Gamma shape alpha: 0.873
Parameters optimization took 1 rounds (0.004 sec)
Time for fast ML tree search: 0.104 seconds

NOTE: ModelFinder requires 1 MB RAM!
ModelFinder will test up to 484 DNA models (sample size: 4917) ...
 No. Model         -LnL         df  AIC          AICc         BIC
  1  GTR+F         12997.119    19  26032.238    26032.393    26155.746
  2  GTR+F+I       12883.085    20  25806.171    25806.342    25936.180
  3  GTR+F+G4      12882.208    20  25804.416    25804.588    25934.426
  4  GTR+F+I+G4    12882.108    21  25806.215    25806.404    25942.725
  5  GTR+F+R2      12883.005    21  25808.009    25808.198    25944.519
  6  GTR+F+R3      12882.401    23  25810.802    25811.028    25960.313
 14  GTR+F+I+R2    12882.360    22  25808.719    25808.926    25951.729
 15  GTR+F+I+R3    12882.173    24  25812.346    25812.591    25968.357
 24  SYM+I         13076.322    17  26186.643    26186.768    26297.151
 25  SYM+G4        13074.078    17  26182.155    26182.280    26292.663
 26  SYM+I+G4      13073.759    18  26183.519    26183.659    26300.527
 46  TVM+F+I       12883.109    19  25804.218    25804.373    25927.726
 47  TVM+F+G4      12882.221    19  25802.442    25802.597    25925.951
 48  TVM+F+I+G4    12882.057    20  25804.113    25804.285    25934.122
 68  TVMe+I        13076.345    16  26184.691    26184.802    26288.698
 69  TVMe+G4       13074.057    16  26180.113    26180.224    26284.120
 70  TVMe+I+G4     13073.781    17  26181.563    26181.687    26292.070
 90  TIM3+F+I      12885.242    18  25806.483    25806.623    25923.491
 91  TIM3+F+G4     12884.458    18  25804.917    25805.056    25921.925
 92  TIM3+F+I+G4   12884.409    19  25806.818    25806.973    25930.327
112  TIM3e+I       13088.305    15  26206.609    26206.707    26304.116
113  TIM3e+G4      13086.351    15  26202.702    26202.800    26300.209
114  TIM3e+I+G4    13086.074    16  26204.147    26204.258    26308.155
134  TIM2+F+I      12886.220    18  25808.440    25808.580    25925.448
135  TIM2+F+G4     12885.469    18  25806.938    25807.078    25923.946
136  TIM2+F+I+G4   12885.408    19  25808.815    25808.971    25932.324
156  TIM2e+I       13091.408    15  26212.817    26212.915    26310.324
157  TIM2e+G4      13089.596    15  26209.191    26209.289    26306.698
158  TIM2e+I+G4    13089.335    16  26210.671    26210.782    26314.678
178  TIM+F+I       12883.836    18  25803.671    25803.811    25920.679
179  TIM+F+G4      12882.955    18  25801.910    25802.050    25918.918
180  TIM+F+I+G4    12882.867    19  25803.733    25803.888    25927.242
200  TIMe+I        13091.374    15  26212.747    26212.845    26310.254
201  TIMe+G4       13089.763    15  26209.527    26209.625    26307.034
202  TIMe+I+G4     13089.485    16  26210.970    26211.081    26314.977
222  TPM3u+F+I     12885.288    17  25804.577    25804.702    25915.085
223  TPM3u+F+G4    12884.518    17  25803.035    25803.160    25913.543
224  TPM3u+F+I+G4  12884.468    18  25804.936    25805.076    25921.945
244  TPM3+I        13088.316    14  26204.632    26204.718    26295.639
245  TPM3+G4       13086.382    14  26200.764    26200.850    26291.770
246  TPM3+I+G4     13086.096    15  26202.193    26202.291    26299.699
266  TPM2u+F+I     12886.250    17  25806.501    25806.626    25917.008
267  TPM2u+F+G4    12885.505    17  25805.009    25805.134    25915.517
268  TPM2u+F+I+G4  12885.445    18  25806.890    25807.030    25923.899
288  TPM2+I        13091.471    14  26210.941    26211.027    26301.947
289  TPM2+G4       13089.650    14  26207.300    26207.386    26298.306
290  TPM2+I+G4     13089.403    15  26208.806    26208.903    26306.312
310  K3Pu+F+I      12883.874    17  25801.749    25801.873    25912.256
311  K3Pu+F+G4     12882.971    17  25799.942    25800.067    25910.450
312  K3Pu+F+I+G4   12882.867    18  25801.735    25801.875    25918.743
332  K3P+I         13091.419    14  26210.839    26210.925    26301.845
333  K3P+G4        13089.792    14  26207.583    26207.669    26298.590
334  K3P+I+G4      13089.515    15  26209.030    26209.128    26306.537
354  TN+F+I        12886.896    17  25807.791    25807.916    25918.299
355  TN+F+G4       12886.139    17  25806.277    25806.402    25916.785
356  TN+F+I+G4     12886.075    18  25808.150    25808.290    25925.158
376  TNe+I         13100.258    14  26228.516    26228.601    26319.522
377  TNe+G4        13098.761    14  26225.521    26225.607    26316.528
378  TNe+I+G4      13098.525    15  26227.050    26227.148    26324.557
398  HKY+F+I       12886.930    16  25805.860    25805.971    25909.867
399  HKY+F+G4      12886.185    16  25804.369    25804.480    25908.376
400  HKY+F+I+G4    12886.122    17  25806.244    25806.369    25916.752
420  K2P+I         13100.301    13  26226.601    26226.675    26311.107
421  K2P+G4        13098.805    13  26223.609    26223.683    26308.115
422  K2P+I+G4      13098.565    14  26225.130    26225.216    26316.136
442  F81+F+I       13297.529    15  26625.057    26625.155    26722.564
443  F81+F+G4      13297.893    15  26625.785    26625.883    26723.292
444  F81+F+I+G4    13297.812    16  26627.624    26627.735    26731.631
464  JC+I          13465.228    12  26954.456    26954.519    27032.461
465  JC+G4         13465.157    12  26954.315    26954.379    27032.320
466  JC+I+G4       13465.112    13  26956.224    26956.298    27040.730
Akaike Information Criterion:           K3Pu+F+G4
Corrected Akaike Information Criterion: K3Pu+F+G4
Bayesian Information Criterion:         HKY+F+G4
Best-fit model: HKY+F+G4 chosen according to BIC

All model information printed to per_gene_alignments_codon/LOC101390959_.aln.model.gz
CPU time for ModelFinder: 0.705 seconds (0h:0m:0s)
Wall-clock time for ModelFinder: 2.374 seconds (0h:0m:2s)
Generating 1000 samples for ultrafast bootstrap (seed: 454771)...

NOTE: 0 MB RAM (0 GB) is required!
Estimate model parameters (epsilon = 0.100)
1. Initial log-likelihood: -12886.185
Optimal log-likelihood: -12886.184
Rate parameters:  A-C: 1.00000  A-G: 6.36090  A-T: 1.00000  C-G: 1.00000  C-T: 6.36090  G-T: 1.00000
Base frequencies:  A: 0.187  C: 0.317  G: 0.307  T: 0.189
Gamma shape alpha: 0.283
Parameters optimization took 1 rounds (0.003 sec)
Wrote distance file to... 
Computing ML distances based on estimated model parameters...
Calculating distance matrix: done in 0.000593901 secs using 99.85% CPU
Computing ML distances took 0.000683 sec (of wall-clock time) 0.000688 sec (of CPU time)
Setting up auxiliary I and S matrices: done in 4.48227e-05 secs using 98.16% CPU
Computing RapidNJ tree took 0.000137 sec (of wall-clock time) 0.000136 sec (of CPU time)
Log-likelihood of RapidNJ tree: -12886.184
--------------------------------------------------------------------
|             INITIALIZING CANDIDATE TREE SET                      |
--------------------------------------------------------------------
Generating 99 parsimony trees... 0.133 second
Computing log-likelihood of 36 initial trees ... 0.074 seconds
Current best score: -12886.184

Do NNI search on 20 best initial trees
Estimate model parameters (epsilon = 0.100)
BETTER TREE FOUND at iteration 1: -12886.184
Iteration 10 / LogL: -12886.871 / Time: 0h:0m:2s
Iteration 20 / LogL: -12886.254 / Time: 0h:0m:2s
Finish initializing candidate tree set (1)
Current best tree score: -12886.184 / CPU time: 0.441
Number of iterations: 20
--------------------------------------------------------------------
|               OPTIMIZING CANDIDATE TREE SET                      |
--------------------------------------------------------------------
UPDATE BEST LOG-LIKELIHOOD: -12886.184
WARNING: NNI search needs unusual large number of steps (7) to converge!
Iteration 30 / LogL: -12886.242 / Time: 0h:0m:3s (0h:0m:2s left)
UPDATE BEST LOG-LIKELIHOOD: -12886.184
Iteration 40 / LogL: -12886.184 / Time: 0h:0m:3s (0h:0m:1s left)
UPDATE BEST LOG-LIKELIHOOD: -12886.184
UPDATE BEST LOG-LIKELIHOOD: -12886.184
Iteration 50 / LogL: -12886.250 / Time: 0h:0m:3s (0h:0m:1s left)
Log-likelihood cutoff on original alignment: -12895.499
WARNING: NNI search needs unusual large number of steps (7) to converge!
Iteration 60 / LogL: -12886.184 / Time: 0h:0m:3s (0h:0m:0s left)
WARNING: NNI search needs unusual large number of steps (7) to converge!
Iteration 70 / LogL: -12886.203 / Time: 0h:0m:3s (0h:0m:0s left)
Iteration 80 / LogL: -12886.921 / Time: 0h:0m:4s (0h:0m:0s left)
Iteration 90 / LogL: -12886.250 / Time: 0h:0m:4s (0h:0m:0s left)
Iteration 100 / LogL: -12886.857 / Time: 0h:0m:4s (0h:0m:0s left)
Log-likelihood cutoff on original alignment: -12895.237
NOTE: Bootstrap correlation coefficient of split occurrence frequencies: 1.000
TREE SEARCH COMPLETED AFTER 102 ITERATIONS / Time: 0h:0m:4s

--------------------------------------------------------------------
|                    FINALIZING TREE SEARCH                        |
--------------------------------------------------------------------
Performs final model parameters optimization
Estimate model parameters (epsilon = 0.010)
1. Initial log-likelihood: -12886.184
Optimal log-likelihood: -12886.184
Rate parameters:  A-C: 1.00000  A-G: 6.36693  A-T: 1.00000  C-G: 1.00000  C-T: 6.36693  G-T: 1.00000
Base frequencies:  A: 0.187  C: 0.317  G: 0.307  T: 0.189
Gamma shape alpha: 0.282
Parameters optimization took 1 rounds (0.002 sec)
BEST SCORE FOUND : -12886.184
Creating bootstrap support values...
Split supports printed to NEXUS file per_gene_alignments_codon/LOC101390959_.aln.splits.nex
Total tree length: 0.412

Total number of iterations: 102
CPU time used for tree search: 1.594 sec (0h:0m:1s)
Wall-clock time used for tree search: 2.014 sec (0h:0m:2s)
Total CPU time used: 2.376 sec (0h:0m:2s)
Total wall-clock time used: 4.561 sec (0h:0m:4s)

Computing bootstrap consensus tree...
Reading input file per_gene_alignments_codon/LOC101390959_.aln.splits.nex...
7 taxa and 13 splits.
Consensus tree written to per_gene_alignments_codon/LOC101390959_.aln.contree
Reading input trees file per_gene_alignments_codon/LOC101390959_.aln.contree
Log-likelihood of consensus tree: -12886.184

Analysis results written to: 
  IQ-TREE report:                per_gene_alignments_codon/LOC101390959_.aln.iqtree
  Maximum-likelihood tree:       per_gene_alignments_codon/LOC101390959_.aln.treefile
  Likelihood distances:          per_gene_alignments_codon/LOC101390959_.aln.mldist

Ultrafast bootstrap approximation results written to:
  Split support values:          per_gene_alignments_codon/LOC101390959_.aln.splits.nex
  Consensus tree:                per_gene_alignments_codon/LOC101390959_.aln.contree
  Screen log file:               per_gene_alignments_codon/LOC101390959_.aln.log

Date and Time: Thu Oct 30 21:27:41 2025
