IQ-TREE multicore version 2.3.3 COVID-edition for Linux x86 64-bit built Apr 25 2024
Developed by Bui Quang Minh, James Barbetti, Nguyen Lam Tung, Olga Chernomor,
Heiko Schmidt, Dominik Schrempf, Michael Woodhams, Ly Trong Nhan, Thomas Wong

Host:    morpheus-OptiPlex-5050 (AVX2, FMA3, 503 GB RAM)
Command: iqtree2 -s per_gene_alignments_codon/LOC101397921_.aln.fna -m MFP -T 1 -B 1000 --prefix per_gene_alignments_codon/LOC101397921_.aln
Seed:    539735 (Using SPRNG - Scalable Parallel Random Number Generator)
Time:    Thu Oct 30 21:32:20 2025
Kernel:  AVX+FMA - 1 threads (72 CPU cores detected)

HINT: Use -nt option to specify number of threads because your CPU has 72 cores!
HINT: -nt AUTO will automatically determine the best number of threads to use.

Reading alignment file per_gene_alignments_codon/LOC101397921_.aln.fna ... Fasta format detected
Reading fasta file: done in 0.000687122 secs
Alignment most likely contains DNA/RNA sequences
Alignment has 7 sequences with 2460 columns, 82 distinct patterns
98 parsimony-informative, 155 singleton sites, 2207 constant sites
                     Gap/Ambiguity  Composition  p-value
Analyzing sequences: done in 1.69277e-05 secs using 94.52% CPU
   1  Ceratotherium_simum    0.00%    passed     98.39%
   2  Diceros_bicornis       0.00%    passed     97.83%
   3  Equus_asinus           0.00%    passed     99.97%
   4  Equus_quagga           0.00%    passed     99.87%
   5  Equus_caballus         0.00%    passed     99.49%
   6  Canis_lupus            0.00%    passed     98.87%
   7  Bos_taurus             0.00%    passed     92.57%
****  TOTAL                  0.00%  0 sequences failed composition chi2 test (p-value<5%; df=3)


Create initial parsimony tree by phylogenetic likelihood library (PLL)... 0.000 seconds
Perform fast likelihood tree search using GTR+I+G model...
Estimate model parameters (epsilon = 5.000)
Perform nearest neighbor interchange...
Estimate model parameters (epsilon = 1.000)
1. Initial log-likelihood: -4889.643
Optimal log-likelihood: -4889.638
Rate parameters:  A-C: 2.16377  A-G: 9.81475  A-T: 1.65885  C-G: 1.55010  C-T: 17.82858  G-T: 1.00000
Base frequencies:  A: 0.285  C: 0.239  G: 0.297  T: 0.179
Proportion of invariable sites: 0.446
Gamma shape alpha: 0.683
Parameters optimization took 1 rounds (0.002 sec)
Time for fast ML tree search: 0.041 seconds

NOTE: ModelFinder requires 0 MB RAM!
ModelFinder will test up to 484 DNA models (sample size: 2460) ...
 No. Model         -LnL         df  AIC          AICc         BIC
  1  GTR+F         4906.344     19  9850.688     9850.999     9961.038
  2  GTR+F+I       4889.932     20  9819.865     9820.209     9936.023
  3  GTR+F+G4      4889.832     20  9819.664     9820.008     9935.822
  4  GTR+F+I+G4    4889.662     21  9821.324     9821.703     9943.290
  5  GTR+F+R2      4891.508     21  9825.016     9825.395     9946.982
  6  GTR+F+R3      4890.088     23  9826.176     9826.630     9959.758
 14  GTR+F+I+R2    4890.126     22  9824.253     9824.668     9952.027
 15  GTR+F+I+R3    4889.794     24  9827.587     9828.080     9966.977
 24  SYM+I         4936.224     17  9906.448     9906.699     10005.183
 25  SYM+G4        4936.124     17  9906.248     9906.498     10004.982
 26  SYM+I+G4      4935.923     18  9907.846     9908.126     10012.388
 46  TVM+F+I       4896.419     19  9830.837     9831.149     9941.188
 47  TVM+F+G4      4896.400     19  9830.800     9831.111     9941.150
 48  TVM+F+I+G4    4896.337     20  9832.674     9833.018     9948.832
 68  TVMe+I        4937.084     16  9906.168     9906.390     9999.094
 69  TVMe+G4       4937.022     16  9906.045     9906.268     9998.972
 70  TVMe+I+G4     4936.882     17  9907.764     9908.015     10006.499
 90  TIM3+F+I      4890.910     18  9817.819     9818.099     9922.362
 91  TIM3+F+G4     4890.807     18  9817.614     9817.894     9922.157
 92  TIM3+F+I+G4   4890.627     19  9819.255     9819.566     9929.605
112  TIM3e+I       4937.111     15  9904.222     9904.418     9991.341
113  TIM3e+G4      4937.009     15  9904.018     9904.215     9991.137
114  TIM3e+I+G4    4936.812     16  9905.624     9905.847     9998.551
134  TIM2+F+I      4890.567     18  9817.134     9817.414     9921.676
135  TIM2+F+G4     4890.474     18  9816.948     9817.228     9921.490
136  TIM2+F+I+G4   4890.320     19  9818.640     9818.951     9928.990
156  TIM2e+I       4937.913     15  9905.826     9906.023     9992.945
157  TIM2e+G4      4937.826     15  9905.651     9905.848     9992.770
158  TIM2e+I+G4    4937.679     16  9907.357     9907.580     10000.284
178  TIM+F+I       4891.496     18  9818.992     9819.272     9923.535
179  TIM+F+G4      4891.401     18  9818.802     9819.082     9923.344
180  TIM+F+I+G4    4891.242     19  9820.484     9820.796     9930.835
200  TIMe+I        4938.774     15  9907.547     9907.744     9994.666
201  TIMe+G4       4938.685     15  9907.369     9907.566     9994.488
202  TIMe+I+G4     4938.539     16  9909.078     9909.300     10002.004
222  TPM3u+F+I     4897.377     17  9828.755     9829.005     9927.489
223  TPM3u+F+G4    4897.355     17  9828.709     9828.960     9927.444
224  TPM3u+F+I+G4  4897.288     18  9830.576     9830.856     9935.118
244  TPM3+I        4937.986     14  9903.972     9904.144     9985.283
245  TPM3+G4       4937.915     14  9903.829     9904.001     9985.140
246  TPM3+I+G4     4937.762     15  9905.525     9905.721     9992.643
266  TPM2u+F+I     4897.088     17  9828.175     9828.426     9926.910
267  TPM2u+F+G4    4897.073     17  9828.146     9828.397     9926.881
268  TPM2u+F+I+G4  4897.027     18  9830.054     9830.335     9934.597
288  TPM2+I        4938.767     14  9905.534     9905.706     9986.845
289  TPM2+G4       4938.712     14  9905.424     9905.595     9986.734
290  TPM2+I+G4     4938.622     15  9907.244     9907.440     9994.362
310  K3Pu+F+I      4897.986     17  9829.971     9830.222     9928.706
311  K3Pu+F+G4     4897.969     17  9829.938     9830.188     9928.672
312  K3Pu+F+I+G4   4897.922     18  9831.843     9832.124     9936.386
332  K3P+I         4939.617     14  9907.233     9907.405     9988.544
333  K3P+G4        4939.558     14  9907.116     9907.288     9988.427
334  K3P+I+G4      4939.447     15  9908.893     9909.090     9996.012
354  TN+F+I        4891.510     17  9817.019     9817.270     9915.754
355  TN+F+G4       4891.414     17  9816.827     9817.078     9915.562
356  TN+F+I+G4     4891.259     18  9818.517     9818.798     9923.060
376  TNe+I         4938.778     14  9905.556     9905.728     9986.867
377  TNe+G4        4938.689     14  9905.378     9905.550     9986.689
378  TNe+I+G4      4938.541     15  9907.081     9907.277     9994.200
398  HKY+F+I       4897.997     16  9827.994     9828.217     9920.921
399  HKY+F+G4      4897.980     16  9827.960     9828.183     9920.887
400  HKY+F+I+G4    4897.933     17  9829.865     9830.116     9928.600
420  K2P+I         4939.622     13  9905.244     9905.392     9980.746
421  K2P+G4        4939.563     13  9905.127     9905.275     9980.630
422  K2P+I+G4      4939.451     14  9906.902     9907.074     9988.213
442  F81+F+I       5015.719     15  10061.438    10061.634    10148.557
443  F81+F+G4      5015.685     15  10061.370    10061.566    10148.488
444  F81+F+I+G4    5015.676     16  10063.352    10063.575    10156.279
464  JC+I          5061.236     12  10146.473    10146.600    10216.168
465  JC+G4         5061.218     12  10146.436    10146.564    10216.131
466  JC+I+G4       5061.218     13  10148.435    10148.584    10223.938
Akaike Information Criterion:           TN+F+G4
Corrected Akaike Information Criterion: TN+F+G4
Bayesian Information Criterion:         TN+F+G4
Best-fit model: TN+F+G4 chosen according to BIC

All model information printed to per_gene_alignments_codon/LOC101397921_.aln.model.gz
CPU time for ModelFinder: 0.376 seconds (0h:0m:0s)
Wall-clock time for ModelFinder: 1.092 seconds (0h:0m:1s)
Generating 1000 samples for ultrafast bootstrap (seed: 539735)...

NOTE: 0 MB RAM (0 GB) is required!
Estimate model parameters (epsilon = 0.100)
1. Initial log-likelihood: -4891.414
Optimal log-likelihood: -4891.413
Rate parameters:  A-C: 1.00000  A-G: 6.05593  A-T: 1.00000  C-G: 1.00000  C-T: 10.89400  G-T: 1.00000
Base frequencies:  A: 0.285  C: 0.239  G: 0.297  T: 0.179
Gamma shape alpha: 0.173
Parameters optimization took 1 rounds (0.001 sec)
Wrote distance file to... 
Computing ML distances based on estimated model parameters...
Calculating distance matrix: done in 0.000538111 secs using 99.79% CPU
Computing ML distances took 0.000592 sec (of wall-clock time) 0.000598 sec (of CPU time)
Setting up auxiliary I and S matrices: done in 4.60148e-05 secs using 97.79% CPU
Computing RapidNJ tree took 0.000137 sec (of wall-clock time) 0.000137 sec (of CPU time)
Log-likelihood of RapidNJ tree: -4891.369
--------------------------------------------------------------------
|             INITIALIZING CANDIDATE TREE SET                      |
--------------------------------------------------------------------
Generating 98 parsimony trees... 0.065 second
Computing log-likelihood of 45 initial trees ... 0.018 seconds
Current best score: -4891.369

Do NNI search on 20 best initial trees
Estimate model parameters (epsilon = 0.100)
BETTER TREE FOUND at iteration 1: -4891.365
UPDATE BEST LOG-LIKELIHOOD: -4891.365
Iteration 10 / LogL: -4891.398 / Time: 0h:0m:1s
UPDATE BEST LOG-LIKELIHOOD: -4891.364
UPDATE BEST LOG-LIKELIHOOD: -4891.364
Iteration 20 / LogL: -4891.367 / Time: 0h:0m:1s
Finish initializing candidate tree set (2)
Current best tree score: -4891.364 / CPU time: 0.174
Number of iterations: 20
--------------------------------------------------------------------
|               OPTIMIZING CANDIDATE TREE SET                      |
--------------------------------------------------------------------
UPDATE BEST LOG-LIKELIHOOD: -4891.364
Iteration 30 / LogL: -4891.366 / Time: 0h:0m:1s (0h:0m:0s left)
Iteration 40 / LogL: -4891.439 / Time: 0h:0m:1s (0h:0m:0s left)
UPDATE BEST LOG-LIKELIHOOD: -4891.364
UPDATE BEST LOG-LIKELIHOOD: -4891.364
Iteration 50 / LogL: -4891.364 / Time: 0h:0m:1s (0h:0m:0s left)
Log-likelihood cutoff on original alignment: -4908.485
Iteration 60 / LogL: -4891.415 / Time: 0h:0m:1s (0h:0m:0s left)
Iteration 70 / LogL: -4891.417 / Time: 0h:0m:2s (0h:0m:0s left)
Iteration 80 / LogL: -4891.366 / Time: 0h:0m:2s (0h:0m:0s left)
Iteration 90 / LogL: -4891.364 / Time: 0h:0m:2s (0h:0m:0s left)
Iteration 100 / LogL: -4891.367 / Time: 0h:0m:2s (0h:0m:0s left)
Log-likelihood cutoff on original alignment: -4908.163
NOTE: Bootstrap correlation coefficient of split occurrence frequencies: 1.000
TREE SEARCH COMPLETED AFTER 102 ITERATIONS / Time: 0h:0m:2s

--------------------------------------------------------------------
|                    FINALIZING TREE SEARCH                        |
--------------------------------------------------------------------
Performs final model parameters optimization
Estimate model parameters (epsilon = 0.010)
1. Initial log-likelihood: -4891.364
Optimal log-likelihood: -4891.361
Rate parameters:  A-C: 1.00000  A-G: 6.02219  A-T: 1.00000  C-G: 1.00000  C-T: 10.78013  G-T: 1.00000
Base frequencies:  A: 0.285  C: 0.239  G: 0.297  T: 0.179
Gamma shape alpha: 0.174
Parameters optimization took 1 rounds (0.002 sec)
BEST SCORE FOUND : -4891.361
Creating bootstrap support values...
Split supports printed to NEXUS file per_gene_alignments_codon/LOC101397921_.aln.splits.nex
Total tree length: 0.132

Total number of iterations: 102
CPU time used for tree search: 1.175 sec (0h:0m:1s)
Wall-clock time used for tree search: 1.480 sec (0h:0m:1s)
Total CPU time used: 1.618 sec (0h:0m:1s)
Total wall-clock time used: 2.669 sec (0h:0m:2s)

Computing bootstrap consensus tree...
Reading input file per_gene_alignments_codon/LOC101397921_.aln.splits.nex...
7 taxa and 15 splits.
Consensus tree written to per_gene_alignments_codon/LOC101397921_.aln.contree
Reading input trees file per_gene_alignments_codon/LOC101397921_.aln.contree
Log-likelihood of consensus tree: -4891.362

Analysis results written to: 
  IQ-TREE report:                per_gene_alignments_codon/LOC101397921_.aln.iqtree
  Maximum-likelihood tree:       per_gene_alignments_codon/LOC101397921_.aln.treefile
  Likelihood distances:          per_gene_alignments_codon/LOC101397921_.aln.mldist

Ultrafast bootstrap approximation results written to:
  Split support values:          per_gene_alignments_codon/LOC101397921_.aln.splits.nex
  Consensus tree:                per_gene_alignments_codon/LOC101397921_.aln.contree
  Screen log file:               per_gene_alignments_codon/LOC101397921_.aln.log

Date and Time: Thu Oct 30 21:32:23 2025
