IQ-TREE multicore version 2.3.3 COVID-edition for Linux x86 64-bit built Apr 25 2024
Developed by Bui Quang Minh, James Barbetti, Nguyen Lam Tung, Olga Chernomor,
Heiko Schmidt, Dominik Schrempf, Michael Woodhams, Ly Trong Nhan, Thomas Wong

Host:    morpheus-OptiPlex-5050 (AVX2, FMA3, 503 GB RAM)
Command: iqtree2 -s per_gene_alignments_codon/LOC101404991_.aln.fna -m MFP -T 1 -B 1000 --prefix per_gene_alignments_codon/LOC101404991_.aln
Seed:    484033 (Using SPRNG - Scalable Parallel Random Number Generator)
Time:    Thu Oct 30 21:37:13 2025
Kernel:  AVX+FMA - 1 threads (72 CPU cores detected)

HINT: Use -nt option to specify number of threads because your CPU has 72 cores!
HINT: -nt AUTO will automatically determine the best number of threads to use.

Reading alignment file per_gene_alignments_codon/LOC101404991_.aln.fna ... Fasta format detected
Reading fasta file: done in 0.000330925 secs using 49.56% CPU
Alignment most likely contains DNA/RNA sequences
Alignment has 7 sequences with 1008 columns, 64 distinct patterns
49 parsimony-informative, 94 singleton sites, 865 constant sites
                     Gap/Ambiguity  Composition  p-value
Analyzing sequences: done in 1.50204e-05 secs using 46.6% CPU
   1  Ceratotherium_simum    0.00%    passed     99.33%
   2  Diceros_bicornis       0.00%    passed     99.53%
   3  Equus_asinus           0.00%    passed     98.95%
   4  Equus_quagga           0.00%    passed     98.69%
   5  Equus_caballus         0.00%    passed     98.92%
   6  Canis_lupus            0.00%    passed     99.93%
   7  Bos_taurus             0.00%    passed     89.70%
****  TOTAL                  0.00%  0 sequences failed composition chi2 test (p-value<5%; df=3)


Create initial parsimony tree by phylogenetic likelihood library (PLL)... 0.000 seconds
Perform fast likelihood tree search using GTR+I+G model...
Estimate model parameters (epsilon = 5.000)
Perform nearest neighbor interchange...
Estimate model parameters (epsilon = 1.000)
1. Initial log-likelihood: -2192.932
Optimal log-likelihood: -2192.931
Rate parameters:  A-C: 1.74771  A-G: 7.10600  A-T: 0.67893  C-G: 2.11606  C-T: 5.58377  G-T: 1.00000
Base frequencies:  A: 0.300  C: 0.214  G: 0.171  T: 0.316
Proportion of invariable sites: 0.427
Gamma shape alpha: 1.138
Parameters optimization took 1 rounds (0.009 sec)
Time for fast ML tree search: 0.051 seconds

NOTE: ModelFinder requires 0 MB RAM!
ModelFinder will test up to 484 DNA models (sample size: 1008) ...
 No. Model         -LnL         df  AIC          AICc         BIC
  1  GTR+F         2201.934     19  4441.867     4442.636     4535.266
  2  GTR+F+I       2192.628     20  4425.257     4426.108     4523.571
  3  GTR+F+G4      2192.850     20  4425.700     4426.551     4524.014
  4  GTR+F+I+G4    2192.937     21  4427.874     4428.811     4531.104
  5  GTR+F+R2      2195.721     21  4433.442     4434.379     4536.673
  6  GTR+F+R3      2193.394     23  4432.787     4433.909     4545.849
 14  GTR+F+I+R2    2192.858     22  4429.717     4430.744     4537.863
 15  GTR+F+I+R3    2192.885     24  4433.771     4434.992     4551.748
 24  SYM+I         2226.022     17  4486.044     4486.662     4569.611
 25  SYM+G4        2226.219     17  4486.437     4487.055     4570.005
 26  SYM+I+G4      2226.267     18  4488.533     4489.225     4577.016
 46  TVM+F+I       2193.222     19  4424.444     4425.213     4517.843
 47  TVM+F+G4      2193.427     19  4424.853     4425.622     4518.252
 48  TVM+F+I+G4    2193.517     20  4427.035     4427.886     4525.349
 68  TVMe+I        2226.083     16  4484.167     4484.716     4562.818
 69  TVMe+G4       2226.259     16  4484.518     4485.067     4563.169
 70  TVMe+I+G4     2226.323     17  4486.646     4487.264     4570.213
 90  TIM3+F+I      2193.019     18  4422.039     4422.730     4510.522
 91  TIM3+F+G4     2193.234     18  4422.469     4423.160     4510.952
 92  TIM3+F+I+G4   2193.312     19  4424.625     4425.394     4518.023
112  TIM3e+I       2226.104     15  4482.208     4482.692     4555.944
113  TIM3e+G4      2226.286     15  4482.571     4483.055     4556.307
114  TIM3e+I+G4    2226.348     16  4484.695     4485.244     4563.347
134  TIM2+F+I      2196.138     18  4428.276     4428.967     4516.759
135  TIM2+F+G4     2196.354     18  4428.707     4429.399     4517.191
136  TIM2+F+I+G4   2196.430     19  4430.861     4431.630     4524.260
156  TIM2e+I       2227.810     15  4485.620     4486.104     4559.356
157  TIM2e+G4      2227.975     15  4485.949     4486.433     4559.685
158  TIM2e+I+G4    2228.031     16  4488.062     4488.611     4566.714
178  TIM+F+I       2196.017     18  4428.033     4428.725     4516.516
179  TIM+F+G4      2196.254     18  4428.508     4429.199     4516.991
180  TIM+F+I+G4    2196.337     19  4430.674     4431.443     4524.072
200  TIMe+I        2227.792     15  4485.584     4486.067     4559.319
201  TIMe+G4       2227.967     15  4485.934     4486.418     4559.670
202  TIMe+I+G4     2228.023     16  4488.047     4488.596     4566.698
222  TPM3u+F+I     2193.593     17  4421.185     4421.803     4504.752
223  TPM3u+F+G4    2193.794     17  4421.589     4422.207     4505.156
224  TPM3u+F+I+G4  2193.873     18  4423.746     4424.438     4512.229
244  TPM3+I        2226.164     14  4480.328     4480.751     4549.148
245  TPM3+G4       2226.342     14  4480.685     4481.108     4549.505
246  TPM3+I+G4     2226.405     15  4482.811     4483.294     4556.546
266  TPM2u+F+I     2196.788     17  4427.576     4428.195     4511.144
267  TPM2u+F+G4    2196.994     17  4427.988     4428.606     4511.555
268  TPM2u+F+I+G4  2197.068     18  4430.137     4430.828     4518.620
288  TPM2+I        2227.871     14  4483.742     4484.165     4552.562
289  TPM2+G4       2228.032     14  4484.063     4484.486     4552.883
290  TPM2+I+G4     2228.088     15  4486.175     4486.659     4559.911
310  K3Pu+F+I      2196.660     17  4427.321     4427.939     4510.888
311  K3Pu+F+G4     2196.882     17  4427.764     4428.383     4511.332
312  K3Pu+F+I+G4   2196.966     18  4429.931     4430.623     4518.414
332  K3P+I         2227.853     14  4483.706     4484.129     4552.526
333  K3P+G4        2228.021     14  4484.042     4484.465     4552.862
334  K3P+I+G4      2228.080     15  4486.160     4486.644     4559.896
354  TN+F+I        2196.470     17  4426.939     4427.557     4510.506
355  TN+F+G4       2196.686     17  4427.371     4427.990     4510.939
356  TN+F+I+G4     2196.758     18  4429.516     4430.208     4518.000
376  TNe+I         2227.889     14  4483.778     4484.201     4552.598
377  TNe+G4        2228.055     14  4484.109     4484.532     4552.929
378  TNe+I+G4      2228.112     15  4486.224     4486.708     4559.960
398  HKY+F+I       2197.104     16  4426.208     4426.757     4504.859
399  HKY+F+G4      2197.307     16  4426.614     4427.163     4505.266
400  HKY+F+I+G4    2197.380     17  4428.760     4429.378     4512.327
420  K2P+I         2227.950     13  4481.899     4482.266     4545.804
421  K2P+G4        2228.112     13  4482.223     4482.590     4546.128
422  K2P+I+G4      2228.169     14  4484.338     4484.761     4553.158
442  F81+F+I       2241.059     15  4512.119     4512.603     4585.855
443  F81+F+G4      2241.277     15  4512.554     4513.038     4586.290
444  F81+F+I+G4    2241.314     16  4514.627     4515.176     4593.279
464  JC+I          2268.775     12  4561.550     4561.864     4620.539
465  JC+G4         2268.979     12  4561.958     4562.271     4620.946
466  JC+I+G4       2269.013     13  4564.026     4564.393     4627.931
Akaike Information Criterion:           TPM3u+F+I
Corrected Akaike Information Criterion: TPM3u+F+I
Bayesian Information Criterion:         TPM3u+F+I
Best-fit model: TPM3u+F+I chosen according to BIC

All model information printed to per_gene_alignments_codon/LOC101404991_.aln.model.gz
CPU time for ModelFinder: 0.281 seconds (0h:0m:0s)
Wall-clock time for ModelFinder: 0.757 seconds (0h:0m:0s)
Generating 1000 samples for ultrafast bootstrap (seed: 484033)...

NOTE: 0 MB RAM (0 GB) is required!
Estimate model parameters (epsilon = 0.100)
1. Initial log-likelihood: -2193.593
Optimal log-likelihood: -2193.593
Rate parameters:  A-C: 2.38438  A-G: 7.83971  A-T: 1.00000  C-G: 2.38438  C-T: 7.83971  G-T: 1.00000
Base frequencies:  A: 0.300  C: 0.214  G: 0.171  T: 0.316
Proportion of invariable sites: 0.633
Parameters optimization took 1 rounds (0.001 sec)
Wrote distance file to... 
Computing ML distances based on estimated model parameters...
Calculating distance matrix: done in 0.000185013 secs using 98.91% CPU
Computing ML distances took 0.000223 sec (of wall-clock time) 0.000227 sec (of CPU time)
Setting up auxiliary I and S matrices: done in 4.57764e-05 secs using 192.2% CPU
Computing RapidNJ tree took 0.000143 sec (of wall-clock time) 0.000280 sec (of CPU time)
Log-likelihood of RapidNJ tree: -2193.595
--------------------------------------------------------------------
|             INITIALIZING CANDIDATE TREE SET                      |
--------------------------------------------------------------------
Generating 99 parsimony trees... 0.087 second
Computing log-likelihood of 51 initial trees ... 0.026 seconds
Current best score: -2193.593

Do NNI search on 20 best initial trees
Estimate model parameters (epsilon = 0.100)
BETTER TREE FOUND at iteration 1: -2193.593
UPDATE BEST LOG-LIKELIHOOD: -2193.593
UPDATE BEST LOG-LIKELIHOOD: -2193.593
UPDATE BEST LOG-LIKELIHOOD: -2193.593
UPDATE BEST LOG-LIKELIHOOD: -2193.592
Iteration 10 / LogL: -2193.592 / Time: 0h:0m:1s
UPDATE BEST LOG-LIKELIHOOD: -2193.592
Iteration 20 / LogL: -2193.592 / Time: 0h:0m:1s
Finish initializing candidate tree set (1)
Current best tree score: -2193.592 / CPU time: 0.297
Number of iterations: 20
--------------------------------------------------------------------
|               OPTIMIZING CANDIDATE TREE SET                      |
--------------------------------------------------------------------
Iteration 30 / LogL: -2193.595 / Time: 0h:0m:1s (0h:0m:1s left)
Iteration 40 / LogL: -2193.593 / Time: 0h:0m:1s (0h:0m:1s left)
UPDATE BEST LOG-LIKELIHOOD: -2193.592
UPDATE BEST LOG-LIKELIHOOD: -2193.592
Iteration 50 / LogL: -2193.592 / Time: 0h:0m:1s (0h:0m:1s left)
Log-likelihood cutoff on original alignment: -2217.635
Iteration 60 / LogL: -2193.592 / Time: 0h:0m:2s (0h:0m:0s left)
Iteration 70 / LogL: -2193.592 / Time: 0h:0m:2s (0h:0m:0s left)
Iteration 80 / LogL: -2193.592 / Time: 0h:0m:2s (0h:0m:0s left)
UPDATE BEST LOG-LIKELIHOOD: -2193.592
Iteration 90 / LogL: -2193.592 / Time: 0h:0m:2s (0h:0m:0s left)
Iteration 100 / LogL: -2193.592 / Time: 0h:0m:2s (0h:0m:0s left)
Log-likelihood cutoff on original alignment: -2217.635
NOTE: Bootstrap correlation coefficient of split occurrence frequencies: 0.999
TREE SEARCH COMPLETED AFTER 102 ITERATIONS / Time: 0h:0m:3s

--------------------------------------------------------------------
|                    FINALIZING TREE SEARCH                        |
--------------------------------------------------------------------
Performs final model parameters optimization
Estimate model parameters (epsilon = 0.010)
1. Initial log-likelihood: -2193.592
Optimal log-likelihood: -2193.592
Rate parameters:  A-C: 2.38416  A-G: 7.83910  A-T: 1.00000  C-G: 2.38416  C-T: 7.83910  G-T: 1.00000
Base frequencies:  A: 0.300  C: 0.214  G: 0.171  T: 0.316
Proportion of invariable sites: 0.633
Parameters optimization took 1 rounds (0.001 sec)
BEST SCORE FOUND : -2193.592
Creating bootstrap support values...
Split supports printed to NEXUS file per_gene_alignments_codon/LOC101404991_.aln.splits.nex
Total tree length: 0.190

Total number of iterations: 102
CPU time used for tree search: 0.955 sec (0h:0m:0s)
Wall-clock time used for tree search: 2.181 sec (0h:0m:2s)
Total CPU time used: 1.296 sec (0h:0m:1s)
Total wall-clock time used: 3.078 sec (0h:0m:3s)

Computing bootstrap consensus tree...
Reading input file per_gene_alignments_codon/LOC101404991_.aln.splits.nex...
7 taxa and 18 splits.
Consensus tree written to per_gene_alignments_codon/LOC101404991_.aln.contree
Reading input trees file per_gene_alignments_codon/LOC101404991_.aln.contree
Log-likelihood of consensus tree: -2193.597

Analysis results written to: 
  IQ-TREE report:                per_gene_alignments_codon/LOC101404991_.aln.iqtree
  Maximum-likelihood tree:       per_gene_alignments_codon/LOC101404991_.aln.treefile
  Likelihood distances:          per_gene_alignments_codon/LOC101404991_.aln.mldist

Ultrafast bootstrap approximation results written to:
  Split support values:          per_gene_alignments_codon/LOC101404991_.aln.splits.nex
  Consensus tree:                per_gene_alignments_codon/LOC101404991_.aln.contree
  Screen log file:               per_gene_alignments_codon/LOC101404991_.aln.log

Date and Time: Thu Oct 30 21:37:17 2025
