IQ-TREE multicore version 2.3.3 COVID-edition for Linux x86 64-bit built Apr 25 2024
Developed by Bui Quang Minh, James Barbetti, Nguyen Lam Tung, Olga Chernomor,
Heiko Schmidt, Dominik Schrempf, Michael Woodhams, Ly Trong Nhan, Thomas Wong

Host:    morpheus-OptiPlex-5050 (AVX2, FMA3, 503 GB RAM)
Command: iqtree2 -s per_gene_alignments_codon/LOC101404642_.aln.fna -m MFP -T 1 -B 1000 --prefix per_gene_alignments_codon/LOC101404642_.aln
Seed:    166515 (Using SPRNG - Scalable Parallel Random Number Generator)
Time:    Thu Oct 30 21:37:00 2025
Kernel:  AVX+FMA - 1 threads (72 CPU cores detected)

HINT: Use -nt option to specify number of threads because your CPU has 72 cores!
HINT: -nt AUTO will automatically determine the best number of threads to use.

Reading alignment file per_gene_alignments_codon/LOC101404642_.aln.fna ... Fasta format detected
Reading fasta file: done in 0.000262976 secs
Alignment most likely contains DNA/RNA sequences
Alignment has 7 sequences with 741 columns, 99 distinct patterns
67 parsimony-informative, 105 singleton sites, 569 constant sites
                     Gap/Ambiguity  Composition  p-value
Analyzing sequences: done in 1.38283e-05 secs
   1  Ceratotherium_simum    0.00%    passed     91.53%
   2  Diceros_bicornis       0.00%    passed     95.14%
   3  Equus_asinus           0.00%    passed     98.16%
   4  Equus_quagga           0.00%    passed     99.69%
   5  Equus_caballus         0.00%    passed     96.46%
   6  Canis_lupus            0.00%    passed     71.98%
   7  Bos_taurus             0.00%    passed     86.26%
****  TOTAL                  0.00%  0 sequences failed composition chi2 test (p-value<5%; df=3)


Create initial parsimony tree by phylogenetic likelihood library (PLL)... 0.000 seconds
Perform fast likelihood tree search using GTR+I+G model...
Estimate model parameters (epsilon = 5.000)
Perform nearest neighbor interchange...
Estimate model parameters (epsilon = 1.000)
1. Initial log-likelihood: -2064.626
Optimal log-likelihood: -2064.625
Rate parameters:  A-C: 1.19377  A-G: 3.56722  A-T: 1.79653  C-G: 1.86612  C-T: 4.00472  G-T: 1.00000
Base frequencies:  A: 0.201  C: 0.314  G: 0.280  T: 0.205
Proportion of invariable sites: 0.384
Gamma shape alpha: 1.680
Parameters optimization took 1 rounds (0.002 sec)
Time for fast ML tree search: 0.051 seconds

NOTE: ModelFinder requires 0 MB RAM!
ModelFinder will test up to 484 DNA models (sample size: 741) ...
 No. Model         -LnL         df  AIC          AICc         BIC
  1  GTR+F         2077.892     19  4193.784     4194.839     4281.336
  2  GTR+F+I       2064.343     20  4168.687     4169.853     4260.847
  3  GTR+F+G4      2064.638     20  4169.276     4170.443     4261.436
  4  GTR+F+I+G4    2064.622     21  4171.244     4172.529     4268.012
  5  GTR+F+R2      2064.515     21  4171.031     4172.316     4267.799
  6  GTR+F+R3      2064.586     23  4175.172     4176.712     4281.156
 14  GTR+F+I+R2    2064.525     22  4173.050     4174.459     4274.426
 15  GTR+F+I+R3    2064.592     24  4177.184     4178.860     4287.776
 24  SYM+I         2079.608     17  4193.217     4194.063     4271.553
 25  SYM+G4        2079.934     17  4193.868     4194.714     4272.204
 26  SYM+I+G4      2079.900     18  4195.800     4196.748     4278.744
 27  SYM+R2        2079.771     18  4195.542     4196.490     4278.486
 46  TVM+F+I       2064.446     19  4166.892     4167.947     4254.444
 47  TVM+F+G4      2064.769     19  4167.539     4168.593     4255.091
 48  TVM+F+I+G4    2064.747     20  4169.494     4170.661     4261.654
 49  TVM+F+R2      2064.626     20  4169.251     4170.418     4261.411
 68  TVMe+I        2079.916     16  4191.833     4192.584     4265.561
 69  TVMe+G4       2080.285     16  4192.571     4193.322     4266.299
 70  TVMe+I+G4     2080.243     17  4194.485     4195.332     4272.821
 71  TVMe+R2       2080.084     17  4194.168     4195.014     4272.504
 90  TIM3+F+I      2066.201     18  4168.402     4169.350     4251.346
 91  TIM3+F+G4     2066.369     18  4168.737     4169.685     4251.681
 92  TIM3+F+I+G4   2066.367     19  4170.733     4171.787     4258.285
 93  TIM3+F+R2     2066.351     19  4170.701     4171.755     4258.253
112  TIM3e+I       2082.639     15  4195.278     4195.940     4264.398
113  TIM3e+G4      2082.796     15  4195.592     4196.254     4264.712
114  TIM3e+I+G4    2082.797     16  4197.594     4198.345     4271.322
115  TIM3e+R2      2082.769     16  4197.538     4198.289     4271.266
134  TIM2+F+I      2066.317     18  4168.634     4169.581     4251.578
135  TIM2+F+G4     2066.479     18  4168.958     4169.905     4251.902
136  TIM2+F+I+G4   2066.475     19  4170.949     4172.003     4258.501
137  TIM2+F+R2     2066.463     19  4170.926     4171.980     4258.478
156  TIM2e+I       2083.331     15  4196.662     4197.324     4265.782
157  TIM2e+G4      2083.519     15  4197.038     4197.700     4266.158
158  TIM2e+I+G4    2083.509     16  4199.018     4199.769     4272.746
159  TIM2e+R2      2083.465     16  4198.931     4199.682     4272.659
178  TIM+F+I       2064.421     18  4164.843     4165.790     4247.787
179  TIM+F+G4      2064.711     18  4165.421     4166.368     4248.365
180  TIM+F+I+G4    2064.695     19  4167.389     4168.443     4254.941
181  TIM+F+R2      2064.590     19  4167.180     4168.234     4254.732
200  TIMe+I        2081.248     15  4192.495     4193.157     4261.615
201  TIMe+G4       2081.575     15  4193.150     4193.812     4262.270
202  TIMe+I+G4     2081.546     16  4195.093     4195.844     4268.821
203  TIMe+R2       2081.417     16  4194.835     4195.586     4268.563
222  TPM3u+F+I     2066.295     17  4166.591     4167.437     4244.927
223  TPM3u+F+G4    2066.490     17  4166.980     4167.827     4245.316
224  TPM3u+F+I+G4  2066.482     18  4168.965     4169.912     4251.909
225  TPM3u+F+R2    2066.450     18  4168.901     4169.848     4251.845
244  TPM3+I        2082.941     14  4193.882     4194.461     4258.394
245  TPM3+G4       2083.145     14  4194.290     4194.868     4258.802
246  TPM3+I+G4     2083.135     15  4196.269     4196.931     4265.389
247  TPM3+R2       2083.081     15  4196.162     4196.824     4265.282
266  TPM2u+F+I     2066.413     17  4166.825     4167.672     4245.161
267  TPM2u+F+G4    2066.603     17  4167.206     4168.053     4245.542
268  TPM2u+F+I+G4  2066.595     18  4169.189     4170.137     4252.133
269  TPM2u+F+R2    2066.565     18  4169.131     4170.078     4252.075
288  TPM2+I        2083.590     14  4195.180     4195.758     4259.692
289  TPM2+G4       2083.822     14  4195.644     4196.222     4260.156
290  TPM2+I+G4     2083.802     15  4197.605     4198.267     4266.725
291  TPM2+R2       2083.735     15  4197.469     4198.131     4266.589
310  K3Pu+F+I      2064.522     17  4163.044     4163.890     4241.380
311  K3Pu+F+G4     2064.842     17  4163.685     4164.531     4242.021
312  K3Pu+F+I+G4   2064.819     18  4165.639     4166.586     4248.583
313  K3Pu+F+R2     2064.699     18  4165.398     4166.345     4248.342
332  K3P+I         2081.525     14  4191.049     4191.628     4255.561
333  K3P+G4        2081.898     14  4191.796     4192.375     4256.308
334  K3P+I+G4      2081.859     15  4193.718     4194.380     4262.838
335  K3P+R2        2081.703     15  4193.407     4194.069     4262.527
354  TN+F+I        2066.379     17  4166.757     4167.604     4245.093
355  TN+F+G4       2066.530     17  4167.061     4167.907     4245.397
356  TN+F+I+G4     2066.527     18  4169.055     4170.002     4251.999
357  TN+F+R2       2066.522     18  4169.044     4169.992     4251.988
376  TNe+I         2084.224     14  4196.449     4197.027     4260.961
377  TNe+G4        2084.381     14  4196.762     4197.340     4261.274
378  TNe+I+G4      2084.374     15  4198.749     4199.411     4267.869
379  TNe+R2        2084.358     15  4198.716     4199.378     4267.836
398  HKY+F+I       2066.472     16  4164.945     4165.696     4238.673
399  HKY+F+G4      2066.653     16  4165.305     4166.057     4239.033
400  HKY+F+I+G4    2066.645     17  4167.290     4168.136     4245.626
401  HKY+F+R2      2066.623     17  4167.246     4168.092     4245.582
420  K2P+I         2084.491     13  4194.981     4195.482     4254.885
421  K2P+G4        2084.691     13  4195.382     4195.883     4255.286
422  K2P+I+G4      2084.676     14  4197.352     4197.930     4261.864
423  K2P+R2        2084.635     14  4197.271     4197.849     4261.783
442  F81+F+I       2084.393     15  4198.786     4199.448     4267.906
443  F81+F+G4      2084.756     15  4199.513     4200.175     4268.633
444  F81+F+I+G4    2084.699     16  4201.399     4202.150     4275.127
445  F81+F+R2      2084.559     16  4201.119     4201.870     4274.847
464  JC+I          2100.433     12  4224.865     4225.294     4280.161
465  JC+G4         2100.788     12  4225.576     4226.005     4280.872
466  JC+I+G4       2100.729     13  4227.459     4227.959     4287.363
467  JC+R2         2100.594     13  4227.187     4227.688     4287.091
Akaike Information Criterion:           K3Pu+F+I
Corrected Akaike Information Criterion: K3Pu+F+I
Bayesian Information Criterion:         HKY+F+I
Best-fit model: HKY+F+I chosen according to BIC

All model information printed to per_gene_alignments_codon/LOC101404642_.aln.model.gz
CPU time for ModelFinder: 0.707 seconds (0h:0m:0s)
Wall-clock time for ModelFinder: 1.541 seconds (0h:0m:1s)
Generating 1000 samples for ultrafast bootstrap (seed: 166515)...

NOTE: 0 MB RAM (0 GB) is required!
Estimate model parameters (epsilon = 0.100)
1. Initial log-likelihood: -2066.472
Optimal log-likelihood: -2066.472
Rate parameters:  A-C: 1.00000  A-G: 2.52463  A-T: 1.00000  C-G: 1.00000  C-T: 2.52463  G-T: 1.00000
Base frequencies:  A: 0.201  C: 0.314  G: 0.280  T: 0.205
Proportion of invariable sites: 0.549
Parameters optimization took 1 rounds (0.001 sec)
Wrote distance file to... 
Computing ML distances based on estimated model parameters...
Calculating distance matrix: done in 0.000185966 secs using 98.94% CPU
Computing ML distances took 0.000227 sec (of wall-clock time) 0.000232 sec (of CPU time)
Setting up auxiliary I and S matrices: done in 4.1008e-05 secs using 97.54% CPU
Computing RapidNJ tree took 0.000114 sec (of wall-clock time) 0.000114 sec (of CPU time)
Log-likelihood of RapidNJ tree: -2066.472
--------------------------------------------------------------------
|             INITIALIZING CANDIDATE TREE SET                      |
--------------------------------------------------------------------
Generating 99 parsimony trees... 0.048 second
Computing log-likelihood of 39 initial trees ... 0.011 seconds
Current best score: -2066.472

Do NNI search on 20 best initial trees
Estimate model parameters (epsilon = 0.100)
BETTER TREE FOUND at iteration 1: -2066.472
Iteration 10 / LogL: -2066.874 / Time: 0h:0m:1s
Iteration 20 / LogL: -2066.475 / Time: 0h:0m:1s
Finish initializing candidate tree set (1)
Current best tree score: -2066.472 / CPU time: 0.122
Number of iterations: 20
--------------------------------------------------------------------
|               OPTIMIZING CANDIDATE TREE SET                      |
--------------------------------------------------------------------
Iteration 30 / LogL: -2066.472 / Time: 0h:0m:1s (0h:0m:0s left)
Iteration 40 / LogL: -2066.473 / Time: 0h:0m:1s (0h:0m:0s left)
Iteration 50 / LogL: -2066.502 / Time: 0h:0m:1s (0h:0m:0s left)
Log-likelihood cutoff on original alignment: -2095.409
Iteration 60 / LogL: -2066.538 / Time: 0h:0m:2s (0h:0m:0s left)
Iteration 70 / LogL: -2066.517 / Time: 0h:0m:2s (0h:0m:0s left)
Iteration 80 / LogL: -2066.530 / Time: 0h:0m:2s (0h:0m:0s left)
Iteration 90 / LogL: -2066.502 / Time: 0h:0m:2s (0h:0m:0s left)
Iteration 100 / LogL: -2066.533 / Time: 0h:0m:2s (0h:0m:0s left)
Log-likelihood cutoff on original alignment: -2095.250
NOTE: Bootstrap correlation coefficient of split occurrence frequencies: 1.000
TREE SEARCH COMPLETED AFTER 102 ITERATIONS / Time: 0h:0m:2s

--------------------------------------------------------------------
|                    FINALIZING TREE SEARCH                        |
--------------------------------------------------------------------
Performs final model parameters optimization
Estimate model parameters (epsilon = 0.010)
1. Initial log-likelihood: -2066.472
Optimal log-likelihood: -2066.472
Rate parameters:  A-C: 1.00000  A-G: 2.52474  A-T: 1.00000  C-G: 1.00000  C-T: 2.52474  G-T: 1.00000
Base frequencies:  A: 0.201  C: 0.314  G: 0.280  T: 0.205
Proportion of invariable sites: 0.549
Parameters optimization took 1 rounds (0.001 sec)
BEST SCORE FOUND : -2066.472
Creating bootstrap support values...
Split supports printed to NEXUS file per_gene_alignments_codon/LOC101404642_.aln.splits.nex
Total tree length: 0.338

Total number of iterations: 102
CPU time used for tree search: 0.999 sec (0h:0m:0s)
Wall-clock time used for tree search: 0.880 sec (0h:0m:0s)
Total CPU time used: 1.784 sec (0h:0m:1s)
Total wall-clock time used: 2.500 sec (0h:0m:2s)

Computing bootstrap consensus tree...
Reading input file per_gene_alignments_codon/LOC101404642_.aln.splits.nex...
7 taxa and 19 splits.
Consensus tree written to per_gene_alignments_codon/LOC101404642_.aln.contree
Reading input trees file per_gene_alignments_codon/LOC101404642_.aln.contree
Log-likelihood of consensus tree: -2066.472

Analysis results written to: 
  IQ-TREE report:                per_gene_alignments_codon/LOC101404642_.aln.iqtree
  Maximum-likelihood tree:       per_gene_alignments_codon/LOC101404642_.aln.treefile
  Likelihood distances:          per_gene_alignments_codon/LOC101404642_.aln.mldist

Ultrafast bootstrap approximation results written to:
  Split support values:          per_gene_alignments_codon/LOC101404642_.aln.splits.nex
  Consensus tree:                per_gene_alignments_codon/LOC101404642_.aln.contree
  Screen log file:               per_gene_alignments_codon/LOC101404642_.aln.log

Date and Time: Thu Oct 30 21:37:03 2025
