IQ-TREE multicore version 2.3.3 COVID-edition for Linux x86 64-bit built Apr 25 2024
Developed by Bui Quang Minh, James Barbetti, Nguyen Lam Tung, Olga Chernomor,
Heiko Schmidt, Dominik Schrempf, Michael Woodhams, Ly Trong Nhan, Thomas Wong

Host:    morpheus-OptiPlex-5050 (AVX2, FMA3, 503 GB RAM)
Command: iqtree2 -s per_gene_alignments_codon/LOC101408356_.aln.fna -m MFP -T 1 -B 1000 --prefix per_gene_alignments_codon/LOC101408356_.aln
Seed:    562429 (Using SPRNG - Scalable Parallel Random Number Generator)
Time:    Thu Oct 30 21:39:28 2025
Kernel:  AVX+FMA - 1 threads (72 CPU cores detected)

HINT: Use -nt option to specify number of threads because your CPU has 72 cores!
HINT: -nt AUTO will automatically determine the best number of threads to use.

Reading alignment file per_gene_alignments_codon/LOC101408356_.aln.fna ... Fasta format detected
Reading fasta file: done in 0.000218868 secs using 99.15% CPU
Alignment most likely contains DNA/RNA sequences
Alignment has 7 sequences with 648 columns, 51 distinct patterns
27 parsimony-informative, 48 singleton sites, 573 constant sites
                     Gap/Ambiguity  Composition  p-value
Analyzing sequences: done in 1.40667e-05 secs using 71.09% CPU
   1  Ceratotherium_simum    0.00%    passed     98.42%
   2  Diceros_bicornis       0.00%    passed     98.51%
   3  Equus_asinus           0.00%    passed     99.81%
   4  Equus_quagga           0.00%    passed     99.89%
   5  Equus_caballus         0.00%    passed     99.81%
   6  Canis_lupus            0.00%    passed     98.37%
   7  Bos_taurus             3.70%    passed     99.93%
****  TOTAL                  0.53%  0 sequences failed composition chi2 test (p-value<5%; df=3)


Create initial parsimony tree by phylogenetic likelihood library (PLL)... 0.005 seconds
Perform fast likelihood tree search using GTR+I+G model...
Estimate model parameters (epsilon = 5.000)
Perform nearest neighbor interchange...
Estimate model parameters (epsilon = 1.000)
1. Initial log-likelihood: -1345.697
Optimal log-likelihood: -1345.687
Rate parameters:  A-C: 1.17239  A-G: 4.16122  A-T: 0.84347  C-G: 0.97002  C-T: 12.25522  G-T: 1.00000
Base frequencies:  A: 0.260  C: 0.231  G: 0.302  T: 0.206
Proportion of invariable sites: 0.438
Gamma shape alpha: 0.428
Parameters optimization took 1 rounds (0.010 sec)
Time for fast ML tree search: 0.021 seconds

NOTE: ModelFinder requires 0 MB RAM!
ModelFinder will test up to 484 DNA models (sample size: 648) ...
 No. Model         -LnL         df  AIC          AICc         BIC
  1  GTR+F         1356.510     19  2751.020     2752.230     2836.024
  2  GTR+F+I       1345.895     20  2731.791     2733.130     2821.269
  3  GTR+F+G4      1345.883     20  2731.766     2733.105     2821.243
  4  GTR+F+I+G4    1345.682     21  2733.365     2734.841     2827.316
  5  GTR+F+R2      1346.405     21  2734.811     2736.287     2828.762
  6  GTR+F+R3      1345.989     23  2737.978     2739.747     2840.877
 14  GTR+F+I+R2    1346.137     22  2736.275     2737.894     2834.701
 15  GTR+F+I+R3    1345.750     24  2739.501     2741.427     2846.874
 24  SYM+I         1352.391     17  2738.783     2739.754     2814.839
 25  SYM+G4        1352.371     17  2738.741     2739.713     2814.797
 26  SYM+I+G4      1352.133     18  2740.266     2741.353     2820.796
 27  SYM+R2        1352.834     18  2741.667     2742.755     2822.197
 46  TVM+F+I       1351.590     19  2741.181     2742.391     2826.185
 47  TVM+F+G4      1351.723     19  2741.447     2742.657     2826.451
 48  TVM+F+I+G4    1351.326     20  2742.652     2743.992     2832.130
 49  TVM+F+R2      1351.693     20  2743.387     2744.727     2832.865
 68  TVMe+I        1355.511     16  2743.021     2743.883     2814.604
 69  TVMe+G4       1355.550     16  2743.100     2743.962     2814.682
 70  TVMe+I+G4     1355.231     17  2744.461     2745.433     2820.518
 71  TVMe+R2       1355.713     17  2745.427     2746.398     2821.483
 90  TIM3+F+I      1345.932     18  2727.865     2728.952     2808.395
 91  TIM3+F+G4     1345.917     18  2727.835     2728.922     2808.365
 92  TIM3+F+I+G4   1345.709     19  2729.419     2730.629     2814.423
 93  TIM3+F+R2     1346.513     19  2731.027     2732.237     2816.031
112  TIM3e+I       1352.420     15  2734.841     2735.600     2801.949
113  TIM3e+G4      1352.399     15  2734.798     2735.558     2801.907
114  TIM3e+I+G4    1352.159     16  2736.317     2737.179     2807.899
115  TIM3e+R2      1352.844     16  2737.689     2738.551     2809.271
134  TIM2+F+I      1345.970     18  2727.941     2729.028     2808.471
135  TIM2+F+G4     1345.955     18  2727.911     2728.998     2808.441
136  TIM2+F+I+G4   1345.752     19  2729.503     2730.713     2814.507
137  TIM2+F+R2     1346.557     19  2731.113     2732.323     2816.117
156  TIM2e+I       1352.519     15  2735.038     2735.797     2802.146
157  TIM2e+G4      1352.501     15  2735.002     2735.761     2802.110
158  TIM2e+I+G4    1352.270     16  2736.539     2737.401     2808.121
159  TIM2e+R2      1352.946     16  2737.893     2738.755     2809.475
178  TIM+F+I       1345.946     18  2727.893     2728.980     2808.423
179  TIM+F+G4      1345.930     18  2727.860     2728.948     2808.390
180  TIM+F+I+G4    1345.734     19  2729.469     2730.679     2814.473
181  TIM+F+R2      1346.460     19  2730.921     2732.131     2815.925
200  TIMe+I        1352.515     15  2735.031     2735.790     2802.139
201  TIMe+G4       1352.496     15  2734.992     2735.751     2802.100
202  TIMe+I+G4     1352.266     16  2736.533     2737.395     2808.115
203  TIMe+R2       1353.058     16  2738.115     2738.977     2809.698
222  TPM3u+F+I     1351.603     17  2737.206     2738.178     2813.262
223  TPM3u+F+G4    1351.746     17  2737.492     2738.464     2813.548
224  TPM3u+F+I+G4  1351.337     18  2738.675     2739.762     2819.205
225  TPM3u+F+R2    1351.682     18  2739.363     2740.450     2819.893
244  TPM3+I        1355.550     14  2739.099     2739.763     2801.734
245  TPM3+G4       1355.589     14  2739.178     2739.841     2801.812
246  TPM3+I+G4     1355.268     15  2740.536     2741.295     2807.644
247  TPM3+R2       1355.730     15  2741.461     2742.220     2808.569
266  TPM2u+F+I     1351.638     17  2737.275     2738.247     2813.332
267  TPM2u+F+G4    1351.781     17  2737.562     2738.534     2813.618
268  TPM2u+F+I+G4  1351.370     18  2738.740     2739.828     2819.270
269  TPM2u+F+R2    1351.717     18  2739.435     2740.522     2819.965
288  TPM2+I        1355.612     14  2739.224     2739.888     2801.859
289  TPM2+G4       1355.658     14  2739.316     2739.979     2801.950
290  TPM2+I+G4     1355.335     15  2740.670     2741.430     2807.779
291  TPM2+R2       1355.798     15  2741.596     2742.356     2808.705
310  K3Pu+F+I      1351.627     17  2737.254     2738.225     2813.310
311  K3Pu+F+G4     1351.764     17  2737.529     2738.500     2813.585
312  K3Pu+F+I+G4   1351.363     18  2738.725     2739.813     2819.255
313  K3Pu+F+R2     1351.729     18  2739.458     2740.545     2819.988
332  K3P+I         1355.635     14  2739.270     2739.934     2801.905
333  K3P+G4        1355.675     14  2739.349     2740.013     2801.984
334  K3P+I+G4      1355.358     15  2740.716     2741.476     2807.824
335  K3P+R2        1355.745     15  2741.490     2742.249     2808.598
354  TN+F+I        1345.972     17  2725.944     2726.915     2802.000
355  TN+F+G4       1345.958     17  2725.915     2726.886     2801.971
356  TN+F+I+G4     1345.753     18  2727.507     2728.594     2808.037
357  TN+F+R2       1346.559     18  2729.117     2730.205     2809.647
376  TNe+I         1352.528     14  2733.057     2733.720     2795.691
377  TNe+G4        1352.509     14  2733.018     2733.682     2795.653
378  TNe+I+G4      1352.277     15  2734.553     2735.313     2801.662
379  TNe+R2        1352.956     15  2735.911     2736.671     2803.019
398  HKY+F+I       1351.635     16  2735.269     2736.131     2806.851
399  HKY+F+G4      1351.780     16  2735.561     2736.423     2807.143
400  HKY+F+I+G4    1351.370     17  2736.740     2737.712     2812.796
401  HKY+F+R2      1351.714     17  2737.428     2738.399     2813.484
420  K2P+I         1355.640     13  2737.281     2737.855     2795.441
421  K2P+G4        1355.682     13  2737.365     2737.939     2795.525
422  K2P+I+G4      1355.363     14  2738.725     2739.389     2801.360
423  K2P+R2        1355.823     14  2739.647     2740.310     2802.281
442  F81+F+I       1385.041     15  2800.081     2800.841     2867.190
443  F81+F+G4      1384.989     15  2799.979     2800.738     2867.087
444  F81+F+I+G4    1384.779     16  2801.558     2802.420     2873.140
445  F81+F+R2      1385.570     16  2803.141     2804.003     2874.723
464  JC+I          1388.971     12  2801.941     2802.433     2855.628
465  JC+G4         1388.922     12  2801.845     2802.336     2855.532
466  JC+I+G4       1388.683     13  2803.366     2803.940     2861.527
467  JC+R2         1389.367     13  2804.733     2805.307     2862.894
Akaike Information Criterion:           TN+F+G4
Corrected Akaike Information Criterion: TN+F+G4
Bayesian Information Criterion:         K2P+I
Best-fit model: K2P+I chosen according to BIC

All model information printed to per_gene_alignments_codon/LOC101408356_.aln.model.gz
CPU time for ModelFinder: 1.488 seconds (0h:0m:1s)
Wall-clock time for ModelFinder: 2.471 seconds (0h:0m:2s)
Generating 1000 samples for ultrafast bootstrap (seed: 562429)...

NOTE: 0 MB RAM (0 GB) is required!
Estimate model parameters (epsilon = 0.100)
1. Initial log-likelihood: -1355.640
Optimal log-likelihood: -1355.640
Rate parameters:  A-C: 1.00000  A-G: 7.21399  A-T: 1.00000  C-G: 1.00000  C-T: 7.21399  G-T: 1.00000
Base frequencies:  A: 0.250  C: 0.250  G: 0.250  T: 0.250
Proportion of invariable sites: 0.765
Parameters optimization took 1 rounds (0.001 sec)
Wrote distance file to... 
Computing ML distances based on estimated model parameters...
Calculating distance matrix: done in 0.000179052 secs using 99.41% CPU
Computing ML distances took 0.000221 sec (of wall-clock time) 0.000227 sec (of CPU time)
Setting up auxiliary I and S matrices: done in 4.29153e-05 secs using 97.87% CPU
Computing RapidNJ tree took 0.000128 sec (of wall-clock time) 0.000128 sec (of CPU time)
Log-likelihood of RapidNJ tree: -1355.642
--------------------------------------------------------------------
|             INITIALIZING CANDIDATE TREE SET                      |
--------------------------------------------------------------------
Generating 99 parsimony trees... 0.064 second
Computing log-likelihood of 44 initial trees ... 0.018 seconds
Current best score: -1355.640

Do NNI search on 20 best initial trees
Estimate model parameters (epsilon = 0.100)
BETTER TREE FOUND at iteration 1: -1355.640
UPDATE BEST LOG-LIKELIHOOD: -1355.640
UPDATE BEST LOG-LIKELIHOOD: -1355.640
UPDATE BEST LOG-LIKELIHOOD: -1355.640
Iteration 10 / LogL: -1355.640 / Time: 0h:0m:2s
Iteration 20 / LogL: -1355.640 / Time: 0h:0m:2s
Finish initializing candidate tree set (1)
Current best tree score: -1355.640 / CPU time: 0.192
Number of iterations: 20
--------------------------------------------------------------------
|               OPTIMIZING CANDIDATE TREE SET                      |
--------------------------------------------------------------------
UPDATE BEST LOG-LIKELIHOOD: -1355.640
Iteration 30 / LogL: -1355.641 / Time: 0h:0m:2s (0h:0m:0s left)
WARNING: NNI search needs unusual large number of steps (7) to converge!
WARNING: NNI search needs unusual large number of steps (7) to converge!
Iteration 40 / LogL: -1355.640 / Time: 0h:0m:3s (0h:0m:0s left)
Iteration 50 / LogL: -1355.640 / Time: 0h:0m:3s (0h:0m:0s left)
Log-likelihood cutoff on original alignment: -1376.525
WARNING: NNI search needs unusual large number of steps (7) to converge!
Iteration 60 / LogL: -1355.640 / Time: 0h:0m:3s (0h:0m:0s left)
Iteration 70 / LogL: -1355.640 / Time: 0h:0m:3s (0h:0m:0s left)
Iteration 80 / LogL: -1355.641 / Time: 0h:0m:3s (0h:0m:0s left)
Iteration 90 / LogL: -1355.640 / Time: 0h:0m:3s (0h:0m:0s left)
UPDATE BEST LOG-LIKELIHOOD: -1355.640
Iteration 100 / LogL: -1355.641 / Time: 0h:0m:3s (0h:0m:0s left)
Log-likelihood cutoff on original alignment: -1376.592
NOTE: Bootstrap correlation coefficient of split occurrence frequencies: 0.999
TREE SEARCH COMPLETED AFTER 102 ITERATIONS / Time: 0h:0m:3s

--------------------------------------------------------------------
|                    FINALIZING TREE SEARCH                        |
--------------------------------------------------------------------
Performs final model parameters optimization
Estimate model parameters (epsilon = 0.010)
1. Initial log-likelihood: -1355.640
Optimal log-likelihood: -1355.640
Rate parameters:  A-C: 1.00000  A-G: 7.22120  A-T: 1.00000  C-G: 1.00000  C-T: 7.22120  G-T: 1.00000
Base frequencies:  A: 0.250  C: 0.250  G: 0.250  T: 0.250
Proportion of invariable sites: 0.765
Parameters optimization took 1 rounds (0.000 sec)
BEST SCORE FOUND : -1355.640
Creating bootstrap support values...
Split supports printed to NEXUS file per_gene_alignments_codon/LOC101408356_.aln.splits.nex
Total tree length: 0.172

Total number of iterations: 102
CPU time used for tree search: 0.968 sec (0h:0m:0s)
Wall-clock time used for tree search: 1.230 sec (0h:0m:1s)
Total CPU time used: 2.515 sec (0h:0m:2s)
Total wall-clock time used: 3.800 sec (0h:0m:3s)

Computing bootstrap consensus tree...
Reading input file per_gene_alignments_codon/LOC101408356_.aln.splits.nex...
7 taxa and 22 splits.
Consensus tree written to per_gene_alignments_codon/LOC101408356_.aln.contree
Reading input trees file per_gene_alignments_codon/LOC101408356_.aln.contree
Log-likelihood of consensus tree: -1355.642

Analysis results written to: 
  IQ-TREE report:                per_gene_alignments_codon/LOC101408356_.aln.iqtree
  Maximum-likelihood tree:       per_gene_alignments_codon/LOC101408356_.aln.treefile
  Likelihood distances:          per_gene_alignments_codon/LOC101408356_.aln.mldist

Ultrafast bootstrap approximation results written to:
  Split support values:          per_gene_alignments_codon/LOC101408356_.aln.splits.nex
  Consensus tree:                per_gene_alignments_codon/LOC101408356_.aln.contree
  Screen log file:               per_gene_alignments_codon/LOC101408356_.aln.log

Date and Time: Thu Oct 30 21:39:32 2025
