IQ-TREE multicore version 2.3.3 COVID-edition for Linux x86 64-bit built Apr 25 2024
Developed by Bui Quang Minh, James Barbetti, Nguyen Lam Tung, Olga Chernomor,
Heiko Schmidt, Dominik Schrempf, Michael Woodhams, Ly Trong Nhan, Thomas Wong

Host:    morpheus-OptiPlex-5050 (AVX2, FMA3, 503 GB RAM)
Command: iqtree2 -s per_gene_alignments_codon/LOC101396179_.aln.fna -m MFP -T 1 -B 1000 --prefix per_gene_alignments_codon/LOC101396179_.aln
Seed:    398940 (Using SPRNG - Scalable Parallel Random Number Generator)
Time:    Thu Oct 30 21:31:11 2025
Kernel:  AVX+FMA - 1 threads (72 CPU cores detected)

HINT: Use -nt option to specify number of threads because your CPU has 72 cores!
HINT: -nt AUTO will automatically determine the best number of threads to use.

Reading alignment file per_gene_alignments_codon/LOC101396179_.aln.fna ... Fasta format detected
Reading fasta file: done in 0.000431061 secs
Alignment most likely contains DNA/RNA sequences
Alignment has 7 sequences with 1368 columns, 73 distinct patterns
85 parsimony-informative, 115 singleton sites, 1168 constant sites
                     Gap/Ambiguity  Composition  p-value
Analyzing sequences: done in 1.71661e-05 secs using 93.21% CPU
   1  Ceratotherium_simum    0.00%    passed     99.12%
   2  Diceros_bicornis       0.00%    passed     99.90%
   3  Equus_asinus           0.00%    passed     97.09%
   4  Equus_quagga           0.00%    passed     96.00%
   5  Equus_caballus         0.00%    passed     96.91%
   6  Canis_lupus            0.00%    passed     79.78%
   7  Bos_taurus             0.00%    passed     90.70%
****  TOTAL                  0.00%  0 sequences failed composition chi2 test (p-value<5%; df=3)


Create initial parsimony tree by phylogenetic likelihood library (PLL)... 0.000 seconds
Perform fast likelihood tree search using GTR+I+G model...
Estimate model parameters (epsilon = 5.000)
Perform nearest neighbor interchange...
Estimate model parameters (epsilon = 1.000)
1. Initial log-likelihood: -3009.396
Optimal log-likelihood: -3009.391
Rate parameters:  A-C: 1.86071  A-G: 9.76754  A-T: 1.33999  C-G: 3.76403  C-T: 6.40187  G-T: 1.00000
Base frequencies:  A: 0.240  C: 0.200  G: 0.202  T: 0.358
Proportion of invariable sites: 0.426
Gamma shape alpha: 998.395
Parameters optimization took 1 rounds (0.002 sec)
Time for fast ML tree search: 0.049 seconds

NOTE: ModelFinder requires 0 MB RAM!
ModelFinder will test up to 484 DNA models (sample size: 1368) ...
 No. Model         -LnL         df  AIC          AICc         BIC
  1  GTR+F         3011.759     19  6061.517     6062.081     6160.718
  2  GTR+F+I       3009.377     20  6058.754     6059.378     6163.176
  3  GTR+F+G4      3009.537     20  6059.074     6059.698     6163.496
  4  GTR+F+I+G4    3009.388     21  6060.775     6061.462     6170.419
  5  GTR+F+R2      3009.618     21  6061.236     6061.923     6170.879
  6  GTR+F+R3      3009.522     23  6065.043     6065.865     6185.129
 14  GTR+F+I+R2    3009.715     22  6063.430     6064.182     6178.294
 15  GTR+F+I+R3    3009.639     24  6067.278     6068.171     6192.584
 23  SYM           3062.043     16  6156.086     6156.488     6239.623
 24  SYM+I         3059.734     17  6153.468     6153.922     6242.227
 25  SYM+G4        3059.854     17  6153.707     6154.161     6242.466
 26  SYM+I+G4      3059.746     18  6155.492     6155.999     6249.472
 45  TVM+F         3014.779     18  6065.559     6066.066     6159.538
 46  TVM+F+I       3012.091     19  6062.183     6062.747     6161.384
 47  TVM+F+G4      3012.254     19  6062.509     6063.073     6161.710
 48  TVM+F+I+G4    3012.092     20  6064.183     6064.807     6168.605
 67  TVMe          3063.254     15  6156.508     6156.863     6234.824
 68  TVMe+I        3060.768     16  6153.537     6153.940     6237.075
 69  TVMe+G4       3060.896     16  6153.793     6154.195     6237.330
 70  TVMe+I+G4     3060.771     17  6155.541     6155.995     6244.300
 89  TIM3+F        3013.605     17  6061.210     6061.664     6149.969
 90  TIM3+F+I      3011.358     18  6058.715     6059.222     6152.695
 91  TIM3+F+G4     3011.519     18  6059.038     6059.545     6153.018
 92  TIM3+F+I+G4   3011.382     19  6060.764     6061.328     6159.965
111  TIM3e         3063.721     14  6155.442     6155.753     6228.538
112  TIM3e+I       3061.491     15  6152.981     6153.336     6231.298
113  TIM3e+G4      3061.622     15  6153.244     6153.599     6231.560
114  TIM3e+I+G4    3061.511     16  6155.023     6155.425     6238.560
133  TIM2+F        3018.287     17  6070.574     6071.028     6159.333
134  TIM2+F+I      3015.876     18  6067.752     6068.259     6161.731
135  TIM2+F+G4     3016.033     18  6068.065     6068.572     6162.045
136  TIM2+F+I+G4   3015.882     19  6069.765     6070.328     6168.966
155  TIM2e         3065.825     14  6159.650     6159.960     6232.746
156  TIM2e+I       3063.326     15  6156.651     6157.006     6234.968
157  TIM2e+G4      3063.449     15  6156.898     6157.253     6235.214
158  TIM2e+I+G4    3063.327     16  6158.655     6159.057     6242.192
177  TIM+F         3017.633     17  6069.267     6069.720     6158.026
178  TIM+F+I       3015.364     18  6066.728     6067.235     6160.708
179  TIM+F+G4      3015.481     18  6066.962     6067.469     6160.942
180  TIM+F+I+G4    3015.382     19  6068.764     6069.328     6167.965
199  TIMe          3064.499     14  6156.999     6157.309     6230.094
200  TIMe+I        3062.030     15  6154.061     6154.416     6232.377
201  TIMe+G4       3062.127     15  6154.253     6154.608     6232.570
202  TIMe+I+G4     3062.033     16  6156.066     6156.469     6239.604
221  TPM3u+F       3016.591     16  6065.182     6065.585     6148.720
222  TPM3u+F+I     3014.038     17  6062.077     6062.530     6150.836
223  TPM3u+F+G4    3014.209     17  6062.417     6062.871     6151.176
224  TPM3u+F+I+G4  3014.041     18  6064.083     6064.590     6158.063
243  TPM3          3064.916     13  6155.831     6156.100     6223.705
244  TPM3+I        3062.510     14  6153.021     6153.331     6226.116
245  TPM3+G4       3062.650     14  6153.300     6153.610     6226.395
246  TPM3+I+G4     3062.516     15  6155.032     6155.387     6233.348
265  TPM2u+F       3021.333     16  6074.666     6075.069     6158.204
266  TPM2u+F+I     3018.669     17  6071.339     6071.792     6160.098
267  TPM2u+F+G4    3018.828     17  6071.657     6072.110     6160.415
268  TPM2u+F+I+G4  3018.670     18  6073.340     6073.847     6167.320
287  TPM2          3067.054     13  6160.107     6160.376     6227.982
288  TPM2+I        3064.339     14  6156.679     6156.989     6229.774
289  TPM2+G4       3064.470     14  6156.941     6157.251     6230.036
290  TPM2+I+G4     3064.342     15  6158.684     6159.039     6237.000
309  K3Pu+F        3020.683     16  6073.367     6073.769     6156.904
310  K3Pu+F+I      3018.157     17  6070.313     6070.767     6159.072
311  K3Pu+F+G4     3018.284     17  6070.568     6071.022     6159.327
312  K3Pu+F+I+G4   3018.159     18  6072.317     6072.824     6166.297
331  K3P           3065.734     13  6157.469     6157.738     6225.343
332  K3P+I         3063.053     14  6154.105     6154.416     6227.201
333  K3P+G4        3063.159     14  6154.317     6154.627     6227.413
334  K3P+I+G4      3063.054     15  6156.108     6156.463     6234.425
353  TN+F          3018.681     16  6069.361     6069.764     6152.899
354  TN+F+I        3016.393     17  6066.787     6067.240     6155.546
355  TN+F+G4       3016.526     17  6067.053     6067.506     6155.812
356  TN+F+I+G4     3016.410     18  6068.821     6069.328     6162.801
375  TNe           3065.932     13  6157.865     6158.134     6225.739
376  TNe+I         3063.485     14  6154.971     6155.281     6228.066
377  TNe+G4        3063.597     14  6155.194     6155.504     6228.289
378  TNe+I+G4      3063.488     15  6156.977     6157.332     6235.293
397  HKY+F         3021.718     15  6073.436     6073.791     6151.752
398  HKY+F+I       3019.172     16  6070.345     6070.747     6153.882
399  HKY+F+G4      3019.312     16  6070.623     6071.026     6154.161
400  HKY+F+I+G4    3019.174     17  6072.348     6072.801     6161.106
419  K2P           3067.157     12  6158.314     6158.544     6220.967
420  K2P+I         3064.497     13  6154.995     6155.264     6222.869
421  K2P+G4        3064.617     13  6155.234     6155.503     6223.109
422  K2P+I+G4      3064.498     14  6156.997     6157.307     6230.092
441  F81+F         3074.424     14  6176.848     6177.158     6249.943
442  F81+F+I       3073.048     15  6176.096     6176.451     6254.412
443  F81+F+G4      3073.187     15  6176.373     6176.728     6254.690
444  F81+F+I+G4    3073.319     16  6178.639     6179.041     6262.176
463  JC            3117.534     11  6257.068     6257.262     6314.500
464  JC+I          3115.866     12  6255.732     6255.962     6318.385
465  JC+G4         3116.005     12  6256.009     6256.239     6318.662
466  JC+I+G4       3116.010     13  6258.019     6258.288     6325.894
Akaike Information Criterion:           TIM3+F+I
Corrected Akaike Information Criterion: TIM3+F+I
Bayesian Information Criterion:         TPM3u+F
Best-fit model: TPM3u+F chosen according to BIC

All model information printed to per_gene_alignments_codon/LOC101396179_.aln.model.gz
CPU time for ModelFinder: 0.316 seconds (0h:0m:0s)
Wall-clock time for ModelFinder: 1.231 seconds (0h:0m:1s)
Generating 1000 samples for ultrafast bootstrap (seed: 398940)...

NOTE: 0 MB RAM (0 GB) is required!
Estimate model parameters (epsilon = 0.100)
1. Initial log-likelihood: -3016.591
Optimal log-likelihood: -3016.589
Rate parameters:  A-C: 2.20033  A-G: 6.07550  A-T: 1.00000  C-G: 2.20033  C-T: 6.07550  G-T: 1.00000
Base frequencies:  A: 0.240  C: 0.200  G: 0.202  T: 0.358
Parameters optimization took 1 rounds (0.001 sec)
Wrote distance file to... 
Computing ML distances based on estimated model parameters...
Calculating distance matrix: done in 0.000211 secs using 99.53% CPU
Computing ML distances took 0.000258 sec (of wall-clock time) 0.000262 sec (of CPU time)
Setting up auxiliary I and S matrices: done in 4.81606e-05 secs using 97.59% CPU
Computing RapidNJ tree took 0.000134 sec (of wall-clock time) 0.000134 sec (of CPU time)
Log-likelihood of RapidNJ tree: -3016.589
--------------------------------------------------------------------
|             INITIALIZING CANDIDATE TREE SET                      |
--------------------------------------------------------------------
Generating 99 parsimony trees... 0.121 second
Computing log-likelihood of 37 initial trees ... 0.029 seconds
Current best score: -3016.589

Do NNI search on 20 best initial trees
Estimate model parameters (epsilon = 0.100)
BETTER TREE FOUND at iteration 1: -3016.589
Iteration 10 / LogL: -3016.589 / Time: 0h:0m:1s
Iteration 20 / LogL: -3016.589 / Time: 0h:0m:1s
Finish initializing candidate tree set (1)
Current best tree score: -3016.589 / CPU time: 0.314
Number of iterations: 20
--------------------------------------------------------------------
|               OPTIMIZING CANDIDATE TREE SET                      |
--------------------------------------------------------------------
UPDATE BEST LOG-LIKELIHOOD: -3016.589
UPDATE BEST LOG-LIKELIHOOD: -3016.589
UPDATE BEST LOG-LIKELIHOOD: -3016.589
Iteration 30 / LogL: -3016.589 / Time: 0h:0m:1s (0h:0m:1s left)
Iteration 40 / LogL: -3016.589 / Time: 0h:0m:2s (0h:0m:1s left)
Iteration 50 / LogL: -3016.589 / Time: 0h:0m:2s (0h:0m:1s left)
Log-likelihood cutoff on original alignment: -3044.206
Iteration 60 / LogL: -3016.603 / Time: 0h:0m:2s (0h:0m:0s left)
Iteration 70 / LogL: -3016.589 / Time: 0h:0m:2s (0h:0m:0s left)
Iteration 80 / LogL: -3016.589 / Time: 0h:0m:2s (0h:0m:0s left)
Iteration 90 / LogL: -3016.674 / Time: 0h:0m:2s (0h:0m:0s left)
Iteration 100 / LogL: -3016.591 / Time: 0h:0m:3s (0h:0m:0s left)
Log-likelihood cutoff on original alignment: -3044.206
NOTE: Bootstrap correlation coefficient of split occurrence frequencies: 1.000
TREE SEARCH COMPLETED AFTER 102 ITERATIONS / Time: 0h:0m:3s

--------------------------------------------------------------------
|                    FINALIZING TREE SEARCH                        |
--------------------------------------------------------------------
Performs final model parameters optimization
Estimate model parameters (epsilon = 0.010)
1. Initial log-likelihood: -3016.589
Optimal log-likelihood: -3016.589
Rate parameters:  A-C: 2.20452  A-G: 6.08176  A-T: 1.00000  C-G: 2.20452  C-T: 6.08176  G-T: 1.00000
Base frequencies:  A: 0.240  C: 0.200  G: 0.202  T: 0.358
Parameters optimization took 1 rounds (0.000 sec)
BEST SCORE FOUND : -3016.589
Creating bootstrap support values...
Split supports printed to NEXUS file per_gene_alignments_codon/LOC101396179_.aln.splits.nex
Total tree length: 0.167

Total number of iterations: 102
CPU time used for tree search: 0.891 sec (0h:0m:0s)
Wall-clock time used for tree search: 1.689 sec (0h:0m:1s)
Total CPU time used: 1.276 sec (0h:0m:1s)
Total wall-clock time used: 3.136 sec (0h:0m:3s)

Computing bootstrap consensus tree...
Reading input file per_gene_alignments_codon/LOC101396179_.aln.splits.nex...
7 taxa and 15 splits.
Consensus tree written to per_gene_alignments_codon/LOC101396179_.aln.contree
Reading input trees file per_gene_alignments_codon/LOC101396179_.aln.contree
Log-likelihood of consensus tree: -3016.589

Analysis results written to: 
  IQ-TREE report:                per_gene_alignments_codon/LOC101396179_.aln.iqtree
  Maximum-likelihood tree:       per_gene_alignments_codon/LOC101396179_.aln.treefile
  Likelihood distances:          per_gene_alignments_codon/LOC101396179_.aln.mldist

Ultrafast bootstrap approximation results written to:
  Split support values:          per_gene_alignments_codon/LOC101396179_.aln.splits.nex
  Consensus tree:                per_gene_alignments_codon/LOC101396179_.aln.contree
  Screen log file:               per_gene_alignments_codon/LOC101396179_.aln.log

Date and Time: Thu Oct 30 21:31:15 2025
