IQ-TREE multicore version 2.3.3 COVID-edition for Linux x86 64-bit built Apr 25 2024
Developed by Bui Quang Minh, James Barbetti, Nguyen Lam Tung, Olga Chernomor,
Heiko Schmidt, Dominik Schrempf, Michael Woodhams, Ly Trong Nhan, Thomas Wong

Host:    morpheus-OptiPlex-5050 (AVX2, FMA3, 503 GB RAM)
Command: iqtree2 -s per_gene_alignments_codon/LOC101388547_.aln.fna -m MFP -T 1 -B 1000 --prefix per_gene_alignments_codon/LOC101388547_.aln
Seed:    218986 (Using SPRNG - Scalable Parallel Random Number Generator)
Time:    Thu Oct 30 21:25:51 2025
Kernel:  AVX+FMA - 1 threads (72 CPU cores detected)

HINT: Use -nt option to specify number of threads because your CPU has 72 cores!
HINT: -nt AUTO will automatically determine the best number of threads to use.

Reading alignment file per_gene_alignments_codon/LOC101388547_.aln.fna ... Fasta format detected
Reading fasta file: done in 0.000183105 secs using 98.3% CPU
Alignment most likely contains DNA/RNA sequences
Alignment has 7 sequences with 462 columns, 45 distinct patterns
19 parsimony-informative, 40 singleton sites, 403 constant sites
                     Gap/Ambiguity  Composition  p-value
Analyzing sequences: done in 2.00272e-05 secs using 94.87% CPU
   1  Ceratotherium_simum    0.00%    passed     98.59%
   2  Diceros_bicornis       0.00%    passed     99.59%
   3  Equus_asinus           0.00%    passed     99.93%
   4  Equus_quagga           0.00%    passed     99.93%
   5  Equus_caballus         0.00%    passed     99.79%
   6  Canis_lupus            0.00%    passed     98.65%
   7  Bos_taurus             0.00%    passed     93.73%
****  TOTAL                  0.00%  0 sequences failed composition chi2 test (p-value<5%; df=3)


Create initial parsimony tree by phylogenetic likelihood library (PLL)... 0.000 seconds
Perform fast likelihood tree search using GTR+I+G model...
Estimate model parameters (epsilon = 5.000)
Perform nearest neighbor interchange...
Estimate model parameters (epsilon = 1.000)
1. Initial log-likelihood: -1015.897
Optimal log-likelihood: -1015.894
Rate parameters:  A-C: 0.59205  A-G: 1.86476  A-T: 0.52113  C-G: 0.72242  C-T: 4.04751  G-T: 1.00000
Base frequencies:  A: 0.213  C: 0.313  G: 0.292  T: 0.182
Proportion of invariable sites: 0.433
Gamma shape alpha: 0.471
Parameters optimization took 1 rounds (0.001 sec)
Time for fast ML tree search: 0.026 seconds

NOTE: ModelFinder requires 0 MB RAM!
ModelFinder will test up to 484 DNA models (sample size: 462) ...
 No. Model         -LnL         df  AIC          AICc         BIC
  1  GTR+F         1027.528     19  2093.056     2094.776     2171.632
  2  GTR+F+I       1016.623     20  2073.246     2075.151     2155.957
  3  GTR+F+G4      1016.449     20  2072.898     2074.803     2155.609
  4  GTR+F+I+G4    1015.895     21  2073.789     2075.889     2160.636
  5  GTR+F+R2      1015.730     21  2073.459     2075.559     2160.306
  6  GTR+F+R3      1015.791     23  2077.582     2080.102     2172.700
 14  GTR+F+I+R2    1016.374     22  2076.748     2079.054     2167.731
 15  GTR+F+I+R3    1015.884     24  2079.769     2082.515     2179.022
 24  SYM+I         1028.445     17  2090.891     2092.269     2161.195
 25  SYM+G4        1028.332     17  2090.663     2092.042     2160.968
 26  SYM+I+G4      1027.832     18  2091.665     2093.209     2166.105
 27  SYM+R2        1027.787     18  2091.574     2093.118     2166.014
 46  TVM+F+I       1018.996     19  2075.992     2077.711     2154.568
 47  TVM+F+G4      1018.768     19  2075.536     2077.256     2154.112
 48  TVM+F+I+G4    1018.138     20  2076.275     2078.180     2158.987
 49  TVM+F+R2      1017.959     20  2075.918     2077.823     2158.629
 68  TVMe+I        1030.244     16  2092.488     2093.710     2158.657
 69  TVMe+G4       1030.088     16  2092.176     2093.398     2158.345
 70  TVMe+I+G4     1029.522     17  2093.044     2094.422     2163.348
 71  TVMe+R2       1029.431     17  2092.862     2094.241     2163.167
 90  TIM3+F+I      1017.107     18  2070.213     2071.757     2144.653
 91  TIM3+F+G4     1016.910     18  2069.819     2071.363     2144.260
 92  TIM3+F+I+G4   1016.322     19  2070.644     2072.364     2149.220
 93  TIM3+F+R2     1016.129     19  2070.258     2071.978     2148.834
112  TIM3e+I       1029.413     15  2088.826     2089.903     2150.860
113  TIM3e+G4      1029.271     15  2088.541     2089.618     2150.575
114  TIM3e+I+G4    1028.734     16  2089.468     2090.690     2155.637
115  TIM3e+R2      1028.668     16  2089.335     2090.558     2155.504
134  TIM2+F+I      1016.749     18  2069.498     2071.042     2143.938
135  TIM2+F+G4     1016.579     18  2069.159     2070.703     2143.599
136  TIM2+F+I+G4   1016.027     19  2070.054     2071.773     2148.629
137  TIM2+F+R2     1015.878     19  2069.755     2071.475     2148.331
156  TIM2e+I       1028.730     15  2087.461     2088.537     2149.494
157  TIM2e+G4      1028.604     15  2087.208     2088.284     2149.242
158  TIM2e+I+G4    1028.084     16  2088.168     2089.390     2154.337
159  TIM2e+R2      1027.953     16  2087.907     2089.129     2154.076
178  TIM+F+I       1017.118     18  2070.235     2071.780     2144.676
179  TIM+F+G4      1016.926     18  2069.851     2071.395     2144.291
180  TIM+F+I+G4    1016.344     19  2070.688     2072.407     2149.263
181  TIM+F+R2      1016.159     19  2070.317     2072.037     2148.893
200  TIMe+I        1029.634     15  2089.269     2090.345     2151.302
201  TIMe+G4       1029.480     15  2088.960     2090.036     2150.993
202  TIMe+I+G4     1028.929     16  2089.858     2091.081     2156.027
203  TIMe+R2       1028.855     16  2089.711     2090.933     2155.880
222  TPM3u+F+I     1019.503     17  2073.006     2074.385     2143.311
223  TPM3u+F+G4    1019.240     17  2072.480     2073.858     2142.785
224  TPM3u+F+I+G4  1018.562     18  2073.125     2074.669     2147.565
225  TPM3u+F+R2    1018.246     18  2072.493     2074.037     2146.933
244  TPM3+I        1031.304     14  2090.607     2091.547     2148.505
245  TPM3+G4       1031.099     14  2090.197     2091.137     2148.095
246  TPM3+I+G4     1030.477     15  2090.954     2092.030     2152.988
247  TPM3+R2       1030.265     15  2090.530     2091.606     2152.563
266  TPM2u+F+I     1019.114     17  2072.228     2073.607     2142.533
267  TPM2u+F+G4    1018.891     17  2071.782     2073.160     2142.087
268  TPM2u+F+I+G4  1018.263     18  2072.526     2074.070     2146.967
269  TPM2u+F+R2    1018.013     18  2072.026     2073.571     2146.467
288  TPM2+I        1030.492     14  2088.985     2089.924     2146.883
289  TPM2+G4       1030.328     14  2088.656     2089.596     2146.554
290  TPM2+I+G4     1029.753     15  2089.505     2090.582     2151.539
291  TPM2+R2       1029.664     15  2089.327     2090.404     2151.361
310  K3Pu+F+I      1019.508     17  2073.016     2074.395     2143.321
311  K3Pu+F+G4     1019.245     17  2072.490     2073.868     2142.794
312  K3Pu+F+I+G4   1018.566     18  2073.132     2074.676     2147.572
313  K3Pu+F+R2     1018.246     18  2072.491     2074.035     2146.931
332  K3P+I         1031.488     14  2090.977     2091.916     2148.874
333  K3P+G4        1031.274     14  2090.547     2091.487     2148.445
334  K3P+I+G4      1030.645     15  2091.290     2092.366     2153.323
335  K3P+R2        1030.431     15  2090.862     2091.938     2152.895
354  TN+F+I        1017.140     17  2068.281     2069.659     2138.586
355  TN+F+G4       1016.949     17  2067.897     2069.275     2138.202
356  TN+F+I+G4     1016.368     18  2068.736     2070.280     2143.176
357  TN+F+R2       1016.188     18  2068.376     2069.920     2142.816
376  TNe+I         1029.634     14  2087.269     2088.209     2145.167
377  TNe+G4        1029.480     14  2086.960     2087.899     2144.858
378  TNe+I+G4      1028.929     15  2087.857     2088.933     2149.891
379  TNe+R2        1028.775     15  2087.549     2088.626     2149.583
398  HKY+F+I       1019.530     16  2071.059     2072.282     2137.228
399  HKY+F+G4      1019.270     16  2070.540     2071.762     2136.709
400  HKY+F+I+G4    1018.595     17  2071.190     2072.568     2141.495
401  HKY+F+R2      1018.284     17  2070.568     2071.947     2140.873
420  K2P+I         1031.488     13  2088.977     2089.789     2142.739
421  K2P+G4        1031.274     13  2088.547     2089.360     2142.310
422  K2P+I+G4      1030.645     14  2089.290     2090.230     2147.188
423  K2P+R2        1030.430     14  2088.861     2089.800     2146.759
442  F81+F+I       1034.004     15  2098.007     2099.083     2160.041
443  F81+F+G4      1033.732     15  2097.463     2098.539     2159.497
444  F81+F+I+G4    1033.179     16  2098.358     2099.581     2164.528
445  F81+F+R2      1033.153     16  2098.307     2099.529     2164.476
464  JC+I          1044.583     12  2113.165     2113.860     2162.792
465  JC+G4         1044.352     12  2112.704     2113.399     2162.331
466  JC+I+G4       1043.956     13  2113.912     2114.724     2167.674
467  JC+R2         1044.161     13  2114.323     2115.135     2168.085
Akaike Information Criterion:           TN+F+G4
Corrected Akaike Information Criterion: TN+F+G4
Bayesian Information Criterion:         HKY+F+G4
Best-fit model: HKY+F+G4 chosen according to BIC

All model information printed to per_gene_alignments_codon/LOC101388547_.aln.model.gz
CPU time for ModelFinder: 1.042 seconds (0h:0m:1s)
Wall-clock time for ModelFinder: 1.549 seconds (0h:0m:1s)
Generating 1000 samples for ultrafast bootstrap (seed: 218986)...

NOTE: 0 MB RAM (0 GB) is required!
Estimate model parameters (epsilon = 0.100)
1. Initial log-likelihood: -1019.270
Optimal log-likelihood: -1019.270
Rate parameters:  A-C: 1.00000  A-G: 3.90577  A-T: 1.00000  C-G: 1.00000  C-T: 3.90577  G-T: 1.00000
Base frequencies:  A: 0.213  C: 0.313  G: 0.292  T: 0.182
Gamma shape alpha: 0.153
Parameters optimization took 1 rounds (0.001 sec)
Wrote distance file to... 
Computing ML distances based on estimated model parameters...
Calculating distance matrix: done in 0.000540018 secs using 99.63% CPU
Computing ML distances took 0.000585 sec (of wall-clock time) 0.000591 sec (of CPU time)
Setting up auxiliary I and S matrices: done in 4.22001e-05 secs using 99.53% CPU
Computing RapidNJ tree took 0.000148 sec (of wall-clock time) 0.000146 sec (of CPU time)
Log-likelihood of RapidNJ tree: -1019.170
--------------------------------------------------------------------
|             INITIALIZING CANDIDATE TREE SET                      |
--------------------------------------------------------------------
Generating 98 parsimony trees... 0.065 second
Computing log-likelihood of 36 initial trees ... 0.011 seconds
Current best score: -1019.170

Do NNI search on 20 best initial trees
Estimate model parameters (epsilon = 0.100)
BETTER TREE FOUND at iteration 1: -1019.167
UPDATE BEST LOG-LIKELIHOOD: -1019.166
Iteration 10 / LogL: -1019.166 / Time: 0h:0m:1s
Iteration 20 / LogL: -1019.169 / Time: 0h:0m:1s
Finish initializing candidate tree set (1)
Current best tree score: -1019.166 / CPU time: 0.237
Number of iterations: 20
--------------------------------------------------------------------
|               OPTIMIZING CANDIDATE TREE SET                      |
--------------------------------------------------------------------
UPDATE BEST LOG-LIKELIHOOD: -1019.166
UPDATE BEST LOG-LIKELIHOOD: -1019.166
Iteration 30 / LogL: -1019.168 / Time: 0h:0m:1s (0h:0m:0s left)
Iteration 40 / LogL: -1019.166 / Time: 0h:0m:2s (0h:0m:0s left)
UPDATE BEST LOG-LIKELIHOOD: -1019.166
Iteration 50 / LogL: -1019.168 / Time: 0h:0m:2s (0h:0m:0s left)
Log-likelihood cutoff on original alignment: -1037.989
Iteration 60 / LogL: -1028.589 / Time: 0h:0m:2s (0h:0m:0s left)
Iteration 70 / LogL: -1028.589 / Time: 0h:0m:2s (0h:0m:0s left)
Iteration 80 / LogL: -1019.167 / Time: 0h:0m:2s (0h:0m:0s left)
Iteration 90 / LogL: -1019.166 / Time: 0h:0m:2s (0h:0m:0s left)
Iteration 100 / LogL: -1019.197 / Time: 0h:0m:2s (0h:0m:0s left)
Log-likelihood cutoff on original alignment: -1039.219
NOTE: Bootstrap correlation coefficient of split occurrence frequencies: 1.000
TREE SEARCH COMPLETED AFTER 102 ITERATIONS / Time: 0h:0m:2s

--------------------------------------------------------------------
|                    FINALIZING TREE SEARCH                        |
--------------------------------------------------------------------
Performs final model parameters optimization
Estimate model parameters (epsilon = 0.010)
1. Initial log-likelihood: -1019.166
Optimal log-likelihood: -1019.166
Rate parameters:  A-C: 1.00000  A-G: 3.91177  A-T: 1.00000  C-G: 1.00000  C-T: 3.91177  G-T: 1.00000
Base frequencies:  A: 0.213  C: 0.313  G: 0.292  T: 0.182
Gamma shape alpha: 0.144
Parameters optimization took 1 rounds (0.001 sec)
BEST SCORE FOUND : -1019.166
Creating bootstrap support values...
Split supports printed to NEXUS file per_gene_alignments_codon/LOC101388547_.aln.splits.nex
Total tree length: 0.181

Total number of iterations: 102
CPU time used for tree search: 1.102 sec (0h:0m:1s)
Wall-clock time used for tree search: 1.135 sec (0h:0m:1s)
Total CPU time used: 2.193 sec (0h:0m:2s)
Total wall-clock time used: 2.782 sec (0h:0m:2s)

Computing bootstrap consensus tree...
Reading input file per_gene_alignments_codon/LOC101388547_.aln.splits.nex...
7 taxa and 31 splits.
Consensus tree written to per_gene_alignments_codon/LOC101388547_.aln.contree
Reading input trees file per_gene_alignments_codon/LOC101388547_.aln.contree
Log-likelihood of consensus tree: -1019.167

Analysis results written to: 
  IQ-TREE report:                per_gene_alignments_codon/LOC101388547_.aln.iqtree
  Maximum-likelihood tree:       per_gene_alignments_codon/LOC101388547_.aln.treefile
  Likelihood distances:          per_gene_alignments_codon/LOC101388547_.aln.mldist

Ultrafast bootstrap approximation results written to:
  Split support values:          per_gene_alignments_codon/LOC101388547_.aln.splits.nex
  Consensus tree:                per_gene_alignments_codon/LOC101388547_.aln.contree
  Screen log file:               per_gene_alignments_codon/LOC101388547_.aln.log

Date and Time: Thu Oct 30 21:25:54 2025
