IQ-TREE multicore version 2.3.3 COVID-edition for Linux x86 64-bit built Apr 25 2024
Developed by Bui Quang Minh, James Barbetti, Nguyen Lam Tung, Olga Chernomor,
Heiko Schmidt, Dominik Schrempf, Michael Woodhams, Ly Trong Nhan, Thomas Wong

Host:    morpheus-OptiPlex-5050 (AVX2, FMA3, 503 GB RAM)
Command: iqtree2 -s per_gene_alignments_codon/LOC101404355_.aln.fna -m MFP -T 1 -B 1000 --prefix per_gene_alignments_codon/LOC101404355_.aln
Seed:    569811 (Using SPRNG - Scalable Parallel Random Number Generator)
Time:    Thu Oct 30 21:36:47 2025
Kernel:  AVX+FMA - 1 threads (72 CPU cores detected)

HINT: Use -nt option to specify number of threads because your CPU has 72 cores!
HINT: -nt AUTO will automatically determine the best number of threads to use.

Reading alignment file per_gene_alignments_codon/LOC101404355_.aln.fna ... Fasta format detected
Reading fasta file: done in 0.000307083 secs
Alignment most likely contains DNA/RNA sequences
Alignment has 7 sequences with 996 columns, 92 distinct patterns
96 parsimony-informative, 101 singleton sites, 799 constant sites
                     Gap/Ambiguity  Composition  p-value
Analyzing sequences: done in 1.38283e-05 secs
   1  Ceratotherium_simum    0.00%    passed     85.68%
   2  Diceros_bicornis       0.00%    passed     92.24%
   3  Equus_asinus           0.00%    passed     77.03%
   4  Equus_quagga           0.00%    passed     75.96%
   5  Equus_caballus         0.00%    passed     77.50%
   6  Canis_lupus            0.00%    passed     73.85%
   7  Bos_taurus             0.00%    passed     83.02%
****  TOTAL                  0.00%  0 sequences failed composition chi2 test (p-value<5%; df=3)


Create initial parsimony tree by phylogenetic likelihood library (PLL)... 0.000 seconds
Perform fast likelihood tree search using GTR+I+G model...
Estimate model parameters (epsilon = 5.000)
Perform nearest neighbor interchange...
Estimate model parameters (epsilon = 1.000)
1. Initial log-likelihood: -2544.943
Optimal log-likelihood: -2544.869
Rate parameters:  A-C: 1.34626  A-G: 4.34414  A-T: 0.74934  C-G: 1.03209  C-T: 3.80183  G-T: 1.00000
Base frequencies:  A: 0.244  C: 0.240  G: 0.275  T: 0.241
Proportion of invariable sites: 0.400
Gamma shape alpha: 1.450
Parameters optimization took 1 rounds (0.036 sec)
Time for fast ML tree search: 0.084 seconds

NOTE: ModelFinder requires 0 MB RAM!
ModelFinder will test up to 484 DNA models (sample size: 996) ...
 No. Model         -LnL         df  AIC          AICc         BIC
  1  GTR+F         2559.781     19  5157.561     5158.340     5250.732
  2  GTR+F+I       2544.711     20  5129.422     5130.284     5227.497
  3  GTR+F+G4      2544.833     20  5129.666     5130.527     5227.741
  4  GTR+F+I+G4    2544.872     21  5131.744     5132.693     5234.723
  5  GTR+F+R2      2545.630     21  5133.261     5134.209     5236.239
  6  GTR+F+R3      2544.971     23  5135.943     5137.079     5248.729
 14  GTR+F+I+R2    2544.776     22  5133.552     5134.592     5241.434
 15  GTR+F+I+R3    2544.848     24  5137.696     5138.932     5255.386
 24  SYM+I         2545.941     17  5125.882     5126.508     5209.246
 25  SYM+G4        2546.049     17  5126.097     5126.723     5209.461
 26  SYM+I+G4      2546.090     18  5128.181     5128.881     5216.448
 27  SYM+R2        2546.870     18  5129.740     5130.441     5218.008
 46  TVM+F+I       2544.934     19  5127.868     5128.647     5221.039
 47  TVM+F+G4      2545.058     19  5128.115     5128.894     5221.286
 48  TVM+F+I+G4    2545.097     20  5130.195     5131.056     5228.270
 49  TVM+F+R2      2545.862     20  5131.725     5132.586     5229.800
 68  TVMe+I        2546.569     16  5125.137     5125.693     5203.597
 69  TVMe+G4       2546.679     16  5125.358     5125.914     5203.818
 70  TVMe+I+G4     2546.719     17  5127.438     5128.064     5210.802
 71  TVMe+R2       2547.510     17  5129.020     5129.645     5212.383
 90  TIM3+F+I      2545.194     18  5126.388     5127.088     5214.655
 91  TIM3+F+G4     2545.307     18  5126.613     5127.313     5214.881
 92  TIM3+F+I+G4   2545.347     19  5128.695     5129.473     5221.866
 93  TIM3+F+R2     2546.106     19  5130.211     5130.990     5223.383
112  TIM3e+I       2546.435     15  5122.869     5123.359     5196.426
113  TIM3e+G4      2546.548     15  5123.097     5123.586     5196.653
114  TIM3e+I+G4    2546.591     16  5125.182     5125.738     5203.642
115  TIM3e+R2      2547.354     16  5126.708     5127.264     5205.168
134  TIM2+F+I      2545.851     18  5127.702     5128.402     5215.969
135  TIM2+F+G4     2545.989     18  5127.978     5128.679     5216.246
136  TIM2+F+I+G4   2546.028     19  5130.057     5130.836     5223.228
137  TIM2+F+R2     2546.788     19  5131.576     5132.355     5224.748
156  TIM2e+I       2547.061     15  5124.122     5124.612     5197.678
157  TIM2e+G4      2547.184     15  5124.369     5124.859     5197.925
158  TIM2e+I+G4    2547.230     16  5126.459     5127.015     5204.919
159  TIM2e+R2      2548.002     16  5128.005     5128.561     5206.465
178  TIM+F+I       2545.423     18  5126.846     5127.546     5215.113
179  TIM+F+G4      2545.571     18  5127.142     5127.842     5215.410
180  TIM+F+I+G4    2545.609     19  5129.217     5129.996     5222.388
181  TIM+F+R2      2546.460     19  5130.921     5131.699     5224.092
200  TIMe+I        2546.647     15  5123.295     5123.785     5196.851
201  TIMe+G4       2546.795     15  5123.590     5124.080     5197.146
202  TIMe+I+G4     2546.836     16  5125.673     5126.229     5204.133
203  TIMe+R2       2547.600     16  5127.200     5127.756     5205.660
222  TPM3u+F+I     2545.424     17  5124.847     5125.473     5208.211
223  TPM3u+F+G4    2545.536     17  5125.072     5125.698     5208.436
224  TPM3u+F+I+G4  2545.576     18  5127.151     5127.852     5215.419
225  TPM3u+F+R2    2546.336     18  5128.672     5129.372     5216.939
244  TPM3+I        2547.064     14  5122.128     5122.556     5190.781
245  TPM3+G4       2547.177     14  5122.354     5122.783     5191.007
246  TPM3+I+G4     2547.219     15  5124.439     5124.929     5197.995
247  TPM3+R2       2547.994     15  5125.988     5126.477     5199.544
266  TPM2u+F+I     2546.084     17  5126.168     5126.794     5209.532
267  TPM2u+F+G4    2546.223     17  5126.445     5127.071     5209.809
268  TPM2u+F+I+G4  2546.261     18  5128.522     5129.222     5216.790
269  TPM2u+F+R2    2547.026     18  5130.052     5130.752     5218.319
288  TPM2+I        2547.704     14  5123.409     5123.837     5192.061
289  TPM2+G4       2547.828     14  5123.656     5124.084     5192.309
290  TPM2+I+G4     2547.870     15  5125.740     5126.230     5199.296
291  TPM2+R2       2548.656     15  5127.311     5127.801     5200.867
310  K3Pu+F+I      2545.653     17  5125.307     5125.932     5208.670
311  K3Pu+F+G4     2545.803     17  5125.606     5126.232     5208.970
312  K3Pu+F+I+G4   2545.840     18  5127.680     5128.381     5215.948
313  K3Pu+F+R2     2546.603     18  5129.206     5129.906     5217.473
332  K3P+I         2547.281     14  5122.562     5122.990     5191.215
333  K3P+G4        2547.431     14  5122.861     5123.289     5191.513
334  K3P+I+G4      2547.470     15  5124.940     5125.430     5198.496
335  K3P+R2        2548.248     15  5126.496     5126.985     5200.052
354  TN+F+I        2545.857     17  5125.714     5126.340     5209.078
355  TN+F+G4       2545.991     17  5125.982     5126.608     5209.346
356  TN+F+I+G4     2546.031     18  5128.062     5128.762     5216.330
357  TN+F+R2       2546.782     18  5129.565     5130.265     5217.832
376  TNe+I         2547.083     14  5122.166     5122.594     5190.818
377  TNe+G4        2547.217     14  5122.435     5122.863     5191.087
378  TNe+I+G4      2547.261     15  5124.521     5125.011     5198.078
379  TNe+R2        2548.016     15  5126.032     5126.521     5199.588
398  HKY+F+I       2546.091     16  5124.182     5124.738     5202.642
399  HKY+F+G4      2546.226     16  5124.451     5125.007     5202.911
400  HKY+F+I+G4    2546.265     17  5126.529     5127.155     5209.893
401  HKY+F+R2      2547.023     17  5128.046     5128.672     5211.410
420  K2P+I         2547.722     13  5121.444     5121.815     5185.193
421  K2P+G4        2547.855     13  5121.710     5122.081     5185.459
422  K2P+I+G4      2547.897     14  5123.793     5124.221     5192.445
423  K2P+R2        2548.671     14  5125.341     5125.770     5193.994
442  F81+F+I       2592.802     15  5215.604     5216.094     5289.160
443  F81+F+G4      2593.042     15  5216.084     5216.574     5289.640
444  F81+F+I+G4    2593.027     16  5218.055     5218.610     5296.515
445  F81+F+R2      2593.932     16  5219.865     5220.420     5298.325
464  JC+I          2594.767     12  5213.534     5213.852     5272.379
465  JC+G4         2595.010     12  5214.020     5214.337     5272.865
466  JC+I+G4       2594.995     13  5215.990     5216.361     5279.739
467  JC+R2         2595.901     13  5217.801     5218.172     5281.550
Akaike Information Criterion:           K2P+I
Corrected Akaike Information Criterion: K2P+I
Bayesian Information Criterion:         K2P+I
Best-fit model: K2P+I chosen according to BIC

All model information printed to per_gene_alignments_codon/LOC101404355_.aln.model.gz
CPU time for ModelFinder: 1.269 seconds (0h:0m:1s)
Wall-clock time for ModelFinder: 3.666 seconds (0h:0m:3s)
Generating 1000 samples for ultrafast bootstrap (seed: 569811)...

NOTE: 0 MB RAM (0 GB) is required!
Estimate model parameters (epsilon = 0.100)
1. Initial log-likelihood: -2547.722
Optimal log-likelihood: -2547.722
Rate parameters:  A-C: 1.00000  A-G: 3.97688  A-T: 1.00000  C-G: 1.00000  C-T: 3.97688  G-T: 1.00000
Base frequencies:  A: 0.250  C: 0.250  G: 0.250  T: 0.250
Proportion of invariable sites: 0.582
Parameters optimization took 1 rounds (0.001 sec)
Wrote distance file to... 
Computing ML distances based on estimated model parameters...
Calculating distance matrix: done in 0.000190973 secs using 99.49% CPU
Computing ML distances took 0.000233 sec (of wall-clock time) 0.000237 sec (of CPU time)
Setting up auxiliary I and S matrices: done in 4.19617e-05 secs using 157.3% CPU
Computing RapidNJ tree took 0.000127 sec (of wall-clock time) 0.000199 sec (of CPU time)
Log-likelihood of RapidNJ tree: -2548.413
--------------------------------------------------------------------
|             INITIALIZING CANDIDATE TREE SET                      |
--------------------------------------------------------------------
Generating 98 parsimony trees... 0.114 second
Computing log-likelihood of 39 initial trees ... 0.024 seconds
Current best score: -2547.722

Do NNI search on 20 best initial trees
Estimate model parameters (epsilon = 0.100)
BETTER TREE FOUND at iteration 1: -2547.722
Iteration 10 / LogL: -2547.800 / Time: 0h:0m:3s
Iteration 20 / LogL: -2547.739 / Time: 0h:0m:4s
Finish initializing candidate tree set (1)
Current best tree score: -2547.722 / CPU time: 0.369
Number of iterations: 20
--------------------------------------------------------------------
|               OPTIMIZING CANDIDATE TREE SET                      |
--------------------------------------------------------------------
Iteration 30 / LogL: -2547.741 / Time: 0h:0m:4s (0h:0m:1s left)
UPDATE BEST LOG-LIKELIHOOD: -2547.722
Iteration 40 / LogL: -2547.722 / Time: 0h:0m:4s (0h:0m:1s left)
Iteration 50 / LogL: -2547.722 / Time: 0h:0m:4s (0h:0m:1s left)
Log-likelihood cutoff on original alignment: -2558.795
Iteration 60 / LogL: -2547.726 / Time: 0h:0m:5s (0h:0m:0s left)
UPDATE BEST LOG-LIKELIHOOD: -2547.721
Iteration 70 / LogL: -2547.721 / Time: 0h:0m:5s (0h:0m:0s left)
UPDATE BEST LOG-LIKELIHOOD: -2547.721
Iteration 80 / LogL: -2547.741 / Time: 0h:0m:5s (0h:0m:0s left)
Iteration 90 / LogL: -2547.721 / Time: 0h:0m:5s (0h:0m:0s left)
Iteration 100 / LogL: -2547.724 / Time: 0h:0m:5s (0h:0m:0s left)
Log-likelihood cutoff on original alignment: -2559.112
NOTE: Bootstrap correlation coefficient of split occurrence frequencies: 1.000
TREE SEARCH COMPLETED AFTER 102 ITERATIONS / Time: 0h:0m:5s

--------------------------------------------------------------------
|                    FINALIZING TREE SEARCH                        |
--------------------------------------------------------------------
Performs final model parameters optimization
Estimate model parameters (epsilon = 0.010)
1. Initial log-likelihood: -2547.721
Optimal log-likelihood: -2547.721
Rate parameters:  A-C: 1.00000  A-G: 3.97688  A-T: 1.00000  C-G: 1.00000  C-T: 3.97688  G-T: 1.00000
Base frequencies:  A: 0.250  C: 0.250  G: 0.250  T: 0.250
Proportion of invariable sites: 0.582
Parameters optimization took 1 rounds (0.001 sec)
BEST SCORE FOUND : -2547.721
Creating bootstrap support values...
Split supports printed to NEXUS file per_gene_alignments_codon/LOC101404355_.aln.splits.nex
Total tree length: 0.279

Total number of iterations: 102
CPU time used for tree search: 0.975 sec (0h:0m:0s)
Wall-clock time used for tree search: 2.211 sec (0h:0m:2s)
Total CPU time used: 2.311 sec (0h:0m:2s)
Total wall-clock time used: 6.062 sec (0h:0m:6s)

Computing bootstrap consensus tree...
Reading input file per_gene_alignments_codon/LOC101404355_.aln.splits.nex...
7 taxa and 15 splits.
Consensus tree written to per_gene_alignments_codon/LOC101404355_.aln.contree
Reading input trees file per_gene_alignments_codon/LOC101404355_.aln.contree
Log-likelihood of consensus tree: -2547.724

Analysis results written to: 
  IQ-TREE report:                per_gene_alignments_codon/LOC101404355_.aln.iqtree
  Maximum-likelihood tree:       per_gene_alignments_codon/LOC101404355_.aln.treefile
  Likelihood distances:          per_gene_alignments_codon/LOC101404355_.aln.mldist

Ultrafast bootstrap approximation results written to:
  Split support values:          per_gene_alignments_codon/LOC101404355_.aln.splits.nex
  Consensus tree:                per_gene_alignments_codon/LOC101404355_.aln.contree
  Screen log file:               per_gene_alignments_codon/LOC101404355_.aln.log

Date and Time: Thu Oct 30 21:36:54 2025
