IQ-TREE multicore version 2.3.3 COVID-edition for Linux x86 64-bit built Apr 25 2024
Developed by Bui Quang Minh, James Barbetti, Nguyen Lam Tung, Olga Chernomor,
Heiko Schmidt, Dominik Schrempf, Michael Woodhams, Ly Trong Nhan, Thomas Wong

Host:    morpheus-OptiPlex-5050 (AVX2, FMA3, 503 GB RAM)
Command: iqtree2 -s per_gene_alignments_codon/LOC101400672_.aln.fna -m MFP -T 1 -B 1000 --prefix per_gene_alignments_codon/LOC101400672_.aln
Seed:    921813 (Using SPRNG - Scalable Parallel Random Number Generator)
Time:    Thu Oct 30 21:34:16 2025
Kernel:  AVX+FMA - 1 threads (72 CPU cores detected)

HINT: Use -nt option to specify number of threads because your CPU has 72 cores!
HINT: -nt AUTO will automatically determine the best number of threads to use.

Reading alignment file per_gene_alignments_codon/LOC101400672_.aln.fna ... Fasta format detected
Reading fasta file: done in 0.000655174 secs
Alignment most likely contains DNA/RNA sequences
Alignment has 7 sequences with 2343 columns, 106 distinct patterns
109 parsimony-informative, 201 singleton sites, 2033 constant sites
                     Gap/Ambiguity  Composition  p-value
Analyzing sequences: done in 2.09808e-05 secs
   1  Ceratotherium_simum    0.30%    passed     98.38%
   2  Diceros_bicornis       0.00%    passed     96.22%
   3  Equus_asinus           0.00%    passed     96.52%
   4  Equus_quagga           0.00%    passed     94.62%
   5  Equus_caballus         0.00%    passed     99.39%
   6  Canis_lupus            0.00%    passed     77.31%
   7  Bos_taurus             0.00%    passed     67.63%
****  TOTAL                  0.04%  0 sequences failed composition chi2 test (p-value<5%; df=3)


Create initial parsimony tree by phylogenetic likelihood library (PLL)... 0.000 seconds
Perform fast likelihood tree search using GTR+I+G model...
Estimate model parameters (epsilon = 5.000)
Perform nearest neighbor interchange...
Estimate model parameters (epsilon = 1.000)
1. Initial log-likelihood: -5030.951
Optimal log-likelihood: -5030.867
Rate parameters:  A-C: 0.85971  A-G: 4.81735  A-T: 0.64845  C-G: 1.03677  C-T: 6.66149  G-T: 1.00000
Base frequencies:  A: 0.175  C: 0.347  G: 0.315  T: 0.163
Proportion of invariable sites: 0.429
Gamma shape alpha: 0.470
Parameters optimization took 1 rounds (0.031 sec)
Time for fast ML tree search: 0.080 seconds

NOTE: ModelFinder requires 0 MB RAM!
ModelFinder will test up to 484 DNA models (sample size: 2343) ...
 No. Model         -LnL         df  AIC          AICc         BIC
  1  GTR+F         5070.460     19  10178.920    10179.247    10288.345
  2  GTR+F+I       5030.746     20  10101.493    10101.854    10216.676
  3  GTR+F+G4      5030.753     20  10101.506    10101.868    10216.690
  4  GTR+F+I+G4    5030.851     21  10103.702    10104.100    10224.645
  5  GTR+F+R2      5031.814     21  10105.629    10106.027    10226.571
  6  GTR+F+R3      5031.245     23  10108.490    10108.966    10240.951
 14  GTR+F+I+R2    5031.059     22  10106.118    10106.554    10232.820
 15  GTR+F+I+R3    5030.890     24  10109.780    10110.298    10248.001
 24  SYM+I         5159.930     17  10353.860    10354.123    10451.766
 25  SYM+G4        5159.911     17  10353.822    10354.085    10451.728
 26  SYM+I+G4      5159.886     18  10355.772    10356.066    10459.437
 27  SYM+R2        5160.669     18  10357.338    10357.632    10461.004
 46  TVM+F+I       5032.315     19  10102.630    10102.957    10212.055
 47  TVM+F+G4      5032.327     19  10102.654    10102.981    10212.079
 48  TVM+F+I+G4    5032.646     20  10105.291    10105.653    10220.475
 49  TVM+F+R2      5033.689     20  10107.378    10107.740    10222.562
 68  TVMe+I        5161.553     16  10355.105    10355.339    10447.252
 69  TVMe+G4       5161.590     16  10355.180    10355.414    10447.327
 70  TVMe+I+G4     5161.679     17  10357.358    10357.622    10455.265
 71  TVMe+R2       5162.513     17  10359.027    10359.290    10456.933
 90  TIM3+F+I      5031.164     18  10098.328    10098.622    10201.993
 91  TIM3+F+G4     5031.162     18  10098.324    10098.619    10201.990
 92  TIM3+F+I+G4   5031.262     19  10100.524    10100.851    10209.948
 93  TIM3+F+R2     5032.232     19  10102.464    10102.791    10211.888
112  TIM3e+I       5164.527     15  10359.053    10359.259    10445.441
113  TIM3e+G4      5164.469     15  10358.938    10359.144    10445.326
114  TIM3e+I+G4    5164.408     16  10360.815    10361.049    10452.962
115  TIM3e+R2      5165.155     16  10362.311    10362.545    10454.458
134  TIM2+F+I      5030.878     18  10097.756    10098.050    10201.421
135  TIM2+F+G4     5030.885     18  10097.770    10098.065    10201.436
136  TIM2+F+I+G4   5030.996     19  10099.991    10100.318    10209.416
137  TIM2+F+R2     5031.956     19  10101.912    10102.239    10211.337
156  TIM2e+I       5164.195     15  10358.390    10358.596    10444.778
157  TIM2e+G4      5164.204     15  10358.408    10358.614    10444.795
158  TIM2e+I+G4    5164.246     16  10360.492    10360.726    10452.639
159  TIM2e+R2      5165.060     16  10362.119    10362.353    10454.266
178  TIM+F+I       5031.153     18  10098.307    10098.601    10201.972
179  TIM+F+G4      5031.164     18  10098.328    10098.622    10201.993
180  TIM+F+I+G4    5031.291     19  10100.583    10100.910    10210.007
181  TIM+F+R2      5032.261     19  10102.522    10102.849    10211.947
200  TIMe+I        5166.376     15  10362.752    10362.958    10449.140
201  TIMe+G4       5166.420     15  10362.841    10363.047    10449.229
202  TIMe+I+G4     5166.518     16  10365.035    10365.269    10457.182
203  TIMe+R2       5167.388     16  10366.776    10367.009    10458.923
222  TPM3u+F+I     5032.664     17  10099.328    10099.591    10197.234
223  TPM3u+F+G4    5032.686     17  10099.373    10099.636    10197.279
224  TPM3u+F+I+G4  5033.006     18  10102.011    10102.305    10205.676
225  TPM3u+F+R2    5034.158     18  10104.316    10104.610    10207.981
244  TPM3+I        5166.226     14  10360.452    10360.633    10441.081
245  TPM3+G4       5166.245     14  10360.490    10360.671    10441.119
246  TPM3+I+G4     5166.297     15  10362.594    10362.801    10448.982
247  TPM3+R2       5167.110     15  10364.221    10364.427    10450.609
266  TPM2u+F+I     5032.478     17  10098.955    10099.218    10196.861
267  TPM2u+F+G4    5032.500     17  10099.000    10099.263    10196.906
268  TPM2u+F+I+G4  5032.824     18  10101.649    10101.943    10205.314
269  TPM2u+F+R2    5033.970     18  10103.939    10104.234    10207.605
288  TPM2+I        5165.695     14  10359.391    10359.571    10440.019
289  TPM2+G4       5165.749     14  10359.497    10359.678    10440.126
290  TPM2+I+G4     5165.893     15  10361.786    10361.992    10448.174
291  TPM2+R2       5166.745     15  10363.490    10363.697    10449.878
310  K3Pu+F+I      5032.698     17  10099.396    10099.659    10197.302
311  K3Pu+F+G4     5032.720     17  10099.441    10099.704    10197.347
312  K3Pu+F+I+G4   5033.072     18  10102.144    10102.438    10205.809
313  K3Pu+F+R2     5034.237     18  10104.475    10104.769    10208.140
332  K3P+I         5167.953     14  10363.905    10364.086    10444.534
333  K3P+G4        5168.040     14  10364.079    10364.260    10444.708
334  K3P+I+G4      5168.273     15  10366.546    10366.752    10452.933
335  K3P+R2        5169.175     15  10368.349    10368.556    10454.737
354  TN+F+I        5031.284     17  10096.568    10096.831    10194.474
355  TN+F+G4       5031.286     17  10096.573    10096.836    10194.479
356  TN+F+I+G4     5031.379     18  10098.758    10099.052    10202.423
357  TN+F+R2       5032.310     18  10100.620    10100.914    10204.285
376  TNe+I         5168.489     14  10364.978    10365.158    10445.606
377  TNe+G4        5168.479     14  10364.958    10365.138    10445.587
378  TNe+I+G4      5168.481     15  10366.962    10367.168    10453.350
379  TNe+R2        5169.269     15  10368.538    10368.745    10454.926
398  HKY+F+I       5032.814     16  10097.628    10097.862    10189.775
399  HKY+F+G4      5032.832     16  10097.665    10097.899    10189.812
400  HKY+F+I+G4    5033.139     17  10100.277    10100.540    10198.183
401  HKY+F+R2      5034.260     17  10102.520    10102.783    10200.426
420  K2P+I         5170.054     13  10366.107    10366.263    10440.977
421  K2P+G4        5170.095     13  10366.190    10366.347    10441.060
422  K2P+I+G4      5170.211     14  10368.422    10368.602    10449.050
423  K2P+R2        5171.065     14  10370.129    10370.310    10450.758
442  F81+F+I       5150.520     15  10331.039    10331.245    10417.427
443  F81+F+G4      5150.766     15  10331.532    10331.739    10417.920
444  F81+F+I+G4    5151.094     16  10334.187    10334.421    10426.334
445  F81+F+R2      5152.054     16  10336.108    10336.342    10428.255
464  JC+I          5265.977     12  10555.953    10556.087    10625.064
465  JC+G4         5266.232     12  10556.463    10556.597    10625.573
466  JC+I+G4       5266.473     13  10558.946    10559.102    10633.815
467  JC+R2         5267.570     13  10561.141    10561.297    10636.010
Akaike Information Criterion:           TN+F+I
Corrected Akaike Information Criterion: TN+F+I
Bayesian Information Criterion:         HKY+F+I
Best-fit model: HKY+F+I chosen according to BIC

All model information printed to per_gene_alignments_codon/LOC101400672_.aln.model.gz
CPU time for ModelFinder: 2.723 seconds (0h:0m:2s)
Wall-clock time for ModelFinder: 6.439 seconds (0h:0m:6s)
Generating 1000 samples for ultrafast bootstrap (seed: 921813)...

NOTE: 0 MB RAM (0 GB) is required!
Estimate model parameters (epsilon = 0.100)
1. Initial log-likelihood: -5032.814
Optimal log-likelihood: -5032.811
Rate parameters:  A-C: 1.00000  A-G: 6.23610  A-T: 1.00000  C-G: 1.00000  C-T: 6.23610  G-T: 1.00000
Base frequencies:  A: 0.175  C: 0.347  G: 0.315  T: 0.163
Proportion of invariable sites: 0.742
Parameters optimization took 1 rounds (0.013 sec)
Wrote distance file to... 
Computing ML distances based on estimated model parameters...
Calculating distance matrix: done in 0.000176907 secs using 98.92% CPU
Computing ML distances took 0.000223 sec (of wall-clock time) 0.000228 sec (of CPU time)
Setting up auxiliary I and S matrices: done in 3.98159e-05 secs using 190.9% CPU
Computing RapidNJ tree took 0.000123 sec (of wall-clock time) 0.000244 sec (of CPU time)
Log-likelihood of RapidNJ tree: -5032.814
--------------------------------------------------------------------
|             INITIALIZING CANDIDATE TREE SET                      |
--------------------------------------------------------------------
Generating 99 parsimony trees... 0.082 second
Computing log-likelihood of 41 initial trees ... 0.028 seconds
Current best score: -5032.811

Do NNI search on 20 best initial trees
Estimate model parameters (epsilon = 0.100)
BETTER TREE FOUND at iteration 1: -5032.811
Iteration 10 / LogL: -5032.815 / Time: 0h:0m:6s
Iteration 20 / LogL: -5032.920 / Time: 0h:0m:6s
Finish initializing candidate tree set (1)
Current best tree score: -5032.811 / CPU time: 0.243
Number of iterations: 20
--------------------------------------------------------------------
|               OPTIMIZING CANDIDATE TREE SET                      |
--------------------------------------------------------------------
UPDATE BEST LOG-LIKELIHOOD: -5032.811
Iteration 30 / LogL: -5032.814 / Time: 0h:0m:6s (0h:0m:1s left)
UPDATE BEST LOG-LIKELIHOOD: -5032.811
UPDATE BEST LOG-LIKELIHOOD: -5032.811
Iteration 40 / LogL: -5032.822 / Time: 0h:0m:7s (0h:0m:1s left)
Iteration 50 / LogL: -5032.813 / Time: 0h:0m:7s (0h:0m:0s left)
Log-likelihood cutoff on original alignment: -5048.419
Iteration 60 / LogL: -5032.811 / Time: 0h:0m:7s (0h:0m:0s left)
Iteration 70 / LogL: -5032.838 / Time: 0h:0m:7s (0h:0m:0s left)
Iteration 80 / LogL: -5032.811 / Time: 0h:0m:8s (0h:0m:0s left)
Iteration 90 / LogL: -5032.813 / Time: 0h:0m:8s (0h:0m:0s left)
Iteration 100 / LogL: -5032.933 / Time: 0h:0m:8s (0h:0m:0s left)
Log-likelihood cutoff on original alignment: -5048.429
NOTE: Bootstrap correlation coefficient of split occurrence frequencies: 1.000
TREE SEARCH COMPLETED AFTER 102 ITERATIONS / Time: 0h:0m:8s

--------------------------------------------------------------------
|                    FINALIZING TREE SEARCH                        |
--------------------------------------------------------------------
Performs final model parameters optimization
Estimate model parameters (epsilon = 0.010)
1. Initial log-likelihood: -5032.811
Optimal log-likelihood: -5032.810
Rate parameters:  A-C: 1.00000  A-G: 6.22763  A-T: 1.00000  C-G: 1.00000  C-T: 6.22763  G-T: 1.00000
Base frequencies:  A: 0.175  C: 0.347  G: 0.315  T: 0.163
Proportion of invariable sites: 0.743
Parameters optimization took 1 rounds (0.001 sec)
BEST SCORE FOUND : -5032.810
Creating bootstrap support values...
Split supports printed to NEXUS file per_gene_alignments_codon/LOC101400672_.aln.splits.nex
Total tree length: 0.202

Total number of iterations: 102
CPU time used for tree search: 0.942 sec (0h:0m:0s)
Wall-clock time used for tree search: 2.114 sec (0h:0m:2s)
Total CPU time used: 3.732 sec (0h:0m:3s)
Total wall-clock time used: 8.694 sec (0h:0m:8s)

Computing bootstrap consensus tree...
Reading input file per_gene_alignments_codon/LOC101400672_.aln.splits.nex...
7 taxa and 15 splits.
Consensus tree written to per_gene_alignments_codon/LOC101400672_.aln.contree
Reading input trees file per_gene_alignments_codon/LOC101400672_.aln.contree
Log-likelihood of consensus tree: -5032.814

Analysis results written to: 
  IQ-TREE report:                per_gene_alignments_codon/LOC101400672_.aln.iqtree
  Maximum-likelihood tree:       per_gene_alignments_codon/LOC101400672_.aln.treefile
  Likelihood distances:          per_gene_alignments_codon/LOC101400672_.aln.mldist

Ultrafast bootstrap approximation results written to:
  Split support values:          per_gene_alignments_codon/LOC101400672_.aln.splits.nex
  Consensus tree:                per_gene_alignments_codon/LOC101400672_.aln.contree
  Screen log file:               per_gene_alignments_codon/LOC101400672_.aln.log

Date and Time: Thu Oct 30 21:34:26 2025
