IQ-TREE multicore version 2.3.3 COVID-edition for Linux x86 64-bit built Apr 25 2024
Developed by Bui Quang Minh, James Barbetti, Nguyen Lam Tung, Olga Chernomor,
Heiko Schmidt, Dominik Schrempf, Michael Woodhams, Ly Trong Nhan, Thomas Wong

Host:    morpheus-OptiPlex-5050 (AVX2, FMA3, 503 GB RAM)
Command: iqtree2 -s per_gene_alignments_codon/LOC101404243_.aln.fna -m MFP -T 1 -B 1000 --prefix per_gene_alignments_codon/LOC101404243_.aln
Seed:    697409 (Using SPRNG - Scalable Parallel Random Number Generator)
Time:    Thu Oct 30 21:36:42 2025
Kernel:  AVX+FMA - 1 threads (72 CPU cores detected)

HINT: Use -nt option to specify number of threads because your CPU has 72 cores!
HINT: -nt AUTO will automatically determine the best number of threads to use.

Reading alignment file per_gene_alignments_codon/LOC101404243_.aln.fna ... Fasta format detected
Reading fasta file: done in 0.000590086 secs
Alignment most likely contains DNA/RNA sequences
Alignment has 7 sequences with 2124 columns, 187 distinct patterns
292 parsimony-informative, 400 singleton sites, 1432 constant sites
                     Gap/Ambiguity  Composition  p-value
Analyzing sequences: done in 1.90735e-05 secs
   1  Ceratotherium_simum    0.42%    passed     90.63%
   2  Diceros_bicornis       0.00%    passed     97.61%
   3  Equus_asinus           0.00%    passed     95.52%
   4  Equus_quagga           0.00%    passed     95.24%
   5  Equus_caballus         0.00%    passed     94.50%
   6  Canis_lupus            0.00%    passed     77.87%
   7  Bos_taurus             0.00%    passed     57.07%
****  TOTAL                  0.06%  0 sequences failed composition chi2 test (p-value<5%; df=3)


Create initial parsimony tree by phylogenetic likelihood library (PLL)... 0.000 seconds
Perform fast likelihood tree search using GTR+I+G model...
Estimate model parameters (epsilon = 5.000)
Perform nearest neighbor interchange...
Estimate model parameters (epsilon = 1.000)
1. Initial log-likelihood: -6672.710
Optimal log-likelihood: -6672.696
Rate parameters:  A-C: 2.15864  A-G: 5.83359  A-T: 1.09409  C-G: 1.51028  C-T: 4.41067  G-T: 1.00000
Base frequencies:  A: 0.239  C: 0.256  G: 0.292  T: 0.213
Proportion of invariable sites: 0.334
Gamma shape alpha: 3.217
Parameters optimization took 1 rounds (0.032 sec)
Time for fast ML tree search: 0.187 seconds

NOTE: ModelFinder requires 1 MB RAM!
ModelFinder will test up to 484 DNA models (sample size: 2124) ...
 No. Model         -LnL         df  AIC          AICc         BIC
  1  GTR+F         6705.351     19  13448.702    13449.063    13556.262
  2  GTR+F+I       6674.126     20  13388.253    13388.652    13501.474
  3  GTR+F+G4      6671.847     20  13383.695    13384.094    13496.916
  4  GTR+F+I+G4    6672.684     21  13387.368    13387.807    13506.250
  5  GTR+F+R2      6673.026     21  13388.052    13388.492    13506.934
  6  GTR+F+R3      6671.885     23  13389.770    13390.295    13519.974
 14  GTR+F+I+R2    6672.764     22  13389.528    13390.010    13514.071
 15  GTR+F+I+R3    6672.438     24  13392.875    13393.447    13528.741
 24  SYM+I         6691.654     17  13417.308    13417.599    13513.546
 25  SYM+G4        6689.743     17  13413.486    13413.777    13509.724
 26  SYM+I+G4      6690.382     18  13416.764    13417.089    13518.663
 46  TVM+F+I       6677.248     19  13392.496    13392.858    13500.056
 47  TVM+F+G4      6675.091     19  13388.183    13388.544    13495.743
 48  TVM+F+I+G4    6675.925     20  13391.850    13392.249    13505.071
 68  TVMe+I        6699.314     16  13430.627    13430.885    13521.204
 69  TVMe+G4       6697.339     16  13426.678    13426.936    13517.255
 70  TVMe+I+G4     6698.087     17  13430.174    13430.465    13526.412
 90  TIM3+F+I      6676.147     18  13388.293    13388.618    13490.192
 91  TIM3+F+G4     6674.158     18  13384.315    13384.640    13486.215
 92  TIM3+F+I+G4   6674.845     19  13387.691    13388.052    13495.251
112  TIM3e+I       6692.304     15  13414.607    13414.835    13499.523
113  TIM3e+G4      6690.530     15  13411.059    13411.287    13495.975
114  TIM3e+I+G4    6691.096     16  13414.192    13414.450    13504.769
134  TIM2+F+I      6682.319     18  13400.639    13400.964    13502.538
135  TIM2+F+G4     6680.099     18  13396.198    13396.523    13498.097
136  TIM2+F+I+G4   6680.831     19  13399.661    13400.022    13507.221
156  TIM2e+I       6704.109     15  13438.219    13438.446    13523.135
157  TIM2e+G4      6702.345     15  13434.690    13434.918    13519.606
158  TIM2e+I+G4    6702.867     16  13437.733    13437.991    13528.310
178  TIM+F+I       6683.332     18  13402.663    13402.988    13504.562
179  TIM+F+G4      6681.372     18  13398.744    13399.069    13500.643
180  TIM+F+I+G4    6681.979     19  13401.957    13402.318    13509.517
200  TIMe+I        6703.988     15  13437.976    13438.204    13522.892
201  TIMe+G4       6702.328     15  13434.656    13434.883    13519.571
202  TIMe+I+G4     6702.796     16  13437.593    13437.851    13528.170
222  TPM3u+F+I     6679.281     17  13392.562    13392.852    13488.800
223  TPM3u+F+G4    6677.356     17  13388.712    13389.003    13484.950
224  TPM3u+F+I+G4  6678.051     18  13392.102    13392.427    13494.001
244  TPM3+I        6700.012     14  13428.024    13428.223    13507.278
245  TPM3+G4       6698.134     14  13424.269    13424.468    13503.523
246  TPM3+I+G4     6698.820     15  13427.640    13427.868    13512.556
266  TPM2u+F+I     6685.332     17  13404.664    13404.955    13500.902
267  TPM2u+F+G4    6683.298     17  13400.596    13400.886    13496.834
268  TPM2u+F+I+G4  6683.991     18  13403.982    13404.307    13505.881
288  TPM2+I        6711.772     14  13451.544    13451.743    13530.799
289  TPM2+G4       6710.084     14  13448.167    13448.366    13527.422
290  TPM2+I+G4     6710.651     15  13451.301    13451.529    13536.217
310  K3Pu+F+I      6686.299     17  13406.599    13406.889    13502.837
311  K3Pu+F+G4     6684.485     17  13402.970    13403.261    13499.208
312  K3Pu+F+I+G4   6685.070     18  13406.140    13406.465    13508.039
332  K3P+I         6711.659     14  13451.318    13451.517    13530.573
333  K3P+G4        6710.056     14  13448.111    13448.310    13527.366
334  K3P+I+G4      6710.579     15  13451.157    13451.385    13536.073
354  TN+F+I        6683.904     17  13401.808    13402.099    13498.046
355  TN+F+G4       6681.979     17  13397.957    13398.248    13494.195
356  TN+F+I+G4     6682.570     18  13401.139    13401.464    13503.039
376  TNe+I         6704.405     14  13436.811    13437.010    13516.066
377  TNe+G4        6702.767     14  13433.535    13433.734    13512.789
378  TNe+I+G4      6703.229     15  13436.457    13436.685    13521.373
398  HKY+F+I       6686.910     16  13405.820    13406.078    13496.397
399  HKY+F+G4      6685.113     16  13402.225    13402.483    13492.802
400  HKY+F+I+G4    6685.691     17  13405.382    13405.673    13501.620
420  K2P+I         6712.101     13  13450.203    13450.375    13523.797
421  K2P+G4        6710.507     13  13447.014    13447.186    13520.608
422  K2P+I+G4      6711.026     14  13450.052    13450.251    13529.307
442  F81+F+I       6818.037     15  13666.074    13666.302    13750.990
443  F81+F+G4      6817.044     15  13664.088    13664.316    13749.004
444  F81+F+I+G4    6817.540     16  13667.079    13667.338    13757.656
464  JC+I          6842.830     12  13709.660    13709.808    13777.593
465  JC+G4         6842.008     12  13708.017    13708.164    13775.949
466  JC+I+G4       6842.416     13  13710.833    13711.005    13784.426
Akaike Information Criterion:           GTR+F+G4
Corrected Akaike Information Criterion: GTR+F+G4
Bayesian Information Criterion:         TPM3u+F+G4
Best-fit model: TPM3u+F+G4 chosen according to BIC

All model information printed to per_gene_alignments_codon/LOC101404243_.aln.model.gz
CPU time for ModelFinder: 0.542 seconds (0h:0m:0s)
Wall-clock time for ModelFinder: 1.081 seconds (0h:0m:1s)
Generating 1000 samples for ultrafast bootstrap (seed: 697409)...

NOTE: 0 MB RAM (0 GB) is required!
Estimate model parameters (epsilon = 0.100)
1. Initial log-likelihood: -6677.356
Optimal log-likelihood: -6677.349
Rate parameters:  A-C: 1.74699  A-G: 4.95709  A-T: 1.00000  C-G: 1.74699  C-T: 4.95709  G-T: 1.00000
Base frequencies:  A: 0.239  C: 0.256  G: 0.292  T: 0.213
Gamma shape alpha: 0.749
Parameters optimization took 1 rounds (0.002 sec)
Wrote distance file to... 
Computing ML distances based on estimated model parameters...
Calculating distance matrix: done in 0.000377893 secs using 99.76% CPU
Computing ML distances took 0.000443 sec (of wall-clock time) 0.000448 sec (of CPU time)
Setting up auxiliary I and S matrices: done in 4.1008e-05 secs using 197.5% CPU
Computing RapidNJ tree took 0.000131 sec (of wall-clock time) 0.000260 sec (of CPU time)
Log-likelihood of RapidNJ tree: -6677.349
--------------------------------------------------------------------
|             INITIALIZING CANDIDATE TREE SET                      |
--------------------------------------------------------------------
Generating 99 parsimony trees... 0.088 second
Computing log-likelihood of 47 initial trees ... 0.068 seconds
Current best score: -6677.349

Do NNI search on 20 best initial trees
Estimate model parameters (epsilon = 0.100)
BETTER TREE FOUND at iteration 1: -6677.349
Iteration 10 / LogL: -6677.359 / Time: 0h:0m:1s
Iteration 20 / LogL: -6677.384 / Time: 0h:0m:1s
Finish initializing candidate tree set (1)
Current best tree score: -6677.349 / CPU time: 0.475
Number of iterations: 20
--------------------------------------------------------------------
|               OPTIMIZING CANDIDATE TREE SET                      |
--------------------------------------------------------------------
UPDATE BEST LOG-LIKELIHOOD: -6677.349
Iteration 30 / LogL: -6677.609 / Time: 0h:0m:1s (0h:0m:1s left)
UPDATE BEST LOG-LIKELIHOOD: -6677.349
Iteration 40 / LogL: -6677.428 / Time: 0h:0m:2s (0h:0m:1s left)
Iteration 50 / LogL: -6677.387 / Time: 0h:0m:2s (0h:0m:1s left)
Log-likelihood cutoff on original alignment: -6687.272
Iteration 60 / LogL: -6677.353 / Time: 0h:0m:2s (0h:0m:0s left)
Iteration 70 / LogL: -6677.419 / Time: 0h:0m:2s (0h:0m:0s left)
UPDATE BEST LOG-LIKELIHOOD: -6677.349
Iteration 80 / LogL: -6677.349 / Time: 0h:0m:2s (0h:0m:0s left)
Iteration 90 / LogL: -6677.374 / Time: 0h:0m:2s (0h:0m:0s left)
Iteration 100 / LogL: -6677.409 / Time: 0h:0m:2s (0h:0m:0s left)
Log-likelihood cutoff on original alignment: -6687.790
NOTE: Bootstrap correlation coefficient of split occurrence frequencies: 1.000
TREE SEARCH COMPLETED AFTER 102 ITERATIONS / Time: 0h:0m:3s

--------------------------------------------------------------------
|                    FINALIZING TREE SEARCH                        |
--------------------------------------------------------------------
Performs final model parameters optimization
Estimate model parameters (epsilon = 0.010)
1. Initial log-likelihood: -6677.349
Optimal log-likelihood: -6677.349
Rate parameters:  A-C: 1.74696  A-G: 4.95670  A-T: 1.00000  C-G: 1.74696  C-T: 4.95670  G-T: 1.00000
Base frequencies:  A: 0.239  C: 0.256  G: 0.292  T: 0.213
Gamma shape alpha: 0.748
Parameters optimization took 1 rounds (0.002 sec)
BEST SCORE FOUND : -6677.349
Creating bootstrap support values...
Split supports printed to NEXUS file per_gene_alignments_codon/LOC101404243_.aln.splits.nex
Total tree length: 0.520

Total number of iterations: 102
CPU time used for tree search: 1.444 sec (0h:0m:1s)
Wall-clock time used for tree search: 1.893 sec (0h:0m:1s)
Total CPU time used: 2.054 sec (0h:0m:2s)
Total wall-clock time used: 3.124 sec (0h:0m:3s)

Computing bootstrap consensus tree...
Reading input file per_gene_alignments_codon/LOC101404243_.aln.splits.nex...
7 taxa and 15 splits.
Consensus tree written to per_gene_alignments_codon/LOC101404243_.aln.contree
Reading input trees file per_gene_alignments_codon/LOC101404243_.aln.contree
Log-likelihood of consensus tree: -6677.349

Analysis results written to: 
  IQ-TREE report:                per_gene_alignments_codon/LOC101404243_.aln.iqtree
  Maximum-likelihood tree:       per_gene_alignments_codon/LOC101404243_.aln.treefile
  Likelihood distances:          per_gene_alignments_codon/LOC101404243_.aln.mldist

Ultrafast bootstrap approximation results written to:
  Split support values:          per_gene_alignments_codon/LOC101404243_.aln.splits.nex
  Consensus tree:                per_gene_alignments_codon/LOC101404243_.aln.contree
  Screen log file:               per_gene_alignments_codon/LOC101404243_.aln.log

Date and Time: Thu Oct 30 21:36:46 2025
