IQ-TREE multicore version 2.3.3 COVID-edition for Linux x86 64-bit built Apr 25 2024
Developed by Bui Quang Minh, James Barbetti, Nguyen Lam Tung, Olga Chernomor,
Heiko Schmidt, Dominik Schrempf, Michael Woodhams, Ly Trong Nhan, Thomas Wong

Host:    morpheus-OptiPlex-5050 (AVX2, FMA3, 503 GB RAM)
Command: iqtree2 -s per_gene_alignments_codon/LOC101398200_.aln.fna -m MFP -T 1 -B 1000 --prefix per_gene_alignments_codon/LOC101398200_.aln
Seed:    773527 (Using SPRNG - Scalable Parallel Random Number Generator)
Time:    Thu Oct 30 21:32:31 2025
Kernel:  AVX+FMA - 1 threads (72 CPU cores detected)

HINT: Use -nt option to specify number of threads because your CPU has 72 cores!
HINT: -nt AUTO will automatically determine the best number of threads to use.

Reading alignment file per_gene_alignments_codon/LOC101398200_.aln.fna ... Fasta format detected
Reading fasta file: done in 0.000368118 secs
Alignment most likely contains DNA/RNA sequences
Alignment has 7 sequences with 1131 columns, 81 distinct patterns
75 parsimony-informative, 111 singleton sites, 945 constant sites
                     Gap/Ambiguity  Composition  p-value
Analyzing sequences: done in 1.50204e-05 secs
   1  Ceratotherium_simum    0.27%    passed     90.91%
   2  Diceros_bicornis       0.27%    passed     87.54%
   3  Equus_asinus           0.00%    passed     89.26%
   4  Equus_quagga           0.00%    passed     89.26%
   5  Equus_caballus         0.00%    passed     89.98%
   6  Canis_lupus            0.00%    passed     82.18%
   7  Bos_taurus             0.53%    failed      2.68%
****  TOTAL                  0.15%  1 sequences failed composition chi2 test (p-value<5%; df=3)
NOTE: Equus_quagga is identical to Equus_asinus but kept for subsequent analysis


Create initial parsimony tree by phylogenetic likelihood library (PLL)... 0.000 seconds
Perform fast likelihood tree search using GTR+I+G model...
Estimate model parameters (epsilon = 5.000)
Perform nearest neighbor interchange...
Estimate model parameters (epsilon = 1.000)
1. Initial log-likelihood: -2599.982
Optimal log-likelihood: -2599.871
Rate parameters:  A-C: 1.28498  A-G: 5.58226  A-T: 0.32304  C-G: 1.53603  C-T: 10.41503  G-T: 1.00000
Base frequencies:  A: 0.245  C: 0.270  G: 0.271  T: 0.215
Proportion of invariable sites: 0.410
Gamma shape alpha: 0.468
Parameters optimization took 1 rounds (0.004 sec)
Time for fast ML tree search: 0.042 seconds

NOTE: ModelFinder requires 0 MB RAM!
ModelFinder will test up to 484 DNA models (sample size: 1131) ...
 No. Model         -LnL         df  AIC          AICc         BIC
  1  GTR+F         2626.477     19  5290.953     5291.637     5386.540
  2  GTR+F+I       2599.701     20  5239.402     5240.159     5340.019
  3  GTR+F+G4      2599.721     20  5239.442     5240.199     5340.059
  4  GTR+F+I+G4    2599.849     21  5241.698     5242.531     5347.346
  5  GTR+F+R2      2600.756     21  5243.511     5244.344     5349.159
  6  GTR+F+R3      2600.251     23  5246.503     5247.500     5362.212
 14  GTR+F+I+R2    2599.987     22  5243.975     5244.888     5354.654
 15  GTR+F+I+R3    2599.896     24  5247.791     5248.876     5368.532
 24  SYM+I         2608.763     17  5251.526     5252.076     5337.051
 25  SYM+G4        2608.751     17  5251.501     5252.051     5337.026
 26  SYM+I+G4      2608.809     18  5253.619     5254.234     5344.174
 27  SYM+R2        2609.656     18  5255.312     5255.927     5345.868
 46  TVM+F+I       2603.512     19  5245.024     5245.709     5340.611
 47  TVM+F+G4      2603.518     19  5245.037     5245.721     5340.623
 48  TVM+F+I+G4    2603.620     20  5247.240     5247.997     5347.857
 49  TVM+F+R2      2604.491     20  5248.983     5249.740     5349.600
 68  TVMe+I        2611.596     16  5255.192     5255.681     5335.686
 69  TVMe+G4       2611.569     16  5255.138     5255.626     5335.632
 70  TVMe+I+G4     2611.606     17  5257.213     5257.763     5342.737
 71  TVMe+R2       2612.397     17  5258.794     5259.344     5344.319
 90  TIM3+F+I      2600.690     18  5237.380     5237.995     5327.935
 91  TIM3+F+G4     2600.744     18  5237.488     5238.103     5328.044
 92  TIM3+F+I+G4   2600.949     19  5239.898     5240.582     5335.485
 93  TIM3+F+R2     2601.927     19  5241.853     5242.537     5337.440
112  TIM3e+I       2610.064     15  5250.129     5250.559     5325.592
113  TIM3e+G4      2610.094     15  5250.188     5250.618     5325.650
114  TIM3e+I+G4    2610.235     16  5252.470     5252.958     5332.963
115  TIM3e+R2      2611.154     16  5254.309     5254.797     5334.803
134  TIM2+F+I      2601.554     18  5239.108     5239.724     5329.664
135  TIM2+F+G4     2601.570     18  5239.140     5239.755     5329.695
136  TIM2+F+I+G4   2601.658     19  5241.317     5242.001     5336.903
137  TIM2+F+R2     2602.583     19  5243.165     5243.849     5338.751
156  TIM2e+I       2611.767     15  5253.533     5253.964     5328.996
157  TIM2e+G4      2611.752     15  5253.505     5253.935     5328.968
158  TIM2e+I+G4    2611.768     16  5255.537     5256.025     5336.030
159  TIM2e+R2      2612.506     16  5257.013     5257.501     5337.506
178  TIM+F+I       2602.281     18  5240.562     5241.177     5331.118
179  TIM+F+G4      2602.322     18  5240.644     5241.259     5331.200
180  TIM+F+I+G4    2602.461     19  5242.922     5243.606     5338.508
181  TIM+F+R2      2603.419     19  5244.839     5245.523     5340.425
200  TIMe+I        2612.786     15  5255.572     5256.003     5331.035
201  TIMe+G4       2612.804     15  5255.609     5256.039     5331.071
202  TIMe+I+G4     2612.878     16  5257.757     5258.245     5338.251
203  TIMe+R2       2613.666     16  5259.332     5259.820     5339.826
222  TPM3u+F+I     2604.543     17  5243.085     5243.635     5328.610
223  TPM3u+F+G4    2604.577     17  5243.155     5243.705     5328.679
224  TPM3u+F+I+G4  2604.777     18  5245.555     5246.170     5336.110
225  TPM3u+F+R2    2605.733     18  5247.467     5248.082     5338.022
244  TPM3+I        2612.949     14  5253.898     5254.275     5324.330
245  TPM3+G4       2612.974     14  5253.948     5254.324     5324.380
246  TPM3+I+G4     2613.115     15  5256.229     5256.660     5331.692
247  TPM3+R2       2613.988     15  5257.976     5258.407     5333.439
266  TPM2u+F+I     2605.212     17  5244.425     5244.974     5329.949
267  TPM2u+F+G4    2605.227     17  5244.454     5245.004     5329.979
268  TPM2u+F+I+G4  2605.339     18  5246.679     5247.294     5337.234
269  TPM2u+F+R2    2606.182     18  5248.365     5248.980     5338.920
288  TPM2+I        2614.344     14  5256.688     5257.064     5327.120
289  TPM2+G4       2614.339     14  5256.678     5257.054     5327.110
290  TPM2+I+G4     2614.377     15  5258.755     5259.185     5334.218
291  TPM2+R2       2615.112     15  5260.225     5260.655     5335.687
310  K3Pu+F+I      2606.003     17  5246.006     5246.556     5331.531
311  K3Pu+F+G4     2606.040     17  5246.080     5246.630     5331.605
312  K3Pu+F+I+G4   2606.218     18  5248.437     5249.052     5338.992
313  K3Pu+F+R2     2607.096     18  5250.192     5250.807     5340.747
332  K3P+I         2615.447     14  5258.893     5259.269     5329.325
333  K3P+G4        2615.474     14  5258.948     5259.324     5329.380
334  K3P+I+G4      2615.587     15  5261.174     5261.604     5336.637
335  K3P+R2        2616.376     15  5262.751     5263.182     5338.214
354  TN+F+I        2602.293     17  5238.585     5239.135     5324.110
355  TN+F+G4       2602.331     17  5238.663     5239.213     5324.188
356  TN+F+I+G4     2602.463     18  5240.927     5241.542     5331.482
357  TN+F+R2       2603.414     18  5242.828     5243.443     5333.383
376  TNe+I         2612.807     14  5253.613     5253.989     5324.045
377  TNe+G4        2612.820     14  5253.640     5254.017     5324.072
378  TNe+I+G4      2612.891     15  5255.782     5256.212     5331.245
379  TNe+R2        2613.755     15  5257.510     5257.941     5332.973
398  HKY+F+I       2606.022     16  5244.045     5244.533     5324.539
399  HKY+F+G4      2606.054     16  5244.107     5244.595     5324.601
400  HKY+F+I+G4    2606.227     17  5246.453     5247.003     5331.978
401  HKY+F+R2      2607.088     17  5248.176     5248.726     5333.701
420  K2P+I         2615.471     13  5256.942     5257.268     5322.343
421  K2P+G4        2615.495     13  5256.989     5257.315     5322.391
422  K2P+I+G4      2615.601     14  5259.203     5259.579     5329.635
423  K2P+R2        2616.372     14  5260.743     5261.120     5331.175
442  F81+F+I       2681.121     15  5392.242     5392.673     5467.705
443  F81+F+G4      2681.194     15  5392.389     5392.819     5467.852
444  F81+F+I+G4    2681.277     16  5394.554     5395.042     5475.048
445  F81+F+R2      2681.946     16  5395.892     5396.381     5476.386
464  JC+I          2689.107     12  5402.213     5402.492     5462.583
465  JC+G4         2689.191     12  5402.381     5402.660     5462.752
466  JC+I+G4       2689.278     13  5404.556     5404.882     5469.957
467  JC+R2         2690.027     13  5406.055     5406.381     5471.456
Akaike Information Criterion:           TIM3+F+I
Corrected Akaike Information Criterion: TIM3+F+I
Bayesian Information Criterion:         K2P+I
Best-fit model: K2P+I chosen according to BIC

All model information printed to per_gene_alignments_codon/LOC101398200_.aln.model.gz
CPU time for ModelFinder: 1.686 seconds (0h:0m:1s)
Wall-clock time for ModelFinder: 2.768 seconds (0h:0m:2s)
Generating 1000 samples for ultrafast bootstrap (seed: 773527)...

NOTE: 0 MB RAM (0 GB) is required!
Estimate model parameters (epsilon = 0.100)
1. Initial log-likelihood: -2615.471
Optimal log-likelihood: -2615.470
Rate parameters:  A-C: 1.00000  A-G: 6.94549  A-T: 1.00000  C-G: 1.00000  C-T: 6.94549  G-T: 1.00000
Base frequencies:  A: 0.250  C: 0.250  G: 0.250  T: 0.250
Proportion of invariable sites: 0.716
Parameters optimization took 1 rounds (0.001 sec)
Wrote distance file to... 
Computing ML distances based on estimated model parameters...
Calculating distance matrix: done in 0.000159979 secs using 97.51% CPU
Computing ML distances took 0.000210 sec (of wall-clock time) 0.000213 sec (of CPU time)
Setting up auxiliary I and S matrices: done in 4.41074e-05 secs using 192.7% CPU
Computing RapidNJ tree took 0.000146 sec (of wall-clock time) 0.000285 sec (of CPU time)
Log-likelihood of RapidNJ tree: -2615.472
--------------------------------------------------------------------
|             INITIALIZING CANDIDATE TREE SET                      |
--------------------------------------------------------------------
Generating 99 parsimony trees... 0.034 second
Computing log-likelihood of 56 initial trees ... 0.014 seconds
Current best score: -2615.470

Do NNI search on 20 best initial trees
Estimate model parameters (epsilon = 0.100)
BETTER TREE FOUND at iteration 1: -2615.470
UPDATE BEST LOG-LIKELIHOOD: -2615.470
Iteration 10 / LogL: -2615.470 / Time: 0h:0m:2s
Iteration 20 / LogL: -2615.471 / Time: 0h:0m:2s
Finish initializing candidate tree set (2)
Current best tree score: -2615.470 / CPU time: 0.129
Number of iterations: 20
--------------------------------------------------------------------
|               OPTIMIZING CANDIDATE TREE SET                      |
--------------------------------------------------------------------
UPDATE BEST LOG-LIKELIHOOD: -2615.470
Iteration 30 / LogL: -2615.471 / Time: 0h:0m:3s (0h:0m:0s left)
Iteration 40 / LogL: -2615.471 / Time: 0h:0m:3s (0h:0m:0s left)
Iteration 50 / LogL: -2615.472 / Time: 0h:0m:3s (0h:0m:0s left)
Log-likelihood cutoff on original alignment: -2641.569
Iteration 60 / LogL: -2615.471 / Time: 0h:0m:3s (0h:0m:0s left)
Iteration 70 / LogL: -2615.471 / Time: 0h:0m:3s (0h:0m:0s left)
Iteration 80 / LogL: -2615.470 / Time: 0h:0m:3s (0h:0m:0s left)
Iteration 90 / LogL: -2641.333 / Time: 0h:0m:3s (0h:0m:0s left)
Iteration 100 / LogL: -2615.471 / Time: 0h:0m:3s (0h:0m:0s left)
Log-likelihood cutoff on original alignment: -2641.569
NOTE: Bootstrap correlation coefficient of split occurrence frequencies: 0.999
TREE SEARCH COMPLETED AFTER 102 ITERATIONS / Time: 0h:0m:3s

--------------------------------------------------------------------
|                    FINALIZING TREE SEARCH                        |
--------------------------------------------------------------------
Performs final model parameters optimization
Estimate model parameters (epsilon = 0.010)
1. Initial log-likelihood: -2615.470
Optimal log-likelihood: -2615.470
Rate parameters:  A-C: 1.00000  A-G: 6.95438  A-T: 1.00000  C-G: 1.00000  C-T: 6.95438  G-T: 1.00000
Base frequencies:  A: 0.250  C: 0.250  G: 0.250  T: 0.250
Proportion of invariable sites: 0.716
Parameters optimization took 1 rounds (0.001 sec)
BEST SCORE FOUND : -2615.470
Creating bootstrap support values...
Split supports printed to NEXUS file per_gene_alignments_codon/LOC101398200_.aln.splits.nex
Total tree length: 0.271

Total number of iterations: 102
CPU time used for tree search: 0.995 sec (0h:0m:0s)
Wall-clock time used for tree search: 1.086 sec (0h:0m:1s)
Total CPU time used: 2.757 sec (0h:0m:2s)
Total wall-clock time used: 3.928 sec (0h:0m:3s)

Computing bootstrap consensus tree...
Reading input file per_gene_alignments_codon/LOC101398200_.aln.splits.nex...
7 taxa and 19 splits.
Consensus tree written to per_gene_alignments_codon/LOC101398200_.aln.contree
Reading input trees file per_gene_alignments_codon/LOC101398200_.aln.contree
Log-likelihood of consensus tree: -2615.476

Analysis results written to: 
  IQ-TREE report:                per_gene_alignments_codon/LOC101398200_.aln.iqtree
  Maximum-likelihood tree:       per_gene_alignments_codon/LOC101398200_.aln.treefile
  Likelihood distances:          per_gene_alignments_codon/LOC101398200_.aln.mldist

Ultrafast bootstrap approximation results written to:
  Split support values:          per_gene_alignments_codon/LOC101398200_.aln.splits.nex
  Consensus tree:                per_gene_alignments_codon/LOC101398200_.aln.contree
  Screen log file:               per_gene_alignments_codon/LOC101398200_.aln.log

Date and Time: Thu Oct 30 21:32:36 2025
