IQ-TREE multicore version 2.3.3 COVID-edition for Linux x86 64-bit built Apr 25 2024
Developed by Bui Quang Minh, James Barbetti, Nguyen Lam Tung, Olga Chernomor,
Heiko Schmidt, Dominik Schrempf, Michael Woodhams, Ly Trong Nhan, Thomas Wong

Host:    morpheus-OptiPlex-5050 (AVX2, FMA3, 503 GB RAM)
Command: iqtree2 -s per_gene_alignments_codon/LOC106802139_.aln.fna -m MFP -T 1 -B 1000 --prefix per_gene_alignments_codon/LOC106802139_.aln
Seed:    537956 (Using SPRNG - Scalable Parallel Random Number Generator)
Time:    Thu Oct 30 21:40:10 2025
Kernel:  AVX+FMA - 1 threads (72 CPU cores detected)

HINT: Use -nt option to specify number of threads because your CPU has 72 cores!
HINT: -nt AUTO will automatically determine the best number of threads to use.

Reading alignment file per_gene_alignments_codon/LOC106802139_.aln.fna ... Fasta format detected
Reading fasta file: done in 0.000613928 secs using 49.68% CPU
Alignment most likely contains DNA/RNA sequences
Alignment has 7 sequences with 2109 columns, 122 distinct patterns
237 parsimony-informative, 287 singleton sites, 1585 constant sites
                     Gap/Ambiguity  Composition  p-value
Analyzing sequences: done in 2.09808e-05 secs
   1  Ceratotherium_simum    0.00%    passed     92.39%
   2  Diceros_bicornis       0.00%    passed     99.21%
   3  Equus_asinus           0.00%    passed     59.00%
   4  Equus_quagga           0.00%    passed     59.24%
   5  Equus_caballus         0.00%    passed     76.22%
   6  Canis_lupus            0.00%    failed      2.88%
   7  Bos_taurus             0.00%    passed     28.58%
****  TOTAL                  0.00%  1 sequences failed composition chi2 test (p-value<5%; df=3)


Create initial parsimony tree by phylogenetic likelihood library (PLL)... 0.000 seconds
Perform fast likelihood tree search using GTR+I+G model...
Estimate model parameters (epsilon = 5.000)
Perform nearest neighbor interchange...
Estimate model parameters (epsilon = 1.000)
1. Initial log-likelihood: -5647.642
Optimal log-likelihood: -5647.288
Rate parameters:  A-C: 2.89993  A-G: 14.01615  A-T: 1.29155  C-G: 2.10443  C-T: 9.68097  G-T: 1.00000
Base frequencies:  A: 0.135  C: 0.347  G: 0.340  T: 0.178
Proportion of invariable sites: 0.367
Gamma shape alpha: 0.914
Parameters optimization took 1 rounds (0.003 sec)
Time for fast ML tree search: 0.068 seconds

NOTE: ModelFinder requires 0 MB RAM!
ModelFinder will test up to 484 DNA models (sample size: 2109) ...
 No. Model         -LnL         df  AIC          AICc         BIC
  1  GTR+F         5701.105     19  11440.210    11440.574    11547.636
  2  GTR+F+I       5647.284     20  11334.569    11334.971    11447.648
  3  GTR+F+G4      5646.869     20  11333.737    11334.140    11446.817
  4  GTR+F+I+G4    5647.180     21  11336.360    11336.802    11455.093
  5  GTR+F+R2      5647.159     21  11336.318    11336.761    11455.052
  6  GTR+F+R3      5646.778     23  11339.555    11340.085    11469.596
 14  GTR+F+I+R2    5646.814     22  11337.629    11338.114    11462.016
 15  GTR+F+I+R3    5646.847     24  11341.694    11342.269    11477.389
 24  SYM+I         5867.636     17  11769.271    11769.564    11865.389
 25  SYM+G4        5865.595     17  11765.190    11765.482    11861.307
 26  SYM+I+G4      5865.890     18  11767.779    11768.107    11869.551
 27  SYM+R2        5867.068     18  11770.135    11770.463    11871.907
 46  TVM+F+I       5649.608     19  11337.215    11337.579    11444.641
 47  TVM+F+G4      5649.969     19  11337.939    11338.303    11445.364
 48  TVM+F+I+G4    5650.379     20  11340.758    11341.160    11453.837
 49  TVM+F+R2      5649.679     20  11339.359    11339.761    11452.438
 68  TVMe+I        5867.941     16  11767.882    11768.142    11858.345
 69  TVMe+G4       5865.879     16  11763.759    11764.019    11854.222
 70  TVMe+I+G4     5866.148     17  11766.296    11766.589    11862.413
 71  TVMe+R2       5867.386     17  11768.772    11769.064    11864.889
 90  TIM3+F+I      5648.360     18  11332.721    11333.048    11434.492
 91  TIM3+F+G4     5647.904     18  11331.808    11332.135    11433.579
 92  TIM3+F+I+G4   5648.186     19  11334.373    11334.736    11441.798
 93  TIM3+F+R2     5648.247     19  11334.495    11334.859    11441.920
112  TIM3e+I       5873.414     15  11776.828    11777.057    11861.637
113  TIM3e+G4      5871.665     15  11773.331    11773.560    11858.140
114  TIM3e+I+G4    5871.916     16  11775.833    11776.093    11866.296
115  TIM3e+R2      5872.912     16  11777.824    11778.084    11868.287
134  TIM2+F+I      5652.254     18  11340.509    11340.836    11442.280
135  TIM2+F+G4     5652.346     18  11340.691    11341.019    11442.463
136  TIM2+F+I+G4   5652.913     19  11343.827    11344.191    11451.252
137  TIM2+F+R2     5652.210     19  11342.419    11342.783    11449.844
156  TIM2e+I       5888.528     15  11807.057    11807.286    11891.866
157  TIM2e+G4      5887.398     15  11804.796    11805.025    11889.605
158  TIM2e+I+G4    5887.525     16  11807.049    11807.309    11897.513
159  TIM2e+R2      5888.264     16  11808.527    11808.787    11898.991
178  TIM+F+I       5653.121     18  11342.241    11342.569    11444.013
179  TIM+F+G4      5653.184     18  11342.369    11342.696    11444.140
180  TIM+F+I+G4    5653.647     19  11345.295    11345.659    11452.720
181  TIM+F+R2      5653.117     19  11344.233    11344.597    11451.659
200  TIMe+I        5884.723     15  11799.445    11799.675    11884.255
201  TIMe+G4       5883.587     15  11797.174    11797.403    11881.984
202  TIMe+I+G4     5883.682     16  11799.363    11799.623    11889.827
203  TIMe+R2       5884.457     16  11800.914    11801.174    11891.378
222  TPM3u+F+I     5650.632     17  11335.265    11335.558    11431.382
223  TPM3u+F+G4    5650.895     17  11335.791    11336.083    11431.908
224  TPM3u+F+I+G4  5651.233     18  11338.466    11338.793    11440.238
225  TPM3u+F+R2    5650.707     18  11337.413    11337.741    11439.185
244  TPM3+I        5873.674     14  11775.349    11775.549    11854.504
245  TPM3+G4       5871.895     14  11771.790    11771.991    11850.946
246  TPM3+I+G4     5872.099     15  11774.198    11774.428    11859.008
247  TPM3+R2       5873.188     15  11776.377    11776.606    11861.186
266  TPM2u+F+I     5653.974     17  11341.948    11342.241    11438.066
267  TPM2u+F+G4    5654.999     17  11343.997    11344.290    11440.115
268  TPM2u+F+I+G4  5655.717     18  11347.434    11347.761    11449.205
269  TPM2u+F+R2    5654.095     18  11344.189    11344.516    11445.961
288  TPM2+I        5888.855     14  11805.709    11805.910    11884.865
289  TPM2+G4       5887.779     14  11803.559    11803.759    11882.714
290  TPM2+I+G4     5887.881     15  11805.761    11805.990    11890.571
291  TPM2+R2       5888.622     15  11807.244    11807.473    11892.053
310  K3Pu+F+I      5654.884     17  11343.769    11344.062    11439.886
311  K3Pu+F+G4     5655.792     17  11345.583    11345.876    11441.701
312  K3Pu+F+I+G4   5656.384     18  11348.769    11349.096    11450.540
313  K3Pu+F+R2     5655.042     18  11346.083    11346.410    11447.855
332  K3P+I         5885.014     14  11798.029    11798.229    11877.184
333  K3P+G4        5883.905     14  11795.811    11796.011    11874.966
334  K3P+I+G4      5884.001     15  11798.003    11798.232    11882.812
335  K3P+R2        5884.772     15  11799.545    11799.774    11884.354
354  TN+F+I        5653.329     17  11340.658    11340.951    11436.775
355  TN+F+G4       5653.478     17  11340.955    11341.248    11437.072
356  TN+F+I+G4     5654.014     18  11344.028    11344.355    11445.799
357  TN+F+R2       5653.319     18  11342.637    11342.964    11444.408
376  TNe+I         5892.992     14  11813.984    11814.185    11893.139
377  TNe+G4        5892.170     14  11812.341    11812.541    11891.496
378  TNe+I+G4      5892.252     15  11814.505    11814.734    11899.314
379  TNe+R2        5892.845     15  11815.690    11815.920    11900.500
398  HKY+F+I       5654.986     16  11341.972    11342.232    11432.435
399  HKY+F+G4      5655.978     16  11343.956    11344.216    11434.420
400  HKY+F+I+G4    5656.656     17  11347.312    11347.604    11443.429
401  HKY+F+R2      5655.128     17  11344.256    11344.549    11440.373
420  K2P+I         5893.272     13  11812.543    11812.717    11886.045
421  K2P+G4        5892.493     13  11810.986    11811.160    11884.488
422  K2P+I+G4      5892.560     14  11813.121    11813.321    11892.276
423  K2P+R2        5893.142     14  11814.284    11814.484    11893.439
442  F81+F+I       5842.216     15  11714.433    11714.662    11799.242
443  F81+F+G4      5842.780     15  11715.560    11715.789    11800.370
444  F81+F+I+G4    5842.646     16  11717.293    11717.553    11807.756
445  F81+F+R2      5842.419     16  11716.839    11717.099    11807.302
464  JC+I          6024.265     12  12072.530    12072.678    12140.377
465  JC+G4         6024.226     12  12072.452    12072.601    12140.300
466  JC+I+G4       6024.189     13  12074.378    12074.552    12147.879
467  JC+R2         6024.363     13  12074.726    12074.900    12148.228
Akaike Information Criterion:           TIM3+F+G4
Corrected Akaike Information Criterion: TIM3+F+G4
Bayesian Information Criterion:         TPM3u+F+I
Best-fit model: TPM3u+F+I chosen according to BIC

All model information printed to per_gene_alignments_codon/LOC106802139_.aln.model.gz
CPU time for ModelFinder: 1.306 seconds (0h:0m:1s)
Wall-clock time for ModelFinder: 2.486 seconds (0h:0m:2s)
Generating 1000 samples for ultrafast bootstrap (seed: 537956)...

NOTE: 0 MB RAM (0 GB) is required!
Estimate model parameters (epsilon = 0.100)
1. Initial log-likelihood: -5650.632
Optimal log-likelihood: -5650.632
Rate parameters:  A-C: 1.96564  A-G: 10.31831  A-T: 1.00000  C-G: 1.96564  C-T: 10.31831  G-T: 1.00000
Base frequencies:  A: 0.135  C: 0.347  G: 0.340  T: 0.178
Proportion of invariable sites: 0.607
Parameters optimization took 1 rounds (0.001 sec)
Wrote distance file to... 
Computing ML distances based on estimated model parameters...
Calculating distance matrix: done in 0.000160933 secs using 97.56% CPU
Computing ML distances took 0.000227 sec (of wall-clock time) 0.000229 sec (of CPU time)
Setting up auxiliary I and S matrices: done in 4.50611e-05 secs using 182% CPU
Computing RapidNJ tree took 0.000134 sec (of wall-clock time) 0.000267 sec (of CPU time)
Log-likelihood of RapidNJ tree: -5651.208
--------------------------------------------------------------------
|             INITIALIZING CANDIDATE TREE SET                      |
--------------------------------------------------------------------
Generating 98 parsimony trees... 0.048 second
Computing log-likelihood of 35 initial trees ... 0.011 seconds
Current best score: -5650.632

Do NNI search on 20 best initial trees
Estimate model parameters (epsilon = 0.100)
BETTER TREE FOUND at iteration 1: -5650.632
Iteration 10 / LogL: -5650.948 / Time: 0h:0m:2s
Iteration 20 / LogL: -5650.737 / Time: 0h:0m:2s
Finish initializing candidate tree set (1)
Current best tree score: -5650.632 / CPU time: 0.193
Number of iterations: 20
--------------------------------------------------------------------
|               OPTIMIZING CANDIDATE TREE SET                      |
--------------------------------------------------------------------
UPDATE BEST LOG-LIKELIHOOD: -5650.632
Iteration 30 / LogL: -5650.632 / Time: 0h:0m:2s (0h:0m:0s left)
WARNING: NNI search needs unusual large number of steps (7) to converge!
Iteration 40 / LogL: -5651.047 / Time: 0h:0m:3s (0h:0m:0s left)
UPDATE BEST LOG-LIKELIHOOD: -5650.632
Iteration 50 / LogL: -5691.355 / Time: 0h:0m:3s (0h:0m:0s left)
Log-likelihood cutoff on original alignment: -5661.351
WARNING: NNI search needs unusual large number of steps (7) to converge!
Iteration 60 / LogL: -5650.660 / Time: 0h:0m:3s (0h:0m:0s left)
Iteration 70 / LogL: -5650.635 / Time: 0h:0m:3s (0h:0m:0s left)
Iteration 80 / LogL: -5650.671 / Time: 0h:0m:3s (0h:0m:0s left)
Iteration 90 / LogL: -5650.633 / Time: 0h:0m:3s (0h:0m:0s left)
WARNING: NNI search needs unusual large number of steps (7) to converge!
WARNING: NNI search needs unusual large number of steps (7) to converge!
Iteration 100 / LogL: -5650.635 / Time: 0h:0m:3s (0h:0m:0s left)
Log-likelihood cutoff on original alignment: -5661.887
NOTE: Bootstrap correlation coefficient of split occurrence frequencies: 1.000
TREE SEARCH COMPLETED AFTER 102 ITERATIONS / Time: 0h:0m:3s

--------------------------------------------------------------------
|                    FINALIZING TREE SEARCH                        |
--------------------------------------------------------------------
Performs final model parameters optimization
Estimate model parameters (epsilon = 0.010)
1. Initial log-likelihood: -5650.632
Optimal log-likelihood: -5650.632
Rate parameters:  A-C: 1.96610  A-G: 10.32624  A-T: 1.00000  C-G: 1.96610  C-T: 10.32624  G-T: 1.00000
Base frequencies:  A: 0.135  C: 0.347  G: 0.340  T: 0.178
Proportion of invariable sites: 0.607
Parameters optimization took 1 rounds (0.001 sec)
BEST SCORE FOUND : -5650.632
Creating bootstrap support values...
Split supports printed to NEXUS file per_gene_alignments_codon/LOC106802139_.aln.splits.nex
Total tree length: 0.454

Total number of iterations: 102
CPU time used for tree search: 1.034 sec (0h:0m:1s)
Wall-clock time used for tree search: 1.391 sec (0h:0m:1s)
Total CPU time used: 2.411 sec (0h:0m:2s)
Total wall-clock time used: 3.947 sec (0h:0m:3s)

Computing bootstrap consensus tree...
Reading input file per_gene_alignments_codon/LOC106802139_.aln.splits.nex...
7 taxa and 15 splits.
Consensus tree written to per_gene_alignments_codon/LOC106802139_.aln.contree
Reading input trees file per_gene_alignments_codon/LOC106802139_.aln.contree
Log-likelihood of consensus tree: -5650.632

Analysis results written to: 
  IQ-TREE report:                per_gene_alignments_codon/LOC106802139_.aln.iqtree
  Maximum-likelihood tree:       per_gene_alignments_codon/LOC106802139_.aln.treefile
  Likelihood distances:          per_gene_alignments_codon/LOC106802139_.aln.mldist

Ultrafast bootstrap approximation results written to:
  Split support values:          per_gene_alignments_codon/LOC106802139_.aln.splits.nex
  Consensus tree:                per_gene_alignments_codon/LOC106802139_.aln.contree
  Screen log file:               per_gene_alignments_codon/LOC106802139_.aln.log

Date and Time: Thu Oct 30 21:40:14 2025
