IQ-TREE multicore version 2.3.3 COVID-edition for Linux x86 64-bit built Apr 25 2024
Developed by Bui Quang Minh, James Barbetti, Nguyen Lam Tung, Olga Chernomor,
Heiko Schmidt, Dominik Schrempf, Michael Woodhams, Ly Trong Nhan, Thomas Wong

Host:    morpheus-OptiPlex-5050 (AVX2, FMA3, 503 GB RAM)
Command: iqtree2 -s per_gene_alignments_codon/LOC101402691_.aln.fna -m MFP -T 1 -B 1000 --prefix per_gene_alignments_codon/LOC101402691_.aln
Seed:    814883 (Using SPRNG - Scalable Parallel Random Number Generator)
Time:    Thu Oct 30 21:35:38 2025
Kernel:  AVX+FMA - 1 threads (72 CPU cores detected)

HINT: Use -nt option to specify number of threads because your CPU has 72 cores!
HINT: -nt AUTO will automatically determine the best number of threads to use.

Reading alignment file per_gene_alignments_codon/LOC101402691_.aln.fna ... Fasta format detected
Reading fasta file: done in 0.00126386 secs
Alignment most likely contains DNA/RNA sequences
Alignment has 7 sequences with 4797 columns, 144 distinct patterns
291 parsimony-informative, 354 singleton sites, 4152 constant sites
                     Gap/Ambiguity  Composition  p-value
Analyzing sequences: done in 2.40803e-05 secs using 87.21% CPU
   1  Ceratotherium_simum    0.00%    passed     83.48%
   2  Diceros_bicornis       0.00%    passed     77.10%
   3  Equus_asinus           0.00%    passed     90.69%
   4  Equus_quagga           0.00%    passed     86.03%
   5  Equus_caballus         0.00%    passed     87.67%
   6  Canis_lupus            0.06%    passed     76.67%
   7  Bos_taurus             0.19%    failed      1.14%
****  TOTAL                  0.04%  1 sequences failed composition chi2 test (p-value<5%; df=3)


Create initial parsimony tree by phylogenetic likelihood library (PLL)... 0.000 seconds
Perform fast likelihood tree search using GTR+I+G model...
Estimate model parameters (epsilon = 5.000)
Perform nearest neighbor interchange...
Estimate model parameters (epsilon = 1.000)
1. Initial log-likelihood: -10235.150
Optimal log-likelihood: -10235.140
Rate parameters:  A-C: 1.03502  A-G: 7.03607  A-T: 1.12929  C-G: 0.42437  C-T: 8.18564  G-T: 1.00000
Base frequencies:  A: 0.177  C: 0.369  G: 0.295  T: 0.159
Proportion of invariable sites: 0.424
Gamma shape alpha: 0.307
Parameters optimization took 1 rounds (0.011 sec)
Time for fast ML tree search: 0.136 seconds

NOTE: ModelFinder requires 0 MB RAM!
ModelFinder will test up to 484 DNA models (sample size: 4797) ...
 No. Model         -LnL         df  AIC          AICc         BIC
  1  GTR+F         10362.610    19  20763.221    20763.380    20886.260
  2  GTR+F+I       10234.628    20  20509.257    20509.433    20638.772
  3  GTR+F+G4      10235.046    20  20510.092    20510.268    20639.607
  4  GTR+F+I+G4    10235.118    21  20512.237    20512.430    20648.227
  5  GTR+F+R2      10234.715    21  20511.431    20511.624    20647.421
  6  GTR+F+R3      10234.690    23  20515.379    20515.611    20664.321
 14  GTR+F+I+R2    10234.743    22  20513.487    20513.699    20655.953
 15  GTR+F+I+R3    10234.787    24  20517.575    20517.826    20672.993
 24  SYM+I         10583.062    17  21200.125    21200.253    21310.212
 25  SYM+G4        10583.291    17  21200.582    21200.710    21310.670
 26  SYM+I+G4      10582.982    18  21201.965    21202.108    21318.528
 27  SYM+R2        10583.231    18  21202.462    21202.606    21319.026
 46  TVM+F+I       10235.100    19  20508.199    20508.358    20631.238
 47  TVM+F+G4      10235.522    19  20509.043    20509.202    20632.082
 48  TVM+F+I+G4    10235.867    20  20511.733    20511.909    20641.248
 49  TVM+F+R2      10235.257    20  20510.514    20510.690    20640.029
 68  TVMe+I        10583.198    16  21198.396    21198.509    21302.008
 69  TVMe+G4       10583.406    16  21198.812    21198.926    21302.424
 70  TVMe+I+G4     10583.197    17  21200.395    21200.523    21310.482
 71  TVMe+R2       10583.210    17  21200.420    21200.548    21310.508
 90  TIM3+F+I      10239.830    18  20515.661    20515.804    20632.224
 91  TIM3+F+G4     10240.337    18  20516.674    20516.817    20633.237
 92  TIM3+F+I+G4   10240.208    19  20518.415    20518.575    20641.455
 93  TIM3+F+R2     10239.920    19  20517.840    20517.999    20640.879
112  TIM3e+I       10583.643    15  21197.285    21197.386    21294.422
113  TIM3e+G4      10583.913    15  21197.825    21197.926    21294.961
114  TIM3e+I+G4    10583.597    16  21199.193    21199.307    21302.805
115  TIM3e+R2      10583.792    16  21199.584    21199.698    21303.196
134  TIM2+F+I      10237.351    18  20510.702    20510.845    20627.265
135  TIM2+F+G4     10237.893    18  20511.787    20511.930    20628.350
136  TIM2+F+I+G4   10238.140    19  20514.280    20514.439    20637.319
137  TIM2+F+R2     10237.501    19  20513.001    20513.161    20636.041
156  TIM2e+I       10584.266    15  21198.532    21198.632    21295.668
157  TIM2e+G4      10584.514    15  21199.028    21199.128    21296.164
158  TIM2e+I+G4    10584.402    16  21200.804    21200.918    21304.416
159  TIM2e+R2      10584.403    16  21200.807    21200.921    21304.419
178  TIM+F+I       10238.029    18  20512.057    20512.201    20628.621
179  TIM+F+G4      10238.517    18  20513.033    20513.176    20629.597
180  TIM+F+I+G4    10238.210    19  20514.419    20514.578    20637.458
181  TIM+F+R2      10238.071    19  20514.142    20514.301    20637.181
200  TIMe+I        10584.113    15  21198.225    21198.326    21295.362
201  TIMe+G4       10584.354    15  21198.708    21198.808    21295.844
202  TIMe+I+G4     10584.149    16  21200.299    21200.413    21303.911
203  TIMe+R2       10584.177    16  21200.355    21200.468    21303.966
222  TPM3u+F+I     10240.320    17  20514.640    20514.768    20624.727
223  TPM3u+F+G4    10240.852    17  20515.704    20515.832    20625.792
224  TPM3u+F+I+G4  10241.005    18  20518.010    20518.153    20634.573
225  TPM3u+F+R2    10240.445    18  20516.890    20517.033    20633.454
244  TPM3+I        10583.745    14  21195.490    21195.578    21286.151
245  TPM3+G4       10584.025    14  21196.049    21196.137    21286.709
246  TPM3+I+G4     10583.787    15  21197.573    21197.674    21294.709
247  TPM3+R2       10583.935    15  21197.870    21197.970    21295.006
266  TPM2u+F+I     10237.771    17  20509.542    20509.670    20619.629
267  TPM2u+F+G4    10238.313    17  20510.626    20510.754    20620.714
268  TPM2u+F+I+G4  10238.788    18  20513.575    20513.718    20630.139
269  TPM2u+F+R2    10237.954    18  20511.907    20512.050    20628.471
288  TPM2+I        10584.352    14  21196.703    21196.791    21287.363
289  TPM2+G4       10584.605    14  21197.209    21197.297    21287.869
290  TPM2+I+G4     10584.518    15  21199.035    21199.136    21296.171
291  TPM2+R2       10584.486    15  21198.971    21199.072    21296.107
310  K3Pu+F+I      10238.507    17  20511.014    20511.142    20621.102
311  K3Pu+F+G4     10239.006    17  20512.013    20512.141    20622.101
312  K3Pu+F+I+G4   10238.967    18  20513.933    20514.077    20630.497
313  K3Pu+F+R2     10238.590    18  20513.180    20513.323    20629.743
332  K3P+I         10584.191    14  21196.382    21196.470    21287.043
333  K3P+G4        10584.441    14  21196.882    21196.970    21287.542
334  K3P+I+G4      10584.293    15  21198.586    21198.686    21295.722
335  K3P+R2        10584.309    15  21198.619    21198.719    21295.755
354  TN+F+I        10241.899    17  20517.797    20517.926    20627.885
355  TN+F+G4       10242.528    17  20519.055    20519.183    20629.143
356  TN+F+I+G4     10242.435    18  20520.871    20521.014    20637.434
357  TN+F+R2       10242.017    18  20520.035    20520.178    20636.598
376  TNe+I         10584.471    14  21196.941    21197.029    21287.602
377  TNe+G4        10584.730    14  21197.460    21197.548    21288.121
378  TNe+I+G4      10584.533    15  21199.067    21199.167    21296.203
379  TNe+R2        10584.574    15  21199.148    21199.248    21296.284
398  HKY+F+I       10242.357    16  20516.714    20516.827    20620.326
399  HKY+F+G4      10243.005    16  20518.010    20518.123    20621.621
400  HKY+F+I+G4    10243.140    17  20520.281    20520.409    20630.369
401  HKY+F+R2      10242.512    17  20519.024    20519.152    20629.112
420  K2P+I         10584.559    13  21195.117    21195.193    21279.302
421  K2P+G4        10584.822    13  21195.643    21195.719    21279.828
422  K2P+I+G4      10584.687    14  21197.374    21197.462    21288.034
423  K2P+R2        10584.669    14  21197.339    21197.427    21287.999
442  F81+F+I       10595.593    15  21221.185    21221.285    21318.321
443  F81+F+G4      10595.927    15  21221.854    21221.955    21318.990
444  F81+F+I+G4    10597.154    16  21226.308    21226.422    21329.920
445  F81+F+R2      10595.930    16  21223.861    21223.974    21327.473
464  JC+I          10884.358    12  21792.716    21792.782    21870.425
465  JC+G4         10884.621    12  21793.242    21793.307    21870.951
466  JC+I+G4       10885.488    13  21796.976    21797.052    21881.161
467  JC+R2         10884.661    13  21795.321    21795.397    21879.506
Akaike Information Criterion:           TVM+F+I
Corrected Akaike Information Criterion: TVM+F+I
Bayesian Information Criterion:         TPM2u+F+I
Best-fit model: TPM2u+F+I chosen according to BIC

All model information printed to per_gene_alignments_codon/LOC101402691_.aln.model.gz
CPU time for ModelFinder: 2.125 seconds (0h:0m:2s)
Wall-clock time for ModelFinder: 4.984 seconds (0h:0m:4s)
Generating 1000 samples for ultrafast bootstrap (seed: 814883)...

NOTE: 0 MB RAM (0 GB) is required!
Estimate model parameters (epsilon = 0.100)
1. Initial log-likelihood: -10237.771
Optimal log-likelihood: -10237.771
Rate parameters:  A-C: 1.84125  A-G: 12.56440  A-T: 1.84125  C-G: 1.00000  C-T: 12.56440  G-T: 1.00000
Base frequencies:  A: 0.177  C: 0.369  G: 0.295  T: 0.159
Proportion of invariable sites: 0.765
Parameters optimization took 1 rounds (0.001 sec)
Wrote distance file to... 
Computing ML distances based on estimated model parameters...
Calculating distance matrix: done in 0.000224113 secs using 98.61% CPU
Computing ML distances took 0.000283 sec (of wall-clock time) 0.000289 sec (of CPU time)
Setting up auxiliary I and S matrices: done in 4.41074e-05 secs using 95.22% CPU
Computing RapidNJ tree took 0.000136 sec (of wall-clock time) 0.000135 sec (of CPU time)
Log-likelihood of RapidNJ tree: -10237.771
--------------------------------------------------------------------
|             INITIALIZING CANDIDATE TREE SET                      |
--------------------------------------------------------------------
Generating 99 parsimony trees... 0.108 second
Computing log-likelihood of 40 initial trees ... 0.029 seconds
Current best score: -10237.771

Do NNI search on 20 best initial trees
Estimate model parameters (epsilon = 0.100)
BETTER TREE FOUND at iteration 1: -10237.771
Iteration 10 / LogL: -10240.214 / Time: 0h:0m:5s
Iteration 20 / LogL: -10239.625 / Time: 0h:0m:5s
Finish initializing candidate tree set (1)
Current best tree score: -10237.771 / CPU time: 0.338
Number of iterations: 20
--------------------------------------------------------------------
|               OPTIMIZING CANDIDATE TREE SET                      |
--------------------------------------------------------------------
UPDATE BEST LOG-LIKELIHOOD: -10237.771
UPDATE BEST LOG-LIKELIHOOD: -10237.771
Iteration 30 / LogL: -10238.095 / Time: 0h:0m:5s (0h:0m:1s left)
UPDATE BEST LOG-LIKELIHOOD: -10237.771
Iteration 40 / LogL: -10237.771 / Time: 0h:0m:5s (0h:0m:1s left)
UPDATE BEST LOG-LIKELIHOOD: -10237.771
Iteration 50 / LogL: -10238.610 / Time: 0h:0m:5s (0h:0m:0s left)
Log-likelihood cutoff on original alignment: -10257.524
Iteration 60 / LogL: -10238.053 / Time: 0h:0m:6s (0h:0m:0s left)
Iteration 70 / LogL: -10237.915 / Time: 0h:0m:6s (0h:0m:0s left)
Iteration 80 / LogL: -10237.771 / Time: 0h:0m:6s (0h:0m:0s left)
Iteration 90 / LogL: -10237.936 / Time: 0h:0m:6s (0h:0m:0s left)
Iteration 100 / LogL: -10237.994 / Time: 0h:0m:6s (0h:0m:0s left)
Log-likelihood cutoff on original alignment: -10257.524
NOTE: Bootstrap correlation coefficient of split occurrence frequencies: 1.000
TREE SEARCH COMPLETED AFTER 102 ITERATIONS / Time: 0h:0m:7s

--------------------------------------------------------------------
|                    FINALIZING TREE SEARCH                        |
--------------------------------------------------------------------
Performs final model parameters optimization
Estimate model parameters (epsilon = 0.010)
1. Initial log-likelihood: -10237.771
Optimal log-likelihood: -10237.771
Rate parameters:  A-C: 1.84006  A-G: 12.56814  A-T: 1.84006  C-G: 1.00000  C-T: 12.56814  G-T: 1.00000
Base frequencies:  A: 0.177  C: 0.369  G: 0.295  T: 0.159
Proportion of invariable sites: 0.766
Parameters optimization took 1 rounds (0.001 sec)
BEST SCORE FOUND : -10237.771
Creating bootstrap support values...
Split supports printed to NEXUS file per_gene_alignments_codon/LOC101402691_.aln.splits.nex
Total tree length: 0.236

Total number of iterations: 102
CPU time used for tree search: 1.057 sec (0h:0m:1s)
Wall-clock time used for tree search: 1.919 sec (0h:0m:1s)
Total CPU time used: 3.256 sec (0h:0m:3s)
Total wall-clock time used: 7.066 sec (0h:0m:7s)

Computing bootstrap consensus tree...
Reading input file per_gene_alignments_codon/LOC101402691_.aln.splits.nex...
7 taxa and 14 splits.
Consensus tree written to per_gene_alignments_codon/LOC101402691_.aln.contree
Reading input trees file per_gene_alignments_codon/LOC101402691_.aln.contree
Log-likelihood of consensus tree: -10237.771

Analysis results written to: 
  IQ-TREE report:                per_gene_alignments_codon/LOC101402691_.aln.iqtree
  Maximum-likelihood tree:       per_gene_alignments_codon/LOC101402691_.aln.treefile
  Likelihood distances:          per_gene_alignments_codon/LOC101402691_.aln.mldist

Ultrafast bootstrap approximation results written to:
  Split support values:          per_gene_alignments_codon/LOC101402691_.aln.splits.nex
  Consensus tree:                per_gene_alignments_codon/LOC101402691_.aln.contree
  Screen log file:               per_gene_alignments_codon/LOC101402691_.aln.log

Date and Time: Thu Oct 30 21:35:46 2025
