IQ-TREE multicore version 2.3.3 COVID-edition for Linux x86 64-bit built Apr 25 2024
Developed by Bui Quang Minh, James Barbetti, Nguyen Lam Tung, Olga Chernomor,
Heiko Schmidt, Dominik Schrempf, Michael Woodhams, Ly Trong Nhan, Thomas Wong

Host:    morpheus-OptiPlex-5050 (AVX2, FMA3, 503 GB RAM)
Command: iqtree2 -s per_gene_alignments_codon/LOC101397287_.aln.fna -m MFP -T 1 -B 1000 --prefix per_gene_alignments_codon/LOC101397287_.aln
Seed:    212431 (Using SPRNG - Scalable Parallel Random Number Generator)
Time:    Thu Oct 30 21:31:56 2025
Kernel:  AVX+FMA - 1 threads (72 CPU cores detected)

HINT: Use -nt option to specify number of threads because your CPU has 72 cores!
HINT: -nt AUTO will automatically determine the best number of threads to use.

Reading alignment file per_gene_alignments_codon/LOC101397287_.aln.fna ... Fasta format detected
Reading fasta file: done in 0.00126195 secs using 49.92% CPU
Alignment most likely contains DNA/RNA sequences
Alignment has 7 sequences with 4743 columns, 132 distinct patterns
148 parsimony-informative, 277 singleton sites, 4318 constant sites
                     Gap/Ambiguity  Composition  p-value
Analyzing sequences: done in 1.97887e-05 secs
   1  Ceratotherium_simum    2.72%    passed     89.20%
   2  Diceros_bicornis       0.57%    passed     88.98%
   3  Equus_asinus           0.00%    passed     98.40%
   4  Equus_quagga           2.40%    passed     99.25%
   5  Equus_caballus         0.00%    passed     99.57%
   6  Canis_lupus            0.38%    passed     92.89%
   7  Bos_taurus             0.38%    passed     82.90%
****  TOTAL                  0.92%  0 sequences failed composition chi2 test (p-value<5%; df=3)


Create initial parsimony tree by phylogenetic likelihood library (PLL)... 0.000 seconds
Perform fast likelihood tree search using GTR+I+G model...
Estimate model parameters (epsilon = 5.000)
Perform nearest neighbor interchange...
Estimate model parameters (epsilon = 1.000)
1. Initial log-likelihood: -9323.146
Optimal log-likelihood: -9323.145
Rate parameters:  A-C: 1.06809  A-G: 3.55552  A-T: 0.87544  C-G: 0.94325  C-T: 6.06878  G-T: 1.00000
Base frequencies:  A: 0.277  C: 0.248  G: 0.232  T: 0.244
Proportion of invariable sites: 0.454
Gamma shape alpha: 0.743
Parameters optimization took 1 rounds (0.002 sec)
Time for fast ML tree search: 0.044 seconds

NOTE: ModelFinder requires 0 MB RAM!
ModelFinder will test up to 484 DNA models (sample size: 4743) ...
 No. Model         -LnL         df  AIC          AICc         BIC
  1  GTR+F         9352.273     19  18742.546    18742.707    18865.370
  2  GTR+F+I       9324.029     20  18688.058    18688.236    18817.347
  3  GTR+F+G4      9323.673     20  18687.346    18687.524    18816.635
  4  GTR+F+I+G4    9323.148     21  18688.297    18688.493    18824.050
  5  GTR+F+R2      9325.302     21  18692.603    18692.799    18828.356
  6  GTR+F+R3      9324.105     23  18694.211    18694.445    18842.893
 14  GTR+F+I+R2    9323.979     22  18691.958    18692.172    18834.175
 15  GTR+F+I+R3    9323.372     24  18694.744    18694.998    18849.890
 24  SYM+I         9334.932     17  18703.863    18703.993    18813.758
 25  SYM+G4        9334.548     17  18703.096    18703.225    18812.991
 26  SYM+I+G4      9334.006     18  18704.012    18704.156    18820.371
 46  TVM+F+I       9332.736     19  18703.472    18703.633    18826.296
 47  TVM+F+G4      9332.536     19  18703.072    18703.233    18825.896
 48  TVM+F+I+G4    9332.132     20  18704.264    18704.442    18833.553
 68  TVMe+I        9342.929     16  18717.858    18717.974    18821.289
 69  TVMe+G4       9342.689     16  18717.378    18717.493    18820.809
 70  TVMe+I+G4     9342.240     17  18718.480    18718.610    18828.376
 90  TIM3+F+I      9324.204     18  18684.409    18684.554    18800.768
 91  TIM3+F+G4     9323.845     18  18683.689    18683.834    18800.049
 92  TIM3+F+I+G4   9323.310     19  18684.621    18684.782    18807.445
112  TIM3e+I       9335.317     15  18700.634    18700.735    18797.600
113  TIM3e+G4      9334.941     15  18699.881    18699.983    18796.848
114  TIM3e+I+G4    9334.407     16  18700.815    18700.930    18804.246
134  TIM2+F+I      9324.367     18  18684.734    18684.878    18801.093
135  TIM2+F+G4     9324.004     18  18684.009    18684.154    18800.369
136  TIM2+F+I+G4   9323.482     19  18684.964    18685.125    18807.788
156  TIM2e+I       9335.290     15  18700.580    18700.681    18797.546
157  TIM2e+G4      9334.914     15  18699.827    18699.929    18796.793
158  TIM2e+I+G4    9334.370     16  18700.740    18700.855    18804.170
178  TIM+F+I       9324.137     18  18684.274    18684.419    18800.634
179  TIM+F+G4      9323.787     18  18683.575    18683.720    18799.934
180  TIM+F+I+G4    9323.259     19  18684.519    18684.680    18807.343
200  TIMe+I        9335.274     15  18700.548    18700.650    18797.514
201  TIMe+G4       9334.899     15  18699.798    18699.899    18796.764
202  TIMe+I+G4     9334.375     16  18700.749    18700.864    18804.180
222  TPM3u+F+I     9332.933     17  18699.866    18699.996    18809.761
223  TPM3u+F+G4    9332.731     17  18699.463    18699.592    18809.358
224  TPM3u+F+I+G4  9332.317     18  18700.634    18700.779    18816.993
244  TPM3+I        9343.344     14  18714.689    18714.777    18805.190
245  TPM3+G4       9343.111     14  18714.221    18714.310    18804.723
246  TPM3+I+G4     9342.679     15  18715.358    18715.460    18812.324
266  TPM2u+F+I     9333.085     17  18700.170    18700.299    18810.065
267  TPM2u+F+G4    9332.883     17  18699.765    18699.895    18809.660
268  TPM2u+F+I+G4  9332.477     18  18700.954    18701.099    18817.314
288  TPM2+I        9343.298     14  18714.596    18714.685    18805.098
289  TPM2+G4       9343.057     14  18714.115    18714.204    18804.617
290  TPM2+I+G4     9342.612     15  18715.224    18715.325    18812.190
310  K3Pu+F+I      9332.848     17  18699.696    18699.825    18809.591
311  K3Pu+F+G4     9332.649     17  18699.299    18699.428    18809.194
312  K3Pu+F+I+G4   9332.245     18  18700.491    18700.636    18816.850
332  K3P+I         9343.282     14  18714.564    18714.653    18805.066
333  K3P+G4        9343.052     14  18714.104    18714.193    18804.606
334  K3P+I+G4      9342.628     15  18715.255    18715.357    18812.222
354  TN+F+I        9324.359     17  18682.719    18682.848    18792.614
355  TN+F+G4       9324.001     17  18682.001    18682.131    18791.896
356  TN+F+I+G4     9323.470     18  18682.941    18683.085    18799.300
376  TNe+I         9335.496     14  18698.992    18699.081    18789.494
377  TNe+G4        9335.120     14  18698.241    18698.330    18788.743
378  TNe+I+G4      9334.592     15  18699.183    18699.285    18796.150
398  HKY+F+I       9333.083     16  18698.166    18698.281    18801.597
399  HKY+F+G4      9332.882     16  18697.765    18697.880    18801.196
400  HKY+F+I+G4    9332.475     17  18698.950    18699.080    18808.846
420  K2P+I         9343.517     13  18713.034    18713.111    18797.072
421  K2P+G4        9343.285     13  18712.570    18712.647    18796.608
422  K2P+I+G4      9342.860     14  18713.720    18713.808    18804.221
442  F81+F+I       9465.079     15  18960.158    18960.259    19057.124
443  F81+F+G4      9464.864     15  18959.729    18959.830    19056.695
444  F81+F+I+G4    9464.692     16  18961.385    18961.500    19064.816
464  JC+I          9474.400     12  18972.801    18972.867    19050.374
465  JC+G4         9474.175     12  18972.351    18972.417    19049.924
466  JC+I+G4       9473.998     13  18973.995    18974.072    19058.033
Akaike Information Criterion:           TN+F+G4
Corrected Akaike Information Criterion: TN+F+G4
Bayesian Information Criterion:         TNe+G4
Best-fit model: TNe+G4 chosen according to BIC

All model information printed to per_gene_alignments_codon/LOC101397287_.aln.model.gz
CPU time for ModelFinder: 0.397 seconds (0h:0m:0s)
Wall-clock time for ModelFinder: 0.968 seconds (0h:0m:0s)
Generating 1000 samples for ultrafast bootstrap (seed: 212431)...

NOTE: 0 MB RAM (0 GB) is required!
Estimate model parameters (epsilon = 0.100)
1. Initial log-likelihood: -9335.120
Optimal log-likelihood: -9335.120
Rate parameters:  A-C: 1.00000  A-G: 3.69488  A-T: 1.00000  C-G: 1.00000  C-T: 6.13090  G-T: 1.00000
Base frequencies:  A: 0.250  C: 0.250  G: 0.250  T: 0.250
Gamma shape alpha: 0.186
Parameters optimization took 1 rounds (0.001 sec)
Wrote distance file to... 
Computing ML distances based on estimated model parameters...
Calculating distance matrix: done in 0.000631094 secs using 99.83% CPU
Computing ML distances took 0.000680 sec (of wall-clock time) 0.000684 sec (of CPU time)
Setting up auxiliary I and S matrices: done in 4.50611e-05 secs using 97.65% CPU
Computing RapidNJ tree took 0.000129 sec (of wall-clock time) 0.000128 sec (of CPU time)
Log-likelihood of RapidNJ tree: -9335.120
--------------------------------------------------------------------
|             INITIALIZING CANDIDATE TREE SET                      |
--------------------------------------------------------------------
Generating 99 parsimony trees... 0.080 second
Computing log-likelihood of 41 initial trees ... 0.036 seconds
Current best score: -9335.120

Do NNI search on 20 best initial trees
Estimate model parameters (epsilon = 0.100)
BETTER TREE FOUND at iteration 1: -9335.119
Iteration 10 / LogL: -9335.356 / Time: 0h:0m:1s
Iteration 20 / LogL: -9335.120 / Time: 0h:0m:1s
Finish initializing candidate tree set (1)
Current best tree score: -9335.119 / CPU time: 0.333
Number of iterations: 20
--------------------------------------------------------------------
|               OPTIMIZING CANDIDATE TREE SET                      |
--------------------------------------------------------------------
Iteration 30 / LogL: -9335.119 / Time: 0h:0m:1s (0h:0m:1s left)
Iteration 40 / LogL: -9335.156 / Time: 0h:0m:1s (0h:0m:1s left)
Iteration 50 / LogL: -9335.119 / Time: 0h:0m:1s (0h:0m:1s left)
Log-likelihood cutoff on original alignment: -9357.491
Iteration 60 / LogL: -9335.119 / Time: 0h:0m:2s (0h:0m:0s left)
Iteration 70 / LogL: -9335.157 / Time: 0h:0m:2s (0h:0m:0s left)
Iteration 80 / LogL: -9335.137 / Time: 0h:0m:2s (0h:0m:0s left)
Iteration 90 / LogL: -9335.119 / Time: 0h:0m:3s (0h:0m:0s left)
Iteration 100 / LogL: -9335.119 / Time: 0h:0m:3s (0h:0m:0s left)
Log-likelihood cutoff on original alignment: -9358.547
NOTE: Bootstrap correlation coefficient of split occurrence frequencies: 1.000
TREE SEARCH COMPLETED AFTER 102 ITERATIONS / Time: 0h:0m:3s

--------------------------------------------------------------------
|                    FINALIZING TREE SEARCH                        |
--------------------------------------------------------------------
Performs final model parameters optimization
Estimate model parameters (epsilon = 0.010)
1. Initial log-likelihood: -9335.119
Optimal log-likelihood: -9335.119
Rate parameters:  A-C: 1.00000  A-G: 3.68701  A-T: 1.00000  C-G: 1.00000  C-T: 6.12464  G-T: 1.00000
Base frequencies:  A: 0.250  C: 0.250  G: 0.250  T: 0.250
Gamma shape alpha: 0.186
Parameters optimization took 1 rounds (0.001 sec)
BEST SCORE FOUND : -9335.119
Creating bootstrap support values...
Split supports printed to NEXUS file per_gene_alignments_codon/LOC101397287_.aln.splits.nex
Total tree length: 0.110

Total number of iterations: 102
CPU time used for tree search: 1.136 sec (0h:0m:1s)
Wall-clock time used for tree search: 2.452 sec (0h:0m:2s)
Total CPU time used: 1.595 sec (0h:0m:1s)
Total wall-clock time used: 3.554 sec (0h:0m:3s)

Computing bootstrap consensus tree...
Reading input file per_gene_alignments_codon/LOC101397287_.aln.splits.nex...
7 taxa and 14 splits.
Consensus tree written to per_gene_alignments_codon/LOC101397287_.aln.contree
Reading input trees file per_gene_alignments_codon/LOC101397287_.aln.contree
Log-likelihood of consensus tree: -9335.119

Analysis results written to: 
  IQ-TREE report:                per_gene_alignments_codon/LOC101397287_.aln.iqtree
  Maximum-likelihood tree:       per_gene_alignments_codon/LOC101397287_.aln.treefile
  Likelihood distances:          per_gene_alignments_codon/LOC101397287_.aln.mldist

Ultrafast bootstrap approximation results written to:
  Split support values:          per_gene_alignments_codon/LOC101397287_.aln.splits.nex
  Consensus tree:                per_gene_alignments_codon/LOC101397287_.aln.contree
  Screen log file:               per_gene_alignments_codon/LOC101397287_.aln.log

Date and Time: Thu Oct 30 21:31:59 2025
