IQ-TREE multicore version 2.3.3 COVID-edition for Linux x86 64-bit built Apr 25 2024
Developed by Bui Quang Minh, James Barbetti, Nguyen Lam Tung, Olga Chernomor,
Heiko Schmidt, Dominik Schrempf, Michael Woodhams, Ly Trong Nhan, Thomas Wong

Host:    morpheus-OptiPlex-5050 (AVX2, FMA3, 503 GB RAM)
Command: iqtree2 -s per_gene_alignments_codon/LOC101394017_.aln.fna -m MFP -T 1 -B 1000 --prefix per_gene_alignments_codon/LOC101394017_.aln
Seed:    90808 (Using SPRNG - Scalable Parallel Random Number Generator)
Time:    Thu Oct 30 21:29:43 2025
Kernel:  AVX+FMA - 1 threads (72 CPU cores detected)

HINT: Use -nt option to specify number of threads because your CPU has 72 cores!
HINT: -nt AUTO will automatically determine the best number of threads to use.

Reading alignment file per_gene_alignments_codon/LOC101394017_.aln.fna ... Fasta format detected
Reading fasta file: done in 0.000570059 secs using 49.82% CPU
Alignment most likely contains DNA/RNA sequences
Alignment has 7 sequences with 1959 columns, 165 distinct patterns
158 parsimony-informative, 194 singleton sites, 1607 constant sites
                     Gap/Ambiguity  Composition  p-value
Analyzing sequences: done in 2.00272e-05 secs using 94.87% CPU
   1  Ceratotherium_simum    0.77%    passed     50.06%
   2  Diceros_bicornis       0.00%    passed     94.53%
   3  Equus_asinus           0.00%    passed     83.09%
   4  Equus_quagga           1.07%    passed     91.84%
   5  Equus_caballus         0.31%    passed     79.42%
   6  Canis_lupus            1.07%    passed     77.57%
   7  Bos_taurus             1.23%    passed     95.45%
****  TOTAL                  0.63%  0 sequences failed composition chi2 test (p-value<5%; df=3)


Create initial parsimony tree by phylogenetic likelihood library (PLL)... 0.000 seconds
Perform fast likelihood tree search using GTR+I+G model...
Estimate model parameters (epsilon = 5.000)
Perform nearest neighbor interchange...
Estimate model parameters (epsilon = 1.000)
1. Initial log-likelihood: -4986.211
Optimal log-likelihood: -4986.203
Rate parameters:  A-C: 0.57503  A-G: 1.87426  A-T: 0.46583  C-G: 0.83854  C-T: 3.49798  G-T: 1.00000
Base frequencies:  A: 0.320  C: 0.261  G: 0.245  T: 0.174
Proportion of invariable sites: 0.407
Gamma shape alpha: 0.708
Parameters optimization took 1 rounds (0.035 sec)
Time for fast ML tree search: 0.108 seconds

NOTE: ModelFinder requires 1 MB RAM!
ModelFinder will test up to 484 DNA models (sample size: 1959) ...
 No. Model         -LnL         df  AIC          AICc         BIC
  1  GTR+F         5043.797     19  10125.595    10125.987    10231.619
  2  GTR+F+I       4986.786     20  10013.572    10014.005    10125.176
  3  GTR+F+G4      4986.373     20  10012.746    10013.179    10124.350
  4  GTR+F+I+G4    4986.200     21  10014.400    10014.877    10131.584
  5  GTR+F+R2      4986.843     21  10015.687    10016.164    10132.871
  6  GTR+F+R3      4986.472     23  10018.945    10019.516    10147.289
 14  GTR+F+I+R2    4986.464     22  10016.927    10017.450    10139.691
 15  GTR+F+I+R3    4986.256     24  10020.512    10021.132    10154.436
 24  SYM+I         5033.510     17  10101.019    10101.335    10195.882
 25  SYM+G4        5033.065     17  10100.129    10100.444    10194.992
 26  SYM+I+G4      5032.842     18  10101.685    10102.038    10202.128
 27  SYM+R2        5033.579     18  10103.158    10103.511    10203.602
 46  TVM+F+I       4994.922     19  10027.844    10028.236    10133.868
 47  TVM+F+G4      4994.678     19  10027.355    10027.747    10133.379
 48  TVM+F+I+G4    4994.620     20  10029.240    10029.673    10140.844
 49  TVM+F+R2      4995.005     20  10030.011    10030.444    10141.615
 68  TVMe+I        5035.068     16  10102.137    10102.417    10191.420
 69  TVMe+G4       5034.716     16  10101.432    10101.712    10190.715
 70  TVMe+I+G4     5034.547     17  10103.093    10103.409    10197.957
 71  TVMe+R2       5035.100     17  10104.200    10104.515    10199.063
 90  TIM3+F+I      4991.680     18  10019.360    10019.712    10119.803
 91  TIM3+F+G4     4991.217     18  10018.434    10018.786    10118.877
 92  TIM3+F+I+G4   4991.011     19  10020.022    10020.414    10126.046
 93  TIM3+F+R2     4991.742     19  10021.484    10021.875    10127.507
112  TIM3e+I       5036.063     15  10102.127    10102.374    10185.829
113  TIM3e+G4      5035.582     15  10101.163    10101.410    10184.866
114  TIM3e+I+G4    5035.324     16  10102.647    10102.927    10191.930
115  TIM3e+R2      5036.134     16  10104.268    10104.548    10193.551
134  TIM2+F+I      4987.229     18  10010.459    10010.812    10110.902
135  TIM2+F+G4     4986.804     18  10009.608    10009.960    10110.051
136  TIM2+F+I+G4   4986.624     19  10011.248    10011.640    10117.271
137  TIM2+F+R2     4987.287     19  10012.574    10012.966    10118.597
156  TIM2e+I       5035.501     15  10101.002    10101.249    10184.705
157  TIM2e+G4      5035.085     15  10100.170    10100.417    10183.873
158  TIM2e+I+G4    5034.888     16  10101.777    10102.057    10191.060
159  TIM2e+R2      5035.581     16  10103.162    10103.442    10192.445
178  TIM+F+I       4991.633     18  10019.267    10019.619    10119.710
179  TIM+F+G4      4991.173     18  10018.346    10018.699    10118.790
180  TIM+F+I+G4    4990.970     19  10019.939    10020.331    10125.963
181  TIM+F+R2      4991.694     19  10021.388    10021.780    10127.412
200  TIMe+I        5037.266     15  10104.532    10104.779    10188.235
201  TIMe+G4       5036.834     15  10103.668    10103.915    10187.371
202  TIMe+I+G4     5036.618     16  10105.236    10105.516    10194.519
203  TIMe+R2       5037.346     16  10106.692    10106.973    10195.975
222  TPM3u+F+I     4999.910     17  10033.819    10034.134    10128.682
223  TPM3u+F+G4    4999.644     17  10033.288    10033.603    10128.151
224  TPM3u+F+I+G4  4999.572     18  10035.143    10035.496    10135.587
225  TPM3u+F+R2    5000.002     18  10036.005    10036.357    10136.448
244  TPM3+I        5037.569     14  10103.137    10103.353    10181.260
245  TPM3+G4       5037.183     14  10102.366    10102.582    10180.488
246  TPM3+I+G4     5036.980     15  10103.960    10104.208    10187.663
247  TPM3+R2       5037.596     15  10105.192    10105.439    10188.895
266  TPM2u+F+I     4995.350     17  10024.701    10025.016    10119.564
267  TPM2u+F+G4    4995.095     17  10024.190    10024.505    10119.053
268  TPM2u+F+I+G4  4995.034     18  10026.068    10026.421    10126.512
269  TPM2u+F+R2    4995.431     18  10026.862    10027.215    10127.305
288  TPM2+I        5037.001     14  10102.002    10102.218    10180.125
289  TPM2+G4       5036.671     14  10101.343    10101.559    10179.465
290  TPM2+I+G4     5036.526     15  10103.053    10103.300    10186.755
291  TPM2+R2       5037.035     15  10104.071    10104.318    10187.774
310  K3Pu+F+I      4999.864     17  10033.728    10034.043    10128.591
311  K3Pu+F+G4     4999.601     17  10033.203    10033.518    10128.066
312  K3Pu+F+I+G4   4999.531     18  10035.062    10035.415    10135.505
313  K3Pu+F+R2     4999.955     18  10035.911    10036.263    10136.354
332  K3P+I         5038.728     14  10105.455    10105.671    10183.578
333  K3P+G4        5038.384     14  10104.767    10104.983    10182.890
334  K3P+I+G4      5038.223     15  10106.446    10106.693    10190.148
335  K3P+R2        5038.764     15  10107.528    10107.775    10191.231
354  TN+F+I        4991.680     17  10017.360    10017.675    10112.223
355  TN+F+G4       4991.215     17  10016.430    10016.745    10111.293
356  TN+F+I+G4     4991.008     18  10018.016    10018.369    10118.459
357  TN+F+R2       4991.739     18  10019.477    10019.830    10119.921
376  TNe+I         5037.529     14  10103.058    10103.274    10181.180
377  TNe+G4        5037.092     14  10102.183    10102.399    10180.306
378  TNe+I+G4      5036.871     15  10103.742    10103.989    10187.445
379  TNe+R2        5037.605     15  10105.209    10105.456    10188.912
398  HKY+F+I       4999.911     16  10031.822    10032.102    10121.105
399  HKY+F+G4      4999.646     16  10031.291    10031.571    10120.574
400  HKY+F+I+G4    4999.574     17  10033.148    10033.463    10128.011
401  HKY+F+R2      4999.999     17  10033.998    10034.314    10128.862
420  K2P+I         5038.985     13  10103.969    10104.157    10176.512
421  K2P+G4        5038.636     13  10103.273    10103.460    10175.815
422  K2P+I+G4      5038.470     14  10104.940    10105.156    10183.062
423  K2P+R2        5039.018     14  10106.035    10106.251    10184.158
442  F81+F+I       5075.701     15  10181.403    10181.650    10265.106
443  F81+F+G4      5075.620     15  10181.241    10181.488    10264.944
444  F81+F+I+G4    5075.753     16  10183.506    10183.786    10272.789
445  F81+F+R2      5075.812     16  10183.625    10183.905    10272.908
464  JC+I          5113.850     12  10251.699    10251.860    10318.662
465  JC+G4         5113.707     12  10251.414    10251.575    10318.377
466  JC+I+G4       5113.789     13  10253.579    10253.766    10326.121
467  JC+R2         5113.958     13  10253.916    10254.103    10326.458
Akaike Information Criterion:           TIM2+F+G4
Corrected Akaike Information Criterion: TIM2+F+G4
Bayesian Information Criterion:         TIM2+F+G4
Best-fit model: TIM2+F+G4 chosen according to BIC

All model information printed to per_gene_alignments_codon/LOC101394017_.aln.model.gz
CPU time for ModelFinder: 1.696 seconds (0h:0m:1s)
Wall-clock time for ModelFinder: 2.590 seconds (0h:0m:2s)
Generating 1000 samples for ultrafast bootstrap (seed: 90808)...

NOTE: 0 MB RAM (0 GB) is required!
Estimate model parameters (epsilon = 0.100)
1. Initial log-likelihood: -4986.804
Optimal log-likelihood: -4986.802
Rate parameters:  A-C: 0.59079  A-G: 2.08166  A-T: 0.59079  C-G: 1.00000  C-T: 3.84502  G-T: 1.00000
Base frequencies:  A: 0.320  C: 0.261  G: 0.245  T: 0.174
Gamma shape alpha: 0.217
Parameters optimization took 1 rounds (0.003 sec)
Wrote distance file to... 
Computing ML distances based on estimated model parameters...
Calculating distance matrix: done in 0.000647068 secs using 99.06% CPU
Computing ML distances took 0.000726 sec (of wall-clock time) 0.000728 sec (of CPU time)
Setting up auxiliary I and S matrices: done in 5.19753e-05 secs using 200.1% CPU
Computing RapidNJ tree took 0.000165 sec (of wall-clock time) 0.000321 sec (of CPU time)
Log-likelihood of RapidNJ tree: -4987.459
--------------------------------------------------------------------
|             INITIALIZING CANDIDATE TREE SET                      |
--------------------------------------------------------------------
Generating 98 parsimony trees... 0.050 second
Computing log-likelihood of 39 initial trees ... 0.028 seconds
Current best score: -4986.802

Do NNI search on 20 best initial trees
Estimate model parameters (epsilon = 0.100)
BETTER TREE FOUND at iteration 1: -4986.801
Iteration 10 / LogL: -4986.962 / Time: 0h:0m:2s
Iteration 20 / LogL: -4986.805 / Time: 0h:0m:2s
Finish initializing candidate tree set (1)
Current best tree score: -4986.801 / CPU time: 0.225
Number of iterations: 20
--------------------------------------------------------------------
|               OPTIMIZING CANDIDATE TREE SET                      |
--------------------------------------------------------------------
Iteration 30 / LogL: -5013.854 / Time: 0h:0m:3s (0h:0m:0s left)
Iteration 40 / LogL: -4986.801 / Time: 0h:0m:3s (0h:0m:0s left)
Iteration 50 / LogL: -5013.784 / Time: 0h:0m:3s (0h:0m:0s left)
Log-likelihood cutoff on original alignment: -5015.256
Iteration 60 / LogL: -4986.874 / Time: 0h:0m:3s (0h:0m:0s left)
Iteration 70 / LogL: -4986.971 / Time: 0h:0m:3s (0h:0m:0s left)
Iteration 80 / LogL: -4986.801 / Time: 0h:0m:3s (0h:0m:0s left)
Iteration 90 / LogL: -4986.806 / Time: 0h:0m:3s (0h:0m:0s left)
Iteration 100 / LogL: -5060.674 / Time: 0h:0m:4s (0h:0m:0s left)
Log-likelihood cutoff on original alignment: -5016.285
NOTE: Bootstrap correlation coefficient of split occurrence frequencies: 1.000
TREE SEARCH COMPLETED AFTER 102 ITERATIONS / Time: 0h:0m:4s

--------------------------------------------------------------------
|                    FINALIZING TREE SEARCH                        |
--------------------------------------------------------------------
Performs final model parameters optimization
Estimate model parameters (epsilon = 0.010)
1. Initial log-likelihood: -4986.801
Optimal log-likelihood: -4986.801
Rate parameters:  A-C: 0.59192  A-G: 2.08858  A-T: 0.59192  C-G: 1.00000  C-T: 3.85625  G-T: 1.00000
Base frequencies:  A: 0.320  C: 0.261  G: 0.245  T: 0.174
Gamma shape alpha: 0.217
Parameters optimization took 1 rounds (0.003 sec)
BEST SCORE FOUND : -4986.801
Creating bootstrap support values...
Split supports printed to NEXUS file per_gene_alignments_codon/LOC101394017_.aln.splits.nex
Total tree length: 0.277

Total number of iterations: 102
CPU time used for tree search: 1.588 sec (0h:0m:1s)
Wall-clock time used for tree search: 1.519 sec (0h:0m:1s)
Total CPU time used: 3.370 sec (0h:0m:3s)
Total wall-clock time used: 4.202 sec (0h:0m:4s)

Computing bootstrap consensus tree...
Reading input file per_gene_alignments_codon/LOC101394017_.aln.splits.nex...
7 taxa and 18 splits.
Consensus tree written to per_gene_alignments_codon/LOC101394017_.aln.contree
Reading input trees file per_gene_alignments_codon/LOC101394017_.aln.contree
Log-likelihood of consensus tree: -4986.801

Analysis results written to: 
  IQ-TREE report:                per_gene_alignments_codon/LOC101394017_.aln.iqtree
  Maximum-likelihood tree:       per_gene_alignments_codon/LOC101394017_.aln.treefile
  Likelihood distances:          per_gene_alignments_codon/LOC101394017_.aln.mldist

Ultrafast bootstrap approximation results written to:
  Split support values:          per_gene_alignments_codon/LOC101394017_.aln.splits.nex
  Consensus tree:                per_gene_alignments_codon/LOC101394017_.aln.contree
  Screen log file:               per_gene_alignments_codon/LOC101394017_.aln.log

Date and Time: Thu Oct 30 21:29:47 2025
