IQ-TREE multicore version 2.3.3 COVID-edition for Linux x86 64-bit built Apr 25 2024
Developed by Bui Quang Minh, James Barbetti, Nguyen Lam Tung, Olga Chernomor,
Heiko Schmidt, Dominik Schrempf, Michael Woodhams, Ly Trong Nhan, Thomas Wong

Host:    morpheus-OptiPlex-5050 (AVX2, FMA3, 503 GB RAM)
Command: iqtree2 -s per_gene_alignments_codon/LOC101388516_.aln.fna -m MFP -T 1 -B 1000 --prefix per_gene_alignments_codon/LOC101388516_.aln
Seed:    833941 (Using SPRNG - Scalable Parallel Random Number Generator)
Time:    Thu Oct 30 21:25:49 2025
Kernel:  AVX+FMA - 1 threads (72 CPU cores detected)

HINT: Use -nt option to specify number of threads because your CPU has 72 cores!
HINT: -nt AUTO will automatically determine the best number of threads to use.

Reading alignment file per_gene_alignments_codon/LOC101388516_.aln.fna ... Fasta format detected
Reading fasta file: done in 0.000325918 secs
Alignment most likely contains DNA/RNA sequences
Alignment has 7 sequences with 1092 columns, 69 distinct patterns
51 parsimony-informative, 108 singleton sites, 933 constant sites
                     Gap/Ambiguity  Composition  p-value
Analyzing sequences: done in 1.50204e-05 secs
   1  Ceratotherium_simum    0.00%    passed     99.30%
   2  Diceros_bicornis       0.00%    passed     99.43%
   3  Equus_asinus           0.00%    passed     98.51%
   4  Equus_quagga           0.00%    passed     98.94%
   5  Equus_caballus         0.00%    passed     99.18%
   6  Canis_lupus            1.92%    passed     86.15%
   7  Bos_taurus             0.82%    passed     94.34%
****  TOTAL                  0.39%  0 sequences failed composition chi2 test (p-value<5%; df=3)


Create initial parsimony tree by phylogenetic likelihood library (PLL)... 0.000 seconds
Perform fast likelihood tree search using GTR+I+G model...
Estimate model parameters (epsilon = 5.000)
Perform nearest neighbor interchange...
Estimate model parameters (epsilon = 1.000)
1. Initial log-likelihood: -2407.066
Optimal log-likelihood: -2406.947
Rate parameters:  A-C: 0.96963  A-G: 3.12618  A-T: 0.60369  C-G: 0.44822  C-T: 5.45798  G-T: 1.00000
Base frequencies:  A: 0.217  C: 0.288  G: 0.284  T: 0.211
Proportion of invariable sites: 0.420
Gamma shape alpha: 0.520
Parameters optimization took 1 rounds (0.003 sec)
Time for fast ML tree search: 0.145 seconds

NOTE: ModelFinder requires 0 MB RAM!
ModelFinder will test up to 484 DNA models (sample size: 1092) ...
 No. Model         -LnL         df  AIC          AICc         BIC
  1  GTR+F         2423.729     19  4885.457     4886.166     4980.377
  2  GTR+F+I       2406.787     20  4853.574     4854.358     4953.489
  3  GTR+F+G4      2406.782     20  4853.563     4854.348     4953.479
  4  GTR+F+I+G4    2406.902     21  4855.804     4856.667     4960.715
  5  GTR+F+R2      2407.935     21  4857.869     4858.733     4962.780
  6  GTR+F+R3      2407.332     23  4860.664     4861.697     4975.566
 14  GTR+F+I+R2    2407.171     22  4858.341     4859.288     4968.248
 15  GTR+F+I+R3    2406.937     24  4861.874     4862.999     4981.773
 24  SYM+I         2419.205     17  4872.409     4872.979     4957.337
 25  SYM+G4        2419.139     17  4872.278     4872.848     4957.206
 26  SYM+I+G4      2419.118     18  4874.237     4874.874     4964.161
 27  SYM+R2        2420.122     18  4876.245     4876.882     4966.169
 46  TVM+F+I       2409.696     19  4857.393     4858.102     4952.312
 47  TVM+F+G4      2409.659     19  4857.319     4858.027     4952.238
 48  TVM+F+I+G4    2409.669     20  4859.339     4860.123     4959.254
 49  TVM+F+R2      2410.615     20  4861.230     4862.014     4961.145
 68  TVMe+I        2421.697     16  4875.395     4875.901     4955.327
 69  TVMe+G4       2421.615     16  4875.229     4875.735     4955.162
 70  TVMe+I+G4     2421.553     17  4877.106     4877.675     4962.034
 71  TVMe+R2       2422.524     17  4879.048     4879.618     4963.977
 90  TIM3+F+I      2407.960     18  4851.921     4852.558     4941.845
 91  TIM3+F+G4     2407.942     18  4851.883     4852.521     4941.807
 92  TIM3+F+I+G4   2408.033     19  4854.066     4854.775     4948.985
 93  TIM3+F+R2     2409.085     19  4856.171     4856.880     4951.090
112  TIM3e+I       2420.042     15  4870.083     4870.529     4945.020
113  TIM3e+G4      2419.984     15  4869.967     4870.413     4944.904
114  TIM3e+I+G4    2419.958     16  4871.917     4872.423     4951.849
115  TIM3e+R2      2420.984     16  4873.968     4874.474     4953.900
134  TIM2+F+I      2407.893     18  4851.786     4852.424     4941.710
135  TIM2+F+G4     2407.888     18  4851.776     4852.413     4941.700
136  TIM2+F+I+G4   2408.015     19  4854.030     4854.739     4948.950
137  TIM2+F+R2     2409.065     19  4856.129     4856.838     4951.049
156  TIM2e+I       2420.034     15  4870.067     4870.513     4945.004
157  TIM2e+G4      2419.980     15  4869.960     4870.406     4944.897
158  TIM2e+I+G4    2419.961     16  4871.922     4872.428     4951.855
159  TIM2e+R2      2420.973     16  4873.947     4874.453     4953.879
178  TIM+F+I       2406.913     18  4849.825     4850.463     4939.749
179  TIM+F+G4      2406.900     18  4849.799     4850.437     4939.723
180  TIM+F+I+G4    2407.015     19  4852.029     4852.738     4946.949
181  TIM+F+R2      2408.024     19  4854.049     4854.758     4948.968
200  TIMe+I        2419.235     15  4868.470     4868.917     4943.407
201  TIMe+G4       2419.174     15  4868.348     4868.795     4943.285
202  TIMe+I+G4     2419.156     16  4870.311     4870.818     4950.244
203  TIMe+R2       2420.151     16  4872.302     4872.809     4952.235
222  TPM3u+F+I     2410.887     17  4855.773     4856.343     4940.701
223  TPM3u+F+G4    2410.848     17  4855.697     4856.267     4940.625
224  TPM3u+F+I+G4  2410.819     18  4857.637     4858.275     4947.561
225  TPM3u+F+R2    2411.691     18  4859.383     4860.020     4949.307
244  TPM3+I        2422.531     14  4873.063     4873.453     4943.004
245  TPM3+G4       2422.463     14  4872.926     4873.316     4942.867
246  TPM3+I+G4     2422.403     15  4874.807     4875.253     4949.743
247  TPM3+R2       2423.401     15  4876.802     4877.248     4951.738
266  TPM2u+F+I     2410.771     17  4855.541     4856.111     4940.469
267  TPM2u+F+G4    2410.748     17  4855.496     4856.066     4940.424
268  TPM2u+F+I+G4  2410.776     18  4857.552     4858.190     4947.476
269  TPM2u+F+R2    2411.742     18  4859.484     4860.122     4949.408
288  TPM2+I        2422.528     14  4873.055     4873.445     4942.996
289  TPM2+G4       2422.453     14  4872.905     4873.295     4942.846
290  TPM2+I+G4     2422.403     15  4874.806     4875.253     4949.743
291  TPM2+R2       2423.393     15  4876.786     4877.232     4951.723
310  K3Pu+F+I      2409.839     17  4853.677     4854.247     4938.605
311  K3Pu+F+G4     2409.794     17  4853.588     4854.158     4938.516
312  K3Pu+F+I+G4   2409.777     18  4855.555     4856.192     4945.478
313  K3Pu+F+R2     2410.698     18  4857.395     4858.033     4947.319
332  K3P+I         2421.720     14  4871.441     4871.831     4941.381
333  K3P+G4        2421.644     14  4871.289     4871.679     4941.229
334  K3P+I+G4      2421.584     15  4873.169     4873.615     4948.105
335  K3P+R2        2422.556     15  4875.112     4875.558     4950.049
354  TN+F+I        2408.182     17  4850.364     4850.934     4935.292
355  TN+F+G4       2408.160     17  4850.320     4850.890     4935.248
356  TN+F+I+G4     2408.243     18  4852.486     4853.123     4942.410
357  TN+F+R2       2409.267     18  4854.535     4855.172     4944.458
376  TNe+I         2420.039     14  4868.078     4868.468     4938.019
377  TNe+G4        2419.981     14  4867.963     4868.353     4937.903
378  TNe+I+G4      2419.962     15  4869.923     4870.369     4944.860
379  TNe+R2        2420.975     15  4871.950     4872.396     4946.886
398  HKY+F+I       2411.073     16  4854.146     4854.652     4934.078
399  HKY+F+G4      2411.033     16  4854.066     4854.572     4933.999
400  HKY+F+I+G4    2411.011     17  4856.022     4856.592     4940.950
401  HKY+F+R2      2411.945     17  4857.889     4858.459     4942.817
420  K2P+I         2422.527     13  4871.053     4871.391     4935.998
421  K2P+G4        2422.457     13  4870.914     4871.252     4935.859
422  K2P+I+G4      2422.413     14  4872.826     4873.216     4942.767
423  K2P+R2        2423.387     14  4874.775     4875.165     4944.715
442  F81+F+I       2463.499     15  4956.999     4957.445     5031.935
443  F81+F+G4      2463.382     15  4956.764     4957.210     5031.701
444  F81+F+I+G4    2463.343     16  4958.686     4959.192     5038.618
445  F81+F+R2      2465.026     16  4962.052     4962.558     5041.984
464  JC+I          2472.306     12  4968.611     4968.900     5028.561
465  JC+G4         2472.188     12  4968.375     4968.665     5028.325
466  JC+I+G4       2472.154     13  4970.309     4970.646     5035.254
467  JC+R2         2474.583     13  4975.165     4975.503     5040.110
Akaike Information Criterion:           TIM+F+G4
Corrected Akaike Information Criterion: TIM+F+G4
Bayesian Information Criterion:         HKY+F+G4
Best-fit model: HKY+F+G4 chosen according to BIC

All model information printed to per_gene_alignments_codon/LOC101388516_.aln.model.gz
CPU time for ModelFinder: 1.726 seconds (0h:0m:1s)
Wall-clock time for ModelFinder: 5.203 seconds (0h:0m:5s)
Generating 1000 samples for ultrafast bootstrap (seed: 833941)...

NOTE: 0 MB RAM (0 GB) is required!
Estimate model parameters (epsilon = 0.100)
1. Initial log-likelihood: -2411.033
Optimal log-likelihood: -2411.033
Rate parameters:  A-C: 1.00000  A-G: 5.89443  A-T: 1.00000  C-G: 1.00000  C-T: 5.89443  G-T: 1.00000
Base frequencies:  A: 0.217  C: 0.288  G: 0.284  T: 0.211
Gamma shape alpha: 0.128
Parameters optimization took 1 rounds (0.002 sec)
Wrote distance file to... 
Computing ML distances based on estimated model parameters...
Calculating distance matrix: done in 0.000533819 secs using 99.66% CPU
Computing ML distances took 0.000576 sec (of wall-clock time) 0.000581 sec (of CPU time)
Setting up auxiliary I and S matrices: done in 4.41074e-05 secs using 156.4% CPU
Computing RapidNJ tree took 0.000134 sec (of wall-clock time) 0.000200 sec (of CPU time)
Log-likelihood of RapidNJ tree: -2411.034
--------------------------------------------------------------------
|             INITIALIZING CANDIDATE TREE SET                      |
--------------------------------------------------------------------
Generating 99 parsimony trees... 0.062 second
Computing log-likelihood of 51 initial trees ... 0.021 seconds
Current best score: -2411.033

Do NNI search on 20 best initial trees
Estimate model parameters (epsilon = 0.100)
BETTER TREE FOUND at iteration 1: -2411.032
Iteration 10 / LogL: -2411.048 / Time: 0h:0m:5s
Iteration 20 / LogL: -2411.052 / Time: 0h:0m:5s
Finish initializing candidate tree set (1)
Current best tree score: -2411.032 / CPU time: 0.223
Number of iterations: 20
--------------------------------------------------------------------
|               OPTIMIZING CANDIDATE TREE SET                      |
--------------------------------------------------------------------
UPDATE BEST LOG-LIKELIHOOD: -2411.032
Iteration 30 / LogL: -2411.177 / Time: 0h:0m:5s (0h:0m:1s left)
UPDATE BEST LOG-LIKELIHOOD: -2411.032
UPDATE BEST LOG-LIKELIHOOD: -2411.032
Iteration 40 / LogL: -2411.226 / Time: 0h:0m:5s (0h:0m:0s left)
Iteration 50 / LogL: -2411.032 / Time: 0h:0m:6s (0h:0m:0s left)
Log-likelihood cutoff on original alignment: -2436.770
Iteration 60 / LogL: -2411.061 / Time: 0h:0m:6s (0h:0m:0s left)
UPDATE BEST LOG-LIKELIHOOD: -2411.032
Iteration 70 / LogL: -2411.032 / Time: 0h:0m:6s (0h:0m:0s left)
Iteration 80 / LogL: -2411.053 / Time: 0h:0m:6s (0h:0m:0s left)
Iteration 90 / LogL: -2411.032 / Time: 0h:0m:6s (0h:0m:0s left)
Iteration 100 / LogL: -2411.032 / Time: 0h:0m:6s (0h:0m:0s left)
Log-likelihood cutoff on original alignment: -2436.770
NOTE: Bootstrap correlation coefficient of split occurrence frequencies: 1.000
TREE SEARCH COMPLETED AFTER 102 ITERATIONS / Time: 0h:0m:7s

--------------------------------------------------------------------
|                    FINALIZING TREE SEARCH                        |
--------------------------------------------------------------------
Performs final model parameters optimization
Estimate model parameters (epsilon = 0.010)
1. Initial log-likelihood: -2411.032
Optimal log-likelihood: -2411.032
Rate parameters:  A-C: 1.00000  A-G: 5.88154  A-T: 1.00000  C-G: 1.00000  C-T: 5.88154  G-T: 1.00000
Base frequencies:  A: 0.217  C: 0.288  G: 0.284  T: 0.211
Gamma shape alpha: 0.129
Parameters optimization took 1 rounds (0.001 sec)
BEST SCORE FOUND : -2411.032
Creating bootstrap support values...
Split supports printed to NEXUS file per_gene_alignments_codon/LOC101388516_.aln.splits.nex
Total tree length: 0.231

Total number of iterations: 102
CPU time used for tree search: 1.051 sec (0h:0m:1s)
Wall-clock time used for tree search: 1.868 sec (0h:0m:1s)
Total CPU time used: 2.834 sec (0h:0m:2s)
Total wall-clock time used: 7.160 sec (0h:0m:7s)

Computing bootstrap consensus tree...
Reading input file per_gene_alignments_codon/LOC101388516_.aln.splits.nex...
7 taxa and 18 splits.
Consensus tree written to per_gene_alignments_codon/LOC101388516_.aln.contree
Reading input trees file per_gene_alignments_codon/LOC101388516_.aln.contree
Log-likelihood of consensus tree: -2411.034

Analysis results written to: 
  IQ-TREE report:                per_gene_alignments_codon/LOC101388516_.aln.iqtree
  Maximum-likelihood tree:       per_gene_alignments_codon/LOC101388516_.aln.treefile
  Likelihood distances:          per_gene_alignments_codon/LOC101388516_.aln.mldist

Ultrafast bootstrap approximation results written to:
  Split support values:          per_gene_alignments_codon/LOC101388516_.aln.splits.nex
  Consensus tree:                per_gene_alignments_codon/LOC101388516_.aln.contree
  Screen log file:               per_gene_alignments_codon/LOC101388516_.aln.log

Date and Time: Thu Oct 30 21:25:57 2025
