IQ-TREE multicore version 2.3.3 COVID-edition for Linux x86 64-bit built Apr 25 2024
Developed by Bui Quang Minh, James Barbetti, Nguyen Lam Tung, Olga Chernomor,
Heiko Schmidt, Dominik Schrempf, Michael Woodhams, Ly Trong Nhan, Thomas Wong

Host:    morpheus-OptiPlex-5050 (AVX2, FMA3, 503 GB RAM)
Command: iqtree2 -s per_gene_alignments_codon/LOC101404936_.aln.fna -m MFP -T 1 -B 1000 --prefix per_gene_alignments_codon/LOC101404936_.aln
Seed:    402618 (Using SPRNG - Scalable Parallel Random Number Generator)
Time:    Thu Oct 30 21:37:11 2025
Kernel:  AVX+FMA - 1 threads (72 CPU cores detected)

HINT: Use -nt option to specify number of threads because your CPU has 72 cores!
HINT: -nt AUTO will automatically determine the best number of threads to use.

Reading alignment file per_gene_alignments_codon/LOC101404936_.aln.fna ... Fasta format detected
Reading fasta file: done in 0.00071907 secs using 99.57% CPU
Alignment most likely contains DNA/RNA sequences
Alignment has 7 sequences with 2592 columns, 126 distinct patterns
189 parsimony-informative, 236 singleton sites, 2167 constant sites
                     Gap/Ambiguity  Composition  p-value
Analyzing sequences: done in 2.31266e-05 secs using 90.8% CPU
   1  Ceratotherium_simum    0.00%    passed     99.67%
   2  Diceros_bicornis       0.00%    passed     99.83%
   3  Equus_asinus           0.00%    passed     91.07%
   4  Equus_quagga           0.00%    passed     89.28%
   5  Equus_caballus         0.00%    passed     83.68%
   6  Canis_lupus            1.04%    passed     49.10%
   7  Bos_taurus             0.93%    passed     91.51%
****  TOTAL                  0.28%  0 sequences failed composition chi2 test (p-value<5%; df=3)


Create initial parsimony tree by phylogenetic likelihood library (PLL)... 0.000 seconds
Perform fast likelihood tree search using GTR+I+G model...
Estimate model parameters (epsilon = 5.000)
Perform nearest neighbor interchange...
Estimate model parameters (epsilon = 1.000)
1. Initial log-likelihood: -5932.707
Optimal log-likelihood: -5932.692
Rate parameters:  A-C: 1.05447  A-G: 5.08404  A-T: 0.61666  C-G: 1.65692  C-T: 5.56753  G-T: 1.00000
Base frequencies:  A: 0.353  C: 0.189  G: 0.196  T: 0.262
Proportion of invariable sites: 0.418
Gamma shape alpha: 2.493
Parameters optimization took 1 rounds (0.003 sec)
Time for fast ML tree search: 0.075 seconds

NOTE: ModelFinder requires 0 MB RAM!
ModelFinder will test up to 484 DNA models (sample size: 2592) ...
 No. Model         -LnL         df  AIC          AICc         BIC
  1  GTR+F         5948.168     19  11934.336    11934.632    12045.680
  2  GTR+F+I       5932.099     20  11904.197    11904.524    12021.401
  3  GTR+F+G4      5932.833     20  11905.667    11905.993    12022.870
  4  GTR+F+I+G4    5932.697     21  11907.395    11907.754    12030.459
  5  GTR+F+R2      5932.636     21  11907.273    11907.632    12030.337
  6  GTR+F+R3      5932.707     23  11911.415    11911.845    12046.199
 14  GTR+F+I+R2    5932.746     22  11909.491    11909.885    12038.415
 15  GTR+F+I+R3    5932.682     24  11913.363    11913.831    12054.008
 24  SYM+I         6033.057     17  12100.115    12100.352    12199.738
 25  SYM+G4        6033.519     17  12101.037    12101.275    12200.660
 26  SYM+I+G4      6033.380     18  12102.760    12103.026    12208.243
 27  SYM+R2        6033.521     18  12103.042    12103.308    12208.525
 46  TVM+F+I       5932.332     19  11902.664    11902.959    12014.007
 47  TVM+F+G4      5933.106     19  11904.213    11904.508    12015.556
 48  TVM+F+I+G4    5932.969     20  11905.939    11906.265    12023.142
 49  TVM+F+R2      5932.893     20  11905.786    11906.113    12022.990
 68  TVMe+I        6033.072     16  12098.144    12098.355    12191.907
 69  TVMe+G4       6033.531     16  12099.062    12099.274    12192.825
 70  TVMe+I+G4     6033.388     17  12100.777    12101.015    12200.400
 71  TVMe+R2       6033.539     17  12101.079    12101.317    12200.702
 90  TIM3+F+I      5935.112     18  11906.225    11906.490    12011.708
 91  TIM3+F+G4     5935.837     18  11907.673    11907.939    12013.156
 92  TIM3+F+I+G4   5935.674     19  11909.348    11909.643    12020.691
 93  TIM3+F+R2     5935.637     19  11909.274    11909.569    12020.617
112  TIM3e+I       6033.266     15  12096.533    12096.719    12184.436
113  TIM3e+G4      6033.722     15  12097.443    12097.630    12185.346
114  TIM3e+I+G4    6033.583     16  12099.167    12099.378    12192.929
115  TIM3e+R2      6033.746     16  12099.491    12099.702    12193.254
134  TIM2+F+I      5935.787     18  11907.574    11907.840    12013.057
135  TIM2+F+G4     5936.469     18  11908.937    11909.203    12014.421
136  TIM2+F+I+G4   5936.339     19  11910.679    11910.974    12022.022
137  TIM2+F+R2     5936.330     19  11910.660    11910.956    12022.004
156  TIM2e+I       6034.236     15  12098.472    12098.659    12186.375
157  TIM2e+G4      6034.657     15  12099.315    12099.501    12187.218
158  TIM2e+I+G4    6034.534     16  12101.069    12101.280    12194.832
159  TIM2e+R2      6034.715     16  12101.430    12101.641    12195.193
178  TIM+F+I       5938.421     18  11912.843    11913.109    12018.326
179  TIM+F+G4      5939.098     18  11914.195    11914.461    12019.679
180  TIM+F+I+G4    5938.950     19  11915.901    11916.196    12027.244
181  TIM+F+R2      5938.944     19  11915.889    11916.184    12027.232
200  TIMe+I        6034.425     15  12098.850    12099.037    12186.753
201  TIMe+G4       6034.838     15  12099.676    12099.862    12187.579
202  TIMe+I+G4     6034.721     16  12101.442    12101.654    12195.205
203  TIMe+R2       6034.901     16  12101.801    12102.013    12195.564
222  TPM3u+F+I     5935.395     17  11904.789    11905.027    12004.412
223  TPM3u+F+G4    5936.154     17  11906.308    11906.546    12005.931
224  TPM3u+F+I+G4  5935.994     18  11907.988    11908.253    12013.471
225  TPM3u+F+R2    5935.937     18  11907.874    11908.140    12013.358
244  TPM3+I        6033.297     14  12094.594    12094.757    12176.636
245  TPM3+G4       6033.742     14  12095.485    12095.648    12177.527
246  TPM3+I+G4     6033.609     15  12097.218    12097.404    12185.120
247  TPM3+R2       6033.765     15  12097.530    12097.716    12185.432
266  TPM2u+F+I     5936.009     17  11906.017    11906.255    12005.641
267  TPM2u+F+G4    5936.724     17  11907.448    11907.686    12007.071
268  TPM2u+F+I+G4  5936.599     18  11909.199    11909.464    12014.682
269  TPM2u+F+R2    5936.574     18  11909.148    11909.414    12014.631
288  TPM2+I        6034.261     14  12096.522    12096.685    12178.565
289  TPM2+G4       6034.673     14  12097.346    12097.509    12179.389
290  TPM2+I+G4     6034.552     15  12099.105    12099.291    12187.008
291  TPM2+R2       6034.734     15  12099.468    12099.654    12187.371
310  K3Pu+F+I      5938.686     17  11911.371    11911.609    12010.994
311  K3Pu+F+G4     5939.395     17  11912.791    11913.029    12012.414
312  K3Pu+F+I+G4   5939.251     18  11914.502    11914.768    12019.985
313  K3Pu+F+R2     5939.227     18  11914.455    11914.721    12019.938
332  K3P+I         6034.448     14  12096.895    12097.058    12178.938
333  K3P+G4        6034.856     14  12097.712    12097.875    12179.754
334  K3P+I+G4      6034.738     15  12099.475    12099.662    12187.378
335  K3P+R2        6034.920     15  12099.841    12100.027    12187.744
354  TN+F+I        5938.812     17  11911.623    11911.861    12011.247
355  TN+F+G4       5939.475     17  11912.951    11913.188    12012.574
356  TN+F+I+G4     5939.328     18  11914.656    11914.921    12020.139
357  TN+F+R2       5939.323     18  11914.646    11914.912    12020.129
376  TNe+I         6034.441     14  12096.883    12097.046    12178.925
377  TNe+G4        6034.854     14  12097.708    12097.871    12179.750
378  TNe+I+G4      6034.735     15  12099.470    12099.656    12187.372
379  TNe+R2        6034.913     15  12099.827    12100.013    12187.729
398  HKY+F+I       5939.078     16  11910.156    11910.367    12003.919
399  HKY+F+G4      5939.775     16  11911.550    11911.762    12005.313
400  HKY+F+I+G4    5939.631     17  11913.262    11913.500    12012.885
401  HKY+F+R2      5939.609     17  11913.217    11913.455    12012.840
420  K2P+I         6034.465     13  12094.930    12095.071    12171.112
421  K2P+G4        6034.872     13  12095.743    12095.884    12171.925
422  K2P+I+G4      6034.753     14  12097.506    12097.669    12179.548
423  K2P+R2        6034.933     14  12097.866    12098.029    12179.909
442  F81+F+I       6083.785     15  12197.569    12197.756    12285.472
443  F81+F+G4      6084.420     15  12198.839    12199.026    12286.742
444  F81+F+I+G4    6084.012     16  12200.025    12200.236    12293.788
445  F81+F+R2      6084.291     16  12200.582    12200.793    12294.345
464  JC+I          6169.329     12  12362.658    12362.779    12432.981
465  JC+G4         6169.850     12  12363.700    12363.821    12434.022
466  JC+I+G4       6169.496     13  12364.991    12365.133    12441.174
467  JC+R2         6169.846     13  12365.692    12365.833    12441.875
Akaike Information Criterion:           TVM+F+I
Corrected Akaike Information Criterion: TVM+F+I
Bayesian Information Criterion:         HKY+F+I
Best-fit model: HKY+F+I chosen according to BIC

All model information printed to per_gene_alignments_codon/LOC101404936_.aln.model.gz
CPU time for ModelFinder: 1.049 seconds (0h:0m:1s)
Wall-clock time for ModelFinder: 1.887 seconds (0h:0m:1s)
Generating 1000 samples for ultrafast bootstrap (seed: 402618)...

NOTE: 0 MB RAM (0 GB) is required!
Estimate model parameters (epsilon = 0.100)
1. Initial log-likelihood: -5939.078
Optimal log-likelihood: -5939.078
Rate parameters:  A-C: 1.00000  A-G: 5.46816  A-T: 1.00000  C-G: 1.00000  C-T: 5.46816  G-T: 1.00000
Base frequencies:  A: 0.353  C: 0.189  G: 0.196  T: 0.262
Proportion of invariable sites: 0.545
Parameters optimization took 1 rounds (0.002 sec)
Wrote distance file to... 
Computing ML distances based on estimated model parameters...
Calculating distance matrix: done in 0.000191927 secs using 99% CPU
Computing ML distances took 0.000242 sec (of wall-clock time) 0.000247 sec (of CPU time)
Setting up auxiliary I and S matrices: done in 4.48227e-05 secs using 95.93% CPU
Computing RapidNJ tree took 0.000130 sec (of wall-clock time) 0.000130 sec (of CPU time)
Log-likelihood of RapidNJ tree: -5939.078
--------------------------------------------------------------------
|             INITIALIZING CANDIDATE TREE SET                      |
--------------------------------------------------------------------
Generating 99 parsimony trees... 0.129 second
Computing log-likelihood of 34 initial trees ... 0.031 seconds
Current best score: -5939.078

Do NNI search on 20 best initial trees
Estimate model parameters (epsilon = 0.100)
BETTER TREE FOUND at iteration 1: -5939.078
Iteration 10 / LogL: -5939.321 / Time: 0h:0m:2s
Iteration 20 / LogL: -5939.078 / Time: 0h:0m:2s
Finish initializing candidate tree set (1)
Current best tree score: -5939.078 / CPU time: 0.286
Number of iterations: 20
--------------------------------------------------------------------
|               OPTIMIZING CANDIDATE TREE SET                      |
--------------------------------------------------------------------
UPDATE BEST LOG-LIKELIHOOD: -5939.078
Iteration 30 / LogL: -5939.087 / Time: 0h:0m:2s (0h:0m:1s left)
Iteration 40 / LogL: -5939.078 / Time: 0h:0m:2s (0h:0m:1s left)
Iteration 50 / LogL: -5939.164 / Time: 0h:0m:2s (0h:0m:1s left)
Log-likelihood cutoff on original alignment: -5948.652
Iteration 60 / LogL: -5939.078 / Time: 0h:0m:3s (0h:0m:0s left)
Iteration 70 / LogL: -5939.289 / Time: 0h:0m:3s (0h:0m:0s left)
Iteration 80 / LogL: -5939.078 / Time: 0h:0m:3s (0h:0m:0s left)
Iteration 90 / LogL: -5939.078 / Time: 0h:0m:3s (0h:0m:0s left)
Iteration 100 / LogL: -5939.101 / Time: 0h:0m:3s (0h:0m:0s left)
Log-likelihood cutoff on original alignment: -5948.652
NOTE: Bootstrap correlation coefficient of split occurrence frequencies: 1.000
TREE SEARCH COMPLETED AFTER 102 ITERATIONS / Time: 0h:0m:3s

--------------------------------------------------------------------
|                    FINALIZING TREE SEARCH                        |
--------------------------------------------------------------------
Performs final model parameters optimization
Estimate model parameters (epsilon = 0.010)
1. Initial log-likelihood: -5939.078
Optimal log-likelihood: -5939.078
Rate parameters:  A-C: 1.00000  A-G: 5.46871  A-T: 1.00000  C-G: 1.00000  C-T: 5.46871  G-T: 1.00000
Base frequencies:  A: 0.353  C: 0.189  G: 0.196  T: 0.262
Proportion of invariable sites: 0.545
Parameters optimization took 1 rounds (0.001 sec)
BEST SCORE FOUND : -5939.078
Creating bootstrap support values...
Split supports printed to NEXUS file per_gene_alignments_codon/LOC101404936_.aln.splits.nex
Total tree length: 0.213

Total number of iterations: 102
CPU time used for tree search: 1.022 sec (0h:0m:1s)
Wall-clock time used for tree search: 2.005 sec (0h:0m:2s)
Total CPU time used: 2.134 sec (0h:0m:2s)
Total wall-clock time used: 4.027 sec (0h:0m:4s)

Computing bootstrap consensus tree...
Reading input file per_gene_alignments_codon/LOC101404936_.aln.splits.nex...
7 taxa and 13 splits.
Consensus tree written to per_gene_alignments_codon/LOC101404936_.aln.contree
Reading input trees file per_gene_alignments_codon/LOC101404936_.aln.contree
Log-likelihood of consensus tree: -5939.078

Analysis results written to: 
  IQ-TREE report:                per_gene_alignments_codon/LOC101404936_.aln.iqtree
  Maximum-likelihood tree:       per_gene_alignments_codon/LOC101404936_.aln.treefile
  Likelihood distances:          per_gene_alignments_codon/LOC101404936_.aln.mldist

Ultrafast bootstrap approximation results written to:
  Split support values:          per_gene_alignments_codon/LOC101404936_.aln.splits.nex
  Consensus tree:                per_gene_alignments_codon/LOC101404936_.aln.contree
  Screen log file:               per_gene_alignments_codon/LOC101404936_.aln.log

Date and Time: Thu Oct 30 21:37:15 2025
