IQ-TREE multicore version 2.3.3 COVID-edition for Linux x86 64-bit built Apr 25 2024
Developed by Bui Quang Minh, James Barbetti, Nguyen Lam Tung, Olga Chernomor,
Heiko Schmidt, Dominik Schrempf, Michael Woodhams, Ly Trong Nhan, Thomas Wong

Host:    morpheus-OptiPlex-5050 (AVX2, FMA3, 503 GB RAM)
Command: iqtree2 -s per_gene_alignments_codon/LOC101401288_.aln.fna -m MFP -T 1 -B 1000 --prefix per_gene_alignments_codon/LOC101401288_.aln
Seed:    278865 (Using SPRNG - Scalable Parallel Random Number Generator)
Time:    Thu Oct 30 21:34:42 2025
Kernel:  AVX+FMA - 1 threads (72 CPU cores detected)

HINT: Use -nt option to specify number of threads because your CPU has 72 cores!
HINT: -nt AUTO will automatically determine the best number of threads to use.

Reading alignment file per_gene_alignments_codon/LOC101401288_.aln.fna ... Fasta format detected
Reading fasta file: done in 0.000521183 secs
Alignment most likely contains DNA/RNA sequences
Alignment has 7 sequences with 1734 columns, 309 distinct patterns
151 parsimony-informative, 427 singleton sites, 1156 constant sites
                     Gap/Ambiguity  Composition  p-value
Analyzing sequences: done in 2.19345e-05 secs
   1  Ceratotherium_simum   23.70%    passed     65.03%
   2  Diceros_bicornis       0.17%    passed     77.26%
   3  Equus_asinus           0.00%    passed     99.06%
   4  Equus_quagga          14.19%    passed     86.83%
   5  Equus_caballus         0.00%    passed     58.77%
   6  Canis_lupus            0.00%    passed     27.32%
   7  Bos_taurus             0.00%    passed     52.53%
****  TOTAL                  5.44%  0 sequences failed composition chi2 test (p-value<5%; df=3)


Create initial parsimony tree by phylogenetic likelihood library (PLL)... 0.000 seconds
Perform fast likelihood tree search using GTR+I+G model...
Estimate model parameters (epsilon = 5.000)
Perform nearest neighbor interchange...
Estimate model parameters (epsilon = 1.000)
1. Initial log-likelihood: -5827.852
Optimal log-likelihood: -5827.833
Rate parameters:  A-C: 1.50881  A-G: 3.62020  A-T: 1.11976  C-G: 2.14647  C-T: 5.13107  G-T: 1.00000
Base frequencies:  A: 0.305  C: 0.217  G: 0.246  T: 0.232
Proportion of invariable sites: 0.328
Gamma shape alpha: 998.347
Parameters optimization took 1 rounds (0.004 sec)
Time for fast ML tree search: 0.120 seconds

NOTE: ModelFinder requires 1 MB RAM!
ModelFinder will test up to 484 DNA models (sample size: 1734) ...
 No. Model         -LnL         df  AIC          AICc         BIC
  1  GTR+F         5841.475     19  11720.950    11721.393    11824.656
  2  GTR+F+I       5827.721     20  11695.442    11695.932    11804.606
  3  GTR+F+G4      5827.877     20  11695.754    11696.244    11804.917
  4  GTR+F+I+G4    5827.816     21  11697.633    11698.172    11812.254
  5  GTR+F+R2      5827.708     21  11697.415    11697.955    11812.037
  6  GTR+F+R3      5828.018     23  11702.037    11702.682    11827.575
 14  GTR+F+I+R2    5827.759     22  11699.518    11700.110    11819.599
 15  GTR+F+I+R3    5827.694     24  11703.387    11704.089    11834.384
 24  SYM+I         5847.491     17  11728.983    11729.340    11821.772
 25  SYM+G4        5847.582     17  11729.163    11729.520    11821.953
 26  SYM+I+G4      5847.521     18  11731.042    11731.441    11829.289
 27  SYM+R2        5847.437     18  11730.875    11731.274    11829.122
 46  TVM+F+I       5832.743     19  11703.487    11703.930    11807.193
 47  TVM+F+G4      5833.043     19  11704.085    11704.529    11807.791
 48  TVM+F+I+G4    5832.838     20  11705.675    11706.166    11814.839
 49  TVM+F+R2      5832.811     20  11705.622    11706.113    11814.786
 68  TVMe+I        5848.195     16  11728.389    11728.706    11815.720
 69  TVMe+G4       5848.337     16  11728.673    11728.990    11816.004
 70  TVMe+I+G4     5848.216     17  11730.432    11730.789    11823.221
 71  TVMe+R2       5848.177     17  11730.353    11730.710    11823.142
 90  TIM3+F+I      5830.018     18  11696.036    11696.435    11794.284
 91  TIM3+F+G4     5830.122     18  11696.243    11696.642    11794.491
 92  TIM3+F+I+G4   5830.107     19  11698.213    11698.657    11801.919
 93  TIM3+F+R2     5829.972     19  11697.944    11698.387    11801.649
112  TIM3e+I       5848.935     15  11727.870    11728.150    11809.743
113  TIM3e+G4      5849.020     15  11728.040    11728.319    11809.913
114  TIM3e+I+G4    5848.960     16  11729.920    11730.237    11817.251
115  TIM3e+R2      5848.874     16  11729.748    11730.065    11817.079
134  TIM2+F+I      5836.933     18  11709.866    11710.265    11808.113
135  TIM2+F+G4     5837.344     18  11710.689    11711.088    11808.936
136  TIM2+F+I+G4   5836.948     19  11711.895    11712.339    11815.601
137  TIM2+F+R2     5837.075     19  11712.150    11712.593    11815.855
156  TIM2e+I       5855.420     15  11740.839    11741.118    11822.712
157  TIM2e+G4      5855.711     15  11741.421    11741.701    11823.294
158  TIM2e+I+G4    5855.417     16  11742.835    11743.151    11830.166
159  TIM2e+R2      5855.503     16  11743.005    11743.322    11830.336
178  TIM+F+I       5836.752     18  11709.504    11709.903    11807.752
179  TIM+F+G4      5837.128     18  11710.256    11710.655    11808.503
180  TIM+F+I+G4    5836.758     19  11711.515    11711.959    11815.221
181  TIM+F+R2      5836.880     19  11711.760    11712.203    11815.465
200  TIMe+I        5854.305     15  11738.610    11738.889    11820.483
201  TIMe+G4       5854.598     15  11739.196    11739.476    11821.069
202  TIMe+I+G4     5854.302     16  11740.604    11740.920    11827.935
203  TIMe+R2       5854.387     16  11740.774    11741.091    11828.105
222  TPM3u+F+I     5835.041     17  11704.082    11704.439    11796.872
223  TPM3u+F+G4    5835.296     17  11704.592    11704.948    11797.381
224  TPM3u+F+I+G4  5835.116     18  11706.233    11706.632    11804.480
225  TPM3u+F+R2    5835.090     18  11706.181    11706.579    11804.428
244  TPM3+I        5849.643     14  11727.285    11727.529    11803.700
245  TPM3+G4       5849.768     14  11727.536    11727.780    11803.950
246  TPM3+I+G4     5849.661     15  11729.323    11729.602    11811.195
247  TPM3+R2       5849.611     15  11729.223    11729.502    11811.096
266  TPM2u+F+I     5841.931     17  11717.863    11718.219    11810.652
267  TPM2u+F+G4    5842.429     17  11718.858    11719.214    11811.647
268  TPM2u+F+I+G4  5841.947     18  11719.895    11720.294    11818.142
269  TPM2u+F+R2    5842.132     18  11720.264    11720.663    11818.511
288  TPM2+I        5856.135     14  11740.271    11740.515    11816.685
289  TPM2+G4       5856.443     14  11740.885    11741.130    11817.300
290  TPM2+I+G4     5856.132     15  11742.265    11742.544    11824.137
291  TPM2+R2       5856.232     15  11742.464    11742.744    11824.337
310  K3Pu+F+I      5841.782     17  11717.563    11717.920    11810.353
311  K3Pu+F+G4     5842.246     17  11718.493    11718.850    11811.282
312  K3Pu+F+I+G4   5841.790     18  11719.580    11719.979    11817.827
313  K3Pu+F+R2     5841.968     18  11719.937    11720.336    11818.184
332  K3P+I         5855.020     14  11738.040    11738.284    11814.455
333  K3P+G4        5855.324     14  11738.647    11738.891    11815.062
334  K3P+I+G4      5855.015     15  11740.031    11740.310    11821.903
335  K3P+R2        5855.118     15  11740.235    11740.514    11822.108
354  TN+F+I        5837.901     17  11709.803    11710.159    11802.592
355  TN+F+G4       5838.260     17  11710.519    11710.876    11803.309
356  TN+F+I+G4     5837.912     18  11711.825    11712.224    11810.072
357  TN+F+R2       5838.056     18  11712.111    11712.510    11810.358
376  TNe+I         5855.529     14  11739.058    11739.302    11815.472
377  TNe+G4        5855.795     14  11739.590    11739.834    11816.005
378  TNe+I+G4      5855.525     15  11741.049    11741.328    11822.922
379  TNe+R2        5855.599     15  11741.198    11741.478    11823.071
398  HKY+F+I       5842.918     16  11717.837    11718.153    11805.168
399  HKY+F+G4      5843.362     16  11718.724    11719.041    11806.055
400  HKY+F+I+G4    5842.931     17  11719.863    11720.219    11812.652
401  HKY+F+R2      5843.089     17  11720.178    11720.535    11812.967
420  K2P+I         5856.242     13  11738.484    11738.696    11809.441
421  K2P+G4        5856.526     13  11739.051    11739.263    11810.008
422  K2P+I+G4      5856.238     14  11740.475    11740.720    11816.890
423  K2P+R2        5856.326     14  11740.652    11740.896    11817.066
442  F81+F+I       5936.292     15  11902.584    11902.864    11984.457
443  F81+F+G4      5936.941     15  11903.882    11904.161    11985.755
444  F81+F+I+G4    5936.442     16  11904.885    11905.202    11992.216
445  F81+F+R2      5936.575     16  11905.150    11905.467    11992.481
464  JC+I          5952.570     12  11929.139    11929.320    11994.637
465  JC+G4         5953.101     12  11930.201    11930.383    11995.700
466  JC+I+G4       5952.659     13  11931.318    11931.530    12002.274
467  JC+R2         5952.765     13  11931.531    11931.742    12002.487
Akaike Information Criterion:           GTR+F+I
Corrected Akaike Information Criterion: GTR+F+I
Bayesian Information Criterion:         TIM3+F+I
Best-fit model: TIM3+F+I chosen according to BIC

All model information printed to per_gene_alignments_codon/LOC101401288_.aln.model.gz
CPU time for ModelFinder: 0.842 seconds (0h:0m:0s)
Wall-clock time for ModelFinder: 1.793 seconds (0h:0m:1s)
Generating 1000 samples for ultrafast bootstrap (seed: 278865)...

NOTE: 1 MB RAM (0 GB) is required!
Estimate model parameters (epsilon = 0.100)
1. Initial log-likelihood: -5830.018
Optimal log-likelihood: -5830.017
Rate parameters:  A-C: 1.70230  A-G: 3.40589  A-T: 1.00000  C-G: 1.70230  C-T: 4.82068  G-T: 1.00000
Base frequencies:  A: 0.305  C: 0.217  G: 0.246  T: 0.232
Proportion of invariable sites: 0.308
Parameters optimization took 1 rounds (0.001 sec)
Wrote distance file to... 
Computing ML distances based on estimated model parameters...
Calculating distance matrix: done in 0.000210047 secs using 99.5% CPU
Computing ML distances took 0.000278 sec (of wall-clock time) 0.000284 sec (of CPU time)
Setting up auxiliary I and S matrices: done in 5.00679e-05 secs using 147.8% CPU
Computing RapidNJ tree took 0.000144 sec (of wall-clock time) 0.000227 sec (of CPU time)
Log-likelihood of RapidNJ tree: -5830.017
--------------------------------------------------------------------
|             INITIALIZING CANDIDATE TREE SET                      |
--------------------------------------------------------------------
Generating 99 parsimony trees... 0.125 second
Computing log-likelihood of 35 initial trees ... 0.034 seconds
Current best score: -5830.017

Do NNI search on 20 best initial trees
Estimate model parameters (epsilon = 0.100)
BETTER TREE FOUND at iteration 1: -5830.017
Iteration 10 / LogL: -5830.018 / Time: 0h:0m:2s
Iteration 20 / LogL: -5830.118 / Time: 0h:0m:2s
Finish initializing candidate tree set (1)
Current best tree score: -5830.017 / CPU time: 0.445
Number of iterations: 20
--------------------------------------------------------------------
|               OPTIMIZING CANDIDATE TREE SET                      |
--------------------------------------------------------------------
Iteration 30 / LogL: -5830.031 / Time: 0h:0m:2s (0h:0m:2s left)
Iteration 40 / LogL: -5830.028 / Time: 0h:0m:2s (0h:0m:1s left)
Iteration 50 / LogL: -5830.024 / Time: 0h:0m:3s (0h:0m:1s left)
Log-likelihood cutoff on original alignment: -5840.384
Iteration 60 / LogL: -5830.062 / Time: 0h:0m:3s (0h:0m:0s left)
Iteration 70 / LogL: -5830.029 / Time: 0h:0m:3s (0h:0m:0s left)
Iteration 80 / LogL: -5830.018 / Time: 0h:0m:3s (0h:0m:0s left)
Iteration 90 / LogL: -5830.019 / Time: 0h:0m:3s (0h:0m:0s left)
Iteration 100 / LogL: -5830.036 / Time: 0h:0m:4s (0h:0m:0s left)
Log-likelihood cutoff on original alignment: -5840.384
NOTE: Bootstrap correlation coefficient of split occurrence frequencies: 1.000
TREE SEARCH COMPLETED AFTER 102 ITERATIONS / Time: 0h:0m:4s

--------------------------------------------------------------------
|                    FINALIZING TREE SEARCH                        |
--------------------------------------------------------------------
Performs final model parameters optimization
Estimate model parameters (epsilon = 0.010)
1. Initial log-likelihood: -5830.017
Optimal log-likelihood: -5830.017
Rate parameters:  A-C: 1.69930  A-G: 3.40226  A-T: 1.00000  C-G: 1.69930  C-T: 4.81192  G-T: 1.00000
Base frequencies:  A: 0.305  C: 0.217  G: 0.246  T: 0.232
Proportion of invariable sites: 0.308
Parameters optimization took 1 rounds (0.003 sec)
BEST SCORE FOUND : -5830.017
Creating bootstrap support values...
Split supports printed to NEXUS file per_gene_alignments_codon/LOC101401288_.aln.splits.nex
Total tree length: 0.507

Total number of iterations: 102
CPU time used for tree search: 1.172 sec (0h:0m:1s)
Wall-clock time used for tree search: 2.281 sec (0h:0m:2s)
Total CPU time used: 2.123 sec (0h:0m:2s)
Total wall-clock time used: 4.366 sec (0h:0m:4s)

Computing bootstrap consensus tree...
Reading input file per_gene_alignments_codon/LOC101401288_.aln.splits.nex...
7 taxa and 11 splits.
Consensus tree written to per_gene_alignments_codon/LOC101401288_.aln.contree
Reading input trees file per_gene_alignments_codon/LOC101401288_.aln.contree
Log-likelihood of consensus tree: -5830.017

Analysis results written to: 
  IQ-TREE report:                per_gene_alignments_codon/LOC101401288_.aln.iqtree
  Maximum-likelihood tree:       per_gene_alignments_codon/LOC101401288_.aln.treefile
  Likelihood distances:          per_gene_alignments_codon/LOC101401288_.aln.mldist

Ultrafast bootstrap approximation results written to:
  Split support values:          per_gene_alignments_codon/LOC101401288_.aln.splits.nex
  Consensus tree:                per_gene_alignments_codon/LOC101401288_.aln.contree
  Screen log file:               per_gene_alignments_codon/LOC101401288_.aln.log

Date and Time: Thu Oct 30 21:34:47 2025
