IQ-TREE multicore version 2.3.3 COVID-edition for Linux x86 64-bit built Apr 25 2024
Developed by Bui Quang Minh, James Barbetti, Nguyen Lam Tung, Olga Chernomor,
Heiko Schmidt, Dominik Schrempf, Michael Woodhams, Ly Trong Nhan, Thomas Wong

Host:    morpheus-OptiPlex-5050 (AVX2, FMA3, 503 GB RAM)
Command: iqtree2 -s per_gene_alignments_codon/LOC101389148_.aln.fna -m MFP -T 1 -B 1000 --prefix per_gene_alignments_codon/LOC101389148_.aln
Seed:    334352 (Using SPRNG - Scalable Parallel Random Number Generator)
Time:    Thu Oct 30 21:26:18 2025
Kernel:  AVX+FMA - 1 threads (72 CPU cores detected)

HINT: Use -nt option to specify number of threads because your CPU has 72 cores!
HINT: -nt AUTO will automatically determine the best number of threads to use.

Reading alignment file per_gene_alignments_codon/LOC101389148_.aln.fna ... Fasta format detected
Reading fasta file: done in 0.000355959 secs using 49.44% CPU
Alignment most likely contains DNA/RNA sequences
Alignment has 7 sequences with 1146 columns, 111 distinct patterns
128 parsimony-informative, 186 singleton sites, 832 constant sites
                     Gap/Ambiguity  Composition  p-value
Analyzing sequences: done in 1.5974e-05 secs using 43.82% CPU
   1  Ceratotherium_simum    0.00%    passed     91.50%
   2  Diceros_bicornis       0.00%    passed     95.50%
   3  Equus_asinus           0.00%    passed     99.50%
   4  Equus_quagga           0.00%    passed     99.87%
   5  Equus_caballus         0.00%    passed     99.78%
   6  Canis_lupus            0.00%    passed     83.00%
   7  Bos_taurus             1.05%    passed     45.16%
****  TOTAL                  0.15%  0 sequences failed composition chi2 test (p-value<5%; df=3)


Create initial parsimony tree by phylogenetic likelihood library (PLL)... 0.000 seconds
Perform fast likelihood tree search using GTR+I+G model...
Estimate model parameters (epsilon = 5.000)
Perform nearest neighbor interchange...
Estimate model parameters (epsilon = 1.000)
1. Initial log-likelihood: -3254.706
Optimal log-likelihood: -3254.704
Rate parameters:  A-C: 0.79085  A-G: 4.39900  A-T: 0.84453  C-G: 1.82622  C-T: 5.93597  G-T: 1.00000
Base frequencies:  A: 0.209  C: 0.299  G: 0.304  T: 0.188
Proportion of invariable sites: 0.362
Gamma shape alpha: 3.201
Parameters optimization took 1 rounds (0.003 sec)
Time for fast ML tree search: 0.048 seconds

NOTE: ModelFinder requires 0 MB RAM!
ModelFinder will test up to 484 DNA models (sample size: 1146) ...
 No. Model         -LnL         df  AIC          AICc         BIC
  1  GTR+F         3266.636     19  6571.273     6571.948     6667.109
  2  GTR+F+I       3254.888     20  6549.777     6550.524     6650.658
  3  GTR+F+G4      3254.703     20  6549.406     6550.152     6650.286
  4  GTR+F+I+G4    3254.712     21  6551.424     6552.246     6657.349
  5  GTR+F+R2      3255.426     21  6552.852     6553.674     6658.776
  6  GTR+F+R3      3254.801     23  6555.603     6556.587     6671.616
 14  GTR+F+I+R2    3254.870     22  6553.740     6554.641     6664.709
 15  GTR+F+I+R3    3254.780     24  6557.560     6558.631     6678.617
 24  SYM+I         3286.836     17  6607.672     6608.214     6693.420
 25  SYM+G4        3286.219     17  6606.438     6606.981     6692.187
 26  SYM+I+G4      3286.481     18  6608.962     6609.569     6699.755
 27  SYM+R2        3287.187     18  6610.375     6610.982     6701.167
 46  TVM+F+I       3256.677     19  6551.354     6552.028     6647.190
 47  TVM+F+G4      3256.262     19  6550.524     6551.199     6646.361
 48  TVM+F+I+G4    3256.391     20  6552.782     6553.528     6653.662
 49  TVM+F+R2      3257.129     20  6554.259     6555.005     6655.139
 68  TVMe+I        3287.668     16  6607.337     6607.818     6688.041
 69  TVMe+G4       3286.947     16  6605.895     6606.377     6686.599
 70  TVMe+I+G4     3287.288     17  6608.576     6609.119     6694.325
 71  TVMe+R2       3287.942     17  6609.885     6610.427     6695.633
 90  TIM3+F+I      3259.351     18  6554.701     6555.308     6645.494
 91  TIM3+F+G4     3259.056     18  6554.112     6554.719     6644.905
 92  TIM3+F+I+G4   3259.105     19  6556.211     6556.886     6652.047
 93  TIM3+F+R2     3259.772     19  6557.543     6558.218     6653.380
112  TIM3e+I       3295.407     15  6620.814     6621.238     6696.474
113  TIM3e+G4      3294.743     15  6619.486     6619.911     6695.147
114  TIM3e+I+G4    3295.008     16  6622.017     6622.498     6702.721
115  TIM3e+R2      3295.706     16  6623.413     6623.895     6704.117
134  TIM2+F+I      3256.870     18  6549.741     6550.348     6640.533
135  TIM2+F+G4     3256.773     18  6549.546     6550.153     6640.339
136  TIM2+F+I+G4   3256.743     19  6551.485     6552.160     6647.322
137  TIM2+F+R2     3257.466     19  6552.931     6553.606     6648.768
156  TIM2e+I       3293.015     15  6616.030     6616.455     6691.691
157  TIM2e+G4      3292.540     15  6615.079     6615.504     6690.740
158  TIM2e+I+G4    3292.757     16  6617.514     6617.996     6698.219
159  TIM2e+R2      3293.507     16  6619.013     6619.495     6699.718
178  TIM+F+I       3257.854     18  6551.708     6552.315     6642.500
179  TIM+F+G4      3257.786     18  6551.572     6552.179     6642.365
180  TIM+F+I+G4    3257.735     19  6553.471     6554.146     6649.308
181  TIM+F+R2      3258.440     19  6554.881     6555.556     6650.718
200  TIMe+I        3296.226     15  6622.452     6622.877     6698.113
201  TIMe+G4       3295.853     15  6621.706     6622.131     6697.367
202  TIMe+I+G4     3295.987     16  6623.974     6624.456     6704.679
203  TIMe+R2       3296.807     16  6625.615     6626.096     6706.319
222  TPM3u+F+I     3261.086     17  6556.171     6556.714     6641.920
223  TPM3u+F+G4    3260.553     17  6555.106     6555.648     6640.854
224  TPM3u+F+I+G4  3260.715     18  6557.430     6558.036     6648.222
225  TPM3u+F+R2    3261.350     18  6558.700     6559.307     6649.493
244  TPM3+I        3296.278     14  6620.557     6620.928     6691.173
245  TPM3+G4       3295.510     14  6619.020     6619.392     6689.637
246  TPM3+I+G4     3295.855     15  6621.710     6622.135     6697.371
247  TPM3+R2       3296.503     15  6623.005     6623.430     6698.666
266  TPM2u+F+I     3258.651     17  6551.302     6551.844     6637.050
267  TPM2u+F+G4    3258.313     17  6550.626     6551.169     6636.375
268  TPM2u+F+I+G4  3258.406     18  6552.811     6553.418     6643.604
269  TPM2u+F+R2    3259.150     18  6554.301     6554.908     6645.093
288  TPM2+I        3293.726     14  6615.451     6615.823     6686.068
289  TPM2+G4       3293.150     14  6614.299     6614.671     6684.916
290  TPM2+I+G4     3293.443     15  6616.885     6617.310     6692.546
291  TPM2+R2       3294.248     15  6618.495     6618.920     6694.156
310  K3Pu+F+I      3259.659     17  6553.318     6553.860     6639.066
311  K3Pu+F+G4     3259.336     17  6552.673     6553.215     6638.421
312  K3Pu+F+I+G4   3259.405     18  6554.809     6555.416     6645.602
313  K3Pu+F+R2     3260.055     18  6556.110     6556.717     6646.903
332  K3P+I         3297.022     14  6622.043     6622.414     6692.659
333  K3P+G4        3296.535     14  6621.071     6621.442     6691.687
334  K3P+I+G4      3296.746     15  6623.493     6623.918     6699.153
335  K3P+R2        3297.511     15  6625.023     6625.447     6700.683
354  TN+F+I        3260.698     17  6555.396     6555.939     6641.145
355  TN+F+G4       3260.538     17  6555.077     6555.619     6640.825
356  TN+F+I+G4     3260.529     18  6557.058     6557.665     6647.851
357  TN+F+R2       3261.205     18  6558.411     6559.018     6649.203
376  TNe+I         3300.591     14  6629.182     6629.553     6699.798
377  TNe+G4        3300.144     14  6628.288     6628.659     6698.904
378  TNe+I+G4      3300.328     15  6630.656     6631.081     6706.317
379  TNe+R2        3301.087     15  6632.174     6632.599     6707.835
398  HKY+F+I       3262.430     16  6556.860     6557.342     6637.565
399  HKY+F+G4      3262.028     16  6556.056     6556.537     6636.760
400  HKY+F+I+G4    3262.134     17  6558.269     6558.811     6644.017
401  HKY+F+R2      3262.776     17  6559.552     6560.095     6645.301
420  K2P+I         3301.352     13  6628.703     6629.025     6694.276
421  K2P+G4        3300.798     13  6627.595     6627.917     6693.167
422  K2P+I+G4      3301.058     14  6630.116     6630.488     6700.733
423  K2P+R2        3301.786     14  6631.571     6631.943     6702.188
442  F81+F+I       3336.010     15  6702.020     6702.445     6777.681
443  F81+F+G4      3335.491     15  6700.982     6701.407     6776.642
444  F81+F+I+G4    3335.915     16  6703.830     6704.312     6784.534
445  F81+F+R2      3336.061     16  6704.121     6704.603     6784.826
464  JC+I          3368.327     12  6760.653     6760.929     6821.182
465  JC+G4         3367.773     12  6759.546     6759.822     6820.075
466  JC+I+G4       3368.297     13  6762.594     6762.916     6828.167
467  JC+R2         3368.195     13  6762.389     6762.711     6827.962
Akaike Information Criterion:           GTR+F+G4
Corrected Akaike Information Criterion: GTR+F+G4
Bayesian Information Criterion:         TPM2u+F+G4
Best-fit model: TPM2u+F+G4 chosen according to BIC

All model information printed to per_gene_alignments_codon/LOC101389148_.aln.model.gz
CPU time for ModelFinder: 0.663 seconds (0h:0m:0s)
Wall-clock time for ModelFinder: 0.962 seconds (0h:0m:0s)
Generating 1000 samples for ultrafast bootstrap (seed: 334352)...

NOTE: 0 MB RAM (0 GB) is required!
Estimate model parameters (epsilon = 0.100)
1. Initial log-likelihood: -3258.313
Optimal log-likelihood: -3258.312
Rate parameters:  A-C: 0.53063  A-G: 3.33886  A-T: 0.53063  C-G: 1.00000  C-T: 3.33886  G-T: 1.00000
Base frequencies:  A: 0.209  C: 0.299  G: 0.304  T: 0.188
Gamma shape alpha: 0.708
Parameters optimization took 1 rounds (0.001 sec)
Wrote distance file to... 
Computing ML distances based on estimated model parameters...
Calculating distance matrix: done in 0.000543833 secs using 99.66% CPU
Computing ML distances took 0.000592 sec (of wall-clock time) 0.000596 sec (of CPU time)
Setting up auxiliary I and S matrices: done in 4.3869e-05 secs using 150.4% CPU
Computing RapidNJ tree took 0.000133 sec (of wall-clock time) 0.000193 sec (of CPU time)
Log-likelihood of RapidNJ tree: -3258.314
--------------------------------------------------------------------
|             INITIALIZING CANDIDATE TREE SET                      |
--------------------------------------------------------------------
Generating 99 parsimony trees... 0.053 second
Computing log-likelihood of 39 initial trees ... 0.018 seconds
Current best score: -3258.312

Do NNI search on 20 best initial trees
Estimate model parameters (epsilon = 0.100)
BETTER TREE FOUND at iteration 1: -3258.312
Iteration 10 / LogL: -3258.421 / Time: 0h:0m:1s
Iteration 20 / LogL: -3258.322 / Time: 0h:0m:1s
Finish initializing candidate tree set (1)
Current best tree score: -3258.312 / CPU time: 0.194
Number of iterations: 20
--------------------------------------------------------------------
|               OPTIMIZING CANDIDATE TREE SET                      |
--------------------------------------------------------------------
UPDATE BEST LOG-LIKELIHOOD: -3258.312
Iteration 30 / LogL: -3258.657 / Time: 0h:0m:1s (0h:0m:0s left)
UPDATE BEST LOG-LIKELIHOOD: -3258.312
UPDATE BEST LOG-LIKELIHOOD: -3258.312
Iteration 40 / LogL: -3258.871 / Time: 0h:0m:1s (0h:0m:0s left)
Iteration 50 / LogL: -3258.423 / Time: 0h:0m:1s (0h:0m:0s left)
Log-likelihood cutoff on original alignment: -3283.432
Iteration 60 / LogL: -3258.312 / Time: 0h:0m:1s (0h:0m:0s left)
Iteration 70 / LogL: -3258.493 / Time: 0h:0m:1s (0h:0m:0s left)
Iteration 80 / LogL: -3258.317 / Time: 0h:0m:2s (0h:0m:0s left)
Iteration 90 / LogL: -3258.338 / Time: 0h:0m:2s (0h:0m:0s left)
Iteration 100 / LogL: -3258.322 / Time: 0h:0m:2s (0h:0m:0s left)
Log-likelihood cutoff on original alignment: -3283.436
NOTE: Bootstrap correlation coefficient of split occurrence frequencies: 1.000
TREE SEARCH COMPLETED AFTER 102 ITERATIONS / Time: 0h:0m:2s

--------------------------------------------------------------------
|                    FINALIZING TREE SEARCH                        |
--------------------------------------------------------------------
Performs final model parameters optimization
Estimate model parameters (epsilon = 0.010)
1. Initial log-likelihood: -3258.312
Optimal log-likelihood: -3258.312
Rate parameters:  A-C: 0.53143  A-G: 3.33747  A-T: 0.53143  C-G: 1.00000  C-T: 3.33747  G-T: 1.00000
Base frequencies:  A: 0.209  C: 0.299  G: 0.304  T: 0.188
Gamma shape alpha: 0.710
Parameters optimization took 1 rounds (0.001 sec)
BEST SCORE FOUND : -3258.312
Creating bootstrap support values...
Split supports printed to NEXUS file per_gene_alignments_codon/LOC101389148_.aln.splits.nex
Total tree length: 0.403

Total number of iterations: 102
CPU time used for tree search: 1.082 sec (0h:0m:1s)
Wall-clock time used for tree search: 1.694 sec (0h:0m:1s)
Total CPU time used: 1.805 sec (0h:0m:1s)
Total wall-clock time used: 2.785 sec (0h:0m:2s)

Computing bootstrap consensus tree...
Reading input file per_gene_alignments_codon/LOC101389148_.aln.splits.nex...
7 taxa and 14 splits.
Consensus tree written to per_gene_alignments_codon/LOC101389148_.aln.contree
Reading input trees file per_gene_alignments_codon/LOC101389148_.aln.contree
Log-likelihood of consensus tree: -3258.314

Analysis results written to: 
  IQ-TREE report:                per_gene_alignments_codon/LOC101389148_.aln.iqtree
  Maximum-likelihood tree:       per_gene_alignments_codon/LOC101389148_.aln.treefile
  Likelihood distances:          per_gene_alignments_codon/LOC101389148_.aln.mldist

Ultrafast bootstrap approximation results written to:
  Split support values:          per_gene_alignments_codon/LOC101389148_.aln.splits.nex
  Consensus tree:                per_gene_alignments_codon/LOC101389148_.aln.contree
  Screen log file:               per_gene_alignments_codon/LOC101389148_.aln.log

Date and Time: Thu Oct 30 21:26:21 2025
