IQ-TREE multicore version 2.3.3 COVID-edition for Linux x86 64-bit built Apr 25 2024
Developed by Bui Quang Minh, James Barbetti, Nguyen Lam Tung, Olga Chernomor,
Heiko Schmidt, Dominik Schrempf, Michael Woodhams, Ly Trong Nhan, Thomas Wong

Host:    morpheus-OptiPlex-5050 (AVX2, FMA3, 503 GB RAM)
Command: iqtree2 -s per_gene_alignments_codon/LOC101399541_.aln.fna -m MFP -T 1 -B 1000 --prefix per_gene_alignments_codon/LOC101399541_.aln
Seed:    950828 (Using SPRNG - Scalable Parallel Random Number Generator)
Time:    Thu Oct 30 21:33:28 2025
Kernel:  AVX+FMA - 1 threads (72 CPU cores detected)

HINT: Use -nt option to specify number of threads because your CPU has 72 cores!
HINT: -nt AUTO will automatically determine the best number of threads to use.

Reading alignment file per_gene_alignments_codon/LOC101399541_.aln.fna ... Fasta format detected
Reading fasta file: done in 0.000776052 secs using 99.74% CPU
Alignment most likely contains DNA/RNA sequences
Alignment has 7 sequences with 2871 columns, 214 distinct patterns
273 parsimony-informative, 567 singleton sites, 2030 constant sites
                     Gap/Ambiguity  Composition  p-value
Analyzing sequences: done in 2.38419e-05 secs
   1  Ceratotherium_simum   12.12%    failed      0.63%
   2  Diceros_bicornis       0.00%    passed     60.38%
   3  Equus_asinus           0.00%    passed     93.94%
   4  Equus_quagga           0.00%    passed     94.41%
   5  Equus_caballus         0.00%    passed     87.37%
   6  Canis_lupus            2.51%    passed     98.67%
   7  Bos_taurus             2.61%    failed      0.00%
****  TOTAL                  2.46%  2 sequences failed composition chi2 test (p-value<5%; df=3)


Create initial parsimony tree by phylogenetic likelihood library (PLL)... 0.000 seconds
Perform fast likelihood tree search using GTR+I+G model...
Estimate model parameters (epsilon = 5.000)
Perform nearest neighbor interchange...
Estimate model parameters (epsilon = 1.000)
1. Initial log-likelihood: -8171.456
Optimal log-likelihood: -8171.301
Rate parameters:  A-C: 2.40432  A-G: 5.07156  A-T: 0.81313  C-G: 2.14286  C-T: 9.88557  G-T: 1.00000
Base frequencies:  A: 0.217  C: 0.293  G: 0.339  T: 0.151
Proportion of invariable sites: 0.351
Gamma shape alpha: 1.540
Parameters optimization took 1 rounds (0.007 sec)
Time for fast ML tree search: 0.073 seconds

NOTE: ModelFinder requires 1 MB RAM!
ModelFinder will test up to 484 DNA models (sample size: 2871) ...
 No. Model         -LnL         df  AIC          AICc         BIC
  1  GTR+F         8223.825     19  16485.651    16485.918    16598.937
  2  GTR+F+I       8171.060     20  16382.121    16382.415    16501.369
  3  GTR+F+G4      8171.777     20  16383.554    16383.848    16502.802
  4  GTR+F+I+G4    8171.258     21  16384.516    16384.841    16509.727
  5  GTR+F+R2      8171.247     21  16384.494    16384.818    16509.704
  6  GTR+F+R3      8171.186     23  16388.373    16388.761    16525.508
 14  GTR+F+I+R2    8171.260     22  16386.519    16386.875    16517.692
 15  GTR+F+I+R3    8171.281     24  16390.562    16390.984    16533.660
 24  SYM+I         8353.993     17  16741.985    16742.200    16843.346
 25  SYM+G4        8353.534     17  16741.068    16741.283    16842.429
 26  SYM+I+G4      8353.468     18  16742.936    16743.176    16850.260
 27  SYM+R2        8353.874     18  16743.749    16743.989    16851.072
 46  TVM+F+I       8189.629     19  16417.257    16417.524    16530.543
 47  TVM+F+G4      8189.046     19  16416.092    16416.359    16529.378
 48  TVM+F+I+G4    8188.876     20  16417.753    16418.048    16537.001
 49  TVM+F+R2      8189.411     20  16418.822    16419.116    16538.070
 68  TVMe+I        8359.307     16  16750.614    16750.804    16846.012
 69  TVMe+G4       8358.304     16  16748.608    16748.798    16844.007
 70  TVMe+I+G4     8358.339     17  16750.678    16750.892    16852.039
 71  TVMe+R2       8359.024     17  16752.048    16752.263    16853.409
 90  TIM3+F+I      8171.482     18  16378.964    16379.204    16486.287
 91  TIM3+F+G4     8172.143     18  16380.286    16380.525    16487.609
 92  TIM3+F+I+G4   8171.641     19  16381.282    16381.549    16494.568
 93  TIM3+F+R2     8171.685     19  16381.370    16381.636    16494.656
112  TIM3e+I       8356.240     15  16742.480    16742.648    16831.916
113  TIM3e+G4      8355.802     15  16741.603    16741.771    16831.040
114  TIM3e+I+G4    8355.753     16  16743.506    16743.696    16838.904
115  TIM3e+R2      8356.119     16  16744.238    16744.428    16839.636
134  TIM2+F+I      8183.704     18  16403.408    16403.648    16510.732
135  TIM2+F+G4     8184.155     18  16404.310    16404.550    16511.634
136  TIM2+F+I+G4   8183.637     19  16405.274    16405.541    16518.560
137  TIM2+F+R2     8183.756     19  16405.513    16405.780    16518.799
156  TIM2e+I       8394.221     15  16818.442    16818.610    16907.878
157  TIM2e+G4      8394.535     15  16819.071    16819.239    16908.507
158  TIM2e+I+G4    8394.307     16  16820.615    16820.805    16916.013
159  TIM2e+R2      8394.397     16  16820.794    16820.984    16916.192
178  TIM+F+I       8183.674     18  16403.348    16403.588    16510.671
179  TIM+F+G4      8184.133     18  16404.265    16404.505    16511.589
180  TIM+F+I+G4    8183.644     19  16405.287    16405.554    16518.573
181  TIM+F+R2      8183.734     19  16405.467    16405.734    16518.753
200  TIMe+I        8393.509     15  16817.019    16817.187    16906.455
201  TIMe+G4       8393.770     15  16817.541    16817.709    16906.977
202  TIMe+I+G4     8393.577     16  16819.154    16819.344    16914.552
203  TIMe+R2       8393.663     16  16819.326    16819.517    16914.725
222  TPM3u+F+I     8190.056     17  16414.111    16414.326    16515.472
223  TPM3u+F+G4    8189.505     17  16413.011    16413.225    16514.372
224  TPM3u+F+I+G4  8189.305     18  16414.610    16414.850    16521.933
225  TPM3u+F+R2    8189.823     18  16415.646    16415.886    16522.969
244  TPM3+I        8361.666     14  16751.331    16751.478    16834.805
245  TPM3+G4       8360.624     14  16749.248    16749.395    16832.722
246  TPM3+I+G4     8360.683     15  16751.367    16751.535    16840.803
247  TPM3+R2       8361.358     15  16752.716    16752.884    16842.153
266  TPM2u+F+I     8202.727     17  16439.453    16439.668    16540.814
267  TPM2u+F+G4    8202.450     17  16438.899    16439.114    16540.260
268  TPM2u+F+I+G4  8202.234     18  16440.467    16440.707    16547.791
269  TPM2u+F+R2    8202.619     18  16441.239    16441.478    16548.562
288  TPM2+I        8398.828     14  16825.657    16825.804    16909.130
289  TPM2+G4       8398.667     14  16825.334    16825.481    16908.808
290  TPM2+I+G4     8398.565     15  16827.129    16827.297    16916.565
291  TPM2+R2       8398.822     15  16827.644    16827.812    16917.080
310  K3Pu+F+I      8202.677     17  16439.354    16439.569    16540.715
311  K3Pu+F+G4     8202.494     17  16438.988    16439.202    16540.349
312  K3Pu+F+I+G4   8202.270     18  16440.540    16440.780    16547.863
313  K3Pu+F+R2     8202.606     18  16441.211    16441.451    16548.535
332  K3P+I         8398.167     14  16824.335    16824.482    16907.809
333  K3P+G4        8397.983     14  16823.965    16824.112    16907.439
334  K3P+I+G4      8397.900     15  16825.799    16825.967    16915.236
335  K3P+R2        8398.157     15  16826.314    16826.482    16915.751
354  TN+F+I        8183.747     17  16401.494    16401.709    16502.856
355  TN+F+G4       8184.233     17  16402.465    16402.680    16503.826
356  TN+F+I+G4     8183.719     18  16403.439    16403.679    16510.762
357  TN+F+R2       8183.800     18  16403.600    16403.840    16510.924
376  TNe+I         8395.916     14  16819.833    16819.980    16903.307
377  TNe+G4        8396.225     14  16820.450    16820.597    16903.924
378  TNe+I+G4      8395.993     15  16821.986    16822.154    16911.422
379  TNe+R2        8396.089     15  16822.178    16822.346    16911.614
398  HKY+F+I       8202.804     16  16437.608    16437.799    16533.007
399  HKY+F+G4      8202.592     16  16437.184    16437.374    16532.582
400  HKY+F+I+G4    8202.366     17  16438.733    16438.947    16540.094
401  HKY+F+R2      8202.715     17  16439.430    16439.645    16540.791
420  K2P+I         8400.581     13  16827.161    16827.289    16904.673
421  K2P+G4        8400.411     13  16826.823    16826.950    16904.334
422  K2P+I+G4      8400.303     14  16828.605    16828.752    16912.079
423  K2P+R2        8400.581     14  16829.162    16829.309    16912.636
442  F81+F+I       8361.220     15  16752.440    16752.608    16841.876
443  F81+F+G4      8361.302     15  16752.603    16752.772    16842.040
444  F81+F+I+G4    8361.167     16  16754.334    16754.525    16849.733
445  F81+F+R2      8361.366     16  16754.732    16754.922    16850.130
464  JC+I          8537.548     12  17099.096    17099.205    17170.645
465  JC+G4         8537.601     12  17099.202    17099.311    17170.751
466  JC+I+G4       8537.504     13  17101.008    17101.135    17178.519
467  JC+R2         8537.648     13  17101.297    17101.424    17178.808
Akaike Information Criterion:           TIM3+F+I
Corrected Akaike Information Criterion: TIM3+F+I
Bayesian Information Criterion:         TIM3+F+I
Best-fit model: TIM3+F+I chosen according to BIC

All model information printed to per_gene_alignments_codon/LOC101399541_.aln.model.gz
CPU time for ModelFinder: 1.798 seconds (0h:0m:1s)
Wall-clock time for ModelFinder: 2.549 seconds (0h:0m:2s)
Generating 1000 samples for ultrafast bootstrap (seed: 950828)...

NOTE: 0 MB RAM (0 GB) is required!
Estimate model parameters (epsilon = 0.100)
1. Initial log-likelihood: -8171.482
Optimal log-likelihood: -8171.475
Rate parameters:  A-C: 2.40479  A-G: 5.38262  A-T: 1.00000  C-G: 2.40479  C-T: 10.67848  G-T: 1.00000
Base frequencies:  A: 0.217  C: 0.293  G: 0.339  T: 0.151
Proportion of invariable sites: 0.514
Parameters optimization took 1 rounds (0.001 sec)
Wrote distance file to... 
Computing ML distances based on estimated model parameters...
Calculating distance matrix: done in 0.000192881 secs using 99.54% CPU
Computing ML distances took 0.000258 sec (of wall-clock time) 0.000264 sec (of CPU time)
Setting up auxiliary I and S matrices: done in 4.29153e-05 secs using 97.87% CPU
Computing RapidNJ tree took 0.000140 sec (of wall-clock time) 0.000139 sec (of CPU time)
Log-likelihood of RapidNJ tree: -8171.475
--------------------------------------------------------------------
|             INITIALIZING CANDIDATE TREE SET                      |
--------------------------------------------------------------------
Generating 99 parsimony trees... 0.079 second
Computing log-likelihood of 39 initial trees ... 0.016 seconds
Current best score: -8171.475

Do NNI search on 20 best initial trees
Estimate model parameters (epsilon = 0.100)
BETTER TREE FOUND at iteration 1: -8171.474
Iteration 10 / LogL: -8171.544 / Time: 0h:0m:2s
Iteration 20 / LogL: -8172.094 / Time: 0h:0m:2s
Finish initializing candidate tree set (1)
Current best tree score: -8171.474 / CPU time: 0.196
Number of iterations: 20
--------------------------------------------------------------------
|               OPTIMIZING CANDIDATE TREE SET                      |
--------------------------------------------------------------------
UPDATE BEST LOG-LIKELIHOOD: -8171.474
Iteration 30 / LogL: -8171.740 / Time: 0h:0m:2s (0h:0m:0s left)
WARNING: NNI search needs unusual large number of steps (7) to converge!
Iteration 40 / LogL: -8171.474 / Time: 0h:0m:2s (0h:0m:0s left)
WARNING: NNI search needs unusual large number of steps (7) to converge!
WARNING: NNI search needs unusual large number of steps (7) to converge!
Iteration 50 / LogL: -8171.475 / Time: 0h:0m:3s (0h:0m:0s left)
Log-likelihood cutoff on original alignment: -8189.677
Iteration 60 / LogL: -8171.502 / Time: 0h:0m:3s (0h:0m:0s left)
Iteration 70 / LogL: -8171.502 / Time: 0h:0m:3s (0h:0m:0s left)
Iteration 80 / LogL: -8171.477 / Time: 0h:0m:3s (0h:0m:0s left)
Iteration 90 / LogL: -8171.475 / Time: 0h:0m:3s (0h:0m:0s left)
UPDATE BEST LOG-LIKELIHOOD: -8171.474
Iteration 100 / LogL: -8171.474 / Time: 0h:0m:3s (0h:0m:0s left)
Log-likelihood cutoff on original alignment: -8189.677
NOTE: Bootstrap correlation coefficient of split occurrence frequencies: 1.000
TREE SEARCH COMPLETED AFTER 102 ITERATIONS / Time: 0h:0m:3s

--------------------------------------------------------------------
|                    FINALIZING TREE SEARCH                        |
--------------------------------------------------------------------
Performs final model parameters optimization
Estimate model parameters (epsilon = 0.010)
1. Initial log-likelihood: -8171.474
Optimal log-likelihood: -8171.473
Rate parameters:  A-C: 2.39133  A-G: 5.36903  A-T: 1.00000  C-G: 2.39133  C-T: 10.64901  G-T: 1.00000
Base frequencies:  A: 0.217  C: 0.293  G: 0.339  T: 0.151
Proportion of invariable sites: 0.514
Parameters optimization took 1 rounds (0.001 sec)
BEST SCORE FOUND : -8171.473
Creating bootstrap support values...
Split supports printed to NEXUS file per_gene_alignments_codon/LOC101399541_.aln.splits.nex
Total tree length: 0.521

Total number of iterations: 102
CPU time used for tree search: 1.122 sec (0h:0m:1s)
Wall-clock time used for tree search: 1.073 sec (0h:0m:1s)
Total CPU time used: 2.997 sec (0h:0m:2s)
Total wall-clock time used: 3.702 sec (0h:0m:3s)

Computing bootstrap consensus tree...
Reading input file per_gene_alignments_codon/LOC101399541_.aln.splits.nex...
7 taxa and 15 splits.
Consensus tree written to per_gene_alignments_codon/LOC101399541_.aln.contree
Reading input trees file per_gene_alignments_codon/LOC101399541_.aln.contree
Log-likelihood of consensus tree: -8171.474

Analysis results written to: 
  IQ-TREE report:                per_gene_alignments_codon/LOC101399541_.aln.iqtree
  Maximum-likelihood tree:       per_gene_alignments_codon/LOC101399541_.aln.treefile
  Likelihood distances:          per_gene_alignments_codon/LOC101399541_.aln.mldist

Ultrafast bootstrap approximation results written to:
  Split support values:          per_gene_alignments_codon/LOC101399541_.aln.splits.nex
  Consensus tree:                per_gene_alignments_codon/LOC101399541_.aln.contree
  Screen log file:               per_gene_alignments_codon/LOC101399541_.aln.log

Date and Time: Thu Oct 30 21:33:33 2025
