IQ-TREE multicore version 2.3.3 COVID-edition for Linux x86 64-bit built Apr 25 2024
Developed by Bui Quang Minh, James Barbetti, Nguyen Lam Tung, Olga Chernomor,
Heiko Schmidt, Dominik Schrempf, Michael Woodhams, Ly Trong Nhan, Thomas Wong

Host:    morpheus-OptiPlex-5050 (AVX2, FMA3, 503 GB RAM)
Command: iqtree2 -s per_gene_alignments_codon/LOC101403603_.aln.fna -m MFP -T 1 -B 1000 --prefix per_gene_alignments_codon/LOC101403603_.aln
Seed:    495010 (Using SPRNG - Scalable Parallel Random Number Generator)
Time:    Thu Oct 30 21:36:18 2025
Kernel:  AVX+FMA - 1 threads (72 CPU cores detected)

HINT: Use -nt option to specify number of threads because your CPU has 72 cores!
HINT: -nt AUTO will automatically determine the best number of threads to use.

Reading alignment file per_gene_alignments_codon/LOC101403603_.aln.fna ... Fasta format detected
Reading fasta file: done in 0.000442982 secs
Alignment most likely contains DNA/RNA sequences
Alignment has 7 sequences with 1449 columns, 148 distinct patterns
112 parsimony-informative, 198 singleton sites, 1139 constant sites
                     Gap/Ambiguity  Composition  p-value
Analyzing sequences: done in 1.90735e-05 secs
   1  Ceratotherium_simum    6.63%    passed     93.42%
   2  Diceros_bicornis       0.00%    passed     99.11%
   3  Equus_asinus           0.00%    passed     29.79%
   4  Equus_quagga           0.00%    passed     27.20%
   5  Equus_caballus         0.00%    passed     74.76%
   6  Canis_lupus            0.00%    failed      0.57%
   7  Bos_taurus             7.45%    passed     69.87%
****  TOTAL                  2.01%  1 sequences failed composition chi2 test (p-value<5%; df=3)


Create initial parsimony tree by phylogenetic likelihood library (PLL)... 0.000 seconds
Perform fast likelihood tree search using GTR+I+G model...
Estimate model parameters (epsilon = 5.000)
Perform nearest neighbor interchange...
Estimate model parameters (epsilon = 1.000)
1. Initial log-likelihood: -3866.737
Optimal log-likelihood: -3866.571
Rate parameters:  A-C: 1.32107  A-G: 5.96710  A-T: 0.74888  C-G: 1.95111  C-T: 5.63926  G-T: 1.00000
Base frequencies:  A: 0.203  C: 0.311  G: 0.303  T: 0.183
Proportion of invariable sites: 0.387
Gamma shape alpha: 0.424
Parameters optimization took 1 rounds (0.004 sec)
Time for fast ML tree search: 0.068 seconds

NOTE: ModelFinder requires 0 MB RAM!
ModelFinder will test up to 484 DNA models (sample size: 1449) ...
 No. Model         -LnL         df  AIC          AICc         BIC
  1  GTR+F         3943.128     19  7924.256     7924.788     8024.550
  2  GTR+F+I       3872.354     20  7784.707     7785.296     7890.280
  3  GTR+F+G4      3869.899     20  7779.797     7780.386     7885.370
  4  GTR+F+I+G4    3866.531     21  7775.063     7775.710     7885.914
  5  GTR+F+R2      3851.027     21  7744.055     7744.702     7854.906
  6  GTR+F+R3      3843.778     23  7733.556     7734.331     7854.965
 14  GTR+F+I+R2    3843.997     22  7731.994     7732.704     7848.124
 15  GTR+F+I+R3    3843.826     24  7735.652     7736.495     7862.339
 27  SYM+R2        3886.567     18  7809.134     7809.612     7904.149
 28  SYM+R3        3883.275     20  7806.550     7807.138     7912.122
 36  SYM+I+R2      3881.503     19  7801.007     7801.539     7901.301
 49  TVM+F+R2      3852.093     20  7744.185     7744.773     7849.758
WARNING: Log-likelihood -3943.33 of TVM+F+R3 worse than TVM+F+R2 -3852.09
 50  TVM+F+R3      3943.329     22  7930.658     7931.368     8046.788
 58  TVM+F+I+R2    3844.736     21  7731.472     7732.119     7842.323
 71  TVMe+R2       3887.363     17  7808.727     7809.155     7898.464
 72  TVMe+R3       3884.008     19  7806.016     7806.548     7906.310
 80  TVMe+I+R2     3881.730     18  7799.459     7799.938     7894.475
 93  TIM3+F+R2     3852.359     19  7742.718     7743.250     7843.012
WARNING: Log-likelihood -3945.04 of TIM3+F+R3 worse than TIM3+F+R2 -3852.36
 94  TIM3+F+R3     3945.043     21  7932.085     7932.733     8042.936
102  TIM3+F+I+R2   3845.395     20  7730.790     7731.379     7836.363
115  TIM3e+R2      3891.868     16  7815.736     7816.116     7900.194
116  TIM3e+R3      3888.490     18  7812.981     7813.459     7907.996
124  TIM3e+I+R2    3886.742     17  7807.483     7807.911     7897.220
137  TIM2+F+R2     3854.170     19  7746.340     7746.871     7846.634
138  TIM2+F+R3     3854.446     21  7750.891     7751.539     7861.742
146  TIM2+F+I+R2   3845.937     20  7731.874     7732.463     7837.447
159  TIM2e+R2      3896.808     16  7825.616     7825.996     7910.074
160  TIM2e+R3      3890.183     18  7816.367     7816.845     7911.382
168  TIM2e+I+R2    3890.134     17  7814.268     7814.696     7904.005
181  TIM+F+R2      3854.933     19  7747.865     7748.397     7848.159
182  TIM+F+R3      3855.333     21  7752.666     7753.313     7863.517
190  TIM+F+I+R2    3846.567     20  7733.134     7733.722     7838.707
203  TIMe+R2       3899.333     16  7830.667     7831.047     7915.125
204  TIMe+R3       3892.940     18  7821.881     7822.359     7916.896
212  TIMe+I+R2     3892.630     17  7819.260     7819.688     7908.997
225  TPM3u+F+R2    3853.927     18  7743.854     7744.332     7838.869
226  TPM3u+F+R3    3854.172     20  7748.345     7748.933     7853.917
234  TPM3u+F+I+R2  3846.115     19  7730.230     7730.762     7830.524
247  TPM3+R2       3892.648     15  7815.296     7815.631     7894.475
248  TPM3+R3       3888.820     17  7811.640     7812.067     7901.376
256  TPM3+I+R2     3887.092     16  7806.185     7806.565     7890.643
269  TPM2u+F+R2    3855.832     18  7747.665     7748.143     7842.680
270  TPM2u+F+R3    3855.999     20  7751.998     7752.586     7857.570
278  TPM2u+F+I+R2  3846.780     19  7731.559     7732.091     7831.853
291  TPM2+R2       3897.642     15  7825.285     7825.620     7904.464
292  TPM2+R3       3890.791     17  7815.581     7816.009     7905.318
300  TPM2+I+R2     3890.394     16  7812.789     7813.169     7897.247
313  K3Pu+F+R2     3856.544     18  7749.087     7749.565     7844.102
314  K3Pu+F+R3     3856.701     20  7753.403     7753.991     7858.976
322  K3Pu+F+I+R2   3847.360     19  7732.721     7733.253     7833.015
335  K3P+R2        3900.110     15  7830.220     7830.555     7909.399
336  K3P+R3        3893.622     17  7821.244     7821.671     7910.980
344  K3P+I+R2      3892.920     16  7817.840     7818.219     7902.298
357  TN+F+R2       3855.963     18  7747.926     7748.404     7842.941
358  TN+F+R3       3856.380     20  7752.760     7753.348     7858.333
366  TN+F+I+R2     3847.585     19  7733.170     7733.702     7833.464
379  TNe+R2        3901.528     15  7833.056     7833.391     7912.235
380  TNe+R3        3895.148     17  7824.295     7824.723     7914.032
388  TNe+I+R2      3895.312     16  7822.624     7823.003     7907.082
401  HKY+F+R2      3857.541     17  7749.083     7749.511     7838.820
402  HKY+F+R3      3857.975     19  7753.951     7754.483     7854.245
410  HKY+F+I+R2    3848.500     18  7733.000     7733.479     7828.016
423  K2P+R2        3902.499     14  7832.998     7833.291     7906.899
424  K2P+R3        3895.859     16  7823.717     7824.097     7908.175
432  K2P+I+R2      3895.592     15  7821.185     7821.520     7900.364
445  F81+F+R2      3924.420     16  7880.839     7881.219     7965.297
446  F81+F+R3      3924.529     18  7885.058     7885.537     7980.074
454  F81+F+I+R2    3922.949     17  7879.898     7880.326     7969.635
467  JC+R2         3962.825     13  7951.651     7951.904     8020.273
WARNING: Log-likelihood -3983.51 of JC+R3 worse than JC+R2 -3962.83
468  JC+R3         3983.509     15  7997.018     7997.353     8076.197
476  JC+I+R2       3961.656     14  7951.312     7951.604     8025.212
Akaike Information Criterion:           TPM3u+F+I+R2
Corrected Akaike Information Criterion: TPM3u+F+I+R2
Bayesian Information Criterion:         HKY+F+I+R2
Best-fit model: HKY+F+I+R2 chosen according to BIC

All model information printed to per_gene_alignments_codon/LOC101403603_.aln.model.gz
CPU time for ModelFinder: 6.022 seconds (0h:0m:6s)
Wall-clock time for ModelFinder: 9.101 seconds (0h:0m:9s)
Generating 1000 samples for ultrafast bootstrap (seed: 495010)...

NOTE: 0 MB RAM (0 GB) is required!
Estimate model parameters (epsilon = 0.100)
1. Initial log-likelihood: -3848.500
Optimal log-likelihood: -3848.401
Rate parameters:  A-C: 1.00000  A-G: 5.13686  A-T: 1.00000  C-G: 1.00000  C-T: 5.13686  G-T: 1.00000
Base frequencies:  A: 0.203  C: 0.311  G: 0.303  T: 0.183
Proportion of invariable sites: 0.567
Site proportion and rates:  (0.386,0.270) (0.047,18.938)
Parameters optimization took 1 rounds (0.012 sec)
Wrote distance file to... 
Computing ML distances based on estimated model parameters...
Calculating distance matrix: done in 0.000265121 secs using 99.58% CPU
Computing ML distances took 0.000325 sec (of wall-clock time) 0.000330 sec (of CPU time)
Setting up auxiliary I and S matrices: done in 4.29153e-05 secs using 156.1% CPU
Computing RapidNJ tree took 0.000143 sec (of wall-clock time) 0.000207 sec (of CPU time)
Log-likelihood of RapidNJ tree: -3848.394
--------------------------------------------------------------------
|             INITIALIZING CANDIDATE TREE SET                      |
--------------------------------------------------------------------
Generating 99 parsimony trees... 0.080 second
Computing log-likelihood of 41 initial trees ... 0.043 seconds
Current best score: -3848.394

Do NNI search on 20 best initial trees
Estimate model parameters (epsilon = 0.100)
BETTER TREE FOUND at iteration 1: -3846.327
Iteration 10 / LogL: -3846.764 / Time: 0h:0m:9s
Iteration 20 / LogL: -3846.334 / Time: 0h:0m:9s
Finish initializing candidate tree set (1)
Current best tree score: -3846.327 / CPU time: 0.310
Number of iterations: 20
--------------------------------------------------------------------
|               OPTIMIZING CANDIDATE TREE SET                      |
--------------------------------------------------------------------
UPDATE BEST LOG-LIKELIHOOD: -3846.327
UPDATE BEST LOG-LIKELIHOOD: -3846.322
UPDATE BEST LOG-LIKELIHOOD: -3846.322
Iteration 30 / LogL: -3846.338 / Time: 0h:0m:9s (0h:0m:1s left)
UPDATE BEST LOG-LIKELIHOOD: -3846.321
Iteration 40 / LogL: -3846.323 / Time: 0h:0m:9s (0h:0m:1s left)
UPDATE BEST LOG-LIKELIHOOD: -3846.321
UPDATE BEST LOG-LIKELIHOOD: -3846.321
Iteration 50 / LogL: -3905.284 / Time: 0h:0m:10s (0h:0m:1s left)
Log-likelihood cutoff on original alignment: -3865.553
UPDATE BEST LOG-LIKELIHOOD: -3846.321
Iteration 60 / LogL: -3846.349 / Time: 0h:0m:10s (0h:0m:0s left)
UPDATE BEST LOG-LIKELIHOOD: -3846.321
Iteration 70 / LogL: -3905.276 / Time: 0h:0m:10s (0h:0m:0s left)
Iteration 80 / LogL: -3846.321 / Time: 0h:0m:10s (0h:0m:0s left)
Iteration 90 / LogL: -3846.360 / Time: 0h:0m:10s (0h:0m:0s left)
Iteration 100 / LogL: -3846.361 / Time: 0h:0m:11s (0h:0m:0s left)
Log-likelihood cutoff on original alignment: -3865.872
NOTE: Bootstrap correlation coefficient of split occurrence frequencies: 1.000
TREE SEARCH COMPLETED AFTER 102 ITERATIONS / Time: 0h:0m:11s

--------------------------------------------------------------------
|                    FINALIZING TREE SEARCH                        |
--------------------------------------------------------------------
Performs final model parameters optimization
Estimate model parameters (epsilon = 0.010)
1. Initial log-likelihood: -3846.321
2. Current log-likelihood: -3846.272
3. Current log-likelihood: -3846.188
4. Current log-likelihood: -3846.111
5. Current log-likelihood: -3846.041
6. Current log-likelihood: -3845.978
7. Current log-likelihood: -3845.920
8. Current log-likelihood: -3845.867
9. Current log-likelihood: -3845.819
10. Current log-likelihood: -3845.776
11. Current log-likelihood: -3845.735
12. Current log-likelihood: -3845.697
13. Current log-likelihood: -3845.661
14. Current log-likelihood: -3845.629
15. Current log-likelihood: -3845.598
16. Current log-likelihood: -3845.570
17. Current log-likelihood: -3845.549
18. Current log-likelihood: -3845.525
Optimal log-likelihood: -3845.514
Rate parameters:  A-C: 1.00000  A-G: 5.25371  A-T: 1.00000  C-G: 1.00000  C-T: 5.25371  G-T: 1.00000
Base frequencies:  A: 0.203  C: 0.311  G: 0.303  T: 0.183
Proportion of invariable sites: 0.594
Site proportion and rates:  (0.360,0.228) (0.046,19.992)
Parameters optimization took 18 rounds (0.099 sec)
BEST SCORE FOUND : -3845.514
Creating bootstrap support values...
Split supports printed to NEXUS file per_gene_alignments_codon/LOC101403603_.aln.splits.nex
Total tree length: 2.967

Total number of iterations: 102
CPU time used for tree search: 1.131 sec (0h:0m:1s)
Wall-clock time used for tree search: 2.177 sec (0h:0m:2s)
Total CPU time used: 7.252 sec (0h:0m:7s)
Total wall-clock time used: 11.570 sec (0h:0m:11s)

Computing bootstrap consensus tree...
Reading input file per_gene_alignments_codon/LOC101403603_.aln.splits.nex...
7 taxa and 20 splits.
Consensus tree written to per_gene_alignments_codon/LOC101403603_.aln.contree
Reading input trees file per_gene_alignments_codon/LOC101403603_.aln.contree
Log-likelihood of consensus tree: -3845.513

Analysis results written to: 
  IQ-TREE report:                per_gene_alignments_codon/LOC101403603_.aln.iqtree
  Maximum-likelihood tree:       per_gene_alignments_codon/LOC101403603_.aln.treefile
  Likelihood distances:          per_gene_alignments_codon/LOC101403603_.aln.mldist

Ultrafast bootstrap approximation results written to:
  Split support values:          per_gene_alignments_codon/LOC101403603_.aln.splits.nex
  Consensus tree:                per_gene_alignments_codon/LOC101403603_.aln.contree
  Screen log file:               per_gene_alignments_codon/LOC101403603_.aln.log

Date and Time: Thu Oct 30 21:36:30 2025
