IQ-TREE multicore version 2.3.3 COVID-edition for Linux x86 64-bit built Apr 25 2024
Developed by Bui Quang Minh, James Barbetti, Nguyen Lam Tung, Olga Chernomor,
Heiko Schmidt, Dominik Schrempf, Michael Woodhams, Ly Trong Nhan, Thomas Wong

Host:    morpheus-OptiPlex-5050 (AVX2, FMA3, 503 GB RAM)
Command: iqtree2 -s per_gene_alignments_codon/LOC101407142_.aln.fna -m MFP -T 1 -B 1000 --prefix per_gene_alignments_codon/LOC101407142_.aln
Seed:    735259 (Using SPRNG - Scalable Parallel Random Number Generator)
Time:    Thu Oct 30 21:38:39 2025
Kernel:  AVX+FMA - 1 threads (72 CPU cores detected)

HINT: Use -nt option to specify number of threads because your CPU has 72 cores!
HINT: -nt AUTO will automatically determine the best number of threads to use.

Reading alignment file per_gene_alignments_codon/LOC101407142_.aln.fna ... Fasta format detected
Reading fasta file: done in 0.000669003 secs using 99.7% CPU
Alignment most likely contains DNA/RNA sequences
Alignment has 7 sequences with 2481 columns, 186 distinct patterns
1377 parsimony-informative, 379 singleton sites, 725 constant sites
                     Gap/Ambiguity  Composition  p-value
Analyzing sequences: done in 2.00272e-05 secs
   1  Ceratotherium_simum   20.80%    failed      0.00%
   2  Diceros_bicornis       0.00%    passed     90.98%
   3  Equus_asinus           0.00%    passed     56.45%
   4  Equus_quagga           0.00%    passed     54.43%
   5  Equus_caballus         0.00%    passed     48.95%
   6  Canis_lupus            0.36%    passed     99.25%
   7  Bos_taurus             0.00%    passed     85.36%
****  TOTAL                  3.02%  1 sequences failed composition chi2 test (p-value<5%; df=3)


Create initial parsimony tree by phylogenetic likelihood library (PLL)... 0.000 seconds
Perform fast likelihood tree search using GTR+I+G model...
Estimate model parameters (epsilon = 5.000)
Perform nearest neighbor interchange...
Estimate model parameters (epsilon = 1.000)
1. Initial log-likelihood: -8399.008
2. Current log-likelihood: -8397.727
Optimal log-likelihood: -8397.066
Rate parameters:  A-C: 1.39986  A-G: 3.72167  A-T: 0.38977  C-G: 2.29641  C-T: 5.62152  G-T: 1.00000
Base frequencies:  A: 0.283  C: 0.258  G: 0.255  T: 0.204
Proportion of invariable sites: 0.102
Gamma shape alpha: 5.043
Parameters optimization took 2 rounds (0.031 sec)
Time for fast ML tree search: 0.093 seconds

NOTE: ModelFinder requires 1 MB RAM!
ModelFinder will test up to 484 DNA models (sample size: 2481) ...
 No. Model         -LnL         df  AIC          AICc         BIC
  1  GTR+F         8421.990     19  16881.980    16882.289    16992.492
  2  GTR+F+I       8397.187     20  16834.373    16834.715    16950.702
  3  GTR+F+G4      8408.499     20  16856.999    16857.340    16973.327
  4  GTR+F+I+G4    8396.464     21  16834.928    16835.303    16957.072
  5  GTR+F+R2      8415.508     21  16873.015    16873.391    16995.160
  6  GTR+F+R3      8403.058     23  16852.116    16852.565    16985.894
  7  GTR+F+R4      8402.504     25  16855.008    16855.537    17000.418
 14  GTR+F+I+R2    8396.037     22  16836.074    16836.486    16964.035
 15  GTR+F+I+R3    8395.211     24  16838.422    16838.911    16978.016
 24  SYM+I         8426.213     17  16886.425    16886.674    16985.304
 26  SYM+I+G4      8425.405     18  16886.810    16887.087    16991.505
 46  TVM+F+I       8401.131     19  16840.262    16840.571    16950.774
 48  TVM+F+I+G4    8400.373     20  16840.745    16841.087    16957.074
 68  TVMe+I        8427.620     16  16887.240    16887.460    16980.302
 70  TVMe+I+G4     8426.806     17  16887.613    16887.861    16986.492
 90  TIM3+F+I      8401.990     18  16839.979    16840.257    16944.675
 92  TIM3+F+I+G4   8401.161     19  16840.321    16840.630    16950.833
112  TIM3e+I       8430.255     15  16890.511    16890.705    16977.757
114  TIM3e+I+G4    8429.332     16  16890.664    16890.884    16983.726
134  TIM2+F+I      8407.873     18  16851.745    16852.023    16956.441
136  TIM2+F+I+G4   8406.929     19  16851.858    16852.167    16962.370
156  TIM2e+I       8440.057     15  16910.114    16910.309    16997.360
158  TIM2e+I+G4    8439.075     16  16910.151    16910.372    17003.214
178  TIM+F+I       8412.180     18  16860.361    16860.638    16965.056
180  TIM+F+I+G4    8411.216     19  16860.432    16860.741    16970.944
200  TIMe+I        8443.643     15  16917.286    16917.481    17004.532
202  TIMe+I+G4     8442.642     16  16917.284    16917.505    17010.347
222  TPM3u+F+I     8405.948     17  16845.896    16846.144    16944.775
224  TPM3u+F+I+G4  8405.084     18  16846.169    16846.447    16950.864
244  TPM3+I        8431.662     14  16891.325    16891.495    16972.755
246  TPM3+I+G4     8430.739     15  16891.478    16891.673    16978.724
266  TPM2u+F+I     8411.747     17  16857.493    16857.742    16956.372
268  TPM2u+F+I+G4  8410.680     18  16857.360    16857.638    16962.056
288  TPM2+I        8441.428     14  16910.856    16911.026    16992.286
290  TPM2+I+G4     8440.354     15  16910.708    16910.902    16997.954
310  K3Pu+F+I      8416.075     17  16866.149    16866.398    16965.028
312  K3Pu+F+I+G4   8414.993     18  16865.986    16866.264    16970.682
332  K3P+I         8445.030     14  16918.059    16918.229    16999.489
334  K3P+I+G4      8443.996     15  16917.992    16918.187    17005.239
354  TN+F+I        8412.301     17  16858.601    16858.850    16957.480
356  TN+F+I+G4     8411.359     18  16858.718    16858.996    16963.413
376  TNe+I         8443.744     14  16915.487    16915.657    16996.917
378  TNe+I+G4      8442.751     15  16915.501    16915.696    17002.748
398  HKY+F+I       8416.208     16  16864.417    16864.637    16957.479
400  HKY+F+I+G4    8415.138     17  16864.277    16864.525    16963.156
420  K2P+I         8445.130     13  16916.260    16916.408    16991.874
422  K2P+I+G4      8444.103     14  16916.206    16916.376    16997.636
442  F81+F+I       8463.906     15  16957.811    16958.006    17045.057
444  F81+F+I+G4    8468.827     16  16969.654    16969.875    17062.717
464  JC+I          8493.579     12  17011.158    17011.285    17080.955
466  JC+I+G4       8498.355     13  17022.710    17022.858    17098.324
Akaike Information Criterion:           GTR+F+I
Corrected Akaike Information Criterion: GTR+F+I
Bayesian Information Criterion:         TIM3+F+I
Best-fit model: TIM3+F+I chosen according to BIC

All model information printed to per_gene_alignments_codon/LOC101407142_.aln.model.gz
CPU time for ModelFinder: 0.903 seconds (0h:0m:0s)
Wall-clock time for ModelFinder: 2.049 seconds (0h:0m:2s)
Generating 1000 samples for ultrafast bootstrap (seed: 735259)...

NOTE: 0 MB RAM (0 GB) is required!
Estimate model parameters (epsilon = 0.100)
1. Initial log-likelihood: -8401.990
Optimal log-likelihood: -8401.983
Rate parameters:  A-C: 2.64178  A-G: 5.45066  A-T: 1.00000  C-G: 2.64178  C-T: 8.27283  G-T: 1.00000
Base frequencies:  A: 0.283  C: 0.258  G: 0.255  T: 0.204
Proportion of invariable sites: 0.089
Parameters optimization took 1 rounds (0.001 sec)
Wrote distance file to... 
Computing ML distances based on estimated model parameters...
Calculating distance matrix: done in 0.000120163 secs using 99.03% CPU
Computing ML distances took 0.000170 sec (of wall-clock time) 0.000174 sec (of CPU time)
WARNING: Some pairwise ML distances are too long (saturated)
Setting up auxiliary I and S matrices: done in 4.41074e-05 secs using 197.2% CPU
Computing RapidNJ tree took 0.000141 sec (of wall-clock time) 0.000282 sec (of CPU time)
Log-likelihood of RapidNJ tree: -8401.983
--------------------------------------------------------------------
|             INITIALIZING CANDIDATE TREE SET                      |
--------------------------------------------------------------------
Generating 99 parsimony trees... 0.157 second
Computing log-likelihood of 32 initial trees ... 0.034 seconds
Current best score: -8401.983

Do NNI search on 20 best initial trees
Estimate model parameters (epsilon = 0.100)
BETTER TREE FOUND at iteration 1: -8401.978
BETTER TREE FOUND at iteration 4: -8401.978
UPDATE BEST LOG-LIKELIHOOD: -8401.978
Iteration 10 / LogL: -8401.978 / Time: 0h:0m:2s
UPDATE BEST LOG-LIKELIHOOD: -8401.978
Iteration 20 / LogL: -8401.983 / Time: 0h:0m:2s
Finish initializing candidate tree set (5)
Current best tree score: -8401.978 / CPU time: 0.383
Number of iterations: 20
--------------------------------------------------------------------
|               OPTIMIZING CANDIDATE TREE SET                      |
--------------------------------------------------------------------
UPDATE BEST LOG-LIKELIHOOD: -8401.978
Iteration 30 / LogL: -8410.705 / Time: 0h:0m:2s (0h:0m:1s left)
UPDATE BEST LOG-LIKELIHOOD: -8401.977
Iteration 40 / LogL: -8401.979 / Time: 0h:0m:2s (0h:0m:1s left)
Iteration 50 / LogL: -8401.978 / Time: 0h:0m:2s (0h:0m:0s left)
Log-likelihood cutoff on original alignment: -8412.316
Iteration 60 / LogL: -8401.978 / Time: 0h:0m:3s (0h:0m:0s left)
UPDATE BEST LOG-LIKELIHOOD: -8401.973
UPDATE BEST LOG-LIKELIHOOD: -8401.972
Iteration 70 / LogL: -8401.975 / Time: 0h:0m:3s (0h:0m:0s left)
Iteration 80 / LogL: -8401.978 / Time: 0h:0m:3s (0h:0m:0s left)
Iteration 90 / LogL: -8401.973 / Time: 0h:0m:3s (0h:0m:0s left)
UPDATE BEST LOG-LIKELIHOOD: -8401.972
Iteration 100 / LogL: -8401.978 / Time: 0h:0m:3s (0h:0m:0s left)
Log-likelihood cutoff on original alignment: -8412.765
NOTE: Bootstrap correlation coefficient of split occurrence frequencies: 0.996
UPDATE BEST LOG-LIKELIHOOD: -8401.972
TREE SEARCH COMPLETED AFTER 105 ITERATIONS / Time: 0h:0m:4s

--------------------------------------------------------------------
|                    FINALIZING TREE SEARCH                        |
--------------------------------------------------------------------
Performs final model parameters optimization
Estimate model parameters (epsilon = 0.010)
1. Initial log-likelihood: -8401.972
Optimal log-likelihood: -8401.970
Rate parameters:  A-C: 2.68672  A-G: 5.50637  A-T: 1.00000  C-G: 2.68672  C-T: 8.37812  G-T: 1.00000
Base frequencies:  A: 0.283  C: 0.258  G: 0.255  T: 0.204
Proportion of invariable sites: 0.089
Parameters optimization took 1 rounds (0.001 sec)
BEST SCORE FOUND : -8401.970
Creating bootstrap support values...
Split supports printed to NEXUS file per_gene_alignments_codon/LOC101407142_.aln.splits.nex
Total tree length: 10.136

Total number of iterations: 105
CPU time used for tree search: 1.190 sec (0h:0m:1s)
Wall-clock time used for tree search: 1.903 sec (0h:0m:1s)
Total CPU time used: 2.161 sec (0h:0m:2s)
Total wall-clock time used: 4.066 sec (0h:0m:4s)

Computing bootstrap consensus tree...
Reading input file per_gene_alignments_codon/LOC101407142_.aln.splits.nex...
7 taxa and 21 splits.
Consensus tree written to per_gene_alignments_codon/LOC101407142_.aln.contree
Reading input trees file per_gene_alignments_codon/LOC101407142_.aln.contree
Log-likelihood of consensus tree: -8401.981

Analysis results written to: 
  IQ-TREE report:                per_gene_alignments_codon/LOC101407142_.aln.iqtree
  Maximum-likelihood tree:       per_gene_alignments_codon/LOC101407142_.aln.treefile
  Likelihood distances:          per_gene_alignments_codon/LOC101407142_.aln.mldist

Ultrafast bootstrap approximation results written to:
  Split support values:          per_gene_alignments_codon/LOC101407142_.aln.splits.nex
  Consensus tree:                per_gene_alignments_codon/LOC101407142_.aln.contree
  Screen log file:               per_gene_alignments_codon/LOC101407142_.aln.log

Date and Time: Thu Oct 30 21:38:44 2025
