IQ-TREE multicore version 2.3.3 COVID-edition for Linux x86 64-bit built Apr 25 2024
Developed by Bui Quang Minh, James Barbetti, Nguyen Lam Tung, Olga Chernomor,
Heiko Schmidt, Dominik Schrempf, Michael Woodhams, Ly Trong Nhan, Thomas Wong

Host:    morpheus-OptiPlex-5050 (AVX2, FMA3, 503 GB RAM)
Command: iqtree2 -s per_gene_alignments_codon/LOC101394545_.aln.fna -m MFP -T 1 -B 1000 --prefix per_gene_alignments_codon/LOC101394545_.aln
Seed:    422659 (Using SPRNG - Scalable Parallel Random Number Generator)
Time:    Thu Oct 30 21:30:04 2025
Kernel:  AVX+FMA - 1 threads (72 CPU cores detected)

HINT: Use -nt option to specify number of threads because your CPU has 72 cores!
HINT: -nt AUTO will automatically determine the best number of threads to use.

Reading alignment file per_gene_alignments_codon/LOC101394545_.aln.fna ... Fasta format detected
Reading fasta file: done in 0.000391006 secs using 49.87% CPU
Alignment most likely contains DNA/RNA sequences
Alignment has 7 sequences with 1248 columns, 134 distinct patterns
72 parsimony-informative, 179 singleton sites, 997 constant sites
                     Gap/Ambiguity  Composition  p-value
Analyzing sequences: done in 1.78814e-05 secs using 44.74% CPU
   1  Ceratotherium_simum   39.18%    failed      0.00%
   2  Diceros_bicornis       0.00%    passed     99.47%
   3  Equus_asinus           0.00%    passed     98.92%
   4  Equus_quagga           0.00%    passed     98.74%
   5  Equus_caballus         0.00%    passed     93.83%
   6  Canis_lupus            0.00%    passed     54.86%
   7  Bos_taurus             0.00%    passed     39.57%
****  TOTAL                  5.60%  1 sequences failed composition chi2 test (p-value<5%; df=3)


Create initial parsimony tree by phylogenetic likelihood library (PLL)... 0.000 seconds
Perform fast likelihood tree search using GTR+I+G model...
Estimate model parameters (epsilon = 5.000)
Perform nearest neighbor interchange...
Estimate model parameters (epsilon = 1.000)
1. Initial log-likelihood: -3145.030
Optimal log-likelihood: -3145.027
Rate parameters:  A-C: 1.00458  A-G: 3.01792  A-T: 0.69618  C-G: 1.49736  C-T: 4.57772  G-T: 1.00000
Base frequencies:  A: 0.210  C: 0.329  G: 0.308  T: 0.154
Proportion of invariable sites: 0.399
Gamma shape alpha: 1.931
Parameters optimization took 1 rounds (0.002 sec)
Time for fast ML tree search: 0.034 seconds

NOTE: ModelFinder requires 0 MB RAM!
ModelFinder will test up to 484 DNA models (sample size: 1248) ...
 No. Model         -LnL         df  AIC          AICc         BIC
  1  GTR+F         3160.235     19  6358.470     6359.089     6455.927
  2  GTR+F+I       3145.188     20  6330.376     6331.060     6432.962
  3  GTR+F+G4      3145.026     20  6330.051     6330.736     6432.637
  4  GTR+F+I+G4    3145.029     21  6332.057     6332.811     6439.773
  5  GTR+F+R2      3145.377     21  6332.754     6333.508     6440.469
  6  GTR+F+R3      3145.075     23  6336.151     6337.053     6454.125
 14  GTR+F+I+R2    3145.110     22  6334.220     6335.046     6447.064
 15  GTR+F+I+R3    3145.064     24  6338.127     6339.108     6461.230
 24  SYM+I         3214.482     17  6462.963     6463.461     6550.161
 25  SYM+G4        3214.385     17  6462.770     6463.267     6549.968
 26  SYM+I+G4      3214.370     18  6464.740     6465.297     6557.068
 27  SYM+R2        3214.616     18  6465.233     6465.789     6557.560
 46  TVM+F+I       3147.722     19  6333.444     6334.062     6430.900
 47  TVM+F+G4      3147.628     19  6333.257     6333.876     6430.713
 48  TVM+F+I+G4    3147.634     20  6335.268     6335.953     6437.854
 49  TVM+F+R2      3147.881     20  6335.763     6336.447     6438.349
 68  TVMe+I        3215.171     16  6462.343     6462.785     6544.411
 69  TVMe+G4       3215.082     16  6462.164     6462.606     6544.233
 70  TVMe+I+G4     3215.075     17  6464.151     6464.649     6551.349
 71  TVMe+R2       3215.310     17  6464.620     6465.118     6551.818
 90  TIM3+F+I      3146.833     18  6329.665     6330.222     6421.993
 91  TIM3+F+G4     3146.696     18  6329.392     6329.948     6421.719
 92  TIM3+F+I+G4   3146.695     19  6331.390     6332.009     6428.847
 93  TIM3+F+R2     3147.032     19  6332.064     6332.683     6429.521
112  TIM3e+I       3219.303     15  6468.605     6468.995     6545.545
113  TIM3e+G4      3219.248     15  6468.496     6468.885     6545.435
114  TIM3e+I+G4    3219.226     16  6470.452     6470.894     6552.521
115  TIM3e+R2      3219.512     16  6471.024     6471.466     6553.093
134  TIM2+F+I      3146.496     18  6328.991     6329.548     6421.319
135  TIM2+F+G4     3146.288     18  6328.577     6329.133     6420.904
136  TIM2+F+I+G4   3146.309     19  6330.618     6331.237     6428.074
137  TIM2+F+R2     3146.648     19  6331.295     6331.914     6428.752
156  TIM2e+I       3222.634     15  6475.268     6475.657     6552.207
157  TIM2e+G4      3222.548     15  6475.096     6475.486     6552.036
158  TIM2e+I+G4    3222.557     16  6477.114     6477.556     6559.183
159  TIM2e+R2      3222.799     16  6477.597     6478.039     6559.666
178  TIM+F+I       3147.250     18  6330.500     6331.057     6422.828
179  TIM+F+G4      3147.150     18  6330.300     6330.856     6422.627
180  TIM+F+I+G4    3147.151     19  6332.302     6332.921     6429.759
181  TIM+F+R2      3147.432     19  6332.864     6333.483     6430.321
200  TIMe+I        3224.909     15  6479.817     6480.207     6556.757
201  TIMe+G4       3224.954     15  6479.907     6480.297     6556.847
202  TIMe+I+G4     3224.928     16  6481.856     6482.297     6563.924
203  TIMe+R2       3225.100     16  6482.200     6482.642     6564.269
222  TPM3u+F+I     3149.287     17  6332.574     6333.072     6419.772
223  TPM3u+F+G4    3149.227     17  6332.454     6332.952     6419.653
224  TPM3u+F+I+G4  3149.232     18  6334.464     6335.021     6426.792
225  TPM3u+F+R2    3149.457     18  6334.913     6335.470     6427.241
244  TPM3+I        3220.009     14  6468.019     6468.359     6539.829
245  TPM3+G4       3219.970     14  6467.940     6468.280     6539.750
246  TPM3+I+G4     3219.954     15  6469.907     6470.297     6546.847
247  TPM3+R2       3220.231     15  6470.463     6470.852     6547.402
266  TPM2u+F+I     3149.072     17  6332.145     6332.642     6419.343
267  TPM2u+F+G4    3148.947     17  6331.894     6332.391     6419.092
268  TPM2u+F+I+G4  3148.966     18  6333.932     6334.488     6426.259
269  TPM2u+F+R2    3149.207     18  6334.415     6334.971     6426.742
288  TPM2+I        3223.199     14  6474.398     6474.738     6546.208
289  TPM2+G4       3223.125     14  6474.249     6474.590     6546.059
290  TPM2+I+G4     3223.136     15  6476.271     6476.661     6553.211
291  TPM2+R2       3223.380     15  6476.761     6477.151     6553.700
310  K3Pu+F+I      3149.787     17  6333.573     6334.071     6420.771
311  K3Pu+F+G4     3149.770     17  6333.540     6334.037     6420.738
312  K3Pu+F+I+G4   3149.772     18  6335.545     6336.101     6427.872
313  K3Pu+F+R2     3149.946     18  6335.892     6336.449     6428.220
332  K3P+I         3225.511     14  6479.023     6479.363     6550.833
333  K3P+G4        3225.570     14  6479.139     6479.480     6550.949
334  K3P+I+G4      3225.545     15  6481.090     6481.480     6558.030
335  K3P+R2        3225.718     15  6481.435     6481.825     6558.375
354  TN+F+I        3148.132     17  6330.263     6330.761     6417.461
355  TN+F+G4       3147.957     17  6329.914     6330.411     6417.112
356  TN+F+I+G4     3147.973     18  6331.945     6332.502     6424.273
357  TN+F+R2       3148.294     18  6332.587     6333.144     6424.914
376  TNe+I         3227.217     14  6482.434     6482.775     6554.244
377  TNe+G4        3227.186     14  6482.372     6482.713     6554.182
378  TNe+I+G4      3227.182     15  6484.364     6484.753     6561.303
379  TNe+R2        3227.392     15  6484.783     6485.173     6561.723
398  HKY+F+I       3150.630     16  6333.260     6333.702     6415.329
399  HKY+F+G4      3150.545     16  6333.089     6333.531     6415.158
400  HKY+F+I+G4    3150.560     17  6335.120     6335.618     6422.318
401  HKY+F+R2      3150.774     17  6335.547     6336.045     6422.745
420  K2P+I         3227.802     13  6481.604     6481.898     6548.284
421  K2P+G4        3227.788     13  6481.575     6481.870     6548.256
422  K2P+I+G4      3227.785     14  6483.571     6483.912     6555.381
423  K2P+R2        3227.993     14  6483.987     6484.328     6555.797
442  F81+F+I       3191.394     15  6412.789     6413.179     6489.728
443  F81+F+G4      3191.381     15  6412.762     6413.151     6489.701
444  F81+F+I+G4    3191.384     16  6414.769     6415.211     6496.838
445  F81+F+R2      3191.549     16  6415.098     6415.540     6497.167
464  JC+I          3261.558     12  6547.117     6547.370     6608.669
465  JC+G4         3261.585     12  6547.170     6547.423     6608.722
466  JC+I+G4       3261.570     13  6549.141     6549.435     6615.821
467  JC+R2         3261.767     13  6549.534     6549.829     6616.215
Akaike Information Criterion:           TIM2+F+G4
Corrected Akaike Information Criterion: TIM2+F+G4
Bayesian Information Criterion:         HKY+F+G4
Best-fit model: HKY+F+G4 chosen according to BIC

All model information printed to per_gene_alignments_codon/LOC101394545_.aln.model.gz
CPU time for ModelFinder: 0.930 seconds (0h:0m:0s)
Wall-clock time for ModelFinder: 1.837 seconds (0h:0m:1s)
Generating 1000 samples for ultrafast bootstrap (seed: 422659)...

NOTE: 0 MB RAM (0 GB) is required!
Estimate model parameters (epsilon = 0.100)
1. Initial log-likelihood: -3150.545
Optimal log-likelihood: -3150.544
Rate parameters:  A-C: 1.00000  A-G: 3.18679  A-T: 1.00000  C-G: 1.00000  C-T: 3.18679  G-T: 1.00000
Base frequencies:  A: 0.210  C: 0.329  G: 0.308  T: 0.154
Gamma shape alpha: 0.448
Parameters optimization took 1 rounds (0.001 sec)
Wrote distance file to... 
Computing ML distances based on estimated model parameters...
Calculating distance matrix: done in 0.000628948 secs using 97.31% CPU
Computing ML distances took 0.000696 sec (of wall-clock time) 0.000685 sec (of CPU time)
Setting up auxiliary I and S matrices: done in 4.60148e-05 secs using 202.1% CPU
Computing RapidNJ tree took 0.000139 sec (of wall-clock time) 0.000264 sec (of CPU time)
Log-likelihood of RapidNJ tree: -3150.544
--------------------------------------------------------------------
|             INITIALIZING CANDIDATE TREE SET                      |
--------------------------------------------------------------------
Generating 99 parsimony trees... 0.073 second
Computing log-likelihood of 41 initial trees ... 0.034 seconds
Current best score: -3150.544

Do NNI search on 20 best initial trees
Estimate model parameters (epsilon = 0.100)
BETTER TREE FOUND at iteration 1: -3150.544
Iteration 10 / LogL: -3150.575 / Time: 0h:0m:2s
Iteration 20 / LogL: -3150.580 / Time: 0h:0m:2s
Finish initializing candidate tree set (1)
Current best tree score: -3150.544 / CPU time: 0.334
Number of iterations: 20
--------------------------------------------------------------------
|               OPTIMIZING CANDIDATE TREE SET                      |
--------------------------------------------------------------------
Iteration 30 / LogL: -3150.606 / Time: 0h:0m:2s (0h:0m:1s left)
Iteration 40 / LogL: -3150.544 / Time: 0h:0m:2s (0h:0m:1s left)
Iteration 50 / LogL: -3150.571 / Time: 0h:0m:3s (0h:0m:1s left)
Log-likelihood cutoff on original alignment: -3174.699
Iteration 60 / LogL: -3150.633 / Time: 0h:0m:3s (0h:0m:0s left)
Iteration 70 / LogL: -3150.585 / Time: 0h:0m:3s (0h:0m:0s left)
Iteration 80 / LogL: -3150.544 / Time: 0h:0m:3s (0h:0m:0s left)
Iteration 90 / LogL: -3150.544 / Time: 0h:0m:3s (0h:0m:0s left)
Iteration 100 / LogL: -3150.569 / Time: 0h:0m:4s (0h:0m:0s left)
Log-likelihood cutoff on original alignment: -3175.300
NOTE: Bootstrap correlation coefficient of split occurrence frequencies: 1.000
TREE SEARCH COMPLETED AFTER 102 ITERATIONS / Time: 0h:0m:4s

--------------------------------------------------------------------
|                    FINALIZING TREE SEARCH                        |
--------------------------------------------------------------------
Performs final model parameters optimization
Estimate model parameters (epsilon = 0.010)
1. Initial log-likelihood: -3150.544
Optimal log-likelihood: -3150.544
Rate parameters:  A-C: 1.00000  A-G: 3.18786  A-T: 1.00000  C-G: 1.00000  C-T: 3.18786  G-T: 1.00000
Base frequencies:  A: 0.210  C: 0.329  G: 0.308  T: 0.154
Gamma shape alpha: 0.448
Parameters optimization took 1 rounds (0.001 sec)
BEST SCORE FOUND : -3150.544
Creating bootstrap support values...
Split supports printed to NEXUS file per_gene_alignments_codon/LOC101394545_.aln.splits.nex
Total tree length: 0.305

Total number of iterations: 102
CPU time used for tree search: 1.240 sec (0h:0m:1s)
Wall-clock time used for tree search: 2.218 sec (0h:0m:2s)
Total CPU time used: 2.240 sec (0h:0m:2s)
Total wall-clock time used: 4.181 sec (0h:0m:4s)

Computing bootstrap consensus tree...
Reading input file per_gene_alignments_codon/LOC101394545_.aln.splits.nex...
7 taxa and 19 splits.
Consensus tree written to per_gene_alignments_codon/LOC101394545_.aln.contree
Reading input trees file per_gene_alignments_codon/LOC101394545_.aln.contree
Log-likelihood of consensus tree: -3150.544

Analysis results written to: 
  IQ-TREE report:                per_gene_alignments_codon/LOC101394545_.aln.iqtree
  Maximum-likelihood tree:       per_gene_alignments_codon/LOC101394545_.aln.treefile
  Likelihood distances:          per_gene_alignments_codon/LOC101394545_.aln.mldist

Ultrafast bootstrap approximation results written to:
  Split support values:          per_gene_alignments_codon/LOC101394545_.aln.splits.nex
  Consensus tree:                per_gene_alignments_codon/LOC101394545_.aln.contree
  Screen log file:               per_gene_alignments_codon/LOC101394545_.aln.log

Date and Time: Thu Oct 30 21:30:09 2025
