IQ-TREE multicore version 2.3.3 COVID-edition for Linux x86 64-bit built Apr 25 2024
Developed by Bui Quang Minh, James Barbetti, Nguyen Lam Tung, Olga Chernomor,
Heiko Schmidt, Dominik Schrempf, Michael Woodhams, Ly Trong Nhan, Thomas Wong

Host:    morpheus-OptiPlex-5050 (AVX2, FMA3, 503 GB RAM)
Command: iqtree2 -s per_gene_alignments_codon/LOC101393591_.aln.fna -m MFP -T 1 -B 1000 --prefix per_gene_alignments_codon/LOC101393591_.aln
Seed:    237656 (Using SPRNG - Scalable Parallel Random Number Generator)
Time:    Thu Oct 30 21:29:24 2025
Kernel:  AVX+FMA - 1 threads (72 CPU cores detected)

HINT: Use -nt option to specify number of threads because your CPU has 72 cores!
HINT: -nt AUTO will automatically determine the best number of threads to use.

Reading alignment file per_gene_alignments_codon/LOC101393591_.aln.fna ... Fasta format detected
Reading fasta file: done in 0.00132608 secs
Alignment most likely contains DNA/RNA sequences
Alignment has 7 sequences with 5055 columns, 119 distinct patterns
188 parsimony-informative, 367 singleton sites, 4500 constant sites
                     Gap/Ambiguity  Composition  p-value
Analyzing sequences: done in 2.28882e-05 secs using 96.12% CPU
   1  Ceratotherium_simum    0.00%    passed     99.60%
   2  Diceros_bicornis       0.00%    passed     99.60%
   3  Equus_asinus           0.00%    passed     99.61%
   4  Equus_quagga           0.00%    passed     99.91%
   5  Equus_caballus         0.00%    passed     99.94%
   6  Canis_lupus            0.00%    passed     92.36%
   7  Bos_taurus             0.00%    passed     97.06%
****  TOTAL                  0.00%  0 sequences failed composition chi2 test (p-value<5%; df=3)


Create initial parsimony tree by phylogenetic likelihood library (PLL)... 0.000 seconds
Perform fast likelihood tree search using GTR+I+G model...
Estimate model parameters (epsilon = 5.000)
Perform nearest neighbor interchange...
Estimate model parameters (epsilon = 1.000)
1. Initial log-likelihood: -10368.471
Optimal log-likelihood: -10368.463
Rate parameters:  A-C: 1.53531  A-G: 4.19944  A-T: 1.76817  C-G: 0.61822  C-T: 5.77640  G-T: 1.00000
Base frequencies:  A: 0.234  C: 0.262  G: 0.298  T: 0.206
Proportion of invariable sites: 0.444
Gamma shape alpha: 0.885
Parameters optimization took 1 rounds (0.026 sec)
Time for fast ML tree search: 0.092 seconds

NOTE: ModelFinder requires 0 MB RAM!
ModelFinder will test up to 484 DNA models (sample size: 5055) ...
 No. Model         -LnL         df  AIC          AICc         BIC
  1  GTR+F         10404.789    19  20847.577    20847.728    20971.612
  2  GTR+F+I       10369.233    20  20778.467    20778.634    20909.030
  3  GTR+F+G4      10368.830    20  20777.660    20777.827    20908.223
  4  GTR+F+I+G4    10368.462    21  20778.923    20779.107    20916.014
  5  GTR+F+R2      10370.183    21  20782.366    20782.549    20919.456
  6  GTR+F+R3      10369.152    23  20784.304    20784.524    20934.451
 14  GTR+F+I+R2    10369.112    22  20782.225    20782.426    20925.844
 15  GTR+F+I+R3    10368.650    24  20785.300    20785.539    20941.975
 24  SYM+I         10419.524    17  20873.047    20873.169    20984.026
 25  SYM+G4        10419.210    17  20872.421    20872.542    20983.399
 26  SYM+I+G4      10418.852    18  20873.704    20873.840    20991.211
 46  TVM+F+I       10373.139    19  20784.277    20784.428    20908.312
 47  TVM+F+G4      10372.782    19  20783.564    20783.715    20907.599
 48  TVM+F+I+G4    10372.448    20  20784.896    20785.063    20915.459
 68  TVMe+I        10420.711    16  20873.422    20873.530    20977.872
 69  TVMe+G4       10420.424    16  20872.847    20872.955    20977.297
 70  TVMe+I+G4     10420.092    17  20874.184    20874.305    20985.162
 90  TIM3+F+I      10381.058    18  20798.117    20798.252    20915.623
 91  TIM3+F+G4     10380.674    18  20797.349    20797.485    20914.855
 92  TIM3+F+I+G4   10380.252    19  20798.505    20798.656    20922.539
112  TIM3e+I       10427.077    15  20884.153    20884.248    20982.075
113  TIM3e+G4      10426.787    15  20883.574    20883.669    20981.496
114  TIM3e+I+G4    10426.377    16  20884.755    20884.863    20989.205
134  TIM2+F+I      10370.961    18  20777.921    20778.057    20895.428
135  TIM2+F+G4     10370.572    18  20777.143    20777.279    20894.650
136  TIM2+F+I+G4   10370.215    19  20778.430    20778.581    20902.465
156  TIM2e+I       10420.103    15  20870.207    20870.302    20968.129
157  TIM2e+G4      10419.781    15  20869.562    20869.657    20967.484
158  TIM2e+I+G4    10419.410    16  20870.819    20870.927    20975.269
178  TIM+F+I       10381.713    18  20799.426    20799.562    20916.933
179  TIM+F+G4      10381.387    18  20798.773    20798.909    20916.280
180  TIM+F+I+G4    10381.018    19  20800.036    20800.187    20924.070
200  TIMe+I        10426.829    15  20883.658    20883.753    20981.580
201  TIMe+G4       10426.563    15  20883.127    20883.222    20981.049
202  TIMe+I+G4     10426.181    16  20884.362    20884.470    20988.812
222  TPM3u+F+I     10384.921    17  20803.842    20803.963    20914.820
223  TPM3u+F+G4    10384.603    17  20803.206    20803.328    20914.185
224  TPM3u+F+I+G4  10384.239    18  20804.478    20804.614    20921.984
244  TPM3+I        10428.170    14  20884.340    20884.423    20975.734
245  TPM3+G4       10427.912    14  20883.823    20883.907    20975.217
246  TPM3+I+G4     10427.536    15  20885.073    20885.168    20982.995
266  TPM2u+F+I     10374.825    17  20783.651    20783.772    20894.629
267  TPM2u+F+G4    10374.482    17  20782.964    20783.085    20893.942
268  TPM2u+F+I+G4  10374.157    18  20784.313    20784.449    20901.820
288  TPM2+I        10421.274    14  20870.549    20870.632    20961.943
289  TPM2+G4       10420.979    14  20869.959    20870.042    20961.352
290  TPM2+I+G4     10420.635    15  20871.269    20871.364    20969.191
310  K3Pu+F+I      10385.580    17  20805.160    20805.281    20916.138
311  K3Pu+F+G4     10385.313    17  20804.627    20804.748    20915.605
312  K3Pu+F+I+G4   10384.997    18  20805.995    20806.131    20923.501
332  K3P+I         10427.931    14  20883.863    20883.946    20975.256
333  K3P+G4        10427.697    14  20883.395    20883.478    20974.789
334  K3P+I+G4      10427.350    15  20884.700    20884.795    20982.622
354  TN+F+I        10382.337    17  20798.675    20798.796    20909.653
355  TN+F+G4       10381.990    17  20797.980    20798.101    20908.958
356  TN+F+I+G4     10381.597    18  20799.195    20799.331    20916.701
376  TNe+I         10427.232    14  20882.465    20882.548    20973.859
377  TNe+G4        10426.951    14  20881.902    20881.986    20973.296
378  TNe+I+G4      10426.549    15  20883.097    20883.193    20981.019
398  HKY+F+I       10386.178    16  20804.356    20804.464    20908.806
399  HKY+F+G4      10385.890    16  20803.781    20803.889    20908.231
400  HKY+F+I+G4    10385.551    17  20805.102    20805.224    20916.080
420  K2P+I         10428.329    13  20882.657    20882.729    20967.523
421  K2P+G4        10428.078    13  20882.157    20882.229    20967.023
422  K2P+I+G4      10427.709    14  20883.419    20883.502    20974.812
442  F81+F+I       10525.464    15  21080.929    21081.024    21178.851
443  F81+F+G4      10525.211    15  21080.423    21080.518    21178.345
444  F81+F+I+G4    10525.075    16  21082.151    21082.258    21186.601
464  JC+I          10566.920    12  21157.841    21157.902    21236.178
465  JC+G4         10566.682    12  21157.363    21157.425    21235.701
466  JC+I+G4       10566.533    13  21159.065    21159.137    21243.931
Akaike Information Criterion:           TIM2+F+G4
Corrected Akaike Information Criterion: TIM2+F+G4
Bayesian Information Criterion:         TPM2u+F+G4
Best-fit model: TPM2u+F+G4 chosen according to BIC

All model information printed to per_gene_alignments_codon/LOC101393591_.aln.model.gz
CPU time for ModelFinder: 0.427 seconds (0h:0m:0s)
Wall-clock time for ModelFinder: 0.890 seconds (0h:0m:0s)
Generating 1000 samples for ultrafast bootstrap (seed: 237656)...

NOTE: 0 MB RAM (0 GB) is required!
Estimate model parameters (epsilon = 0.100)
1. Initial log-likelihood: -10374.482
Optimal log-likelihood: -10374.482
Rate parameters:  A-C: 2.12309  A-G: 6.32348  A-T: 2.12309  C-G: 1.00000  C-T: 6.32348  G-T: 1.00000
Base frequencies:  A: 0.234  C: 0.262  G: 0.298  T: 0.206
Gamma shape alpha: 0.216
Parameters optimization took 1 rounds (0.018 sec)
Wrote distance file to... 
Computing ML distances based on estimated model parameters...
Calculating distance matrix: done in 0.000603199 secs using 99.8% CPU
Computing ML distances took 0.000656 sec (of wall-clock time) 0.000660 sec (of CPU time)
Setting up auxiliary I and S matrices: done in 4.81606e-05 secs using 201.4% CPU
Computing RapidNJ tree took 0.000143 sec (of wall-clock time) 0.000280 sec (of CPU time)
Log-likelihood of RapidNJ tree: -10374.770
--------------------------------------------------------------------
|             INITIALIZING CANDIDATE TREE SET                      |
--------------------------------------------------------------------
Generating 98 parsimony trees... 0.072 second
Computing log-likelihood of 41 initial trees ... 0.020 seconds
Current best score: -10374.482

Do NNI search on 20 best initial trees
Estimate model parameters (epsilon = 0.100)
BETTER TREE FOUND at iteration 1: -10374.482
Iteration 10 / LogL: -10374.483 / Time: 0h:0m:1s
Iteration 20 / LogL: -10374.485 / Time: 0h:0m:1s
Finish initializing candidate tree set (1)
Current best tree score: -10374.482 / CPU time: 0.191
Number of iterations: 20
--------------------------------------------------------------------
|               OPTIMIZING CANDIDATE TREE SET                      |
--------------------------------------------------------------------
Iteration 30 / LogL: -10374.482 / Time: 0h:0m:1s (0h:0m:0s left)
Iteration 40 / LogL: -10374.540 / Time: 0h:0m:1s (0h:0m:0s left)
Iteration 50 / LogL: -10374.482 / Time: 0h:0m:1s (0h:0m:0s left)
Log-likelihood cutoff on original alignment: -10385.826
Iteration 60 / LogL: -10537.223 / Time: 0h:0m:1s (0h:0m:0s left)
Iteration 70 / LogL: -10374.532 / Time: 0h:0m:1s (0h:0m:0s left)
Iteration 80 / LogL: -10374.482 / Time: 0h:0m:1s (0h:0m:0s left)
Iteration 90 / LogL: -10537.223 / Time: 0h:0m:1s (0h:0m:0s left)
Iteration 100 / LogL: -10537.223 / Time: 0h:0m:2s (0h:0m:0s left)
Log-likelihood cutoff on original alignment: -10386.774
NOTE: Bootstrap correlation coefficient of split occurrence frequencies: 0.997
TREE SEARCH COMPLETED AFTER 102 ITERATIONS / Time: 0h:0m:2s

--------------------------------------------------------------------
|                    FINALIZING TREE SEARCH                        |
--------------------------------------------------------------------
Performs final model parameters optimization
Estimate model parameters (epsilon = 0.010)
1. Initial log-likelihood: -10374.482
Optimal log-likelihood: -10374.482
Rate parameters:  A-C: 2.12275  A-G: 6.32351  A-T: 2.12275  C-G: 1.00000  C-T: 6.32351  G-T: 1.00000
Base frequencies:  A: 0.234  C: 0.262  G: 0.298  T: 0.206
Gamma shape alpha: 0.216
Parameters optimization took 1 rounds (0.002 sec)
BEST SCORE FOUND : -10374.482
Creating bootstrap support values...
Split supports printed to NEXUS file per_gene_alignments_codon/LOC101393591_.aln.splits.nex
Total tree length: 0.140

Total number of iterations: 102
CPU time used for tree search: 1.214 sec (0h:0m:1s)
Wall-clock time used for tree search: 1.117 sec (0h:0m:1s)
Total CPU time used: 1.708 sec (0h:0m:1s)
Total wall-clock time used: 2.130 sec (0h:0m:2s)

Computing bootstrap consensus tree...
Reading input file per_gene_alignments_codon/LOC101393591_.aln.splits.nex...
7 taxa and 15 splits.
Consensus tree written to per_gene_alignments_codon/LOC101393591_.aln.contree
Reading input trees file per_gene_alignments_codon/LOC101393591_.aln.contree
Log-likelihood of consensus tree: -10374.482

Analysis results written to: 
  IQ-TREE report:                per_gene_alignments_codon/LOC101393591_.aln.iqtree
  Maximum-likelihood tree:       per_gene_alignments_codon/LOC101393591_.aln.treefile
  Likelihood distances:          per_gene_alignments_codon/LOC101393591_.aln.mldist

Ultrafast bootstrap approximation results written to:
  Split support values:          per_gene_alignments_codon/LOC101393591_.aln.splits.nex
  Consensus tree:                per_gene_alignments_codon/LOC101393591_.aln.contree
  Screen log file:               per_gene_alignments_codon/LOC101393591_.aln.log

Date and Time: Thu Oct 30 21:29:26 2025
