IQ-TREE multicore version 2.3.3 COVID-edition for Linux x86 64-bit built Apr 25 2024
Developed by Bui Quang Minh, James Barbetti, Nguyen Lam Tung, Olga Chernomor,
Heiko Schmidt, Dominik Schrempf, Michael Woodhams, Ly Trong Nhan, Thomas Wong

Host:    morpheus-OptiPlex-5050 (AVX2, FMA3, 503 GB RAM)
Command: iqtree2 -s per_gene_alignments_codon/LOC101407713_.aln.fna -m MFP -T 1 -B 1000 --prefix per_gene_alignments_codon/LOC101407713_.aln
Seed:    503813 (Using SPRNG - Scalable Parallel Random Number Generator)
Time:    Thu Oct 30 21:39:02 2025
Kernel:  AVX+FMA - 1 threads (72 CPU cores detected)

HINT: Use -nt option to specify number of threads because your CPU has 72 cores!
HINT: -nt AUTO will automatically determine the best number of threads to use.

Reading alignment file per_gene_alignments_codon/LOC101407713_.aln.fna ... Fasta format detected
Reading fasta file: done in 0.000470877 secs using 49.69% CPU
Alignment most likely contains DNA/RNA sequences
Alignment has 7 sequences with 1554 columns, 112 distinct patterns
95 parsimony-informative, 188 singleton sites, 1271 constant sites
                     Gap/Ambiguity  Composition  p-value
Analyzing sequences: done in 2.28882e-05 secs
   1  Ceratotherium_simum    0.19%    passed     99.54%
   2  Diceros_bicornis       4.25%    passed     95.61%
   3  Equus_asinus           0.00%    passed     99.76%
   4  Equus_quagga           4.05%    passed     96.75%
   5  Equus_caballus         0.00%    passed     99.49%
   6  Canis_lupus            0.00%    passed     76.35%
   7  Bos_taurus             0.00%    passed     94.08%
****  TOTAL                  1.21%  0 sequences failed composition chi2 test (p-value<5%; df=3)


Create initial parsimony tree by phylogenetic likelihood library (PLL)... 0.000 seconds
Perform fast likelihood tree search using GTR+I+G model...
Estimate model parameters (epsilon = 5.000)
Perform nearest neighbor interchange...
Estimate model parameters (epsilon = 1.000)
1. Initial log-likelihood: -3779.841
Optimal log-likelihood: -3779.792
Rate parameters:  A-C: 1.73620  A-G: 6.59000  A-T: 0.94646  C-G: 1.21583  C-T: 8.11780  G-T: 1.00000
Base frequencies:  A: 0.226  C: 0.310  G: 0.280  T: 0.184
Proportion of invariable sites: 0.405
Gamma shape alpha: 0.786
Parameters optimization took 1 rounds (0.016 sec)
Time for fast ML tree search: 0.127 seconds

NOTE: ModelFinder requires 0 MB RAM!
ModelFinder will test up to 484 DNA models (sample size: 1554) ...
 No. Model         -LnL         df  AIC          AICc         BIC
  1  GTR+F         3809.019     19  7656.038     7656.534     7757.661
  2  GTR+F+I       3779.512     20  7599.023     7599.571     7705.995
  3  GTR+F+G4      3779.666     20  7599.331     7599.879     7706.303
  4  GTR+F+I+G4    3779.788     21  7601.577     7602.180     7713.897
  5  GTR+F+R2      3779.697     21  7601.393     7601.997     7713.714
  6  GTR+F+R3      3779.637     23  7605.273     7605.995     7728.291
 14  GTR+F+I+R2    3779.686     22  7603.372     7604.033     7721.041
 15  GTR+F+I+R3    3779.770     24  7607.540     7608.324     7735.906
 24  SYM+I         3815.946     17  7665.891     7666.290     7756.817
 25  SYM+G4        3816.279     17  7666.559     7666.957     7757.485
 26  SYM+I+G4      3816.444     18  7668.887     7669.333     7765.162
 27  SYM+R2        3816.169     18  7668.337     7668.783     7764.612
 46  TVM+F+I       3780.167     19  7598.334     7598.829     7699.957
 47  TVM+F+G4      3780.385     19  7598.771     7599.266     7700.394
 48  TVM+F+I+G4    3780.520     20  7601.040     7601.588     7708.011
 49  TVM+F+R2      3780.396     20  7600.791     7601.339     7707.763
 68  TVMe+I        3816.065     16  7664.130     7664.484     7749.707
 69  TVMe+G4       3816.404     16  7664.807     7665.161     7750.385
 70  TVMe+I+G4     3816.574     17  7667.149     7667.547     7758.075
 71  TVMe+R2       3816.282     17  7666.565     7666.963     7757.491
 90  TIM3+F+I      3780.257     18  7596.514     7596.960     7692.789
 91  TIM3+F+G4     3780.366     18  7596.732     7597.177     7693.006
 92  TIM3+F+I+G4   3780.501     19  7599.002     7599.497     7700.625
 93  TIM3+F+R2     3780.418     19  7598.837     7599.332     7700.460
112  TIM3e+I       3816.208     15  7662.416     7662.728     7742.644
113  TIM3e+G4      3816.506     15  7663.013     7663.325     7743.242
114  TIM3e+I+G4    3816.665     16  7665.331     7665.685     7750.908
115  TIM3e+R2      3816.432     16  7664.864     7665.218     7750.441
134  TIM2+F+I      3780.888     18  7597.777     7598.223     7694.052
135  TIM2+F+G4     3780.982     18  7597.964     7598.410     7694.239
136  TIM2+F+I+G4   3781.091     19  7600.182     7600.678     7701.805
137  TIM2+F+R2     3781.091     19  7600.182     7600.678     7701.806
156  TIM2e+I       3820.809     15  7671.617     7671.930     7751.846
157  TIM2e+G4      3821.066     15  7672.133     7672.445     7752.362
158  TIM2e+I+G4    3821.214     16  7674.428     7674.782     7760.006
159  TIM2e+R2      3821.026     16  7674.052     7674.406     7759.630
178  TIM+F+I       3781.025     18  7598.051     7598.497     7694.326
179  TIM+F+G4      3781.116     18  7598.231     7598.677     7694.506
180  TIM+F+I+G4    3781.210     19  7600.419     7600.915     7702.042
181  TIM+F+R2      3781.227     19  7600.455     7600.950     7702.078
200  TIMe+I        3820.710     15  7671.420     7671.732     7751.648
201  TIMe+G4       3820.977     15  7671.954     7672.267     7752.183
202  TIMe+I+G4     3821.127     16  7674.253     7674.607     7759.831
203  TIMe+R2       3820.922     16  7673.844     7674.198     7759.421
222  TPM3u+F+I     3780.975     17  7595.950     7596.349     7686.876
223  TPM3u+F+G4    3781.117     17  7596.234     7596.633     7687.160
224  TPM3u+F+I+G4  3781.249     18  7598.498     7598.944     7694.773
225  TPM3u+F+R2    3781.136     18  7598.273     7598.718     7694.547
244  TPM3+I        3816.336     14  7660.671     7660.944     7735.551
245  TPM3+G4       3816.640     14  7661.280     7661.553     7736.160
246  TPM3+I+G4     3816.802     15  7663.605     7663.917     7743.834
247  TPM3+R2       3816.553     15  7663.107     7663.419     7743.335
266  TPM2u+F+I     3781.606     17  7597.212     7597.611     7688.138
267  TPM2u+F+G4    3781.729     17  7597.457     7597.856     7688.383
268  TPM2u+F+I+G4  3781.855     18  7599.709     7600.155     7695.984
269  TPM2u+F+R2    3781.815     18  7599.630     7600.075     7695.904
288  TPM2+I        3820.903     14  7669.806     7670.079     7744.686
289  TPM2+G4       3821.165     14  7670.329     7670.602     7745.209
290  TPM2+I+G4     3821.316     15  7672.632     7672.944     7752.860
291  TPM2+R2       3821.116     15  7672.233     7672.545     7752.462
310  K3Pu+F+I      3781.749     17  7597.499     7597.897     7688.425
311  K3Pu+F+G4     3781.864     17  7597.727     7598.126     7688.653
312  K3Pu+F+I+G4   3781.979     18  7599.958     7600.404     7696.233
313  K3Pu+F+R2     3781.951     18  7599.902     7600.347     7696.176
332  K3P+I         3820.800     14  7669.601     7669.873     7744.481
333  K3P+G4        3821.072     14  7670.144     7670.416     7745.024
334  K3P+I+G4      3821.226     15  7672.452     7672.764     7752.681
335  K3P+R2        3821.017     15  7672.034     7672.346     7752.262
354  TN+F+I        3781.452     17  7596.904     7597.303     7687.830
355  TN+F+G4       3781.494     17  7596.988     7597.386     7687.914
356  TN+F+I+G4     3781.585     18  7599.171     7599.617     7695.446
357  TN+F+R2       3781.650     18  7599.300     7599.746     7695.575
376  TNe+I         3820.891     14  7669.782     7670.055     7744.663
377  TNe+G4        3821.130     14  7670.259     7670.532     7745.139
378  TNe+I+G4      3821.273     15  7672.546     7672.858     7752.775
379  TNe+R2        3821.104     15  7672.207     7672.519     7752.436
398  HKY+F+I       3782.184     16  7596.367     7596.721     7681.945
399  HKY+F+G4      3782.258     16  7596.515     7596.869     7682.093
400  HKY+F+I+G4    3782.363     17  7598.726     7599.125     7689.652
401  HKY+F+R2      3782.387     17  7598.774     7599.172     7689.700
420  K2P+I         3820.985     13  7667.970     7668.206     7737.502
421  K2P+G4        3821.228     13  7668.456     7668.693     7737.988
422  K2P+I+G4      3821.376     14  7670.752     7671.025     7745.632
423  K2P+R2        3821.198     14  7670.397     7670.670     7745.277
442  F81+F+I       3882.489     15  7794.978     7795.290     7875.207
443  F81+F+G4      3882.926     15  7795.852     7796.164     7876.081
444  F81+F+I+G4    3883.030     16  7798.060     7798.414     7883.638
445  F81+F+R2      3882.740     16  7797.480     7797.834     7883.057
464  JC+I          3914.130     12  7852.260     7852.463     7916.443
465  JC+G4         3914.647     12  7853.295     7853.497     7917.478
466  JC+I+G4       3914.743     13  7855.487     7855.723     7925.018
467  JC+R2         3914.437     13  7854.873     7855.110     7924.405
Akaike Information Criterion:           TPM3u+F+I
Corrected Akaike Information Criterion: TPM3u+F+I
Bayesian Information Criterion:         HKY+F+I
Best-fit model: HKY+F+I chosen according to BIC

All model information printed to per_gene_alignments_codon/LOC101407713_.aln.model.gz
CPU time for ModelFinder: 1.137 seconds (0h:0m:1s)
Wall-clock time for ModelFinder: 2.297 seconds (0h:0m:2s)
Generating 1000 samples for ultrafast bootstrap (seed: 503813)...

NOTE: 0 MB RAM (0 GB) is required!
Estimate model parameters (epsilon = 0.100)
1. Initial log-likelihood: -3782.184
Optimal log-likelihood: -3782.183
Rate parameters:  A-C: 1.00000  A-G: 5.74121  A-T: 1.00000  C-G: 1.00000  C-T: 5.74121  G-T: 1.00000
Base frequencies:  A: 0.226  C: 0.310  G: 0.280  T: 0.184
Proportion of invariable sites: 0.655
Parameters optimization took 1 rounds (0.001 sec)
Wrote distance file to... 
Computing ML distances based on estimated model parameters...
Calculating distance matrix: done in 0.000153065 secs using 98.65% CPU
Computing ML distances took 0.000196 sec (of wall-clock time) 0.000202 sec (of CPU time)
Setting up auxiliary I and S matrices: done in 4.50611e-05 secs using 128.7% CPU
Computing RapidNJ tree took 0.000127 sec (of wall-clock time) 0.000198 sec (of CPU time)
Log-likelihood of RapidNJ tree: -3784.576
--------------------------------------------------------------------
|             INITIALIZING CANDIDATE TREE SET                      |
--------------------------------------------------------------------
Generating 98 parsimony trees... 0.065 second
Computing log-likelihood of 42 initial trees ... 0.024 seconds
Current best score: -3782.183

Do NNI search on 20 best initial trees
Estimate model parameters (epsilon = 0.100)
BETTER TREE FOUND at iteration 1: -3782.183
Iteration 10 / LogL: -3782.191 / Time: 0h:0m:2s
Iteration 20 / LogL: -3782.275 / Time: 0h:0m:2s
Finish initializing candidate tree set (1)
Current best tree score: -3782.183 / CPU time: 0.218
Number of iterations: 20
--------------------------------------------------------------------
|               OPTIMIZING CANDIDATE TREE SET                      |
--------------------------------------------------------------------
UPDATE BEST LOG-LIKELIHOOD: -3782.183
UPDATE BEST LOG-LIKELIHOOD: -3782.183
Iteration 30 / LogL: -3782.183 / Time: 0h:0m:2s (0h:0m:1s left)
Iteration 40 / LogL: -3782.183 / Time: 0h:0m:2s (0h:0m:1s left)
Iteration 50 / LogL: -3782.234 / Time: 0h:0m:3s (0h:0m:0s left)
Log-likelihood cutoff on original alignment: -3807.846
Iteration 60 / LogL: -3782.252 / Time: 0h:0m:3s (0h:0m:0s left)
Iteration 70 / LogL: -3782.183 / Time: 0h:0m:3s (0h:0m:0s left)
Iteration 80 / LogL: -3782.224 / Time: 0h:0m:3s (0h:0m:0s left)
Iteration 90 / LogL: -3806.531 / Time: 0h:0m:3s (0h:0m:0s left)
Iteration 100 / LogL: -3782.215 / Time: 0h:0m:3s (0h:0m:0s left)
Log-likelihood cutoff on original alignment: -3806.622
NOTE: Bootstrap correlation coefficient of split occurrence frequencies: 1.000
TREE SEARCH COMPLETED AFTER 102 ITERATIONS / Time: 0h:0m:4s

--------------------------------------------------------------------
|                    FINALIZING TREE SEARCH                        |
--------------------------------------------------------------------
Performs final model parameters optimization
Estimate model parameters (epsilon = 0.010)
1. Initial log-likelihood: -3782.183
Optimal log-likelihood: -3782.183
Rate parameters:  A-C: 1.00000  A-G: 5.73730  A-T: 1.00000  C-G: 1.00000  C-T: 5.73730  G-T: 1.00000
Base frequencies:  A: 0.226  C: 0.310  G: 0.280  T: 0.184
Proportion of invariable sites: 0.655
Parameters optimization took 1 rounds (0.001 sec)
BEST SCORE FOUND : -3782.183
Creating bootstrap support values...
Split supports printed to NEXUS file per_gene_alignments_codon/LOC101407713_.aln.splits.nex
Total tree length: 0.281

Total number of iterations: 102
CPU time used for tree search: 0.945 sec (0h:0m:0s)
Wall-clock time used for tree search: 1.724 sec (0h:0m:1s)
Total CPU time used: 2.141 sec (0h:0m:2s)
Total wall-clock time used: 4.150 sec (0h:0m:4s)

Computing bootstrap consensus tree...
Reading input file per_gene_alignments_codon/LOC101407713_.aln.splits.nex...
7 taxa and 23 splits.
Consensus tree written to per_gene_alignments_codon/LOC101407713_.aln.contree
Reading input trees file per_gene_alignments_codon/LOC101407713_.aln.contree
Log-likelihood of consensus tree: -3782.183

Analysis results written to: 
  IQ-TREE report:                per_gene_alignments_codon/LOC101407713_.aln.iqtree
  Maximum-likelihood tree:       per_gene_alignments_codon/LOC101407713_.aln.treefile
  Likelihood distances:          per_gene_alignments_codon/LOC101407713_.aln.mldist

Ultrafast bootstrap approximation results written to:
  Split support values:          per_gene_alignments_codon/LOC101407713_.aln.splits.nex
  Consensus tree:                per_gene_alignments_codon/LOC101407713_.aln.contree
  Screen log file:               per_gene_alignments_codon/LOC101407713_.aln.log

Date and Time: Thu Oct 30 21:39:07 2025
