IQ-TREE multicore version 2.3.3 COVID-edition for Linux x86 64-bit built Apr 25 2024
Developed by Bui Quang Minh, James Barbetti, Nguyen Lam Tung, Olga Chernomor,
Heiko Schmidt, Dominik Schrempf, Michael Woodhams, Ly Trong Nhan, Thomas Wong

Host:    morpheus-OptiPlex-5050 (AVX2, FMA3, 503 GB RAM)
Command: iqtree2 -s per_gene_alignments_codon/LOC101393708_.aln.fna -m MFP -T 1 -B 1000 --prefix per_gene_alignments_codon/LOC101393708_.aln
Seed:    18937 (Using SPRNG - Scalable Parallel Random Number Generator)
Time:    Thu Oct 30 21:29:29 2025
Kernel:  AVX+FMA - 1 threads (72 CPU cores detected)

HINT: Use -nt option to specify number of threads because your CPU has 72 cores!
HINT: -nt AUTO will automatically determine the best number of threads to use.

Reading alignment file per_gene_alignments_codon/LOC101393708_.aln.fna ... Fasta format detected
Reading fasta file: done in 0.000515938 secs using 99.62% CPU
Alignment most likely contains DNA/RNA sequences
Alignment has 7 sequences with 1794 columns, 110 distinct patterns
116 parsimony-informative, 156 singleton sites, 1522 constant sites
                     Gap/Ambiguity  Composition  p-value
Analyzing sequences: done in 2.38419e-05 secs
   1  Ceratotherium_simum    0.00%    passed     97.73%
   2  Diceros_bicornis       0.00%    passed     96.66%
   3  Equus_asinus           0.00%    passed     98.53%
   4  Equus_quagga           0.00%    passed     99.07%
   5  Equus_caballus         0.00%    passed     97.43%
   6  Canis_lupus            0.33%    passed     95.38%
   7  Bos_taurus             0.00%    passed     99.35%
****  TOTAL                  0.05%  0 sequences failed composition chi2 test (p-value<5%; df=3)


Create initial parsimony tree by phylogenetic likelihood library (PLL)... 0.000 seconds
Perform fast likelihood tree search using GTR+I+G model...
Estimate model parameters (epsilon = 5.000)
Perform nearest neighbor interchange...
Estimate model parameters (epsilon = 1.000)
1. Initial log-likelihood: -4145.467
Optimal log-likelihood: -4145.458
Rate parameters:  A-C: 1.01466  A-G: 2.91251  A-T: 0.34446  C-G: 1.06989  C-T: 4.25826  G-T: 1.00000
Base frequencies:  A: 0.279  C: 0.251  G: 0.252  T: 0.219
Proportion of invariable sites: 0.421
Gamma shape alpha: 0.667
Parameters optimization took 1 rounds (0.002 sec)
Time for fast ML tree search: 0.022 seconds

NOTE: ModelFinder requires 0 MB RAM!
ModelFinder will test up to 484 DNA models (sample size: 1794) ...
 No. Model         -LnL         df  AIC          AICc         BIC
  1  GTR+F         4178.030     19  8394.060     8394.488     8498.412
  2  GTR+F+I       4145.979     20  8331.958     8332.431     8441.802
  3  GTR+F+G4      4145.707     20  8331.414     8331.887     8441.258
  4  GTR+F+I+G4    4145.461     21  8332.921     8333.442     8448.257
  5  GTR+F+R2      4145.778     21  8333.555     8334.077     8448.892
  6  GTR+F+R3      4145.616     23  8337.232     8337.856     8463.553
 14  GTR+F+I+R2    4145.806     22  8335.613     8336.184     8456.441
 15  GTR+F+I+R3    4145.514     24  8339.028     8339.706     8470.841
 24  SYM+I         4152.912     17  8339.824     8340.169     8433.191
 25  SYM+G4        4152.637     17  8339.274     8339.619     8432.641
 26  SYM+I+G4      4152.390     18  8340.779     8341.165     8439.639
 27  SYM+R2        4152.774     18  8341.548     8341.933     8440.408
 46  TVM+F+I       4148.211     19  8334.421     8334.850     8438.773
 47  TVM+F+G4      4148.015     19  8334.031     8334.459     8438.383
 48  TVM+F+I+G4    4147.836     20  8335.671     8336.145     8445.516
 49  TVM+F+R2      4148.256     20  8336.511     8336.985     8446.355
 68  TVMe+I        4153.740     16  8339.481     8339.787     8427.356
 69  TVMe+G4       4153.514     16  8339.029     8339.335     8426.904
 70  TVMe+I+G4     4153.312     17  8340.624     8340.969     8433.992
 71  TVMe+R2       4153.712     17  8341.425     8341.769     8434.792
 90  TIM3+F+I      4148.979     18  8333.958     8334.343     8432.817
 91  TIM3+F+G4     4148.732     18  8333.464     8333.849     8432.324
 92  TIM3+F+I+G4   4148.525     19  8335.051     8335.479     8439.403
 93  TIM3+F+R2     4148.940     19  8335.879     8336.308     8440.231
112  TIM3e+I       4155.403     15  8340.806     8341.075     8423.189
113  TIM3e+G4      4155.155     15  8340.310     8340.580     8422.693
114  TIM3e+I+G4    4154.953     16  8341.906     8342.212     8429.781
115  TIM3e+R2      4155.337     16  8342.674     8342.980     8430.549
134  TIM2+F+I      4149.662     18  8335.325     8335.710     8434.184
135  TIM2+F+G4     4149.438     18  8334.876     8335.261     8433.735
136  TIM2+F+I+G4   4149.237     19  8336.473     8336.902     8440.825
137  TIM2+F+R2     4149.690     19  8337.380     8337.809     8441.732
156  TIM2e+I       4157.639     15  8345.279     8345.549     8427.662
157  TIM2e+G4      4157.422     15  8344.843     8345.113     8427.226
158  TIM2e+I+G4    4157.231     16  8346.462     8346.768     8434.338
159  TIM2e+R2      4157.685     16  8347.370     8347.677     8435.246
178  TIM+F+I       4150.283     18  8336.567     8336.952     8435.426
179  TIM+F+G4      4149.986     18  8335.972     8336.357     8434.831
180  TIM+F+I+G4    4149.692     19  8337.384     8337.813     8441.736
181  TIM+F+R2      4150.068     19  8338.135     8338.563     8442.487
200  TIMe+I        4157.652     15  8345.304     8345.574     8427.687
201  TIMe+G4       4157.364     15  8344.728     8344.998     8427.111
202  TIMe+I+G4     4157.083     16  8346.166     8346.472     8434.041
203  TIMe+R2       4157.451     16  8346.902     8347.208     8434.778
222  TPM3u+F+I     4151.274     17  8336.549     8336.893     8429.916
223  TPM3u+F+G4    4151.096     17  8336.192     8336.537     8429.560
224  TPM3u+F+I+G4  4150.947     18  8337.894     8338.280     8436.754
225  TPM3u+F+R2    4151.368     18  8338.737     8339.122     8437.596
244  TPM3+I        4156.249     14  8340.498     8340.734     8417.389
245  TPM3+G4       4156.044     14  8340.087     8340.323     8416.978
246  TPM3+I+G4     4155.877     15  8341.755     8342.025     8424.138
247  TPM3+R2       4156.279     15  8342.558     8342.828     8424.941
266  TPM2u+F+I     4151.898     17  8337.795     8338.140     8431.163
267  TPM2u+F+G4    4151.750     17  8337.500     8337.845     8430.868
268  TPM2u+F+I+G4  4151.629     18  8339.258     8339.643     8438.117
269  TPM2u+F+R2    4152.108     18  8340.217     8340.602     8439.076
288  TPM2+I        4158.430     14  8344.860     8345.096     8421.751
289  TPM2+G4       4158.261     14  8344.522     8344.758     8421.413
290  TPM2+I+G4     4158.120     15  8346.240     8346.510     8428.623
291  TPM2+R2       4158.583     15  8347.166     8347.436     8429.549
310  K3Pu+F+I      4152.499     17  8338.998     8339.343     8432.366
311  K3Pu+F+G4     4152.278     17  8338.557     8338.902     8431.924
312  K3Pu+F+I+G4   4152.057     18  8340.115     8340.500     8438.975
313  K3Pu+F+R2     4152.446     18  8340.891     8341.277     8439.751
332  K3P+I         4158.421     14  8344.843     8345.079     8421.734
333  K3P+G4        4158.182     14  8344.363     8344.599     8421.254
334  K3P+I+G4      4157.947     15  8345.894     8346.164     8428.277
335  K3P+R2        4158.326     15  8346.653     8346.923     8429.036
354  TN+F+I        4151.257     17  8336.515     8336.859     8429.882
355  TN+F+G4       4151.010     17  8336.020     8336.365     8429.388
356  TN+F+I+G4     4150.785     18  8337.569     8337.954     8436.429
357  TN+F+R2       4151.199     18  8338.399     8338.784     8437.258
376  TNe+I         4158.717     14  8345.435     8345.671     8422.326
377  TNe+G4        4158.479     14  8344.959     8345.195     8421.850
378  TNe+I+G4      4158.266     15  8346.532     8346.802     8428.915
379  TNe+R2        4158.682     15  8347.363     8347.633     8429.746
398  HKY+F+I       4153.513     16  8339.025     8339.331     8426.901
399  HKY+F+G4      4153.340     16  8338.680     8338.986     8426.555
400  HKY+F+I+G4    4153.188     17  8340.376     8340.720     8433.743
401  HKY+F+R2      4153.621     17  8341.242     8341.586     8434.609
420  K2P+I         4159.505     13  8345.010     8345.215     8416.409
421  K2P+G4        4159.314     13  8344.628     8344.832     8416.026
422  K2P+I+G4      4159.147     14  8346.294     8346.530     8423.185
423  K2P+R2        4159.569     14  8347.138     8347.374     8424.029
442  F81+F+I       4218.667     15  8467.334     8467.604     8549.717
443  F81+F+G4      4218.689     15  8467.378     8467.648     8549.761
444  F81+F+I+G4    4218.757     16  8469.514     8469.820     8557.389
445  F81+F+R2      4219.326     16  8470.653     8470.959     8558.528
464  JC+I          4224.432     12  8472.863     8473.038     8538.769
465  JC+G4         4224.455     12  8472.909     8473.084     8538.816
466  JC+I+G4       4224.526     13  8475.051     8475.256     8546.450
467  JC+R2         4225.190     13  8476.379     8476.584     8547.778
Akaike Information Criterion:           GTR+F+G4
Corrected Akaike Information Criterion: GTR+F+G4
Bayesian Information Criterion:         K2P+G4
Best-fit model: K2P+G4 chosen according to BIC

All model information printed to per_gene_alignments_codon/LOC101393708_.aln.model.gz
CPU time for ModelFinder: 1.950 seconds (0h:0m:1s)
Wall-clock time for ModelFinder: 3.361 seconds (0h:0m:3s)
Generating 1000 samples for ultrafast bootstrap (seed: 18937)...

NOTE: 0 MB RAM (0 GB) is required!
Estimate model parameters (epsilon = 0.100)
1. Initial log-likelihood: -4159.314
Optimal log-likelihood: -4159.314
Rate parameters:  A-C: 1.00000  A-G: 4.07951  A-T: 1.00000  C-G: 1.00000  C-T: 4.07951  G-T: 1.00000
Base frequencies:  A: 0.250  C: 0.250  G: 0.250  T: 0.250
Gamma shape alpha: 0.190
Parameters optimization took 1 rounds (0.001 sec)
Wrote distance file to... 
Computing ML distances based on estimated model parameters...
Calculating distance matrix: done in 0.000525951 secs using 99.82% CPU
Computing ML distances took 0.000584 sec (of wall-clock time) 0.000589 sec (of CPU time)
Setting up auxiliary I and S matrices: done in 5.29289e-05 secs using 92.58% CPU
Computing RapidNJ tree took 0.000167 sec (of wall-clock time) 0.000166 sec (of CPU time)
Log-likelihood of RapidNJ tree: -4159.316
--------------------------------------------------------------------
|             INITIALIZING CANDIDATE TREE SET                      |
--------------------------------------------------------------------
Generating 99 parsimony trees... 0.075 second
Computing log-likelihood of 39 initial trees ... 0.035 seconds
Current best score: -4159.314

Do NNI search on 20 best initial trees
Estimate model parameters (epsilon = 0.100)
BETTER TREE FOUND at iteration 1: -4159.314
Iteration 10 / LogL: -4159.327 / Time: 0h:0m:3s
Iteration 20 / LogL: -4159.484 / Time: 0h:0m:3s
Finish initializing candidate tree set (1)
Current best tree score: -4159.314 / CPU time: 0.244
Number of iterations: 20
--------------------------------------------------------------------
|               OPTIMIZING CANDIDATE TREE SET                      |
--------------------------------------------------------------------
Iteration 30 / LogL: -4159.396 / Time: 0h:0m:3s (0h:0m:1s left)
Iteration 40 / LogL: -4159.319 / Time: 0h:0m:3s (0h:0m:0s left)
Iteration 50 / LogL: -4159.315 / Time: 0h:0m:4s (0h:0m:0s left)
Log-likelihood cutoff on original alignment: -4176.443
Iteration 60 / LogL: -4159.396 / Time: 0h:0m:4s (0h:0m:0s left)
Iteration 70 / LogL: -4159.378 / Time: 0h:0m:4s (0h:0m:0s left)
Iteration 80 / LogL: -4159.314 / Time: 0h:0m:4s (0h:0m:0s left)
Iteration 90 / LogL: -4159.321 / Time: 0h:0m:4s (0h:0m:0s left)
Iteration 100 / LogL: -4159.384 / Time: 0h:0m:4s (0h:0m:0s left)
Log-likelihood cutoff on original alignment: -4176.443
NOTE: Bootstrap correlation coefficient of split occurrence frequencies: 1.000
TREE SEARCH COMPLETED AFTER 102 ITERATIONS / Time: 0h:0m:4s

--------------------------------------------------------------------
|                    FINALIZING TREE SEARCH                        |
--------------------------------------------------------------------
Performs final model parameters optimization
Estimate model parameters (epsilon = 0.010)
1. Initial log-likelihood: -4159.314
Optimal log-likelihood: -4159.314
Rate parameters:  A-C: 1.00000  A-G: 4.07977  A-T: 1.00000  C-G: 1.00000  C-T: 4.07977  G-T: 1.00000
Base frequencies:  A: 0.250  C: 0.250  G: 0.250  T: 0.250
Gamma shape alpha: 0.190
Parameters optimization took 1 rounds (0.001 sec)
BEST SCORE FOUND : -4159.314
Creating bootstrap support values...
Split supports printed to NEXUS file per_gene_alignments_codon/LOC101393708_.aln.splits.nex
Total tree length: 0.218

Total number of iterations: 102
CPU time used for tree search: 1.156 sec (0h:0m:1s)
Wall-clock time used for tree search: 1.323 sec (0h:0m:1s)
Total CPU time used: 3.168 sec (0h:0m:3s)
Total wall-clock time used: 4.762 sec (0h:0m:4s)

Computing bootstrap consensus tree...
Reading input file per_gene_alignments_codon/LOC101393708_.aln.splits.nex...
7 taxa and 15 splits.
Consensus tree written to per_gene_alignments_codon/LOC101393708_.aln.contree
Reading input trees file per_gene_alignments_codon/LOC101393708_.aln.contree
Log-likelihood of consensus tree: -4159.316

Analysis results written to: 
  IQ-TREE report:                per_gene_alignments_codon/LOC101393708_.aln.iqtree
  Maximum-likelihood tree:       per_gene_alignments_codon/LOC101393708_.aln.treefile
  Likelihood distances:          per_gene_alignments_codon/LOC101393708_.aln.mldist

Ultrafast bootstrap approximation results written to:
  Split support values:          per_gene_alignments_codon/LOC101393708_.aln.splits.nex
  Consensus tree:                per_gene_alignments_codon/LOC101393708_.aln.contree
  Screen log file:               per_gene_alignments_codon/LOC101393708_.aln.log

Date and Time: Thu Oct 30 21:29:34 2025
