IQ-TREE multicore version 2.3.3 COVID-edition for Linux x86 64-bit built Apr 25 2024
Developed by Bui Quang Minh, James Barbetti, Nguyen Lam Tung, Olga Chernomor,
Heiko Schmidt, Dominik Schrempf, Michael Woodhams, Ly Trong Nhan, Thomas Wong

Host:    morpheus-OptiPlex-5050 (AVX2, FMA3, 503 GB RAM)
Command: iqtree2 -s per_gene_alignments_codon/LOC101397663_.aln.fna -m MFP -T 1 -B 1000 --prefix per_gene_alignments_codon/LOC101397663_.aln
Seed:    577793 (Using SPRNG - Scalable Parallel Random Number Generator)
Time:    Thu Oct 30 21:32:10 2025
Kernel:  AVX+FMA - 1 threads (72 CPU cores detected)

HINT: Use -nt option to specify number of threads because your CPU has 72 cores!
HINT: -nt AUTO will automatically determine the best number of threads to use.

Reading alignment file per_gene_alignments_codon/LOC101397663_.aln.fna ... Fasta format detected
Reading fasta file: done in 0.00158 secs
Alignment most likely contains DNA/RNA sequences
Alignment has 7 sequences with 6180 columns, 155 distinct patterns
352 parsimony-informative, 491 singleton sites, 5337 constant sites
                     Gap/Ambiguity  Composition  p-value
Analyzing sequences: done in 2.7895e-05 secs
   1  Ceratotherium_simum    0.05%    passed     85.12%
   2  Diceros_bicornis       0.05%    passed     85.65%
   3  Equus_asinus           0.00%    passed     98.10%
   4  Equus_quagga           0.00%    passed     97.37%
   5  Equus_caballus         0.00%    passed     97.79%
   6  Canis_lupus            0.00%    passed     96.94%
   7  Bos_taurus             0.05%    passed     68.40%
****  TOTAL                  0.02%  0 sequences failed composition chi2 test (p-value<5%; df=3)


Create initial parsimony tree by phylogenetic likelihood library (PLL)... 0.000 seconds
Perform fast likelihood tree search using GTR+I+G model...
Estimate model parameters (epsilon = 5.000)
Perform nearest neighbor interchange...
Estimate model parameters (epsilon = 1.000)
1. Initial log-likelihood: -13522.214
Optimal log-likelihood: -13522.169
Rate parameters:  A-C: 1.29741  A-G: 5.51777  A-T: 0.49609  C-G: 1.29979  C-T: 8.14769  G-T: 1.00000
Base frequencies:  A: 0.290  C: 0.228  G: 0.248  T: 0.234
Proportion of invariable sites: 0.428
Gamma shape alpha: 0.653
Parameters optimization took 1 rounds (0.007 sec)
Time for fast ML tree search: 0.064 seconds

NOTE: ModelFinder requires 0 MB RAM!
ModelFinder will test up to 484 DNA models (sample size: 6180) ...
 No. Model         -LnL         df  AIC          AICc         BIC
  1  GTR+F         13603.625    19  27245.251    27245.374    27373.103
  2  GTR+F+I       13522.975    20  27085.951    27086.087    27220.532
  3  GTR+F+G4      13522.612    20  27085.223    27085.359    27219.805
  4  GTR+F+I+G4    13522.197    21  27086.393    27086.543    27227.704
  5  GTR+F+R2      13523.283    21  27088.566    27088.716    27229.877
  6  GTR+F+R3      13522.815    23  27091.630    27091.809    27246.398
 14  GTR+F+I+R2    13522.761    22  27089.522    27089.686    27237.561
 15  GTR+F+I+R3    13522.330    24  27092.660    27092.855    27254.157
 24  SYM+I         13551.598    17  27137.196    27137.296    27251.591
 25  SYM+G4        13551.322    17  27136.644    27136.743    27251.038
 26  SYM+I+G4      13551.015    18  27138.031    27138.142    27259.154
 46  TVM+F+I       13531.201    19  27100.401    27100.525    27228.254
 47  TVM+F+G4      13531.024    19  27100.049    27100.172    27227.901
 48  TVM+F+I+G4    13530.828    20  27101.655    27101.792    27236.237
 68  TVMe+I        13554.418    16  27140.836    27140.924    27248.501
 69  TVMe+G4       13554.234    16  27140.468    27140.557    27248.133
 70  TVMe+I+G4     13554.045    17  27142.089    27142.189    27256.483
 90  TIM3+F+I      13526.175    18  27088.351    27088.462    27209.474
 91  TIM3+F+G4     13525.822    18  27087.645    27087.756    27208.768
 92  TIM3+F+I+G4   13525.460    19  27088.921    27089.044    27216.773
112  TIM3e+I       13553.781    15  27137.563    27137.641    27238.499
113  TIM3e+G4      13553.510    15  27137.021    27137.098    27237.957
114  TIM3e+I+G4    13553.238    16  27138.477    27138.565    27246.142
134  TIM2+F+I      13531.559    18  27099.118    27099.229    27220.241
135  TIM2+F+G4     13531.265    18  27098.529    27098.640    27219.653
136  TIM2+F+I+G4   13530.972    19  27099.944    27100.067    27227.796
156  TIM2e+I       13559.421    15  27148.843    27148.920    27249.779
157  TIM2e+G4      13559.205    15  27148.409    27148.487    27249.345
158  TIM2e+I+G4    13559.014    16  27150.027    27150.116    27257.693
178  TIM+F+I       13531.208    18  27098.415    27098.526    27219.538
179  TIM+F+G4      13530.970    18  27097.939    27098.050    27219.063
180  TIM+F+I+G4    13530.752    19  27099.503    27099.626    27227.355
200  TIMe+I        13558.339    15  27146.677    27146.755    27247.614
201  TIMe+G4       13558.149    15  27146.298    27146.376    27247.234
202  TIMe+I+G4     13557.996    16  27147.992    27148.080    27255.657
222  TPM3u+F+I     13534.566    17  27103.131    27103.231    27217.526
223  TPM3u+F+G4    13534.432    17  27102.864    27102.964    27217.259
224  TPM3u+F+I+G4  13534.305    18  27104.609    27104.720    27225.733
244  TPM3+I        13556.627    14  27141.255    27141.323    27235.462
245  TPM3+G4       13556.477    14  27140.953    27141.021    27235.160
246  TPM3+I+G4     13556.337    15  27142.674    27142.752    27243.610
266  TPM2u+F+I     13539.752    17  27113.505    27113.604    27227.899
267  TPM2u+F+G4    13539.655    17  27113.310    27113.409    27227.704
268  TPM2u+F+I+G4  13539.600    18  27115.200    27115.311    27236.323
288  TPM2+I        13562.221    14  27152.441    27152.509    27246.648
289  TPM2+G4       13562.120    14  27152.240    27152.308    27246.447
290  TPM2+I+G4     13562.060    15  27154.121    27154.198    27255.057
310  K3Pu+F+I      13539.511    17  27113.022    27113.122    27227.417
311  K3Pu+F+G4     13539.469    17  27112.937    27113.037    27227.332
312  K3Pu+F+I+G4   13539.499    18  27114.997    27115.108    27236.121
332  K3P+I         13561.147    14  27150.293    27150.361    27244.500
333  K3P+G4        13561.073    14  27150.147    27150.215    27244.354
334  K3P+I+G4      13561.053    15  27152.106    27152.184    27253.042
354  TN+F+I        13532.894    17  27099.789    27099.888    27214.183
355  TN+F+G4       13532.646    17  27099.292    27099.391    27213.686
356  TN+F+I+G4     13532.412    18  27100.823    27100.934    27221.947
376  TNe+I         13559.862    14  27147.724    27147.792    27241.931
377  TNe+G4        13559.671    14  27147.341    27147.409    27241.548
378  TNe+I+G4      13559.513    15  27149.025    27149.103    27249.961
398  HKY+F+I       13541.232    16  27114.464    27114.552    27222.129
399  HKY+F+G4      13541.178    16  27114.357    27114.445    27222.022
400  HKY+F+I+G4    13541.184    17  27116.368    27116.467    27230.762
420  K2P+I         13562.681    13  27151.362    27151.421    27238.840
421  K2P+G4        13562.605    13  27151.210    27151.269    27238.688
422  K2P+I+G4      13562.578    14  27153.156    27153.224    27247.363
442  F81+F+I       13889.847    15  27809.694    27809.772    27910.630
443  F81+F+G4      13889.902    15  27809.804    27809.881    27910.740
444  F81+F+I+G4    13889.962    16  27811.923    27812.012    27919.589
464  JC+I          13911.053    12  27846.106    27846.157    27926.855
465  JC+G4         13911.147    12  27846.294    27846.344    27927.043
466  JC+I+G4       13911.230    13  27848.459    27848.518    27935.937
Akaike Information Criterion:           GTR+F+G4
Corrected Akaike Information Criterion: GTR+F+G4
Bayesian Information Criterion:         TIM3+F+G4
Best-fit model: TIM3+F+G4 chosen according to BIC

All model information printed to per_gene_alignments_codon/LOC101397663_.aln.model.gz
CPU time for ModelFinder: 0.544 seconds (0h:0m:0s)
Wall-clock time for ModelFinder: 1.520 seconds (0h:0m:1s)
Generating 1000 samples for ultrafast bootstrap (seed: 577793)...

NOTE: 0 MB RAM (0 GB) is required!
Estimate model parameters (epsilon = 0.100)
1. Initial log-likelihood: -13525.822
Optimal log-likelihood: -13525.819
Rate parameters:  A-C: 1.74240  A-G: 7.43219  A-T: 1.00000  C-G: 1.74240  C-T: 10.98347  G-T: 1.00000
Base frequencies:  A: 0.290  C: 0.228  G: 0.248  T: 0.234
Gamma shape alpha: 0.183
Parameters optimization took 1 rounds (0.002 sec)
Wrote distance file to... 
Computing ML distances based on estimated model parameters...
Calculating distance matrix: done in 0.000571012 secs using 99.65% CPU
Computing ML distances took 0.000624 sec (of wall-clock time) 0.000630 sec (of CPU time)
Setting up auxiliary I and S matrices: done in 3.8147e-05 secs using 94.37% CPU
Computing RapidNJ tree took 0.000335 sec (of wall-clock time) 0.000142 sec (of CPU time)
Log-likelihood of RapidNJ tree: -13525.819
--------------------------------------------------------------------
|             INITIALIZING CANDIDATE TREE SET                      |
--------------------------------------------------------------------
Generating 99 parsimony trees... 0.140 second
Computing log-likelihood of 37 initial trees ... 0.045 seconds
Current best score: -13525.819

Do NNI search on 20 best initial trees
Estimate model parameters (epsilon = 0.100)
BETTER TREE FOUND at iteration 1: -13525.818
Iteration 10 / LogL: -13526.130 / Time: 0h:0m:1s
Iteration 20 / LogL: -13525.826 / Time: 0h:0m:2s
Finish initializing candidate tree set (1)
Current best tree score: -13525.818 / CPU time: 0.466
Number of iterations: 20
--------------------------------------------------------------------
|               OPTIMIZING CANDIDATE TREE SET                      |
--------------------------------------------------------------------
Iteration 30 / LogL: -13526.078 / Time: 0h:0m:2s (0h:0m:1s left)
UPDATE BEST LOG-LIKELIHOOD: -13525.818
Iteration 40 / LogL: -13525.873 / Time: 0h:0m:2s (0h:0m:1s left)
Iteration 50 / LogL: -13525.825 / Time: 0h:0m:2s (0h:0m:1s left)
Log-likelihood cutoff on original alignment: -13537.794
Iteration 60 / LogL: -13525.847 / Time: 0h:0m:3s (0h:0m:1s left)
Iteration 70 / LogL: -13526.296 / Time: 0h:0m:3s (0h:0m:0s left)
Iteration 80 / LogL: -13525.877 / Time: 0h:0m:3s (0h:0m:0s left)
Iteration 90 / LogL: -13525.818 / Time: 0h:0m:4s (0h:0m:0s left)
Iteration 100 / LogL: -13525.818 / Time: 0h:0m:4s (0h:0m:0s left)
Log-likelihood cutoff on original alignment: -13538.538
NOTE: Bootstrap correlation coefficient of split occurrence frequencies: 1.000
TREE SEARCH COMPLETED AFTER 102 ITERATIONS / Time: 0h:0m:4s

--------------------------------------------------------------------
|                    FINALIZING TREE SEARCH                        |
--------------------------------------------------------------------
Performs final model parameters optimization
Estimate model parameters (epsilon = 0.010)
1. Initial log-likelihood: -13525.818
Optimal log-likelihood: -13525.817
Rate parameters:  A-C: 1.74242  A-G: 7.44820  A-T: 1.00000  C-G: 1.74242  C-T: 10.98285  G-T: 1.00000
Base frequencies:  A: 0.290  C: 0.228  G: 0.248  T: 0.234
Gamma shape alpha: 0.182
Parameters optimization took 1 rounds (0.003 sec)
BEST SCORE FOUND : -13525.817
Creating bootstrap support values...
Split supports printed to NEXUS file per_gene_alignments_codon/LOC101397663_.aln.splits.nex
Total tree length: 0.191

Total number of iterations: 102
CPU time used for tree search: 1.355 sec (0h:0m:1s)
Wall-clock time used for tree search: 2.829 sec (0h:0m:2s)
Total CPU time used: 1.972 sec (0h:0m:1s)
Total wall-clock time used: 4.545 sec (0h:0m:4s)

Computing bootstrap consensus tree...
Reading input file per_gene_alignments_codon/LOC101397663_.aln.splits.nex...
7 taxa and 13 splits.
Consensus tree written to per_gene_alignments_codon/LOC101397663_.aln.contree
Reading input trees file per_gene_alignments_codon/LOC101397663_.aln.contree
Log-likelihood of consensus tree: -13525.817

Analysis results written to: 
  IQ-TREE report:                per_gene_alignments_codon/LOC101397663_.aln.iqtree
  Maximum-likelihood tree:       per_gene_alignments_codon/LOC101397663_.aln.treefile
  Likelihood distances:          per_gene_alignments_codon/LOC101397663_.aln.mldist

Ultrafast bootstrap approximation results written to:
  Split support values:          per_gene_alignments_codon/LOC101397663_.aln.splits.nex
  Consensus tree:                per_gene_alignments_codon/LOC101397663_.aln.contree
  Screen log file:               per_gene_alignments_codon/LOC101397663_.aln.log

Date and Time: Thu Oct 30 21:32:15 2025
