IQ-TREE multicore version 2.3.3 COVID-edition for Linux x86 64-bit built Apr 25 2024
Developed by Bui Quang Minh, James Barbetti, Nguyen Lam Tung, Olga Chernomor,
Heiko Schmidt, Dominik Schrempf, Michael Woodhams, Ly Trong Nhan, Thomas Wong

Host:    morpheus-OptiPlex-5050 (AVX2, FMA3, 503 GB RAM)
Command: iqtree2 -s per_gene_alignments_codon/LOC101389378_.aln.fna -m MFP -T 1 -B 1000 --prefix per_gene_alignments_codon/LOC101389378_.aln
Seed:    342321 (Using SPRNG - Scalable Parallel Random Number Generator)
Time:    Thu Oct 30 21:26:27 2025
Kernel:  AVX+FMA - 1 threads (72 CPU cores detected)

HINT: Use -nt option to specify number of threads because your CPU has 72 cores!
HINT: -nt AUTO will automatically determine the best number of threads to use.

Reading alignment file per_gene_alignments_codon/LOC101389378_.aln.fna ... Fasta format detected
Reading fasta file: done in 0.00135803 secs using 33.28% CPU
Alignment most likely contains DNA/RNA sequences
Alignment has 7 sequences with 5172 columns, 189 distinct patterns
369 parsimony-informative, 608 singleton sites, 4195 constant sites
                     Gap/Ambiguity  Composition  p-value
Analyzing sequences: done in 2.09808e-05 secs
   1  Ceratotherium_simum    0.23%    passed     49.09%
   2  Diceros_bicornis       1.04%    passed     46.63%
   3  Equus_asinus           0.00%    passed     83.58%
   4  Equus_quagga           0.00%    passed     77.98%
   5  Equus_caballus         0.00%    passed     81.52%
   6  Canis_lupus            0.00%    passed     89.06%
   7  Bos_taurus             0.29%    failed      0.00%
****  TOTAL                  0.22%  1 sequences failed composition chi2 test (p-value<5%; df=3)


Create initial parsimony tree by phylogenetic likelihood library (PLL)... 0.000 seconds
Perform fast likelihood tree search using GTR+I+G model...
Estimate model parameters (epsilon = 5.000)
Perform nearest neighbor interchange...
Estimate model parameters (epsilon = 1.000)
1. Initial log-likelihood: -12689.385
Optimal log-likelihood: -12689.338
Rate parameters:  A-C: 1.78766  A-G: 5.17278  A-T: 0.35530  C-G: 1.66191  C-T: 8.18500  G-T: 1.00000
Base frequencies:  A: 0.257  C: 0.269  G: 0.269  T: 0.204
Proportion of invariable sites: 0.402
Gamma shape alpha: 1.008
Parameters optimization took 1 rounds (0.013 sec)
Time for fast ML tree search: 0.089 seconds

NOTE: ModelFinder requires 1 MB RAM!
ModelFinder will test up to 484 DNA models (sample size: 5172) ...
 No. Model         -LnL         df  AIC          AICc         BIC
  1  GTR+F         12767.511    19  25573.022    25573.169    25697.491
  2  GTR+F+I       12689.404    20  25418.808    25418.971    25549.829
  3  GTR+F+G4      12689.315    20  25418.630    25418.793    25549.650
  4  GTR+F+I+G4    12689.347    21  25420.693    25420.873    25558.264
  5  GTR+F+R2      12689.631    21  25421.263    25421.442    25558.834
  6  GTR+F+R3      12689.358    23  25424.717    25424.931    25575.390
 14  GTR+F+I+R2    12689.369    22  25422.737    25422.934    25566.860
 15  GTR+F+I+R3    12689.344    24  25426.688    25426.921    25583.912
 24  SYM+I         12734.490    17  25502.980    25503.099    25614.347
 25  SYM+G4        12734.319    17  25502.637    25502.756    25614.005
 26  SYM+I+G4      12734.339    18  25504.677    25504.810    25622.595
 27  SYM+R2        12734.732    18  25505.464    25505.597    25623.383
 46  TVM+F+I       12702.477    19  25442.955    25443.102    25567.424
 47  TVM+F+G4      12702.359    19  25442.718    25442.865    25567.187
 48  TVM+F+I+G4    12702.412    20  25444.825    25444.988    25575.845
 49  TVM+F+R2      12702.659    20  25445.318    25445.481    25576.338
 68  TVMe+I        12740.875    16  25513.749    25513.855    25618.565
 69  TVMe+G4       12740.705    16  25513.409    25513.515    25618.226
 70  TVMe+I+G4     12740.729    17  25515.458    25515.577    25626.825
 71  TVMe+R2       12741.057    17  25516.115    25516.234    25627.482
 90  TIM3+F+I      12694.214    18  25424.427    25424.560    25542.345
 91  TIM3+F+G4     12694.213    18  25424.426    25424.559    25542.345
 92  TIM3+F+I+G4   12694.272    19  25426.544    25426.692    25551.013
 93  TIM3+F+R2     12694.477    19  25426.954    25427.101    25551.423
112  TIM3e+I       12739.560    15  25509.121    25509.214    25607.386
113  TIM3e+G4      12739.491    15  25508.983    25509.076    25607.248
114  TIM3e+I+G4    12739.537    16  25511.074    25511.180    25615.891
115  TIM3e+R2      12739.773    16  25511.546    25511.652    25616.362
134  TIM2+F+I      12712.830    18  25461.660    25461.793    25579.579
135  TIM2+F+G4     12712.582    18  25461.165    25461.298    25579.083
136  TIM2+F+I+G4   12712.551    19  25463.102    25463.250    25587.571
137  TIM2+F+R2     12713.039    19  25464.079    25464.226    25588.548
156  TIM2e+I       12768.806    15  25567.613    25567.706    25665.878
157  TIM2e+G4      12768.637    15  25567.275    25567.368    25665.540
158  TIM2e+I+G4    12768.630    16  25569.259    25569.365    25674.076
159  TIM2e+R2      12769.020    16  25570.040    25570.145    25674.856
178  TIM+F+I       12712.220    18  25460.439    25460.572    25578.358
179  TIM+F+G4      12711.943    18  25459.887    25460.019    25577.805
180  TIM+F+I+G4    12711.898    19  25461.796    25461.944    25586.265
181  TIM+F+R2      12712.420    19  25462.839    25462.987    25587.309
200  TIMe+I        12768.602    15  25567.205    25567.298    25665.470
201  TIMe+G4       12768.422    15  25566.844    25566.937    25665.109
202  TIMe+I+G4     12768.404    16  25568.808    25568.914    25673.625
203  TIMe+R2       12768.811    16  25569.623    25569.728    25674.439
222  TPM3u+F+I     12707.317    17  25448.635    25448.754    25560.002
223  TPM3u+F+G4    12707.261    17  25448.522    25448.641    25559.890
224  TPM3u+F+I+G4  12707.331    18  25450.661    25450.794    25568.580
225  TPM3u+F+R2    12707.497    18  25450.995    25451.127    25568.913
244  TPM3+I        12745.990    14  25519.979    25520.061    25611.694
245  TPM3+G4       12745.897    14  25519.794    25519.876    25611.509
246  TPM3+I+G4     12745.941    15  25521.882    25521.975    25620.147
247  TPM3+R2       12746.225    15  25522.450    25522.543    25620.716
266  TPM2u+F+I     12726.053    17  25486.107    25486.225    25597.474
267  TPM2u+F+G4    12725.926    17  25485.853    25485.972    25597.220
268  TPM2u+F+I+G4  12725.959    18  25487.918    25488.051    25605.836
269  TPM2u+F+R2    12726.230    18  25488.460    25488.592    25606.378
288  TPM2+I        12774.869    14  25577.738    25577.819    25669.452
289  TPM2+G4       12774.779    14  25577.558    25577.639    25669.272
290  TPM2+I+G4     12774.806    15  25579.613    25579.706    25677.878
291  TPM2+R2       12775.115    15  25580.230    25580.324    25678.496
310  K3Pu+F+I      12725.537    17  25485.074    25485.193    25596.442
311  K3Pu+F+G4     12725.349    17  25484.698    25484.817    25596.065
312  K3Pu+F+I+G4   12725.352    18  25486.704    25486.837    25604.622
313  K3Pu+F+R2     12725.708    18  25487.415    25487.548    25605.334
332  K3P+I         12774.753    14  25577.506    25577.587    25669.220
333  K3P+G4        12774.625    14  25577.250    25577.331    25668.964
334  K3P+I+G4      12774.632    15  25579.265    25579.358    25677.530
335  K3P+R2        12774.996    15  25579.993    25580.086    25678.258
354  TN+F+I        12713.748    17  25461.495    25461.614    25572.862
355  TN+F+G4       12713.516    17  25461.033    25461.151    25572.400
356  TN+F+I+G4     12713.491    18  25462.982    25463.115    25580.900
357  TN+F+R2       12713.949    18  25463.898    25464.031    25581.816
376  TNe+I         12770.093    14  25568.186    25568.267    25659.900
377  TNe+G4        12769.947    14  25567.895    25567.976    25659.609
378  TNe+I+G4      12769.945    15  25569.889    25569.982    25668.154
379  TNe+R2        12770.307    15  25570.614    25570.707    25668.879
398  HKY+F+I       12727.042    16  25486.084    25486.189    25590.900
399  HKY+F+G4      12726.908    16  25485.816    25485.922    25590.632
400  HKY+F+I+G4    12726.935    17  25487.869    25487.988    25599.237
401  HKY+F+R2      12727.215    17  25488.429    25488.548    25599.797
420  K2P+I         12776.234    13  25578.469    25578.540    25663.632
421  K2P+G4        12776.143    13  25578.285    25578.356    25663.448
422  K2P+I+G4      12776.167    14  25580.334    25580.415    25672.048
423  K2P+R2        12776.475    14  25580.950    25581.032    25672.664
442  F81+F+I       13027.327    15  26084.654    26084.747    26182.920
443  F81+F+G4      13027.596    15  26085.192    26085.286    26183.458
444  F81+F+I+G4    13027.596    16  26087.192    26087.297    26192.008
445  F81+F+R2      13027.580    16  26087.161    26087.266    26191.977
464  JC+I          13072.506    12  26169.012    26169.073    26247.624
465  JC+G4         13072.818    12  26169.636    26169.696    26248.248
466  JC+I+G4       13072.811    13  26171.622    26171.692    26256.785
467  JC+R2         13072.763    13  26171.526    26171.597    26256.689
Akaike Information Criterion:           GTR+F+G4
Corrected Akaike Information Criterion: GTR+F+G4
Bayesian Information Criterion:         TIM3+F+G4
Best-fit model: TIM3+F+G4 chosen according to BIC

All model information printed to per_gene_alignments_codon/LOC101389378_.aln.model.gz
CPU time for ModelFinder: 1.907 seconds (0h:0m:1s)
Wall-clock time for ModelFinder: 3.213 seconds (0h:0m:3s)
Generating 1000 samples for ultrafast bootstrap (seed: 342321)...

NOTE: 0 MB RAM (0 GB) is required!
Estimate model parameters (epsilon = 0.100)
1. Initial log-likelihood: -12694.213
Optimal log-likelihood: -12694.213
Rate parameters:  A-C: 2.51352  A-G: 7.49194  A-T: 1.00000  C-G: 2.51352  C-T: 11.92767  G-T: 1.00000
Base frequencies:  A: 0.257  C: 0.269  G: 0.269  T: 0.204
Gamma shape alpha: 0.301
Parameters optimization took 1 rounds (0.008 sec)
Wrote distance file to... 
Computing ML distances based on estimated model parameters...
Calculating distance matrix: done in 0.000735998 secs using 99.86% CPU
Computing ML distances took 0.000819 sec (of wall-clock time) 0.000827 sec (of CPU time)
Setting up auxiliary I and S matrices: done in 4.48227e-05 secs using 138.3% CPU
Computing RapidNJ tree took 0.000130 sec (of wall-clock time) 0.000197 sec (of CPU time)
Log-likelihood of RapidNJ tree: -12694.213
--------------------------------------------------------------------
|             INITIALIZING CANDIDATE TREE SET                      |
--------------------------------------------------------------------
Generating 99 parsimony trees... 0.082 second
Computing log-likelihood of 43 initial trees ... 0.032 seconds
Current best score: -12694.213

Do NNI search on 20 best initial trees
Estimate model parameters (epsilon = 0.100)
BETTER TREE FOUND at iteration 1: -12694.213
Iteration 10 / LogL: -12694.520 / Time: 0h:0m:3s
Iteration 20 / LogL: -12694.248 / Time: 0h:0m:3s
Finish initializing candidate tree set (1)
Current best tree score: -12694.213 / CPU time: 0.281
Number of iterations: 20
--------------------------------------------------------------------
|               OPTIMIZING CANDIDATE TREE SET                      |
--------------------------------------------------------------------
Iteration 30 / LogL: -12694.253 / Time: 0h:0m:3s (0h:0m:1s left)
UPDATE BEST LOG-LIKELIHOOD: -12694.213
Iteration 40 / LogL: -12694.627 / Time: 0h:0m:3s (0h:0m:1s left)
UPDATE BEST LOG-LIKELIHOOD: -12694.213
Iteration 50 / LogL: -12694.217 / Time: 0h:0m:4s (0h:0m:0s left)
Log-likelihood cutoff on original alignment: -12712.010
Iteration 60 / LogL: -12696.341 / Time: 0h:0m:4s (0h:0m:0s left)
Iteration 70 / LogL: -12694.242 / Time: 0h:0m:4s (0h:0m:0s left)
Iteration 80 / LogL: -12694.213 / Time: 0h:0m:4s (0h:0m:0s left)
Iteration 90 / LogL: -12694.213 / Time: 0h:0m:5s (0h:0m:0s left)
Iteration 100 / LogL: -12694.397 / Time: 0h:0m:5s (0h:0m:0s left)
Log-likelihood cutoff on original alignment: -12711.258
NOTE: Bootstrap correlation coefficient of split occurrence frequencies: 1.000
TREE SEARCH COMPLETED AFTER 102 ITERATIONS / Time: 0h:0m:5s

--------------------------------------------------------------------
|                    FINALIZING TREE SEARCH                        |
--------------------------------------------------------------------
Performs final model parameters optimization
Estimate model parameters (epsilon = 0.010)
1. Initial log-likelihood: -12694.213
Optimal log-likelihood: -12694.213
Rate parameters:  A-C: 2.51589  A-G: 7.50084  A-T: 1.00000  C-G: 2.51589  C-T: 11.93411  G-T: 1.00000
Base frequencies:  A: 0.257  C: 0.269  G: 0.269  T: 0.204
Gamma shape alpha: 0.301
Parameters optimization took 1 rounds (0.002 sec)
BEST SCORE FOUND : -12694.213
Creating bootstrap support values...
Split supports printed to NEXUS file per_gene_alignments_codon/LOC101389378_.aln.splits.nex
Total tree length: 0.282

Total number of iterations: 102
CPU time used for tree search: 1.453 sec (0h:0m:1s)
Wall-clock time used for tree search: 1.930 sec (0h:0m:1s)
Total CPU time used: 3.441 sec (0h:0m:3s)
Total wall-clock time used: 5.256 sec (0h:0m:5s)

Computing bootstrap consensus tree...
Reading input file per_gene_alignments_codon/LOC101389378_.aln.splits.nex...
7 taxa and 13 splits.
Consensus tree written to per_gene_alignments_codon/LOC101389378_.aln.contree
Reading input trees file per_gene_alignments_codon/LOC101389378_.aln.contree
Log-likelihood of consensus tree: -12694.213

Analysis results written to: 
  IQ-TREE report:                per_gene_alignments_codon/LOC101389378_.aln.iqtree
  Maximum-likelihood tree:       per_gene_alignments_codon/LOC101389378_.aln.treefile
  Likelihood distances:          per_gene_alignments_codon/LOC101389378_.aln.mldist

Ultrafast bootstrap approximation results written to:
  Split support values:          per_gene_alignments_codon/LOC101389378_.aln.splits.nex
  Consensus tree:                per_gene_alignments_codon/LOC101389378_.aln.contree
  Screen log file:               per_gene_alignments_codon/LOC101389378_.aln.log

Date and Time: Thu Oct 30 21:26:33 2025
