IQ-TREE multicore version 2.3.3 COVID-edition for Linux x86 64-bit built Apr 25 2024
Developed by Bui Quang Minh, James Barbetti, Nguyen Lam Tung, Olga Chernomor,
Heiko Schmidt, Dominik Schrempf, Michael Woodhams, Ly Trong Nhan, Thomas Wong

Host:    morpheus-OptiPlex-5050 (AVX2, FMA3, 503 GB RAM)
Command: iqtree2 -s per_gene_alignments_codon/LOC101399219_.aln.fna -m MFP -T 1 -B 1000 --prefix per_gene_alignments_codon/LOC101399219_.aln
Seed:    707099 (Using SPRNG - Scalable Parallel Random Number Generator)
Time:    Thu Oct 30 21:33:15 2025
Kernel:  AVX+FMA - 1 threads (72 CPU cores detected)

HINT: Use -nt option to specify number of threads because your CPU has 72 cores!
HINT: -nt AUTO will automatically determine the best number of threads to use.

Reading alignment file per_gene_alignments_codon/LOC101399219_.aln.fna ... Fasta format detected
Reading fasta file: done in 0.000329971 secs using 49.7% CPU
Alignment most likely contains DNA/RNA sequences
Alignment has 7 sequences with 1038 columns, 41 distinct patterns
28 parsimony-informative, 47 singleton sites, 963 constant sites
                     Gap/Ambiguity  Composition  p-value
Analyzing sequences: done in 1.40667e-05 secs using 42.65% CPU
   1  Ceratotherium_simum    0.00%    passed     99.47%
   2  Diceros_bicornis       0.00%    passed     99.71%
   3  Equus_asinus           0.00%    passed     99.90%
   4  Equus_quagga           0.00%    passed     99.90%
   5  Equus_caballus         0.00%    passed     99.97%
   6  Canis_lupus            0.00%    passed     97.90%
   7  Bos_taurus             0.00%    passed     98.94%
****  TOTAL                  0.00%  0 sequences failed composition chi2 test (p-value<5%; df=3)
NOTE: Equus_quagga is identical to Equus_asinus but kept for subsequent analysis


Create initial parsimony tree by phylogenetic likelihood library (PLL)... 0.000 seconds
Perform fast likelihood tree search using GTR+I+G model...
Estimate model parameters (epsilon = 5.000)
Perform nearest neighbor interchange...
Estimate model parameters (epsilon = 1.000)
1. Initial log-likelihood: -1922.866
Optimal log-likelihood: -1922.856
Rate parameters:  A-C: 0.37062  A-G: 2.32326  A-T: 0.59994  C-G: 1.05495  C-T: 5.78890  G-T: 1.00000
Base frequencies:  A: 0.245  C: 0.264  G: 0.268  T: 0.223
Proportion of invariable sites: 0.462
Gamma shape alpha: 0.441
Parameters optimization took 1 rounds (0.002 sec)
Time for fast ML tree search: 0.032 seconds

NOTE: ModelFinder requires 0 MB RAM!
ModelFinder will test up to 484 DNA models (sample size: 1038) ...
 No. Model         -LnL         df  AIC          AICc         BIC
  1  GTR+F         1929.765     19  3897.530     3898.276     3991.485
  2  GTR+F+I       1922.804     20  3885.607     3886.433     3984.508
  3  GTR+F+G4      1922.819     20  3885.638     3886.464     3984.539
  4  GTR+F+I+G4    1922.856     21  3887.712     3888.622     3991.559
  5  GTR+F+R2      1926.971     21  3895.943     3896.852     3999.789
  6  GTR+F+R3      1924.157     23  3894.313     3895.402     4008.050
 14  GTR+F+I+R2    1923.225     22  3890.450     3891.448     3999.242
 15  GTR+F+I+R3    1923.022     24  3894.045     3895.229     4012.726
 23  SYM           1933.050     16  3898.099     3898.632     3977.220
 24  SYM+I         1925.933     17  3885.866     3886.466     3969.931
 25  SYM+G4        1925.962     17  3885.923     3886.523     3969.989
 26  SYM+I+G4      1925.967     18  3887.934     3888.605     3976.945
 45  TVM+F         1935.184     18  3906.368     3907.039     3995.379
 46  TVM+F+I       1926.905     19  3891.810     3892.556     3985.766
 47  TVM+F+G4      1927.158     19  3892.316     3893.063     3986.272
 48  TVM+F+I+G4    1927.009     20  3894.017     3894.843     3992.918
 67  TVMe          1937.768     15  3905.537     3906.007     3979.713
 68  TVMe+I        1929.427     16  3890.854     3891.387     3969.975
 69  TVMe+G4       1929.696     16  3891.393     3891.926     3970.514
 70  TVMe+I+G4     1929.507     17  3893.014     3893.614     3977.080
 89  TIM3+F        1931.207     17  3896.415     3897.015     3980.481
 90  TIM3+F+I      1924.310     18  3884.621     3885.292     3973.632
 91  TIM3+F+G4     1924.320     18  3884.640     3885.311     3973.651
 92  TIM3+F+I+G4   1924.386     19  3886.772     3887.519     3980.728
111  TIM3e         1934.685     14  3897.371     3897.781     3966.602
112  TIM3e+I       1927.667     15  3885.334     3885.804     3959.510
113  TIM3e+G4      1927.688     15  3885.375     3885.845     3959.551
114  TIM3e+I+G4    1927.728     16  3887.457     3887.990     3966.578
133  TIM2+F        1929.953     17  3893.905     3894.505     3977.971
134  TIM2+F+I      1922.961     18  3881.922     3882.594     3970.933
135  TIM2+F+G4     1922.977     18  3881.954     3882.625     3970.965
136  TIM2+F+I+G4   1923.010     19  3884.021     3884.767     3977.977
155  TIM2e         1933.208     14  3894.416     3894.827     3963.647
156  TIM2e+I       1926.045     15  3882.091     3882.561     3956.267
157  TIM2e+G4      1926.076     15  3882.152     3882.622     3956.328
158  TIM2e+I+G4    1926.078     16  3884.155     3884.688     3963.276
177  TIM+F         1931.033     17  3896.065     3896.665     3980.131
178  TIM+F+I       1924.175     18  3884.350     3885.022     3973.361
179  TIM+F+G4      1924.184     18  3884.368     3885.039     3973.379
180  TIM+F+I+G4    1924.247     19  3886.493     3887.240     3980.449
199  TIMe          1934.473     14  3896.947     3897.357     3966.178
200  TIMe+I        1927.503     15  3885.007     3885.477     3959.183
201  TIMe+G4       1927.520     15  3885.040     3885.510     3959.216
202  TIMe+I+G4     1927.562     16  3887.124     3887.657     3966.245
221  TPM3u+F       1936.675     16  3905.350     3905.883     3984.471
222  TPM3u+F+I     1928.462     17  3890.925     3891.525     3974.990
223  TPM3u+F+G4    1928.698     17  3891.396     3891.996     3975.462
224  TPM3u+F+I+G4  1928.592     18  3893.184     3893.855     3982.195
243  TPM3          1939.448     13  3904.896     3905.251     3969.181
244  TPM3+I        1931.245     14  3890.490     3890.901     3959.721
245  TPM3+G4       1931.483     14  3890.966     3891.376     3960.196
246  TPM3+I+G4     1931.354     15  3892.709     3893.178     3966.884
265  TPM2u+F       1935.369     16  3902.738     3903.271     3981.859
266  TPM2u+F+I     1927.033     17  3888.066     3888.666     3972.131
267  TPM2u+F+G4    1927.300     17  3888.601     3889.201     3972.667
268  TPM2u+F+I+G4  1927.133     18  3890.266     3890.937     3979.277
287  TPM2          1937.920     13  3901.841     3902.196     3966.127
288  TPM2+I        1929.515     14  3887.030     3887.441     3956.261
289  TPM2+G4       1929.802     14  3887.603     3888.014     3956.834
290  TPM2+I+G4     1929.595     15  3889.189     3889.659     3963.365
309  K3Pu+F        1936.505     16  3905.009     3905.542     3984.130
310  K3Pu+F+I      1928.348     17  3890.696     3891.296     3974.761
311  K3Pu+F+G4     1928.571     17  3891.142     3891.742     3975.208
312  K3Pu+F+I+G4   1928.477     18  3892.953     3893.625     3981.964
331  K3P           1939.241     13  3904.482     3904.838     3968.768
332  K3P+I         1931.111     14  3890.221     3890.632     3959.452
333  K3P+G4        1931.330     14  3890.660     3891.071     3959.891
334  K3P+I+G4      1931.221     15  3892.443     3892.913     3966.619
353  TN+F          1931.235     16  3894.471     3895.003     3973.591
354  TN+F+I        1924.339     17  3882.677     3883.277     3966.743
355  TN+F+G4       1924.349     17  3882.698     3883.298     3966.764
356  TN+F+I+G4     1924.412     18  3884.824     3885.495     3973.835
375  TNe           1934.685     13  3895.370     3895.726     3959.656
376  TNe+I         1927.667     14  3883.335     3883.745     3952.565
377  TNe+G4        1927.688     14  3883.375     3883.786     3952.606
378  TNe+I+G4      1927.728     15  3885.456     3885.925     3959.631
397  HKY+F         1936.700     15  3903.401     3903.871     3977.577
398  HKY+F+I       1928.480     16  3888.960     3889.493     3968.081
399  HKY+F+G4      1928.719     16  3889.438     3889.970     3968.558
400  HKY+F+I+G4    1928.607     17  3891.213     3891.813     3975.279
419  K2P           1939.448     12  3902.895     3903.200     3962.236
420  K2P+I         1931.246     13  3888.491     3888.847     3952.777
421  K2P+G4        1931.483     13  3888.966     3889.321     3953.251
422  K2P+I+G4      1931.355     14  3890.710     3891.120     3959.940
441  F81+F         1959.717     14  3947.434     3947.844     4016.665
442  F81+F+I       1952.723     15  3935.445     3935.915     4009.621
443  F81+F+G4      1952.751     15  3935.503     3935.972     4009.678
444  F81+F+I+G4    1952.824     16  3937.648     3938.181     4016.769
463  JC            1962.377     11  3946.754     3947.011     4001.149
464  JC+I          1955.261     12  3934.523     3934.827     3993.864
465  JC+G4         1955.303     12  3934.605     3934.910     3993.946
466  JC+I+G4       1955.353     13  3936.705     3937.061     4000.991
Akaike Information Criterion:           TIM2+F+I
Corrected Akaike Information Criterion: TIM2e+I
Bayesian Information Criterion:         TNe+I
Best-fit model: TNe+I chosen according to BIC

All model information printed to per_gene_alignments_codon/LOC101399219_.aln.model.gz
CPU time for ModelFinder: 0.320 seconds (0h:0m:0s)
Wall-clock time for ModelFinder: 0.710 seconds (0h:0m:0s)
Generating 1000 samples for ultrafast bootstrap (seed: 707099)...

NOTE: 0 MB RAM (0 GB) is required!
Estimate model parameters (epsilon = 0.100)
1. Initial log-likelihood: -1927.667
Optimal log-likelihood: -1927.667
Rate parameters:  A-C: 1.00000  A-G: 3.11832  A-T: 1.00000  C-G: 1.00000  C-T: 7.25812  G-T: 1.00000
Base frequencies:  A: 0.250  C: 0.250  G: 0.250  T: 0.250
Proportion of invariable sites: 0.765
Parameters optimization took 1 rounds (0.001 sec)
Wrote distance file to... 
Computing ML distances based on estimated model parameters...
Calculating distance matrix: done in 0.0001688 secs using 98.93% CPU
Computing ML distances took 0.000212 sec (of wall-clock time) 0.000218 sec (of CPU time)
Setting up auxiliary I and S matrices: done in 4.79221e-05 secs using 144% CPU
Computing RapidNJ tree took 0.000137 sec (of wall-clock time) 0.000196 sec (of CPU time)
Log-likelihood of RapidNJ tree: -1927.667
--------------------------------------------------------------------
|             INITIALIZING CANDIDATE TREE SET                      |
--------------------------------------------------------------------
Generating 99 parsimony trees... 0.057 second
Computing log-likelihood of 34 initial trees ... 0.020 seconds
Current best score: -1927.667

Do NNI search on 20 best initial trees
Estimate model parameters (epsilon = 0.100)
BETTER TREE FOUND at iteration 1: -1927.667
Iteration 10 / LogL: -1927.668 / Time: 0h:0m:0s
Iteration 20 / LogL: -1927.668 / Time: 0h:0m:0s
Finish initializing candidate tree set (1)
Current best tree score: -1927.667 / CPU time: 0.187
Number of iterations: 20
--------------------------------------------------------------------
|               OPTIMIZING CANDIDATE TREE SET                      |
--------------------------------------------------------------------
Iteration 30 / LogL: -1927.667 / Time: 0h:0m:1s (0h:0m:0s left)
UPDATE BEST LOG-LIKELIHOOD: -1927.667
Iteration 40 / LogL: -1927.698 / Time: 0h:0m:1s (0h:0m:0s left)
Iteration 50 / LogL: -1927.693 / Time: 0h:0m:1s (0h:0m:0s left)
Log-likelihood cutoff on original alignment: -1953.262
Iteration 60 / LogL: -1927.699 / Time: 0h:0m:1s (0h:0m:0s left)
Iteration 70 / LogL: -1927.691 / Time: 0h:0m:1s (0h:0m:0s left)
Iteration 80 / LogL: -1927.693 / Time: 0h:0m:1s (0h:0m:0s left)
Iteration 90 / LogL: -1927.674 / Time: 0h:0m:1s (0h:0m:0s left)
Iteration 100 / LogL: -1927.667 / Time: 0h:0m:2s (0h:0m:0s left)
Log-likelihood cutoff on original alignment: -1953.262
NOTE: Bootstrap correlation coefficient of split occurrence frequencies: 1.000
TREE SEARCH COMPLETED AFTER 102 ITERATIONS / Time: 0h:0m:2s

--------------------------------------------------------------------
|                    FINALIZING TREE SEARCH                        |
--------------------------------------------------------------------
Performs final model parameters optimization
Estimate model parameters (epsilon = 0.010)
1. Initial log-likelihood: -1927.667
Optimal log-likelihood: -1927.667
Rate parameters:  A-C: 1.00000  A-G: 3.11039  A-T: 1.00000  C-G: 1.00000  C-T: 7.23911  G-T: 1.00000
Base frequencies:  A: 0.250  C: 0.250  G: 0.250  T: 0.250
Proportion of invariable sites: 0.765
Parameters optimization took 1 rounds (0.000 sec)
BEST SCORE FOUND : -1927.667
Creating bootstrap support values...
Split supports printed to NEXUS file per_gene_alignments_codon/LOC101399219_.aln.splits.nex
Total tree length: 0.091

Total number of iterations: 102
CPU time used for tree search: 0.957 sec (0h:0m:0s)
Wall-clock time used for tree search: 1.372 sec (0h:0m:1s)
Total CPU time used: 1.337 sec (0h:0m:1s)
Total wall-clock time used: 2.221 sec (0h:0m:2s)

Computing bootstrap consensus tree...
Reading input file per_gene_alignments_codon/LOC101399219_.aln.splits.nex...
7 taxa and 27 splits.
Consensus tree written to per_gene_alignments_codon/LOC101399219_.aln.contree
Reading input trees file per_gene_alignments_codon/LOC101399219_.aln.contree
Log-likelihood of consensus tree: -1927.671

Analysis results written to: 
  IQ-TREE report:                per_gene_alignments_codon/LOC101399219_.aln.iqtree
  Maximum-likelihood tree:       per_gene_alignments_codon/LOC101399219_.aln.treefile
  Likelihood distances:          per_gene_alignments_codon/LOC101399219_.aln.mldist

Ultrafast bootstrap approximation results written to:
  Split support values:          per_gene_alignments_codon/LOC101399219_.aln.splits.nex
  Consensus tree:                per_gene_alignments_codon/LOC101399219_.aln.contree
  Screen log file:               per_gene_alignments_codon/LOC101399219_.aln.log

Date and Time: Thu Oct 30 21:33:18 2025
