IQ-TREE multicore version 2.3.3 COVID-edition for Linux x86 64-bit built Apr 25 2024
Developed by Bui Quang Minh, James Barbetti, Nguyen Lam Tung, Olga Chernomor,
Heiko Schmidt, Dominik Schrempf, Michael Woodhams, Ly Trong Nhan, Thomas Wong

Host:    morpheus-OptiPlex-5050 (AVX2, FMA3, 503 GB RAM)
Command: iqtree2 -s per_gene_alignments_codon/LOC101403335_.aln.fna -m MFP -T 1 -B 1000 --prefix per_gene_alignments_codon/LOC101403335_.aln
Seed:    564608 (Using SPRNG - Scalable Parallel Random Number Generator)
Time:    Thu Oct 30 21:36:06 2025
Kernel:  AVX+FMA - 1 threads (72 CPU cores detected)

HINT: Use -nt option to specify number of threads because your CPU has 72 cores!
HINT: -nt AUTO will automatically determine the best number of threads to use.

Reading alignment file per_gene_alignments_codon/LOC101403335_.aln.fna ... Fasta format detected
Reading fasta file: done in 0.000904083 secs using 66.48% CPU
Alignment most likely contains DNA/RNA sequences
Alignment has 7 sequences with 3372 columns, 115 distinct patterns
174 parsimony-informative, 219 singleton sites, 2979 constant sites
                     Gap/Ambiguity  Composition  p-value
Analyzing sequences: done in 1.81198e-05 secs
   1  Ceratotherium_simum    0.18%    passed     68.50%
   2  Diceros_bicornis       0.00%    passed     53.19%
   3  Equus_asinus           0.00%    passed     76.07%
   4  Equus_quagga           0.00%    passed     77.02%
   5  Equus_caballus         0.00%    passed     70.89%
   6  Canis_lupus            0.09%    passed     76.65%
   7  Bos_taurus             0.18%    passed     89.65%
****  TOTAL                  0.06%  0 sequences failed composition chi2 test (p-value<5%; df=3)


Create initial parsimony tree by phylogenetic likelihood library (PLL)... 0.000 seconds
Perform fast likelihood tree search using GTR+I+G model...
Estimate model parameters (epsilon = 5.000)
Perform nearest neighbor interchange...
Estimate model parameters (epsilon = 1.000)
1. Initial log-likelihood: -7050.280
Optimal log-likelihood: -7050.246
Rate parameters:  A-C: 1.08093  A-G: 8.56511  A-T: 0.70282  C-G: 0.90402  C-T: 7.56493  G-T: 1.00000
Base frequencies:  A: 0.282  C: 0.245  G: 0.228  T: 0.245
Proportion of invariable sites: 0.438
Gamma shape alpha: 0.548
Parameters optimization took 1 rounds (0.028 sec)
Time for fast ML tree search: 0.075 seconds

NOTE: ModelFinder requires 0 MB RAM!
ModelFinder will test up to 484 DNA models (sample size: 3372) ...
 No. Model         -LnL         df  AIC          AICc         BIC
  1  GTR+F         7091.683     19  14221.366    14221.592    14337.708
  2  GTR+F+I       7050.953     20  14141.905    14142.156    14264.371
  3  GTR+F+G4      7050.761     20  14141.522    14141.773    14263.987
  4  GTR+F+I+G4    7050.249     21  14142.497    14142.773    14271.086
  5  GTR+F+R2      7051.377     21  14144.754    14145.030    14273.343
  6  GTR+F+R3      7050.954     23  14147.909    14148.239    14288.744
 14  GTR+F+I+R2    7050.853     22  14145.706    14146.008    14280.418
 15  GTR+F+I+R3    7050.384     24  14148.767    14149.126    14295.725
 24  SYM+I         7062.078     17  14158.155    14158.338    14262.251
 25  SYM+G4        7061.863     17  14157.725    14157.908    14261.821
 26  SYM+I+G4      7061.420     18  14158.839    14159.043    14269.058
 27  SYM+R2        7062.491     18  14160.982    14161.186    14271.200
 46  TVM+F+I       7051.309     19  14140.618    14140.845    14256.960
 47  TVM+F+G4      7051.133     19  14140.266    14140.493    14256.608
 48  TVM+F+I+G4    7050.668     20  14141.336    14141.587    14263.801
 49  TVM+F+R2      7051.748     20  14143.497    14143.747    14265.962
 68  TVMe+I        7062.530     16  14157.059    14157.222    14255.032
 69  TVMe+G4       7062.331     16  14156.661    14156.823    14254.633
 70  TVMe+I+G4     7061.931     17  14157.862    14158.045    14261.958
 71  TVMe+R2       7062.962     17  14159.925    14160.107    14264.020
 90  TIM3+F+I      7051.320     18  14138.640    14138.844    14248.859
 91  TIM3+F+G4     7051.129     18  14138.258    14138.462    14248.477
 92  TIM3+F+I+G4   7050.619     19  14139.237    14139.464    14255.579
 93  TIM3+F+R2     7051.783     19  14141.567    14141.794    14257.909
112  TIM3e+I       7062.497     15  14154.994    14155.137    14246.843
113  TIM3e+G4      7062.287     15  14154.575    14154.718    14246.424
114  TIM3e+I+G4    7061.827     16  14155.654    14155.816    14253.626
115  TIM3e+R2      7062.956     16  14157.911    14158.073    14255.883
134  TIM2+F+I      7051.732     18  14139.463    14139.667    14249.682
135  TIM2+F+G4     7051.528     18  14139.056    14139.260    14249.274
136  TIM2+F+I+G4   7050.994     19  14139.988    14140.215    14256.330
137  TIM2+F+R2     7052.167     19  14142.333    14142.560    14258.675
156  TIM2e+I       7062.798     15  14155.597    14155.740    14247.446
157  TIM2e+G4      7062.571     15  14155.142    14155.285    14246.991
158  TIM2e+I+G4    7062.101     16  14156.202    14156.364    14254.174
159  TIM2e+R2      7063.218     16  14158.436    14158.598    14256.408
178  TIM+F+I       7051.264     18  14138.527    14138.731    14248.746
179  TIM+F+G4      7051.059     18  14138.117    14138.321    14248.336
180  TIM+F+I+G4    7050.537     19  14139.074    14139.301    14255.416
181  TIM+F+R2      7051.687     19  14141.374    14141.600    14257.716
200  TIMe+I        7062.462     15  14154.923    14155.066    14246.772
201  TIMe+G4       7062.237     15  14154.473    14154.616    14246.322
202  TIMe+I+G4     7061.769     16  14155.538    14155.700    14253.510
203  TIMe+R2       7062.887     16  14157.774    14157.936    14255.746
222  TPM3u+F+I     7051.694     17  14137.388    14137.571    14241.484
223  TPM3u+F+G4    7051.518     17  14137.036    14137.218    14241.131
224  TPM3u+F+I+G4  7051.055     18  14138.110    14138.314    14248.329
225  TPM3u+F+R2    7052.134     18  14140.268    14140.472    14250.486
244  TPM3+I        7062.963     14  14153.926    14154.052    14239.652
245  TPM3+G4       7062.776     14  14153.552    14153.677    14239.278
246  TPM3+I+G4     7062.367     15  14154.734    14154.877    14246.583
247  TPM3+R2       7063.399     15  14156.799    14156.942    14248.648
266  TPM2u+F+I     7052.113     17  14138.225    14138.408    14242.321
267  TPM2u+F+G4    7051.920     17  14137.839    14138.022    14241.935
268  TPM2u+F+I+G4  7051.437     18  14138.874    14139.078    14249.092
269  TPM2u+F+R2    7052.537     18  14141.075    14141.279    14251.293
288  TPM2+I        7063.269     14  14154.538    14154.664    14240.264
289  TPM2+G4       7063.063     14  14154.126    14154.251    14239.852
290  TPM2+I+G4     7062.642     15  14155.285    14155.428    14247.133
291  TPM2+R2       7063.691     15  14157.382    14157.525    14249.231
310  K3Pu+F+I      7051.635     17  14137.270    14137.452    14241.365
311  K3Pu+F+G4     7051.444     17  14136.889    14137.071    14240.984
312  K3Pu+F+I+G4   7050.972     18  14137.945    14138.149    14248.164
313  K3Pu+F+R2     7052.057     18  14140.115    14140.319    14250.334
332  K3P+I         7062.932     14  14153.864    14153.989    14239.590
333  K3P+G4        7062.728     14  14153.455    14153.581    14239.181
334  K3P+I+G4      7062.304     15  14154.609    14154.752    14246.458
335  K3P+R2        7063.436     15  14156.872    14157.015    14248.720
354  TN+F+I        7051.744     17  14137.488    14137.670    14241.583
355  TN+F+G4       7051.537     17  14137.074    14137.256    14241.169
356  TN+F+I+G4     7051.009     18  14138.018    14138.222    14248.237
357  TN+F+R2       7052.167     18  14140.334    14140.538    14250.552
376  TNe+I         7062.907     14  14153.814    14153.939    14239.539
377  TNe+G4        7062.681     14  14153.363    14153.488    14239.088
378  TNe+I+G4      7062.208     15  14154.417    14154.560    14246.265
379  TNe+R2        7063.323     15  14156.645    14156.788    14248.494
398  HKY+F+I       7052.123     16  14136.246    14136.408    14234.218
399  HKY+F+G4      7051.930     16  14135.859    14136.022    14233.832
400  HKY+F+I+G4    7051.449     17  14136.898    14137.081    14240.994
401  HKY+F+R2      7052.542     17  14139.085    14139.267    14243.180
420  K2P+I         7063.379     13  14152.759    14152.867    14232.361
421  K2P+G4        7063.175     13  14152.349    14152.458    14231.952
422  K2P+I+G4      7062.749     14  14153.498    14153.623    14239.223
423  K2P+R2        7063.795     14  14155.589    14155.714    14241.315
442  F81+F+I       7260.464     15  14550.928    14551.071    14642.777
443  F81+F+G4      7260.362     15  14550.723    14550.866    14642.572
444  F81+F+I+G4    7260.328     16  14552.656    14552.818    14650.628
445  F81+F+R2      7261.143     16  14554.285    14554.447    14652.257
464  JC+I          7269.740     12  14563.479    14563.572    14636.958
465  JC+G4         7269.633     12  14563.266    14563.359    14636.745
466  JC+I+G4       7269.601     13  14565.202    14565.311    14644.805
467  JC+R2         7270.403     13  14566.807    14566.915    14646.409
Akaike Information Criterion:           HKY+F+G4
Corrected Akaike Information Criterion: HKY+F+G4
Bayesian Information Criterion:         K2P+G4
Best-fit model: K2P+G4 chosen according to BIC

All model information printed to per_gene_alignments_codon/LOC101403335_.aln.model.gz
CPU time for ModelFinder: 1.737 seconds (0h:0m:1s)
Wall-clock time for ModelFinder: 2.962 seconds (0h:0m:2s)
Generating 1000 samples for ultrafast bootstrap (seed: 564608)...

NOTE: 0 MB RAM (0 GB) is required!
Estimate model parameters (epsilon = 0.100)
1. Initial log-likelihood: -7063.175
Optimal log-likelihood: -7063.174
Rate parameters:  A-C: 1.00000  A-G: 8.69292  A-T: 1.00000  C-G: 1.00000  C-T: 8.69292  G-T: 1.00000
Base frequencies:  A: 0.250  C: 0.250  G: 0.250  T: 0.250
Gamma shape alpha: 0.147
Parameters optimization took 1 rounds (0.001 sec)
Wrote distance file to... 
Computing ML distances based on estimated model parameters...
Calculating distance matrix: done in 0.000623941 secs using 98.89% CPU
Computing ML distances took 0.000671 sec (of wall-clock time) 0.000671 sec (of CPU time)
Setting up auxiliary I and S matrices: done in 4.3869e-05 secs using 198.3% CPU
Computing RapidNJ tree took 0.000154 sec (of wall-clock time) 0.000298 sec (of CPU time)
Log-likelihood of RapidNJ tree: -7063.227
--------------------------------------------------------------------
|             INITIALIZING CANDIDATE TREE SET                      |
--------------------------------------------------------------------
Generating 98 parsimony trees... 0.044 second
Computing log-likelihood of 46 initial trees ... 0.022 seconds
Current best score: -7063.174

Do NNI search on 20 best initial trees
Estimate model parameters (epsilon = 0.100)
BETTER TREE FOUND at iteration 1: -7063.174
Iteration 10 / LogL: -7063.175 / Time: 0h:0m:3s
Iteration 20 / LogL: -7063.186 / Time: 0h:0m:3s
Finish initializing candidate tree set (2)
Current best tree score: -7063.174 / CPU time: 0.184
Number of iterations: 20
--------------------------------------------------------------------
|               OPTIMIZING CANDIDATE TREE SET                      |
--------------------------------------------------------------------
UPDATE BEST LOG-LIKELIHOOD: -7063.174
Iteration 30 / LogL: -7063.177 / Time: 0h:0m:3s (0h:0m:0s left)
Iteration 40 / LogL: -7063.174 / Time: 0h:0m:3s (0h:0m:0s left)
Iteration 50 / LogL: -7063.175 / Time: 0h:0m:3s (0h:0m:0s left)
Log-likelihood cutoff on original alignment: -7068.682
Iteration 60 / LogL: -7063.230 / Time: 0h:0m:3s (0h:0m:0s left)
Iteration 70 / LogL: -7063.174 / Time: 0h:0m:3s (0h:0m:0s left)
Iteration 80 / LogL: -7063.176 / Time: 0h:0m:4s (0h:0m:0s left)
Iteration 90 / LogL: -7063.174 / Time: 0h:0m:4s (0h:0m:0s left)
Iteration 100 / LogL: -7063.174 / Time: 0h:0m:4s (0h:0m:0s left)
Log-likelihood cutoff on original alignment: -7069.511
NOTE: Bootstrap correlation coefficient of split occurrence frequencies: 1.000
TREE SEARCH COMPLETED AFTER 102 ITERATIONS / Time: 0h:0m:4s

--------------------------------------------------------------------
|                    FINALIZING TREE SEARCH                        |
--------------------------------------------------------------------
Performs final model parameters optimization
Estimate model parameters (epsilon = 0.010)
1. Initial log-likelihood: -7063.174
Optimal log-likelihood: -7063.174
Rate parameters:  A-C: 1.00000  A-G: 8.69028  A-T: 1.00000  C-G: 1.00000  C-T: 8.69028  G-T: 1.00000
Base frequencies:  A: 0.250  C: 0.250  G: 0.250  T: 0.250
Gamma shape alpha: 0.147
Parameters optimization took 1 rounds (0.002 sec)
BEST SCORE FOUND : -7063.174
Creating bootstrap support values...
Split supports printed to NEXUS file per_gene_alignments_codon/LOC101403335_.aln.splits.nex
Total tree length: 0.157

Total number of iterations: 102
CPU time used for tree search: 1.241 sec (0h:0m:1s)
Wall-clock time used for tree search: 1.482 sec (0h:0m:1s)
Total CPU time used: 3.047 sec (0h:0m:3s)
Total wall-clock time used: 4.521 sec (0h:0m:4s)

Computing bootstrap consensus tree...
Reading input file per_gene_alignments_codon/LOC101403335_.aln.splits.nex...
7 taxa and 15 splits.
Consensus tree written to per_gene_alignments_codon/LOC101403335_.aln.contree
Reading input trees file per_gene_alignments_codon/LOC101403335_.aln.contree
Log-likelihood of consensus tree: -7063.174

Analysis results written to: 
  IQ-TREE report:                per_gene_alignments_codon/LOC101403335_.aln.iqtree
  Maximum-likelihood tree:       per_gene_alignments_codon/LOC101403335_.aln.treefile
  Likelihood distances:          per_gene_alignments_codon/LOC101403335_.aln.mldist

Ultrafast bootstrap approximation results written to:
  Split support values:          per_gene_alignments_codon/LOC101403335_.aln.splits.nex
  Consensus tree:                per_gene_alignments_codon/LOC101403335_.aln.contree
  Screen log file:               per_gene_alignments_codon/LOC101403335_.aln.log

Date and Time: Thu Oct 30 21:36:11 2025
