IQ-TREE multicore version 2.3.3 COVID-edition for Linux x86 64-bit built Apr 25 2024
Developed by Bui Quang Minh, James Barbetti, Nguyen Lam Tung, Olga Chernomor,
Heiko Schmidt, Dominik Schrempf, Michael Woodhams, Ly Trong Nhan, Thomas Wong

Host:    morpheus-OptiPlex-5050 (AVX2, FMA3, 503 GB RAM)
Command: iqtree2 -s per_gene_alignments_codon/LOC101402532_.aln.fna -m MFP -T 1 -B 1000 --prefix per_gene_alignments_codon/LOC101402532_.aln
Seed:    622073 (Using SPRNG - Scalable Parallel Random Number Generator)
Time:    Thu Oct 30 21:35:31 2025
Kernel:  AVX+FMA - 1 threads (72 CPU cores detected)

HINT: Use -nt option to specify number of threads because your CPU has 72 cores!
HINT: -nt AUTO will automatically determine the best number of threads to use.

Reading alignment file per_gene_alignments_codon/LOC101402532_.aln.fna ... Fasta format detected
Reading fasta file: done in 0.000391006 secs using 66.5% CPU
Alignment most likely contains DNA/RNA sequences
Alignment has 7 sequences with 1251 columns, 104 distinct patterns
107 parsimony-informative, 148 singleton sites, 996 constant sites
                     Gap/Ambiguity  Composition  p-value
Analyzing sequences: done in 1.88351e-05 secs using 58.4% CPU
   1  Ceratotherium_simum    0.00%    passed     87.89%
   2  Diceros_bicornis       0.48%    passed     87.87%
   3  Equus_asinus           0.00%    passed     96.51%
   4  Equus_quagga           0.00%    passed     97.79%
   5  Equus_caballus         0.00%    passed     95.84%
   6  Canis_lupus            0.00%    passed     74.28%
   7  Bos_taurus             0.00%    passed     40.23%
****  TOTAL                  0.07%  0 sequences failed composition chi2 test (p-value<5%; df=3)


Create initial parsimony tree by phylogenetic likelihood library (PLL)... 0.000 seconds
Perform fast likelihood tree search using GTR+I+G model...
Estimate model parameters (epsilon = 5.000)
Perform nearest neighbor interchange...
Estimate model parameters (epsilon = 1.000)
1. Initial log-likelihood: -3189.832
Optimal log-likelihood: -3189.784
Rate parameters:  A-C: 0.86371  A-G: 4.89566  A-T: 0.34829  C-G: 1.18323  C-T: 3.51465  G-T: 1.00000
Base frequencies:  A: 0.301  C: 0.217  G: 0.208  T: 0.273
Proportion of invariable sites: 0.393
Gamma shape alpha: 0.876
Parameters optimization took 1 rounds (0.004 sec)
Time for fast ML tree search: 0.101 seconds

NOTE: ModelFinder requires 0 MB RAM!
ModelFinder will test up to 484 DNA models (sample size: 1251) ...
 No. Model         -LnL         df  AIC          AICc         BIC
  1  GTR+F         3216.191     19  6470.382     6471.000     6567.885
  2  GTR+F+I       3188.589     20  6417.178     6417.861     6519.812
  3  GTR+F+G4      3189.434     20  6418.867     6419.550     6521.501
  4  GTR+F+I+G4    3189.784     21  6421.567     6422.319     6529.333
  5  GTR+F+R2      3188.770     21  6419.540     6420.291     6527.305
  6  GTR+F+R3      3188.798     23  6423.596     6424.496     6541.625
 14  GTR+F+I+R2    3189.238     22  6422.477     6423.301     6535.374
 15  GTR+F+I+R3    3189.153     24  6426.306     6427.285     6549.467
 24  SYM+I         3203.304     17  6440.607     6441.104     6527.846
 25  SYM+G4        3203.954     17  6441.908     6442.404     6529.146
 26  SYM+I+G4      3204.131     18  6444.263     6444.818     6536.633
 27  SYM+R2        3203.544     18  6443.089     6443.644     6535.459
 46  TVM+F+I       3190.173     19  6418.346     6418.963     6515.848
 47  TVM+F+G4      3191.037     19  6420.075     6420.692     6517.577
 48  TVM+F+I+G4    3191.382     20  6422.765     6423.448     6525.399
 49  TVM+F+R2      3190.359     20  6420.718     6421.401     6523.352
 68  TVMe+I        3204.844     16  6441.689     6442.129     6523.796
 69  TVMe+G4       3205.526     16  6443.051     6443.492     6525.158
 70  TVMe+I+G4     3205.722     17  6445.443     6445.939     6532.682
 71  TVMe+R2       3205.087     17  6444.173     6444.670     6531.412
 90  TIM3+F+I      3192.198     18  6420.396     6420.951     6512.767
 91  TIM3+F+G4     3193.110     18  6422.219     6422.774     6514.590
 92  TIM3+F+I+G4   3193.447     19  6424.894     6425.512     6522.396
 93  TIM3+F+R2     3192.405     19  6422.809     6423.427     6520.311
112  TIM3e+I       3204.766     15  6439.533     6439.922     6516.508
113  TIM3e+G4      3205.435     15  6440.871     6441.260     6517.846
114  TIM3e+I+G4    3205.622     16  6443.244     6443.685     6525.351
115  TIM3e+R2      3205.005     16  6442.010     6442.451     6524.118
134  TIM2+F+I      3191.228     18  6418.456     6419.012     6510.827
135  TIM2+F+G4     3192.125     18  6420.251     6420.806     6512.622
136  TIM2+F+I+G4   3192.463     19  6422.925     6423.543     6520.428
137  TIM2+F+R2     3191.415     19  6420.830     6421.447     6518.332
156  TIM2e+I       3204.720     15  6439.441     6439.830     6516.416
157  TIM2e+G4      3205.408     15  6440.816     6441.204     6517.791
158  TIM2e+I+G4    3205.592     16  6443.184     6443.624     6525.291
159  TIM2e+R2      3204.960     16  6441.920     6442.361     6524.027
178  TIM+F+I       3193.023     18  6422.045     6422.601     6514.416
179  TIM+F+G4      3193.795     18  6423.590     6424.145     6515.961
180  TIM+F+I+G4    3194.065     19  6426.129     6426.747     6523.632
181  TIM+F+R2      3193.211     19  6424.423     6425.040     6521.925
200  TIMe+I        3204.943     15  6439.886     6440.274     6516.861
201  TIMe+G4       3205.513     15  6441.026     6441.414     6518.001
202  TIMe+I+G4     3205.660     16  6443.320     6443.761     6525.427
203  TIMe+R2       3205.169     16  6442.339     6442.780     6524.446
222  TPM3u+F+I     3193.651     17  6421.301     6421.797     6508.540
223  TPM3u+F+G4    3194.570     17  6423.140     6423.637     6510.379
224  TPM3u+F+I+G4  3194.912     18  6425.824     6426.379     6518.194
225  TPM3u+F+R2    3193.851     18  6423.703     6424.258     6516.073
244  TPM3+I        3206.287     14  6440.574     6440.913     6512.417
245  TPM3+G4       3206.997     14  6441.993     6442.333     6513.837
246  TPM3+I+G4     3207.195     15  6444.390     6444.779     6521.366
247  TPM3+R2       3206.527     15  6443.054     6443.443     6520.030
266  TPM2u+F+I     3192.882     17  6419.764     6420.260     6507.003
267  TPM2u+F+G4    3193.756     17  6421.513     6422.009     6508.752
268  TPM2u+F+I+G4  3194.080     18  6424.159     6424.714     6516.530
269  TPM2u+F+R2    3193.070     18  6422.139     6422.694     6514.510
288  TPM2+I        3206.252     14  6440.504     6440.844     6512.348
289  TPM2+G4       3206.952     14  6441.904     6442.244     6513.748
290  TPM2+I+G4     3207.139     15  6444.278     6444.667     6521.254
291  TPM2+R2       3206.494     15  6442.987     6443.376     6519.963
310  K3Pu+F+I      3194.598     17  6423.196     6423.693     6510.435
311  K3Pu+F+G4     3195.357     17  6424.714     6425.210     6511.953
312  K3Pu+F+I+G4   3195.624     18  6427.249     6427.804     6519.619
313  K3Pu+F+R2     3194.787     18  6425.574     6426.129     6517.944
332  K3P+I         3206.502     14  6441.004     6441.343     6512.847
333  K3P+G4        3207.099     14  6442.198     6442.538     6514.042
334  K3P+I+G4      3207.252     15  6444.503     6444.892     6521.479
335  K3P+R2        3206.730     15  6443.460     6443.849     6520.436
354  TN+F+I        3194.257     17  6422.514     6423.011     6509.753
355  TN+F+G4       3195.135     17  6424.269     6424.766     6511.508
356  TN+F+I+G4     3195.431     18  6426.862     6427.418     6519.233
357  TN+F+R2       3194.454     18  6424.907     6425.463     6517.278
376  TNe+I         3205.635     14  6439.270     6439.610     6511.114
377  TNe+G4        3206.282     14  6440.563     6440.903     6512.407
378  TNe+I+G4      3206.447     15  6442.893     6443.282     6519.869
379  TNe+R2        3205.869     15  6441.737     6442.126     6518.713
398  HKY+F+I       3195.789     16  6423.578     6424.019     6505.685
399  HKY+F+G4      3196.644     16  6425.288     6425.729     6507.396
400  HKY+F+I+G4    3196.938     17  6427.875     6428.372     6515.114
401  HKY+F+R2      3195.983     17  6425.966     6426.462     6513.205
420  K2P+I         3207.170     13  6440.340     6440.634     6507.052
421  K2P+G4        3207.838     13  6441.675     6441.969     6508.387
422  K2P+I+G4      3208.008     14  6444.017     6444.356     6515.860
423  K2P+R2        3207.405     14  6442.810     6443.150     6514.654
442  F81+F+I       3280.455     15  6590.911     6591.300     6667.886
443  F81+F+G4      3281.120     15  6592.240     6592.629     6669.215
444  F81+F+I+G4    3281.135     16  6594.271     6594.712     6676.378
445  F81+F+R2      3280.696     16  6593.393     6593.834     6675.500
464  JC+I          3287.669     12  6599.338     6599.590     6660.918
465  JC+G4         3288.269     12  6600.538     6600.790     6662.119
466  JC+I+G4       3288.261     13  6602.522     6602.817     6669.234
467  JC+R2         3287.960     13  6601.920     6602.214     6668.632
Akaike Information Criterion:           GTR+F+I
Corrected Akaike Information Criterion: GTR+F+I
Bayesian Information Criterion:         HKY+F+I
Best-fit model: HKY+F+I chosen according to BIC

All model information printed to per_gene_alignments_codon/LOC101402532_.aln.model.gz
CPU time for ModelFinder: 1.110 seconds (0h:0m:1s)
Wall-clock time for ModelFinder: 2.754 seconds (0h:0m:2s)
Generating 1000 samples for ultrafast bootstrap (seed: 622073)...

NOTE: 0 MB RAM (0 GB) is required!
Estimate model parameters (epsilon = 0.100)
1. Initial log-likelihood: -3195.789
Optimal log-likelihood: -3195.789
Rate parameters:  A-C: 1.00000  A-G: 5.37987  A-T: 1.00000  C-G: 1.00000  C-T: 5.37987  G-T: 1.00000
Base frequencies:  A: 0.301  C: 0.217  G: 0.208  T: 0.273
Proportion of invariable sites: 0.623
Parameters optimization took 1 rounds (0.001 sec)
Wrote distance file to... 
Computing ML distances based on estimated model parameters...
Calculating distance matrix: done in 0.000189066 secs using 99.44% CPU
Computing ML distances took 0.000236 sec (of wall-clock time) 0.000241 sec (of CPU time)
Setting up auxiliary I and S matrices: done in 5.19753e-05 secs using 98.12% CPU
Computing RapidNJ tree took 0.000156 sec (of wall-clock time) 0.000156 sec (of CPU time)
Log-likelihood of RapidNJ tree: -3195.789
--------------------------------------------------------------------
|             INITIALIZING CANDIDATE TREE SET                      |
--------------------------------------------------------------------
Generating 99 parsimony trees... 0.066 second
Computing log-likelihood of 39 initial trees ... 0.023 seconds
Current best score: -3195.789

Do NNI search on 20 best initial trees
Estimate model parameters (epsilon = 0.100)
BETTER TREE FOUND at iteration 1: -3195.789
Iteration 10 / LogL: -3195.797 / Time: 0h:0m:2s
Iteration 20 / LogL: -3195.873 / Time: 0h:0m:3s
Finish initializing candidate tree set (1)
Current best tree score: -3195.789 / CPU time: 0.226
Number of iterations: 20
--------------------------------------------------------------------
|               OPTIMIZING CANDIDATE TREE SET                      |
--------------------------------------------------------------------
Iteration 30 / LogL: -3195.915 / Time: 0h:0m:3s (0h:0m:1s left)
UPDATE BEST LOG-LIKELIHOOD: -3195.789
Iteration 40 / LogL: -3195.789 / Time: 0h:0m:3s (0h:0m:0s left)
UPDATE BEST LOG-LIKELIHOOD: -3195.789
Iteration 50 / LogL: -3195.824 / Time: 0h:0m:3s (0h:0m:0s left)
Log-likelihood cutoff on original alignment: -3228.929
Iteration 60 / LogL: -3195.795 / Time: 0h:0m:3s (0h:0m:0s left)
Iteration 70 / LogL: -3195.964 / Time: 0h:0m:3s (0h:0m:0s left)
Iteration 80 / LogL: -3195.789 / Time: 0h:0m:3s (0h:0m:0s left)
Iteration 90 / LogL: -3195.789 / Time: 0h:0m:3s (0h:0m:0s left)
Iteration 100 / LogL: -3195.806 / Time: 0h:0m:3s (0h:0m:0s left)
Log-likelihood cutoff on original alignment: -3228.929
NOTE: Bootstrap correlation coefficient of split occurrence frequencies: 1.000
TREE SEARCH COMPLETED AFTER 102 ITERATIONS / Time: 0h:0m:3s

--------------------------------------------------------------------
|                    FINALIZING TREE SEARCH                        |
--------------------------------------------------------------------
Performs final model parameters optimization
Estimate model parameters (epsilon = 0.010)
1. Initial log-likelihood: -3195.789
Optimal log-likelihood: -3195.789
Rate parameters:  A-C: 1.00000  A-G: 5.38031  A-T: 1.00000  C-G: 1.00000  C-T: 5.38031  G-T: 1.00000
Base frequencies:  A: 0.301  C: 0.217  G: 0.208  T: 0.273
Proportion of invariable sites: 0.623
Parameters optimization took 1 rounds (0.001 sec)
BEST SCORE FOUND : -3195.789
Creating bootstrap support values...
Split supports printed to NEXUS file per_gene_alignments_codon/LOC101402532_.aln.splits.nex
Total tree length: 0.313

Total number of iterations: 102
CPU time used for tree search: 1.043 sec (0h:0m:1s)
Wall-clock time used for tree search: 1.096 sec (0h:0m:1s)
Total CPU time used: 2.223 sec (0h:0m:2s)
Total wall-clock time used: 3.938 sec (0h:0m:3s)

Computing bootstrap consensus tree...
Reading input file per_gene_alignments_codon/LOC101402532_.aln.splits.nex...
7 taxa and 16 splits.
Consensus tree written to per_gene_alignments_codon/LOC101402532_.aln.contree
Reading input trees file per_gene_alignments_codon/LOC101402532_.aln.contree
Log-likelihood of consensus tree: -3195.789

Analysis results written to: 
  IQ-TREE report:                per_gene_alignments_codon/LOC101402532_.aln.iqtree
  Maximum-likelihood tree:       per_gene_alignments_codon/LOC101402532_.aln.treefile
  Likelihood distances:          per_gene_alignments_codon/LOC101402532_.aln.mldist

Ultrafast bootstrap approximation results written to:
  Split support values:          per_gene_alignments_codon/LOC101402532_.aln.splits.nex
  Consensus tree:                per_gene_alignments_codon/LOC101402532_.aln.contree
  Screen log file:               per_gene_alignments_codon/LOC101402532_.aln.log

Date and Time: Thu Oct 30 21:35:36 2025
