IQ-TREE multicore version 2.3.3 COVID-edition for Linux x86 64-bit built Apr 25 2024
Developed by Bui Quang Minh, James Barbetti, Nguyen Lam Tung, Olga Chernomor,
Heiko Schmidt, Dominik Schrempf, Michael Woodhams, Ly Trong Nhan, Thomas Wong

Host:    morpheus-OptiPlex-5050 (AVX2, FMA3, 503 GB RAM)
Command: iqtree2 -s per_gene_alignments_codon/LOC101399564_.aln.fna -m MFP -T 1 -B 1000 --prefix per_gene_alignments_codon/LOC101399564_.aln
Seed:    101968 (Using SPRNG - Scalable Parallel Random Number Generator)
Time:    Thu Oct 30 21:33:30 2025
Kernel:  AVX+FMA - 1 threads (72 CPU cores detected)

HINT: Use -nt option to specify number of threads because your CPU has 72 cores!
HINT: -nt AUTO will automatically determine the best number of threads to use.

Reading alignment file per_gene_alignments_codon/LOC101399564_.aln.fna ... Fasta format detected
Reading fasta file: done in 0.00049901 secs using 49.9% CPU
Alignment most likely contains DNA/RNA sequences
Alignment has 7 sequences with 1770 columns, 88 distinct patterns
102 parsimony-informative, 153 singleton sites, 1515 constant sites
                     Gap/Ambiguity  Composition  p-value
Analyzing sequences: done in 2.90871e-05 secs using 92.82% CPU
   1  Ceratotherium_simum    0.00%    passed     90.92%
   2  Diceros_bicornis       0.00%    passed     94.89%
   3  Equus_asinus           0.00%    passed     99.87%
   4  Equus_quagga           0.00%    passed     99.59%
   5  Equus_caballus         0.00%    passed     99.82%
   6  Canis_lupus            0.00%    passed     51.89%
   7  Bos_taurus             0.00%    passed     23.59%
****  TOTAL                  0.00%  0 sequences failed composition chi2 test (p-value<5%; df=3)


Create initial parsimony tree by phylogenetic likelihood library (PLL)... 0.000 seconds
Perform fast likelihood tree search using GTR+I+G model...
Estimate model parameters (epsilon = 5.000)
Perform nearest neighbor interchange...
Estimate model parameters (epsilon = 1.000)
1. Initial log-likelihood: -3948.534
Optimal log-likelihood: -3948.525
Rate parameters:  A-C: 1.61192  A-G: 5.27896  A-T: 0.30531  C-G: 2.91717  C-T: 11.15263  G-T: 1.00000
Base frequencies:  A: 0.276  C: 0.238  G: 0.267  T: 0.218
Proportion of invariable sites: 0.424
Gamma shape alpha: 0.819
Parameters optimization took 1 rounds (0.004 sec)
Time for fast ML tree search: 0.043 seconds

NOTE: ModelFinder requires 0 MB RAM!
ModelFinder will test up to 484 DNA models (sample size: 1770) ...
 No. Model         -LnL         df  AIC          AICc         BIC
  1  GTR+F         3969.603     19  7977.207     7977.641     8081.303
  2  GTR+F+I       3948.722     20  7937.445     7937.925     8047.019
  3  GTR+F+G4      3948.564     20  7937.127     7937.608     8046.702
  4  GTR+F+I+G4    3948.512     21  7939.025     7939.553     8054.078
  5  GTR+F+R2      3949.139     21  7940.278     7940.807     8055.331
  6  GTR+F+R3      3948.687     23  7943.375     7944.007     8069.386
 14  GTR+F+I+R2    3948.733     22  7941.465     7942.045     8061.997
 15  GTR+F+I+R3    3948.569     24  7945.137     7945.825     8076.627
 24  SYM+I         3956.769     17  7947.539     7947.888     8040.677
 25  SYM+G4        3956.635     17  7947.270     7947.619     8040.408
 26  SYM+I+G4      3956.601     18  7949.203     7949.594     8047.820
 27  SYM+R2        3957.221     18  7950.441     7950.832     8049.059
 46  TVM+F+I       3957.693     19  7953.387     7953.821     8057.483
 47  TVM+F+G4      3957.703     19  7953.406     7953.841     8057.502
 48  TVM+F+I+G4    3957.782     20  7955.565     7956.045     8065.140
 49  TVM+F+R2      3958.181     20  7956.361     7956.841     8065.936
 68  TVMe+I        3961.623     16  7955.246     7955.557     8042.906
 69  TVMe+G4       3961.609     16  7955.218     7955.528     8042.878
 70  TVMe+I+G4     3961.654     17  7957.309     7957.658     8050.447
 71  TVMe+R2       3962.137     17  7958.274     7958.624     8051.413
 90  TIM3+F+I      3952.734     18  7941.469     7941.859     8040.086
 91  TIM3+F+G4     3952.558     18  7941.116     7941.507     8039.734
 92  TIM3+F+I+G4   3952.500     19  7943.000     7943.434     8047.096
 93  TIM3+F+R2     3953.230     19  7944.459     7944.894     8048.555
112  TIM3e+I       3960.571     15  7951.142     7951.416     8033.323
113  TIM3e+G4      3960.420     15  7950.840     7951.113     8033.021
114  TIM3e+I+G4    3960.372     16  7952.744     7953.054     8040.404
115  TIM3e+R2      3961.006     16  7954.012     7954.322     8041.672
134  TIM2+F+I      3958.719     18  7953.438     7953.829     8052.056
135  TIM2+F+G4     3958.444     18  7952.889     7953.279     8051.506
136  TIM2+F+I+G4   3958.304     19  7954.608     7955.042     8058.703
137  TIM2+F+R2     3959.144     19  7956.289     7956.723     8060.384
156  TIM2e+I       3967.811     15  7965.623     7965.896     8047.804
157  TIM2e+G4      3967.582     15  7965.165     7965.438     8047.346
158  TIM2e+I+G4    3967.467     16  7966.934     7967.244     8054.593
159  TIM2e+R2      3968.255     16  7968.510     7968.821     8056.170
178  TIM+F+I       3962.245     18  7960.489     7960.880     8059.107
179  TIM+F+G4      3961.967     18  7959.935     7960.325     8058.552
180  TIM+F+I+G4    3961.830     19  7961.659     7962.094     8065.755
181  TIM+F+R2      3962.746     19  7963.493     7963.927     8067.589
200  TIMe+I        3971.149     15  7972.298     7972.571     8054.479
201  TIMe+G4       3970.913     15  7971.825     7972.099     8054.006
202  TIMe+I+G4     3970.796     16  7973.591     7973.902     8061.251
203  TIMe+R2       3971.592     16  7975.183     7975.493     8062.843
222  TPM3u+F+I     3961.851     17  7957.701     7958.051     8050.840
223  TPM3u+F+G4    3961.817     17  7957.633     7957.983     8050.772
224  TPM3u+F+I+G4  3961.843     18  7959.685     7960.076     8058.302
225  TPM3u+F+R2    3962.315     18  7960.631     7961.021     8059.248
244  TPM3+I        3965.509     14  7959.018     7959.257     8035.720
245  TPM3+G4       3965.462     14  7958.923     7959.162     8035.625
246  TPM3+I+G4     3965.470     15  7960.939     7961.213     8043.120
247  TPM3+R2       3965.927     15  7961.853     7962.127     8044.034
266  TPM2u+F+I     3967.768     17  7969.537     7969.886     8062.675
267  TPM2u+F+G4    3967.727     17  7969.454     7969.803     8062.593
268  TPM2u+F+I+G4  3967.725     18  7971.449     7971.840     8070.067
269  TPM2u+F+R2    3968.240     18  7972.480     7972.871     8071.097
288  TPM2+I        3972.650     14  7973.300     7973.539     8050.002
289  TPM2+G4       3972.584     14  7973.168     7973.407     8049.870
290  TPM2+I+G4     3972.561     15  7975.123     7975.396     8057.304
291  TPM2+R2       3973.163     15  7976.325     7976.599     8058.506
310  K3Pu+F+I      3971.425     17  7976.850     7977.199     8069.989
311  K3Pu+F+G4     3971.360     17  7976.719     7977.068     8069.858
312  K3Pu+F+I+G4   3971.330     18  7978.659     7979.050     8077.276
313  K3Pu+F+R2     3971.886     18  7979.773     7980.163     8078.390
332  K3P+I         3976.063     14  7980.126     7980.366     8056.829
333  K3P+G4        3975.974     14  7979.948     7980.188     8056.651
334  K3P+I+G4      3975.931     15  7981.862     7982.135     8064.043
335  K3P+R2        3976.551     15  7983.101     7983.375     8065.282
354  TN+F+I        3962.540     17  7959.080     7959.429     8052.218
355  TN+F+G4       3962.255     17  7958.510     7958.859     8051.648
356  TN+F+I+G4     3962.113     18  7960.227     7960.617     8058.844
357  TN+F+R2       3963.036     18  7962.072     7962.463     8060.689
376  TNe+I         3971.435     14  7970.869     7971.108     8047.571
377  TNe+G4        3971.193     14  7970.385     7970.624     8047.087
378  TNe+I+G4      3971.074     15  7972.147     7972.421     8054.328
379  TNe+R2        3971.869     15  7973.738     7974.012     8055.919
398  HKY+F+I       3971.744     16  7975.488     7975.799     8063.148
399  HKY+F+G4      3971.674     16  7975.348     7975.658     8063.007
400  HKY+F+I+G4    3971.637     17  7977.274     7977.624     8070.413
401  HKY+F+R2      3972.200     17  7978.401     7978.750     8071.539
420  K2P+I         3976.361     13  7978.722     7978.929     8049.945
421  K2P+G4        3976.267     13  7978.534     7978.741     8049.758
422  K2P+I+G4      3976.217     14  7980.434     7980.674     8057.137
423  K2P+R2        3976.855     14  7981.710     7981.949     8058.412
442  F81+F+I       4055.935     15  8141.870     8142.144     8224.051
443  F81+F+G4      4055.907     15  8141.814     8142.087     8223.995
444  F81+F+I+G4    4055.916     16  8143.833     8144.143     8231.493
445  F81+F+R2      4056.418     16  8144.835     8145.146     8232.495
464  JC+I          4060.910     12  8145.821     8145.999     8211.566
465  JC+G4         4060.898     12  8145.795     8145.973     8211.540
466  JC+I+G4       4060.910     13  8147.820     8148.027     8219.043
467  JC+R2         4061.430     13  8148.859     8149.066     8220.083
Akaike Information Criterion:           GTR+F+G4
Corrected Akaike Information Criterion: GTR+F+G4
Bayesian Information Criterion:         TIM3e+G4
Best-fit model: TIM3e+G4 chosen according to BIC

All model information printed to per_gene_alignments_codon/LOC101399564_.aln.model.gz
CPU time for ModelFinder: 1.335 seconds (0h:0m:1s)
Wall-clock time for ModelFinder: 3.263 seconds (0h:0m:3s)
Generating 1000 samples for ultrafast bootstrap (seed: 101968)...

NOTE: 0 MB RAM (0 GB) is required!
Estimate model parameters (epsilon = 0.100)
1. Initial log-likelihood: -3960.420
Optimal log-likelihood: -3960.420
Rate parameters:  A-C: 3.87611  A-G: 9.78668  A-T: 1.00000  C-G: 3.87611  C-T: 16.88087  G-T: 1.00000
Base frequencies:  A: 0.250  C: 0.250  G: 0.250  T: 0.250
Gamma shape alpha: 0.229
Parameters optimization took 1 rounds (0.021 sec)
Wrote distance file to... 
Computing ML distances based on estimated model parameters...
Calculating distance matrix: done in 0.000577927 secs using 99.84% CPU
Computing ML distances took 0.000630 sec (of wall-clock time) 0.000635 sec (of CPU time)
Setting up auxiliary I and S matrices: done in 4.79221e-05 secs using 204.5% CPU
Computing RapidNJ tree took 0.000131 sec (of wall-clock time) 0.000262 sec (of CPU time)
Log-likelihood of RapidNJ tree: -3960.420
--------------------------------------------------------------------
|             INITIALIZING CANDIDATE TREE SET                      |
--------------------------------------------------------------------
Generating 99 parsimony trees... 0.083 second
Computing log-likelihood of 45 initial trees ... 0.029 seconds
Current best score: -3960.420

Do NNI search on 20 best initial trees
Estimate model parameters (epsilon = 0.100)
BETTER TREE FOUND at iteration 1: -3960.419
Iteration 10 / LogL: -3960.860 / Time: 0h:0m:3s
Iteration 20 / LogL: -3960.488 / Time: 0h:0m:3s
Finish initializing candidate tree set (1)
Current best tree score: -3960.419 / CPU time: 0.322
Number of iterations: 20
--------------------------------------------------------------------
|               OPTIMIZING CANDIDATE TREE SET                      |
--------------------------------------------------------------------
Iteration 30 / LogL: -3960.419 / Time: 0h:0m:3s (0h:0m:1s left)
Iteration 40 / LogL: -3960.464 / Time: 0h:0m:4s (0h:0m:1s left)
Iteration 50 / LogL: -3960.557 / Time: 0h:0m:4s (0h:0m:1s left)
Log-likelihood cutoff on original alignment: -3975.170
Iteration 60 / LogL: -3960.429 / Time: 0h:0m:4s (0h:0m:0s left)
Iteration 70 / LogL: -3960.422 / Time: 0h:0m:4s (0h:0m:0s left)
Iteration 80 / LogL: -3960.423 / Time: 0h:0m:4s (0h:0m:0s left)
Iteration 90 / LogL: -3960.423 / Time: 0h:0m:5s (0h:0m:0s left)
UPDATE BEST LOG-LIKELIHOOD: -3960.419
UPDATE BEST LOG-LIKELIHOOD: -3960.419
Iteration 100 / LogL: -3960.420 / Time: 0h:0m:5s (0h:0m:0s left)
Log-likelihood cutoff on original alignment: -3975.170
NOTE: Bootstrap correlation coefficient of split occurrence frequencies: 1.000
UPDATE BEST LOG-LIKELIHOOD: -3960.419
TREE SEARCH COMPLETED AFTER 102 ITERATIONS / Time: 0h:0m:5s

--------------------------------------------------------------------
|                    FINALIZING TREE SEARCH                        |
--------------------------------------------------------------------
Performs final model parameters optimization
Estimate model parameters (epsilon = 0.010)
1. Initial log-likelihood: -3960.419
Optimal log-likelihood: -3960.419
Rate parameters:  A-C: 3.87635  A-G: 9.78078  A-T: 1.00000  C-G: 3.87635  C-T: 16.89357  G-T: 1.00000
Base frequencies:  A: 0.250  C: 0.250  G: 0.250  T: 0.250
Gamma shape alpha: 0.229
Parameters optimization took 1 rounds (0.001 sec)
BEST SCORE FOUND : -3960.419
Creating bootstrap support values...
Split supports printed to NEXUS file per_gene_alignments_codon/LOC101399564_.aln.splits.nex
Total tree length: 0.204

Total number of iterations: 102
CPU time used for tree search: 1.161 sec (0h:0m:1s)
Wall-clock time used for tree search: 1.878 sec (0h:0m:1s)
Total CPU time used: 2.565 sec (0h:0m:2s)
Total wall-clock time used: 5.260 sec (0h:0m:5s)

Computing bootstrap consensus tree...
Reading input file per_gene_alignments_codon/LOC101399564_.aln.splits.nex...
7 taxa and 15 splits.
Consensus tree written to per_gene_alignments_codon/LOC101399564_.aln.contree
Reading input trees file per_gene_alignments_codon/LOC101399564_.aln.contree
Log-likelihood of consensus tree: -3960.419

Analysis results written to: 
  IQ-TREE report:                per_gene_alignments_codon/LOC101399564_.aln.iqtree
  Maximum-likelihood tree:       per_gene_alignments_codon/LOC101399564_.aln.treefile
  Likelihood distances:          per_gene_alignments_codon/LOC101399564_.aln.mldist

Ultrafast bootstrap approximation results written to:
  Split support values:          per_gene_alignments_codon/LOC101399564_.aln.splits.nex
  Consensus tree:                per_gene_alignments_codon/LOC101399564_.aln.contree
  Screen log file:               per_gene_alignments_codon/LOC101399564_.aln.log

Date and Time: Thu Oct 30 21:33:35 2025
