IQ-TREE multicore version 2.3.3 COVID-edition for Linux x86 64-bit built Apr 25 2024
Developed by Bui Quang Minh, James Barbetti, Nguyen Lam Tung, Olga Chernomor,
Heiko Schmidt, Dominik Schrempf, Michael Woodhams, Ly Trong Nhan, Thomas Wong

Host:    morpheus-OptiPlex-5050 (AVX2, FMA3, 503 GB RAM)
Command: iqtree2 -s per_gene_alignments_codon/LOC101390042_.aln.fna -m MFP -T 1 -B 1000 --prefix per_gene_alignments_codon/LOC101390042_.aln
Seed:    278674 (Using SPRNG - Scalable Parallel Random Number Generator)
Time:    Thu Oct 30 21:26:57 2025
Kernel:  AVX+FMA - 1 threads (72 CPU cores detected)

HINT: Use -nt option to specify number of threads because your CPU has 72 cores!
HINT: -nt AUTO will automatically determine the best number of threads to use.

Reading alignment file per_gene_alignments_codon/LOC101390042_.aln.fna ... Fasta format detected
Reading fasta file: done in 0.000345945 secs using 99.44% CPU
Alignment most likely contains DNA/RNA sequences
Alignment has 7 sequences with 1092 columns, 49 distinct patterns
39 parsimony-informative, 69 singleton sites, 984 constant sites
                     Gap/Ambiguity  Composition  p-value
Analyzing sequences: done in 1.28746e-05 secs using 93.21% CPU
   1  Ceratotherium_simum    0.00%    passed     98.12%
   2  Diceros_bicornis       0.00%    passed     99.37%
   3  Equus_asinus           0.00%    passed     98.88%
   4  Equus_quagga           0.00%    passed     98.88%
   5  Equus_caballus         0.00%    passed     97.54%
   6  Canis_lupus            0.00%    passed     95.38%
   7  Bos_taurus             0.00%    passed     43.46%
****  TOTAL                  0.00%  0 sequences failed composition chi2 test (p-value<5%; df=3)
NOTE: Equus_quagga is identical to Equus_asinus but kept for subsequent analysis


Create initial parsimony tree by phylogenetic likelihood library (PLL)... 0.000 seconds
Perform fast likelihood tree search using GTR+I+G model...
Estimate model parameters (epsilon = 5.000)
Perform nearest neighbor interchange...
Estimate model parameters (epsilon = 1.000)
1. Initial log-likelihood: -2143.285
Optimal log-likelihood: -2143.264
Rate parameters:  A-C: 0.68941  A-G: 6.92697  A-T: 1.06521  C-G: 1.14010  C-T: 9.52170  G-T: 1.00000
Base frequencies:  A: 0.205  C: 0.269  G: 0.241  T: 0.285
Proportion of invariable sites: 0.446
Gamma shape alpha: 0.362
Parameters optimization took 1 rounds (0.002 sec)
Time for fast ML tree search: 0.083 seconds

NOTE: ModelFinder requires 0 MB RAM!
ModelFinder will test up to 484 DNA models (sample size: 1092) ...
 No. Model         -LnL         df  AIC          AICc         BIC
  1  GTR+F         2154.120     19  4346.241     4346.950     4441.160
  2  GTR+F+I       2143.276     20  4326.551     4327.336     4426.467
  3  GTR+F+G4      2143.329     20  4326.658     4327.443     4426.574
  4  GTR+F+I+G4    2143.257     21  4328.513     4329.377     4433.424
  5  GTR+F+R2      2149.045     21  4340.091     4340.954     4445.002
  6  GTR+F+R3      2144.062     23  4334.124     4335.158     4449.027
 14  GTR+F+I+R2    2143.933     22  4331.865     4332.812     4441.772
 15  GTR+F+I+R3    2143.377     24  4334.753     4335.878     4454.652
 24  SYM+I         2152.122     17  4338.243     4338.813     4423.171
 25  SYM+G4        2152.181     17  4338.362     4338.932     4423.290
 26  SYM+I+G4      2152.100     18  4340.200     4340.837     4430.124
 46  TVM+F+I       2143.884     19  4325.768     4326.477     4420.688
 47  TVM+F+G4      2143.943     19  4325.887     4326.596     4420.806
 48  TVM+F+I+G4    2143.906     20  4327.812     4328.596     4427.727
 68  TVMe+I        2154.039     16  4340.078     4340.584     4420.011
 69  TVMe+G4       2154.145     16  4340.291     4340.797     4420.223
 70  TVMe+I+G4     2154.093     17  4342.187     4342.757     4427.115
 90  TIM3+F+I      2143.454     18  4322.907     4323.545     4412.831
 91  TIM3+F+G4     2143.486     18  4322.972     4323.610     4412.896
 92  TIM3+F+I+G4   2143.440     19  4324.881     4325.590     4419.800
112  TIM3e+I       2152.416     15  4334.832     4335.278     4409.769
113  TIM3e+G4      2152.445     15  4334.890     4335.336     4409.827
114  TIM3e+I+G4    2152.406     16  4336.812     4337.318     4416.744
134  TIM2+F+I      2143.396     18  4322.792     4323.430     4412.716
135  TIM2+F+G4     2143.448     18  4322.897     4323.534     4412.820
136  TIM2+F+I+G4   2143.379     19  4324.758     4325.467     4419.678
156  TIM2e+I       2152.256     15  4334.513     4334.959     4409.449
157  TIM2e+G4      2152.306     15  4334.612     4335.058     4409.548
158  TIM2e+I+G4    2152.236     16  4336.472     4336.978     4416.404
178  TIM+F+I       2143.429     18  4322.858     4323.495     4412.782
179  TIM+F+G4      2143.465     18  4322.929     4323.567     4412.853
180  TIM+F+I+G4    2143.405     19  4324.810     4325.519     4419.729
200  TIMe+I        2152.423     15  4334.846     4335.292     4409.782
201  TIMe+G4       2152.451     15  4334.902     4335.348     4409.838
202  TIMe+I+G4     2152.400     16  4336.800     4337.307     4416.733
222  TPM3u+F+I     2144.071     17  4322.142     4322.712     4407.070
223  TPM3u+F+G4    2144.113     17  4322.225     4322.795     4407.153
224  TPM3u+F+I+G4  2144.089     18  4324.178     4324.816     4414.102
244  TPM3+I        2154.393     14  4336.786     4337.176     4406.727
245  TPM3+G4       2154.461     14  4336.922     4337.312     4406.863
246  TPM3+I+G4     2154.445     15  4338.891     4339.337     4413.827
266  TPM2u+F+I     2144.005     17  4322.009     4322.579     4406.937
267  TPM2u+F+G4    2144.063     17  4322.125     4322.695     4407.053
268  TPM2u+F+I+G4  2144.022     18  4324.043     4324.681     4413.967
288  TPM2+I        2154.165     14  4336.329     4336.719     4406.270
289  TPM2+G4       2154.278     14  4336.555     4336.945     4406.496
290  TPM2+I+G4     2154.225     15  4338.450     4338.896     4413.386
310  K3Pu+F+I      2144.050     17  4322.100     4322.670     4407.028
311  K3Pu+F+G4     2144.087     17  4322.175     4322.744     4407.103
312  K3Pu+F+I+G4   2144.058     18  4324.116     4324.754     4414.040
332  K3P+I         2154.397     14  4336.793     4337.183     4406.734
333  K3P+G4        2154.459     14  4336.919     4337.309     4406.860
334  K3P+I+G4      2154.435     15  4338.871     4339.317     4413.807
354  TN+F+I        2143.483     17  4320.966     4321.536     4405.894
355  TN+F+G4       2143.521     17  4321.042     4321.612     4405.970
356  TN+F+I+G4     2143.467     18  4322.934     4323.571     4412.858
376  TNe+I         2152.467     14  4332.933     4333.323     4402.874
377  TNe+G4        2152.497     14  4332.994     4333.384     4402.935
378  TNe+I+G4      2152.451     15  4334.903     4335.349     4409.839
398  HKY+F+I       2144.102     16  4320.204     4320.710     4400.136
399  HKY+F+G4      2144.144     16  4320.287     4320.793     4400.220
400  HKY+F+I+G4    2144.116     17  4322.231     4322.801     4407.159
420  K2P+I         2154.435     13  4334.870     4335.208     4399.815
421  K2P+G4        2154.508     13  4335.016     4335.353     4399.961
422  K2P+I+G4      2154.485     14  4336.969     4337.359     4406.910
442  F81+F+I       2195.539     15  4421.079     4421.525     4496.015
443  F81+F+G4      2195.497     15  4420.994     4421.440     4495.931
444  F81+F+I+G4    2195.417     16  4422.833     4423.339     4502.766
464  JC+I          2207.526     12  4439.052     4439.341     4499.001
465  JC+G4         2207.482     12  4438.963     4439.252     4498.912
466  JC+I+G4       2207.414     13  4440.828     4441.166     4505.773
Akaike Information Criterion:           HKY+F+I
Corrected Akaike Information Criterion: HKY+F+I
Bayesian Information Criterion:         K2P+I
Best-fit model: K2P+I chosen according to BIC

All model information printed to per_gene_alignments_codon/LOC101390042_.aln.model.gz
CPU time for ModelFinder: 0.358 seconds (0h:0m:0s)
Wall-clock time for ModelFinder: 1.133 seconds (0h:0m:1s)
Generating 1000 samples for ultrafast bootstrap (seed: 278674)...

NOTE: 0 MB RAM (0 GB) is required!
Estimate model parameters (epsilon = 0.100)
1. Initial log-likelihood: -2154.435
Optimal log-likelihood: -2154.435
Rate parameters:  A-C: 1.00000  A-G: 8.53172  A-T: 1.00000  C-G: 1.00000  C-T: 8.53172  G-T: 1.00000
Base frequencies:  A: 0.250  C: 0.250  G: 0.250  T: 0.250
Proportion of invariable sites: 0.770
Parameters optimization took 1 rounds (0.001 sec)
Wrote distance file to... 
Computing ML distances based on estimated model parameters...
Calculating distance matrix: done in 0.000176907 secs using 98.92% CPU
Computing ML distances took 0.000220 sec (of wall-clock time) 0.000225 sec (of CPU time)
Setting up auxiliary I and S matrices: done in 4.50611e-05 secs using 190.9% CPU
Computing RapidNJ tree took 0.000145 sec (of wall-clock time) 0.000288 sec (of CPU time)
Log-likelihood of RapidNJ tree: -2154.435
--------------------------------------------------------------------
|             INITIALIZING CANDIDATE TREE SET                      |
--------------------------------------------------------------------
Generating 99 parsimony trees... 0.033 second
Computing log-likelihood of 39 initial trees ... 0.009 seconds
Current best score: -2154.435

Do NNI search on 20 best initial trees
Estimate model parameters (epsilon = 0.100)
BETTER TREE FOUND at iteration 1: -2154.434
Iteration 10 / LogL: -2154.438 / Time: 0h:0m:1s
Iteration 20 / LogL: -2154.444 / Time: 0h:0m:1s
Finish initializing candidate tree set (1)
Current best tree score: -2154.434 / CPU time: 0.094
Number of iterations: 20
--------------------------------------------------------------------
|               OPTIMIZING CANDIDATE TREE SET                      |
--------------------------------------------------------------------
UPDATE BEST LOG-LIKELIHOOD: -2154.434
Iteration 30 / LogL: -2154.436 / Time: 0h:0m:1s (0h:0m:0s left)
Iteration 40 / LogL: -2154.434 / Time: 0h:0m:1s (0h:0m:0s left)
UPDATE BEST LOG-LIKELIHOOD: -2154.434
Iteration 50 / LogL: -2154.434 / Time: 0h:0m:1s (0h:0m:0s left)
Log-likelihood cutoff on original alignment: -2183.389
Iteration 60 / LogL: -2154.437 / Time: 0h:0m:2s (0h:0m:0s left)
Iteration 70 / LogL: -2154.479 / Time: 0h:0m:2s (0h:0m:0s left)
Iteration 80 / LogL: -2154.437 / Time: 0h:0m:2s (0h:0m:0s left)
Iteration 90 / LogL: -2154.483 / Time: 0h:0m:2s (0h:0m:0s left)
Iteration 100 / LogL: -2154.491 / Time: 0h:0m:3s (0h:0m:0s left)
Log-likelihood cutoff on original alignment: -2183.632
NOTE: Bootstrap correlation coefficient of split occurrence frequencies: 1.000
TREE SEARCH COMPLETED AFTER 102 ITERATIONS / Time: 0h:0m:3s

--------------------------------------------------------------------
|                    FINALIZING TREE SEARCH                        |
--------------------------------------------------------------------
Performs final model parameters optimization
Estimate model parameters (epsilon = 0.010)
1. Initial log-likelihood: -2154.434
Optimal log-likelihood: -2154.434
Rate parameters:  A-C: 1.00000  A-G: 8.55271  A-T: 1.00000  C-G: 1.00000  C-T: 8.55271  G-T: 1.00000
Base frequencies:  A: 0.250  C: 0.250  G: 0.250  T: 0.250
Proportion of invariable sites: 0.771
Parameters optimization took 1 rounds (0.000 sec)
BEST SCORE FOUND : -2154.434
Creating bootstrap support values...
Split supports printed to NEXUS file per_gene_alignments_codon/LOC101390042_.aln.splits.nex
Total tree length: 0.138

Total number of iterations: 102
CPU time used for tree search: 0.919 sec (0h:0m:0s)
Wall-clock time used for tree search: 2.001 sec (0h:0m:2s)
Total CPU time used: 1.332 sec (0h:0m:1s)
Total wall-clock time used: 3.277 sec (0h:0m:3s)

Computing bootstrap consensus tree...
Reading input file per_gene_alignments_codon/LOC101390042_.aln.splits.nex...
7 taxa and 29 splits.
Consensus tree written to per_gene_alignments_codon/LOC101390042_.aln.contree
Reading input trees file per_gene_alignments_codon/LOC101390042_.aln.contree
Log-likelihood of consensus tree: -2154.438

Analysis results written to: 
  IQ-TREE report:                per_gene_alignments_codon/LOC101390042_.aln.iqtree
  Maximum-likelihood tree:       per_gene_alignments_codon/LOC101390042_.aln.treefile
  Likelihood distances:          per_gene_alignments_codon/LOC101390042_.aln.mldist

Ultrafast bootstrap approximation results written to:
  Split support values:          per_gene_alignments_codon/LOC101390042_.aln.splits.nex
  Consensus tree:                per_gene_alignments_codon/LOC101390042_.aln.contree
  Screen log file:               per_gene_alignments_codon/LOC101390042_.aln.log

Date and Time: Thu Oct 30 21:27:01 2025
