IQ-TREE multicore version 2.3.3 COVID-edition for Linux x86 64-bit built Apr 25 2024
Developed by Bui Quang Minh, James Barbetti, Nguyen Lam Tung, Olga Chernomor,
Heiko Schmidt, Dominik Schrempf, Michael Woodhams, Ly Trong Nhan, Thomas Wong

Host:    morpheus-OptiPlex-5050 (AVX2, FMA3, 503 GB RAM)
Command: iqtree2 -s per_gene_alignments_codon/LOC101400228_.aln.fna -m MFP -T 1 -B 1000 --prefix per_gene_alignments_codon/LOC101400228_.aln
Seed:    50200 (Using SPRNG - Scalable Parallel Random Number Generator)
Time:    Thu Oct 30 21:33:59 2025
Kernel:  AVX+FMA - 1 threads (72 CPU cores detected)

HINT: Use -nt option to specify number of threads because your CPU has 72 cores!
HINT: -nt AUTO will automatically determine the best number of threads to use.

Reading alignment file per_gene_alignments_codon/LOC101400228_.aln.fna ... Fasta format detected
Reading fasta file: done in 0.000478983 secs using 99.59% CPU
Alignment most likely contains DNA/RNA sequences
Alignment has 7 sequences with 1596 columns, 102 distinct patterns
118 parsimony-informative, 190 singleton sites, 1288 constant sites
                     Gap/Ambiguity  Composition  p-value
Analyzing sequences: done in 1.38283e-05 secs
   1  Ceratotherium_simum    0.00%    passed     99.17%
   2  Diceros_bicornis       0.00%    passed     98.97%
   3  Equus_asinus           0.00%    passed     99.22%
   4  Equus_quagga           0.00%    passed     99.29%
   5  Equus_caballus         0.00%    passed     99.26%
   6  Canis_lupus            1.32%    passed     77.88%
   7  Bos_taurus             0.00%    passed     89.04%
****  TOTAL                  0.19%  0 sequences failed composition chi2 test (p-value<5%; df=3)


Create initial parsimony tree by phylogenetic likelihood library (PLL)... 0.000 seconds
Perform fast likelihood tree search using GTR+I+G model...
Estimate model parameters (epsilon = 5.000)
Perform nearest neighbor interchange...
Estimate model parameters (epsilon = 1.000)
1. Initial log-likelihood: -3885.444
Optimal log-likelihood: -3885.422
Rate parameters:  A-C: 1.34243  A-G: 3.32099  A-T: 0.34065  C-G: 0.71117  C-T: 6.04087  G-T: 1.00000
Base frequencies:  A: 0.354  C: 0.178  G: 0.267  T: 0.201
Proportion of invariable sites: 0.400
Gamma shape alpha: 1.177
Parameters optimization took 1 rounds (0.004 sec)
Time for fast ML tree search: 0.047 seconds

NOTE: ModelFinder requires 0 MB RAM!
ModelFinder will test up to 484 DNA models (sample size: 1596) ...
 No. Model         -LnL         df  AIC          AICc         BIC
  1  GTR+F         3907.804     19  7853.608     7854.090     7955.738
  2  GTR+F+I       3884.865     20  7809.730     7810.264     7917.235
  3  GTR+F+G4      3885.308     20  7810.615     7811.149     7918.120
  4  GTR+F+I+G4    3885.424     21  7812.848     7813.435     7925.729
  5  GTR+F+R2      3885.166     21  7812.332     7812.919     7925.213
  6  GTR+F+R3      3885.178     23  7816.357     7817.059     7939.988
 14  GTR+F+I+R2    3885.256     22  7814.512     7815.156     7932.768
 15  GTR+F+I+R3    3885.317     24  7818.634     7819.398     7947.641
 24  SYM+I         3946.042     17  7926.085     7926.473     8017.464
 25  SYM+G4        3946.478     17  7926.955     7927.343     8018.334
 26  SYM+I+G4      3946.548     18  7929.095     7929.529     8025.850
 27  SYM+R2        3946.322     18  7928.645     7929.078     8025.399
 46  TVM+F+I       3891.557     19  7821.113     7821.595     7923.243
 47  TVM+F+G4      3891.949     19  7821.898     7822.380     7924.028
 48  TVM+F+I+G4    3892.058     20  7824.116     7824.649     7931.621
 49  TVM+F+R2      3891.808     20  7823.616     7824.150     7931.121
 68  TVMe+I        3946.099     16  7924.198     7924.543     8010.202
 69  TVMe+G4       3946.528     16  7925.057     7925.401     8011.061
 70  TVMe+I+G4     3946.592     17  7927.184     7927.572     8018.563
 71  TVMe+R2       3946.391     17  7926.782     7927.170     8018.161
 90  TIM3+F+I      3889.346     18  7814.692     7815.126     7911.447
 91  TIM3+F+G4     3889.672     18  7815.345     7815.779     7912.100
 92  TIM3+F+I+G4   3889.764     19  7817.527     7818.010     7919.657
 93  TIM3+F+R2     3889.630     19  7817.260     7817.743     7919.390
112  TIM3e+I       3950.357     15  7930.714     7931.018     8011.343
113  TIM3e+G4      3950.705     15  7931.411     7931.714     8012.039
114  TIM3e+I+G4    3950.764     16  7933.528     7933.873     8019.533
115  TIM3e+R2      3950.691     16  7933.382     7933.726     8019.386
134  TIM2+F+I      3891.906     18  7819.812     7820.246     7916.567
135  TIM2+F+G4     3892.489     18  7820.977     7821.411     7917.732
136  TIM2+F+I+G4   3892.601     19  7823.202     7823.684     7925.332
137  TIM2+F+R2     3892.222     19  7822.444     7822.926     7924.574
156  TIM2e+I       3951.891     15  7933.783     7934.086     8014.411
157  TIM2e+G4      3952.386     15  7934.773     7935.076     8015.401
158  TIM2e+I+G4    3952.450     16  7936.900     7937.245     8022.904
159  TIM2e+R2      3952.158     16  7936.316     7936.660     8022.320
178  TIM+F+I       3886.314     18  7808.628     7809.062     7905.382
179  TIM+F+G4      3886.934     18  7809.868     7810.302     7906.622
180  TIM+F+I+G4    3887.067     19  7812.134     7812.616     7914.264
181  TIM+F+R2      3886.646     19  7811.292     7811.774     7913.422
200  TIMe+I        3946.859     15  7923.718     7924.022     8004.347
201  TIMe+G4       3947.404     15  7924.808     7925.111     8005.436
202  TIMe+I+G4     3947.479     16  7926.957     7927.302     8012.961
203  TIMe+R2       3947.139     16  7926.278     7926.622     8012.282
222  TPM3u+F+I     3896.099     17  7826.197     7826.585     7917.577
223  TPM3u+F+G4    3896.365     17  7826.729     7827.117     7918.108
224  TPM3u+F+I+G4  3896.444     18  7828.889     7829.322     7925.643
225  TPM3u+F+R2    3896.322     18  7828.644     7829.078     7925.399
244  TPM3+I        3950.420     14  7928.839     7929.105     8004.093
245  TPM3+G4       3950.762     14  7929.523     7929.789     8004.777
246  TPM3+I+G4     3950.810     15  7931.619     7931.923     8012.248
247  TPM3+R2       3950.683     15  7931.366     7931.669     8011.994
266  TPM2u+F+I     3898.539     17  7831.077     7831.465     7922.457
267  TPM2u+F+G4    3899.050     17  7832.100     7832.488     7923.480
268  TPM2u+F+I+G4  3899.169     18  7834.338     7834.772     7931.093
269  TPM2u+F+R2    3898.859     18  7833.717     7834.151     7930.472
288  TPM2+I        3951.943     14  7931.887     7932.152     8007.140
289  TPM2+G4       3952.430     14  7932.860     7933.125     8008.113
290  TPM2+I+G4     3952.493     15  7934.985     7935.289     8015.614
291  TPM2+R2       3952.227     15  7934.455     7934.759     8015.084
310  K3Pu+F+I      3892.929     17  7819.858     7820.246     7911.238
311  K3Pu+F+G4     3893.472     17  7820.944     7821.332     7912.324
312  K3Pu+F+I+G4   3893.610     18  7823.220     7823.654     7919.975
313  K3Pu+F+R2     3893.195     18  7822.389     7822.823     7919.144
332  K3P+I         3946.918     14  7921.836     7922.101     7997.089
333  K3P+G4        3947.455     14  7922.909     7923.175     7998.163
334  K3P+I+G4      3947.533     15  7925.067     7925.371     8005.696
335  K3P+R2        3947.213     15  7924.426     7924.730     8005.055
354  TN+F+I        3892.044     17  7818.087     7818.475     7909.466
355  TN+F+G4       3892.600     17  7819.200     7819.588     7910.580
356  TN+F+I+G4     3892.709     18  7821.417     7821.851     7918.172
357  TN+F+R2       3892.350     18  7820.700     7821.134     7917.455
376  TNe+I         3951.888     14  7931.777     7932.042     8007.030
377  TNe+G4        3952.390     14  7932.780     7933.046     8008.034
378  TNe+I+G4      3952.452     15  7934.904     7935.207     8015.532
379  TNe+R2        3952.154     15  7934.309     7934.613     8014.938
398  HKY+F+I       3898.699     16  7829.398     7829.743     7915.402
399  HKY+F+G4      3899.177     16  7830.354     7830.698     7916.358
400  HKY+F+I+G4    3899.287     17  7832.575     7832.963     7923.954
401  HKY+F+R2      3899.011     17  7832.022     7832.410     7923.401
420  K2P+I         3951.945     13  7929.891     7930.121     7999.769
421  K2P+G4        3952.440     13  7930.880     7931.110     8000.758
422  K2P+I+G4      3952.511     14  7933.022     7933.287     8008.275
423  K2P+R2        3952.227     14  7932.454     7932.720     8007.708
442  F81+F+I       3989.802     15  8009.603     8009.907     8090.232
443  F81+F+G4      3990.463     15  8010.925     8011.229     8091.554
444  F81+F+I+G4    3990.333     16  8012.667     8013.011     8098.671
445  F81+F+R2      3990.179     16  8012.357     8012.702     8098.361
464  JC+I          4055.040     12  8134.080     8134.278     8198.584
465  JC+G4         4055.623     12  8135.246     8135.444     8199.750
466  JC+I+G4       4055.494     13  8136.988     8137.219     8206.867
467  JC+R2         4055.390     13  8136.779     8137.009     8206.658
Akaike Information Criterion:           TIM+F+I
Corrected Akaike Information Criterion: TIM+F+I
Bayesian Information Criterion:         TIM+F+I
Best-fit model: TIM+F+I chosen according to BIC

All model information printed to per_gene_alignments_codon/LOC101400228_.aln.model.gz
CPU time for ModelFinder: 1.077 seconds (0h:0m:1s)
Wall-clock time for ModelFinder: 1.763 seconds (0h:0m:1s)
Generating 1000 samples for ultrafast bootstrap (seed: 50200)...

NOTE: 0 MB RAM (0 GB) is required!
Estimate model parameters (epsilon = 0.100)
1. Initial log-likelihood: -3886.314
Optimal log-likelihood: -3886.313
Rate parameters:  A-C: 1.00000  A-G: 2.75541  A-T: 0.37470  C-G: 0.37470  C-T: 4.97516  G-T: 1.00000
Base frequencies:  A: 0.354  C: 0.178  G: 0.267  T: 0.201
Proportion of invariable sites: 0.600
Parameters optimization took 1 rounds (0.001 sec)
Wrote distance file to... 
Computing ML distances based on estimated model parameters...
Calculating distance matrix: done in 0.000190973 secs using 98.97% CPU
Computing ML distances took 0.000256 sec (of wall-clock time) 0.000261 sec (of CPU time)
Setting up auxiliary I and S matrices: done in 4.60148e-05 secs using 95.62% CPU
Computing RapidNJ tree took 0.000171 sec (of wall-clock time) 0.000170 sec (of CPU time)
Log-likelihood of RapidNJ tree: -3886.313
--------------------------------------------------------------------
|             INITIALIZING CANDIDATE TREE SET                      |
--------------------------------------------------------------------
Generating 99 parsimony trees... 0.102 second
Computing log-likelihood of 47 initial trees ... 0.016 seconds
Current best score: -3886.313

Do NNI search on 20 best initial trees
Estimate model parameters (epsilon = 0.100)
BETTER TREE FOUND at iteration 1: -3886.313
Iteration 10 / LogL: -3886.317 / Time: 0h:0m:2s
Iteration 20 / LogL: -3887.055 / Time: 0h:0m:2s
Finish initializing candidate tree set (1)
Current best tree score: -3886.313 / CPU time: 0.256
Number of iterations: 20
--------------------------------------------------------------------
|               OPTIMIZING CANDIDATE TREE SET                      |
--------------------------------------------------------------------
Iteration 30 / LogL: -3886.313 / Time: 0h:0m:2s (0h:0m:1s left)
UPDATE BEST LOG-LIKELIHOOD: -3886.313
UPDATE BEST LOG-LIKELIHOOD: -3886.313
Iteration 40 / LogL: -3886.358 / Time: 0h:0m:2s (0h:0m:0s left)
Iteration 50 / LogL: -3886.316 / Time: 0h:0m:2s (0h:0m:0s left)
Log-likelihood cutoff on original alignment: -3891.708
Iteration 60 / LogL: -3886.384 / Time: 0h:0m:2s (0h:0m:0s left)
UPDATE BEST LOG-LIKELIHOOD: -3886.313
Iteration 70 / LogL: -3886.313 / Time: 0h:0m:2s (0h:0m:0s left)
Iteration 80 / LogL: -3886.388 / Time: 0h:0m:2s (0h:0m:0s left)
Iteration 90 / LogL: -3886.388 / Time: 0h:0m:2s (0h:0m:0s left)
UPDATE BEST LOG-LIKELIHOOD: -3886.313
UPDATE BEST LOG-LIKELIHOOD: -3886.313
UPDATE BEST LOG-LIKELIHOOD: -3886.313
Iteration 100 / LogL: -3886.385 / Time: 0h:0m:2s (0h:0m:0s left)
Log-likelihood cutoff on original alignment: -3891.708
NOTE: Bootstrap correlation coefficient of split occurrence frequencies: 1.000
TREE SEARCH COMPLETED AFTER 102 ITERATIONS / Time: 0h:0m:3s

--------------------------------------------------------------------
|                    FINALIZING TREE SEARCH                        |
--------------------------------------------------------------------
Performs final model parameters optimization
Estimate model parameters (epsilon = 0.010)
1. Initial log-likelihood: -3886.313
Optimal log-likelihood: -3886.313
Rate parameters:  A-C: 1.00000  A-G: 2.75526  A-T: 0.37523  C-G: 0.37523  C-T: 4.97974  G-T: 1.00000
Base frequencies:  A: 0.354  C: 0.178  G: 0.267  T: 0.201
Proportion of invariable sites: 0.600
Parameters optimization took 1 rounds (0.001 sec)
BEST SCORE FOUND : -3886.313
Creating bootstrap support values...
Split supports printed to NEXUS file per_gene_alignments_codon/LOC101400228_.aln.splits.nex
Total tree length: 0.283

Total number of iterations: 102
CPU time used for tree search: 1.113 sec (0h:0m:1s)
Wall-clock time used for tree search: 1.192 sec (0h:0m:1s)
Total CPU time used: 2.268 sec (0h:0m:2s)
Total wall-clock time used: 3.112 sec (0h:0m:3s)

Computing bootstrap consensus tree...
Reading input file per_gene_alignments_codon/LOC101400228_.aln.splits.nex...
7 taxa and 15 splits.
Consensus tree written to per_gene_alignments_codon/LOC101400228_.aln.contree
Reading input trees file per_gene_alignments_codon/LOC101400228_.aln.contree
Log-likelihood of consensus tree: -3886.313

Analysis results written to: 
  IQ-TREE report:                per_gene_alignments_codon/LOC101400228_.aln.iqtree
  Maximum-likelihood tree:       per_gene_alignments_codon/LOC101400228_.aln.treefile
  Likelihood distances:          per_gene_alignments_codon/LOC101400228_.aln.mldist

Ultrafast bootstrap approximation results written to:
  Split support values:          per_gene_alignments_codon/LOC101400228_.aln.splits.nex
  Consensus tree:                per_gene_alignments_codon/LOC101400228_.aln.contree
  Screen log file:               per_gene_alignments_codon/LOC101400228_.aln.log

Date and Time: Thu Oct 30 21:34:02 2025
