IQ-TREE multicore version 2.3.3 COVID-edition for Linux x86 64-bit built Apr 25 2024
Developed by Bui Quang Minh, James Barbetti, Nguyen Lam Tung, Olga Chernomor,
Heiko Schmidt, Dominik Schrempf, Michael Woodhams, Ly Trong Nhan, Thomas Wong

Host:    morpheus-OptiPlex-5050 (AVX2, FMA3, 503 GB RAM)
Command: iqtree2 -s per_gene_alignments_codon/LOC101388067_.aln.fna -m MFP -T 1 -B 1000 --prefix per_gene_alignments_codon/LOC101388067_.aln
Seed:    878699 (Using SPRNG - Scalable Parallel Random Number Generator)
Time:    Thu Oct 30 21:25:31 2025
Kernel:  AVX+FMA - 1 threads (72 CPU cores detected)

HINT: Use -nt option to specify number of threads because your CPU has 72 cores!
HINT: -nt AUTO will automatically determine the best number of threads to use.

Reading alignment file per_gene_alignments_codon/LOC101388067_.aln.fna ... Fasta format detected
Reading fasta file: done in 0.00052309 secs using 49.7% CPU
Alignment most likely contains DNA/RNA sequences
Alignment has 7 sequences with 1797 columns, 83 distinct patterns
74 parsimony-informative, 235 singleton sites, 1488 constant sites
                     Gap/Ambiguity  Composition  p-value
Analyzing sequences: done in 2.19345e-05 secs using 86.62% CPU
   1  Ceratotherium_simum    0.17%    passed     88.34%
   2  Diceros_bicornis       0.17%    passed     85.74%
   3  Equus_asinus           0.00%    passed     87.03%
   4  Equus_quagga           0.00%    passed     87.27%
   5  Equus_caballus         0.00%    passed     87.03%
   6  Canis_lupus            0.33%    failed      0.03%
   7  Bos_taurus             0.17%    passed     94.76%
****  TOTAL                  0.12%  1 sequences failed composition chi2 test (p-value<5%; df=3)


Create initial parsimony tree by phylogenetic likelihood library (PLL)... 0.000 seconds
Perform fast likelihood tree search using GTR+I+G model...
Estimate model parameters (epsilon = 5.000)
Perform nearest neighbor interchange...
Estimate model parameters (epsilon = 1.000)
1. Initial log-likelihood: -4068.295
Optimal log-likelihood: -4068.164
Rate parameters:  A-C: 1.48339  A-G: 5.48380  A-T: 0.21822  C-G: 0.82733  C-T: 5.05704  G-T: 1.00000
Base frequencies:  A: 0.299  C: 0.190  G: 0.225  T: 0.287
Proportion of invariable sites: 0.409
Gamma shape alpha: 0.845
Parameters optimization took 1 rounds (0.003 sec)
Time for fast ML tree search: 0.051 seconds

NOTE: ModelFinder requires 0 MB RAM!
ModelFinder will test up to 484 DNA models (sample size: 1797) ...
 No. Model         -LnL         df  AIC          AICc         BIC
  1  GTR+F         4087.171     19  8212.342     8212.770     8316.726
  2  GTR+F+I       4068.524     20  8177.048     8177.521     8286.926
  3  GTR+F+G4      4068.263     20  8176.526     8176.999     8286.403
  4  GTR+F+I+G4    4068.133     21  8178.265     8178.786     8293.637
  5  GTR+F+R2      4069.426     21  8180.852     8181.373     8296.224
  6  GTR+F+R3      4068.509     23  8183.018     8183.641     8309.378
 14  GTR+F+I+R2    4068.507     22  8181.014     8181.584     8301.879
 15  GTR+F+I+R3    4068.271     24  8184.542     8185.219     8316.395
 24  SYM+I         4090.366     17  8214.732     8215.076     8308.128
 25  SYM+G4        4090.152     17  8214.305     8214.649     8307.701
 26  SYM+I+G4      4090.070     18  8216.140     8216.525     8315.030
 27  SYM+R2        4091.935     18  8219.870     8220.255     8318.760
 46  TVM+F+I       4068.677     19  8175.354     8175.782     8279.738
 47  TVM+F+G4      4068.398     19  8174.796     8175.224     8279.180
 48  TVM+F+I+G4    4068.262     20  8176.523     8176.996     8286.401
 49  TVM+F+R2      4069.468     20  8178.935     8179.408     8288.813
 68  TVMe+I        4091.278     16  8214.556     8214.861     8302.458
 69  TVMe+G4       4091.012     16  8214.025     8214.331     8301.927
 70  TVMe+I+G4     4090.924     17  8215.848     8216.192     8309.244
 71  TVMe+R2       4092.880     17  8219.760     8220.104     8313.156
 90  TIM3+F+I      4073.187     18  8182.375     8182.759     8281.264
 91  TIM3+F+G4     4072.917     18  8181.833     8182.218     8280.723
 92  TIM3+F+I+G4   4072.792     19  8183.584     8184.012     8287.968
 93  TIM3+F+R2     4074.092     19  8186.183     8186.611     8290.567
112  TIM3e+I       4094.374     15  8218.748     8219.018     8301.156
113  TIM3e+G4      4094.182     15  8218.363     8218.633     8300.771
114  TIM3e+I+G4    4094.113     16  8220.225     8220.531     8308.127
115  TIM3e+R2      4096.031     16  8224.061     8224.367     8311.963
134  TIM2+F+I      4077.534     18  8191.068     8191.453     8289.958
135  TIM2+F+G4     4077.349     18  8190.699     8191.084     8289.589
136  TIM2+F+I+G4   4077.278     19  8192.556     8192.984     8296.940
137  TIM2+F+R2     4078.749     19  8195.497     8195.925     8299.881
156  TIM2e+I       4096.145     15  8222.290     8222.560     8304.699
157  TIM2e+G4      4095.993     15  8221.986     8222.255     8304.394
158  TIM2e+I+G4    4095.936     16  8223.872     8224.177     8311.774
159  TIM2e+R2      4097.941     16  8227.883     8228.188     8315.785
178  TIM+F+I       4071.770     18  8179.540     8179.924     8278.430
179  TIM+F+G4      4071.615     18  8179.231     8179.616     8278.121
180  TIM+F+I+G4    4071.543     19  8181.086     8181.514     8285.469
181  TIM+F+R2      4072.984     19  8183.968     8184.395     8288.351
200  TIMe+I        4091.590     15  8213.180     8213.449     8295.588
201  TIMe+G4       4091.401     15  8212.802     8213.071     8295.210
202  TIMe+I+G4     4091.332     16  8214.665     8214.970     8302.567
203  TIMe+R2       4093.284     16  8218.568     8218.873     8306.470
222  TPM3u+F+I     4073.322     17  8180.645     8180.989     8274.040
223  TPM3u+F+G4    4073.037     17  8180.073     8180.417     8273.469
224  TPM3u+F+I+G4  4072.910     18  8181.819     8182.204     8280.709
225  TPM3u+F+R2    4074.209     18  8184.418     8184.803     8283.308
244  TPM3+I        4095.262     14  8218.524     8218.759     8295.438
245  TPM3+G4       4095.033     14  8218.066     8218.302     8294.980
246  TPM3+I+G4     4094.956     15  8219.912     8220.181     8302.320
247  TPM3+R2       4096.842     15  8223.684     8223.954     8306.092
266  TPM2u+F+I     4077.742     17  8189.485     8189.829     8282.881
267  TPM2u+F+G4    4077.528     17  8189.056     8189.400     8282.451
268  TPM2u+F+I+G4  4077.438     18  8190.875     8191.260     8289.765
269  TPM2u+F+R2    4078.816     18  8193.633     8194.018     8292.523
288  TPM2+I        4097.025     14  8222.051     8222.287     8298.965
289  TPM2+G4       4096.824     14  8221.649     8221.884     8298.563
290  TPM2+I+G4     4096.758     15  8223.516     8223.785     8305.924
291  TPM2+R2       4098.758     15  8227.516     8227.786     8309.924
310  K3Pu+F+I      4071.979     17  8177.959     8178.303     8271.355
311  K3Pu+F+G4     4071.798     17  8177.595     8177.939     8270.991
312  K3Pu+F+I+G4   4071.710     18  8179.419     8179.804     8278.309
313  K3Pu+F+R2     4073.153     18  8182.306     8182.691     8281.196
332  K3P+I         4092.478     14  8212.957     8213.192     8289.871
333  K3P+G4        4092.255     14  8212.511     8212.746     8289.425
334  K3P+I+G4      4092.180     15  8214.360     8214.630     8296.768
335  K3P+R2        4094.116     15  8218.232     8218.502     8300.641
354  TN+F+I        4078.047     17  8190.094     8190.438     8283.490
355  TN+F+G4       4077.868     17  8189.735     8190.079     8283.131
356  TN+F+I+G4     4077.790     18  8191.581     8191.966     8290.471
357  TN+F+R2       4079.301     18  8194.602     8194.987     8293.492
376  TNe+I         4096.167     14  8220.335     8220.570     8297.249
377  TNe+G4        4096.015     14  8220.031     8220.267     8296.945
378  TNe+I+G4      4095.960     15  8221.919     8222.189     8304.327
379  TNe+R2        4097.927     15  8225.854     8226.124     8308.262
398  HKY+F+I       4078.228     16  8188.455     8188.761     8276.357
399  HKY+F+G4      4078.023     16  8188.046     8188.351     8275.948
400  HKY+F+I+G4    4077.933     17  8189.865     8190.209     8283.261
401  HKY+F+R2      4079.351     17  8192.702     8193.046     8286.098
420  K2P+I         4097.040     13  8220.081     8220.285     8291.501
421  K2P+G4        4096.845     13  8219.691     8219.895     8291.111
422  K2P+I+G4      4096.781     14  8221.563     8221.798     8298.477
423  K2P+R2        4098.744     14  8225.488     8225.724     8302.402
442  F81+F+I       4188.457     15  8406.915     8407.184     8489.323
443  F81+F+G4      4188.545     15  8407.089     8407.359     8489.497
444  F81+F+I+G4    4188.525     16  8409.050     8409.356     8496.952
445  F81+F+R2      4190.847     16  8413.693     8413.999     8501.595
464  JC+I          4202.135     12  8428.271     8428.446     8494.197
465  JC+G4         4202.247     12  8428.494     8428.669     8494.421
466  JC+I+G4       4202.217     13  8430.433     8430.637     8501.854
467  JC+R2         4204.882     13  8435.764     8435.969     8507.185
Akaike Information Criterion:           TVM+F+G4
Corrected Akaike Information Criterion: TVM+F+G4
Bayesian Information Criterion:         K3Pu+F+G4
Best-fit model: K3Pu+F+G4 chosen according to BIC

All model information printed to per_gene_alignments_codon/LOC101388067_.aln.model.gz
CPU time for ModelFinder: 1.613 seconds (0h:0m:1s)
Wall-clock time for ModelFinder: 3.380 seconds (0h:0m:3s)
Generating 1000 samples for ultrafast bootstrap (seed: 878699)...

NOTE: 0 MB RAM (0 GB) is required!
Estimate model parameters (epsilon = 0.100)
1. Initial log-likelihood: -4071.798
Optimal log-likelihood: -4071.797
Rate parameters:  A-C: 1.00000  A-G: 4.19120  A-T: 0.27884  C-G: 0.27884  C-T: 4.19120  G-T: 1.00000
Base frequencies:  A: 0.299  C: 0.190  G: 0.225  T: 0.287
Gamma shape alpha: 0.252
Parameters optimization took 1 rounds (0.001 sec)
Wrote distance file to... 
Computing ML distances based on estimated model parameters...
Calculating distance matrix: done in 0.000622988 secs using 99.84% CPU
Computing ML distances took 0.000680 sec (of wall-clock time) 0.000686 sec (of CPU time)
Setting up auxiliary I and S matrices: done in 3.79086e-05 secs using 100.2% CPU
Computing RapidNJ tree took 0.000122 sec (of wall-clock time) 0.000122 sec (of CPU time)
Log-likelihood of RapidNJ tree: -4071.799
--------------------------------------------------------------------
|             INITIALIZING CANDIDATE TREE SET                      |
--------------------------------------------------------------------
Generating 99 parsimony trees... 0.071 second
Computing log-likelihood of 53 initial trees ... 0.040 seconds
Current best score: -4071.797

Do NNI search on 20 best initial trees
Estimate model parameters (epsilon = 0.100)
BETTER TREE FOUND at iteration 1: -4071.797
UPDATE BEST LOG-LIKELIHOOD: -4071.797
UPDATE BEST LOG-LIKELIHOOD: -4071.797
Iteration 10 / LogL: -4071.798 / Time: 0h:0m:3s
Iteration 20 / LogL: -4071.797 / Time: 0h:0m:3s
Finish initializing candidate tree set (2)
Current best tree score: -4071.797 / CPU time: 0.343
Number of iterations: 20
--------------------------------------------------------------------
|               OPTIMIZING CANDIDATE TREE SET                      |
--------------------------------------------------------------------
UPDATE BEST LOG-LIKELIHOOD: -4071.797
Iteration 30 / LogL: -4071.805 / Time: 0h:0m:3s (0h:0m:1s left)
Iteration 40 / LogL: -4071.801 / Time: 0h:0m:4s (0h:0m:1s left)
WARNING: NNI search needs unusual large number of steps (7) to converge!
Iteration 50 / LogL: -4071.797 / Time: 0h:0m:4s (0h:0m:1s left)
Log-likelihood cutoff on original alignment: -4094.942
Iteration 60 / LogL: -4071.797 / Time: 0h:0m:4s (0h:0m:0s left)
WARNING: NNI search needs unusual large number of steps (7) to converge!
Iteration 70 / LogL: -4071.813 / Time: 0h:0m:4s (0h:0m:0s left)
Iteration 80 / LogL: -4094.878 / Time: 0h:0m:4s (0h:0m:0s left)
WARNING: NNI search needs unusual large number of steps (7) to converge!
Iteration 90 / LogL: -4094.878 / Time: 0h:0m:4s (0h:0m:0s left)
Iteration 100 / LogL: -4071.800 / Time: 0h:0m:5s (0h:0m:0s left)
Log-likelihood cutoff on original alignment: -4094.879
NOTE: Bootstrap correlation coefficient of split occurrence frequencies: 0.998
TREE SEARCH COMPLETED AFTER 102 ITERATIONS / Time: 0h:0m:5s

--------------------------------------------------------------------
|                    FINALIZING TREE SEARCH                        |
--------------------------------------------------------------------
Performs final model parameters optimization
Estimate model parameters (epsilon = 0.010)
1. Initial log-likelihood: -4071.797
Optimal log-likelihood: -4071.797
Rate parameters:  A-C: 1.00000  A-G: 4.19366  A-T: 0.27695  C-G: 0.27695  C-T: 4.19366  G-T: 1.00000
Base frequencies:  A: 0.299  C: 0.190  G: 0.225  T: 0.287
Gamma shape alpha: 0.251
Parameters optimization took 1 rounds (0.001 sec)
BEST SCORE FOUND : -4071.797
Creating bootstrap support values...
Split supports printed to NEXUS file per_gene_alignments_codon/LOC101388067_.aln.splits.nex
Total tree length: 0.265

Total number of iterations: 102
CPU time used for tree search: 1.150 sec (0h:0m:1s)
Wall-clock time used for tree search: 1.745 sec (0h:0m:1s)
Total CPU time used: 2.818 sec (0h:0m:2s)
Total wall-clock time used: 5.214 sec (0h:0m:5s)

Computing bootstrap consensus tree...
Reading input file per_gene_alignments_codon/LOC101388067_.aln.splits.nex...
7 taxa and 15 splits.
Consensus tree written to per_gene_alignments_codon/LOC101388067_.aln.contree
Reading input trees file per_gene_alignments_codon/LOC101388067_.aln.contree
Log-likelihood of consensus tree: -4071.799

Analysis results written to: 
  IQ-TREE report:                per_gene_alignments_codon/LOC101388067_.aln.iqtree
  Maximum-likelihood tree:       per_gene_alignments_codon/LOC101388067_.aln.treefile
  Likelihood distances:          per_gene_alignments_codon/LOC101388067_.aln.mldist

Ultrafast bootstrap approximation results written to:
  Split support values:          per_gene_alignments_codon/LOC101388067_.aln.splits.nex
  Consensus tree:                per_gene_alignments_codon/LOC101388067_.aln.contree
  Screen log file:               per_gene_alignments_codon/LOC101388067_.aln.log

Date and Time: Thu Oct 30 21:25:37 2025
