IQ-TREE multicore version 2.3.3 COVID-edition for Linux x86 64-bit built Apr 25 2024
Developed by Bui Quang Minh, James Barbetti, Nguyen Lam Tung, Olga Chernomor,
Heiko Schmidt, Dominik Schrempf, Michael Woodhams, Ly Trong Nhan, Thomas Wong

Host:    morpheus-OptiPlex-5050 (AVX2, FMA3, 503 GB RAM)
Command: iqtree2 -s per_gene_alignments_codon/LOC101388196_.aln.fna -m MFP -T 1 -B 1000 --prefix per_gene_alignments_codon/LOC101388196_.aln
Seed:    902684 (Using SPRNG - Scalable Parallel Random Number Generator)
Time:    Thu Oct 30 21:25:36 2025
Kernel:  AVX+FMA - 1 threads (72 CPU cores detected)

HINT: Use -nt option to specify number of threads because your CPU has 72 cores!
HINT: -nt AUTO will automatically determine the best number of threads to use.

Reading alignment file per_gene_alignments_codon/LOC101388196_.aln.fna ... Fasta format detected
Reading fasta file: done in 0.000505924 secs using 50.01% CPU
Alignment most likely contains DNA/RNA sequences
Alignment has 7 sequences with 1680 columns, 44 distinct patterns
24 parsimony-informative, 51 singleton sites, 1605 constant sites
                     Gap/Ambiguity  Composition  p-value
Analyzing sequences: done in 2.09808e-05 secs using 90.56% CPU
   1  Ceratotherium_simum    0.00%    passed     99.75%
   2  Diceros_bicornis       0.00%    passed     99.91%
   3  Equus_asinus           0.00%    passed     99.97%
   4  Equus_quagga           0.00%    passed    100.00%
   5  Equus_caballus         0.00%    passed     99.97%
   6  Canis_lupus            0.00%    passed     99.70%
   7  Bos_taurus             0.00%    passed     99.09%
****  TOTAL                  0.00%  0 sequences failed composition chi2 test (p-value<5%; df=3)


Create initial parsimony tree by phylogenetic likelihood library (PLL)... 0.000 seconds
Perform fast likelihood tree search using GTR+I+G model...
Estimate model parameters (epsilon = 5.000)
Perform nearest neighbor interchange...
Estimate model parameters (epsilon = 1.000)
1. Initial log-likelihood: -2812.137
Optimal log-likelihood: -2812.126
Rate parameters:  A-C: 0.84407  A-G: 6.45978  A-T: 0.30134  C-G: 1.17047  C-T: 4.54943  G-T: 1.00000
Base frequencies:  A: 0.312  C: 0.215  G: 0.233  T: 0.240
Proportion of invariable sites: 0.476
Gamma shape alpha: 0.076
Parameters optimization took 1 rounds (0.002 sec)
Time for fast ML tree search: 0.043 seconds

NOTE: ModelFinder requires 0 MB RAM!
ModelFinder will test up to 484 DNA models (sample size: 1680) ...
 No. Model         -LnL         df  AIC          AICc         BIC
  1  GTR+F         2822.156     19  5682.312     5682.770     5785.416
  2  GTR+F+I       2812.106     20  5664.212     5664.718     5772.743
  3  GTR+F+G4      2813.576     20  5667.152     5667.659     5775.683
  4  GTR+F+I+G4    2812.122     21  5666.244     5666.801     5780.201
  5  GTR+F+R2      2819.331     21  5680.662     5681.219     5794.619
  6  GTR+F+R3      2816.168     23  5678.335     5679.002     5803.146
 14  GTR+F+I+R2    2814.362     22  5672.724     5673.335     5792.108
 15  GTR+F+I+R3    2812.696     24  5673.391     5674.116     5803.628
 24  SYM+I         2830.113     17  5694.225     5694.594     5786.477
 25  SYM+G4        2831.584     17  5697.167     5697.535     5789.418
 26  SYM+I+G4      2830.146     18  5696.291     5696.703     5793.969
 46  TVM+F+I       2812.838     19  5663.677     5664.135     5766.781
 47  TVM+F+G4      2814.255     19  5666.510     5666.968     5769.614
 48  TVM+F+I+G4    2812.855     20  5665.710     5666.217     5774.241
 68  TVMe+I        2831.655     16  5695.311     5695.638     5782.135
 69  TVMe+G4       2833.096     16  5698.192     5698.520     5785.017
 70  TVMe+I+G4     2831.669     17  5697.337     5697.705     5789.588
 90  TIM3+F+I      2812.994     18  5661.988     5662.400     5759.666
 91  TIM3+F+G4     2814.399     18  5664.798     5665.210     5762.476
 92  TIM3+F+I+G4   2812.997     19  5663.994     5664.452     5767.099
112  TIM3e+I       2830.661     15  5691.323     5691.611     5772.721
113  TIM3e+G4      2832.081     15  5694.162     5694.451     5775.561
114  TIM3e+I+G4    2830.683     16  5693.366     5693.693     5780.191
134  TIM2+F+I      2812.891     18  5661.782     5662.194     5759.460
135  TIM2+F+G4     2814.376     18  5664.752     5665.164     5762.430
136  TIM2+F+I+G4   2812.906     19  5663.812     5664.270     5766.916
156  TIM2e+I       2830.772     15  5691.545     5691.833     5772.943
157  TIM2e+G4      2832.236     15  5694.472     5694.760     5775.870
158  TIM2e+I+G4    2830.788     16  5693.577     5693.904     5780.402
178  TIM+F+I       2813.408     18  5662.816     5663.228     5760.494
179  TIM+F+G4      2814.885     18  5665.771     5666.182     5763.449
180  TIM+F+I+G4    2813.422     19  5664.844     5665.302     5767.949
200  TIMe+I        2830.971     15  5691.943     5692.231     5773.341
201  TIMe+G4       2832.448     15  5694.897     5695.185     5776.295
202  TIMe+I+G4     2830.985     16  5693.969     5694.297     5780.794
222  TPM3u+F+I     2813.692     17  5661.383     5661.751     5753.635
223  TPM3u+F+G4    2815.074     17  5664.148     5664.516     5756.399
224  TPM3u+F+I+G4  2813.713     18  5663.426     5663.838     5761.104
244  TPM3+I        2832.180     14  5692.360     5692.612     5768.332
245  TPM3+G4       2833.602     14  5695.204     5695.456     5771.175
246  TPM3+I+G4     2832.195     15  5694.391     5694.679     5775.789
266  TPM2u+F+I     2813.628     17  5661.256     5661.624     5753.507
267  TPM2u+F+G4    2815.055     17  5664.110     5664.478     5756.361
268  TPM2u+F+I+G4  2813.645     18  5663.289     5663.701     5760.967
288  TPM2+I        2832.300     14  5692.599     5692.851     5768.571
289  TPM2+G4       2833.755     14  5695.510     5695.762     5771.481
290  TPM2+I+G4     2832.312     15  5694.625     5694.913     5776.023
310  K3Pu+F+I      2814.133     17  5662.265     5662.633     5754.517
311  K3Pu+F+G4     2815.559     17  5665.117     5665.486     5757.369
312  K3Pu+F+I+G4   2814.149     18  5664.297     5664.709     5761.975
332  K3P+I         2832.498     14  5692.996     5693.248     5768.967
333  K3P+G4        2833.969     14  5695.937     5696.190     5771.909
334  K3P+I+G4      2832.509     15  5695.019     5695.307     5776.417
354  TN+F+I        2813.551     17  5661.101     5661.469     5753.353
355  TN+F+G4       2815.015     17  5664.030     5664.399     5756.282
356  TN+F+I+G4     2813.568     18  5663.135     5663.547     5760.813
376  TNe+I         2831.098     14  5690.195     5690.447     5766.167
377  TNe+G4        2832.561     14  5693.121     5693.374     5769.093
378  TNe+I+G4      2831.115     15  5692.230     5692.518     5773.628
398  HKY+F+I       2814.275     16  5660.551     5660.878     5747.375
399  HKY+F+G4      2815.688     16  5663.377     5663.704     5750.201
400  HKY+F+I+G4    2814.293     17  5662.586     5662.954     5754.837
420  K2P+I         2832.625     13  5691.250     5691.469     5761.795
421  K2P+G4        2834.082     13  5694.165     5694.383     5764.710
422  K2P+I+G4      2832.638     14  5693.277     5693.529     5769.249
442  F81+F+I       2846.898     15  5723.796     5724.085     5805.194
443  F81+F+G4      2847.808     15  5725.617     5725.905     5807.015
444  F81+F+I+G4    2846.928     16  5725.857     5726.184     5812.682
464  JC+I          2865.447     12  5754.894     5755.081     5820.012
465  JC+G4         2866.330     12  5756.660     5756.847     5821.778
466  JC+I+G4       2865.481     13  5756.963     5757.181     5827.508
Akaike Information Criterion:           HKY+F+I
Corrected Akaike Information Criterion: HKY+F+I
Bayesian Information Criterion:         HKY+F+I
Best-fit model: HKY+F+I chosen according to BIC

All model information printed to per_gene_alignments_codon/LOC101388196_.aln.model.gz
CPU time for ModelFinder: 0.270 seconds (0h:0m:0s)
Wall-clock time for ModelFinder: 0.890 seconds (0h:0m:0s)
Generating 1000 samples for ultrafast bootstrap (seed: 902684)...

NOTE: 0 MB RAM (0 GB) is required!
Estimate model parameters (epsilon = 0.100)
1. Initial log-likelihood: -2814.275
Optimal log-likelihood: -2814.275
Rate parameters:  A-C: 1.00000  A-G: 7.14450  A-T: 1.00000  C-G: 1.00000  C-T: 7.14450  G-T: 1.00000
Base frequencies:  A: 0.312  C: 0.215  G: 0.233  T: 0.240
Proportion of invariable sites: 0.860
Parameters optimization took 1 rounds (0.000 sec)
Wrote distance file to... 
Computing ML distances based on estimated model parameters...
Calculating distance matrix: done in 0.000189066 secs using 98.91% CPU
Computing ML distances took 0.000229 sec (of wall-clock time) 0.000235 sec (of CPU time)
Setting up auxiliary I and S matrices: done in 4.60148e-05 secs using 97.79% CPU
Computing RapidNJ tree took 0.000133 sec (of wall-clock time) 0.000132 sec (of CPU time)
Log-likelihood of RapidNJ tree: -2814.208
--------------------------------------------------------------------
|             INITIALIZING CANDIDATE TREE SET                      |
--------------------------------------------------------------------
Generating 98 parsimony trees... 0.096 second
Computing log-likelihood of 48 initial trees ... 0.011 seconds
Current best score: -2813.957

Do NNI search on 20 best initial trees
Estimate model parameters (epsilon = 0.100)
BETTER TREE FOUND at iteration 1: -2813.908
Iteration 10 / LogL: -2813.913 / Time: 0h:0m:1s
Iteration 20 / LogL: -2814.309 / Time: 0h:0m:1s
Finish initializing candidate tree set (2)
Current best tree score: -2813.908 / CPU time: 0.219
Number of iterations: 20
--------------------------------------------------------------------
|               OPTIMIZING CANDIDATE TREE SET                      |
--------------------------------------------------------------------
Iteration 30 / LogL: -2814.275 / Time: 0h:0m:1s (0h:0m:0s left)
UPDATE BEST LOG-LIKELIHOOD: -2813.908
Iteration 40 / LogL: -2813.910 / Time: 0h:0m:1s (0h:0m:0s left)
Iteration 50 / LogL: -2813.910 / Time: 0h:0m:1s (0h:0m:0s left)
Log-likelihood cutoff on original alignment: -2832.683
Iteration 60 / LogL: -2814.014 / Time: 0h:0m:1s (0h:0m:0s left)
Iteration 70 / LogL: -2832.214 / Time: 0h:0m:1s (0h:0m:0s left)
Iteration 80 / LogL: -2832.217 / Time: 0h:0m:2s (0h:0m:0s left)
Iteration 90 / LogL: -2832.501 / Time: 0h:0m:2s (0h:0m:0s left)
Iteration 100 / LogL: -2832.213 / Time: 0h:0m:2s (0h:0m:0s left)
Log-likelihood cutoff on original alignment: -2833.674
NOTE: Bootstrap correlation coefficient of split occurrence frequencies: 0.999
UPDATE BEST LOG-LIKELIHOOD: -2813.908
TREE SEARCH COMPLETED AFTER 102 ITERATIONS / Time: 0h:0m:2s

--------------------------------------------------------------------
|                    FINALIZING TREE SEARCH                        |
--------------------------------------------------------------------
Performs final model parameters optimization
Estimate model parameters (epsilon = 0.010)
1. Initial log-likelihood: -2813.908
Optimal log-likelihood: -2813.908
Rate parameters:  A-C: 1.00000  A-G: 7.14392  A-T: 1.00000  C-G: 1.00000  C-T: 7.14392  G-T: 1.00000
Base frequencies:  A: 0.312  C: 0.215  G: 0.233  T: 0.240
Proportion of invariable sites: 0.860
Parameters optimization took 1 rounds (0.000 sec)
BEST SCORE FOUND : -2813.908
Creating bootstrap support values...
Split supports printed to NEXUS file per_gene_alignments_codon/LOC101388196_.aln.splits.nex
Total tree length: 0.056

Total number of iterations: 102
CPU time used for tree search: 0.859 sec (0h:0m:0s)
Wall-clock time used for tree search: 1.457 sec (0h:0m:1s)
Total CPU time used: 1.182 sec (0h:0m:1s)
Total wall-clock time used: 2.441 sec (0h:0m:2s)

Computing bootstrap consensus tree...
Reading input file per_gene_alignments_codon/LOC101388196_.aln.splits.nex...
7 taxa and 25 splits.
Consensus tree written to per_gene_alignments_codon/LOC101388196_.aln.contree
Reading input trees file per_gene_alignments_codon/LOC101388196_.aln.contree
Log-likelihood of consensus tree: -2813.913

Analysis results written to: 
  IQ-TREE report:                per_gene_alignments_codon/LOC101388196_.aln.iqtree
  Maximum-likelihood tree:       per_gene_alignments_codon/LOC101388196_.aln.treefile
  Likelihood distances:          per_gene_alignments_codon/LOC101388196_.aln.mldist

Ultrafast bootstrap approximation results written to:
  Split support values:          per_gene_alignments_codon/LOC101388196_.aln.splits.nex
  Consensus tree:                per_gene_alignments_codon/LOC101388196_.aln.contree
  Screen log file:               per_gene_alignments_codon/LOC101388196_.aln.log

Date and Time: Thu Oct 30 21:25:39 2025
