IQ-TREE multicore version 2.3.3 COVID-edition for Linux x86 64-bit built Apr 25 2024
Developed by Bui Quang Minh, James Barbetti, Nguyen Lam Tung, Olga Chernomor,
Heiko Schmidt, Dominik Schrempf, Michael Woodhams, Ly Trong Nhan, Thomas Wong

Host:    morpheus-OptiPlex-5050 (AVX2, FMA3, 503 GB RAM)
Command: iqtree2 -s per_gene_alignments_codon/LOC101393183_.aln.fna -m MFP -T 1 -B 1000 --prefix per_gene_alignments_codon/LOC101393183_.aln
Seed:    923108 (Using SPRNG - Scalable Parallel Random Number Generator)
Time:    Thu Oct 30 21:29:07 2025
Kernel:  AVX+FMA - 1 threads (72 CPU cores detected)

HINT: Use -nt option to specify number of threads because your CPU has 72 cores!
HINT: -nt AUTO will automatically determine the best number of threads to use.

Reading alignment file per_gene_alignments_codon/LOC101393183_.aln.fna ... Fasta format detected
Reading fasta file: done in 0.000249863 secs using 49.63% CPU
Alignment most likely contains DNA/RNA sequences
Alignment has 7 sequences with 690 columns, 98 distinct patterns
78 parsimony-informative, 126 singleton sites, 486 constant sites
                     Gap/Ambiguity  Composition  p-value
Analyzing sequences: done in 1.5974e-05 secs using 50.08% CPU
   1  Ceratotherium_simum    0.00%    passed     95.07%
   2  Diceros_bicornis       0.00%    passed     96.11%
   3  Equus_asinus           0.00%    passed     90.79%
   4  Equus_quagga           0.00%    passed     90.79%
   5  Equus_caballus         3.04%    passed     29.67%
   6  Canis_lupus            0.00%    passed     57.20%
   7  Bos_taurus             0.00%    passed     72.82%
****  TOTAL                  0.43%  0 sequences failed composition chi2 test (p-value<5%; df=3)
NOTE: Equus_quagga is identical to Equus_asinus but kept for subsequent analysis


Create initial parsimony tree by phylogenetic likelihood library (PLL)... 0.000 seconds
Perform fast likelihood tree search using GTR+I+G model...
Estimate model parameters (epsilon = 5.000)
Perform nearest neighbor interchange...
Estimate model parameters (epsilon = 1.000)
1. Initial log-likelihood: -2069.919
Optimal log-likelihood: -2069.833
Rate parameters:  A-C: 1.22960  A-G: 2.30566  A-T: 0.56509  C-G: 1.03833  C-T: 1.68361  G-T: 1.00000
Base frequencies:  A: 0.212  C: 0.284  G: 0.280  T: 0.224
Proportion of invariable sites: 0.336
Gamma shape alpha: 998.436
Parameters optimization took 1 rounds (0.003 sec)
Time for fast ML tree search: 0.032 seconds

NOTE: ModelFinder requires 0 MB RAM!
ModelFinder will test up to 484 DNA models (sample size: 690) ...
 No. Model         -LnL         df  AIC          AICc         BIC
  1  GTR+F         2069.795     19  4177.590     4178.724     4263.787
  2  GTR+F+I       2068.870     20  4177.741     4178.996     4268.474
  3  GTR+F+G4      2069.222     20  4178.443     4179.699     4269.177
  4  GTR+F+I+G4    2069.685     21  4181.371     4182.754     4276.641
  5  GTR+F+R2      2069.316     21  4180.632     4182.015     4275.903
  6  GTR+F+R3      2069.225     23  4184.450     4186.108     4288.794
 14  GTR+F+I+R2    2069.279     22  4182.557     4184.075     4282.365
 15  GTR+F+I+R3    2069.151     24  4186.301     4188.106     4295.182
 23  SYM           2078.601     16  4189.201     4190.009     4261.788
 24  SYM+I         2077.481     17  4188.962     4189.873     4266.086
 25  SYM+G4        2077.857     17  4189.713     4190.624     4266.837
 45  TVM+F         2070.768     18  4177.536     4178.555     4259.196
 46  TVM+F+I       2069.921     19  4177.842     4178.976     4264.039
 47  TVM+F+G4      2070.250     19  4178.499     4179.634     4264.696
 67  TVMe          2079.352     15  4188.703     4189.415     4256.753
 68  TVMe+I        2078.300     16  4188.599     4189.408     4261.186
 69  TVMe+G4       2078.658     16  4189.317     4190.125     4261.904
 89  TIM3+F        2071.199     17  4176.397     4177.308     4253.521
 90  TIM3+F+I      2070.277     18  4176.555     4177.574     4258.215
 91  TIM3+F+G4     2070.622     18  4177.244     4178.263     4258.904
111  TIM3e         2080.470     14  4188.940     4189.562     4252.454
112  TIM3e+I       2079.429     15  4188.858     4189.571     4256.909
113  TIM3e+G4      2079.789     15  4189.579     4190.291     4257.629
133  TIM2+F        2072.153     17  4178.307     4179.217     4255.431
134  TIM2+F+I      2071.317     18  4178.633     4179.653     4260.294
135  TIM2+F+G4     2071.624     18  4179.249     4180.268     4260.909
155  TIM2e         2081.933     14  4191.866     4192.489     4255.380
156  TIM2e+I       2081.007     15  4192.013     4192.726     4260.064
157  TIM2e+G4      2081.323     15  4192.645     4193.357     4260.695
177  TIM+F         2071.454     17  4176.908     4177.819     4254.032
178  TIM+F+I       2070.645     18  4177.290     4178.309     4258.950
179  TIM+F+G4      2070.945     18  4177.891     4178.910     4259.551
199  TIMe          2082.035     14  4192.070     4192.693     4255.584
200  TIMe+I        2081.190     15  4192.380     4193.092     4260.431
201  TIMe+G4       2081.492     15  4192.984     4193.696     4261.034
221  TPM3u+F       2072.174     16  4176.347     4177.156     4248.934
222  TPM3u+F+I     2071.332     17  4176.665     4177.575     4253.788
223  TPM3u+F+G4    2071.654     17  4177.308     4178.219     4254.432
243  TPM3          2081.224     13  4188.447     4188.986     4247.424
244  TPM3+I        2080.241     14  4188.482     4189.104     4251.996
245  TPM3+G4       2080.588     14  4189.177     4189.799     4252.690
265  TPM2u+F       2073.153     16  4178.306     4179.114     4250.893
266  TPM2u+F+I     2072.392     17  4178.785     4179.696     4255.909
267  TPM2u+F+G4    2072.675     17  4179.350     4180.261     4256.474
287  TPM2          2082.709     13  4191.417     4191.956     4250.394
288  TPM2+I        2081.860     14  4191.720     4192.342     4255.234
289  TPM2+G4       2082.154     14  4192.307     4192.930     4255.821
309  K3Pu+F        2072.446     16  4176.891     4177.699     4249.478
310  K3Pu+F+I      2071.711     17  4177.422     4178.333     4254.546
311  K3Pu+F+G4     2071.986     17  4177.972     4178.883     4255.096
331  K3P           2082.805     13  4191.609     4192.148     4250.586
332  K3P+I         2082.026     14  4192.052     4192.674     4255.565
333  K3P+G4        2082.308     14  4192.616     4193.238     4256.129
353  TN+F          2072.234     16  4176.468     4177.276     4249.055
354  TN+F+I        2071.404     17  4176.809     4177.720     4253.933
355  TN+F+G4       2071.711     17  4177.421     4178.332     4254.545
375  TNe           2082.593     13  4191.186     4191.724     4250.163
376  TNe+I         2081.734     14  4191.468     4192.090     4254.981
377  TNe+G4        2082.039     14  4192.078     4192.700     4255.592
397  HKY+F         2073.230     15  4176.461     4177.173     4244.511
398  HKY+F+I       2072.477     16  4176.955     4177.763     4249.542
399  HKY+F+G4      2072.759     16  4177.518     4178.326     4250.105
419  K2P           2083.366     12  4190.731     4191.192     4245.172
420  K2P+I         2082.574     13  4191.149     4191.687     4250.126
421  K2P+G4        2082.860     13  4191.721     4192.259     4250.698
441  F81+F         2084.909     14  4197.818     4198.440     4261.332
442  F81+F+I       2084.337     15  4198.673     4199.385     4266.723
443  F81+F+G4      2084.571     15  4199.142     4199.854     4267.192
463  JC            2094.462     11  4210.924     4211.313     4260.828
464  JC+I          2093.863     12  4211.726     4212.187     4266.167
465  JC+G4         2094.099     12  4212.198     4212.659     4266.639
Akaike Information Criterion:           TPM3u+F
Corrected Akaike Information Criterion: TPM3u+F
Bayesian Information Criterion:         HKY+F
Best-fit model: HKY+F chosen according to BIC

All model information printed to per_gene_alignments_codon/LOC101393183_.aln.model.gz
CPU time for ModelFinder: 0.489 seconds (0h:0m:0s)
Wall-clock time for ModelFinder: 0.986 seconds (0h:0m:0s)
Generating 1000 samples for ultrafast bootstrap (seed: 923108)...

NOTE: 0 MB RAM (0 GB) is required!
Estimate model parameters (epsilon = 0.100)
1. Initial log-likelihood: -2073.230
Optimal log-likelihood: -2073.230
Rate parameters:  A-C: 1.00000  A-G: 1.95116  A-T: 1.00000  C-G: 1.00000  C-T: 1.95116  G-T: 1.00000
Base frequencies:  A: 0.212  C: 0.284  G: 0.280  T: 0.224
Parameters optimization took 1 rounds (0.001 sec)
Wrote distance file to... 
Computing ML distances based on estimated model parameters...
Calculating distance matrix: done in 0.000211 secs using 99.05% CPU
Computing ML distances took 0.000263 sec (of wall-clock time) 0.000268 sec (of CPU time)
Setting up auxiliary I and S matrices: done in 4.3869e-05 secs using 186.9% CPU
Computing RapidNJ tree took 0.000133 sec (of wall-clock time) 0.000267 sec (of CPU time)
Log-likelihood of RapidNJ tree: -2073.231
--------------------------------------------------------------------
|             INITIALIZING CANDIDATE TREE SET                      |
--------------------------------------------------------------------
Generating 99 parsimony trees... 0.066 second
Computing log-likelihood of 39 initial trees ... 0.052 seconds
Current best score: -2073.230

Do NNI search on 20 best initial trees
Estimate model parameters (epsilon = 0.100)
BETTER TREE FOUND at iteration 1: -2073.230
Iteration 10 / LogL: -2073.540 / Time: 0h:0m:1s
Iteration 20 / LogL: -2073.232 / Time: 0h:0m:1s
Finish initializing candidate tree set (1)
Current best tree score: -2073.230 / CPU time: 0.269
Number of iterations: 20
--------------------------------------------------------------------
|               OPTIMIZING CANDIDATE TREE SET                      |
--------------------------------------------------------------------
Iteration 30 / LogL: -2073.405 / Time: 0h:0m:1s (0h:0m:1s left)
Iteration 40 / LogL: -2073.418 / Time: 0h:0m:1s (0h:0m:1s left)
Iteration 50 / LogL: -2073.233 / Time: 0h:0m:1s (0h:0m:0s left)
Log-likelihood cutoff on original alignment: -2106.958
Iteration 60 / LogL: -2073.231 / Time: 0h:0m:2s (0h:0m:0s left)
Iteration 70 / LogL: -2073.235 / Time: 0h:0m:2s (0h:0m:0s left)
Iteration 80 / LogL: -2073.261 / Time: 0h:0m:2s (0h:0m:0s left)
Iteration 90 / LogL: -2073.238 / Time: 0h:0m:2s (0h:0m:0s left)
Iteration 100 / LogL: -2073.230 / Time: 0h:0m:2s (0h:0m:0s left)
Log-likelihood cutoff on original alignment: -2106.972
NOTE: Bootstrap correlation coefficient of split occurrence frequencies: 1.000
TREE SEARCH COMPLETED AFTER 102 ITERATIONS / Time: 0h:0m:2s

--------------------------------------------------------------------
|                    FINALIZING TREE SEARCH                        |
--------------------------------------------------------------------
Performs final model parameters optimization
Estimate model parameters (epsilon = 0.010)
1. Initial log-likelihood: -2073.230
Optimal log-likelihood: -2073.230
Rate parameters:  A-C: 1.00000  A-G: 1.95280  A-T: 1.00000  C-G: 1.00000  C-T: 1.95280  G-T: 1.00000
Base frequencies:  A: 0.212  C: 0.284  G: 0.280  T: 0.224
Parameters optimization took 1 rounds (0.000 sec)
BEST SCORE FOUND : -2073.230
Creating bootstrap support values...
Split supports printed to NEXUS file per_gene_alignments_codon/LOC101393183_.aln.splits.nex
Total tree length: 0.371

Total number of iterations: 102
CPU time used for tree search: 0.987 sec (0h:0m:0s)
Wall-clock time used for tree search: 1.792 sec (0h:0m:1s)
Total CPU time used: 1.569 sec (0h:0m:1s)
Total wall-clock time used: 2.910 sec (0h:0m:2s)

Computing bootstrap consensus tree...
Reading input file per_gene_alignments_codon/LOC101393183_.aln.splits.nex...
7 taxa and 14 splits.
Consensus tree written to per_gene_alignments_codon/LOC101393183_.aln.contree
Reading input trees file per_gene_alignments_codon/LOC101393183_.aln.contree
Log-likelihood of consensus tree: -2073.233

Analysis results written to: 
  IQ-TREE report:                per_gene_alignments_codon/LOC101393183_.aln.iqtree
  Maximum-likelihood tree:       per_gene_alignments_codon/LOC101393183_.aln.treefile
  Likelihood distances:          per_gene_alignments_codon/LOC101393183_.aln.mldist

Ultrafast bootstrap approximation results written to:
  Split support values:          per_gene_alignments_codon/LOC101393183_.aln.splits.nex
  Consensus tree:                per_gene_alignments_codon/LOC101393183_.aln.contree
  Screen log file:               per_gene_alignments_codon/LOC101393183_.aln.log

Date and Time: Thu Oct 30 21:29:11 2025
