IQ-TREE multicore version 2.3.3 COVID-edition for Linux x86 64-bit built Apr 25 2024
Developed by Bui Quang Minh, James Barbetti, Nguyen Lam Tung, Olga Chernomor,
Heiko Schmidt, Dominik Schrempf, Michael Woodhams, Ly Trong Nhan, Thomas Wong

Host:    morpheus-OptiPlex-5050 (AVX2, FMA3, 503 GB RAM)
Command: iqtree2 -s per_gene_alignments_codon/LOC101389694_.aln.fna -m MFP -T 1 -B 1000 --prefix per_gene_alignments_codon/LOC101389694_.aln
Seed:    182785 (Using SPRNG - Scalable Parallel Random Number Generator)
Time:    Thu Oct 30 21:26:41 2025
Kernel:  AVX+FMA - 1 threads (72 CPU cores detected)

HINT: Use -nt option to specify number of threads because your CPU has 72 cores!
HINT: -nt AUTO will automatically determine the best number of threads to use.

Reading alignment file per_gene_alignments_codon/LOC101389694_.aln.fna ... Fasta format detected
Reading fasta file: done in 0.000374794 secs
Alignment most likely contains DNA/RNA sequences
Alignment has 7 sequences with 1191 columns, 65 distinct patterns
55 parsimony-informative, 130 singleton sites, 1005 constant sites
                     Gap/Ambiguity  Composition  p-value
Analyzing sequences: done in 1.50204e-05 secs
   1  Ceratotherium_simum    0.00%    passed     98.74%
   2  Diceros_bicornis       0.00%    passed     99.51%
   3  Equus_asinus           0.00%    passed     99.58%
   4  Equus_quagga           0.00%    passed     99.85%
   5  Equus_caballus         0.00%    passed     99.80%
   6  Canis_lupus            0.00%    passed     94.84%
   7  Bos_taurus             0.00%    passed     99.36%
****  TOTAL                  0.00%  0 sequences failed composition chi2 test (p-value<5%; df=3)


Create initial parsimony tree by phylogenetic likelihood library (PLL)... 0.000 seconds
Perform fast likelihood tree search using GTR+I+G model...
Estimate model parameters (epsilon = 5.000)
Perform nearest neighbor interchange...
Estimate model parameters (epsilon = 1.000)
1. Initial log-likelihood: -2639.945
Optimal log-likelihood: -2639.942
Rate parameters:  A-C: 0.93726  A-G: 6.13562  A-T: 0.96650  C-G: 1.14079  C-T: 7.22477  G-T: 1.00000
Base frequencies:  A: 0.210  C: 0.324  G: 0.271  T: 0.195
Proportion of invariable sites: 0.421
Gamma shape alpha: 1.759
Parameters optimization took 1 rounds (0.001 sec)
Time for fast ML tree search: 0.042 seconds

NOTE: ModelFinder requires 0 MB RAM!
ModelFinder will test up to 484 DNA models (sample size: 1191) ...
 No. Model         -LnL         df  AIC          AICc         BIC
  1  GTR+F         2647.869     19  5333.738     5334.387     5430.306
  2  GTR+F+I       2639.876     20  5319.752     5320.470     5421.403
  3  GTR+F+G4      2639.958     20  5319.916     5320.634     5421.567
  4  GTR+F+I+G4    2639.943     21  5321.886     5322.676     5428.620
  5  GTR+F+R2      2642.447     21  5326.894     5327.685     5433.628
  6  GTR+F+R3      2640.069     23  5326.137     5327.083     5443.036
 14  GTR+F+I+R2    2639.945     22  5323.889     5324.756     5435.705
 15  GTR+F+I+R3    2639.994     24  5327.988     5329.017     5449.969
 23  SYM           2673.555     16  5379.109     5379.573     5460.430
 24  SYM+I         2666.147     17  5366.294     5366.816     5452.697
 25  SYM+G4        2666.166     17  5366.332     5366.854     5452.735
 26  SYM+I+G4      2666.147     18  5368.295     5368.878     5459.781
 45  TVM+F         2648.122     18  5332.244     5332.828     5423.730
 46  TVM+F+I       2640.259     19  5318.518     5319.167     5415.086
 47  TVM+F+G4      2640.310     19  5318.621     5319.270     5415.189
 48  TVM+F+I+G4    2640.298     20  5320.597     5321.315     5422.248
 67  TVMe          2673.915     15  5377.830     5378.239     5454.068
 68  TVMe+I        2666.566     16  5365.132     5365.595     5446.453
 69  TVMe+G4       2666.569     16  5365.138     5365.602     5446.459
 70  TVMe+I+G4     2666.552     17  5367.103     5367.625     5453.507
 89  TIM3+F        2648.029     17  5330.058     5330.580     5416.461
 90  TIM3+F+I      2639.999     18  5315.998     5316.581     5407.483
 91  TIM3+F+G4     2640.081     18  5316.161     5316.745     5407.647
 92  TIM3+F+I+G4   2640.068     19  5318.135     5318.785     5414.704
111  TIM3e         2674.129     14  5376.258     5376.616     5447.414
112  TIM3e+I       2666.702     15  5363.405     5363.813     5439.643
113  TIM3e+G4      2666.728     15  5363.456     5363.864     5439.694
114  TIM3e+I+G4    2666.710     16  5365.421     5365.884     5446.742
133  TIM2+F        2647.923     17  5329.847     5330.368     5416.250
134  TIM2+F+I      2639.903     18  5315.807     5316.390     5407.292
135  TIM2+F+G4     2639.991     18  5315.981     5316.565     5407.467
136  TIM2+F+I+G4   2639.973     19  5317.947     5318.596     5414.515
155  TIM2e         2674.239     14  5376.477     5376.834     5447.633
156  TIM2e+I       2666.815     15  5363.631     5364.039     5439.869
157  TIM2e+G4      2666.855     15  5363.711     5364.119     5439.949
158  TIM2e+I+G4    2666.836     16  5365.673     5366.136     5446.993
177  TIM+F         2647.990     17  5329.979     5330.501     5416.382
178  TIM+F+I       2639.957     18  5315.915     5316.498     5407.401
179  TIM+F+G4      2640.027     18  5316.055     5316.638     5407.541
180  TIM+F+I+G4    2640.027     19  5318.054     5318.703     5414.622
199  TIMe          2674.558     14  5377.115     5377.472     5448.271
200  TIMe+I        2667.133     15  5364.266     5364.675     5440.504
201  TIMe+G4       2667.168     15  5364.336     5364.745     5440.574
202  TIMe+I+G4     2667.156     16  5366.313     5366.776     5447.634
221  TPM3u+F       2648.281     16  5328.563     5329.026     5409.883
222  TPM3u+F+I     2640.384     17  5314.769     5315.290     5401.172
223  TPM3u+F+G4    2640.435     17  5314.869     5315.391     5401.273
224  TPM3u+F+I+G4  2640.425     18  5316.849     5317.433     5408.335
243  TPM3          2674.489     13  5374.977     5375.286     5441.050
244  TPM3+I        2667.138     14  5362.277     5362.634     5433.433
245  TPM3+G4       2667.141     14  5362.281     5362.639     5433.437
246  TPM3+I+G4     2667.128     15  5364.256     5364.665     5440.494
265  TPM2u+F       2648.176     16  5328.352     5328.816     5409.673
266  TPM2u+F+I     2640.288     17  5314.577     5315.099     5400.980
267  TPM2u+F+G4    2640.341     17  5314.681     5315.203     5401.085
268  TPM2u+F+I+G4  2640.329     18  5316.658     5317.241     5408.144
287  TPM2          2674.604     13  5375.208     5375.517     5441.281
288  TPM2+I        2667.234     14  5362.468     5362.825     5433.624
289  TPM2+G4       2667.251     14  5362.501     5362.859     5433.657
290  TPM2+I+G4     2667.235     15  5364.470     5364.879     5440.708
309  K3Pu+F        2648.240     16  5328.481     5328.944     5409.801
310  K3Pu+F+I      2640.335     17  5314.670     5315.191     5401.073
311  K3Pu+F+G4     2640.380     17  5314.760     5315.281     5401.163
312  K3Pu+F+I+G4   2640.375     18  5316.749     5317.333     5408.235
331  K3P           2674.922     13  5375.845     5376.154     5441.918
332  K3P+I         2667.561     14  5363.121     5363.478     5434.277
333  K3P+G4        2667.574     14  5363.147     5363.504     5434.303
334  K3P+I+G4      2667.564     15  5365.129     5365.537     5441.367
353  TN+F          2648.064     16  5328.128     5328.592     5409.449
354  TN+F+I        2640.010     17  5314.020     5314.541     5400.423
355  TN+F+G4       2640.092     17  5314.184     5314.706     5400.587
356  TN+F+I+G4     2640.080     18  5316.159     5316.743     5407.645
375  TNe           2674.764     13  5375.528     5375.838     5441.602
376  TNe+I         2667.332     14  5362.665     5363.022     5433.820
377  TNe+G4        2667.374     14  5362.749     5363.106     5433.904
378  TNe+I+G4      2667.358     15  5364.716     5365.125     5440.954
397  HKY+F         2648.317     15  5326.634     5327.042     5402.872
398  HKY+F+I       2640.394     16  5312.789     5313.252     5394.110
399  HKY+F+G4      2640.444     16  5312.889     5313.352     5394.209
400  HKY+F+I+G4    2640.435     17  5314.870     5315.392     5401.273
419  K2P           2675.130     12  5374.260     5374.525     5435.251
420  K2P+I         2667.763     13  5361.525     5361.835     5427.599
421  K2P+G4        2667.777     13  5361.554     5361.864     5427.628
422  K2P+I+G4      2667.767     14  5363.534     5363.891     5434.690
441  F81+F         2719.429     14  5466.857     5467.214     5538.013
442  F81+F+I       2713.423     15  5456.846     5457.255     5533.084
443  F81+F+G4      2713.420     15  5456.839     5457.248     5533.077
444  F81+F+I+G4    2713.409     16  5458.818     5459.281     5540.139
463  JC            2742.842     11  5507.683     5507.907     5563.591
464  JC+I          2737.022     12  5498.043     5498.308     5559.034
465  JC+G4         2736.998     12  5497.997     5498.262     5558.988
466  JC+I+G4       2736.992     13  5499.984     5500.293     5566.057
Akaike Information Criterion:           HKY+F+I
Corrected Akaike Information Criterion: HKY+F+I
Bayesian Information Criterion:         HKY+F+I
Best-fit model: HKY+F+I chosen according to BIC

All model information printed to per_gene_alignments_codon/LOC101389694_.aln.model.gz
CPU time for ModelFinder: 0.319 seconds (0h:0m:0s)
Wall-clock time for ModelFinder: 1.264 seconds (0h:0m:1s)
Generating 1000 samples for ultrafast bootstrap (seed: 182785)...

NOTE: 0 MB RAM (0 GB) is required!
Estimate model parameters (epsilon = 0.100)
1. Initial log-likelihood: -2640.394
Optimal log-likelihood: -2640.394
Rate parameters:  A-C: 1.00000  A-G: 6.45518  A-T: 1.00000  C-G: 1.00000  C-T: 6.45518  G-T: 1.00000
Base frequencies:  A: 0.210  C: 0.324  G: 0.271  T: 0.195
Proportion of invariable sites: 0.575
Parameters optimization took 1 rounds (0.001 sec)
Wrote distance file to... 
Computing ML distances based on estimated model parameters...
Calculating distance matrix: done in 0.000169039 secs using 98.79% CPU
Computing ML distances took 0.000214 sec (of wall-clock time) 0.000219 sec (of CPU time)
Setting up auxiliary I and S matrices: done in 4.41074e-05 secs using 199.5% CPU
Computing RapidNJ tree took 0.000143 sec (of wall-clock time) 0.000282 sec (of CPU time)
Log-likelihood of RapidNJ tree: -2640.397
--------------------------------------------------------------------
|             INITIALIZING CANDIDATE TREE SET                      |
--------------------------------------------------------------------
Generating 99 parsimony trees... 0.035 second
Computing log-likelihood of 43 initial trees ... 0.010 seconds
Current best score: -2640.394

Do NNI search on 20 best initial trees
Estimate model parameters (epsilon = 0.100)
BETTER TREE FOUND at iteration 1: -2640.394
Iteration 10 / LogL: -2640.395 / Time: 0h:0m:1s
Iteration 20 / LogL: -2640.395 / Time: 0h:0m:1s
Finish initializing candidate tree set (1)
Current best tree score: -2640.394 / CPU time: 0.112
Number of iterations: 20
--------------------------------------------------------------------
|               OPTIMIZING CANDIDATE TREE SET                      |
--------------------------------------------------------------------
UPDATE BEST LOG-LIKELIHOOD: -2640.394
Iteration 30 / LogL: -2640.394 / Time: 0h:0m:1s (0h:0m:0s left)
Iteration 40 / LogL: -2640.412 / Time: 0h:0m:1s (0h:0m:0s left)
Iteration 50 / LogL: -2640.397 / Time: 0h:0m:1s (0h:0m:0s left)
Log-likelihood cutoff on original alignment: -2658.686
Iteration 60 / LogL: -2640.412 / Time: 0h:0m:1s (0h:0m:0s left)
UPDATE BEST LOG-LIKELIHOOD: -2640.394
Iteration 70 / LogL: -2640.395 / Time: 0h:0m:1s (0h:0m:0s left)
UPDATE BEST LOG-LIKELIHOOD: -2640.394
Iteration 80 / LogL: -2640.396 / Time: 0h:0m:2s (0h:0m:0s left)
Iteration 90 / LogL: -2640.394 / Time: 0h:0m:2s (0h:0m:0s left)
Iteration 100 / LogL: -2640.394 / Time: 0h:0m:2s (0h:0m:0s left)
Log-likelihood cutoff on original alignment: -2658.887
NOTE: Bootstrap correlation coefficient of split occurrence frequencies: 1.000
UPDATE BEST LOG-LIKELIHOOD: -2640.394
TREE SEARCH COMPLETED AFTER 102 ITERATIONS / Time: 0h:0m:2s

--------------------------------------------------------------------
|                    FINALIZING TREE SEARCH                        |
--------------------------------------------------------------------
Performs final model parameters optimization
Estimate model parameters (epsilon = 0.010)
1. Initial log-likelihood: -2640.394
Optimal log-likelihood: -2640.394
Rate parameters:  A-C: 1.00000  A-G: 6.45342  A-T: 1.00000  C-G: 1.00000  C-T: 6.45342  G-T: 1.00000
Base frequencies:  A: 0.210  C: 0.324  G: 0.271  T: 0.195
Proportion of invariable sites: 0.575
Parameters optimization took 1 rounds (0.001 sec)
BEST SCORE FOUND : -2640.394
Creating bootstrap support values...
Split supports printed to NEXUS file per_gene_alignments_codon/LOC101389694_.aln.splits.nex
Total tree length: 0.203

Total number of iterations: 102
CPU time used for tree search: 0.976 sec (0h:0m:0s)
Wall-clock time used for tree search: 1.002 sec (0h:0m:1s)
Total CPU time used: 1.363 sec (0h:0m:1s)
Total wall-clock time used: 2.397 sec (0h:0m:2s)

Computing bootstrap consensus tree...
Reading input file per_gene_alignments_codon/LOC101389694_.aln.splits.nex...
7 taxa and 21 splits.
Consensus tree written to per_gene_alignments_codon/LOC101389694_.aln.contree
Reading input trees file per_gene_alignments_codon/LOC101389694_.aln.contree
Log-likelihood of consensus tree: -2640.397

Analysis results written to: 
  IQ-TREE report:                per_gene_alignments_codon/LOC101389694_.aln.iqtree
  Maximum-likelihood tree:       per_gene_alignments_codon/LOC101389694_.aln.treefile
  Likelihood distances:          per_gene_alignments_codon/LOC101389694_.aln.mldist

Ultrafast bootstrap approximation results written to:
  Split support values:          per_gene_alignments_codon/LOC101389694_.aln.splits.nex
  Consensus tree:                per_gene_alignments_codon/LOC101389694_.aln.contree
  Screen log file:               per_gene_alignments_codon/LOC101389694_.aln.log

Date and Time: Thu Oct 30 21:26:43 2025
