IQ-TREE multicore version 2.3.3 COVID-edition for Linux x86 64-bit built Apr 25 2024
Developed by Bui Quang Minh, James Barbetti, Nguyen Lam Tung, Olga Chernomor,
Heiko Schmidt, Dominik Schrempf, Michael Woodhams, Ly Trong Nhan, Thomas Wong

Host:    morpheus-OptiPlex-5050 (AVX2, FMA3, 503 GB RAM)
Command: iqtree2 -s per_gene_alignments_codon/LOC101401569_.aln.fna -m MFP -T 1 -B 1000 --prefix per_gene_alignments_codon/LOC101401569_.aln
Seed:    238815 (Using SPRNG - Scalable Parallel Random Number Generator)
Time:    Thu Oct 30 21:34:53 2025
Kernel:  AVX+FMA - 1 threads (72 CPU cores detected)

HINT: Use -nt option to specify number of threads because your CPU has 72 cores!
HINT: -nt AUTO will automatically determine the best number of threads to use.

Reading alignment file per_gene_alignments_codon/LOC101401569_.aln.fna ... Fasta format detected
Reading fasta file: done in 0.000286102 secs using 49.63% CPU
Alignment most likely contains DNA/RNA sequences
Alignment has 7 sequences with 834 columns, 131 distinct patterns
86 parsimony-informative, 174 singleton sites, 574 constant sites
                     Gap/Ambiguity  Composition  p-value
Analyzing sequences: done in 1.90735e-05 secs using 47.19% CPU
   1  Ceratotherium_simum    0.00%    passed     95.75%
   2  Diceros_bicornis       0.00%    passed     97.42%
   3  Equus_asinus           1.80%    passed     62.09%
   4  Equus_quagga           0.00%    passed     98.28%
   5  Equus_caballus         0.00%    passed     99.34%
   6  Canis_lupus            1.44%    passed     54.53%
   7  Bos_taurus             0.00%    passed     88.10%
****  TOTAL                  0.46%  0 sequences failed composition chi2 test (p-value<5%; df=3)


Create initial parsimony tree by phylogenetic likelihood library (PLL)... 0.000 seconds
Perform fast likelihood tree search using GTR+I+G model...
Estimate model parameters (epsilon = 5.000)
Perform nearest neighbor interchange...
Estimate model parameters (epsilon = 1.000)
1. Initial log-likelihood: -2623.450
Optimal log-likelihood: -2623.391
Rate parameters:  A-C: 1.24311  A-G: 3.48351  A-T: 0.65094  C-G: 2.15659  C-T: 3.36720  G-T: 1.00000
Base frequencies:  A: 0.186  C: 0.322  G: 0.291  T: 0.201
Proportion of invariable sites: 0.345
Gamma shape alpha: 9.981
Parameters optimization took 1 rounds (0.003 sec)
Time for fast ML tree search: 0.102 seconds

NOTE: ModelFinder requires 0 MB RAM!
ModelFinder will test up to 484 DNA models (sample size: 834) ...
 No. Model         -LnL         df  AIC          AICc         BIC
  1  GTR+F         2632.981     19  5303.963     5304.897     5393.761
  2  GTR+F+I       2623.394     20  5286.787     5287.820     5381.312
  3  GTR+F+G4      2623.542     20  5287.084     5288.117     5381.609
  4  GTR+F+I+G4    2623.391     21  5288.782     5289.920     5388.032
  5  GTR+F+R2      2623.480     21  5288.959     5290.097     5388.210
  6  GTR+F+R3      2623.524     23  5293.049     5294.412     5401.752
 14  GTR+F+I+R2    2623.468     22  5290.936     5292.183     5394.913
 15  GTR+F+I+R3    2623.449     24  5294.898     5296.382     5408.328
 24  SYM+I         2650.781     17  5335.562     5336.312     5415.908
 25  SYM+G4        2650.657     17  5335.314     5336.064     5415.660
 26  SYM+I+G4      2650.717     18  5337.433     5338.273     5422.505
 27  SYM+R2        2650.750     18  5337.501     5338.340     5422.573
 46  TVM+F+I       2623.407     19  5284.815     5285.748     5374.613
 47  TVM+F+G4      2623.566     19  5285.132     5286.066     5374.931
 48  TVM+F+I+G4    2623.404     20  5286.808     5287.841     5381.333
 49  TVM+F+R2      2623.497     20  5286.995     5288.028     5381.520
 68  TVMe+I        2650.863     16  5333.726     5334.392     5409.346
 69  TVMe+G4       2650.733     16  5333.467     5334.132     5409.086
 70  TVMe+I+G4     2650.799     17  5335.597     5336.347     5415.943
 71  TVMe+R2       2650.827     17  5335.653     5336.403     5415.999
 90  TIM3+F+I      2626.891     18  5289.783     5290.622     5374.855
 91  TIM3+F+G4     2626.954     18  5289.908     5290.747     5374.980
 92  TIM3+F+I+G4   2626.859     19  5291.718     5292.651     5381.516
 93  TIM3+F+R2     2626.944     19  5291.888     5292.821     5381.686
112  TIM3e+I       2659.889     15  5349.778     5350.365     5420.672
113  TIM3e+G4      2659.725     15  5349.450     5350.036     5420.343
114  TIM3e+I+G4    2659.809     16  5351.617     5352.283     5427.237
115  TIM3e+R2      2659.854     16  5351.708     5352.374     5427.328
134  TIM2+F+I      2629.383     18  5294.767     5295.606     5379.839
135  TIM2+F+G4     2629.925     18  5295.851     5296.690     5380.923
136  TIM2+F+I+G4   2629.480     19  5296.959     5297.893     5386.758
137  TIM2+F+R2     2629.657     19  5297.314     5298.248     5387.113
156  TIM2e+I       2663.459     15  5356.918     5357.505     5427.812
157  TIM2e+G4      2663.894     15  5357.787     5358.374     5428.681
158  TIM2e+I+G4    2663.499     16  5358.999     5359.665     5434.618
159  TIM2e+R2      2663.699     16  5359.397     5360.063     5435.017
178  TIM+F+I       2630.451     18  5296.902     5297.742     5381.975
179  TIM+F+G4      2630.895     18  5297.790     5298.629     5382.862
180  TIM+F+I+G4    2630.531     19  5299.062     5299.995     5388.860
181  TIM+F+R2      2630.691     19  5299.382     5300.315     5389.180
200  TIMe+I        2667.999     15  5365.997     5366.584     5436.891
201  TIMe+G4       2668.371     15  5366.743     5367.329     5437.636
202  TIMe+I+G4     2668.037     16  5368.073     5368.739     5443.693
203  TIMe+R2       2668.234     16  5368.467     5369.133     5444.087
222  TPM3u+F+I     2626.908     17  5287.816     5288.566     5368.162
223  TPM3u+F+G4    2626.979     17  5287.959     5288.709     5368.305
224  TPM3u+F+I+G4  2626.878     18  5289.756     5290.595     5374.828
225  TPM3u+F+R2    2626.964     18  5289.928     5290.768     5375.000
244  TPM3+I        2660.006     14  5348.012     5348.525     5414.179
245  TPM3+G4       2659.835     14  5347.669     5348.182     5413.837
246  TPM3+I+G4     2659.925     15  5349.851     5350.438     5420.744
247  TPM3+R2       2659.965     15  5349.929     5350.516     5420.823
266  TPM2u+F+I     2629.396     17  5292.793     5293.543     5373.139
267  TPM2u+F+G4    2629.949     17  5293.897     5294.647     5374.243
268  TPM2u+F+I+G4  2629.495     18  5294.989     5295.829     5380.061
269  TPM2u+F+R2    2629.676     18  5295.351     5296.191     5380.424
288  TPM2+I        2663.511     14  5355.023     5355.536     5421.190
289  TPM2+G4       2663.932     14  5355.864     5356.377     5422.032
290  TPM2+I+G4     2663.548     15  5357.096     5357.683     5427.989
291  TPM2+R2       2663.742     15  5357.483     5358.070     5428.377
310  K3Pu+F+I      2630.467     17  5294.934     5295.684     5375.280
311  K3Pu+F+G4     2630.923     17  5295.845     5296.595     5376.191
312  K3Pu+F+I+G4   2630.550     18  5297.100     5297.939     5382.172
313  K3Pu+F+R2     2630.708     18  5297.416     5298.256     5382.489
332  K3P+I         2668.074     14  5364.149     5364.662     5430.316
333  K3P+G4        2668.430     14  5364.861     5365.374     5431.028
334  K3P+I+G4      2668.110     15  5366.220     5366.806     5437.113
335  K3P+R2        2668.298     15  5366.597     5367.183     5437.490
354  TN+F+I        2632.869     17  5299.738     5300.488     5380.084
355  TN+F+G4       2633.327     17  5300.654     5301.404     5381.000
356  TN+F+I+G4     2632.953     18  5301.907     5302.746     5386.979
357  TN+F+R2       2633.111     18  5302.222     5303.061     5387.294
376  TNe+I         2672.251     14  5372.503     5373.016     5438.670
377  TNe+G4        2672.661     14  5373.321     5373.834     5439.488
378  TNe+I+G4      2672.292     15  5374.584     5375.171     5445.477
379  TNe+R2        2672.497     15  5374.993     5375.580     5445.887
398  HKY+F+I       2632.883     16  5297.765     5298.431     5373.385
399  HKY+F+G4      2633.352     16  5298.705     5299.371     5374.325
400  HKY+F+I+G4    2632.970     17  5299.940     5300.690     5380.286
401  HKY+F+R2      2633.130     17  5300.260     5301.010     5380.606
420  K2P+I         2672.330     13  5370.660     5371.103     5432.101
421  K2P+G4        2672.722     13  5371.444     5371.888     5432.885
422  K2P+I+G4      2672.367     14  5372.734     5373.247     5438.902
423  K2P+R2        2672.565     14  5373.130     5373.643     5439.297
442  F81+F+I       2657.910     15  5345.820     5346.407     5416.714
443  F81+F+G4      2658.211     15  5346.422     5347.008     5417.315
444  F81+F+I+G4    2657.934     16  5347.867     5348.533     5423.487
445  F81+F+R2      2658.102     16  5348.205     5348.871     5423.825
464  JC+I          2693.894     12  5411.788     5412.168     5468.503
465  JC+G4         2694.178     12  5412.356     5412.736     5469.071
466  JC+I+G4       2693.905     13  5413.811     5414.255     5475.252
467  JC+R2         2694.052     13  5414.104     5414.548     5475.545
Akaike Information Criterion:           TVM+F+I
Corrected Akaike Information Criterion: TVM+F+I
Bayesian Information Criterion:         TPM3u+F+I
Best-fit model: TPM3u+F+I chosen according to BIC

All model information printed to per_gene_alignments_codon/LOC101401569_.aln.model.gz
CPU time for ModelFinder: 0.564 seconds (0h:0m:0s)
Wall-clock time for ModelFinder: 1.398 seconds (0h:0m:1s)
Generating 1000 samples for ultrafast bootstrap (seed: 238815)...

NOTE: 0 MB RAM (0 GB) is required!
Estimate model parameters (epsilon = 0.100)
1. Initial log-likelihood: -2626.908
Optimal log-likelihood: -2626.908
Rate parameters:  A-C: 2.03354  A-G: 3.86645  A-T: 1.00000  C-G: 2.03354  C-T: 3.86645  G-T: 1.00000
Base frequencies:  A: 0.186  C: 0.322  G: 0.291  T: 0.201
Proportion of invariable sites: 0.385
Parameters optimization took 1 rounds (0.001 sec)
Wrote distance file to... 
Computing ML distances based on estimated model parameters...
Calculating distance matrix: done in 0.000178814 secs using 99.54% CPU
Computing ML distances took 0.000223 sec (of wall-clock time) 0.000228 sec (of CPU time)
Setting up auxiliary I and S matrices: done in 4.00543e-05 secs using 189.7% CPU
Computing RapidNJ tree took 0.000119 sec (of wall-clock time) 0.000232 sec (of CPU time)
Log-likelihood of RapidNJ tree: -2673.441
--------------------------------------------------------------------
|             INITIALIZING CANDIDATE TREE SET                      |
--------------------------------------------------------------------
Generating 98 parsimony trees... 0.067 second
Computing log-likelihood of 36 initial trees ... 0.015 seconds
Current best score: -2626.908

Do NNI search on 20 best initial trees
Estimate model parameters (epsilon = 0.100)
BETTER TREE FOUND at iteration 1: -2626.908
Iteration 10 / LogL: -2626.922 / Time: 0h:0m:1s
Iteration 20 / LogL: -2627.063 / Time: 0h:0m:1s
Finish initializing candidate tree set (1)
Current best tree score: -2626.908 / CPU time: 0.241
Number of iterations: 20
--------------------------------------------------------------------
|               OPTIMIZING CANDIDATE TREE SET                      |
--------------------------------------------------------------------
UPDATE BEST LOG-LIKELIHOOD: -2626.908
UPDATE BEST LOG-LIKELIHOOD: -2626.908
Iteration 30 / LogL: -2626.908 / Time: 0h:0m:1s (0h:0m:1s left)
Iteration 40 / LogL: -2626.908 / Time: 0h:0m:2s (0h:0m:0s left)
UPDATE BEST LOG-LIKELIHOOD: -2626.908
Iteration 50 / LogL: -2626.942 / Time: 0h:0m:2s (0h:0m:0s left)
Log-likelihood cutoff on original alignment: -2643.315
Iteration 60 / LogL: -2626.909 / Time: 0h:0m:2s (0h:0m:0s left)
Iteration 70 / LogL: -2626.921 / Time: 0h:0m:2s (0h:0m:0s left)
Iteration 80 / LogL: -2627.022 / Time: 0h:0m:2s (0h:0m:0s left)
Iteration 90 / LogL: -2626.923 / Time: 0h:0m:3s (0h:0m:0s left)
Iteration 100 / LogL: -2626.966 / Time: 0h:0m:3s (0h:0m:0s left)
Log-likelihood cutoff on original alignment: -2643.005
NOTE: Bootstrap correlation coefficient of split occurrence frequencies: 1.000
TREE SEARCH COMPLETED AFTER 102 ITERATIONS / Time: 0h:0m:3s

--------------------------------------------------------------------
|                    FINALIZING TREE SEARCH                        |
--------------------------------------------------------------------
Performs final model parameters optimization
Estimate model parameters (epsilon = 0.010)
1. Initial log-likelihood: -2626.908
Optimal log-likelihood: -2626.908
Rate parameters:  A-C: 2.03345  A-G: 3.86862  A-T: 1.00000  C-G: 2.03345  C-T: 3.86862  G-T: 1.00000
Base frequencies:  A: 0.186  C: 0.322  G: 0.291  T: 0.201
Proportion of invariable sites: 0.385
Parameters optimization took 1 rounds (0.001 sec)
BEST SCORE FOUND : -2626.908
Creating bootstrap support values...
Split supports printed to NEXUS file per_gene_alignments_codon/LOC101401569_.aln.splits.nex
Total tree length: 0.452

Total number of iterations: 102
CPU time used for tree search: 1.014 sec (0h:0m:1s)
Wall-clock time used for tree search: 1.948 sec (0h:0m:1s)
Total CPU time used: 1.662 sec (0h:0m:1s)
Total wall-clock time used: 3.481 sec (0h:0m:3s)

Computing bootstrap consensus tree...
Reading input file per_gene_alignments_codon/LOC101401569_.aln.splits.nex...
7 taxa and 15 splits.
Consensus tree written to per_gene_alignments_codon/LOC101401569_.aln.contree
Reading input trees file per_gene_alignments_codon/LOC101401569_.aln.contree
Log-likelihood of consensus tree: -2626.908

Analysis results written to: 
  IQ-TREE report:                per_gene_alignments_codon/LOC101401569_.aln.iqtree
  Maximum-likelihood tree:       per_gene_alignments_codon/LOC101401569_.aln.treefile
  Likelihood distances:          per_gene_alignments_codon/LOC101401569_.aln.mldist

Ultrafast bootstrap approximation results written to:
  Split support values:          per_gene_alignments_codon/LOC101401569_.aln.splits.nex
  Consensus tree:                per_gene_alignments_codon/LOC101401569_.aln.contree
  Screen log file:               per_gene_alignments_codon/LOC101401569_.aln.log

Date and Time: Thu Oct 30 21:34:57 2025
