IQ-TREE multicore version 2.3.3 COVID-edition for Linux x86 64-bit built Apr 25 2024
Developed by Bui Quang Minh, James Barbetti, Nguyen Lam Tung, Olga Chernomor,
Heiko Schmidt, Dominik Schrempf, Michael Woodhams, Ly Trong Nhan, Thomas Wong

Host:    morpheus-OptiPlex-5050 (AVX2, FMA3, 503 GB RAM)
Command: iqtree2 -s per_gene_alignments_codon/LOC101390990_.aln.fna -m MFP -T 1 -B 1000 --prefix per_gene_alignments_codon/LOC101390990_.aln
Seed:    672912 (Using SPRNG - Scalable Parallel Random Number Generator)
Time:    Thu Oct 30 21:27:37 2025
Kernel:  AVX+FMA - 1 threads (72 CPU cores detected)

HINT: Use -nt option to specify number of threads because your CPU has 72 cores!
HINT: -nt AUTO will automatically determine the best number of threads to use.

Reading alignment file per_gene_alignments_codon/LOC101390990_.aln.fna ... Fasta format detected
Reading fasta file: done in 0.000430107 secs using 49.76% CPU
Alignment most likely contains DNA/RNA sequences
Alignment has 7 sequences with 1482 columns, 96 distinct patterns
106 parsimony-informative, 118 singleton sites, 1258 constant sites
                     Gap/Ambiguity  Composition  p-value
Analyzing sequences: done in 2.00272e-05 secs
   1  Ceratotherium_simum    0.00%    passed     95.01%
   2  Diceros_bicornis       0.00%    passed     92.71%
   3  Equus_asinus           0.00%    passed     99.59%
   4  Equus_quagga           0.00%    passed     99.78%
   5  Equus_caballus         0.00%    passed     98.50%
   6  Canis_lupus            0.40%    passed     99.81%
   7  Bos_taurus             0.40%    passed     82.77%
****  TOTAL                  0.12%  0 sequences failed composition chi2 test (p-value<5%; df=3)


Create initial parsimony tree by phylogenetic likelihood library (PLL)... 0.000 seconds
Perform fast likelihood tree search using GTR+I+G model...
Estimate model parameters (epsilon = 5.000)
Perform nearest neighbor interchange...
Estimate model parameters (epsilon = 1.000)
1. Initial log-likelihood: -3470.481
Optimal log-likelihood: -3470.481
Rate parameters:  A-C: 2.45770  A-G: 6.53955  A-T: 1.35682  C-G: 0.98332  C-T: 7.76338  G-T: 1.00000
Base frequencies:  A: 0.196  C: 0.269  G: 0.264  T: 0.271
Proportion of invariable sites: 0.422
Gamma shape alpha: 0.622
Parameters optimization took 1 rounds (0.002 sec)
Time for fast ML tree search: 0.054 seconds

NOTE: ModelFinder requires 0 MB RAM!
ModelFinder will test up to 484 DNA models (sample size: 1482) ...
 No. Model         -LnL         df  AIC          AICc         BIC
  1  GTR+F         3503.935     19  7045.869     7046.389     7146.591
  2  GTR+F+I       3471.623     20  6983.246     6983.821     7089.269
  3  GTR+F+G4      3471.096     20  6982.193     6982.768     7088.216
  4  GTR+F+I+G4    3470.485     21  6982.971     6983.604     7094.295
  5  GTR+F+R2      3471.798     21  6985.595     6986.228     7096.919
  6  GTR+F+R3      3471.221     23  6988.442     6989.199     7110.368
 14  GTR+F+I+R2    3471.151     22  6986.302     6986.995     7102.927
 15  GTR+F+I+R3    3470.634     24  6989.267     6990.091     7116.495
 24  SYM+I         3485.386     17  7004.772     7005.190     7094.892
 25  SYM+G4        3484.860     17  7003.720     7004.138     7093.839
 26  SYM+I+G4      3484.204     18  7004.409     7004.876     7099.829
 27  SYM+R2        3485.556     18  7007.113     7007.581     7102.534
 46  TVM+F+I       3471.959     19  6981.918     6982.438     7082.640
 47  TVM+F+G4      3471.477     19  6980.954     6981.474     7081.676
 48  TVM+F+I+G4    3470.887     20  6981.775     6982.350     7087.798
 49  TVM+F+R2      3472.134     20  6984.267     6984.842     7090.290
 68  TVMe+I        3487.296     16  7006.592     7006.963     7091.411
 69  TVMe+G4       3486.884     16  7005.767     7006.139     7090.586
 70  TVMe+I+G4     3486.302     17  7006.604     7007.022     7096.723
 71  TVMe+R2       3487.418     17  7008.836     7009.254     7098.955
 90  TIM3+F+I      3475.552     18  6987.104     6987.572     7082.525
 91  TIM3+F+G4     3475.032     18  6986.065     6986.533     7081.486
 92  TIM3+F+I+G4   3474.398     19  6986.796     6987.316     7087.518
 93  TIM3+F+R2     3475.732     19  6989.464     6989.984     7090.186
112  TIM3e+I       3487.423     15  7004.847     7005.174     7084.364
113  TIM3e+G4      3486.899     15  7003.798     7004.126     7083.315
114  TIM3e+I+G4    3486.223     16  7004.446     7004.818     7089.265
115  TIM3e+R2      3487.528     16  7007.055     7007.427     7091.874
134  TIM2+F+I      3472.948     18  6981.896     6982.363     7077.317
135  TIM2+F+G4     3472.462     18  6980.924     6981.391     7076.344
136  TIM2+F+I+G4   3471.901     19  6981.803     6982.323     7082.525
137  TIM2+F+R2     3473.124     19  6984.247     6984.767     7084.969
156  TIM2e+I       3486.700     15  7003.401     7003.728     7082.918
157  TIM2e+G4      3486.213     15  7002.426     7002.753     7081.943
158  TIM2e+I+G4    3485.611     16  7003.222     7003.593     7088.040
159  TIM2e+R2      3486.879     16  7005.757     7006.129     7090.576
178  TIM+F+I       3475.565     18  6987.131     6987.598     7082.552
179  TIM+F+G4      3475.105     18  6986.211     6986.678     7081.632
180  TIM+F+I+G4    3474.542     19  6987.084     6987.604     7087.806
181  TIM+F+R2      3475.747     19  6989.494     6990.014     7090.216
200  TIMe+I        3487.410     15  7004.819     7005.147     7084.336
201  TIMe+G4       3486.943     15  7003.885     7004.213     7083.402
202  TIMe+I+G4     3486.341     16  7004.683     7005.054     7089.501
203  TIMe+R2       3487.588     16  7007.177     7007.548     7091.995
222  TPM3u+F+I     3475.925     17  6985.850     6986.268     7075.970
223  TPM3u+F+G4    3475.450     17  6984.900     6985.318     7075.020
224  TPM3u+F+I+G4  3474.861     18  6985.723     6986.190     7081.143
225  TPM3u+F+R2    3476.107     18  6988.214     6988.682     7083.635
244  TPM3+I        3489.312     14  7006.624     7006.910     7080.840
245  TPM3+G4       3488.903     14  7005.806     7006.092     7080.022
246  TPM3+I+G4     3488.310     15  7006.620     7006.947     7086.137
247  TPM3+R2       3489.431     15  7008.863     7009.190     7088.380
266  TPM2u+F+I     3473.281     17  6980.563     6980.981     7070.682
267  TPM2u+F+G4    3472.829     17  6979.658     6980.076     7069.777
268  TPM2u+F+I+G4  3472.298     18  6980.596     6981.063     7076.016
269  TPM2u+F+R2    3473.459     18  6982.918     6983.385     7078.338
288  TPM2+I        3488.599     14  7005.197     7005.483     7079.413
289  TPM2+G4       3488.216     14  7004.433     7004.719     7078.649
290  TPM2+I+G4     3487.690     15  7005.380     7005.708     7084.898
291  TPM2+R2       3488.724     15  7007.447     7007.775     7086.964
310  K3Pu+F+I      3475.934     17  6985.868     6986.286     7075.988
311  K3Pu+F+G4     3475.513     17  6985.026     6985.444     7075.146
312  K3Pu+F+I+G4   3474.989     18  6985.979     6986.446     7081.399
313  K3Pu+F+R2     3476.123     18  6988.246     6988.713     7083.666
332  K3P+I         3489.284     14  7006.567     7006.853     7080.783
333  K3P+G4        3488.926     14  7005.852     7006.138     7080.068
334  K3P+I+G4      3488.407     15  7006.813     7007.141     7086.331
335  K3P+R2        3489.411     15  7008.823     7009.150     7088.340
354  TN+F+I        3476.308     17  6986.617     6987.035     7076.736
355  TN+F+G4       3475.840     17  6985.680     6986.098     7075.799
356  TN+F+I+G4     3475.279     18  6986.558     6987.025     7081.978
357  TN+F+R2       3476.488     18  6988.976     6989.444     7084.397
376  TNe+I         3488.167     14  7004.333     7004.620     7078.549
377  TNe+G4        3487.693     14  7003.386     7003.672     7077.602
378  TNe+I+G4      3487.089     15  7004.178     7004.505     7083.695
379  TNe+R2        3488.341     15  7006.682     7007.009     7086.199
398  HKY+F+I       3476.677     16  6985.353     6985.724     7070.171
399  HKY+F+G4      3476.250     16  6984.500     6984.871     7069.318
400  HKY+F+I+G4    3475.725     17  6985.450     6985.868     7075.570
401  HKY+F+R2      3476.863     17  6987.726     6988.144     7077.845
420  K2P+I         3490.043     13  7006.086     7006.334     7075.001
421  K2P+G4        3489.678     13  7005.355     7005.603     7074.270
422  K2P+I+G4      3489.154     14  7006.308     7006.595     7080.524
423  K2P+R2        3490.166     14  7008.333     7008.619     7082.549
442  F81+F+I       3552.556     15  7135.112     7135.439     7214.629
443  F81+F+G4      3552.216     15  7134.432     7134.760     7213.950
444  F81+F+I+G4    3551.947     16  7135.894     7136.265     7220.712
445  F81+F+R2      3552.743     16  7137.486     7137.857     7222.304
464  JC+I          3567.153     12  7158.306     7158.518     7221.919
465  JC+G4         3566.790     12  7157.580     7157.793     7221.194
466  JC+I+G4       3566.481     13  7158.962     7159.210     7227.877
467  JC+R2         3567.339     13  7160.678     7160.925     7229.592
Akaike Information Criterion:           TPM2u+F+G4
Corrected Akaike Information Criterion: TPM2u+F+G4
Bayesian Information Criterion:         HKY+F+G4
Best-fit model: HKY+F+G4 chosen according to BIC

All model information printed to per_gene_alignments_codon/LOC101390990_.aln.model.gz
CPU time for ModelFinder: 1.157 seconds (0h:0m:1s)
Wall-clock time for ModelFinder: 2.034 seconds (0h:0m:2s)
Generating 1000 samples for ultrafast bootstrap (seed: 672912)...

NOTE: 0 MB RAM (0 GB) is required!
Estimate model parameters (epsilon = 0.100)
1. Initial log-likelihood: -3476.250
Optimal log-likelihood: -3476.250
Rate parameters:  A-C: 1.00000  A-G: 5.19674  A-T: 1.00000  C-G: 1.00000  C-T: 5.19674  G-T: 1.00000
Base frequencies:  A: 0.196  C: 0.269  G: 0.264  T: 0.271
Gamma shape alpha: 0.179
Parameters optimization took 1 rounds (0.002 sec)
Wrote distance file to... 
Computing ML distances based on estimated model parameters...
Calculating distance matrix: done in 0.000633955 secs using 99.85% CPU
Computing ML distances took 0.000700 sec (of wall-clock time) 0.000706 sec (of CPU time)
Setting up auxiliary I and S matrices: done in 4.98295e-05 secs using 192.7% CPU
Computing RapidNJ tree took 0.000142 sec (of wall-clock time) 0.000282 sec (of CPU time)
Log-likelihood of RapidNJ tree: -3476.250
--------------------------------------------------------------------
|             INITIALIZING CANDIDATE TREE SET                      |
--------------------------------------------------------------------
Generating 99 parsimony trees... 0.048 second
Computing log-likelihood of 43 initial trees ... 0.023 seconds
Current best score: -3476.250

Do NNI search on 20 best initial trees
Estimate model parameters (epsilon = 0.100)
BETTER TREE FOUND at iteration 1: -3476.250
Iteration 10 / LogL: -3476.254 / Time: 0h:0m:2s
Iteration 20 / LogL: -3476.706 / Time: 0h:0m:2s
Finish initializing candidate tree set (1)
Current best tree score: -3476.250 / CPU time: 0.168
Number of iterations: 20
--------------------------------------------------------------------
|               OPTIMIZING CANDIDATE TREE SET                      |
--------------------------------------------------------------------
UPDATE BEST LOG-LIKELIHOOD: -3476.250
Iteration 30 / LogL: -3476.250 / Time: 0h:0m:2s (0h:0m:0s left)
Iteration 40 / LogL: -3476.306 / Time: 0h:0m:2s (0h:0m:0s left)
Iteration 50 / LogL: -3476.256 / Time: 0h:0m:2s (0h:0m:0s left)
Log-likelihood cutoff on original alignment: -3491.539
Iteration 60 / LogL: -3476.686 / Time: 0h:0m:2s (0h:0m:0s left)
Iteration 70 / LogL: -3476.342 / Time: 0h:0m:2s (0h:0m:0s left)
Iteration 80 / LogL: -3476.264 / Time: 0h:0m:3s (0h:0m:0s left)
Iteration 90 / LogL: -3476.466 / Time: 0h:0m:3s (0h:0m:0s left)
Iteration 100 / LogL: -3476.374 / Time: 0h:0m:3s (0h:0m:0s left)
Log-likelihood cutoff on original alignment: -3488.440
NOTE: Bootstrap correlation coefficient of split occurrence frequencies: 1.000
TREE SEARCH COMPLETED AFTER 102 ITERATIONS / Time: 0h:0m:3s

--------------------------------------------------------------------
|                    FINALIZING TREE SEARCH                        |
--------------------------------------------------------------------
Performs final model parameters optimization
Estimate model parameters (epsilon = 0.010)
1. Initial log-likelihood: -3476.250
Optimal log-likelihood: -3476.250
Rate parameters:  A-C: 1.00000  A-G: 5.19710  A-T: 1.00000  C-G: 1.00000  C-T: 5.19710  G-T: 1.00000
Base frequencies:  A: 0.196  C: 0.269  G: 0.264  T: 0.271
Gamma shape alpha: 0.179
Parameters optimization took 1 rounds (0.003 sec)
BEST SCORE FOUND : -3476.250
Creating bootstrap support values...
Split supports printed to NEXUS file per_gene_alignments_codon/LOC101390990_.aln.splits.nex
Total tree length: 0.221

Total number of iterations: 102
CPU time used for tree search: 1.240 sec (0h:0m:1s)
Wall-clock time used for tree search: 1.341 sec (0h:0m:1s)
Total CPU time used: 2.465 sec (0h:0m:2s)
Total wall-clock time used: 3.479 sec (0h:0m:3s)

Computing bootstrap consensus tree...
Reading input file per_gene_alignments_codon/LOC101390990_.aln.splits.nex...
7 taxa and 15 splits.
Consensus tree written to per_gene_alignments_codon/LOC101390990_.aln.contree
Reading input trees file per_gene_alignments_codon/LOC101390990_.aln.contree
Log-likelihood of consensus tree: -3476.250

Analysis results written to: 
  IQ-TREE report:                per_gene_alignments_codon/LOC101390990_.aln.iqtree
  Maximum-likelihood tree:       per_gene_alignments_codon/LOC101390990_.aln.treefile
  Likelihood distances:          per_gene_alignments_codon/LOC101390990_.aln.mldist

Ultrafast bootstrap approximation results written to:
  Split support values:          per_gene_alignments_codon/LOC101390990_.aln.splits.nex
  Consensus tree:                per_gene_alignments_codon/LOC101390990_.aln.contree
  Screen log file:               per_gene_alignments_codon/LOC101390990_.aln.log

Date and Time: Thu Oct 30 21:27:41 2025
