IQ-TREE multicore version 2.3.3 COVID-edition for Linux x86 64-bit built Apr 25 2024
Developed by Bui Quang Minh, James Barbetti, Nguyen Lam Tung, Olga Chernomor,
Heiko Schmidt, Dominik Schrempf, Michael Woodhams, Ly Trong Nhan, Thomas Wong

Host:    morpheus-OptiPlex-5050 (AVX2, FMA3, 503 GB RAM)
Command: iqtree2 -s per_gene_alignments_codon/LOC101397784_.aln.fna -m MFP -T 1 -B 1000 --prefix per_gene_alignments_codon/LOC101397784_.aln
Seed:    315061 (Using SPRNG - Scalable Parallel Random Number Generator)
Time:    Thu Oct 30 21:32:15 2025
Kernel:  AVX+FMA - 1 threads (72 CPU cores detected)

HINT: Use -nt option to specify number of threads because your CPU has 72 cores!
HINT: -nt AUTO will automatically determine the best number of threads to use.

Reading alignment file per_gene_alignments_codon/LOC101397784_.aln.fna ... Fasta format detected
Reading fasta file: done in 0.000310898 secs using 33.13% CPU
Alignment most likely contains DNA/RNA sequences
Alignment has 7 sequences with 984 columns, 87 distinct patterns
101 parsimony-informative, 144 singleton sites, 739 constant sites
                     Gap/Ambiguity  Composition  p-value
Analyzing sequences: done in 1.69277e-05 secs using 29.54% CPU
   1  Ceratotherium_simum    0.00%    passed     98.32%
   2  Diceros_bicornis       0.00%    passed     96.88%
   3  Equus_asinus           0.00%    passed     99.95%
   4  Equus_quagga           0.00%    passed     99.72%
   5  Equus_caballus         0.00%    passed     98.49%
   6  Canis_lupus            0.00%    passed     96.36%
   7  Bos_taurus             0.00%    passed     81.39%
****  TOTAL                  0.00%  0 sequences failed composition chi2 test (p-value<5%; df=3)


Create initial parsimony tree by phylogenetic likelihood library (PLL)... 0.000 seconds
Perform fast likelihood tree search using GTR+I+G model...
Estimate model parameters (epsilon = 5.000)
Perform nearest neighbor interchange...
Estimate model parameters (epsilon = 1.000)
1. Initial log-likelihood: -2599.289
Optimal log-likelihood: -2599.203
Rate parameters:  A-C: 1.95049  A-G: 7.63091  A-T: 0.85343  C-G: 1.75687  C-T: 7.92347  G-T: 1.00000
Base frequencies:  A: 0.360  C: 0.208  G: 0.177  T: 0.255
Proportion of invariable sites: 0.361
Gamma shape alpha: 998.433
Parameters optimization took 1 rounds (0.030 sec)
Time for fast ML tree search: 0.139 seconds

NOTE: ModelFinder requires 0 MB RAM!
ModelFinder will test up to 484 DNA models (sample size: 984) ...
 No. Model         -LnL         df  AIC          AICc         BIC
  1  GTR+F         2598.798     19  5235.597     5236.385     5328.537
  2  GTR+F+I       2597.928     20  5235.857     5236.729     5333.689
  3  GTR+F+G4      2597.942     20  5235.884     5236.756     5333.717
  4  GTR+F+I+G4    2599.052     21  5240.104     5241.064     5342.828
  5  GTR+F+R2      2598.139     21  5238.277     5239.238     5341.001
  6  GTR+F+R3      2598.038     23  5242.076     5243.226     5354.583
 14  GTR+F+I+R2    2598.534     22  5241.069     5242.122     5348.685
 15  GTR+F+I+R3    2598.334     24  5244.668     5245.920     5362.067
 23  SYM           2642.565     16  5317.131     5317.693     5395.397
 24  SYM+I         2641.440     17  5316.880     5317.513     5400.037
 25  SYM+G4        2641.478     17  5316.955     5317.589     5400.113
 45  TVM+F         2598.836     18  5233.671     5234.380     5321.721
 46  TVM+F+I       2597.962     19  5233.924     5234.712     5326.864
 47  TVM+F+G4      2597.984     19  5233.968     5234.756     5326.908
 67  TVMe          2642.567     15  5315.133     5315.629     5388.508
 68  TVMe+I        2641.446     16  5314.893     5315.455     5393.159
 69  TVMe+G4       2641.477     16  5314.953     5315.516     5393.219
 89  TIM3+F        2598.911     17  5231.822     5232.456     5314.980
 90  TIM3+F+I      2598.036     18  5232.071     5232.780     5320.120
 91  TIM3+F+G4     2598.033     18  5232.066     5232.775     5320.116
111  TIM3e         2643.638     14  5315.277     5315.710     5383.759
112  TIM3e+I       2642.623     15  5315.247     5315.743     5388.621
113  TIM3e+G4      2642.652     15  5315.303     5315.799     5388.678
133  TIM2+F        2603.223     17  5240.446     5241.080     5323.604
134  TIM2+F+I      2602.332     18  5240.663     5241.372     5328.712
135  TIM2+F+G4     2602.427     18  5240.853     5241.562     5328.902
155  TIM2e         2645.624     14  5319.248     5319.681     5387.731
156  TIM2e+I       2644.427     15  5318.854     5319.350     5392.229
157  TIM2e+G4      2644.519     15  5319.037     5319.533     5392.412
177  TIM+F         2602.027     17  5238.053     5238.687     5321.211
178  TIM+F+I       2601.158     18  5238.316     5239.024     5326.365
179  TIM+F+G4      2601.270     18  5238.540     5239.249     5326.590
199  TIMe          2645.967     14  5319.934     5320.367     5388.417
200  TIMe+I        2644.906     15  5319.812     5320.308     5393.187
201  TIMe+G4       2645.031     15  5320.062     5320.558     5393.437
221  TPM3u+F       2598.952     16  5229.905     5230.467     5308.171
222  TPM3u+F+I     2598.070     17  5230.141     5230.774     5313.298
223  TPM3u+F+G4    2598.073     17  5230.145     5230.779     5313.303
243  TPM3          2643.643     13  5313.286     5313.661     5376.877
244  TPM3+I        2642.625     14  5313.250     5313.683     5381.732
245  TPM3+G4       2642.655     14  5313.310     5313.743     5381.793
265  TPM2u+F       2603.261     16  5238.522     5239.084     5316.788
266  TPM2u+F+I     2602.359     17  5238.719     5239.352     5321.877
267  TPM2u+F+G4    2602.459     17  5238.918     5239.551     5322.075
287  TPM2          2645.627     13  5317.255     5317.630     5380.846
288  TPM2+I        2644.428     14  5316.856     5317.290     5385.339
289  TPM2+G4       2644.520     14  5317.040     5317.474     5385.523
309  K3Pu+F        2602.063     16  5236.125     5236.688     5314.391
310  K3Pu+F+I      2601.184     17  5236.368     5237.002     5319.526
311  K3Pu+F+G4     2601.300     17  5236.600     5237.233     5319.757
331  K3P           2645.970     13  5317.940     5318.316     5381.532
332  K3P+I         2644.907     14  5317.815     5318.248     5386.297
333  K3P+G4        2645.033     14  5318.066     5318.500     5386.549
353  TN+F          2603.224     16  5238.448     5239.011     5316.714
354  TN+F+I        2602.331     17  5238.662     5239.296     5321.820
355  TN+F+G4       2602.427     17  5238.853     5239.487     5322.011
375  TNe           2646.663     13  5319.326     5319.701     5382.917
376  TNe+I         2645.582     14  5319.164     5319.597     5387.646
377  TNe+G4        2645.691     14  5319.382     5319.815     5387.864
397  HKY+F         2603.260     15  5236.520     5237.016     5309.895
398  HKY+F+I       2602.359     16  5236.717     5237.280     5314.983
399  HKY+F+G4      2602.457     16  5236.914     5237.477     5315.180
419  K2P           2646.666     12  5317.331     5317.652     5376.031
420  K2P+I         2645.583     13  5317.166     5317.541     5380.757
421  K2P+G4        2645.693     13  5317.386     5317.761     5380.977
441  F81+F         2690.954     14  5409.909     5410.342     5478.392
442  F81+F+I       2690.560     15  5411.120     5411.615     5484.494
443  F81+F+G4      2690.665     15  5411.330     5411.826     5484.704
463  JC            2727.515     11  5477.030     5477.302     5530.838
464  JC+I          2727.044     12  5478.089     5478.410     5536.788
465  JC+G4         2727.161     12  5478.322     5478.643     5537.021
Akaike Information Criterion:           TPM3u+F
Corrected Akaike Information Criterion: TPM3u+F
Bayesian Information Criterion:         TPM3u+F
Best-fit model: TPM3u+F chosen according to BIC

All model information printed to per_gene_alignments_codon/LOC101397784_.aln.model.gz
CPU time for ModelFinder: 0.350 seconds (0h:0m:0s)
Wall-clock time for ModelFinder: 1.216 seconds (0h:0m:1s)
Generating 1000 samples for ultrafast bootstrap (seed: 315061)...

NOTE: 0 MB RAM (0 GB) is required!
Estimate model parameters (epsilon = 0.100)
1. Initial log-likelihood: -2598.952
Optimal log-likelihood: -2598.952
Rate parameters:  A-C: 2.01803  A-G: 7.99863  A-T: 1.00000  C-G: 2.01803  C-T: 7.99863  G-T: 1.00000
Base frequencies:  A: 0.360  C: 0.208  G: 0.177  T: 0.255
Parameters optimization took 1 rounds (0.000 sec)
Wrote distance file to... 
Computing ML distances based on estimated model parameters...
Calculating distance matrix: done in 0.00019598 secs using 94.4% CPU
Computing ML distances took 0.000242 sec (of wall-clock time) 0.000236 sec (of CPU time)
Setting up auxiliary I and S matrices: done in 4.22001e-05 secs using 92.42% CPU
Computing RapidNJ tree took 0.000132 sec (of wall-clock time) 0.000125 sec (of CPU time)
Log-likelihood of RapidNJ tree: -2598.952
--------------------------------------------------------------------
|             INITIALIZING CANDIDATE TREE SET                      |
--------------------------------------------------------------------
Generating 99 parsimony trees... 0.131 second
Computing log-likelihood of 40 initial trees ... 0.038 seconds
Current best score: -2598.952

Do NNI search on 20 best initial trees
Estimate model parameters (epsilon = 0.100)
BETTER TREE FOUND at iteration 1: -2598.952
Iteration 10 / LogL: -2598.952 / Time: 0h:0m:1s
Iteration 20 / LogL: -2598.952 / Time: 0h:0m:1s
Finish initializing candidate tree set (1)
Current best tree score: -2598.952 / CPU time: 0.302
Number of iterations: 20
--------------------------------------------------------------------
|               OPTIMIZING CANDIDATE TREE SET                      |
--------------------------------------------------------------------
UPDATE BEST LOG-LIKELIHOOD: -2598.952
Iteration 30 / LogL: -2598.959 / Time: 0h:0m:1s (0h:0m:1s left)
Iteration 40 / LogL: -2599.559 / Time: 0h:0m:1s (0h:0m:1s left)
UPDATE BEST LOG-LIKELIHOOD: -2598.952
Iteration 50 / LogL: -2598.952 / Time: 0h:0m:2s (0h:0m:0s left)
Log-likelihood cutoff on original alignment: -2606.288
Iteration 60 / LogL: -2598.959 / Time: 0h:0m:2s (0h:0m:0s left)
Iteration 70 / LogL: -2599.224 / Time: 0h:0m:2s (0h:0m:0s left)
Iteration 80 / LogL: -2598.953 / Time: 0h:0m:2s (0h:0m:0s left)
Iteration 90 / LogL: -2598.952 / Time: 0h:0m:2s (0h:0m:0s left)
Iteration 100 / LogL: -2598.952 / Time: 0h:0m:2s (0h:0m:0s left)
Log-likelihood cutoff on original alignment: -2607.349
NOTE: Bootstrap correlation coefficient of split occurrence frequencies: 1.000
TREE SEARCH COMPLETED AFTER 102 ITERATIONS / Time: 0h:0m:3s

--------------------------------------------------------------------
|                    FINALIZING TREE SEARCH                        |
--------------------------------------------------------------------
Performs final model parameters optimization
Estimate model parameters (epsilon = 0.010)
1. Initial log-likelihood: -2598.952
Optimal log-likelihood: -2598.952
Rate parameters:  A-C: 2.02064  A-G: 8.01019  A-T: 1.00000  C-G: 2.02064  C-T: 8.01019  G-T: 1.00000
Base frequencies:  A: 0.360  C: 0.208  G: 0.177  T: 0.255
Parameters optimization took 1 rounds (0.000 sec)
BEST SCORE FOUND : -2598.952
Creating bootstrap support values...
Split supports printed to NEXUS file per_gene_alignments_codon/LOC101397784_.aln.splits.nex
Total tree length: 0.302

Total number of iterations: 102
CPU time used for tree search: 0.882 sec (0h:0m:0s)
Wall-clock time used for tree search: 1.732 sec (0h:0m:1s)
Total CPU time used: 1.287 sec (0h:0m:1s)
Total wall-clock time used: 3.116 sec (0h:0m:3s)

Computing bootstrap consensus tree...
Reading input file per_gene_alignments_codon/LOC101397784_.aln.splits.nex...
7 taxa and 15 splits.
Consensus tree written to per_gene_alignments_codon/LOC101397784_.aln.contree
Reading input trees file per_gene_alignments_codon/LOC101397784_.aln.contree
Log-likelihood of consensus tree: -2598.952

Analysis results written to: 
  IQ-TREE report:                per_gene_alignments_codon/LOC101397784_.aln.iqtree
  Maximum-likelihood tree:       per_gene_alignments_codon/LOC101397784_.aln.treefile
  Likelihood distances:          per_gene_alignments_codon/LOC101397784_.aln.mldist

Ultrafast bootstrap approximation results written to:
  Split support values:          per_gene_alignments_codon/LOC101397784_.aln.splits.nex
  Consensus tree:                per_gene_alignments_codon/LOC101397784_.aln.contree
  Screen log file:               per_gene_alignments_codon/LOC101397784_.aln.log

Date and Time: Thu Oct 30 21:32:18 2025
