IQ-TREE multicore version 2.3.3 COVID-edition for Linux x86 64-bit built Apr 25 2024
Developed by Bui Quang Minh, James Barbetti, Nguyen Lam Tung, Olga Chernomor,
Heiko Schmidt, Dominik Schrempf, Michael Woodhams, Ly Trong Nhan, Thomas Wong

Host:    morpheus-OptiPlex-5050 (AVX2, FMA3, 503 GB RAM)
Command: iqtree2 -s per_gene_alignments_codon/LOC101408418_.aln.fna -m MFP -T 1 -B 1000 --prefix per_gene_alignments_codon/LOC101408418_.aln
Seed:    774829 (Using SPRNG - Scalable Parallel Random Number Generator)
Time:    Thu Oct 30 21:39:31 2025
Kernel:  AVX+FMA - 1 threads (72 CPU cores detected)

HINT: Use -nt option to specify number of threads because your CPU has 72 cores!
HINT: -nt AUTO will automatically determine the best number of threads to use.

Reading alignment file per_gene_alignments_codon/LOC101408418_.aln.fna ... Fasta format detected
Reading fasta file: done in 0.000393152 secs using 99.71% CPU
Alignment most likely contains DNA/RNA sequences
Alignment has 7 sequences with 1236 columns, 82 distinct patterns
80 parsimony-informative, 132 singleton sites, 1024 constant sites
                     Gap/Ambiguity  Composition  p-value
Analyzing sequences: done in 1.71661e-05 secs using 87.38% CPU
   1  Ceratotherium_simum    0.00%    passed     99.99%
   2  Diceros_bicornis       0.00%    passed     99.99%
   3  Equus_asinus           0.00%    passed     95.29%
   4  Equus_quagga           0.00%    passed     96.32%
   5  Equus_caballus         0.00%    passed     94.71%
   6  Canis_lupus            0.00%    passed     80.95%
   7  Bos_taurus             1.21%    passed     87.19%
****  TOTAL                  0.17%  0 sequences failed composition chi2 test (p-value<5%; df=3)


Create initial parsimony tree by phylogenetic likelihood library (PLL)... 0.000 seconds
Perform fast likelihood tree search using GTR+I+G model...
Estimate model parameters (epsilon = 5.000)
Perform nearest neighbor interchange...
Estimate model parameters (epsilon = 1.000)
1. Initial log-likelihood: -2884.944
Optimal log-likelihood: -2884.943
Rate parameters:  A-C: 2.63887  A-G: 9.66498  A-T: 1.00964  C-G: 3.51655  C-T: 8.72329  G-T: 1.00000
Base frequencies:  A: 0.263  C: 0.225  G: 0.276  T: 0.236
Proportion of invariable sites: 0.414
Gamma shape alpha: 2.143
Parameters optimization took 1 rounds (0.002 sec)
Time for fast ML tree search: 0.068 seconds

NOTE: ModelFinder requires 0 MB RAM!
ModelFinder will test up to 484 DNA models (sample size: 1236) ...
 No. Model         -LnL         df  AIC          AICc         BIC
  1  GTR+F         2893.341     19  5824.681     5825.306     5921.954
  2  GTR+F+I       2884.837     20  5809.673     5810.365     5912.066
  3  GTR+F+G4      2884.956     20  5809.913     5810.604     5912.306
  4  GTR+F+I+G4    2884.944     21  5811.887     5812.648     5919.400
  5  GTR+F+R2      2886.754     21  5815.509     5816.270     5923.021
  6  GTR+F+R3      2885.071     23  5816.142     5817.052     5933.893
 14  GTR+F+I+R2    2884.973     22  5813.946     5814.780     5926.578
 15  GTR+F+I+R3    2884.988     24  5817.977     5818.968     5940.848
 23  SYM           2898.062     16  5828.124     5828.571     5910.039
 24  SYM+I         2889.584     17  5813.168     5813.670     5900.202
 25  SYM+G4        2889.667     17  5813.334     5813.837     5900.368
 26  SYM+I+G4      2889.660     18  5815.320     5815.882     5907.473
 45  TVM+F         2893.472     18  5822.944     5823.506     5915.098
 46  TVM+F+I       2884.966     19  5807.931     5808.556     5905.204
 47  TVM+F+G4      2885.109     19  5808.218     5808.843     5905.491
 48  TVM+F+I+G4    2885.099     20  5810.198     5810.889     5912.590
 67  TVMe          2899.135     15  5828.271     5828.664     5905.065
 68  TVMe+I        2890.629     16  5813.259     5813.705     5895.173
 69  TVMe+G4       2890.752     16  5813.503     5813.949     5895.417
 70  TVMe+I+G4     2890.740     17  5815.480     5815.982     5902.514
 89  TIM3+F        2893.676     17  5821.352     5821.854     5908.386
 90  TIM3+F+I      2885.206     18  5806.412     5806.974     5898.565
 91  TIM3+F+G4     2885.371     18  5806.743     5807.305     5898.896
 92  TIM3+F+I+G4   2885.347     19  5808.695     5809.320     5905.968
111  TIM3e         2898.467     14  5824.934     5825.278     5896.609
112  TIM3e+I       2890.038     15  5810.075     5810.469     5886.870
113  TIM3e+G4      2890.173     15  5810.346     5810.740     5887.141
114  TIM3e+I+G4    2890.155     16  5812.310     5812.756     5894.224
133  TIM2+F        2902.060     17  5838.120     5838.623     5925.154
134  TIM2+F+I      2893.085     18  5822.171     5822.733     5914.324
135  TIM2+F+G4     2893.126     18  5822.252     5822.814     5914.406
136  TIM2+F+I+G4   2893.128     19  5824.255     5824.880     5921.528
155  TIM2e         2906.279     14  5840.558     5840.902     5912.232
156  TIM2e+I       2897.331     15  5824.663     5825.056     5901.457
157  TIM2e+G4      2897.336     15  5824.673     5825.066     5901.467
158  TIM2e+I+G4    2897.341     16  5826.683     5827.129     5908.597
177  TIM+F         2902.011     17  5838.023     5838.525     5925.056
178  TIM+F+I       2892.967     18  5821.933     5822.495     5914.087
179  TIM+F+G4      2893.021     18  5822.043     5822.605     5914.196
180  TIM+F+I+G4    2893.024     19  5824.048     5824.673     5921.321
199  TIMe          2906.309     14  5840.618     5840.962     5912.292
200  TIMe+I        2897.304     15  5824.609     5825.002     5901.404
201  TIMe+G4       2897.333     15  5824.665     5825.059     5901.460
202  TIMe+I+G4     2897.335     16  5826.670     5827.116     5908.584
221  TPM3u+F       2893.801     16  5819.601     5820.047     5901.515
222  TPM3u+F+I     2885.335     17  5804.670     5805.172     5891.704
223  TPM3u+F+G4    2885.512     17  5805.024     5805.527     5892.058
224  TPM3u+F+I+G4  2885.483     18  5806.967     5807.529     5899.120
243  TPM3          2899.543     13  5825.085     5825.383     5891.640
244  TPM3+I        2891.071     14  5810.141     5810.485     5881.816
245  TPM3+G4       2891.239     14  5810.477     5810.821     5882.152
246  TPM3+I+G4     2891.216     15  5812.433     5812.826     5889.227
265  TPM2u+F       2902.192     16  5836.383     5836.829     5918.297
266  TPM2u+F+I     2893.207     17  5820.413     5820.916     5907.447
267  TPM2u+F+G4    2893.261     17  5820.523     5821.025     5907.557
268  TPM2u+F+I+G4  2893.262     18  5822.524     5823.086     5914.677
287  TPM2          2907.373     13  5840.746     5841.043     5907.301
288  TPM2+I        2898.333     14  5824.667     5825.011     5896.342
289  TPM2+G4       2898.380     14  5824.760     5825.104     5896.435
290  TPM2+I+G4     2898.381     15  5826.763     5827.156     5903.557
309  K3Pu+F        2902.144     16  5836.287     5836.734     5918.202
310  K3Pu+F+I      2893.092     17  5820.184     5820.686     5907.218
311  K3Pu+F+G4     2893.162     17  5820.324     5820.826     5907.358
312  K3Pu+F+I+G4   2893.161     18  5822.322     5822.884     5914.475
331  K3P           2907.406     13  5840.813     5841.111     5907.368
332  K3P+I         2898.311     14  5824.622     5824.966     5896.297
333  K3P+G4        2898.381     14  5824.761     5825.105     5896.436
334  K3P+I+G4      2898.379     15  5826.759     5827.152     5903.553
353  TN+F          2902.330     16  5836.660     5837.107     5918.575
354  TN+F+I        2893.355     17  5820.709     5821.212     5907.743
355  TN+F+G4       2893.437     17  5820.875     5821.377     5907.908
356  TN+F+I+G4     2893.435     18  5822.870     5823.432     5915.024
375  TNe           2906.620     13  5839.241     5839.539     5905.796
376  TNe+I         2897.685     14  5823.369     5823.713     5895.044
377  TNe+G4        2897.739     14  5823.478     5823.822     5895.153
378  TNe+I+G4      2897.738     15  5825.476     5825.870     5902.271
397  HKY+F         2902.461     15  5834.922     5835.315     5911.716
398  HKY+F+I       2893.476     16  5818.951     5819.398     5900.866
399  HKY+F+G4      2893.570     16  5819.140     5819.586     5901.054
400  HKY+F+I+G4    2893.569     17  5821.137     5821.640     5908.171
419  K2P           2907.714     12  5839.428     5839.683     5900.864
420  K2P+I         2898.681     13  5823.361     5823.659     5889.916
421  K2P+G4        2898.771     13  5823.543     5823.840     5890.098
422  K2P+I+G4      2898.771     14  5825.543     5825.887     5897.218
441  F81+F         2958.379     14  5944.759     5945.103     6016.434
442  F81+F+I       2951.769     15  5933.539     5933.932     6010.333
443  F81+F+G4      2951.983     15  5933.966     5934.360     6010.761
444  F81+F+I+G4    2951.894     16  5935.788     5936.235     6017.702
463  JC            2964.553     11  5951.106     5951.321     6007.422
464  JC+I          2958.101     12  5940.201     5940.456     6001.637
465  JC+G4         2958.297     12  5940.594     5940.849     6002.030
466  JC+I+G4       2958.210     13  5942.421     5942.719     6008.976
Akaike Information Criterion:           TPM3u+F+I
Corrected Akaike Information Criterion: TPM3u+F+I
Bayesian Information Criterion:         TPM3+I
Best-fit model: TPM3+I chosen according to BIC

All model information printed to per_gene_alignments_codon/LOC101408418_.aln.model.gz
CPU time for ModelFinder: 0.351 seconds (0h:0m:0s)
Wall-clock time for ModelFinder: 0.832 seconds (0h:0m:0s)
Generating 1000 samples for ultrafast bootstrap (seed: 774829)...

NOTE: 0 MB RAM (0 GB) is required!
Estimate model parameters (epsilon = 0.100)
1. Initial log-likelihood: -2891.071
Optimal log-likelihood: -2891.068
Rate parameters:  A-C: 2.95750  A-G: 9.05388  A-T: 1.00000  C-G: 2.95750  C-T: 9.05388  G-T: 1.00000
Base frequencies:  A: 0.250  C: 0.250  G: 0.250  T: 0.250
Proportion of invariable sites: 0.548
Parameters optimization took 1 rounds (0.001 sec)
Wrote distance file to... 
Computing ML distances based on estimated model parameters...
Calculating distance matrix: done in 0.000185013 secs using 99.45% CPU
Computing ML distances took 0.000226 sec (of wall-clock time) 0.000231 sec (of CPU time)
Setting up auxiliary I and S matrices: done in 4.1008e-05 secs using 97.54% CPU
Computing RapidNJ tree took 0.000114 sec (of wall-clock time) 0.000111 sec (of CPU time)
Log-likelihood of RapidNJ tree: -2891.072
--------------------------------------------------------------------
|             INITIALIZING CANDIDATE TREE SET                      |
--------------------------------------------------------------------
Generating 99 parsimony trees... 0.067 second
Computing log-likelihood of 46 initial trees ... 0.027 seconds
Current best score: -2891.068

Do NNI search on 20 best initial trees
Estimate model parameters (epsilon = 0.100)
BETTER TREE FOUND at iteration 1: -2891.068
UPDATE BEST LOG-LIKELIHOOD: -2891.068
Iteration 10 / LogL: -2891.070 / Time: 0h:0m:1s
Iteration 20 / LogL: -2891.070 / Time: 0h:0m:1s
Finish initializing candidate tree set (1)
Current best tree score: -2891.068 / CPU time: 0.176
Number of iterations: 20
--------------------------------------------------------------------
|               OPTIMIZING CANDIDATE TREE SET                      |
--------------------------------------------------------------------
UPDATE BEST LOG-LIKELIHOOD: -2891.068
UPDATE BEST LOG-LIKELIHOOD: -2891.068
UPDATE BEST LOG-LIKELIHOOD: -2891.068
Iteration 30 / LogL: -2891.069 / Time: 0h:0m:1s (0h:0m:0s left)
UPDATE BEST LOG-LIKELIHOOD: -2891.068
UPDATE BEST LOG-LIKELIHOOD: -2891.068
Iteration 40 / LogL: -2891.071 / Time: 0h:0m:1s (0h:0m:0s left)
Iteration 50 / LogL: -2891.068 / Time: 0h:0m:1s (0h:0m:0s left)
Log-likelihood cutoff on original alignment: -2910.238
Iteration 60 / LogL: -2891.069 / Time: 0h:0m:1s (0h:0m:0s left)
Iteration 70 / LogL: -2891.068 / Time: 0h:0m:1s (0h:0m:0s left)
UPDATE BEST LOG-LIKELIHOOD: -2891.068
Iteration 80 / LogL: -2891.070 / Time: 0h:0m:1s (0h:0m:0s left)
UPDATE BEST LOG-LIKELIHOOD: -2891.068
Iteration 90 / LogL: -2891.068 / Time: 0h:0m:1s (0h:0m:0s left)
UPDATE BEST LOG-LIKELIHOOD: -2891.068
Iteration 100 / LogL: -2891.068 / Time: 0h:0m:1s (0h:0m:0s left)
Log-likelihood cutoff on original alignment: -2910.238
NOTE: Bootstrap correlation coefficient of split occurrence frequencies: 0.999
TREE SEARCH COMPLETED AFTER 102 ITERATIONS / Time: 0h:0m:2s

--------------------------------------------------------------------
|                    FINALIZING TREE SEARCH                        |
--------------------------------------------------------------------
Performs final model parameters optimization
Estimate model parameters (epsilon = 0.010)
1. Initial log-likelihood: -2891.068
Optimal log-likelihood: -2891.068
Rate parameters:  A-C: 2.96580  A-G: 9.07279  A-T: 1.00000  C-G: 2.96580  C-T: 9.07279  G-T: 1.00000
Base frequencies:  A: 0.250  C: 0.250  G: 0.250  T: 0.250
Proportion of invariable sites: 0.549
Parameters optimization took 1 rounds (0.001 sec)
BEST SCORE FOUND : -2891.068
Creating bootstrap support values...
Split supports printed to NEXUS file per_gene_alignments_codon/LOC101408418_.aln.splits.nex
Total tree length: 0.226

Total number of iterations: 102
CPU time used for tree search: 0.936 sec (0h:0m:0s)
Wall-clock time used for tree search: 1.149 sec (0h:0m:1s)
Total CPU time used: 1.366 sec (0h:0m:1s)
Total wall-clock time used: 2.068 sec (0h:0m:2s)

Computing bootstrap consensus tree...
Reading input file per_gene_alignments_codon/LOC101408418_.aln.splits.nex...
7 taxa and 15 splits.
Consensus tree written to per_gene_alignments_codon/LOC101408418_.aln.contree
Reading input trees file per_gene_alignments_codon/LOC101408418_.aln.contree
Log-likelihood of consensus tree: -2891.072

Analysis results written to: 
  IQ-TREE report:                per_gene_alignments_codon/LOC101408418_.aln.iqtree
  Maximum-likelihood tree:       per_gene_alignments_codon/LOC101408418_.aln.treefile
  Likelihood distances:          per_gene_alignments_codon/LOC101408418_.aln.mldist

Ultrafast bootstrap approximation results written to:
  Split support values:          per_gene_alignments_codon/LOC101408418_.aln.splits.nex
  Consensus tree:                per_gene_alignments_codon/LOC101408418_.aln.contree
  Screen log file:               per_gene_alignments_codon/LOC101408418_.aln.log

Date and Time: Thu Oct 30 21:39:34 2025
