IQ-TREE multicore version 2.3.3 COVID-edition for Linux x86 64-bit built Apr 25 2024
Developed by Bui Quang Minh, James Barbetti, Nguyen Lam Tung, Olga Chernomor,
Heiko Schmidt, Dominik Schrempf, Michael Woodhams, Ly Trong Nhan, Thomas Wong

Host:    morpheus-OptiPlex-5050 (AVX2, FMA3, 503 GB RAM)
Command: iqtree2 -s per_gene_alignments_codon/LOC101407351_.aln.fna -m MFP -T 1 -B 1000 --prefix per_gene_alignments_codon/LOC101407351_.aln
Seed:    184736 (Using SPRNG - Scalable Parallel Random Number Generator)
Time:    Thu Oct 30 21:38:48 2025
Kernel:  AVX+FMA - 1 threads (72 CPU cores detected)

HINT: Use -nt option to specify number of threads because your CPU has 72 cores!
HINT: -nt AUTO will automatically determine the best number of threads to use.

Reading alignment file per_gene_alignments_codon/LOC101407351_.aln.fna ... Fasta format detected
Reading fasta file: done in 0.000262976 secs using 49.81% CPU
Alignment most likely contains DNA/RNA sequences
Alignment has 7 sequences with 777 columns, 28 distinct patterns
13 parsimony-informative, 32 singleton sites, 732 constant sites
                     Gap/Ambiguity  Composition  p-value
Analyzing sequences: done in 1.21593e-05 secs using 49.34% CPU
   1  Ceratotherium_simum    0.00%    passed     99.74%
   2  Diceros_bicornis       0.00%    passed     99.76%
   3  Equus_asinus           0.00%    passed     99.25%
   4  Equus_quagga           0.00%    passed     99.25%
   5  Equus_caballus         0.00%    passed     99.25%
   6  Canis_lupus            0.00%    passed     99.50%
   7  Bos_taurus             0.00%    passed     78.13%
****  TOTAL                  0.00%  0 sequences failed composition chi2 test (p-value<5%; df=3)
NOTE: Equus_quagga is identical to Equus_asinus but kept for subsequent analysis
NOTE: 1 identical sequences (see below) will be ignored for subsequent analysis
NOTE: Equus_caballus (identical to Equus_asinus) is ignored but added at the end
Alignment was printed to per_gene_alignments_codon/LOC101407351_.aln.uniqueseq.phy

For your convenience alignment with unique sequences printed to per_gene_alignments_codon/LOC101407351_.aln.uniqueseq.phy


Create initial parsimony tree by phylogenetic likelihood library (PLL)... 0.000 seconds
Perform fast likelihood tree search using GTR+I+G model...
Estimate model parameters (epsilon = 5.000)
Perform nearest neighbor interchange...
Estimate model parameters (epsilon = 1.000)
1. Initial log-likelihood: -1332.552
Optimal log-likelihood: -1332.256
Rate parameters:  A-C: 0.84137  A-G: 7.24681  A-T: 1.14280  C-G: 0.64907  C-T: 17.83230  G-T: 1.00000
Base frequencies:  A: 0.335  C: 0.200  G: 0.211  T: 0.254
Proportion of invariable sites: 0.468
Gamma shape alpha: 0.020
Parameters optimization took 1 rounds (0.003 sec)
Time for fast ML tree search: 0.026 seconds

NOTE: ModelFinder requires 0 MB RAM!
ModelFinder will test up to 484 DNA models (sample size: 777) ...
 No. Model         -LnL         df  AIC          AICc         BIC
  1  GTR+F         1343.196     17  2720.393     2721.199     2799.535
  2  GTR+F+I       1331.967     18  2699.933     2700.836     2783.731
  3  GTR+F+G4      1334.703     18  2705.407     2706.309     2789.205
  4  GTR+F+I+G4    1332.231     19  2702.461     2703.465     2790.915
  5  GTR+F+R2      1340.415     19  2718.830     2719.834     2807.284
  6  GTR+F+R3      1332.689     21  2707.377     2708.601     2805.141
  7  GTR+F+R4      1332.637     23  2711.275     2712.741     2818.350
 14  GTR+F+I+R2    1332.496     20  2704.991     2706.102     2798.100
 15  GTR+F+I+R3    1332.262     22  2708.524     2709.866     2810.943
 24  SYM+I         1348.740     15  2727.479     2728.110     2797.311
 25  SYM+G4        1351.142     15  2732.285     2732.916     2802.117
 26  SYM+I+G4      1348.928     16  2729.855     2730.571     2804.342
 46  TVM+F+I       1333.072     17  2700.144     2700.950     2779.286
 47  TVM+F+G4      1337.097     17  2708.193     2709.000     2787.336
 48  TVM+F+I+G4    1333.965     18  2703.931     2704.833     2787.728
 68  TVMe+I        1349.679     14  2727.358     2727.909     2792.534
 69  TVMe+G4       1352.714     14  2733.428     2733.979     2798.604
 70  TVMe+I+G4     1350.176     15  2730.352     2730.982     2800.183
 90  TIM3+F+I      1331.732     16  2695.464     2696.180     2769.951
 91  TIM3+F+G4     1334.734     16  2701.467     2702.183     2775.954
 92  TIM3+F+I+G4   1332.229     17  2698.458     2699.264     2777.600
112  TIM3e+I       1348.554     13  2723.108     2723.585     2783.629
113  TIM3e+G4      1351.327     13  2728.655     2729.132     2789.175
114  TIM3e+I+G4    1349.071     14  2726.142     2726.693     2791.318
134  TIM2+F+I      1331.921     16  2695.842     2696.558     2770.329
135  TIM2+F+G4     1334.751     16  2701.502     2702.217     2775.989
136  TIM2+F+I+G4   1332.287     17  2698.574     2699.381     2777.717
156  TIM2e+I       1349.080     13  2724.159     2724.636     2784.680
157  TIM2e+G4      1351.270     13  2728.540     2729.017     2789.061
158  TIM2e+I+G4    1349.097     14  2726.195     2726.746     2791.371
178  TIM+F+I       1331.940     16  2695.881     2696.596     2770.368
179  TIM+F+G4      1334.747     16  2701.494     2702.210     2775.981
180  TIM+F+I+G4    1332.263     17  2698.527     2699.333     2777.669
200  TIMe+I        1349.103     13  2724.207     2724.684     2784.728
201  TIMe+G4       1351.400     13  2728.800     2729.277     2789.321
202  TIMe+I+G4     1349.161     14  2726.321     2726.873     2791.498
222  TPM3u+F+I     1333.187     15  2696.375     2697.006     2766.207
223  TPM3u+F+G4    1337.117     15  2704.234     2704.864     2774.065
224  TPM3u+F+I+G4  1334.005     16  2700.010     2700.725     2774.497
244  TPM3+I        1349.825     12  2723.649     2724.057     2779.514
245  TPM3+G4       1352.882     12  2729.764     2730.173     2785.630
246  TPM3+I+G4     1350.279     13  2726.557     2727.035     2787.078
266  TPM2u+F+I     1333.237     15  2696.474     2697.104     2766.305
267  TPM2u+F+G4    1337.139     15  2704.279     2704.910     2774.110
268  TPM2u+F+I+G4  1334.042     16  2700.085     2700.800     2774.572
288  TPM2+I        1349.999     12  2723.998     2724.406     2779.863
289  TPM2+G4       1352.832     12  2729.663     2730.072     2785.529
290  TPM2+I+G4     1350.312     13  2726.623     2727.100     2787.144
310  K3Pu+F+I      1333.253     15  2696.506     2697.137     2766.338
311  K3Pu+F+G4     1337.118     15  2704.236     2704.866     2774.067
312  K3Pu+F+I+G4   1333.996     16  2699.992     2700.708     2774.479
332  K3P+I         1349.832     12  2723.665     2724.073     2779.530
333  K3P+G4        1352.926     12  2729.852     2730.261     2785.717
334  K3P+I+G4      1350.291     13  2726.582     2727.059     2787.103
354  TN+F+I        1331.940     15  2693.881     2694.511     2763.712
355  TN+F+G4       1334.773     15  2699.547     2700.178     2769.378
356  TN+F+I+G4     1332.294     16  2696.588     2697.303     2771.075
376  TNe+I         1349.094     12  2722.187     2722.595     2778.052
377  TNe+G4        1351.449     12  2726.898     2727.306     2782.763
378  TNe+I+G4      1349.239     13  2724.478     2724.955     2784.999
398  HKY+F+I       1333.264     14  2694.527     2695.079     2759.704
399  HKY+F+G4      1337.151     14  2702.302     2702.854     2767.479
400  HKY+F+I+G4    1334.076     15  2698.153     2698.783     2767.984
420  K2P+I         1349.963     11  2721.926     2722.271     2773.136
421  K2P+G4        1352.996     11  2727.991     2728.336     2779.201
422  K2P+I+G4      1350.403     12  2724.806     2725.214     2780.671
442  F81+F+I       1361.529     13  2749.057     2749.534     2809.578
443  F81+F+G4      1363.307     13  2752.614     2753.091     2813.135
444  F81+F+I+G4    1361.540     14  2751.079     2751.631     2816.256
464  JC+I          1376.478     10  2772.956     2773.243     2819.511
465  JC+G4         1378.286     10  2776.571     2776.858     2823.126
466  JC+I+G4       1376.494     11  2774.988     2775.333     2826.198
Akaike Information Criterion:           TN+F+I
Corrected Akaike Information Criterion: TN+F+I
Bayesian Information Criterion:         HKY+F+I
Best-fit model: HKY+F+I chosen according to BIC

All model information printed to per_gene_alignments_codon/LOC101407351_.aln.model.gz
CPU time for ModelFinder: 0.451 seconds (0h:0m:0s)
Wall-clock time for ModelFinder: 0.678 seconds (0h:0m:0s)
Generating 1000 samples for ultrafast bootstrap (seed: 184736)...

NOTE: 0 MB RAM (0 GB) is required!
Estimate model parameters (epsilon = 0.100)
1. Initial log-likelihood: -1333.264
Optimal log-likelihood: -1333.256
Rate parameters:  A-C: 1.00000  A-G: 17.80144  A-T: 1.00000  C-G: 1.00000  C-T: 17.80144  G-T: 1.00000
Base frequencies:  A: 0.335  C: 0.200  G: 0.211  T: 0.254
Proportion of invariable sites: 0.907
Parameters optimization took 1 rounds (0.000 sec)
Wrote distance file to... 
Computing ML distances based on estimated model parameters...
Calculating distance matrix: done in 0.000143766 secs using 97.38% CPU
Computing ML distances took 0.000181 sec (of wall-clock time) 0.000183 sec (of CPU time)
Setting up auxiliary I and S matrices: done in 4.3869e-05 secs using 95.74% CPU
Computing RapidNJ tree took 0.000122 sec (of wall-clock time) 0.000120 sec (of CPU time)
Log-likelihood of RapidNJ tree: -1333.261
--------------------------------------------------------------------
|             INITIALIZING CANDIDATE TREE SET                      |
--------------------------------------------------------------------
Generating 98 parsimony trees... 0.034 second
Computing log-likelihood of 6 initial trees ... 0.001 seconds
Current best score: -1333.256

Do NNI search on 8 best initial trees
Estimate model parameters (epsilon = 0.100)
BETTER TREE FOUND at iteration 3: -1332.555
UPDATE BEST LOG-LIKELIHOOD: -1332.555
WARNING: NNI search needs unusual large number of steps (6) to converge!
Finish initializing candidate tree set (9)
Current best tree score: -1332.555 / CPU time: 0.091
Number of iterations: 8
--------------------------------------------------------------------
|               OPTIMIZING CANDIDATE TREE SET                      |
--------------------------------------------------------------------
UPDATE BEST LOG-LIKELIHOOD: -1332.555
Iteration 10 / LogL: -1332.555 / Time: 0h:0m:0s
UPDATE BEST LOG-LIKELIHOOD: -1332.555
Iteration 20 / LogL: -1332.555 / Time: 0h:0m:0s
UPDATE BEST LOG-LIKELIHOOD: -1332.555
Iteration 30 / LogL: -1332.555 / Time: 0h:0m:0s (0h:0m:0s left)
Iteration 40 / LogL: -1332.555 / Time: 0h:0m:1s (0h:0m:0s left)
Iteration 50 / LogL: -1332.555 / Time: 0h:0m:1s (0h:0m:0s left)
Log-likelihood cutoff on original alignment: -1343.404
WARNING: NNI search needs unusual large number of steps (6) to converge!
Iteration 60 / LogL: -1332.556 / Time: 0h:0m:1s (0h:0m:0s left)
WARNING: NNI search needs unusual large number of steps (6) to converge!
Iteration 70 / LogL: -1332.555 / Time: 0h:0m:1s (0h:0m:0s left)
WARNING: NNI search needs unusual large number of steps (6) to converge!
WARNING: NNI search needs unusual large number of steps (6) to converge!
Iteration 80 / LogL: -1332.558 / Time: 0h:0m:1s (0h:0m:0s left)
Iteration 90 / LogL: -1332.555 / Time: 0h:0m:1s (0h:0m:0s left)
Iteration 100 / LogL: -1332.555 / Time: 0h:0m:1s (0h:0m:0s left)
Log-likelihood cutoff on original alignment: -1343.404
NOTE: Bootstrap correlation coefficient of split occurrence frequencies: 0.999
TREE SEARCH COMPLETED AFTER 104 ITERATIONS / Time: 0h:0m:1s

--------------------------------------------------------------------
|                    FINALIZING TREE SEARCH                        |
--------------------------------------------------------------------
Performs final model parameters optimization
Estimate model parameters (epsilon = 0.010)
1. Initial log-likelihood: -1332.555
Optimal log-likelihood: -1332.554
Rate parameters:  A-C: 1.00000  A-G: 17.81100  A-T: 1.00000  C-G: 1.00000  C-T: 17.81100  G-T: 1.00000
Base frequencies:  A: 0.335  C: 0.200  G: 0.211  T: 0.254
Proportion of invariable sites: 0.909
Parameters optimization took 1 rounds (0.000 sec)
BEST SCORE FOUND : -1332.554
Creating bootstrap support values...
Split supports printed to NEXUS file per_gene_alignments_codon/LOC101407351_.aln.splits.nex
Total tree length: 0.136

Total number of iterations: 104
CPU time used for tree search: 0.944 sec (0h:0m:0s)
Wall-clock time used for tree search: 1.029 sec (0h:0m:1s)
Total CPU time used: 1.449 sec (0h:0m:1s)
Total wall-clock time used: 1.762 sec (0h:0m:1s)

Computing bootstrap consensus tree...
Reading input file per_gene_alignments_codon/LOC101407351_.aln.splits.nex...
6 taxa and 23 splits.
Consensus tree written to per_gene_alignments_codon/LOC101407351_.aln.contree
Reading input trees file per_gene_alignments_codon/LOC101407351_.aln.contree
Log-likelihood of consensus tree: -1332.557

Analysis results written to: 
  IQ-TREE report:                per_gene_alignments_codon/LOC101407351_.aln.iqtree
  Maximum-likelihood tree:       per_gene_alignments_codon/LOC101407351_.aln.treefile
  Likelihood distances:          per_gene_alignments_codon/LOC101407351_.aln.mldist

Ultrafast bootstrap approximation results written to:
  Split support values:          per_gene_alignments_codon/LOC101407351_.aln.splits.nex
  Consensus tree:                per_gene_alignments_codon/LOC101407351_.aln.contree
  Screen log file:               per_gene_alignments_codon/LOC101407351_.aln.log

Date and Time: Thu Oct 30 21:38:50 2025
