IQ-TREE multicore version 2.3.3 COVID-edition for Linux x86 64-bit built Apr 25 2024
Developed by Bui Quang Minh, James Barbetti, Nguyen Lam Tung, Olga Chernomor,
Heiko Schmidt, Dominik Schrempf, Michael Woodhams, Ly Trong Nhan, Thomas Wong

Host:    morpheus-OptiPlex-5050 (AVX2, FMA3, 503 GB RAM)
Command: iqtree2 -s per_gene_alignments_codon/LOC101390225_.aln.fna -m MFP -T 1 -B 1000 --prefix per_gene_alignments_codon/LOC101390225_.aln
Seed:    423834 (Using SPRNG - Scalable Parallel Random Number Generator)
Time:    Thu Oct 30 21:27:04 2025
Kernel:  AVX+FMA - 1 threads (72 CPU cores detected)

HINT: Use -nt option to specify number of threads because your CPU has 72 cores!
HINT: -nt AUTO will automatically determine the best number of threads to use.

Reading alignment file per_gene_alignments_codon/LOC101390225_.aln.fna ... Fasta format detected
Reading fasta file: done in 0.000360012 secs using 49.72% CPU
Alignment most likely contains DNA/RNA sequences
Alignment has 7 sequences with 1146 columns, 66 distinct patterns
61 parsimony-informative, 71 singleton sites, 1014 constant sites
                     Gap/Ambiguity  Composition  p-value
Analyzing sequences: done in 1.40667e-05 secs using 42.65% CPU
   1  Ceratotherium_simum    0.00%    passed     99.96%
   2  Diceros_bicornis       0.00%    passed     99.97%
   3  Equus_asinus           0.00%    passed     98.69%
   4  Equus_quagga           0.00%    passed     98.95%
   5  Equus_caballus         0.00%    passed     98.95%
   6  Canis_lupus            2.09%    passed     68.94%
   7  Bos_taurus             2.09%    passed     97.47%
****  TOTAL                  0.60%  0 sequences failed composition chi2 test (p-value<5%; df=3)


Create initial parsimony tree by phylogenetic likelihood library (PLL)... 0.000 seconds
Perform fast likelihood tree search using GTR+I+G model...
Estimate model parameters (epsilon = 5.000)
Perform nearest neighbor interchange...
Estimate model parameters (epsilon = 1.000)
1. Initial log-likelihood: -2363.477
Optimal log-likelihood: -2363.451
Rate parameters:  A-C: 1.77905  A-G: 4.85604  A-T: 0.58855  C-G: 0.37309  C-T: 9.00045  G-T: 1.00000
Base frequencies:  A: 0.254  C: 0.274  G: 0.307  T: 0.164
Proportion of invariable sites: 0.437
Gamma shape alpha: 0.322
Parameters optimization took 1 rounds (0.003 sec)
Time for fast ML tree search: 0.065 seconds

NOTE: ModelFinder requires 0 MB RAM!
ModelFinder will test up to 484 DNA models (sample size: 1146) ...
 No. Model         -LnL         df  AIC          AICc         BIC
  1  GTR+F         2386.741     19  4811.482     4812.157     4907.319
  2  GTR+F+I       2363.561     20  4767.122     4767.869     4868.003
  3  GTR+F+G4      2363.805     20  4767.610     4768.357     4868.491
  4  GTR+F+I+G4    2363.447     21  4768.894     4769.716     4874.819
  5  GTR+F+R2      2363.990     21  4769.979     4770.801     4875.904
  6  GTR+F+R3      2363.643     23  4773.287     4774.271     4889.299
 14  GTR+F+I+R2    2363.732     22  4771.464     4772.366     4882.433
 15  GTR+F+I+R3    2363.499     24  4774.997     4776.068     4896.054
 24  SYM+I         2392.919     17  4819.839     4820.382     4905.588
 25  SYM+G4        2393.273     17  4820.546     4821.088     4906.294
 26  SYM+I+G4      2392.935     18  4821.870     4822.477     4912.663
 27  SYM+R2        2393.533     18  4823.065     4823.672     4913.858
 46  TVM+F+I       2365.958     19  4769.917     4770.592     4865.754
 47  TVM+F+G4      2366.709     19  4771.419     4772.094     4867.255
 48  TVM+F+I+G4    2366.284     20  4772.569     4773.315     4873.449
 49  TVM+F+R2      2367.478     20  4774.956     4775.702     4875.836
 68  TVMe+I        2393.440     16  4818.879     4819.361     4899.584
 69  TVMe+G4       2393.941     16  4819.882     4820.364     4900.587
 70  TVMe+I+G4     2393.601     17  4821.203     4821.745     4906.951
 71  TVMe+R2       2394.477     17  4822.954     4823.496     4908.702
 90  TIM3+F+I      2367.588     18  4771.175     4771.782     4861.968
 91  TIM3+F+G4     2367.756     18  4771.512     4772.119     4862.304
 92  TIM3+F+I+G4   2367.445     19  4772.890     4773.565     4868.726
 93  TIM3+F+R2     2367.966     19  4773.931     4774.606     4869.768
112  TIM3e+I       2396.086     15  4822.172     4822.597     4897.833
113  TIM3e+G4      2396.385     15  4822.771     4823.196     4898.431
114  TIM3e+I+G4    2396.085     16  4824.169     4824.651     4904.874
115  TIM3e+R2      2396.738     16  4825.475     4825.957     4906.180
134  TIM2+F+I      2365.372     18  4766.743     4767.350     4857.536
135  TIM2+F+G4     2365.593     18  4767.187     4767.794     4857.979
136  TIM2+F+I+G4   2365.246     19  4768.491     4769.166     4864.328
137  TIM2+F+R2     2365.772     19  4769.545     4770.220     4865.382
156  TIM2e+I       2395.628     15  4821.256     4821.680     4896.916
157  TIM2e+G4      2395.969     15  4821.938     4822.362     4897.598
158  TIM2e+I+G4    2395.656     16  4823.312     4823.794     4904.016
159  TIM2e+R2      2396.434     16  4824.868     4825.350     4905.573
178  TIM+F+I       2364.689     18  4765.377     4765.984     4856.170
179  TIM+F+G4      2364.862     18  4765.724     4766.331     4856.516
180  TIM+F+I+G4    2364.506     19  4767.011     4767.686     4862.848
181  TIM+F+R2      2364.991     19  4767.982     4768.657     4863.819
200  TIMe+I        2394.968     15  4819.936     4820.361     4895.597
201  TIMe+G4       2395.241     15  4820.483     4820.908     4896.143
202  TIMe+I+G4     2394.980     16  4821.960     4822.442     4902.665
203  TIMe+R2       2395.630     16  4823.261     4823.742     4903.965
222  TPM3u+F+I     2370.180     17  4774.360     4774.902     4860.108
223  TPM3u+F+G4    2370.823     17  4775.647     4776.189     4861.395
224  TPM3u+F+I+G4  2370.421     18  4776.843     4777.450     4867.635
225  TPM3u+F+R2    2371.510     18  4779.020     4779.627     4869.812
244  TPM3+I        2396.642     14  4821.285     4821.656     4891.901
245  TPM3+G4       2397.083     14  4822.166     4822.538     4892.783
246  TPM3+I+G4     2396.778     15  4823.556     4823.981     4899.217
247  TPM3+R2       2397.673     15  4825.346     4825.771     4901.007
266  TPM2u+F+I     2367.859     17  4769.717     4770.260     4855.466
267  TPM2u+F+G4    2368.592     17  4771.185     4771.727     4856.933
268  TPM2u+F+I+G4  2368.166     18  4772.332     4772.939     4863.125
269  TPM2u+F+R2    2369.341     18  4774.683     4775.290     4865.475
288  TPM2+I        2396.139     14  4820.277     4820.648     4890.894
289  TPM2+G4       2396.623     14  4821.246     4821.618     4891.863
290  TPM2+I+G4     2396.312     15  4822.623     4823.048     4898.284
291  TPM2+R2       2397.258     15  4824.516     4824.941     4900.176
310  K3Pu+F+I      2367.223     17  4768.446     4768.988     4854.194
311  K3Pu+F+G4     2367.874     17  4769.747     4770.290     4855.496
312  K3Pu+F+I+G4   2367.484     18  4770.969     4771.576     4861.762
313  K3Pu+F+R2     2368.579     18  4773.159     4773.766     4863.951
332  K3P+I         2395.453     14  4818.907     4819.278     4889.523
333  K3P+G4        2395.862     14  4819.725     4820.096     4890.341
334  K3P+I+G4      2395.600     15  4821.199     4821.624     4896.860
335  K3P+R2        2396.415     15  4822.830     4823.255     4898.491
354  TN+F+I        2367.793     17  4769.586     4770.128     4855.334
355  TN+F+G4       2367.945     17  4769.890     4770.433     4855.639
356  TN+F+I+G4     2367.608     18  4771.216     4771.823     4862.009
357  TN+F+R2       2368.091     18  4772.182     4772.789     4862.975
376  TNe+I         2397.411     14  4822.822     4823.193     4893.438
377  TNe+G4        2397.680     14  4823.360     4823.731     4893.976
378  TNe+I+G4      2397.403     15  4824.807     4825.231     4900.467
379  TNe+R2        2398.061     15  4826.121     4826.546     4901.782
398  HKY+F+I       2370.431     16  4772.862     4773.343     4853.566
399  HKY+F+G4      2371.035     16  4774.069     4774.551     4854.774
400  HKY+F+I+G4    2370.645     17  4775.290     4775.833     4861.039
401  HKY+F+R2      2371.685     17  4777.370     4777.912     4863.118
420  K2P+I         2397.943     13  4821.886     4822.207     4887.458
421  K2P+G4        2398.343     13  4822.687     4823.008     4888.259
422  K2P+I+G4      2398.069     14  4824.138     4824.509     4894.754
423  K2P+R2        2398.942     14  4825.883     4826.255     4896.500
442  F81+F+I       2427.853     15  4885.706     4886.130     4961.366
443  F81+F+G4      2427.859     15  4885.718     4886.143     4961.379
444  F81+F+I+G4    2427.951     16  4887.901     4888.383     4968.606
445  F81+F+R2      2428.646     16  4889.292     4889.774     4969.996
464  JC+I          2453.646     12  4931.292     4931.567     4991.820
465  JC+G4         2453.649     12  4931.298     4931.574     4991.827
466  JC+I+G4       2453.766     13  4933.531     4933.853     4999.104
467  JC+R2         2454.478     13  4934.956     4935.278     5000.529
Akaike Information Criterion:           TIM+F+I
Corrected Akaike Information Criterion: TIM+F+I
Bayesian Information Criterion:         HKY+F+I
Best-fit model: HKY+F+I chosen according to BIC

All model information printed to per_gene_alignments_codon/LOC101390225_.aln.model.gz
CPU time for ModelFinder: 2.098 seconds (0h:0m:2s)
Wall-clock time for ModelFinder: 3.831 seconds (0h:0m:3s)
Generating 1000 samples for ultrafast bootstrap (seed: 423834)...

NOTE: 0 MB RAM (0 GB) is required!
Estimate model parameters (epsilon = 0.100)
1. Initial log-likelihood: -2370.431
Optimal log-likelihood: -2370.430
Rate parameters:  A-C: 1.00000  A-G: 7.32029  A-T: 1.00000  C-G: 1.00000  C-T: 7.32029  G-T: 1.00000
Base frequencies:  A: 0.254  C: 0.274  G: 0.307  T: 0.164
Proportion of invariable sites: 0.790
Parameters optimization took 1 rounds (0.000 sec)
Wrote distance file to... 
Computing ML distances based on estimated model parameters...
Calculating distance matrix: done in 0.000180006 secs using 99.44% CPU
Computing ML distances took 0.000223 sec (of wall-clock time) 0.000228 sec (of CPU time)
Setting up auxiliary I and S matrices: done in 4.50611e-05 secs using 99.86% CPU
Computing RapidNJ tree took 0.000129 sec (of wall-clock time) 0.000129 sec (of CPU time)
Log-likelihood of RapidNJ tree: -2370.432
--------------------------------------------------------------------
|             INITIALIZING CANDIDATE TREE SET                      |
--------------------------------------------------------------------
Generating 99 parsimony trees... 0.034 second
Computing log-likelihood of 37 initial trees ... 0.012 seconds
Current best score: -2370.430

Do NNI search on 20 best initial trees
Estimate model parameters (epsilon = 0.100)
BETTER TREE FOUND at iteration 1: -2370.430
Iteration 10 / LogL: -2370.433 / Time: 0h:0m:4s
Iteration 20 / LogL: -2370.807 / Time: 0h:0m:4s
Finish initializing candidate tree set (1)
Current best tree score: -2370.430 / CPU time: 0.177
Number of iterations: 20
--------------------------------------------------------------------
|               OPTIMIZING CANDIDATE TREE SET                      |
--------------------------------------------------------------------
UPDATE BEST LOG-LIKELIHOOD: -2370.430
UPDATE BEST LOG-LIKELIHOOD: -2370.430
Iteration 30 / LogL: -2370.656 / Time: 0h:0m:4s (0h:0m:0s left)
Iteration 40 / LogL: -2370.434 / Time: 0h:0m:4s (0h:0m:0s left)
Iteration 50 / LogL: -2370.430 / Time: 0h:0m:4s (0h:0m:0s left)
Log-likelihood cutoff on original alignment: -2393.665
Iteration 60 / LogL: -2370.439 / Time: 0h:0m:4s (0h:0m:0s left)
Iteration 70 / LogL: -2370.430 / Time: 0h:0m:4s (0h:0m:0s left)
Iteration 80 / LogL: -2370.435 / Time: 0h:0m:4s (0h:0m:0s left)
Iteration 90 / LogL: -2370.523 / Time: 0h:0m:5s (0h:0m:0s left)
Iteration 100 / LogL: -2370.437 / Time: 0h:0m:5s (0h:0m:0s left)
Log-likelihood cutoff on original alignment: -2393.665
NOTE: Bootstrap correlation coefficient of split occurrence frequencies: 0.999
TREE SEARCH COMPLETED AFTER 102 ITERATIONS / Time: 0h:0m:5s

--------------------------------------------------------------------
|                    FINALIZING TREE SEARCH                        |
--------------------------------------------------------------------
Performs final model parameters optimization
Estimate model parameters (epsilon = 0.010)
1. Initial log-likelihood: -2370.430
Optimal log-likelihood: -2370.430
Rate parameters:  A-C: 1.00000  A-G: 7.33608  A-T: 1.00000  C-G: 1.00000  C-T: 7.33608  G-T: 1.00000
Base frequencies:  A: 0.254  C: 0.274  G: 0.307  T: 0.164
Proportion of invariable sites: 0.790
Parameters optimization took 1 rounds (0.001 sec)
BEST SCORE FOUND : -2370.430
Creating bootstrap support values...
Split supports printed to NEXUS file per_gene_alignments_codon/LOC101390225_.aln.splits.nex
Total tree length: 0.185

Total number of iterations: 102
CPU time used for tree search: 0.954 sec (0h:0m:0s)
Wall-clock time used for tree search: 1.419 sec (0h:0m:1s)
Total CPU time used: 3.105 sec (0h:0m:3s)
Total wall-clock time used: 5.371 sec (0h:0m:5s)

Computing bootstrap consensus tree...
Reading input file per_gene_alignments_codon/LOC101390225_.aln.splits.nex...
7 taxa and 24 splits.
Consensus tree written to per_gene_alignments_codon/LOC101390225_.aln.contree
Reading input trees file per_gene_alignments_codon/LOC101390225_.aln.contree
Log-likelihood of consensus tree: -2370.432

Analysis results written to: 
  IQ-TREE report:                per_gene_alignments_codon/LOC101390225_.aln.iqtree
  Maximum-likelihood tree:       per_gene_alignments_codon/LOC101390225_.aln.treefile
  Likelihood distances:          per_gene_alignments_codon/LOC101390225_.aln.mldist

Ultrafast bootstrap approximation results written to:
  Split support values:          per_gene_alignments_codon/LOC101390225_.aln.splits.nex
  Consensus tree:                per_gene_alignments_codon/LOC101390225_.aln.contree
  Screen log file:               per_gene_alignments_codon/LOC101390225_.aln.log

Date and Time: Thu Oct 30 21:27:10 2025
