IQ-TREE multicore version 2.3.3 COVID-edition for Linux x86 64-bit built Apr 25 2024
Developed by Bui Quang Minh, James Barbetti, Nguyen Lam Tung, Olga Chernomor,
Heiko Schmidt, Dominik Schrempf, Michael Woodhams, Ly Trong Nhan, Thomas Wong

Host:    morpheus-OptiPlex-5050 (AVX2, FMA3, 503 GB RAM)
Command: iqtree2 -s per_gene_alignments_codon/LOC101387136_.aln.fna -m MFP -T 1 -B 1000 --prefix per_gene_alignments_codon/LOC101387136_.aln
Seed:    187223 (Using SPRNG - Scalable Parallel Random Number Generator)
Time:    Thu Oct 30 21:24:53 2025
Kernel:  AVX+FMA - 1 threads (72 CPU cores detected)

HINT: Use -nt option to specify number of threads because your CPU has 72 cores!
HINT: -nt AUTO will automatically determine the best number of threads to use.

Reading alignment file per_gene_alignments_codon/LOC101387136_.aln.fna ... Fasta format detected
Reading fasta file: done in 0.000329971 secs
Alignment most likely contains DNA/RNA sequences
Alignment has 7 sequences with 876 columns, 51 distinct patterns
36 parsimony-informative, 64 singleton sites, 776 constant sites
                     Gap/Ambiguity  Composition  p-value
Analyzing sequences: done in 1.19209e-05 secs
   1  Ceratotherium_simum    0.00%    passed     92.97%
   2  Diceros_bicornis       0.00%    passed     97.68%
   3  Equus_asinus           0.00%    passed     98.97%
   4  Equus_quagga           0.00%    passed     98.97%
   5  Equus_caballus         0.00%    passed     99.28%
   6  Canis_lupus            0.00%    passed     95.99%
   7  Bos_taurus             0.00%    passed     84.70%
****  TOTAL                  0.00%  0 sequences failed composition chi2 test (p-value<5%; df=3)
NOTE: Equus_quagga is identical to Equus_asinus but kept for subsequent analysis


Create initial parsimony tree by phylogenetic likelihood library (PLL)... 0.000 seconds
Perform fast likelihood tree search using GTR+I+G model...
Estimate model parameters (epsilon = 5.000)
Perform nearest neighbor interchange...
Estimate model parameters (epsilon = 1.000)
1. Initial log-likelihood: -1803.502
Optimal log-likelihood: -1803.456
Rate parameters:  A-C: 6.47356  A-G: 28.42308  A-T: 2.12841  C-G: 11.01226  C-T: 70.23718  G-T: 1.00000
Base frequencies:  A: 0.235  C: 0.276  G: 0.277  T: 0.212
Proportion of invariable sites: 0.437
Gamma shape alpha: 0.310
Parameters optimization took 1 rounds (0.032 sec)
Time for fast ML tree search: 0.155 seconds

NOTE: ModelFinder requires 0 MB RAM!
ModelFinder will test up to 484 DNA models (sample size: 876) ...
 No. Model         -LnL         df  AIC          AICc         BIC
  1  GTR+F         1821.203     19  3680.405     3681.293     3771.137
  2  GTR+F+I       1803.461     20  3646.921     3647.904     3742.429
  3  GTR+F+G4      1803.623     20  3647.247     3648.229     3742.754
  4  GTR+F+I+G4    1803.467     21  3648.934     3650.016     3749.217
  5  GTR+F+R2      1804.487     21  3650.974     3652.056     3751.257
  6  GTR+F+R3      1803.840     23  3653.679     3654.975     3763.513
 14  GTR+F+I+R2    1803.697     22  3651.394     3652.580     3756.452
 15  GTR+F+I+R3    1803.510     24  3655.019     3656.430     3769.628
 24  SYM+I         1809.038     17  3652.076     3652.790     3733.258
 25  SYM+G4        1809.202     17  3652.403     3653.116     3733.584
 26  SYM+I+G4      1809.042     18  3654.084     3654.882     3740.040
 27  SYM+R2        1810.006     18  3656.012     3656.810     3741.969
 46  TVM+F+I       1808.445     19  3654.890     3655.778     3745.622
 47  TVM+F+G4      1808.693     19  3655.386     3656.274     3746.118
 48  TVM+F+I+G4    1808.544     20  3657.089     3658.071     3752.596
 49  TVM+F+R2      1809.477     20  3658.953     3659.936     3754.461
 68  TVMe+I        1813.420     16  3658.840     3659.473     3735.246
 69  TVMe+G4       1813.639     16  3659.278     3659.911     3735.683
 70  TVMe+I+G4     1813.509     17  3661.018     3661.732     3742.200
 71  TVMe+R2       1814.451     17  3662.902     3663.615     3744.083
 90  TIM3+F+I      1804.007     18  3644.013     3644.811     3729.970
 91  TIM3+F+G4     1804.179     18  3644.359     3645.157     3730.315
 92  TIM3+F+I+G4   1804.005     19  3646.009     3646.897     3736.741
 93  TIM3+F+R2     1805.011     19  3648.022     3648.910     3738.754
112  TIM3e+I       1809.831     15  3649.661     3650.219     3721.292
113  TIM3e+G4      1809.999     15  3649.997     3650.555     3721.628
114  TIM3e+I+G4    1809.842     16  3651.684     3652.317     3728.090
115  TIM3e+R2      1810.800     16  3653.601     3654.234     3730.007
134  TIM2+F+I      1806.642     18  3649.285     3650.083     3735.241
135  TIM2+F+G4     1806.741     18  3649.482     3650.280     3735.439
136  TIM2+F+I+G4   1806.711     19  3651.421     3652.309     3742.153
137  TIM2+F+R2     1807.678     19  3653.356     3654.244     3744.088
156  TIM2e+I       1813.284     15  3656.568     3657.126     3728.198
157  TIM2e+G4      1813.393     15  3656.785     3657.344     3728.416
158  TIM2e+I+G4    1813.398     16  3658.797     3659.430     3735.203
159  TIM2e+R2      1814.365     16  3660.731     3661.364     3737.137
178  TIM+F+I       1806.433     18  3648.866     3649.665     3734.823
179  TIM+F+G4      1806.544     18  3649.087     3649.885     3735.044
180  TIM+F+I+G4    1806.512     19  3651.025     3651.913     3741.757
181  TIM+F+R2      1807.525     19  3653.049     3653.937     3743.781
200  TIMe+I        1813.274     15  3656.548     3657.106     3728.178
201  TIMe+G4       1813.387     15  3656.774     3657.332     3728.405
202  TIMe+I+G4     1813.410     16  3658.819     3659.453     3735.225
203  TIMe+R2       1814.418     16  3660.835     3661.469     3737.241
222  TPM3u+F+I     1808.988     17  3651.976     3652.690     3733.158
223  TPM3u+F+G4    1809.246     17  3652.491     3653.205     3733.673
224  TPM3u+F+I+G4  1809.095     18  3654.191     3654.989     3740.147
225  TPM3u+F+R2    1810.008     18  3656.016     3656.814     3741.972
244  TPM3+I        1814.272     14  3656.543     3657.031     3723.398
245  TPM3+G4       1814.484     14  3656.969     3657.456     3723.824
246  TPM3+I+G4     1814.393     15  3658.786     3659.345     3730.417
247  TPM3+R2       1815.253     15  3660.506     3661.065     3732.137
266  TPM2u+F+I     1811.357     17  3656.713     3657.427     3737.894
267  TPM2u+F+G4    1811.571     17  3657.141     3657.854     3738.322
268  TPM2u+F+I+G4  1811.563     18  3659.126     3659.924     3745.082
269  TPM2u+F+R2    1812.525     18  3661.050     3661.848     3747.007
288  TPM2+I        1817.272     14  3662.544     3663.032     3729.399
289  TPM2+G4       1817.463     14  3662.926     3663.414     3729.781
290  TPM2+I+G4     1817.494     15  3664.988     3665.546     3736.618
291  TPM2+R2       1818.440     15  3666.879     3667.437     3738.510
310  K3Pu+F+I      1811.252     17  3656.504     3657.217     3737.685
311  K3Pu+F+G4     1811.468     17  3656.936     3657.649     3738.117
312  K3Pu+F+I+G4   1811.452     18  3658.903     3659.702     3744.860
313  K3Pu+F+R2     1812.426     18  3660.852     3661.650     3746.808
332  K3P+I         1817.430     14  3662.859     3663.347     3729.714
333  K3P+G4        1817.607     14  3663.213     3663.701     3730.068
334  K3P+I+G4      1817.647     15  3665.294     3665.852     3736.925
335  K3P+R2        1818.602     15  3667.205     3667.763     3738.835
354  TN+F+I        1807.041     17  3648.081     3648.794     3729.262
355  TN+F+G4       1807.128     17  3648.256     3648.969     3729.437
356  TN+F+I+G4     1807.110     18  3650.220     3651.018     3736.176
357  TN+F+R2       1808.069     18  3652.139     3652.937     3738.095
376  TNe+I         1813.937     14  3655.874     3656.361     3722.729
377  TNe+G4        1814.027     14  3656.055     3656.543     3722.910
378  TNe+I+G4      1814.056     15  3658.111     3658.670     3729.742
379  TNe+R2        1815.010     15  3660.021     3660.579     3731.651
398  HKY+F+I       1811.835     16  3655.670     3656.304     3732.076
399  HKY+F+G4      1812.024     16  3656.047     3656.681     3732.453
400  HKY+F+I+G4    1812.020     17  3658.040     3658.754     3739.222
401  HKY+F+R2      1812.953     17  3659.905     3660.619     3741.086
420  K2P+I         1818.056     13  3662.113     3662.535     3724.192
421  K2P+G4        1818.213     13  3662.426     3662.849     3724.506
422  K2P+I+G4      1818.260     14  3664.519     3665.007     3731.374
423  K2P+R2        1819.173     14  3666.346     3666.834     3733.201
442  F81+F+I       1859.446     15  3748.893     3749.451     3820.523
443  F81+F+G4      1859.448     15  3748.895     3749.453     3820.526
444  F81+F+I+G4    1859.768     16  3751.536     3752.170     3827.942
445  F81+F+R2      1860.730     16  3753.460     3754.093     3829.866
464  JC+I          1864.883     12  3753.766     3754.128     3811.070
465  JC+G4         1864.883     12  3753.766     3754.128     3811.071
466  JC+I+G4       1865.169     13  3756.338     3756.761     3818.418
467  JC+R2         1866.101     13  3758.202     3758.624     3820.282
Akaike Information Criterion:           TIM3+F+I
Corrected Akaike Information Criterion: TIM3+F+I
Bayesian Information Criterion:         TIM3e+I
Best-fit model: TIM3e+I chosen according to BIC

All model information printed to per_gene_alignments_codon/LOC101387136_.aln.model.gz
CPU time for ModelFinder: 1.765 seconds (0h:0m:1s)
Wall-clock time for ModelFinder: 3.924 seconds (0h:0m:3s)
Generating 1000 samples for ultrafast bootstrap (seed: 187223)...

NOTE: 0 MB RAM (0 GB) is required!
Estimate model parameters (epsilon = 0.100)
1. Initial log-likelihood: -1809.831
Optimal log-likelihood: -1809.830
Rate parameters:  A-C: 6.45521  A-G: 19.01827  A-T: 1.00000  C-G: 6.45521  C-T: 44.35530  G-T: 1.00000
Base frequencies:  A: 0.250  C: 0.250  G: 0.250  T: 0.250
Proportion of invariable sites: 0.774
Parameters optimization took 1 rounds (0.001 sec)
Wrote distance file to... 
Computing ML distances based on estimated model parameters...
Calculating distance matrix: done in 0.000154972 secs using 98.08% CPU
Computing ML distances took 0.000193 sec (of wall-clock time) 0.000197 sec (of CPU time)
Setting up auxiliary I and S matrices: done in 4.69685e-05 secs using 151.2% CPU
Computing RapidNJ tree took 0.000137 sec (of wall-clock time) 0.000218 sec (of CPU time)
Log-likelihood of RapidNJ tree: -1809.831
--------------------------------------------------------------------
|             INITIALIZING CANDIDATE TREE SET                      |
--------------------------------------------------------------------
Generating 99 parsimony trees... 0.062 second
Computing log-likelihood of 56 initial trees ... 0.020 seconds
Current best score: -1809.830

Do NNI search on 20 best initial trees
Estimate model parameters (epsilon = 0.100)
BETTER TREE FOUND at iteration 1: -1809.830
UPDATE BEST LOG-LIKELIHOOD: -1809.829
Iteration 10 / LogL: -1809.832 / Time: 0h:0m:4s
Iteration 20 / LogL: -1809.830 / Time: 0h:0m:4s
Finish initializing candidate tree set (1)
Current best tree score: -1809.829 / CPU time: 0.204
Number of iterations: 20
--------------------------------------------------------------------
|               OPTIMIZING CANDIDATE TREE SET                      |
--------------------------------------------------------------------
UPDATE BEST LOG-LIKELIHOOD: -1809.829
UPDATE BEST LOG-LIKELIHOOD: -1809.829
Iteration 30 / LogL: -1809.829 / Time: 0h:0m:4s (0h:0m:0s left)
Iteration 40 / LogL: -1809.830 / Time: 0h:0m:4s (0h:0m:0s left)
WARNING: NNI search needs unusual large number of steps (7) to converge!
Iteration 50 / LogL: -1809.830 / Time: 0h:0m:4s (0h:0m:0s left)
Log-likelihood cutoff on original alignment: -1830.582
Iteration 60 / LogL: -1809.829 / Time: 0h:0m:4s (0h:0m:0s left)
Iteration 70 / LogL: -1809.829 / Time: 0h:0m:4s (0h:0m:0s left)
UPDATE BEST LOG-LIKELIHOOD: -1809.829
Iteration 80 / LogL: -1809.829 / Time: 0h:0m:5s (0h:0m:0s left)
UPDATE BEST LOG-LIKELIHOOD: -1809.829
Iteration 90 / LogL: -1809.829 / Time: 0h:0m:5s (0h:0m:0s left)
Iteration 100 / LogL: -1809.829 / Time: 0h:0m:5s (0h:0m:0s left)
Log-likelihood cutoff on original alignment: -1831.105
NOTE: Bootstrap correlation coefficient of split occurrence frequencies: 0.998
TREE SEARCH COMPLETED AFTER 102 ITERATIONS / Time: 0h:0m:5s

--------------------------------------------------------------------
|                    FINALIZING TREE SEARCH                        |
--------------------------------------------------------------------
Performs final model parameters optimization
Estimate model parameters (epsilon = 0.010)
1. Initial log-likelihood: -1809.829
Optimal log-likelihood: -1809.829
Rate parameters:  A-C: 6.46968  A-G: 19.02801  A-T: 1.00000  C-G: 6.46968  C-T: 44.35501  G-T: 1.00000
Base frequencies:  A: 0.250  C: 0.250  G: 0.250  T: 0.250
Proportion of invariable sites: 0.773
Parameters optimization took 1 rounds (0.001 sec)
BEST SCORE FOUND : -1809.829
Creating bootstrap support values...
Split supports printed to NEXUS file per_gene_alignments_codon/LOC101387136_.aln.splits.nex
Total tree length: 0.179

Total number of iterations: 102
CPU time used for tree search: 0.936 sec (0h:0m:0s)
Wall-clock time used for tree search: 1.864 sec (0h:0m:1s)
Total CPU time used: 2.759 sec (0h:0m:2s)
Total wall-clock time used: 5.926 sec (0h:0m:5s)

Computing bootstrap consensus tree...
Reading input file per_gene_alignments_codon/LOC101387136_.aln.splits.nex...
7 taxa and 31 splits.
Consensus tree written to per_gene_alignments_codon/LOC101387136_.aln.contree
Reading input trees file per_gene_alignments_codon/LOC101387136_.aln.contree
Log-likelihood of consensus tree: -1809.833

Analysis results written to: 
  IQ-TREE report:                per_gene_alignments_codon/LOC101387136_.aln.iqtree
  Maximum-likelihood tree:       per_gene_alignments_codon/LOC101387136_.aln.treefile
  Likelihood distances:          per_gene_alignments_codon/LOC101387136_.aln.mldist

Ultrafast bootstrap approximation results written to:
  Split support values:          per_gene_alignments_codon/LOC101387136_.aln.splits.nex
  Consensus tree:                per_gene_alignments_codon/LOC101387136_.aln.contree
  Screen log file:               per_gene_alignments_codon/LOC101387136_.aln.log

Date and Time: Thu Oct 30 21:24:59 2025
