IQ-TREE multicore version 2.3.3 COVID-edition for Linux x86 64-bit built Apr 25 2024
Developed by Bui Quang Minh, James Barbetti, Nguyen Lam Tung, Olga Chernomor,
Heiko Schmidt, Dominik Schrempf, Michael Woodhams, Ly Trong Nhan, Thomas Wong

Host:    morpheus-OptiPlex-5050 (AVX2, FMA3, 503 GB RAM)
Command: iqtree2 -s per_gene_alignments_codon/LOC101387128_.aln.fna -m MFP -T 1 -B 1000 --prefix per_gene_alignments_codon/LOC101387128_.aln
Seed:    172466 (Using SPRNG - Scalable Parallel Random Number Generator)
Time:    Thu Oct 30 21:24:53 2025
Kernel:  AVX+FMA - 1 threads (72 CPU cores detected)

HINT: Use -nt option to specify number of threads because your CPU has 72 cores!
HINT: -nt AUTO will automatically determine the best number of threads to use.

Reading alignment file per_gene_alignments_codon/LOC101387128_.aln.fna ... Fasta format detected
Reading fasta file: done in 0.000775099 secs using 49.8% CPU
Alignment most likely contains DNA/RNA sequences
Alignment has 7 sequences with 2076 columns, 114 distinct patterns
133 parsimony-informative, 187 singleton sites, 1756 constant sites
                     Gap/Ambiguity  Composition  p-value
Analyzing sequences: done in 2.71797e-05 secs
   1  Ceratotherium_simum    0.00%    passed     90.26%
   2  Diceros_bicornis       0.00%    passed     84.54%
   3  Equus_asinus           0.00%    passed     91.91%
   4  Equus_quagga           0.00%    passed     89.30%
   5  Equus_caballus         0.00%    passed     97.87%
   6  Canis_lupus            0.00%    passed     19.37%
   7  Bos_taurus             0.00%    passed     98.66%
****  TOTAL                  0.00%  0 sequences failed composition chi2 test (p-value<5%; df=3)


Create initial parsimony tree by phylogenetic likelihood library (PLL)... 0.000 seconds
Perform fast likelihood tree search using GTR+I+G model...
Estimate model parameters (epsilon = 5.000)
Perform nearest neighbor interchange...
Estimate model parameters (epsilon = 1.000)
1. Initial log-likelihood: -4856.701
Optimal log-likelihood: -4856.618
Rate parameters:  A-C: 1.40647  A-G: 4.79440  A-T: 0.45362  C-G: 0.99781  C-T: 9.14929  G-T: 1.00000
Base frequencies:  A: 0.287  C: 0.262  G: 0.267  T: 0.184
Proportion of invariable sites: 0.419
Gamma shape alpha: 0.615
Parameters optimization took 1 rounds (0.016 sec)
Time for fast ML tree search: 0.053 seconds

NOTE: ModelFinder requires 0 MB RAM!
ModelFinder will test up to 484 DNA models (sample size: 2076) ...
 No. Model         -LnL         df  AIC          AICc         BIC
  1  GTR+F         4903.266     19  9844.532     9844.902     9951.658
  2  GTR+F+I       4858.944     20  9757.888     9758.297     9870.652
  3  GTR+F+G4      4857.891     20  9755.783     9756.191     9868.547
  4  GTR+F+I+G4    4856.599     21  9755.198     9755.648     9873.600
  5  GTR+F+R2      4858.968     21  9759.935     9760.385     9878.337
  6  GTR+F+R3      4858.000     23  9762.000     9762.538     9891.678
 14  GTR+F+I+R2    4857.893     22  9759.786     9760.279     9883.827
 15  GTR+F+I+R3    4856.791     24  9761.582     9762.167     9896.899
 24  SYM+I         4887.870     17  9809.740     9810.037     9905.589
 25  SYM+G4        4886.678     17  9807.356     9807.653     9903.205
 26  SYM+I+G4      4885.366     18  9806.732     9807.064     9908.219
 27  SYM+R2        4887.872     18  9811.743     9812.076     9913.231
 46  TVM+F+I       4868.059     19  9774.117     9774.487     9881.243
 47  TVM+F+G4      4867.116     19  9772.231     9772.601     9879.357
 48  TVM+F+I+G4    4865.695     20  9771.390     9771.798     9884.154
 49  TVM+F+R2      4868.096     20  9776.192     9776.601     9888.956
 68  TVMe+I        4890.369     16  9812.737     9813.001     9902.948
 69  TVMe+G4       4889.301     16  9810.602     9810.866     9900.813
 70  TVMe+I+G4     4887.986     17  9809.972     9810.269     9905.821
 71  TVMe+R2       4890.423     17  9814.845     9815.143     9910.695
 90  TIM3+F+I      4860.364     18  9756.727     9757.060     9858.215
 91  TIM3+F+G4     4859.378     18  9754.756     9755.089     9856.244
 92  TIM3+F+I+G4   4858.195     19  9754.391     9754.760     9861.516
 93  TIM3+F+R2     4860.408     19  9758.815     9759.185     9865.941
112  TIM3e+I       4889.341     15  9808.682     9808.915     9893.255
113  TIM3e+G4      4888.221     15  9806.442     9806.675     9891.015
114  TIM3e+I+G4    4887.003     16  9806.006     9806.270     9896.217
115  TIM3e+R2      4889.380     16  9810.759     9811.023     9900.970
134  TIM2+F+I      4862.388     18  9760.776     9761.109     9862.264
135  TIM2+F+G4     4861.451     18  9758.902     9759.234     9860.389
136  TIM2+F+I+G4   4860.288     19  9758.576     9758.945     9865.702
137  TIM2+F+R2     4862.425     19  9762.850     9763.220     9869.976
156  TIM2e+I       4894.381     15  9818.763     9818.996     9903.336
157  TIM2e+G4      4893.372     15  9816.744     9816.977     9901.317
158  TIM2e+I+G4    4892.219     16  9816.438     9816.702     9906.649
159  TIM2e+R2      4894.438     16  9820.875     9821.140     9911.087
178  TIM+F+I       4861.122     18  9758.244     9758.576     9859.731
179  TIM+F+G4      4860.141     18  9756.282     9756.614     9857.769
180  TIM+F+I+G4    4858.912     19  9755.824     9756.193     9862.949
181  TIM+F+R2      4861.145     19  9760.290     9760.659     9867.415
200  TIMe+I        4893.181     15  9816.362     9816.595     9900.935
201  TIMe+G4       4892.111     15  9814.221     9814.454     9898.794
202  TIMe+I+G4     4890.899     16  9813.798     9814.062     9904.009
203  TIMe+R2       4893.221     16  9818.443     9818.707     9908.654
222  TPM3u+F+I     4869.504     17  9773.007     9773.305     9868.857
223  TPM3u+F+G4    4868.608     17  9771.216     9771.513     9867.065
224  TPM3u+F+I+G4  4867.294     18  9770.589     9770.921     9872.077
225  TPM3u+F+R2    4869.559     18  9775.118     9775.451     9876.606
244  TPM3+I        4891.861     14  9811.721     9811.925     9890.656
245  TPM3+G4       4890.843     14  9809.687     9809.890     9888.621
246  TPM3+I+G4     4889.615     15  9809.230     9809.463     9893.803
247  TPM3+R2       4891.930     15  9813.859     9814.092     9898.432
266  TPM2u+F+I     4871.575     17  9777.149     9777.447     9872.999
267  TPM2u+F+G4    4870.725     17  9775.449     9775.747     9871.299
268  TPM2u+F+I+G4  4869.433     18  9774.866     9775.198     9876.353
269  TPM2u+F+R2    4871.555     18  9779.109     9779.442     9880.597
288  TPM2+I        4896.765     14  9821.531     9821.735     9900.466
289  TPM2+G4       4895.842     14  9819.683     9819.887     9898.618
290  TPM2+I+G4     4894.667     15  9819.334     9819.567     9903.907
291  TPM2+R2       4896.841     15  9823.683     9823.916     9908.256
310  K3Pu+F+I      4870.273     17  9774.546     9774.843     9870.395
311  K3Pu+F+G4     4869.383     17  9772.766     9773.063     9868.615
312  K3Pu+F+I+G4   4868.031     18  9772.061     9772.394     9873.549
313  K3Pu+F+R2     4870.308     18  9776.617     9776.949     9878.104
332  K3P+I         4895.563     14  9819.126     9819.330     9898.061
333  K3P+G4        4894.574     14  9817.148     9817.352     9896.083
334  K3P+I+G4      4893.337     15  9816.674     9816.907     9901.247
335  K3P+R2        4895.622     15  9821.244     9821.477     9905.817
354  TN+F+I        4862.431     17  9758.862     9759.160     9854.712
355  TN+F+G4       4861.485     17  9756.969     9757.266     9852.818
356  TN+F+I+G4     4860.319     18  9756.637     9756.970     9858.125
357  TN+F+R2       4862.459     18  9760.918     9761.251     9862.406
376  TNe+I         4894.514     14  9817.029     9817.232     9895.963
377  TNe+G4        4893.485     14  9814.971     9815.175     9893.906
378  TNe+I+G4      4892.332     15  9814.664     9814.897     9899.237
379  TNe+R2        4894.558     15  9819.115     9819.348     9903.688
398  HKY+F+I       4871.614     16  9775.228     9775.492     9865.439
399  HKY+F+G4      4870.751     16  9773.502     9773.767     9863.714
400  HKY+F+I+G4    4869.451     17  9772.902     9773.200     9868.752
401  HKY+F+R2      4871.655     17  9777.311     9777.608     9873.160
420  K2P+I         4896.911     13  9819.822     9819.999     9893.119
421  K2P+G4        4895.963     13  9817.925     9818.102     9891.222
422  K2P+I+G4      4894.777     14  9817.554     9817.758     9896.489
423  K2P+R2        4896.974     14  9821.947     9822.151     9900.882
442  F81+F+I       5007.685     15  10045.369    10045.602    10129.942
443  F81+F+G4      5006.651     15  10043.301    10043.534    10127.874
444  F81+F+I+G4    5005.998     16  10043.996    10044.260    10134.207
445  F81+F+R2      5007.790     16  10047.580    10047.844    10137.791
464  JC+I          5031.987     12  10087.973    10088.125    10155.632
465  JC+G4         5030.923     12  10085.847    10085.998    10153.505
466  JC+I+G4       5030.247     13  10086.493    10086.670    10159.790
467  JC+R2         5032.091     13  10090.182    10090.358    10163.478
Akaike Information Criterion:           TIM3+F+I+G4
Corrected Akaike Information Criterion: TIM3+F+I+G4
Bayesian Information Criterion:         TN+F+G4
Best-fit model: TN+F+G4 chosen according to BIC

All model information printed to per_gene_alignments_codon/LOC101387128_.aln.model.gz
CPU time for ModelFinder: 1.239 seconds (0h:0m:1s)
Wall-clock time for ModelFinder: 2.448 seconds (0h:0m:2s)
Generating 1000 samples for ultrafast bootstrap (seed: 172466)...

NOTE: 0 MB RAM (0 GB) is required!
Estimate model parameters (epsilon = 0.100)
1. Initial log-likelihood: -4861.485
Optimal log-likelihood: -4861.484
Rate parameters:  A-C: 1.00000  A-G: 4.76029  A-T: 1.00000  C-G: 1.00000  C-T: 9.07454  G-T: 1.00000
Base frequencies:  A: 0.287  C: 0.262  G: 0.267  T: 0.184
Gamma shape alpha: 0.186
Parameters optimization took 1 rounds (0.001 sec)
Wrote distance file to... 
Computing ML distances based on estimated model parameters...
Calculating distance matrix: done in 0.000529051 secs using 99.8% CPU
Computing ML distances took 0.000581 sec (of wall-clock time) 0.000586 sec (of CPU time)
Setting up auxiliary I and S matrices: done in 4.41074e-05 secs using 195% CPU
Computing RapidNJ tree took 0.000137 sec (of wall-clock time) 0.000276 sec (of CPU time)
Log-likelihood of RapidNJ tree: -4864.060
--------------------------------------------------------------------
|             INITIALIZING CANDIDATE TREE SET                      |
--------------------------------------------------------------------
Generating 98 parsimony trees... 0.063 second
Computing log-likelihood of 37 initial trees ... 0.019 seconds
Current best score: -4861.484

Do NNI search on 20 best initial trees
Estimate model parameters (epsilon = 0.100)
BETTER TREE FOUND at iteration 1: -4861.484
Iteration 10 / LogL: -4861.637 / Time: 0h:0m:2s
Iteration 20 / LogL: -4861.491 / Time: 0h:0m:2s
Finish initializing candidate tree set (1)
Current best tree score: -4861.484 / CPU time: 0.319
Number of iterations: 20
--------------------------------------------------------------------
|               OPTIMIZING CANDIDATE TREE SET                      |
--------------------------------------------------------------------
Iteration 30 / LogL: -4861.489 / Time: 0h:0m:3s (0h:0m:1s left)
UPDATE BEST LOG-LIKELIHOOD: -4861.484
Iteration 40 / LogL: -4861.499 / Time: 0h:0m:3s (0h:0m:1s left)
Iteration 50 / LogL: -4861.576 / Time: 0h:0m:3s (0h:0m:1s left)
Log-likelihood cutoff on original alignment: -4875.005
Iteration 60 / LogL: -4861.488 / Time: 0h:0m:3s (0h:0m:0s left)
Iteration 70 / LogL: -4861.484 / Time: 0h:0m:3s (0h:0m:0s left)
Iteration 80 / LogL: -4861.484 / Time: 0h:0m:4s (0h:0m:0s left)
Iteration 90 / LogL: -4861.484 / Time: 0h:0m:4s (0h:0m:0s left)
Iteration 100 / LogL: -4861.484 / Time: 0h:0m:4s (0h:0m:0s left)
Log-likelihood cutoff on original alignment: -4875.005
NOTE: Bootstrap correlation coefficient of split occurrence frequencies: 1.000
TREE SEARCH COMPLETED AFTER 102 ITERATIONS / Time: 0h:0m:4s

--------------------------------------------------------------------
|                    FINALIZING TREE SEARCH                        |
--------------------------------------------------------------------
Performs final model parameters optimization
Estimate model parameters (epsilon = 0.010)
1. Initial log-likelihood: -4861.484
Optimal log-likelihood: -4861.484
Rate parameters:  A-C: 1.00000  A-G: 4.75851  A-T: 1.00000  C-G: 1.00000  C-T: 9.06578  G-T: 1.00000
Base frequencies:  A: 0.287  C: 0.262  G: 0.267  T: 0.184
Gamma shape alpha: 0.186
Parameters optimization took 1 rounds (0.001 sec)
BEST SCORE FOUND : -4861.484
Creating bootstrap support values...
Split supports printed to NEXUS file per_gene_alignments_codon/LOC101387128_.aln.splits.nex
Total tree length: 0.230

Total number of iterations: 102
CPU time used for tree search: 1.145 sec (0h:0m:1s)
Wall-clock time used for tree search: 2.083 sec (0h:0m:2s)
Total CPU time used: 2.462 sec (0h:0m:2s)
Total wall-clock time used: 4.684 sec (0h:0m:4s)

Computing bootstrap consensus tree...
Reading input file per_gene_alignments_codon/LOC101387128_.aln.splits.nex...
7 taxa and 15 splits.
Consensus tree written to per_gene_alignments_codon/LOC101387128_.aln.contree
Reading input trees file per_gene_alignments_codon/LOC101387128_.aln.contree
Log-likelihood of consensus tree: -4861.484

Analysis results written to: 
  IQ-TREE report:                per_gene_alignments_codon/LOC101387128_.aln.iqtree
  Maximum-likelihood tree:       per_gene_alignments_codon/LOC101387128_.aln.treefile
  Likelihood distances:          per_gene_alignments_codon/LOC101387128_.aln.mldist

Ultrafast bootstrap approximation results written to:
  Split support values:          per_gene_alignments_codon/LOC101387128_.aln.splits.nex
  Consensus tree:                per_gene_alignments_codon/LOC101387128_.aln.contree
  Screen log file:               per_gene_alignments_codon/LOC101387128_.aln.log

Date and Time: Thu Oct 30 21:24:58 2025
