IQ-TREE multicore version 2.3.3 COVID-edition for Linux x86 64-bit built Apr 25 2024
Developed by Bui Quang Minh, James Barbetti, Nguyen Lam Tung, Olga Chernomor,
Heiko Schmidt, Dominik Schrempf, Michael Woodhams, Ly Trong Nhan, Thomas Wong

Host:    morpheus-OptiPlex-5050 (AVX2, FMA3, 503 GB RAM)
Command: iqtree2 -s per_gene_alignments_codon/LOC101388143_.aln.fna -m MFP -T 1 -B 1000 --prefix per_gene_alignments_codon/LOC101388143_.aln
Seed:    322875 (Using SPRNG - Scalable Parallel Random Number Generator)
Time:    Thu Oct 30 21:25:34 2025
Kernel:  AVX+FMA - 1 threads (72 CPU cores detected)

HINT: Use -nt option to specify number of threads because your CPU has 72 cores!
HINT: -nt AUTO will automatically determine the best number of threads to use.

Reading alignment file per_gene_alignments_codon/LOC101388143_.aln.fna ... Fasta format detected
Reading fasta file: done in 0.000466824 secs using 49.7% CPU
Alignment most likely contains DNA/RNA sequences
Alignment has 7 sequences with 1584 columns, 113 distinct patterns
125 parsimony-informative, 163 singleton sites, 1296 constant sites
                     Gap/Ambiguity  Composition  p-value
Analyzing sequences: done in 1.81198e-05 secs using 88.3% CPU
   1  Ceratotherium_simum    0.00%    passed     99.19%
   2  Diceros_bicornis       0.00%    passed     98.16%
   3  Equus_asinus           0.00%    passed     95.71%
   4  Equus_quagga           0.00%    passed     97.36%
   5  Equus_caballus         0.00%    passed     97.85%
   6  Canis_lupus            0.38%    passed     85.05%
   7  Bos_taurus             3.03%    passed     94.22%
****  TOTAL                  0.49%  0 sequences failed composition chi2 test (p-value<5%; df=3)


Create initial parsimony tree by phylogenetic likelihood library (PLL)... 0.000 seconds
Perform fast likelihood tree search using GTR+I+G model...
Estimate model parameters (epsilon = 5.000)
Perform nearest neighbor interchange...
Estimate model parameters (epsilon = 1.000)
1. Initial log-likelihood: -3849.580
Optimal log-likelihood: -3849.578
Rate parameters:  A-C: 0.94642  A-G: 4.06020  A-T: 0.40363  C-G: 0.91147  C-T: 3.09113  G-T: 1.00000
Base frequencies:  A: 0.280  C: 0.230  G: 0.247  T: 0.243
Proportion of invariable sites: 0.407
Gamma shape alpha: 2.381
Parameters optimization took 1 rounds (0.026 sec)
Time for fast ML tree search: 0.058 seconds

NOTE: ModelFinder requires 0 MB RAM!
ModelFinder will test up to 484 DNA models (sample size: 1584) ...
 No. Model         -LnL         df  AIC          AICc         BIC
  1  GTR+F         3860.517     19  7759.033     7759.519     7861.020
  2  GTR+F+I       3849.670     20  7739.341     7739.878     7846.695
  3  GTR+F+G4      3849.563     20  7739.126     7739.664     7846.481
  4  GTR+F+I+G4    3849.578     21  7741.156     7741.748     7853.878
  5  GTR+F+R2      3849.976     21  7741.952     7742.544     7854.674
  6  GTR+F+R3      3849.671     23  7745.341     7746.049     7868.799
 14  GTR+F+I+R2    3849.765     22  7743.531     7744.179     7861.620
 15  GTR+F+I+R3    3849.642     24  7747.284     7748.053     7876.109
 24  SYM+I         3854.129     17  7742.257     7742.648     7833.508
 25  SYM+G4        3854.046     17  7742.091     7742.482     7833.342
 26  SYM+I+G4      3854.056     18  7744.113     7744.550     7840.732
 27  SYM+R2        3854.461     18  7744.923     7745.360     7841.542
 46  TVM+F+I       3851.152     19  7740.304     7740.790     7842.291
 47  TVM+F+G4      3851.012     19  7740.024     7740.510     7842.011
 48  TVM+F+I+G4    3851.034     20  7742.069     7742.606     7849.423
 49  TVM+F+R2      3851.432     20  7742.863     7743.401     7850.217
 68  TVMe+I        3857.163     16  7746.327     7746.674     7832.210
 69  TVMe+G4       3857.039     16  7746.079     7746.426     7831.962
 70  TVMe+I+G4     3857.057     17  7748.113     7748.504     7839.364
 71  TVMe+R2       3857.471     17  7748.941     7749.332     7840.192
 90  TIM3+F+I      3852.752     18  7741.503     7741.941     7838.122
 91  TIM3+F+G4     3852.689     18  7741.379     7741.816     7837.997
 92  TIM3+F+I+G4   3852.695     19  7743.391     7743.877     7845.377
 93  TIM3+F+R2     3853.060     19  7744.119     7744.605     7846.106
112  TIM3e+I       3856.696     15  7743.391     7743.698     7823.907
113  TIM3e+G4      3856.657     15  7743.314     7743.620     7823.829
114  TIM3e+I+G4    3856.658     16  7745.316     7745.663     7831.199
115  TIM3e+R2      3857.028     16  7746.056     7746.403     7831.939
134  TIM2+F+I      3852.424     18  7740.847     7741.284     7837.466
135  TIM2+F+G4     3852.397     18  7740.795     7741.232     7837.414
136  TIM2+F+I+G4   3852.395     19  7742.791     7743.277     7844.777
137  TIM2+F+R2     3852.751     19  7743.501     7743.987     7845.488
156  TIM2e+I       3856.667     15  7743.334     7743.640     7823.850
157  TIM2e+G4      3856.657     15  7743.314     7743.620     7823.829
158  TIM2e+I+G4    3856.653     16  7745.305     7745.652     7831.188
159  TIM2e+R2      3857.017     16  7746.035     7746.382     7831.918
178  TIM+F+I       3852.142     18  7740.283     7740.720     7836.902
179  TIM+F+G4      3852.077     18  7740.155     7740.592     7836.774
180  TIM+F+I+G4    3852.085     19  7742.170     7742.656     7844.156
181  TIM+F+R2      3852.481     19  7742.962     7743.447     7844.948
200  TIMe+I        3855.916     15  7741.832     7742.138     7822.348
201  TIMe+G4       3855.868     15  7741.737     7742.043     7822.252
202  TIMe+I+G4     3855.873     16  7743.746     7744.093     7829.629
203  TIMe+R2       3856.280     16  7744.559     7744.907     7830.443
222  TPM3u+F+I     3854.202     17  7742.404     7742.795     7833.655
223  TPM3u+F+G4    3854.110     17  7742.220     7742.611     7833.471
224  TPM3u+F+I+G4  3854.123     18  7744.246     7744.683     7840.865
225  TPM3u+F+R2    3854.563     18  7745.127     7745.564     7841.746
244  TPM3+I        3859.711     14  7747.422     7747.689     7822.570
245  TPM3+G4       3859.631     14  7747.262     7747.530     7822.410
246  TPM3+I+G4     3859.640     15  7749.280     7749.586     7829.795
247  TPM3+R2       3860.021     15  7750.042     7750.348     7830.557
266  TPM2u+F+I     3853.886     17  7741.772     7742.163     7833.023
267  TPM2u+F+G4    3853.837     17  7741.674     7742.065     7832.925
268  TPM2u+F+I+G4  3853.839     18  7743.678     7744.115     7840.296
269  TPM2u+F+R2    3854.196     18  7744.391     7744.828     7841.010
288  TPM2+I        3859.669     14  7747.339     7747.607     7822.487
289  TPM2+G4       3859.627     14  7747.255     7747.522     7822.403
290  TPM2+I+G4     3859.627     15  7749.254     7749.560     7829.770
291  TPM2+R2       3860.000     15  7750.001     7750.307     7830.516
310  K3Pu+F+I      3853.612     17  7741.224     7741.615     7832.475
311  K3Pu+F+G4     3853.524     17  7741.048     7741.439     7832.299
312  K3Pu+F+I+G4   3853.535     18  7743.069     7743.506     7839.688
313  K3Pu+F+R2     3853.927     18  7743.855     7744.292     7840.474
332  K3P+I         3858.947     14  7745.895     7746.163     7821.043
333  K3P+G4        3858.867     14  7745.734     7746.001     7820.882
334  K3P+I+G4      3858.875     15  7747.749     7748.055     7828.265
335  K3P+R2        3859.286     15  7748.572     7748.878     7829.088
354  TN+F+I        3853.718     17  7741.436     7741.827     7832.687
355  TN+F+G4       3853.695     17  7741.391     7741.781     7832.642
356  TN+F+I+G4     3853.693     18  7743.386     7743.823     7840.005
357  TN+F+R2       3854.044     18  7744.088     7744.525     7840.707
376  TNe+I         3857.453     14  7742.905     7743.173     7818.053
377  TNe+G4        3857.445     14  7742.890     7743.158     7818.038
378  TNe+I+G4      3857.440     15  7744.881     7745.187     7825.396
379  TNe+R2        3857.801     15  7745.601     7745.908     7826.117
398  HKY+F+I       3855.167     16  7742.334     7742.681     7828.217
399  HKY+F+G4      3855.121     16  7742.242     7742.589     7828.126
400  HKY+F+I+G4    3855.123     17  7744.245     7744.636     7835.496
401  HKY+F+R2      3855.476     17  7744.952     7745.342     7836.203
420  K2P+I         3860.457     13  7746.914     7747.146     7816.694
421  K2P+G4        3860.416     13  7746.833     7747.065     7816.613
422  K2P+I+G4      3860.416     14  7748.833     7749.100     7823.981
423  K2P+R2        3860.787     14  7749.575     7749.842     7824.723
442  F81+F+I       3932.150     15  7894.300     7894.606     7974.816
443  F81+F+G4      3932.281     15  7894.562     7894.868     7975.078
444  F81+F+I+G4    3932.194     16  7896.388     7896.735     7982.271
445  F81+F+R2      3932.513     16  7897.025     7897.373     7982.909
464  JC+I          3937.954     12  7899.909     7900.108     7964.321
465  JC+G4         3938.109     12  7900.218     7900.416     7964.630
466  JC+I+G4       3938.007     13  7902.015     7902.247     7971.795
467  JC+R2         3938.329     13  7902.657     7902.889     7972.437
Akaike Information Criterion:           GTR+F+G4
Corrected Akaike Information Criterion: GTR+F+G4
Bayesian Information Criterion:         K2P+G4
Best-fit model: K2P+G4 chosen according to BIC

All model information printed to per_gene_alignments_codon/LOC101388143_.aln.model.gz
CPU time for ModelFinder: 0.760 seconds (0h:0m:0s)
Wall-clock time for ModelFinder: 2.106 seconds (0h:0m:2s)
Generating 1000 samples for ultrafast bootstrap (seed: 322875)...

NOTE: 0 MB RAM (0 GB) is required!
Estimate model parameters (epsilon = 0.100)
1. Initial log-likelihood: -3860.416
Optimal log-likelihood: -3860.416
Rate parameters:  A-C: 1.00000  A-G: 4.47387  A-T: 1.00000  C-G: 1.00000  C-T: 4.47387  G-T: 1.00000
Base frequencies:  A: 0.250  C: 0.250  G: 0.250  T: 0.250
Gamma shape alpha: 0.505
Parameters optimization took 1 rounds (0.001 sec)
Wrote distance file to... 
Computing ML distances based on estimated model parameters...
Calculating distance matrix: done in 0.000545979 secs using 98.36% CPU
Computing ML distances took 0.000600 sec (of wall-clock time) 0.000596 sec (of CPU time)
Setting up auxiliary I and S matrices: done in 4.00543e-05 secs using 97.37% CPU
Computing RapidNJ tree took 0.000128 sec (of wall-clock time) 0.000126 sec (of CPU time)
Log-likelihood of RapidNJ tree: -3860.416
--------------------------------------------------------------------
|             INITIALIZING CANDIDATE TREE SET                      |
--------------------------------------------------------------------
Generating 99 parsimony trees... 0.124 second
Computing log-likelihood of 41 initial trees ... 0.040 seconds
Current best score: -3860.416

Do NNI search on 20 best initial trees
Estimate model parameters (epsilon = 0.100)
BETTER TREE FOUND at iteration 1: -3860.416
Iteration 10 / LogL: -3860.450 / Time: 0h:0m:2s
Iteration 20 / LogL: -3860.419 / Time: 0h:0m:2s
Finish initializing candidate tree set (1)
Current best tree score: -3860.416 / CPU time: 0.453
Number of iterations: 20
--------------------------------------------------------------------
|               OPTIMIZING CANDIDATE TREE SET                      |
--------------------------------------------------------------------
Iteration 30 / LogL: -3860.416 / Time: 0h:0m:2s (0h:0m:1s left)
Iteration 40 / LogL: -3860.474 / Time: 0h:0m:3s (0h:0m:1s left)
Iteration 50 / LogL: -3860.419 / Time: 0h:0m:3s (0h:0m:1s left)
Log-likelihood cutoff on original alignment: -3876.820
Iteration 60 / LogL: -3860.421 / Time: 0h:0m:3s (0h:0m:0s left)
Iteration 70 / LogL: -3860.739 / Time: 0h:0m:3s (0h:0m:0s left)
Iteration 80 / LogL: -3860.416 / Time: 0h:0m:3s (0h:0m:0s left)
Iteration 90 / LogL: -3860.416 / Time: 0h:0m:3s (0h:0m:0s left)
Iteration 100 / LogL: -3860.416 / Time: 0h:0m:4s (0h:0m:0s left)
Log-likelihood cutoff on original alignment: -3877.065
NOTE: Bootstrap correlation coefficient of split occurrence frequencies: 1.000
TREE SEARCH COMPLETED AFTER 102 ITERATIONS / Time: 0h:0m:4s

--------------------------------------------------------------------
|                    FINALIZING TREE SEARCH                        |
--------------------------------------------------------------------
Performs final model parameters optimization
Estimate model parameters (epsilon = 0.010)
1. Initial log-likelihood: -3860.416
Optimal log-likelihood: -3860.416
Rate parameters:  A-C: 1.00000  A-G: 4.47387  A-T: 1.00000  C-G: 1.00000  C-T: 4.47387  G-T: 1.00000
Base frequencies:  A: 0.250  C: 0.250  G: 0.250  T: 0.250
Gamma shape alpha: 0.505
Parameters optimization took 1 rounds (0.001 sec)
BEST SCORE FOUND : -3860.416
Creating bootstrap support values...
Split supports printed to NEXUS file per_gene_alignments_codon/LOC101388143_.aln.splits.nex
Total tree length: 0.242

Total number of iterations: 102
CPU time used for tree search: 1.112 sec (0h:0m:1s)
Wall-clock time used for tree search: 2.028 sec (0h:0m:2s)
Total CPU time used: 1.937 sec (0h:0m:1s)
Total wall-clock time used: 4.275 sec (0h:0m:4s)

Computing bootstrap consensus tree...
Reading input file per_gene_alignments_codon/LOC101388143_.aln.splits.nex...
7 taxa and 15 splits.
Consensus tree written to per_gene_alignments_codon/LOC101388143_.aln.contree
Reading input trees file per_gene_alignments_codon/LOC101388143_.aln.contree
Log-likelihood of consensus tree: -3860.416

Analysis results written to: 
  IQ-TREE report:                per_gene_alignments_codon/LOC101388143_.aln.iqtree
  Maximum-likelihood tree:       per_gene_alignments_codon/LOC101388143_.aln.treefile
  Likelihood distances:          per_gene_alignments_codon/LOC101388143_.aln.mldist

Ultrafast bootstrap approximation results written to:
  Split support values:          per_gene_alignments_codon/LOC101388143_.aln.splits.nex
  Consensus tree:                per_gene_alignments_codon/LOC101388143_.aln.contree
  Screen log file:               per_gene_alignments_codon/LOC101388143_.aln.log

Date and Time: Thu Oct 30 21:25:38 2025
