IQ-TREE multicore version 2.3.3 COVID-edition for Linux x86 64-bit built Apr 25 2024
Developed by Bui Quang Minh, James Barbetti, Nguyen Lam Tung, Olga Chernomor,
Heiko Schmidt, Dominik Schrempf, Michael Woodhams, Ly Trong Nhan, Thomas Wong

Host:    morpheus-OptiPlex-5050 (AVX2, FMA3, 503 GB RAM)
Command: iqtree2 -s per_gene_alignments_codon/LOC101399385_.aln.fna -m MFP -T 1 -B 1000 --prefix per_gene_alignments_codon/LOC101399385_.aln
Seed:    87305 (Using SPRNG - Scalable Parallel Random Number Generator)
Time:    Thu Oct 30 21:33:22 2025
Kernel:  AVX+FMA - 1 threads (72 CPU cores detected)

HINT: Use -nt option to specify number of threads because your CPU has 72 cores!
HINT: -nt AUTO will automatically determine the best number of threads to use.

Reading alignment file per_gene_alignments_codon/LOC101399385_.aln.fna ... Fasta format detected
Reading fasta file: done in 0.000341892 secs using 66.4% CPU
Alignment most likely contains DNA/RNA sequences
Alignment has 7 sequences with 1101 columns, 103 distinct patterns
111 parsimony-informative, 147 singleton sites, 843 constant sites
                     Gap/Ambiguity  Composition  p-value
Analyzing sequences: done in 1.69277e-05 secs using 64.98% CPU
   1  Ceratotherium_simum    0.00%    passed     95.15%
   2  Diceros_bicornis       0.00%    passed     97.17%
   3  Equus_asinus           0.00%    passed     88.76%
   4  Equus_quagga           0.00%    passed     81.98%
   5  Equus_caballus         0.00%    passed     92.90%
   6  Canis_lupus            0.00%    passed     10.37%
   7  Bos_taurus             1.91%    passed     96.88%
****  TOTAL                  0.27%  0 sequences failed composition chi2 test (p-value<5%; df=3)


Create initial parsimony tree by phylogenetic likelihood library (PLL)... 0.000 seconds
Perform fast likelihood tree search using GTR+I+G model...
Estimate model parameters (epsilon = 5.000)
Perform nearest neighbor interchange...
Estimate model parameters (epsilon = 1.000)
1. Initial log-likelihood: -2890.114
Optimal log-likelihood: -2890.091
Rate parameters:  A-C: 1.45364  A-G: 6.44086  A-T: 1.24509  C-G: 1.06068  C-T: 5.15207  G-T: 1.00000
Base frequencies:  A: 0.142  C: 0.361  G: 0.299  T: 0.197
Proportion of invariable sites: 0.379
Gamma shape alpha: 1.246
Parameters optimization took 1 rounds (0.015 sec)
Time for fast ML tree search: 0.075 seconds

NOTE: ModelFinder requires 0 MB RAM!
ModelFinder will test up to 484 DNA models (sample size: 1101) ...
 No. Model         -LnL         df  AIC          AICc         BIC
  1  GTR+F         2910.881     19  5859.763     5860.466     5954.838
  2  GTR+F+I       2889.106     20  5818.211     5818.989     5918.291
  3  GTR+F+G4      2890.010     20  5820.021     5820.799     5920.100
  4  GTR+F+I+G4    2890.086     21  5822.171     5823.028     5927.255
  5  GTR+F+R2      2891.070     21  5824.139     5824.996     5929.223
  6  GTR+F+R3      2890.169     23  5826.337     5827.362     5941.429
 14  GTR+F+I+R2    2889.721     22  5823.442     5824.380     5933.529
 15  GTR+F+I+R3    2889.839     24  5827.677     5828.792     5947.773
 24  SYM+I         2977.182     17  5988.365     5988.930     6073.432
 25  SYM+G4        2977.778     17  5989.556     5990.121     6074.623
 26  SYM+I+G4      2977.786     18  5991.572     5992.205     6081.644
 46  TVM+F+I       2889.741     19  5817.481     5818.184     5912.557
 47  TVM+F+G4      2890.667     19  5819.334     5820.037     5914.410
 48  TVM+F+I+G4    2890.757     20  5821.514     5822.292     5921.594
 68  TVMe+I        2977.602     16  5987.205     5987.706     6067.268
 69  TVMe+G4       2978.147     16  5988.293     5988.795     6068.357
 70  TVMe+I+G4     2978.140     17  5990.281     5990.846     6075.349
 90  TIM3+F+I      2889.771     18  5815.542     5816.174     5905.613
 91  TIM3+F+G4     2890.679     18  5817.358     5817.990     5907.430
 92  TIM3+F+I+G4   2890.746     19  5819.491     5820.194     5914.567
112  TIM3e+I       2978.406     15  5986.813     5987.255     6061.872
113  TIM3e+G4      2979.015     15  5988.030     5988.472     6063.089
114  TIM3e+I+G4    2979.010     16  5990.020     5990.522     6070.084
134  TIM2+F+I      2889.224     18  5814.448     5815.080     5904.519
135  TIM2+F+G4     2890.104     18  5816.207     5816.839     5906.279
136  TIM2+F+I+G4   2890.181     19  5818.363     5819.066     5913.438
156  TIM2e+I       2979.535     15  5989.069     5989.511     6064.129
157  TIM2e+G4      2980.130     15  5990.261     5990.703     6065.321
158  TIM2e+I+G4    2980.102     16  5992.205     5992.706     6072.268
178  TIM+F+I       2889.858     18  5815.716     5816.348     5905.787
179  TIM+F+G4      2890.752     18  5817.503     5818.135     5907.575
180  TIM+F+I+G4    2890.806     19  5819.613     5820.316     5914.688
200  TIMe+I        2979.896     15  5989.792     5990.235     6064.852
201  TIMe+G4       2980.542     15  5991.085     5991.527     6066.144
202  TIMe+I+G4     2980.515     16  5993.029     5993.531     6073.093
222  TPM3u+F+I     2890.376     17  5814.752     5815.317     5899.819
223  TPM3u+F+G4    2891.299     17  5816.598     5817.163     5901.665
224  TPM3u+F+I+G4  2891.378     18  5818.756     5819.388     5908.828
244  TPM3+I        2978.842     14  5985.684     5986.070     6055.739
245  TPM3+G4       2979.400     14  5986.801     5987.187     6056.856
246  TPM3+I+G4     2979.398     15  5988.796     5989.238     6063.855
266  TPM2u+F+I     2889.859     17  5813.717     5814.282     5898.785
267  TPM2u+F+G4    2890.754     17  5815.509     5816.074     5900.576
268  TPM2u+F+I+G4  2890.844     18  5817.687     5818.320     5907.759
288  TPM2+I        2979.901     14  5987.802     5988.189     6057.858
289  TPM2+G4       2980.461     14  5988.921     5989.308     6058.977
290  TPM2+I+G4     2980.433     15  5990.866     5991.308     6065.925
310  K3Pu+F+I      2890.457     17  5814.914     5815.479     5899.982
311  K3Pu+F+G4     2891.349     17  5816.698     5817.263     5901.766
312  K3Pu+F+I+G4   2891.425     18  5818.851     5819.483     5908.922
332  K3P+I         2980.293     14  5988.586     5988.973     6058.642
333  K3P+G4        2980.898     14  5989.797     5990.184     6059.853
334  K3P+I+G4      2980.871     15  5991.743     5992.185     6066.803
354  TN+F+I        2889.893     17  5813.785     5814.350     5898.853
355  TN+F+G4       2890.783     17  5815.565     5816.130     5900.633
356  TN+F+I+G4     2890.842     18  5817.684     5818.316     5907.755
376  TNe+I         2980.605     14  5989.210     5989.596     6059.265
377  TNe+G4        2981.211     14  5990.423     5990.810     6060.478
378  TNe+I+G4      2981.195     15  5992.390     5992.833     6067.450
398  HKY+F+I       2890.491     16  5812.981     5813.483     5893.045
399  HKY+F+G4      2891.385     16  5814.769     5815.271     5894.833
400  HKY+F+I+G4    2891.462     17  5816.924     5817.489     5901.991
420  K2P+I         2980.993     13  5987.987     5988.321     6053.038
421  K2P+G4        2981.561     13  5989.122     5989.457     6054.174
422  K2P+I+G4      2981.543     14  5991.087     5991.473     6061.142
442  F81+F+I       2965.113     15  5960.227     5960.669     6035.287
443  F81+F+G4      2965.704     15  5961.409     5961.851     6036.469
444  F81+F+I+G4    2965.578     16  5963.157     5963.659     6043.220
464  JC+I          3043.250     12  6110.500     6110.787     6170.548
465  JC+G4         3043.800     12  6111.600     6111.886     6171.647
466  JC+I+G4       3043.634     13  6113.268     6113.602     6178.319
Akaike Information Criterion:           HKY+F+I
Corrected Akaike Information Criterion: HKY+F+I
Bayesian Information Criterion:         HKY+F+I
Best-fit model: HKY+F+I chosen according to BIC

All model information printed to per_gene_alignments_codon/LOC101399385_.aln.model.gz
CPU time for ModelFinder: 0.493 seconds (0h:0m:0s)
Wall-clock time for ModelFinder: 1.491 seconds (0h:0m:1s)
Generating 1000 samples for ultrafast bootstrap (seed: 87305)...

NOTE: 0 MB RAM (0 GB) is required!
Estimate model parameters (epsilon = 0.100)
1. Initial log-likelihood: -2890.491
Optimal log-likelihood: -2890.491
Rate parameters:  A-C: 1.00000  A-G: 4.99114  A-T: 1.00000  C-G: 1.00000  C-T: 4.99114  G-T: 1.00000
Base frequencies:  A: 0.142  C: 0.361  G: 0.299  T: 0.197
Proportion of invariable sites: 0.578
Parameters optimization took 1 rounds (0.001 sec)
Wrote distance file to... 
Computing ML distances based on estimated model parameters...
Calculating distance matrix: done in 0.000174046 secs using 99.97% CPU
Computing ML distances took 0.000222 sec (of wall-clock time) 0.000227 sec (of CPU time)
Setting up auxiliary I and S matrices: done in 4.69685e-05 secs using 193.7% CPU
Computing RapidNJ tree took 0.000130 sec (of wall-clock time) 0.000257 sec (of CPU time)
Log-likelihood of RapidNJ tree: -2890.492
--------------------------------------------------------------------
|             INITIALIZING CANDIDATE TREE SET                      |
--------------------------------------------------------------------
Generating 99 parsimony trees... 0.107 second
Computing log-likelihood of 41 initial trees ... 0.028 seconds
Current best score: -2890.491

Do NNI search on 20 best initial trees
Estimate model parameters (epsilon = 0.100)
BETTER TREE FOUND at iteration 1: -2890.491
Iteration 10 / LogL: -2890.512 / Time: 0h:0m:1s
Iteration 20 / LogL: -2890.515 / Time: 0h:0m:1s
Finish initializing candidate tree set (1)
Current best tree score: -2890.491 / CPU time: 0.300
Number of iterations: 20
--------------------------------------------------------------------
|               OPTIMIZING CANDIDATE TREE SET                      |
--------------------------------------------------------------------
Iteration 30 / LogL: -2890.491 / Time: 0h:0m:2s (0h:0m:1s left)
Iteration 40 / LogL: -2890.530 / Time: 0h:0m:2s (0h:0m:1s left)
UPDATE BEST LOG-LIKELIHOOD: -2890.491
Iteration 50 / LogL: -2890.902 / Time: 0h:0m:2s (0h:0m:0s left)
Log-likelihood cutoff on original alignment: -2904.686
Iteration 60 / LogL: -2890.491 / Time: 0h:0m:2s (0h:0m:0s left)
Iteration 70 / LogL: -2890.903 / Time: 0h:0m:2s (0h:0m:0s left)
Iteration 80 / LogL: -2890.530 / Time: 0h:0m:3s (0h:0m:0s left)
Iteration 90 / LogL: -2890.513 / Time: 0h:0m:3s (0h:0m:0s left)
Iteration 100 / LogL: -2890.530 / Time: 0h:0m:3s (0h:0m:0s left)
Log-likelihood cutoff on original alignment: -2904.686
NOTE: Bootstrap correlation coefficient of split occurrence frequencies: 0.999
TREE SEARCH COMPLETED AFTER 102 ITERATIONS / Time: 0h:0m:3s

--------------------------------------------------------------------
|                    FINALIZING TREE SEARCH                        |
--------------------------------------------------------------------
Performs final model parameters optimization
Estimate model parameters (epsilon = 0.010)
1. Initial log-likelihood: -2890.491
Optimal log-likelihood: -2890.491
Rate parameters:  A-C: 1.00000  A-G: 4.99207  A-T: 1.00000  C-G: 1.00000  C-T: 4.99207  G-T: 1.00000
Base frequencies:  A: 0.142  C: 0.361  G: 0.299  T: 0.197
Proportion of invariable sites: 0.578
Parameters optimization took 1 rounds (0.001 sec)
BEST SCORE FOUND : -2890.491
Creating bootstrap support values...
Split supports printed to NEXUS file per_gene_alignments_codon/LOC101399385_.aln.splits.nex
Total tree length: 0.381

Total number of iterations: 102
CPU time used for tree search: 0.911 sec (0h:0m:0s)
Wall-clock time used for tree search: 2.008 sec (0h:0m:2s)
Total CPU time used: 1.463 sec (0h:0m:1s)
Total wall-clock time used: 3.624 sec (0h:0m:3s)

Computing bootstrap consensus tree...
Reading input file per_gene_alignments_codon/LOC101399385_.aln.splits.nex...
7 taxa and 15 splits.
Consensus tree written to per_gene_alignments_codon/LOC101399385_.aln.contree
Reading input trees file per_gene_alignments_codon/LOC101399385_.aln.contree
Log-likelihood of consensus tree: -2890.492

Analysis results written to: 
  IQ-TREE report:                per_gene_alignments_codon/LOC101399385_.aln.iqtree
  Maximum-likelihood tree:       per_gene_alignments_codon/LOC101399385_.aln.treefile
  Likelihood distances:          per_gene_alignments_codon/LOC101399385_.aln.mldist

Ultrafast bootstrap approximation results written to:
  Split support values:          per_gene_alignments_codon/LOC101399385_.aln.splits.nex
  Consensus tree:                per_gene_alignments_codon/LOC101399385_.aln.contree
  Screen log file:               per_gene_alignments_codon/LOC101399385_.aln.log

Date and Time: Thu Oct 30 21:33:25 2025
