IQ-TREE multicore version 2.3.3 COVID-edition for Linux x86 64-bit built Apr 25 2024
Developed by Bui Quang Minh, James Barbetti, Nguyen Lam Tung, Olga Chernomor,
Heiko Schmidt, Dominik Schrempf, Michael Woodhams, Ly Trong Nhan, Thomas Wong

Host:    morpheus-OptiPlex-5050 (AVX2, FMA3, 503 GB RAM)
Command: iqtree2 -s per_gene_alignments_codon/LOC101391706_.aln.fna -m MFP -T 1 -B 1000 --prefix per_gene_alignments_codon/LOC101391706_.aln
Seed:    13772 (Using SPRNG - Scalable Parallel Random Number Generator)
Time:    Thu Oct 30 21:28:07 2025
Kernel:  AVX+FMA - 1 threads (72 CPU cores detected)

HINT: Use -nt option to specify number of threads because your CPU has 72 cores!
HINT: -nt AUTO will automatically determine the best number of threads to use.

Reading alignment file per_gene_alignments_codon/LOC101391706_.aln.fna ... Fasta format detected
Reading fasta file: done in 0.000893116 secs
Alignment most likely contains DNA/RNA sequences
Alignment has 7 sequences with 3231 columns, 119 distinct patterns
188 parsimony-informative, 291 singleton sites, 2752 constant sites
                     Gap/Ambiguity  Composition  p-value
Analyzing sequences: done in 2.59876e-05 secs using 92.35% CPU
   1  Ceratotherium_simum    0.00%    passed     97.57%
   2  Diceros_bicornis       0.00%    passed     93.23%
   3  Equus_asinus           0.00%    passed     98.91%
   4  Equus_quagga           0.00%    passed     98.91%
   5  Equus_caballus         0.00%    passed     99.36%
   6  Canis_lupus            0.00%    passed     89.48%
   7  Bos_taurus             0.00%    passed     67.09%
****  TOTAL                  0.00%  0 sequences failed composition chi2 test (p-value<5%; df=3)


Create initial parsimony tree by phylogenetic likelihood library (PLL)... 0.000 seconds
Perform fast likelihood tree search using GTR+I+G model...
Estimate model parameters (epsilon = 5.000)
Perform nearest neighbor interchange...
Estimate model parameters (epsilon = 1.000)
1. Initial log-likelihood: -7265.848
Optimal log-likelihood: -7265.838
Rate parameters:  A-C: 1.68617  A-G: 7.65965  A-T: 0.89377  C-G: 1.90482  C-T: 8.17920  G-T: 1.00000
Base frequencies:  A: 0.190  C: 0.314  G: 0.279  T: 0.218
Proportion of invariable sites: 0.423
Gamma shape alpha: 1.071
Parameters optimization took 1 rounds (0.016 sec)
Time for fast ML tree search: 0.060 seconds

NOTE: ModelFinder requires 0 MB RAM!
ModelFinder will test up to 484 DNA models (sample size: 3231) ...
 No. Model         -LnL         df  AIC          AICc         BIC
  1  GTR+F         7296.253     19  14630.506    14630.743    14746.036
  2  GTR+F+I       7266.002     20  14572.004    14572.266    14693.615
  3  GTR+F+G4      7265.885     20  14571.770    14572.031    14693.381
  4  GTR+F+I+G4    7265.856     21  14573.713    14574.000    14701.404
  5  GTR+F+R2      7266.561     21  14575.122    14575.409    14702.813
  6  GTR+F+R3      7265.985     23  14577.970    14578.314    14717.823
 14  GTR+F+I+R2    7266.073     22  14576.146    14576.461    14709.918
 15  GTR+F+I+R3    7265.869     24  14579.739    14580.113    14725.672
 24  SYM+I         7325.448     17  14684.896    14685.086    14788.265
 25  SYM+G4        7325.068     17  14684.137    14684.327    14787.506
 26  SYM+I+G4      7325.005     18  14686.010    14686.223    14795.460
 27  SYM+R2        7325.935     18  14687.870    14688.083    14797.319
 46  TVM+F+I       7266.147     19  14570.294    14570.531    14685.825
 47  TVM+F+G4      7266.029     19  14570.059    14570.295    14685.589
 48  TVM+F+I+G4    7266.002     20  14572.004    14572.265    14693.615
 49  TVM+F+R2      7266.720     20  14573.439    14573.701    14695.050
 68  TVMe+I        7326.771     16  14685.541    14685.711    14782.830
 69  TVMe+G4       7326.418     16  14684.836    14685.005    14782.125
 70  TVMe+I+G4     7326.345     17  14686.691    14686.881    14790.060
 71  TVMe+R2       7327.271     17  14688.541    14688.732    14791.910
 90  TIM3+F+I      7266.200     18  14568.399    14568.612    14677.849
 91  TIM3+F+G4     7266.076     18  14568.153    14568.366    14677.603
 92  TIM3+F+I+G4   7266.050     19  14570.099    14570.336    14685.630
 93  TIM3+F+R2     7266.777     19  14571.554    14571.791    14687.085
112  TIM3e+I       7327.837     15  14685.674    14685.823    14776.882
113  TIM3e+G4      7327.483     15  14684.966    14685.115    14776.174
114  TIM3e+I+G4    7327.423     16  14686.846    14687.015    14784.135
115  TIM3e+R2      7328.266     16  14688.532    14688.702    14785.821
134  TIM2+F+I      7270.900     18  14577.801    14578.014    14687.251
135  TIM2+F+G4     7270.904     18  14577.809    14578.022    14687.258
136  TIM2+F+I+G4   7270.938     19  14579.876    14580.113    14695.406
137  TIM2+F+R2     7271.554     19  14581.108    14581.345    14696.639
156  TIM2e+I       7335.359     15  14700.717    14700.867    14791.925
157  TIM2e+G4      7335.193     15  14700.386    14700.536    14791.594
158  TIM2e+I+G4    7335.160     16  14702.321    14702.490    14799.609
159  TIM2e+R2      7335.876     16  14703.752    14703.921    14801.040
178  TIM+F+I       7270.639     18  14577.278    14577.491    14686.728
179  TIM+F+G4      7270.642     18  14577.284    14577.497    14686.734
180  TIM+F+I+G4    7270.678     19  14579.356    14579.593    14694.887
181  TIM+F+R2      7271.225     19  14580.451    14580.687    14695.981
200  TIMe+I        7336.433     15  14702.866    14703.016    14794.075
201  TIMe+G4       7336.285     15  14702.571    14702.720    14793.779
202  TIMe+I+G4     7336.258     16  14704.515    14704.685    14801.804
203  TIMe+R2       7336.960     16  14705.920    14706.090    14803.209
222  TPM3u+F+I     7266.341     17  14566.682    14566.872    14670.051
223  TPM3u+F+G4    7266.219     17  14566.437    14566.628    14669.807
224  TPM3u+F+I+G4  7266.193     18  14568.385    14568.598    14677.835
225  TPM3u+F+R2    7266.913     18  14569.826    14570.039    14679.276
244  TPM3+I        7329.202     14  14686.405    14686.536    14771.533
245  TPM3+G4       7328.872     14  14685.744    14685.875    14770.872
246  TPM3+I+G4     7328.816     15  14687.632    14687.782    14778.841
247  TPM3+R2       7329.722     15  14689.443    14689.593    14780.651
266  TPM2u+F+I     7271.063     17  14576.126    14576.316    14679.495
267  TPM2u+F+G4    7271.065     17  14576.130    14576.320    14679.499
268  TPM2u+F+I+G4  7271.099     18  14578.198    14578.411    14687.648
269  TPM2u+F+R2    7271.716     18  14579.433    14579.646    14688.883
288  TPM2+I        7336.617     14  14701.233    14701.364    14786.361
289  TPM2+G4       7336.454     14  14700.908    14701.038    14786.035
290  TPM2+I+G4     7336.417     15  14702.834    14702.984    14794.042
291  TPM2+R2       7337.147     15  14704.295    14704.444    14795.503
310  K3Pu+F+I      7270.796     17  14575.593    14575.783    14678.962
311  K3Pu+F+G4     7270.795     17  14575.590    14575.781    14678.959
312  K3Pu+F+I+G4   7270.830     18  14577.659    14577.872    14687.109
313  K3Pu+F+R2     7271.458     18  14578.916    14579.129    14688.366
332  K3P+I         7337.719     14  14703.439    14703.569    14788.566
333  K3P+G4        7337.599     14  14703.198    14703.328    14788.325
334  K3P+I+G4      7337.575     15  14705.150    14705.299    14796.358
335  K3P+R2        7338.269     15  14706.538    14706.688    14797.747
354  TN+F+I        7271.093     17  14576.186    14576.377    14679.555
355  TN+F+G4       7271.101     17  14576.203    14576.393    14679.572
356  TN+F+I+G4     7271.137     18  14578.273    14578.486    14687.723
357  TN+F+R2       7271.747     18  14579.494    14579.707    14688.944
376  TNe+I         7337.603     14  14703.207    14703.337    14788.334
377  TNe+G4        7337.462     14  14702.924    14703.054    14788.051
378  TNe+I+G4      7337.433     15  14704.867    14705.016    14796.075
379  TNe+R2        7338.128     15  14706.257    14706.406    14797.465
398  HKY+F+I       7271.254     16  14574.508    14574.678    14671.797
399  HKY+F+G4      7271.258     16  14574.517    14574.686    14671.806
400  HKY+F+I+G4    7271.292     17  14576.584    14576.775    14679.953
401  HKY+F+R2      7271.904     17  14577.807    14577.998    14681.177
420  K2P+I         7338.907     13  14703.814    14703.927    14782.861
421  K2P+G4        7338.767     13  14703.534    14703.648    14782.582
422  K2P+I+G4      7338.741     14  14705.482    14705.612    14790.609
423  K2P+R2        7339.444     14  14706.889    14707.019    14792.016
442  F81+F+I       7432.315     15  14894.629    14894.778    14985.837
443  F81+F+G4      7432.316     15  14894.633    14894.782    14985.841
444  F81+F+I+G4    7432.326     16  14896.652    14896.821    14993.941
445  F81+F+R2      7432.850     16  14897.700    14897.869    14994.989
464  JC+I          7491.000     12  15006.000    15006.097    15078.966
465  JC+G4         7490.976     12  15005.952    15006.049    15078.918
466  JC+I+G4       7490.976     13  15007.952    15008.065    15086.999
467  JC+R2         7491.478     13  15008.957    15009.070    15088.004
Akaike Information Criterion:           TPM3u+F+G4
Corrected Akaike Information Criterion: TPM3u+F+G4
Bayesian Information Criterion:         TPM3u+F+G4
Best-fit model: TPM3u+F+G4 chosen according to BIC

All model information printed to per_gene_alignments_codon/LOC101391706_.aln.model.gz
CPU time for ModelFinder: 1.488 seconds (0h:0m:1s)
Wall-clock time for ModelFinder: 3.061 seconds (0h:0m:3s)
Generating 1000 samples for ultrafast bootstrap (seed: 13772)...

NOTE: 0 MB RAM (0 GB) is required!
Estimate model parameters (epsilon = 0.100)
1. Initial log-likelihood: -7266.219
Optimal log-likelihood: -7266.219
Rate parameters:  A-C: 1.87216  A-G: 8.19512  A-T: 1.00000  C-G: 1.87216  C-T: 8.19512  G-T: 1.00000
Base frequencies:  A: 0.190  C: 0.314  G: 0.279  T: 0.218
Gamma shape alpha: 0.284
Parameters optimization took 1 rounds (0.014 sec)
Wrote distance file to... 
Computing ML distances based on estimated model parameters...
Calculating distance matrix: done in 0.000679016 secs using 99.7% CPU
Computing ML distances took 0.000745 sec (of wall-clock time) 0.000752 sec (of CPU time)
Setting up auxiliary I and S matrices: done in 5.00679e-05 secs using 199.7% CPU
Computing RapidNJ tree took 0.000146 sec (of wall-clock time) 0.000289 sec (of CPU time)
Log-likelihood of RapidNJ tree: -7266.219
--------------------------------------------------------------------
|             INITIALIZING CANDIDATE TREE SET                      |
--------------------------------------------------------------------
Generating 99 parsimony trees... 0.094 second
Computing log-likelihood of 40 initial trees ... 0.031 seconds
Current best score: -7266.219

Do NNI search on 20 best initial trees
Estimate model parameters (epsilon = 0.100)
BETTER TREE FOUND at iteration 1: -7266.219
Iteration 10 / LogL: -7266.223 / Time: 0h:0m:3s
Iteration 20 / LogL: -7266.222 / Time: 0h:0m:3s
Finish initializing candidate tree set (1)
Current best tree score: -7266.219 / CPU time: 0.406
Number of iterations: 20
--------------------------------------------------------------------
|               OPTIMIZING CANDIDATE TREE SET                      |
--------------------------------------------------------------------
Iteration 30 / LogL: -7266.286 / Time: 0h:0m:3s (0h:0m:1s left)
Iteration 40 / LogL: -7266.235 / Time: 0h:0m:4s (0h:0m:1s left)
Iteration 50 / LogL: -7266.219 / Time: 0h:0m:4s (0h:0m:1s left)
Log-likelihood cutoff on original alignment: -7275.611
WARNING: NNI search needs unusual large number of steps (7) to converge!
Iteration 60 / LogL: -7266.221 / Time: 0h:0m:4s (0h:0m:1s left)
WARNING: NNI search needs unusual large number of steps (7) to converge!
WARNING: NNI search needs unusual large number of steps (7) to converge!
Iteration 70 / LogL: -7266.306 / Time: 0h:0m:4s (0h:0m:0s left)
Iteration 80 / LogL: -7266.353 / Time: 0h:0m:5s (0h:0m:0s left)
Iteration 90 / LogL: -7266.222 / Time: 0h:0m:5s (0h:0m:0s left)
Iteration 100 / LogL: -7266.699 / Time: 0h:0m:5s (0h:0m:0s left)
Log-likelihood cutoff on original alignment: -7275.739
NOTE: Bootstrap correlation coefficient of split occurrence frequencies: 1.000
WARNING: NNI search needs unusual large number of steps (7) to converge!
TREE SEARCH COMPLETED AFTER 102 ITERATIONS / Time: 0h:0m:5s

--------------------------------------------------------------------
|                    FINALIZING TREE SEARCH                        |
--------------------------------------------------------------------
Performs final model parameters optimization
Estimate model parameters (epsilon = 0.010)
1. Initial log-likelihood: -7266.219
Optimal log-likelihood: -7266.218
Rate parameters:  A-C: 1.87393  A-G: 8.20029  A-T: 1.00000  C-G: 1.87393  C-T: 8.20029  G-T: 1.00000
Base frequencies:  A: 0.190  C: 0.314  G: 0.279  T: 0.218
Gamma shape alpha: 0.284
Parameters optimization took 1 rounds (0.002 sec)
BEST SCORE FOUND : -7266.218
Creating bootstrap support values...
Split supports printed to NEXUS file per_gene_alignments_codon/LOC101391706_.aln.splits.nex
Total tree length: 0.199

Total number of iterations: 102
CPU time used for tree search: 1.402 sec (0h:0m:1s)
Wall-clock time used for tree search: 2.680 sec (0h:0m:2s)
Total CPU time used: 2.969 sec (0h:0m:2s)
Total wall-clock time used: 5.868 sec (0h:0m:5s)

Computing bootstrap consensus tree...
Reading input file per_gene_alignments_codon/LOC101391706_.aln.splits.nex...
7 taxa and 15 splits.
Consensus tree written to per_gene_alignments_codon/LOC101391706_.aln.contree
Reading input trees file per_gene_alignments_codon/LOC101391706_.aln.contree
Log-likelihood of consensus tree: -7266.218

Analysis results written to: 
  IQ-TREE report:                per_gene_alignments_codon/LOC101391706_.aln.iqtree
  Maximum-likelihood tree:       per_gene_alignments_codon/LOC101391706_.aln.treefile
  Likelihood distances:          per_gene_alignments_codon/LOC101391706_.aln.mldist

Ultrafast bootstrap approximation results written to:
  Split support values:          per_gene_alignments_codon/LOC101391706_.aln.splits.nex
  Consensus tree:                per_gene_alignments_codon/LOC101391706_.aln.contree
  Screen log file:               per_gene_alignments_codon/LOC101391706_.aln.log

Date and Time: Thu Oct 30 21:28:13 2025
