IQ-TREE multicore version 2.3.3 COVID-edition for Linux x86 64-bit built Apr 25 2024
Developed by Bui Quang Minh, James Barbetti, Nguyen Lam Tung, Olga Chernomor,
Heiko Schmidt, Dominik Schrempf, Michael Woodhams, Ly Trong Nhan, Thomas Wong

Host:    morpheus-OptiPlex-5050 (AVX2, FMA3, 503 GB RAM)
Command: iqtree2 -s per_gene_alignments_codon/LOC101402091_.aln.fna -m MFP -T 1 -B 1000 --prefix per_gene_alignments_codon/LOC101402091_.aln
Seed:    422963 (Using SPRNG - Scalable Parallel Random Number Generator)
Time:    Thu Oct 30 21:35:14 2025
Kernel:  AVX+FMA - 1 threads (72 CPU cores detected)

HINT: Use -nt option to specify number of threads because your CPU has 72 cores!
HINT: -nt AUTO will automatically determine the best number of threads to use.

Reading alignment file per_gene_alignments_codon/LOC101402091_.aln.fna ... Fasta format detected
Reading fasta file: done in 0.000997066 secs
Alignment most likely contains DNA/RNA sequences
Alignment has 7 sequences with 3660 columns, 180 distinct patterns
191 parsimony-informative, 332 singleton sites, 3137 constant sites
                     Gap/Ambiguity  Composition  p-value
Analyzing sequences: done in 2.09808e-05 secs
   1  Ceratotherium_simum    0.00%    passed     89.81%
   2  Diceros_bicornis      15.57%    failed      0.12%
   3  Equus_asinus           0.00%    passed     99.30%
   4  Equus_quagga           0.00%    passed     99.78%
   5  Equus_caballus         0.00%    passed     98.10%
   6  Canis_lupus            0.00%    passed     27.87%
   7  Bos_taurus             0.00%    passed     99.71%
****  TOTAL                  2.22%  1 sequences failed composition chi2 test (p-value<5%; df=3)


Create initial parsimony tree by phylogenetic likelihood library (PLL)... 0.000 seconds
Perform fast likelihood tree search using GTR+I+G model...
Estimate model parameters (epsilon = 5.000)
Perform nearest neighbor interchange...
Estimate model parameters (epsilon = 1.000)
1. Initial log-likelihood: -8248.450
Optimal log-likelihood: -8248.448
Rate parameters:  A-C: 1.09063  A-G: 4.49339  A-T: 0.84060  C-G: 1.17388  C-T: 6.91274  G-T: 1.00000
Base frequencies:  A: 0.245  C: 0.266  G: 0.279  T: 0.211
Proportion of invariable sites: 0.426
Gamma shape alpha: 0.942
Parameters optimization took 1 rounds (0.003 sec)
Time for fast ML tree search: 0.059 seconds

NOTE: ModelFinder requires 1 MB RAM!
ModelFinder will test up to 484 DNA models (sample size: 3660) ...
 No. Model         -LnL         df  AIC          AICc         BIC
  1  GTR+F         8290.407     19  16618.813    16619.022    16736.712
  2  GTR+F+I       8249.640     20  16539.280    16539.511    16663.384
  3  GTR+F+G4      8248.847     20  16537.695    16537.926    16661.799
  4  GTR+F+I+G4    8248.465     21  16538.931    16539.185    16669.240
  5  GTR+F+R2      8250.089     21  16542.179    16542.433    16672.488
  6  GTR+F+R3      8249.169     23  16544.339    16544.642    16687.059
 14  GTR+F+I+R2    8249.145     22  16542.291    16542.569    16678.806
 15  GTR+F+I+R3    8248.625     24  16545.249    16545.579    16694.175
 24  SYM+I         8273.798     17  16581.595    16581.763    16687.084
 25  SYM+G4        8272.988     17  16579.977    16580.145    16685.465
 26  SYM+I+G4      8272.665     18  16581.331    16581.519    16693.025
 46  TVM+F+I       8256.510     19  16551.020    16551.229    16668.919
 47  TVM+F+G4      8255.804     19  16549.608    16549.816    16667.507
 48  TVM+F+I+G4    8255.446     20  16550.892    16551.123    16674.996
 68  TVMe+I        8277.338     16  16586.676    16586.826    16685.960
 69  TVMe+G4       8276.613     16  16585.226    16585.375    16684.509
 70  TVMe+I+G4     8276.312     17  16586.624    16586.792    16692.112
 90  TIM3+F+I      8249.914     18  16535.827    16536.015    16647.521
 91  TIM3+F+G4     8249.090     18  16534.180    16534.368    16645.874
 92  TIM3+F+I+G4   8248.691     19  16535.383    16535.592    16653.282
112  TIM3e+I       8274.519     15  16579.037    16579.169    16672.116
113  TIM3e+G4      8273.681     15  16577.361    16577.493    16670.440
114  TIM3e+I+G4    8273.336     16  16578.673    16578.822    16677.956
134  TIM2+F+I      8250.344     18  16536.689    16536.877    16648.383
135  TIM2+F+G4     8249.540     18  16535.080    16535.268    16646.774
136  TIM2+F+I+G4   8249.135     19  16536.269    16536.478    16654.168
156  TIM2e+I       8276.125     15  16582.250    16582.382    16675.328
157  TIM2e+G4      8275.317     15  16580.634    16580.766    16673.713
158  TIM2e+I+G4    8274.982     16  16581.964    16582.114    16681.248
178  TIM+F+I       8250.579     18  16537.158    16537.346    16648.852
179  TIM+F+G4      8249.752     18  16535.504    16535.692    16647.198
180  TIM+F+I+G4    8249.339     19  16536.678    16536.887    16654.577
200  TIMe+I        8276.797     15  16583.595    16583.726    16676.673
201  TIMe+G4       8275.966     15  16581.931    16582.063    16675.010
202  TIMe+I+G4     8275.612     16  16583.225    16583.374    16682.508
222  TPM3u+F+I     8256.766     17  16547.533    16547.701    16653.021
223  TPM3u+F+G4    8256.037     17  16546.075    16546.243    16651.564
224  TPM3u+F+I+G4  8255.659     18  16547.317    16547.505    16659.011
244  TPM3+I        8278.066     14  16584.131    16584.247    16671.005
245  TPM3+G4       8277.311     14  16582.622    16582.737    16669.495
246  TPM3+I+G4     8276.988     15  16583.976    16584.107    16677.054
266  TPM2u+F+I     8257.240     17  16548.480    16548.648    16653.969
267  TPM2u+F+G4    8256.525     17  16547.050    16547.218    16652.539
268  TPM2u+F+I+G4  8256.154     18  16548.307    16548.495    16660.001
288  TPM2+I        8279.634     14  16587.268    16587.383    16674.141
289  TPM2+G4       8278.908     14  16585.816    16585.931    16672.689
290  TPM2+I+G4     8278.595     15  16587.190    16587.321    16680.268
310  K3Pu+F+I      8257.455     17  16548.910    16549.078    16654.398
311  K3Pu+F+G4     8256.725     17  16547.450    16547.618    16652.939
312  K3Pu+F+I+G4   8256.338     18  16548.676    16548.864    16660.370
332  K3P+I         8280.308     14  16588.616    16588.731    16675.489
333  K3P+G4        8279.557     14  16587.113    16587.228    16673.986
334  K3P+I+G4      8279.224     15  16588.448    16588.580    16681.526
354  TN+F+I        8250.574     17  16535.149    16535.317    16640.637
355  TN+F+G4       8249.749     17  16533.499    16533.667    16638.988
356  TN+F+I+G4     8249.340     18  16534.680    16534.868    16646.374
376  TNe+I         8276.805     14  16581.610    16581.725    16668.483
377  TNe+G4        8275.974     14  16579.948    16580.063    16666.821
378  TNe+I+G4      8275.621     15  16581.241    16581.373    16674.320
398  HKY+F+I       8257.455     16  16546.909    16547.058    16646.193
399  HKY+F+G4      8256.725     16  16545.450    16545.599    16644.733
400  HKY+F+I+G4    8256.338     17  16546.676    16546.844    16652.165
420  K2P+I         8280.319     13  16586.638    16586.737    16667.306
421  K2P+G4        8279.568     13  16585.136    16585.236    16665.804
422  K2P+I+G4      8279.237     14  16586.474    16586.589    16673.347
442  F81+F+I       8433.706     15  16897.411    16897.543    16990.489
443  F81+F+G4      8433.137     15  16896.275    16896.407    16989.353
444  F81+F+I+G4    8433.009     16  16898.018    16898.167    16997.302
464  JC+I          8453.785     12  16931.570    16931.655    17006.032
465  JC+G4         8453.228     12  16930.457    16930.542    17004.919
466  JC+I+G4       8453.117     13  16932.234    16932.334    17012.902
Akaike Information Criterion:           TN+F+G4
Corrected Akaike Information Criterion: TN+F+G4
Bayesian Information Criterion:         TN+F+G4
Best-fit model: TN+F+G4 chosen according to BIC

All model information printed to per_gene_alignments_codon/LOC101402091_.aln.model.gz
CPU time for ModelFinder: 0.574 seconds (0h:0m:0s)
Wall-clock time for ModelFinder: 0.888 seconds (0h:0m:0s)
Generating 1000 samples for ultrafast bootstrap (seed: 422963)...

NOTE: 0 MB RAM (0 GB) is required!
Estimate model parameters (epsilon = 0.100)
1. Initial log-likelihood: -8249.749
Optimal log-likelihood: -8249.749
Rate parameters:  A-C: 1.00000  A-G: 4.28682  A-T: 1.00000  C-G: 1.00000  C-T: 6.59650  G-T: 1.00000
Base frequencies:  A: 0.245  C: 0.266  G: 0.279  T: 0.211
Gamma shape alpha: 0.261
Parameters optimization took 1 rounds (0.002 sec)
Wrote distance file to... 
Computing ML distances based on estimated model parameters...
Calculating distance matrix: done in 0.000571012 secs using 99.82% CPU
Computing ML distances took 0.000627 sec (of wall-clock time) 0.000633 sec (of CPU time)
Setting up auxiliary I and S matrices: done in 4.3869e-05 secs using 95.74% CPU
Computing RapidNJ tree took 0.000132 sec (of wall-clock time) 0.000132 sec (of CPU time)
Log-likelihood of RapidNJ tree: -8249.749
--------------------------------------------------------------------
|             INITIALIZING CANDIDATE TREE SET                      |
--------------------------------------------------------------------
Generating 99 parsimony trees... 0.136 second
Computing log-likelihood of 38 initial trees ... 0.056 seconds
Current best score: -8249.749

Do NNI search on 20 best initial trees
Estimate model parameters (epsilon = 0.100)
BETTER TREE FOUND at iteration 1: -8249.749
Iteration 10 / LogL: -8249.916 / Time: 0h:0m:1s
Iteration 20 / LogL: -8249.750 / Time: 0h:0m:1s
Finish initializing candidate tree set (1)
Current best tree score: -8249.749 / CPU time: 0.543
Number of iterations: 20
--------------------------------------------------------------------
|               OPTIMIZING CANDIDATE TREE SET                      |
--------------------------------------------------------------------
Iteration 30 / LogL: -8249.816 / Time: 0h:0m:1s (0h:0m:2s left)
Iteration 40 / LogL: -8249.750 / Time: 0h:0m:1s (0h:0m:1s left)
Iteration 50 / LogL: -8249.936 / Time: 0h:0m:2s (0h:0m:1s left)
Log-likelihood cutoff on original alignment: -8273.335
Iteration 60 / LogL: -8249.936 / Time: 0h:0m:2s (0h:0m:1s left)
Iteration 70 / LogL: -8249.753 / Time: 0h:0m:2s (0h:0m:0s left)
Iteration 80 / LogL: -8249.800 / Time: 0h:0m:2s (0h:0m:0s left)
Iteration 90 / LogL: -8249.752 / Time: 0h:0m:3s (0h:0m:0s left)
Iteration 100 / LogL: -8249.803 / Time: 0h:0m:3s (0h:0m:0s left)
Log-likelihood cutoff on original alignment: -8273.638
NOTE: Bootstrap correlation coefficient of split occurrence frequencies: 1.000
TREE SEARCH COMPLETED AFTER 102 ITERATIONS / Time: 0h:0m:3s

--------------------------------------------------------------------
|                    FINALIZING TREE SEARCH                        |
--------------------------------------------------------------------
Performs final model parameters optimization
Estimate model parameters (epsilon = 0.010)
1. Initial log-likelihood: -8249.749
Optimal log-likelihood: -8249.749
Rate parameters:  A-C: 1.00000  A-G: 4.28548  A-T: 1.00000  C-G: 1.00000  C-T: 6.59355  G-T: 1.00000
Base frequencies:  A: 0.245  C: 0.266  G: 0.279  T: 0.211
Gamma shape alpha: 0.261
Parameters optimization took 1 rounds (0.003 sec)
BEST SCORE FOUND : -8249.749
Creating bootstrap support values...
Split supports printed to NEXUS file per_gene_alignments_codon/LOC101402091_.aln.splits.nex
Total tree length: 0.194

Total number of iterations: 102
CPU time used for tree search: 1.410 sec (0h:0m:1s)
Wall-clock time used for tree search: 2.278 sec (0h:0m:2s)
Total CPU time used: 2.058 sec (0h:0m:2s)
Total wall-clock time used: 3.286 sec (0h:0m:3s)

Computing bootstrap consensus tree...
Reading input file per_gene_alignments_codon/LOC101402091_.aln.splits.nex...
7 taxa and 14 splits.
Consensus tree written to per_gene_alignments_codon/LOC101402091_.aln.contree
Reading input trees file per_gene_alignments_codon/LOC101402091_.aln.contree
Log-likelihood of consensus tree: -8249.749

Analysis results written to: 
  IQ-TREE report:                per_gene_alignments_codon/LOC101402091_.aln.iqtree
  Maximum-likelihood tree:       per_gene_alignments_codon/LOC101402091_.aln.treefile
  Likelihood distances:          per_gene_alignments_codon/LOC101402091_.aln.mldist

Ultrafast bootstrap approximation results written to:
  Split support values:          per_gene_alignments_codon/LOC101402091_.aln.splits.nex
  Consensus tree:                per_gene_alignments_codon/LOC101402091_.aln.contree
  Screen log file:               per_gene_alignments_codon/LOC101402091_.aln.log

Date and Time: Thu Oct 30 21:35:18 2025
