IQ-TREE multicore version 2.3.3 COVID-edition for Linux x86 64-bit built Apr 25 2024
Developed by Bui Quang Minh, James Barbetti, Nguyen Lam Tung, Olga Chernomor,
Heiko Schmidt, Dominik Schrempf, Michael Woodhams, Ly Trong Nhan, Thomas Wong

Host:    morpheus-OptiPlex-5050 (AVX2, FMA3, 503 GB RAM)
Command: iqtree2 -s per_gene_alignments_codon/LOC101401898_.aln.fna -m MFP -T 1 -B 1000 --prefix per_gene_alignments_codon/LOC101401898_.aln
Seed:    337054 (Using SPRNG - Scalable Parallel Random Number Generator)
Time:    Thu Oct 30 21:35:06 2025
Kernel:  AVX+FMA - 1 threads (72 CPU cores detected)

HINT: Use -nt option to specify number of threads because your CPU has 72 cores!
HINT: -nt AUTO will automatically determine the best number of threads to use.

Reading alignment file per_gene_alignments_codon/LOC101401898_.aln.fna ... Fasta format detected
Reading fasta file: done in 0.00112295 secs using 66.52% CPU
Alignment most likely contains DNA/RNA sequences
Alignment has 7 sequences with 4131 columns, 128 distinct patterns
202 parsimony-informative, 284 singleton sites, 3645 constant sites
                     Gap/Ambiguity  Composition  p-value
Analyzing sequences: done in 2.59876e-05 secs using 92.35% CPU
   1  Ceratotherium_simum    0.00%    passed     99.46%
   2  Diceros_bicornis       0.00%    passed     99.18%
   3  Equus_asinus           0.00%    passed     90.34%
   4  Equus_quagga           1.96%    passed     92.05%
   5  Equus_caballus         0.00%    passed     85.81%
   6  Canis_lupus            0.00%    passed     32.27%
   7  Bos_taurus             0.00%    passed     99.83%
****  TOTAL                  0.28%  0 sequences failed composition chi2 test (p-value<5%; df=3)


Create initial parsimony tree by phylogenetic likelihood library (PLL)... 0.000 seconds
Perform fast likelihood tree search using GTR+I+G model...
Estimate model parameters (epsilon = 5.000)
Perform nearest neighbor interchange...
Estimate model parameters (epsilon = 1.000)
1. Initial log-likelihood: -8647.818
Optimal log-likelihood: -8647.715
Rate parameters:  A-C: 1.51295  A-G: 7.61287  A-T: 0.88549  C-G: 1.35612  C-T: 8.19920  G-T: 1.00000
Base frequencies:  A: 0.273  C: 0.226  G: 0.217  T: 0.284
Proportion of invariable sites: 0.438
Gamma shape alpha: 0.540
Parameters optimization took 1 rounds (0.020 sec)
Time for fast ML tree search: 0.065 seconds

NOTE: ModelFinder requires 0 MB RAM!
ModelFinder will test up to 484 DNA models (sample size: 4131) ...
 No. Model         -LnL         df  AIC          AICc         BIC
  1  GTR+F         8697.892     19  17433.784    17433.969    17553.983
  2  GTR+F+I       8648.244     20  17336.489    17336.693    17463.014
  3  GTR+F+G4      8648.104     20  17336.208    17336.413    17462.734
  4  GTR+F+I+G4    8647.697     21  17337.394    17337.619    17470.246
  5  GTR+F+R2      8648.669     21  17339.338    17339.563    17472.190
  6  GTR+F+R3      8648.252     23  17342.504    17342.773    17488.008
 14  GTR+F+I+R2    8648.255     22  17340.511    17340.757    17479.689
 15  GTR+F+I+R3    8647.854     24  17343.707    17343.999    17495.538
 24  SYM+I         8680.437     17  17394.874    17395.023    17502.421
 25  SYM+G4        8680.327     17  17394.653    17394.802    17502.200
 26  SYM+I+G4      8680.097     18  17396.194    17396.361    17510.067
 27  SYM+R2        8680.894     18  17397.788    17397.954    17511.661
 46  TVM+F+I       8648.390     19  17334.781    17334.966    17454.980
 47  TVM+F+G4      8648.242     19  17334.484    17334.669    17454.683
 48  TVM+F+I+G4    8647.882     20  17335.763    17335.967    17462.289
 49  TVM+F+R2      8648.797     20  17337.594    17337.798    17464.119
 68  TVMe+I        8680.801     16  17393.603    17393.735    17494.823
 69  TVMe+G4       8680.683     16  17393.365    17393.497    17494.586
 70  TVMe+I+G4     8680.466     17  17394.933    17395.081    17502.479
 71  TVMe+R2       8681.269     17  17396.538    17396.687    17504.084
 90  TIM3+F+I      8648.295     18  17332.590    17332.756    17446.463
 91  TIM3+F+G4     8648.149     18  17332.299    17332.465    17446.172
 92  TIM3+F+I+G4   8647.782     19  17333.564    17333.749    17453.763
 93  TIM3+F+R2     8648.730     19  17335.460    17335.645    17455.659
112  TIM3e+I       8680.887     15  17391.774    17391.891    17486.668
113  TIM3e+G4      8680.754     15  17391.508    17391.625    17486.402
114  TIM3e+I+G4    8680.502     16  17393.005    17393.137    17494.225
115  TIM3e+R2      8681.275     16  17394.551    17394.683    17495.771
134  TIM2+F+I      8650.838     18  17337.677    17337.843    17451.550
135  TIM2+F+G4     8650.706     18  17337.411    17337.578    17451.284
136  TIM2+F+I+G4   8650.386     19  17338.772    17338.957    17458.971
137  TIM2+F+R2     8651.287     19  17340.573    17340.758    17460.772
156  TIM2e+I       8681.526     15  17393.052    17393.168    17487.946
157  TIM2e+G4      8681.412     15  17392.824    17392.940    17487.718
158  TIM2e+I+G4    8681.212     16  17394.423    17394.555    17495.644
159  TIM2e+R2      8681.998     16  17395.997    17396.129    17497.217
178  TIM+F+I       8650.546     18  17337.092    17337.258    17450.965
179  TIM+F+G4      8650.423     18  17336.845    17337.012    17450.718
180  TIM+F+I+G4    8650.127     19  17338.255    17338.439    17458.454
181  TIM+F+R2      8650.987     19  17339.975    17340.160    17460.174
200  TIMe+I        8681.783     15  17393.566    17393.683    17488.460
201  TIMe+G4       8681.665     15  17393.331    17393.447    17488.225
202  TIMe+I+G4     8681.450     16  17394.899    17395.031    17496.120
203  TIMe+R2       8682.261     16  17396.522    17396.654    17497.742
222  TPM3u+F+I     8648.452     17  17330.904    17331.053    17438.451
223  TPM3u+F+G4    8648.303     17  17330.606    17330.754    17438.152
224  TPM3u+F+I+G4  8647.916     18  17331.832    17331.998    17445.705
225  TPM3u+F+R2    8648.789     18  17333.578    17333.744    17447.451
244  TPM3+I        8681.267     14  17390.533    17390.635    17479.101
245  TPM3+G4       8681.132     14  17390.263    17390.365    17478.831
246  TPM3+I+G4     8680.874     15  17391.748    17391.865    17486.642
247  TPM3+R2       8681.730     15  17393.461    17393.577    17488.355
266  TPM2u+F+I     8650.978     17  17335.957    17336.106    17443.504
267  TPM2u+F+G4    8650.843     17  17335.686    17335.835    17443.232
268  TPM2u+F+I+G4  8650.519     18  17337.038    17337.204    17450.911
269  TPM2u+F+R2    8651.414     18  17338.828    17338.995    17452.701
288  TPM2+I        8681.909     14  17391.818    17391.920    17480.386
289  TPM2+G4       8681.793     14  17391.586    17391.688    17480.154
290  TPM2+I+G4     8681.592     15  17393.184    17393.300    17488.078
291  TPM2+R2       8682.371     15  17394.742    17394.858    17489.636
310  K3Pu+F+I      8650.684     17  17335.368    17335.517    17442.915
311  K3Pu+F+G4     8650.562     17  17335.124    17335.273    17442.671
312  K3Pu+F+I+G4   8650.260     18  17336.520    17336.686    17450.393
313  K3Pu+F+R2     8651.124     18  17338.249    17338.415    17452.122
332  K3P+I         8682.157     14  17392.315    17392.417    17480.883
333  K3P+G4        8682.039     14  17392.078    17392.180    17480.646
334  K3P+I+G4      8681.827     15  17393.653    17393.770    17488.547
335  K3P+R2        8682.626     15  17395.253    17395.370    17490.147
354  TN+F+I        8650.841     17  17335.681    17335.830    17443.228
355  TN+F+G4       8650.708     17  17335.415    17335.564    17442.962
356  TN+F+I+G4     8650.389     18  17336.778    17336.944    17450.651
357  TN+F+R2       8651.269     18  17338.538    17338.704    17452.411
376  TNe+I         8681.922     14  17391.844    17391.946    17480.411
377  TNe+G4        8681.798     14  17391.596    17391.698    17480.164
378  TNe+I+G4      8681.572     15  17393.144    17393.261    17488.038
379  TNe+R2        8682.379     15  17394.758    17394.874    17489.652
398  HKY+F+I       8650.979     16  17333.958    17334.091    17435.179
399  HKY+F+G4      8650.843     16  17333.687    17333.819    17434.907
400  HKY+F+I+G4    8650.519     17  17335.038    17335.187    17442.585
401  HKY+F+R2      8651.408     17  17336.815    17336.964    17444.362
420  K2P+I         8682.305     13  17390.609    17390.698    17472.851
421  K2P+G4        8682.178     13  17390.356    17390.445    17472.598
422  K2P+I+G4      8681.948     14  17391.896    17391.998    17480.464
423  K2P+R2        8682.760     14  17393.521    17393.623    17482.088
442  F81+F+I       8857.170     15  17744.340    17744.457    17839.234
443  F81+F+G4      8857.161     15  17744.323    17744.439    17839.217
444  F81+F+I+G4    8857.197     16  17746.393    17746.525    17847.614
445  F81+F+R2      8857.836     16  17747.671    17747.804    17848.892
464  JC+I          8883.899     12  17791.799    17791.875    17867.714
465  JC+G4         8883.916     12  17791.831    17791.907    17867.746
466  JC+I+G4       8883.974     13  17793.949    17794.037    17876.190
467  JC+R2         8884.547     13  17795.093    17795.182    17877.335
Akaike Information Criterion:           TPM3u+F+G4
Corrected Akaike Information Criterion: TPM3u+F+G4
Bayesian Information Criterion:         HKY+F+G4
Best-fit model: HKY+F+G4 chosen according to BIC

All model information printed to per_gene_alignments_codon/LOC101401898_.aln.model.gz
CPU time for ModelFinder: 2.011 seconds (0h:0m:2s)
Wall-clock time for ModelFinder: 4.708 seconds (0h:0m:4s)
Generating 1000 samples for ultrafast bootstrap (seed: 337054)...

NOTE: 0 MB RAM (0 GB) is required!
Estimate model parameters (epsilon = 0.100)
1. Initial log-likelihood: -8650.843
Optimal log-likelihood: -8650.843
Rate parameters:  A-C: 1.00000  A-G: 6.81007  A-T: 1.00000  C-G: 1.00000  C-T: 6.81007  G-T: 1.00000
Base frequencies:  A: 0.273  C: 0.226  G: 0.217  T: 0.284
Gamma shape alpha: 0.132
Parameters optimization took 1 rounds (0.002 sec)
Wrote distance file to... 
Computing ML distances based on estimated model parameters...
Calculating distance matrix: done in 0.000720024 secs using 99.86% CPU
Computing ML distances took 0.000783 sec (of wall-clock time) 0.000789 sec (of CPU time)
Setting up auxiliary I and S matrices: done in 4.48227e-05 secs using 95.93% CPU
Computing RapidNJ tree took 0.000133 sec (of wall-clock time) 0.000131 sec (of CPU time)
Log-likelihood of RapidNJ tree: -8650.525
--------------------------------------------------------------------
|             INITIALIZING CANDIDATE TREE SET                      |
--------------------------------------------------------------------
Generating 98 parsimony trees... 0.082 second
Computing log-likelihood of 43 initial trees ... 0.052 seconds
Current best score: -8650.525

Do NNI search on 20 best initial trees
Estimate model parameters (epsilon = 0.100)
BETTER TREE FOUND at iteration 1: -8650.524
Iteration 10 / LogL: -8651.020 / Time: 0h:0m:5s
Iteration 20 / LogL: -8651.002 / Time: 0h:0m:5s
Finish initializing candidate tree set (2)
Current best tree score: -8650.524 / CPU time: 0.410
Number of iterations: 20
--------------------------------------------------------------------
|               OPTIMIZING CANDIDATE TREE SET                      |
--------------------------------------------------------------------
Iteration 30 / LogL: -8650.612 / Time: 0h:0m:5s (0h:0m:1s left)
Iteration 40 / LogL: -8650.529 / Time: 0h:0m:5s (0h:0m:1s left)
Iteration 50 / LogL: -8650.563 / Time: 0h:0m:5s (0h:0m:1s left)
Log-likelihood cutoff on original alignment: -8672.079
Iteration 60 / LogL: -8650.525 / Time: 0h:0m:6s (0h:0m:0s left)
Iteration 70 / LogL: -8650.848 / Time: 0h:0m:6s (0h:0m:0s left)
Iteration 80 / LogL: -8650.717 / Time: 0h:0m:6s (0h:0m:0s left)
Iteration 90 / LogL: -8650.844 / Time: 0h:0m:6s (0h:0m:0s left)
Iteration 100 / LogL: -8650.855 / Time: 0h:0m:7s (0h:0m:0s left)
Log-likelihood cutoff on original alignment: -8672.079
NOTE: Bootstrap correlation coefficient of split occurrence frequencies: 1.000
TREE SEARCH COMPLETED AFTER 102 ITERATIONS / Time: 0h:0m:7s

--------------------------------------------------------------------
|                    FINALIZING TREE SEARCH                        |
--------------------------------------------------------------------
Performs final model parameters optimization
Estimate model parameters (epsilon = 0.010)
1. Initial log-likelihood: -8650.524
Optimal log-likelihood: -8650.524
Rate parameters:  A-C: 1.00000  A-G: 6.78637  A-T: 1.00000  C-G: 1.00000  C-T: 6.78637  G-T: 1.00000
Base frequencies:  A: 0.273  C: 0.226  G: 0.217  T: 0.284
Gamma shape alpha: 0.132
Parameters optimization took 1 rounds (0.001 sec)
BEST SCORE FOUND : -8650.524
Creating bootstrap support values...
Split supports printed to NEXUS file per_gene_alignments_codon/LOC101401898_.aln.splits.nex
Total tree length: 0.160

Total number of iterations: 102
CPU time used for tree search: 1.479 sec (0h:0m:1s)
Wall-clock time used for tree search: 2.348 sec (0h:0m:2s)
Total CPU time used: 3.561 sec (0h:0m:3s)
Total wall-clock time used: 7.159 sec (0h:0m:7s)

Computing bootstrap consensus tree...
Reading input file per_gene_alignments_codon/LOC101401898_.aln.splits.nex...
7 taxa and 14 splits.
Consensus tree written to per_gene_alignments_codon/LOC101401898_.aln.contree
Reading input trees file per_gene_alignments_codon/LOC101401898_.aln.contree
Log-likelihood of consensus tree: -8650.524

Analysis results written to: 
  IQ-TREE report:                per_gene_alignments_codon/LOC101401898_.aln.iqtree
  Maximum-likelihood tree:       per_gene_alignments_codon/LOC101401898_.aln.treefile
  Likelihood distances:          per_gene_alignments_codon/LOC101401898_.aln.mldist

Ultrafast bootstrap approximation results written to:
  Split support values:          per_gene_alignments_codon/LOC101401898_.aln.splits.nex
  Consensus tree:                per_gene_alignments_codon/LOC101401898_.aln.contree
  Screen log file:               per_gene_alignments_codon/LOC101401898_.aln.log

Date and Time: Thu Oct 30 21:35:13 2025
