IQ-TREE multicore version 2.3.3 COVID-edition for Linux x86 64-bit built Apr 25 2024
Developed by Bui Quang Minh, James Barbetti, Nguyen Lam Tung, Olga Chernomor,
Heiko Schmidt, Dominik Schrempf, Michael Woodhams, Ly Trong Nhan, Thomas Wong

Host:    morpheus-OptiPlex-5050 (AVX2, FMA3, 503 GB RAM)
Command: iqtree2 -s per_gene_alignments_codon/LOC101405834_.aln.fna -m MFP -T 1 -B 1000 --prefix per_gene_alignments_codon/LOC101405834_.aln
Seed:    747892 (Using SPRNG - Scalable Parallel Random Number Generator)
Time:    Thu Oct 30 21:37:47 2025
Kernel:  AVX+FMA - 1 threads (72 CPU cores detected)

HINT: Use -nt option to specify number of threads because your CPU has 72 cores!
HINT: -nt AUTO will automatically determine the best number of threads to use.

Reading alignment file per_gene_alignments_codon/LOC101405834_.aln.fna ... Fasta format detected
Reading fasta file: done in 0.000302076 secs using 24.83% CPU
Alignment most likely contains DNA/RNA sequences
Alignment has 7 sequences with 963 columns, 50 distinct patterns
37 parsimony-informative, 51 singleton sites, 875 constant sites
                     Gap/Ambiguity  Composition  p-value
Analyzing sequences: done in 1.19209e-05 secs using 16.78% CPU
   1  Ceratotherium_simum    0.00%    passed     99.32%
   2  Diceros_bicornis       0.00%    passed     99.68%
   3  Equus_asinus           0.00%    passed     99.19%
   4  Equus_quagga           0.00%    passed     99.19%
   5  Equus_caballus         0.00%    passed     99.50%
   6  Canis_lupus            0.00%    passed     97.64%
   7  Bos_taurus             0.00%    passed     90.20%
****  TOTAL                  0.00%  0 sequences failed composition chi2 test (p-value<5%; df=3)
NOTE: Equus_quagga is identical to Equus_asinus but kept for subsequent analysis


Create initial parsimony tree by phylogenetic likelihood library (PLL)... 0.000 seconds
Perform fast likelihood tree search using GTR+I+G model...
Estimate model parameters (epsilon = 5.000)
Perform nearest neighbor interchange...
Estimate model parameters (epsilon = 1.000)
1. Initial log-likelihood: -1883.832
Optimal log-likelihood: -1883.830
Rate parameters:  A-C: 2.05719  A-G: 8.75074  A-T: 0.95300  C-G: 1.25407  C-T: 8.52118  G-T: 1.00000
Base frequencies:  A: 0.222  C: 0.259  G: 0.288  T: 0.231
Proportion of invariable sites: 0.452
Gamma shape alpha: 0.535
Parameters optimization took 1 rounds (0.001 sec)
Time for fast ML tree search: 0.069 seconds

NOTE: ModelFinder requires 0 MB RAM!
ModelFinder will test up to 484 DNA models (sample size: 963) ...
 No. Model         -LnL         df  AIC          AICc         BIC
  1  GTR+F         1890.874     19  3819.747     3820.553     3912.278
  2  GTR+F+I       1883.856     20  3807.713     3808.604     3905.114
  3  GTR+F+G4      1883.851     20  3807.702     3808.593     3905.103
  4  GTR+F+I+G4    1883.829     21  3809.658     3810.640     3911.929
  5  GTR+F+R2      1887.842     21  3817.684     3818.666     3919.955
  6  GTR+F+R3      1884.882     23  3815.764     3816.939     3927.775
 14  GTR+F+I+R2    1884.143     22  3812.286     3813.362     3919.427
 15  GTR+F+I+R3    1884.012     24  3816.024     3817.304     3932.906
 23  SYM           1894.736     16  3821.472     3822.047     3899.393
 24  SYM+I         1888.305     17  3810.611     3811.259     3893.402
 25  SYM+G4        1888.297     17  3810.593     3811.241     3893.384
 26  SYM+I+G4      1888.277     18  3812.554     3813.278     3900.215
 45  TVM+F         1890.881     18  3817.763     3818.487     3905.424
 46  TVM+F+I       1883.860     19  3805.720     3806.526     3898.251
 47  TVM+F+G4      1883.855     19  3805.709     3806.515     3898.240
 48  TVM+F+I+G4    1883.829     20  3807.658     3808.549     3905.059
 67  TVMe          1894.738     15  3819.475     3819.982     3892.526
 68  TVMe+I        1888.307     16  3808.614     3809.189     3886.535
 69  TVMe+G4       1888.297     16  3808.594     3809.169     3886.514
 70  TVMe+I+G4     1888.275     17  3810.550     3811.198     3893.341
 89  TIM3+F        1891.097     17  3816.193     3816.841     3898.984
 90  TIM3+F+I      1884.215     18  3804.430     3805.154     3892.091
 91  TIM3+F+G4     1884.211     18  3804.423     3805.147     3892.084
 92  TIM3+F+I+G4   1884.198     19  3806.395     3807.201     3898.927
111  TIM3e         1894.831     14  3817.663     3818.106     3885.844
112  TIM3e+I       1888.437     15  3806.874     3807.381     3879.925
113  TIM3e+G4      1888.432     15  3806.864     3807.371     3879.915
114  TIM3e+I+G4    1888.423     16  3808.847     3809.422     3886.768
133  TIM2+F        1891.612     17  3817.225     3817.872     3900.016
134  TIM2+F+I      1884.562     18  3805.124     3805.849     3892.785
135  TIM2+F+G4     1884.559     18  3805.119     3805.843     3892.780
136  TIM2+F+I+G4   1884.546     19  3807.092     3807.898     3899.623
155  TIM2e         1895.655     14  3819.311     3819.754     3887.491
156  TIM2e+I       1889.202     15  3808.404     3808.911     3881.455
157  TIM2e+G4      1889.198     15  3808.396     3808.903     3881.447
158  TIM2e+I+G4    1889.191     16  3810.382     3810.957     3888.303
177  TIM+F         1891.707     17  3817.414     3818.061     3900.205
178  TIM+F+I       1884.754     18  3805.507     3806.232     3893.168
179  TIM+F+G4      1884.748     18  3805.497     3806.221     3893.158
180  TIM+F+I+G4    1884.723     19  3807.446     3808.252     3899.977
199  TIMe          1895.630     14  3819.261     3819.704     3887.442
200  TIMe+I        1889.196     15  3808.391     3808.898     3881.442
201  TIMe+G4       1889.188     15  3808.377     3808.884     3881.428
202  TIMe+I+G4     1889.173     16  3810.346     3810.921     3888.267
221  TPM3u+F       1891.109     16  3814.218     3814.793     3892.139
222  TPM3u+F+I     1884.225     17  3802.451     3803.099     3885.242
223  TPM3u+F+G4    1884.221     17  3802.441     3803.089     3885.232
224  TPM3u+F+I+G4  1884.203     18  3804.406     3805.131     3892.067
243  TPM3          1894.833     13  3815.665     3816.049     3878.976
244  TPM3+I        1888.451     14  3804.901     3805.344     3873.082
245  TPM3+G4       1888.444     14  3804.888     3805.331     3873.069
246  TPM3+I+G4     1888.432     15  3806.864     3807.371     3879.915
265  TPM2u+F       1891.623     16  3815.247     3815.822     3893.168
266  TPM2u+F+I     1884.575     17  3803.149     3803.797     3885.940
267  TPM2u+F+G4    1884.571     17  3803.142     3803.789     3885.933
268  TPM2u+F+I+G4  1884.553     18  3805.105     3805.830     3892.766
287  TPM2          1895.652     13  3817.305     3817.688     3880.615
288  TPM2+I        1889.218     14  3806.435     3806.878     3874.616
289  TPM2+G4       1889.212     14  3806.424     3806.867     3874.605
290  TPM2+I+G4     1889.200     15  3808.400     3808.907     3881.451
309  K3Pu+F        1891.719     16  3815.438     3816.013     3893.359
310  K3Pu+F+I      1884.765     17  3803.530     3804.178     3886.321
311  K3Pu+F+G4     1884.759     17  3803.517     3804.165     3886.308
312  K3Pu+F+I+G4   1884.729     18  3805.458     3806.183     3893.119
331  K3P           1895.632     13  3817.264     3817.647     3880.574
332  K3P+I         1889.212     14  3806.423     3806.866     3874.604
333  K3P+G4        1889.203     14  3806.406     3806.849     3874.587
334  K3P+I+G4      1889.183     15  3808.367     3808.874     3881.418
353  TN+F          1891.769     16  3815.537     3816.112     3893.458
354  TN+F+I        1884.842     17  3803.685     3804.332     3886.476
355  TN+F+G4       1884.839     17  3803.677     3804.325     3886.468
356  TN+F+I+G4     1884.824     18  3805.648     3806.372     3893.309
375  TNe           1895.681     13  3817.362     3817.745     3880.672
376  TNe+I         1889.260     14  3806.519     3806.962     3874.700
377  TNe+G4        1889.255     14  3806.510     3806.953     3874.690
378  TNe+I+G4      1889.248     15  3808.496     3809.003     3881.546
397  HKY+F         1891.781     15  3813.562     3814.068     3886.612
398  HKY+F+I       1884.853     16  3801.705     3802.280     3879.626
399  HKY+F+G4      1884.848     16  3801.696     3802.271     3879.617
400  HKY+F+I+G4    1884.828     17  3803.657     3804.305     3886.448
419  K2P           1895.682     12  3815.365     3815.693     3873.805
420  K2P+I         1889.274     13  3804.549     3804.932     3867.860
421  K2P+G4        1889.268     13  3804.537     3804.920     3867.847
422  K2P+I+G4      1889.258     14  3806.516     3806.959     3874.696
441  F81+F         1927.136     14  3882.271     3882.714     3950.452
442  F81+F+I       1921.618     15  3873.235     3873.742     3946.286
443  F81+F+G4      1921.635     15  3873.270     3873.777     3946.321
444  F81+F+I+G4    1921.660     16  3875.320     3875.895     3953.241
463  JC            1930.628     11  3883.256     3883.534     3936.827
464  JC+I          1925.280     12  3874.561     3874.889     3933.002
465  JC+G4         1925.304     12  3874.607     3874.936     3933.048
466  JC+I+G4       1925.332     13  3876.665     3877.048     3939.976
Akaike Information Criterion:           HKY+F+G4
Corrected Akaike Information Criterion: HKY+F+G4
Bayesian Information Criterion:         K2P+G4
Best-fit model: K2P+G4 chosen according to BIC

All model information printed to per_gene_alignments_codon/LOC101405834_.aln.model.gz
CPU time for ModelFinder: 0.214 seconds (0h:0m:0s)
Wall-clock time for ModelFinder: 0.570 seconds (0h:0m:0s)
Generating 1000 samples for ultrafast bootstrap (seed: 747892)...

NOTE: 0 MB RAM (0 GB) is required!
Estimate model parameters (epsilon = 0.100)
1. Initial log-likelihood: -1889.268
Optimal log-likelihood: -1889.268
Rate parameters:  A-C: 1.00000  A-G: 6.49644  A-T: 1.00000  C-G: 1.00000  C-T: 6.49644  G-T: 1.00000
Base frequencies:  A: 0.250  C: 0.250  G: 0.250  T: 0.250
Gamma shape alpha: 0.136
Parameters optimization took 1 rounds (0.001 sec)
Wrote distance file to... 
Computing ML distances based on estimated model parameters...
Calculating distance matrix: done in 0.000593185 secs using 99.63% CPU
Computing ML distances took 0.000641 sec (of wall-clock time) 0.000646 sec (of CPU time)
Setting up auxiliary I and S matrices: done in 4.88758e-05 secs using 188.2% CPU
Computing RapidNJ tree took 0.000145 sec (of wall-clock time) 0.000268 sec (of CPU time)
Log-likelihood of RapidNJ tree: -1889.269
--------------------------------------------------------------------
|             INITIALIZING CANDIDATE TREE SET                      |
--------------------------------------------------------------------
Generating 99 parsimony trees... 0.032 second
Computing log-likelihood of 39 initial trees ... 0.012 seconds
Current best score: -1889.268

Do NNI search on 20 best initial trees
Estimate model parameters (epsilon = 0.100)
BETTER TREE FOUND at iteration 1: -1889.268
UPDATE BEST LOG-LIKELIHOOD: -1889.268
UPDATE BEST LOG-LIKELIHOOD: -1889.268
UPDATE BEST LOG-LIKELIHOOD: -1889.268
UPDATE BEST LOG-LIKELIHOOD: -1889.268
Iteration 10 / LogL: -1889.268 / Time: 0h:0m:0s
UPDATE BEST LOG-LIKELIHOOD: -1889.268
UPDATE BEST LOG-LIKELIHOOD: -1889.268
UPDATE BEST LOG-LIKELIHOOD: -1889.268
Iteration 20 / LogL: -1889.268 / Time: 0h:0m:0s
Finish initializing candidate tree set (1)
Current best tree score: -1889.268 / CPU time: 0.132
Number of iterations: 20
--------------------------------------------------------------------
|               OPTIMIZING CANDIDATE TREE SET                      |
--------------------------------------------------------------------
UPDATE BEST LOG-LIKELIHOOD: -1889.268
Iteration 30 / LogL: -1889.268 / Time: 0h:0m:0s (0h:0m:0s left)
UPDATE BEST LOG-LIKELIHOOD: -1889.268
Iteration 40 / LogL: -1889.268 / Time: 0h:0m:0s (0h:0m:0s left)
UPDATE BEST LOG-LIKELIHOOD: -1889.268
Iteration 50 / LogL: -1889.268 / Time: 0h:0m:1s (0h:0m:0s left)
Log-likelihood cutoff on original alignment: -1918.588
Iteration 60 / LogL: -1889.268 / Time: 0h:0m:1s (0h:0m:0s left)
Iteration 70 / LogL: -1889.268 / Time: 0h:0m:1s (0h:0m:0s left)
Iteration 80 / LogL: -1889.268 / Time: 0h:0m:1s (0h:0m:0s left)
Iteration 90 / LogL: -1889.268 / Time: 0h:0m:1s (0h:0m:0s left)
Iteration 100 / LogL: -1889.268 / Time: 0h:0m:1s (0h:0m:0s left)
Log-likelihood cutoff on original alignment: -1918.588
NOTE: Bootstrap correlation coefficient of split occurrence frequencies: 0.999
TREE SEARCH COMPLETED AFTER 102 ITERATIONS / Time: 0h:0m:1s

--------------------------------------------------------------------
|                    FINALIZING TREE SEARCH                        |
--------------------------------------------------------------------
Performs final model parameters optimization
Estimate model parameters (epsilon = 0.010)
1. Initial log-likelihood: -1889.268
Optimal log-likelihood: -1889.268
Rate parameters:  A-C: 1.00000  A-G: 6.49199  A-T: 1.00000  C-G: 1.00000  C-T: 6.49199  G-T: 1.00000
Base frequencies:  A: 0.250  C: 0.250  G: 0.250  T: 0.250
Gamma shape alpha: 0.136
Parameters optimization took 1 rounds (0.001 sec)
BEST SCORE FOUND : -1889.268
Creating bootstrap support values...
Split supports printed to NEXUS file per_gene_alignments_codon/LOC101405834_.aln.splits.nex
Total tree length: 0.114

Total number of iterations: 102
CPU time used for tree search: 1.039 sec (0h:0m:1s)
Wall-clock time used for tree search: 1.005 sec (0h:0m:1s)
Total CPU time used: 1.323 sec (0h:0m:1s)
Total wall-clock time used: 1.651 sec (0h:0m:1s)

Computing bootstrap consensus tree...
Reading input file per_gene_alignments_codon/LOC101405834_.aln.splits.nex...
7 taxa and 19 splits.
Consensus tree written to per_gene_alignments_codon/LOC101405834_.aln.contree
Reading input trees file per_gene_alignments_codon/LOC101405834_.aln.contree
Log-likelihood of consensus tree: -1889.270

Analysis results written to: 
  IQ-TREE report:                per_gene_alignments_codon/LOC101405834_.aln.iqtree
  Maximum-likelihood tree:       per_gene_alignments_codon/LOC101405834_.aln.treefile
  Likelihood distances:          per_gene_alignments_codon/LOC101405834_.aln.mldist

Ultrafast bootstrap approximation results written to:
  Split support values:          per_gene_alignments_codon/LOC101405834_.aln.splits.nex
  Consensus tree:                per_gene_alignments_codon/LOC101405834_.aln.contree
  Screen log file:               per_gene_alignments_codon/LOC101405834_.aln.log

Date and Time: Thu Oct 30 21:37:49 2025
