IQ-TREE multicore version 2.3.3 COVID-edition for Linux x86 64-bit built Apr 25 2024
Developed by Bui Quang Minh, James Barbetti, Nguyen Lam Tung, Olga Chernomor,
Heiko Schmidt, Dominik Schrempf, Michael Woodhams, Ly Trong Nhan, Thomas Wong

Host:    morpheus-OptiPlex-5050 (AVX2, FMA3, 503 GB RAM)
Command: iqtree2 -s per_gene_alignments_codon/LOC101390759_.aln.fna -m MFP -T 1 -B 1000 --prefix per_gene_alignments_codon/LOC101390759_.aln
Seed:    344033 (Using SPRNG - Scalable Parallel Random Number Generator)
Time:    Thu Oct 30 21:27:28 2025
Kernel:  AVX+FMA - 1 threads (72 CPU cores detected)

HINT: Use -nt option to specify number of threads because your CPU has 72 cores!
HINT: -nt AUTO will automatically determine the best number of threads to use.

Reading alignment file per_gene_alignments_codon/LOC101390759_.aln.fna ... Fasta format detected
Reading fasta file: done in 0.000384092 secs using 49.73% CPU
Alignment most likely contains DNA/RNA sequences
Alignment has 7 sequences with 1191 columns, 191 distinct patterns
102 parsimony-informative, 384 singleton sites, 705 constant sites
                     Gap/Ambiguity  Composition  p-value
Analyzing sequences: done in 0.00809002 secs using 0.9518% CPU
   1  Ceratotherium_simum    0.00%    passed     98.15%
   2  Diceros_bicornis       0.00%    passed     96.69%
   3  Equus_asinus           4.79%    passed     90.94%
   4  Equus_quagga           0.00%    passed     94.09%
   5  Equus_caballus         0.00%    passed     99.23%
   6  Canis_lupus            5.04%    passed     93.34%
   7  Bos_taurus             7.56%    passed     90.53%
****  TOTAL                  2.48%  0 sequences failed composition chi2 test (p-value<5%; df=3)


Create initial parsimony tree by phylogenetic likelihood library (PLL)... 0.000 seconds
Perform fast likelihood tree search using GTR+I+G model...
Estimate model parameters (epsilon = 5.000)
Perform nearest neighbor interchange...
Estimate model parameters (epsilon = 1.000)
1. Initial log-likelihood: -3985.383
Optimal log-likelihood: -3984.811
Rate parameters:  A-C: 1.86226  A-G: 3.67609  A-T: 0.62701  C-G: 1.48200  C-T: 2.92674  G-T: 1.00000
Base frequencies:  A: 0.218  C: 0.277  G: 0.232  T: 0.273
Proportion of invariable sites: 0.274
Gamma shape alpha: 998.413
Parameters optimization took 1 rounds (0.024 sec)
Time for fast ML tree search: 0.261 seconds

NOTE: ModelFinder requires 1 MB RAM!
ModelFinder will test up to 484 DNA models (sample size: 1191) ...
 No. Model         -LnL         df  AIC          AICc         BIC
  1  GTR+F         3981.878     19  8001.757     8002.406     8098.325
  2  GTR+F+I       3981.004     20  8002.009     8002.727     8103.660
  3  GTR+F+G4      3980.725     20  8001.450     8002.168     8103.101
  4  GTR+F+I+G4    3982.152     21  8006.303     8007.094     8113.037
  5  GTR+F+R2      3980.937     21  8003.875     8004.665     8110.608
  6  GTR+F+R3      3980.824     23  8007.648     8008.594     8124.546
 14  GTR+F+I+R2    3981.510     22  8007.020     8007.886     8118.836
 15  GTR+F+I+R3    3981.365     24  8010.731     8011.760     8132.712
 23  SYM           3989.531     16  8011.062     8011.525     8092.382
 24  SYM+I         3988.586     17  8011.172     8011.694     8097.576
 25  SYM+G4        3988.293     17  8010.587     8011.108     8096.990
 45  TVM+F         3983.508     18  8003.017     8003.600     8094.503
 46  TVM+F+I       3982.557     19  8003.114     8003.763     8099.682
 47  TVM+F+G4      3982.271     19  8002.543     8003.192     8099.111
 67  TVMe          3989.553     15  8009.105     8009.514     8085.344
 68  TVMe+I        3988.603     16  8009.205     8009.669     8090.526
 69  TVMe+G4       3988.303     16  8008.605     8009.068     8089.926
 89  TIM3+F        3983.304     17  8000.607     8001.129     8087.010
 90  TIM3+F+I      3982.476     18  8000.952     8001.535     8092.438
 91  TIM3+F+G4     3982.223     18  8000.447     8001.030     8091.932
111  TIM3e         3991.003     14  8010.007     8010.364     8081.162
112  TIM3e+I       3990.109     15  8010.218     8010.626     8086.456
113  TIM3e+G4      3989.851     15  8009.702     8010.110     8085.940
133  TIM2+F        3992.689     17  8019.379     8019.900     8105.782
134  TIM2+F+I      3991.881     18  8019.761     8020.345     8111.247
135  TIM2+F+G4     3991.625     18  8019.251     8019.834     8110.736
155  TIM2e         4000.622     14  8029.244     8029.601     8100.400
156  TIM2e+I       3999.776     15  8029.551     8029.960     8105.789
157  TIM2e+G4      3999.511     15  8029.022     8029.431     8105.261
177  TIM+F         3991.657     17  8017.313     8017.835     8103.717
178  TIM+F+I       3990.812     18  8017.624     8018.207     8109.110
179  TIM+F+G4      3990.525     18  8017.049     8017.633     8108.535
199  TIMe          3999.613     14  8027.225     8027.582     8098.381
200  TIMe+I        3998.725     15  8027.450     8027.859     8103.688
201  TIMe+G4       3998.430     15  8026.860     8027.268     8103.098
221  TPM3u+F       3984.927     16  8001.855     8002.318     8083.175
222  TPM3u+F+I     3984.026     17  8002.053     8002.575     8088.456
223  TPM3u+F+G4    3983.771     17  8001.543     8002.064     8087.946
243  TPM3          3991.025     13  8008.050     8008.359     8074.123
244  TPM3+I        3990.120     14  8008.241     8008.598     8079.396
245  TPM3+G4       3989.860     14  8007.719     8008.076     8078.875
265  TPM2u+F       3994.369     16  8020.738     8021.202     8102.059
266  TPM2u+F+I     3993.490     17  8020.979     8021.501     8107.382
267  TPM2u+F+G4    3993.224     17  8020.447     8020.969     8106.851
287  TPM2          4000.650     13  8027.299     8027.609     8093.372
288  TPM2+I        3999.793     14  8027.586     8027.943     8098.741
289  TPM2+G4       3999.525     14  8027.050     8027.407     8098.206
309  K3Pu+F        3993.343     16  8018.687     8019.150     8100.007
310  K3Pu+F+I      3992.426     17  8018.852     8019.373     8105.255
311  K3Pu+F+G4     3992.128     17  8018.257     8018.778     8104.660
331  K3P           3999.642     13  8025.283     8025.592     8091.356
332  K3P+I         3998.743     14  8025.487     8025.844     8096.643
333  K3P+G4        3998.445     14  8024.891     8025.248     8096.046
353  TN+F          3992.691     16  8017.382     8017.846     8098.703
354  TN+F+I        3991.880     17  8017.761     8018.282     8104.164
355  TN+F+G4       3991.626     17  8017.252     8017.774     8103.655
375  TNe           4000.668     13  8027.337     8027.646     8093.410
376  TNe+I         3999.818     14  8027.636     8027.993     8098.791
377  TNe+G4        3999.556     14  8027.111     8027.468     8098.267
397  HKY+F         3994.371     15  8018.743     8019.151     8094.981
398  HKY+F+I       3993.489     16  8018.978     8019.442     8100.299
399  HKY+F+G4      3993.225     16  8018.451     8018.914     8099.772
419  K2P           4000.696     12  8025.392     8025.657     8086.383
420  K2P+I         3999.836     13  8025.671     8025.981     8091.745
421  K2P+G4        3999.571     13  8025.143     8025.452     8091.216
441  F81+F         4039.477     14  8106.955     8107.312     8178.110
442  F81+F+I       4039.317     15  8108.634     8109.043     8184.873
443  F81+F+G4      4039.211     15  8108.422     8108.830     8184.660
463  JC            4048.006     11  8118.013     8118.237     8173.921
464  JC+I          4047.837     12  8119.674     8119.939     8180.665
465  JC+G4         4047.735     12  8119.470     8119.735     8180.461
Akaike Information Criterion:           TIM3+F+G4
Corrected Akaike Information Criterion: TIM3+F+G4
Bayesian Information Criterion:         TPM3
Best-fit model: TPM3 chosen according to BIC

All model information printed to per_gene_alignments_codon/LOC101390759_.aln.model.gz
CPU time for ModelFinder: 0.753 seconds (0h:0m:0s)
Wall-clock time for ModelFinder: 1.410 seconds (0h:0m:1s)
Generating 1000 samples for ultrafast bootstrap (seed: 344033)...

NOTE: 0 MB RAM (0 GB) is required!
Estimate model parameters (epsilon = 0.100)
1. Initial log-likelihood: -3991.025
Optimal log-likelihood: -3991.024
Rate parameters:  A-C: 1.88970  A-G: 3.55607  A-T: 1.00000  C-G: 1.88970  C-T: 3.55607  G-T: 1.00000
Base frequencies:  A: 0.250  C: 0.250  G: 0.250  T: 0.250
Parameters optimization took 1 rounds (0.001 sec)
Wrote distance file to... 
Computing ML distances based on estimated model parameters...
Calculating distance matrix: done in 0.000199795 secs using 99.6% CPU
Computing ML distances took 0.000262 sec (of wall-clock time) 0.000267 sec (of CPU time)
Setting up auxiliary I and S matrices: done in 5.10216e-05 secs using 199.9% CPU
Computing RapidNJ tree took 0.000162 sec (of wall-clock time) 0.000324 sec (of CPU time)
Log-likelihood of RapidNJ tree: -4037.028
--------------------------------------------------------------------
|             INITIALIZING CANDIDATE TREE SET                      |
--------------------------------------------------------------------
Generating 98 parsimony trees... 0.094 second
Computing log-likelihood of 37 initial trees ... 0.027 seconds
Current best score: -3991.024

Do NNI search on 20 best initial trees
Estimate model parameters (epsilon = 0.100)
BETTER TREE FOUND at iteration 1: -3991.024
Iteration 10 / LogL: -3991.027 / Time: 0h:0m:1s
Iteration 20 / LogL: -3991.027 / Time: 0h:0m:1s
Finish initializing candidate tree set (1)
Current best tree score: -3991.024 / CPU time: 0.291
Number of iterations: 20
--------------------------------------------------------------------
|               OPTIMIZING CANDIDATE TREE SET                      |
--------------------------------------------------------------------
UPDATE BEST LOG-LIKELIHOOD: -3991.024
Iteration 30 / LogL: -3991.111 / Time: 0h:0m:1s (0h:0m:1s left)
Iteration 40 / LogL: -3991.024 / Time: 0h:0m:1s (0h:0m:0s left)
Iteration 50 / LogL: -3991.028 / Time: 0h:0m:2s (0h:0m:0s left)
Log-likelihood cutoff on original alignment: -4012.396
UPDATE BEST LOG-LIKELIHOOD: -3991.024
Iteration 60 / LogL: -3991.028 / Time: 0h:0m:2s (0h:0m:0s left)
Iteration 70 / LogL: -3991.110 / Time: 0h:0m:2s (0h:0m:0s left)
Iteration 80 / LogL: -3991.044 / Time: 0h:0m:2s (0h:0m:0s left)
Iteration 90 / LogL: -3991.114 / Time: 0h:0m:2s (0h:0m:0s left)
Iteration 100 / LogL: -3991.027 / Time: 0h:0m:2s (0h:0m:0s left)
Log-likelihood cutoff on original alignment: -4012.396
NOTE: Bootstrap correlation coefficient of split occurrence frequencies: 0.999
TREE SEARCH COMPLETED AFTER 102 ITERATIONS / Time: 0h:0m:2s

--------------------------------------------------------------------
|                    FINALIZING TREE SEARCH                        |
--------------------------------------------------------------------
Performs final model parameters optimization
Estimate model parameters (epsilon = 0.010)
1. Initial log-likelihood: -3991.024
Optimal log-likelihood: -3991.024
Rate parameters:  A-C: 1.88809  A-G: 3.54988  A-T: 1.00000  C-G: 1.88809  C-T: 3.54988  G-T: 1.00000
Base frequencies:  A: 0.250  C: 0.250  G: 0.250  T: 0.250
Parameters optimization took 1 rounds (0.001 sec)
BEST SCORE FOUND : -3991.024
Creating bootstrap support values...
Split supports printed to NEXUS file per_gene_alignments_codon/LOC101390759_.aln.splits.nex
Total tree length: 0.590

Total number of iterations: 102
CPU time used for tree search: 1.130 sec (0h:0m:1s)
Wall-clock time used for tree search: 1.277 sec (0h:0m:1s)
Total CPU time used: 1.976 sec (0h:0m:1s)
Total wall-clock time used: 2.779 sec (0h:0m:2s)

Computing bootstrap consensus tree...
Reading input file per_gene_alignments_codon/LOC101390759_.aln.splits.nex...
7 taxa and 14 splits.
Consensus tree written to per_gene_alignments_codon/LOC101390759_.aln.contree
Reading input trees file per_gene_alignments_codon/LOC101390759_.aln.contree
Log-likelihood of consensus tree: -3991.024

Analysis results written to: 
  IQ-TREE report:                per_gene_alignments_codon/LOC101390759_.aln.iqtree
  Maximum-likelihood tree:       per_gene_alignments_codon/LOC101390759_.aln.treefile
  Likelihood distances:          per_gene_alignments_codon/LOC101390759_.aln.mldist

Ultrafast bootstrap approximation results written to:
  Split support values:          per_gene_alignments_codon/LOC101390759_.aln.splits.nex
  Consensus tree:                per_gene_alignments_codon/LOC101390759_.aln.contree
  Screen log file:               per_gene_alignments_codon/LOC101390759_.aln.log

Date and Time: Thu Oct 30 21:27:31 2025
