IQ-TREE multicore version 2.3.3 COVID-edition for Linux x86 64-bit built Apr 25 2024
Developed by Bui Quang Minh, James Barbetti, Nguyen Lam Tung, Olga Chernomor,
Heiko Schmidt, Dominik Schrempf, Michael Woodhams, Ly Trong Nhan, Thomas Wong

Host:    morpheus-OptiPlex-5050 (AVX2, FMA3, 503 GB RAM)
Command: iqtree2 -s per_gene_alignments_codon/LOC101391109_.aln.fna -m MFP -T 1 -B 1000 --prefix per_gene_alignments_codon/LOC101391109_.aln
Seed:    675927 (Using SPRNG - Scalable Parallel Random Number Generator)
Time:    Thu Oct 30 21:27:42 2025
Kernel:  AVX+FMA - 1 threads (72 CPU cores detected)

HINT: Use -nt option to specify number of threads because your CPU has 72 cores!
HINT: -nt AUTO will automatically determine the best number of threads to use.

Reading alignment file per_gene_alignments_codon/LOC101391109_.aln.fna ... Fasta format detected
Reading fasta file: done in 0.000727177 secs using 49.92% CPU
Alignment most likely contains DNA/RNA sequences
Alignment has 7 sequences with 2544 columns, 131 distinct patterns
212 parsimony-informative, 259 singleton sites, 2073 constant sites
                     Gap/Ambiguity  Composition  p-value
Analyzing sequences: done in 2.21729e-05 secs
   1  Ceratotherium_simum    0.00%    passed     86.88%
   2  Diceros_bicornis       0.00%    passed     88.26%
   3  Equus_asinus           0.00%    passed     47.72%
   4  Equus_quagga           0.00%    passed     52.63%
   5  Equus_caballus         0.00%    passed     41.00%
   6  Canis_lupus            0.12%    passed     75.45%
   7  Bos_taurus             0.00%    passed     19.52%
****  TOTAL                  0.02%  0 sequences failed composition chi2 test (p-value<5%; df=3)


Create initial parsimony tree by phylogenetic likelihood library (PLL)... 0.000 seconds
Perform fast likelihood tree search using GTR+I+G model...
Estimate model parameters (epsilon = 5.000)
Perform nearest neighbor interchange...
Estimate model parameters (epsilon = 1.000)
1. Initial log-likelihood: -6252.279
Optimal log-likelihood: -6252.274
Rate parameters:  A-C: 1.65719  A-G: 6.68133  A-T: 0.59334  C-G: 1.70848  C-T: 5.61148  G-T: 1.00000
Base frequencies:  A: 0.281  C: 0.218  G: 0.228  T: 0.272
Proportion of invariable sites: 0.405
Gamma shape alpha: 1.354
Parameters optimization took 1 rounds (0.002 sec)
Time for fast ML tree search: 0.100 seconds

NOTE: ModelFinder requires 0 MB RAM!
ModelFinder will test up to 484 DNA models (sample size: 2544) ...
 No. Model         -LnL         df  AIC          AICc         BIC
  1  GTR+F         6284.561     19  12607.122    12607.423    12718.110
  2  GTR+F+I       6252.616     20  12545.231    12545.564    12662.061
  3  GTR+F+G4      6252.306     20  12544.611    12544.944    12661.441
  4  GTR+F+I+G4    6252.277     21  12546.554    12546.920    12669.225
  5  GTR+F+R2      6252.810     21  12547.619    12547.985    12670.290
  6  GTR+F+R3      6252.386     23  12550.773    12551.211    12685.127
 14  GTR+F+I+R2    6252.383     22  12548.766    12549.167    12677.279
 15  GTR+F+I+R3    6252.338     24  12552.675    12553.151    12692.871
 24  SYM+I         6272.174     17  12578.347    12578.590    12677.653
 25  SYM+G4        6271.943     17  12577.885    12578.128    12677.191
 26  SYM+I+G4      6271.923     18  12579.845    12580.116    12684.992
 27  SYM+R2        6272.367     18  12580.733    12581.004    12685.880
 46  TVM+F+I       6253.673     19  12545.346    12545.647    12656.334
 47  TVM+F+G4      6253.368     19  12544.735    12545.036    12655.723
 48  TVM+F+I+G4    6253.340     20  12546.680    12547.013    12663.510
 49  TVM+F+R2      6253.885     20  12547.771    12548.104    12664.601
 68  TVMe+I        6273.962     16  12579.925    12580.140    12673.389
 69  TVMe+G4       6273.719     16  12579.438    12579.654    12672.902
 70  TVMe+I+G4     6273.700     17  12581.401    12581.643    12680.706
 71  TVMe+R2       6274.162     17  12582.324    12582.567    12681.630
 90  TIM3+F+I      6253.939     18  12543.878    12544.149    12649.025
 91  TIM3+F+G4     6253.640     18  12543.280    12543.551    12648.427
 92  TIM3+F+I+G4   6253.598     19  12545.196    12545.497    12656.184
 93  TIM3+F+R2     6254.142     19  12546.284    12546.585    12657.272
112  TIM3e+I       6272.894     15  12575.788    12575.978    12663.410
113  TIM3e+G4      6272.637     15  12575.275    12575.465    12662.897
114  TIM3e+I+G4    6272.614     16  12577.227    12577.442    12670.691
115  TIM3e+R2      6273.093     16  12578.186    12578.401    12671.649
134  TIM2+F+I      6262.338     18  12560.677    12560.948    12665.824
135  TIM2+F+G4     6262.055     18  12560.109    12560.380    12665.256
136  TIM2+F+I+G4   6262.031     19  12562.062    12562.363    12673.050
137  TIM2+F+R2     6262.524     19  12563.048    12563.349    12674.036
156  TIM2e+I       6278.520     15  12587.041    12587.231    12674.663
157  TIM2e+G4      6278.289     15  12586.577    12586.767    12674.199
158  TIM2e+I+G4    6278.270     16  12588.539    12588.754    12682.003
159  TIM2e+R2      6278.788     16  12589.575    12589.790    12683.039
178  TIM+F+I       6261.746     18  12559.492    12559.763    12664.638
179  TIM+F+G4      6261.553     18  12559.106    12559.377    12664.253
180  TIM+F+I+G4    6261.537     19  12561.074    12561.375    12672.062
181  TIM+F+R2      6261.944     19  12561.888    12562.189    12672.876
200  TIMe+I        6277.747     15  12585.495    12585.684    12673.117
201  TIMe+G4       6277.555     15  12585.110    12585.300    12672.733
202  TIMe+I+G4     6277.540     16  12587.080    12587.295    12680.544
203  TIMe+R2       6277.932     16  12587.865    12588.080    12681.329
222  TPM3u+F+I     6254.964     17  12543.928    12544.170    12643.233
223  TPM3u+F+G4    6254.666     17  12543.332    12543.574    12642.638
224  TPM3u+F+I+G4  6254.623     18  12545.245    12545.516    12650.392
225  TPM3u+F+R2    6255.170     18  12546.340    12546.611    12651.487
244  TPM3+I        6274.670     14  12577.341    12577.507    12659.121
245  TPM3+G4       6274.403     14  12576.806    12576.972    12658.587
246  TPM3+I+G4     6274.381     15  12578.761    12578.951    12666.383
247  TPM3+R2       6274.867     15  12579.734    12579.923    12667.356
266  TPM2u+F+I     6263.450     17  12560.899    12561.141    12660.205
267  TPM2u+F+G4    6263.160     17  12560.319    12560.561    12659.624
268  TPM2u+F+I+G4  6263.136     18  12562.271    12562.542    12667.418
269  TPM2u+F+R2    6263.648     18  12563.296    12563.567    12668.443
288  TPM2+I        6280.277     14  12588.553    12588.719    12670.334
289  TPM2+G4       6280.022     14  12588.044    12588.210    12669.825
290  TPM2+I+G4     6280.005     15  12590.009    12590.199    12677.631
291  TPM2+R2       6280.471     15  12590.941    12591.131    12678.564
310  K3Pu+F+I      6262.845     17  12559.690    12559.932    12658.995
311  K3Pu+F+G4     6262.645     17  12559.290    12559.532    12658.595
312  K3Pu+F+I+G4   6262.630     18  12561.260    12561.530    12666.406
313  K3Pu+F+R2     6263.054     18  12562.108    12562.379    12667.255
332  K3P+I         6279.506     14  12587.013    12587.179    12668.794
333  K3P+G4        6279.292     14  12586.584    12586.750    12668.365
334  K3P+I+G4      6279.278     15  12588.557    12588.746    12676.179
335  K3P+R2        6279.705     15  12589.409    12589.599    12677.032
354  TN+F+I        6262.942     17  12559.883    12560.126    12659.189
355  TN+F+G4       6262.699     17  12559.398    12559.640    12658.703
356  TN+F+I+G4     6262.677     18  12561.353    12561.624    12666.500
357  TN+F+R2       6263.132     18  12562.264    12562.535    12667.411
376  TNe+I         6278.575     14  12585.151    12585.317    12666.932
377  TNe+G4        6278.351     14  12584.703    12584.869    12666.484
378  TNe+I+G4      6278.332     15  12586.664    12586.854    12674.287
379  TNe+R2        6278.832     15  12587.664    12587.853    12675.286
398  HKY+F+I       6264.030     16  12560.060    12560.275    12653.524
399  HKY+F+G4      6263.779     16  12559.558    12559.773    12653.021
400  HKY+F+I+G4    6263.757     17  12561.514    12561.757    12660.820
401  HKY+F+R2      6264.231     17  12562.461    12562.704    12661.767
420  K2P+I         6280.330     13  12586.659    12586.803    12662.599
421  K2P+G4        6280.082     13  12586.164    12586.308    12662.104
422  K2P+I+G4      6280.064     14  12588.128    12588.294    12669.909
423  K2P+R2        6280.522     14  12589.044    12589.210    12670.825
442  F81+F+I       6422.560     15  12875.119    12875.309    12962.742
443  F81+F+G4      6422.877     15  12875.754    12875.944    12963.376
444  F81+F+I+G4    6422.824     16  12877.649    12877.864    12971.113
445  F81+F+R2      6422.868     16  12877.735    12877.950    12971.199
464  JC+I          6435.745     12  12895.490    12895.614    12965.588
465  JC+G4         6436.060     12  12896.120    12896.243    12966.217
466  JC+I+G4       6436.003     13  12898.005    12898.149    12973.945
467  JC+R2         6436.043     13  12898.086    12898.230    12974.025
Akaike Information Criterion:           TIM3+F+G4
Corrected Akaike Information Criterion: TIM3+F+G4
Bayesian Information Criterion:         TPM3u+F+G4
Best-fit model: TPM3u+F+G4 chosen according to BIC

All model information printed to per_gene_alignments_codon/LOC101391109_.aln.model.gz
CPU time for ModelFinder: 1.215 seconds (0h:0m:1s)
Wall-clock time for ModelFinder: 3.047 seconds (0h:0m:3s)
Generating 1000 samples for ultrafast bootstrap (seed: 675927)...

NOTE: 0 MB RAM (0 GB) is required!
Estimate model parameters (epsilon = 0.100)
1. Initial log-likelihood: -6254.666
Optimal log-likelihood: -6254.654
Rate parameters:  A-C: 2.21078  A-G: 8.07219  A-T: 1.00000  C-G: 2.21078  C-T: 8.07219  G-T: 1.00000
Base frequencies:  A: 0.281  C: 0.218  G: 0.228  T: 0.272
Gamma shape alpha: 0.365
Parameters optimization took 1 rounds (0.013 sec)
Wrote distance file to... 
Computing ML distances based on estimated model parameters...
Calculating distance matrix: done in 0.000700951 secs using 100% CPU
Computing ML distances took 0.000780 sec (of wall-clock time) 0.000787 sec (of CPU time)
Setting up auxiliary I and S matrices: done in 4.79221e-05 secs using 154.4% CPU
Computing RapidNJ tree took 0.000144 sec (of wall-clock time) 0.000237 sec (of CPU time)
Log-likelihood of RapidNJ tree: -6254.654
--------------------------------------------------------------------
|             INITIALIZING CANDIDATE TREE SET                      |
--------------------------------------------------------------------
Generating 99 parsimony trees... 0.094 second
Computing log-likelihood of 39 initial trees ... 0.055 seconds
Current best score: -6254.654

Do NNI search on 20 best initial trees
Estimate model parameters (epsilon = 0.100)
BETTER TREE FOUND at iteration 1: -6254.654
Iteration 10 / LogL: -6254.661 / Time: 0h:0m:3s
Iteration 20 / LogL: -6254.673 / Time: 0h:0m:3s
Finish initializing candidate tree set (1)
Current best tree score: -6254.654 / CPU time: 0.377
Number of iterations: 20
--------------------------------------------------------------------
|               OPTIMIZING CANDIDATE TREE SET                      |
--------------------------------------------------------------------
Iteration 30 / LogL: -6254.654 / Time: 0h:0m:3s (0h:0m:1s left)
UPDATE BEST LOG-LIKELIHOOD: -6254.654
Iteration 40 / LogL: -6254.655 / Time: 0h:0m:3s (0h:0m:1s left)
UPDATE BEST LOG-LIKELIHOOD: -6254.654
Iteration 50 / LogL: -6254.673 / Time: 0h:0m:4s (0h:0m:1s left)
Log-likelihood cutoff on original alignment: -6262.531
Iteration 60 / LogL: -6254.662 / Time: 0h:0m:4s (0h:0m:1s left)
Iteration 70 / LogL: -6254.655 / Time: 0h:0m:4s (0h:0m:0s left)
Iteration 80 / LogL: -6254.660 / Time: 0h:0m:5s (0h:0m:0s left)
Iteration 90 / LogL: -6254.655 / Time: 0h:0m:5s (0h:0m:0s left)
Iteration 100 / LogL: -6254.675 / Time: 0h:0m:5s (0h:0m:0s left)
Log-likelihood cutoff on original alignment: -6262.622
NOTE: Bootstrap correlation coefficient of split occurrence frequencies: 0.999
TREE SEARCH COMPLETED AFTER 102 ITERATIONS / Time: 0h:0m:5s

--------------------------------------------------------------------
|                    FINALIZING TREE SEARCH                        |
--------------------------------------------------------------------
Performs final model parameters optimization
Estimate model parameters (epsilon = 0.010)
1. Initial log-likelihood: -6254.654
Optimal log-likelihood: -6254.654
Rate parameters:  A-C: 2.21017  A-G: 8.06893  A-T: 1.00000  C-G: 2.21017  C-T: 8.06893  G-T: 1.00000
Base frequencies:  A: 0.281  C: 0.218  G: 0.228  T: 0.272
Gamma shape alpha: 0.364
Parameters optimization took 1 rounds (0.001 sec)
BEST SCORE FOUND : -6254.654
Creating bootstrap support values...
Split supports printed to NEXUS file per_gene_alignments_codon/LOC101391109_.aln.splits.nex
Total tree length: 0.261

Total number of iterations: 102
CPU time used for tree search: 1.273 sec (0h:0m:1s)
Wall-clock time used for tree search: 2.198 sec (0h:0m:2s)
Total CPU time used: 2.566 sec (0h:0m:2s)
Total wall-clock time used: 5.374 sec (0h:0m:5s)

Computing bootstrap consensus tree...
Reading input file per_gene_alignments_codon/LOC101391109_.aln.splits.nex...
7 taxa and 15 splits.
Consensus tree written to per_gene_alignments_codon/LOC101391109_.aln.contree
Reading input trees file per_gene_alignments_codon/LOC101391109_.aln.contree
Log-likelihood of consensus tree: -6254.654

Analysis results written to: 
  IQ-TREE report:                per_gene_alignments_codon/LOC101391109_.aln.iqtree
  Maximum-likelihood tree:       per_gene_alignments_codon/LOC101391109_.aln.treefile
  Likelihood distances:          per_gene_alignments_codon/LOC101391109_.aln.mldist

Ultrafast bootstrap approximation results written to:
  Split support values:          per_gene_alignments_codon/LOC101391109_.aln.splits.nex
  Consensus tree:                per_gene_alignments_codon/LOC101391109_.aln.contree
  Screen log file:               per_gene_alignments_codon/LOC101391109_.aln.log

Date and Time: Thu Oct 30 21:27:48 2025
