IQ-TREE multicore version 2.3.3 COVID-edition for Linux x86 64-bit built Apr 25 2024
Developed by Bui Quang Minh, James Barbetti, Nguyen Lam Tung, Olga Chernomor,
Heiko Schmidt, Dominik Schrempf, Michael Woodhams, Ly Trong Nhan, Thomas Wong

Host:    morpheus-OptiPlex-5050 (AVX2, FMA3, 503 GB RAM)
Command: iqtree2 -s per_gene_alignments_codon/LOC101402587_.aln.fna -m MFP -T 1 -B 1000 --prefix per_gene_alignments_codon/LOC101402587_.aln
Seed:    889022 (Using SPRNG - Scalable Parallel Random Number Generator)
Time:    Thu Oct 30 21:35:33 2025
Kernel:  AVX+FMA - 1 threads (72 CPU cores detected)

HINT: Use -nt option to specify number of threads because your CPU has 72 cores!
HINT: -nt AUTO will automatically determine the best number of threads to use.

Reading alignment file per_gene_alignments_codon/LOC101402587_.aln.fna ... Fasta format detected
Reading fasta file: done in 0.000415802 secs using 49.78% CPU
Alignment most likely contains DNA/RNA sequences
Alignment has 7 sequences with 1362 columns, 50 distinct patterns
31 parsimony-informative, 76 singleton sites, 1255 constant sites
                     Gap/Ambiguity  Composition  p-value
Analyzing sequences: done in 2.12193e-05 secs
   1  Ceratotherium_simum    0.00%    passed     95.16%
   2  Diceros_bicornis       0.00%    passed     97.56%
   3  Equus_asinus           0.00%    passed     99.83%
   4  Equus_quagga           0.00%    passed     99.62%
   5  Equus_caballus         0.00%    passed     99.80%
   6  Canis_lupus            0.00%    passed     99.91%
   7  Bos_taurus             0.00%    passed     51.65%
****  TOTAL                  0.00%  0 sequences failed composition chi2 test (p-value<5%; df=3)


Create initial parsimony tree by phylogenetic likelihood library (PLL)... 0.000 seconds
Perform fast likelihood tree search using GTR+I+G model...
Estimate model parameters (epsilon = 5.000)
Perform nearest neighbor interchange...
Estimate model parameters (epsilon = 1.000)
1. Initial log-likelihood: -2536.810
Optimal log-likelihood: -2536.806
Rate parameters:  A-C: 5.90581  A-G: 22.98322  A-T: 2.01656  C-G: 7.61110  C-T: 41.09348  G-T: 1.00000
Base frequencies:  A: 0.248  C: 0.226  G: 0.267  T: 0.259
Proportion of invariable sites: 0.459
Gamma shape alpha: 0.580
Parameters optimization took 1 rounds (0.022 sec)
Time for fast ML tree search: 0.054 seconds

NOTE: ModelFinder requires 0 MB RAM!
ModelFinder will test up to 484 DNA models (sample size: 1362) ...
 No. Model         -LnL         df  AIC          AICc         BIC
  1  GTR+F         2543.338     19  5124.677     5125.243     5223.794
  2  GTR+F+I       2537.139     20  5114.277     5114.904     5218.612
  3  GTR+F+G4      2537.067     20  5114.134     5114.760     5218.468
  4  GTR+F+I+G4    2536.804     21  5115.608     5116.297     5225.158
  5  GTR+F+R2      2540.530     21  5123.060     5123.750     5232.611
  6  GTR+F+R3      2538.227     23  5122.454     5123.279     5242.438
 14  GTR+F+I+R2    2537.400     22  5118.801     5119.557     5233.568
 15  GTR+F+I+R3    2537.004     24  5122.009     5122.906     5247.210
 23  SYM           2545.577     16  5123.153     5123.558     5206.621
 24  SYM+I         2539.342     17  5112.684     5113.140     5201.369
 25  SYM+G4        2539.275     17  5112.550     5113.005     5201.234
 26  SYM+I+G4      2539.003     18  5114.005     5114.515     5207.906
 45  TVM+F         2546.442     18  5128.883     5129.393     5222.784
 46  TVM+F+I       2539.958     19  5117.915     5118.481     5217.033
 47  TVM+F+G4      2539.928     19  5117.856     5118.423     5216.974
 48  TVM+F+I+G4    2539.684     20  5119.368     5119.994     5223.702
 67  TVMe          2547.903     15  5125.807     5126.164     5204.058
 68  TVMe+I        2541.463     16  5114.925     5115.330     5198.393
 69  TVMe+G4       2541.432     16  5114.863     5115.268     5198.330
 70  TVMe+I+G4     2541.174     17  5116.348     5116.803     5205.032
 89  TIM3+F        2543.811     17  5121.622     5122.077     5210.306
 90  TIM3+F+I      2537.526     18  5111.051     5111.560     5204.952
 91  TIM3+F+G4     2537.456     18  5110.912     5111.421     5204.813
 92  TIM3+F+I+G4   2537.143     19  5112.286     5112.853     5211.404
111  TIM3e         2546.023     14  5120.046     5120.358     5193.080
112  TIM3e+I       2539.758     15  5109.517     5109.873     5187.767
113  TIM3e+G4      2539.691     15  5109.381     5109.738     5187.632
114  TIM3e+I+G4    2539.373     16  5110.747     5111.151     5194.214
133  TIM2+F        2548.008     17  5130.017     5130.472     5218.701
134  TIM2+F+I      2542.106     18  5120.211     5120.721     5214.112
135  TIM2+F+G4     2542.016     18  5120.033     5120.542     5213.933
136  TIM2+F+I+G4   2541.763     19  5121.526     5122.092     5220.643
155  TIM2e         2549.734     14  5127.468     5127.780     5200.502
156  TIM2e+I       2543.748     15  5117.495     5117.852     5195.746
157  TIM2e+G4      2543.663     15  5117.326     5117.682     5195.576
158  TIM2e+I+G4    2543.390     16  5118.779     5119.184     5202.247
177  TIM+F         2547.574     17  5129.149     5129.604     5217.833
178  TIM+F+I       2541.681     18  5119.362     5119.871     5213.262
179  TIM+F+G4      2541.594     18  5119.187     5119.696     5213.088
180  TIM+F+I+G4    2541.347     19  5120.693     5121.260     5219.811
199  TIMe          2549.312     14  5126.624     5126.936     5199.658
200  TIMe+I        2543.351     15  5116.703     5117.059     5194.953
201  TIMe+G4       2543.267     15  5116.534     5116.890     5194.784
202  TIMe+I+G4     2543.009     16  5118.017     5118.422     5201.485
221  TPM3u+F       2546.900     16  5125.800     5126.204     5209.267
222  TPM3u+F+I     2540.338     17  5114.677     5115.132     5203.361
223  TPM3u+F+G4    2540.314     17  5114.628     5115.083     5203.312
224  TPM3u+F+I+G4  2540.017     18  5116.035     5116.544     5209.936
243  TPM3          2548.383     13  5122.767     5123.037     5190.584
244  TPM3+I        2541.872     14  5111.743     5112.055     5184.777
245  TPM3+G4       2541.846     14  5111.692     5112.004     5184.726
246  TPM3+I+G4     2541.537     15  5113.073     5113.430     5191.324
265  TPM2u+F       2551.058     16  5134.116     5134.520     5217.583
266  TPM2u+F+I     2544.833     17  5123.667     5124.122     5212.351
267  TPM2u+F+G4    2544.789     17  5123.578     5124.033     5212.262
268  TPM2u+F+I+G4  2544.551     18  5125.103     5125.612     5219.003
287  TPM2          2552.064     13  5130.129     5130.399     5197.946
288  TPM2+I        2545.813     14  5119.626     5119.938     5192.660
289  TPM2+G4       2545.768     14  5119.536     5119.848     5192.570
290  TPM2+I+G4     2545.511     15  5121.022     5121.378     5199.272
309  K3Pu+F        2550.628     16  5133.256     5133.661     5216.723
310  K3Pu+F+I      2544.420     17  5122.841     5123.296     5211.525
311  K3Pu+F+G4     2544.377     17  5122.754     5123.209     5211.438
312  K3Pu+F+I+G4   2544.153     18  5124.306     5124.815     5218.207
331  K3P           2551.641     13  5129.283     5129.553     5197.100
332  K3P+I         2545.431     14  5118.861     5119.173     5191.895
333  K3P+G4        2545.384     14  5118.768     5119.080     5191.802
334  K3P+I+G4      2545.147     15  5120.293     5120.650     5198.544
353  TN+F          2548.012     16  5128.024     5128.429     5211.492
354  TN+F+I        2542.101     17  5118.202     5118.657     5206.886
355  TN+F+G4       2542.013     17  5118.026     5118.481     5206.710
356  TN+F+I+G4     2541.760     18  5119.521     5120.030     5213.422
375  TNe           2549.734     13  5125.468     5125.738     5193.286
376  TNe+I         2543.755     14  5115.509     5115.821     5188.543
377  TNe+G4        2543.670     14  5115.339     5115.651     5188.373
378  TNe+I+G4      2543.405     15  5116.810     5117.167     5195.061
397  HKY+F         2551.064     15  5132.127     5132.484     5210.378
398  HKY+F+I       2544.834     16  5121.668     5122.072     5205.135
399  HKY+F+G4      2544.790     16  5121.580     5121.984     5205.047
400  HKY+F+I+G4    2544.557     17  5123.113     5123.568     5211.797
419  K2P           2552.064     12  5128.129     5128.360     5190.729
420  K2P+I         2545.827     13  5117.655     5117.925     5185.472
421  K2P+G4        2545.780     13  5117.561     5117.831     5185.378
422  K2P+I+G4      2545.533     14  5119.067     5119.379     5192.101
441  F81+F         2600.277     14  5228.554     5228.866     5301.588
442  F81+F+I       2595.763     15  5221.526     5221.883     5299.777
443  F81+F+G4      2595.657     15  5221.314     5221.671     5299.565
444  F81+F+I+G4    2595.573     16  5223.146     5223.551     5306.614
463  JC            2601.259     11  5224.519     5224.714     5281.903
464  JC+I          2596.667     12  5217.334     5217.565     5279.934
465  JC+G4         2596.562     12  5217.124     5217.356     5279.725
466  JC+I+G4       2596.473     13  5218.946     5219.216     5286.763
Akaike Information Criterion:           TIM3e+G4
Corrected Akaike Information Criterion: TIM3e+G4
Bayesian Information Criterion:         TPM3+G4
Best-fit model: TPM3+G4 chosen according to BIC

All model information printed to per_gene_alignments_codon/LOC101402587_.aln.model.gz
CPU time for ModelFinder: 0.235 seconds (0h:0m:0s)
Wall-clock time for ModelFinder: 0.764 seconds (0h:0m:0s)
Generating 1000 samples for ultrafast bootstrap (seed: 889022)...

NOTE: 0 MB RAM (0 GB) is required!
Estimate model parameters (epsilon = 0.100)
1. Initial log-likelihood: -2541.846
Optimal log-likelihood: -2541.845
Rate parameters:  A-C: 4.47250  A-G: 21.84793  A-T: 1.00000  C-G: 4.47250  C-T: 21.84793  G-T: 1.00000
Base frequencies:  A: 0.250  C: 0.250  G: 0.250  T: 0.250
Gamma shape alpha: 0.104
Parameters optimization took 1 rounds (0.009 sec)
Wrote distance file to... 
Computing ML distances based on estimated model parameters...
Calculating distance matrix: done in 0.000678062 secs using 99.84% CPU
Computing ML distances took 0.000738 sec (of wall-clock time) 0.000745 sec (of CPU time)
Setting up auxiliary I and S matrices: done in 5.10216e-05 secs using 188.2% CPU
Computing RapidNJ tree took 0.000167 sec (of wall-clock time) 0.000318 sec (of CPU time)
Log-likelihood of RapidNJ tree: -2541.849
--------------------------------------------------------------------
|             INITIALIZING CANDIDATE TREE SET                      |
--------------------------------------------------------------------
Generating 98 parsimony trees... 0.051 second
Computing log-likelihood of 50 initial trees ... 0.027 seconds
Current best score: -2541.845

Do NNI search on 20 best initial trees
Estimate model parameters (epsilon = 0.100)
BETTER TREE FOUND at iteration 1: -2541.845
UPDATE BEST LOG-LIKELIHOOD: -2541.845
UPDATE BEST LOG-LIKELIHOOD: -2541.845
UPDATE BEST LOG-LIKELIHOOD: -2541.845
Iteration 10 / LogL: -2541.845 / Time: 0h:0m:1s
UPDATE BEST LOG-LIKELIHOOD: -2541.845
Iteration 20 / LogL: -2541.845 / Time: 0h:0m:1s
Finish initializing candidate tree set (2)
Current best tree score: -2541.845 / CPU time: 0.214
Number of iterations: 20
--------------------------------------------------------------------
|               OPTIMIZING CANDIDATE TREE SET                      |
--------------------------------------------------------------------
UPDATE BEST LOG-LIKELIHOOD: -2541.845
UPDATE BEST LOG-LIKELIHOOD: -2541.845
UPDATE BEST LOG-LIKELIHOOD: -2541.845
Iteration 30 / LogL: -2541.847 / Time: 0h:0m:1s (0h:0m:0s left)
UPDATE BEST LOG-LIKELIHOOD: -2541.845
UPDATE BEST LOG-LIKELIHOOD: -2541.845
Iteration 40 / LogL: -2541.845 / Time: 0h:0m:1s (0h:0m:0s left)
Iteration 50 / LogL: -2560.228 / Time: 0h:0m:1s (0h:0m:0s left)
Log-likelihood cutoff on original alignment: -2567.306
Iteration 60 / LogL: -2567.240 / Time: 0h:0m:1s (0h:0m:0s left)
Iteration 70 / LogL: -2567.478 / Time: 0h:0m:1s (0h:0m:0s left)
Iteration 80 / LogL: -2541.845 / Time: 0h:0m:2s (0h:0m:0s left)
Iteration 90 / LogL: -2541.845 / Time: 0h:0m:2s (0h:0m:0s left)
UPDATE BEST LOG-LIKELIHOOD: -2541.845
Iteration 100 / LogL: -2541.845 / Time: 0h:0m:2s (0h:0m:0s left)
Log-likelihood cutoff on original alignment: -2567.240
NOTE: Bootstrap correlation coefficient of split occurrence frequencies: 0.999
TREE SEARCH COMPLETED AFTER 102 ITERATIONS / Time: 0h:0m:2s

--------------------------------------------------------------------
|                    FINALIZING TREE SEARCH                        |
--------------------------------------------------------------------
Performs final model parameters optimization
Estimate model parameters (epsilon = 0.010)
1. Initial log-likelihood: -2541.845
Optimal log-likelihood: -2541.845
Rate parameters:  A-C: 4.45890  A-G: 21.82785  A-T: 1.00000  C-G: 4.45890  C-T: 21.82785  G-T: 1.00000
Base frequencies:  A: 0.250  C: 0.250  G: 0.250  T: 0.250
Gamma shape alpha: 0.104
Parameters optimization took 1 rounds (0.001 sec)
BEST SCORE FOUND : -2541.845
Creating bootstrap support values...
Split supports printed to NEXUS file per_gene_alignments_codon/LOC101402587_.aln.splits.nex
Total tree length: 0.098

Total number of iterations: 102
CPU time used for tree search: 1.090 sec (0h:0m:1s)
Wall-clock time used for tree search: 1.550 sec (0h:0m:1s)
Total CPU time used: 1.382 sec (0h:0m:1s)
Total wall-clock time used: 2.456 sec (0h:0m:2s)

Computing bootstrap consensus tree...
Reading input file per_gene_alignments_codon/LOC101402587_.aln.splits.nex...
7 taxa and 23 splits.
Consensus tree written to per_gene_alignments_codon/LOC101402587_.aln.contree
Reading input trees file per_gene_alignments_codon/LOC101402587_.aln.contree
Log-likelihood of consensus tree: -2541.849

Analysis results written to: 
  IQ-TREE report:                per_gene_alignments_codon/LOC101402587_.aln.iqtree
  Maximum-likelihood tree:       per_gene_alignments_codon/LOC101402587_.aln.treefile
  Likelihood distances:          per_gene_alignments_codon/LOC101402587_.aln.mldist

Ultrafast bootstrap approximation results written to:
  Split support values:          per_gene_alignments_codon/LOC101402587_.aln.splits.nex
  Consensus tree:                per_gene_alignments_codon/LOC101402587_.aln.contree
  Screen log file:               per_gene_alignments_codon/LOC101402587_.aln.log

Date and Time: Thu Oct 30 21:35:36 2025
