IQ-TREE multicore version 2.3.3 COVID-edition for Linux x86 64-bit built Apr 25 2024
Developed by Bui Quang Minh, James Barbetti, Nguyen Lam Tung, Olga Chernomor,
Heiko Schmidt, Dominik Schrempf, Michael Woodhams, Ly Trong Nhan, Thomas Wong

Host:    morpheus-OptiPlex-5050 (AVX2, FMA3, 503 GB RAM)
Command: iqtree2 -s per_gene_alignments_codon/LOC101390308_.aln.fna -m MFP -T 1 -B 1000 --prefix per_gene_alignments_codon/LOC101390308_.aln
Seed:    372802 (Using SPRNG - Scalable Parallel Random Number Generator)
Time:    Thu Oct 30 21:27:08 2025
Kernel:  AVX+FMA - 1 threads (72 CPU cores detected)

HINT: Use -nt option to specify number of threads because your CPU has 72 cores!
HINT: -nt AUTO will automatically determine the best number of threads to use.

Reading alignment file per_gene_alignments_codon/LOC101390308_.aln.fna ... Fasta format detected
Reading fasta file: done in 0.000846148 secs
Alignment most likely contains DNA/RNA sequences
Alignment has 7 sequences with 3222 columns, 121 distinct patterns
237 parsimony-informative, 290 singleton sites, 2695 constant sites
                     Gap/Ambiguity  Composition  p-value
Analyzing sequences: done in 2.00272e-05 secs
   1  Ceratotherium_simum    0.00%    passed     88.13%
   2  Diceros_bicornis       0.00%    passed     90.48%
   3  Equus_asinus           0.00%    passed     96.83%
   4  Equus_quagga           0.00%    passed     90.46%
   5  Equus_caballus         0.00%    passed     87.62%
   6  Canis_lupus            0.00%    passed     97.32%
   7  Bos_taurus             0.09%    passed     86.89%
****  TOTAL                  0.01%  0 sequences failed composition chi2 test (p-value<5%; df=3)


Create initial parsimony tree by phylogenetic likelihood library (PLL)... 0.000 seconds
Perform fast likelihood tree search using GTR+I+G model...
Estimate model parameters (epsilon = 5.000)
Perform nearest neighbor interchange...
Estimate model parameters (epsilon = 1.000)
1. Initial log-likelihood: -7464.540
Optimal log-likelihood: -7464.517
Rate parameters:  A-C: 1.93677  A-G: 8.61264  A-T: 0.55462  C-G: 1.88338  C-T: 11.87008  G-T: 1.00000
Base frequencies:  A: 0.298  C: 0.217  G: 0.243  T: 0.241
Proportion of invariable sites: 0.415
Gamma shape alpha: 1.028
Parameters optimization took 1 rounds (0.003 sec)
Time for fast ML tree search: 0.060 seconds

NOTE: ModelFinder requires 0 MB RAM!
ModelFinder will test up to 484 DNA models (sample size: 3222) ...
 No. Model         -LnL         df  AIC          AICc         BIC
  1  GTR+F         7504.678     19  15047.356    15047.594    15162.834
  2  GTR+F+I       7463.307     20  14966.615    14966.877    15088.170
  3  GTR+F+G4      7464.125     20  14968.251    14968.513    15089.806
  4  GTR+F+I+G4    7464.546     21  14971.092    14971.381    15098.725
  5  GTR+F+R2      7464.876     21  14971.751    14972.040    15099.384
  6  GTR+F+R3      7464.466     23  14974.932    14975.277    15114.720
 14  GTR+F+I+R2    7464.005     22  14972.009    14972.325    15105.720
 15  GTR+F+I+R3    7463.832     24  14975.664    14976.039    15121.530
 24  SYM+I         7486.510     17  15007.020    15007.211    15110.342
 25  SYM+G4        7487.366     17  15008.731    15008.922    15112.053
 46  TVM+F+I       7467.276     19  14972.552    14972.789    15088.029
 47  TVM+F+G4      7468.114     19  14974.227    14974.465    15089.705
 68  TVMe+I        7487.389     16  15006.778    15006.948    15104.023
 69  TVMe+G4       7488.255     16  15008.509    15008.679    15105.753
 90  TIM3+F+I      7464.361     18  14964.721    14964.935    15074.121
 91  TIM3+F+G4     7465.200     18  14966.399    14966.613    15075.799
112  TIM3e+I       7487.232     15  15004.464    15004.614    15095.630
113  TIM3e+G4      7488.065     15  15006.131    15006.280    15097.297
134  TIM2+F+I      7474.326     18  14984.651    14984.865    15094.051
135  TIM2+F+G4     7475.053     18  14986.107    14986.320    15095.506
156  TIM2e+I       7495.657     15  15021.314    15021.463    15112.480
157  TIM2e+G4      7496.397     15  15022.794    15022.944    15113.961
178  TIM+F+I       7473.572     18  14983.145    14983.359    15092.545
179  TIM+F+G4      7474.351     18  14984.701    14984.915    15094.101
200  TIMe+I        7494.820     15  15019.639    15019.789    15110.806
201  TIMe+G4       7495.588     15  15021.177    15021.326    15112.343
222  TPM3u+F+I     7468.386     17  14970.773    14970.964    15074.094
223  TPM3u+F+G4    7469.230     17  14972.459    14972.650    15075.781
244  TPM3+I        7488.113     14  15004.227    15004.358    15089.315
245  TPM3+G4       7488.963     14  15005.926    15006.057    15091.015
266  TPM2u+F+I     7478.230     17  14990.459    14990.650    15093.781
267  TPM2u+F+G4    7479.006     17  14992.011    14992.202    15095.333
288  TPM2+I        7496.520     14  15021.040    15021.171    15106.129
289  TPM2+G4       7497.299     14  15022.598    15022.729    15107.687
310  K3Pu+F+I      7477.482     17  14988.965    14989.156    15092.287
311  K3Pu+F+G4     7478.310     17  14990.620    14990.811    15093.942
332  K3P+I         7495.681     14  15019.362    15019.493    15104.451
333  K3P+G4        7496.479     14  15020.957    15021.088    15106.046
354  TN+F+I        7474.633     17  14983.266    14983.457    15086.588
355  TN+F+G4       7475.374     17  14984.748    14984.939    15088.070
376  TNe+I         7495.663     14  15019.326    15019.457    15104.415
377  TNe+G4        7496.405     14  15020.810    15020.940    15105.898
398  HKY+F+I       7478.567     16  14989.133    14989.303    15086.377
399  HKY+F+G4      7479.357     16  14990.713    14990.883    15087.957
420  K2P+I         7496.532     13  15019.063    15019.177    15098.074
421  K2P+G4        7497.307     13  15020.613    15020.727    15099.624
442  F81+F+I       7733.125     15  15496.251    15496.401    15587.417
443  F81+F+G4      7733.834     15  15497.669    15497.818    15588.835
464  JC+I          7750.768     12  15525.537    15525.634    15598.470
465  JC+G4         7751.480     12  15526.960    15527.057    15599.893
Akaike Information Criterion:           TIM3+F+I
Corrected Akaike Information Criterion: TIM3+F+I
Bayesian Information Criterion:         TPM3u+F+I
Best-fit model: TPM3u+F+I chosen according to BIC

All model information printed to per_gene_alignments_codon/LOC101390308_.aln.model.gz
CPU time for ModelFinder: 0.418 seconds (0h:0m:0s)
Wall-clock time for ModelFinder: 0.863 seconds (0h:0m:0s)
Generating 1000 samples for ultrafast bootstrap (seed: 372802)...

NOTE: 0 MB RAM (0 GB) is required!
Estimate model parameters (epsilon = 0.100)
1. Initial log-likelihood: -7468.386
Optimal log-likelihood: -7468.386
Rate parameters:  A-C: 2.47727  A-G: 13.13765  A-T: 1.00000  C-G: 2.47727  C-T: 13.13765  G-T: 1.00000
Base frequencies:  A: 0.298  C: 0.217  G: 0.243  T: 0.241
Proportion of invariable sites: 0.639
Parameters optimization took 1 rounds (0.001 sec)
Wrote distance file to... 
Computing ML distances based on estimated model parameters...
Calculating distance matrix: done in 0.000201941 secs using 99.53% CPU
Computing ML distances took 0.000253 sec (of wall-clock time) 0.000259 sec (of CPU time)
Setting up auxiliary I and S matrices: done in 5.29289e-05 secs using 98.24% CPU
Computing RapidNJ tree took 0.000163 sec (of wall-clock time) 0.000163 sec (of CPU time)
Log-likelihood of RapidNJ tree: -7468.532
--------------------------------------------------------------------
|             INITIALIZING CANDIDATE TREE SET                      |
--------------------------------------------------------------------
Generating 98 parsimony trees... 0.051 second
Computing log-likelihood of 40 initial trees ... 0.013 seconds
Current best score: -7468.386

Do NNI search on 20 best initial trees
Estimate model parameters (epsilon = 0.100)
BETTER TREE FOUND at iteration 1: -7468.386
Iteration 10 / LogL: -7468.389 / Time: 0h:0m:1s
UPDATE BEST LOG-LIKELIHOOD: -7468.386
Iteration 20 / LogL: -7468.576 / Time: 0h:0m:1s
Finish initializing candidate tree set (1)
Current best tree score: -7468.386 / CPU time: 0.144
Number of iterations: 20
--------------------------------------------------------------------
|               OPTIMIZING CANDIDATE TREE SET                      |
--------------------------------------------------------------------
UPDATE BEST LOG-LIKELIHOOD: -7468.386
UPDATE BEST LOG-LIKELIHOOD: -7468.386
UPDATE BEST LOG-LIKELIHOOD: -7468.386
Iteration 30 / LogL: -7468.386 / Time: 0h:0m:1s (0h:0m:0s left)
Iteration 40 / LogL: -7468.386 / Time: 0h:0m:1s (0h:0m:0s left)
Iteration 50 / LogL: -7468.388 / Time: 0h:0m:1s (0h:0m:0s left)
Log-likelihood cutoff on original alignment: -7480.379
Iteration 60 / LogL: -7468.386 / Time: 0h:0m:1s (0h:0m:0s left)
Iteration 70 / LogL: -7468.678 / Time: 0h:0m:1s (0h:0m:0s left)
Iteration 80 / LogL: -7468.387 / Time: 0h:0m:2s (0h:0m:0s left)
Iteration 90 / LogL: -7468.386 / Time: 0h:0m:2s (0h:0m:0s left)
Iteration 100 / LogL: -7468.386 / Time: 0h:0m:2s (0h:0m:0s left)
Log-likelihood cutoff on original alignment: -7480.852
NOTE: Bootstrap correlation coefficient of split occurrence frequencies: 1.000
TREE SEARCH COMPLETED AFTER 102 ITERATIONS / Time: 0h:0m:2s

--------------------------------------------------------------------
|                    FINALIZING TREE SEARCH                        |
--------------------------------------------------------------------
Performs final model parameters optimization
Estimate model parameters (epsilon = 0.010)
1. Initial log-likelihood: -7468.386
Optimal log-likelihood: -7468.385
Rate parameters:  A-C: 2.48050  A-G: 13.15610  A-T: 1.00000  C-G: 2.48050  C-T: 13.15610  G-T: 1.00000
Base frequencies:  A: 0.298  C: 0.217  G: 0.243  T: 0.241
Proportion of invariable sites: 0.639
Parameters optimization took 1 rounds (0.001 sec)
BEST SCORE FOUND : -7468.385
Creating bootstrap support values...
Split supports printed to NEXUS file per_gene_alignments_codon/LOC101390308_.aln.splits.nex
Total tree length: 0.230

Total number of iterations: 102
CPU time used for tree search: 1.029 sec (0h:0m:1s)
Wall-clock time used for tree search: 1.442 sec (0h:0m:1s)
Total CPU time used: 1.512 sec (0h:0m:1s)
Total wall-clock time used: 2.409 sec (0h:0m:2s)

Computing bootstrap consensus tree...
Reading input file per_gene_alignments_codon/LOC101390308_.aln.splits.nex...
7 taxa and 15 splits.
Consensus tree written to per_gene_alignments_codon/LOC101390308_.aln.contree
Reading input trees file per_gene_alignments_codon/LOC101390308_.aln.contree
Log-likelihood of consensus tree: -7468.386

Analysis results written to: 
  IQ-TREE report:                per_gene_alignments_codon/LOC101390308_.aln.iqtree
  Maximum-likelihood tree:       per_gene_alignments_codon/LOC101390308_.aln.treefile
  Likelihood distances:          per_gene_alignments_codon/LOC101390308_.aln.mldist

Ultrafast bootstrap approximation results written to:
  Split support values:          per_gene_alignments_codon/LOC101390308_.aln.splits.nex
  Consensus tree:                per_gene_alignments_codon/LOC101390308_.aln.contree
  Screen log file:               per_gene_alignments_codon/LOC101390308_.aln.log

Date and Time: Thu Oct 30 21:27:11 2025
