IQ-TREE multicore version 2.3.3 COVID-edition for Linux x86 64-bit built Apr 25 2024
Developed by Bui Quang Minh, James Barbetti, Nguyen Lam Tung, Olga Chernomor,
Heiko Schmidt, Dominik Schrempf, Michael Woodhams, Ly Trong Nhan, Thomas Wong

Host:    morpheus-OptiPlex-5050 (AVX2, FMA3, 503 GB RAM)
Command: iqtree2 -s per_gene_alignments_codon/LOC101396815_.aln.fna -m MFP -T 1 -B 1000 --prefix per_gene_alignments_codon/LOC101396815_.aln
Seed:    969811 (Using SPRNG - Scalable Parallel Random Number Generator)
Time:    Thu Oct 30 21:31:37 2025
Kernel:  AVX+FMA - 1 threads (72 CPU cores detected)

HINT: Use -nt option to specify number of threads because your CPU has 72 cores!
HINT: -nt AUTO will automatically determine the best number of threads to use.

Reading alignment file per_gene_alignments_codon/LOC101396815_.aln.fna ... Fasta format detected
Reading fasta file: done in 0.000212908 secs using 99.1% CPU
Alignment most likely contains DNA/RNA sequences
Alignment has 7 sequences with 597 columns, 65 distinct patterns
53 parsimony-informative, 60 singleton sites, 484 constant sites
                     Gap/Ambiguity  Composition  p-value
Analyzing sequences: done in 1.5974e-05 secs using 93.9% CPU
   1  Ceratotherium_simum    0.00%    passed     83.29%
   2  Diceros_bicornis       0.00%    passed     93.69%
   3  Equus_asinus           0.00%    passed     99.81%
   4  Equus_quagga           0.00%    passed     99.81%
   5  Equus_caballus         0.00%    passed     99.99%
   6  Canis_lupus            0.50%    passed     96.74%
   7  Bos_taurus             0.50%    passed     93.41%
****  TOTAL                  0.14%  0 sequences failed composition chi2 test (p-value<5%; df=3)
NOTE: Equus_quagga is identical to Equus_asinus but kept for subsequent analysis


Create initial parsimony tree by phylogenetic likelihood library (PLL)... 0.000 seconds
Perform fast likelihood tree search using GTR+I+G model...
Estimate model parameters (epsilon = 5.000)
Perform nearest neighbor interchange...
Estimate model parameters (epsilon = 1.000)
1. Initial log-likelihood: -1447.508
Optimal log-likelihood: -1447.503
Rate parameters:  A-C: 0.51774  A-G: 4.88129  A-T: 0.41213  C-G: 0.89561  C-T: 9.30482  G-T: 1.00000
Base frequencies:  A: 0.234  C: 0.299  G: 0.309  T: 0.159
Proportion of invariable sites: 0.395
Gamma shape alpha: 0.569
Parameters optimization took 1 rounds (0.022 sec)
Time for fast ML tree search: 0.104 seconds

NOTE: ModelFinder requires 0 MB RAM!
ModelFinder will test up to 484 DNA models (sample size: 597) ...
 No. Model         -LnL         df  AIC          AICc         BIC
  1  GTR+F         1461.558     19  2961.115     2962.432     3044.562
  2  GTR+F+I       1446.817     20  2933.634     2935.092     3021.472
  3  GTR+F+G4      1447.083     20  2934.166     2935.624     3022.004
  4  GTR+F+I+G4    1447.502     21  2937.005     2938.612     3029.235
  5  GTR+F+R2      1448.498     21  2938.995     2940.602     3031.226
  6  GTR+F+R3      1447.867     23  2941.734     2943.661     3042.749
 14  GTR+F+I+R2    1447.186     22  2938.372     2940.135     3034.994
 15  GTR+F+I+R3    1447.245     24  2942.490     2944.588     3047.896
 24  SYM+I         1470.078     17  2974.156     2975.213     3048.819
 25  SYM+G4        1470.233     17  2974.466     2975.523     3049.129
 26  SYM+I+G4      1470.335     18  2976.670     2977.853     3055.724
 27  SYM+R2        1471.486     18  2978.972     2980.156     3058.027
 46  TVM+F+I       1449.547     19  2937.094     2938.412     3020.541
 47  TVM+F+G4      1449.728     19  2937.456     2938.773     3020.902
 48  TVM+F+I+G4    1450.051     20  2940.102     2941.560     3027.940
 49  TVM+F+R2      1450.954     20  2941.908     2943.366     3029.746
 68  TVMe+I        1470.465     16  2972.929     2973.867     3043.200
 69  TVMe+G4       1470.698     16  2973.396     2974.334     3043.666
 70  TVMe+I+G4     1470.882     17  2975.764     2976.821     3050.426
 71  TVMe+R2       1471.942     17  2977.885     2978.942     3052.548
 90  TIM3+F+I      1447.898     18  2931.797     2932.980     3010.851
 91  TIM3+F+G4     1448.108     18  2932.216     2933.399     3011.270
 92  TIM3+F+I+G4   1448.476     19  2934.953     2936.270     3018.399
 93  TIM3+F+R2     1449.453     19  2936.907     2938.224     3020.353
112  TIM3e+I       1471.874     15  2973.747     2974.574     3039.626
113  TIM3e+G4      1471.994     15  2973.988     2974.814     3039.867
114  TIM3e+I+G4    1472.068     16  2976.137     2977.075     3046.407
115  TIM3e+R2      1473.149     16  2978.297     2979.235     3048.568
134  TIM2+F+I      1446.871     18  2929.741     2930.925     3008.796
135  TIM2+F+G4     1447.119     18  2930.238     2931.421     3009.292
136  TIM2+F+I+G4   1447.529     19  2933.057     2934.375     3016.504
137  TIM2+F+R2     1448.528     19  2935.056     2936.374     3018.503
156  TIM2e+I       1470.649     15  2971.297     2972.123     3037.176
157  TIM2e+G4      1470.872     15  2971.745     2972.571     3037.624
158  TIM2e+I+G4    1471.023     16  2974.045     2974.983     3044.316
159  TIM2e+R2      1472.060     16  2976.120     2977.058     3046.391
178  TIM+F+I       1447.856     18  2931.712     2932.895     3010.766
179  TIM+F+G4      1448.049     18  2932.099     2933.282     3011.153
180  TIM+F+I+G4    1448.409     19  2934.817     2936.134     3018.264
181  TIM+F+R2      1449.397     19  2936.794     2938.111     3020.241
200  TIMe+I        1472.234     15  2974.467     2975.293     3040.346
201  TIMe+G4       1472.408     15  2974.817     2975.643     3040.695
202  TIMe+I+G4     1472.532     16  2977.064     2978.002     3047.335
203  TIMe+R2       1473.610     16  2979.220     2980.158     3049.490
222  TPM3u+F+I     1450.607     17  2935.214     2936.271     3009.876
223  TPM3u+F+G4    1450.730     17  2935.460     2936.517     3010.123
224  TPM3u+F+I+G4  1450.992     18  2937.984     2939.167     3017.038
225  TPM3u+F+R2    1451.848     18  2939.697     2940.880     3018.751
244  TPM3+I        1472.294     14  2972.588     2973.310     3034.075
245  TPM3+G4       1472.486     14  2972.972     2973.694     3034.459
246  TPM3+I+G4     1472.621     15  2975.243     2976.069     3041.121
247  TPM3+R2       1473.633     15  2977.265     2978.091     3043.144
266  TPM2u+F+I     1449.564     17  2933.127     2934.184     3007.790
267  TPM2u+F+G4    1449.734     17  2933.468     2934.525     3008.130
268  TPM2u+F+I+G4  1450.064     18  2936.129     2937.312     3015.183
269  TPM2u+F+R2    1450.971     18  2937.942     2939.125     3016.996
288  TPM2+I        1471.031     14  2970.061     2970.783     3031.548
289  TPM2+G4       1471.304     14  2970.607     2971.329     3032.094
290  TPM2+I+G4     1471.514     15  2973.028     2973.854     3038.906
291  TPM2+R2       1472.499     15  2974.998     2975.824     3040.877
310  K3Pu+F+I      1450.534     17  2935.068     2936.125     3009.730
311  K3Pu+F+G4     1450.652     17  2935.303     2936.360     3009.966
312  K3Pu+F+I+G4   1450.924     18  2937.848     2939.032     3016.903
313  K3Pu+F+R2     1451.799     18  2939.598     2940.781     3018.653
332  K3P+I         1472.627     14  2973.254     2973.976     3034.741
333  K3P+G4        1472.860     14  2973.719     2974.441     3035.206
334  K3P+I+G4      1473.054     15  2976.109     2976.935     3041.988
335  K3P+R2        1474.067     15  2978.134     2978.960     3044.013
354  TN+F+I        1447.909     17  2929.818     2930.875     3004.481
355  TN+F+G4       1448.110     17  2930.221     2931.278     3004.883
356  TN+F+I+G4     1448.475     18  2932.950     2934.133     3012.004
357  TN+F+R2       1449.449     18  2934.897     2936.081     3013.952
376  TNe+I         1472.397     14  2972.795     2973.517     3034.282
377  TNe+G4        1472.580     14  2973.160     2973.882     3034.647
378  TNe+I+G4      1472.705     15  2975.409     2976.235     3041.288
379  TNe+R2        1473.771     15  2977.541     2978.367     3043.420
398  HKY+F+I       1450.611     16  2933.222     2934.160     3003.493
399  HKY+F+G4      1450.730     16  2933.460     2934.398     3003.731
400  HKY+F+I+G4    1450.994     17  2935.988     2937.045     3010.651
401  HKY+F+R2      1451.853     17  2937.706     2938.763     3012.368
420  K2P+I         1472.810     13  2971.620     2972.245     3028.715
421  K2P+G4        1473.047     13  2972.095     2972.719     3029.190
422  K2P+I+G4      1473.233     14  2974.465     2975.187     3035.952
423  K2P+R2        1474.234     14  2976.467     2977.189     3037.954
442  F81+F+I       1506.998     15  3043.996     3044.823     3109.875
443  F81+F+G4      1507.302     15  3044.604     3045.431     3110.483
444  F81+F+I+G4    1507.346     16  3046.693     3047.631     3116.963
445  F81+F+R2      1508.884     16  3049.768     3050.706     3120.039
464  JC+I          1523.595     12  3071.190     3071.724     3123.893
465  JC+G4         1523.937     12  3071.874     3072.408     3124.577
466  JC+I+G4       1523.951     13  3073.902     3074.526     3130.996
467  JC+R2         1525.302     13  3076.604     3077.228     3133.699
Akaike Information Criterion:           TIM2+F+I
Corrected Akaike Information Criterion: TN+F+I
Bayesian Information Criterion:         HKY+F+I
Best-fit model: HKY+F+I chosen according to BIC

All model information printed to per_gene_alignments_codon/LOC101396815_.aln.model.gz
CPU time for ModelFinder: 1.300 seconds (0h:0m:1s)
Wall-clock time for ModelFinder: 1.583 seconds (0h:0m:1s)
Generating 1000 samples for ultrafast bootstrap (seed: 969811)...

NOTE: 0 MB RAM (0 GB) is required!
Estimate model parameters (epsilon = 0.100)
1. Initial log-likelihood: -1450.611
Optimal log-likelihood: -1450.611
Rate parameters:  A-C: 1.00000  A-G: 8.94729  A-T: 1.00000  C-G: 1.00000  C-T: 8.94729  G-T: 1.00000
Base frequencies:  A: 0.234  C: 0.299  G: 0.309  T: 0.159
Proportion of invariable sites: 0.692
Parameters optimization took 1 rounds (0.001 sec)
Wrote distance file to... 
Computing ML distances based on estimated model parameters...
Calculating distance matrix: done in 0.000148058 secs using 99.29% CPU
Computing ML distances took 0.000195 sec (of wall-clock time) 0.000199 sec (of CPU time)
Setting up auxiliary I and S matrices: done in 4.88758e-05 secs using 192.3% CPU
Computing RapidNJ tree took 0.000154 sec (of wall-clock time) 0.000303 sec (of CPU time)
Log-likelihood of RapidNJ tree: -1450.611
--------------------------------------------------------------------
|             INITIALIZING CANDIDATE TREE SET                      |
--------------------------------------------------------------------
Generating 99 parsimony trees... 0.032 second
Computing log-likelihood of 37 initial trees ... 0.009 seconds
Current best score: -1450.611

Do NNI search on 20 best initial trees
Estimate model parameters (epsilon = 0.100)
BETTER TREE FOUND at iteration 1: -1450.611
Iteration 10 / LogL: -1451.047 / Time: 0h:0m:1s
Iteration 20 / LogL: -1450.743 / Time: 0h:0m:1s
Finish initializing candidate tree set (1)
Current best tree score: -1450.611 / CPU time: 0.095
Number of iterations: 20
--------------------------------------------------------------------
|               OPTIMIZING CANDIDATE TREE SET                      |
--------------------------------------------------------------------
UPDATE BEST LOG-LIKELIHOOD: -1450.611
UPDATE BEST LOG-LIKELIHOOD: -1450.611
Iteration 30 / LogL: -1450.624 / Time: 0h:0m:1s (0h:0m:0s left)
Iteration 40 / LogL: -1450.668 / Time: 0h:0m:1s (0h:0m:0s left)
Iteration 50 / LogL: -1450.640 / Time: 0h:0m:2s (0h:0m:0s left)
Log-likelihood cutoff on original alignment: -1471.565
Iteration 60 / LogL: -1450.641 / Time: 0h:0m:2s (0h:0m:0s left)
Iteration 70 / LogL: -1450.616 / Time: 0h:0m:2s (0h:0m:0s left)
Iteration 80 / LogL: -1450.783 / Time: 0h:0m:2s (0h:0m:0s left)
Iteration 90 / LogL: -1450.624 / Time: 0h:0m:2s (0h:0m:0s left)
Iteration 100 / LogL: -1450.625 / Time: 0h:0m:2s (0h:0m:0s left)
Log-likelihood cutoff on original alignment: -1471.565
NOTE: Bootstrap correlation coefficient of split occurrence frequencies: 1.000
TREE SEARCH COMPLETED AFTER 102 ITERATIONS / Time: 0h:0m:2s

--------------------------------------------------------------------
|                    FINALIZING TREE SEARCH                        |
--------------------------------------------------------------------
Performs final model parameters optimization
Estimate model parameters (epsilon = 0.010)
1. Initial log-likelihood: -1450.611
Optimal log-likelihood: -1450.611
Rate parameters:  A-C: 1.00000  A-G: 8.93937  A-T: 1.00000  C-G: 1.00000  C-T: 8.93937  G-T: 1.00000
Base frequencies:  A: 0.234  C: 0.299  G: 0.309  T: 0.159
Proportion of invariable sites: 0.692
Parameters optimization took 1 rounds (0.001 sec)
BEST SCORE FOUND : -1450.611
Creating bootstrap support values...
Split supports printed to NEXUS file per_gene_alignments_codon/LOC101396815_.aln.splits.nex
Total tree length: 0.330

Total number of iterations: 102
CPU time used for tree search: 0.999 sec (0h:0m:0s)
Wall-clock time used for tree search: 1.012 sec (0h:0m:1s)
Total CPU time used: 2.368 sec (0h:0m:2s)
Total wall-clock time used: 2.668 sec (0h:0m:2s)

Computing bootstrap consensus tree...
Reading input file per_gene_alignments_codon/LOC101396815_.aln.splits.nex...
7 taxa and 25 splits.
Consensus tree written to per_gene_alignments_codon/LOC101396815_.aln.contree
Reading input trees file per_gene_alignments_codon/LOC101396815_.aln.contree
Log-likelihood of consensus tree: -1450.613

Analysis results written to: 
  IQ-TREE report:                per_gene_alignments_codon/LOC101396815_.aln.iqtree
  Maximum-likelihood tree:       per_gene_alignments_codon/LOC101396815_.aln.treefile
  Likelihood distances:          per_gene_alignments_codon/LOC101396815_.aln.mldist

Ultrafast bootstrap approximation results written to:
  Split support values:          per_gene_alignments_codon/LOC101396815_.aln.splits.nex
  Consensus tree:                per_gene_alignments_codon/LOC101396815_.aln.contree
  Screen log file:               per_gene_alignments_codon/LOC101396815_.aln.log

Date and Time: Thu Oct 30 21:31:41 2025
