IQ-TREE multicore version 2.3.3 COVID-edition for Linux x86 64-bit built Apr 25 2024
Developed by Bui Quang Minh, James Barbetti, Nguyen Lam Tung, Olga Chernomor,
Heiko Schmidt, Dominik Schrempf, Michael Woodhams, Ly Trong Nhan, Thomas Wong

Host:    morpheus-OptiPlex-5050 (AVX2, FMA3, 503 GB RAM)
Command: iqtree2 -s per_gene_alignments_codon/LOC101387839_.aln.fna -m MFP -T 1 -B 1000 --prefix per_gene_alignments_codon/LOC101387839_.aln
Seed:    668730 (Using SPRNG - Scalable Parallel Random Number Generator)
Time:    Thu Oct 30 21:25:21 2025
Kernel:  AVX+FMA - 1 threads (72 CPU cores detected)

HINT: Use -nt option to specify number of threads because your CPU has 72 cores!
HINT: -nt AUTO will automatically determine the best number of threads to use.

Reading alignment file per_gene_alignments_codon/LOC101387839_.aln.fna ... Fasta format detected
Reading fasta file: done in 0.000350952 secs using 49.86% CPU
Alignment most likely contains DNA/RNA sequences
Alignment has 7 sequences with 1107 columns, 96 distinct patterns
87 parsimony-informative, 98 singleton sites, 922 constant sites
                     Gap/Ambiguity  Composition  p-value
Analyzing sequences: done in 1.69277e-05 secs using 41.35% CPU
   1  Ceratotherium_simum    1.90%    passed     98.90%
   2  Diceros_bicornis       1.90%    passed     99.33%
   3  Equus_asinus           0.00%    passed     99.89%
   4  Equus_quagga           0.00%    passed     99.92%
   5  Equus_caballus         0.00%    passed     99.97%
   6  Canis_lupus            0.00%    passed     83.74%
   7  Bos_taurus             0.00%    passed     92.45%
****  TOTAL                  0.54%  0 sequences failed composition chi2 test (p-value<5%; df=3)


Create initial parsimony tree by phylogenetic likelihood library (PLL)... 0.000 seconds
Perform fast likelihood tree search using GTR+I+G model...
Estimate model parameters (epsilon = 5.000)
Perform nearest neighbor interchange...
Estimate model parameters (epsilon = 1.000)
1. Initial log-likelihood: -2603.076
Optimal log-likelihood: -2603.074
Rate parameters:  A-C: 0.62064  A-G: 3.02723  A-T: 0.84707  C-G: 0.83748  C-T: 3.23990  G-T: 1.00000
Base frequencies:  A: 0.215  C: 0.329  G: 0.268  T: 0.188
Proportion of invariable sites: 0.414
Gamma shape alpha: 1.054
Parameters optimization took 1 rounds (0.002 sec)
Time for fast ML tree search: 0.039 seconds

NOTE: ModelFinder requires 0 MB RAM!
ModelFinder will test up to 484 DNA models (sample size: 1107) ...
 No. Model         -LnL         df  AIC          AICc         BIC
  1  GTR+F         2617.592     19  5273.184     5273.883     5368.363
  2  GTR+F+I       2602.995     20  5245.990     5246.764     5346.178
  3  GTR+F+G4      2603.047     20  5246.095     5246.868     5346.283
  4  GTR+F+I+G4    2603.071     21  5248.142     5248.994     5353.339
  5  GTR+F+R2      2604.094     21  5250.187     5251.039     5355.385
  6  GTR+F+R3      2603.332     23  5252.663     5253.683     5367.880
 14  GTR+F+I+R2    2603.097     22  5250.193     5251.127     5360.400
 15  GTR+F+I+R3    2603.054     24  5254.109     5255.218     5374.334
 24  SYM+I         2631.323     17  5296.647     5297.209     5381.807
 25  SYM+G4        2631.425     17  5296.849     5297.411     5382.009
 26  SYM+I+G4      2631.471     18  5298.942     5299.570     5389.111
 27  SYM+R2        2632.437     18  5300.874     5301.503     5391.044
 46  TVM+F+I       2603.020     19  5244.040     5244.739     5339.219
 47  TVM+F+G4      2603.089     19  5244.177     5244.876     5339.356
 48  TVM+F+I+G4    2603.122     20  5246.245     5247.018     5346.433
 49  TVM+F+R2      2604.151     20  5248.302     5249.076     5348.490
 68  TVMe+I        2631.333     16  5294.666     5295.165     5374.816
 69  TVMe+G4       2631.443     16  5294.885     5295.384     5375.036
 70  TVMe+I+G4     2631.498     17  5296.995     5297.557     5382.155
 71  TVMe+R2       2632.467     17  5298.933     5299.495     5384.093
 90  TIM3+F+I      2603.427     18  5242.854     5243.482     5333.023
 91  TIM3+F+G4     2603.465     18  5242.930     5243.558     5333.099
 92  TIM3+F+I+G4   2603.492     19  5244.984     5245.683     5340.163
 93  TIM3+F+R2     2604.507     19  5247.013     5247.712     5342.192
112  TIM3e+I       2632.450     15  5294.900     5295.340     5370.041
113  TIM3e+G4      2632.549     15  5295.098     5295.538     5370.239
114  TIM3e+I+G4    2632.594     16  5297.188     5297.687     5377.339
115  TIM3e+R2      2633.635     16  5299.269     5299.768     5379.420
134  TIM2+F+I      2603.361     18  5242.722     5243.351     5332.891
135  TIM2+F+G4     2603.403     18  5242.806     5243.435     5332.975
136  TIM2+F+I+G4   2603.431     19  5244.862     5245.561     5340.041
137  TIM2+F+R2     2604.464     19  5246.929     5247.628     5342.107
156  TIM2e+I       2631.590     15  5293.180     5293.620     5368.321
157  TIM2e+G4      2631.665     15  5293.330     5293.770     5368.471
158  TIM2e+I+G4    2631.708     16  5295.416     5295.915     5375.567
159  TIM2e+R2      2632.671     16  5297.343     5297.842     5377.493
178  TIM+F+I       2603.628     18  5243.256     5243.885     5333.426
179  TIM+F+G4      2603.713     18  5243.426     5244.055     5333.596
180  TIM+F+I+G4    2603.752     19  5245.503     5246.203     5340.682
181  TIM+F+R2      2604.691     19  5247.383     5248.082     5342.562
200  TIMe+I        2632.387     15  5294.775     5295.215     5369.916
201  TIMe+G4       2632.527     15  5295.054     5295.494     5370.195
202  TIMe+I+G4     2632.586     16  5297.172     5297.671     5377.322
203  TIMe+R2       2633.639     16  5299.277     5299.776     5379.428
222  TPM3u+F+I     2603.452     17  5240.903     5241.465     5326.063
223  TPM3u+F+G4    2603.508     17  5241.017     5241.579     5326.177
224  TPM3u+F+I+G4  2603.542     18  5243.083     5243.712     5333.252
225  TPM3u+F+R2    2604.559     18  5245.118     5245.746     5335.287
244  TPM3+I        2632.464     14  5292.928     5293.312     5363.059
245  TPM3+G4       2632.574     14  5293.148     5293.532     5363.280
246  TPM3+I+G4     2632.625     15  5295.249     5295.689     5370.390
247  TPM3+R2       2633.670     15  5297.339     5297.779     5372.480
266  TPM2u+F+I     2603.382     17  5240.764     5241.326     5325.924
267  TPM2u+F+G4    2603.441     17  5240.882     5241.444     5326.042
268  TPM2u+F+I+G4  2603.476     18  5242.951     5243.580     5333.121
269  TPM2u+F+R2    2604.511     18  5245.022     5245.651     5335.192
288  TPM2+I        2631.598     14  5291.196     5291.581     5361.328
289  TPM2+G4       2631.683     14  5291.366     5291.751     5361.498
290  TPM2+I+G4     2631.730     15  5293.461     5293.901     5368.602
291  TPM2+R2       2632.696     15  5295.392     5295.832     5370.533
310  K3Pu+F+I      2603.651     17  5241.302     5241.864     5326.462
311  K3Pu+F+G4     2603.752     17  5241.504     5242.066     5326.664
312  K3Pu+F+I+G4   2603.797     18  5243.595     5244.223     5333.764
313  K3Pu+F+R2     2604.740     18  5245.480     5246.108     5335.649
332  K3P+I         2632.400     14  5292.801     5293.185     5362.932
333  K3P+G4        2632.551     14  5293.102     5293.487     5363.234
334  K3P+I+G4      2632.614     15  5295.229     5295.669     5370.370
335  K3P+R2        2633.670     15  5297.340     5297.780     5372.481
354  TN+F+I        2603.734     17  5241.467     5242.029     5326.627
355  TN+F+G4       2603.789     17  5241.578     5242.140     5326.738
356  TN+F+I+G4     2603.821     18  5243.641     5244.270     5333.810
357  TN+F+R2       2604.836     18  5245.672     5246.301     5335.841
376  TNe+I         2632.638     14  5293.277     5293.661     5363.408
377  TNe+G4        2632.738     14  5293.477     5293.861     5363.608
378  TNe+I+G4      2632.784     15  5295.568     5296.008     5370.709
379  TNe+R2        2633.821     15  5297.642     5298.082     5372.783
398  HKY+F+I       2603.754     16  5239.508     5240.008     5319.659
399  HKY+F+G4      2603.827     16  5239.654     5240.153     5319.805
400  HKY+F+I+G4    2603.865     17  5241.729     5242.291     5326.889
401  HKY+F+R2      2604.888     17  5243.776     5244.338     5328.936
420  K2P+I         2632.651     13  5291.302     5291.636     5356.425
421  K2P+G4        2632.761     13  5291.522     5291.855     5356.645
422  K2P+I+G4      2632.813     14  5293.625     5294.010     5363.757
423  K2P+R2        2633.856     14  5295.713     5296.097     5365.844
442  F81+F+I       2644.792     15  5319.583     5320.023     5394.724
443  F81+F+G4      2644.877     15  5319.755     5320.195     5394.896
444  F81+F+I+G4    2644.893     16  5321.786     5322.285     5401.937
445  F81+F+R2      2646.277     16  5324.554     5325.053     5404.705
464  JC+I          2670.853     12  5365.706     5365.991     5425.819
465  JC+G4         2670.951     12  5365.902     5366.188     5426.015
466  JC+I+G4       2670.971     13  5367.942     5368.275     5433.064
467  JC+R2         2672.286     13  5370.571     5370.904     5435.694
Akaike Information Criterion:           HKY+F+I
Corrected Akaike Information Criterion: HKY+F+I
Bayesian Information Criterion:         HKY+F+I
Best-fit model: HKY+F+I chosen according to BIC

All model information printed to per_gene_alignments_codon/LOC101387839_.aln.model.gz
CPU time for ModelFinder: 1.603 seconds (0h:0m:1s)
Wall-clock time for ModelFinder: 3.116 seconds (0h:0m:3s)
Generating 1000 samples for ultrafast bootstrap (seed: 668730)...

NOTE: 0 MB RAM (0 GB) is required!
Estimate model parameters (epsilon = 0.100)
1. Initial log-likelihood: -2603.754
Optimal log-likelihood: -2603.754
Rate parameters:  A-C: 1.00000  A-G: 3.86332  A-T: 1.00000  C-G: 1.00000  C-T: 3.86332  G-T: 1.00000
Base frequencies:  A: 0.215  C: 0.329  G: 0.268  T: 0.188
Proportion of invariable sites: 0.625
Parameters optimization took 1 rounds (0.001 sec)
Wrote distance file to... 
Computing ML distances based on estimated model parameters...
Calculating distance matrix: done in 0.000190973 secs using 97.92% CPU
Computing ML distances took 0.000239 sec (of wall-clock time) 0.000243 sec (of CPU time)
Setting up auxiliary I and S matrices: done in 4.79221e-05 secs using 98.08% CPU
Computing RapidNJ tree took 0.000146 sec (of wall-clock time) 0.000146 sec (of CPU time)
Log-likelihood of RapidNJ tree: -2603.756
--------------------------------------------------------------------
|             INITIALIZING CANDIDATE TREE SET                      |
--------------------------------------------------------------------
Generating 98 parsimony trees... 0.074 second
Computing log-likelihood of 49 initial trees ... 0.036 seconds
Current best score: -2603.754

Do NNI search on 20 best initial trees
Estimate model parameters (epsilon = 0.100)
BETTER TREE FOUND at iteration 1: -2603.754
UPDATE BEST LOG-LIKELIHOOD: -2603.754
Iteration 10 / LogL: -2603.754 / Time: 0h:0m:3s
Iteration 20 / LogL: -2603.754 / Time: 0h:0m:3s
Finish initializing candidate tree set (4)
Current best tree score: -2603.754 / CPU time: 0.275
Number of iterations: 20
--------------------------------------------------------------------
|               OPTIMIZING CANDIDATE TREE SET                      |
--------------------------------------------------------------------
UPDATE BEST LOG-LIKELIHOOD: -2603.754
UPDATE BEST LOG-LIKELIHOOD: -2603.754
UPDATE BEST LOG-LIKELIHOOD: -2603.754
Iteration 30 / LogL: -2603.754 / Time: 0h:0m:3s (0h:0m:1s left)
WARNING: NNI search needs unusual large number of steps (7) to converge!
Iteration 40 / LogL: -2603.754 / Time: 0h:0m:3s (0h:0m:0s left)
UPDATE BEST LOG-LIKELIHOOD: -2603.754
Iteration 50 / LogL: -2603.754 / Time: 0h:0m:3s (0h:0m:0s left)
Log-likelihood cutoff on original alignment: -2624.606
Iteration 60 / LogL: -2603.755 / Time: 0h:0m:3s (0h:0m:0s left)
Iteration 70 / LogL: -2603.754 / Time: 0h:0m:4s (0h:0m:0s left)
Iteration 80 / LogL: -2654.128 / Time: 0h:0m:4s (0h:0m:0s left)
Iteration 90 / LogL: -2603.754 / Time: 0h:0m:4s (0h:0m:0s left)
Iteration 100 / LogL: -2603.754 / Time: 0h:0m:4s (0h:0m:0s left)
Log-likelihood cutoff on original alignment: -2620.076
NOTE: Bootstrap correlation coefficient of split occurrence frequencies: 0.998
TREE SEARCH COMPLETED AFTER 102 ITERATIONS / Time: 0h:0m:4s

--------------------------------------------------------------------
|                    FINALIZING TREE SEARCH                        |
--------------------------------------------------------------------
Performs final model parameters optimization
Estimate model parameters (epsilon = 0.010)
1. Initial log-likelihood: -2603.754
Optimal log-likelihood: -2603.754
Rate parameters:  A-C: 1.00000  A-G: 3.86269  A-T: 1.00000  C-G: 1.00000  C-T: 3.86269  G-T: 1.00000
Base frequencies:  A: 0.215  C: 0.329  G: 0.268  T: 0.188
Proportion of invariable sites: 0.625
Parameters optimization took 1 rounds (0.001 sec)
BEST SCORE FOUND : -2603.754
Creating bootstrap support values...
Split supports printed to NEXUS file per_gene_alignments_codon/LOC101387839_.aln.splits.nex
Total tree length: 0.232

Total number of iterations: 102
CPU time used for tree search: 0.986 sec (0h:0m:0s)
Wall-clock time used for tree search: 1.292 sec (0h:0m:1s)
Total CPU time used: 2.649 sec (0h:0m:2s)
Total wall-clock time used: 4.536 sec (0h:0m:4s)

Computing bootstrap consensus tree...
Reading input file per_gene_alignments_codon/LOC101387839_.aln.splits.nex...
7 taxa and 15 splits.
Consensus tree written to per_gene_alignments_codon/LOC101387839_.aln.contree
Reading input trees file per_gene_alignments_codon/LOC101387839_.aln.contree
Log-likelihood of consensus tree: -2603.756

Analysis results written to: 
  IQ-TREE report:                per_gene_alignments_codon/LOC101387839_.aln.iqtree
  Maximum-likelihood tree:       per_gene_alignments_codon/LOC101387839_.aln.treefile
  Likelihood distances:          per_gene_alignments_codon/LOC101387839_.aln.mldist

Ultrafast bootstrap approximation results written to:
  Split support values:          per_gene_alignments_codon/LOC101387839_.aln.splits.nex
  Consensus tree:                per_gene_alignments_codon/LOC101387839_.aln.contree
  Screen log file:               per_gene_alignments_codon/LOC101387839_.aln.log

Date and Time: Thu Oct 30 21:25:26 2025
