IQ-TREE multicore version 2.3.3 COVID-edition for Linux x86 64-bit built Apr 25 2024
Developed by Bui Quang Minh, James Barbetti, Nguyen Lam Tung, Olga Chernomor,
Heiko Schmidt, Dominik Schrempf, Michael Woodhams, Ly Trong Nhan, Thomas Wong

Host:    morpheus-OptiPlex-5050 (AVX2, FMA3, 503 GB RAM)
Command: iqtree2 -s per_gene_alignments_codon/LOC101388108_.aln.fna -m MFP -T 1 -B 1000 --prefix per_gene_alignments_codon/LOC101388108_.aln
Seed:    243415 (Using SPRNG - Scalable Parallel Random Number Generator)
Time:    Thu Oct 30 21:25:33 2025
Kernel:  AVX+FMA - 1 threads (72 CPU cores detected)

HINT: Use -nt option to specify number of threads because your CPU has 72 cores!
HINT: -nt AUTO will automatically determine the best number of threads to use.

Reading alignment file per_gene_alignments_codon/LOC101388108_.aln.fna ... Fasta format detected
Reading fasta file: done in 0.000200987 secs
Alignment most likely contains DNA/RNA sequences
Alignment has 7 sequences with 564 columns, 91 distinct patterns
37 parsimony-informative, 128 singleton sites, 399 constant sites
                     Gap/Ambiguity  Composition  p-value
Analyzing sequences: done in 1.40667e-05 secs
   1  Ceratotherium_simum    0.00%    passed     99.44%
   2  Diceros_bicornis       3.19%    passed     92.92%
   3  Equus_asinus           0.00%    passed     99.75%
   4  Equus_quagga           0.00%    passed     99.65%
   5  Equus_caballus         0.00%    passed     99.75%
   6  Canis_lupus            2.13%    passed     30.49%
   7  Bos_taurus             9.57%    passed     95.20%
****  TOTAL                  2.13%  0 sequences failed composition chi2 test (p-value<5%; df=3)


Create initial parsimony tree by phylogenetic likelihood library (PLL)... 0.000 seconds
Perform fast likelihood tree search using GTR+I+G model...
Estimate model parameters (epsilon = 5.000)
Perform nearest neighbor interchange...
Estimate model parameters (epsilon = 1.000)
1. Initial log-likelihood: -1585.551
Optimal log-likelihood: -1585.549
Rate parameters:  A-C: 1.23880  A-G: 2.97574  A-T: 1.86959  C-G: 1.00765  C-T: 3.12809  G-T: 1.00000
Base frequencies:  A: 0.178  C: 0.376  G: 0.273  T: 0.173
Proportion of invariable sites: 0.354
Gamma shape alpha: 1.515
Parameters optimization took 1 rounds (0.002 sec)
Time for fast ML tree search: 0.041 seconds

NOTE: ModelFinder requires 0 MB RAM!
ModelFinder will test up to 484 DNA models (sample size: 564) ...
 No. Model         -LnL         df  AIC          AICc         BIC
  1  GTR+F         1594.824     19  3227.648     3229.045     3310.014
  2  GTR+F+I       1585.653     20  3211.307     3212.854     3298.008
  3  GTR+F+G4      1585.541     20  3211.082     3212.629     3297.783
  4  GTR+F+I+G4    1585.549     21  3213.098     3214.803     3304.134
  5  GTR+F+R2      1586.365     21  3214.730     3216.434     3305.766
  6  GTR+F+R3      1585.518     23  3217.036     3219.080     3316.742
 14  GTR+F+I+R2    1585.507     22  3215.015     3216.885     3310.386
 15  GTR+F+I+R3    1585.544     24  3219.088     3221.314     3323.129
 24  SYM+I         1620.438     17  3274.877     3275.998     3348.573
 25  SYM+G4        1619.960     17  3273.920     3275.041     3347.616
 26  SYM+I+G4      1620.030     18  3276.060     3277.315     3354.091
 27  SYM+R2        1620.484     18  3276.968     3278.223     3354.999
 46  TVM+F+I       1585.635     19  3209.269     3210.666     3291.635
 47  TVM+F+G4      1585.541     19  3209.083     3210.480     3291.449
 48  TVM+F+I+G4    1585.559     20  3211.118     3212.665     3297.819
 49  TVM+F+R2      1586.475     20  3212.949     3214.496     3299.650
 68  TVMe+I        1620.467     16  3272.933     3273.928     3342.294
 69  TVMe+G4       1620.087     16  3272.174     3273.168     3341.535
 70  TVMe+I+G4     1620.132     17  3274.264     3275.384     3347.959
 71  TVMe+R2       1620.605     17  3275.209     3276.330     3348.905
 90  TIM3+F+I      1586.654     18  3209.309     3210.564     3287.340
 91  TIM3+F+G4     1586.397     18  3208.795     3210.050     3286.826
 92  TIM3+F+I+G4   1586.466     19  3210.932     3212.329     3293.298
 93  TIM3+F+R2     1587.278     19  3212.557     3213.954     3294.923
112  TIM3e+I       1620.645     15  3271.290     3272.166     3336.316
113  TIM3e+G4      1620.147     15  3270.294     3271.170     3335.320
114  TIM3e+I+G4    1620.218     16  3272.436     3273.431     3341.797
115  TIM3e+R2      1620.648     16  3273.297     3274.291     3342.657
134  TIM2+F+I      1586.079     18  3208.158     3209.413     3286.189
135  TIM2+F+G4     1585.852     18  3207.704     3208.959     3285.735
136  TIM2+F+I+G4   1585.900     19  3209.800     3211.197     3292.166
137  TIM2+F+R2     1586.760     19  3211.521     3212.918     3293.887
156  TIM2e+I       1621.159     15  3272.317     3273.193     3337.343
157  TIM2e+G4      1620.835     15  3271.671     3272.547     3336.697
158  TIM2e+I+G4    1620.894     16  3273.788     3274.783     3343.149
159  TIM2e+R2      1621.409     16  3274.818     3275.813     3344.179
178  TIM+F+I       1586.834     18  3209.668     3210.923     3287.699
179  TIM+F+G4      1586.550     18  3209.100     3210.355     3287.131
180  TIM+F+I+G4    1586.616     19  3211.231     3212.628     3293.597
181  TIM+F+R2      1587.439     19  3212.877     3214.274     3295.243
200  TIMe+I        1620.878     15  3271.757     3272.633     3336.783
201  TIMe+G4       1620.560     15  3271.120     3271.996     3336.146
202  TIMe+I+G4     1620.615     16  3273.230     3274.225     3342.591
203  TIMe+R2       1621.285     16  3274.570     3275.564     3343.930
222  TPM3u+F+I     1586.656     17  3207.311     3208.432     3281.007
223  TPM3u+F+G4    1586.426     17  3206.851     3207.972     3280.547
224  TPM3u+F+I+G4  1586.480     18  3208.960     3210.215     3286.991
225  TPM3u+F+R2    1587.296     18  3210.593     3211.848     3288.624
244  TPM3+I        1620.669     14  3269.337     3270.102     3330.028
245  TPM3+G4       1620.266     14  3268.531     3269.296     3329.222
246  TPM3+I+G4     1620.317     15  3270.633     3271.509     3335.659
247  TPM3+R2       1620.838     15  3271.676     3272.552     3336.702
266  TPM2u+F+I     1586.080     17  3206.160     3207.281     3279.856
267  TPM2u+F+G4    1585.875     17  3205.750     3206.871     3279.446
268  TPM2u+F+I+G4  1585.911     18  3207.822     3209.077     3285.853
269  TPM2u+F+R2    1586.775     18  3209.550     3210.805     3287.581
288  TPM2+I        1621.181     14  3270.362     3271.127     3331.052
289  TPM2+G4       1620.941     14  3269.883     3270.648     3330.573
290  TPM2+I+G4     1620.978     15  3271.955     3272.831     3336.981
291  TPM2+R2       1621.587     15  3273.174     3274.050     3338.200
310  K3Pu+F+I      1586.835     17  3207.670     3208.791     3281.366
311  K3Pu+F+G4     1586.574     17  3207.148     3208.268     3280.844
312  K3Pu+F+I+G4   1586.628     18  3209.256     3210.511     3287.287
313  K3Pu+F+R2     1587.451     18  3210.903     3212.158     3288.934
332  K3P+I         1620.897     14  3269.793     3270.558     3330.484
333  K3P+G4        1620.669     14  3269.338     3270.103     3330.028
334  K3P+I+G4      1620.701     15  3271.403     3272.279     3336.429
335  K3P+R2        1621.481     15  3272.961     3273.837     3337.987
354  TN+F+I        1586.838     17  3207.676     3208.797     3281.372
355  TN+F+G4       1586.556     17  3207.112     3208.233     3280.808
356  TN+F+I+G4     1586.621     18  3209.243     3210.498     3287.274
357  TN+F+R2       1587.453     18  3210.906     3212.161     3288.937
376  TNe+I         1621.156     14  3270.312     3271.077     3331.003
377  TNe+G4        1620.833     14  3269.667     3270.432     3330.358
378  TNe+I+G4      1620.892     15  3271.783     3272.659     3336.809
379  TNe+R2        1621.489     15  3272.977     3273.853     3338.003
398  HKY+F+I       1586.839     16  3205.678     3206.673     3275.039
399  HKY+F+G4      1586.581     16  3205.162     3206.157     3274.523
400  HKY+F+I+G4    1586.633     17  3207.266     3208.387     3280.962
401  HKY+F+R2      1587.463     17  3208.927     3210.048     3282.623
420  K2P+I         1621.180     13  3268.361     3269.023     3324.716
421  K2P+G4        1620.943     13  3267.885     3268.547     3324.241
422  K2P+I+G4      1620.978     14  3269.955     3270.720     3330.646
423  K2P+R2        1621.596     14  3271.193     3271.958     3331.884
442  F81+F+I       1600.110     15  3230.220     3231.096     3295.246
443  F81+F+G4      1599.859     15  3229.718     3230.594     3294.744
444  F81+F+I+G4    1599.928     16  3231.857     3232.851     3301.217
445  F81+F+R2      1600.656     16  3233.312     3234.307     3302.673
464  JC+I          1631.479     12  3286.958     3287.524     3338.979
465  JC+G4         1631.201     12  3286.402     3286.969     3338.423
466  JC+I+G4       1631.301     13  3288.603     3289.265     3344.958
467  JC+R2         1632.119     13  3290.238     3290.900     3346.594
Akaike Information Criterion:           HKY+F+G4
Corrected Akaike Information Criterion: HKY+F+G4
Bayesian Information Criterion:         HKY+F+G4
Best-fit model: HKY+F+G4 chosen according to BIC

All model information printed to per_gene_alignments_codon/LOC101388108_.aln.model.gz
CPU time for ModelFinder: 0.733 seconds (0h:0m:0s)
Wall-clock time for ModelFinder: 1.279 seconds (0h:0m:1s)
Generating 1000 samples for ultrafast bootstrap (seed: 243415)...

NOTE: 0 MB RAM (0 GB) is required!
Estimate model parameters (epsilon = 0.100)
1. Initial log-likelihood: -1586.581
Optimal log-likelihood: -1586.578
Rate parameters:  A-C: 1.00000  A-G: 2.61196  A-T: 1.00000  C-G: 1.00000  C-T: 2.61196  G-T: 1.00000
Base frequencies:  A: 0.178  C: 0.376  G: 0.273  T: 0.173
Gamma shape alpha: 0.452
Parameters optimization took 1 rounds (0.001 sec)
Wrote distance file to... 
Computing ML distances based on estimated model parameters...
Calculating distance matrix: done in 0.000533819 secs using 99.66% CPU
Computing ML distances took 0.000598 sec (of wall-clock time) 0.000604 sec (of CPU time)
Setting up auxiliary I and S matrices: done in 5.79357e-05 secs using 98.38% CPU
Computing RapidNJ tree took 0.000165 sec (of wall-clock time) 0.000163 sec (of CPU time)
Log-likelihood of RapidNJ tree: -1586.579
--------------------------------------------------------------------
|             INITIALIZING CANDIDATE TREE SET                      |
--------------------------------------------------------------------
Generating 98 parsimony trees... 0.104 second
Computing log-likelihood of 50 initial trees ... 0.069 seconds
Current best score: -1586.578

Do NNI search on 20 best initial trees
Estimate model parameters (epsilon = 0.100)
BETTER TREE FOUND at iteration 1: -1586.577
UPDATE BEST LOG-LIKELIHOOD: -1586.577
Iteration 10 / LogL: -1586.577 / Time: 0h:0m:1s
Iteration 20 / LogL: -1586.577 / Time: 0h:0m:1s
Finish initializing candidate tree set (4)
Current best tree score: -1586.577 / CPU time: 0.429
Number of iterations: 20
--------------------------------------------------------------------
|               OPTIMIZING CANDIDATE TREE SET                      |
--------------------------------------------------------------------
UPDATE BEST LOG-LIKELIHOOD: -1586.577
UPDATE BEST LOG-LIKELIHOOD: -1586.577
Iteration 30 / LogL: -1586.577 / Time: 0h:0m:1s (0h:0m:1s left)
UPDATE BEST LOG-LIKELIHOOD: -1586.577
Iteration 40 / LogL: -1586.577 / Time: 0h:0m:2s (0h:0m:1s left)
UPDATE BEST LOG-LIKELIHOOD: -1586.577
Iteration 50 / LogL: -1588.605 / Time: 0h:0m:2s (0h:0m:1s left)
Log-likelihood cutoff on original alignment: -1610.352
Iteration 60 / LogL: -1586.577 / Time: 0h:0m:2s (0h:0m:0s left)
UPDATE BEST LOG-LIKELIHOOD: -1586.577
Iteration 70 / LogL: -1586.577 / Time: 0h:0m:2s (0h:0m:0s left)
UPDATE BEST LOG-LIKELIHOOD: -1586.577
UPDATE BEST LOG-LIKELIHOOD: -1586.577
Iteration 80 / LogL: -1588.605 / Time: 0h:0m:2s (0h:0m:0s left)
Iteration 90 / LogL: -1586.577 / Time: 0h:0m:2s (0h:0m:0s left)
UPDATE BEST LOG-LIKELIHOOD: -1586.577
Iteration 100 / LogL: -1588.605 / Time: 0h:0m:3s (0h:0m:0s left)
Log-likelihood cutoff on original alignment: -1608.899
NOTE: Bootstrap correlation coefficient of split occurrence frequencies: 0.999
TREE SEARCH COMPLETED AFTER 102 ITERATIONS / Time: 0h:0m:3s

--------------------------------------------------------------------
|                    FINALIZING TREE SEARCH                        |
--------------------------------------------------------------------
Performs final model parameters optimization
Estimate model parameters (epsilon = 0.010)
1. Initial log-likelihood: -1586.577
Optimal log-likelihood: -1586.576
Rate parameters:  A-C: 1.00000  A-G: 2.62374  A-T: 1.00000  C-G: 1.00000  C-T: 2.62374  G-T: 1.00000
Base frequencies:  A: 0.178  C: 0.376  G: 0.273  T: 0.173
Gamma shape alpha: 0.446
Parameters optimization took 1 rounds (0.001 sec)
BEST SCORE FOUND : -1586.576
Creating bootstrap support values...
Split supports printed to NEXUS file per_gene_alignments_codon/LOC101388108_.aln.splits.nex
Total tree length: 0.553

Total number of iterations: 102
CPU time used for tree search: 1.384 sec (0h:0m:1s)
Wall-clock time used for tree search: 1.767 sec (0h:0m:1s)
Total CPU time used: 2.195 sec (0h:0m:2s)
Total wall-clock time used: 3.143 sec (0h:0m:3s)

Computing bootstrap consensus tree...
Reading input file per_gene_alignments_codon/LOC101388108_.aln.splits.nex...
7 taxa and 26 splits.
Consensus tree written to per_gene_alignments_codon/LOC101388108_.aln.contree
Reading input trees file per_gene_alignments_codon/LOC101388108_.aln.contree
Log-likelihood of consensus tree: -1586.578

Analysis results written to: 
  IQ-TREE report:                per_gene_alignments_codon/LOC101388108_.aln.iqtree
  Maximum-likelihood tree:       per_gene_alignments_codon/LOC101388108_.aln.treefile
  Likelihood distances:          per_gene_alignments_codon/LOC101388108_.aln.mldist

Ultrafast bootstrap approximation results written to:
  Split support values:          per_gene_alignments_codon/LOC101388108_.aln.splits.nex
  Consensus tree:                per_gene_alignments_codon/LOC101388108_.aln.contree
  Screen log file:               per_gene_alignments_codon/LOC101388108_.aln.log

Date and Time: Thu Oct 30 21:25:36 2025
