IQ-TREE multicore version 2.3.3 COVID-edition for Linux x86 64-bit built Apr 25 2024
Developed by Bui Quang Minh, James Barbetti, Nguyen Lam Tung, Olga Chernomor,
Heiko Schmidt, Dominik Schrempf, Michael Woodhams, Ly Trong Nhan, Thomas Wong

Host:    morpheus-OptiPlex-5050 (AVX2, FMA3, 503 GB RAM)
Command: iqtree2 -s per_gene_alignments_codon/LOC101399929_.aln.fna -m MFP -T 1 -B 1000 --prefix per_gene_alignments_codon/LOC101399929_.aln
Seed:    497604 (Using SPRNG - Scalable Parallel Random Number Generator)
Time:    Thu Oct 30 21:33:46 2025
Kernel:  AVX+FMA - 1 threads (72 CPU cores detected)

HINT: Use -nt option to specify number of threads because your CPU has 72 cores!
HINT: -nt AUTO will automatically determine the best number of threads to use.

Reading alignment file per_gene_alignments_codon/LOC101399929_.aln.fna ... Fasta format detected
Reading fasta file: done in 0.000874996 secs
Alignment most likely contains DNA/RNA sequences
Alignment has 7 sequences with 3231 columns, 106 distinct patterns
160 parsimony-informative, 196 singleton sites, 2875 constant sites
                     Gap/Ambiguity  Composition  p-value
Analyzing sequences: done in 2.00272e-05 secs using 89.88% CPU
   1  Ceratotherium_simum    0.00%    passed     97.04%
   2  Diceros_bicornis       0.00%    passed     99.20%
   3  Equus_asinus           0.00%    passed     96.80%
   4  Equus_quagga           0.00%    passed     95.23%
   5  Equus_caballus         0.00%    passed     97.43%
   6  Canis_lupus            0.00%    passed     54.26%
   7  Bos_taurus             0.09%    passed     88.56%
****  TOTAL                  0.01%  0 sequences failed composition chi2 test (p-value<5%; df=3)


Create initial parsimony tree by phylogenetic likelihood library (PLL)... 0.000 seconds
Perform fast likelihood tree search using GTR+I+G model...
Estimate model parameters (epsilon = 5.000)
Perform nearest neighbor interchange...
Estimate model parameters (epsilon = 1.000)
1. Initial log-likelihood: -6557.378
Optimal log-likelihood: -6557.376
Rate parameters:  A-C: 1.32832  A-G: 6.72129  A-T: 0.83513  C-G: 2.25473  C-T: 9.40840  G-T: 1.00000
Base frequencies:  A: 0.364  C: 0.177  G: 0.229  T: 0.229
Proportion of invariable sites: 0.443
Gamma shape alpha: 0.801
Parameters optimization took 1 rounds (0.018 sec)
Time for fast ML tree search: 0.098 seconds

NOTE: ModelFinder requires 0 MB RAM!
ModelFinder will test up to 484 DNA models (sample size: 3231) ...
 No. Model         -LnL         df  AIC          AICc         BIC
  1  GTR+F         6580.928     19  13199.855    13200.092    13315.386
  2  GTR+F+I       6557.199     20  13154.397    13154.659    13276.008
  3  GTR+F+G4      6557.273     20  13154.547    13154.809    13276.158
  4  GTR+F+I+G4    6557.398     21  13156.796    13157.084    13284.487
  5  GTR+F+R2      6558.236     21  13158.473    13158.761    13286.164
  6  GTR+F+R3      6557.454     23  13160.909    13161.253    13300.761
 14  GTR+F+I+R2    6557.514     22  13159.028    13159.343    13292.800
 15  GTR+F+I+R3    6557.452     24  13162.903    13163.278    13308.836
 24  SYM+I         6684.446     17  13402.892    13403.082    13506.261
 25  SYM+G4        6684.497     17  13402.995    13403.185    13506.364
 26  SYM+I+G4      6684.545     18  13405.090    13405.303    13514.539
 46  TVM+F+I       6560.282     19  13158.564    13158.800    13274.094
 47  TVM+F+G4      6560.307     19  13158.615    13158.852    13274.145
 48  TVM+F+I+G4    6560.375     20  13160.750    13161.012    13282.361
 68  TVMe+I        6684.463     16  13400.925    13401.095    13498.214
 69  TVMe+G4       6684.525     16  13401.051    13401.220    13498.339
 70  TVMe+I+G4     6684.568     17  13403.137    13403.327    13506.506
 90  TIM3+F+I      6558.826     18  13153.651    13153.864    13263.101
 91  TIM3+F+G4     6558.908     18  13153.817    13154.030    13263.267
 92  TIM3+F+I+G4   6559.032     19  13156.064    13156.301    13271.595
112  TIM3e+I       6684.966     15  13399.932    13400.081    13491.140
113  TIM3e+G4      6685.003     15  13400.007    13400.156    13491.215
114  TIM3e+I+G4    6685.057     16  13402.114    13402.283    13499.403
134  TIM2+F+I      6561.412     18  13158.823    13159.036    13268.273
135  TIM2+F+G4     6561.495     18  13158.990    13159.203    13268.440
136  TIM2+F+I+G4   6561.615     19  13161.229    13161.466    13276.759
156  TIM2e+I       6686.560     15  13403.120    13403.269    13494.328
157  TIM2e+G4      6686.599     15  13403.197    13403.347    13494.406
158  TIM2e+I+G4    6686.663     16  13405.327    13405.496    13502.615
178  TIM+F+I       6562.733     18  13161.466    13161.678    13270.915
179  TIM+F+G4      6562.823     18  13161.645    13161.858    13271.095
180  TIM+F+I+G4    6562.944     19  13163.888    13164.125    13279.419
200  TIMe+I        6686.457     15  13402.913    13403.063    13494.122
201  TIMe+G4       6686.497     15  13402.993    13403.143    13494.202
202  TIMe+I+G4     6686.557     16  13405.114    13405.283    13502.403
222  TPM3u+F+I     6561.981     17  13157.962    13158.153    13261.331
223  TPM3u+F+G4    6562.019     17  13158.038    13158.228    13261.407
224  TPM3u+F+I+G4  6562.089     18  13160.178    13160.391    13269.628
244  TPM3+I        6684.981     14  13397.963    13398.093    13483.090
245  TPM3+G4       6685.019     14  13398.039    13398.169    13483.166
246  TPM3+I+G4     6685.076     15  13400.152    13400.302    13491.361
266  TPM2u+F+I     6564.424     17  13162.848    13163.039    13266.218
267  TPM2u+F+G4    6564.465     17  13162.931    13163.121    13266.300
268  TPM2u+F+I+G4  6564.539     18  13165.078    13165.291    13274.527
288  TPM2+I        6686.572     14  13401.143    13401.274    13486.271
289  TPM2+G4       6686.618     14  13401.235    13401.366    13486.363
290  TPM2+I+G4     6686.680     15  13403.360    13403.509    13494.568
310  K3Pu+F+I      6565.801     17  13165.602    13165.793    13268.971
311  K3Pu+F+G4     6565.848     17  13165.695    13165.886    13269.064
312  K3Pu+F+I+G4   6565.928     18  13167.857    13168.070    13277.306
332  K3P+I         6686.472     14  13400.943    13401.074    13486.071
333  K3P+G4        6686.518     14  13401.035    13401.166    13486.163
334  K3P+I+G4      6686.579     15  13403.158    13403.308    13494.367
354  TN+F+I        6562.767     17  13159.535    13159.725    13262.904
355  TN+F+G4       6562.858     17  13159.716    13159.906    13263.085
356  TN+F+I+G4     6562.979     18  13161.958    13162.171    13271.408
376  TNe+I         6686.692     14  13401.384    13401.514    13486.512
377  TNe+G4        6686.731     14  13401.462    13401.593    13486.590
378  TNe+I+G4      6686.788     15  13403.577    13403.726    13494.785
398  HKY+F+I       6565.835     16  13163.670    13163.839    13260.959
399  HKY+F+G4      6565.879     16  13163.759    13163.928    13261.048
400  HKY+F+I+G4    6565.959     17  13165.919    13166.109    13269.288
420  K2P+I         6686.710     13  13399.421    13399.534    13478.468
421  K2P+G4        6686.750     13  13399.500    13399.613    13478.547
422  K2P+I+G4      6686.811     14  13401.623    13401.753    13486.751
442  F81+F+I       6702.360     15  13434.719    13434.868    13525.927
443  F81+F+G4      6702.502     15  13435.005    13435.154    13526.213
444  F81+F+I+G4    6702.566     16  13437.133    13437.302    13534.421
464  JC+I          6826.735     12  13677.470    13677.567    13750.437
465  JC+G4         6826.847     12  13677.694    13677.791    13750.661
466  JC+I+G4       6826.893     13  13679.786    13679.899    13758.833
Akaike Information Criterion:           TIM3+F+I
Corrected Akaike Information Criterion: TIM3+F+I
Bayesian Information Criterion:         HKY+F+I
Best-fit model: HKY+F+I chosen according to BIC

All model information printed to per_gene_alignments_codon/LOC101399929_.aln.model.gz
CPU time for ModelFinder: 0.512 seconds (0h:0m:0s)
Wall-clock time for ModelFinder: 1.689 seconds (0h:0m:1s)
Generating 1000 samples for ultrafast bootstrap (seed: 497604)...

NOTE: 0 MB RAM (0 GB) is required!
Estimate model parameters (epsilon = 0.100)
1. Initial log-likelihood: -6565.835
Optimal log-likelihood: -6565.835
Rate parameters:  A-C: 1.00000  A-G: 6.17191  A-T: 1.00000  C-G: 1.00000  C-T: 6.17191  G-T: 1.00000
Base frequencies:  A: 0.364  C: 0.177  G: 0.229  T: 0.229
Proportion of invariable sites: 0.682
Parameters optimization took 1 rounds (0.001 sec)
Wrote distance file to... 
Computing ML distances based on estimated model parameters...
Calculating distance matrix: done in 0.000207901 secs using 99.57% CPU
Computing ML distances took 0.000256 sec (of wall-clock time) 0.000262 sec (of CPU time)
Setting up auxiliary I and S matrices: done in 4.98295e-05 secs using 96.33% CPU
Computing RapidNJ tree took 0.000129 sec (of wall-clock time) 0.000128 sec (of CPU time)
Log-likelihood of RapidNJ tree: -6565.835
--------------------------------------------------------------------
|             INITIALIZING CANDIDATE TREE SET                      |
--------------------------------------------------------------------
Generating 99 parsimony trees... 0.109 second
Computing log-likelihood of 37 initial trees ... 0.027 seconds
Current best score: -6565.835

Do NNI search on 20 best initial trees
Estimate model parameters (epsilon = 0.100)
BETTER TREE FOUND at iteration 1: -6565.835
Iteration 10 / LogL: -6566.142 / Time: 0h:0m:2s
Iteration 20 / LogL: -6565.836 / Time: 0h:0m:2s
Finish initializing candidate tree set (1)
Current best tree score: -6565.835 / CPU time: 0.332
Number of iterations: 20
--------------------------------------------------------------------
|               OPTIMIZING CANDIDATE TREE SET                      |
--------------------------------------------------------------------
Iteration 30 / LogL: -6565.875 / Time: 0h:0m:2s (0h:0m:1s left)
UPDATE BEST LOG-LIKELIHOOD: -6565.835
Iteration 40 / LogL: -6565.850 / Time: 0h:0m:2s (0h:0m:1s left)
Iteration 50 / LogL: -6565.835 / Time: 0h:0m:2s (0h:0m:1s left)
Log-likelihood cutoff on original alignment: -6574.576
Iteration 60 / LogL: -6565.842 / Time: 0h:0m:3s (0h:0m:0s left)
Iteration 70 / LogL: -6565.836 / Time: 0h:0m:3s (0h:0m:0s left)
Iteration 80 / LogL: -6565.835 / Time: 0h:0m:3s (0h:0m:0s left)
Iteration 90 / LogL: -6565.835 / Time: 0h:0m:3s (0h:0m:0s left)
Iteration 100 / LogL: -6565.842 / Time: 0h:0m:4s (0h:0m:0s left)
Log-likelihood cutoff on original alignment: -6574.576
NOTE: Bootstrap correlation coefficient of split occurrence frequencies: 1.000
TREE SEARCH COMPLETED AFTER 102 ITERATIONS / Time: 0h:0m:4s

--------------------------------------------------------------------
|                    FINALIZING TREE SEARCH                        |
--------------------------------------------------------------------
Performs final model parameters optimization
Estimate model parameters (epsilon = 0.010)
1. Initial log-likelihood: -6565.835
Optimal log-likelihood: -6565.835
Rate parameters:  A-C: 1.00000  A-G: 6.17871  A-T: 1.00000  C-G: 1.00000  C-T: 6.17871  G-T: 1.00000
Base frequencies:  A: 0.364  C: 0.177  G: 0.229  T: 0.229
Proportion of invariable sites: 0.682
Parameters optimization took 1 rounds (0.001 sec)
BEST SCORE FOUND : -6565.835
Creating bootstrap support values...
Split supports printed to NEXUS file per_gene_alignments_codon/LOC101399929_.aln.splits.nex
Total tree length: 0.141

Total number of iterations: 102
CPU time used for tree search: 0.919 sec (0h:0m:0s)
Wall-clock time used for tree search: 2.321 sec (0h:0m:2s)
Total CPU time used: 1.510 sec (0h:0m:1s)
Total wall-clock time used: 4.239 sec (0h:0m:4s)

Computing bootstrap consensus tree...
Reading input file per_gene_alignments_codon/LOC101399929_.aln.splits.nex...
7 taxa and 13 splits.
Consensus tree written to per_gene_alignments_codon/LOC101399929_.aln.contree
Reading input trees file per_gene_alignments_codon/LOC101399929_.aln.contree
Log-likelihood of consensus tree: -6565.835

Analysis results written to: 
  IQ-TREE report:                per_gene_alignments_codon/LOC101399929_.aln.iqtree
  Maximum-likelihood tree:       per_gene_alignments_codon/LOC101399929_.aln.treefile
  Likelihood distances:          per_gene_alignments_codon/LOC101399929_.aln.mldist

Ultrafast bootstrap approximation results written to:
  Split support values:          per_gene_alignments_codon/LOC101399929_.aln.splits.nex
  Consensus tree:                per_gene_alignments_codon/LOC101399929_.aln.contree
  Screen log file:               per_gene_alignments_codon/LOC101399929_.aln.log

Date and Time: Thu Oct 30 21:33:51 2025
