IQ-TREE multicore version 2.3.3 COVID-edition for Linux x86 64-bit built Apr 25 2024
Developed by Bui Quang Minh, James Barbetti, Nguyen Lam Tung, Olga Chernomor,
Heiko Schmidt, Dominik Schrempf, Michael Woodhams, Ly Trong Nhan, Thomas Wong

Host:    morpheus-OptiPlex-5050 (AVX2, FMA3, 503 GB RAM)
Command: iqtree2 -s per_gene_alignments_codon/LOC101398779_.aln.fna -m MFP -T 1 -B 1000 --prefix per_gene_alignments_codon/LOC101398779_.aln
Seed:    886050 (Using SPRNG - Scalable Parallel Random Number Generator)
Time:    Thu Oct 30 21:32:56 2025
Kernel:  AVX+FMA - 1 threads (72 CPU cores detected)

HINT: Use -nt option to specify number of threads because your CPU has 72 cores!
HINT: -nt AUTO will automatically determine the best number of threads to use.

Reading alignment file per_gene_alignments_codon/LOC101398779_.aln.fna ... Fasta format detected
Reading fasta file: done in 0.00152397 secs using 49.94% CPU
Alignment most likely contains DNA/RNA sequences
Alignment has 7 sequences with 5823 columns, 146 distinct patterns
308 parsimony-informative, 389 singleton sites, 5126 constant sites
                     Gap/Ambiguity  Composition  p-value
Analyzing sequences: done in 2.28882e-05 secs using 91.75% CPU
   1  Ceratotherium_simum    0.00%    passed     99.64%
   2  Diceros_bicornis       0.00%    passed     99.39%
   3  Equus_asinus           0.00%    passed     88.37%
   4  Equus_quagga           0.00%    passed     96.05%
   5  Equus_caballus         0.00%    passed     98.65%
   6  Canis_lupus            0.00%    passed     96.81%
   7  Bos_taurus             0.00%    passed     35.53%
****  TOTAL                  0.00%  0 sequences failed composition chi2 test (p-value<5%; df=3)


Create initial parsimony tree by phylogenetic likelihood library (PLL)... 0.000 seconds
Perform fast likelihood tree search using GTR+I+G model...
Estimate model parameters (epsilon = 5.000)
Perform nearest neighbor interchange...
Estimate model parameters (epsilon = 1.000)
1. Initial log-likelihood: -12097.136
Optimal log-likelihood: -12097.125
Rate parameters:  A-C: 0.87544  A-G: 3.96846  A-T: 0.29550  C-G: 0.42826  C-T: 10.01364  G-T: 1.00000
Base frequencies:  A: 0.237  C: 0.265  G: 0.349  T: 0.149
Proportion of invariable sites: 0.435
Gamma shape alpha: 0.276
Parameters optimization took 1 rounds (0.002 sec)
Time for fast ML tree search: 0.166 seconds

NOTE: ModelFinder requires 0 MB RAM!
ModelFinder will test up to 484 DNA models (sample size: 5823) ...
 No. Model         -LnL         df  AIC          AICc         BIC
  1  GTR+F         12233.429    19  24504.858    24504.989    24631.580
  2  GTR+F+I       12098.175    20  24236.349    24236.494    24369.741
  3  GTR+F+G4      12100.021    20  24240.041    24240.186    24373.433
  4  GTR+F+I+G4    12097.135    21  24236.270    24236.429    24376.331
  5  GTR+F+R2      12098.191    21  24238.383    24238.542    24378.444
  6  GTR+F+R3      12098.088    23  24242.177    24242.367    24395.577
 14  GTR+F+I+R2    12097.922    22  24239.844    24240.018    24386.574
 15  GTR+F+I+R3    12097.234    24  24242.468    24242.675    24402.538
 24  SYM+I         12369.572    17  24773.144    24773.250    24886.527
 25  SYM+G4        12370.466    17  24774.932    24775.038    24888.315
 26  SYM+I+G4      12368.780    18  24773.560    24773.678    24893.612
 27  SYM+R2        12369.631    18  24775.261    24775.379    24895.313
 46  TVM+F+I       12126.056    19  24290.112    24290.243    24416.834
 47  TVM+F+G4      12134.370    19  24306.740    24306.871    24433.462
 48  TVM+F+I+G4    12125.811    20  24291.623    24291.767    24425.014
 49  TVM+F+R2      12126.036    20  24292.072    24292.217    24425.464
 68  TVMe+I        12378.706    16  24789.412    24789.506    24896.125
 69  TVMe+G4       12380.437    16  24792.875    24792.968    24899.588
 70  TVMe+I+G4     12377.829    17  24789.657    24789.763    24903.040
 71  TVMe+R2       12378.746    17  24791.492    24791.597    24904.874
 90  TIM3+F+I      12102.708    18  24241.415    24241.533    24361.467
 91  TIM3+F+G4     12104.406    18  24244.812    24244.930    24364.864
 92  TIM3+F+I+G4   12101.989    19  24241.978    24242.109    24368.700
 93  TIM3+F+R2     12102.836    19  24243.672    24243.803    24370.394
112  TIM3e+I       12374.208    15  24778.416    24778.499    24878.460
113  TIM3e+G4      12375.135    15  24780.270    24780.353    24880.314
114  TIM3e+I+G4    12373.767    16  24779.535    24779.629    24886.248
115  TIM3e+R2      12374.280    16  24780.560    24780.653    24887.273
134  TIM2+F+I      12103.180    18  24242.360    24242.478    24362.412
135  TIM2+F+G4     12104.989    18  24245.978    24246.096    24366.030
136  TIM2+F+I+G4   12102.591    19  24243.182    24243.313    24369.904
137  TIM2+F+R2     12103.213    19  24244.426    24244.557    24371.148
156  TIM2e+I       12374.963    15  24779.926    24780.009    24879.969
157  TIM2e+G4      12375.837    15  24781.673    24781.756    24881.717
158  TIM2e+I+G4    12374.524    16  24781.048    24781.141    24887.761
159  TIM2e+R2      12375.053    16  24782.105    24782.199    24888.818
178  TIM+F+I       12098.552    18  24233.104    24233.222    24353.157
179  TIM+F+G4      12100.462    18  24236.925    24237.043    24356.977
180  TIM+F+I+G4    12097.603    19  24233.205    24233.336    24359.927
181  TIM+F+R2      12098.569    19  24235.137    24235.268    24361.859
200  TIMe+I        12373.621    15  24777.242    24777.325    24877.286
201  TIMe+G4       12374.610    15  24779.221    24779.303    24879.264
202  TIMe+I+G4     12373.096    16  24778.193    24778.286    24884.906
203  TIMe+R2       12373.682    16  24779.364    24779.458    24886.077
222  TPM3u+F+I     12131.073    17  24296.146    24296.251    24409.528
223  TPM3u+F+G4    12138.836    17  24311.672    24311.777    24425.054
224  TPM3u+F+I+G4  12131.019    18  24298.038    24298.155    24418.090
225  TPM3u+F+R2    12131.107    18  24298.214    24298.332    24418.266
244  TPM3+I        12383.340    14  24794.680    24794.752    24888.054
245  TPM3+G4       12385.083    14  24798.165    24798.238    24891.539
246  TPM3+I+G4     12382.805    15  24795.611    24795.693    24895.654
247  TPM3+R2       12383.424    15  24796.849    24796.931    24896.892
266  TPM2u+F+I     12131.182    17  24296.363    24296.469    24409.746
267  TPM2u+F+G4    12139.188    17  24312.376    24312.481    24425.758
268  TPM2u+F+I+G4  12131.227    18  24298.454    24298.572    24418.506
269  TPM2u+F+R2    12131.246    18  24298.492    24298.610    24418.544
288  TPM2+I        12384.011    14  24796.023    24796.095    24889.397
289  TPM2+G4       12385.641    14  24799.283    24799.355    24892.657
290  TPM2+I+G4     12383.403    15  24796.805    24796.888    24896.849
291  TPM2+R2       12384.081    15  24798.162    24798.245    24898.206
310  K3Pu+F+I      12126.345    17  24286.690    24286.795    24400.073
311  K3Pu+F+G4     12134.644    17  24303.288    24303.393    24416.670
312  K3Pu+F+I+G4   12126.206    18  24288.412    24288.530    24408.464
313  K3Pu+F+R2     12126.334    18  24288.668    24288.786    24408.721
332  K3P+I         12382.647    14  24793.295    24793.367    24886.669
333  K3P+G4        12384.471    14  24796.941    24797.014    24890.315
334  K3P+I+G4      12382.060    15  24794.119    24794.202    24894.163
335  K3P+R2        12382.708    15  24795.417    24795.499    24895.460
354  TN+F+I        12103.256    17  24240.513    24240.618    24353.895
355  TN+F+G4       12105.024    17  24244.048    24244.153    24357.430
356  TN+F+I+G4     12102.653    18  24241.306    24241.423    24361.358
357  TN+F+R2       12103.330    18  24242.659    24242.777    24362.712
376  TNe+I         12375.509    14  24779.018    24779.090    24872.392
377  TNe+G4        12376.452    14  24780.904    24780.976    24874.278
378  TNe+I+G4      12375.115    15  24780.230    24780.313    24880.273
379  TNe+R2        12375.653    15  24781.305    24781.388    24881.349
398  HKY+F+I       12131.400    16  24294.800    24294.893    24401.513
399  HKY+F+G4      12139.282    16  24310.565    24310.658    24417.278
400  HKY+F+I+G4    12131.366    17  24296.732    24296.837    24410.114
401  HKY+F+R2      12131.426    17  24296.851    24296.956    24410.234
420  K2P+I         12384.549    13  24795.097    24795.160    24881.802
421  K2P+G4        12386.295    13  24798.591    24798.653    24885.295
422  K2P+I+G4      12384.046    14  24796.092    24796.164    24889.466
423  K2P+R2        12384.611    14  24797.223    24797.295    24890.597
442  F81+F+I       12501.452    15  25032.904    25032.986    25132.947
443  F81+F+G4      12501.518    15  25033.035    25033.118    25133.079
444  F81+F+I+G4    12502.457    16  25036.913    25037.007    25143.626
445  F81+F+R2      12501.754    16  25035.507    25035.601    25142.221
464  JC+I          12729.587    12  25483.174    25483.228    25563.209
465  JC+G4         12729.635    12  25483.270    25483.323    25563.304
466  JC+I+G4       12730.244    13  25486.488    25486.551    25573.192
467  JC+R2         12729.880    13  25485.760    25485.822    25572.464
Akaike Information Criterion:           TIM+F+I
Corrected Akaike Information Criterion: TIM+F+I
Bayesian Information Criterion:         TIM+F+I
Best-fit model: TIM+F+I chosen according to BIC

All model information printed to per_gene_alignments_codon/LOC101398779_.aln.model.gz
CPU time for ModelFinder: 2.309 seconds (0h:0m:2s)
Wall-clock time for ModelFinder: 5.488 seconds (0h:0m:5s)
Generating 1000 samples for ultrafast bootstrap (seed: 886050)...

NOTE: 0 MB RAM (0 GB) is required!
Estimate model parameters (epsilon = 0.100)
1. Initial log-likelihood: -12098.552
Optimal log-likelihood: -12098.552
Rate parameters:  A-C: 1.00000  A-G: 4.33576  A-T: 0.47940  C-G: 0.47940  C-T: 10.40923  G-T: 1.00000
Base frequencies:  A: 0.237  C: 0.265  G: 0.349  T: 0.149
Proportion of invariable sites: 0.780
Parameters optimization took 1 rounds (0.001 sec)
Wrote distance file to... 
Computing ML distances based on estimated model parameters...
Calculating distance matrix: done in 0.00018096 secs using 98.92% CPU
Computing ML distances took 0.000225 sec (of wall-clock time) 0.000231 sec (of CPU time)
Setting up auxiliary I and S matrices: done in 4.19617e-05 secs
Computing RapidNJ tree took 0.000122 sec (of wall-clock time) 0.000000 sec (of CPU time)
Log-likelihood of RapidNJ tree: -12098.552
--------------------------------------------------------------------
|             INITIALIZING CANDIDATE TREE SET                      |
--------------------------------------------------------------------
Generating 99 parsimony trees... 0.103 second
Computing log-likelihood of 39 initial trees ... 0.033 seconds
Current best score: -12098.552

Do NNI search on 20 best initial trees
Estimate model parameters (epsilon = 0.100)
BETTER TREE FOUND at iteration 1: -12098.552
Iteration 10 / LogL: -12098.563 / Time: 0h:0m:5s
Iteration 20 / LogL: -12098.564 / Time: 0h:0m:5s
Finish initializing candidate tree set (1)
Current best tree score: -12098.552 / CPU time: 0.317
Number of iterations: 20
--------------------------------------------------------------------
|               OPTIMIZING CANDIDATE TREE SET                      |
--------------------------------------------------------------------
UPDATE BEST LOG-LIKELIHOOD: -12098.552
UPDATE BEST LOG-LIKELIHOOD: -12098.552
Iteration 30 / LogL: -12098.552 / Time: 0h:0m:6s (0h:0m:1s left)
Iteration 40 / LogL: -12098.565 / Time: 0h:0m:6s (0h:0m:1s left)
Iteration 50 / LogL: -12099.102 / Time: 0h:0m:6s (0h:0m:0s left)
Log-likelihood cutoff on original alignment: -12119.951
Iteration 60 / LogL: -12098.553 / Time: 0h:0m:6s (0h:0m:0s left)
Iteration 70 / LogL: -12098.958 / Time: 0h:0m:6s (0h:0m:0s left)
Iteration 80 / LogL: -12098.553 / Time: 0h:0m:7s (0h:0m:0s left)
Iteration 90 / LogL: -12098.553 / Time: 0h:0m:7s (0h:0m:0s left)
Iteration 100 / LogL: -12099.238 / Time: 0h:0m:7s (0h:0m:0s left)
Log-likelihood cutoff on original alignment: -12120.259
NOTE: Bootstrap correlation coefficient of split occurrence frequencies: 1.000
TREE SEARCH COMPLETED AFTER 102 ITERATIONS / Time: 0h:0m:7s

--------------------------------------------------------------------
|                    FINALIZING TREE SEARCH                        |
--------------------------------------------------------------------
Performs final model parameters optimization
Estimate model parameters (epsilon = 0.010)
1. Initial log-likelihood: -12098.552
Optimal log-likelihood: -12098.552
Rate parameters:  A-C: 1.00000  A-G: 4.33885  A-T: 0.47947  C-G: 0.47947  C-T: 10.40973  G-T: 1.00000
Base frequencies:  A: 0.237  C: 0.265  G: 0.349  T: 0.149
Proportion of invariable sites: 0.780
Parameters optimization took 1 rounds (0.001 sec)
BEST SCORE FOUND : -12098.552
Creating bootstrap support values...
Split supports printed to NEXUS file per_gene_alignments_codon/LOC101398779_.aln.splits.nex
Total tree length: 0.197

Total number of iterations: 102
CPU time used for tree search: 1.026 sec (0h:0m:1s)
Wall-clock time used for tree search: 2.192 sec (0h:0m:2s)
Total CPU time used: 3.393 sec (0h:0m:3s)
Total wall-clock time used: 7.806 sec (0h:0m:7s)

Computing bootstrap consensus tree...
Reading input file per_gene_alignments_codon/LOC101398779_.aln.splits.nex...
7 taxa and 14 splits.
Consensus tree written to per_gene_alignments_codon/LOC101398779_.aln.contree
Reading input trees file per_gene_alignments_codon/LOC101398779_.aln.contree
Log-likelihood of consensus tree: -12098.552

Analysis results written to: 
  IQ-TREE report:                per_gene_alignments_codon/LOC101398779_.aln.iqtree
  Maximum-likelihood tree:       per_gene_alignments_codon/LOC101398779_.aln.treefile
  Likelihood distances:          per_gene_alignments_codon/LOC101398779_.aln.mldist

Ultrafast bootstrap approximation results written to:
  Split support values:          per_gene_alignments_codon/LOC101398779_.aln.splits.nex
  Consensus tree:                per_gene_alignments_codon/LOC101398779_.aln.contree
  Screen log file:               per_gene_alignments_codon/LOC101398779_.aln.log

Date and Time: Thu Oct 30 21:33:05 2025
