IQ-TREE multicore version 2.3.3 COVID-edition for Linux x86 64-bit built Apr 25 2024
Developed by Bui Quang Minh, James Barbetti, Nguyen Lam Tung, Olga Chernomor,
Heiko Schmidt, Dominik Schrempf, Michael Woodhams, Ly Trong Nhan, Thomas Wong

Host:    morpheus-OptiPlex-5050 (AVX2, FMA3, 503 GB RAM)
Command: iqtree2 -s per_gene_alignments_codon/LOC101388195_.aln.fna -m MFP -T 1 -B 1000 --prefix per_gene_alignments_codon/LOC101388195_.aln
Seed:    878696 (Using SPRNG - Scalable Parallel Random Number Generator)
Time:    Thu Oct 30 21:25:36 2025
Kernel:  AVX+FMA - 1 threads (72 CPU cores detected)

HINT: Use -nt option to specify number of threads because your CPU has 72 cores!
HINT: -nt AUTO will automatically determine the best number of threads to use.

Reading alignment file per_gene_alignments_codon/LOC101388195_.aln.fna ... Fasta format detected
Reading fasta file: done in 0.000418901 secs using 99.55% CPU
Alignment most likely contains DNA/RNA sequences
Alignment has 7 sequences with 1362 columns, 138 distinct patterns
130 parsimony-informative, 107 singleton sites, 1125 constant sites
                     Gap/Ambiguity  Composition  p-value
Analyzing sequences: done in 2.5034e-05 secs using 91.88% CPU
   1  Ceratotherium_simum    0.88%    passed     98.78%
   2  Diceros_bicornis       0.00%    passed     99.35%
   3  Equus_asinus           0.88%    passed     97.20%
   4  Equus_quagga           0.88%    passed     99.00%
   5  Equus_caballus         0.88%    passed     93.13%
   6  Canis_lupus            0.66%    passed     88.08%
   7  Bos_taurus             0.00%    passed     98.49%
****  TOTAL                  0.60%  0 sequences failed composition chi2 test (p-value<5%; df=3)


Create initial parsimony tree by phylogenetic likelihood library (PLL)... 0.000 seconds
Perform fast likelihood tree search using GTR+I+G model...
Estimate model parameters (epsilon = 5.000)
Perform nearest neighbor interchange...
Estimate model parameters (epsilon = 1.000)
1. Initial log-likelihood: -3518.811
Optimal log-likelihood: -3518.490
Rate parameters:  A-C: 3.02137  A-G: 9.90606  A-T: 3.68577  C-G: 1.47477  C-T: 10.24896  G-T: 1.00000
Base frequencies:  A: 0.156  C: 0.330  G: 0.306  T: 0.207
Proportion of invariable sites: 0.404
Gamma shape alpha: 0.246
Parameters optimization took 1 rounds (0.003 sec)
Time for fast ML tree search: 0.079 seconds

NOTE: ModelFinder requires 0 MB RAM!
ModelFinder will test up to 484 DNA models (sample size: 1362) ...
 No. Model         -LnL         df  AIC          AICc         BIC
  1  GTR+F         3648.472     19  7334.943     7335.509     7434.061
  2  GTR+F+I       3520.137     20  7080.274     7080.901     7184.609
  3  GTR+F+G4      3520.799     20  7081.597     7082.224     7185.932
  4  GTR+F+I+G4    3518.525     21  7079.049     7079.739     7188.600
  5  GTR+F+R2      3519.910     21  7081.820     7082.509     7191.371
  6  GTR+F+R3      3518.912     23  7083.824     7084.649     7203.808
 14  GTR+F+I+R2    3519.029     22  7082.057     7082.813     7196.825
 15  GTR+F+I+R3    3518.672     24  7085.344     7086.242     7210.545
 24  SYM+I         3583.862     17  7201.725     7202.180     7290.409
 25  SYM+G4        3585.068     17  7204.137     7204.592     7292.821
 26  SYM+I+G4      3583.380     18  7202.760     7203.270     7296.661
 27  SYM+R2        3583.788     18  7203.575     7204.084     7297.476
 46  TVM+F+I       3520.137     19  7078.273     7078.839     7177.390
 47  TVM+F+G4      3520.802     19  7079.604     7080.171     7178.722
 48  TVM+F+I+G4    3518.501     20  7077.001     7077.628     7181.335
 49  TVM+F+R2      3519.882     20  7079.763     7080.389     7184.097
 68  TVMe+I        3584.457     16  7200.913     7201.318     7284.381
 69  TVMe+G4       3585.742     16  7203.484     7203.889     7286.952
 70  TVMe+I+G4     3584.124     17  7202.249     7202.704     7290.933
 71  TVMe+R2       3584.400     17  7202.800     7203.255     7291.484
 90  TIM3+F+I      3527.005     18  7090.010     7090.519     7183.911
 91  TIM3+F+G4     3528.053     18  7092.107     7092.616     7186.008
 92  TIM3+F+I+G4   3525.320     19  7088.641     7089.207     7187.758
 93  TIM3+F+R2     3526.572     19  7091.144     7091.710     7190.261
112  TIM3e+I       3585.045     15  7200.090     7200.446     7278.340
113  TIM3e+G4      3586.263     15  7202.527     7202.884     7280.778
114  TIM3e+I+G4    3584.418     16  7200.836     7201.240     7284.303
115  TIM3e+R2      3584.929     16  7201.857     7202.262     7285.325
134  TIM2+F+I      3520.560     18  7077.121     7077.630     7171.021
135  TIM2+F+G4     3521.152     18  7078.304     7078.814     7172.205
136  TIM2+F+I+G4   3518.886     19  7075.772     7076.338     7174.889
137  TIM2+F+R2     3520.286     19  7078.572     7079.139     7177.690
156  TIM2e+I       3585.867     15  7201.735     7202.092     7279.986
157  TIM2e+G4      3587.008     15  7204.017     7204.373     7282.267
158  TIM2e+I+G4    3585.268     16  7202.537     7202.941     7286.004
159  TIM2e+R2      3585.749     16  7203.499     7203.903     7286.966
178  TIM+F+I       3527.008     18  7090.016     7090.526     7183.917
179  TIM+F+G4      3527.984     18  7091.967     7092.476     7185.868
180  TIM+F+I+G4    3525.260     19  7088.520     7089.087     7187.638
181  TIM+F+R2      3526.542     19  7091.085     7091.651     7190.202
200  TIMe+I        3586.381     15  7202.762     7203.119     7281.013
201  TIMe+G4       3587.652     15  7205.303     7205.660     7283.554
202  TIMe+I+G4     3585.631     16  7203.261     7203.666     7286.729
203  TIMe+R2       3586.248     16  7204.497     7204.901     7287.964
222  TPM3u+F+I     3527.001     17  7088.002     7088.457     7176.686
223  TPM3u+F+G4    3528.054     17  7090.108     7090.564     7178.792
224  TPM3u+F+I+G4  3525.332     18  7086.664     7087.173     7180.565
225  TPM3u+F+R2    3526.588     18  7089.176     7089.685     7183.076
244  TPM3+I        3585.607     14  7199.214     7199.526     7272.248
245  TPM3+G4       3586.893     14  7201.785     7202.097     7274.819
246  TPM3+I+G4     3585.087     15  7200.174     7200.531     7278.425
247  TPM3+R2       3585.507     15  7201.014     7201.370     7279.264
266  TPM2u+F+I     3520.560     17  7075.120     7075.575     7163.804
267  TPM2u+F+G4    3521.152     17  7076.304     7076.759     7164.988
268  TPM2u+F+I+G4  3518.892     18  7073.785     7074.294     7167.685
269  TPM2u+F+R2    3520.282     18  7076.565     7077.074     7170.465
288  TPM2+I        3586.441     14  7200.882     7201.193     7273.916
289  TPM2+G4       3587.650     14  7203.301     7203.613     7276.335
290  TPM2+I+G4     3585.948     15  7201.897     7202.253     7280.148
291  TPM2+R2       3586.330     15  7202.661     7203.017     7280.911
310  K3Pu+F+I      3527.003     17  7088.006     7088.461     7176.690
311  K3Pu+F+G4     3527.984     17  7089.967     7090.423     7178.651
312  K3Pu+F+I+G4   3525.272     18  7086.544     7087.054     7180.445
313  K3Pu+F+R2     3526.543     18  7089.086     7089.595     7182.987
332  K3P+I         3586.908     14  7201.816     7202.127     7274.850
333  K3P+G4        3588.231     14  7204.463     7204.774     7277.497
334  K3P+I+G4      3586.225     15  7202.451     7202.807     7280.701
335  K3P+R2        3586.773     15  7203.546     7203.903     7281.797
354  TN+F+I        3527.097     17  7088.194     7088.650     7176.878
355  TN+F+G4       3528.119     17  7090.238     7090.693     7178.922
356  TN+F+I+G4     3525.344     18  7086.688     7087.198     7180.589
357  TN+F+R2       3526.632     18  7089.264     7089.774     7183.165
376  TNe+I         3586.644     14  7201.288     7201.600     7274.322
377  TNe+G4        3587.866     14  7203.732     7204.043     7276.765
378  TNe+I+G4      3585.910     15  7201.820     7202.177     7280.071
379  TNe+R2        3586.504     15  7203.007     7203.364     7281.258
398  HKY+F+I       3527.097     16  7086.194     7086.598     7169.661
399  HKY+F+G4      3528.119     16  7088.239     7088.643     7171.706
400  HKY+F+I+G4    3525.356     17  7084.713     7085.168     7173.397
401  HKY+F+R2      3526.641     17  7087.281     7087.737     7175.965
420  K2P+I         3587.172     13  7200.343     7200.613     7268.160
421  K2P+G4        3588.451     13  7202.902     7203.172     7270.719
422  K2P+I+G4      3586.513     14  7201.026     7201.337     7274.059
423  K2P+R2        3587.040     14  7202.080     7202.392     7275.114
442  F81+F+I       3603.377     15  7236.754     7237.110     7315.004
443  F81+F+G4      3603.902     15  7237.803     7238.160     7316.054
444  F81+F+I+G4    3603.797     16  7239.594     7239.998     7323.061
445  F81+F+R2      3603.363     16  7238.727     7239.131     7322.194
464  JC+I          3655.076     12  7334.153     7334.384     7396.753
465  JC+G4         3655.588     12  7335.177     7335.408     7397.777
466  JC+I+G4       3655.935     13  7337.870     7338.140     7405.687
467  JC+R2         3655.101     13  7336.202     7336.472     7404.019
Akaike Information Criterion:           TPM2u+F+I+G4
Corrected Akaike Information Criterion: TPM2u+F+I+G4
Bayesian Information Criterion:         TPM2u+F+I
Best-fit model: TPM2u+F+I chosen according to BIC

All model information printed to per_gene_alignments_codon/LOC101388195_.aln.model.gz
CPU time for ModelFinder: 1.160 seconds (0h:0m:1s)
Wall-clock time for ModelFinder: 2.670 seconds (0h:0m:2s)
Generating 1000 samples for ultrafast bootstrap (seed: 878696)...

NOTE: 0 MB RAM (0 GB) is required!
Estimate model parameters (epsilon = 0.100)
1. Initial log-likelihood: -3520.560
Optimal log-likelihood: -3520.560
Rate parameters:  A-C: 2.35368  A-G: 6.84551  A-T: 2.35368  C-G: 1.00000  C-T: 6.84551  G-T: 1.00000
Base frequencies:  A: 0.156  C: 0.330  G: 0.306  T: 0.207
Proportion of invariable sites: 0.768
Parameters optimization took 1 rounds (0.001 sec)
Wrote distance file to... 
Computing ML distances based on estimated model parameters...
Calculating distance matrix: done in 0.000193119 secs using 99.42% CPU
Computing ML distances took 0.000238 sec (of wall-clock time) 0.000243 sec (of CPU time)
Setting up auxiliary I and S matrices: done in 4.00543e-05 secs
Computing RapidNJ tree took 0.000119 sec (of wall-clock time) 0.000000 sec (of CPU time)
Log-likelihood of RapidNJ tree: -3541.016
--------------------------------------------------------------------
|             INITIALIZING CANDIDATE TREE SET                      |
--------------------------------------------------------------------
Generating 98 parsimony trees... 0.133 second
Computing log-likelihood of 52 initial trees ... 0.049 seconds
Current best score: -3509.461

Do NNI search on 20 best initial trees
Estimate model parameters (epsilon = 0.100)
BETTER TREE FOUND at iteration 1: -3508.862
Iteration 10 / LogL: -3521.398 / Time: 0h:0m:3s
Iteration 20 / LogL: -3508.938 / Time: 0h:0m:3s
Finish initializing candidate tree set (3)
Current best tree score: -3508.862 / CPU time: 0.386
Number of iterations: 20
--------------------------------------------------------------------
|               OPTIMIZING CANDIDATE TREE SET                      |
--------------------------------------------------------------------
Iteration 30 / LogL: -3526.907 / Time: 0h:0m:3s (0h:0m:1s left)
Iteration 40 / LogL: -3509.094 / Time: 0h:0m:3s (0h:0m:1s left)
Iteration 50 / LogL: -3520.788 / Time: 0h:0m:3s (0h:0m:1s left)
Log-likelihood cutoff on original alignment: -3567.001
Iteration 60 / LogL: -3508.953 / Time: 0h:0m:4s (0h:0m:0s left)
Iteration 70 / LogL: -3508.944 / Time: 0h:0m:4s (0h:0m:0s left)
Iteration 80 / LogL: -3520.737 / Time: 0h:0m:4s (0h:0m:0s left)
Iteration 90 / LogL: -3508.900 / Time: 0h:0m:4s (0h:0m:0s left)
UPDATE BEST LOG-LIKELIHOOD: -3508.862
UPDATE BEST LOG-LIKELIHOOD: -3508.862
Iteration 100 / LogL: -3508.888 / Time: 0h:0m:4s (0h:0m:0s left)
Log-likelihood cutoff on original alignment: -3564.165
NOTE: Bootstrap correlation coefficient of split occurrence frequencies: 1.000
TREE SEARCH COMPLETED AFTER 102 ITERATIONS / Time: 0h:0m:5s

--------------------------------------------------------------------
|                    FINALIZING TREE SEARCH                        |
--------------------------------------------------------------------
Performs final model parameters optimization
Estimate model parameters (epsilon = 0.010)
1. Initial log-likelihood: -3508.862
Optimal log-likelihood: -3508.862
Rate parameters:  A-C: 2.58024  A-G: 7.03492  A-T: 2.58024  C-G: 1.00000  C-T: 7.03492  G-T: 1.00000
Base frequencies:  A: 0.156  C: 0.330  G: 0.306  T: 0.207
Proportion of invariable sites: 0.765
Parameters optimization took 1 rounds (0.001 sec)
BEST SCORE FOUND : -3508.862
Creating bootstrap support values...
Split supports printed to NEXUS file per_gene_alignments_codon/LOC101388195_.aln.splits.nex
Total tree length: 0.374

Total number of iterations: 102
CPU time used for tree search: 1.099 sec (0h:0m:1s)
Wall-clock time used for tree search: 2.317 sec (0h:0m:2s)
Total CPU time used: 2.319 sec (0h:0m:2s)
Total wall-clock time used: 5.153 sec (0h:0m:5s)

Computing bootstrap consensus tree...
Reading input file per_gene_alignments_codon/LOC101388195_.aln.splits.nex...
7 taxa and 28 splits.
Consensus tree written to per_gene_alignments_codon/LOC101388195_.aln.contree
Reading input trees file per_gene_alignments_codon/LOC101388195_.aln.contree
Log-likelihood of consensus tree: -3508.862

Analysis results written to: 
  IQ-TREE report:                per_gene_alignments_codon/LOC101388195_.aln.iqtree
  Maximum-likelihood tree:       per_gene_alignments_codon/LOC101388195_.aln.treefile
  Likelihood distances:          per_gene_alignments_codon/LOC101388195_.aln.mldist

Ultrafast bootstrap approximation results written to:
  Split support values:          per_gene_alignments_codon/LOC101388195_.aln.splits.nex
  Consensus tree:                per_gene_alignments_codon/LOC101388195_.aln.contree
  Screen log file:               per_gene_alignments_codon/LOC101388195_.aln.log

Date and Time: Thu Oct 30 21:25:42 2025
