IQ-TREE multicore version 2.3.3 COVID-edition for Linux x86 64-bit built Apr 25 2024
Developed by Bui Quang Minh, James Barbetti, Nguyen Lam Tung, Olga Chernomor,
Heiko Schmidt, Dominik Schrempf, Michael Woodhams, Ly Trong Nhan, Thomas Wong

Host:    morpheus-OptiPlex-5050 (AVX2, FMA3, 503 GB RAM)
Command: iqtree2 -s per_gene_alignments_codon/LOC101400668_.aln.fna -m MFP -T 1 -B 1000 --prefix per_gene_alignments_codon/LOC101400668_.aln
Seed:    847090 (Using SPRNG - Scalable Parallel Random Number Generator)
Time:    Thu Oct 30 21:34:16 2025
Kernel:  AVX+FMA - 1 threads (72 CPU cores detected)

HINT: Use -nt option to specify number of threads because your CPU has 72 cores!
HINT: -nt AUTO will automatically determine the best number of threads to use.

Reading alignment file per_gene_alignments_codon/LOC101400668_.aln.fna ... Fasta format detected
Reading fasta file: done in 0.000397921 secs using 49.51% CPU
Alignment most likely contains DNA/RNA sequences
Alignment has 7 sequences with 1251 columns, 75 distinct patterns
65 parsimony-informative, 92 singleton sites, 1094 constant sites
                     Gap/Ambiguity  Composition  p-value
Analyzing sequences: done in 1.62125e-05 secs using 49.34% CPU
   1  Ceratotherium_simum    0.00%    passed     99.80%
   2  Diceros_bicornis       0.00%    passed     99.81%
   3  Equus_asinus           0.00%    passed     99.61%
   4  Equus_quagga           0.00%    passed     99.12%
   5  Equus_caballus         0.00%    passed     97.96%
   6  Canis_lupus            0.00%    passed     92.20%
   7  Bos_taurus             0.00%    passed     99.04%
****  TOTAL                  0.00%  0 sequences failed composition chi2 test (p-value<5%; df=3)


Create initial parsimony tree by phylogenetic likelihood library (PLL)... 0.000 seconds
Perform fast likelihood tree search using GTR+I+G model...
Estimate model parameters (epsilon = 5.000)
Perform nearest neighbor interchange...
Estimate model parameters (epsilon = 1.000)
1. Initial log-likelihood: -2668.893
Optimal log-likelihood: -2668.891
Rate parameters:  A-C: 0.58857  A-G: 2.94939  A-T: 0.43775  C-G: 1.13631  C-T: 6.39312  G-T: 1.00000
Base frequencies:  A: 0.324  C: 0.232  G: 0.269  T: 0.175
Proportion of invariable sites: 0.435
Gamma shape alpha: 0.810
Parameters optimization took 1 rounds (0.002 sec)
Time for fast ML tree search: 0.145 seconds

NOTE: ModelFinder requires 0 MB RAM!
ModelFinder will test up to 484 DNA models (sample size: 1251) ...
 No. Model         -LnL         df  AIC          AICc         BIC
  1  GTR+F         2682.246     19  5402.493     5403.110     5499.995
  2  GTR+F+I       2669.048     20  5378.096     5378.779     5480.730
  3  GTR+F+G4      2668.958     20  5377.917     5378.600     5480.551
  4  GTR+F+I+G4    2668.887     21  5379.775     5380.526     5487.540
  5  GTR+F+R2      2669.713     21  5381.426     5382.178     5489.192
  6  GTR+F+R3      2669.113     23  5384.226     5385.126     5502.255
 14  GTR+F+I+R2    2669.129     22  5382.258     5383.082     5495.156
 15  GTR+F+I+R3    2668.941     24  5385.881     5386.860     5509.042
 24  SYM+I         2699.014     17  5432.029     5432.525     5519.267
 25  SYM+G4        2698.919     17  5431.839     5432.335     5519.078
 26  SYM+I+G4      2698.842     18  5433.684     5434.239     5526.054
 27  SYM+R2        2699.648     18  5435.297     5435.852     5527.668
 46  TVM+F+I       2675.734     19  5389.468     5390.085     5486.970
 47  TVM+F+G4      2675.652     19  5389.304     5389.921     5486.806
 48  TVM+F+I+G4    2675.555     20  5391.111     5391.794     5493.745
 49  TVM+F+R2      2676.424     20  5392.849     5393.532     5495.483
 68  TVMe+I        2700.472     16  5432.944     5433.385     5515.051
 69  TVMe+G4       2700.388     16  5432.776     5433.217     5514.883
 70  TVMe+I+G4     2700.307     17  5434.613     5435.110     5521.852
 71  TVMe+R2       2701.185     17  5436.370     5436.866     5523.609
 90  TIM3+F+I      2671.567     18  5379.135     5379.690     5471.505
 91  TIM3+F+G4     2671.486     18  5378.973     5379.528     5471.343
 92  TIM3+F+I+G4   2671.433     19  5380.866     5381.484     5478.368
 93  TIM3+F+R2     2672.242     19  5382.484     5383.101     5479.986
112  TIM3e+I       2700.877     15  5431.753     5432.142     5508.729
113  TIM3e+G4      2700.794     15  5431.588     5431.976     5508.563
114  TIM3e+I+G4    2700.729     16  5433.457     5433.898     5515.564
115  TIM3e+R2      2701.539     16  5435.079     5435.519     5517.186
134  TIM2+F+I      2669.247     18  5374.493     5375.048     5466.864
135  TIM2+F+G4     2669.152     18  5374.304     5374.859     5466.674
136  TIM2+F+I+G4   2669.077     19  5376.154     5376.771     5473.656
137  TIM2+F+R2     2669.890     19  5377.781     5378.398     5475.283
156  TIM2e+I       2699.834     15  5429.669     5430.058     5506.644
157  TIM2e+G4      2699.738     15  5429.476     5429.865     5506.451
158  TIM2e+I+G4    2699.657     16  5431.314     5431.755     5513.421
159  TIM2e+R2      2700.431     16  5432.862     5433.303     5514.970
178  TIM+F+I       2671.717     18  5379.435     5379.990     5471.805
179  TIM+F+G4      2671.637     18  5379.273     5379.828     5471.644
180  TIM+F+I+G4    2671.576     19  5381.152     5381.770     5478.655
181  TIM+F+R2      2672.299     19  5382.598     5383.215     5480.100
200  TIMe+I        2701.681     15  5433.363     5433.751     5510.338
201  TIMe+G4       2701.602     15  5433.203     5433.592     5510.179
202  TIMe+I+G4     2701.535     16  5435.070     5435.511     5517.177
203  TIMe+R2       2702.308     16  5436.616     5437.057     5518.723
222  TPM3u+F+I     2678.343     17  5390.687     5391.183     5477.926
223  TPM3u+F+G4    2678.280     17  5390.560     5391.056     5477.799
224  TPM3u+F+I+G4  2678.217     18  5392.434     5392.989     5484.804
225  TPM3u+F+R2    2679.047     18  5394.093     5394.648     5486.464
244  TPM3+I        2702.334     14  5432.668     5433.008     5504.512
245  TPM3+G4       2702.264     14  5432.529     5432.869     5504.373
246  TPM3+I+G4     2702.198     15  5434.396     5434.784     5511.371
247  TPM3+R2       2703.078     15  5436.156     5436.545     5513.131
266  TPM2u+F+I     2675.922     17  5385.845     5386.341     5473.084
267  TPM2u+F+G4    2675.839     17  5385.678     5386.175     5472.917
268  TPM2u+F+I+G4  2675.744     18  5387.487     5388.043     5479.858
269  TPM2u+F+R2    2676.596     18  5389.192     5389.747     5481.563
288  TPM2+I        2701.239     14  5430.477     5430.817     5502.321
289  TPM2+G4       2701.155     14  5430.310     5430.650     5502.154
290  TPM2+I+G4     2701.074     15  5432.148     5432.537     5509.124
291  TPM2+R2       2701.917     15  5433.835     5434.223     5510.810
310  K3Pu+F+I      2678.488     17  5390.975     5391.472     5478.214
311  K3Pu+F+G4     2678.428     17  5390.856     5391.353     5478.095
312  K3Pu+F+I+G4   2678.364     18  5392.728     5393.283     5485.098
313  K3Pu+F+R2     2679.180     18  5394.360     5394.915     5486.730
332  K3P+I         2703.091     14  5434.182     5434.522     5506.026
333  K3P+G4        2703.024     14  5434.048     5434.388     5505.892
334  K3P+I+G4      2702.960     15  5435.919     5436.308     5512.895
335  K3P+R2        2703.797     15  5437.593     5437.982     5514.569
354  TN+F+I        2671.745     17  5377.491     5377.987     5464.730
355  TN+F+G4       2671.670     17  5377.339     5377.835     5464.578
356  TN+F+I+G4     2671.614     18  5379.227     5379.782     5471.598
357  TN+F+R2       2672.403     18  5380.806     5381.361     5473.177
376  TNe+I         2701.687     14  5431.375     5431.715     5503.219
377  TNe+G4        2701.608     14  5431.217     5431.556     5503.060
378  TNe+I+G4      2701.544     15  5433.088     5433.477     5510.064
379  TNe+R2        2702.308     15  5434.617     5435.005     5511.592
398  HKY+F+I       2678.510     16  5389.020     5389.460     5471.127
399  HKY+F+G4      2678.453     16  5388.907     5389.348     5471.014
400  HKY+F+I+G4    2678.393     17  5390.787     5391.283     5478.026
401  HKY+F+R2      2679.200     17  5392.401     5392.897     5479.640
420  K2P+I         2703.095     13  5432.190     5432.484     5498.902
421  K2P+G4        2703.031     13  5432.061     5432.355     5498.773
422  K2P+I+G4      2702.969     14  5433.938     5434.278     5505.782
423  K2P+R2        2703.801     14  5435.603     5435.943     5507.446
442  F81+F+I       2731.505     15  5493.011     5493.399     5569.986
443  F81+F+G4      2731.590     15  5493.180     5493.569     5570.156
444  F81+F+I+G4    2731.654     16  5495.309     5495.749     5577.416
445  F81+F+R2      2732.178     16  5496.357     5496.797     5578.464
464  JC+I          2759.027     12  5542.053     5542.305     5603.634
465  JC+G4         2759.087     12  5542.174     5542.426     5603.755
466  JC+I+G4       2759.142     13  5544.284     5544.579     5610.996
467  JC+R2         2759.659     13  5545.317     5545.611     5612.029
Akaike Information Criterion:           TIM2+F+G4
Corrected Akaike Information Criterion: TIM2+F+G4
Bayesian Information Criterion:         TN+F+G4
Best-fit model: TN+F+G4 chosen according to BIC

All model information printed to per_gene_alignments_codon/LOC101400668_.aln.model.gz
CPU time for ModelFinder: 0.955 seconds (0h:0m:0s)
Wall-clock time for ModelFinder: 1.924 seconds (0h:0m:1s)
Generating 1000 samples for ultrafast bootstrap (seed: 847090)...

NOTE: 0 MB RAM (0 GB) is required!
Estimate model parameters (epsilon = 0.100)
1. Initial log-likelihood: -2671.670
Optimal log-likelihood: -2671.669
Rate parameters:  A-C: 1.00000  A-G: 3.81983  A-T: 1.00000  C-G: 1.00000  C-T: 8.29583  G-T: 1.00000
Base frequencies:  A: 0.324  C: 0.232  G: 0.269  T: 0.175
Gamma shape alpha: 0.216
Parameters optimization took 1 rounds (0.001 sec)
Wrote distance file to... 
Computing ML distances based on estimated model parameters...
Calculating distance matrix: done in 0.000580072 secs using 99.64% CPU
Computing ML distances took 0.000632 sec (of wall-clock time) 0.000638 sec (of CPU time)
Setting up auxiliary I and S matrices: done in 4.3869e-05 secs using 193.8% CPU
Computing RapidNJ tree took 0.000133 sec (of wall-clock time) 0.000266 sec (of CPU time)
Log-likelihood of RapidNJ tree: -2671.669
--------------------------------------------------------------------
|             INITIALIZING CANDIDATE TREE SET                      |
--------------------------------------------------------------------
Generating 99 parsimony trees... 0.071 second
Computing log-likelihood of 37 initial trees ... 0.025 seconds
Current best score: -2671.669

Do NNI search on 20 best initial trees
Estimate model parameters (epsilon = 0.100)
BETTER TREE FOUND at iteration 1: -2671.669
Iteration 10 / LogL: -2671.669 / Time: 0h:0m:2s
Iteration 20 / LogL: -2671.670 / Time: 0h:0m:2s
Finish initializing candidate tree set (1)
Current best tree score: -2671.669 / CPU time: 0.259
Number of iterations: 20
--------------------------------------------------------------------
|               OPTIMIZING CANDIDATE TREE SET                      |
--------------------------------------------------------------------
Iteration 30 / LogL: -2671.670 / Time: 0h:0m:2s (0h:0m:1s left)
Iteration 40 / LogL: -2671.669 / Time: 0h:0m:2s (0h:0m:0s left)
UPDATE BEST LOG-LIKELIHOOD: -2671.669
Iteration 50 / LogL: -2671.670 / Time: 0h:0m:2s (0h:0m:0s left)
Log-likelihood cutoff on original alignment: -2689.319
Iteration 60 / LogL: -2671.669 / Time: 0h:0m:2s (0h:0m:0s left)
Iteration 70 / LogL: -2671.670 / Time: 0h:0m:2s (0h:0m:0s left)
Iteration 80 / LogL: -2671.671 / Time: 0h:0m:2s (0h:0m:0s left)
Iteration 90 / LogL: -2671.761 / Time: 0h:0m:3s (0h:0m:0s left)
Iteration 100 / LogL: -2671.670 / Time: 0h:0m:3s (0h:0m:0s left)
Log-likelihood cutoff on original alignment: -2688.819
NOTE: Bootstrap correlation coefficient of split occurrence frequencies: 1.000
TREE SEARCH COMPLETED AFTER 102 ITERATIONS / Time: 0h:0m:3s

--------------------------------------------------------------------
|                    FINALIZING TREE SEARCH                        |
--------------------------------------------------------------------
Performs final model parameters optimization
Estimate model parameters (epsilon = 0.010)
1. Initial log-likelihood: -2671.669
Optimal log-likelihood: -2671.669
Rate parameters:  A-C: 1.00000  A-G: 3.82730  A-T: 1.00000  C-G: 1.00000  C-T: 8.31639  G-T: 1.00000
Base frequencies:  A: 0.324  C: 0.232  G: 0.269  T: 0.175
Gamma shape alpha: 0.216
Parameters optimization took 1 rounds (0.001 sec)
BEST SCORE FOUND : -2671.669
Creating bootstrap support values...
Split supports printed to NEXUS file per_gene_alignments_codon/LOC101400668_.aln.splits.nex
Total tree length: 0.167

Total number of iterations: 102
CPU time used for tree search: 1.082 sec (0h:0m:1s)
Wall-clock time used for tree search: 1.197 sec (0h:0m:1s)
Total CPU time used: 2.112 sec (0h:0m:2s)
Total wall-clock time used: 3.194 sec (0h:0m:3s)

Computing bootstrap consensus tree...
Reading input file per_gene_alignments_codon/LOC101400668_.aln.splits.nex...
7 taxa and 18 splits.
Consensus tree written to per_gene_alignments_codon/LOC101400668_.aln.contree
Reading input trees file per_gene_alignments_codon/LOC101400668_.aln.contree
Log-likelihood of consensus tree: -2671.669

Analysis results written to: 
  IQ-TREE report:                per_gene_alignments_codon/LOC101400668_.aln.iqtree
  Maximum-likelihood tree:       per_gene_alignments_codon/LOC101400668_.aln.treefile
  Likelihood distances:          per_gene_alignments_codon/LOC101400668_.aln.mldist

Ultrafast bootstrap approximation results written to:
  Split support values:          per_gene_alignments_codon/LOC101400668_.aln.splits.nex
  Consensus tree:                per_gene_alignments_codon/LOC101400668_.aln.contree
  Screen log file:               per_gene_alignments_codon/LOC101400668_.aln.log

Date and Time: Thu Oct 30 21:34:20 2025
