IQ-TREE multicore version 2.3.3 COVID-edition for Linux x86 64-bit built Apr 25 2024
Developed by Bui Quang Minh, James Barbetti, Nguyen Lam Tung, Olga Chernomor,
Heiko Schmidt, Dominik Schrempf, Michael Woodhams, Ly Trong Nhan, Thomas Wong

Host:    morpheus-OptiPlex-5050 (AVX2, FMA3, 503 GB RAM)
Command: iqtree2 -s per_gene_alignments_codon/LOC101391837_.aln.fna -m MFP -T 1 -B 1000 --prefix per_gene_alignments_codon/LOC101391837_.aln
Seed:    674113 (Using SPRNG - Scalable Parallel Random Number Generator)
Time:    Thu Oct 30 21:28:12 2025
Kernel:  AVX+FMA - 1 threads (72 CPU cores detected)

HINT: Use -nt option to specify number of threads because your CPU has 72 cores!
HINT: -nt AUTO will automatically determine the best number of threads to use.

Reading alignment file per_gene_alignments_codon/LOC101391837_.aln.fna ... Fasta format detected
Reading fasta file: done in 0.000305176 secs using 49.81% CPU
Alignment most likely contains DNA/RNA sequences
Alignment has 7 sequences with 936 columns, 224 distinct patterns
207 parsimony-informative, 545 singleton sites, 184 constant sites
                     Gap/Ambiguity  Composition  p-value
Analyzing sequences: done in 1.78814e-05 secs using 50.33% CPU
   1  Ceratotherium_simum    0.00%    passed     99.93%
   2  Diceros_bicornis       0.00%    passed     90.08%
   3  Equus_asinus           0.00%    passed     99.23%
   4  Equus_quagga           0.00%    passed     97.91%
   5  Equus_caballus         1.60%    passed     98.58%
   6  Canis_lupus            0.96%    passed     86.09%
   7  Bos_taurus             0.00%    passed     78.78%
****  TOTAL                  0.37%  0 sequences failed composition chi2 test (p-value<5%; df=3)


Create initial parsimony tree by phylogenetic likelihood library (PLL)... 0.000 seconds
Perform fast likelihood tree search using GTR+I+G model...
Estimate model parameters (epsilon = 5.000)
Perform nearest neighbor interchange...
Estimate model parameters (epsilon = 1.000)
1. Initial log-likelihood: -4646.654
Optimal log-likelihood: -4646.159
Rate parameters:  A-C: 1.26572  A-G: 6.38907  A-T: 0.51570  C-G: 0.96569  C-T: 2.64860  G-T: 1.00000
Base frequencies:  A: 0.183  C: 0.362  G: 0.211  T: 0.244
Proportion of invariable sites: 0.090
Gamma shape alpha: 1.758
Parameters optimization took 1 rounds (0.004 sec)
Time for fast ML tree search: 0.094 seconds

NOTE: ModelFinder requires 1 MB RAM!
ModelFinder will test up to 484 DNA models (sample size: 936) ...
 No. Model         -LnL         df  AIC          AICc         BIC
  1  GTR+F         4657.460     19  9352.921     9353.750     9444.911
  2  GTR+F+I       4646.052     20  9332.104     9333.022     9428.936
  3  GTR+F+G4      4647.970     20  9335.940     9336.858     9432.772
  4  GTR+F+I+G4    4645.113     21  9332.226     9333.237     9433.900
  5  GTR+F+R2      4646.494     21  9334.988     9335.999     9436.662
  6  GTR+F+R3      4645.542     23  9337.083     9338.294     9448.441
 14  GTR+F+I+R2    4645.070     22  9334.141     9335.249     9440.656
 15  GTR+F+I+R3    4645.063     24  9338.126     9339.444     9454.325
 24  SYM+I         4712.242     17  9458.484     9459.151     9540.791
 25  SYM+G4        4714.178     17  9462.356     9463.023     9544.664
 26  SYM+I+G4      4712.043     18  9460.086     9460.832     9547.235
 27  SYM+R2        4713.309     18  9462.618     9463.364     9549.767
 46  TVM+F+I       4659.010     19  9356.020     9356.850     9448.011
 47  TVM+F+G4      4659.743     19  9357.485     9358.315     9449.476
 48  TVM+F+I+G4    4657.065     20  9354.130     9355.048     9450.962
 49  TVM+F+R2      4657.472     20  9354.945     9355.863     9451.777
 68  TVMe+I        4715.477     16  9462.955     9463.547     9540.421
 69  TVMe+G4       4716.299     16  9464.597     9465.189     9542.063
 70  TVMe+I+G4     4714.662     17  9463.323     9463.990     9545.631
 71  TVMe+R2       4715.062     17  9464.124     9464.791     9546.431
 90  TIM3+F+I      4646.339     18  9328.678     9329.424     9415.827
 91  TIM3+F+G4     4648.340     18  9332.679     9333.425     9419.828
 92  TIM3+F+I+G4   4645.754     19  9329.508     9330.338     9421.499
 93  TIM3+F+R2     4647.118     19  9332.237     9333.066     9424.227
112  TIM3e+I       4712.645     15  9455.289     9455.811     9527.914
113  TIM3e+G4      4714.556     15  9459.112     9459.634     9531.737
114  TIM3e+I+G4    4712.478     16  9456.956     9457.547     9534.421
115  TIM3e+R2      4713.650     16  9459.299     9459.891     9536.765
134  TIM2+F+I      4647.485     18  9330.969     9331.715     9418.118
135  TIM2+F+G4     4649.528     18  9335.056     9335.802     9422.205
136  TIM2+F+I+G4   4646.822     19  9331.644     9332.474     9423.635
137  TIM2+F+R2     4648.236     19  9334.472     9335.302     9426.463
156  TIM2e+I       4714.297     15  9458.594     9459.115     9531.218
157  TIM2e+G4      4716.467     15  9462.934     9463.456     9535.559
158  TIM2e+I+G4    4714.159     16  9460.317     9460.909     9537.783
159  TIM2e+R2      4715.734     16  9463.468     9464.060     9540.934
178  TIM+F+I       4647.356     18  9330.712     9331.458     9417.861
179  TIM+F+G4      4649.338     18  9334.677     9335.423     9421.826
180  TIM+F+I+G4    4646.471     19  9330.942     9331.771     9422.932
181  TIM+F+R2      4648.014     19  9334.028     9334.857     9426.018
200  TIMe+I        4714.657     15  9459.314     9459.835     9531.938
201  TIMe+G4       4716.904     15  9463.809     9464.331     9536.433
202  TIMe+I+G4     4714.552     16  9461.104     9461.696     9538.569
203  TIMe+R2       4716.172     16  9464.344     9464.936     9541.809
222  TPM3u+F+I     4659.347     17  9352.693     9353.360     9435.001
223  TPM3u+F+G4    4660.164     17  9354.329     9354.995     9436.636
224  TPM3u+F+I+G4  4657.843     18  9351.686     9352.432     9438.835
225  TPM3u+F+R2    4658.084     18  9352.167     9352.913     9439.316
244  TPM3+I        4715.874     14  9459.748     9460.204     9527.531
245  TPM3+G4       4716.765     14  9461.530     9461.986     9529.313
246  TPM3+I+G4     4715.081     15  9460.163     9460.684     9532.787
247  TPM3+R2       4715.624     15  9461.249     9461.771     9533.873
266  TPM2u+F+I     4660.444     17  9354.888     9355.555     9437.196
267  TPM2u+F+G4    4661.462     17  9356.923     9357.590     9439.231
268  TPM2u+F+I+G4  4658.893     18  9353.786     9354.532     9440.935
269  TPM2u+F+R2    4659.185     18  9354.370     9355.116     9441.519
288  TPM2+I        4717.430     14  9462.860     9463.316     9530.642
289  TPM2+G4       4718.671     14  9465.342     9465.798     9533.125
290  TPM2+I+G4     4716.850     15  9463.700     9464.222     9536.325
291  TPM2+R2       4717.721     15  9465.442     9465.964     9538.067
310  K3Pu+F+I      4660.324     17  9354.647     9355.314     9436.955
311  K3Pu+F+G4     4661.250     17  9356.501     9357.167     9438.808
312  K3Pu+F+I+G4   4658.443     18  9352.886     9353.632     9440.035
313  K3Pu+F+R2     4658.864     18  9353.729     9354.475     9440.878
332  K3P+I         4717.826     14  9463.652     9464.108     9531.435
333  K3P+G4        4719.042     14  9466.083     9466.539     9533.866
334  K3P+I+G4      4717.232     15  9464.465     9464.987     9537.089
335  K3P+R2        4718.087     15  9466.174     9466.696     9538.798
354  TN+F+I        4647.496     17  9328.993     9329.659     9411.300
355  TN+F+G4       4649.507     17  9333.014     9333.681     9415.322
356  TN+F+I+G4     4646.792     18  9329.584     9330.330     9416.733
357  TN+F+R2       4648.241     18  9332.482     9333.228     9419.631
376  TNe+I         4714.663     14  9457.325     9457.781     9525.108
377  TNe+G4        4716.796     14  9461.592     9462.048     9529.374
378  TNe+I+G4      4714.559     15  9459.118     9459.640     9531.742
379  TNe+R2        4716.164     15  9462.329     9462.851     9534.953
398  HKY+F+I       4660.451     16  9352.901     9353.493     9430.367
399  HKY+F+G4      4661.450     16  9354.899     9355.491     9432.365
400  HKY+F+I+G4    4658.871     17  9351.742     9352.408     9434.049
401  HKY+F+R2      4659.084     17  9352.168     9352.835     9434.475
420  K2P+I         4717.824     13  9461.647     9462.042     9524.588
421  K2P+G4        4719.015     13  9464.030     9464.425     9526.971
422  K2P+I+G4      4717.196     14  9462.393     9462.849     9530.176
423  K2P+R2        4718.083     14  9464.166     9464.622     9531.949
442  F81+F+I       4707.116     15  9444.232     9444.753     9516.856
443  F81+F+G4      4708.967     15  9447.933     9448.455     9520.557
444  F81+F+I+G4    4707.160     16  9446.320     9446.912     9523.786
445  F81+F+R2      4708.853     16  9449.706     9450.298     9527.172
464  JC+I          4770.888     12  9565.775     9566.113     9623.874
465  JC+G4         4772.912     12  9569.824     9570.162     9627.923
466  JC+I+G4       4770.970     13  9567.940     9568.335     9630.881
467  JC+R2         4772.842     13  9571.685     9572.080     9634.626
Akaike Information Criterion:           TIM3+F+I
Corrected Akaike Information Criterion: TIM3+F+I
Bayesian Information Criterion:         TN+F+I
Best-fit model: TN+F+I chosen according to BIC

All model information printed to per_gene_alignments_codon/LOC101391837_.aln.model.gz
CPU time for ModelFinder: 2.052 seconds (0h:0m:2s)
Wall-clock time for ModelFinder: 2.355 seconds (0h:0m:2s)
Generating 1000 samples for ultrafast bootstrap (seed: 674113)...

NOTE: 0 MB RAM (0 GB) is required!
Estimate model parameters (epsilon = 0.100)
1. Initial log-likelihood: -4647.496
Optimal log-likelihood: -4647.459
Rate parameters:  A-C: 1.00000  A-G: 4.97293  A-T: 1.00000  C-G: 1.00000  C-T: 2.08739  G-T: 1.00000
Base frequencies:  A: 0.183  C: 0.362  G: 0.211  T: 0.244
Proportion of invariable sites: 0.092
Parameters optimization took 1 rounds (0.001 sec)
Wrote distance file to... 
Computing ML distances based on estimated model parameters...
Calculating distance matrix: done in 0.00020504 secs using 99.49% CPU
Computing ML distances took 0.000268 sec (of wall-clock time) 0.000273 sec (of CPU time)
Setting up auxiliary I and S matrices: done in 4.19617e-05 secs using 97.71% CPU
Computing RapidNJ tree took 0.000126 sec (of wall-clock time) 0.000125 sec (of CPU time)
Log-likelihood of RapidNJ tree: -4695.513
--------------------------------------------------------------------
|             INITIALIZING CANDIDATE TREE SET                      |
--------------------------------------------------------------------
Generating 98 parsimony trees... 0.079 second
Computing log-likelihood of 36 initial trees ... 0.016 seconds
Current best score: -4647.459

Do NNI search on 20 best initial trees
Estimate model parameters (epsilon = 0.100)
BETTER TREE FOUND at iteration 1: -4647.437
WARNING: NNI search needs unusual large number of steps (7) to converge!
WARNING: NNI search needs unusual large number of steps (7) to converge!
Iteration 10 / LogL: -4648.203 / Time: 0h:0m:2s
WARNING: NNI search needs unusual large number of steps (7) to converge!
Iteration 20 / LogL: -4648.062 / Time: 0h:0m:2s
Finish initializing candidate tree set (2)
Current best tree score: -4647.437 / CPU time: 0.237
Number of iterations: 20
--------------------------------------------------------------------
|               OPTIMIZING CANDIDATE TREE SET                      |
--------------------------------------------------------------------
WARNING: NNI search needs unusual large number of steps (7) to converge!
Estimate model parameters (epsilon = 0.100)
UPDATE BEST LOG-LIKELIHOOD: -4647.419
Iteration 30 / LogL: -4648.741 / Time: 0h:0m:2s (0h:0m:0s left)
Iteration 40 / LogL: -4650.290 / Time: 0h:0m:2s (0h:0m:0s left)
UPDATE BEST LOG-LIKELIHOOD: -4647.412
UPDATE BEST LOG-LIKELIHOOD: -4647.410
Iteration 50 / LogL: -4650.342 / Time: 0h:0m:2s (0h:0m:0s left)
Log-likelihood cutoff on original alignment: -4660.343
Iteration 60 / LogL: -4648.737 / Time: 0h:0m:3s (0h:0m:0s left)
Iteration 70 / LogL: -4650.020 / Time: 0h:0m:3s (0h:0m:0s left)
Iteration 80 / LogL: -4647.410 / Time: 0h:0m:3s (0h:0m:0s left)
UPDATE BEST LOG-LIKELIHOOD: -4647.410
WARNING: NNI search needs unusual large number of steps (7) to converge!
Iteration 90 / LogL: -4647.571 / Time: 0h:0m:3s (0h:0m:0s left)
UPDATE BEST LOG-LIKELIHOOD: -4647.410
Iteration 100 / LogL: -4647.410 / Time: 0h:0m:3s (0h:0m:0s left)
Log-likelihood cutoff on original alignment: -4660.343
NOTE: Bootstrap correlation coefficient of split occurrence frequencies: 0.999
TREE SEARCH COMPLETED AFTER 102 ITERATIONS / Time: 0h:0m:3s

--------------------------------------------------------------------
|                    FINALIZING TREE SEARCH                        |
--------------------------------------------------------------------
Performs final model parameters optimization
Estimate model parameters (epsilon = 0.010)
1. Initial log-likelihood: -4647.410
Optimal log-likelihood: -4647.409
Rate parameters:  A-C: 1.00000  A-G: 4.94960  A-T: 1.00000  C-G: 1.00000  C-T: 2.07883  G-T: 1.00000
Base frequencies:  A: 0.183  C: 0.362  G: 0.211  T: 0.244
Proportion of invariable sites: 0.092
Parameters optimization took 1 rounds (0.001 sec)
BEST SCORE FOUND : -4647.409
Creating bootstrap support values...
Split supports printed to NEXUS file per_gene_alignments_codon/LOC101391837_.aln.splits.nex
Total tree length: 3.445

Total number of iterations: 102
CPU time used for tree search: 1.156 sec (0h:0m:1s)
Wall-clock time used for tree search: 1.099 sec (0h:0m:1s)
Total CPU time used: 3.296 sec (0h:0m:3s)
Total wall-clock time used: 3.542 sec (0h:0m:3s)

Computing bootstrap consensus tree...
Reading input file per_gene_alignments_codon/LOC101391837_.aln.splits.nex...
7 taxa and 26 splits.
Consensus tree written to per_gene_alignments_codon/LOC101391837_.aln.contree
Reading input trees file per_gene_alignments_codon/LOC101391837_.aln.contree
Log-likelihood of consensus tree: -4647.412

Analysis results written to: 
  IQ-TREE report:                per_gene_alignments_codon/LOC101391837_.aln.iqtree
  Maximum-likelihood tree:       per_gene_alignments_codon/LOC101391837_.aln.treefile
  Likelihood distances:          per_gene_alignments_codon/LOC101391837_.aln.mldist

Ultrafast bootstrap approximation results written to:
  Split support values:          per_gene_alignments_codon/LOC101391837_.aln.splits.nex
  Consensus tree:                per_gene_alignments_codon/LOC101391837_.aln.contree
  Screen log file:               per_gene_alignments_codon/LOC101391837_.aln.log

Date and Time: Thu Oct 30 21:28:16 2025
