IQ-TREE multicore version 2.3.3 COVID-edition for Linux x86 64-bit built Apr 25 2024
Developed by Bui Quang Minh, James Barbetti, Nguyen Lam Tung, Olga Chernomor,
Heiko Schmidt, Dominik Schrempf, Michael Woodhams, Ly Trong Nhan, Thomas Wong

Host:    morpheus-OptiPlex-5050 (AVX2, FMA3, 503 GB RAM)
Command: iqtree2 -s per_gene_alignments_codon/LOC101403067_.aln.fna -m MFP -T 1 -B 1000 --prefix per_gene_alignments_codon/LOC101403067_.aln
Seed:    96451 (Using SPRNG - Scalable Parallel Random Number Generator)
Time:    Thu Oct 30 21:35:55 2025
Kernel:  AVX+FMA - 1 threads (72 CPU cores detected)

HINT: Use -nt option to specify number of threads because your CPU has 72 cores!
HINT: -nt AUTO will automatically determine the best number of threads to use.

Reading alignment file per_gene_alignments_codon/LOC101403067_.aln.fna ... Fasta format detected
Reading fasta file: done in 0.000295162 secs using 99.27% CPU
Alignment most likely contains DNA/RNA sequences
Alignment has 7 sequences with 876 columns, 102 distinct patterns
95 parsimony-informative, 146 singleton sites, 635 constant sites
                     Gap/Ambiguity  Composition  p-value
Analyzing sequences: done in 1.71661e-05 secs using 93.21% CPU
   1  Ceratotherium_simum    0.34%    passed     87.52%
   2  Diceros_bicornis       0.34%    passed     97.32%
   3  Equus_asinus           0.00%    passed     97.42%
   4  Equus_quagga           0.00%    passed     93.49%
   5  Equus_caballus         0.00%    passed     95.95%
   6  Canis_lupus            3.08%    passed     97.76%
   7  Bos_taurus             1.37%    passed     82.02%
****  TOTAL                  0.73%  0 sequences failed composition chi2 test (p-value<5%; df=3)


Create initial parsimony tree by phylogenetic likelihood library (PLL)... 0.000 seconds
Perform fast likelihood tree search using GTR+I+G model...
Estimate model parameters (epsilon = 5.000)
Perform nearest neighbor interchange...
Estimate model parameters (epsilon = 1.000)
1. Initial log-likelihood: -2446.667
Optimal log-likelihood: -2446.612
Rate parameters:  A-C: 0.91318  A-G: 2.99957  A-T: 0.79099  C-G: 1.03114  C-T: 6.85195  G-T: 1.00000
Base frequencies:  A: 0.266  C: 0.264  G: 0.352  T: 0.118
Proportion of invariable sites: 0.353
Gamma shape alpha: 998.365
Parameters optimization took 1 rounds (0.003 sec)
Time for fast ML tree search: 0.027 seconds

NOTE: ModelFinder requires 0 MB RAM!
ModelFinder will test up to 484 DNA models (sample size: 876) ...
 No. Model         -LnL         df  AIC          AICc         BIC
  1  GTR+F         2447.432     19  4932.863     4933.751     5023.595
  2  GTR+F+I       2445.985     20  4931.970     4932.952     5027.477
  3  GTR+F+G4      2445.478     20  4930.957     4931.939     5026.464
  4  GTR+F+I+G4    2446.524     21  4935.048     4936.130     5035.330
  5  GTR+F+R2      2445.729     21  4933.457     4934.539     5033.740
  6  GTR+F+R3      2445.618     23  4937.236     4938.532     5047.070
 14  GTR+F+I+R2    2446.196     22  4936.392     4937.579     5041.450
 15  GTR+F+I+R3    2446.072     24  4940.145     4941.555     5054.754
 23  SYM           2506.009     16  5044.019     5044.652     5120.425
 24  SYM+I         2505.552     17  5045.104     5045.818     5126.285
 25  SYM+G4        2505.132     17  5044.263     5044.977     5125.444
 45  TVM+F         2458.890     18  4953.781     4954.579     5039.737
 46  TVM+F+I       2456.857     19  4951.714     4952.602     5042.446
 47  TVM+F+G4      2456.315     19  4950.630     4951.518     5041.362
 67  TVMe          2506.357     15  5042.713     5043.271     5114.344
 68  TVMe+I        2505.831     16  5043.662     5044.296     5120.068
 69  TVMe+G4       2505.403     16  5042.806     5043.440     5119.212
 89  TIM3+F        2447.756     17  4929.512     4930.225     5010.693
 90  TIM3+F+I      2446.265     18  4928.531     4929.329     5014.487
 91  TIM3+F+G4     2445.752     18  4927.503     4928.301     5013.460
111  TIM3e         2506.869     14  5041.739     5042.227     5108.594
112  TIM3e+I       2506.393     15  5042.786     5043.344     5114.416
113  TIM3e+G4      2505.962     15  5041.924     5042.482     5113.554
133  TIM2+F        2447.654     17  4929.308     4930.021     5010.489
134  TIM2+F+I      2446.092     18  4928.185     4928.983     5014.141
135  TIM2+F+G4     2445.588     18  4927.176     4927.974     5013.133
155  TIM2e         2510.749     14  5049.497     5049.985     5116.352
156  TIM2e+I       2510.182     15  5050.365     5050.923     5121.995
157  TIM2e+G4      2509.730     15  5049.459     5050.017     5121.090
177  TIM+F         2447.931     17  4929.862     4930.575     5011.043
178  TIM+F+I       2446.334     18  4928.668     4929.466     5014.625
179  TIM+F+G4      2445.817     18  4927.634     4928.432     5013.590
199  TIMe          2511.200     14  5050.401     5050.889     5117.256
200  TIMe+I        2510.617     15  5051.234     5051.792     5122.864
201  TIMe+G4       2510.167     15  5050.334     5050.893     5121.965
221  TPM3u+F       2459.233     16  4950.465     4951.099     5026.871
222  TPM3u+F+I     2457.119     17  4948.237     4948.951     5029.419
223  TPM3u+F+G4    2456.565     17  4947.131     4947.844     5028.312
243  TPM3          2507.214     13  5040.428     5040.850     5102.508
244  TPM3+I        2506.671     14  5041.343     5041.831     5108.198
245  TPM3+G4       2506.228     14  5040.456     5040.944     5107.312
265  TPM2u+F       2459.118     16  4950.236     4950.869     5026.642
266  TPM2u+F+I     2456.989     17  4947.978     4948.691     5029.159
267  TPM2u+F+G4    2456.442     17  4946.884     4947.597     5028.065
287  TPM2          2511.109     13  5048.219     5048.641     5110.299
288  TPM2+I        2510.457     14  5048.915     5049.403     5115.770
289  TPM2+G4       2509.995     14  5047.989     5048.477     5114.844
309  K3Pu+F        2459.404     16  4950.807     4951.441     5027.213
310  K3Pu+F+I      2457.210     17  4948.419     4949.133     5029.601
311  K3Pu+F+G4     2456.657     17  4947.314     4948.027     5028.495
331  K3P           2511.559     13  5049.119     5049.541     5111.199
332  K3P+I         2510.890     14  5049.780     5050.268     5116.635
333  K3P+G4        2510.429     14  5048.858     5049.346     5115.713
353  TN+F          2447.964     16  4927.928     4928.561     5004.334
354  TN+F+I        2446.349     17  4926.698     4927.411     5007.879
355  TN+F+G4       2445.833     17  4925.666     4926.379     5006.847
375  TNe           2511.536     13  5049.073     5049.495     5111.153
376  TNe+I         2510.949     14  5049.898     5050.386     5116.753
377  TNe+G4        2510.486     14  5048.973     5049.461     5115.828
397  HKY+F         2459.442     15  4948.883     4949.441     5020.514
398  HKY+F+I       2457.232     16  4946.464     4947.097     5022.870
399  HKY+F+G4      2456.674     16  4945.348     4945.982     5021.754
419  K2P           2511.898     12  5047.795     5048.157     5105.100
420  K2P+I         2511.225     13  5048.449     5048.872     5110.529
421  K2P+G4        2510.750     13  5047.500     5047.923     5109.580
441  F81+F         2512.429     14  5052.857     5053.345     5119.712
442  F81+F+I       2512.104     15  5054.208     5054.766     5125.838
443  F81+F+G4      2511.733     15  5053.465     5054.024     5125.096
463  JC            2569.362     11  5160.723     5161.029     5213.252
464  JC+I          2569.199     12  5162.399     5162.760     5219.703
465  JC+G4         2568.890     12  5161.780     5162.141     5219.084
Akaike Information Criterion:           TN+F+G4
Corrected Akaike Information Criterion: TN+F+G4
Bayesian Information Criterion:         TN+F
Best-fit model: TN+F chosen according to BIC

All model information printed to per_gene_alignments_codon/LOC101403067_.aln.model.gz
CPU time for ModelFinder: 0.399 seconds (0h:0m:0s)
Wall-clock time for ModelFinder: 0.882 seconds (0h:0m:0s)
Generating 1000 samples for ultrafast bootstrap (seed: 96451)...

NOTE: 0 MB RAM (0 GB) is required!
Estimate model parameters (epsilon = 0.100)
1. Initial log-likelihood: -2447.964
Optimal log-likelihood: -2447.964
Rate parameters:  A-C: 1.00000  A-G: 2.94073  A-T: 1.00000  C-G: 1.00000  C-T: 6.46104  G-T: 1.00000
Base frequencies:  A: 0.266  C: 0.264  G: 0.352  T: 0.118
Parameters optimization took 1 rounds (0.000 sec)
Wrote distance file to... 
Computing ML distances based on estimated model parameters...
Calculating distance matrix: done in 0.000202894 secs using 99.56% CPU
Computing ML distances took 0.000248 sec (of wall-clock time) 0.000252 sec (of CPU time)
Setting up auxiliary I and S matrices: done in 4.79221e-05 secs using 198.2% CPU
Computing RapidNJ tree took 0.000139 sec (of wall-clock time) 0.000277 sec (of CPU time)
Log-likelihood of RapidNJ tree: -2447.964
--------------------------------------------------------------------
|             INITIALIZING CANDIDATE TREE SET                      |
--------------------------------------------------------------------
Generating 99 parsimony trees... 0.073 second
Computing log-likelihood of 39 initial trees ... 0.019 seconds
Current best score: -2447.964

Do NNI search on 20 best initial trees
Estimate model parameters (epsilon = 0.100)
BETTER TREE FOUND at iteration 1: -2447.964
Iteration 10 / LogL: -2447.964 / Time: 0h:0m:1s
Iteration 20 / LogL: -2447.964 / Time: 0h:0m:1s
Finish initializing candidate tree set (1)
Current best tree score: -2447.964 / CPU time: 0.280
Number of iterations: 20
--------------------------------------------------------------------
|               OPTIMIZING CANDIDATE TREE SET                      |
--------------------------------------------------------------------
Iteration 30 / LogL: -2447.964 / Time: 0h:0m:1s (0h:0m:1s left)
Iteration 40 / LogL: -2447.980 / Time: 0h:0m:1s (0h:0m:1s left)
Iteration 50 / LogL: -2447.964 / Time: 0h:0m:1s (0h:0m:0s left)
Log-likelihood cutoff on original alignment: -2470.463
Iteration 60 / LogL: -2447.980 / Time: 0h:0m:2s (0h:0m:0s left)
Iteration 70 / LogL: -2447.964 / Time: 0h:0m:2s (0h:0m:0s left)
Iteration 80 / LogL: -2447.964 / Time: 0h:0m:2s (0h:0m:0s left)
Iteration 90 / LogL: -2448.043 / Time: 0h:0m:2s (0h:0m:0s left)
Iteration 100 / LogL: -2447.983 / Time: 0h:0m:2s (0h:0m:0s left)
Log-likelihood cutoff on original alignment: -2470.461
NOTE: Bootstrap correlation coefficient of split occurrence frequencies: 1.000
TREE SEARCH COMPLETED AFTER 102 ITERATIONS / Time: 0h:0m:3s

--------------------------------------------------------------------
|                    FINALIZING TREE SEARCH                        |
--------------------------------------------------------------------
Performs final model parameters optimization
Estimate model parameters (epsilon = 0.010)
1. Initial log-likelihood: -2447.964
Optimal log-likelihood: -2447.964
Rate parameters:  A-C: 1.00000  A-G: 2.94093  A-T: 1.00000  C-G: 1.00000  C-T: 6.46101  G-T: 1.00000
Base frequencies:  A: 0.266  C: 0.264  G: 0.352  T: 0.118
Parameters optimization took 1 rounds (0.001 sec)
BEST SCORE FOUND : -2447.964
Creating bootstrap support values...
Split supports printed to NEXUS file per_gene_alignments_codon/LOC101403067_.aln.splits.nex
Total tree length: 0.343

Total number of iterations: 102
CPU time used for tree search: 0.925 sec (0h:0m:0s)
Wall-clock time used for tree search: 2.120 sec (0h:0m:2s)
Total CPU time used: 1.384 sec (0h:0m:1s)
Total wall-clock time used: 3.127 sec (0h:0m:3s)

Computing bootstrap consensus tree...
Reading input file per_gene_alignments_codon/LOC101403067_.aln.splits.nex...
7 taxa and 15 splits.
Consensus tree written to per_gene_alignments_codon/LOC101403067_.aln.contree
Reading input trees file per_gene_alignments_codon/LOC101403067_.aln.contree
Log-likelihood of consensus tree: -2447.964

Analysis results written to: 
  IQ-TREE report:                per_gene_alignments_codon/LOC101403067_.aln.iqtree
  Maximum-likelihood tree:       per_gene_alignments_codon/LOC101403067_.aln.treefile
  Likelihood distances:          per_gene_alignments_codon/LOC101403067_.aln.mldist

Ultrafast bootstrap approximation results written to:
  Split support values:          per_gene_alignments_codon/LOC101403067_.aln.splits.nex
  Consensus tree:                per_gene_alignments_codon/LOC101403067_.aln.contree
  Screen log file:               per_gene_alignments_codon/LOC101403067_.aln.log

Date and Time: Thu Oct 30 21:35:58 2025
