IQ-TREE multicore version 2.3.3 COVID-edition for Linux x86 64-bit built Apr 25 2024
Developed by Bui Quang Minh, James Barbetti, Nguyen Lam Tung, Olga Chernomor,
Heiko Schmidt, Dominik Schrempf, Michael Woodhams, Ly Trong Nhan, Thomas Wong

Host:    morpheus-OptiPlex-5050 (AVX2, FMA3, 503 GB RAM)
Command: iqtree2 -s per_gene_alignments_codon/LOC101400622_.aln.fna -m MFP -T 1 -B 1000 --prefix per_gene_alignments_codon/LOC101400622_.aln
Seed:    299932 (Using SPRNG - Scalable Parallel Random Number Generator)
Time:    Thu Oct 30 21:34:14 2025
Kernel:  AVX+FMA - 1 threads (72 CPU cores detected)

HINT: Use -nt option to specify number of threads because your CPU has 72 cores!
HINT: -nt AUTO will automatically determine the best number of threads to use.

Reading alignment file per_gene_alignments_codon/LOC101400622_.aln.fna ... Fasta format detected
Reading fasta file: done in 0.00167513 secs using 74.92% CPU
Alignment most likely contains DNA/RNA sequences
Alignment has 7 sequences with 6099 columns, 191 distinct patterns
489 parsimony-informative, 765 singleton sites, 4845 constant sites
                     Gap/Ambiguity  Composition  p-value
Analyzing sequences: done in 2.7895e-05 secs using 93.21% CPU
   1  Ceratotherium_simum    0.00%    passed     90.30%
   2  Diceros_bicornis       0.00%    passed     82.39%
   3  Equus_asinus           0.00%    passed     92.56%
   4  Equus_quagga           0.00%    passed     92.46%
   5  Equus_caballus         0.00%    passed     96.74%
   6  Canis_lupus            0.25%    passed     52.78%
   7  Bos_taurus             0.00%    passed     24.24%
****  TOTAL                  0.04%  0 sequences failed composition chi2 test (p-value<5%; df=3)


Create initial parsimony tree by phylogenetic likelihood library (PLL)... 0.000 seconds
Perform fast likelihood tree search using GTR+I+G model...
Estimate model parameters (epsilon = 5.000)
Perform nearest neighbor interchange...
Estimate model parameters (epsilon = 1.000)
1. Initial log-likelihood: -15119.372
Optimal log-likelihood: -15119.314
Rate parameters:  A-C: 1.70514  A-G: 5.26846  A-T: 0.51808  C-G: 1.15479  C-T: 8.35594  G-T: 1.00000
Base frequencies:  A: 0.232  C: 0.294  G: 0.348  T: 0.126
Proportion of invariable sites: 0.394
Gamma shape alpha: 1.372
Parameters optimization took 1 rounds (0.020 sec)
Time for fast ML tree search: 0.064 seconds

NOTE: ModelFinder requires 1 MB RAM!
ModelFinder will test up to 484 DNA models (sample size: 6099) ...
 No. Model         -LnL         df  AIC          AICc         BIC
  1  GTR+F         15195.639    19  30429.277    30429.402    30556.879
  2  GTR+F+I       15117.469    20  30274.939    30275.077    30409.256
  3  GTR+F+G4      15119.151    20  30278.302    30278.440    30412.620
  4  GTR+F+I+G4    15119.346    21  30280.692    30280.844    30421.725
  5  GTR+F+R2      15117.818    21  30277.637    30277.789    30418.670
  6  GTR+F+R3      15117.850    23  30281.700    30281.882    30436.165
 14  GTR+F+I+R2    15118.551    22  30281.103    30281.269    30428.852
 15  GTR+F+I+R3    15118.826    24  30285.652    30285.850    30446.833
 24  SYM+I         15537.163    17  31108.327    31108.427    31222.497
 25  SYM+G4        15536.878    17  31107.756    31107.856    31221.926
 27  SYM+R2        15537.277    18  31110.553    31110.666    31231.439
 46  TVM+F+I       15133.900    19  30305.800    30305.925    30433.402
 47  TVM+F+G4      15134.831    19  30307.662    30307.787    30435.264
 49  TVM+F+R2      15134.201    20  30308.403    30308.541    30442.721
 68  TVMe+I        15537.684    16  31107.368    31107.457    31214.822
 69  TVMe+G4       15537.460    16  31106.920    31107.010    31214.374
 71  TVMe+R2       15537.814    17  31109.628    31109.728    31223.798
 90  TIM3+F+I      15123.277    18  30282.554    30282.667    30403.440
 91  TIM3+F+G4     15124.860    18  30285.720    30285.833    30406.606
 93  TIM3+F+R2     15123.644    19  30285.288    30285.413    30412.890
112  TIM3e+I       15540.309    15  31110.619    31110.697    31211.357
113  TIM3e+G4      15540.137    15  31110.274    31110.353    31211.012
115  TIM3e+R2      15540.481    16  31112.962    31113.051    31220.416
134  TIM2+F+I      15127.615    18  30291.229    30291.342    30412.115
135  TIM2+F+G4     15129.585    18  30295.170    30295.282    30416.056
137  TIM2+F+R2     15128.014    19  30294.028    30294.153    30421.629
156  TIM2e+I       15584.495    15  31198.989    31199.068    31299.728
157  TIM2e+G4      15584.864    15  31199.727    31199.806    31300.465
159  TIM2e+R2      15584.743    16  31201.487    31201.576    31308.941
178  TIM+F+I       15126.018    18  30288.035    30288.148    30408.921
179  TIM+F+G4      15128.054    18  30292.107    30292.220    30412.993
181  TIM+F+R2      15126.406    19  30290.812    30290.937    30418.414
200  TIMe+I        15584.604    15  31199.207    31199.286    31299.945
201  TIMe+G4       15584.996    15  31199.992    31200.071    31300.730
203  TIMe+R2       15584.858    16  31201.717    31201.806    31309.171
222  TPM3u+F+I     15139.782    17  30313.564    30313.665    30427.734
223  TPM3u+F+G4    15140.649    17  30315.297    30315.398    30429.467
225  TPM3u+F+R2    15140.136    18  30316.273    30316.385    30437.158
244  TPM3+I        15540.923    14  31109.846    31109.915    31203.869
245  TPM3+G4       15540.729    14  31109.458    31109.527    31203.481
247  TPM3+R2       15541.071    15  31112.143    31112.222    31212.881
266  TPM2u+F+I     15144.607    17  30323.213    30323.314    30437.383
267  TPM2u+F+G4    15145.776    17  30325.552    30325.653    30439.722
269  TPM2u+F+R2    15144.903    18  30325.805    30325.918    30446.691
288  TPM2+I        15585.260    14  31198.520    31198.589    31292.542
289  TPM2+G4       15585.697    14  31199.395    31199.464    31293.417
291  TPM2+R2       15585.534    15  31201.068    31201.147    31301.807
310  K3Pu+F+I      15143.386    17  30320.772    30320.873    30434.942
311  K3Pu+F+G4     15144.556    17  30323.112    30323.213    30437.282
313  K3Pu+F+R2     15143.672    18  30323.345    30323.457    30444.231
332  K3P+I         15585.374    14  31198.749    31198.818    31292.771
333  K3P+G4        15585.829    14  31199.659    31199.728    31293.681
335  K3P+R2        15585.650    15  31201.301    31201.380    31302.039
354  TN+F+I        15129.219    17  30292.439    30292.540    30406.609
355  TN+F+G4       15131.174    17  30296.348    30296.449    30410.518
357  TN+F+R2       15129.603    18  30295.207    30295.319    30416.092
376  TNe+I         15584.599    14  31197.198    31197.267    31291.220
377  TNe+G4        15584.996    14  31197.991    31198.060    31292.014
379  TNe+R2        15584.848    15  31199.697    31199.776    31300.435
398  HKY+F+I       15146.422    16  30324.844    30324.933    30432.298
399  HKY+F+G4      15147.567    16  30327.135    30327.224    30434.589
401  HKY+F+R2      15146.704    17  30327.408    30327.508    30441.578
420  K2P+I         15585.373    13  31196.746    31196.806    31284.053
421  K2P+G4        15585.827    13  31197.655    31197.714    31284.961
423  K2P+R2        15585.648    14  31199.295    31199.364    31293.318
442  F81+F+I       15532.370    15  31094.740    31094.819    31195.479
443  F81+F+G4      15533.104    15  31096.208    31096.287    31196.946
445  F81+F+R2      15532.750    16  31097.500    31097.590    31204.954
464  JC+I          15930.660    12  31885.321    31885.372    31965.912
465  JC+G4         15931.289    12  31886.577    31886.629    31967.168
467  JC+R2         15931.087    13  31888.175    31888.235    31975.481
Akaike Information Criterion:           GTR+F+I
Corrected Akaike Information Criterion: GTR+F+I
Bayesian Information Criterion:         TIM3+F+I
Best-fit model: TIM3+F+I chosen according to BIC

All model information printed to per_gene_alignments_codon/LOC101400622_.aln.model.gz
CPU time for ModelFinder: 1.693 seconds (0h:0m:1s)
Wall-clock time for ModelFinder: 3.330 seconds (0h:0m:3s)
Generating 1000 samples for ultrafast bootstrap (seed: 299932)...

NOTE: 0 MB RAM (0 GB) is required!
Estimate model parameters (epsilon = 0.100)
1. Initial log-likelihood: -15123.277
Optimal log-likelihood: -15123.277
Rate parameters:  A-C: 1.63093  A-G: 6.26843  A-T: 1.00000  C-G: 1.63093  C-T: 10.15705  G-T: 1.00000
Base frequencies:  A: 0.232  C: 0.294  G: 0.348  T: 0.126
Proportion of invariable sites: 0.579
Parameters optimization took 1 rounds (0.001 sec)
Wrote distance file to... 
Computing ML distances based on estimated model parameters...
Calculating distance matrix: done in 0.00019598 secs using 98.48% CPU
Computing ML distances took 0.000262 sec (of wall-clock time) 0.000272 sec (of CPU time)
Setting up auxiliary I and S matrices: done in 4.3869e-05 secs using 100.3% CPU
Computing RapidNJ tree took 0.000135 sec (of wall-clock time) 0.000135 sec (of CPU time)
Log-likelihood of RapidNJ tree: -15123.277
--------------------------------------------------------------------
|             INITIALIZING CANDIDATE TREE SET                      |
--------------------------------------------------------------------
Generating 99 parsimony trees... 0.186 second
Computing log-likelihood of 42 initial trees ... 0.055 seconds
Current best score: -15123.277

Do NNI search on 20 best initial trees
Estimate model parameters (epsilon = 0.100)
BETTER TREE FOUND at iteration 1: -15123.277
Iteration 10 / LogL: -15123.718 / Time: 0h:0m:3s
Iteration 20 / LogL: -15123.353 / Time: 0h:0m:3s
Finish initializing candidate tree set (1)
Current best tree score: -15123.277 / CPU time: 0.472
Number of iterations: 20
--------------------------------------------------------------------
|               OPTIMIZING CANDIDATE TREE SET                      |
--------------------------------------------------------------------
Iteration 30 / LogL: -15124.576 / Time: 0h:0m:4s (0h:0m:1s left)
UPDATE BEST LOG-LIKELIHOOD: -15123.277
UPDATE BEST LOG-LIKELIHOOD: -15123.277
Iteration 40 / LogL: -15123.327 / Time: 0h:0m:4s (0h:0m:1s left)
Iteration 50 / LogL: -15123.278 / Time: 0h:0m:4s (0h:0m:1s left)
Log-likelihood cutoff on original alignment: -15138.555
Iteration 60 / LogL: -15123.838 / Time: 0h:0m:4s (0h:0m:1s left)
Iteration 70 / LogL: -15123.972 / Time: 0h:0m:5s (0h:0m:0s left)
Iteration 80 / LogL: -15124.575 / Time: 0h:0m:5s (0h:0m:0s left)
Iteration 90 / LogL: -15123.303 / Time: 0h:0m:5s (0h:0m:0s left)
Iteration 100 / LogL: -15123.327 / Time: 0h:0m:5s (0h:0m:0s left)
Log-likelihood cutoff on original alignment: -15138.404
NOTE: Bootstrap correlation coefficient of split occurrence frequencies: 1.000
TREE SEARCH COMPLETED AFTER 102 ITERATIONS / Time: 0h:0m:5s

--------------------------------------------------------------------
|                    FINALIZING TREE SEARCH                        |
--------------------------------------------------------------------
Performs final model parameters optimization
Estimate model parameters (epsilon = 0.010)
1. Initial log-likelihood: -15123.277
Optimal log-likelihood: -15123.277
Rate parameters:  A-C: 1.63003  A-G: 6.26510  A-T: 1.00000  C-G: 1.63003  C-T: 10.15266  G-T: 1.00000
Base frequencies:  A: 0.232  C: 0.294  G: 0.348  T: 0.126
Proportion of invariable sites: 0.579
Parameters optimization took 1 rounds (0.001 sec)
BEST SCORE FOUND : -15123.277
Creating bootstrap support values...
Split supports printed to NEXUS file per_gene_alignments_codon/LOC101400622_.aln.splits.nex
Total tree length: 0.303

Total number of iterations: 102
CPU time used for tree search: 1.068 sec (0h:0m:1s)
Wall-clock time used for tree search: 2.500 sec (0h:0m:2s)
Total CPU time used: 2.836 sec (0h:0m:2s)
Total wall-clock time used: 6.029 sec (0h:0m:6s)

Computing bootstrap consensus tree...
Reading input file per_gene_alignments_codon/LOC101400622_.aln.splits.nex...
7 taxa and 13 splits.
Consensus tree written to per_gene_alignments_codon/LOC101400622_.aln.contree
Reading input trees file per_gene_alignments_codon/LOC101400622_.aln.contree
Log-likelihood of consensus tree: -15123.277

Analysis results written to: 
  IQ-TREE report:                per_gene_alignments_codon/LOC101400622_.aln.iqtree
  Maximum-likelihood tree:       per_gene_alignments_codon/LOC101400622_.aln.treefile
  Likelihood distances:          per_gene_alignments_codon/LOC101400622_.aln.mldist

Ultrafast bootstrap approximation results written to:
  Split support values:          per_gene_alignments_codon/LOC101400622_.aln.splits.nex
  Consensus tree:                per_gene_alignments_codon/LOC101400622_.aln.contree
  Screen log file:               per_gene_alignments_codon/LOC101400622_.aln.log

Date and Time: Thu Oct 30 21:34:20 2025
