IQ-TREE multicore version 2.3.3 COVID-edition for Linux x86 64-bit built Apr 25 2024
Developed by Bui Quang Minh, James Barbetti, Nguyen Lam Tung, Olga Chernomor,
Heiko Schmidt, Dominik Schrempf, Michael Woodhams, Ly Trong Nhan, Thomas Wong

Host:    morpheus-OptiPlex-5050 (AVX2, FMA3, 503 GB RAM)
Command: iqtree2 -s per_gene_alignments_codon/LOC101403154_.aln.fna -m MFP -T 1 -B 1000 --prefix per_gene_alignments_codon/LOC101403154_.aln
Seed:    389136 (Using SPRNG - Scalable Parallel Random Number Generator)
Time:    Thu Oct 30 21:35:58 2025
Kernel:  AVX+FMA - 1 threads (72 CPU cores detected)

HINT: Use -nt option to specify number of threads because your CPU has 72 cores!
HINT: -nt AUTO will automatically determine the best number of threads to use.

Reading alignment file per_gene_alignments_codon/LOC101403154_.aln.fna ... Fasta format detected
Reading fasta file: done in 0.00151706 secs using 49.97% CPU
Alignment most likely contains DNA/RNA sequences
Alignment has 7 sequences with 5910 columns, 156 distinct patterns
307 parsimony-informative, 503 singleton sites, 5100 constant sites
                     Gap/Ambiguity  Composition  p-value
Analyzing sequences: done in 2.00272e-05 secs using 94.87% CPU
   1  Ceratotherium_simum    0.00%    passed     64.34%
   2  Diceros_bicornis       0.00%    passed     53.19%
   3  Equus_asinus           0.00%    passed     94.54%
   4  Equus_quagga           0.00%    passed     96.20%
   5  Equus_caballus         0.00%    passed     94.65%
   6  Canis_lupus            0.00%    passed     15.36%
   7  Bos_taurus             0.00%    passed     17.95%
****  TOTAL                  0.00%  0 sequences failed composition chi2 test (p-value<5%; df=3)


Create initial parsimony tree by phylogenetic likelihood library (PLL)... 0.000 seconds
Perform fast likelihood tree search using GTR+I+G model...
Estimate model parameters (epsilon = 5.000)
Perform nearest neighbor interchange...
Estimate model parameters (epsilon = 1.000)
1. Initial log-likelihood: -12911.562
Optimal log-likelihood: -12911.464
Rate parameters:  A-C: 1.16029  A-G: 5.28225  A-T: 1.16500  C-G: 0.94444  C-T: 11.16002  G-T: 1.00000
Base frequencies:  A: 0.233  C: 0.316  G: 0.247  T: 0.204
Proportion of invariable sites: 0.425
Gamma shape alpha: 0.375
Parameters optimization took 1 rounds (0.005 sec)
Time for fast ML tree search: 0.079 seconds

NOTE: ModelFinder requires 0 MB RAM!
ModelFinder will test up to 484 DNA models (sample size: 5910) ...
 No. Model         -LnL         df  AIC          AICc         BIC
  1  GTR+F         13044.980    19  26127.961    26128.090    26254.964
  2  GTR+F+I       12915.453    20  25870.906    25871.048    26004.594
  3  GTR+F+G4      12915.056    20  25870.112    25870.254    26003.800
  4  GTR+F+I+G4    12911.450    21  25864.900    25865.057    26005.272
  5  GTR+F+R2      12915.212    21  25872.424    25872.581    26012.796
  6  GTR+F+R3      12914.480    23  25874.959    25875.147    26028.700
 14  GTR+F+I+R2    12914.105    22  25872.209    25872.381    26019.266
 15  GTR+F+I+R3    12906.007    24  25860.015    25860.219    26020.441
 24  SYM+I         13018.639    17  26071.278    26071.381    26184.912
 25  SYM+G4        13018.342    17  26070.684    26070.788    26184.319
 26  SYM+I+G4      13014.707    18  26065.414    26065.530    26185.733
 27  SYM+R2        13018.354    18  26072.708    26072.824    26193.027
 46  TVM+F+I       12934.745    19  25907.489    25907.618    26034.493
 47  TVM+F+G4      12935.389    19  25908.777    25908.906    26035.781
 48  TVM+F+I+G4    12933.691    20  25907.383    25907.526    26041.071
 49  TVM+F+R2      12934.697    20  25909.395    25909.537    26043.083
 68  TVMe+I        13040.099    16  26112.197    26112.290    26219.148
 69  TVMe+G4       13040.815    16  26113.631    26113.723    26220.581
 70  TVMe+I+G4     13038.967    17  26111.935    26112.039    26225.570
 71  TVMe+R2       13040.040    17  26114.081    26114.184    26227.715
 90  TIM3+F+I      12916.269    18  25868.537    25868.653    25988.857
 91  TIM3+F+G4     12915.858    18  25867.717    25867.833    25988.036
 92  TIM3+F+I+G4   12912.233    19  25862.465    25862.594    25989.469
 93  TIM3+F+R2     12915.964    19  25869.928    25870.057    25996.931
112  TIM3e+I       13019.055    15  26068.110    26068.191    26168.376
113  TIM3e+G4      13018.732    15  26067.464    26067.545    26167.730
114  TIM3e+I+G4    13015.138    16  26062.275    26062.367    26169.226
115  TIM3e+R2      13018.853    16  26069.706    26069.798    26176.657
134  TIM2+F+I      12915.464    18  25866.927    25867.043    25987.246
135  TIM2+F+G4     12915.060    18  25866.121    25866.237    25986.440
136  TIM2+F+I+G4   12911.387    19  25860.774    25860.903    25987.778
137  TIM2+F+R2     12915.223    19  25868.445    25868.574    25995.449
156  TIM2e+I       13020.622    15  26071.244    26071.326    26171.510
157  TIM2e+G4      13020.304    15  26070.608    26070.690    26170.874
158  TIM2e+I+G4    13016.757    16  26065.514    26065.607    26172.465
159  TIM2e+R2      13020.448    16  26072.896    26072.989    26179.847
178  TIM+F+I       12916.256    18  25868.512    25868.628    25988.831
179  TIM+F+G4      12915.845    18  25867.690    25867.806    25988.009
180  TIM+F+I+G4    12912.220    19  25862.441    25862.570    25989.445
181  TIM+F+R2      12916.040    19  25870.080    25870.209    25997.084
200  TIMe+I        13021.068    15  26072.135    26072.217    26172.401
201  TIMe+G4       13020.756    15  26071.513    26071.594    26171.779
202  TIMe+I+G4     13017.232    16  26066.464    26066.557    26173.415
203  TIMe+R2       13020.875    16  26073.751    26073.843    26180.701
222  TPM3u+F+I     12935.629    17  25905.259    25905.363    26018.894
223  TPM3u+F+G4    12936.213    17  25906.425    25906.529    26020.060
224  TPM3u+F+I+G4  12934.635    18  25905.271    25905.387    26025.590
225  TPM3u+F+R2    12935.582    18  25907.164    25907.280    26027.483
244  TPM3+I        13040.505    14  26109.011    26109.082    26202.592
245  TPM3+G4       13041.218    14  26110.436    26110.507    26204.017
246  TPM3+I+G4     13039.420    15  26108.840    26108.921    26209.106
247  TPM3+R2       13040.487    15  26110.973    26111.055    26211.239
266  TPM2u+F+I     12934.790    17  25903.581    25903.685    26017.215
267  TPM2u+F+G4    12935.390    17  25904.779    25904.883    26018.414
268  TPM2u+F+I+G4  12933.729    18  25903.457    25903.573    26023.776
269  TPM2u+F+R2    12934.728    18  25905.457    25905.573    26025.776
288  TPM2+I        13041.872    14  26111.744    26111.815    26205.325
289  TPM2+G4       13042.552    14  26113.103    26113.174    26206.685
290  TPM2+I+G4     13040.882    15  26111.763    26111.845    26212.029
291  TPM2+R2       13041.854    15  26113.708    26113.790    26213.974
310  K3Pu+F+I      12935.615    17  25905.231    25905.335    26018.866
311  K3Pu+F+G4     12936.192    17  25906.384    25906.488    26020.019
312  K3Pu+F+I+G4   12934.615    18  25905.231    25905.347    26025.550
313  K3Pu+F+R2     12935.565    18  25907.130    25907.247    26027.450
332  K3P+I         13042.304    14  26112.609    26112.680    26206.190
333  K3P+G4        13042.989    14  26113.978    26114.050    26207.560
334  K3P+I+G4      13041.372    15  26112.744    26112.825    26213.010
335  K3P+R2        13042.298    15  26114.596    26114.678    26214.862
354  TN+F+I        12916.280    17  25866.559    25866.663    25980.194
355  TN+F+G4       12915.866    17  25865.731    25865.835    25979.366
356  TN+F+I+G4     12912.237    18  25860.473    25860.590    25980.793
357  TN+F+R2       12916.014    18  25868.028    25868.144    25988.347
376  TNe+I         13021.057    14  26070.114    26070.185    26163.695
377  TNe+G4        13020.738    14  26069.476    26069.547    26163.058
378  TNe+I+G4      13017.224    15  26064.448    26064.530    26164.714
379  TNe+R2        13020.861    15  26071.722    26071.803    26171.988
398  HKY+F+I       12935.668    16  25903.336    25903.428    26010.286
399  HKY+F+G4      12936.238    16  25904.476    25904.568    26011.426
400  HKY+F+I+G4    12934.654    17  25903.309    25903.413    26016.944
401  HKY+F+R2      12935.675    17  25905.350    25905.454    26018.984
420  K2P+I         13042.312    13  26110.625    26110.687    26197.522
421  K2P+G4        13042.983    13  26111.967    26112.029    26198.864
422  K2P+I+G4      13041.360    14  26110.721    26110.792    26204.302
423  K2P+R2        13042.297    14  26112.594    26112.665    26206.176
442  F81+F+I       13299.631    15  26629.262    26629.343    26729.528
443  F81+F+G4      13299.698    15  26629.396    26629.478    26729.662
444  F81+F+I+G4    13300.079    16  26632.158    26632.251    26739.109
445  F81+F+R2      13299.881    16  26631.762    26631.855    26738.713
464  JC+I          13397.227    12  26818.454    26818.507    26898.667
465  JC+G4         13397.237    12  26818.474    26818.527    26898.687
466  JC+I+G4       13397.435    13  26820.869    26820.931    26907.766
467  JC+R2         13397.467    13  26820.934    26820.996    26907.831
Akaike Information Criterion:           GTR+F+I+R3
Corrected Akaike Information Criterion: GTR+F+I+R3
Bayesian Information Criterion:         TN+F+G4
Best-fit model: TN+F+G4 chosen according to BIC

All model information printed to per_gene_alignments_codon/LOC101403154_.aln.model.gz
CPU time for ModelFinder: 2.192 seconds (0h:0m:2s)
Wall-clock time for ModelFinder: 2.902 seconds (0h:0m:2s)
Generating 1000 samples for ultrafast bootstrap (seed: 389136)...

NOTE: 0 MB RAM (0 GB) is required!
Estimate model parameters (epsilon = 0.100)
1. Initial log-likelihood: -12915.866
Optimal log-likelihood: -12915.865
Rate parameters:  A-C: 1.00000  A-G: 4.97566  A-T: 1.00000  C-G: 1.00000  C-T: 9.96031  G-T: 1.00000
Base frequencies:  A: 0.233  C: 0.316  G: 0.247  T: 0.204
Gamma shape alpha: 0.096
Parameters optimization took 1 rounds (0.002 sec)
Wrote distance file to... 
Computing ML distances based on estimated model parameters...
Calculating distance matrix: done in 0.000560999 secs using 98.93% CPU
Computing ML distances took 0.000624 sec (of wall-clock time) 0.000624 sec (of CPU time)
Setting up auxiliary I and S matrices: done in 4.60148e-05 secs using 95.62% CPU
Computing RapidNJ tree took 0.000165 sec (of wall-clock time) 0.000164 sec (of CPU time)
Log-likelihood of RapidNJ tree: -12915.865
--------------------------------------------------------------------
|             INITIALIZING CANDIDATE TREE SET                      |
--------------------------------------------------------------------
Generating 99 parsimony trees... 0.112 second
Computing log-likelihood of 40 initial trees ... 0.053 seconds
Current best score: -12915.865

Do NNI search on 20 best initial trees
Estimate model parameters (epsilon = 0.100)
BETTER TREE FOUND at iteration 1: -12915.865
Iteration 10 / LogL: -12916.102 / Time: 0h:0m:3s
Iteration 20 / LogL: -12915.926 / Time: 0h:0m:3s
Finish initializing candidate tree set (1)
Current best tree score: -12915.865 / CPU time: 0.425
Number of iterations: 20
--------------------------------------------------------------------
|               OPTIMIZING CANDIDATE TREE SET                      |
--------------------------------------------------------------------
Iteration 30 / LogL: -12915.914 / Time: 0h:0m:3s (0h:0m:1s left)
UPDATE BEST LOG-LIKELIHOOD: -12915.865
Iteration 40 / LogL: -12915.920 / Time: 0h:0m:3s (0h:0m:1s left)
Iteration 50 / LogL: -12917.605 / Time: 0h:0m:4s (0h:0m:1s left)
Log-likelihood cutoff on original alignment: -12928.509
UPDATE BEST LOG-LIKELIHOOD: -12915.865
UPDATE BEST LOG-LIKELIHOOD: -12915.865
UPDATE BEST LOG-LIKELIHOOD: -12915.865
Iteration 60 / LogL: -12915.865 / Time: 0h:0m:4s (0h:0m:1s left)
Iteration 70 / LogL: -12915.865 / Time: 0h:0m:4s (0h:0m:0s left)
Iteration 80 / LogL: -12915.865 / Time: 0h:0m:4s (0h:0m:0s left)
Iteration 90 / LogL: -12916.034 / Time: 0h:0m:5s (0h:0m:0s left)
Iteration 100 / LogL: -12916.863 / Time: 0h:0m:5s (0h:0m:0s left)
Log-likelihood cutoff on original alignment: -12928.669
NOTE: Bootstrap correlation coefficient of split occurrence frequencies: 1.000
TREE SEARCH COMPLETED AFTER 102 ITERATIONS / Time: 0h:0m:5s

--------------------------------------------------------------------
|                    FINALIZING TREE SEARCH                        |
--------------------------------------------------------------------
Performs final model parameters optimization
Estimate model parameters (epsilon = 0.010)
1. Initial log-likelihood: -12915.865
Optimal log-likelihood: -12915.865
Rate parameters:  A-C: 1.00000  A-G: 4.97814  A-T: 1.00000  C-G: 1.00000  C-T: 9.96767  G-T: 1.00000
Base frequencies:  A: 0.233  C: 0.316  G: 0.247  T: 0.204
Gamma shape alpha: 0.096
Parameters optimization took 1 rounds (0.014 sec)
BEST SCORE FOUND : -12915.865
Creating bootstrap support values...
Split supports printed to NEXUS file per_gene_alignments_codon/LOC101403154_.aln.splits.nex
Total tree length: 0.224

Total number of iterations: 102
CPU time used for tree search: 1.410 sec (0h:0m:1s)
Wall-clock time used for tree search: 2.417 sec (0h:0m:2s)
Total CPU time used: 3.668 sec (0h:0m:3s)
Total wall-clock time used: 5.448 sec (0h:0m:5s)

Computing bootstrap consensus tree...
Reading input file per_gene_alignments_codon/LOC101403154_.aln.splits.nex...
7 taxa and 13 splits.
Consensus tree written to per_gene_alignments_codon/LOC101403154_.aln.contree
Reading input trees file per_gene_alignments_codon/LOC101403154_.aln.contree
Log-likelihood of consensus tree: -12915.865

Analysis results written to: 
  IQ-TREE report:                per_gene_alignments_codon/LOC101403154_.aln.iqtree
  Maximum-likelihood tree:       per_gene_alignments_codon/LOC101403154_.aln.treefile
  Likelihood distances:          per_gene_alignments_codon/LOC101403154_.aln.mldist

Ultrafast bootstrap approximation results written to:
  Split support values:          per_gene_alignments_codon/LOC101403154_.aln.splits.nex
  Consensus tree:                per_gene_alignments_codon/LOC101403154_.aln.contree
  Screen log file:               per_gene_alignments_codon/LOC101403154_.aln.log

Date and Time: Thu Oct 30 21:36:04 2025
