IQ-TREE multicore version 2.3.3 COVID-edition for Linux x86 64-bit built Apr 25 2024
Developed by Bui Quang Minh, James Barbetti, Nguyen Lam Tung, Olga Chernomor,
Heiko Schmidt, Dominik Schrempf, Michael Woodhams, Ly Trong Nhan, Thomas Wong

Host:    morpheus-OptiPlex-5050 (AVX2, FMA3, 503 GB RAM)
Command: iqtree2 -s per_gene_alignments_codon/LOC101401644_.aln.fna -m MFP -T 1 -B 1000 --prefix per_gene_alignments_codon/LOC101401644_.aln
Seed:    834916 (Using SPRNG - Scalable Parallel Random Number Generator)
Time:    Thu Oct 30 21:34:55 2025
Kernel:  AVX+FMA - 1 threads (72 CPU cores detected)

HINT: Use -nt option to specify number of threads because your CPU has 72 cores!
HINT: -nt AUTO will automatically determine the best number of threads to use.

Reading alignment file per_gene_alignments_codon/LOC101401644_.aln.fna ... Fasta format detected
Reading fasta file: done in 0.000334978 secs
Alignment most likely contains DNA/RNA sequences
Alignment has 7 sequences with 1083 columns, 61 distinct patterns
48 parsimony-informative, 59 singleton sites, 976 constant sites
                     Gap/Ambiguity  Composition  p-value
Analyzing sequences: done in 1.28746e-05 secs
   1  Ceratotherium_simum    0.00%    passed     97.71%
   2  Diceros_bicornis       0.00%    passed     96.72%
   3  Equus_asinus           0.00%    passed     99.97%
   4  Equus_quagga           0.00%    passed     99.86%
   5  Equus_caballus         0.00%    passed     99.97%
   6  Canis_lupus            0.00%    passed     88.05%
   7  Bos_taurus             0.00%    passed     99.92%
****  TOTAL                  0.00%  0 sequences failed composition chi2 test (p-value<5%; df=3)


Create initial parsimony tree by phylogenetic likelihood library (PLL)... 0.000 seconds
Perform fast likelihood tree search using GTR+I+G model...
Estimate model parameters (epsilon = 5.000)
Perform nearest neighbor interchange...
Estimate model parameters (epsilon = 1.000)
1. Initial log-likelihood: -2159.656
Optimal log-likelihood: -2159.655
Rate parameters:  A-C: 1.17719  A-G: 4.01321  A-T: 0.61809  C-G: 1.47015  C-T: 4.56435  G-T: 1.00000
Base frequencies:  A: 0.289  C: 0.218  G: 0.211  T: 0.282
Proportion of invariable sites: 0.449
Gamma shape alpha: 0.626
Parameters optimization took 1 rounds (0.041 sec)
Time for fast ML tree search: 0.050 seconds

NOTE: ModelFinder requires 0 MB RAM!
ModelFinder will test up to 484 DNA models (sample size: 1083) ...
 No. Model         -LnL         df  AIC          AICc         BIC
  1  GTR+F         2167.975     19  4373.949     4374.664     4468.712
  2  GTR+F+I       2159.518     20  4359.037     4359.828     4458.786
  3  GTR+F+G4      2159.561     20  4359.123     4359.914     4458.872
  4  GTR+F+I+G4    2159.652     21  4361.305     4362.176     4466.042
  5  GTR+F+R2      2164.159     21  4370.318     4371.189     4475.056
  6  GTR+F+R3      2160.402     23  4366.804     4367.846     4481.516
 14  GTR+F+I+R2    2159.812     22  4363.623     4364.578     4473.348
 15  GTR+F+I+R3    2159.766     24  4367.531     4368.666     4487.231
 23  SYM           2180.394     16  4392.787     4393.298     4472.587
 24  SYM+I         2171.882     17  4377.765     4378.339     4462.552
 25  SYM+G4        2171.910     17  4377.821     4378.395     4462.608
 26  SYM+I+G4      2172.002     18  4380.003     4380.646     4469.778
 45  TVM+F         2168.071     18  4372.141     4372.784     4461.916
 46  TVM+F+I       2159.645     19  4357.290     4358.005     4452.053
 47  TVM+F+G4      2159.683     19  4357.366     4358.081     4452.128
 48  TVM+F+I+G4    2159.787     20  4359.574     4360.365     4459.324
 67  TVMe          2180.504     15  4391.008     4391.458     4465.820
 68  TVMe+I        2172.023     16  4376.047     4376.557     4455.847
 69  TVMe+G4       2172.050     16  4376.101     4376.611     4455.901
 70  TVMe+I+G4     2172.152     17  4378.304     4378.879     4463.091
 89  TIM3+F        2168.485     17  4370.970     4371.545     4455.758
 90  TIM3+F+I      2159.989     18  4355.978     4356.621     4445.753
 91  TIM3+F+G4     2160.020     18  4356.041     4356.684     4445.816
 92  TIM3+F+I+G4   2160.123     19  4358.246     4358.961     4453.008
111  TIM3e         2180.548     14  4389.095     4389.488     4458.920
112  TIM3e+I       2171.990     15  4373.980     4374.430     4448.793
113  TIM3e+G4      2172.015     15  4374.031     4374.480     4448.843
114  TIM3e+I+G4    2172.107     16  4376.214     4376.724     4456.014
133  TIM2+F        2169.157     17  4372.314     4372.889     4457.102
134  TIM2+F+I      2160.672     18  4357.345     4357.988     4447.120
135  TIM2+F+G4     2160.695     18  4357.390     4358.033     4447.165
136  TIM2+F+I+G4   2160.777     19  4359.553     4360.268     4454.316
155  TIM2e         2181.037     14  4390.075     4390.468     4459.899
156  TIM2e+I       2172.443     15  4374.885     4375.335     4449.698
157  TIM2e+G4      2172.460     15  4374.920     4375.370     4449.732
158  TIM2e+I+G4    2172.537     16  4377.075     4377.585     4456.875
177  TIM+F         2169.466     17  4372.932     4373.507     4457.720
178  TIM+F+I       2160.970     18  4357.940     4358.583     4447.715
179  TIM+F+G4      2160.993     18  4357.987     4358.630     4447.762
180  TIM+F+I+G4    2161.082     19  4360.164     4360.879     4454.927
199  TIMe          2181.060     14  4390.121     4390.514     4459.946
200  TIMe+I        2172.443     15  4374.886     4375.336     4449.699
201  TIMe+G4       2172.462     15  4374.923     4375.373     4449.735
202  TIMe+I+G4     2172.543     16  4377.086     4377.597     4456.886
221  TPM3u+F       2168.581     16  4369.163     4369.673     4448.963
222  TPM3u+F+I     2160.118     17  4354.237     4354.812     4439.024
223  TPM3u+F+G4    2160.151     17  4354.303     4354.877     4439.090
224  TPM3u+F+I+G4  2160.262     18  4356.524     4357.167     4446.299
243  TPM3          2180.659     13  4387.318     4387.658     4452.155
244  TPM3+I        2172.129     14  4372.259     4372.652     4442.084
245  TPM3+G4       2172.156     14  4372.312     4372.705     4442.137
246  TPM3+I+G4     2172.256     15  4374.511     4374.961     4449.324
265  TPM2u+F       2169.251     16  4370.502     4371.013     4450.302
266  TPM2u+F+I     2160.791     17  4355.582     4356.157     4440.370
267  TPM2u+F+G4    2160.818     17  4355.636     4356.211     4440.424
268  TPM2u+F+I+G4  2160.904     18  4357.808     4358.451     4447.583
287  TPM2          2181.146     13  4388.293     4388.633     4453.130
288  TPM2+I        2172.585     14  4373.170     4373.563     4442.995
289  TPM2+G4       2172.605     14  4373.211     4373.604     4443.036
290  TPM2+I+G4     2172.690     15  4375.379     4375.829     4450.192
309  K3Pu+F        2169.560     16  4371.121     4371.631     4450.921
310  K3Pu+F+I      2161.092     17  4356.183     4356.758     4440.971
311  K3Pu+F+G4     2161.119     17  4356.238     4356.813     4441.025
312  K3Pu+F+I+G4   2161.214     18  4358.428     4359.071     4448.203
331  K3P           2181.170     13  4388.339     4388.680     4453.177
332  K3P+I         2172.584     14  4373.168     4373.561     4442.993
333  K3P+G4        2172.605     14  4373.210     4373.603     4443.035
334  K3P+I+G4      2172.694     15  4375.388     4375.838     4450.200
353  TN+F          2169.613     16  4371.226     4371.737     4451.026
354  TN+F+I        2161.089     17  4356.178     4356.752     4440.965
355  TN+F+G4       2161.112     17  4356.223     4356.798     4441.011
356  TN+F+I+G4     2161.195     18  4358.390     4359.033     4448.165
375  TNe           2181.140     13  4388.279     4388.620     4453.116
376  TNe+I         2172.503     14  4373.006     4373.400     4442.831
377  TNe+G4        2172.521     14  4373.043     4373.436     4442.867
378  TNe+I+G4      2172.598     15  4375.196     4375.646     4450.009
397  HKY+F         2169.708     15  4369.416     4369.866     4444.228
398  HKY+F+I       2161.213     16  4354.425     4354.936     4434.225
399  HKY+F+G4      2161.238     16  4354.476     4354.986     4434.276
400  HKY+F+I+G4    2161.329     17  4356.658     4357.233     4441.445
419  K2P           2181.250     12  4386.499     4386.791     4446.349
420  K2P+I         2172.645     13  4371.290     4371.630     4436.127
421  K2P+G4        2172.665     13  4371.330     4371.671     4436.168
422  K2P+I+G4      2172.752     14  4373.504     4373.897     4443.329
441  F81+F         2195.652     14  4419.303     4419.697     4489.128
442  F81+F+I       2188.588     15  4407.177     4407.626     4481.989
443  F81+F+G4      2188.653     15  4407.306     4407.755     4482.118
444  F81+F+I+G4    2188.734     16  4409.469     4409.979     4489.269
463  JC            2206.356     11  4434.713     4434.959     4489.575
464  JC+I          2199.217     12  4422.435     4422.726     4482.285
465  JC+G4         2199.279     12  4422.558     4422.849     4482.408
466  JC+I+G4       2199.361     13  4424.721     4425.062     4489.559
Akaike Information Criterion:           TPM3u+F+I
Corrected Akaike Information Criterion: TPM3u+F+I
Bayesian Information Criterion:         HKY+F+I
Best-fit model: HKY+F+I chosen according to BIC

All model information printed to per_gene_alignments_codon/LOC101401644_.aln.model.gz
CPU time for ModelFinder: 0.311 seconds (0h:0m:0s)
Wall-clock time for ModelFinder: 1.075 seconds (0h:0m:1s)
Generating 1000 samples for ultrafast bootstrap (seed: 834916)...

NOTE: 0 MB RAM (0 GB) is required!
Estimate model parameters (epsilon = 0.100)
1. Initial log-likelihood: -2161.213
Optimal log-likelihood: -2161.213
Rate parameters:  A-C: 1.00000  A-G: 4.27356  A-T: 1.00000  C-G: 1.00000  C-T: 4.27356  G-T: 1.00000
Base frequencies:  A: 0.289  C: 0.218  G: 0.211  T: 0.282
Proportion of invariable sites: 0.721
Parameters optimization took 1 rounds (0.001 sec)
Wrote distance file to... 
Computing ML distances based on estimated model parameters...
Calculating distance matrix: done in 0.000228882 secs using 100.1% CPU
Computing ML distances took 0.000288 sec (of wall-clock time) 0.000293 sec (of CPU time)
Setting up auxiliary I and S matrices: done in 4.88758e-05 secs using 98.21% CPU
Computing RapidNJ tree took 0.000155 sec (of wall-clock time) 0.000154 sec (of CPU time)
Log-likelihood of RapidNJ tree: -2161.218
--------------------------------------------------------------------
|             INITIALIZING CANDIDATE TREE SET                      |
--------------------------------------------------------------------
Generating 99 parsimony trees... 0.117 second
Computing log-likelihood of 40 initial trees ... 0.062 seconds
Current best score: -2161.213

Do NNI search on 20 best initial trees
Estimate model parameters (epsilon = 0.100)
BETTER TREE FOUND at iteration 1: -2161.213
Iteration 10 / LogL: -2161.236 / Time: 0h:0m:1s
Iteration 20 / LogL: -2161.290 / Time: 0h:0m:1s
Finish initializing candidate tree set (1)
Current best tree score: -2161.213 / CPU time: 0.352
Number of iterations: 20
--------------------------------------------------------------------
|               OPTIMIZING CANDIDATE TREE SET                      |
--------------------------------------------------------------------
Iteration 30 / LogL: -2161.213 / Time: 0h:0m:1s (0h:0m:1s left)
Iteration 40 / LogL: -2161.213 / Time: 0h:0m:1s (0h:0m:1s left)
Iteration 50 / LogL: -2161.234 / Time: 0h:0m:2s (0h:0m:0s left)
Log-likelihood cutoff on original alignment: -2196.662
Iteration 60 / LogL: -2161.236 / Time: 0h:0m:2s (0h:0m:0s left)
Iteration 70 / LogL: -2161.234 / Time: 0h:0m:2s (0h:0m:0s left)
Iteration 80 / LogL: -2161.213 / Time: 0h:0m:2s (0h:0m:0s left)
Iteration 90 / LogL: -2161.213 / Time: 0h:0m:2s (0h:0m:0s left)
Iteration 100 / LogL: -2161.216 / Time: 0h:0m:2s (0h:0m:0s left)
Log-likelihood cutoff on original alignment: -2196.662
NOTE: Bootstrap correlation coefficient of split occurrence frequencies: 1.000
TREE SEARCH COMPLETED AFTER 102 ITERATIONS / Time: 0h:0m:2s

--------------------------------------------------------------------
|                    FINALIZING TREE SEARCH                        |
--------------------------------------------------------------------
Performs final model parameters optimization
Estimate model parameters (epsilon = 0.010)
1. Initial log-likelihood: -2161.213
Optimal log-likelihood: -2161.213
Rate parameters:  A-C: 1.00000  A-G: 4.27465  A-T: 1.00000  C-G: 1.00000  C-T: 4.27465  G-T: 1.00000
Base frequencies:  A: 0.289  C: 0.218  G: 0.211  T: 0.282
Proportion of invariable sites: 0.721
Parameters optimization took 1 rounds (0.001 sec)
BEST SCORE FOUND : -2161.213
Creating bootstrap support values...
Split supports printed to NEXUS file per_gene_alignments_codon/LOC101401644_.aln.splits.nex
Total tree length: 0.126

Total number of iterations: 102
CPU time used for tree search: 0.896 sec (0h:0m:0s)
Wall-clock time used for tree search: 1.784 sec (0h:0m:1s)
Total CPU time used: 1.268 sec (0h:0m:1s)
Total wall-clock time used: 3.042 sec (0h:0m:3s)

Computing bootstrap consensus tree...
Reading input file per_gene_alignments_codon/LOC101401644_.aln.splits.nex...
7 taxa and 18 splits.
Consensus tree written to per_gene_alignments_codon/LOC101401644_.aln.contree
Reading input trees file per_gene_alignments_codon/LOC101401644_.aln.contree
Log-likelihood of consensus tree: -2161.218

Analysis results written to: 
  IQ-TREE report:                per_gene_alignments_codon/LOC101401644_.aln.iqtree
  Maximum-likelihood tree:       per_gene_alignments_codon/LOC101401644_.aln.treefile
  Likelihood distances:          per_gene_alignments_codon/LOC101401644_.aln.mldist

Ultrafast bootstrap approximation results written to:
  Split support values:          per_gene_alignments_codon/LOC101401644_.aln.splits.nex
  Consensus tree:                per_gene_alignments_codon/LOC101401644_.aln.contree
  Screen log file:               per_gene_alignments_codon/LOC101401644_.aln.log

Date and Time: Thu Oct 30 21:34:59 2025
