IQ-TREE multicore version 2.3.3 COVID-edition for Linux x86 64-bit built Apr 25 2024
Developed by Bui Quang Minh, James Barbetti, Nguyen Lam Tung, Olga Chernomor,
Heiko Schmidt, Dominik Schrempf, Michael Woodhams, Ly Trong Nhan, Thomas Wong

Host:    morpheus-OptiPlex-5050 (AVX2, FMA3, 503 GB RAM)
Command: iqtree2 -s per_gene_alignments_codon/LOC101388305_.aln.fna -m MFP -T 1 -B 1000 --prefix per_gene_alignments_codon/LOC101388305_.aln
Seed:    250862 (Using SPRNG - Scalable Parallel Random Number Generator)
Time:    Thu Oct 30 21:25:41 2025
Kernel:  AVX+FMA - 1 threads (72 CPU cores detected)

HINT: Use -nt option to specify number of threads because your CPU has 72 cores!
HINT: -nt AUTO will automatically determine the best number of threads to use.

Reading alignment file per_gene_alignments_codon/LOC101388305_.aln.fna ... Fasta format detected
Reading fasta file: done in 0.000329018 secs
Alignment most likely contains DNA/RNA sequences
Alignment has 7 sequences with 1083 columns, 129 distinct patterns
183 parsimony-informative, 215 singleton sites, 685 constant sites
                     Gap/Ambiguity  Composition  p-value
Analyzing sequences: done in 1.5974e-05 secs
   1  Ceratotherium_simum    0.00%    passed     17.97%
   2  Diceros_bicornis      11.63%    failed      0.54%
   3  Equus_asinus           0.00%    passed     55.57%
   4  Equus_quagga           0.00%    passed      7.87%
   5  Equus_caballus         0.00%    passed     39.27%
   6  Canis_lupus            1.11%    passed     87.60%
   7  Bos_taurus             0.00%    passed     14.74%
****  TOTAL                  1.82%  1 sequences failed composition chi2 test (p-value<5%; df=3)


Create initial parsimony tree by phylogenetic likelihood library (PLL)... 0.000 seconds
Perform fast likelihood tree search using GTR+I+G model...
Estimate model parameters (epsilon = 5.000)
Perform nearest neighbor interchange...
Estimate model parameters (epsilon = 1.000)
1. Initial log-likelihood: -3580.709
Optimal log-likelihood: -3580.318
Rate parameters:  A-C: 0.65289  A-G: 1.70957  A-T: 0.38831  C-G: 0.87612  C-T: 2.21391  G-T: 1.00000
Base frequencies:  A: 0.195  C: 0.313  G: 0.314  T: 0.178
Proportion of invariable sites: 0.307
Gamma shape alpha: 6.420
Parameters optimization took 1 rounds (0.029 sec)
Time for fast ML tree search: 0.108 seconds

NOTE: ModelFinder requires 0 MB RAM!
ModelFinder will test up to 484 DNA models (sample size: 1083) ...
 No. Model         -LnL         df  AIC          AICc         BIC
  1  GTR+F         3590.921     19  7219.843     7220.558     7314.605
  2  GTR+F+I       3580.887     20  7201.775     7202.566     7301.525
  3  GTR+F+G4      3578.638     20  7197.276     7198.067     7297.026
  4  GTR+F+I+G4    3580.262     21  7202.525     7203.395     7307.262
  5  GTR+F+R2      3579.604     21  7201.209     7202.080     7305.946
  6  GTR+F+R3      3578.914     23  7203.829     7204.871     7318.541
 14  GTR+F+I+R2    3579.866     22  7203.731     7204.686     7313.456
 15  GTR+F+I+R3    3579.321     24  7206.642     7207.776     7326.342
 24  SYM+I         3630.454     17  7294.909     7295.484     7379.696
 25  SYM+G4        3628.653     17  7291.307     7291.881     7376.094
 27  SYM+R2        3629.328     18  7294.656     7295.299     7384.431
 46  TVM+F+I       3582.225     19  7202.449     7203.164     7297.212
 47  TVM+F+G4      3579.813     19  7197.626     7198.341     7292.388
 49  TVM+F+R2      3580.816     20  7201.632     7202.423     7301.382
 68  TVMe+I        3630.994     16  7293.989     7294.499     7373.789
 69  TVMe+G4       3629.154     16  7290.307     7290.818     7370.107
 71  TVMe+R2       3629.844     17  7293.688     7294.262     7378.475
 90  TIM3+F+I      3586.197     18  7208.393     7209.036     7298.168
 91  TIM3+F+G4     3583.570     18  7203.141     7203.784     7292.916
 93  TIM3+F+R2     3584.683     19  7207.366     7208.081     7302.128
112  TIM3e+I       3642.677     15  7315.354     7315.804     7390.166
113  TIM3e+G4      3640.629     15  7311.258     7311.708     7386.070
115  TIM3e+R2      3641.361     16  7314.722     7315.233     7394.522
134  TIM2+F+I      3581.923     18  7199.846     7200.489     7289.621
135  TIM2+F+G4     3579.593     18  7195.185     7195.828     7284.960
137  TIM2+F+R2     3580.594     19  7199.187     7199.902     7293.950
156  TIM2e+I       3634.947     15  7299.894     7300.344     7374.707
157  TIM2e+G4      3633.234     15  7296.468     7296.918     7371.280
159  TIM2e+R2      3633.892     16  7299.784     7300.294     7379.584
178  TIM+F+I       3586.219     18  7208.437     7209.080     7298.212
179  TIM+F+G4      3583.595     18  7203.191     7203.834     7292.966
181  TIM+F+R2      3584.712     19  7207.424     7208.139     7302.187
200  TIMe+I        3645.609     15  7321.218     7321.668     7396.031
201  TIMe+G4       3643.674     15  7317.348     7317.798     7392.161
203  TIMe+R2       3644.382     16  7320.764     7321.274     7400.564
222  TPM3u+F+I     3587.541     17  7209.083     7209.658     7293.870
223  TPM3u+F+G4    3584.728     17  7203.455     7204.030     7288.242
225  TPM3u+F+R2    3585.882     18  7207.764     7208.407     7297.539
244  TPM3+I        3643.270     14  7314.541     7314.934     7384.366
245  TPM3+G4       3641.176     14  7310.353     7310.746     7380.178
247  TPM3+R2       3641.916     15  7313.832     7314.282     7388.645
266  TPM2u+F+I     3583.279     17  7200.558     7201.132     7285.345
267  TPM2u+F+G4    3580.782     17  7195.564     7196.138     7280.351
269  TPM2u+F+R2    3581.822     18  7199.644     7200.287     7289.419
288  TPM2+I        3635.505     14  7299.011     7299.404     7368.836
289  TPM2+G4       3633.738     14  7295.475     7295.868     7365.300
291  TPM2+R2       3634.413     15  7298.826     7299.276     7373.638
310  K3Pu+F+I      3587.574     17  7209.148     7209.723     7293.936
311  K3Pu+F+G4     3584.760     17  7203.520     7204.095     7288.307
313  K3Pu+F+R2     3585.919     18  7207.838     7208.481     7297.612
332  K3P+I         3646.224     14  7320.449     7320.842     7390.274
333  K3P+G4        3644.226     14  7316.451     7316.844     7386.276
335  K3P+R2        3644.952     15  7319.903     7320.353     7394.715
354  TN+F+I        3586.223     17  7206.447     7207.022     7291.234
355  TN+F+G4       3583.602     17  7201.203     7201.778     7285.990
357  TN+F+R2       3584.713     18  7205.427     7206.070     7295.202
376  TNe+I         3646.261     14  7320.522     7320.915     7390.347
377  TNe+G4        3644.337     14  7316.674     7317.068     7386.499
379  TNe+R2        3645.040     15  7320.080     7320.529     7394.892
398  HKY+F+I       3587.580     16  7207.160     7207.670     7286.960
399  HKY+F+G4      3584.768     16  7201.536     7202.046     7281.335
401  HKY+F+R2      3585.925     17  7205.849     7206.424     7290.637
420  K2P+I         3646.874     13  7319.747     7320.088     7384.584
421  K2P+G4        3644.886     13  7315.771     7316.112     7380.609
423  K2P+R2        3645.606     14  7319.211     7319.604     7389.036
442  F81+F+I       3623.338     15  7276.675     7277.125     7351.488
443  F81+F+G4      3621.298     15  7272.597     7273.047     7347.409
445  F81+F+R2      3622.021     16  7276.041     7276.552     7355.841
464  JC+I          3674.864     12  7373.728     7374.019     7433.578
465  JC+G4         3673.305     12  7370.610     7370.901     7430.459
467  JC+R2         3673.876     13  7373.752     7374.092     7438.589
Akaike Information Criterion:           TIM2+F+G4
Corrected Akaike Information Criterion: TIM2+F+G4
Bayesian Information Criterion:         TPM2u+F+G4
Best-fit model: TPM2u+F+G4 chosen according to BIC

All model information printed to per_gene_alignments_codon/LOC101388305_.aln.model.gz
CPU time for ModelFinder: 0.435 seconds (0h:0m:0s)
Wall-clock time for ModelFinder: 1.672 seconds (0h:0m:1s)
Generating 1000 samples for ultrafast bootstrap (seed: 250862)...

NOTE: 0 MB RAM (0 GB) is required!
Estimate model parameters (epsilon = 0.100)
1. Initial log-likelihood: -3580.782
Optimal log-likelihood: -3580.781
Rate parameters:  A-C: 0.61464  A-G: 2.07486  A-T: 0.61464  C-G: 1.00000  C-T: 2.07486  G-T: 1.00000
Base frequencies:  A: 0.195  C: 0.313  G: 0.314  T: 0.178
Gamma shape alpha: 1.138
Parameters optimization took 1 rounds (0.002 sec)
Wrote distance file to... 
Computing ML distances based on estimated model parameters...
Calculating distance matrix: done in 0.000610113 secs using 99.82% CPU
Computing ML distances took 0.000669 sec (of wall-clock time) 0.000676 sec (of CPU time)
Setting up auxiliary I and S matrices: done in 5.19753e-05 secs using 98.12% CPU
Computing RapidNJ tree took 0.000140 sec (of wall-clock time) 0.000138 sec (of CPU time)
Log-likelihood of RapidNJ tree: -3580.781
--------------------------------------------------------------------
|             INITIALIZING CANDIDATE TREE SET                      |
--------------------------------------------------------------------
Generating 99 parsimony trees... 0.131 second
Computing log-likelihood of 48 initial trees ... 0.086 seconds
Current best score: -3580.781

Do NNI search on 20 best initial trees
Estimate model parameters (epsilon = 0.100)
BETTER TREE FOUND at iteration 1: -3580.781
UPDATE BEST LOG-LIKELIHOOD: -3580.773
UPDATE BEST LOG-LIKELIHOOD: -3580.767
Iteration 10 / LogL: -3580.848 / Time: 0h:0m:2s
Iteration 20 / LogL: -3580.770 / Time: 0h:0m:2s
Finish initializing candidate tree set (2)
Current best tree score: -3580.767 / CPU time: 0.541
Number of iterations: 20
--------------------------------------------------------------------
|               OPTIMIZING CANDIDATE TREE SET                      |
--------------------------------------------------------------------
Iteration 30 / LogL: -3580.781 / Time: 0h:0m:2s (0h:0m:2s left)
UPDATE BEST LOG-LIKELIHOOD: -3580.767
UPDATE BEST LOG-LIKELIHOOD: -3580.766
Iteration 40 / LogL: -3580.783 / Time: 0h:0m:2s (0h:0m:1s left)
Iteration 50 / LogL: -3580.813 / Time: 0h:0m:3s (0h:0m:1s left)
Log-likelihood cutoff on original alignment: -3595.871
WARNING: NNI search needs unusual large number of steps (7) to converge!
Iteration 60 / LogL: -3580.780 / Time: 0h:0m:3s (0h:0m:1s left)
WARNING: NNI search needs unusual large number of steps (7) to converge!
UPDATE BEST LOG-LIKELIHOOD: -3580.765
Iteration 70 / LogL: -3580.803 / Time: 0h:0m:3s (0h:0m:0s left)
Iteration 80 / LogL: -3580.781 / Time: 0h:0m:4s (0h:0m:0s left)
UPDATE BEST LOG-LIKELIHOOD: -3580.765
Iteration 90 / LogL: -3580.816 / Time: 0h:0m:4s (0h:0m:0s left)
WARNING: NNI search needs unusual large number of steps (7) to converge!
Iteration 100 / LogL: -3580.794 / Time: 0h:0m:4s (0h:0m:0s left)
Log-likelihood cutoff on original alignment: -3595.889
NOTE: Bootstrap correlation coefficient of split occurrence frequencies: 0.999
TREE SEARCH COMPLETED AFTER 102 ITERATIONS / Time: 0h:0m:4s

--------------------------------------------------------------------
|                    FINALIZING TREE SEARCH                        |
--------------------------------------------------------------------
Performs final model parameters optimization
Estimate model parameters (epsilon = 0.010)
1. Initial log-likelihood: -3580.765
Optimal log-likelihood: -3580.760
Rate parameters:  A-C: 0.60804  A-G: 2.07523  A-T: 0.60804  C-G: 1.00000  C-T: 2.07523  G-T: 1.00000
Base frequencies:  A: 0.195  C: 0.313  G: 0.314  T: 0.178
Gamma shape alpha: 1.155
Parameters optimization took 1 rounds (0.006 sec)
BEST SCORE FOUND : -3580.760
Creating bootstrap support values...
Split supports printed to NEXUS file per_gene_alignments_codon/LOC101388305_.aln.splits.nex
Total tree length: 0.609

Total number of iterations: 102
CPU time used for tree search: 1.440 sec (0h:0m:1s)
Wall-clock time used for tree search: 3.005 sec (0h:0m:3s)
Total CPU time used: 1.945 sec (0h:0m:1s)
Total wall-clock time used: 4.875 sec (0h:0m:4s)

Computing bootstrap consensus tree...
Reading input file per_gene_alignments_codon/LOC101388305_.aln.splits.nex...
7 taxa and 20 splits.
Consensus tree written to per_gene_alignments_codon/LOC101388305_.aln.contree
Reading input trees file per_gene_alignments_codon/LOC101388305_.aln.contree
Log-likelihood of consensus tree: -3580.760

Analysis results written to: 
  IQ-TREE report:                per_gene_alignments_codon/LOC101388305_.aln.iqtree
  Maximum-likelihood tree:       per_gene_alignments_codon/LOC101388305_.aln.treefile
  Likelihood distances:          per_gene_alignments_codon/LOC101388305_.aln.mldist

Ultrafast bootstrap approximation results written to:
  Split support values:          per_gene_alignments_codon/LOC101388305_.aln.splits.nex
  Consensus tree:                per_gene_alignments_codon/LOC101388305_.aln.contree
  Screen log file:               per_gene_alignments_codon/LOC101388305_.aln.log

Date and Time: Thu Oct 30 21:25:46 2025
