IQ-TREE multicore version 2.3.3 COVID-edition for Linux x86 64-bit built Apr 25 2024
Developed by Bui Quang Minh, James Barbetti, Nguyen Lam Tung, Olga Chernomor,
Heiko Schmidt, Dominik Schrempf, Michael Woodhams, Ly Trong Nhan, Thomas Wong

Host:    morpheus-OptiPlex-5050 (AVX2, FMA3, 503 GB RAM)
Command: iqtree2 -s per_gene_alignments_codon/LOC101403390_.aln.fna -m MFP -T 1 -B 1000 --prefix per_gene_alignments_codon/LOC101403390_.aln
Seed:    108812 (Using SPRNG - Scalable Parallel Random Number Generator)
Time:    Thu Oct 30 21:36:09 2025
Kernel:  AVX+FMA - 1 threads (72 CPU cores detected)

HINT: Use -nt option to specify number of threads because your CPU has 72 cores!
HINT: -nt AUTO will automatically determine the best number of threads to use.

Reading alignment file per_gene_alignments_codon/LOC101403390_.aln.fna ... Fasta format detected
Reading fasta file: done in 0.00102091 secs
Alignment most likely contains DNA/RNA sequences
Alignment has 7 sequences with 3774 columns, 219 distinct patterns
173 parsimony-informative, 565 singleton sites, 3036 constant sites
                     Gap/Ambiguity  Composition  p-value
Analyzing sequences: done in 2.28882e-05 secs
   1  Ceratotherium_simum    3.74%    passed     84.13%
   2  Diceros_bicornis       0.00%    passed     98.46%
   3  Equus_asinus           0.08%    passed     99.84%
   4  Equus_quagga           0.16%    passed     98.12%
   5  Equus_caballus         1.51%    passed     97.91%
   6  Canis_lupus            1.83%    passed     50.73%
   7  Bos_taurus             0.00%    passed     48.42%
****  TOTAL                  1.04%  0 sequences failed composition chi2 test (p-value<5%; df=3)


Create initial parsimony tree by phylogenetic likelihood library (PLL)... 0.000 seconds
Perform fast likelihood tree search using GTR+I+G model...
Estimate model parameters (epsilon = 5.000)
Perform nearest neighbor interchange...
Estimate model parameters (epsilon = 1.000)
1. Initial log-likelihood: -9592.431
Optimal log-likelihood: -9592.426
Rate parameters:  A-C: 0.97883  A-G: 2.28983  A-T: 0.30236  C-G: 1.55155  C-T: 3.36193  G-T: 1.00000
Base frequencies:  A: 0.188  C: 0.320  G: 0.310  T: 0.182
Proportion of invariable sites: 0.401
Gamma shape alpha: 4.752
Parameters optimization took 1 rounds (0.027 sec)
Time for fast ML tree search: 0.115 seconds

NOTE: ModelFinder requires 1 MB RAM!
ModelFinder will test up to 484 DNA models (sample size: 3774) ...
 No. Model         -LnL         df  AIC          AICc         BIC
  1  GTR+F         9618.270     19  19274.539    19274.742    19393.021
  2  GTR+F+I       9593.165     20  19226.330    19226.554    19351.048
  3  GTR+F+G4      9591.876     20  19223.753    19223.976    19348.470
  4  GTR+F+I+G4    9592.411     21  19226.821    19227.068    19357.775
  5  GTR+F+R2      9592.900     21  19227.800    19228.046    19358.754
  6  GTR+F+R3      9592.112     23  19230.223    19230.518    19373.649
 14  GTR+F+I+R2    9592.520     22  19229.039    19229.309    19366.229
 15  GTR+F+I+R3    9592.375     24  19232.749    19233.070    19382.411
 24  SYM+I         9738.711     17  19511.423    19511.586    19617.433
 25  SYM+G4        9736.897     17  19507.794    19507.957    19613.804
 26  SYM+I+G4      9737.926     18  19511.853    19512.035    19624.099
 46  TVM+F+I       9599.995     19  19237.991    19238.193    19356.473
 47  TVM+F+G4      9598.503     19  19235.006    19235.209    19353.488
 48  TVM+F+I+G4    9599.160     20  19238.320    19238.544    19363.038
 68  TVMe+I        9744.621     16  19521.241    19521.386    19621.016
 69  TVMe+G4       9742.731     16  19517.462    19517.607    19617.236
 70  TVMe+I+G4     9743.804     17  19521.608    19521.771    19627.618
 90  TIM3+F+I      9608.608     18  19253.216    19253.398    19365.462
 91  TIM3+F+G4     9607.393     18  19250.786    19250.968    19363.032
 92  TIM3+F+I+G4   9607.866     19  19253.733    19253.935    19372.215
112  TIM3e+I       9771.579     15  19573.159    19573.287    19666.697
113  TIM3e+G4      9769.992     15  19569.983    19570.111    19663.522
114  TIM3e+I+G4    9770.914     16  19573.828    19573.973    19673.602
134  TIM2+F+I      9606.053     18  19248.106    19248.288    19360.352
135  TIM2+F+G4     9605.137     18  19246.273    19246.455    19358.519
136  TIM2+F+I+G4   9605.418     19  19248.836    19249.038    19367.318
156  TIM2e+I       9771.000     15  19572.001    19572.129    19665.539
157  TIM2e+G4      9769.701     15  19569.401    19569.529    19662.940
158  TIM2e+I+G4    9770.357     16  19572.714    19572.859    19672.488
178  TIM+F+I       9616.934     18  19269.867    19270.049    19382.113
179  TIM+F+G4      9616.035     18  19268.070    19268.252    19380.316
180  TIM+F+I+G4    9616.304     19  19270.607    19270.810    19389.089
200  TIMe+I        9794.372     15  19618.744    19618.872    19712.283
201  TIMe+G4       9793.220     15  19616.439    19616.567    19709.978
202  TIMe+I+G4     9793.810     16  19619.620    19619.765    19719.394
222  TPM3u+F+I     9615.323     17  19264.646    19264.809    19370.656
223  TPM3u+F+G4    9613.912     17  19261.823    19261.986    19367.833
224  TPM3u+F+I+G4  9614.489     18  19264.978    19265.160    19377.224
244  TPM3+I        9777.797     14  19583.595    19583.706    19670.897
245  TPM3+G4       9776.154     14  19580.309    19580.420    19667.611
246  TPM3+I+G4     9777.126     15  19584.252    19584.380    19677.790
266  TPM2u+F+I     9613.225     17  19260.450    19260.613    19366.461
267  TPM2u+F+G4    9612.033     17  19258.066    19258.229    19364.076
268  TPM2u+F+I+G4  9612.464     18  19260.928    19261.111    19373.175
288  TPM2+I        9776.776     14  19581.551    19581.663    19668.854
289  TPM2+G4       9775.328     14  19578.656    19578.767    19665.958
290  TPM2+I+G4     9776.055     15  19582.111    19582.238    19675.649
310  K3Pu+F+I      9623.959     17  19281.919    19282.082    19387.929
311  K3Pu+F+G4     9622.795     17  19279.590    19279.753    19385.601
312  K3Pu+F+I+G4   9623.197     18  19282.393    19282.575    19394.639
332  K3P+I         9800.433     14  19628.866    19628.978    19716.168
333  K3P+G4        9799.151     14  19626.302    19626.414    19713.604
334  K3P+I+G4      9799.817     15  19629.635    19629.763    19723.173
354  TN+F+I        9619.044     17  19272.088    19272.251    19378.098
355  TN+F+G4       9618.208     17  19270.416    19270.579    19376.426
356  TN+F+I+G4     9618.434     18  19272.869    19273.051    19385.115
376  TNe+I         9800.882     14  19629.765    19629.876    19717.067
377  TNe+G4        9799.815     14  19627.629    19627.741    19714.932
378  TNe+I+G4      9800.348     15  19630.697    19630.824    19724.235
398  HKY+F+I       9626.103     16  19284.207    19284.351    19383.981
399  HKY+F+G4      9624.995     16  19281.990    19282.135    19381.764
400  HKY+F+I+G4    9625.355     17  19284.711    19284.874    19390.721
420  K2P+I         9806.981     13  19639.961    19640.058    19721.028
421  K2P+G4        9805.780     13  19637.560    19637.657    19718.627
422  K2P+I+G4      9806.392     14  19640.785    19640.896    19728.087
442  F81+F+I       9706.428     15  19442.855    19442.983    19536.393
443  F81+F+G4      9705.107     15  19440.215    19440.343    19533.753
444  F81+F+I+G4    9705.754     16  19443.508    19443.653    19543.283
464  JC+I          9872.869     12  19769.738    19769.821    19844.569
465  JC+G4         9871.579     12  19767.158    19767.241    19841.989
466  JC+I+G4       9872.358     13  19770.717    19770.814    19851.783
Akaike Information Criterion:           GTR+F+G4
Corrected Akaike Information Criterion: GTR+F+G4
Bayesian Information Criterion:         GTR+F+G4
Best-fit model: GTR+F+G4 chosen according to BIC

All model information printed to per_gene_alignments_codon/LOC101403390_.aln.model.gz
CPU time for ModelFinder: 0.587 seconds (0h:0m:0s)
Wall-clock time for ModelFinder: 1.208 seconds (0h:0m:1s)
Generating 1000 samples for ultrafast bootstrap (seed: 108812)...

NOTE: 1 MB RAM (0 GB) is required!
Estimate model parameters (epsilon = 0.100)
1. Initial log-likelihood: -9591.876
Optimal log-likelihood: -9591.876
Rate parameters:  A-C: 0.95142  A-G: 2.21963  A-T: 0.29636  C-G: 1.50896  C-T: 3.23877  G-T: 1.00000
Base frequencies:  A: 0.188  C: 0.320  G: 0.310  T: 0.182
Gamma shape alpha: 0.722
Parameters optimization took 1 rounds (0.003 sec)
Wrote distance file to... 
Computing ML distances based on estimated model parameters...
Calculating distance matrix: done in 0.000586033 secs using 99.82% CPU
Computing ML distances took 0.000645 sec (of wall-clock time) 0.000651 sec (of CPU time)
Setting up auxiliary I and S matrices: done in 4.91142e-05 secs using 97.73% CPU
Computing RapidNJ tree took 0.000133 sec (of wall-clock time) 0.000133 sec (of CPU time)
Log-likelihood of RapidNJ tree: -9708.236
--------------------------------------------------------------------
|             INITIALIZING CANDIDATE TREE SET                      |
--------------------------------------------------------------------
Generating 98 parsimony trees... 0.110 second
Computing log-likelihood of 37 initial trees ... 0.056 seconds
Current best score: -9591.876

Do NNI search on 20 best initial trees
Estimate model parameters (epsilon = 0.100)
BETTER TREE FOUND at iteration 1: -9591.875
Iteration 10 / LogL: -9592.108 / Time: 0h:0m:1s
Iteration 20 / LogL: -9591.875 / Time: 0h:0m:1s
Finish initializing candidate tree set (1)
Current best tree score: -9591.875 / CPU time: 0.469
Number of iterations: 20
--------------------------------------------------------------------
|               OPTIMIZING CANDIDATE TREE SET                      |
--------------------------------------------------------------------
UPDATE BEST LOG-LIKELIHOOD: -9591.875
UPDATE BEST LOG-LIKELIHOOD: -9591.875
Iteration 30 / LogL: -9591.877 / Time: 0h:0m:1s (0h:0m:1s left)
Iteration 40 / LogL: -9591.887 / Time: 0h:0m:2s (0h:0m:1s left)
Iteration 50 / LogL: -9591.888 / Time: 0h:0m:2s (0h:0m:1s left)
Log-likelihood cutoff on original alignment: -9620.703
Iteration 60 / LogL: -9591.888 / Time: 0h:0m:2s (0h:0m:0s left)
Iteration 70 / LogL: -9592.048 / Time: 0h:0m:2s (0h:0m:0s left)
Iteration 80 / LogL: -9591.979 / Time: 0h:0m:2s (0h:0m:0s left)
Iteration 90 / LogL: -9592.067 / Time: 0h:0m:3s (0h:0m:0s left)
Iteration 100 / LogL: -9591.888 / Time: 0h:0m:3s (0h:0m:0s left)
Log-likelihood cutoff on original alignment: -9620.703
NOTE: Bootstrap correlation coefficient of split occurrence frequencies: 1.000
TREE SEARCH COMPLETED AFTER 102 ITERATIONS / Time: 0h:0m:3s

--------------------------------------------------------------------
|                    FINALIZING TREE SEARCH                        |
--------------------------------------------------------------------
Performs final model parameters optimization
Estimate model parameters (epsilon = 0.010)
1. Initial log-likelihood: -9591.875
Optimal log-likelihood: -9591.875
Rate parameters:  A-C: 0.95235  A-G: 2.22095  A-T: 0.29640  C-G: 1.51044  C-T: 3.24395  G-T: 1.00000
Base frequencies:  A: 0.188  C: 0.320  G: 0.310  T: 0.182
Gamma shape alpha: 0.722
Parameters optimization took 1 rounds (0.003 sec)
BEST SCORE FOUND : -9591.875
Creating bootstrap support values...
Split supports printed to NEXUS file per_gene_alignments_codon/LOC101403390_.aln.splits.nex
Total tree length: 0.251

Total number of iterations: 102
CPU time used for tree search: 1.434 sec (0h:0m:1s)
Wall-clock time used for tree search: 1.900 sec (0h:0m:1s)
Total CPU time used: 2.103 sec (0h:0m:2s)
Total wall-clock time used: 3.272 sec (0h:0m:3s)

Computing bootstrap consensus tree...
Reading input file per_gene_alignments_codon/LOC101403390_.aln.splits.nex...
7 taxa and 14 splits.
Consensus tree written to per_gene_alignments_codon/LOC101403390_.aln.contree
Reading input trees file per_gene_alignments_codon/LOC101403390_.aln.contree
Log-likelihood of consensus tree: -9591.875

Analysis results written to: 
  IQ-TREE report:                per_gene_alignments_codon/LOC101403390_.aln.iqtree
  Maximum-likelihood tree:       per_gene_alignments_codon/LOC101403390_.aln.treefile
  Likelihood distances:          per_gene_alignments_codon/LOC101403390_.aln.mldist

Ultrafast bootstrap approximation results written to:
  Split support values:          per_gene_alignments_codon/LOC101403390_.aln.splits.nex
  Consensus tree:                per_gene_alignments_codon/LOC101403390_.aln.contree
  Screen log file:               per_gene_alignments_codon/LOC101403390_.aln.log

Date and Time: Thu Oct 30 21:36:12 2025
