IQ-TREE multicore version 2.3.3 COVID-edition for Linux x86 64-bit built Apr 25 2024
Developed by Bui Quang Minh, James Barbetti, Nguyen Lam Tung, Olga Chernomor,
Heiko Schmidt, Dominik Schrempf, Michael Woodhams, Ly Trong Nhan, Thomas Wong

Host:    morpheus-OptiPlex-5050 (AVX2, FMA3, 503 GB RAM)
Command: iqtree2 -s per_gene_alignments_codon/LOC101395394_.aln.fna -m MFP -T 1 -B 1000 --prefix per_gene_alignments_codon/LOC101395394_.aln
Seed:    892414 (Using SPRNG - Scalable Parallel Random Number Generator)
Time:    Thu Oct 30 21:30:39 2025
Kernel:  AVX+FMA - 1 threads (72 CPU cores detected)

HINT: Use -nt option to specify number of threads because your CPU has 72 cores!
HINT: -nt AUTO will automatically determine the best number of threads to use.

Reading alignment file per_gene_alignments_codon/LOC101395394_.aln.fna ... Fasta format detected
Reading fasta file: done in 0.000342846 secs
Alignment most likely contains DNA/RNA sequences
Alignment has 7 sequences with 1062 columns, 71 distinct patterns
48 parsimony-informative, 115 singleton sites, 899 constant sites
                     Gap/Ambiguity  Composition  p-value
Analyzing sequences: done in 1.40667e-05 secs
   1  Ceratotherium_simum    0.00%    passed     89.51%
   2  Diceros_bicornis       0.00%    passed     88.45%
   3  Equus_asinus           0.00%    passed     87.11%
   4  Equus_quagga           0.00%    passed     89.21%
   5  Equus_caballus         0.00%    passed     94.21%
   6  Canis_lupus            0.00%    failed      0.64%
   7  Bos_taurus             1.98%    passed     98.23%
****  TOTAL                  0.28%  1 sequences failed composition chi2 test (p-value<5%; df=3)


Create initial parsimony tree by phylogenetic likelihood library (PLL)... 0.000 seconds
Perform fast likelihood tree search using GTR+I+G model...
Estimate model parameters (epsilon = 5.000)
Perform nearest neighbor interchange...
Estimate model parameters (epsilon = 1.000)
1. Initial log-likelihood: -2386.636
Optimal log-likelihood: -2386.576
Rate parameters:  A-C: 2.17352  A-G: 7.31693  A-T: 0.87907  C-G: 1.53780  C-T: 8.89343  G-T: 1.00000
Base frequencies:  A: 0.290  C: 0.210  G: 0.264  T: 0.236
Proportion of invariable sites: 0.419
Gamma shape alpha: 0.772
Parameters optimization took 1 rounds (0.016 sec)
Time for fast ML tree search: 0.076 seconds

NOTE: ModelFinder requires 0 MB RAM!
ModelFinder will test up to 484 DNA models (sample size: 1062) ...
 No. Model         -LnL         df  AIC          AICc         BIC
  1  GTR+F         2399.564     19  4837.129     4837.858     4931.519
  2  GTR+F+I       2386.963     20  4813.926     4814.733     4913.284
  3  GTR+F+G4      2386.738     20  4813.476     4814.283     4912.834
  4  GTR+F+I+G4    2386.569     21  4815.139     4816.027     4919.465
  5  GTR+F+R2      2387.320     21  4816.640     4817.529     4920.966
  6  GTR+F+R3      2386.929     23  4819.859     4820.922     4934.120
 14  GTR+F+I+R2    2386.912     22  4817.824     4818.798     4927.118
 15  GTR+F+I+R3    2386.660     24  4821.320     4822.477     4940.550
 24  SYM+I         2392.138     17  4818.277     4818.863     4902.731
 25  SYM+G4        2391.937     17  4817.874     4818.460     4902.328
 26  SYM+I+G4      2391.813     18  4819.627     4820.282     4909.049
 27  SYM+R2        2392.762     18  4821.523     4822.179     4910.946
 46  TVM+F+I       2387.200     19  4812.400     4813.130     4906.791
 47  TVM+F+G4      2387.024     19  4812.049     4812.778     4906.439
 48  TVM+F+I+G4    2386.910     20  4813.820     4814.627     4913.178
 49  TVM+F+R2      2387.645     20  4815.290     4816.097     4914.648
 68  TVMe+I        2392.242     16  4816.483     4817.004     4895.970
 69  TVMe+G4       2391.996     16  4815.993     4816.514     4895.480
 70  TVMe+I+G4     2391.857     17  4817.713     4818.300     4902.168
 71  TVMe+R2       2392.784     17  4819.568     4820.154     4904.022
 90  TIM3+F+I      2387.151     18  4810.302     4810.958     4899.724
 91  TIM3+F+G4     2386.920     18  4809.840     4810.496     4899.262
 92  TIM3+F+I+G4   2386.755     19  4811.510     4812.239     4905.900
 93  TIM3+F+R2     2387.505     19  4813.010     4813.740     4907.401
112  TIM3e+I       2392.453     15  4814.906     4815.364     4889.424
113  TIM3e+G4      2392.269     15  4814.539     4814.997     4889.057
114  TIM3e+I+G4    2392.152     16  4816.304     4816.824     4895.790
115  TIM3e+R2      2392.904     16  4817.807     4818.328     4897.294
134  TIM2+F+I      2389.356     18  4814.713     4815.368     4904.135
135  TIM2+F+G4     2389.095     18  4814.189     4814.845     4903.612
136  TIM2+F+I+G4   2388.943     19  4815.885     4816.615     4910.276
137  TIM2+F+R2     2389.836     19  4817.673     4818.402     4912.063
156  TIM2e+I       2393.938     15  4817.875     4818.334     4892.394
157  TIM2e+G4      2393.727     15  4817.454     4817.913     4891.972
158  TIM2e+I+G4    2393.613     16  4819.226     4819.747     4898.713
159  TIM2e+R2      2394.608     16  4821.215     4821.736     4900.702
178  TIM+F+I       2389.250     18  4814.499     4815.155     4903.922
179  TIM+F+G4      2388.971     18  4813.941     4814.597     4903.363
180  TIM+F+I+G4    2388.819     19  4815.637     4816.367     4910.028
181  TIM+F+R2      2389.790     19  4817.579     4818.309     4911.970
200  TIMe+I        2393.988     15  4817.976     4818.434     4892.494
201  TIMe+G4       2393.758     15  4817.517     4817.976     4892.035
202  TIMe+I+G4     2393.642     16  4819.284     4819.804     4898.770
203  TIMe+R2       2394.617     16  4821.234     4821.755     4900.721
222  TPM3u+F+I     2387.376     17  4808.752     4809.338     4893.206
223  TPM3u+F+G4    2387.220     17  4808.440     4809.027     4892.895
224  TPM3u+F+I+G4  2387.104     18  4810.208     4810.864     4899.631
225  TPM3u+F+R2    2387.849     18  4811.698     4812.354     4901.121
244  TPM3+I        2392.560     14  4813.120     4813.521     4882.671
245  TPM3+G4       2392.334     14  4812.668     4813.069     4882.218
246  TPM3+I+G4     2392.194     15  4814.388     4814.847     4888.907
247  TPM3+R2       2393.017     15  4816.034     4816.493     4890.553
266  TPM2u+F+I     2389.589     17  4813.178     4813.764     4897.632
267  TPM2u+F+G4    2389.412     17  4812.825     4813.411     4897.279
268  TPM2u+F+I+G4  2389.313     18  4814.627     4815.283     4904.049
269  TPM2u+F+R2    2390.180     18  4816.360     4817.016     4905.783
288  TPM2+I        2394.036     14  4816.071     4816.473     4885.622
289  TPM2+G4       2393.782     14  4815.564     4815.965     4885.114
290  TPM2+I+G4     2393.650     15  4817.300     4817.759     4891.819
291  TPM2+R2       2394.621     15  4819.241     4819.700     4893.760
310  K3Pu+F+I      2389.480     17  4812.961     4813.547     4897.415
311  K3Pu+F+G4     2389.287     17  4812.574     4813.161     4897.029
312  K3Pu+F+I+G4   2389.185     18  4814.371     4815.026     4903.793
313  K3Pu+F+R2     2390.039     18  4816.078     4816.734     4905.500
332  K3P+I         2394.086     14  4816.172     4816.573     4885.723
333  K3P+G4        2393.814     14  4815.629     4816.030     4885.180
334  K3P+I+G4      2393.680     15  4817.361     4817.820     4891.880
335  K3P+R2        2394.729     15  4819.458     4819.917     4893.977
354  TN+F+I        2389.490     17  4812.979     4813.566     4897.434
355  TN+F+G4       2389.230     17  4812.460     4813.046     4896.914
356  TN+F+I+G4     2389.077     18  4814.153     4814.809     4903.575
357  TN+F+R2       2389.970     18  4815.941     4816.597     4905.363
376  TNe+I         2394.191     14  4816.382     4816.783     4885.933
377  TNe+G4        2393.983     14  4815.967     4816.368     4885.517
378  TNe+I+G4      2393.868     15  4817.737     4818.196     4892.255
379  TNe+R2        2394.755     15  4819.510     4819.969     4894.028
398  HKY+F+I       2389.714     16  4811.428     4811.949     4890.915
399  HKY+F+G4      2389.539     16  4811.078     4811.599     4890.565
400  HKY+F+I+G4    2389.442     17  4812.885     4813.471     4897.339
401  HKY+F+R2      2390.206     17  4814.412     4814.998     4898.866
420  K2P+I         2394.296     13  4814.592     4814.940     4879.175
421  K2P+G4        2394.042     13  4814.084     4814.432     4878.667
422  K2P+I+G4      2393.907     14  4815.813     4816.214     4885.364
423  K2P+R2        2394.783     14  4817.565     4817.966     4887.116
442  F81+F+I       2446.848     15  4923.695     4924.154     4998.214
443  F81+F+G4      2446.365     15  4922.730     4923.189     4997.248
444  F81+F+I+G4    2446.287     16  4924.574     4925.095     5004.061
445  F81+F+R2      2448.264     16  4928.529     4929.050     5008.016
464  JC+I          2452.028     12  4928.057     4928.354     4987.672
465  JC+G4         2451.580     12  4927.160     4927.457     4986.775
466  JC+I+G4       2451.505     13  4929.009     4929.357     4993.592
467  JC+R2         2453.399     13  4932.798     4933.145     4997.381
Akaike Information Criterion:           TPM3u+F+G4
Corrected Akaike Information Criterion: TPM3u+F+G4
Bayesian Information Criterion:         K2P+G4
Best-fit model: K2P+G4 chosen according to BIC

All model information printed to per_gene_alignments_codon/LOC101395394_.aln.model.gz
CPU time for ModelFinder: 1.116 seconds (0h:0m:1s)
Wall-clock time for ModelFinder: 1.990 seconds (0h:0m:1s)
Generating 1000 samples for ultrafast bootstrap (seed: 892414)...

NOTE: 0 MB RAM (0 GB) is required!
Estimate model parameters (epsilon = 0.100)
1. Initial log-likelihood: -2394.042
Optimal log-likelihood: -2394.040
Rate parameters:  A-C: 1.00000  A-G: 6.09110  A-T: 1.00000  C-G: 1.00000  C-T: 6.09110  G-T: 1.00000
Base frequencies:  A: 0.250  C: 0.250  G: 0.250  T: 0.250
Gamma shape alpha: 0.227
Parameters optimization took 1 rounds (0.001 sec)
Wrote distance file to... 
Computing ML distances based on estimated model parameters...
Calculating distance matrix: done in 0.000519037 secs using 99.8% CPU
Computing ML distances took 0.000571 sec (of wall-clock time) 0.000577 sec (of CPU time)
Setting up auxiliary I and S matrices: done in 5.07832e-05 secs using 208.7% CPU
Computing RapidNJ tree took 0.000171 sec (of wall-clock time) 0.000335 sec (of CPU time)
Log-likelihood of RapidNJ tree: -2394.041
--------------------------------------------------------------------
|             INITIALIZING CANDIDATE TREE SET                      |
--------------------------------------------------------------------
Generating 99 parsimony trees... 0.074 second
Computing log-likelihood of 47 initial trees ... 0.034 seconds
Current best score: -2394.040

Do NNI search on 20 best initial trees
Estimate model parameters (epsilon = 0.100)
BETTER TREE FOUND at iteration 1: -2394.040
Iteration 10 / LogL: -2394.052 / Time: 0h:0m:2s
Iteration 20 / LogL: -2394.049 / Time: 0h:0m:2s
Finish initializing candidate tree set (1)
Current best tree score: -2394.040 / CPU time: 0.195
Number of iterations: 20
--------------------------------------------------------------------
|               OPTIMIZING CANDIDATE TREE SET                      |
--------------------------------------------------------------------
UPDATE BEST LOG-LIKELIHOOD: -2394.040
UPDATE BEST LOG-LIKELIHOOD: -2394.040
Iteration 30 / LogL: -2394.055 / Time: 0h:0m:2s (0h:0m:0s left)
UPDATE BEST LOG-LIKELIHOOD: -2394.040
Iteration 40 / LogL: -2394.103 / Time: 0h:0m:2s (0h:0m:0s left)
Iteration 50 / LogL: -2394.048 / Time: 0h:0m:2s (0h:0m:0s left)
Log-likelihood cutoff on original alignment: -2424.252
UPDATE BEST LOG-LIKELIHOOD: -2394.040
Iteration 60 / LogL: -2394.048 / Time: 0h:0m:2s (0h:0m:0s left)
Iteration 70 / LogL: -2394.040 / Time: 0h:0m:2s (0h:0m:0s left)
Iteration 80 / LogL: -2394.237 / Time: 0h:0m:2s (0h:0m:0s left)
UPDATE BEST LOG-LIKELIHOOD: -2394.040
Iteration 90 / LogL: -2394.040 / Time: 0h:0m:3s (0h:0m:0s left)
UPDATE BEST LOG-LIKELIHOOD: -2394.040
UPDATE BEST LOG-LIKELIHOOD: -2394.040
Iteration 100 / LogL: -2394.040 / Time: 0h:0m:3s (0h:0m:0s left)
Log-likelihood cutoff on original alignment: -2424.252
NOTE: Bootstrap correlation coefficient of split occurrence frequencies: 1.000
UPDATE BEST LOG-LIKELIHOOD: -2394.040
UPDATE BEST LOG-LIKELIHOOD: -2394.040
TREE SEARCH COMPLETED AFTER 102 ITERATIONS / Time: 0h:0m:3s

--------------------------------------------------------------------
|                    FINALIZING TREE SEARCH                        |
--------------------------------------------------------------------
Performs final model parameters optimization
Estimate model parameters (epsilon = 0.010)
1. Initial log-likelihood: -2394.040
Optimal log-likelihood: -2394.040
Rate parameters:  A-C: 1.00000  A-G: 6.07249  A-T: 1.00000  C-G: 1.00000  C-T: 6.07249  G-T: 1.00000
Base frequencies:  A: 0.250  C: 0.250  G: 0.250  T: 0.250
Gamma shape alpha: 0.228
Parameters optimization took 1 rounds (0.001 sec)
BEST SCORE FOUND : -2394.040
Creating bootstrap support values...
Split supports printed to NEXUS file per_gene_alignments_codon/LOC101395394_.aln.splits.nex
Total tree length: 0.223

Total number of iterations: 102
CPU time used for tree search: 1.052 sec (0h:0m:1s)
Wall-clock time used for tree search: 1.149 sec (0h:0m:1s)
Total CPU time used: 2.245 sec (0h:0m:2s)
Total wall-clock time used: 3.216 sec (0h:0m:3s)

Computing bootstrap consensus tree...
Reading input file per_gene_alignments_codon/LOC101395394_.aln.splits.nex...
7 taxa and 21 splits.
Consensus tree written to per_gene_alignments_codon/LOC101395394_.aln.contree
Reading input trees file per_gene_alignments_codon/LOC101395394_.aln.contree
Log-likelihood of consensus tree: -2394.040

Analysis results written to: 
  IQ-TREE report:                per_gene_alignments_codon/LOC101395394_.aln.iqtree
  Maximum-likelihood tree:       per_gene_alignments_codon/LOC101395394_.aln.treefile
  Likelihood distances:          per_gene_alignments_codon/LOC101395394_.aln.mldist

Ultrafast bootstrap approximation results written to:
  Split support values:          per_gene_alignments_codon/LOC101395394_.aln.splits.nex
  Consensus tree:                per_gene_alignments_codon/LOC101395394_.aln.contree
  Screen log file:               per_gene_alignments_codon/LOC101395394_.aln.log

Date and Time: Thu Oct 30 21:30:43 2025
