IQ-TREE multicore version 2.3.3 COVID-edition for Linux x86 64-bit built Apr 25 2024
Developed by Bui Quang Minh, James Barbetti, Nguyen Lam Tung, Olga Chernomor,
Heiko Schmidt, Dominik Schrempf, Michael Woodhams, Ly Trong Nhan, Thomas Wong

Host:    morpheus-OptiPlex-5050 (AVX2, FMA3, 503 GB RAM)
Command: iqtree2 -s per_gene_alignments_codon/LOC101389517_.aln.fna -m MFP -T 1 -B 1000 --prefix per_gene_alignments_codon/LOC101389517_.aln
Seed:    506343 (Using SPRNG - Scalable Parallel Random Number Generator)
Time:    Thu Oct 30 21:26:33 2025
Kernel:  AVX+FMA - 1 threads (72 CPU cores detected)

HINT: Use -nt option to specify number of threads because your CPU has 72 cores!
HINT: -nt AUTO will automatically determine the best number of threads to use.

Reading alignment file per_gene_alignments_codon/LOC101389517_.aln.fna ... Fasta format detected
Reading fasta file: done in 0.000623941 secs using 66.51% CPU
Alignment most likely contains DNA/RNA sequences
Alignment has 7 sequences with 2124 columns, 54 distinct patterns
55 parsimony-informative, 95 singleton sites, 1974 constant sites
                     Gap/Ambiguity  Composition  p-value
Analyzing sequences: done in 2.5034e-05 secs using 91.88% CPU
   1  Ceratotherium_simum    0.00%    passed     99.95%
   2  Diceros_bicornis       0.00%    passed     99.84%
   3  Equus_asinus           0.00%    passed     99.90%
   4  Equus_quagga           0.00%    passed     99.85%
   5  Equus_caballus         0.00%    passed     99.48%
   6  Canis_lupus            0.00%    passed     95.64%
   7  Bos_taurus             0.00%    passed     99.78%
****  TOTAL                  0.00%  0 sequences failed composition chi2 test (p-value<5%; df=3)


Create initial parsimony tree by phylogenetic likelihood library (PLL)... 0.000 seconds
Perform fast likelihood tree search using GTR+I+G model...
Estimate model parameters (epsilon = 5.000)
Perform nearest neighbor interchange...
Estimate model parameters (epsilon = 1.000)
1. Initial log-likelihood: -3796.793
Optimal log-likelihood: -3796.788
Rate parameters:  A-C: 2.28554  A-G: 19.31421  A-T: 2.86234  C-G: 2.70182  C-T: 27.61118  G-T: 1.00000
Base frequencies:  A: 0.331  C: 0.171  G: 0.213  T: 0.285
Proportion of invariable sites: 0.463
Gamma shape alpha: 0.651
Parameters optimization took 1 rounds (0.002 sec)
Time for fast ML tree search: 0.084 seconds

NOTE: ModelFinder requires 0 MB RAM!
ModelFinder will test up to 484 DNA models (sample size: 2124) ...
 No. Model         -LnL         df  AIC          AICc         BIC
  1  GTR+F         3803.822     19  7645.645     7646.006     7753.205
  2  GTR+F+I       3796.746     20  7633.491     7633.891     7746.712
  3  GTR+F+G4      3796.754     20  7633.508     7633.907     7746.729
  4  GTR+F+I+G4    3796.789     21  7635.579     7636.018     7754.461
  5  GTR+F+R2      3800.686     21  7643.372     7643.812     7762.254
  6  GTR+F+R3      3798.214     23  7642.427     7642.953     7772.632
 14  GTR+F+I+R2    3797.162     22  7638.324     7638.806     7762.868
 15  GTR+F+I+R3    3796.913     24  7641.825     7642.397     7777.690
 23  SYM           3872.157     16  7776.313     7776.571     7866.890
 24  SYM+I         3865.789     17  7765.577     7765.868     7861.815
 25  SYM+G4        3865.787     17  7765.574     7765.864     7861.812
 26  SYM+I+G4      3865.786     18  7767.572     7767.897     7869.471
 45  TVM+F         3805.564     18  7647.127     7647.452     7749.026
 46  TVM+F+I       3798.350     19  7634.700     7635.062     7742.261
 47  TVM+F+G4      3798.358     19  7634.716     7635.077     7742.276
 48  TVM+F+I+G4    3798.406     20  7636.813     7637.212     7750.034
 67  TVMe          3872.452     15  7774.904     7775.132     7859.820
 68  TVMe+I        3866.092     16  7764.185     7764.443     7854.762
 69  TVMe+G4       3866.092     16  7764.184     7764.442     7854.761
 70  TVMe+I+G4     3866.095     17  7766.191     7766.481     7862.429
 89  TIM3+F        3805.487     17  7644.973     7645.264     7741.211
 90  TIM3+F+I      3798.141     18  7632.282     7632.607     7734.181
 91  TIM3+F+G4     3798.149     18  7632.299     7632.624     7734.198
 92  TIM3+F+I+G4   3798.214     19  7634.427     7634.788     7741.987
111  TIM3e         3874.805     14  7777.611     7777.810     7856.866
112  TIM3e+I       3868.221     15  7766.443     7766.670     7851.358
113  TIM3e+G4      3868.229     15  7766.459     7766.686     7851.374
114  TIM3e+I+G4    3868.244     16  7768.488     7768.746     7859.065
133  TIM2+F        3804.791     17  7643.582     7643.873     7739.820
134  TIM2+F+I      3797.596     18  7631.191     7631.516     7733.090
135  TIM2+F+G4     3797.606     18  7631.211     7631.536     7733.110
136  TIM2+F+I+G4   3797.660     19  7633.319     7633.680     7740.879
155  TIM2e         3873.370     14  7774.740     7774.939     7853.994
156  TIM2e+I       3866.888     15  7763.776     7764.003     7848.691
157  TIM2e+G4      3866.892     15  7763.783     7764.011     7848.699
158  TIM2e+I+G4    3866.905     16  7765.811     7766.069     7856.388
177  TIM+F         3804.636     17  7643.272     7643.562     7739.510
178  TIM+F+I       3797.433     18  7630.867     7631.192     7732.766
179  TIM+F+G4      3797.443     18  7630.885     7631.210     7732.784
180  TIM+F+I+G4    3797.480     19  7632.961     7633.322     7740.521
199  TIMe          3873.565     14  7775.130     7775.330     7854.385
200  TIMe+I        3867.113     15  7764.226     7764.454     7849.142
201  TIMe+G4       3867.111     15  7764.222     7764.449     7849.137
202  TIMe+I+G4     3867.114     16  7766.228     7766.486     7856.805
221  TPM3u+F       3807.225     16  7646.451     7646.709     7737.028
222  TPM3u+F+I     3799.727     17  7633.454     7633.745     7729.692
223  TPM3u+F+G4    3799.739     17  7633.477     7633.768     7729.715
224  TPM3u+F+I+G4  3799.820     18  7635.640     7635.965     7737.539
243  TPM3          3875.104     13  7776.208     7776.380     7849.802
244  TPM3+I        3868.536     14  7765.072     7765.271     7844.327
245  TPM3+G4       3868.546     14  7765.093     7765.292     7844.348
246  TPM3+I+G4     3868.566     15  7767.132     7767.360     7852.048
265  TPM2u+F       3806.531     16  7645.061     7645.320     7735.638
266  TPM2u+F+I     3799.209     17  7632.417     7632.708     7728.655
267  TPM2u+F+G4    3799.220     17  7632.439     7632.730     7728.677
268  TPM2u+F+I+G4  3799.282     18  7634.563     7634.888     7736.462
287  TPM2          3873.664     13  7773.329     7773.501     7846.923
288  TPM2+I        3867.190     14  7762.379     7762.579     7841.634
289  TPM2+G4       3867.208     14  7762.416     7762.615     7841.670
290  TPM2+I+G4     3867.212     15  7764.424     7764.651     7849.340
309  K3Pu+F        3806.376     16  7644.752     7645.010     7735.329
310  K3Pu+F+I      3799.017     17  7632.033     7632.324     7728.271
311  K3Pu+F+G4     3799.026     17  7632.051     7632.342     7728.289
312  K3Pu+F+I+G4   3799.083     18  7634.166     7634.491     7736.065
331  K3P           3873.862     13  7773.723     7773.896     7847.317
332  K3P+I         3867.417     14  7762.833     7763.032     7842.088
333  K3P+G4        3867.419     14  7762.838     7763.037     7842.093
334  K3P+I+G4      3867.428     15  7764.855     7765.083     7849.771
353  TN+F          3805.528     16  7643.057     7643.315     7733.634
354  TN+F+I        3798.194     17  7630.388     7630.679     7726.626
355  TN+F+G4       3798.206     17  7630.412     7630.702     7726.650
356  TN+F+I+G4     3798.265     18  7632.531     7632.856     7734.430
375  TNe           3874.914     13  7775.829     7776.001     7849.422
376  TNe+I         3868.351     14  7764.702     7764.901     7843.956
377  TNe+G4        3868.358     14  7764.716     7764.915     7843.971
378  TNe+I+G4      3868.379     15  7766.757     7766.985     7851.673
397  HKY+F         3807.267     15  7644.534     7644.761     7729.450
398  HKY+F+I       3799.777     16  7631.553     7631.811     7722.130
399  HKY+F+G4      3799.788     16  7631.576     7631.834     7722.153
400  HKY+F+I+G4    3799.868     17  7633.736     7634.026     7729.974
419  K2P           3875.212     12  7774.423     7774.571     7842.356
420  K2P+I         3868.662     13  7763.324     7763.496     7836.917
421  K2P+G4        3868.670     13  7763.341     7763.513     7836.934
422  K2P+I+G4      3868.697     14  7765.394     7765.593     7844.649
441  F81+F         3889.438     14  7806.876     7807.075     7886.131
442  F81+F+I       3884.337     15  7798.674     7798.902     7883.590
443  F81+F+G4      3884.386     15  7798.772     7799.000     7883.688
444  F81+F+I+G4    3884.421     16  7800.843     7801.101     7891.420
463  JC            3954.109     11  7930.217     7930.342     7992.489
464  JC+I          3949.124     12  7922.248     7922.395     7990.180
465  JC+G4         3949.159     12  7922.319     7922.466     7990.251
466  JC+I+G4       3949.183     13  7924.365     7924.538     7997.959
Akaike Information Criterion:           TN+F+I
Corrected Akaike Information Criterion: TN+F+I
Bayesian Information Criterion:         HKY+F+I
Best-fit model: HKY+F+I chosen according to BIC

All model information printed to per_gene_alignments_codon/LOC101389517_.aln.model.gz
CPU time for ModelFinder: 0.290 seconds (0h:0m:0s)
Wall-clock time for ModelFinder: 0.427 seconds (0h:0m:0s)
Generating 1000 samples for ultrafast bootstrap (seed: 506343)...

NOTE: 0 MB RAM (0 GB) is required!
Estimate model parameters (epsilon = 0.100)
1. Initial log-likelihood: -3799.777
Optimal log-likelihood: -3799.776
Rate parameters:  A-C: 1.00000  A-G: 10.19541  A-T: 1.00000  C-G: 1.00000  C-T: 10.19541  G-T: 1.00000
Base frequencies:  A: 0.331  C: 0.171  G: 0.213  T: 0.285
Proportion of invariable sites: 0.735
Parameters optimization took 1 rounds (0.000 sec)
Wrote distance file to... 
Computing ML distances based on estimated model parameters...
Calculating distance matrix: done in 0.000213146 secs using 98.99% CPU
Computing ML distances took 0.000260 sec (of wall-clock time) 0.000265 sec (of CPU time)
Setting up auxiliary I and S matrices: done in 4.69685e-05 secs using 200.1% CPU
Computing RapidNJ tree took 0.000149 sec (of wall-clock time) 0.000295 sec (of CPU time)
Log-likelihood of RapidNJ tree: -3799.787
--------------------------------------------------------------------
|             INITIALIZING CANDIDATE TREE SET                      |
--------------------------------------------------------------------
Generating 98 parsimony trees... 0.062 second
Computing log-likelihood of 51 initial trees ... 0.021 seconds
Current best score: -3799.776

Do NNI search on 20 best initial trees
Estimate model parameters (epsilon = 0.100)
BETTER TREE FOUND at iteration 1: -3799.776
UPDATE BEST LOG-LIKELIHOOD: -3799.774
UPDATE BEST LOG-LIKELIHOOD: -3799.774
Iteration 10 / LogL: -3799.778 / Time: 0h:0m:0s
UPDATE BEST LOG-LIKELIHOOD: -3799.774
Iteration 20 / LogL: -3799.777 / Time: 0h:0m:0s
Finish initializing candidate tree set (1)
Current best tree score: -3799.774 / CPU time: 0.213
Number of iterations: 20
--------------------------------------------------------------------
|               OPTIMIZING CANDIDATE TREE SET                      |
--------------------------------------------------------------------
UPDATE BEST LOG-LIKELIHOOD: -3799.774
UPDATE BEST LOG-LIKELIHOOD: -3799.774
Iteration 30 / LogL: -3799.774 / Time: 0h:0m:0s (0h:0m:0s left)
Iteration 40 / LogL: -3799.775 / Time: 0h:0m:0s (0h:0m:0s left)
Iteration 50 / LogL: -3799.774 / Time: 0h:0m:1s (0h:0m:0s left)
Log-likelihood cutoff on original alignment: -3809.747
UPDATE BEST LOG-LIKELIHOOD: -3799.774
UPDATE BEST LOG-LIKELIHOOD: -3799.774
UPDATE BEST LOG-LIKELIHOOD: -3799.774
Iteration 60 / LogL: -3799.774 / Time: 0h:0m:1s (0h:0m:0s left)
Iteration 70 / LogL: -3799.774 / Time: 0h:0m:1s (0h:0m:0s left)
Iteration 80 / LogL: -3799.774 / Time: 0h:0m:1s (0h:0m:0s left)
Iteration 90 / LogL: -3799.774 / Time: 0h:0m:1s (0h:0m:0s left)
Iteration 100 / LogL: -3799.774 / Time: 0h:0m:1s (0h:0m:0s left)
Log-likelihood cutoff on original alignment: -3810.610
NOTE: Bootstrap correlation coefficient of split occurrence frequencies: 1.000
TREE SEARCH COMPLETED AFTER 102 ITERATIONS / Time: 0h:0m:1s

--------------------------------------------------------------------
|                    FINALIZING TREE SEARCH                        |
--------------------------------------------------------------------
Performs final model parameters optimization
Estimate model parameters (epsilon = 0.010)
1. Initial log-likelihood: -3799.774
Optimal log-likelihood: -3799.774
Rate parameters:  A-C: 1.00000  A-G: 10.20437  A-T: 1.00000  C-G: 1.00000  C-T: 10.20437  G-T: 1.00000
Base frequencies:  A: 0.331  C: 0.171  G: 0.213  T: 0.285
Proportion of invariable sites: 0.735
Parameters optimization took 1 rounds (0.001 sec)
BEST SCORE FOUND : -3799.774
Creating bootstrap support values...
Split supports printed to NEXUS file per_gene_alignments_codon/LOC101389517_.aln.splits.nex
Total tree length: 0.085

Total number of iterations: 102
CPU time used for tree search: 0.986 sec (0h:0m:0s)
Wall-clock time used for tree search: 1.182 sec (0h:0m:1s)
Total CPU time used: 1.343 sec (0h:0m:1s)
Total wall-clock time used: 1.679 sec (0h:0m:1s)

Computing bootstrap consensus tree...
Reading input file per_gene_alignments_codon/LOC101389517_.aln.splits.nex...
7 taxa and 15 splits.
Consensus tree written to per_gene_alignments_codon/LOC101389517_.aln.contree
Reading input trees file per_gene_alignments_codon/LOC101389517_.aln.contree
Log-likelihood of consensus tree: -3799.784

Analysis results written to: 
  IQ-TREE report:                per_gene_alignments_codon/LOC101389517_.aln.iqtree
  Maximum-likelihood tree:       per_gene_alignments_codon/LOC101389517_.aln.treefile
  Likelihood distances:          per_gene_alignments_codon/LOC101389517_.aln.mldist

Ultrafast bootstrap approximation results written to:
  Split support values:          per_gene_alignments_codon/LOC101389517_.aln.splits.nex
  Consensus tree:                per_gene_alignments_codon/LOC101389517_.aln.contree
  Screen log file:               per_gene_alignments_codon/LOC101389517_.aln.log

Date and Time: Thu Oct 30 21:26:35 2025
