IQ-TREE multicore version 2.3.3 COVID-edition for Linux x86 64-bit built Apr 25 2024
Developed by Bui Quang Minh, James Barbetti, Nguyen Lam Tung, Olga Chernomor,
Heiko Schmidt, Dominik Schrempf, Michael Woodhams, Ly Trong Nhan, Thomas Wong

Host:    morpheus-OptiPlex-5050 (AVX2, FMA3, 503 GB RAM)
Command: iqtree2 -s per_gene_alignments_codon/LOC101387886_.aln.fna -m MFP -T 1 -B 1000 --prefix per_gene_alignments_codon/LOC101387886_.aln
Seed:    617499 (Using SPRNG - Scalable Parallel Random Number Generator)
Time:    Thu Oct 30 21:25:23 2025
Kernel:  AVX+FMA - 1 threads (72 CPU cores detected)

HINT: Use -nt option to specify number of threads because your CPU has 72 cores!
HINT: -nt AUTO will automatically determine the best number of threads to use.

Reading alignment file per_gene_alignments_codon/LOC101387886_.aln.fna ... Fasta format detected
Reading fasta file: done in 0.000335932 secs using 49.41% CPU
Alignment most likely contains DNA/RNA sequences
Alignment has 7 sequences with 1110 columns, 60 distinct patterns
63 parsimony-informative, 71 singleton sites, 976 constant sites
                     Gap/Ambiguity  Composition  p-value
Analyzing sequences: done in 1.50204e-05 secs using 46.6% CPU
   1  Ceratotherium_simum    0.00%    passed     87.97%
   2  Diceros_bicornis       0.00%    passed     88.95%
   3  Equus_asinus           0.00%    passed     99.57%
   4  Equus_quagga           0.00%    passed     99.57%
   5  Equus_caballus         0.00%    passed     98.78%
   6  Canis_lupus            0.00%    passed     97.18%
   7  Bos_taurus             0.00%    passed     88.90%
****  TOTAL                  0.00%  0 sequences failed composition chi2 test (p-value<5%; df=3)
NOTE: Equus_quagga is identical to Equus_asinus but kept for subsequent analysis


Create initial parsimony tree by phylogenetic likelihood library (PLL)... 0.000 seconds
Perform fast likelihood tree search using GTR+I+G model...
Estimate model parameters (epsilon = 5.000)
Perform nearest neighbor interchange...
Estimate model parameters (epsilon = 1.000)
1. Initial log-likelihood: -2343.343
Optimal log-likelihood: -2343.327
Rate parameters:  A-C: 1.26670  A-G: 7.25042  A-T: 0.42931  C-G: 0.97210  C-T: 5.51484  G-T: 1.00000
Base frequencies:  A: 0.292  C: 0.192  G: 0.236  T: 0.281
Proportion of invariable sites: 0.436
Gamma shape alpha: 0.563
Parameters optimization took 1 rounds (0.030 sec)
Time for fast ML tree search: 0.099 seconds

NOTE: ModelFinder requires 0 MB RAM!
ModelFinder will test up to 484 DNA models (sample size: 1110) ...
 No. Model         -LnL         df  AIC          AICc         BIC
  1  GTR+F         2357.560     19  4753.120     4753.818     4848.351
  2  GTR+F+I       2343.500     20  4726.999     4727.771     4827.242
  3  GTR+F+G4      2343.457     20  4726.915     4727.686     4827.157
  4  GTR+F+I+G4    2343.332     21  4728.665     4729.514     4833.919
  5  GTR+F+R2      2344.336     21  4730.672     4731.521     4835.926
  6  GTR+F+R3      2343.763     23  4733.526     4734.542     4848.804
 14  GTR+F+I+R2    2343.644     22  4731.287     4732.218     4841.554
 15  GTR+F+I+R3    2343.398     24  4734.796     4735.902     4855.086
 24  SYM+I         2357.777     17  4749.553     4750.114     4834.759
 25  SYM+G4        2357.748     17  4749.496     4750.057     4834.702
 26  SYM+I+G4      2357.703     18  4751.405     4752.032     4841.624
 27  SYM+R2        2358.838     18  4753.675     4754.302     4843.893
 46  TVM+F+I       2344.105     19  4726.210     4726.907     4821.440
 47  TVM+F+G4      2344.078     19  4726.156     4726.853     4821.386
 48  TVM+F+I+G4    2344.020     20  4728.041     4728.812     4828.283
 49  TVM+F+R2      2345.054     20  4730.107     4730.878     4830.349
 68  TVMe+I        2359.503     16  4751.005     4751.503     4831.199
 69  TVMe+G4       2359.506     16  4751.012     4751.509     4831.206
 70  TVMe+I+G4     2359.535     17  4753.069     4753.630     4838.275
 71  TVMe+R2       2360.608     17  4755.215     4755.775     4840.421
 90  TIM3+F+I      2344.172     18  4724.343     4724.970     4814.562
 91  TIM3+F+G4     2344.125     18  4724.251     4724.877     4814.469
 92  TIM3+F+I+G4   2344.028     19  4726.056     4726.753     4821.286
 93  TIM3+F+R2     2345.048     19  4728.096     4728.794     4823.327
112  TIM3e+I       2358.294     15  4746.589     4747.027     4821.770
113  TIM3e+G4      2358.263     15  4746.525     4746.964     4821.707
114  TIM3e+I+G4    2358.211     16  4748.422     4748.920     4828.616
115  TIM3e+R2      2359.354     16  4750.707     4751.205     4830.901
134  TIM2+F+I      2344.920     18  4725.841     4726.468     4816.059
135  TIM2+F+G4     2344.865     18  4725.730     4726.357     4815.949
136  TIM2+F+I+G4   2344.750     19  4727.500     4728.197     4822.730
137  TIM2+F+R2     2345.748     19  4729.496     4730.193     4824.726
156  TIM2e+I       2358.441     15  4746.882     4747.321     4822.064
157  TIM2e+G4      2358.412     15  4746.825     4747.264     4822.007
158  TIM2e+I+G4    2358.366     16  4748.733     4749.231     4828.927
159  TIM2e+R2      2359.411     16  4750.821     4751.319     4831.015
178  TIM+F+I       2344.289     18  4724.579     4725.206     4814.797
179  TIM+F+G4      2344.248     18  4724.496     4725.123     4814.714
180  TIM+F+I+G4    2344.173     19  4726.347     4727.044     4821.577
181  TIM+F+R2      2345.293     19  4728.585     4729.283     4823.816
200  TIMe+I        2357.915     15  4745.830     4746.268     4821.011
201  TIMe+G4       2357.890     15  4745.779     4746.218     4820.961
202  TIMe+I+G4     2357.855     16  4747.710     4748.208     4827.904
203  TIMe+R2       2358.999     16  4749.998     4750.495     4830.192
222  TPM3u+F+I     2344.784     17  4723.569     4724.129     4808.775
223  TPM3u+F+G4    2344.763     17  4723.526     4724.086     4808.732
224  TPM3u+F+I+G4  2344.722     18  4725.444     4726.071     4815.662
225  TPM3u+F+R2    2345.762     18  4727.524     4728.151     4817.742
244  TPM3+I        2360.050     14  4748.100     4748.483     4818.269
245  TPM3+G4       2360.050     14  4748.100     4748.483     4818.269
246  TPM3+I+G4     2360.069     15  4750.137     4750.576     4825.319
247  TPM3+R2       2361.144     15  4752.288     4752.727     4827.470
266  TPM2u+F+I     2345.566     17  4725.131     4725.692     4810.337
267  TPM2u+F+G4    2345.538     17  4725.077     4725.637     4810.283
268  TPM2u+F+I+G4  2345.480     18  4726.960     4727.587     4817.178
269  TPM2u+F+R2    2346.500     18  4728.999     4729.626     4819.218
288  TPM2+I        2360.189     14  4748.378     4748.762     4818.548
289  TPM2+G4       2360.192     14  4748.383     4748.767     4818.553
290  TPM2+I+G4     2360.216     15  4750.432     4750.871     4825.614
291  TPM2+R2       2361.289     15  4752.577     4753.016     4827.759
310  K3Pu+F+I      2344.914     17  4723.828     4724.388     4809.033
311  K3Pu+F+G4     2344.902     17  4723.805     4724.365     4809.011
312  K3Pu+F+I+G4   2344.886     18  4725.773     4726.400     4815.991
313  K3Pu+F+R2     2346.023     18  4728.046     4728.673     4818.264
332  K3P+I         2359.642     14  4747.284     4747.667     4817.453
333  K3P+G4        2359.647     14  4747.295     4747.678     4817.464
334  K3P+I+G4      2359.684     15  4749.368     4749.807     4824.550
335  K3P+R2        2360.857     15  4751.714     4752.153     4826.896
354  TN+F+I        2344.972     17  4723.944     4724.504     4809.150
355  TN+F+G4       2344.925     17  4723.850     4724.411     4809.056
356  TN+F+I+G4     2344.835     18  4725.670     4726.297     4815.889
357  TN+F+R2       2345.852     18  4727.704     4728.331     4817.922
376  TNe+I         2358.443     14  4744.886     4745.270     4815.056
377  TNe+G4        2358.413     14  4744.826     4745.209     4814.995
378  TNe+I+G4      2358.365     15  4746.730     4747.168     4821.911
379  TNe+R2        2359.499     15  4748.998     4749.437     4824.180
398  HKY+F+I       2345.613     16  4723.225     4723.723     4803.419
399  HKY+F+G4      2345.592     16  4723.185     4723.683     4803.379
400  HKY+F+I+G4    2345.559     17  4725.117     4725.678     4810.323
401  HKY+F+R2      2346.588     17  4727.177     4727.737     4812.383
420  K2P+I         2360.192     13  4746.383     4746.715     4811.541
421  K2P+G4        2360.192     13  4746.385     4746.717     4811.542
422  K2P+I+G4      2360.216     14  4748.432     4748.815     4818.601
423  K2P+R2        2361.285     14  4750.569     4750.953     4820.739
442  F81+F+I       2407.704     15  4845.407     4845.846     4920.589
443  F81+F+G4      2407.761     15  4845.522     4845.960     4920.703
444  F81+F+I+G4    2407.822     16  4847.645     4848.143     4927.839
445  F81+F+R2      2410.879     16  4853.758     4854.255     4933.951
464  JC+I          2421.255     12  4866.511     4866.795     4926.656
465  JC+G4         2421.324     12  4866.648     4866.932     4926.793
466  JC+I+G4       2421.393     13  4868.786     4869.118     4933.944
467  JC+R2         2425.098     13  4876.195     4876.528     4941.353
Akaike Information Criterion:           HKY+F+G4
Corrected Akaike Information Criterion: HKY+F+G4
Bayesian Information Criterion:         HKY+F+G4
Best-fit model: HKY+F+G4 chosen according to BIC

All model information printed to per_gene_alignments_codon/LOC101387886_.aln.model.gz
CPU time for ModelFinder: 1.494 seconds (0h:0m:1s)
Wall-clock time for ModelFinder: 3.112 seconds (0h:0m:3s)
Generating 1000 samples for ultrafast bootstrap (seed: 617499)...

NOTE: 0 MB RAM (0 GB) is required!
Estimate model parameters (epsilon = 0.100)
1. Initial log-likelihood: -2345.592
Optimal log-likelihood: -2345.592
Rate parameters:  A-C: 1.00000  A-G: 7.40342  A-T: 1.00000  C-G: 1.00000  C-T: 7.40342  G-T: 1.00000
Base frequencies:  A: 0.292  C: 0.192  G: 0.236  T: 0.281
Gamma shape alpha: 0.136
Parameters optimization took 1 rounds (0.001 sec)
Wrote distance file to... 
Computing ML distances based on estimated model parameters...
Calculating distance matrix: done in 0.000601053 secs using 99.99% CPU
Computing ML distances took 0.000656 sec (of wall-clock time) 0.000662 sec (of CPU time)
Setting up auxiliary I and S matrices: done in 4.1008e-05 secs using 97.54% CPU
Computing RapidNJ tree took 0.000120 sec (of wall-clock time) 0.000120 sec (of CPU time)
Log-likelihood of RapidNJ tree: -2345.592
--------------------------------------------------------------------
|             INITIALIZING CANDIDATE TREE SET                      |
--------------------------------------------------------------------
Generating 99 parsimony trees... 0.121 second
Computing log-likelihood of 38 initial trees ... 0.033 seconds
Current best score: -2345.592

Do NNI search on 20 best initial trees
Estimate model parameters (epsilon = 0.100)
BETTER TREE FOUND at iteration 1: -2345.592
Iteration 10 / LogL: -2345.735 / Time: 0h:0m:3s
Iteration 20 / LogL: -2345.597 / Time: 0h:0m:3s
Finish initializing candidate tree set (1)
Current best tree score: -2345.592 / CPU time: 0.459
Number of iterations: 20
--------------------------------------------------------------------
|               OPTIMIZING CANDIDATE TREE SET                      |
--------------------------------------------------------------------
Iteration 30 / LogL: -2345.699 / Time: 0h:0m:3s (0h:0m:1s left)
UPDATE BEST LOG-LIKELIHOOD: -2345.592
Iteration 40 / LogL: -2345.592 / Time: 0h:0m:4s (0h:0m:1s left)
Iteration 50 / LogL: -2345.623 / Time: 0h:0m:4s (0h:0m:1s left)
Log-likelihood cutoff on original alignment: -2388.666
Iteration 60 / LogL: -2345.678 / Time: 0h:0m:5s (0h:0m:1s left)
Iteration 70 / LogL: -2345.599 / Time: 0h:0m:5s (0h:0m:0s left)
Iteration 80 / LogL: -2345.997 / Time: 0h:0m:5s (0h:0m:0s left)
Iteration 90 / LogL: -2345.602 / Time: 0h:0m:5s (0h:0m:0s left)
Iteration 100 / LogL: -2345.592 / Time: 0h:0m:5s (0h:0m:0s left)
Log-likelihood cutoff on original alignment: -2388.666
NOTE: Bootstrap correlation coefficient of split occurrence frequencies: 0.999
TREE SEARCH COMPLETED AFTER 102 ITERATIONS / Time: 0h:0m:5s

--------------------------------------------------------------------
|                    FINALIZING TREE SEARCH                        |
--------------------------------------------------------------------
Performs final model parameters optimization
Estimate model parameters (epsilon = 0.010)
1. Initial log-likelihood: -2345.592
Optimal log-likelihood: -2345.592
Rate parameters:  A-C: 1.00000  A-G: 7.40793  A-T: 1.00000  C-G: 1.00000  C-T: 7.40793  G-T: 1.00000
Base frequencies:  A: 0.292  C: 0.192  G: 0.236  T: 0.281
Gamma shape alpha: 0.136
Parameters optimization took 1 rounds (0.001 sec)
BEST SCORE FOUND : -2345.592
Creating bootstrap support values...
Split supports printed to NEXUS file per_gene_alignments_codon/LOC101387886_.aln.splits.nex
Total tree length: 0.165

Total number of iterations: 102
CPU time used for tree search: 1.007 sec (0h:0m:1s)
Wall-clock time used for tree search: 2.711 sec (0h:0m:2s)
Total CPU time used: 2.565 sec (0h:0m:2s)
Total wall-clock time used: 5.954 sec (0h:0m:5s)

Computing bootstrap consensus tree...
Reading input file per_gene_alignments_codon/LOC101387886_.aln.splits.nex...
7 taxa and 17 splits.
Consensus tree written to per_gene_alignments_codon/LOC101387886_.aln.contree
Reading input trees file per_gene_alignments_codon/LOC101387886_.aln.contree
Log-likelihood of consensus tree: -2345.596

Analysis results written to: 
  IQ-TREE report:                per_gene_alignments_codon/LOC101387886_.aln.iqtree
  Maximum-likelihood tree:       per_gene_alignments_codon/LOC101387886_.aln.treefile
  Likelihood distances:          per_gene_alignments_codon/LOC101387886_.aln.mldist

Ultrafast bootstrap approximation results written to:
  Split support values:          per_gene_alignments_codon/LOC101387886_.aln.splits.nex
  Consensus tree:                per_gene_alignments_codon/LOC101387886_.aln.contree
  Screen log file:               per_gene_alignments_codon/LOC101387886_.aln.log

Date and Time: Thu Oct 30 21:25:30 2025
