IQ-TREE multicore version 2.3.3 COVID-edition for Linux x86 64-bit built Apr 25 2024
Developed by Bui Quang Minh, James Barbetti, Nguyen Lam Tung, Olga Chernomor,
Heiko Schmidt, Dominik Schrempf, Michael Woodhams, Ly Trong Nhan, Thomas Wong

Host:    morpheus-OptiPlex-5050 (AVX2, FMA3, 503 GB RAM)
Command: iqtree2 -s per_gene_alignments_codon/LOC101391467_.aln.fna -m MFP -T 1 -B 1000 --prefix per_gene_alignments_codon/LOC101391467_.aln
Seed:    622943 (Using SPRNG - Scalable Parallel Random Number Generator)
Time:    Thu Oct 30 21:27:57 2025
Kernel:  AVX+FMA - 1 threads (72 CPU cores detected)

HINT: Use -nt option to specify number of threads because your CPU has 72 cores!
HINT: -nt AUTO will automatically determine the best number of threads to use.

Reading alignment file per_gene_alignments_codon/LOC101391467_.aln.fna ... Fasta format detected
Reading fasta file: done in 0.00020504 secs using 49.26% CPU
Alignment most likely contains DNA/RNA sequences
Alignment has 7 sequences with 465 columns, 53 distinct patterns
18 parsimony-informative, 75 singleton sites, 372 constant sites
                     Gap/Ambiguity  Composition  p-value
Analyzing sequences: done in 1.38283e-05 secs using 43.39% CPU
   1  Ceratotherium_simum    0.00%    passed     99.99%
   2  Diceros_bicornis       0.00%    passed     99.86%
   3  Equus_asinus           1.94%    passed     97.33%
   4  Equus_quagga           0.00%    passed     99.86%
   5  Equus_caballus         0.00%    passed     99.86%
   6  Canis_lupus            0.00%    passed     97.76%
   7  Bos_taurus             0.00%    passed     96.58%
****  TOTAL                  0.28%  0 sequences failed composition chi2 test (p-value<5%; df=3)
NOTE: Equus_caballus is identical to Equus_quagga but kept for subsequent analysis


Create initial parsimony tree by phylogenetic likelihood library (PLL)... 0.000 seconds
Perform fast likelihood tree search using GTR+I+G model...
Estimate model parameters (epsilon = 5.000)
Perform nearest neighbor interchange...
Estimate model parameters (epsilon = 1.000)
1. Initial log-likelihood: -1085.105
Optimal log-likelihood: -1085.068
Rate parameters:  A-C: 2.55729  A-G: 4.41638  A-T: 1.02423  C-G: 4.42978  C-T: 12.37453  G-T: 1.00000
Base frequencies:  A: 0.468  C: 0.152  G: 0.220  T: 0.160
Proportion of invariable sites: 0.385
Gamma shape alpha: 998.441
Parameters optimization took 1 rounds (0.009 sec)
Time for fast ML tree search: 0.036 seconds

NOTE: ModelFinder requires 0 MB RAM!
ModelFinder will test up to 484 DNA models (sample size: 465) ...
 No. Model         -LnL         df  AIC          AICc         BIC
  1  GTR+F         1084.058     19  2206.116     2207.824     2284.815
  2  GTR+F+I       1084.052     20  2208.104     2209.996     2290.945
  3  GTR+F+G4      1084.058     20  2208.117     2210.009     2290.958
  4  GTR+F+I+G4    1084.989     21  2211.977     2214.063     2298.960
  5  GTR+F+R2      1084.467     21  2210.934     2213.019     2297.916
  6  GTR+F+R3      1084.307     23  2214.615     2217.118     2309.881
 14  GTR+F+I+R2    1084.751     22  2213.502     2215.792     2304.627
 15  GTR+F+I+R3    1084.645     24  2217.289     2220.017     2316.698
 23  SYM           1140.022     16  2312.045     2313.259     2378.317
 24  SYM+I         1140.026     17  2314.052     2315.421     2384.467
 25  SYM+G4        1140.026     17  2314.052     2315.421     2384.467
 45  TVM+F         1089.615     18  2215.230     2216.764     2289.787
 46  TVM+F+I       1089.605     19  2217.209     2218.917     2295.908
 47  TVM+F+G4      1089.620     19  2217.239     2218.947     2295.938
 67  TVMe          1140.702     15  2311.403     2312.472     2373.534
 68  TVMe+I        1140.702     16  2313.403     2314.618     2379.676
 69  TVMe+G4       1140.702     16  2313.404     2314.618     2379.677
 89  TIM3+F        1084.723     17  2203.447     2204.816     2273.861
 90  TIM3+F+I      1084.722     18  2205.445     2206.978     2280.001
 91  TIM3+F+G4     1084.723     18  2205.447     2206.980     2280.003
111  TIM3e         1140.213     14  2308.426     2309.359     2366.414
112  TIM3e+I       1140.215     15  2310.429     2311.498     2372.560
113  TIM3e+G4      1140.215     15  2310.430     2311.499     2372.561
133  TIM2+F        1088.090     17  2210.180     2211.549     2280.595
134  TIM2+F+I      1088.084     18  2212.168     2213.702     2286.725
135  TIM2+F+G4     1088.090     18  2212.180     2213.714     2286.737
155  TIM2e         1143.707     14  2315.413     2316.347     2373.402
156  TIM2e+I       1143.706     15  2317.412     2318.481     2379.543
157  TIM2e+G4      1143.706     15  2317.413     2318.482     2379.543
177  TIM+F         1088.619     17  2211.238     2212.607     2281.653
178  TIM+F+I       1088.618     18  2213.235     2214.769     2287.792
179  TIM+F+G4      1088.619     18  2213.238     2214.772     2287.795
199  TIMe          1143.778     14  2315.556     2316.490     2373.545
200  TIMe+I        1143.777     15  2317.554     2318.623     2379.685
201  TIMe+G4       1143.777     15  2317.554     2318.623     2379.685
221  TPM3u+F       1090.254     16  2212.507     2213.722     2278.780
222  TPM3u+F+I     1090.249     17  2214.498     2215.867     2284.913
223  TPM3u+F+G4    1090.254     17  2214.507     2215.877     2284.922
243  TPM3          1140.894     13  2307.787     2308.594     2361.634
244  TPM3+I        1140.894     14  2309.787     2310.720     2367.776
245  TPM3+G4       1140.894     14  2309.788     2310.722     2367.777
265  TPM2u+F       1093.582     16  2219.165     2220.379     2285.437
266  TPM2u+F+I     1093.564     17  2221.129     2222.498     2291.544
267  TPM2u+F+G4    1093.579     17  2221.158     2222.527     2291.573
287  TPM2          1144.364     13  2314.728     2315.535     2368.575
288  TPM2+I        1144.364     14  2316.729     2317.662     2374.717
289  TPM2+G4       1144.365     14  2316.729     2317.663     2374.718
309  K3Pu+F        1094.090     16  2220.180     2221.395     2286.453
310  K3Pu+F+I      1094.083     17  2222.166     2223.535     2292.581
311  K3Pu+F+G4     1094.090     17  2222.180     2223.549     2292.595
331  K3P           1144.435     13  2314.871     2315.678     2368.717
332  K3P+I         1144.435     14  2316.871     2317.804     2374.859
333  K3P+G4        1144.436     14  2316.872     2317.805     2374.860
353  TN+F          1088.645     16  2209.289     2210.504     2275.562
354  TN+F+I        1088.643     17  2211.286     2212.655     2281.701
355  TN+F+G4       1088.645     17  2211.290     2212.659     2281.705
375  TNe           1143.782     13  2313.565     2314.372     2367.411
376  TNe+I         1143.783     14  2315.565     2316.499     2373.554
377  TNe+G4        1143.784     14  2315.567     2316.501     2373.556
397  HKY+F         1094.119     15  2218.238     2219.307     2280.369
398  HKY+F+I       1094.112     16  2220.225     2221.439     2286.497
399  HKY+F+G4      1094.119     16  2220.238     2221.453     2286.511
419  K2P           1144.442     12  2312.883     2313.573     2362.587
420  K2P+I         1144.442     13  2314.883     2315.690     2368.730
421  K2P+G4        1144.442     13  2314.884     2315.691     2368.730
441  F81+F         1105.630     14  2239.259     2240.192     2297.248
442  F81+F+I       1105.630     15  2241.259     2242.328     2303.390
443  F81+F+G4      1105.631     15  2241.261     2242.330     2303.392
463  JC            1160.256     11  2342.511     2343.094     2388.074
464  JC+I          1160.256     12  2344.511     2345.201     2394.216
465  JC+G4         1160.257     12  2344.513     2345.204     2394.218
Akaike Information Criterion:           TIM3+F
Corrected Akaike Information Criterion: TIM3+F
Bayesian Information Criterion:         TIM3+F
Best-fit model: TIM3+F chosen according to BIC

All model information printed to per_gene_alignments_codon/LOC101391467_.aln.model.gz
CPU time for ModelFinder: 0.307 seconds (0h:0m:0s)
Wall-clock time for ModelFinder: 0.816 seconds (0h:0m:0s)
Generating 1000 samples for ultrafast bootstrap (seed: 622943)...

NOTE: 0 MB RAM (0 GB) is required!
Estimate model parameters (epsilon = 0.100)
1. Initial log-likelihood: -1084.723
Optimal log-likelihood: -1084.723
Rate parameters:  A-C: 2.74979  A-G: 3.84900  A-T: 1.00000  C-G: 2.74979  C-T: 10.09496  G-T: 1.00000
Base frequencies:  A: 0.468  C: 0.152  G: 0.220  T: 0.160
Parameters optimization took 1 rounds (0.000 sec)
Wrote distance file to... 
Computing ML distances based on estimated model parameters...
Calculating distance matrix: done in 0.000198126 secs using 99.43% CPU
Computing ML distances took 0.000242 sec (of wall-clock time) 0.000248 sec (of CPU time)
Setting up auxiliary I and S matrices: done in 5.29289e-05 secs using 96.36% CPU
Computing RapidNJ tree took 0.003485 sec (of wall-clock time) 0.002722 sec (of CPU time)
Log-likelihood of RapidNJ tree: -1102.794
--------------------------------------------------------------------
|             INITIALIZING CANDIDATE TREE SET                      |
--------------------------------------------------------------------
Generating 98 parsimony trees... 0.063 second
Computing log-likelihood of 38 initial trees ... 0.008 seconds
Current best score: -1084.723

Do NNI search on 20 best initial trees
Estimate model parameters (epsilon = 0.100)
BETTER TREE FOUND at iteration 1: -1084.723
UPDATE BEST LOG-LIKELIHOOD: -1084.723
Iteration 10 / LogL: -1084.726 / Time: 0h:0m:1s
Iteration 20 / LogL: -1084.724 / Time: 0h:0m:1s
Finish initializing candidate tree set (1)
Current best tree score: -1084.723 / CPU time: 0.219
Number of iterations: 20
--------------------------------------------------------------------
|               OPTIMIZING CANDIDATE TREE SET                      |
--------------------------------------------------------------------
Iteration 30 / LogL: -1084.724 / Time: 0h:0m:1s (0h:0m:1s left)
Iteration 40 / LogL: -1084.733 / Time: 0h:0m:1s (0h:0m:0s left)
UPDATE BEST LOG-LIKELIHOOD: -1084.723
Iteration 50 / LogL: -1084.734 / Time: 0h:0m:1s (0h:0m:0s left)
Log-likelihood cutoff on original alignment: -1103.418
Iteration 60 / LogL: -1084.733 / Time: 0h:0m:1s (0h:0m:0s left)
Iteration 70 / LogL: -1084.723 / Time: 0h:0m:2s (0h:0m:0s left)
Iteration 80 / LogL: -1084.723 / Time: 0h:0m:2s (0h:0m:0s left)
Iteration 90 / LogL: -1084.723 / Time: 0h:0m:2s (0h:0m:0s left)
Iteration 100 / LogL: -1084.723 / Time: 0h:0m:2s (0h:0m:0s left)
Log-likelihood cutoff on original alignment: -1104.171
NOTE: Bootstrap correlation coefficient of split occurrence frequencies: 0.998
TREE SEARCH COMPLETED AFTER 102 ITERATIONS / Time: 0h:0m:2s

--------------------------------------------------------------------
|                    FINALIZING TREE SEARCH                        |
--------------------------------------------------------------------
Performs final model parameters optimization
Estimate model parameters (epsilon = 0.010)
1. Initial log-likelihood: -1084.723
Optimal log-likelihood: -1084.723
Rate parameters:  A-C: 2.75557  A-G: 3.85077  A-T: 1.00000  C-G: 2.75557  C-T: 10.10452  G-T: 1.00000
Base frequencies:  A: 0.468  C: 0.152  G: 0.220  T: 0.160
Parameters optimization took 1 rounds (0.000 sec)
BEST SCORE FOUND : -1084.723
Creating bootstrap support values...
Split supports printed to NEXUS file per_gene_alignments_codon/LOC101391467_.aln.splits.nex
Total tree length: 0.230

Total number of iterations: 102
CPU time used for tree search: 0.835 sec (0h:0m:0s)
Wall-clock time used for tree search: 1.859 sec (0h:0m:1s)
Total CPU time used: 1.201 sec (0h:0m:1s)
Total wall-clock time used: 2.815 sec (0h:0m:2s)

Computing bootstrap consensus tree...
Reading input file per_gene_alignments_codon/LOC101391467_.aln.splits.nex...
7 taxa and 20 splits.
Consensus tree written to per_gene_alignments_codon/LOC101391467_.aln.contree
Reading input trees file per_gene_alignments_codon/LOC101391467_.aln.contree
Log-likelihood of consensus tree: -1084.725

Analysis results written to: 
  IQ-TREE report:                per_gene_alignments_codon/LOC101391467_.aln.iqtree
  Maximum-likelihood tree:       per_gene_alignments_codon/LOC101391467_.aln.treefile
  Likelihood distances:          per_gene_alignments_codon/LOC101391467_.aln.mldist

Ultrafast bootstrap approximation results written to:
  Split support values:          per_gene_alignments_codon/LOC101391467_.aln.splits.nex
  Consensus tree:                per_gene_alignments_codon/LOC101391467_.aln.contree
  Screen log file:               per_gene_alignments_codon/LOC101391467_.aln.log

Date and Time: Thu Oct 30 21:28:00 2025
