IQ-TREE multicore version 2.3.3 COVID-edition for Linux x86 64-bit built Apr 25 2024
Developed by Bui Quang Minh, James Barbetti, Nguyen Lam Tung, Olga Chernomor,
Heiko Schmidt, Dominik Schrempf, Michael Woodhams, Ly Trong Nhan, Thomas Wong

Host:    morpheus-OptiPlex-5050 (AVX2, FMA3, 503 GB RAM)
Command: iqtree2 -s per_gene_alignments_codon/LOC101389127_.aln.fna -m MFP -T 1 -B 1000 --prefix per_gene_alignments_codon/LOC101389127_.aln
Seed:    344907 (Using SPRNG - Scalable Parallel Random Number Generator)
Time:    Thu Oct 30 21:26:17 2025
Kernel:  AVX+FMA - 1 threads (72 CPU cores detected)

HINT: Use -nt option to specify number of threads because your CPU has 72 cores!
HINT: -nt AUTO will automatically determine the best number of threads to use.

Reading alignment file per_gene_alignments_codon/LOC101389127_.aln.fna ... Fasta format detected
Reading fasta file: done in 0.000638008 secs using 66.46% CPU
Alignment most likely contains DNA/RNA sequences
Alignment has 7 sequences with 2262 columns, 96 distinct patterns
92 parsimony-informative, 145 singleton sites, 2025 constant sites
                     Gap/Ambiguity  Composition  p-value
Analyzing sequences: done in 1.78814e-05 secs using 89.48% CPU
   1  Ceratotherium_simum    0.00%    passed     99.64%
   2  Diceros_bicornis       0.00%    passed     98.52%
   3  Equus_asinus           0.00%    passed     99.76%
   4  Equus_quagga           0.00%    passed     98.99%
   5  Equus_caballus         4.38%    passed     89.79%
   6  Canis_lupus            0.00%    passed     82.03%
   7  Bos_taurus             0.00%    passed     87.25%
****  TOTAL                  0.63%  0 sequences failed composition chi2 test (p-value<5%; df=3)


Create initial parsimony tree by phylogenetic likelihood library (PLL)... 0.000 seconds
Perform fast likelihood tree search using GTR+I+G model...
Estimate model parameters (epsilon = 5.000)
Perform nearest neighbor interchange...
Estimate model parameters (epsilon = 1.000)
1. Initial log-likelihood: -4664.185
Optimal log-likelihood: -4664.159
Rate parameters:  A-C: 0.76173  A-G: 2.21024  A-T: 0.45196  C-G: 0.62236  C-T: 6.76427  G-T: 1.00000
Base frequencies:  A: 0.238  C: 0.292  G: 0.289  T: 0.181
Proportion of invariable sites: 0.444
Gamma shape alpha: 0.374
Parameters optimization took 1 rounds (0.003 sec)
Time for fast ML tree search: 0.113 seconds

NOTE: ModelFinder requires 0 MB RAM!
ModelFinder will test up to 484 DNA models (sample size: 2262) ...
 No. Model         -LnL         df  AIC          AICc         BIC
  1  GTR+F         4705.541     19  9449.081     9449.420     9557.837
  2  GTR+F+I       4664.491     20  9368.981     9369.356     9483.461
  3  GTR+F+G4      4664.568     20  9369.137     9369.511     9483.617
  4  GTR+F+I+G4    4664.163     21  9370.327     9370.739     9490.531
  5  GTR+F+R2      4664.710     21  9371.420     9371.833     9491.624
  6  GTR+F+R3      4664.557     23  9375.115     9375.608     9506.767
 14  GTR+F+I+R2    4664.628     22  9373.255     9373.707     9499.183
 15  GTR+F+I+R3    4664.239     24  9376.478     9377.014     9513.854
 24  SYM+I         4709.140     17  9452.280     9452.553     9549.588
 25  SYM+G4        4709.339     17  9452.677     9452.950     9549.986
 26  SYM+I+G4      4709.004     18  9454.008     9454.313     9557.040
 27  SYM+R2        4709.376     18  9454.753     9455.058     9557.785
 46  TVM+F+I       4682.343     19  9402.685     9403.024     9511.441
 47  TVM+F+G4      4683.332     19  9404.665     9405.004     9513.421
 48  TVM+F+I+G4    4683.099     20  9406.198     9406.573     9520.678
 49  TVM+F+R2      4682.664     20  9405.328     9405.703     9519.808
 68  TVMe+I        4721.203     16  9474.405     9474.648     9565.989
 69  TVMe+G4       4722.092     16  9476.184     9476.427     9567.769
 70  TVMe+I+G4     4721.856     17  9477.712     9477.985     9575.020
 71  TVMe+R2       4721.536     17  9477.071     9477.344     9574.380
 90  TIM3+F+I      4665.674     18  9367.347     9367.652     9470.379
 91  TIM3+F+G4     4665.747     18  9367.494     9367.799     9470.526
 92  TIM3+F+I+G4   4665.401     19  9368.802     9369.141     9477.558
 93  TIM3+F+R2     4665.926     19  9369.851     9370.190     9478.607
112  TIM3e+I       4710.782     15  9451.563     9451.777     9537.423
113  TIM3e+G4      4710.937     15  9451.873     9452.087     9537.733
114  TIM3e+I+G4    4710.699     16  9453.398     9453.640     9544.982
115  TIM3e+R2      4711.029     16  9454.057     9454.300     9545.641
134  TIM2+F+I      4665.566     18  9367.133     9367.438     9470.165
135  TIM2+F+G4     4665.643     18  9367.287     9367.591     9470.319
136  TIM2+F+I+G4   4665.288     19  9368.577     9368.916     9477.333
137  TIM2+F+R2     4665.737     19  9369.474     9369.813     9478.230
156  TIM2e+I       4710.858     15  9451.717     9451.930     9537.577
157  TIM2e+G4      4711.017     15  9452.034     9452.248     9537.895
158  TIM2e+I+G4    4710.778     16  9453.556     9453.799     9545.140
159  TIM2e+R2      4711.106     16  9454.211     9454.453     9545.795
178  TIM+F+I       4664.932     18  9365.863     9366.168     9468.895
179  TIM+F+G4      4665.010     18  9366.020     9366.325     9469.052
180  TIM+F+I+G4    4664.635     19  9367.270     9367.609     9476.026
181  TIM+F+R2      4665.174     19  9368.347     9368.686     9477.103
200  TIMe+I        4710.869     15  9451.739     9451.952     9537.599
201  TIMe+G4       4711.024     15  9452.048     9452.261     9537.908
202  TIMe+I+G4     4710.774     16  9453.547     9453.789     9545.131
203  TIMe+R2       4711.117     16  9454.235     9454.477     9545.819
222  TPM3u+F+I     4683.544     17  9401.087     9401.360     9498.395
223  TPM3u+F+G4    4684.478     17  9402.955     9403.228     9500.263
224  TPM3u+F+I+G4  4684.351     18  9404.702     9405.007     9507.734
225  TPM3u+F+R2    4683.875     18  9403.751     9404.056     9506.783
244  TPM3+I        4722.947     14  9473.894     9474.081     9554.030
245  TPM3+G4       4723.735     14  9475.470     9475.656     9555.606
246  TPM3+I+G4     4723.645     15  9477.289     9477.503     9563.149
247  TPM3+R2       4723.291     15  9476.583     9476.796     9562.443
266  TPM2u+F+I     4683.427     17  9400.853     9401.126     9498.161
267  TPM2u+F+G4    4684.378     17  9402.756     9403.029     9500.064
268  TPM2u+F+I+G4  4684.231     18  9404.461     9404.766     9507.494
269  TPM2u+F+R2    4683.751     18  9403.502     9403.807     9506.534
288  TPM2+I        4722.851     14  9473.703     9473.889     9553.839
289  TPM2+G4       4723.673     14  9475.346     9475.533     9555.482
290  TPM2+I+G4     4723.561     15  9477.123     9477.336     9562.983
291  TPM2+R2       4723.124     15  9476.248     9476.462     9562.109
310  K3Pu+F+I      4682.779     17  9399.559     9399.832     9496.867
311  K3Pu+F+G4     4683.733     17  9401.465     9401.738     9498.773
312  K3Pu+F+I+G4   4683.551     18  9403.102     9403.406     9506.134
313  K3Pu+F+R2     4683.099     18  9402.199     9402.504     9505.231
332  K3P+I         4722.944     14  9473.889     9474.076     9554.025
333  K3P+G4        4723.741     14  9475.482     9475.669     9555.618
334  K3P+I+G4      4723.629     15  9477.259     9477.472     9563.119
335  K3P+R2        4723.288     15  9476.575     9476.789     9562.435
354  TN+F+I        4665.694     17  9365.389     9365.661     9462.697
355  TN+F+G4       4665.768     17  9365.536     9365.809     9462.844
356  TN+F+I+G4     4665.424     18  9366.848     9367.153     9469.880
357  TN+F+R2       4665.941     18  9367.882     9368.187     9470.914
376  TNe+I         4711.410     14  9450.821     9451.008     9530.957
377  TNe+G4        4711.556     14  9451.112     9451.299     9531.248
378  TNe+I+G4      4711.344     15  9452.687     9452.901     9538.547
379  TNe+R2        4711.660     15  9453.321     9453.534     9539.181
398  HKY+F+I       4683.549     16  9399.099     9399.341     9490.683
399  HKY+F+G4      4684.491     16  9400.982     9401.224     9492.566
400  HKY+F+I+G4    4684.357     17  9402.715     9402.987     9500.023
401  HKY+F+R2      4683.869     17  9401.737     9402.010     9499.045
420  K2P+I         4723.488     13  9472.976     9473.138     9547.388
421  K2P+G4        4724.264     13  9474.528     9474.690     9548.940
422  K2P+I+G4      4724.203     14  9476.405     9476.592     9556.542
423  K2P+R2        4723.835     14  9475.671     9475.858     9555.807
442  F81+F+I       4773.554     15  9577.108     9577.322     9662.968
443  F81+F+G4      4773.606     15  9577.211     9577.425     9663.071
444  F81+F+I+G4    4774.566     16  9581.133     9581.375     9672.717
445  F81+F+R2      4773.952     16  9579.905     9580.147     9671.489
464  JC+I          4808.830     12  9641.660     9641.799     9710.349
465  JC+G4         4808.922     12  9641.844     9641.982     9710.532
466  JC+I+G4       4809.828     13  9645.656     9645.818     9720.068
467  JC+R2         4809.228     13  9644.456     9644.618     9718.868
Akaike Information Criterion:           TN+F+I
Corrected Akaike Information Criterion: TN+F+I
Bayesian Information Criterion:         TN+F+I
Best-fit model: TN+F+I chosen according to BIC

All model information printed to per_gene_alignments_codon/LOC101389127_.aln.model.gz
CPU time for ModelFinder: 1.799 seconds (0h:0m:1s)
Wall-clock time for ModelFinder: 2.867 seconds (0h:0m:2s)
Generating 1000 samples for ultrafast bootstrap (seed: 344907)...

NOTE: 0 MB RAM (0 GB) is required!
Estimate model parameters (epsilon = 0.100)
1. Initial log-likelihood: -4665.694
Optimal log-likelihood: -4665.694
Rate parameters:  A-C: 1.00000  A-G: 3.17051  A-T: 1.00000  C-G: 1.00000  C-T: 9.28311  G-T: 1.00000
Base frequencies:  A: 0.238  C: 0.292  G: 0.289  T: 0.181
Proportion of invariable sites: 0.761
Parameters optimization took 1 rounds (0.001 sec)
Wrote distance file to... 
Computing ML distances based on estimated model parameters...
Calculating distance matrix: done in 0.000263929 secs using 96.24% CPU
Computing ML distances took 0.000328 sec (of wall-clock time) 0.000325 sec (of CPU time)
Setting up auxiliary I and S matrices: done in 4.3869e-05 secs using 98.02% CPU
Computing RapidNJ tree took 0.000128 sec (of wall-clock time) 0.000128 sec (of CPU time)
Log-likelihood of RapidNJ tree: -4665.695
--------------------------------------------------------------------
|             INITIALIZING CANDIDATE TREE SET                      |
--------------------------------------------------------------------
Generating 99 parsimony trees... 0.078 second
Computing log-likelihood of 38 initial trees ... 0.028 seconds
Current best score: -4665.694

Do NNI search on 20 best initial trees
Estimate model parameters (epsilon = 0.100)
BETTER TREE FOUND at iteration 1: -4665.694
Iteration 10 / LogL: -4665.700 / Time: 0h:0m:3s
Iteration 20 / LogL: -4666.036 / Time: 0h:0m:3s
Finish initializing candidate tree set (1)
Current best tree score: -4665.694 / CPU time: 0.234
Number of iterations: 20
--------------------------------------------------------------------
|               OPTIMIZING CANDIDATE TREE SET                      |
--------------------------------------------------------------------
Iteration 30 / LogL: -4665.699 / Time: 0h:0m:3s (0h:0m:0s left)
Iteration 40 / LogL: -4666.056 / Time: 0h:0m:3s (0h:0m:0s left)
Iteration 50 / LogL: -4665.766 / Time: 0h:0m:3s (0h:0m:0s left)
Log-likelihood cutoff on original alignment: -4691.625
Iteration 60 / LogL: -4665.734 / Time: 0h:0m:3s (0h:0m:0s left)
Iteration 70 / LogL: -4665.694 / Time: 0h:0m:3s (0h:0m:0s left)
Iteration 80 / LogL: -4665.703 / Time: 0h:0m:3s (0h:0m:0s left)
Iteration 90 / LogL: -4665.694 / Time: 0h:0m:3s (0h:0m:0s left)
Iteration 100 / LogL: -4665.703 / Time: 0h:0m:4s (0h:0m:0s left)
Log-likelihood cutoff on original alignment: -4691.630
NOTE: Bootstrap correlation coefficient of split occurrence frequencies: 1.000
TREE SEARCH COMPLETED AFTER 102 ITERATIONS / Time: 0h:0m:4s

--------------------------------------------------------------------
|                    FINALIZING TREE SEARCH                        |
--------------------------------------------------------------------
Performs final model parameters optimization
Estimate model parameters (epsilon = 0.010)
1. Initial log-likelihood: -4665.694
Optimal log-likelihood: -4665.694
Rate parameters:  A-C: 1.00000  A-G: 3.17991  A-T: 1.00000  C-G: 1.00000  C-T: 9.29086  G-T: 1.00000
Base frequencies:  A: 0.238  C: 0.292  G: 0.289  T: 0.181
Proportion of invariable sites: 0.761
Parameters optimization took 1 rounds (0.001 sec)
BEST SCORE FOUND : -4665.694
Creating bootstrap support values...
Split supports printed to NEXUS file per_gene_alignments_codon/LOC101389127_.aln.splits.nex
Total tree length: 0.152

Total number of iterations: 102
CPU time used for tree search: 1.093 sec (0h:0m:1s)
Wall-clock time used for tree search: 1.207 sec (0h:0m:1s)
Total CPU time used: 2.968 sec (0h:0m:2s)
Total wall-clock time used: 4.193 sec (0h:0m:4s)

Computing bootstrap consensus tree...
Reading input file per_gene_alignments_codon/LOC101389127_.aln.splits.nex...
7 taxa and 14 splits.
Consensus tree written to per_gene_alignments_codon/LOC101389127_.aln.contree
Reading input trees file per_gene_alignments_codon/LOC101389127_.aln.contree
Log-likelihood of consensus tree: -4665.694

Analysis results written to: 
  IQ-TREE report:                per_gene_alignments_codon/LOC101389127_.aln.iqtree
  Maximum-likelihood tree:       per_gene_alignments_codon/LOC101389127_.aln.treefile
  Likelihood distances:          per_gene_alignments_codon/LOC101389127_.aln.mldist

Ultrafast bootstrap approximation results written to:
  Split support values:          per_gene_alignments_codon/LOC101389127_.aln.splits.nex
  Consensus tree:                per_gene_alignments_codon/LOC101389127_.aln.contree
  Screen log file:               per_gene_alignments_codon/LOC101389127_.aln.log

Date and Time: Thu Oct 30 21:26:21 2025
