IQ-TREE multicore version 2.3.3 COVID-edition for Linux x86 64-bit built Apr 25 2024
Developed by Bui Quang Minh, James Barbetti, Nguyen Lam Tung, Olga Chernomor,
Heiko Schmidt, Dominik Schrempf, Michael Woodhams, Ly Trong Nhan, Thomas Wong

Host:    morpheus-OptiPlex-5050 (AVX2, FMA3, 503 GB RAM)
Command: iqtree2 -s per_gene_alignments_codon/LOC101409006_.aln.fna -m MFP -T 1 -B 1000 --prefix per_gene_alignments_codon/LOC101409006_.aln
Seed:    89809 (Using SPRNG - Scalable Parallel Random Number Generator)
Time:    Thu Oct 30 21:39:55 2025
Kernel:  AVX+FMA - 1 threads (72 CPU cores detected)

HINT: Use -nt option to specify number of threads because your CPU has 72 cores!
HINT: -nt AUTO will automatically determine the best number of threads to use.

Reading alignment file per_gene_alignments_codon/LOC101409006_.aln.fna ... Fasta format detected
Reading fasta file: done in 0.0003829 secs
Alignment most likely contains DNA/RNA sequences
Alignment has 7 sequences with 1197 columns, 128 distinct patterns
82 parsimony-informative, 150 singleton sites, 965 constant sites
                     Gap/Ambiguity  Composition  p-value
Analyzing sequences: done in 1.69277e-05 secs
   1  Ceratotherium_simum   28.82%    failed      0.00%
   2  Diceros_bicornis       0.00%    passed     98.58%
   3  Equus_asinus           0.00%    passed     98.54%
   4  Equus_quagga           0.00%    passed     98.27%
   5  Equus_caballus         0.00%    passed     98.65%
   6  Canis_lupus            0.25%    passed     99.92%
   7  Bos_taurus             1.50%    passed      7.70%
****  TOTAL                  4.37%  1 sequences failed composition chi2 test (p-value<5%; df=3)


Create initial parsimony tree by phylogenetic likelihood library (PLL)... 0.000 seconds
Perform fast likelihood tree search using GTR+I+G model...
Estimate model parameters (epsilon = 5.000)
Perform nearest neighbor interchange...
Estimate model parameters (epsilon = 1.000)
1. Initial log-likelihood: -2977.580
Optimal log-likelihood: -2977.579
Rate parameters:  A-C: 1.60305  A-G: 4.60010  A-T: 0.56128  C-G: 1.92575  C-T: 5.92645  G-T: 1.00000
Base frequencies:  A: 0.225  C: 0.255  G: 0.311  T: 0.210
Proportion of invariable sites: 0.401
Gamma shape alpha: 1.332
Parameters optimization took 1 rounds (0.038 sec)
Time for fast ML tree search: 0.130 seconds

NOTE: ModelFinder requires 0 MB RAM!
ModelFinder will test up to 484 DNA models (sample size: 1197) ...
 No. Model         -LnL         df  AIC          AICc         BIC
  1  GTR+F         2994.245     19  6026.490     6027.136     6123.154
  2  GTR+F+I       2977.609     20  5995.218     5995.932     6096.970
  3  GTR+F+G4      2977.566     20  5995.131     5995.846     6096.883
  4  GTR+F+I+G4    2977.580     21  5997.160     5997.946     6103.999
  5  GTR+F+R2      2977.868     21  5997.735     5998.522     6104.574
  6  GTR+F+R3      2977.586     23  6001.173     6002.114     6118.187
 14  GTR+F+I+R2    2977.565     22  5999.131     5999.993     6111.057
 15  GTR+F+I+R3    2977.604     24  6003.207     6004.231     6125.309
 24  SYM+I         3000.449     17  6034.898     6035.417     6121.387
 25  SYM+G4        3000.266     17  6034.533     6035.052     6121.022
 26  SYM+I+G4      3000.267     18  6036.534     6037.115     6128.111
 27  SYM+R2        3000.619     18  6037.238     6037.818     6128.814
 46  TVM+F+I       2978.576     19  5995.152     5995.798     6091.816
 47  TVM+F+G4      2978.495     19  5994.990     5995.635     6091.653
 48  TVM+F+I+G4    2978.511     20  5997.021     5997.735     6098.773
 49  TVM+F+R2      2978.764     20  5997.527     5998.241     6099.278
 68  TVMe+I        3000.680     16  6033.361     6033.822     6114.762
 69  TVMe+G4       3000.474     16  6032.948     6033.409     6114.349
 70  TVMe+I+G4     3000.473     17  6034.947     6035.466     6121.435
 71  TVMe+R2       3000.850     17  6035.700     6036.219     6122.189
 90  TIM3+F+I      2978.441     18  5992.881     5993.462     6084.458
 91  TIM3+F+G4     2978.409     18  5992.819     5993.400     6084.395
 92  TIM3+F+I+G4   2978.427     19  5994.855     5995.501     6091.519
 93  TIM3+F+R2     2978.625     19  5995.251     5995.896     6091.914
112  TIM3e+I       3002.660     15  6035.320     6035.726     6111.633
113  TIM3e+G4      3002.536     15  6035.071     6035.478     6111.385
114  TIM3e+I+G4    3002.545     16  6037.090     6037.551     6118.491
115  TIM3e+R2      3002.918     16  6037.835     6038.296     6119.236
134  TIM2+F+I      2982.209     18  6000.419     6000.999     6091.995
135  TIM2+F+G4     2982.172     18  6000.345     6000.925     6091.921
136  TIM2+F+I+G4   2982.186     19  6002.373     6003.018     6099.037
137  TIM2+F+R2     2982.459     19  6002.918     6003.563     6099.582
156  TIM2e+I       3006.904     15  6043.809     6044.215     6120.122
157  TIM2e+G4      3006.750     15  6043.501     6043.907     6119.814
158  TIM2e+I+G4    3006.756     16  6045.512     6045.973     6126.914
159  TIM2e+R2      3007.139     16  6046.279     6046.740     6127.680
178  TIM+F+I       2982.724     18  6001.448     6002.029     6093.024
179  TIM+F+G4      2982.704     18  6001.408     6001.989     6092.984
180  TIM+F+I+G4    2982.720     19  6003.441     6004.086     6100.105
181  TIM+F+R2      2982.972     19  6003.944     6004.590     6100.608
200  TIMe+I        3008.706     15  6047.412     6047.819     6123.726
201  TIMe+G4       3008.606     15  6047.213     6047.619     6123.526
202  TIMe+I+G4     3008.617     16  6049.234     6049.695     6130.635
203  TIMe+R2       3008.952     16  6049.904     6050.365     6131.305
222  TPM3u+F+I     2979.388     17  5992.775     5993.294     6079.264
223  TPM3u+F+G4    2979.317     17  5992.635     5993.154     6079.124
224  TPM3u+F+I+G4  2979.337     18  5994.673     5995.254     6086.250
225  TPM3u+F+R2    2979.570     18  5995.139     5995.720     6086.716
244  TPM3+I        3002.904     14  6033.808     6034.163     6105.034
245  TPM3+G4       3002.756     14  6033.512     6033.867     6104.738
246  TPM3+I+G4     3002.763     15  6035.526     6035.933     6111.840
247  TPM3+R2       3003.079     15  6036.159     6036.565     6112.472
266  TPM2u+F+I     2983.195     17  6000.389     6000.908     6086.878
267  TPM2u+F+G4    2983.135     17  6000.271     6000.790     6086.760
268  TPM2u+F+I+G4  2983.152     18  6002.303     6002.884     6093.880
269  TPM2u+F+R2    2983.448     18  6002.896     6003.477     6094.472
288  TPM2+I        3007.118     14  6042.236     6042.592     6113.463
289  TPM2+G4       3006.947     14  6041.893     6042.249     6113.119
290  TPM2+I+G4     3006.953     15  6043.906     6044.312     6120.219
291  TPM2+R2       3007.356     15  6044.712     6045.118     6121.025
310  K3Pu+F+I      2983.689     17  6001.377     6001.897     6087.866
311  K3Pu+F+G4     2983.646     17  6001.292     6001.811     6087.781
312  K3Pu+F+I+G4   2983.666     18  6003.331     6003.912     6094.907
313  K3Pu+F+R2     2983.941     18  6003.882     6004.463     6095.458
332  K3P+I         3008.933     14  6045.865     6046.220     6117.091
333  K3P+G4        3008.816     14  6045.632     6045.987     6116.858
334  K3P+I+G4      3008.827     15  6047.654     6048.061     6123.968
335  K3P+R2        3009.175     15  6048.350     6048.757     6124.664
354  TN+F+I        2982.850     17  5999.700     6000.219     6086.189
355  TN+F+G4       2982.829     17  5999.657     6000.176     6086.146
356  TN+F+I+G4     2982.844     18  6001.688     6002.269     6093.264
357  TN+F+R2       2983.095     18  6002.189     6002.770     6093.765
376  TNe+I         3008.900     14  6045.800     6046.155     6117.026
377  TNe+G4        3008.803     14  6045.606     6045.962     6116.832
378  TNe+I+G4      3008.814     15  6047.627     6048.034     6123.941
379  TNe+R2        3009.145     15  6048.290     6048.697     6124.604
398  HKY+F+I       2983.818     16  5999.636     6000.097     6081.037
399  HKY+F+G4      2983.773     16  5999.545     6000.006     6080.946
400  HKY+F+I+G4    2983.791     17  6001.582     6002.101     6088.071
401  HKY+F+R2      2984.068     17  6002.136     6002.655     6088.625
420  K2P+I         3009.126     13  6044.252     6044.560     6110.391
421  K2P+G4        3009.012     13  6044.023     6044.331     6110.162
422  K2P+I+G4      3009.023     14  6046.046     6046.401     6117.272
423  K2P+R2        3009.370     14  6046.739     6047.095     6117.965
442  F81+F+I       3034.654     15  6099.308     6099.715     6175.622
443  F81+F+G4      3034.443     15  6098.886     6099.292     6175.199
444  F81+F+I+G4    3034.456     16  6100.912     6101.373     6182.313
445  F81+F+R2      3034.832     16  6101.665     6102.126     6183.066
464  JC+I          3058.918     12  6141.837     6142.100     6202.887
465  JC+G4         3058.659     12  6141.317     6141.581     6202.368
466  JC+I+G4       3058.674     13  6143.349     6143.656     6209.487
467  JC+R2         3059.087     13  6144.175     6144.483     6210.313
Akaike Information Criterion:           TPM3u+F+G4
Corrected Akaike Information Criterion: TPM3u+F+G4
Bayesian Information Criterion:         TPM3u+F+G4
Best-fit model: TPM3u+F+G4 chosen according to BIC

All model information printed to per_gene_alignments_codon/LOC101409006_.aln.model.gz
CPU time for ModelFinder: 0.942 seconds (0h:0m:0s)
Wall-clock time for ModelFinder: 1.907 seconds (0h:0m:1s)
Generating 1000 samples for ultrafast bootstrap (seed: 89809)...

NOTE: 0 MB RAM (0 GB) is required!
Estimate model parameters (epsilon = 0.100)
1. Initial log-likelihood: -2979.317
Optimal log-likelihood: -2979.317
Rate parameters:  A-C: 2.14425  A-G: 6.26455  A-T: 1.00000  C-G: 2.14425  C-T: 6.26455  G-T: 1.00000
Base frequencies:  A: 0.225  C: 0.255  G: 0.311  T: 0.210
Gamma shape alpha: 0.360
Parameters optimization took 1 rounds (0.001 sec)
Wrote distance file to... 
Computing ML distances based on estimated model parameters...
Calculating distance matrix: done in 0.000568151 secs using 99.8% CPU
Computing ML distances took 0.000629 sec (of wall-clock time) 0.000635 sec (of CPU time)
Setting up auxiliary I and S matrices: done in 4.1008e-05 secs using 97.54% CPU
Computing RapidNJ tree took 0.000127 sec (of wall-clock time) 0.000126 sec (of CPU time)
Log-likelihood of RapidNJ tree: -2979.317
--------------------------------------------------------------------
|             INITIALIZING CANDIDATE TREE SET                      |
--------------------------------------------------------------------
Generating 99 parsimony trees... 0.092 second
Computing log-likelihood of 36 initial trees ... 0.040 seconds
Current best score: -2979.317

Do NNI search on 20 best initial trees
Estimate model parameters (epsilon = 0.100)
BETTER TREE FOUND at iteration 1: -2979.317
Iteration 10 / LogL: -2979.356 / Time: 0h:0m:2s
Iteration 20 / LogL: -2979.362 / Time: 0h:0m:2s
Finish initializing candidate tree set (1)
Current best tree score: -2979.317 / CPU time: 0.365
Number of iterations: 20
--------------------------------------------------------------------
|               OPTIMIZING CANDIDATE TREE SET                      |
--------------------------------------------------------------------
UPDATE BEST LOG-LIKELIHOOD: -2979.317
Iteration 30 / LogL: -2979.317 / Time: 0h:0m:2s (0h:0m:1s left)
UPDATE BEST LOG-LIKELIHOOD: -2979.317
Iteration 40 / LogL: -2979.317 / Time: 0h:0m:2s (0h:0m:1s left)
Iteration 50 / LogL: -2979.343 / Time: 0h:0m:2s (0h:0m:0s left)
Log-likelihood cutoff on original alignment: -2996.885
Iteration 60 / LogL: -2979.318 / Time: 0h:0m:3s (0h:0m:0s left)
Iteration 70 / LogL: -2979.324 / Time: 0h:0m:3s (0h:0m:0s left)
Iteration 80 / LogL: -2979.543 / Time: 0h:0m:3s (0h:0m:0s left)
Iteration 90 / LogL: -2979.350 / Time: 0h:0m:3s (0h:0m:0s left)
UPDATE BEST LOG-LIKELIHOOD: -2979.317
Iteration 100 / LogL: -2979.317 / Time: 0h:0m:3s (0h:0m:0s left)
Log-likelihood cutoff on original alignment: -2996.885
NOTE: Bootstrap correlation coefficient of split occurrence frequencies: 1.000
TREE SEARCH COMPLETED AFTER 102 ITERATIONS / Time: 0h:0m:3s

--------------------------------------------------------------------
|                    FINALIZING TREE SEARCH                        |
--------------------------------------------------------------------
Performs final model parameters optimization
Estimate model parameters (epsilon = 0.010)
1. Initial log-likelihood: -2979.317
Optimal log-likelihood: -2979.317
Rate parameters:  A-C: 2.14067  A-G: 6.25956  A-T: 1.00000  C-G: 2.14067  C-T: 6.25956  G-T: 1.00000
Base frequencies:  A: 0.225  C: 0.255  G: 0.311  T: 0.210
Gamma shape alpha: 0.360
Parameters optimization took 1 rounds (0.002 sec)
BEST SCORE FOUND : -2979.317
Creating bootstrap support values...
Split supports printed to NEXUS file per_gene_alignments_codon/LOC101409006_.aln.splits.nex
Total tree length: 0.283

Total number of iterations: 102
CPU time used for tree search: 1.269 sec (0h:0m:1s)
Wall-clock time used for tree search: 1.970 sec (0h:0m:1s)
Total CPU time used: 2.286 sec (0h:0m:2s)
Total wall-clock time used: 4.027 sec (0h:0m:4s)

Computing bootstrap consensus tree...
Reading input file per_gene_alignments_codon/LOC101409006_.aln.splits.nex...
7 taxa and 15 splits.
Consensus tree written to per_gene_alignments_codon/LOC101409006_.aln.contree
Reading input trees file per_gene_alignments_codon/LOC101409006_.aln.contree
Log-likelihood of consensus tree: -2979.317

Analysis results written to: 
  IQ-TREE report:                per_gene_alignments_codon/LOC101409006_.aln.iqtree
  Maximum-likelihood tree:       per_gene_alignments_codon/LOC101409006_.aln.treefile
  Likelihood distances:          per_gene_alignments_codon/LOC101409006_.aln.mldist

Ultrafast bootstrap approximation results written to:
  Split support values:          per_gene_alignments_codon/LOC101409006_.aln.splits.nex
  Consensus tree:                per_gene_alignments_codon/LOC101409006_.aln.contree
  Screen log file:               per_gene_alignments_codon/LOC101409006_.aln.log

Date and Time: Thu Oct 30 21:39:59 2025
