IQ-TREE multicore version 2.3.3 COVID-edition for Linux x86 64-bit built Apr 25 2024
Developed by Bui Quang Minh, James Barbetti, Nguyen Lam Tung, Olga Chernomor,
Heiko Schmidt, Dominik Schrempf, Michael Woodhams, Ly Trong Nhan, Thomas Wong

Host:    morpheus-OptiPlex-5050 (AVX2, FMA3, 503 GB RAM)
Command: iqtree2 -s per_gene_alignments_codon/LOC101396290_.aln.fna -m MFP -T 1 -B 1000 --prefix per_gene_alignments_codon/LOC101396290_.aln
Seed:    222592 (Using SPRNG - Scalable Parallel Random Number Generator)
Time:    Thu Oct 30 21:31:16 2025
Kernel:  AVX+FMA - 1 threads (72 CPU cores detected)

HINT: Use -nt option to specify number of threads because your CPU has 72 cores!
HINT: -nt AUTO will automatically determine the best number of threads to use.

Reading alignment file per_gene_alignments_codon/LOC101396290_.aln.fna ... Fasta format detected
Reading fasta file: done in 0.00050807 secs
Alignment most likely contains DNA/RNA sequences
Alignment has 7 sequences with 1755 columns, 86 distinct patterns
84 parsimony-informative, 135 singleton sites, 1536 constant sites
                     Gap/Ambiguity  Composition  p-value
Analyzing sequences: done in 1.81198e-05 secs using 93.82% CPU
   1  Ceratotherium_simum    0.00%    passed     95.56%
   2  Diceros_bicornis       0.00%    passed     95.20%
   3  Equus_asinus           0.00%    passed     99.26%
   4  Equus_quagga           0.00%    passed     99.34%
   5  Equus_caballus         0.00%    passed     98.11%
   6  Canis_lupus            0.00%    passed     41.77%
   7  Bos_taurus             0.00%    passed     84.61%
****  TOTAL                  0.00%  0 sequences failed composition chi2 test (p-value<5%; df=3)


Create initial parsimony tree by phylogenetic likelihood library (PLL)... 0.000 seconds
Perform fast likelihood tree search using GTR+I+G model...
Estimate model parameters (epsilon = 5.000)
Perform nearest neighbor interchange...
Estimate model parameters (epsilon = 1.000)
1. Initial log-likelihood: -3692.802
Optimal log-likelihood: -3692.578
Rate parameters:  A-C: 0.80176  A-G: 5.38550  A-T: 1.43901  C-G: 2.03981  C-T: 10.90812  G-T: 1.00000
Base frequencies:  A: 0.188  C: 0.365  G: 0.304  T: 0.144
Proportion of invariable sites: 0.429
Gamma shape alpha: 0.225
Parameters optimization took 1 rounds (0.004 sec)
Time for fast ML tree search: 0.017 seconds

NOTE: ModelFinder requires 0 MB RAM!
ModelFinder will test up to 484 DNA models (sample size: 1755) ...
 No. Model         -LnL         df  AIC          AICc         BIC
  1  GTR+F         3760.718     19  7559.436     7559.874     7663.370
  2  GTR+F+I       3691.889     20  7423.778     7424.262     7533.182
  3  GTR+F+G4      3694.234     20  7428.467     7428.952     7537.872
  4  GTR+F+I+G4    3692.570     21  7427.139     7427.672     7542.014
  5  GTR+F+R2      3696.618     21  7435.235     7435.768     7550.110
  6  GTR+F+R3      3694.765     23  7435.529     7436.167     7561.344
 14  GTR+F+I+R2    3692.536     22  7429.072     7429.656     7549.417
 15  GTR+F+I+R3    3691.996     24  7431.992     7432.686     7563.277
 24  SYM+I         3813.968     17  7661.936     7662.288     7754.930
 25  SYM+G4        3814.881     17  7663.763     7664.115     7756.757
 26  SYM+I+G4      3813.891     18  7663.781     7664.175     7762.246
 46  TVM+F+I       3696.660     19  7431.320     7431.758     7535.254
 47  TVM+F+G4      3699.983     19  7437.967     7438.405     7541.901
 48  TVM+F+I+G4    3697.322     20  7434.643     7435.128     7544.048
 68  TVMe+I        3816.533     16  7665.066     7665.379     7752.589
 69  TVMe+G4       3817.706     16  7667.412     7667.725     7754.936
 70  TVMe+I+G4     3816.537     17  7667.073     7667.426     7760.067
 90  TIM3+F+I      3694.715     18  7425.430     7425.824     7523.894
 91  TIM3+F+G4     3697.059     18  7430.119     7430.513     7528.583
 92  TIM3+F+I+G4   3695.320     19  7428.640     7429.078     7532.574
112  TIM3e+I       3821.554     15  7673.107     7673.383     7755.161
113  TIM3e+G4      3822.385     15  7674.769     7675.045     7756.822
114  TIM3e+I+G4    3821.485     16  7674.969     7675.282     7762.493
134  TIM2+F+I      3693.358     18  7422.716     7423.110     7521.180
135  TIM2+F+G4     3695.633     18  7427.267     7427.661     7525.731
136  TIM2+F+I+G4   3693.844     19  7425.687     7426.125     7529.622
156  TIM2e+I       3822.276     15  7674.552     7674.828     7756.605
157  TIM2e+G4      3823.404     15  7676.808     7677.084     7758.862
158  TIM2e+I+G4    3822.331     16  7676.661     7676.974     7764.185
178  TIM+F+I       3692.097     18  7420.194     7420.588     7518.658
179  TIM+F+G4      3694.540     18  7425.080     7425.474     7523.544
180  TIM+F+I+G4    3692.870     19  7423.739     7424.177     7527.673
200  TIMe+I        3820.574     15  7671.148     7671.424     7753.201
201  TIMe+G4       3821.890     15  7673.780     7674.056     7755.833
202  TIMe+I+G4     3820.796     16  7673.591     7673.904     7761.115
222  TPM3u+F+I     3699.519     17  7433.038     7433.390     7526.032
223  TPM3u+F+G4    3702.769     17  7439.538     7439.891     7532.532
224  TPM3u+F+I+G4  3700.165     18  7436.330     7436.724     7534.794
244  TPM3+I        3824.438     14  7676.877     7677.118     7753.460
245  TPM3+G4       3825.560     14  7679.121     7679.362     7755.704
246  TPM3+I+G4     3824.586     15  7679.172     7679.448     7761.225
266  TPM2u+F+I     3698.252     17  7430.503     7430.855     7523.497
267  TPM2u+F+G4    3701.495     17  7436.989     7437.341     7529.983
268  TPM2u+F+I+G4  3698.792     18  7433.584     7433.978     7532.048
288  TPM2+I        3824.572     14  7677.144     7677.385     7753.727
289  TPM2+G4       3825.995     14  7679.991     7680.232     7756.574
290  TPM2+I+G4     3824.685     15  7679.369     7679.645     7761.422
310  K3Pu+F+I      3696.980     17  7427.961     7428.313     7520.955
311  K3Pu+F+G4     3700.394     17  7434.788     7435.140     7527.782
312  K3Pu+F+I+G4   3697.761     18  7431.522     7431.916     7529.986
332  K3P+I         3823.120     14  7674.239     7674.481     7750.823
333  K3P+G4        3824.776     14  7677.552     7677.793     7754.135
334  K3P+I+G4      3823.489     15  7676.979     7677.255     7759.032
354  TN+F+I        3695.118     17  7424.236     7424.588     7517.230
355  TN+F+G4       3697.465     17  7428.929     7429.282     7521.923
356  TN+F+I+G4     3695.712     18  7427.423     7427.817     7525.887
376  TNe+I         3828.012     14  7684.024     7684.265     7760.607
377  TNe+G4        3829.173     14  7686.346     7686.588     7762.929
378  TNe+I+G4      3828.222     15  7686.443     7686.719     7768.497
398  HKY+F+I       3700.021     16  7432.041     7432.354     7519.565
399  HKY+F+G4      3703.316     16  7438.633     7438.946     7526.156
400  HKY+F+I+G4    3700.694     17  7435.388     7435.740     7528.382
420  K2P+I         3830.622     13  7687.244     7687.453     7758.357
421  K2P+G4        3832.087     13  7690.174     7690.383     7761.287
422  K2P+I+G4      3830.982     14  7689.965     7690.206     7766.548
442  F81+F+I       3767.336     15  7564.673     7564.949     7646.726
443  F81+F+G4      3769.113     15  7568.227     7568.503     7650.280
444  F81+F+I+G4    3767.907     16  7567.815     7568.128     7655.339
464  JC+I          3880.800     12  7785.600     7785.780     7851.243
465  JC+G4         3881.860     12  7787.721     7787.900     7853.363
466  JC+I+G4       3881.350     13  7788.700     7788.909     7859.813
Akaike Information Criterion:           TIM+F+I
Corrected Akaike Information Criterion: TIM+F+I
Bayesian Information Criterion:         TN+F+I
Best-fit model: TN+F+I chosen according to BIC

All model information printed to per_gene_alignments_codon/LOC101396290_.aln.model.gz
CPU time for ModelFinder: 0.716 seconds (0h:0m:0s)
Wall-clock time for ModelFinder: 1.718 seconds (0h:0m:1s)
Generating 1000 samples for ultrafast bootstrap (seed: 222592)...

NOTE: 0 MB RAM (0 GB) is required!
Estimate model parameters (epsilon = 0.100)
1. Initial log-likelihood: -3695.118
Optimal log-likelihood: -3695.115
Rate parameters:  A-C: 1.00000  A-G: 3.70367  A-T: 1.00000  C-G: 1.00000  C-T: 7.61227  G-T: 1.00000
Base frequencies:  A: 0.188  C: 0.365  G: 0.304  T: 0.144
Proportion of invariable sites: 0.796
Parameters optimization took 1 rounds (0.001 sec)
Wrote distance file to... 
Computing ML distances based on estimated model parameters...
Calculating distance matrix: done in 0.000201941 secs using 99.04% CPU
Computing ML distances took 0.000254 sec (of wall-clock time) 0.000260 sec (of CPU time)
Setting up auxiliary I and S matrices: done in 4.72069e-05 secs using 99.56% CPU
Computing RapidNJ tree took 0.000138 sec (of wall-clock time) 0.000138 sec (of CPU time)
Log-likelihood of RapidNJ tree: -3696.741
--------------------------------------------------------------------
|             INITIALIZING CANDIDATE TREE SET                      |
--------------------------------------------------------------------
Generating 98 parsimony trees... 0.078 second
Computing log-likelihood of 36 initial trees ... 0.034 seconds
Current best score: -3695.115

Do NNI search on 20 best initial trees
Estimate model parameters (epsilon = 0.100)
BETTER TREE FOUND at iteration 1: -3695.115
Iteration 10 / LogL: -3695.128 / Time: 0h:0m:1s
Iteration 20 / LogL: -3695.127 / Time: 0h:0m:2s
Finish initializing candidate tree set (1)
Current best tree score: -3695.115 / CPU time: 0.200
Number of iterations: 20
--------------------------------------------------------------------
|               OPTIMIZING CANDIDATE TREE SET                      |
--------------------------------------------------------------------
Iteration 30 / LogL: -3695.116 / Time: 0h:0m:2s (0h:0m:1s left)
Iteration 40 / LogL: -3716.623 / Time: 0h:0m:2s (0h:0m:0s left)
UPDATE BEST LOG-LIKELIHOOD: -3695.115
Iteration 50 / LogL: -3696.493 / Time: 0h:0m:2s (0h:0m:0s left)
Log-likelihood cutoff on original alignment: -3716.849
Iteration 60 / LogL: -3695.122 / Time: 0h:0m:2s (0h:0m:0s left)
Iteration 70 / LogL: -3695.130 / Time: 0h:0m:2s (0h:0m:0s left)
Iteration 80 / LogL: -3695.120 / Time: 0h:0m:2s (0h:0m:0s left)
Iteration 90 / LogL: -3736.464 / Time: 0h:0m:3s (0h:0m:0s left)
Iteration 100 / LogL: -3716.623 / Time: 0h:0m:3s (0h:0m:0s left)
Log-likelihood cutoff on original alignment: -3716.849
NOTE: Bootstrap correlation coefficient of split occurrence frequencies: 1.000
WARNING: NNI search needs unusual large number of steps (7) to converge!
TREE SEARCH COMPLETED AFTER 102 ITERATIONS / Time: 0h:0m:3s

--------------------------------------------------------------------
|                    FINALIZING TREE SEARCH                        |
--------------------------------------------------------------------
Performs final model parameters optimization
Estimate model parameters (epsilon = 0.010)
1. Initial log-likelihood: -3695.115
Optimal log-likelihood: -3695.115
Rate parameters:  A-C: 1.00000  A-G: 3.69430  A-T: 1.00000  C-G: 1.00000  C-T: 7.57051  G-T: 1.00000
Base frequencies:  A: 0.188  C: 0.365  G: 0.304  T: 0.144
Proportion of invariable sites: 0.796
Parameters optimization took 1 rounds (0.001 sec)
BEST SCORE FOUND : -3695.115
Creating bootstrap support values...
Split supports printed to NEXUS file per_gene_alignments_codon/LOC101396290_.aln.splits.nex
Total tree length: 0.232

Total number of iterations: 102
CPU time used for tree search: 0.989 sec (0h:0m:0s)
Wall-clock time used for tree search: 1.543 sec (0h:0m:1s)
Total CPU time used: 1.780 sec (0h:0m:1s)
Total wall-clock time used: 3.421 sec (0h:0m:3s)

Computing bootstrap consensus tree...
Reading input file per_gene_alignments_codon/LOC101396290_.aln.splits.nex...
7 taxa and 22 splits.
Consensus tree written to per_gene_alignments_codon/LOC101396290_.aln.contree
Reading input trees file per_gene_alignments_codon/LOC101396290_.aln.contree
Log-likelihood of consensus tree: -3695.116

Analysis results written to: 
  IQ-TREE report:                per_gene_alignments_codon/LOC101396290_.aln.iqtree
  Maximum-likelihood tree:       per_gene_alignments_codon/LOC101396290_.aln.treefile
  Likelihood distances:          per_gene_alignments_codon/LOC101396290_.aln.mldist

Ultrafast bootstrap approximation results written to:
  Split support values:          per_gene_alignments_codon/LOC101396290_.aln.splits.nex
  Consensus tree:                per_gene_alignments_codon/LOC101396290_.aln.contree
  Screen log file:               per_gene_alignments_codon/LOC101396290_.aln.log

Date and Time: Thu Oct 30 21:31:20 2025
