IQ-TREE multicore version 2.3.3 COVID-edition for Linux x86 64-bit built Apr 25 2024
Developed by Bui Quang Minh, James Barbetti, Nguyen Lam Tung, Olga Chernomor,
Heiko Schmidt, Dominik Schrempf, Michael Woodhams, Ly Trong Nhan, Thomas Wong

Host:    morpheus-OptiPlex-5050 (AVX2, FMA3, 503 GB RAM)
Command: iqtree2 -s per_gene_alignments_codon/LOC101398608_.aln.fna -m MFP -T 1 -B 1000 --prefix per_gene_alignments_codon/LOC101398608_.aln
Seed:    258264 (Using SPRNG - Scalable Parallel Random Number Generator)
Time:    Thu Oct 30 21:32:49 2025
Kernel:  AVX+FMA - 1 threads (72 CPU cores detected)

HINT: Use -nt option to specify number of threads because your CPU has 72 cores!
HINT: -nt AUTO will automatically determine the best number of threads to use.

Reading alignment file per_gene_alignments_codon/LOC101398608_.aln.fna ... Fasta format detected
Reading fasta file: done in 0.000262022 secs
Alignment most likely contains DNA/RNA sequences
Alignment has 7 sequences with 783 columns, 49 distinct patterns
40 parsimony-informative, 56 singleton sites, 687 constant sites
                     Gap/Ambiguity  Composition  p-value
Analyzing sequences: done in 1.3113e-05 secs
   1  Ceratotherium_simum    0.00%    passed     98.80%
   2  Diceros_bicornis       0.00%    passed     97.43%
   3  Equus_asinus           0.00%    passed     99.34%
   4  Equus_quagga           0.00%    passed     99.28%
   5  Equus_caballus         0.00%    passed     99.02%
   6  Canis_lupus            0.00%    passed     99.18%
   7  Bos_taurus             0.00%    passed     51.37%
****  TOTAL                  0.00%  0 sequences failed composition chi2 test (p-value<5%; df=3)


Create initial parsimony tree by phylogenetic likelihood library (PLL)... 0.000 seconds
Perform fast likelihood tree search using GTR+I+G model...
Estimate model parameters (epsilon = 5.000)
Perform nearest neighbor interchange...
Estimate model parameters (epsilon = 1.000)
1. Initial log-likelihood: -1637.956
Optimal log-likelihood: -1637.948
Rate parameters:  A-C: 0.81107  A-G: 4.68539  A-T: 0.39673  C-G: 0.10072  C-T: 5.10361  G-T: 1.00000
Base frequencies:  A: 0.235  C: 0.315  G: 0.255  T: 0.194
Proportion of invariable sites: 0.435
Gamma shape alpha: 0.662
Parameters optimization took 1 rounds (0.010 sec)
Time for fast ML tree search: 0.059 seconds

NOTE: ModelFinder requires 0 MB RAM!
ModelFinder will test up to 484 DNA models (sample size: 783) ...
 No. Model         -LnL         df  AIC          AICc         BIC
  1  GTR+F         1645.942     19  3329.884     3330.880     3418.484
  2  GTR+F+I       1638.160     20  3316.320     3317.422     3409.582
  3  GTR+F+G4      1638.065     20  3316.130     3317.232     3409.392
  4  GTR+F+I+G4    1637.946     21  3317.893     3319.107     3415.818
  5  GTR+F+R2      1641.336     21  3324.673     3325.887     3422.598
  6  GTR+F+R3      1638.476     23  3322.952     3324.407     3430.204
 14  GTR+F+I+R2    1638.280     22  3320.560     3321.891     3423.149
 15  GTR+F+I+R3    1638.051     24  3324.101     3325.684     3436.017
 23  SYM           1658.983     16  3349.966     3350.676     3424.576
 24  SYM+I         1652.272     17  3338.543     3339.343     3417.817
 25  SYM+G4        1652.153     17  3338.305     3339.105     3417.578
 26  SYM+I+G4      1652.049     18  3340.098     3340.994     3424.035
 45  TVM+F         1645.962     18  3327.923     3328.818     3411.860
 46  TVM+F+I       1638.219     19  3314.439     3315.435     3403.038
 47  TVM+F+G4      1638.120     19  3314.240     3315.236     3402.840
 48  TVM+F+I+G4    1637.997     20  3315.993     3317.096     3409.256
 67  TVMe          1658.979     15  3347.958     3348.584     3417.905
 68  TVMe+I        1652.275     16  3336.549     3337.259     3411.159
 69  TVMe+G4       1652.155     16  3336.310     3337.020     3410.920
 70  TVMe+I+G4     1652.053     17  3338.105     3338.905     3417.378
 89  TIM3+F        1648.656     17  3331.313     3332.113     3410.586
 90  TIM3+F+I      1641.242     18  3318.485     3319.380     3402.421
 91  TIM3+F+G4     1641.172     18  3318.344     3319.239     3402.281
 92  TIM3+F+I+G4   1641.089     19  3320.178     3321.174     3408.777
111  TIM3e         1661.582     14  3351.164     3351.711     3416.448
112  TIM3e+I       1655.115     15  3340.229     3340.855     3410.176
113  TIM3e+G4      1655.030     15  3340.061     3340.687     3410.008
114  TIM3e+I+G4    1654.963     16  3341.927     3342.637     3416.537
133  TIM2+F        1648.487     17  3330.975     3331.775     3410.248
134  TIM2+F+I      1641.147     18  3318.294     3319.189     3402.230
135  TIM2+F+G4     1641.091     18  3318.181     3319.077     3402.118
136  TIM2+F+I+G4   1641.026     19  3320.053     3321.049     3408.652
155  TIM2e         1661.298     14  3350.596     3351.142     3415.879
156  TIM2e+I       1654.806     15  3339.612     3340.238     3409.559
157  TIM2e+G4      1654.728     15  3339.456     3340.082     3409.403
158  TIM2e+I+G4    1654.666     16  3341.333     3342.043     3415.943
177  TIM+F         1646.218     17  3326.436     3327.236     3405.710
178  TIM+F+I       1638.710     18  3313.421     3314.316     3397.357
179  TIM+F+G4      1638.612     18  3313.225     3314.120     3397.161
180  TIM+F+I+G4    1638.499     19  3314.997     3315.993     3403.597
199  TIMe          1659.088     14  3346.177     3346.724     3411.461
200  TIMe+I        1652.449     15  3334.898     3335.524     3404.845
201  TIMe+G4       1652.331     15  3334.662     3335.287     3404.609
202  TIMe+I+G4     1652.236     16  3336.472     3337.182     3411.082
221  TPM3u+F       1648.672     16  3329.344     3330.055     3403.955
222  TPM3u+F+I     1641.291     17  3316.581     3317.381     3395.855
223  TPM3u+F+G4    1641.217     17  3316.435     3317.235     3395.708
224  TPM3u+F+I+G4  1641.130     18  3318.261     3319.156     3402.197
243  TPM3          1661.584     13  3349.168     3349.641     3409.789
244  TPM3+I        1655.116     14  3338.231     3338.778     3403.515
245  TPM3+G4       1655.031     14  3338.062     3338.609     3403.346
246  TPM3+I+G4     1654.963     15  3339.927     3340.553     3409.874
265  TPM2u+F       1648.501     16  3329.002     3329.713     3403.613
266  TPM2u+F+I     1641.187     17  3316.374     3317.174     3395.647
267  TPM2u+F+G4    1641.128     17  3316.256     3317.056     3395.530
268  TPM2u+F+I+G4  1641.061     18  3318.122     3319.017     3402.059
287  TPM2          1661.298     13  3348.597     3349.070     3409.218
288  TPM2+I        1654.810     14  3337.619     3338.166     3402.903
289  TPM2+G4       1654.731     14  3337.462     3338.009     3402.746
290  TPM2+I+G4     1654.670     15  3339.340     3339.966     3409.287
309  K3Pu+F        1646.235     16  3324.469     3325.179     3399.079
310  K3Pu+F+I      1638.762     17  3311.525     3312.325     3390.798
311  K3Pu+F+G4     1638.661     17  3311.321     3312.121     3390.594
312  K3Pu+F+I+G4   1638.542     18  3313.084     3313.980     3397.021
331  K3P           1659.091     13  3344.181     3344.655     3404.802
332  K3P+I         1652.452     14  3332.904     3333.450     3398.187
333  K3P+G4        1652.333     14  3332.665     3333.212     3397.949
334  K3P+I+G4      1652.235     15  3334.469     3335.095     3404.416
353  TN+F          1648.854     16  3329.707     3330.417     3404.317
354  TN+F+I        1641.566     17  3317.131     3317.931     3396.405
355  TN+F+G4       1641.503     17  3317.006     3317.806     3396.279
356  TN+F+I+G4     1641.432     18  3318.863     3319.758     3402.800
375  TNe           1661.582     13  3349.164     3349.638     3409.785
376  TNe+I         1655.120     14  3338.239     3338.786     3403.523
377  TNe+G4        1655.036     14  3338.072     3338.619     3403.356
378  TNe+I+G4      1654.972     15  3339.944     3340.570     3409.891
397  HKY+F         1648.868     15  3327.735     3328.361     3397.682
398  HKY+F+I       1641.607     16  3315.215     3315.925     3389.825
399  HKY+F+G4      1641.542     16  3315.083     3315.793     3389.693
400  HKY+F+I+G4    1641.467     17  3316.934     3317.734     3396.207
419  K2P           1661.583     12  3347.166     3347.571     3403.123
420  K2P+I         1655.121     13  3336.241     3336.714     3396.862
421  K2P+G4        1655.037     13  3336.074     3336.547     3396.695
422  K2P+I+G4      1654.973     14  3337.946     3338.492     3403.229
441  F81+F         1697.891     14  3423.781     3424.328     3489.065
442  F81+F+I       1692.991     15  3415.981     3416.607     3485.928
443  F81+F+G4      1692.916     15  3415.831     3416.457     3485.778
444  F81+F+I+G4    1692.902     16  3417.805     3418.515     3492.415
463  JC            1708.879     11  3439.758     3440.100     3491.052
464  JC+I          1704.200     12  3432.400     3432.805     3488.357
465  JC+G4         1704.128     12  3432.256     3432.661     3488.213
466  JC+I+G4       1704.119     13  3434.238     3434.711     3494.858
Akaike Information Criterion:           K3Pu+F+G4
Corrected Akaike Information Criterion: K3Pu+F+G4
Bayesian Information Criterion:         HKY+F+G4
Best-fit model: HKY+F+G4 chosen according to BIC

All model information printed to per_gene_alignments_codon/LOC101398608_.aln.model.gz
CPU time for ModelFinder: 0.259 seconds (0h:0m:0s)
Wall-clock time for ModelFinder: 0.699 seconds (0h:0m:0s)
Generating 1000 samples for ultrafast bootstrap (seed: 258264)...

NOTE: 0 MB RAM (0 GB) is required!
Estimate model parameters (epsilon = 0.100)
1. Initial log-likelihood: -1641.542
Optimal log-likelihood: -1641.542
Rate parameters:  A-C: 1.00000  A-G: 9.08145  A-T: 1.00000  C-G: 1.00000  C-T: 9.08145  G-T: 1.00000
Base frequencies:  A: 0.235  C: 0.315  G: 0.255  T: 0.194
Gamma shape alpha: 0.187
Parameters optimization took 1 rounds (0.001 sec)
Wrote distance file to... 
Computing ML distances based on estimated model parameters...
Calculating distance matrix: done in 0.000536919 secs using 99.83% CPU
Computing ML distances took 0.000579 sec (of wall-clock time) 0.000584 sec (of CPU time)
Setting up auxiliary I and S matrices: done in 4.41074e-05 secs using 179.1% CPU
Computing RapidNJ tree took 0.000122 sec (of wall-clock time) 0.000242 sec (of CPU time)
Log-likelihood of RapidNJ tree: -1641.543
--------------------------------------------------------------------
|             INITIALIZING CANDIDATE TREE SET                      |
--------------------------------------------------------------------
Generating 99 parsimony trees... 0.031 second
Computing log-likelihood of 41 initial trees ... 0.021 seconds
Current best score: -1641.542

Do NNI search on 20 best initial trees
Estimate model parameters (epsilon = 0.100)
BETTER TREE FOUND at iteration 1: -1641.542
Iteration 10 / LogL: -1641.579 / Time: 0h:0m:0s
Iteration 20 / LogL: -1641.546 / Time: 0h:0m:0s
Finish initializing candidate tree set (1)
Current best tree score: -1641.542 / CPU time: 0.181
Number of iterations: 20
--------------------------------------------------------------------
|               OPTIMIZING CANDIDATE TREE SET                      |
--------------------------------------------------------------------
UPDATE BEST LOG-LIKELIHOOD: -1641.542
Iteration 30 / LogL: -1641.542 / Time: 0h:0m:1s (0h:0m:0s left)
Iteration 40 / LogL: -1641.542 / Time: 0h:0m:1s (0h:0m:0s left)
Iteration 50 / LogL: -1641.559 / Time: 0h:0m:1s (0h:0m:0s left)
Log-likelihood cutoff on original alignment: -1656.958
Iteration 60 / LogL: -1641.548 / Time: 0h:0m:1s (0h:0m:0s left)
Iteration 70 / LogL: -1641.569 / Time: 0h:0m:1s (0h:0m:0s left)
Iteration 80 / LogL: -1641.603 / Time: 0h:0m:2s (0h:0m:0s left)
Iteration 90 / LogL: -1663.331 / Time: 0h:0m:2s (0h:0m:0s left)
Iteration 100 / LogL: -1641.542 / Time: 0h:0m:2s (0h:0m:0s left)
Log-likelihood cutoff on original alignment: -1656.958
NOTE: Bootstrap correlation coefficient of split occurrence frequencies: 1.000
TREE SEARCH COMPLETED AFTER 102 ITERATIONS / Time: 0h:0m:2s

--------------------------------------------------------------------
|                    FINALIZING TREE SEARCH                        |
--------------------------------------------------------------------
Performs final model parameters optimization
Estimate model parameters (epsilon = 0.010)
1. Initial log-likelihood: -1641.542
Optimal log-likelihood: -1641.542
Rate parameters:  A-C: 1.00000  A-G: 9.08546  A-T: 1.00000  C-G: 1.00000  C-T: 9.08546  G-T: 1.00000
Base frequencies:  A: 0.235  C: 0.315  G: 0.255  T: 0.194
Gamma shape alpha: 0.187
Parameters optimization took 1 rounds (0.001 sec)
BEST SCORE FOUND : -1641.542
Creating bootstrap support values...
Split supports printed to NEXUS file per_gene_alignments_codon/LOC101398608_.aln.splits.nex
Total tree length: 0.165

Total number of iterations: 102
CPU time used for tree search: 0.971 sec (0h:0m:0s)
Wall-clock time used for tree search: 1.821 sec (0h:0m:1s)
Total CPU time used: 1.296 sec (0h:0m:1s)
Total wall-clock time used: 2.619 sec (0h:0m:2s)

Computing bootstrap consensus tree...
Reading input file per_gene_alignments_codon/LOC101398608_.aln.splits.nex...
7 taxa and 20 splits.
Consensus tree written to per_gene_alignments_codon/LOC101398608_.aln.contree
Reading input trees file per_gene_alignments_codon/LOC101398608_.aln.contree
Log-likelihood of consensus tree: -1641.543

Analysis results written to: 
  IQ-TREE report:                per_gene_alignments_codon/LOC101398608_.aln.iqtree
  Maximum-likelihood tree:       per_gene_alignments_codon/LOC101398608_.aln.treefile
  Likelihood distances:          per_gene_alignments_codon/LOC101398608_.aln.mldist

Ultrafast bootstrap approximation results written to:
  Split support values:          per_gene_alignments_codon/LOC101398608_.aln.splits.nex
  Consensus tree:                per_gene_alignments_codon/LOC101398608_.aln.contree
  Screen log file:               per_gene_alignments_codon/LOC101398608_.aln.log

Date and Time: Thu Oct 30 21:32:51 2025
