IQ-TREE multicore version 2.3.3 COVID-edition for Linux x86 64-bit built Apr 25 2024
Developed by Bui Quang Minh, James Barbetti, Nguyen Lam Tung, Olga Chernomor,
Heiko Schmidt, Dominik Schrempf, Michael Woodhams, Ly Trong Nhan, Thomas Wong

Host:    morpheus-OptiPlex-5050 (AVX2, FMA3, 503 GB RAM)
Command: iqtree2 -s per_gene_alignments_codon/LOC101399025_.aln.fna -m MFP -T 1 -B 1000 --prefix per_gene_alignments_codon/LOC101399025_.aln
Seed:    693019 (Using SPRNG - Scalable Parallel Random Number Generator)
Time:    Thu Oct 30 21:33:06 2025
Kernel:  AVX+FMA - 1 threads (72 CPU cores detected)

HINT: Use -nt option to specify number of threads because your CPU has 72 cores!
HINT: -nt AUTO will automatically determine the best number of threads to use.

Reading alignment file per_gene_alignments_codon/LOC101399025_.aln.fna ... Fasta format detected
Reading fasta file: done in 0.00077796 secs using 33.29% CPU
Alignment most likely contains DNA/RNA sequences
Alignment has 7 sequences with 2775 columns, 160 distinct patterns
292 parsimony-informative, 491 singleton sites, 1992 constant sites
                     Gap/Ambiguity  Composition  p-value
Analyzing sequences: done in 2.19345e-05 secs using 95.74% CPU
   1  Ceratotherium_simum    0.00%    passed     19.09%
   2  Diceros_bicornis       0.00%    passed     17.97%
   3  Equus_asinus           0.76%    passed     99.44%
   4  Equus_quagga           0.00%    passed     91.49%
   5  Equus_caballus         0.00%    passed     91.64%
   6  Canis_lupus            0.22%    passed     87.26%
   7  Bos_taurus             0.00%    failed      0.00%
****  TOTAL                  0.14%  1 sequences failed composition chi2 test (p-value<5%; df=3)


Create initial parsimony tree by phylogenetic likelihood library (PLL)... 0.000 seconds
Perform fast likelihood tree search using GTR+I+G model...
Estimate model parameters (epsilon = 5.000)
Perform nearest neighbor interchange...
Estimate model parameters (epsilon = 1.000)
1. Initial log-likelihood: -7983.085
Optimal log-likelihood: -7983.036
Rate parameters:  A-C: 1.13711  A-G: 5.06170  A-T: 0.44320  C-G: 1.67898  C-T: 7.35202  G-T: 1.00000
Base frequencies:  A: 0.283  C: 0.250  G: 0.262  T: 0.204
Proportion of invariable sites: 0.358
Gamma shape alpha: 2.500
Parameters optimization took 1 rounds (0.003 sec)
Time for fast ML tree search: 0.070 seconds

NOTE: ModelFinder requires 0 MB RAM!
ModelFinder will test up to 484 DNA models (sample size: 2775) ...
 No. Model         -LnL         df  AIC          AICc         BIC
  1  GTR+F         8023.917     19  16085.834    16086.110    16198.474
  2  GTR+F+I       7982.504     20  16005.008    16005.313    16123.576
  3  GTR+F+G4      7983.482     20  16006.965    16007.270    16125.533
  4  GTR+F+I+G4    7983.038     21  16008.076    16008.412    16132.572
  5  GTR+F+R2      7982.814     21  16007.627    16007.963    16132.124
  6  GTR+F+R3      7982.813     23  16011.627    16012.028    16147.980
 14  GTR+F+I+R2    7982.984     22  16009.968    16010.335    16140.393
 15  GTR+F+I+R3    7982.964     24  16013.929    16014.365    16156.211
 24  SYM+I         8003.839     17  16041.678    16041.900    16142.461
 25  SYM+G4        8005.048     17  16044.096    16044.318    16144.879
 26  SYM+I+G4      8004.551     18  16045.101    16045.350    16151.813
 27  SYM+R2        8004.268     18  16044.537    16044.785    16151.248
 46  TVM+F+I       7988.883     19  16015.766    16016.042    16128.406
 47  TVM+F+G4      7990.675     19  16019.350    16019.625    16131.989
 48  TVM+F+I+G4    7990.058     20  16020.116    16020.421    16138.684
 49  TVM+F+R2      7989.389     20  16018.778    16019.083    16137.346
 68  TVMe+I        8004.970     16  16041.939    16042.137    16136.794
 69  TVMe+G4       8006.451     16  16044.902    16045.100    16139.757
 70  TVMe+I+G4     8005.890     17  16045.780    16046.002    16146.563
 71  TVMe+R2       8005.385     17  16044.770    16044.992    16145.553
 90  TIM3+F+I      7989.195     18  16014.390    16014.638    16121.101
 91  TIM3+F+G4     7990.226     18  16016.451    16016.699    16123.162
 92  TIM3+F+I+G4   7989.720     19  16017.439    16017.715    16130.079
 93  TIM3+F+R2     7989.572     19  16017.145    16017.420    16129.784
112  TIM3e+I       8009.555     15  16049.110    16049.284    16138.036
113  TIM3e+G4      8010.758     15  16051.517    16051.691    16140.443
114  TIM3e+I+G4    8010.219     16  16052.438    16052.635    16147.292
115  TIM3e+R2      8009.898     16  16051.795    16051.993    16146.650
134  TIM2+F+I      7992.088     18  16020.176    16020.424    16126.887
135  TIM2+F+G4     7993.097     18  16022.194    16022.442    16128.906
136  TIM2+F+I+G4   7992.625     19  16023.250    16023.526    16135.890
137  TIM2+F+R2     7992.416     19  16022.833    16023.109    16135.473
156  TIM2e+I       8017.971     15  16065.943    16066.117    16154.869
157  TIM2e+G4      8019.364     15  16068.729    16068.903    16157.655
158  TIM2e+I+G4    8018.771     16  16069.542    16069.740    16164.397
159  TIM2e+R2      8018.433     16  16068.865    16069.062    16163.720
178  TIM+F+I       7998.152     18  16032.303    16032.551    16139.015
179  TIM+F+G4      7999.064     18  16034.127    16034.376    16140.839
180  TIM+F+I+G4    7998.585     19  16035.171    16035.446    16147.810
181  TIM+F+R2      7998.481     19  16034.963    16035.239    16147.603
200  TIMe+I        8023.041     15  16076.081    16076.255    16165.007
201  TIMe+G4       8024.277     15  16078.554    16078.728    16167.480
202  TIMe+I+G4     8023.698     16  16079.396    16079.593    16174.251
203  TIMe+R2       8023.470     16  16078.939    16079.136    16173.794
222  TPM3u+F+I     7995.937     17  16025.874    16026.096    16126.657
223  TPM3u+F+G4    7997.627     17  16029.254    16029.476    16130.037
224  TPM3u+F+I+G4  7996.976     18  16029.951    16030.200    16136.663
225  TPM3u+F+R2    7996.507     18  16029.013    16029.261    16135.725
244  TPM3+I        8010.786     14  16049.571    16049.723    16132.569
245  TPM3+G4       8012.220     14  16052.440    16052.592    16135.437
246  TPM3+I+G4     8011.627     15  16053.254    16053.428    16142.180
247  TPM3+R2       8011.268     15  16052.536    16052.710    16141.462
266  TPM2u+F+I     7998.484     17  16030.967    16031.189    16131.750
267  TPM2u+F+G4    8000.400     17  16034.799    16035.021    16135.582
268  TPM2u+F+I+G4  7999.689     18  16035.378    16035.626    16142.089
269  TPM2u+F+R2    7999.032     18  16034.065    16034.313    16140.776
288  TPM2+I        8019.017     14  16066.035    16066.187    16149.032
289  TPM2+G4       8020.717     14  16069.435    16069.587    16152.432
290  TPM2+I+G4     8020.036     15  16070.072    16070.245    16158.998
291  TPM2+R2       8019.514     15  16069.028    16069.202    16157.954
310  K3Pu+F+I      8004.875     17  16043.750    16043.972    16144.533
311  K3Pu+F+G4     8006.549     17  16047.099    16047.321    16147.881
312  K3Pu+F+I+G4   8005.858     18  16047.716    16047.964    16154.427
313  K3Pu+F+R2     8005.434     18  16046.869    16047.117    16153.580
332  K3P+I         8024.179     14  16076.357    16076.510    16159.355
333  K3P+G4        8025.671     14  16079.341    16079.494    16162.339
334  K3P+I+G4      8025.015     15  16080.029    16080.203    16168.955
335  K3P+R2        8024.689     15  16079.378    16079.552    16168.304
354  TN+F+I        7998.153     17  16030.306    16030.528    16131.088
355  TN+F+G4       7999.074     17  16032.147    16032.369    16132.930
356  TN+F+I+G4     7998.591     18  16033.182    16033.431    16139.894
357  TN+F+R2       7998.456     18  16032.913    16033.161    16139.624
376  TNe+I         8023.050     14  16074.101    16074.253    16157.098
377  TNe+G4        8024.309     14  16076.619    16076.771    16159.616
378  TNe+I+G4      8023.720     15  16077.441    16077.615    16166.367
379  TNe+R2        8023.475     15  16076.950    16077.124    16165.876
398  HKY+F+I       8004.875     16  16041.751    16041.948    16136.605
399  HKY+F+G4      8006.561     16  16045.122    16045.319    16139.976
400  HKY+F+I+G4    8005.864     17  16045.727    16045.949    16146.510
401  HKY+F+R2      8005.430     17  16044.860    16045.082    16145.643
420  K2P+I         8024.188     13  16074.376    16074.508    16151.445
421  K2P+G4        8025.706     13  16077.411    16077.543    16154.480
422  K2P+I+G4      8025.034     14  16078.069    16078.221    16161.066
423  K2P+R2        8024.695     14  16077.390    16077.542    16160.388
442  F81+F+I       8269.679     15  16569.358    16569.532    16658.284
443  F81+F+G4      8270.387     15  16570.774    16570.948    16659.700
444  F81+F+I+G4    8269.841     16  16571.683    16571.880    16666.537
445  F81+F+R2      8270.002     16  16572.003    16572.200    16666.858
464  JC+I          8291.530     12  16607.059    16607.172    16678.200
465  JC+G4         8292.387     12  16608.773    16608.886    16679.914
466  JC+I+G4       8291.744     13  16609.489    16609.621    16686.558
467  JC+R2         8291.918     13  16609.836    16609.968    16686.905
Akaike Information Criterion:           GTR+F+I
Corrected Akaike Information Criterion: GTR+F+I
Bayesian Information Criterion:         TIM3+F+I
Best-fit model: TIM3+F+I chosen according to BIC

All model information printed to per_gene_alignments_codon/LOC101399025_.aln.model.gz
CPU time for ModelFinder: 1.156 seconds (0h:0m:1s)
Wall-clock time for ModelFinder: 2.083 seconds (0h:0m:2s)
Generating 1000 samples for ultrafast bootstrap (seed: 693019)...

NOTE: 0 MB RAM (0 GB) is required!
Estimate model parameters (epsilon = 0.100)
1. Initial log-likelihood: -7989.195
Optimal log-likelihood: -7989.195
Rate parameters:  A-C: 1.95189  A-G: 7.07180  A-T: 1.00000  C-G: 1.95189  C-T: 10.16496  G-T: 1.00000
Base frequencies:  A: 0.283  C: 0.250  G: 0.262  T: 0.204
Proportion of invariable sites: 0.471
Parameters optimization took 1 rounds (0.001 sec)
Wrote distance file to... 
Computing ML distances based on estimated model parameters...
Calculating distance matrix: done in 0.000195026 secs using 99.47% CPU
Computing ML distances took 0.000264 sec (of wall-clock time) 0.000270 sec (of CPU time)
Setting up auxiliary I and S matrices: done in 4.88758e-05 secs using 190.3% CPU
Computing RapidNJ tree took 0.000141 sec (of wall-clock time) 0.000280 sec (of CPU time)
Log-likelihood of RapidNJ tree: -7989.195
--------------------------------------------------------------------
|             INITIALIZING CANDIDATE TREE SET                      |
--------------------------------------------------------------------
Generating 99 parsimony trees... 0.116 second
Computing log-likelihood of 39 initial trees ... 0.039 seconds
Current best score: -7989.195

Do NNI search on 20 best initial trees
Estimate model parameters (epsilon = 0.100)
BETTER TREE FOUND at iteration 1: -7989.195
Iteration 10 / LogL: -7989.598 / Time: 0h:0m:2s
Iteration 20 / LogL: -7989.671 / Time: 0h:0m:2s
Finish initializing candidate tree set (1)
Current best tree score: -7989.195 / CPU time: 0.346
Number of iterations: 20
--------------------------------------------------------------------
|               OPTIMIZING CANDIDATE TREE SET                      |
--------------------------------------------------------------------
Iteration 30 / LogL: -7989.195 / Time: 0h:0m:2s (0h:0m:1s left)
Iteration 40 / LogL: -7989.197 / Time: 0h:0m:2s (0h:0m:1s left)
Iteration 50 / LogL: -7989.196 / Time: 0h:0m:2s (0h:0m:0s left)
Log-likelihood cutoff on original alignment: -8010.743
Iteration 60 / LogL: -7989.881 / Time: 0h:0m:3s (0h:0m:0s left)
Iteration 70 / LogL: -7989.206 / Time: 0h:0m:3s (0h:0m:0s left)
Iteration 80 / LogL: -7989.232 / Time: 0h:0m:3s (0h:0m:0s left)
Iteration 90 / LogL: -7989.195 / Time: 0h:0m:3s (0h:0m:0s left)
Iteration 100 / LogL: -7989.234 / Time: 0h:0m:3s (0h:0m:0s left)
Log-likelihood cutoff on original alignment: -8011.166
NOTE: Bootstrap correlation coefficient of split occurrence frequencies: 0.999
TREE SEARCH COMPLETED AFTER 102 ITERATIONS / Time: 0h:0m:3s

--------------------------------------------------------------------
|                    FINALIZING TREE SEARCH                        |
--------------------------------------------------------------------
Performs final model parameters optimization
Estimate model parameters (epsilon = 0.010)
1. Initial log-likelihood: -7989.195
Optimal log-likelihood: -7989.195
Rate parameters:  A-C: 1.94822  A-G: 7.05685  A-T: 1.00000  C-G: 1.94822  C-T: 10.14879  G-T: 1.00000
Base frequencies:  A: 0.283  C: 0.250  G: 0.262  T: 0.204
Proportion of invariable sites: 0.471
Parameters optimization took 1 rounds (0.001 sec)
BEST SCORE FOUND : -7989.195
Creating bootstrap support values...
Split supports printed to NEXUS file per_gene_alignments_codon/LOC101399025_.aln.splits.nex
Total tree length: 0.433

Total number of iterations: 102
CPU time used for tree search: 1.102 sec (0h:0m:1s)
Wall-clock time used for tree search: 1.467 sec (0h:0m:1s)
Total CPU time used: 2.324 sec (0h:0m:2s)
Total wall-clock time used: 3.664 sec (0h:0m:3s)

Computing bootstrap consensus tree...
Reading input file per_gene_alignments_codon/LOC101399025_.aln.splits.nex...
7 taxa and 14 splits.
Consensus tree written to per_gene_alignments_codon/LOC101399025_.aln.contree
Reading input trees file per_gene_alignments_codon/LOC101399025_.aln.contree
Log-likelihood of consensus tree: -7989.195

Analysis results written to: 
  IQ-TREE report:                per_gene_alignments_codon/LOC101399025_.aln.iqtree
  Maximum-likelihood tree:       per_gene_alignments_codon/LOC101399025_.aln.treefile
  Likelihood distances:          per_gene_alignments_codon/LOC101399025_.aln.mldist

Ultrafast bootstrap approximation results written to:
  Split support values:          per_gene_alignments_codon/LOC101399025_.aln.splits.nex
  Consensus tree:                per_gene_alignments_codon/LOC101399025_.aln.contree
  Screen log file:               per_gene_alignments_codon/LOC101399025_.aln.log

Date and Time: Thu Oct 30 21:33:10 2025
