IQ-TREE multicore version 2.3.3 COVID-edition for Linux x86 64-bit built Apr 25 2024
Developed by Bui Quang Minh, James Barbetti, Nguyen Lam Tung, Olga Chernomor,
Heiko Schmidt, Dominik Schrempf, Michael Woodhams, Ly Trong Nhan, Thomas Wong

Host:    morpheus-OptiPlex-5050 (AVX2, FMA3, 503 GB RAM)
Command: iqtree2 -s per_gene_alignments_codon/LOC101404659_.aln.fna -m MFP -T 1 -B 1000 --prefix per_gene_alignments_codon/LOC101404659_.aln
Seed:    895881 (Using SPRNG - Scalable Parallel Random Number Generator)
Time:    Thu Oct 30 21:37:00 2025
Kernel:  AVX+FMA - 1 threads (72 CPU cores detected)

HINT: Use -nt option to specify number of threads because your CPU has 72 cores!
HINT: -nt AUTO will automatically determine the best number of threads to use.

Reading alignment file per_gene_alignments_codon/LOC101404659_.aln.fna ... Fasta format detected
Reading fasta file: done in 0.00152087 secs using 49.97% CPU
Alignment most likely contains DNA/RNA sequences
Alignment has 7 sequences with 5868 columns, 158 distinct patterns
299 parsimony-informative, 482 singleton sites, 5087 constant sites
                     Gap/Ambiguity  Composition  p-value
Analyzing sequences: done in 2.31266e-05 secs using 95.13% CPU
   1  Ceratotherium_simum    0.05%    passed     97.94%
   2  Diceros_bicornis       0.05%    passed     99.34%
   3  Equus_asinus           0.00%    passed     94.85%
   4  Equus_quagga           0.00%    passed     94.02%
   5  Equus_caballus         0.00%    passed     90.05%
   6  Canis_lupus            0.26%    passed     65.49%
   7  Bos_taurus             0.41%    passed     97.90%
****  TOTAL                  0.11%  0 sequences failed composition chi2 test (p-value<5%; df=3)


Create initial parsimony tree by phylogenetic likelihood library (PLL)... 0.000 seconds
Perform fast likelihood tree search using GTR+I+G model...
Estimate model parameters (epsilon = 5.000)
Perform nearest neighbor interchange...
Estimate model parameters (epsilon = 1.000)
1. Initial log-likelihood: -12684.128
Optimal log-likelihood: -12684.101
Rate parameters:  A-C: 1.72321  A-G: 5.92259  A-T: 0.69616  C-G: 1.38413  C-T: 6.16738  G-T: 1.00000
Base frequencies:  A: 0.298  C: 0.208  G: 0.218  T: 0.277
Proportion of invariable sites: 0.431
Gamma shape alpha: 0.852
Parameters optimization took 1 rounds (0.003 sec)
Time for fast ML tree search: 0.037 seconds

NOTE: ModelFinder requires 0 MB RAM!
ModelFinder will test up to 484 DNA models (sample size: 5868) ...
 No. Model         -LnL         df  AIC          AICc         BIC
  1  GTR+F         12738.466    19  25514.933    25515.063    25641.801
  2  GTR+F+I       12683.989    20  25407.979    25408.123    25541.524
  3  GTR+F+G4      12684.028    20  25408.056    25408.200    25541.602
  4  GTR+F+I+G4    12684.062    21  25410.125    25410.283    25550.348
  5  GTR+F+R2      12684.639    21  25411.278    25411.436    25551.500
  6  GTR+F+R3      12684.126    23  25414.253    25414.442    25567.830
 14  GTR+F+I+R2    12684.154    22  25412.309    25412.482    25559.209
 15  GTR+F+I+R3    12684.094    24  25416.188    25416.394    25576.443
 24  SYM+I         12760.517    17  25555.034    25555.138    25668.547
 25  SYM+G4        12760.445    17  25554.889    25554.994    25668.403
 26  SYM+I+G4      12760.440    18  25556.880    25556.997    25677.071
 27  SYM+R2        12761.200    18  25558.400    25558.517    25678.591
 46  TVM+F+I       12684.051    19  25406.102    25406.232    25532.970
 47  TVM+F+G4      12684.090    19  25406.179    25406.309    25533.047
 48  TVM+F+I+G4    12684.140    20  25408.280    25408.424    25541.825
 49  TVM+F+R2      12684.682    20  25409.363    25409.507    25542.909
 68  TVMe+I        12760.546    16  25553.092    25553.185    25659.929
 69  TVMe+G4       12760.471    16  25552.943    25553.036    25659.779
 70  TVMe+I+G4     12760.468    17  25554.935    25555.040    25668.449
 71  TVMe+R2       12761.214    17  25556.429    25556.533    25669.942
 90  TIM3+F+I      12685.340    18  25406.679    25406.796    25526.870
 91  TIM3+F+G4     12685.294    18  25406.587    25406.704    25526.778
 92  TIM3+F+I+G4   12685.313    19  25408.626    25408.756    25535.494
 93  TIM3+F+R2     12685.951    19  25409.902    25410.032    25536.770
112  TIM3e+I       12762.526    15  25555.052    25555.134    25655.211
113  TIM3e+G4      12762.423    15  25554.846    25554.928    25655.005
114  TIM3e+I+G4    12762.406    16  25556.812    25556.905    25663.648
115  TIM3e+R2      12763.193    16  25558.386    25558.479    25665.222
134  TIM2+F+I      12696.600    18  25429.200    25429.317    25549.391
135  TIM2+F+G4     12696.513    18  25429.025    25429.142    25549.216
136  TIM2+F+I+G4   12696.492    19  25430.984    25431.114    25557.852
137  TIM2+F+R2     12697.260    19  25432.519    25432.649    25559.387
156  TIM2e+I       12767.128    15  25564.256    25564.338    25664.415
157  TIM2e+G4      12766.966    15  25563.933    25564.015    25664.092
158  TIM2e+I+G4    12766.903    16  25565.805    25565.898    25672.641
159  TIM2e+R2      12767.840    16  25567.680    25567.773    25674.516
178  TIM+F+I       12693.166    18  25422.331    25422.448    25542.522
179  TIM+F+G4      12693.182    18  25422.365    25422.482    25542.556
180  TIM+F+I+G4    12693.235    19  25424.471    25424.601    25551.339
181  TIM+F+R2      12693.779    19  25425.559    25425.689    25552.427
200  TIMe+I        12765.916    15  25561.833    25561.915    25661.992
201  TIMe+G4       12765.838    15  25561.676    25561.758    25661.835
202  TIMe+I+G4     12765.819    16  25563.639    25563.732    25670.475
203  TIMe+R2       12766.673    16  25565.347    25565.440    25672.183
222  TPM3u+F+I     12685.410    17  25404.819    25404.924    25518.333
223  TPM3u+F+G4    12685.361    17  25404.722    25404.827    25518.236
224  TPM3u+F+I+G4  12685.387    18  25406.775    25406.892    25526.966
225  TPM3u+F+R2    12686.004    18  25408.008    25408.125    25528.199
244  TPM3+I        12762.553    14  25553.105    25553.177    25646.587
245  TPM3+G4       12762.449    14  25552.898    25552.969    25646.379
246  TPM3+I+G4     12762.425    15  25554.849    25554.931    25655.008
247  TPM3+R2       12763.307    15  25556.615    25556.697    25656.774
266  TPM2u+F+I     12696.646    17  25427.292    25427.396    25540.805
267  TPM2u+F+G4    12696.567    17  25427.134    25427.238    25540.647
268  TPM2u+F+I+G4  12696.552    18  25429.105    25429.222    25549.296
269  TPM2u+F+R2    12697.309    18  25430.617    25430.734    25550.808
288  TPM2+I        12767.164    14  25562.329    25562.400    25655.810
289  TPM2+G4       12766.995    14  25561.990    25562.062    25655.472
290  TPM2+I+G4     12766.929    15  25563.858    25563.940    25664.017
291  TPM2+R2       12767.870    15  25565.739    25565.821    25665.898
310  K3Pu+F+I      12693.212    17  25420.424    25420.529    25533.938
311  K3Pu+F+G4     12693.236    17  25420.473    25420.578    25533.987
312  K3Pu+F+I+G4   12693.297    18  25422.593    25422.710    25542.784
313  K3Pu+F+R2     12693.822    18  25423.644    25423.761    25543.835
332  K3P+I         12765.945    14  25559.889    25559.961    25653.371
333  K3P+G4        12765.862    14  25559.723    25559.795    25653.205
334  K3P+I+G4      12765.839    15  25561.679    25561.761    25661.838
335  K3P+R2        12766.691    15  25563.382    25563.464    25663.541
354  TN+F+I        12696.606    17  25427.212    25427.317    25540.726
355  TN+F+G4       12696.518    17  25427.036    25427.141    25540.550
356  TN+F+I+G4     12696.496    18  25428.991    25429.108    25549.182
357  TN+F+R2       12697.261    18  25430.522    25430.639    25550.713
376  TNe+I         12768.013    14  25564.025    25564.097    25657.507
377  TNe+G4        12767.865    14  25563.730    25563.802    25657.212
378  TNe+I+G4      12767.809    15  25565.619    25565.701    25665.778
379  TNe+R2        12768.731    15  25567.462    25567.544    25667.621
398  HKY+F+I       12696.651    16  25425.302    25425.395    25532.138
399  HKY+F+G4      12696.571    16  25425.142    25425.235    25531.978
400  HKY+F+I+G4    12696.556    17  25427.112    25427.216    25540.625
401  HKY+F+R2      12697.307    17  25428.614    25428.718    25542.127
420  K2P+I         12768.040    13  25562.080    25562.142    25648.884
421  K2P+G4        12767.887    13  25561.775    25561.837    25648.579
422  K2P+I+G4      12767.829    14  25563.659    25563.731    25657.141
423  K2P+R2        12768.755    14  25565.509    25565.581    25658.991
442  F81+F+I       12952.347    15  25934.693    25934.775    26034.852
443  F81+F+G4      12952.595    15  25935.190    25935.272    26035.349
444  F81+F+I+G4    12952.654    16  25937.308    25937.401    26044.144
445  F81+F+R2      12953.057    16  25938.113    25938.206    26044.949
464  JC+I          13013.657    12  26051.314    26051.368    26131.442
465  JC+G4         13013.888    12  26051.776    26051.829    26131.903
466  JC+I+G4       13013.929    13  26053.858    26053.920    26140.662
467  JC+R2         13014.292    13  26054.584    26054.646    26141.388
Akaike Information Criterion:           TPM3u+F+G4
Corrected Akaike Information Criterion: TPM3u+F+G4
Bayesian Information Criterion:         TPM3u+F+G4
Best-fit model: TPM3u+F+G4 chosen according to BIC

All model information printed to per_gene_alignments_codon/LOC101404659_.aln.model.gz
CPU time for ModelFinder: 2.149 seconds (0h:0m:2s)
Wall-clock time for ModelFinder: 4.487 seconds (0h:0m:4s)
Generating 1000 samples for ultrafast bootstrap (seed: 895881)...

NOTE: 0 MB RAM (0 GB) is required!
Estimate model parameters (epsilon = 0.100)
1. Initial log-likelihood: -12685.361
Optimal log-likelihood: -12685.356
Rate parameters:  A-C: 1.99779  A-G: 7.55765  A-T: 1.00000  C-G: 1.99779  C-T: 7.55765  G-T: 1.00000
Base frequencies:  A: 0.298  C: 0.208  G: 0.218  T: 0.277
Gamma shape alpha: 0.224
Parameters optimization took 1 rounds (0.002 sec)
Wrote distance file to... 
Computing ML distances based on estimated model parameters...
Calculating distance matrix: done in 0.000593185 secs using 99.8% CPU
Computing ML distances took 0.000650 sec (of wall-clock time) 0.000656 sec (of CPU time)
Setting up auxiliary I and S matrices: done in 4.69685e-05 secs using 187.4% CPU
Computing RapidNJ tree took 0.000135 sec (of wall-clock time) 0.000270 sec (of CPU time)
Log-likelihood of RapidNJ tree: -12685.356
--------------------------------------------------------------------
|             INITIALIZING CANDIDATE TREE SET                      |
--------------------------------------------------------------------
Generating 99 parsimony trees... 0.093 second
Computing log-likelihood of 41 initial trees ... 0.026 seconds
Current best score: -12685.356

Do NNI search on 20 best initial trees
Estimate model parameters (epsilon = 0.100)
BETTER TREE FOUND at iteration 1: -12685.353
Iteration 10 / LogL: -12685.581 / Time: 0h:0m:4s
Iteration 20 / LogL: -12685.473 / Time: 0h:0m:4s
Finish initializing candidate tree set (1)
Current best tree score: -12685.353 / CPU time: 0.278
Number of iterations: 20
--------------------------------------------------------------------
|               OPTIMIZING CANDIDATE TREE SET                      |
--------------------------------------------------------------------
UPDATE BEST LOG-LIKELIHOOD: -12685.353
UPDATE BEST LOG-LIKELIHOOD: -12685.353
Iteration 30 / LogL: -12685.375 / Time: 0h:0m:4s (0h:0m:1s left)
Iteration 40 / LogL: -12685.363 / Time: 0h:0m:5s (0h:0m:1s left)
Iteration 50 / LogL: -12685.544 / Time: 0h:0m:5s (0h:0m:0s left)
Log-likelihood cutoff on original alignment: -12703.167
Iteration 60 / LogL: -12685.507 / Time: 0h:0m:5s (0h:0m:0s left)
Iteration 70 / LogL: -12685.353 / Time: 0h:0m:5s (0h:0m:0s left)
Iteration 80 / LogL: -12685.477 / Time: 0h:0m:6s (0h:0m:0s left)
Iteration 90 / LogL: -12685.476 / Time: 0h:0m:6s (0h:0m:0s left)
Iteration 100 / LogL: -12685.477 / Time: 0h:0m:6s (0h:0m:0s left)
Log-likelihood cutoff on original alignment: -12703.151
NOTE: Bootstrap correlation coefficient of split occurrence frequencies: 1.000
TREE SEARCH COMPLETED AFTER 102 ITERATIONS / Time: 0h:0m:6s

--------------------------------------------------------------------
|                    FINALIZING TREE SEARCH                        |
--------------------------------------------------------------------
Performs final model parameters optimization
Estimate model parameters (epsilon = 0.010)
1. Initial log-likelihood: -12685.353
Optimal log-likelihood: -12685.353
Rate parameters:  A-C: 1.97888  A-G: 7.54960  A-T: 1.00000  C-G: 1.97888  C-T: 7.54960  G-T: 1.00000
Base frequencies:  A: 0.298  C: 0.208  G: 0.218  T: 0.277
Gamma shape alpha: 0.223
Parameters optimization took 1 rounds (0.005 sec)
BEST SCORE FOUND : -12685.353
Creating bootstrap support values...
Split supports printed to NEXUS file per_gene_alignments_codon/LOC101404659_.aln.splits.nex
Total tree length: 0.179

Total number of iterations: 102
CPU time used for tree search: 1.400 sec (0h:0m:1s)
Wall-clock time used for tree search: 2.009 sec (0h:0m:2s)
Total CPU time used: 3.629 sec (0h:0m:3s)
Total wall-clock time used: 6.666 sec (0h:0m:6s)

Computing bootstrap consensus tree...
Reading input file per_gene_alignments_codon/LOC101404659_.aln.splits.nex...
7 taxa and 14 splits.
Consensus tree written to per_gene_alignments_codon/LOC101404659_.aln.contree
Reading input trees file per_gene_alignments_codon/LOC101404659_.aln.contree
Log-likelihood of consensus tree: -12685.353

Analysis results written to: 
  IQ-TREE report:                per_gene_alignments_codon/LOC101404659_.aln.iqtree
  Maximum-likelihood tree:       per_gene_alignments_codon/LOC101404659_.aln.treefile
  Likelihood distances:          per_gene_alignments_codon/LOC101404659_.aln.mldist

Ultrafast bootstrap approximation results written to:
  Split support values:          per_gene_alignments_codon/LOC101404659_.aln.splits.nex
  Consensus tree:                per_gene_alignments_codon/LOC101404659_.aln.contree
  Screen log file:               per_gene_alignments_codon/LOC101404659_.aln.log

Date and Time: Thu Oct 30 21:37:08 2025
