IQ-TREE multicore version 2.3.3 COVID-edition for Linux x86 64-bit built Apr 25 2024
Developed by Bui Quang Minh, James Barbetti, Nguyen Lam Tung, Olga Chernomor,
Heiko Schmidt, Dominik Schrempf, Michael Woodhams, Ly Trong Nhan, Thomas Wong

Host:    morpheus-OptiPlex-5050 (AVX2, FMA3, 503 GB RAM)
Command: iqtree2 -s per_gene_alignments_codon/LOC101404144_.aln.fna -m MFP -T 1 -B 1000 --prefix per_gene_alignments_codon/LOC101404144_.aln
Seed:    774516 (Using SPRNG - Scalable Parallel Random Number Generator)
Time:    Thu Oct 30 21:36:38 2025
Kernel:  AVX+FMA - 1 threads (72 CPU cores detected)

HINT: Use -nt option to specify number of threads because your CPU has 72 cores!
HINT: -nt AUTO will automatically determine the best number of threads to use.

Reading alignment file per_gene_alignments_codon/LOC101404144_.aln.fna ... Fasta format detected
Reading fasta file: done in 0.000303984 secs
Alignment most likely contains DNA/RNA sequences
Alignment has 7 sequences with 951 columns, 37 distinct patterns
24 parsimony-informative, 53 singleton sites, 874 constant sites
                     Gap/Ambiguity  Composition  p-value
Analyzing sequences: done in 1.40667e-05 secs
   1  Ceratotherium_simum    0.00%    passed     98.97%
   2  Diceros_bicornis       0.00%    passed     99.97%
   3  Equus_asinus           0.00%    passed     99.37%
   4  Equus_quagga           0.00%    passed     99.37%
   5  Equus_caballus         0.00%    passed     99.60%
   6  Canis_lupus            0.00%    passed     95.34%
   7  Bos_taurus             0.00%    passed     95.13%
****  TOTAL                  0.00%  0 sequences failed composition chi2 test (p-value<5%; df=3)
NOTE: Equus_quagga is identical to Equus_asinus but kept for subsequent analysis


Create initial parsimony tree by phylogenetic likelihood library (PLL)... 0.000 seconds
Perform fast likelihood tree search using GTR+I+G model...
Estimate model parameters (epsilon = 5.000)
Perform nearest neighbor interchange...
Estimate model parameters (epsilon = 1.000)
1. Initial log-likelihood: -1756.048
Optimal log-likelihood: -1756.045
Rate parameters:  A-C: 0.70117  A-G: 4.05242  A-T: 0.52398  C-G: 0.08719  C-T: 9.40615  G-T: 1.00000
Base frequencies:  A: 0.319  C: 0.192  G: 0.231  T: 0.257
Proportion of invariable sites: 0.458
Gamma shape alpha: 5.272
Parameters optimization took 1 rounds (0.014 sec)
Time for fast ML tree search: 0.056 seconds

NOTE: ModelFinder requires 0 MB RAM!
ModelFinder will test up to 484 DNA models (sample size: 951) ...
 No. Model         -LnL         df  AIC          AICc         BIC
  1  GTR+F         1756.589     19  3551.178     3551.995     3643.471
  2  GTR+F+I       1756.085     20  3552.170     3553.073     3649.320
  3  GTR+F+G4      1755.960     20  3551.920     3552.823     3649.070
  4  GTR+F+I+G4    1756.044     21  3554.089     3555.083     3656.096
  5  GTR+F+R2      1756.117     21  3554.235     3555.230     3656.243
  6  GTR+F+R3      1756.020     23  3558.041     3559.232     3669.764
 14  GTR+F+I+R2    1756.197     22  3556.394     3557.484     3663.259
 15  GTR+F+I+R3    1756.212     24  3560.423     3561.719     3677.004
 23  SYM           1775.343     16  3582.686     3583.269     3660.407
 24  SYM+I         1774.643     17  3583.286     3583.941     3665.863
 25  SYM+G4        1774.493     17  3582.986     3583.642     3665.563
 45  TVM+F         1761.729     18  3559.458     3560.192     3646.894
 46  TVM+F+I       1761.244     19  3560.489     3561.305     3652.781
 47  TVM+F+G4      1761.154     19  3560.308     3561.124     3652.601
 67  TVMe          1778.219     15  3586.437     3586.950     3659.300
 68  TVMe+I        1777.598     16  3587.197     3587.779     3664.917
 69  TVMe+G4       1777.490     16  3586.981     3587.563     3664.701
 89  TIM3+F        1757.559     17  3549.119     3549.775     3631.697
 90  TIM3+F+I      1757.144     18  3550.288     3551.022     3637.723
 91  TIM3+F+G4     1757.091     18  3550.182     3550.916     3637.617
111  TIM3e         1776.309     14  3580.619     3581.068     3648.624
112  TIM3e+I       1775.751     15  3581.503     3582.016     3654.365
113  TIM3e+G4      1775.696     15  3581.392     3581.906     3654.255
133  TIM2+F        1757.721     17  3549.442     3550.098     3632.020
134  TIM2+F+I      1757.325     18  3550.650     3551.384     3638.085
135  TIM2+F+G4     1757.285     18  3550.570     3551.304     3638.005
155  TIM2e         1776.658     14  3581.317     3581.765     3649.322
156  TIM2e+I       1776.145     15  3582.290     3582.803     3655.152
157  TIM2e+G4      1776.108     15  3582.216     3582.729     3655.079
177  TIM+F         1757.017     17  3548.034     3548.690     3630.612
178  TIM+F+I       1756.618     18  3549.236     3549.970     3636.672
179  TIM+F+G4      1756.564     18  3549.128     3549.862     3636.563
199  TIMe          1776.075     14  3580.150     3580.598     3648.155
200  TIMe+I        1775.558     15  3581.116     3581.630     3653.979
201  TIMe+G4       1775.510     15  3581.020     3581.533     3653.882
221  TPM3u+F       1762.665     16  3557.330     3557.912     3635.050
222  TPM3u+F+I     1762.252     17  3558.504     3559.160     3641.082
223  TPM3u+F+G4    1762.214     17  3558.428     3559.084     3641.006
243  TPM3          1779.165     13  3584.329     3584.717     3647.477
244  TPM3+I        1778.656     14  3585.311     3585.760     3653.317
245  TPM3+G4       1778.615     14  3585.231     3585.679     3653.236
265  TPM2u+F       1762.816     16  3557.632     3558.215     3635.353
266  TPM2u+F+I     1762.429     17  3558.858     3559.514     3641.436
267  TPM2u+F+G4    1762.400     17  3558.800     3559.456     3641.378
287  TPM2          1779.504     13  3585.009     3585.397     3648.156
288  TPM2+I        1779.031     14  3586.063     3586.512     3654.068
289  TPM2+G4       1779.006     14  3586.012     3586.461     3654.018
309  K3Pu+F        1762.125     16  3556.249     3556.832     3633.969
310  K3Pu+F+I      1761.732     17  3557.463     3558.119     3640.041
311  K3Pu+F+G4     1761.690     17  3557.380     3558.036     3639.957
331  K3P           1778.929     13  3583.858     3584.246     3647.005
332  K3P+I         1778.451     14  3584.903     3585.352     3652.908
333  K3P+G4        1778.415     14  3584.829     3585.278     3652.834
353  TN+F          1757.718     16  3547.435     3548.017     3625.155
354  TN+F+I        1757.326     17  3548.653     3549.309     3631.231
355  TN+F+G4       1757.286     17  3548.572     3549.227     3631.149
375  TNe           1776.675     13  3579.350     3579.738     3642.497
376  TNe+I         1776.175     14  3580.349     3580.798     3648.354
377  TNe+G4        1776.137     14  3580.274     3580.723     3648.280
397  HKY+F         1762.818     15  3555.636     3556.149     3628.499
398  HKY+F+I       1762.428     16  3556.857     3557.439     3634.577
399  HKY+F+G4      1762.400     16  3556.800     3557.383     3634.520
419  K2P           1779.526     12  3583.051     3583.384     3641.341
420  K2P+I         1779.060     13  3584.121     3584.509     3647.268
421  K2P+G4        1779.035     13  3584.070     3584.459     3647.218
441  F81+F         1804.555     14  3637.110     3637.559     3705.116
442  F81+F+I       1804.450     15  3638.900     3639.413     3711.762
443  F81+F+G4      1804.454     15  3638.907     3639.421     3711.770
463  JC            1821.154     11  3664.308     3664.589     3717.740
464  JC+I          1821.008     12  3666.016     3666.349     3724.306
465  JC+G4         1821.013     12  3666.026     3666.358     3724.316
Akaike Information Criterion:           TN+F
Corrected Akaike Information Criterion: TN+F
Bayesian Information Criterion:         TN+F
Best-fit model: TN+F chosen according to BIC

All model information printed to per_gene_alignments_codon/LOC101404144_.aln.model.gz
CPU time for ModelFinder: 0.165 seconds (0h:0m:0s)
Wall-clock time for ModelFinder: 0.240 seconds (0h:0m:0s)
Generating 1000 samples for ultrafast bootstrap (seed: 774516)...

NOTE: 0 MB RAM (0 GB) is required!
Estimate model parameters (epsilon = 0.100)
1. Initial log-likelihood: -1757.718
Optimal log-likelihood: -1757.717
Rate parameters:  A-C: 1.00000  A-G: 6.52920  A-T: 1.00000  C-G: 1.00000  C-T: 14.48565  G-T: 1.00000
Base frequencies:  A: 0.319  C: 0.192  G: 0.231  T: 0.257
Parameters optimization took 1 rounds (0.000 sec)
Wrote distance file to... 
Computing ML distances based on estimated model parameters...
Calculating distance matrix: done in 0.000223875 secs using 99.61% CPU
Computing ML distances took 0.000262 sec (of wall-clock time) 0.000268 sec (of CPU time)
Setting up auxiliary I and S matrices: done in 5.10216e-05 secs using 196% CPU
Computing RapidNJ tree took 0.000143 sec (of wall-clock time) 0.000280 sec (of CPU time)
Log-likelihood of RapidNJ tree: -1757.721
--------------------------------------------------------------------
|             INITIALIZING CANDIDATE TREE SET                      |
--------------------------------------------------------------------
Generating 98 parsimony trees... 0.028 second
Computing log-likelihood of 50 initial trees ... 0.010 seconds
Current best score: -1757.717

Do NNI search on 20 best initial trees
Estimate model parameters (epsilon = 0.100)
BETTER TREE FOUND at iteration 1: -1757.717
UPDATE BEST LOG-LIKELIHOOD: -1757.717
Iteration 10 / LogL: -1757.717 / Time: 0h:0m:0s
UPDATE BEST LOG-LIKELIHOOD: -1757.717
UPDATE BEST LOG-LIKELIHOOD: -1757.717
Iteration 20 / LogL: -1757.717 / Time: 0h:0m:0s
Finish initializing candidate tree set (3)
Current best tree score: -1757.717 / CPU time: 0.083
Number of iterations: 20
--------------------------------------------------------------------
|               OPTIMIZING CANDIDATE TREE SET                      |
--------------------------------------------------------------------
UPDATE BEST LOG-LIKELIHOOD: -1757.717
UPDATE BEST LOG-LIKELIHOOD: -1757.717
Iteration 30 / LogL: -1792.461 / Time: 0h:0m:0s (0h:0m:0s left)
UPDATE BEST LOG-LIKELIHOOD: -1757.717
Iteration 40 / LogL: -1757.720 / Time: 0h:0m:0s (0h:0m:0s left)
Iteration 50 / LogL: -1757.717 / Time: 0h:0m:0s (0h:0m:0s left)
Log-likelihood cutoff on original alignment: -1790.415
UPDATE BEST LOG-LIKELIHOOD: -1757.717
Iteration 60 / LogL: -1757.717 / Time: 0h:0m:0s (0h:0m:0s left)
Iteration 70 / LogL: -1757.717 / Time: 0h:0m:1s (0h:0m:0s left)
Iteration 80 / LogL: -1792.459 / Time: 0h:0m:1s (0h:0m:0s left)
Iteration 90 / LogL: -1757.719 / Time: 0h:0m:1s (0h:0m:0s left)
Iteration 100 / LogL: -1757.717 / Time: 0h:0m:1s (0h:0m:0s left)
Log-likelihood cutoff on original alignment: -1790.415
NOTE: Bootstrap correlation coefficient of split occurrence frequencies: 1.000
TREE SEARCH COMPLETED AFTER 102 ITERATIONS / Time: 0h:0m:1s

--------------------------------------------------------------------
|                    FINALIZING TREE SEARCH                        |
--------------------------------------------------------------------
Performs final model parameters optimization
Estimate model parameters (epsilon = 0.010)
1. Initial log-likelihood: -1757.717
Optimal log-likelihood: -1757.717
Rate parameters:  A-C: 1.00000  A-G: 6.53656  A-T: 1.00000  C-G: 1.00000  C-T: 14.49344  G-T: 1.00000
Base frequencies:  A: 0.319  C: 0.192  G: 0.231  T: 0.257
Parameters optimization took 1 rounds (0.000 sec)
BEST SCORE FOUND : -1757.717
Creating bootstrap support values...
Split supports printed to NEXUS file per_gene_alignments_codon/LOC101404144_.aln.splits.nex
Total tree length: 0.087

Total number of iterations: 102
CPU time used for tree search: 0.858 sec (0h:0m:0s)
Wall-clock time used for tree search: 1.450 sec (0h:0m:1s)
Total CPU time used: 1.093 sec (0h:0m:1s)
Total wall-clock time used: 1.791 sec (0h:0m:1s)

Computing bootstrap consensus tree...
Reading input file per_gene_alignments_codon/LOC101404144_.aln.splits.nex...
7 taxa and 18 splits.
Consensus tree written to per_gene_alignments_codon/LOC101404144_.aln.contree
Reading input trees file per_gene_alignments_codon/LOC101404144_.aln.contree
Log-likelihood of consensus tree: -1757.720

Analysis results written to: 
  IQ-TREE report:                per_gene_alignments_codon/LOC101404144_.aln.iqtree
  Maximum-likelihood tree:       per_gene_alignments_codon/LOC101404144_.aln.treefile
  Likelihood distances:          per_gene_alignments_codon/LOC101404144_.aln.mldist

Ultrafast bootstrap approximation results written to:
  Split support values:          per_gene_alignments_codon/LOC101404144_.aln.splits.nex
  Consensus tree:                per_gene_alignments_codon/LOC101404144_.aln.contree
  Screen log file:               per_gene_alignments_codon/LOC101404144_.aln.log

Date and Time: Thu Oct 30 21:36:41 2025
