IQ-TREE multicore version 2.3.3 COVID-edition for Linux x86 64-bit built Apr 25 2024
Developed by Bui Quang Minh, James Barbetti, Nguyen Lam Tung, Olga Chernomor,
Heiko Schmidt, Dominik Schrempf, Michael Woodhams, Ly Trong Nhan, Thomas Wong

Host:    morpheus-OptiPlex-5050 (AVX2, FMA3, 503 GB RAM)
Command: iqtree2 -s per_gene_alignments_codon/LOC101394208_.aln.fna -m MFP -T 1 -B 1000 --prefix per_gene_alignments_codon/LOC101394208_.aln
Seed:    730027 (Using SPRNG - Scalable Parallel Random Number Generator)
Time:    Thu Oct 30 21:29:50 2025
Kernel:  AVX+FMA - 1 threads (72 CPU cores detected)

HINT: Use -nt option to specify number of threads because your CPU has 72 cores!
HINT: -nt AUTO will automatically determine the best number of threads to use.

Reading alignment file per_gene_alignments_codon/LOC101394208_.aln.fna ... Fasta format detected
Reading fasta file: done in 0.000511885 secs using 49.82% CPU
Alignment most likely contains DNA/RNA sequences
Alignment has 7 sequences with 1752 columns, 126 distinct patterns
183 parsimony-informative, 206 singleton sites, 1363 constant sites
                     Gap/Ambiguity  Composition  p-value
Analyzing sequences: done in 2.09808e-05 secs
   1  Ceratotherium_simum    0.00%    passed     77.22%
   2  Diceros_bicornis       0.00%    passed     96.96%
   3  Equus_asinus           0.00%    passed     44.64%
   4  Equus_quagga           0.00%    passed     45.95%
   5  Equus_caballus         0.00%    passed     43.10%
   6  Canis_lupus            0.00%    failed      0.39%
   7  Bos_taurus             0.17%    passed     99.98%
****  TOTAL                  0.02%  1 sequences failed composition chi2 test (p-value<5%; df=3)


Create initial parsimony tree by phylogenetic likelihood library (PLL)... 0.000 seconds
Perform fast likelihood tree search using GTR+I+G model...
Estimate model parameters (epsilon = 5.000)
Perform nearest neighbor interchange...
Estimate model parameters (epsilon = 1.000)
1. Initial log-likelihood: -4616.630
Optimal log-likelihood: -4616.619
Rate parameters:  A-C: 1.77187  A-G: 5.86821  A-T: 0.29695  C-G: 1.75386  C-T: 5.07305  G-T: 1.00000
Base frequencies:  A: 0.288  C: 0.222  G: 0.229  T: 0.261
Proportion of invariable sites: 0.386
Gamma shape alpha: 1.512
Parameters optimization took 1 rounds (0.002 sec)
Time for fast ML tree search: 0.022 seconds

NOTE: ModelFinder requires 0 MB RAM!
ModelFinder will test up to 484 DNA models (sample size: 1752) ...
 No. Model         -LnL         df  AIC          AICc         BIC
  1  GTR+F         4643.799     19  9325.598     9326.036     9429.499
  2  GTR+F+I       4616.900     20  9273.799     9274.285     9383.170
  3  GTR+F+G4      4616.624     20  9273.247     9273.733     9382.618
  4  GTR+F+I+G4    4616.623     21  9275.245     9275.779     9390.084
  5  GTR+F+R2      4616.959     21  9275.917     9276.451     9390.756
  6  GTR+F+R3      4616.665     23  9279.330     9279.969     9405.106
 14  GTR+F+I+R2    4616.694     22  9277.388     9277.974     9397.696
 15  GTR+F+I+R3    4616.650     24  9281.300     9281.995     9412.544
 24  SYM+I         4630.711     17  9295.423     9295.776     9388.388
 25  SYM+G4        4630.539     17  9295.077     9295.430     9388.042
 26  SYM+I+G4      4630.535     18  9297.070     9297.465     9395.503
 27  SYM+R2        4630.842     18  9297.683     9298.078     9396.116
 46  TVM+F+I       4617.565     19  9273.129     9273.568     9377.031
 47  TVM+F+G4      4617.185     19  9272.369     9272.808     9376.271
 48  TVM+F+I+G4    4617.188     20  9274.376     9274.861     9383.746
 49  TVM+F+R2      4617.592     20  9275.185     9275.670     9384.555
 68  TVMe+I        4631.995     16  9295.990     9296.303     9383.486
 69  TVMe+G4       4631.708     16  9295.416     9295.729     9382.912
 70  TVMe+I+G4     4631.716     17  9297.432     9297.785     9390.397
 71  TVMe+R2       4632.097     17  9298.195     9298.548     9391.159
 90  TIM3+F+I      4621.055     18  9278.110     9278.504     9376.543
 91  TIM3+F+G4     4620.997     18  9277.995     9278.389     9376.428
 92  TIM3+F+I+G4   4620.989     19  9279.978     9280.416     9383.879
 93  TIM3+F+R2     4621.219     19  9280.438     9280.876     9384.339
112  TIM3e+I       4633.710     15  9297.421     9297.697     9379.449
113  TIM3e+G4      4633.706     15  9297.412     9297.689     9379.440
114  TIM3e+I+G4    4633.688     16  9299.376     9299.689     9386.872
115  TIM3e+R2      4633.868     16  9299.735     9300.049     9387.231
134  TIM2+F+I      4633.480     18  9302.960     9303.354     9401.393
135  TIM2+F+G4     4633.511     18  9303.022     9303.417     9401.455
136  TIM2+F+I+G4   4633.507     19  9305.014     9305.453     9408.916
137  TIM2+F+R2     4633.597     19  9305.195     9305.633     9409.096
156  TIM2e+I       4644.180     15  9318.359     9318.636     9400.387
157  TIM2e+G4      4644.242     15  9318.483     9318.760     9400.511
158  TIM2e+I+G4    4644.218     16  9320.437     9320.750     9407.933
159  TIM2e+R2      4644.349     16  9320.698     9321.011     9408.194
178  TIM+F+I       4631.832     18  9299.664     9300.059     9398.097
179  TIM+F+G4      4631.881     18  9299.761     9300.156     9398.194
180  TIM+F+I+G4    4631.856     19  9301.712     9302.151     9405.614
181  TIM+F+R2      4632.023     19  9302.047     9302.485     9405.948
200  TIMe+I        4642.052     15  9314.105     9314.381     9396.132
201  TIMe+G4       4642.089     15  9314.178     9314.455     9396.206
202  TIMe+I+G4     4642.059     16  9316.118     9316.431     9403.614
203  TIMe+R2       4642.214     16  9316.429     9316.742     9403.925
222  TPM3u+F+I     4621.658     17  9277.317     9277.670     9370.282
223  TPM3u+F+G4    4621.517     17  9277.035     9277.388     9369.999
224  TPM3u+F+I+G4  4621.518     18  9279.035     9279.430     9377.468
225  TPM3u+F+R2    4621.793     18  9279.587     9279.981     9378.020
244  TPM3+I        4634.973     14  9297.947     9298.189     9374.506
245  TPM3+G4       4634.859     14  9297.718     9297.960     9374.277
246  TPM3+I+G4     4634.858     15  9299.716     9299.993     9381.744
247  TPM3+R2       4635.099     15  9300.198     9300.475     9382.226
266  TPM2u+F+I     4634.241     17  9302.483     9302.836     9395.448
267  TPM2u+F+G4    4634.171     17  9302.342     9302.695     9395.307
268  TPM2u+F+I+G4  4634.175     18  9304.350     9304.745     9402.783
269  TPM2u+F+R2    4634.336     18  9304.672     9305.067     9403.106
288  TPM2+I        4645.516     14  9319.032     9319.274     9395.591
289  TPM2+G4       4645.453     14  9318.907     9319.149     9395.466
290  TPM2+I+G4     4645.449     15  9320.899     9321.175     9402.926
291  TPM2+R2       4645.660     15  9321.320     9321.597     9403.348
310  K3Pu+F+I      4632.556     17  9299.113     9299.466     9392.078
311  K3Pu+F+G4     4632.504     17  9299.008     9299.361     9391.972
312  K3Pu+F+I+G4   4632.491     18  9300.982     9301.377     9399.416
313  K3Pu+F+R2     4632.721     18  9301.442     9301.837     9399.876
332  K3P+I         4643.381     14  9314.762     9315.004     9391.322
333  K3P+G4        4643.293     14  9314.586     9314.828     9391.146
334  K3P+I+G4      4643.283     15  9316.566     9316.842     9398.593
335  K3P+R2        4643.516     15  9317.032     9317.309     9399.060
354  TN+F+I        4634.968     17  9303.935     9304.288     9396.900
355  TN+F+G4       4635.049     17  9304.098     9304.451     9397.063
356  TN+F+I+G4     4635.030     18  9306.060     9306.455     9404.494
357  TN+F+R2       4635.150     18  9306.301     9306.695     9404.734
376  TNe+I         4644.590     14  9317.180     9317.422     9393.739
377  TNe+G4        4644.673     14  9317.347     9317.589     9393.906
378  TNe+I+G4      4644.642     15  9319.285     9319.561     9401.313
379  TNe+R2        4644.757     15  9319.514     9319.790     9401.542
398  HKY+F+I       4635.668     16  9303.336     9303.649     9390.832
399  HKY+F+G4      4635.653     16  9303.307     9303.620     9390.803
400  HKY+F+I+G4    4635.644     17  9305.289     9305.642     9398.253
401  HKY+F+R2      4635.828     17  9305.656     9306.008     9398.620
420  K2P+I         4645.907     13  9317.814     9318.023     9388.905
421  K2P+G4        4645.869     13  9317.737     9317.947     9388.828
422  K2P+I+G4      4645.857     14  9319.715     9319.957     9396.274
423  K2P+R2        4646.047     14  9320.094     9320.336     9396.653
442  F81+F+I       4752.671     15  9535.343     9535.619     9617.371
443  F81+F+G4      4752.936     15  9535.872     9536.149     9617.900
444  F81+F+I+G4    4752.826     16  9537.653     9537.966     9625.149
445  F81+F+R2      4752.880     16  9537.760     9538.074     9625.257
464  JC+I          4760.600     12  9545.201     9545.380     9610.823
465  JC+G4         4760.904     12  9545.808     9545.988     9611.431
466  JC+I+G4       4760.774     13  9547.549     9547.758     9618.640
467  JC+R2         4760.810     13  9547.620     9547.829     9618.711
Akaike Information Criterion:           TVM+F+G4
Corrected Akaike Information Criterion: TVM+F+G4
Bayesian Information Criterion:         TPM3u+F+G4
Best-fit model: TPM3u+F+G4 chosen according to BIC

All model information printed to per_gene_alignments_codon/LOC101394208_.aln.model.gz
CPU time for ModelFinder: 1.038 seconds (0h:0m:1s)
Wall-clock time for ModelFinder: 1.765 seconds (0h:0m:1s)
Generating 1000 samples for ultrafast bootstrap (seed: 730027)...

NOTE: 0 MB RAM (0 GB) is required!
Estimate model parameters (epsilon = 0.100)
1. Initial log-likelihood: -4621.517
Optimal log-likelihood: -4621.517
Rate parameters:  A-C: 2.90711  A-G: 8.95717  A-T: 1.00000  C-G: 2.90711  C-T: 8.95717  G-T: 1.00000
Base frequencies:  A: 0.288  C: 0.222  G: 0.229  T: 0.261
Gamma shape alpha: 0.443
Parameters optimization took 1 rounds (0.026 sec)
Wrote distance file to... 
Computing ML distances based on estimated model parameters...
Calculating distance matrix: done in 0.000576019 secs using 99.82% CPU
Computing ML distances took 0.000631 sec (of wall-clock time) 0.000637 sec (of CPU time)
Setting up auxiliary I and S matrices: done in 5.00679e-05 secs using 99.86% CPU
Computing RapidNJ tree took 0.000134 sec (of wall-clock time) 0.000134 sec (of CPU time)
Log-likelihood of RapidNJ tree: -4621.517
--------------------------------------------------------------------
|             INITIALIZING CANDIDATE TREE SET                      |
--------------------------------------------------------------------
Generating 99 parsimony trees... 0.097 second
Computing log-likelihood of 36 initial trees ... 0.043 seconds
Current best score: -4621.517

Do NNI search on 20 best initial trees
Estimate model parameters (epsilon = 0.100)
BETTER TREE FOUND at iteration 1: -4621.517
Iteration 10 / LogL: -4621.633 / Time: 0h:0m:2s
Iteration 20 / LogL: -4621.531 / Time: 0h:0m:2s
Finish initializing candidate tree set (1)
Current best tree score: -4621.517 / CPU time: 0.379
Number of iterations: 20
--------------------------------------------------------------------
|               OPTIMIZING CANDIDATE TREE SET                      |
--------------------------------------------------------------------
UPDATE BEST LOG-LIKELIHOOD: -4621.517
Iteration 30 / LogL: -4621.529 / Time: 0h:0m:2s (0h:0m:1s left)
Iteration 40 / LogL: -4621.517 / Time: 0h:0m:2s (0h:0m:1s left)
UPDATE BEST LOG-LIKELIHOOD: -4621.517
Iteration 50 / LogL: -4621.517 / Time: 0h:0m:2s (0h:0m:1s left)
Log-likelihood cutoff on original alignment: -4632.309
Iteration 60 / LogL: -4621.535 / Time: 0h:0m:3s (0h:0m:0s left)
Iteration 70 / LogL: -4623.572 / Time: 0h:0m:3s (0h:0m:0s left)
Iteration 80 / LogL: -4621.528 / Time: 0h:0m:3s (0h:0m:0s left)
Iteration 90 / LogL: -4621.545 / Time: 0h:0m:3s (0h:0m:0s left)
Iteration 100 / LogL: -4621.517 / Time: 0h:0m:3s (0h:0m:0s left)
Log-likelihood cutoff on original alignment: -4632.153
NOTE: Bootstrap correlation coefficient of split occurrence frequencies: 0.999
TREE SEARCH COMPLETED AFTER 102 ITERATIONS / Time: 0h:0m:3s

--------------------------------------------------------------------
|                    FINALIZING TREE SEARCH                        |
--------------------------------------------------------------------
Performs final model parameters optimization
Estimate model parameters (epsilon = 0.010)
1. Initial log-likelihood: -4621.517
Optimal log-likelihood: -4621.516
Rate parameters:  A-C: 2.91581  A-G: 8.98727  A-T: 1.00000  C-G: 2.91581  C-T: 8.98727  G-T: 1.00000
Base frequencies:  A: 0.288  C: 0.222  G: 0.229  T: 0.261
Gamma shape alpha: 0.443
Parameters optimization took 1 rounds (0.002 sec)
BEST SCORE FOUND : -4621.516
Creating bootstrap support values...
Split supports printed to NEXUS file per_gene_alignments_codon/LOC101394208_.aln.splits.nex
Total tree length: 0.327

Total number of iterations: 102
CPU time used for tree search: 1.233 sec (0h:0m:1s)
Wall-clock time used for tree search: 1.896 sec (0h:0m:1s)
Total CPU time used: 2.336 sec (0h:0m:2s)
Total wall-clock time used: 3.784 sec (0h:0m:3s)

Computing bootstrap consensus tree...
Reading input file per_gene_alignments_codon/LOC101394208_.aln.splits.nex...
7 taxa and 15 splits.
Consensus tree written to per_gene_alignments_codon/LOC101394208_.aln.contree
Reading input trees file per_gene_alignments_codon/LOC101394208_.aln.contree
Log-likelihood of consensus tree: -4621.516

Analysis results written to: 
  IQ-TREE report:                per_gene_alignments_codon/LOC101394208_.aln.iqtree
  Maximum-likelihood tree:       per_gene_alignments_codon/LOC101394208_.aln.treefile
  Likelihood distances:          per_gene_alignments_codon/LOC101394208_.aln.mldist

Ultrafast bootstrap approximation results written to:
  Split support values:          per_gene_alignments_codon/LOC101394208_.aln.splits.nex
  Consensus tree:                per_gene_alignments_codon/LOC101394208_.aln.contree
  Screen log file:               per_gene_alignments_codon/LOC101394208_.aln.log

Date and Time: Thu Oct 30 21:29:54 2025
