IQ-TREE multicore version 2.3.3 COVID-edition for Linux x86 64-bit built Apr 25 2024
Developed by Bui Quang Minh, James Barbetti, Nguyen Lam Tung, Olga Chernomor,
Heiko Schmidt, Dominik Schrempf, Michael Woodhams, Ly Trong Nhan, Thomas Wong

Host:    morpheus-OptiPlex-5050 (AVX2, FMA3, 503 GB RAM)
Command: iqtree2 -s per_gene_alignments_codon/LOC101405628_.aln.fna -m MFP -T 1 -B 1000 --prefix per_gene_alignments_codon/LOC101405628_.aln
Seed:    774564 (Using SPRNG - Scalable Parallel Random Number Generator)
Time:    Thu Oct 30 21:37:39 2025
Kernel:  AVX+FMA - 1 threads (72 CPU cores detected)

HINT: Use -nt option to specify number of threads because your CPU has 72 cores!
HINT: -nt AUTO will automatically determine the best number of threads to use.

Reading alignment file per_gene_alignments_codon/LOC101405628_.aln.fna ... Fasta format detected
Reading fasta file: done in 0.000329971 secs using 49.7% CPU
Alignment most likely contains DNA/RNA sequences
Alignment has 7 sequences with 978 columns, 96 distinct patterns
95 parsimony-informative, 131 singleton sites, 752 constant sites
                     Gap/Ambiguity  Composition  p-value
Analyzing sequences: done in 1.78814e-05 secs using 50.33% CPU
   1  Ceratotherium_simum    0.00%    passed     85.58%
   2  Diceros_bicornis       0.00%    passed     92.18%
   3  Equus_asinus           0.00%    passed     99.72%
   4  Equus_quagga           0.00%    passed     99.85%
   5  Equus_caballus         0.00%    passed     99.11%
   6  Canis_lupus            0.92%    passed     90.60%
   7  Bos_taurus             4.91%    passed     62.35%
****  TOTAL                  0.83%  0 sequences failed composition chi2 test (p-value<5%; df=3)


Create initial parsimony tree by phylogenetic likelihood library (PLL)... 0.000 seconds
Perform fast likelihood tree search using GTR+I+G model...
Estimate model parameters (epsilon = 5.000)
Perform nearest neighbor interchange...
Estimate model parameters (epsilon = 1.000)
1. Initial log-likelihood: -2506.687
Optimal log-likelihood: -2506.634
Rate parameters:  A-C: 1.77300  A-G: 11.17785  A-T: 1.04718  C-G: 1.82546  C-T: 11.48420  G-T: 1.00000
Base frequencies:  A: 0.174  C: 0.331  G: 0.323  T: 0.172
Proportion of invariable sites: 0.378
Gamma shape alpha: 1.113
Parameters optimization took 1 rounds (0.003 sec)
Time for fast ML tree search: 0.119 seconds

NOTE: ModelFinder requires 0 MB RAM!
ModelFinder will test up to 484 DNA models (sample size: 978) ...
 No. Model         -LnL         df  AIC          AICc         BIC
  1  GTR+F         2523.971     19  5085.943     5086.736     5178.768
  2  GTR+F+I       2507.411     20  5054.822     5055.699     5152.532
  3  GTR+F+G4      2506.744     20  5053.488     5054.366     5151.198
  4  GTR+F+I+G4    2506.630     21  5055.260     5056.226     5157.856
  5  GTR+F+R2      2507.180     21  5056.361     5057.327     5158.956
  6  GTR+F+R3      2506.890     23  5059.781     5060.938     5172.147
 14  GTR+F+I+R2    2506.970     22  5057.940     5059.000     5165.421
 15  GTR+F+I+R3    2506.717     24  5061.434     5062.693     5178.686
 24  SYM+I         2567.980     17  5169.961     5170.598     5253.014
 25  SYM+G4        2567.245     17  5168.491     5169.128     5251.545
 26  SYM+I+G4      2567.169     18  5170.338     5171.051     5258.277
 27  SYM+R2        2567.751     18  5171.502     5172.215     5259.441
 46  TVM+F+I       2507.386     19  5052.773     5053.566     5145.598
 47  TVM+F+G4      2506.733     19  5051.465     5052.258     5144.290
 48  TVM+F+I+G4    2506.615     20  5053.229     5054.107     5150.939
 49  TVM+F+R2      2507.256     20  5054.512     5055.390     5152.222
 68  TVMe+I        2568.006     16  5168.011     5168.577     5246.179
 69  TVMe+G4       2567.267     16  5166.533     5167.099     5244.701
 70  TVMe+I+G4     2567.184     17  5168.368     5169.005     5251.421
 71  TVMe+R2       2567.754     17  5169.509     5170.146     5252.562
 90  TIM3+F+I      2507.389     18  5050.777     5051.490     5138.716
 91  TIM3+F+G4     2506.738     18  5049.477     5050.190     5137.416
 92  TIM3+F+I+G4   2506.624     19  5051.248     5052.041     5144.072
 93  TIM3+F+R2     2507.264     19  5052.527     5053.321     5145.352
112  TIM3e+I       2569.366     15  5168.733     5169.232     5242.016
113  TIM3e+G4      2568.726     15  5167.453     5167.952     5240.736
114  TIM3e+I+G4    2568.661     16  5169.322     5169.888     5247.490
115  TIM3e+R2      2569.332     16  5170.663     5171.229     5248.831
134  TIM2+F+I      2508.768     18  5053.536     5054.250     5141.476
135  TIM2+F+G4     2508.087     18  5052.175     5052.888     5140.114
136  TIM2+F+I+G4   2507.959     19  5053.918     5054.712     5146.743
137  TIM2+F+R2     2508.601     19  5055.203     5055.996     5148.027
156  TIM2e+I       2573.530     15  5177.060     5177.559     5250.343
157  TIM2e+G4      2572.848     15  5175.695     5176.194     5248.978
158  TIM2e+I+G4    2572.748     16  5177.496     5178.062     5255.664
159  TIM2e+R2      2573.348     16  5178.695     5179.261     5256.863
178  TIM+F+I       2508.572     18  5053.143     5053.857     5141.083
179  TIM+F+G4      2507.861     18  5051.722     5052.435     5139.661
180  TIM+F+I+G4    2507.729     19  5053.458     5054.251     5146.282
181  TIM+F+R2      2508.292     19  5054.584     5055.378     5147.409
200  TIMe+I        2573.693     15  5177.386     5177.885     5250.668
201  TIMe+G4       2572.965     15  5175.931     5176.430     5249.213
202  TIMe+I+G4     2572.862     16  5177.725     5178.291     5255.893
203  TIMe+R2       2573.485     16  5178.969     5179.535     5257.137
222  TPM3u+F+I     2507.389     17  5048.778     5049.415     5131.831
223  TPM3u+F+G4    2506.742     17  5047.484     5048.121     5130.537
224  TPM3u+F+I+G4  2506.627     18  5049.254     5049.967     5137.193
225  TPM3u+F+R2    2507.251     18  5050.503     5051.216     5138.442
244  TPM3+I        2569.401     14  5166.802     5167.238     5235.199
245  TPM3+G4       2568.772     14  5165.545     5165.981     5233.942
246  TPM3+I+G4     2568.699     15  5167.398     5167.897     5240.681
247  TPM3+R2       2569.267     15  5168.533     5169.032     5241.816
266  TPM2u+F+I     2508.771     17  5051.543     5052.180     5134.596
267  TPM2u+F+G4    2508.097     17  5050.195     5050.832     5133.249
268  TPM2u+F+I+G4  2507.969     18  5051.938     5052.651     5139.877
269  TPM2u+F+R2    2508.600     18  5053.200     5053.914     5141.140
288  TPM2+I        2573.548     14  5175.096     5175.532     5243.493
289  TPM2+G4       2572.871     14  5173.742     5174.178     5242.139
290  TPM2+I+G4     2572.768     15  5175.535     5176.034     5248.818
291  TPM2+R2       2573.365     15  5176.730     5177.229     5250.013
310  K3Pu+F+I      2508.568     17  5051.136     5051.773     5134.189
311  K3Pu+F+G4     2507.869     17  5049.738     5050.375     5132.791
312  K3Pu+F+I+G4   2507.737     18  5051.474     5052.187     5139.413
313  K3Pu+F+R2     2508.286     18  5052.571     5053.285     5140.511
332  K3P+I         2573.709     14  5175.417     5175.853     5243.814
333  K3P+G4        2572.998     14  5173.995     5174.431     5242.392
334  K3P+I+G4      2572.891     15  5175.782     5176.281     5249.065
335  K3P+R2        2573.410     15  5176.820     5177.319     5250.103
354  TN+F+I        2508.770     17  5051.540     5052.178     5134.594
355  TN+F+G4       2508.087     17  5050.175     5050.812     5133.228
356  TN+F+I+G4     2507.959     18  5051.917     5052.631     5139.856
357  TN+F+R2       2508.601     18  5053.203     5053.916     5141.142
376  TNe+I         2574.745     14  5177.490     5177.926     5245.887
377  TNe+G4        2574.149     14  5176.298     5176.734     5244.695
378  TNe+I+G4      2574.059     15  5178.119     5178.618     5251.401
379  TNe+R2        2574.667     15  5179.333     5179.832     5252.616
398  HKY+F+I       2508.772     16  5049.544     5050.110     5127.713
399  HKY+F+G4      2508.100     16  5048.201     5048.767     5126.369
400  HKY+F+I+G4    2507.975     17  5049.950     5050.588     5133.004
401  HKY+F+R2      2508.512     17  5051.025     5051.662     5134.078
420  K2P+I         2574.761     13  5175.521     5175.899     5239.033
421  K2P+G4        2574.175     13  5174.350     5174.728     5237.862
422  K2P+I+G4      2574.085     14  5176.170     5176.607     5244.568
423  K2P+R2        2574.700     14  5177.400     5177.836     5245.797
442  F81+F+I       2606.394     15  5242.788     5243.287     5316.071
443  F81+F+G4      2605.801     15  5241.602     5242.101     5314.885
444  F81+F+I+G4    2605.945     16  5243.891     5244.457     5322.059
445  F81+F+R2      2606.659     16  5245.317     5245.883     5323.486
464  JC+I          2659.263     12  5342.526     5342.849     5401.152
465  JC+G4         2658.673     12  5341.346     5341.670     5399.972
466  JC+I+G4       2658.826     13  5343.652     5344.030     5407.164
467  JC+R2         2659.606     13  5345.212     5345.590     5408.724
Akaike Information Criterion:           TPM3u+F+G4
Corrected Akaike Information Criterion: TPM3u+F+G4
Bayesian Information Criterion:         HKY+F+G4
Best-fit model: HKY+F+G4 chosen according to BIC

All model information printed to per_gene_alignments_codon/LOC101405628_.aln.model.gz
CPU time for ModelFinder: 1.348 seconds (0h:0m:1s)
Wall-clock time for ModelFinder: 2.891 seconds (0h:0m:2s)
Generating 1000 samples for ultrafast bootstrap (seed: 774564)...

NOTE: 0 MB RAM (0 GB) is required!
Estimate model parameters (epsilon = 0.100)
1. Initial log-likelihood: -2508.100
Optimal log-likelihood: -2508.098
Rate parameters:  A-C: 1.00000  A-G: 7.55885  A-T: 1.00000  C-G: 1.00000  C-T: 7.55885  G-T: 1.00000
Base frequencies:  A: 0.174  C: 0.331  G: 0.323  T: 0.172
Gamma shape alpha: 0.350
Parameters optimization took 1 rounds (0.026 sec)
Wrote distance file to... 
Computing ML distances based on estimated model parameters...
Calculating distance matrix: done in 0.000650883 secs using 99.71% CPU
Computing ML distances took 0.000711 sec (of wall-clock time) 0.000718 sec (of CPU time)
Setting up auxiliary I and S matrices: done in 4.00543e-05 secs using 97.37% CPU
Computing RapidNJ tree took 0.000115 sec (of wall-clock time) 0.000115 sec (of CPU time)
Log-likelihood of RapidNJ tree: -2508.099
--------------------------------------------------------------------
|             INITIALIZING CANDIDATE TREE SET                      |
--------------------------------------------------------------------
Generating 99 parsimony trees... 0.086 second
Computing log-likelihood of 38 initial trees ... 0.037 seconds
Current best score: -2508.098

Do NNI search on 20 best initial trees
Estimate model parameters (epsilon = 0.100)
BETTER TREE FOUND at iteration 1: -2508.098
Iteration 10 / LogL: -2508.454 / Time: 0h:0m:3s
Iteration 20 / LogL: -2508.556 / Time: 0h:0m:3s
Finish initializing candidate tree set (1)
Current best tree score: -2508.098 / CPU time: 0.399
Number of iterations: 20
--------------------------------------------------------------------
|               OPTIMIZING CANDIDATE TREE SET                      |
--------------------------------------------------------------------
UPDATE BEST LOG-LIKELIHOOD: -2508.098
Iteration 30 / LogL: -2508.098 / Time: 0h:0m:3s (0h:0m:1s left)
UPDATE BEST LOG-LIKELIHOOD: -2508.098
Iteration 40 / LogL: -2508.132 / Time: 0h:0m:3s (0h:0m:1s left)
Iteration 50 / LogL: -2508.113 / Time: 0h:0m:4s (0h:0m:1s left)
Log-likelihood cutoff on original alignment: -2527.714
Iteration 60 / LogL: -2508.121 / Time: 0h:0m:4s (0h:0m:1s left)
Iteration 70 / LogL: -2508.465 / Time: 0h:0m:4s (0h:0m:0s left)
Iteration 80 / LogL: -2508.100 / Time: 0h:0m:5s (0h:0m:0s left)
Iteration 90 / LogL: -2508.100 / Time: 0h:0m:5s (0h:0m:0s left)
Iteration 100 / LogL: -2508.113 / Time: 0h:0m:5s (0h:0m:0s left)
Log-likelihood cutoff on original alignment: -2527.673
NOTE: Bootstrap correlation coefficient of split occurrence frequencies: 1.000
TREE SEARCH COMPLETED AFTER 102 ITERATIONS / Time: 0h:0m:5s

--------------------------------------------------------------------
|                    FINALIZING TREE SEARCH                        |
--------------------------------------------------------------------
Performs final model parameters optimization
Estimate model parameters (epsilon = 0.010)
1. Initial log-likelihood: -2508.098
Optimal log-likelihood: -2508.098
Rate parameters:  A-C: 1.00000  A-G: 7.58856  A-T: 1.00000  C-G: 1.00000  C-T: 7.58856  G-T: 1.00000
Base frequencies:  A: 0.174  C: 0.331  G: 0.323  T: 0.172
Gamma shape alpha: 0.348
Parameters optimization took 1 rounds (0.001 sec)
BEST SCORE FOUND : -2508.098
Creating bootstrap support values...
Split supports printed to NEXUS file per_gene_alignments_codon/LOC101405628_.aln.splits.nex
Total tree length: 0.396

Total number of iterations: 102
CPU time used for tree search: 1.147 sec (0h:0m:1s)
Wall-clock time used for tree search: 2.384 sec (0h:0m:2s)
Total CPU time used: 2.560 sec (0h:0m:2s)
Total wall-clock time used: 5.385 sec (0h:0m:5s)

Computing bootstrap consensus tree...
Reading input file per_gene_alignments_codon/LOC101405628_.aln.splits.nex...
7 taxa and 18 splits.
Consensus tree written to per_gene_alignments_codon/LOC101405628_.aln.contree
Reading input trees file per_gene_alignments_codon/LOC101405628_.aln.contree
Log-likelihood of consensus tree: -2508.099

Analysis results written to: 
  IQ-TREE report:                per_gene_alignments_codon/LOC101405628_.aln.iqtree
  Maximum-likelihood tree:       per_gene_alignments_codon/LOC101405628_.aln.treefile
  Likelihood distances:          per_gene_alignments_codon/LOC101405628_.aln.mldist

Ultrafast bootstrap approximation results written to:
  Split support values:          per_gene_alignments_codon/LOC101405628_.aln.splits.nex
  Consensus tree:                per_gene_alignments_codon/LOC101405628_.aln.contree
  Screen log file:               per_gene_alignments_codon/LOC101405628_.aln.log

Date and Time: Thu Oct 30 21:37:45 2025
