IQ-TREE multicore version 2.3.3 COVID-edition for Linux x86 64-bit built Apr 25 2024
Developed by Bui Quang Minh, James Barbetti, Nguyen Lam Tung, Olga Chernomor,
Heiko Schmidt, Dominik Schrempf, Michael Woodhams, Ly Trong Nhan, Thomas Wong

Host:    morpheus-OptiPlex-5050 (AVX2, FMA3, 503 GB RAM)
Command: iqtree2 -s per_gene_alignments_codon/LOC101408690_.aln.fna -m MFP -T 1 -B 1000 --prefix per_gene_alignments_codon/LOC101408690_.aln
Seed:    345897 (Using SPRNG - Scalable Parallel Random Number Generator)
Time:    Thu Oct 30 21:39:42 2025
Kernel:  AVX+FMA - 1 threads (72 CPU cores detected)

HINT: Use -nt option to specify number of threads because your CPU has 72 cores!
HINT: -nt AUTO will automatically determine the best number of threads to use.

Reading alignment file per_gene_alignments_codon/LOC101408690_.aln.fna ... Fasta format detected
Reading fasta file: done in 0.000504017 secs using 33.33% CPU
Alignment most likely contains DNA/RNA sequences
Alignment has 7 sequences with 1740 columns, 84 distinct patterns
85 parsimony-informative, 165 singleton sites, 1490 constant sites
                     Gap/Ambiguity  Composition  p-value
Analyzing sequences: done in 2.09808e-05 secs using 90.56% CPU
   1  Ceratotherium_simum    0.00%    passed     88.51%
   2  Diceros_bicornis       0.00%    passed     91.60%
   3  Equus_asinus           0.00%    passed     99.64%
   4  Equus_quagga           0.00%    passed     99.75%
   5  Equus_caballus         0.00%    passed     99.41%
   6  Canis_lupus            0.00%    passed     71.97%
   7  Bos_taurus             0.17%    passed     87.51%
****  TOTAL                  0.02%  0 sequences failed composition chi2 test (p-value<5%; df=3)


Create initial parsimony tree by phylogenetic likelihood library (PLL)... 0.000 seconds
Perform fast likelihood tree search using GTR+I+G model...
Estimate model parameters (epsilon = 5.000)
Perform nearest neighbor interchange...
Estimate model parameters (epsilon = 1.000)
1. Initial log-likelihood: -3828.056
Optimal log-likelihood: -3828.053
Rate parameters:  A-C: 1.50866  A-G: 6.28881  A-T: 0.89053  C-G: 1.02179  C-T: 5.55441  G-T: 1.00000
Base frequencies:  A: 0.267  C: 0.299  G: 0.228  T: 0.206
Proportion of invariable sites: 0.427
Gamma shape alpha: 1.801
Parameters optimization took 1 rounds (0.002 sec)
Time for fast ML tree search: 0.060 seconds

NOTE: ModelFinder requires 0 MB RAM!
ModelFinder will test up to 484 DNA models (sample size: 1740) ...
 No. Model         -LnL         df  AIC          AICc         BIC
  1  GTR+F         3837.764     19  7713.529     7713.971     7817.300
  2  GTR+F+I       3827.987     20  7695.974     7696.463     7805.207
  3  GTR+F+G4      3828.055     20  7696.111     7696.599     7805.344
  4  GTR+F+I+G4    3828.055     21  7698.111     7698.648     7812.805
  5  GTR+F+R2      3830.600     21  7703.200     7703.738     7817.895
  6  GTR+F+R3      3828.246     23  7702.491     7703.135     7828.109
 14  GTR+F+I+R2    3828.062     22  7700.125     7700.714     7820.281
 15  GTR+F+I+R3    3828.137     24  7704.275     7704.974     7835.354
 24  SYM+I         3851.335     17  7736.669     7737.025     7829.517
 25  SYM+G4        3851.496     17  7736.993     7737.348     7829.841
 26  SYM+I+G4      3851.514     18  7739.028     7739.425     7837.338
 46  TVM+F+I       3828.279     19  7694.559     7695.001     7798.330
 47  TVM+F+G4      3828.326     19  7694.652     7695.093     7798.423
 48  TVM+F+I+G4    3828.326     20  7696.652     7697.141     7805.885
 68  TVMe+I        3851.643     16  7735.285     7735.601     7822.671
 69  TVMe+G4       3851.788     16  7735.576     7735.892     7822.962
 70  TVMe+I+G4     3851.804     17  7737.607     7737.962     7830.455
 90  TIM3+F+I      3828.750     18  7693.500     7693.897     7791.809
 91  TIM3+F+G4     3828.799     18  7693.597     7693.995     7791.907
 92  TIM3+F+I+G4   3828.798     19  7695.597     7696.038     7799.368
112  TIM3e+I       3852.514     15  7735.028     7735.306     7816.952
113  TIM3e+G4      3852.655     15  7735.309     7735.588     7817.234
114  TIM3e+I+G4    3852.672     16  7737.343     7737.659     7824.729
134  TIM2+F+I      3829.184     18  7694.368     7694.766     7792.678
135  TIM2+F+G4     3829.204     18  7694.408     7694.805     7792.718
136  TIM2+F+I+G4   3829.202     19  7696.403     7696.845     7800.174
156  TIM2e+I       3854.129     15  7738.257     7738.536     7820.182
157  TIM2e+G4      3854.233     15  7738.466     7738.744     7820.390
158  TIM2e+I+G4    3854.237     16  7740.474     7740.789     7827.860
178  TIM+F+I       3828.754     18  7693.509     7693.906     7791.818
179  TIM+F+G4      3828.787     18  7693.574     7693.971     7791.883
180  TIM+F+I+G4    3828.786     19  7695.571     7696.013     7799.342
200  TIMe+I        3853.989     15  7737.978     7738.257     7819.903
201  TIMe+G4       3854.105     15  7738.210     7738.488     7820.134
202  TIMe+I+G4     3854.110     16  7740.219     7740.535     7827.605
222  TPM3u+F+I     3829.058     17  7692.115     7692.471     7784.963
223  TPM3u+F+G4    3829.080     17  7692.160     7692.515     7785.008
224  TPM3u+F+I+G4  3829.082     18  7694.163     7694.561     7792.473
244  TPM3+I        3852.829     14  7733.658     7733.901     7810.121
245  TPM3+G4       3852.960     14  7733.920     7734.163     7810.383
246  TPM3+I+G4     3852.970     15  7735.940     7736.218     7817.864
266  TPM2u+F+I     3829.470     17  7692.940     7693.296     7785.788
267  TPM2u+F+G4    3829.465     17  7692.930     7693.286     7785.778
268  TPM2u+F+I+G4  3829.465     18  7694.929     7695.327     7793.239
288  TPM2+I        3854.442     14  7736.885     7737.128     7813.348
289  TPM2+G4       3854.528     14  7737.056     7737.300     7813.519
290  TPM2+I+G4     3854.530     15  7739.061     7739.339     7820.985
310  K3Pu+F+I      3829.045     17  7692.090     7692.445     7784.938
311  K3Pu+F+G4     3829.055     17  7692.110     7692.465     7784.958
312  K3Pu+F+I+G4   3829.053     18  7694.107     7694.504     7792.416
332  K3P+I         3854.310     14  7736.620     7736.864     7813.083
333  K3P+G4        3854.406     14  7736.811     7737.055     7813.274
334  K3P+I+G4      3854.411     15  7738.821     7739.100     7820.746
354  TN+F+I        3829.523     17  7693.047     7693.402     7785.895
355  TN+F+G4       3829.530     17  7693.061     7693.416     7785.909
356  TN+F+I+G4     3829.531     18  7695.063     7695.460     7793.372
376  TNe+I         3854.895     14  7737.791     7738.034     7814.254
377  TNe+G4        3854.985     14  7737.970     7738.213     7814.433
378  TNe+I+G4      3854.993     15  7739.985     7740.264     7821.910
398  HKY+F+I       3829.822     16  7691.645     7691.960     7779.031
399  HKY+F+G4      3829.804     16  7691.607     7691.923     7778.994
400  HKY+F+I+G4    3829.805     17  7693.609     7693.965     7786.457
420  K2P+I         3855.221     13  7736.441     7736.652     7807.443
421  K2P+G4        3855.290     13  7736.580     7736.791     7807.581
422  K2P+I+G4      3855.295     14  7738.591     7738.834     7815.054
442  F81+F+I       3909.336     15  7848.673     7848.951     7930.597
443  F81+F+G4      3909.472     15  7848.944     7849.222     7930.868
444  F81+F+I+G4    3909.421     16  7850.842     7851.158     7938.228
464  JC+I          3932.860     12  7889.720     7889.901     7955.260
465  JC+G4         3933.029     12  7890.058     7890.239     7955.598
466  JC+I+G4       3932.972     13  7891.943     7892.154     7962.945
Akaike Information Criterion:           HKY+F+G4
Corrected Akaike Information Criterion: HKY+F+G4
Bayesian Information Criterion:         HKY+F+G4
Best-fit model: HKY+F+G4 chosen according to BIC

All model information printed to per_gene_alignments_codon/LOC101408690_.aln.model.gz
CPU time for ModelFinder: 0.318 seconds (0h:0m:0s)
Wall-clock time for ModelFinder: 0.693 seconds (0h:0m:0s)
Generating 1000 samples for ultrafast bootstrap (seed: 345897)...

NOTE: 0 MB RAM (0 GB) is required!
Estimate model parameters (epsilon = 0.100)
1. Initial log-likelihood: -3829.804
Optimal log-likelihood: -3829.804
Rate parameters:  A-C: 1.00000  A-G: 5.16575  A-T: 1.00000  C-G: 1.00000  C-T: 5.16575  G-T: 1.00000
Base frequencies:  A: 0.267  C: 0.299  G: 0.228  T: 0.206
Gamma shape alpha: 0.402
Parameters optimization took 1 rounds (0.001 sec)
Wrote distance file to... 
Computing ML distances based on estimated model parameters...
Calculating distance matrix: done in 0.000521183 secs using 97.85% CPU
Computing ML distances took 0.000578 sec (of wall-clock time) 0.000572 sec (of CPU time)
Setting up auxiliary I and S matrices: done in 4.88758e-05 secs using 176% CPU
Computing RapidNJ tree took 0.000165 sec (of wall-clock time) 0.000311 sec (of CPU time)
Log-likelihood of RapidNJ tree: -3829.807
--------------------------------------------------------------------
|             INITIALIZING CANDIDATE TREE SET                      |
--------------------------------------------------------------------
Generating 99 parsimony trees... 0.065 second
Computing log-likelihood of 51 initial trees ... 0.048 seconds
Current best score: -3829.804

Do NNI search on 20 best initial trees
Estimate model parameters (epsilon = 0.100)
BETTER TREE FOUND at iteration 1: -3829.804
UPDATE BEST LOG-LIKELIHOOD: -3829.804
UPDATE BEST LOG-LIKELIHOOD: -3829.804
Iteration 10 / LogL: -3829.804 / Time: 0h:0m:0s
UPDATE BEST LOG-LIKELIHOOD: -3829.804
Iteration 20 / LogL: -3829.804 / Time: 0h:0m:1s
Finish initializing candidate tree set (1)
Current best tree score: -3829.804 / CPU time: 0.286
Number of iterations: 20
--------------------------------------------------------------------
|               OPTIMIZING CANDIDATE TREE SET                      |
--------------------------------------------------------------------
UPDATE BEST LOG-LIKELIHOOD: -3829.804
WARNING: NNI search needs unusual large number of steps (7) to converge!
Iteration 30 / LogL: -3829.804 / Time: 0h:0m:1s (0h:0m:1s left)
UPDATE BEST LOG-LIKELIHOOD: -3829.804
Iteration 40 / LogL: -3829.805 / Time: 0h:0m:1s (0h:0m:1s left)
WARNING: NNI search needs unusual large number of steps (7) to converge!
Iteration 50 / LogL: -3829.804 / Time: 0h:0m:1s (0h:0m:0s left)
Log-likelihood cutoff on original alignment: -3844.674
Iteration 60 / LogL: -3829.806 / Time: 0h:0m:1s (0h:0m:0s left)
UPDATE BEST LOG-LIKELIHOOD: -3829.804
UPDATE BEST LOG-LIKELIHOOD: -3829.804
Iteration 70 / LogL: -3829.806 / Time: 0h:0m:2s (0h:0m:0s left)
Iteration 80 / LogL: -3829.806 / Time: 0h:0m:2s (0h:0m:0s left)
Iteration 90 / LogL: -3829.806 / Time: 0h:0m:2s (0h:0m:0s left)
Iteration 100 / LogL: -3829.804 / Time: 0h:0m:2s (0h:0m:0s left)
Log-likelihood cutoff on original alignment: -3844.307
NOTE: Bootstrap correlation coefficient of split occurrence frequencies: 0.999
TREE SEARCH COMPLETED AFTER 102 ITERATIONS / Time: 0h:0m:2s

--------------------------------------------------------------------
|                    FINALIZING TREE SEARCH                        |
--------------------------------------------------------------------
Performs final model parameters optimization
Estimate model parameters (epsilon = 0.010)
1. Initial log-likelihood: -3829.804
Optimal log-likelihood: -3829.804
Rate parameters:  A-C: 1.00000  A-G: 5.16776  A-T: 1.00000  C-G: 1.00000  C-T: 5.16776  G-T: 1.00000
Base frequencies:  A: 0.267  C: 0.299  G: 0.228  T: 0.206
Gamma shape alpha: 0.401
Parameters optimization took 1 rounds (0.001 sec)
BEST SCORE FOUND : -3829.804
Creating bootstrap support values...
Split supports printed to NEXUS file per_gene_alignments_codon/LOC101408690_.aln.splits.nex
Total tree length: 0.183

Total number of iterations: 102
CPU time used for tree search: 1.119 sec (0h:0m:1s)
Wall-clock time used for tree search: 1.698 sec (0h:0m:1s)
Total CPU time used: 1.494 sec (0h:0m:1s)
Total wall-clock time used: 2.500 sec (0h:0m:2s)

Computing bootstrap consensus tree...
Reading input file per_gene_alignments_codon/LOC101408690_.aln.splits.nex...
7 taxa and 15 splits.
Consensus tree written to per_gene_alignments_codon/LOC101408690_.aln.contree
Reading input trees file per_gene_alignments_codon/LOC101408690_.aln.contree
Log-likelihood of consensus tree: -3829.806

Analysis results written to: 
  IQ-TREE report:                per_gene_alignments_codon/LOC101408690_.aln.iqtree
  Maximum-likelihood tree:       per_gene_alignments_codon/LOC101408690_.aln.treefile
  Likelihood distances:          per_gene_alignments_codon/LOC101408690_.aln.mldist

Ultrafast bootstrap approximation results written to:
  Split support values:          per_gene_alignments_codon/LOC101408690_.aln.splits.nex
  Consensus tree:                per_gene_alignments_codon/LOC101408690_.aln.contree
  Screen log file:               per_gene_alignments_codon/LOC101408690_.aln.log

Date and Time: Thu Oct 30 21:39:45 2025
