IQ-TREE multicore version 2.3.3 COVID-edition for Linux x86 64-bit built Apr 25 2024
Developed by Bui Quang Minh, James Barbetti, Nguyen Lam Tung, Olga Chernomor,
Heiko Schmidt, Dominik Schrempf, Michael Woodhams, Ly Trong Nhan, Thomas Wong

Host:    morpheus-OptiPlex-5050 (AVX2, FMA3, 503 GB RAM)
Command: iqtree2 -s per_gene_alignments_codon/LOC101403026_.aln.fna -m MFP -T 1 -B 1000 --prefix per_gene_alignments_codon/LOC101403026_.aln
Seed:    287414 (Using SPRNG - Scalable Parallel Random Number Generator)
Time:    Thu Oct 30 21:35:53 2025
Kernel:  AVX+FMA - 1 threads (72 CPU cores detected)

HINT: Use -nt option to specify number of threads because your CPU has 72 cores!
HINT: -nt AUTO will automatically determine the best number of threads to use.

Reading alignment file per_gene_alignments_codon/LOC101403026_.aln.fna ... Fasta format detected
Reading fasta file: done in 0.000637054 secs using 49.76% CPU
Alignment most likely contains DNA/RNA sequences
Alignment has 7 sequences with 2232 columns, 175 distinct patterns
226 parsimony-informative, 290 singleton sites, 1716 constant sites
                     Gap/Ambiguity  Composition  p-value
Analyzing sequences: done in 2.31266e-05 secs using 90.8% CPU
   1  Ceratotherium_simum    1.61%    passed     83.35%
   2  Diceros_bicornis       0.00%    passed     99.62%
   3  Equus_asinus           0.00%    passed     94.22%
   4  Equus_quagga           0.00%    passed     95.05%
   5  Equus_caballus         0.00%    passed     97.73%
   6  Canis_lupus            0.40%    passed     35.79%
   7  Bos_taurus             0.67%    passed     96.03%
****  TOTAL                  0.38%  0 sequences failed composition chi2 test (p-value<5%; df=3)


Create initial parsimony tree by phylogenetic likelihood library (PLL)... 0.000 seconds
Perform fast likelihood tree search using GTR+I+G model...
Estimate model parameters (epsilon = 5.000)
Perform nearest neighbor interchange...
Estimate model parameters (epsilon = 1.000)
1. Initial log-likelihood: -6007.940
Optimal log-likelihood: -6007.895
Rate parameters:  A-C: 1.09551  A-G: 4.09151  A-T: 0.98675  C-G: 0.91609  C-T: 6.54702  G-T: 1.00000
Base frequencies:  A: 0.176  C: 0.324  G: 0.334  T: 0.167
Proportion of invariable sites: 0.379
Gamma shape alpha: 1.025
Parameters optimization took 1 rounds (0.021 sec)
Time for fast ML tree search: 0.146 seconds

NOTE: ModelFinder requires 1 MB RAM!
ModelFinder will test up to 484 DNA models (sample size: 2232) ...
 No. Model         -LnL         df  AIC          AICc         BIC
  1  GTR+F         6062.194     19  12162.388    12162.732    12270.890
  2  GTR+F+I       6005.669     20  12051.338    12051.718    12165.551
  3  GTR+F+G4      6007.422     20  12054.844    12055.224    12169.057
  4  GTR+F+I+G4    6007.903     21  12057.806    12058.224    12177.730
  5  GTR+F+R2      6005.924     21  12053.848    12054.266    12173.771
  6  GTR+F+R3      6005.970     23  12057.939    12058.439    12189.284
 14  GTR+F+I+R2    6006.784     22  12057.568    12058.026    12183.202
 15  GTR+F+I+R3    6006.620     24  12061.240    12061.784    12198.296
 24  SYM+I         6146.909     17  12327.817    12328.094    12424.898
 25  SYM+G4        6146.897     17  12327.794    12328.071    12424.876
 27  SYM+R2        6146.934     18  12329.867    12330.177    12432.659
 46  TVM+F+I       6012.624     19  12063.249    12063.592    12171.751
 47  TVM+F+G4      6013.928     19  12065.856    12066.200    12174.359
 49  TVM+F+R2      6012.827     20  12065.654    12066.034    12179.867
 68  TVMe+I        6151.405     16  12334.810    12335.055    12426.180
 69  TVMe+G4       6151.357     16  12334.714    12334.960    12426.085
 71  TVMe+R2       6151.423     17  12336.845    12337.122    12433.926
 90  TIM3+F+I      6005.961     18  12047.921    12048.230    12150.713
 91  TIM3+F+G4     6007.738     18  12051.476    12051.785    12154.268
 93  TIM3+F+R2     6006.209     19  12050.417    12050.761    12158.920
112  TIM3e+I       6149.236     15  12328.473    12328.689    12414.132
113  TIM3e+G4      6149.324     15  12328.649    12328.865    12414.309
115  TIM3e+R2      6149.288     16  12330.577    12330.822    12421.947
134  TIM2+F+I      6005.732     18  12047.465    12047.774    12150.257
135  TIM2+F+G4     6007.483     18  12050.966    12051.275    12153.758
137  TIM2+F+R2     6005.979     19  12049.959    12050.302    12158.461
156  TIM2e+I       6151.090     15  12332.180    12332.396    12417.839
157  TIM2e+G4      6151.396     15  12332.791    12333.008    12418.451
159  TIM2e+R2      6151.195     16  12334.390    12334.636    12425.761
178  TIM+F+I       6005.792     18  12047.584    12047.893    12150.375
179  TIM+F+G4      6007.547     18  12051.095    12051.404    12153.887
181  TIM+F+R2      6006.039     19  12050.078    12050.422    12158.581
200  TIMe+I        6152.066     15  12334.132    12334.348    12419.792
201  TIMe+G4       6152.485     15  12334.971    12335.187    12420.631
203  TIMe+R2       6152.194     16  12336.387    12336.633    12427.758
222  TPM3u+F+I     6012.973     17  12059.946    12060.222    12157.027
223  TPM3u+F+G4    6014.283     17  12062.566    12062.843    12159.647
225  TPM3u+F+R2    6013.179     18  12062.358    12062.667    12165.150
244  TPM3+I        6153.879     14  12335.757    12335.947    12415.706
245  TPM3+G4       6153.968     14  12335.935    12336.125    12415.884
247  TPM3+R2       6153.946     15  12337.892    12338.108    12423.552
266  TPM2u+F+I     6012.668     17  12059.336    12059.612    12156.417
267  TPM2u+F+G4    6013.971     17  12061.942    12062.218    12159.023
269  TPM2u+F+R2    6012.866     18  12061.732    12062.041    12164.524
288  TPM2+I        6155.428     14  12338.856    12339.045    12418.805
289  TPM2+G4       6155.651     14  12339.303    12339.492    12419.252
291  TPM2+R2       6155.516     15  12341.032    12341.249    12426.692
310  K3Pu+F+I      6012.817     17  12059.634    12059.911    12156.715
311  K3Pu+F+G4     6014.118     17  12062.236    12062.513    12159.317
313  K3Pu+F+R2     6013.023     18  12062.046    12062.355    12164.838
332  K3P+I         6156.518     14  12341.036    12341.225    12420.985
333  K3P+G4        6156.881     14  12341.762    12341.951    12421.711
335  K3P+R2        6156.643     15  12343.285    12343.502    12428.945
354  TN+F+I        6005.990     17  12045.980    12046.256    12143.061
355  TN+F+G4       6007.732     17  12049.464    12049.741    12146.545
357  TN+F+R2       6006.236     18  12048.472    12048.781    12151.264
376  TNe+I         6153.213     14  12334.426    12334.616    12414.375
377  TNe+G4        6153.634     14  12335.268    12335.458    12415.218
379  TNe+R2        6153.341     15  12336.683    12336.899    12422.342
398  HKY+F+I       6012.985     16  12057.969    12058.215    12149.340
399  HKY+F+G4      6014.283     16  12060.567    12060.812    12151.937
401  HKY+F+R2      6013.182     17  12060.365    12060.641    12157.446
420  K2P+I         6157.700     13  12341.401    12341.565    12415.639
421  K2P+G4        6158.058     13  12342.115    12342.279    12416.354
423  K2P+R2        6157.821     14  12343.641    12343.831    12423.590
442  F81+F+I       6180.854     15  12391.708    12391.924    12477.368
443  F81+F+G4      6181.646     15  12393.292    12393.508    12478.952
445  F81+F+R2      6181.100     16  12394.200    12394.446    12485.571
464  JC+I          6292.131     12  12608.261    12608.402    12676.789
465  JC+G4         6292.579     12  12609.158    12609.299    12677.686
467  JC+R2         6292.286     13  12610.572    12610.737    12684.811
Akaike Information Criterion:           TN+F+I
Corrected Akaike Information Criterion: TN+F+I
Bayesian Information Criterion:         TN+F+I
Best-fit model: TN+F+I chosen according to BIC

All model information printed to per_gene_alignments_codon/LOC101403026_.aln.model.gz
CPU time for ModelFinder: 1.357 seconds (0h:0m:1s)
Wall-clock time for ModelFinder: 3.385 seconds (0h:0m:3s)
Generating 1000 samples for ultrafast bootstrap (seed: 287414)...

NOTE: 0 MB RAM (0 GB) is required!
Estimate model parameters (epsilon = 0.100)
1. Initial log-likelihood: -6005.990
Optimal log-likelihood: -6005.989
Rate parameters:  A-C: 1.00000  A-G: 4.13885  A-T: 1.00000  C-G: 1.00000  C-T: 6.79467  G-T: 1.00000
Base frequencies:  A: 0.176  C: 0.324  G: 0.334  T: 0.167
Proportion of invariable sites: 0.600
Parameters optimization took 1 rounds (0.001 sec)
Wrote distance file to... 
Computing ML distances based on estimated model parameters...
Calculating distance matrix: done in 0.000179052 secs using 99.41% CPU
Computing ML distances took 0.000229 sec (of wall-clock time) 0.000234 sec (of CPU time)
Setting up auxiliary I and S matrices: done in 3.69549e-05 secs using 97.42% CPU
Computing RapidNJ tree took 0.000107 sec (of wall-clock time) 0.000106 sec (of CPU time)
Log-likelihood of RapidNJ tree: -6005.990
--------------------------------------------------------------------
|             INITIALIZING CANDIDATE TREE SET                      |
--------------------------------------------------------------------
Generating 99 parsimony trees... 0.114 second
Computing log-likelihood of 37 initial trees ... 0.062 seconds
Current best score: -6005.989

Do NNI search on 20 best initial trees
Estimate model parameters (epsilon = 0.100)
BETTER TREE FOUND at iteration 1: -6005.989
Iteration 10 / LogL: -6006.951 / Time: 0h:0m:3s
Iteration 20 / LogL: -6006.011 / Time: 0h:0m:3s
Finish initializing candidate tree set (1)
Current best tree score: -6005.989 / CPU time: 0.385
Number of iterations: 20
--------------------------------------------------------------------
|               OPTIMIZING CANDIDATE TREE SET                      |
--------------------------------------------------------------------
UPDATE BEST LOG-LIKELIHOOD: -6005.989
Iteration 30 / LogL: -6007.187 / Time: 0h:0m:4s (0h:0m:1s left)
UPDATE BEST LOG-LIKELIHOOD: -6005.989
Iteration 40 / LogL: -6005.989 / Time: 0h:0m:4s (0h:0m:1s left)
Iteration 50 / LogL: -6006.122 / Time: 0h:0m:4s (0h:0m:1s left)
Log-likelihood cutoff on original alignment: -6018.028
Iteration 60 / LogL: -6005.989 / Time: 0h:0m:4s (0h:0m:0s left)
Iteration 70 / LogL: -6005.990 / Time: 0h:0m:5s (0h:0m:0s left)
Iteration 80 / LogL: -6006.105 / Time: 0h:0m:5s (0h:0m:0s left)
Iteration 90 / LogL: -6005.989 / Time: 0h:0m:5s (0h:0m:0s left)
Iteration 100 / LogL: -6006.920 / Time: 0h:0m:5s (0h:0m:0s left)
Log-likelihood cutoff on original alignment: -6018.028
NOTE: Bootstrap correlation coefficient of split occurrence frequencies: 1.000
TREE SEARCH COMPLETED AFTER 102 ITERATIONS / Time: 0h:0m:5s

--------------------------------------------------------------------
|                    FINALIZING TREE SEARCH                        |
--------------------------------------------------------------------
Performs final model parameters optimization
Estimate model parameters (epsilon = 0.010)
1. Initial log-likelihood: -6005.989
Optimal log-likelihood: -6005.989
Rate parameters:  A-C: 1.00000  A-G: 4.14223  A-T: 1.00000  C-G: 1.00000  C-T: 6.80056  G-T: 1.00000
Base frequencies:  A: 0.176  C: 0.324  G: 0.334  T: 0.167
Proportion of invariable sites: 0.600
Parameters optimization took 1 rounds (0.001 sec)
BEST SCORE FOUND : -6005.989
Creating bootstrap support values...
Split supports printed to NEXUS file per_gene_alignments_codon/LOC101403026_.aln.splits.nex
Total tree length: 0.382

Total number of iterations: 102
CPU time used for tree search: 1.046 sec (0h:0m:1s)
Wall-clock time used for tree search: 2.235 sec (0h:0m:2s)
Total CPU time used: 2.476 sec (0h:0m:2s)
Total wall-clock time used: 5.794 sec (0h:0m:5s)

Computing bootstrap consensus tree...
Reading input file per_gene_alignments_codon/LOC101403026_.aln.splits.nex...
7 taxa and 13 splits.
Consensus tree written to per_gene_alignments_codon/LOC101403026_.aln.contree
Reading input trees file per_gene_alignments_codon/LOC101403026_.aln.contree
Log-likelihood of consensus tree: -6005.989

Analysis results written to: 
  IQ-TREE report:                per_gene_alignments_codon/LOC101403026_.aln.iqtree
  Maximum-likelihood tree:       per_gene_alignments_codon/LOC101403026_.aln.treefile
  Likelihood distances:          per_gene_alignments_codon/LOC101403026_.aln.mldist

Ultrafast bootstrap approximation results written to:
  Split support values:          per_gene_alignments_codon/LOC101403026_.aln.splits.nex
  Consensus tree:                per_gene_alignments_codon/LOC101403026_.aln.contree
  Screen log file:               per_gene_alignments_codon/LOC101403026_.aln.log

Date and Time: Thu Oct 30 21:35:59 2025
