IQ-TREE multicore version 2.3.3 COVID-edition for Linux x86 64-bit built Apr 25 2024
Developed by Bui Quang Minh, James Barbetti, Nguyen Lam Tung, Olga Chernomor,
Heiko Schmidt, Dominik Schrempf, Michael Woodhams, Ly Trong Nhan, Thomas Wong

Host:    morpheus-OptiPlex-5050 (AVX2, FMA3, 503 GB RAM)
Command: iqtree2 -s per_gene_alignments_codon/LOC101389703_.aln.fna -m MFP -T 1 -B 1000 --prefix per_gene_alignments_codon/LOC101389703_.aln
Seed:    387027 (Using SPRNG - Scalable Parallel Random Number Generator)
Time:    Thu Oct 30 21:26:41 2025
Kernel:  AVX+FMA - 1 threads (72 CPU cores detected)

HINT: Use -nt option to specify number of threads because your CPU has 72 cores!
HINT: -nt AUTO will automatically determine the best number of threads to use.

Reading alignment file per_gene_alignments_codon/LOC101389703_.aln.fna ... Fasta format detected
Reading fasta file: done in 0.000332117 secs using 99.36% CPU
Alignment most likely contains DNA/RNA sequences
Alignment has 7 sequences with 1062 columns, 123 distinct patterns
121 parsimony-informative, 169 singleton sites, 772 constant sites
                     Gap/Ambiguity  Composition  p-value
Analyzing sequences: done in 1.71661e-05 secs using 93.21% CPU
   1  Ceratotherium_simum    0.00%    passed     98.92%
   2  Diceros_bicornis       0.00%    passed     98.08%
   3  Equus_asinus           0.00%    passed     99.47%
   4  Equus_quagga           0.00%    passed     99.11%
   5  Equus_caballus         0.00%    passed     97.74%
   6  Canis_lupus            1.13%    passed     59.71%
   7  Bos_taurus             0.00%    passed     93.60%
****  TOTAL                  0.16%  0 sequences failed composition chi2 test (p-value<5%; df=3)


Create initial parsimony tree by phylogenetic likelihood library (PLL)... 0.000 seconds
Perform fast likelihood tree search using GTR+I+G model...
Estimate model parameters (epsilon = 5.000)
Perform nearest neighbor interchange...
Estimate model parameters (epsilon = 1.000)
1. Initial log-likelihood: -3075.636
Optimal log-likelihood: -3075.633
Rate parameters:  A-C: 1.61169  A-G: 4.60856  A-T: 1.20485  C-G: 2.96758  C-T: 4.46455  G-T: 1.00000
Base frequencies:  A: 0.279  C: 0.195  G: 0.259  T: 0.266
Proportion of invariable sites: 0.365
Gamma shape alpha: 2.537
Parameters optimization took 1 rounds (0.003 sec)
Time for fast ML tree search: 0.054 seconds

NOTE: ModelFinder requires 0 MB RAM!
ModelFinder will test up to 484 DNA models (sample size: 1062) ...
 No. Model         -LnL         df  AIC          AICc         BIC
  1  GTR+F         3091.427     19  6220.855     6221.584     6315.245
  2  GTR+F+I       3075.419     20  6190.838     6191.645     6290.196
  3  GTR+F+G4      3075.772     20  6191.544     6192.351     6290.902
  4  GTR+F+I+G4    3075.639     21  6193.277     6194.166     6297.603
  5  GTR+F+R2      3075.619     21  6193.237     6194.126     6297.563
  6  GTR+F+R3      3075.567     23  6197.133     6198.197     6311.395
 14  GTR+F+I+R2    3075.665     22  6195.331     6196.305     6304.625
 15  GTR+F+I+R3    3075.627     24  6199.254     6200.411     6318.483
 24  SYM+I         3085.856     17  6205.713     6206.299     6290.167
 25  SYM+G4        3086.217     17  6206.434     6207.021     6290.889
 26  SYM+I+G4      3086.080     18  6208.160     6208.816     6297.583
 27  SYM+R2        3086.072     18  6208.144     6208.800     6297.566
 46  TVM+F+I       3075.429     19  6188.858     6189.587     6283.248
 47  TVM+F+G4      3075.782     19  6189.565     6190.294     6283.955
 48  TVM+F+I+G4    3075.652     20  6191.304     6192.111     6290.663
 49  TVM+F+R2      3075.629     20  6191.259     6192.066     6290.617
 68  TVMe+I        3086.942     16  6205.883     6206.404     6285.370
 69  TVMe+G4       3087.329     16  6206.659     6207.179     6286.145
 70  TVMe+I+G4     3087.190     17  6208.380     6208.966     6292.834
 71  TVMe+R2       3087.158     17  6208.315     6208.902     6292.770
 90  TIM3+F+I      3077.774     18  6191.549     6192.204     6280.971
 91  TIM3+F+G4     3078.192     18  6192.385     6193.041     6281.807
 92  TIM3+F+I+G4   3078.048     19  6194.096     6194.825     6288.486
 93  TIM3+F+R2     3077.948     19  6193.896     6194.625     6288.286
112  TIM3e+I       3087.947     15  6205.893     6206.352     6280.412
113  TIM3e+G4      3088.361     15  6206.722     6207.181     6281.241
114  TIM3e+I+G4    3088.211     16  6208.423     6208.943     6287.909
115  TIM3e+R2      3088.180     16  6208.360     6208.881     6287.847
134  TIM2+F+I      3083.426     18  6202.851     6203.507     6292.273
135  TIM2+F+G4     3083.834     18  6203.667     6204.323     6293.090
136  TIM2+F+I+G4   3083.691     19  6205.381     6206.110     6299.771
137  TIM2+F+R2     3083.653     19  6205.306     6206.035     6299.696
156  TIM2e+I       3090.216     15  6210.432     6210.891     6284.951
157  TIM2e+G4      3090.601     15  6211.202     6211.661     6285.721
158  TIM2e+I+G4    3090.463     16  6212.926     6213.447     6292.413
159  TIM2e+R2      3090.436     16  6212.872     6213.393     6292.359
178  TIM+F+I       3082.624     18  6201.248     6201.904     6290.670
179  TIM+F+G4      3083.137     18  6202.275     6202.931     6291.697
180  TIM+F+I+G4    3082.954     19  6203.909     6204.638     6298.299
181  TIM+F+R2      3082.890     19  6203.779     6204.509     6298.170
200  TIMe+I        3089.026     15  6208.052     6208.510     6282.570
201  TIMe+G4       3089.491     15  6208.982     6209.441     6283.500
202  TIMe+I+G4     3089.321     16  6210.642     6211.162     6290.128
203  TIMe+R2       3089.272     16  6210.545     6211.065     6290.031
222  TPM3u+F+I     3077.783     17  6189.565     6190.151     6274.020
223  TPM3u+F+G4    3078.202     17  6190.403     6190.989     6274.858
224  TPM3u+F+I+G4  3078.058     18  6192.116     6192.772     6281.539
225  TPM3u+F+R2    3077.954     18  6191.907     6192.563     6281.330
244  TPM3+I        3088.997     14  6205.995     6206.396     6275.545
245  TPM3+G4       3089.432     14  6206.864     6207.265     6276.414
246  TPM3+I+G4     3089.287     15  6208.574     6209.033     6283.093
247  TPM3+R2       3089.240     15  6208.481     6208.940     6283.000
266  TPM2u+F+I     3083.452     17  6200.904     6201.490     6285.358
267  TPM2u+F+G4    3083.867     17  6201.733     6202.320     6286.188
268  TPM2u+F+I+G4  3083.724     18  6203.447     6204.103     6292.870
269  TPM2u+F+R2    3083.685     18  6203.370     6204.026     6292.792
288  TPM2+I        3091.279     14  6210.558     6210.959     6280.108
289  TPM2+G4       3091.693     14  6211.386     6211.787     6280.936
290  TPM2+I+G4     3091.559     15  6213.118     6213.577     6287.637
291  TPM2+R2       3091.457     15  6212.914     6213.373     6287.433
310  K3Pu+F+I      3082.650     17  6199.300     6199.886     6283.755
311  K3Pu+F+G4     3083.169     17  6200.339     6200.925     6284.793
312  K3Pu+F+I+G4   3082.987     18  6201.974     6202.630     6291.397
313  K3Pu+F+R2     3082.914     18  6201.828     6202.484     6291.250
332  K3P+I         3090.100     14  6208.200     6208.601     6277.751
333  K3P+G4        3090.590     14  6209.179     6209.580     6278.730
334  K3P+I+G4      3090.425     15  6210.850     6211.309     6285.369
335  K3P+R2        3090.362     15  6210.724     6211.183     6285.243
354  TN+F+I        3084.263     17  6202.527     6203.113     6286.981
355  TN+F+G4       3084.758     17  6203.515     6204.101     6287.970
356  TN+F+I+G4     3084.589     18  6205.178     6205.833     6294.600
357  TN+F+R2       3084.524     18  6205.047     6205.703     6294.469
376  TNe+I         3090.759     14  6209.517     6209.919     6279.068
377  TNe+G4        3091.211     14  6210.421     6210.822     6279.972
378  TNe+I+G4      3091.052     15  6212.103     6212.562     6286.622
379  TNe+R2        3091.003     15  6212.005     6212.464     6286.524
398  HKY+F+I       3084.287     16  6200.574     6201.094     6280.060
399  HKY+F+G4      3084.787     16  6201.573     6202.094     6281.060
400  HKY+F+I+G4    3084.618     17  6203.236     6203.822     6287.690
401  HKY+F+R2      3084.547     17  6203.095     6203.681     6287.549
420  K2P+I         3091.813     13  6209.626     6209.974     6274.209
421  K2P+G4        3092.289     13  6210.577     6210.925     6275.160
422  K2P+I+G4      3092.137     14  6212.275     6212.676     6281.826
423  K2P+R2        3092.010     14  6212.020     6212.422     6281.571
442  F81+F+I       3121.815     15  6273.630     6274.089     6348.149
443  F81+F+G4      3122.472     15  6274.944     6275.403     6349.462
444  F81+F+I+G4    3122.150     16  6276.301     6276.821     6355.787
445  F81+F+R2      3122.102     16  6276.205     6276.725     6355.691
464  JC+I          3129.830     12  6283.660     6283.958     6343.275
465  JC+G4         3130.459     12  6284.917     6285.215     6344.532
466  JC+I+G4       3130.142     13  6286.283     6286.631     6350.866
467  JC+R2         3130.108     13  6286.215     6286.563     6350.798
Akaike Information Criterion:           TVM+F+I
Corrected Akaike Information Criterion: TVM+F+I
Bayesian Information Criterion:         TPM3u+F+I
Best-fit model: TPM3u+F+I chosen according to BIC

All model information printed to per_gene_alignments_codon/LOC101389703_.aln.model.gz
CPU time for ModelFinder: 0.805 seconds (0h:0m:0s)
Wall-clock time for ModelFinder: 1.740 seconds (0h:0m:1s)
Generating 1000 samples for ultrafast bootstrap (seed: 387027)...

NOTE: 0 MB RAM (0 GB) is required!
Estimate model parameters (epsilon = 0.100)
1. Initial log-likelihood: -3077.783
Optimal log-likelihood: -3077.782
Rate parameters:  A-C: 2.04378  A-G: 4.07105  A-T: 1.00000  C-G: 2.04378  C-T: 4.07105  G-T: 1.00000
Base frequencies:  A: 0.279  C: 0.195  G: 0.259  T: 0.266
Proportion of invariable sites: 0.485
Parameters optimization took 1 rounds (0.001 sec)
Wrote distance file to... 
Computing ML distances based on estimated model parameters...
Calculating distance matrix: done in 0.000218153 secs using 97.18% CPU
Computing ML distances took 0.000265 sec (of wall-clock time) 0.000265 sec (of CPU time)
Setting up auxiliary I and S matrices: done in 4.81606e-05 secs using 130.8% CPU
Computing RapidNJ tree took 0.000135 sec (of wall-clock time) 0.000200 sec (of CPU time)
Log-likelihood of RapidNJ tree: -3077.782
--------------------------------------------------------------------
|             INITIALIZING CANDIDATE TREE SET                      |
--------------------------------------------------------------------
Generating 99 parsimony trees... 0.086 second
Computing log-likelihood of 48 initial trees ... 0.039 seconds
Current best score: -3077.782

Do NNI search on 20 best initial trees
Estimate model parameters (epsilon = 0.100)
BETTER TREE FOUND at iteration 1: -3077.782
Iteration 10 / LogL: -3077.888 / Time: 0h:0m:1s
Iteration 20 / LogL: -3077.799 / Time: 0h:0m:1s
Finish initializing candidate tree set (1)
Current best tree score: -3077.782 / CPU time: 0.191
Number of iterations: 20
--------------------------------------------------------------------
|               OPTIMIZING CANDIDATE TREE SET                      |
--------------------------------------------------------------------
UPDATE BEST LOG-LIKELIHOOD: -3077.782
Iteration 30 / LogL: -3078.096 / Time: 0h:0m:2s (0h:0m:0s left)
Iteration 40 / LogL: -3078.091 / Time: 0h:0m:2s (0h:0m:0s left)
Iteration 50 / LogL: -3077.783 / Time: 0h:0m:2s (0h:0m:0s left)
Log-likelihood cutoff on original alignment: -3099.695
Iteration 60 / LogL: -3077.784 / Time: 0h:0m:2s (0h:0m:0s left)
Iteration 70 / LogL: -3078.398 / Time: 0h:0m:2s (0h:0m:0s left)
Iteration 80 / LogL: -3077.799 / Time: 0h:0m:2s (0h:0m:0s left)
Iteration 90 / LogL: -3078.096 / Time: 0h:0m:3s (0h:0m:0s left)
Iteration 100 / LogL: -3077.782 / Time: 0h:0m:3s (0h:0m:0s left)
Log-likelihood cutoff on original alignment: -3099.702
NOTE: Bootstrap correlation coefficient of split occurrence frequencies: 1.000
TREE SEARCH COMPLETED AFTER 102 ITERATIONS / Time: 0h:0m:3s

--------------------------------------------------------------------
|                    FINALIZING TREE SEARCH                        |
--------------------------------------------------------------------
Performs final model parameters optimization
Estimate model parameters (epsilon = 0.010)
1. Initial log-likelihood: -3077.782
Optimal log-likelihood: -3077.782
Rate parameters:  A-C: 2.04631  A-G: 4.07532  A-T: 1.00000  C-G: 2.04631  C-T: 4.07532  G-T: 1.00000
Base frequencies:  A: 0.279  C: 0.195  G: 0.259  T: 0.266
Proportion of invariable sites: 0.485
Parameters optimization took 1 rounds (0.001 sec)
BEST SCORE FOUND : -3077.782
Creating bootstrap support values...
Split supports printed to NEXUS file per_gene_alignments_codon/LOC101389703_.aln.splits.nex
Total tree length: 0.413

Total number of iterations: 102
CPU time used for tree search: 0.970 sec (0h:0m:0s)
Wall-clock time used for tree search: 1.646 sec (0h:0m:1s)
Total CPU time used: 1.838 sec (0h:0m:1s)
Total wall-clock time used: 3.485 sec (0h:0m:3s)

Computing bootstrap consensus tree...
Reading input file per_gene_alignments_codon/LOC101389703_.aln.splits.nex...
7 taxa and 16 splits.
Consensus tree written to per_gene_alignments_codon/LOC101389703_.aln.contree
Reading input trees file per_gene_alignments_codon/LOC101389703_.aln.contree
Log-likelihood of consensus tree: -3077.782

Analysis results written to: 
  IQ-TREE report:                per_gene_alignments_codon/LOC101389703_.aln.iqtree
  Maximum-likelihood tree:       per_gene_alignments_codon/LOC101389703_.aln.treefile
  Likelihood distances:          per_gene_alignments_codon/LOC101389703_.aln.mldist

Ultrafast bootstrap approximation results written to:
  Split support values:          per_gene_alignments_codon/LOC101389703_.aln.splits.nex
  Consensus tree:                per_gene_alignments_codon/LOC101389703_.aln.contree
  Screen log file:               per_gene_alignments_codon/LOC101389703_.aln.log

Date and Time: Thu Oct 30 21:26:45 2025
