IQ-TREE multicore version 2.3.3 COVID-edition for Linux x86 64-bit built Apr 25 2024
Developed by Bui Quang Minh, James Barbetti, Nguyen Lam Tung, Olga Chernomor,
Heiko Schmidt, Dominik Schrempf, Michael Woodhams, Ly Trong Nhan, Thomas Wong

Host:    morpheus-OptiPlex-5050 (AVX2, FMA3, 503 GB RAM)
Command: iqtree2 -s per_gene_alignments_codon/LOC101388252_.aln.fna -m MFP -T 1 -B 1000 --prefix per_gene_alignments_codon/LOC101388252_.aln
Seed:    18508 (Using SPRNG - Scalable Parallel Random Number Generator)
Time:    Thu Oct 30 21:25:39 2025
Kernel:  AVX+FMA - 1 threads (72 CPU cores detected)

HINT: Use -nt option to specify number of threads because your CPU has 72 cores!
HINT: -nt AUTO will automatically determine the best number of threads to use.

Reading alignment file per_gene_alignments_codon/LOC101388252_.aln.fna ... Fasta format detected
Reading fasta file: done in 0.000432014 secs
Alignment most likely contains DNA/RNA sequences
Alignment has 7 sequences with 1425 columns, 192 distinct patterns
151 parsimony-informative, 287 singleton sites, 986 constant sites
                     Gap/Ambiguity  Composition  p-value
Analyzing sequences: done in 2.28882e-05 secs using 91.75% CPU
   1  Ceratotherium_simum   11.37%    passed     79.43%
   2  Diceros_bicornis       0.21%    passed     64.29%
   3  Equus_asinus           0.00%    passed     98.87%
   4  Equus_quagga           0.00%    passed     99.80%
   5  Equus_caballus         0.00%    passed     92.78%
   6  Canis_lupus            1.05%    passed     64.38%
   7  Bos_taurus             0.63%    passed     73.04%
****  TOTAL                  1.89%  0 sequences failed composition chi2 test (p-value<5%; df=3)


Create initial parsimony tree by phylogenetic likelihood library (PLL)... 0.000 seconds
Perform fast likelihood tree search using GTR+I+G model...
Estimate model parameters (epsilon = 5.000)
Perform nearest neighbor interchange...
Estimate model parameters (epsilon = 1.000)
1. Initial log-likelihood: -4356.896
Optimal log-likelihood: -4356.893
Rate parameters:  A-C: 1.72784  A-G: 5.42812  A-T: 1.39866  C-G: 2.00583  C-T: 7.06541  G-T: 1.00000
Base frequencies:  A: 0.209  C: 0.287  G: 0.301  T: 0.203
Proportion of invariable sites: 0.346
Gamma shape alpha: 2.628
Parameters optimization took 1 rounds (0.003 sec)
Time for fast ML tree search: 0.070 seconds

NOTE: ModelFinder requires 1 MB RAM!
ModelFinder will test up to 484 DNA models (sample size: 1425) ...
 No. Model         -LnL         df  AIC          AICc         BIC
  1  GTR+F         4380.585     19  8799.170     8799.711     8899.147
  2  GTR+F+I       4357.076     20  8754.151     8754.750     8859.390
  3  GTR+F+G4      4357.070     20  8754.139     8754.737     8859.378
  4  GTR+F+I+G4    4356.893     21  8755.786     8756.444     8866.286
  5  GTR+F+R2      4357.097     21  8756.194     8756.853     8866.695
  6  GTR+F+R3      4357.055     23  8760.110     8760.898     8881.134
 14  GTR+F+I+R2    4357.017     22  8758.033     8758.755     8873.796
 15  GTR+F+I+R3    4356.942     24  8761.883     8762.740     8888.170
 24  SYM+I         4389.747     17  8813.494     8813.929     8902.947
 25  SYM+G4        4389.416     17  8812.832     8813.267     8902.285
 26  SYM+I+G4      4389.363     18  8814.726     8815.213     8909.441
 27  SYM+R2        4389.650     18  8815.300     8815.787     8910.015
 46  TVM+F+I       4358.788     19  8755.576     8756.117     8855.553
 47  TVM+F+G4      4358.806     19  8755.612     8756.153     8855.588
 48  TVM+F+I+G4    4358.636     20  8757.273     8757.871     8862.511
 49  TVM+F+R2      4358.845     20  8757.690     8758.289     8862.929
 68  TVMe+I        4390.914     16  8813.829     8814.215     8898.019
 69  TVMe+G4       4390.636     16  8813.273     8813.659     8897.463
 70  TVMe+I+G4     4390.577     17  8815.154     8815.589     8904.606
 71  TVMe+R2       4390.786     17  8815.573     8816.007     8905.025
 90  TIM3+F+I      4357.529     18  8751.058     8751.544     8845.772
 91  TIM3+F+G4     4357.562     18  8751.124     8751.610     8845.838
 92  TIM3+F+I+G4   4357.377     19  8752.754     8753.295     8852.731
 93  TIM3+F+R2     4357.570     19  8753.140     8753.681     8853.117
112  TIM3e+I       4391.390     15  8812.780     8813.121     8891.709
113  TIM3e+G4      4391.121     15  8812.242     8812.583     8891.171
114  TIM3e+I+G4    4391.042     16  8814.084     8814.470     8898.275
115  TIM3e+R2      4391.329     16  8814.659     8815.045     8898.850
134  TIM2+F+I      4360.435     18  8756.871     8757.357     8851.585
135  TIM2+F+G4     4360.614     18  8757.227     8757.714     8851.942
136  TIM2+F+I+G4   4360.369     19  8758.737     8759.278     8858.714
137  TIM2+F+R2     4360.535     19  8759.070     8759.611     8859.046
156  TIM2e+I       4397.506     15  8825.012     8825.353     8903.941
157  TIM2e+G4      4397.610     15  8825.221     8825.562     8904.150
158  TIM2e+I+G4    4397.423     16  8826.847     8827.233     8911.038
159  TIM2e+R2      4397.580     16  8827.160     8827.546     8911.351
178  TIM+F+I       4359.553     18  8755.107     8755.593     8849.821
179  TIM+F+G4      4359.679     18  8755.358     8755.844     8850.072
180  TIM+F+I+G4    4359.456     19  8756.911     8757.452     8856.888
181  TIM+F+R2      4359.626     19  8757.252     8757.793     8857.229
200  TIMe+I        4396.992     15  8823.983     8824.324     8902.912
201  TIMe+G4       4397.005     15  8824.009     8824.350     8902.938
202  TIMe+I+G4     4396.843     16  8825.685     8826.071     8909.876
203  TIMe+R2       4397.038     16  8826.076     8826.462     8910.267
222  TPM3u+F+I     4359.259     17  8752.517     8752.952     8841.970
223  TPM3u+F+G4    4359.322     17  8752.645     8753.080     8842.098
224  TPM3u+F+I+G4  4359.136     18  8754.272     8754.758     8848.987
225  TPM3u+F+R2    4359.314     18  8754.628     8755.114     8849.342
244  TPM3+I        4392.622     14  8813.245     8813.543     8886.912
245  TPM3+G4       4392.405     14  8812.810     8813.108     8886.477
246  TPM3+I+G4     4392.318     15  8814.636     8814.976     8893.564
247  TPM3+R2       4392.580     15  8815.159     8815.500     8894.088
266  TPM2u+F+I     4362.122     17  8758.244     8758.679     8847.696
267  TPM2u+F+G4    4362.349     17  8758.698     8759.133     8848.151
268  TPM2u+F+I+G4  4362.102     18  8760.204     8760.691     8854.919
269  TPM2u+F+R2    4362.234     18  8760.467     8760.954     8855.182
288  TPM2+I        4398.526     14  8825.051     8825.349     8898.718
289  TPM2+G4       4398.702     14  8825.404     8825.702     8899.071
290  TPM2+I+G4     4398.507     15  8827.013     8827.354     8905.942
291  TPM2+R2       4398.572     15  8827.145     8827.485     8906.073
310  K3Pu+F+I      4361.218     17  8756.436     8756.871     8845.889
311  K3Pu+F+G4     4361.400     17  8756.799     8757.234     8846.252
312  K3Pu+F+I+G4   4361.172     18  8758.343     8758.830     8853.058
313  K3Pu+F+R2     4361.315     18  8758.629     8759.116     8853.344
332  K3P+I         4398.057     14  8824.114     8824.412     8897.781
333  K3P+G4        4398.126     14  8824.251     8824.549     8897.918
334  K3P+I+G4      4397.956     15  8825.912     8826.253     8904.841
335  K3P+R2        4398.117     15  8826.235     8826.575     8905.163
354  TN+F+I        4360.436     17  8754.871     8755.306     8844.324
355  TN+F+G4       4360.614     17  8755.227     8755.662     8844.680
356  TN+F+I+G4     4360.368     18  8756.735     8757.222     8851.450
357  TN+F+R2       4360.524     18  8757.049     8757.535     8851.763
376  TNe+I         4398.571     14  8825.142     8825.440     8898.809
377  TNe+G4        4398.676     14  8825.351     8825.649     8899.018
378  TNe+I+G4      4398.478     15  8826.956     8827.297     8905.885
379  TNe+R2        4398.644     15  8827.288     8827.628     8906.216
398  HKY+F+I       4362.122     16  8756.245     8756.631     8840.436
399  HKY+F+G4      4362.350     16  8756.699     8757.085     8840.890
400  HKY+F+I+G4    4362.102     17  8758.203     8758.638     8847.656
401  HKY+F+R2      4362.232     17  8758.463     8758.898     8847.916
420  K2P+I         4399.645     13  8825.291     8825.549     8893.696
421  K2P+G4        4399.800     13  8825.600     8825.858     8894.005
422  K2P+I+G4      4399.599     14  8827.198     8827.496     8900.865
423  K2P+R2        4399.739     14  8827.478     8827.775     8901.145
442  F81+F+I       4456.709     15  8943.419     8943.760     9022.348
443  F81+F+G4      4456.652     15  8943.303     8943.644     9022.232
444  F81+F+I+G4    4456.568     16  8945.137     8945.523     9029.328
445  F81+F+R2      4456.746     16  8945.492     8945.878     9029.683
464  JC+I          4489.027     12  9002.054     9002.275     9065.197
465  JC+G4         4488.938     12  9001.877     9002.098     9065.020
466  JC+I+G4       4488.873     13  9003.745     9004.003     9072.151
467  JC+R2         4489.001     13  9004.001     9004.259     9072.406
Akaike Information Criterion:           TIM3+F+I
Corrected Akaike Information Criterion: TIM3+F+I
Bayesian Information Criterion:         HKY+F+I
Best-fit model: HKY+F+I chosen according to BIC

All model information printed to per_gene_alignments_codon/LOC101388252_.aln.model.gz
CPU time for ModelFinder: 1.090 seconds (0h:0m:1s)
Wall-clock time for ModelFinder: 2.002 seconds (0h:0m:2s)
Generating 1000 samples for ultrafast bootstrap (seed: 18508)...

NOTE: 0 MB RAM (0 GB) is required!
Estimate model parameters (epsilon = 0.100)
1. Initial log-likelihood: -4362.122
Optimal log-likelihood: -4362.122
Rate parameters:  A-C: 1.00000  A-G: 3.90155  A-T: 1.00000  C-G: 1.00000  C-T: 3.90155  G-T: 1.00000
Base frequencies:  A: 0.209  C: 0.287  G: 0.301  T: 0.203
Proportion of invariable sites: 0.459
Parameters optimization took 1 rounds (0.001 sec)
Wrote distance file to... 
Computing ML distances based on estimated model parameters...
Calculating distance matrix: done in 0.000255108 secs using 99.17% CPU
Computing ML distances took 0.000338 sec (of wall-clock time) 0.000346 sec (of CPU time)
Setting up auxiliary I and S matrices: done in 4.31538e-05 secs using 95.01% CPU
Computing RapidNJ tree took 0.000136 sec (of wall-clock time) 0.000135 sec (of CPU time)
Log-likelihood of RapidNJ tree: -4362.122
--------------------------------------------------------------------
|             INITIALIZING CANDIDATE TREE SET                      |
--------------------------------------------------------------------
Generating 99 parsimony trees... 0.090 second
Computing log-likelihood of 40 initial trees ... 0.038 seconds
Current best score: -4362.122

Do NNI search on 20 best initial trees
Estimate model parameters (epsilon = 0.100)
BETTER TREE FOUND at iteration 1: -4362.122
Iteration 10 / LogL: -4362.178 / Time: 0h:0m:2s
Iteration 20 / LogL: -4362.178 / Time: 0h:0m:2s
Finish initializing candidate tree set (1)
Current best tree score: -4362.122 / CPU time: 0.328
Number of iterations: 20
--------------------------------------------------------------------
|               OPTIMIZING CANDIDATE TREE SET                      |
--------------------------------------------------------------------
UPDATE BEST LOG-LIKELIHOOD: -4362.122
UPDATE BEST LOG-LIKELIHOOD: -4362.122
Iteration 30 / LogL: -4362.179 / Time: 0h:0m:2s (0h:0m:1s left)
UPDATE BEST LOG-LIKELIHOOD: -4362.122
Iteration 40 / LogL: -4362.195 / Time: 0h:0m:2s (0h:0m:1s left)
UPDATE BEST LOG-LIKELIHOOD: -4362.122
Iteration 50 / LogL: -4362.123 / Time: 0h:0m:3s (0h:0m:1s left)
Log-likelihood cutoff on original alignment: -4384.189
UPDATE BEST LOG-LIKELIHOOD: -4362.122
Iteration 60 / LogL: -4362.154 / Time: 0h:0m:3s (0h:0m:0s left)
Iteration 70 / LogL: -4362.122 / Time: 0h:0m:3s (0h:0m:0s left)
Iteration 80 / LogL: -4362.122 / Time: 0h:0m:3s (0h:0m:0s left)
Iteration 90 / LogL: -4362.176 / Time: 0h:0m:4s (0h:0m:0s left)
Iteration 100 / LogL: -4362.507 / Time: 0h:0m:4s (0h:0m:0s left)
Log-likelihood cutoff on original alignment: -4383.896
NOTE: Bootstrap correlation coefficient of split occurrence frequencies: 1.000
TREE SEARCH COMPLETED AFTER 102 ITERATIONS / Time: 0h:0m:4s

--------------------------------------------------------------------
|                    FINALIZING TREE SEARCH                        |
--------------------------------------------------------------------
Performs final model parameters optimization
Estimate model parameters (epsilon = 0.010)
1. Initial log-likelihood: -4362.122
Optimal log-likelihood: -4362.122
Rate parameters:  A-C: 1.00000  A-G: 3.89931  A-T: 1.00000  C-G: 1.00000  C-T: 3.89931  G-T: 1.00000
Base frequencies:  A: 0.209  C: 0.287  G: 0.301  T: 0.203
Proportion of invariable sites: 0.458
Parameters optimization took 1 rounds (0.001 sec)
BEST SCORE FOUND : -4362.122
Creating bootstrap support values...
Split supports printed to NEXUS file per_gene_alignments_codon/LOC101388252_.aln.splits.nex
Total tree length: 0.495

Total number of iterations: 102
CPU time used for tree search: 1.180 sec (0h:0m:1s)
Wall-clock time used for tree search: 2.294 sec (0h:0m:2s)
Total CPU time used: 2.370 sec (0h:0m:2s)
Total wall-clock time used: 4.410 sec (0h:0m:4s)

Computing bootstrap consensus tree...
Reading input file per_gene_alignments_codon/LOC101388252_.aln.splits.nex...
7 taxa and 16 splits.
Consensus tree written to per_gene_alignments_codon/LOC101388252_.aln.contree
Reading input trees file per_gene_alignments_codon/LOC101388252_.aln.contree
Log-likelihood of consensus tree: -4362.122

Analysis results written to: 
  IQ-TREE report:                per_gene_alignments_codon/LOC101388252_.aln.iqtree
  Maximum-likelihood tree:       per_gene_alignments_codon/LOC101388252_.aln.treefile
  Likelihood distances:          per_gene_alignments_codon/LOC101388252_.aln.mldist

Ultrafast bootstrap approximation results written to:
  Split support values:          per_gene_alignments_codon/LOC101388252_.aln.splits.nex
  Consensus tree:                per_gene_alignments_codon/LOC101388252_.aln.contree
  Screen log file:               per_gene_alignments_codon/LOC101388252_.aln.log

Date and Time: Thu Oct 30 21:25:43 2025
