IQ-TREE multicore version 2.3.3 COVID-edition for Linux x86 64-bit built Apr 25 2024
Developed by Bui Quang Minh, James Barbetti, Nguyen Lam Tung, Olga Chernomor,
Heiko Schmidt, Dominik Schrempf, Michael Woodhams, Ly Trong Nhan, Thomas Wong

Host:    morpheus-OptiPlex-5050 (AVX2, FMA3, 503 GB RAM)
Command: iqtree2 -s per_gene_alignments_codon/LOC101404551_.aln.fna -m MFP -T 1 -B 1000 --prefix per_gene_alignments_codon/LOC101404551_.aln
Seed:    997552 (Using SPRNG - Scalable Parallel Random Number Generator)
Time:    Thu Oct 30 21:36:55 2025
Kernel:  AVX+FMA - 1 threads (72 CPU cores detected)

HINT: Use -nt option to specify number of threads because your CPU has 72 cores!
HINT: -nt AUTO will automatically determine the best number of threads to use.

Reading alignment file per_gene_alignments_codon/LOC101404551_.aln.fna ... Fasta format detected
Reading fasta file: done in 0.000653982 secs
Alignment most likely contains DNA/RNA sequences
Alignment has 7 sequences with 2337 columns, 142 distinct patterns
199 parsimony-informative, 372 singleton sites, 1766 constant sites
                     Gap/Ambiguity  Composition  p-value
Analyzing sequences: done in 2.19345e-05 secs using 95.74% CPU
   1  Ceratotherium_simum    0.00%    passed     97.70%
   2  Diceros_bicornis       0.00%    passed     97.98%
   3  Equus_asinus           0.00%    passed     93.35%
   4  Equus_quagga           0.00%    passed     99.07%
   5  Equus_caballus         0.00%    passed     98.09%
   6  Canis_lupus            0.39%    passed     96.99%
   7  Bos_taurus             0.77%    passed     34.02%
****  TOTAL                  0.17%  0 sequences failed composition chi2 test (p-value<5%; df=3)


Create initial parsimony tree by phylogenetic likelihood library (PLL)... 0.000 seconds
Perform fast likelihood tree search using GTR+I+G model...
Estimate model parameters (epsilon = 5.000)
Perform nearest neighbor interchange...
Estimate model parameters (epsilon = 1.000)
1. Initial log-likelihood: -6215.574
Optimal log-likelihood: -6215.540
Rate parameters:  A-C: 0.89590  A-G: 2.79967  A-T: 0.27957  C-G: 0.73372  C-T: 3.71579  G-T: 1.00000
Base frequencies:  A: 0.355  C: 0.236  G: 0.211  T: 0.198
Proportion of invariable sites: 0.380
Gamma shape alpha: 334.163
Parameters optimization took 1 rounds (0.004 sec)
Time for fast ML tree search: 0.058 seconds

NOTE: ModelFinder requires 0 MB RAM!
ModelFinder will test up to 484 DNA models (sample size: 2337) ...
 No. Model         -LnL         df  AIC          AICc         BIC
  1  GTR+F         6226.385     19  12490.770    12491.098    12600.146
  2  GTR+F+I       6215.537     20  12471.074    12471.437    12586.207
  3  GTR+F+G4      6215.845     20  12471.690    12472.053    12586.822
  4  GTR+F+I+G4    6215.538     21  12473.076    12473.475    12593.965
  5  GTR+F+R2      6215.874     21  12473.749    12474.148    12594.638
  6  GTR+F+R3      6215.814     23  12477.628    12478.105    12610.030
 14  GTR+F+I+R2    6215.829     22  12475.659    12476.096    12602.305
 15  GTR+F+I+R3    6215.724     24  12479.448    12479.967    12617.607
 24  SYM+I         6294.220     17  12622.440    12622.704    12720.303
 25  SYM+G4        6294.330     17  12622.660    12622.924    12720.522
 26  SYM+I+G4      6294.226     18  12624.451    12624.746    12728.070
 27  SYM+R2        6294.493     18  12624.986    12625.281    12728.606
 46  TVM+F+I       6218.954     19  12475.908    12476.236    12585.284
 47  TVM+F+G4      6219.194     19  12476.389    12476.717    12585.764
 48  TVM+F+I+G4    6218.948     20  12477.895    12478.258    12593.028
 49  TVM+F+R2      6219.200     20  12478.400    12478.763    12593.533
 68  TVMe+I        6294.593     16  12621.185    12621.420    12713.291
 69  TVMe+G4       6294.664     16  12621.327    12621.561    12713.433
 70  TVMe+I+G4     6294.597     17  12623.194    12623.458    12721.057
 71  TVMe+R2       6294.851     17  12623.703    12623.967    12721.566
 90  TIM3+F+I      6225.740     18  12487.480    12487.775    12591.099
 91  TIM3+F+G4     6226.047     18  12488.095    12488.390    12591.714
 92  TIM3+F+I+G4   6225.741     19  12489.482    12489.810    12598.858
 93  TIM3+F+R2     6226.078     19  12490.155    12490.483    12599.531
112  TIM3e+I       6302.229     15  12634.458    12634.665    12720.807
113  TIM3e+G4      6302.385     15  12634.769    12634.976    12721.118
114  TIM3e+I+G4    6302.230     16  12636.460    12636.694    12728.566
115  TIM3e+R2      6302.492     16  12636.985    12637.219    12729.091
134  TIM2+F+I      6227.032     18  12490.065    12490.360    12593.684
135  TIM2+F+G4     6227.420     18  12490.839    12491.135    12594.459
136  TIM2+F+I+G4   6227.050     19  12492.101    12492.429    12601.476
137  TIM2+F+R2     6227.419     19  12492.838    12493.166    12602.214
156  TIM2e+I       6307.950     15  12645.901    12646.107    12732.250
157  TIM2e+G4      6308.183     15  12646.366    12646.572    12732.715
158  TIM2e+I+G4    6307.995     16  12647.990    12648.225    12740.096
159  TIM2e+R2      6308.275     16  12648.551    12648.785    12740.657
178  TIM+F+I       6221.145     18  12478.291    12478.586    12581.910
179  TIM+F+G4      6221.382     18  12478.763    12479.059    12582.383
180  TIM+F+I+G4    6221.165     19  12480.329    12480.657    12589.705
181  TIM+F+R2      6221.440     19  12480.881    12481.209    12590.257
200  TIMe+I        6298.813     15  12627.626    12627.833    12713.976
201  TIMe+G4       6298.884     15  12627.768    12627.975    12714.117
202  TIMe+I+G4     6298.871     16  12629.742    12629.977    12721.848
203  TIMe+R2       6299.031     16  12630.062    12630.297    12722.168
222  TPM3u+F+I     6229.301     17  12492.602    12492.865    12590.464
223  TPM3u+F+G4    6229.527     17  12493.055    12493.319    12590.918
224  TPM3u+F+I+G4  6229.302     18  12494.604    12494.899    12598.223
225  TPM3u+F+R2    6229.622     18  12495.244    12495.540    12598.864
244  TPM3+I        6302.627     14  12633.253    12633.434    12713.846
245  TPM3+G4       6302.742     14  12633.483    12633.664    12714.076
246  TPM3+I+G4     6302.626     15  12635.252    12635.459    12721.601
247  TPM3+R2       6302.862     15  12635.725    12635.931    12722.074
266  TPM2u+F+I     6230.495     17  12494.989    12495.253    12592.852
267  TPM2u+F+G4    6230.849     17  12495.698    12495.962    12593.560
268  TPM2u+F+I+G4  6230.499     18  12496.999    12497.294    12600.618
269  TPM2u+F+R2    6230.819     18  12497.639    12497.934    12601.258
288  TPM2+I        6308.317     14  12644.635    12644.816    12725.228
289  TPM2+G4       6308.522     14  12645.045    12645.226    12725.638
290  TPM2+I+G4     6308.362     15  12646.724    12646.931    12733.074
291  TPM2+R2       6308.630     15  12647.259    12647.466    12733.609
310  K3Pu+F+I      6224.595     17  12483.189    12483.453    12581.052
311  K3Pu+F+G4     6224.779     17  12483.559    12483.823    12581.421
312  K3Pu+F+I+G4   6224.601     18  12485.202    12485.497    12588.821
313  K3Pu+F+R2     6224.824     18  12485.648    12485.943    12589.267
332  K3P+I         6299.157     14  12626.315    12626.496    12706.907
333  K3P+G4        6299.204     14  12626.407    12626.588    12707.000
334  K3P+I+G4      6299.212     15  12628.425    12628.632    12714.774
335  K3P+R2        6299.367     15  12628.734    12628.941    12715.083
354  TN+F+I        6229.338     17  12492.676    12492.940    12590.539
355  TN+F+G4       6229.660     17  12493.320    12493.584    12591.183
356  TN+F+I+G4     6229.369     18  12494.738    12495.033    12598.357
357  TN+F+R2       6229.665     18  12495.331    12495.626    12598.950
376  TNe+I         6308.031     14  12644.061    12644.242    12724.654
377  TNe+G4        6308.245     14  12644.490    12644.671    12725.082
378  TNe+I+G4      6308.071     15  12646.143    12646.350    12732.492
379  TNe+R2        6308.350     15  12646.700    12646.907    12733.049
398  HKY+F+I       6232.885     16  12497.770    12498.004    12589.876
399  HKY+F+G4      6233.159     16  12498.319    12498.553    12590.424
400  HKY+F+I+G4    6232.900     17  12499.801    12500.064    12597.663
401  HKY+F+R2      6233.215     17  12500.430    12500.693    12598.292
420  K2P+I         6308.398     13  12642.795    12642.952    12717.631
421  K2P+G4        6308.590     13  12643.179    12643.336    12718.015
422  K2P+I+G4      6308.446     14  12644.892    12645.073    12725.485
423  K2P+R2        6308.698     14  12645.397    12645.578    12725.990
442  F81+F+I       6387.915     15  12805.830    12806.037    12892.179
443  F81+F+G4      6388.250     15  12806.501    12806.707    12892.850
444  F81+F+I+G4    6388.491     16  12808.982    12809.217    12901.088
445  F81+F+R2      6388.095     16  12808.190    12808.425    12900.296
464  JC+I          6460.024     12  12944.048    12944.182    13013.127
465  JC+G4         6460.265     12  12944.530    12944.664    13013.609
466  JC+I+G4       6460.648     13  12947.297    12947.453    13022.133
467  JC+R2         6460.150     13  12946.300    12946.456    13021.136
Akaike Information Criterion:           GTR+F+I
Corrected Akaike Information Criterion: GTR+F+I
Bayesian Information Criterion:         K3Pu+F+I
Best-fit model: K3Pu+F+I chosen according to BIC

All model information printed to per_gene_alignments_codon/LOC101404551_.aln.model.gz
CPU time for ModelFinder: 0.583 seconds (0h:0m:0s)
Wall-clock time for ModelFinder: 1.207 seconds (0h:0m:1s)
Generating 1000 samples for ultrafast bootstrap (seed: 997552)...

NOTE: 0 MB RAM (0 GB) is required!
Estimate model parameters (epsilon = 0.100)
1. Initial log-likelihood: -6224.595
Optimal log-likelihood: -6224.595
Rate parameters:  A-C: 1.00000  A-G: 3.38262  A-T: 0.49046  C-G: 0.49046  C-T: 3.38262  G-T: 1.00000
Base frequencies:  A: 0.355  C: 0.236  G: 0.211  T: 0.198
Proportion of invariable sites: 0.374
Parameters optimization took 1 rounds (0.001 sec)
Wrote distance file to... 
Computing ML distances based on estimated model parameters...
Calculating distance matrix: done in 0.000267029 secs using 82.76% CPU
Computing ML distances took 0.000337 sec (of wall-clock time) 0.000299 sec (of CPU time)
Setting up auxiliary I and S matrices: done in 5.29289e-05 secs using 192.7% CPU
Computing RapidNJ tree took 0.000164 sec (of wall-clock time) 0.000332 sec (of CPU time)
Log-likelihood of RapidNJ tree: -6224.595
--------------------------------------------------------------------
|             INITIALIZING CANDIDATE TREE SET                      |
--------------------------------------------------------------------
Generating 99 parsimony trees... 0.052 second
Computing log-likelihood of 36 initial trees ... 0.012 seconds
Current best score: -6224.595

Do NNI search on 20 best initial trees
Estimate model parameters (epsilon = 0.100)
BETTER TREE FOUND at iteration 1: -6224.595
Iteration 10 / LogL: -6224.597 / Time: 0h:0m:1s
Iteration 20 / LogL: -6224.604 / Time: 0h:0m:1s
Finish initializing candidate tree set (1)
Current best tree score: -6224.595 / CPU time: 0.135
Number of iterations: 20
--------------------------------------------------------------------
|               OPTIMIZING CANDIDATE TREE SET                      |
--------------------------------------------------------------------
Iteration 30 / LogL: -6224.739 / Time: 0h:0m:1s (0h:0m:0s left)
UPDATE BEST LOG-LIKELIHOOD: -6224.595
Iteration 40 / LogL: -6224.595 / Time: 0h:0m:1s (0h:0m:0s left)
UPDATE BEST LOG-LIKELIHOOD: -6224.595
Iteration 50 / LogL: -6224.597 / Time: 0h:0m:1s (0h:0m:0s left)
Log-likelihood cutoff on original alignment: -6244.764
Iteration 60 / LogL: -6224.630 / Time: 0h:0m:1s (0h:0m:0s left)
Iteration 70 / LogL: -6224.630 / Time: 0h:0m:2s (0h:0m:0s left)
Iteration 80 / LogL: -6224.631 / Time: 0h:0m:2s (0h:0m:0s left)
Iteration 90 / LogL: -6224.595 / Time: 0h:0m:2s (0h:0m:0s left)
Iteration 100 / LogL: -6224.595 / Time: 0h:0m:2s (0h:0m:0s left)
Log-likelihood cutoff on original alignment: -6244.272
NOTE: Bootstrap correlation coefficient of split occurrence frequencies: 1.000
TREE SEARCH COMPLETED AFTER 102 ITERATIONS / Time: 0h:0m:2s

--------------------------------------------------------------------
|                    FINALIZING TREE SEARCH                        |
--------------------------------------------------------------------
Performs final model parameters optimization
Estimate model parameters (epsilon = 0.010)
1. Initial log-likelihood: -6224.595
Optimal log-likelihood: -6224.595
Rate parameters:  A-C: 1.00000  A-G: 3.38292  A-T: 0.49066  C-G: 0.49066  C-T: 3.38292  G-T: 1.00000
Base frequencies:  A: 0.355  C: 0.236  G: 0.211  T: 0.198
Proportion of invariable sites: 0.374
Parameters optimization took 1 rounds (0.001 sec)
BEST SCORE FOUND : -6224.595
Creating bootstrap support values...
Split supports printed to NEXUS file per_gene_alignments_codon/LOC101404551_.aln.splits.nex
Total tree length: 0.325

Total number of iterations: 102
CPU time used for tree search: 1.110 sec (0h:0m:1s)
Wall-clock time used for tree search: 1.489 sec (0h:0m:1s)
Total CPU time used: 1.772 sec (0h:0m:1s)
Total wall-clock time used: 2.775 sec (0h:0m:2s)

Computing bootstrap consensus tree...
Reading input file per_gene_alignments_codon/LOC101404551_.aln.splits.nex...
7 taxa and 15 splits.
Consensus tree written to per_gene_alignments_codon/LOC101404551_.aln.contree
Reading input trees file per_gene_alignments_codon/LOC101404551_.aln.contree
Log-likelihood of consensus tree: -6224.595

Analysis results written to: 
  IQ-TREE report:                per_gene_alignments_codon/LOC101404551_.aln.iqtree
  Maximum-likelihood tree:       per_gene_alignments_codon/LOC101404551_.aln.treefile
  Likelihood distances:          per_gene_alignments_codon/LOC101404551_.aln.mldist

Ultrafast bootstrap approximation results written to:
  Split support values:          per_gene_alignments_codon/LOC101404551_.aln.splits.nex
  Consensus tree:                per_gene_alignments_codon/LOC101404551_.aln.contree
  Screen log file:               per_gene_alignments_codon/LOC101404551_.aln.log

Date and Time: Thu Oct 30 21:36:59 2025
