IQ-TREE multicore version 2.3.3 COVID-edition for Linux x86 64-bit built Apr 25 2024
Developed by Bui Quang Minh, James Barbetti, Nguyen Lam Tung, Olga Chernomor,
Heiko Schmidt, Dominik Schrempf, Michael Woodhams, Ly Trong Nhan, Thomas Wong

Host:    morpheus-OptiPlex-5050 (AVX2, FMA3, 503 GB RAM)
Command: iqtree2 -s per_gene_alignments_codon/LOC101393367_.aln.fna -m MFP -T 1 -B 1000 --prefix per_gene_alignments_codon/LOC101393367_.aln
Seed:    630523 (Using SPRNG - Scalable Parallel Random Number Generator)
Time:    Thu Oct 30 21:29:15 2025
Kernel:  AVX+FMA - 1 threads (72 CPU cores detected)

HINT: Use -nt option to specify number of threads because your CPU has 72 cores!
HINT: -nt AUTO will automatically determine the best number of threads to use.

Reading alignment file per_gene_alignments_codon/LOC101393367_.aln.fna ... Fasta format detected
Reading fasta file: done in 0.000294924 secs using 49.84% CPU
Alignment most likely contains DNA/RNA sequences
Alignment has 7 sequences with 933 columns, 60 distinct patterns
66 parsimony-informative, 47 singleton sites, 820 constant sites
                     Gap/Ambiguity  Composition  p-value
Analyzing sequences: done in 1.71661e-05 secs using 46.6% CPU
   1  Ceratotherium_simum    0.00%    passed     98.97%
   2  Diceros_bicornis       0.00%    passed     98.99%
   3  Equus_asinus           0.00%    passed     96.61%
   4  Equus_quagga           0.00%    passed     96.61%
   5  Equus_caballus         0.00%    passed     93.55%
   6  Canis_lupus            0.00%    passed     29.50%
   7  Bos_taurus             0.00%    passed     99.46%
****  TOTAL                  0.00%  0 sequences failed composition chi2 test (p-value<5%; df=3)


Create initial parsimony tree by phylogenetic likelihood library (PLL)... 0.000 seconds
Perform fast likelihood tree search using GTR+I+G model...
Estimate model parameters (epsilon = 5.000)
Perform nearest neighbor interchange...
Estimate model parameters (epsilon = 1.000)
1. Initial log-likelihood: -1981.134
Optimal log-likelihood: -1981.091
Rate parameters:  A-C: 1.43235  A-G: 6.22574  A-T: 0.40597  C-G: 1.63947  C-T: 6.80328  G-T: 1.00000
Base frequencies:  A: 0.245  C: 0.226  G: 0.209  T: 0.320
Proportion of invariable sites: 0.434
Gamma shape alpha: 0.352
Parameters optimization took 1 rounds (0.039 sec)
Time for fast ML tree search: 0.072 seconds

NOTE: ModelFinder requires 0 MB RAM!
ModelFinder will test up to 484 DNA models (sample size: 933) ...
 No. Model         -LnL         df  AIC          AICc         BIC
  1  GTR+F         1997.056     19  4032.113     4032.945     4124.042
  2  GTR+F+I       1981.418     20  4002.835     4003.756     4099.603
  3  GTR+F+G4      1981.477     20  4002.954     4003.875     4099.722
  4  GTR+F+I+G4    1981.095     21  4004.190     4005.204     4105.797
  5  GTR+F+R2      1981.496     21  4004.992     4006.006     4106.598
  6  GTR+F+R3      1981.262     23  4008.524     4009.738     4119.807
 14  GTR+F+I+R2    1981.539     22  4007.078     4008.190     4113.523
 15  GTR+F+I+R3    1981.167     24  4010.335     4011.656     4126.456
 24  SYM+I         1996.961     17  4027.923     4028.591     4110.175
 25  SYM+G4        1996.934     17  4027.868     4028.537     4110.121
 26  SYM+I+G4      1996.702     18  4029.405     4030.153     4116.496
 27  SYM+R2        1997.405     18  4030.809     4031.557     4117.900
 46  TVM+F+I       1981.458     19  4000.916     4001.749     4092.846
 47  TVM+F+G4      1981.510     19  4001.020     4001.853     4092.950
 48  TVM+F+I+G4    1981.148     20  4002.296     4003.218     4099.065
 49  TVM+F+R2      1981.464     20  4002.927     4003.848     4099.695
 68  TVMe+I        1997.256     16  4026.512     4027.106     4103.927
 69  TVMe+G4       1997.239     16  4026.478     4027.072     4103.893
 70  TVMe+I+G4     1997.053     17  4028.106     4028.775     4110.359
 71  TVMe+R2       1997.788     17  4029.576     4030.245     4111.829
 90  TIM3+F+I      1982.266     18  4000.532     4001.280     4087.623
 91  TIM3+F+G4     1982.309     18  4000.618     4001.366     4087.709
 92  TIM3+F+I+G4   1981.929     19  4001.858     4002.691     4093.788
 93  TIM3+F+R2     1982.342     19  4002.684     4003.516     4094.613
112  TIM3e+I       1997.509     15  4025.018     4025.541     4097.594
113  TIM3e+G4      1997.478     15  4024.955     4025.479     4097.531
114  TIM3e+I+G4    1997.235     16  4026.471     4027.065     4103.885
115  TIM3e+R2      1997.914     16  4027.828     4028.422     4105.243
134  TIM2+F+I      1983.657     18  4003.314     4004.062     4090.405
135  TIM2+F+G4     1983.678     18  4003.355     4004.104     4090.447
136  TIM2+F+I+G4   1983.391     19  4004.783     4005.615     4096.712
137  TIM2+F+R2     1983.866     19  4005.732     4006.565     4097.662
156  TIM2e+I       1998.173     15  4026.345     4026.869     4098.921
157  TIM2e+G4      1998.146     15  4026.291     4026.815     4098.867
158  TIM2e+I+G4    1997.934     16  4027.868     4028.462     4105.283
159  TIM2e+R2      1998.638     16  4029.277     4029.871     4106.691
178  TIM+F+I       1983.607     18  4003.215     4003.963     4090.306
179  TIM+F+G4      1983.618     18  4003.236     4003.984     4090.327
180  TIM+F+I+G4    1983.457     19  4004.914     4005.746     4096.844
181  TIM+F+R2      1984.130     19  4006.260     4007.092     4098.189
200  TIMe+I        1997.979     15  4025.958     4026.482     4098.534
201  TIMe+G4       1997.963     15  4025.926     4026.450     4098.503
202  TIMe+I+G4     1997.821     16  4027.642     4028.235     4105.056
203  TIMe+R2       1998.663     16  4029.325     4029.919     4106.740
222  TPM3u+F+I     1982.316     17  3998.632     3999.301     4080.885
223  TPM3u+F+G4    1982.357     17  3998.714     3999.383     4080.967
224  TPM3u+F+I+G4  1981.998     18  3999.997     4000.745     4087.088
225  TPM3u+F+R2    1982.393     18  4000.786     4001.534     4087.877
244  TPM3+I        1997.814     14  4023.629     4024.086     4091.366
245  TPM3+G4       1997.796     14  4023.592     4024.049     4091.329
246  TPM3+I+G4     1997.584     15  4025.169     4025.692     4097.745
247  TPM3+R2       1998.302     15  4026.603     4027.127     4099.179
266  TPM2u+F+I     1983.683     17  4001.366     4002.035     4083.619
267  TPM2u+F+G4    1983.702     17  4001.404     4002.073     4083.657
268  TPM2u+F+I+G4  1983.428     18  4002.855     4003.603     4089.946
269  TPM2u+F+R2    1983.901     18  4003.801     4004.550     4090.893
288  TPM2+I        1998.477     14  4024.954     4025.411     4092.691
289  TPM2+G4       1998.457     14  4024.913     4025.371     4092.651
290  TPM2+I+G4     1998.279     15  4026.557     4027.081     4099.133
291  TPM2+R2       1999.011     15  4028.021     4028.544     4100.597
310  K3Pu+F+I      1983.642     17  4001.283     4001.952     4083.536
311  K3Pu+F+G4     1983.652     17  4001.303     4001.972     4083.556
312  K3Pu+F+I+G4   1983.506     18  4003.012     4003.761     4090.104
313  K3Pu+F+R2     1984.167     18  4004.335     4005.083     4091.426
332  K3P+I         1998.294     14  4024.589     4025.046     4092.327
333  K3P+G4        1998.282     14  4024.564     4025.021     4092.302
334  K3P+I+G4      1998.181     15  4026.361     4026.885     4098.937
335  K3P+R2        1999.047     15  4028.094     4028.618     4100.670
354  TN+F+I        1984.187     17  4002.374     4003.042     4084.626
355  TN+F+G4       1984.198     17  4002.395     4003.064     4084.648
356  TN+F+I+G4     1983.971     18  4003.941     4004.690     4091.033
357  TN+F+R2       1984.582     18  4005.164     4005.912     4092.255
376  TNe+I         1998.393     14  4024.787     4025.244     4092.524
377  TNe+G4        1998.368     14  4024.737     4025.194     4092.474
378  TNe+I+G4      1998.180     15  4026.361     4026.884     4098.937
379  TNe+R2        1998.985     15  4027.971     4028.494     4100.547
398  HKY+F+I       1984.222     16  4000.443     4001.037     4077.858
399  HKY+F+G4      1984.230     16  4000.460     4001.053     4077.874
400  HKY+F+I+G4    1984.018     17  4002.037     4002.706     4084.290
401  HKY+F+R2      1984.626     17  4003.253     4003.922     4085.506
420  K2P+I         1998.708     13  4023.416     4023.812     4086.315
421  K2P+G4        1998.688     13  4023.377     4023.773     4086.276
422  K2P+I+G4      1998.538     14  4025.076     4025.534     4092.814
423  K2P+R2        1999.370     14  4026.740     4027.198     4094.478
442  F81+F+I       2029.280     15  4088.561     4089.084     4161.137
443  F81+F+G4      2029.322     15  4088.644     4089.167     4161.220
444  F81+F+I+G4    2029.398     16  4090.795     4091.389     4168.210
445  F81+F+R2      2030.937     16  4093.874     4094.468     4171.289
464  JC+I          2042.466     12  4108.932     4109.271     4166.993
465  JC+G4         2042.513     12  4109.025     4109.364     4167.086
466  JC+I+G4       2042.579     13  4111.157     4111.553     4174.057
467  JC+R2         2044.467     13  4114.933     4115.329     4177.833
Akaike Information Criterion:           TPM3u+F+I
Corrected Akaike Information Criterion: TPM3u+F+I
Bayesian Information Criterion:         HKY+F+I
Best-fit model: HKY+F+I chosen according to BIC

All model information printed to per_gene_alignments_codon/LOC101393367_.aln.model.gz
CPU time for ModelFinder: 1.863 seconds (0h:0m:1s)
Wall-clock time for ModelFinder: 2.219 seconds (0h:0m:2s)
Generating 1000 samples for ultrafast bootstrap (seed: 630523)...

NOTE: 0 MB RAM (0 GB) is required!
Estimate model parameters (epsilon = 0.100)
1. Initial log-likelihood: -1984.222
Optimal log-likelihood: -1984.222
Rate parameters:  A-C: 1.00000  A-G: 6.39326  A-T: 1.00000  C-G: 1.00000  C-T: 6.39326  G-T: 1.00000
Base frequencies:  A: 0.245  C: 0.226  G: 0.209  T: 0.320
Proportion of invariable sites: 0.755
Parameters optimization took 1 rounds (0.000 sec)
Wrote distance file to... 
Computing ML distances based on estimated model parameters...
Calculating distance matrix: done in 0.000183821 secs using 99.01% CPU
Computing ML distances took 0.000226 sec (of wall-clock time) 0.000230 sec (of CPU time)
Setting up auxiliary I and S matrices: done in 5.10216e-05 secs using 194% CPU
Computing RapidNJ tree took 0.000163 sec (of wall-clock time) 0.000317 sec (of CPU time)
Log-likelihood of RapidNJ tree: -1984.223
--------------------------------------------------------------------
|             INITIALIZING CANDIDATE TREE SET                      |
--------------------------------------------------------------------
Generating 99 parsimony trees... 0.032 second
Computing log-likelihood of 40 initial trees ... 0.010 seconds
Current best score: -1984.222

Do NNI search on 20 best initial trees
Estimate model parameters (epsilon = 0.100)
BETTER TREE FOUND at iteration 1: -1984.222
Iteration 10 / LogL: -1984.391 / Time: 0h:0m:2s
Iteration 20 / LogL: -1984.876 / Time: 0h:0m:2s
Finish initializing candidate tree set (2)
Current best tree score: -1984.222 / CPU time: 0.089
Number of iterations: 20
--------------------------------------------------------------------
|               OPTIMIZING CANDIDATE TREE SET                      |
--------------------------------------------------------------------
Iteration 30 / LogL: -1984.223 / Time: 0h:0m:2s (0h:0m:0s left)
Iteration 40 / LogL: -2014.672 / Time: 0h:0m:2s (0h:0m:0s left)
Iteration 50 / LogL: -2009.133 / Time: 0h:0m:2s (0h:0m:0s left)
Log-likelihood cutoff on original alignment: -2002.376
Iteration 60 / LogL: -1984.427 / Time: 0h:0m:2s (0h:0m:0s left)
Iteration 70 / LogL: -2009.095 / Time: 0h:0m:2s (0h:0m:0s left)
Iteration 80 / LogL: -1984.353 / Time: 0h:0m:2s (0h:0m:0s left)
Iteration 90 / LogL: -1984.227 / Time: 0h:0m:2s (0h:0m:0s left)
Iteration 100 / LogL: -2014.444 / Time: 0h:0m:3s (0h:0m:0s left)
Log-likelihood cutoff on original alignment: -2002.376
NOTE: Bootstrap correlation coefficient of split occurrence frequencies: 0.998
TREE SEARCH COMPLETED AFTER 102 ITERATIONS / Time: 0h:0m:3s

--------------------------------------------------------------------
|                    FINALIZING TREE SEARCH                        |
--------------------------------------------------------------------
Performs final model parameters optimization
Estimate model parameters (epsilon = 0.010)
1. Initial log-likelihood: -1984.222
Optimal log-likelihood: -1984.222
Rate parameters:  A-C: 1.00000  A-G: 6.39201  A-T: 1.00000  C-G: 1.00000  C-T: 6.39201  G-T: 1.00000
Base frequencies:  A: 0.245  C: 0.226  G: 0.209  T: 0.320
Proportion of invariable sites: 0.755
Parameters optimization took 1 rounds (0.001 sec)
BEST SCORE FOUND : -1984.222
Creating bootstrap support values...
Split supports printed to NEXUS file per_gene_alignments_codon/LOC101393367_.aln.splits.nex
Total tree length: 0.177

Total number of iterations: 102
CPU time used for tree search: 0.908 sec (0h:0m:0s)
Wall-clock time used for tree search: 0.836 sec (0h:0m:0s)
Total CPU time used: 2.841 sec (0h:0m:2s)
Total wall-clock time used: 3.129 sec (0h:0m:3s)

Computing bootstrap consensus tree...
Reading input file per_gene_alignments_codon/LOC101393367_.aln.splits.nex...
7 taxa and 17 splits.
Consensus tree written to per_gene_alignments_codon/LOC101393367_.aln.contree
Reading input trees file per_gene_alignments_codon/LOC101393367_.aln.contree
Log-likelihood of consensus tree: -1984.222

Analysis results written to: 
  IQ-TREE report:                per_gene_alignments_codon/LOC101393367_.aln.iqtree
  Maximum-likelihood tree:       per_gene_alignments_codon/LOC101393367_.aln.treefile
  Likelihood distances:          per_gene_alignments_codon/LOC101393367_.aln.mldist

Ultrafast bootstrap approximation results written to:
  Split support values:          per_gene_alignments_codon/LOC101393367_.aln.splits.nex
  Consensus tree:                per_gene_alignments_codon/LOC101393367_.aln.contree
  Screen log file:               per_gene_alignments_codon/LOC101393367_.aln.log

Date and Time: Thu Oct 30 21:29:19 2025
