IQ-TREE multicore version 2.3.3 COVID-edition for Linux x86 64-bit built Apr 25 2024
Developed by Bui Quang Minh, James Barbetti, Nguyen Lam Tung, Olga Chernomor,
Heiko Schmidt, Dominik Schrempf, Michael Woodhams, Ly Trong Nhan, Thomas Wong

Host:    morpheus-OptiPlex-5050 (AVX2, FMA3, 503 GB RAM)
Command: iqtree2 -s per_gene_alignments_codon/LOC101406304_.aln.fna -m MFP -T 1 -B 1000 --prefix per_gene_alignments_codon/LOC101406304_.aln
Seed:    470045 (Using SPRNG - Scalable Parallel Random Number Generator)
Time:    Thu Oct 30 21:38:06 2025
Kernel:  AVX+FMA - 1 threads (72 CPU cores detected)

HINT: Use -nt option to specify number of threads because your CPU has 72 cores!
HINT: -nt AUTO will automatically determine the best number of threads to use.

Reading alignment file per_gene_alignments_codon/LOC101406304_.aln.fna ... Fasta format detected
Reading fasta file: done in 0.000442028 secs
Alignment most likely contains DNA/RNA sequences
Alignment has 7 sequences with 1473 columns, 66 distinct patterns
42 parsimony-informative, 75 singleton sites, 1356 constant sites
                     Gap/Ambiguity  Composition  p-value
Analyzing sequences: done in 2.5034e-05 secs using 91.88% CPU
   1  Ceratotherium_simum    0.00%    passed     99.92%
   2  Diceros_bicornis       9.37%    passed     92.15%
   3  Equus_asinus           0.00%    passed     98.29%
   4  Equus_quagga           0.00%    passed     97.19%
   5  Equus_caballus         0.00%    passed     97.93%
   6  Canis_lupus            0.00%    passed     96.59%
   7  Bos_taurus             0.00%    passed     72.58%
****  TOTAL                  1.34%  0 sequences failed composition chi2 test (p-value<5%; df=3)


Create initial parsimony tree by phylogenetic likelihood library (PLL)... 0.000 seconds
Perform fast likelihood tree search using GTR+I+G model...
Estimate model parameters (epsilon = 5.000)
Perform nearest neighbor interchange...
Estimate model parameters (epsilon = 1.000)
1. Initial log-likelihood: -2733.633
Optimal log-likelihood: -2733.630
Rate parameters:  A-C: 1.78813  A-G: 6.67306  A-T: 0.91111  C-G: 0.49790  C-T: 8.84277  G-T: 1.00000
Base frequencies:  A: 0.354  C: 0.177  G: 0.229  T: 0.240
Proportion of invariable sites: 0.459
Gamma shape alpha: 0.539
Parameters optimization took 1 rounds (0.001 sec)
Time for fast ML tree search: 0.067 seconds

NOTE: ModelFinder requires 0 MB RAM!
ModelFinder will test up to 484 DNA models (sample size: 1473) ...
 No. Model         -LnL         df  AIC          AICc         BIC
  1  GTR+F         2741.314     19  5520.628     5521.151     5621.234
  2  GTR+F+I       2733.556     20  5507.113     5507.691     5613.014
  3  GTR+F+G4      2733.561     20  5507.122     5507.700     5613.023
  4  GTR+F+I+G4    2733.631     21  5509.261     5509.898     5620.457
  5  GTR+F+R2      2738.035     21  5518.070     5518.706     5629.266
  6  GTR+F+R3      2735.355     23  5516.710     5517.472     5638.497
 14  GTR+F+I+R2    2734.061     22  5512.121     5512.819     5628.613
 15  GTR+F+I+R3    2733.845     24  5515.690     5516.518     5642.771
 23  SYM           2787.552     16  5607.103     5607.477     5691.824
 24  SYM+I         2780.434     17  5594.868     5595.288     5684.884
 25  SYM+G4        2780.440     17  5594.880     5595.300     5684.896
 26  SYM+I+G4      2780.467     18  5596.933     5597.404     5692.244
 45  TVM+F         2742.225     18  5520.451     5520.921     5615.762
 46  TVM+F+I       2734.216     19  5506.432     5506.955     5607.038
 47  TVM+F+G4      2734.215     19  5506.429     5506.952     5607.035
 48  TVM+F+I+G4    2734.301     20  5508.602     5509.180     5614.503
 67  TVMe          2787.550     15  5605.100     5605.430     5684.526
 68  TVMe+I        2780.465     16  5592.930     5593.303     5677.651
 69  TVMe+G4       2780.470     16  5592.941     5593.314     5677.661
 70  TVMe+I+G4     2780.495     17  5594.990     5595.410     5685.006
 89  TIM3+F        2742.458     17  5518.915     5519.336     5608.931
 90  TIM3+F+I      2734.768     18  5505.535     5506.006     5600.846
 91  TIM3+F+G4     2734.777     18  5505.555     5506.025     5600.866
 92  TIM3+F+I+G4   2734.888     19  5507.777     5508.300     5608.383
111  TIM3e         2789.323     14  5606.646     5606.934     5680.776
112  TIM3e+I       2782.362     15  5594.724     5595.053     5674.150
113  TIM3e+G4      2782.382     15  5594.764     5595.094     5674.190
114  TIM3e+I+G4    2782.453     16  5596.906     5597.280     5681.627
133  TIM2+F        2742.194     17  5518.388     5518.809     5608.404
134  TIM2+F+I      2734.662     18  5505.324     5505.794     5600.635
135  TIM2+F+G4     2734.671     18  5505.342     5505.813     5600.653
136  TIM2+F+I+G4   2734.750     19  5507.499     5508.022     5608.105
155  TIM2e         2788.196     14  5604.392     5604.680     5678.523
156  TIM2e+I       2781.203     15  5592.405     5592.735     5671.831
157  TIM2e+G4      2781.204     15  5592.408     5592.737     5671.834
158  TIM2e+I+G4    2781.248     16  5594.497     5594.870     5679.218
177  TIM+F         2742.098     17  5518.196     5518.616     5608.212
178  TIM+F+I       2734.421     18  5504.842     5505.313     5600.153
179  TIM+F+G4      2734.429     18  5504.858     5505.328     5600.169
180  TIM+F+I+G4    2734.524     19  5507.048     5507.571     5607.654
199  TIMe          2788.932     14  5605.864     5606.152     5679.995
200  TIMe+I        2781.962     15  5593.924     5594.253     5673.350
201  TIMe+G4       2781.980     15  5593.960     5594.289     5673.386
202  TIMe+I+G4     2782.046     16  5596.092     5596.466     5680.813
221  TPM3u+F       2743.379     16  5518.758     5519.132     5603.479
222  TPM3u+F+I     2735.417     17  5504.833     5505.254     5594.849
223  TPM3u+F+G4    2735.419     17  5504.838     5505.258     5594.854
224  TPM3u+F+I+G4  2735.553     18  5507.107     5507.577     5602.418
243  TPM3          2789.328     13  5604.657     5604.906     5673.492
244  TPM3+I        2782.387     14  5592.774     5593.062     5666.905
245  TPM3+G4       2782.406     14  5592.812     5593.100     5666.943
246  TPM3+I+G4     2782.474     15  5594.948     5595.278     5674.374
265  TPM2u+F       2743.113     16  5518.227     5518.600     5602.948
266  TPM2u+F+I     2735.322     17  5504.644     5505.065     5594.660
267  TPM2u+F+G4    2735.328     17  5504.656     5505.076     5594.672
268  TPM2u+F+I+G4  2735.427     18  5506.855     5507.325     5602.166
287  TPM2          2788.204     13  5602.408     5602.657     5671.243
288  TPM2+I        2781.220     14  5590.440     5590.728     5664.570
289  TPM2+G4       2781.231     14  5590.463     5590.751     5664.594
290  TPM2+I+G4     2781.273     15  5592.546     5592.876     5671.972
309  K3Pu+F        2743.019     16  5518.039     5518.412     5602.760
310  K3Pu+F+I      2735.072     17  5504.144     5504.565     5594.160
311  K3Pu+F+G4     2735.074     17  5504.149     5504.569     5594.165
312  K3Pu+F+I+G4   2735.192     18  5506.383     5506.854     5601.694
331  K3P           2788.937     13  5603.875     5604.124     5672.710
332  K3P+I         2781.981     14  5591.962     5592.250     5666.093
333  K3P+G4        2781.999     14  5591.997     5592.285     5666.128
334  K3P+I+G4      2782.063     15  5594.126     5594.456     5673.552
353  TN+F          2742.702     16  5517.403     5517.777     5602.124
354  TN+F+I        2735.132     17  5504.264     5504.684     5594.280
355  TN+F+G4       2735.140     17  5504.280     5504.701     5594.296
356  TN+F+I+G4     2735.237     18  5506.473     5506.944     5601.784
375  TNe           2789.342     13  5604.685     5604.934     5673.521
376  TNe+I         2782.400     14  5592.799     5593.087     5666.930
377  TNe+G4        2782.418     14  5592.836     5593.124     5666.967
378  TNe+I+G4      2782.488     15  5594.976     5595.305     5674.402
397  HKY+F         2743.622     15  5517.244     5517.573     5596.670
398  HKY+F+I       2735.779     16  5503.557     5503.931     5588.278
399  HKY+F+G4      2735.784     16  5503.568     5503.941     5588.288
400  HKY+F+I+G4    2735.904     17  5505.807     5506.228     5595.823
419  K2P           2789.348     12  5602.696     5602.910     5666.237
420  K2P+I         2782.425     13  5590.850     5591.100     5659.686
421  K2P+G4        2782.444     13  5590.887     5591.137     5659.723
422  K2P+I+G4      2782.508     14  5593.017     5593.305     5667.147
441  F81+F         2790.566     14  5609.132     5609.420     5683.263
442  F81+F+I       2784.590     15  5599.181     5599.510     5678.607
443  F81+F+G4      2784.640     15  5599.280     5599.609     5678.706
444  F81+F+I+G4    2784.711     16  5601.423     5601.796     5686.144
463  JC            2837.042     11  5696.084     5696.264     5754.329
464  JC+I          2831.372     12  5686.744     5686.958     5750.285
465  JC+G4         2831.421     12  5686.842     5687.056     5750.383
466  JC+I+G4       2831.477     13  5688.955     5689.204     5757.790
Akaike Information Criterion:           HKY+F+I
Corrected Akaike Information Criterion: HKY+F+I
Bayesian Information Criterion:         HKY+F+I
Best-fit model: HKY+F+I chosen according to BIC

All model information printed to per_gene_alignments_codon/LOC101406304_.aln.model.gz
CPU time for ModelFinder: 0.284 seconds (0h:0m:0s)
Wall-clock time for ModelFinder: 0.950 seconds (0h:0m:0s)
Generating 1000 samples for ultrafast bootstrap (seed: 470045)...

NOTE: 0 MB RAM (0 GB) is required!
Estimate model parameters (epsilon = 0.100)
1. Initial log-likelihood: -2735.779
Optimal log-likelihood: -2735.779
Rate parameters:  A-C: 1.00000  A-G: 6.90871  A-T: 1.00000  C-G: 1.00000  C-T: 6.90871  G-T: 1.00000
Base frequencies:  A: 0.354  C: 0.177  G: 0.229  T: 0.240
Proportion of invariable sites: 0.743
Parameters optimization took 1 rounds (0.001 sec)
Wrote distance file to... 
Computing ML distances based on estimated model parameters...
Calculating distance matrix: done in 0.000211954 secs using 99.55% CPU
Computing ML distances took 0.000262 sec (of wall-clock time) 0.000268 sec (of CPU time)
Setting up auxiliary I and S matrices: done in 5.4121e-05 secs using 97.93% CPU
Computing RapidNJ tree took 0.000139 sec (of wall-clock time) 0.000139 sec (of CPU time)
Log-likelihood of RapidNJ tree: -2735.781
--------------------------------------------------------------------
|             INITIALIZING CANDIDATE TREE SET                      |
--------------------------------------------------------------------
Generating 98 parsimony trees... 0.053 second
Computing log-likelihood of 47 initial trees ... 0.038 seconds
Current best score: -2735.779

Do NNI search on 20 best initial trees
Estimate model parameters (epsilon = 0.100)
BETTER TREE FOUND at iteration 1: -2735.779
UPDATE BEST LOG-LIKELIHOOD: -2735.779
Iteration 10 / LogL: -2735.779 / Time: 0h:0m:1s
Iteration 20 / LogL: -2735.779 / Time: 0h:0m:1s
Finish initializing candidate tree set (2)
Current best tree score: -2735.779 / CPU time: 0.220
Number of iterations: 20
--------------------------------------------------------------------
|               OPTIMIZING CANDIDATE TREE SET                      |
--------------------------------------------------------------------
UPDATE BEST LOG-LIKELIHOOD: -2735.779
UPDATE BEST LOG-LIKELIHOOD: -2735.779
Iteration 30 / LogL: -2735.779 / Time: 0h:0m:1s (0h:0m:0s left)
Iteration 40 / LogL: -2735.779 / Time: 0h:0m:1s (0h:0m:0s left)
Iteration 50 / LogL: -2735.780 / Time: 0h:0m:1s (0h:0m:0s left)
Log-likelihood cutoff on original alignment: -2756.559
Iteration 60 / LogL: -2735.779 / Time: 0h:0m:1s (0h:0m:0s left)
Iteration 70 / LogL: -2735.779 / Time: 0h:0m:1s (0h:0m:0s left)
Iteration 80 / LogL: -2735.779 / Time: 0h:0m:2s (0h:0m:0s left)
Iteration 90 / LogL: -2735.779 / Time: 0h:0m:2s (0h:0m:0s left)
Iteration 100 / LogL: -2735.779 / Time: 0h:0m:2s (0h:0m:0s left)
Log-likelihood cutoff on original alignment: -2757.029
NOTE: Bootstrap correlation coefficient of split occurrence frequencies: 0.998
TREE SEARCH COMPLETED AFTER 102 ITERATIONS / Time: 0h:0m:2s

--------------------------------------------------------------------
|                    FINALIZING TREE SEARCH                        |
--------------------------------------------------------------------
Performs final model parameters optimization
Estimate model parameters (epsilon = 0.010)
1. Initial log-likelihood: -2735.779
Optimal log-likelihood: -2735.779
Rate parameters:  A-C: 1.00000  A-G: 6.91527  A-T: 1.00000  C-G: 1.00000  C-T: 6.91527  G-T: 1.00000
Base frequencies:  A: 0.354  C: 0.177  G: 0.229  T: 0.240
Proportion of invariable sites: 0.743
Parameters optimization took 1 rounds (0.000 sec)
BEST SCORE FOUND : -2735.779
Creating bootstrap support values...
Split supports printed to NEXUS file per_gene_alignments_codon/LOC101406304_.aln.splits.nex
Total tree length: 0.099

Total number of iterations: 102
CPU time used for tree search: 0.985 sec (0h:0m:0s)
Wall-clock time used for tree search: 1.606 sec (0h:0m:1s)
Total CPU time used: 1.323 sec (0h:0m:1s)
Total wall-clock time used: 2.674 sec (0h:0m:2s)

Computing bootstrap consensus tree...
Reading input file per_gene_alignments_codon/LOC101406304_.aln.splits.nex...
7 taxa and 19 splits.
Consensus tree written to per_gene_alignments_codon/LOC101406304_.aln.contree
Reading input trees file per_gene_alignments_codon/LOC101406304_.aln.contree
Log-likelihood of consensus tree: -2735.780

Analysis results written to: 
  IQ-TREE report:                per_gene_alignments_codon/LOC101406304_.aln.iqtree
  Maximum-likelihood tree:       per_gene_alignments_codon/LOC101406304_.aln.treefile
  Likelihood distances:          per_gene_alignments_codon/LOC101406304_.aln.mldist

Ultrafast bootstrap approximation results written to:
  Split support values:          per_gene_alignments_codon/LOC101406304_.aln.splits.nex
  Consensus tree:                per_gene_alignments_codon/LOC101406304_.aln.contree
  Screen log file:               per_gene_alignments_codon/LOC101406304_.aln.log

Date and Time: Thu Oct 30 21:38:09 2025
