IQ-TREE multicore version 2.3.3 COVID-edition for Linux x86 64-bit built Apr 25 2024
Developed by Bui Quang Minh, James Barbetti, Nguyen Lam Tung, Olga Chernomor,
Heiko Schmidt, Dominik Schrempf, Michael Woodhams, Ly Trong Nhan, Thomas Wong

Host:    morpheus-OptiPlex-5050 (AVX2, FMA3, 503 GB RAM)
Command: iqtree2 -s per_gene_alignments_codon/LOC101395746_.aln.fna -m MFP -T 1 -B 1000 --prefix per_gene_alignments_codon/LOC101395746_.aln
Seed:    318750 (Using SPRNG - Scalable Parallel Random Number Generator)
Time:    Thu Oct 30 21:30:54 2025
Kernel:  AVX+FMA - 1 threads (72 CPU cores detected)

HINT: Use -nt option to specify number of threads because your CPU has 72 cores!
HINT: -nt AUTO will automatically determine the best number of threads to use.

Reading alignment file per_gene_alignments_codon/LOC101395746_.aln.fna ... Fasta format detected
Reading fasta file: done in 0.000212908 secs using 49.32% CPU
Alignment most likely contains DNA/RNA sequences
Alignment has 7 sequences with 528 columns, 62 distinct patterns
36 parsimony-informative, 75 singleton sites, 417 constant sites
                     Gap/Ambiguity  Composition  p-value
Analyzing sequences: done in 1.50204e-05 secs using 46.6% CPU
   1  Ceratotherium_simum    0.00%    passed     95.53%
   2  Diceros_bicornis       0.00%    passed     96.02%
   3  Equus_asinus           0.00%    passed     99.47%
   4  Equus_quagga           0.00%    passed     99.80%
   5  Equus_caballus         0.00%    passed     64.04%
   6  Canis_lupus            0.00%    passed     97.13%
   7  Bos_taurus             0.00%    passed     84.61%
****  TOTAL                  0.00%  0 sequences failed composition chi2 test (p-value<5%; df=3)


Create initial parsimony tree by phylogenetic likelihood library (PLL)... 0.000 seconds
Perform fast likelihood tree search using GTR+I+G model...
Estimate model parameters (epsilon = 5.000)
Perform nearest neighbor interchange...
Estimate model parameters (epsilon = 1.000)
1. Initial log-likelihood: -1369.992
Optimal log-likelihood: -1369.979
Rate parameters:  A-C: 1.29610  A-G: 4.15132  A-T: 1.03686  C-G: 0.91896  C-T: 3.02494  G-T: 1.00000
Base frequencies:  A: 0.181  C: 0.299  G: 0.286  T: 0.234
Proportion of invariable sites: 0.388
Gamma shape alpha: 998.418
Parameters optimization took 1 rounds (0.002 sec)
Time for fast ML tree search: 0.031 seconds

NOTE: ModelFinder requires 0 MB RAM!
ModelFinder will test up to 484 DNA models (sample size: 528) ...
 No. Model         -LnL         df  AIC          AICc         BIC
  1  GTR+F         1370.534     19  2779.067     2780.563     2860.180
  2  GTR+F+I       1369.732     20  2779.465     2781.122     2864.847
  3  GTR+F+G4      1369.642     20  2779.284     2780.941     2864.666
  4  GTR+F+I+G4    1369.955     21  2781.909     2783.735     2871.560
  5  GTR+F+R2      1369.684     21  2781.369     2783.195     2871.020
  6  GTR+F+R3      1369.694     23  2785.387     2787.578     2883.577
 14  GTR+F+I+R2    1370.006     22  2784.013     2786.017     2877.933
 15  GTR+F+I+R3    1369.943     24  2787.887     2790.273     2890.345
 23  SYM           1379.686     16  2791.372     2792.437     2859.678
 24  SYM+I         1379.126     17  2792.251     2793.451     2864.826
 25  SYM+G4        1379.022     17  2792.043     2793.243     2864.618
 45  TVM+F         1371.288     18  2778.577     2779.921     2855.421
 46  TVM+F+I       1370.504     19  2779.008     2780.504     2860.121
 47  TVM+F+G4      1370.421     19  2778.842     2780.338     2859.954
 67  TVMe          1379.807     15  2789.614     2790.552     2853.651
 68  TVMe+I        1379.241     16  2790.482     2791.547     2858.788
 69  TVMe+G4       1379.142     16  2790.283     2791.348     2858.589
 89  TIM3+F        1370.761     17  2775.522     2776.722     2848.097
 90  TIM3+F+I      1370.017     18  2776.034     2777.378     2852.878
 91  TIM3+F+G4     1369.924     18  2775.848     2777.192     2852.692
111  TIM3e         1379.831     14  2787.662     2788.481     2847.429
112  TIM3e+I       1379.256     15  2788.512     2789.449     2852.548
113  TIM3e+G4      1379.157     15  2788.314     2789.252     2852.350
133  TIM2+F        1370.657     17  2775.313     2776.513     2847.888
134  TIM2+F+I      1369.855     18  2775.709     2777.053     2852.553
135  TIM2+F+G4     1369.765     18  2775.530     2776.873     2852.373
155  TIM2e         1379.921     14  2787.842     2788.661     2847.610
156  TIM2e+I       1379.363     15  2788.726     2789.664     2852.763
157  TIM2e+G4      1379.263     15  2788.526     2789.463     2852.562
177  TIM+F         1370.654     17  2775.309     2776.509     2847.883
178  TIM+F+I       1369.898     18  2775.796     2777.140     2852.640
179  TIM+F+G4      1369.805     18  2775.609     2776.953     2852.453
199  TIMe          1379.946     14  2787.891     2788.710     2847.659
200  TIMe+I        1379.372     15  2788.745     2789.682     2852.781
201  TIMe+G4       1379.274     15  2788.549     2789.486     2852.585
221  TPM3u+F       1371.515     16  2775.031     2776.096     2843.337
222  TPM3u+F+I     1370.781     17  2775.561     2776.761     2848.136
223  TPM3u+F+G4    1370.696     17  2775.391     2776.591     2847.966
243  TPM3          1379.953     13  2785.905     2786.613     2841.403
244  TPM3+I        1379.373     14  2786.745     2787.564     2846.512
245  TPM3+G4       1379.276     14  2786.551     2787.370     2846.319
265  TPM2u+F       1371.413     16  2774.825     2775.890     2843.131
266  TPM2u+F+I     1370.627     17  2775.254     2776.454     2847.828
267  TPM2u+F+G4    1370.545     17  2775.090     2776.290     2847.664
287  TPM2          1380.044     13  2786.089     2786.797     2841.587
288  TPM2+I        1379.482     14  2786.964     2787.783     2846.731
289  TPM2+G4       1379.385     14  2786.770     2787.589     2846.538
309  K3Pu+F        1371.410     16  2774.819     2775.884     2843.125
310  K3Pu+F+I      1370.663     17  2775.326     2776.526     2847.901
311  K3Pu+F+G4     1370.577     17  2775.155     2776.355     2847.730
331  K3P           1380.069     13  2786.138     2786.846     2841.636
332  K3P+I         1379.491     14  2786.982     2787.801     2846.750
333  K3P+G4        1379.395     14  2786.790     2787.609     2846.557
353  TN+F          1370.773     16  2773.547     2774.611     2841.852
354  TN+F+I        1370.027     17  2774.054     2775.254     2846.628
355  TN+F+G4       1369.934     17  2773.868     2775.068     2846.443
375  TNe           1379.987     13  2785.973     2786.682     2841.472
376  TNe+I         1379.415     14  2786.831     2787.649     2846.598
377  TNe+G4        1379.316     14  2786.632     2787.451     2846.399
397  HKY+F         1371.529     15  2773.057     2773.995     2837.094
398  HKY+F+I       1370.791     16  2773.582     2774.647     2841.888
399  HKY+F+G4      1370.706     16  2773.413     2774.477     2841.718
419  K2P           1380.110     12  2784.220     2784.825     2835.449
420  K2P+I         1379.534     13  2785.068     2785.776     2840.567
421  K2P+G4        1379.438     13  2784.877     2785.585     2840.375
441  F81+F         1391.468     14  2810.936     2811.755     2870.703
442  F81+F+I       1390.944     15  2811.889     2812.826     2875.925
443  F81+F+G4      1390.897     15  2811.794     2812.731     2875.830
463  JC            1399.161     11  2820.322     2820.833     2867.282
464  JC+I          1398.684     12  2821.369     2821.975     2872.598
465  JC+G4         1398.632     12  2821.264     2821.870     2872.493
Akaike Information Criterion:           HKY+F
Corrected Akaike Information Criterion: HKY+F
Bayesian Information Criterion:         K2P
Best-fit model: K2P chosen according to BIC

All model information printed to per_gene_alignments_codon/LOC101395746_.aln.model.gz
CPU time for ModelFinder: 0.223 seconds (0h:0m:0s)
Wall-clock time for ModelFinder: 0.832 seconds (0h:0m:0s)
Generating 1000 samples for ultrafast bootstrap (seed: 318750)...

NOTE: 0 MB RAM (0 GB) is required!
Estimate model parameters (epsilon = 0.100)
1. Initial log-likelihood: -1380.110
Optimal log-likelihood: -1380.110
Rate parameters:  A-C: 1.00000  A-G: 3.16734  A-T: 1.00000  C-G: 1.00000  C-T: 3.16734  G-T: 1.00000
Base frequencies:  A: 0.250  C: 0.250  G: 0.250  T: 0.250
Parameters optimization took 1 rounds (0.000 sec)
Wrote distance file to... 
Computing ML distances based on estimated model parameters...
Calculating distance matrix: done in 0.000219107 secs using 99.04% CPU
Computing ML distances took 0.000259 sec (of wall-clock time) 0.000265 sec (of CPU time)
Setting up auxiliary I and S matrices: done in 4.31538e-05 secs using 97.33% CPU
Computing RapidNJ tree took 0.000125 sec (of wall-clock time) 0.000125 sec (of CPU time)
Log-likelihood of RapidNJ tree: -1380.111
--------------------------------------------------------------------
|             INITIALIZING CANDIDATE TREE SET                      |
--------------------------------------------------------------------
Generating 99 parsimony trees... 0.094 second
Computing log-likelihood of 39 initial trees ... 0.017 seconds
Current best score: -1380.110

Do NNI search on 20 best initial trees
Estimate model parameters (epsilon = 0.100)
BETTER TREE FOUND at iteration 1: -1380.110
Iteration 10 / LogL: -1380.111 / Time: 0h:0m:1s
Iteration 20 / LogL: -1380.110 / Time: 0h:0m:1s
Finish initializing candidate tree set (1)
Current best tree score: -1380.110 / CPU time: 0.293
Number of iterations: 20
--------------------------------------------------------------------
|               OPTIMIZING CANDIDATE TREE SET                      |
--------------------------------------------------------------------
Iteration 30 / LogL: -1380.113 / Time: 0h:0m:1s (0h:0m:1s left)
Iteration 40 / LogL: -1380.110 / Time: 0h:0m:1s (0h:0m:1s left)
Iteration 50 / LogL: -1380.113 / Time: 0h:0m:1s (0h:0m:0s left)
Log-likelihood cutoff on original alignment: -1409.311
Iteration 60 / LogL: -1380.110 / Time: 0h:0m:1s (0h:0m:0s left)
Iteration 70 / LogL: -1380.111 / Time: 0h:0m:1s (0h:0m:0s left)
Iteration 80 / LogL: -1380.112 / Time: 0h:0m:1s (0h:0m:0s left)
Iteration 90 / LogL: -1380.110 / Time: 0h:0m:2s (0h:0m:0s left)
Iteration 100 / LogL: -1380.110 / Time: 0h:0m:2s (0h:0m:0s left)
Log-likelihood cutoff on original alignment: -1409.311
NOTE: Bootstrap correlation coefficient of split occurrence frequencies: 1.000
TREE SEARCH COMPLETED AFTER 102 ITERATIONS / Time: 0h:0m:2s

--------------------------------------------------------------------
|                    FINALIZING TREE SEARCH                        |
--------------------------------------------------------------------
Performs final model parameters optimization
Estimate model parameters (epsilon = 0.010)
1. Initial log-likelihood: -1380.110
Optimal log-likelihood: -1380.110
Rate parameters:  A-C: 1.00000  A-G: 3.16734  A-T: 1.00000  C-G: 1.00000  C-T: 3.16734  G-T: 1.00000
Base frequencies:  A: 0.250  C: 0.250  G: 0.250  T: 0.250
Parameters optimization took 1 rounds (0.000 sec)
BEST SCORE FOUND : -1380.110
Creating bootstrap support values...
Split supports printed to NEXUS file per_gene_alignments_codon/LOC101395746_.aln.splits.nex
Total tree length: 0.246

Total number of iterations: 102
CPU time used for tree search: 0.932 sec (0h:0m:0s)
Wall-clock time used for tree search: 1.254 sec (0h:0m:1s)
Total CPU time used: 1.208 sec (0h:0m:1s)
Total wall-clock time used: 2.179 sec (0h:0m:2s)

Computing bootstrap consensus tree...
Reading input file per_gene_alignments_codon/LOC101395746_.aln.splits.nex...
7 taxa and 17 splits.
Consensus tree written to per_gene_alignments_codon/LOC101395746_.aln.contree
Reading input trees file per_gene_alignments_codon/LOC101395746_.aln.contree
Log-likelihood of consensus tree: -1380.111

Analysis results written to: 
  IQ-TREE report:                per_gene_alignments_codon/LOC101395746_.aln.iqtree
  Maximum-likelihood tree:       per_gene_alignments_codon/LOC101395746_.aln.treefile
  Likelihood distances:          per_gene_alignments_codon/LOC101395746_.aln.mldist

Ultrafast bootstrap approximation results written to:
  Split support values:          per_gene_alignments_codon/LOC101395746_.aln.splits.nex
  Consensus tree:                per_gene_alignments_codon/LOC101395746_.aln.contree
  Screen log file:               per_gene_alignments_codon/LOC101395746_.aln.log

Date and Time: Thu Oct 30 21:30:56 2025
