IQ-TREE multicore version 2.3.3 COVID-edition for Linux x86 64-bit built Apr 25 2024
Developed by Bui Quang Minh, James Barbetti, Nguyen Lam Tung, Olga Chernomor,
Heiko Schmidt, Dominik Schrempf, Michael Woodhams, Ly Trong Nhan, Thomas Wong

Host:    morpheus-OptiPlex-5050 (AVX2, FMA3, 503 GB RAM)
Command: iqtree2 -s per_gene_alignments_codon/LOC101401668_.aln.fna -m MFP -T 1 -B 1000 --prefix per_gene_alignments_codon/LOC101401668_.aln
Seed:    402217 (Using SPRNG - Scalable Parallel Random Number Generator)
Time:    Thu Oct 30 21:34:57 2025
Kernel:  AVX+FMA - 1 threads (72 CPU cores detected)

HINT: Use -nt option to specify number of threads because your CPU has 72 cores!
HINT: -nt AUTO will automatically determine the best number of threads to use.

Reading alignment file per_gene_alignments_codon/LOC101401668_.aln.fna ... Fasta format detected
Reading fasta file: done in 0.000184059 secs using 49.44% CPU
Alignment most likely contains DNA/RNA sequences
Alignment has 7 sequences with 411 columns, 53 distinct patterns
40 parsimony-informative, 57 singleton sites, 314 constant sites
                     Gap/Ambiguity  Composition  p-value
Analyzing sequences: done in 1.38283e-05 secs using 43.39% CPU
   1  Ceratotherium_simum    0.00%    passed     87.16%
   2  Diceros_bicornis       0.00%    passed     89.09%
   3  Equus_asinus           0.00%    passed     97.83%
   4  Equus_quagga           0.00%    passed     95.98%
   5  Equus_caballus         0.00%    passed     95.98%
   6  Canis_lupus            0.00%    passed     24.31%
   7  Bos_taurus             0.00%    passed     86.82%
****  TOTAL                  0.00%  0 sequences failed composition chi2 test (p-value<5%; df=3)
NOTE: Equus_caballus is identical to Equus_quagga but kept for subsequent analysis


Create initial parsimony tree by phylogenetic likelihood library (PLL)... 0.000 seconds
Perform fast likelihood tree search using GTR+I+G model...
Estimate model parameters (epsilon = 5.000)
Perform nearest neighbor interchange...
Estimate model parameters (epsilon = 1.000)
1. Initial log-likelihood: -1070.102
Optimal log-likelihood: -1069.843
Rate parameters:  A-C: 2.09537  A-G: 2.42415  A-T: 0.07399  C-G: 0.29087  C-T: 4.95375  G-T: 1.00000
Base frequencies:  A: 0.151  C: 0.316  G: 0.376  T: 0.157
Proportion of invariable sites: 0.373
Gamma shape alpha: 0.843
Parameters optimization took 1 rounds (0.015 sec)
Time for fast ML tree search: 0.076 seconds

NOTE: ModelFinder requires 0 MB RAM!
ModelFinder will test up to 484 DNA models (sample size: 411) ...
 No. Model         -LnL         df  AIC          AICc         BIC
  1  GTR+F         1082.770     19  2203.539     2205.483     2279.893
  2  GTR+F+I       1069.218     20  2178.436     2180.590     2258.808
  3  GTR+F+G4      1069.697     20  2179.393     2181.547     2259.765
  4  GTR+F+I+G4    1069.814     21  2181.627     2184.003     2266.018
  5  GTR+F+R2      1070.869     21  2183.738     2186.113     2268.128
  6  GTR+F+R3      1070.106     23  2186.211     2189.064     2278.639
 14  GTR+F+I+R2    1069.563     22  2183.126     2185.735     2271.535
 15  GTR+F+I+R3    1069.478     24  2186.955     2190.064     2283.401
 24  SYM+I         1103.560     17  2241.120     2242.678     2309.437
 25  SYM+G4        1103.571     17  2241.143     2242.700     2309.459
 26  SYM+I+G4      1103.571     18  2243.142     2244.887     2315.477
 27  SYM+R2        1104.054     18  2244.108     2245.853     2316.443
 46  TVM+F+I       1071.243     19  2180.485     2182.429     2256.839
 47  TVM+F+G4      1071.637     19  2181.274     2183.218     2257.627
 48  TVM+F+I+G4    1071.817     20  2183.635     2185.789     2264.007
 49  TVM+F+R2      1072.819     20  2185.638     2187.792     2266.010
 68  TVMe+I        1105.570     16  2243.140     2244.521     2307.438
 69  TVMe+G4       1105.750     16  2243.499     2244.880     2307.797
 70  TVMe+I+G4     1105.730     17  2245.460     2247.017     2313.776
 71  TVMe+R2       1106.279     17  2246.558     2248.115     2314.874
 90  TIM3+F+I      1077.009     18  2190.017     2191.762     2262.352
 91  TIM3+F+G4     1077.601     18  2191.202     2192.947     2263.537
 92  TIM3+F+I+G4   1077.743     19  2193.487     2195.431     2269.840
 93  TIM3+F+R2     1078.852     19  2195.704     2197.648     2272.057
112  TIM3e+I       1106.710     15  2243.420     2244.635     2303.699
113  TIM3e+G4      1106.831     15  2243.662     2244.877     2303.941
114  TIM3e+I+G4    1106.815     16  2245.631     2247.011     2309.928
115  TIM3e+R2      1107.664     16  2247.328     2248.709     2311.625
134  TIM2+F+I      1072.655     18  2181.311     2183.056     2253.646
135  TIM2+F+G4     1072.921     18  2181.841     2183.586     2254.176
136  TIM2+F+I+G4   1072.997     19  2183.995     2185.938     2260.348
137  TIM2+F+R2     1074.279     19  2186.558     2188.501     2262.911
156  TIM2e+I       1107.351     15  2244.703     2245.918     2304.981
157  TIM2e+G4      1107.537     15  2245.073     2246.288     2305.352
158  TIM2e+I+G4    1107.521     16  2247.042     2248.423     2311.340
159  TIM2e+R2      1108.200     16  2248.400     2249.781     2312.698
178  TIM+F+I       1070.286     18  2176.572     2178.317     2248.906
179  TIM+F+G4      1071.093     18  2178.186     2179.931     2250.521
180  TIM+F+I+G4    1071.271     19  2180.542     2182.486     2256.896
181  TIM+F+R2      1072.528     19  2183.056     2185.000     2259.410
200  TIMe+I        1105.881     15  2241.761     2242.976     2302.040
201  TIMe+G4       1106.051     15  2242.101     2243.316     2302.380
202  TIMe+I+G4     1106.035     16  2244.070     2245.450     2308.367
203  TIMe+R2       1106.754     16  2245.509     2246.889     2309.806
222  TPM3u+F+I     1079.365     17  2192.730     2194.288     2261.047
223  TPM3u+F+G4    1079.912     17  2193.823     2195.380     2262.139
224  TPM3u+F+I+G4  1080.144     18  2196.287     2198.032     2268.622
225  TPM3u+F+R2    1081.182     18  2198.363     2200.108     2270.698
244  TPM3+I        1108.642     14  2245.285     2246.345     2301.545
245  TPM3+G4       1108.927     14  2245.855     2246.915     2302.115
246  TPM3+I+G4     1108.908     15  2247.815     2249.030     2308.094
247  TPM3+R2       1109.640     15  2249.281     2250.496     2309.560
266  TPM2u+F+I     1074.423     17  2182.847     2184.404     2251.163
267  TPM2u+F+G4    1074.514     17  2183.028     2184.585     2251.344
268  TPM2u+F+I+G4  1074.687     18  2185.374     2187.118     2257.708
269  TPM2u+F+R2    1075.978     18  2187.957     2189.702     2260.291
288  TPM2+I        1109.220     14  2246.441     2247.502     2302.701
289  TPM2+G4       1109.531     14  2247.063     2248.124     2303.323
290  TPM2+I+G4     1109.536     15  2249.072     2250.288     2309.351
291  TPM2+R2       1110.386     15  2250.772     2251.987     2311.051
310  K3Pu+F+I      1072.805     17  2179.609     2181.167     2247.925
311  K3Pu+F+G4     1073.456     17  2180.911     2182.469     2249.228
312  K3Pu+F+I+G4   1073.739     18  2183.478     2185.223     2255.812
313  K3Pu+F+R2     1074.901     18  2185.802     2187.547     2258.137
332  K3P+I         1107.746     14  2243.492     2244.552     2299.752
333  K3P+G4        1108.026     14  2244.052     2245.113     2300.313
334  K3P+I+G4      1108.027     15  2246.053     2247.268     2306.332
335  K3P+R2        1108.866     15  2247.731     2248.946     2308.010
354  TN+F+I        1077.060     17  2188.119     2189.676     2256.435
355  TN+F+G4       1077.603     17  2189.207     2190.764     2257.523
356  TN+F+I+G4     1077.749     18  2191.497     2193.242     2263.832
357  TN+F+R2       1078.923     18  2193.845     2195.590     2266.180
376  TNe+I         1107.894     14  2243.789     2244.849     2300.049
377  TNe+G4        1108.118     14  2244.235     2245.296     2300.496
378  TNe+I+G4      1108.103     15  2246.206     2247.421     2306.484
379  TNe+R2        1109.031     15  2248.062     2249.277     2308.341
398  HKY+F+I       1079.381     16  2190.762     2192.142     2255.059
399  HKY+F+G4      1079.913     16  2191.825     2193.206     2256.123
400  HKY+F+I+G4    1080.143     17  2194.286     2195.843     2262.602
401  HKY+F+R2      1081.167     17  2196.334     2197.891     2264.650
420  K2P+I         1109.742     13  2245.485     2246.401     2297.726
421  K2P+G4        1110.085     13  2246.170     2247.087     2298.412
422  K2P+I+G4      1110.089     14  2248.178     2249.239     2304.438
423  K2P+R2        1110.913     14  2249.826     2250.887     2306.087
442  F81+F+I       1104.694     15  2239.387     2240.602     2299.666
443  F81+F+G4      1105.049     15  2240.097     2241.312     2300.376
444  F81+F+I+G4    1105.099     16  2242.198     2243.578     2306.495
445  F81+F+R2      1105.823     16  2243.647     2245.027     2307.944
464  JC+I          1125.875     12  2275.750     2276.534     2323.974
465  JC+G4         1126.235     12  2276.469     2277.253     2324.693
466  JC+I+G4       1126.234     13  2278.468     2279.385     2330.710
467  JC+R2         1127.062     13  2280.123     2281.040     2332.365
Akaike Information Criterion:           TIM+F+I
Corrected Akaike Information Criterion: TIM+F+I
Bayesian Information Criterion:         K3Pu+F+I
Best-fit model: K3Pu+F+I chosen according to BIC

All model information printed to per_gene_alignments_codon/LOC101401668_.aln.model.gz
CPU time for ModelFinder: 0.869 seconds (0h:0m:0s)
Wall-clock time for ModelFinder: 1.282 seconds (0h:0m:1s)
Generating 1000 samples for ultrafast bootstrap (seed: 402217)...

NOTE: 0 MB RAM (0 GB) is required!
Estimate model parameters (epsilon = 0.100)
1. Initial log-likelihood: -1072.805
Optimal log-likelihood: -1072.805
Rate parameters:  A-C: 1.00000  A-G: 2.43412  A-T: 0.15015  C-G: 0.15015  C-T: 2.43412  G-T: 1.00000
Base frequencies:  A: 0.151  C: 0.316  G: 0.376  T: 0.157
Proportion of invariable sites: 0.628
Parameters optimization took 1 rounds (0.001 sec)
Wrote distance file to... 
Computing ML distances based on estimated model parameters...
Calculating distance matrix: done in 0.000189066 secs using 98.91% CPU
Computing ML distances took 0.000232 sec (of wall-clock time) 0.000239 sec (of CPU time)
Setting up auxiliary I and S matrices: done in 5.50747e-05 secs using 196.1% CPU
Computing RapidNJ tree took 0.000154 sec (of wall-clock time) 0.000304 sec (of CPU time)
Log-likelihood of RapidNJ tree: -1072.806
--------------------------------------------------------------------
|             INITIALIZING CANDIDATE TREE SET                      |
--------------------------------------------------------------------
Generating 98 parsimony trees... 0.064 second
Computing log-likelihood of 44 initial trees ... 0.010 seconds
Current best score: -1072.805

Do NNI search on 20 best initial trees
Estimate model parameters (epsilon = 0.100)
BETTER TREE FOUND at iteration 1: -1072.805
UPDATE BEST LOG-LIKELIHOOD: -1072.805
Iteration 10 / LogL: -1072.807 / Time: 0h:0m:1s
UPDATE BEST LOG-LIKELIHOOD: -1072.805
UPDATE BEST LOG-LIKELIHOOD: -1072.805
UPDATE BEST LOG-LIKELIHOOD: -1072.805
Iteration 20 / LogL: -1072.805 / Time: 0h:0m:1s
Finish initializing candidate tree set (1)
Current best tree score: -1072.805 / CPU time: 0.219
Number of iterations: 20
--------------------------------------------------------------------
|               OPTIMIZING CANDIDATE TREE SET                      |
--------------------------------------------------------------------
UPDATE BEST LOG-LIKELIHOOD: -1072.805
UPDATE BEST LOG-LIKELIHOOD: -1072.805
Iteration 30 / LogL: -1072.805 / Time: 0h:0m:1s (0h:0m:1s left)
WARNING: NNI search needs unusual large number of steps (7) to converge!
UPDATE BEST LOG-LIKELIHOOD: -1072.805
Iteration 40 / LogL: -1072.805 / Time: 0h:0m:1s (0h:0m:0s left)
UPDATE BEST LOG-LIKELIHOOD: -1072.805
Iteration 50 / LogL: -1072.811 / Time: 0h:0m:2s (0h:0m:0s left)
Log-likelihood cutoff on original alignment: -1089.013
Iteration 60 / LogL: -1072.805 / Time: 0h:0m:2s (0h:0m:0s left)
Iteration 70 / LogL: -1085.051 / Time: 0h:0m:2s (0h:0m:0s left)
UPDATE BEST LOG-LIKELIHOOD: -1072.805
Iteration 80 / LogL: -1072.805 / Time: 0h:0m:2s (0h:0m:0s left)
Iteration 90 / LogL: -1085.051 / Time: 0h:0m:2s (0h:0m:0s left)
Iteration 100 / LogL: -1072.805 / Time: 0h:0m:2s (0h:0m:0s left)
Log-likelihood cutoff on original alignment: -1089.013
NOTE: Bootstrap correlation coefficient of split occurrence frequencies: 0.998
UPDATE BEST LOG-LIKELIHOOD: -1072.805
TREE SEARCH COMPLETED AFTER 102 ITERATIONS / Time: 0h:0m:3s

--------------------------------------------------------------------
|                    FINALIZING TREE SEARCH                        |
--------------------------------------------------------------------
Performs final model parameters optimization
Estimate model parameters (epsilon = 0.010)
1. Initial log-likelihood: -1072.805
Optimal log-likelihood: -1072.805
Rate parameters:  A-C: 1.00000  A-G: 2.43418  A-T: 0.14999  C-G: 0.14999  C-T: 2.43418  G-T: 1.00000
Base frequencies:  A: 0.151  C: 0.316  G: 0.376  T: 0.157
Proportion of invariable sites: 0.628
Parameters optimization took 1 rounds (0.001 sec)
BEST SCORE FOUND : -1072.805
Creating bootstrap support values...
Split supports printed to NEXUS file per_gene_alignments_codon/LOC101401668_.aln.splits.nex
Total tree length: 0.441

Total number of iterations: 102
CPU time used for tree search: 1.004 sec (0h:0m:1s)
Wall-clock time used for tree search: 1.663 sec (0h:0m:1s)
Total CPU time used: 1.934 sec (0h:0m:1s)
Total wall-clock time used: 3.080 sec (0h:0m:3s)

Computing bootstrap consensus tree...
Reading input file per_gene_alignments_codon/LOC101401668_.aln.splits.nex...
7 taxa and 22 splits.
Consensus tree written to per_gene_alignments_codon/LOC101401668_.aln.contree
Reading input trees file per_gene_alignments_codon/LOC101401668_.aln.contree
Log-likelihood of consensus tree: -1072.806

Analysis results written to: 
  IQ-TREE report:                per_gene_alignments_codon/LOC101401668_.aln.iqtree
  Maximum-likelihood tree:       per_gene_alignments_codon/LOC101401668_.aln.treefile
  Likelihood distances:          per_gene_alignments_codon/LOC101401668_.aln.mldist

Ultrafast bootstrap approximation results written to:
  Split support values:          per_gene_alignments_codon/LOC101401668_.aln.splits.nex
  Consensus tree:                per_gene_alignments_codon/LOC101401668_.aln.contree
  Screen log file:               per_gene_alignments_codon/LOC101401668_.aln.log

Date and Time: Thu Oct 30 21:35:01 2025
