IQ-TREE multicore version 2.3.3 COVID-edition for Linux x86 64-bit built Apr 25 2024
Developed by Bui Quang Minh, James Barbetti, Nguyen Lam Tung, Olga Chernomor,
Heiko Schmidt, Dominik Schrempf, Michael Woodhams, Ly Trong Nhan, Thomas Wong

Host:    morpheus-OptiPlex-5050 (AVX2, FMA3, 503 GB RAM)
Command: iqtree2 -s per_gene_alignments_codon/LOC101403821_.aln.fna -m MFP -T 1 -B 1000 --prefix per_gene_alignments_codon/LOC101403821_.aln
Seed:    883298 (Using SPRNG - Scalable Parallel Random Number Generator)
Time:    Thu Oct 30 21:36:26 2025
Kernel:  AVX+FMA - 1 threads (72 CPU cores detected)

HINT: Use -nt option to specify number of threads because your CPU has 72 cores!
HINT: -nt AUTO will automatically determine the best number of threads to use.

Reading alignment file per_gene_alignments_codon/LOC101403821_.aln.fna ... Fasta format detected
Reading fasta file: done in 0.00105405 secs
Alignment most likely contains DNA/RNA sequences
Alignment has 7 sequences with 3948 columns, 155 distinct patterns
275 parsimony-informative, 340 singleton sites, 3333 constant sites
                     Gap/Ambiguity  Composition  p-value
Analyzing sequences: done in 2.28882e-05 secs using 91.75% CPU
   1  Ceratotherium_simum    0.08%    passed     88.51%
   2  Diceros_bicornis       0.08%    passed     81.37%
   3  Equus_asinus           0.00%    passed     97.14%
   4  Equus_quagga           0.00%    passed     98.06%
   5  Equus_caballus         0.00%    passed     99.23%
   6  Canis_lupus            0.00%    passed     94.39%
   7  Bos_taurus             0.61%    passed     99.24%
****  TOTAL                  0.11%  0 sequences failed composition chi2 test (p-value<5%; df=3)


Create initial parsimony tree by phylogenetic likelihood library (PLL)... 0.000 seconds
Perform fast likelihood tree search using GTR+I+G model...
Estimate model parameters (epsilon = 5.000)
Perform nearest neighbor interchange...
Estimate model parameters (epsilon = 1.000)
1. Initial log-likelihood: -8909.494
Optimal log-likelihood: -8909.289
Rate parameters:  A-C: 0.69774  A-G: 3.72256  A-T: 1.01362  C-G: 0.58269  C-T: 7.45108  G-T: 1.00000
Base frequencies:  A: 0.199  C: 0.328  G: 0.331  T: 0.141
Proportion of invariable sites: 0.415
Gamma shape alpha: 0.553
Parameters optimization took 1 rounds (0.037 sec)
Time for fast ML tree search: 0.095 seconds

NOTE: ModelFinder requires 0 MB RAM!
ModelFinder will test up to 484 DNA models (sample size: 3948) ...
 No. Model         -LnL         df  AIC          AICc         BIC
  1  GTR+F         8991.312     19  18020.625    18020.818    18139.963
  2  GTR+F+I       8910.022     20  17860.044    17860.258    17985.663
  3  GTR+F+G4      8909.537     20  17859.075    17859.289    17984.694
  4  GTR+F+I+G4    8909.251     21  17860.503    17860.738    17992.403
  5  GTR+F+R2      8910.117     21  17862.234    17862.469    17994.134
  6  GTR+F+R3      8909.687     23  17865.374    17865.655    18009.836
 14  GTR+F+I+R2    8909.599     22  17863.198    17863.456    18001.379
 15  GTR+F+I+R3    8909.312     24  17866.624    17866.930    18017.367
 24  SYM+I         9163.779     17  18361.558    18361.714    18468.335
 25  SYM+G4        9163.273     17  18360.546    18360.701    18467.322
 26  SYM+I+G4      9162.975     18  18361.951    18362.125    18475.008
 27  SYM+R2        9164.052     18  18364.104    18364.278    18477.162
 46  TVM+F+I       8924.436     19  17886.872    17887.066    18006.210
 47  TVM+F+G4      8924.744     19  17887.488    17887.682    18006.826
 48  TVM+F+I+G4    8925.875     20  17891.750    17891.964    18017.369
 49  TVM+F+R2      8924.641     20  17889.282    17889.496    18014.901
 68  TVMe+I        9167.527     16  18367.054    18367.192    18467.550
 69  TVMe+G4       9167.442     16  18366.884    18367.023    18467.380
 70  TVMe+I+G4     9167.479     17  18368.957    18369.113    18475.734
 71  TVMe+R2       9167.773     17  18369.546    18369.701    18476.322
 90  TIM3+F+I      8910.398     18  17856.796    17856.971    17969.854
 91  TIM3+F+G4     8909.888     18  17855.775    17855.949    17968.833
 92  TIM3+F+I+G4   8909.566     19  17857.131    17857.325    17976.469
 93  TIM3+F+R2     8910.508     19  17859.016    17859.210    17978.355
112  TIM3e+I       9164.854     15  18359.708    18359.830    18453.922
113  TIM3e+G4      9164.371     15  18358.742    18358.864    18452.956
114  TIM3e+I+G4    9164.119     16  18360.238    18360.376    18460.733
115  TIM3e+R2      9165.056     16  18362.111    18362.250    18462.607
134  TIM2+F+I      8912.640     18  17861.281    17861.455    17974.338
135  TIM2+F+G4     8912.227     18  17860.455    17860.629    17973.512
136  TIM2+F+I+G4   8911.983     19  17861.966    17862.160    17981.305
137  TIM2+F+R2     8912.737     19  17863.475    17863.668    17982.813
156  TIM2e+I       9165.071     15  18360.143    18360.265    18454.357
157  TIM2e+G4      9164.689     15  18359.377    18359.499    18453.592
158  TIM2e+I+G4    9164.445     16  18360.889    18361.028    18461.385
159  TIM2e+R2      9165.296     16  18362.592    18362.730    18463.087
178  TIM+F+I       8912.074     18  17860.148    17860.323    17973.206
179  TIM+F+G4      8911.706     18  17859.411    17859.585    17972.468
180  TIM+F+I+G4    8911.539     19  17861.077    17861.271    17980.416
181  TIM+F+R2      8912.178     19  17862.357    17862.550    17981.695
200  TIMe+I        9165.834     15  18361.668    18361.790    18455.882
201  TIMe+G4       9165.430     15  18360.860    18360.982    18455.074
202  TIMe+I+G4     9165.163     16  18362.327    18362.465    18462.822
203  TIMe+R2       9166.040     16  18364.080    18364.218    18464.576
222  TPM3u+F+I     8924.924     17  17883.849    17884.005    17990.625
223  TPM3u+F+G4    8925.207     17  17884.414    17884.570    17991.191
224  TPM3u+F+I+G4  8926.264     18  17888.528    17888.702    18001.585
225  TPM3u+F+R2    8925.125     18  17886.251    17886.425    17999.308
244  TPM3+I        9168.684     14  18365.369    18365.476    18453.302
245  TPM3+G4       9168.622     14  18365.245    18365.351    18453.178
246  TPM3+I+G4     9168.688     15  18367.377    18367.499    18461.591
247  TPM3+R2       9168.943     15  18367.887    18368.009    18462.101
266  TPM2u+F+I     8926.758     17  17887.517    17887.672    17994.293
267  TPM2u+F+G4    8927.075     17  17888.150    17888.306    17994.927
268  TPM2u+F+I+G4  8928.184     18  17892.369    17892.543    18005.426
269  TPM2u+F+R2    8926.990     18  17889.979    17890.154    18003.037
288  TPM2+I        9168.711     14  18365.421    18365.528    18453.355
289  TPM2+G4       9168.699     14  18365.398    18365.505    18453.332
290  TPM2+I+G4     9168.813     15  18367.625    18367.748    18461.840
291  TPM2+R2       9168.993     15  18367.987    18368.109    18462.201
310  K3Pu+F+I      8926.261     17  17886.522    17886.677    17993.298
311  K3Pu+F+G4     8926.604     17  17887.207    17887.363    17993.983
312  K3Pu+F+I+G4   8927.801     18  17891.601    17891.776    18004.659
313  K3Pu+F+R2     8926.495     18  17888.990    17889.164    18002.047
332  K3P+I         9169.506     14  18367.013    18367.120    18454.946
333  K3P+G4        9169.498     14  18366.996    18367.103    18454.929
334  K3P+I+G4      9169.607     15  18369.214    18369.337    18463.429
335  K3P+R2        9169.792     15  18369.585    18369.707    18463.799
354  TN+F+I        8912.937     17  17859.875    17860.030    17966.651
355  TN+F+G4       8912.517     17  17859.034    17859.189    17965.810
356  TN+F+I+G4     8912.253     18  17860.506    17860.680    17973.564
357  TN+F+R2       8913.022     18  17862.044    17862.218    17975.101
376  TNe+I         9166.087     14  18360.175    18360.282    18448.108
377  TNe+G4        9165.709     14  18359.417    18359.524    18447.351
378  TNe+I+G4      9165.500     15  18361.001    18361.123    18455.215
379  TNe+R2        9166.305     15  18362.610    18362.732    18456.824
398  HKY+F+I       8927.171     16  17886.342    17886.480    17986.837
399  HKY+F+G4      8927.470     16  17886.940    17887.079    17987.436
400  HKY+F+I+G4    8928.521     17  17891.043    17891.198    17997.819
401  HKY+F+R2      8927.396     17  17888.792    17888.948    17995.568
420  K2P+I         9169.784     13  18365.568    18365.661    18447.221
421  K2P+G4        9169.809     13  18365.617    18365.710    18447.270
422  K2P+I+G4      9169.953     14  18367.907    18368.013    18455.840
423  K2P+R2        9170.062     14  18368.124    18368.231    18456.058
442  F81+F+I       9196.406     15  18422.812    18422.934    18517.026
443  F81+F+G4      9196.825     15  18423.651    18423.773    18517.865
444  F81+F+I+G4    9197.142     16  18426.284    18426.422    18526.779
445  F81+F+R2      9196.754     16  18425.508    18425.647    18526.004
464  JC+I          9391.249     12  18806.499    18806.578    18881.870
465  JC+G4         9391.541     12  18807.083    18807.162    18882.454
466  JC+I+G4       9391.748     13  18809.495    18809.588    18891.148
467  JC+R2         9391.619     13  18809.237    18809.330    18890.890
Akaike Information Criterion:           TIM3+F+G4
Corrected Akaike Information Criterion: TIM3+F+G4
Bayesian Information Criterion:         TN+F+G4
Best-fit model: TN+F+G4 chosen according to BIC

All model information printed to per_gene_alignments_codon/LOC101403821_.aln.model.gz
CPU time for ModelFinder: 1.995 seconds (0h:0m:1s)
Wall-clock time for ModelFinder: 3.152 seconds (0h:0m:3s)
Generating 1000 samples for ultrafast bootstrap (seed: 883298)...

NOTE: 0 MB RAM (0 GB) is required!
Estimate model parameters (epsilon = 0.100)
1. Initial log-likelihood: -8912.517
Optimal log-likelihood: -8912.514
Rate parameters:  A-C: 1.00000  A-G: 5.12026  A-T: 1.00000  C-G: 1.00000  C-T: 9.95461  G-T: 1.00000
Base frequencies:  A: 0.199  C: 0.328  G: 0.331  T: 0.141
Gamma shape alpha: 0.168
Parameters optimization took 1 rounds (0.003 sec)
Wrote distance file to... 
Computing ML distances based on estimated model parameters...
Calculating distance matrix: done in 0.000650883 secs using 99.71% CPU
Computing ML distances took 0.000730 sec (of wall-clock time) 0.000736 sec (of CPU time)
Setting up auxiliary I and S matrices: done in 5.48363e-05 secs using 202.4% CPU
Computing RapidNJ tree took 0.000144 sec (of wall-clock time) 0.000287 sec (of CPU time)
Log-likelihood of RapidNJ tree: -8912.514
--------------------------------------------------------------------
|             INITIALIZING CANDIDATE TREE SET                      |
--------------------------------------------------------------------
Generating 99 parsimony trees... 0.101 second
Computing log-likelihood of 42 initial trees ... 0.045 seconds
Current best score: -8912.514

Do NNI search on 20 best initial trees
Estimate model parameters (epsilon = 0.100)
BETTER TREE FOUND at iteration 1: -8912.514
UPDATE BEST LOG-LIKELIHOOD: -8912.510
Iteration 10 / LogL: -8912.525 / Time: 0h:0m:3s
UPDATE BEST LOG-LIKELIHOOD: -8912.504
UPDATE BEST LOG-LIKELIHOOD: -8912.503
UPDATE BEST LOG-LIKELIHOOD: -8912.503
Iteration 20 / LogL: -8912.503 / Time: 0h:0m:3s
Finish initializing candidate tree set (2)
Current best tree score: -8912.503 / CPU time: 0.431
Number of iterations: 20
--------------------------------------------------------------------
|               OPTIMIZING CANDIDATE TREE SET                      |
--------------------------------------------------------------------
Iteration 30 / LogL: -8912.514 / Time: 0h:0m:3s (0h:0m:1s left)
Iteration 40 / LogL: -8912.514 / Time: 0h:0m:4s (0h:0m:1s left)
UPDATE BEST LOG-LIKELIHOOD: -8912.503
Iteration 50 / LogL: -8912.503 / Time: 0h:0m:4s (0h:0m:1s left)
Log-likelihood cutoff on original alignment: -8927.621
UPDATE BEST LOG-LIKELIHOOD: -8912.503
Iteration 60 / LogL: -8912.537 / Time: 0h:0m:4s (0h:0m:0s left)
Iteration 70 / LogL: -8912.537 / Time: 0h:0m:4s (0h:0m:0s left)
Iteration 80 / LogL: -8912.503 / Time: 0h:0m:5s (0h:0m:0s left)
Iteration 90 / LogL: -8912.504 / Time: 0h:0m:5s (0h:0m:0s left)
UPDATE BEST LOG-LIKELIHOOD: -8912.503
Iteration 100 / LogL: -8912.519 / Time: 0h:0m:5s (0h:0m:0s left)
Log-likelihood cutoff on original alignment: -8927.068
NOTE: Bootstrap correlation coefficient of split occurrence frequencies: 1.000
TREE SEARCH COMPLETED AFTER 102 ITERATIONS / Time: 0h:0m:5s

--------------------------------------------------------------------
|                    FINALIZING TREE SEARCH                        |
--------------------------------------------------------------------
Performs final model parameters optimization
Estimate model parameters (epsilon = 0.010)
1. Initial log-likelihood: -8912.503
Optimal log-likelihood: -8912.500
Rate parameters:  A-C: 1.00000  A-G: 5.10343  A-T: 1.00000  C-G: 1.00000  C-T: 9.91869  G-T: 1.00000
Base frequencies:  A: 0.199  C: 0.328  G: 0.331  T: 0.141
Gamma shape alpha: 0.167
Parameters optimization took 1 rounds (0.002 sec)
BEST SCORE FOUND : -8912.500
Creating bootstrap support values...
Split supports printed to NEXUS file per_gene_alignments_codon/LOC101403821_.aln.splits.nex
Total tree length: 0.247

Total number of iterations: 102
CPU time used for tree search: 1.523 sec (0h:0m:1s)
Wall-clock time used for tree search: 2.518 sec (0h:0m:2s)
Total CPU time used: 3.597 sec (0h:0m:3s)
Total wall-clock time used: 5.797 sec (0h:0m:5s)

Computing bootstrap consensus tree...
Reading input file per_gene_alignments_codon/LOC101403821_.aln.splits.nex...
7 taxa and 15 splits.
Consensus tree written to per_gene_alignments_codon/LOC101403821_.aln.contree
Reading input trees file per_gene_alignments_codon/LOC101403821_.aln.contree
Log-likelihood of consensus tree: -8912.500

Analysis results written to: 
  IQ-TREE report:                per_gene_alignments_codon/LOC101403821_.aln.iqtree
  Maximum-likelihood tree:       per_gene_alignments_codon/LOC101403821_.aln.treefile
  Likelihood distances:          per_gene_alignments_codon/LOC101403821_.aln.mldist

Ultrafast bootstrap approximation results written to:
  Split support values:          per_gene_alignments_codon/LOC101403821_.aln.splits.nex
  Consensus tree:                per_gene_alignments_codon/LOC101403821_.aln.contree
  Screen log file:               per_gene_alignments_codon/LOC101403821_.aln.log

Date and Time: Thu Oct 30 21:36:33 2025
