IQ-TREE multicore version 2.3.3 COVID-edition for Linux x86 64-bit built Apr 25 2024
Developed by Bui Quang Minh, James Barbetti, Nguyen Lam Tung, Olga Chernomor,
Heiko Schmidt, Dominik Schrempf, Michael Woodhams, Ly Trong Nhan, Thomas Wong

Host:    morpheus-OptiPlex-5050 (AVX2, FMA3, 503 GB RAM)
Command: iqtree2 -s per_gene_alignments_codon/LOC101387328_.aln.fna -m MFP -T 1 -B 1000 --prefix per_gene_alignments_codon/LOC101387328_.aln
Seed:    190635 (Using SPRNG - Scalable Parallel Random Number Generator)
Time:    Thu Oct 30 21:25:01 2025
Kernel:  AVX+FMA - 1 threads (72 CPU cores detected)

HINT: Use -nt option to specify number of threads because your CPU has 72 cores!
HINT: -nt AUTO will automatically determine the best number of threads to use.

Reading alignment file per_gene_alignments_codon/LOC101387328_.aln.fna ... Fasta format detected
Reading fasta file: done in 0.000379086 secs
Alignment most likely contains DNA/RNA sequences
Alignment has 7 sequences with 1185 columns, 174 distinct patterns
130 parsimony-informative, 133 singleton sites, 922 constant sites
                     Gap/Ambiguity  Composition  p-value
Analyzing sequences: done in 1.69277e-05 secs
   1  Ceratotherium_simum    7.09%    passed     90.64%
   2  Diceros_bicornis       2.28%    passed     95.52%
   3  Equus_asinus           0.00%    passed     95.37%
   4  Equus_quagga           0.00%    passed     96.28%
   5  Equus_caballus         0.00%    passed     95.50%
   6  Canis_lupus            5.57%    passed     99.82%
   7  Bos_taurus             3.04%    passed     74.05%
****  TOTAL                  2.57%  0 sequences failed composition chi2 test (p-value<5%; df=3)


Create initial parsimony tree by phylogenetic likelihood library (PLL)... 0.000 seconds
Perform fast likelihood tree search using GTR+I+G model...
Estimate model parameters (epsilon = 5.000)
Perform nearest neighbor interchange...
Estimate model parameters (epsilon = 1.000)
1. Initial log-likelihood: -3117.235
Optimal log-likelihood: -3117.080
Rate parameters:  A-C: 0.54542  A-G: 1.85440  A-T: 0.81167  C-G: 0.59624  C-T: 3.39948  G-T: 1.00000
Base frequencies:  A: 0.286  C: 0.266  G: 0.241  T: 0.207
Proportion of invariable sites: 0.381
Gamma shape alpha: 0.489
Parameters optimization took 1 rounds (0.006 sec)
Time for fast ML tree search: 0.059 seconds

NOTE: ModelFinder requires 1 MB RAM!
ModelFinder will test up to 484 DNA models (sample size: 1185) ...
 No. Model         -LnL         df  AIC          AICc         BIC
  1  GTR+F         3169.603     19  6377.205     6377.858     6473.678
  2  GTR+F+I       3117.686     20  6275.372     6276.093     6376.922
  3  GTR+F+G4      3117.289     20  6274.578     6275.300     6376.128
  4  GTR+F+I+G4    3117.049     21  6276.098     6276.893     6382.726
  5  GTR+F+R2      3117.602     21  6277.204     6277.999     6383.832
  6  GTR+F+R3      3117.356     23  6280.711     6281.662     6397.494
 14  GTR+F+I+R2    3117.370     22  6278.741     6279.611     6390.446
 15  GTR+F+I+R3    3117.130     24  6282.260     6283.294     6404.120
 24  SYM+I         3126.039     17  6286.078     6286.602     6372.395
 25  SYM+G4        3125.858     17  6285.717     6286.241     6372.034
 26  SYM+I+G4      3125.762     18  6287.524     6288.111     6378.919
 27  SYM+R2        3126.033     18  6288.065     6288.652     6379.460
 46  TVM+F+I       3121.357     19  6280.714     6281.367     6377.187
 47  TVM+F+G4      3121.051     19  6280.102     6280.754     6376.574
 48  TVM+F+I+G4    3120.951     20  6281.903     6282.624     6383.453
 49  TVM+F+R2      3121.326     20  6282.651     6283.373     6384.201
 68  TVMe+I        3127.984     16  6287.968     6288.433     6369.208
 69  TVMe+G4       3127.835     16  6287.669     6288.135     6368.909
 70  TVMe+I+G4     3127.834     17  6289.669     6290.193     6375.986
 71  TVMe+R2       3127.981     17  6289.961     6290.486     6376.279
 90  TIM3+F+I      3117.857     18  6271.713     6272.300     6363.108
 91  TIM3+F+G4     3117.503     18  6271.007     6271.594     6362.402
 92  TIM3+F+I+G4   3117.300     19  6272.599     6273.252     6369.072
 93  TIM3+F+R2     3117.786     19  6273.572     6274.224     6370.044
112  TIM3e+I       3126.068     15  6282.135     6282.546     6358.297
113  TIM3e+G4      3125.893     15  6281.786     6282.197     6357.949
114  TIM3e+I+G4    3125.803     16  6283.606     6284.072     6364.846
115  TIM3e+R2      3126.061     16  6284.122     6284.588     6365.362
134  TIM2+F+I      3118.858     18  6273.716     6274.303     6365.111
135  TIM2+F+G4     3118.579     18  6273.158     6273.745     6364.553
136  TIM2+F+I+G4   3118.404     19  6274.809     6275.461     6371.281
137  TIM2+F+R2     3118.815     19  6275.631     6276.283     6372.103
156  TIM2e+I       3126.318     15  6282.635     6283.046     6358.798
157  TIM2e+G4      3126.151     15  6282.302     6282.713     6358.465
158  TIM2e+I+G4    3126.060     16  6284.121     6284.586     6365.361
159  TIM2e+R2      3126.317     16  6284.634     6285.100     6365.874
178  TIM+F+I       3119.007     18  6274.014     6274.601     6365.409
179  TIM+F+G4      3118.761     18  6273.522     6274.108     6364.916
180  TIM+F+I+G4    3118.611     19  6275.222     6275.875     6371.695
181  TIM+F+R2      3118.977     19  6275.954     6276.607     6372.427
200  TIMe+I        3126.291     15  6282.582     6282.992     6358.744
201  TIMe+G4       3126.121     15  6282.242     6282.653     6358.405
202  TIMe+I+G4     3126.031     16  6284.062     6284.528     6365.302
203  TIMe+R2       3126.291     16  6284.583     6285.048     6365.823
222  TPM3u+F+I     3121.585     17  6277.171     6277.695     6363.488
223  TPM3u+F+G4    3121.339     17  6276.678     6277.202     6362.995
224  TPM3u+F+I+G4  3121.286     18  6278.572     6279.158     6369.967
225  TPM3u+F+R2    3121.565     18  6279.129     6279.716     6370.524
244  TPM3+I        3128.018     14  6284.036     6284.395     6355.121
245  TPM3+G4       3127.876     14  6283.753     6284.112     6354.838
246  TPM3+I+G4     3127.887     15  6285.773     6286.184     6361.936
247  TPM3+R2       3128.018     15  6286.037     6286.447     6362.199
266  TPM2u+F+I     3122.490     17  6278.980     6279.504     6365.297
267  TPM2u+F+G4    3122.242     17  6278.483     6279.008     6364.801
268  TPM2u+F+I+G4  3122.186     18  6280.372     6280.959     6371.767
269  TPM2u+F+R2    3122.472     18  6280.944     6281.531     6372.339
288  TPM2+I        3128.279     14  6284.557     6284.916     6355.642
289  TPM2+G4       3128.141     14  6284.282     6284.641     6355.367
290  TPM2+I+G4     3128.150     15  6286.300     6286.710     6362.462
291  TPM2+R2       3128.283     15  6286.566     6286.977     6362.729
310  K3Pu+F+I      3122.695     17  6279.390     6279.915     6365.708
311  K3Pu+F+G4     3122.494     17  6278.987     6279.512     6365.305
312  K3Pu+F+I+G4   3122.469     18  6280.939     6281.525     6372.334
313  K3Pu+F+R2     3122.686     18  6281.372     6281.959     6372.767
332  K3P+I         3128.246     14  6284.492     6284.851     6355.577
333  K3P+G4        3128.106     14  6284.212     6284.571     6355.297
334  K3P+I+G4      3128.117     15  6286.234     6286.645     6362.397
335  K3P+R2        3128.250     15  6286.500     6286.911     6362.663
354  TN+F+I        3119.013     17  6272.025     6272.549     6358.343
355  TN+F+G4       3118.765     17  6271.530     6272.054     6357.847
356  TN+F+I+G4     3118.616     18  6273.232     6273.819     6364.627
357  TN+F+R2       3118.976     18  6273.951     6274.538     6365.346
376  TNe+I         3126.316     14  6280.632     6280.991     6351.717
377  TNe+G4        3126.150     14  6280.299     6280.658     6351.384
378  TNe+I+G4      3126.064     15  6282.128     6282.539     6358.290
379  TNe+R2        3126.306     15  6282.612     6283.023     6358.775
398  HKY+F+I       3122.699     16  6277.398     6277.864     6358.638
399  HKY+F+G4      3122.500     16  6277.001     6277.467     6358.241
400  HKY+F+I+G4    3122.475     17  6278.950     6279.474     6365.267
401  HKY+F+R2      3122.687     17  6279.373     6279.898     6365.691
420  K2P+I         3128.277     13  6282.555     6282.866     6348.562
421  K2P+G4        3128.145     13  6282.290     6282.601     6348.298
422  K2P+I+G4      3128.154     14  6284.307     6284.666     6355.392
423  K2P+R2        3128.278     14  6284.557     6284.916     6355.642
442  F81+F+I       3164.066     15  6358.131     6358.542     6434.294
443  F81+F+G4      3164.303     15  6358.606     6359.017     6434.769
444  F81+F+I+G4    3164.640     16  6361.279     6361.745     6442.519
445  F81+F+R2      3164.112     16  6360.224     6360.690     6441.464
464  JC+I          3168.821     12  6361.643     6361.909     6422.573
465  JC+G4         3169.065     12  6362.131     6362.397     6423.061
466  JC+I+G4       3169.426     13  6364.853     6365.163     6430.860
467  JC+R2         3168.868     13  6363.736     6364.047     6429.743
Akaike Information Criterion:           TIM3+F+G4
Corrected Akaike Information Criterion: TIM3+F+G4
Bayesian Information Criterion:         K2P+G4
Best-fit model: K2P+G4 chosen according to BIC

All model information printed to per_gene_alignments_codon/LOC101387328_.aln.model.gz
CPU time for ModelFinder: 1.179 seconds (0h:0m:1s)
Wall-clock time for ModelFinder: 1.700 seconds (0h:0m:1s)
Generating 1000 samples for ultrafast bootstrap (seed: 190635)...

NOTE: 0 MB RAM (0 GB) is required!
Estimate model parameters (epsilon = 0.100)
1. Initial log-likelihood: -3128.145
Optimal log-likelihood: -3128.142
Rate parameters:  A-C: 1.00000  A-G: 3.48166  A-T: 1.00000  C-G: 1.00000  C-T: 3.48166  G-T: 1.00000
Base frequencies:  A: 0.250  C: 0.250  G: 0.250  T: 0.250
Gamma shape alpha: 0.168
Parameters optimization took 1 rounds (0.002 sec)
Wrote distance file to... 
Computing ML distances based on estimated model parameters...
Calculating distance matrix: done in 0.000617981 secs using 98.38% CPU
Computing ML distances took 0.000683 sec (of wall-clock time) 0.000679 sec (of CPU time)
Setting up auxiliary I and S matrices: done in 4.29153e-05 secs using 100.2% CPU
Computing RapidNJ tree took 0.000130 sec (of wall-clock time) 0.000130 sec (of CPU time)
Log-likelihood of RapidNJ tree: -3128.156
--------------------------------------------------------------------
|             INITIALIZING CANDIDATE TREE SET                      |
--------------------------------------------------------------------
Generating 98 parsimony trees... 0.078 second
Computing log-likelihood of 39 initial trees ... 0.025 seconds
Current best score: -3128.142

Do NNI search on 20 best initial trees
Estimate model parameters (epsilon = 0.100)
BETTER TREE FOUND at iteration 1: -3128.142
Iteration 10 / LogL: -3128.142 / Time: 0h:0m:1s
Iteration 20 / LogL: -3128.143 / Time: 0h:0m:2s
Finish initializing candidate tree set (2)
Current best tree score: -3128.142 / CPU time: 0.269
Number of iterations: 20
--------------------------------------------------------------------
|               OPTIMIZING CANDIDATE TREE SET                      |
--------------------------------------------------------------------
Iteration 30 / LogL: -3128.143 / Time: 0h:0m:2s (0h:0m:1s left)
WARNING: NNI search needs unusual large number of steps (7) to converge!
Iteration 40 / LogL: -3128.142 / Time: 0h:0m:2s (0h:0m:0s left)
UPDATE BEST LOG-LIKELIHOOD: -3128.142
Iteration 50 / LogL: -3128.142 / Time: 0h:0m:2s (0h:0m:0s left)
Log-likelihood cutoff on original alignment: -3143.573
UPDATE BEST LOG-LIKELIHOOD: -3128.142
UPDATE BEST LOG-LIKELIHOOD: -3128.142
Iteration 60 / LogL: -3128.149 / Time: 0h:0m:2s (0h:0m:0s left)
Iteration 70 / LogL: -3128.168 / Time: 0h:0m:2s (0h:0m:0s left)
UPDATE BEST LOG-LIKELIHOOD: -3128.142
Iteration 80 / LogL: -3128.142 / Time: 0h:0m:2s (0h:0m:0s left)
Iteration 90 / LogL: -3128.142 / Time: 0h:0m:2s (0h:0m:0s left)
Iteration 100 / LogL: -3128.143 / Time: 0h:0m:3s (0h:0m:0s left)
Log-likelihood cutoff on original alignment: -3143.573
NOTE: Bootstrap correlation coefficient of split occurrence frequencies: 1.000
TREE SEARCH COMPLETED AFTER 102 ITERATIONS / Time: 0h:0m:3s

--------------------------------------------------------------------
|                    FINALIZING TREE SEARCH                        |
--------------------------------------------------------------------
Performs final model parameters optimization
Estimate model parameters (epsilon = 0.010)
1. Initial log-likelihood: -3128.142
Optimal log-likelihood: -3128.142
Rate parameters:  A-C: 1.00000  A-G: 3.48852  A-T: 1.00000  C-G: 1.00000  C-T: 3.48852  G-T: 1.00000
Base frequencies:  A: 0.250  C: 0.250  G: 0.250  T: 0.250
Gamma shape alpha: 0.167
Parameters optimization took 1 rounds (0.002 sec)
BEST SCORE FOUND : -3128.142
Creating bootstrap support values...
Split supports printed to NEXUS file per_gene_alignments_codon/LOC101387328_.aln.splits.nex
Total tree length: 0.445

Total number of iterations: 102
CPU time used for tree search: 1.459 sec (0h:0m:1s)
Wall-clock time used for tree search: 1.428 sec (0h:0m:1s)
Total CPU time used: 2.733 sec (0h:0m:2s)
Total wall-clock time used: 3.222 sec (0h:0m:3s)

Computing bootstrap consensus tree...
Reading input file per_gene_alignments_codon/LOC101387328_.aln.splits.nex...
7 taxa and 21 splits.
Consensus tree written to per_gene_alignments_codon/LOC101387328_.aln.contree
Reading input trees file per_gene_alignments_codon/LOC101387328_.aln.contree
Log-likelihood of consensus tree: -3128.142

Analysis results written to: 
  IQ-TREE report:                per_gene_alignments_codon/LOC101387328_.aln.iqtree
  Maximum-likelihood tree:       per_gene_alignments_codon/LOC101387328_.aln.treefile
  Likelihood distances:          per_gene_alignments_codon/LOC101387328_.aln.mldist

Ultrafast bootstrap approximation results written to:
  Split support values:          per_gene_alignments_codon/LOC101387328_.aln.splits.nex
  Consensus tree:                per_gene_alignments_codon/LOC101387328_.aln.contree
  Screen log file:               per_gene_alignments_codon/LOC101387328_.aln.log

Date and Time: Thu Oct 30 21:25:04 2025
