IQ-TREE multicore version 2.3.3 COVID-edition for Linux x86 64-bit built Apr 25 2024
Developed by Bui Quang Minh, James Barbetti, Nguyen Lam Tung, Olga Chernomor,
Heiko Schmidt, Dominik Schrempf, Michael Woodhams, Ly Trong Nhan, Thomas Wong

Host:    morpheus-OptiPlex-5050 (AVX2, FMA3, 503 GB RAM)
Command: iqtree2 -s per_gene_alignments_codon/LOC101406534_.aln.fna -m MFP -T 1 -B 1000 --prefix per_gene_alignments_codon/LOC101406534_.aln
Seed:    705867 (Using SPRNG - Scalable Parallel Random Number Generator)
Time:    Thu Oct 30 21:38:15 2025
Kernel:  AVX+FMA - 1 threads (72 CPU cores detected)

HINT: Use -nt option to specify number of threads because your CPU has 72 cores!
HINT: -nt AUTO will automatically determine the best number of threads to use.

Reading alignment file per_gene_alignments_codon/LOC101406534_.aln.fna ... Fasta format detected
Reading fasta file: done in 0.000806093 secs using 99.62% CPU
Alignment most likely contains DNA/RNA sequences
Alignment has 7 sequences with 2868 columns, 105 distinct patterns
82 parsimony-informative, 156 singleton sites, 2630 constant sites
                     Gap/Ambiguity  Composition  p-value
Analyzing sequences: done in 1.78814e-05 secs using 95.07% CPU
   1  Ceratotherium_simum    3.56%    passed     99.33%
   2  Diceros_bicornis       0.00%    passed     97.15%
   3  Equus_asinus           0.00%    passed     99.38%
   4  Equus_quagga           0.00%    passed     99.61%
   5  Equus_caballus         0.00%    passed     99.68%
   6  Canis_lupus            0.00%    passed     99.11%
   7  Bos_taurus             0.00%    passed     94.82%
****  TOTAL                  0.51%  0 sequences failed composition chi2 test (p-value<5%; df=3)


Create initial parsimony tree by phylogenetic likelihood library (PLL)... 0.000 seconds
Perform fast likelihood tree search using GTR+I+G model...
Estimate model parameters (epsilon = 5.000)
Perform nearest neighbor interchange...
Estimate model parameters (epsilon = 1.000)
1. Initial log-likelihood: -5519.811
Optimal log-likelihood: -5519.806
Rate parameters:  A-C: 1.71586  A-G: 6.25882  A-T: 0.23374  C-G: 2.91256  C-T: 8.31465  G-T: 1.00000
Base frequencies:  A: 0.210  C: 0.303  G: 0.280  T: 0.207
Proportion of invariable sites: 0.457
Gamma shape alpha: 0.286
Parameters optimization took 1 rounds (0.002 sec)
Time for fast ML tree search: 0.039 seconds

NOTE: ModelFinder requires 0 MB RAM!
ModelFinder will test up to 484 DNA models (sample size: 2868) ...
 No. Model         -LnL         df  AIC          AICc         BIC
  1  GTR+F         5557.664     19  11153.329    11153.595    11266.595
  2  GTR+F+I       5520.205     20  11080.410    11080.705    11199.638
  3  GTR+F+G4      5521.510     20  11083.021    11083.316    11202.248
  4  GTR+F+I+G4    5519.774     21  11081.547    11081.872    11206.736
  5  GTR+F+R2      5520.560     21  11083.120    11083.445    11208.309
  6  GTR+F+R3      5520.436     23  11086.873    11087.261    11223.984
 14  GTR+F+I+R2    5520.410     22  11084.820    11085.176    11215.970
 15  GTR+F+I+R3    5519.964     24  11087.928    11088.350    11231.001
 24  SYM+I         5565.413     17  11164.826    11165.040    11266.169
 25  SYM+G4        5566.368     17  11166.736    11166.951    11268.080
 26  SYM+I+G4      5564.990     18  11165.980    11166.220    11273.285
 27  SYM+R2        5565.824     18  11167.647    11167.887    11274.952
 46  TVM+F+I       5521.341     19  11080.682    11080.948    11193.948
 47  TVM+F+G4      5522.903     19  11083.806    11084.073    11197.072
 48  TVM+F+I+G4    5521.021     20  11082.041    11082.337    11201.269
 49  TVM+F+R2      5521.676     20  11083.352    11083.647    11202.579
 68  TVMe+I        5566.795     16  11165.589    11165.780    11260.971
 69  TVMe+G4       5568.014     16  11168.027    11168.218    11263.409
 70  TVMe+I+G4     5566.493     17  11166.985    11167.200    11268.329
 71  TVMe+R2       5567.187     17  11168.374    11168.589    11269.717
 90  TIM3+F+I      5523.849     18  11083.698    11083.938    11191.003
 91  TIM3+F+G4     5525.213     18  11086.426    11086.666    11193.731
 92  TIM3+F+I+G4   5523.393     19  11084.787    11085.053    11198.053
 93  TIM3+F+R2     5524.194     19  11086.389    11086.655    11199.655
112  TIM3e+I       5571.674     15  11173.348    11173.516    11262.769
113  TIM3e+G4      5572.556     15  11175.113    11175.281    11264.533
114  TIM3e+I+G4    5571.153     16  11174.305    11174.496    11269.687
115  TIM3e+R2      5572.099     16  11176.197    11176.388    11271.579
134  TIM2+F+I      5531.043     18  11098.086    11098.326    11205.390
135  TIM2+F+G4     5532.465     18  11100.930    11101.170    11208.235
136  TIM2+F+I+G4   5530.738     19  11099.477    11099.744    11212.743
137  TIM2+F+R2     5531.437     19  11100.875    11101.142    11214.141
156  TIM2e+I       5581.203     15  11192.406    11192.574    11281.826
157  TIM2e+G4      5582.222     15  11194.444    11194.612    11283.865
158  TIM2e+I+G4    5580.981     16  11193.962    11194.153    11289.344
159  TIM2e+R2      5581.563     16  11195.125    11195.316    11290.507
178  TIM+F+I       5533.196     18  11102.392    11102.632    11209.696
179  TIM+F+G4      5534.652     18  11105.305    11105.545    11212.609
180  TIM+F+I+G4    5532.858     19  11103.716    11103.983    11216.982
181  TIM+F+R2      5533.600     19  11105.200    11105.467    11218.466
200  TIMe+I        5585.430     15  11200.860    11201.029    11290.281
201  TIMe+G4       5586.390     15  11202.781    11202.949    11292.201
202  TIMe+I+G4     5585.154     16  11202.308    11202.499    11297.690
203  TIMe+R2       5585.807     16  11203.615    11203.806    11298.997
222  TPM3u+F+I     5524.962     17  11083.923    11084.138    11185.266
223  TPM3u+F+G4    5526.591     17  11087.183    11087.398    11188.526
224  TPM3u+F+I+G4  5524.602     18  11085.205    11085.445    11192.509
225  TPM3u+F+R2    5525.293     18  11086.587    11086.827    11193.892
244  TPM3+I        5573.155     14  11174.311    11174.458    11257.770
245  TPM3+G4       5574.286     14  11176.572    11176.719    11260.031
246  TPM3+I+G4     5572.767     15  11175.533    11175.702    11264.954
247  TPM3+R2       5573.515     15  11177.030    11177.198    11266.450
266  TPM2u+F+I     5532.230     17  11098.460    11098.675    11199.803
267  TPM2u+F+G4    5533.907     17  11101.813    11102.028    11203.156
268  TPM2u+F+I+G4  5532.031     18  11100.062    11100.302    11207.367
269  TPM2u+F+R2    5532.543     18  11101.085    11101.325    11208.390
288  TPM2+I        5582.460     14  11192.920    11193.067    11276.379
289  TPM2+G4       5583.747     14  11195.493    11195.641    11278.953
290  TPM2+I+G4     5582.342     15  11194.684    11194.852    11284.105
291  TPM2+R2       5582.808     15  11195.616    11195.784    11285.036
310  K3Pu+F+I      5534.342     17  11102.685    11102.900    11204.028
311  K3Pu+F+G4     5536.069     17  11106.138    11106.353    11207.481
312  K3Pu+F+I+G4   5534.103     18  11104.206    11104.446    11211.510
313  K3Pu+F+R2     5534.644     18  11105.289    11105.529    11212.593
332  K3P+I         5586.759     14  11201.518    11201.665    11284.977
333  K3P+G4        5587.979     14  11203.958    11204.105    11287.417
334  K3P+I+G4      5586.583     15  11203.165    11203.334    11292.586
335  K3P+R2        5587.128     15  11204.256    11204.425    11293.677
354  TN+F+I        5534.213     17  11102.427    11102.641    11203.770
355  TN+F+G4       5535.609     17  11105.217    11105.432    11206.561
356  TN+F+I+G4     5533.880     18  11103.760    11104.000    11211.065
357  TN+F+R2       5534.594     18  11105.187    11105.428    11212.492
376  TNe+I         5586.884     14  11201.768    11201.915    11285.227
377  TNe+G4        5587.783     14  11203.567    11203.714    11287.026
378  TNe+I+G4      5586.617     15  11203.234    11203.402    11292.655
379  TNe+R2        5587.333     15  11204.666    11204.835    11294.087
398  HKY+F+I       5535.368     16  11102.736    11102.927    11198.118
399  HKY+F+G4      5537.025     16  11106.049    11106.240    11201.431
400  HKY+F+I+G4    5535.133     17  11104.266    11104.481    11205.609
401  HKY+F+R2      5535.669     17  11105.337    11105.552    11206.680
420  K2P+I         5588.219     13  11202.437    11202.565    11279.935
421  K2P+G4        5589.373     13  11204.745    11204.873    11282.243
422  K2P+I+G4      5588.054     14  11204.108    11204.255    11287.567
423  K2P+R2        5588.584     14  11205.169    11205.316    11288.628
442  F81+F+I       5600.095     15  11230.190    11230.358    11319.610
443  F81+F+G4      5601.048     15  11232.096    11232.265    11321.517
444  F81+F+I+G4    5600.064     16  11232.129    11232.320    11327.511
445  F81+F+R2      5600.493     16  11232.986    11233.177    11328.368
464  JC+I          5649.609     12  11323.218    11323.327    11394.754
465  JC+G4         5650.278     12  11324.557    11324.666    11396.093
466  JC+I+G4       5649.608     13  11325.216    11325.344    11402.714
467  JC+R2         5650.110     13  11326.219    11326.347    11403.717
Akaike Information Criterion:           GTR+F+I
Corrected Akaike Information Criterion: GTR+F+I
Bayesian Information Criterion:         TPM3u+F+I
Best-fit model: TPM3u+F+I chosen according to BIC

All model information printed to per_gene_alignments_codon/LOC101406534_.aln.model.gz
CPU time for ModelFinder: 2.391 seconds (0h:0m:2s)
Wall-clock time for ModelFinder: 5.208 seconds (0h:0m:5s)
Generating 1000 samples for ultrafast bootstrap (seed: 705867)...

NOTE: 0 MB RAM (0 GB) is required!
Estimate model parameters (epsilon = 0.100)
1. Initial log-likelihood: -5524.962
Optimal log-likelihood: -5524.961
Rate parameters:  A-C: 3.75611  A-G: 11.60869  A-T: 1.00000  C-G: 3.75611  C-T: 11.60869  G-T: 1.00000
Base frequencies:  A: 0.210  C: 0.303  G: 0.280  T: 0.207
Proportion of invariable sites: 0.806
Parameters optimization took 1 rounds (0.001 sec)
Wrote distance file to... 
Computing ML distances based on estimated model parameters...
Calculating distance matrix: done in 0.000195026 secs using 99.47% CPU
Computing ML distances took 0.000239 sec (of wall-clock time) 0.000245 sec (of CPU time)
Setting up auxiliary I and S matrices: done in 5.10216e-05 secs using 98% CPU
Computing RapidNJ tree took 0.000134 sec (of wall-clock time) 0.000134 sec (of CPU time)
Log-likelihood of RapidNJ tree: -5524.961
--------------------------------------------------------------------
|             INITIALIZING CANDIDATE TREE SET                      |
--------------------------------------------------------------------
Generating 99 parsimony trees... 0.071 second
Computing log-likelihood of 39 initial trees ... 0.042 seconds
Current best score: -5524.961

Do NNI search on 20 best initial trees
Estimate model parameters (epsilon = 0.100)
BETTER TREE FOUND at iteration 1: -5524.961
Iteration 10 / LogL: -5524.963 / Time: 0h:0m:5s
Iteration 20 / LogL: -5524.963 / Time: 0h:0m:5s
Finish initializing candidate tree set (1)
Current best tree score: -5524.961 / CPU time: 0.244
Number of iterations: 20
--------------------------------------------------------------------
|               OPTIMIZING CANDIDATE TREE SET                      |
--------------------------------------------------------------------
Iteration 30 / LogL: -5524.963 / Time: 0h:0m:5s (0h:0m:0s left)
Iteration 40 / LogL: -5524.962 / Time: 0h:0m:5s (0h:0m:0s left)
Iteration 50 / LogL: -5524.962 / Time: 0h:0m:6s (0h:0m:0s left)
Log-likelihood cutoff on original alignment: -5550.437
Iteration 60 / LogL: -5524.961 / Time: 0h:0m:6s (0h:0m:0s left)
Iteration 70 / LogL: -5524.961 / Time: 0h:0m:6s (0h:0m:0s left)
Iteration 80 / LogL: -5524.961 / Time: 0h:0m:6s (0h:0m:0s left)
Iteration 90 / LogL: -5524.962 / Time: 0h:0m:6s (0h:0m:0s left)
Iteration 100 / LogL: -5524.961 / Time: 0h:0m:7s (0h:0m:0s left)
Log-likelihood cutoff on original alignment: -5550.838
NOTE: Bootstrap correlation coefficient of split occurrence frequencies: 1.000
TREE SEARCH COMPLETED AFTER 102 ITERATIONS / Time: 0h:0m:7s

--------------------------------------------------------------------
|                    FINALIZING TREE SEARCH                        |
--------------------------------------------------------------------
Performs final model parameters optimization
Estimate model parameters (epsilon = 0.010)
1. Initial log-likelihood: -5524.961
Optimal log-likelihood: -5524.961
Rate parameters:  A-C: 3.76096  A-G: 11.61655  A-T: 1.00000  C-G: 3.76096  C-T: 11.61655  G-T: 1.00000
Base frequencies:  A: 0.210  C: 0.303  G: 0.280  T: 0.207
Proportion of invariable sites: 0.806
Parameters optimization took 1 rounds (0.001 sec)
BEST SCORE FOUND : -5524.961
Creating bootstrap support values...
Split supports printed to NEXUS file per_gene_alignments_codon/LOC101406534_.aln.splits.nex
Total tree length: 0.113

Total number of iterations: 102
CPU time used for tree search: 1.045 sec (0h:0m:1s)
Wall-clock time used for tree search: 1.955 sec (0h:0m:1s)
Total CPU time used: 3.509 sec (0h:0m:3s)
Total wall-clock time used: 7.264 sec (0h:0m:7s)

Computing bootstrap consensus tree...
Reading input file per_gene_alignments_codon/LOC101406534_.aln.splits.nex...
7 taxa and 16 splits.
Consensus tree written to per_gene_alignments_codon/LOC101406534_.aln.contree
Reading input trees file per_gene_alignments_codon/LOC101406534_.aln.contree
Log-likelihood of consensus tree: -5524.961

Analysis results written to: 
  IQ-TREE report:                per_gene_alignments_codon/LOC101406534_.aln.iqtree
  Maximum-likelihood tree:       per_gene_alignments_codon/LOC101406534_.aln.treefile
  Likelihood distances:          per_gene_alignments_codon/LOC101406534_.aln.mldist

Ultrafast bootstrap approximation results written to:
  Split support values:          per_gene_alignments_codon/LOC101406534_.aln.splits.nex
  Consensus tree:                per_gene_alignments_codon/LOC101406534_.aln.contree
  Screen log file:               per_gene_alignments_codon/LOC101406534_.aln.log

Date and Time: Thu Oct 30 21:38:23 2025
