IQ-TREE multicore version 2.3.3 COVID-edition for Linux x86 64-bit built Apr 25 2024
Developed by Bui Quang Minh, James Barbetti, Nguyen Lam Tung, Olga Chernomor,
Heiko Schmidt, Dominik Schrempf, Michael Woodhams, Ly Trong Nhan, Thomas Wong

Host:    morpheus-OptiPlex-5050 (AVX2, FMA3, 503 GB RAM)
Command: iqtree2 -s per_gene_alignments_codon/LOC101390047_.aln.fna -m MFP -T 1 -B 1000 --prefix per_gene_alignments_codon/LOC101390047_.aln
Seed:    342774 (Using SPRNG - Scalable Parallel Random Number Generator)
Time:    Thu Oct 30 21:26:57 2025
Kernel:  AVX+FMA - 1 threads (72 CPU cores detected)

HINT: Use -nt option to specify number of threads because your CPU has 72 cores!
HINT: -nt AUTO will automatically determine the best number of threads to use.

Reading alignment file per_gene_alignments_codon/LOC101390047_.aln.fna ... Fasta format detected
Reading fasta file: done in 0.000986814 secs
Alignment most likely contains DNA/RNA sequences
Alignment has 7 sequences with 3612 columns, 125 distinct patterns
190 parsimony-informative, 254 singleton sites, 3168 constant sites
                     Gap/Ambiguity  Composition  p-value
Analyzing sequences: done in 2.19345e-05 secs using 91.18% CPU
   1  Ceratotherium_simum    0.00%    passed     88.39%
   2  Diceros_bicornis       0.00%    passed     72.26%
   3  Equus_asinus           0.00%    passed     99.14%
   4  Equus_quagga           0.00%    passed     98.03%
   5  Equus_caballus         0.00%    passed     98.32%
   6  Canis_lupus            0.00%    passed     72.79%
   7  Bos_taurus             0.00%    passed     98.17%
****  TOTAL                  0.00%  0 sequences failed composition chi2 test (p-value<5%; df=3)


Create initial parsimony tree by phylogenetic likelihood library (PLL)... 0.000 seconds
Perform fast likelihood tree search using GTR+I+G model...
Estimate model parameters (epsilon = 5.000)
Perform nearest neighbor interchange...
Estimate model parameters (epsilon = 1.000)
1. Initial log-likelihood: -7747.696
Optimal log-likelihood: -7747.688
Rate parameters:  A-C: 1.15523  A-G: 4.63381  A-T: 0.29651  C-G: 0.88784  C-T: 6.43339  G-T: 1.00000
Base frequencies:  A: 0.270  C: 0.254  G: 0.250  T: 0.226
Proportion of invariable sites: 0.435
Gamma shape alpha: 0.502
Parameters optimization took 1 rounds (0.002 sec)
Time for fast ML tree search: 0.054 seconds

NOTE: ModelFinder requires 0 MB RAM!
ModelFinder will test up to 484 DNA models (sample size: 3612) ...
 No. Model         -LnL         df  AIC          AICc         BIC
  1  GTR+F         7805.143     19  15648.286    15648.497    15765.934
  2  GTR+F+I       7747.520     20  15535.041    15535.275    15658.881
  3  GTR+F+G4      7747.524     20  15535.048    15535.282    15658.889
  4  GTR+F+I+G4    7747.694     21  15537.388    15537.646    15667.421
  5  GTR+F+R2      7747.831     21  15537.662    15537.919    15667.694
  6  GTR+F+R3      7747.615     23  15541.229    15541.537    15683.646
 14  GTR+F+I+R2    7747.665     22  15539.330    15539.612    15675.554
 15  GTR+F+I+R3    7747.674     24  15543.348    15543.683    15691.957
 24  SYM+I         7755.663     17  15545.326    15545.496    15650.590
 25  SYM+G4        7755.668     17  15545.336    15545.506    15650.600
 26  SYM+I+G4      7755.825     18  15547.650    15547.841    15659.107
 27  SYM+R2        7755.982     18  15547.964    15548.154    15659.420
 46  TVM+F+I       7750.752     19  15539.505    15539.716    15657.153
 47  TVM+F+G4      7750.761     19  15539.522    15539.734    15657.170
 48  TVM+F+I+G4    7751.136     20  15542.271    15542.505    15666.112
 49  TVM+F+R2      7750.975     20  15541.949    15542.183    15665.790
 68  TVMe+I        7757.494     16  15546.988    15547.140    15646.061
 69  TVMe+G4       7757.511     16  15547.022    15547.173    15646.094
 70  TVMe+I+G4     7757.819     17  15549.639    15549.809    15654.903
 71  TVMe+R2       7757.813     17  15549.627    15549.797    15654.891
 90  TIM3+F+I      7752.506     18  15541.012    15541.202    15652.468
 91  TIM3+F+G4     7752.510     18  15541.019    15541.210    15652.476
 92  TIM3+F+I+G4   7752.631     19  15543.262    15543.474    15660.910
 93  TIM3+F+R2     7752.830     19  15543.661    15543.872    15661.309
112  TIM3e+I       7760.451     15  15550.901    15551.035    15643.781
113  TIM3e+G4      7760.452     15  15550.904    15551.038    15643.785
114  TIM3e+I+G4    7760.557     16  15553.114    15553.266    15652.186
115  TIM3e+R2      7760.761     16  15553.523    15553.674    15652.595
134  TIM2+F+I      7754.591     18  15545.182    15545.373    15656.639
135  TIM2+F+G4     7754.597     18  15545.195    15545.385    15656.651
136  TIM2+F+I+G4   7754.714     19  15547.429    15547.640    15665.077
137  TIM2+F+R2     7754.894     19  15547.788    15548.000    15665.436
156  TIM2e+I       7763.819     15  15557.638    15557.771    15650.518
157  TIM2e+G4      7763.829     15  15557.659    15557.792    15650.539
158  TIM2e+I+G4    7763.964     16  15559.928    15560.079    15659.000
159  TIM2e+R2      7764.125     16  15560.250    15560.402    15659.323
178  TIM+F+I       7751.763     18  15539.525    15539.716    15650.982
179  TIM+F+G4      7751.762     18  15539.524    15539.714    15650.980
180  TIM+F+I+G4    7751.864     19  15541.729    15541.940    15659.377
181  TIM+F+R2      7752.062     19  15542.123    15542.335    15659.772
200  TIMe+I        7760.593     15  15551.185    15551.319    15644.065
201  TIMe+G4       7760.595     15  15551.191    15551.324    15644.071
202  TIMe+I+G4     7760.723     16  15553.446    15553.598    15652.519
203  TIMe+R2       7760.893     16  15553.786    15553.938    15652.859
222  TPM3u+F+I     7755.794     17  15545.588    15545.758    15650.852
223  TPM3u+F+G4    7755.825     17  15545.650    15545.820    15650.914
224  TPM3u+F+I+G4  7756.101     18  15548.201    15548.392    15659.658
225  TPM3u+F+R2    7756.113     18  15548.226    15548.417    15659.683
244  TPM3+I        7762.315     14  15552.629    15552.746    15639.317
245  TPM3+G4       7762.339     14  15552.677    15552.794    15639.366
246  TPM3+I+G4     7762.552     15  15555.104    15555.238    15647.985
247  TPM3+R2       7762.630     15  15555.261    15555.394    15648.141
266  TPM2u+F+I     7757.791     17  15549.583    15549.753    15654.847
267  TPM2u+F+G4    7757.825     17  15549.649    15549.820    15654.914
268  TPM2u+F+I+G4  7758.156     18  15552.311    15552.502    15663.768
269  TPM2u+F+R2    7758.101     18  15552.203    15552.393    15663.659
288  TPM2+I        7765.594     14  15559.188    15559.305    15645.876
289  TPM2+G4       7765.624     14  15559.248    15559.365    15645.936
290  TPM2+I+G4     7765.900     15  15561.799    15561.933    15654.680
291  TPM2+R2       7765.907     15  15561.815    15561.948    15654.695
310  K3Pu+F+I      7755.036     17  15544.073    15544.243    15649.337
311  K3Pu+F+G4     7755.067     17  15544.133    15544.304    15649.398
312  K3Pu+F+I+G4   7755.354     18  15546.708    15546.899    15658.165
313  K3Pu+F+R2     7755.344     18  15546.688    15546.879    15658.144
332  K3P+I         7762.402     14  15552.803    15552.920    15639.492
333  K3P+G4        7762.428     14  15552.855    15552.972    15639.543
334  K3P+I+G4      7762.674     15  15555.348    15555.481    15648.228
335  K3P+R2        7762.705     15  15555.411    15555.544    15648.291
354  TN+F+I        7755.362     17  15544.724    15544.895    15649.989
355  TN+F+G4       7755.367     17  15544.735    15544.905    15649.999
356  TN+F+I+G4     7755.473     18  15546.946    15547.137    15658.402
357  TN+F+R2       7755.656     18  15547.313    15547.503    15658.769
376  TNe+I         7764.323     14  15556.647    15556.763    15643.335
377  TNe+G4        7764.332     14  15556.664    15556.781    15643.352
378  TNe+I+G4      7764.454     15  15558.908    15559.041    15651.788
379  TNe+R2        7764.621     15  15559.242    15559.376    15652.122
398  HKY+F+I       7758.633     16  15549.266    15549.418    15648.339
399  HKY+F+G4      7758.667     16  15549.334    15549.485    15648.406
400  HKY+F+I+G4    7758.964     17  15551.928    15552.098    15657.192
401  HKY+F+R2      7758.939     17  15551.879    15552.049    15657.143
420  K2P+I         7766.129     13  15558.257    15558.359    15638.754
421  K2P+G4        7766.157     13  15558.315    15558.416    15638.811
422  K2P+I+G4      7766.407     14  15560.813    15560.930    15647.502
423  K2P+R2        7766.433     14  15560.866    15560.983    15647.555
442  F81+F+I       7943.979     15  15917.957    15918.091    16010.838
443  F81+F+G4      7944.183     15  15918.366    15918.499    16011.246
444  F81+F+I+G4    7944.629     16  15921.259    15921.410    16020.331
445  F81+F+R2      7944.404     16  15920.808    15920.960    16019.880
464  JC+I          7950.794     12  15925.588    15925.674    15999.892
465  JC+G4         7950.991     12  15925.983    15926.069    16000.287
466  JC+I+G4       7951.437     13  15928.873    15928.975    16009.370
467  JC+R2         7951.220     13  15928.440    15928.541    16008.936
Akaike Information Criterion:           GTR+F+I
Corrected Akaike Information Criterion: GTR+F+I
Bayesian Information Criterion:         K2P+I
Best-fit model: K2P+I chosen according to BIC

All model information printed to per_gene_alignments_codon/LOC101390047_.aln.model.gz
CPU time for ModelFinder: 1.884 seconds (0h:0m:1s)
Wall-clock time for ModelFinder: 4.673 seconds (0h:0m:4s)
Generating 1000 samples for ultrafast bootstrap (seed: 342774)...

NOTE: 0 MB RAM (0 GB) is required!
Estimate model parameters (epsilon = 0.100)
1. Initial log-likelihood: -7766.129
Optimal log-likelihood: -7766.128
Rate parameters:  A-C: 1.00000  A-G: 6.50062  A-T: 1.00000  C-G: 1.00000  C-T: 6.50062  G-T: 1.00000
Base frequencies:  A: 0.250  C: 0.250  G: 0.250  T: 0.250
Proportion of invariable sites: 0.730
Parameters optimization took 1 rounds (0.001 sec)
Wrote distance file to... 
Computing ML distances based on estimated model parameters...
Calculating distance matrix: done in 0.000231981 secs using 98.28% CPU
Computing ML distances took 0.000286 sec (of wall-clock time) 0.000289 sec (of CPU time)
Setting up auxiliary I and S matrices: done in 4.79221e-05 secs using 187.8% CPU
Computing RapidNJ tree took 0.000157 sec (of wall-clock time) 0.000310 sec (of CPU time)
Log-likelihood of RapidNJ tree: -7766.128
--------------------------------------------------------------------
|             INITIALIZING CANDIDATE TREE SET                      |
--------------------------------------------------------------------
Generating 99 parsimony trees... 0.085 second
Computing log-likelihood of 42 initial trees ... 0.032 seconds
Current best score: -7766.128

Do NNI search on 20 best initial trees
Estimate model parameters (epsilon = 0.100)
BETTER TREE FOUND at iteration 1: -7766.128
Iteration 10 / LogL: -7766.349 / Time: 0h:0m:4s
Iteration 20 / LogL: -7766.132 / Time: 0h:0m:5s
Finish initializing candidate tree set (1)
Current best tree score: -7766.128 / CPU time: 0.266
Number of iterations: 20
--------------------------------------------------------------------
|               OPTIMIZING CANDIDATE TREE SET                      |
--------------------------------------------------------------------
Iteration 30 / LogL: -7766.129 / Time: 0h:0m:5s (0h:0m:1s left)
Iteration 40 / LogL: -7766.198 / Time: 0h:0m:5s (0h:0m:1s left)
Iteration 50 / LogL: -7766.128 / Time: 0h:0m:5s (0h:0m:0s left)
Log-likelihood cutoff on original alignment: -7782.081
Iteration 60 / LogL: -7766.131 / Time: 0h:0m:5s (0h:0m:0s left)
Iteration 70 / LogL: -7766.128 / Time: 0h:0m:5s (0h:0m:0s left)
Iteration 80 / LogL: -7766.128 / Time: 0h:0m:6s (0h:0m:0s left)
Iteration 90 / LogL: -7766.254 / Time: 0h:0m:6s (0h:0m:0s left)
Iteration 100 / LogL: -7766.131 / Time: 0h:0m:6s (0h:0m:0s left)
Log-likelihood cutoff on original alignment: -7782.134
NOTE: Bootstrap correlation coefficient of split occurrence frequencies: 1.000
TREE SEARCH COMPLETED AFTER 102 ITERATIONS / Time: 0h:0m:6s

--------------------------------------------------------------------
|                    FINALIZING TREE SEARCH                        |
--------------------------------------------------------------------
Performs final model parameters optimization
Estimate model parameters (epsilon = 0.010)
1. Initial log-likelihood: -7766.128
Optimal log-likelihood: -7766.128
Rate parameters:  A-C: 1.00000  A-G: 6.49930  A-T: 1.00000  C-G: 1.00000  C-T: 6.49930  G-T: 1.00000
Base frequencies:  A: 0.250  C: 0.250  G: 0.250  T: 0.250
Proportion of invariable sites: 0.730
Parameters optimization took 1 rounds (0.001 sec)
BEST SCORE FOUND : -7766.128
Creating bootstrap support values...
Split supports printed to NEXUS file per_gene_alignments_codon/LOC101390047_.aln.splits.nex
Total tree length: 0.172

Total number of iterations: 102
CPU time used for tree search: 1.004 sec (0h:0m:1s)
Wall-clock time used for tree search: 1.808 sec (0h:0m:1s)
Total CPU time used: 2.958 sec (0h:0m:2s)
Total wall-clock time used: 6.645 sec (0h:0m:6s)

Computing bootstrap consensus tree...
Reading input file per_gene_alignments_codon/LOC101390047_.aln.splits.nex...
7 taxa and 15 splits.
Consensus tree written to per_gene_alignments_codon/LOC101390047_.aln.contree
Reading input trees file per_gene_alignments_codon/LOC101390047_.aln.contree
Log-likelihood of consensus tree: -7766.128

Analysis results written to: 
  IQ-TREE report:                per_gene_alignments_codon/LOC101390047_.aln.iqtree
  Maximum-likelihood tree:       per_gene_alignments_codon/LOC101390047_.aln.treefile
  Likelihood distances:          per_gene_alignments_codon/LOC101390047_.aln.mldist

Ultrafast bootstrap approximation results written to:
  Split support values:          per_gene_alignments_codon/LOC101390047_.aln.splits.nex
  Consensus tree:                per_gene_alignments_codon/LOC101390047_.aln.contree
  Screen log file:               per_gene_alignments_codon/LOC101390047_.aln.log

Date and Time: Thu Oct 30 21:27:04 2025
