IQ-TREE multicore version 2.3.3 COVID-edition for Linux x86 64-bit built Apr 25 2024
Developed by Bui Quang Minh, James Barbetti, Nguyen Lam Tung, Olga Chernomor,
Heiko Schmidt, Dominik Schrempf, Michael Woodhams, Ly Trong Nhan, Thomas Wong

Host:    morpheus-OptiPlex-5050 (AVX2, FMA3, 503 GB RAM)
Command: iqtree2 -s per_gene_alignments_codon/LOC101397730_.aln.fna -m MFP -T 1 -B 1000 --prefix per_gene_alignments_codon/LOC101397730_.aln
Seed:    218527 (Using SPRNG - Scalable Parallel Random Number Generator)
Time:    Thu Oct 30 21:32:13 2025
Kernel:  AVX+FMA - 1 threads (72 CPU cores detected)

HINT: Use -nt option to specify number of threads because your CPU has 72 cores!
HINT: -nt AUTO will automatically determine the best number of threads to use.

Reading alignment file per_gene_alignments_codon/LOC101397730_.aln.fna ... Fasta format detected
Reading fasta file: done in 0.000382185 secs using 49.71% CPU
Alignment most likely contains DNA/RNA sequences
Alignment has 7 sequences with 1179 columns, 117 distinct patterns
181 parsimony-informative, 115 singleton sites, 883 constant sites
                     Gap/Ambiguity  Composition  p-value
Analyzing sequences: done in 2.40803e-05 secs using 45.68% CPU
   1  Ceratotherium_simum    0.25%    passed     16.53%
   2  Diceros_bicornis       0.00%    failed      4.80%
   3  Equus_asinus           0.00%    passed     93.67%
   4  Equus_quagga           0.00%    passed     92.23%
   5  Equus_caballus         0.00%    passed     87.90%
   6  Canis_lupus            0.76%    failed      0.05%
   7  Bos_taurus             0.00%    failed      3.05%
****  TOTAL                  0.15%  3 sequences failed composition chi2 test (p-value<5%; df=3)


Create initial parsimony tree by phylogenetic likelihood library (PLL)... 0.000 seconds
Perform fast likelihood tree search using GTR+I+G model...
Estimate model parameters (epsilon = 5.000)
Perform nearest neighbor interchange...
Estimate model parameters (epsilon = 1.000)
1. Initial log-likelihood: -3282.819
Optimal log-likelihood: -3282.803
Rate parameters:  A-C: 1.15487  A-G: 3.43610  A-T: 0.53316  C-G: 0.75788  C-T: 4.88604  G-T: 1.00000
Base frequencies:  A: 0.230  C: 0.334  G: 0.311  T: 0.124
Proportion of invariable sites: 0.369
Gamma shape alpha: 1.169
Parameters optimization took 1 rounds (0.024 sec)
Time for fast ML tree search: 0.125 seconds

NOTE: ModelFinder requires 0 MB RAM!
ModelFinder will test up to 484 DNA models (sample size: 1179) ...
 No. Model         -LnL         df  AIC          AICc         BIC
  1  GTR+F         3311.431     19  6660.862     6661.518     6757.238
  2  GTR+F+I       3282.991     20  6605.981     6606.707     6707.430
  3  GTR+F+G4      3282.800     20  6605.600     6606.326     6707.049
  4  GTR+F+I+G4    3282.806     21  6607.612     6608.411     6714.133
  5  GTR+F+R2      3283.048     21  6608.095     6608.894     6714.616
  6  GTR+F+R3      3282.817     23  6611.633     6612.589     6728.299
 14  GTR+F+I+R2    3282.846     22  6609.692     6610.568     6721.285
 15  GTR+F+I+R3    3282.807     24  6613.613     6614.653     6735.351
 24  SYM+I         3358.200     17  6750.400     6750.927     6836.631
 25  SYM+G4        3357.770     17  6749.541     6750.068     6835.772
 26  SYM+I+G4      3357.812     18  6751.623     6752.213     6842.927
 27  SYM+R2        3358.182     18  6752.364     6752.953     6843.667
 46  TVM+F+I       3285.170     19  6608.340     6608.996     6704.716
 47  TVM+F+G4      3284.722     19  6607.444     6608.100     6703.820
 48  TVM+F+I+G4    3284.736     20  6609.473     6610.198     6710.921
 49  TVM+F+R2      3285.096     20  6610.193     6610.918     6711.641
 68  TVMe+I        3358.720     16  6749.439     6749.907     6830.598
 69  TVMe+G4       3358.278     16  6748.557     6749.025     6829.715
 70  TVMe+I+G4     3358.317     17  6750.634     6751.161     6836.865
 71  TVMe+R2       3358.708     17  6751.416     6751.943     6837.648
 90  TIM3+F+I      3284.616     18  6605.232     6605.822     6696.536
 91  TIM3+F+G4     3284.415     18  6604.830     6605.419     6696.133
 92  TIM3+F+I+G4   3284.441     19  6606.882     6607.537     6703.258
 93  TIM3+F+R2     3284.668     19  6607.336     6607.991     6703.712
112  TIM3e+I       3359.289     15  6748.578     6748.990     6824.664
113  TIM3e+G4      3358.810     15  6747.620     6748.033     6823.706
114  TIM3e+I+G4    3358.857     16  6749.715     6750.183     6830.873
115  TIM3e+R2      3359.255     16  6750.509     6750.978     6831.668
134  TIM2+F+I      3284.425     18  6604.850     6605.440     6696.154
135  TIM2+F+G4     3284.203     18  6604.406     6604.995     6695.709
136  TIM2+F+I+G4   3284.224     19  6606.448     6607.104     6702.824
137  TIM2+F+R2     3284.445     19  6606.890     6607.546     6703.266
156  TIM2e+I       3368.069     15  6766.138     6766.550     6842.224
157  TIM2e+G4      3367.797     15  6765.594     6766.007     6841.681
158  TIM2e+I+G4    3367.824     16  6767.649     6768.117     6848.808
159  TIM2e+R2      3368.053     16  6768.107     6768.575     6849.266
178  TIM+F+I       3283.310     18  6602.620     6603.210     6693.924
179  TIM+F+G4      3283.116     18  6602.232     6602.822     6693.536
180  TIM+F+I+G4    3283.125     19  6604.250     6604.906     6700.626
181  TIM+F+R2      3283.344     19  6604.687     6605.343     6701.063
200  TIMe+I        3367.892     15  6765.785     6766.197     6841.871
201  TIMe+G4       3367.616     15  6765.231     6765.644     6841.318
202  TIMe+I+G4     3367.641     16  6767.283     6767.751     6848.442
203  TIMe+R2       3367.874     16  6767.748     6768.216     6848.907
222  TPM3u+F+I     3286.770     17  6607.540     6608.067     6693.772
223  TPM3u+F+G4    3286.335     17  6606.670     6607.197     6692.901
224  TPM3u+F+I+G4  3286.367     18  6608.733     6609.323     6700.037
225  TPM3u+F+R2    3286.697     18  6609.393     6609.983     6700.697
244  TPM3+I        3359.808     14  6747.616     6747.976     6818.630
245  TPM3+G4       3359.322     14  6746.643     6747.004     6817.657
246  TPM3+I+G4     3359.374     15  6748.748     6749.161     6824.835
247  TPM3+R2       3359.784     15  6749.568     6749.981     6825.655
266  TPM2u+F+I     3286.632     17  6607.264     6607.791     6693.496
267  TPM2u+F+G4    3286.173     17  6606.347     6606.874     6692.578
268  TPM2u+F+I+G4  3286.201     18  6608.401     6608.991     6699.705
269  TPM2u+F+R2    3286.538     18  6609.076     6609.665     6700.379
288  TPM2+I        3368.721     14  6765.441     6765.802     6836.455
289  TPM2+G4       3368.469     14  6764.938     6765.298     6835.951
290  TPM2+I+G4     3368.493     15  6766.987     6767.400     6843.073
291  TPM2+R2       3368.711     15  6767.423     6767.836     6843.509
310  K3Pu+F+I      3285.568     17  6605.136     6605.663     6691.367
311  K3Pu+F+G4     3285.137     17  6604.274     6604.801     6690.506
312  K3Pu+F+I+G4   3285.154     18  6606.307     6606.897     6697.611
313  K3Pu+F+R2     3285.486     18  6606.972     6607.561     6698.275
332  K3P+I         3368.538     14  6765.076     6765.437     6836.090
333  K3P+G4        3368.281     14  6764.562     6764.923     6835.576
334  K3P+I+G4      3368.301     15  6766.602     6767.015     6842.688
335  K3P+R2        3368.532     15  6767.064     6767.477     6843.151
354  TN+F+I        3284.737     17  6603.474     6604.001     6689.705
355  TN+F+G4       3284.553     17  6603.107     6603.634     6689.338
356  TN+F+I+G4     3284.579     18  6605.158     6605.748     6696.462
357  TN+F+R2       3284.776     18  6605.551     6606.141     6696.855
376  TNe+I         3368.110     14  6764.220     6764.580     6835.233
377  TNe+G4        3367.831     14  6763.663     6764.024     6834.677
378  TNe+I+G4      3367.857     15  6765.715     6766.127     6841.801
379  TNe+R2        3368.089     15  6766.179     6766.591     6842.265
398  HKY+F+I       3286.954     16  6605.908     6606.376     6687.067
399  HKY+F+G4      3286.546     16  6605.091     6605.560     6686.250
400  HKY+F+I+G4    3286.578     17  6607.156     6607.684     6693.388
401  HKY+F+R2      3286.882     17  6607.764     6608.291     6693.995
420  K2P+I         3368.758     13  6763.517     6763.829     6829.458
421  K2P+G4        3368.499     13  6762.999     6763.311     6828.940
422  K2P+I+G4      3368.524     14  6765.047     6765.408     6836.061
423  K2P+R2        3368.749     14  6765.497     6765.858     6836.511
442  F81+F+I       3362.762     15  6755.525     6755.937     6831.611
443  F81+F+G4      3362.634     15  6755.269     6755.682     6831.355
444  F81+F+I+G4    3362.650     16  6757.301     6757.769     6838.460
445  F81+F+R2      3362.797     16  6757.595     6758.063     6838.754
464  JC+I          3429.991     12  6883.981     6884.249     6944.850
465  JC+G4         3430.035     12  6884.069     6884.337     6944.938
466  JC+I+G4       3430.002     13  6886.004     6886.316     6951.945
467  JC+R2         3430.058     13  6886.116     6886.428     6952.057
Akaike Information Criterion:           TIM+F+G4
Corrected Akaike Information Criterion: TIM+F+G4
Bayesian Information Criterion:         HKY+F+G4
Best-fit model: HKY+F+G4 chosen according to BIC

All model information printed to per_gene_alignments_codon/LOC101397730_.aln.model.gz
CPU time for ModelFinder: 0.969 seconds (0h:0m:0s)
Wall-clock time for ModelFinder: 2.421 seconds (0h:0m:2s)
Generating 1000 samples for ultrafast bootstrap (seed: 218527)...

NOTE: 0 MB RAM (0 GB) is required!
Estimate model parameters (epsilon = 0.100)
1. Initial log-likelihood: -3286.546
Optimal log-likelihood: -3286.546
Rate parameters:  A-C: 1.00000  A-G: 4.46030  A-T: 1.00000  C-G: 1.00000  C-T: 4.46030  G-T: 1.00000
Base frequencies:  A: 0.230  C: 0.334  G: 0.311  T: 0.124
Gamma shape alpha: 0.376
Parameters optimization took 1 rounds (0.010 sec)
Wrote distance file to... 
Computing ML distances based on estimated model parameters...
Calculating distance matrix: done in 0.000501871 secs using 98.23% CPU
Computing ML distances took 0.000552 sec (of wall-clock time) 0.000549 sec (of CPU time)
Setting up auxiliary I and S matrices: done in 4.1008e-05 secs using 204.8% CPU
Computing RapidNJ tree took 0.000129 sec (of wall-clock time) 0.000251 sec (of CPU time)
Log-likelihood of RapidNJ tree: -3286.546
--------------------------------------------------------------------
|             INITIALIZING CANDIDATE TREE SET                      |
--------------------------------------------------------------------
Generating 99 parsimony trees... 0.068 second
Computing log-likelihood of 35 initial trees ... 0.038 seconds
Current best score: -3286.546

Do NNI search on 20 best initial trees
Estimate model parameters (epsilon = 0.100)
BETTER TREE FOUND at iteration 1: -3286.546
Iteration 10 / LogL: -3287.618 / Time: 0h:0m:2s
Iteration 20 / LogL: -3286.580 / Time: 0h:0m:2s
Finish initializing candidate tree set (1)
Current best tree score: -3286.546 / CPU time: 0.336
Number of iterations: 20
--------------------------------------------------------------------
|               OPTIMIZING CANDIDATE TREE SET                      |
--------------------------------------------------------------------
UPDATE BEST LOG-LIKELIHOOD: -3286.546
Iteration 30 / LogL: -3286.546 / Time: 0h:0m:3s (0h:0m:1s left)
Iteration 40 / LogL: -3286.568 / Time: 0h:0m:3s (0h:0m:1s left)
UPDATE BEST LOG-LIKELIHOOD: -3286.546
Iteration 50 / LogL: -3286.616 / Time: 0h:0m:3s (0h:0m:1s left)
Log-likelihood cutoff on original alignment: -3295.576
Iteration 60 / LogL: -3286.557 / Time: 0h:0m:3s (0h:0m:0s left)
Iteration 70 / LogL: -3286.568 / Time: 0h:0m:4s (0h:0m:0s left)
Iteration 80 / LogL: -3286.557 / Time: 0h:0m:4s (0h:0m:0s left)
Iteration 90 / LogL: -3286.568 / Time: 0h:0m:4s (0h:0m:0s left)
Iteration 100 / LogL: -3286.848 / Time: 0h:0m:4s (0h:0m:0s left)
Log-likelihood cutoff on original alignment: -3295.576
NOTE: Bootstrap correlation coefficient of split occurrence frequencies: 1.000
TREE SEARCH COMPLETED AFTER 102 ITERATIONS / Time: 0h:0m:4s

--------------------------------------------------------------------
|                    FINALIZING TREE SEARCH                        |
--------------------------------------------------------------------
Performs final model parameters optimization
Estimate model parameters (epsilon = 0.010)
1. Initial log-likelihood: -3286.546
Optimal log-likelihood: -3286.546
Rate parameters:  A-C: 1.00000  A-G: 4.46247  A-T: 1.00000  C-G: 1.00000  C-T: 4.46247  G-T: 1.00000
Base frequencies:  A: 0.230  C: 0.334  G: 0.311  T: 0.124
Gamma shape alpha: 0.376
Parameters optimization took 1 rounds (0.002 sec)
BEST SCORE FOUND : -3286.546
Creating bootstrap support values...
Split supports printed to NEXUS file per_gene_alignments_codon/LOC101397730_.aln.splits.nex
Total tree length: 0.410

Total number of iterations: 102
CPU time used for tree search: 1.278 sec (0h:0m:1s)
Wall-clock time used for tree search: 2.393 sec (0h:0m:2s)
Total CPU time used: 2.311 sec (0h:0m:2s)
Total wall-clock time used: 4.954 sec (0h:0m:4s)

Computing bootstrap consensus tree...
Reading input file per_gene_alignments_codon/LOC101397730_.aln.splits.nex...
7 taxa and 13 splits.
Consensus tree written to per_gene_alignments_codon/LOC101397730_.aln.contree
Reading input trees file per_gene_alignments_codon/LOC101397730_.aln.contree
Log-likelihood of consensus tree: -3286.545

Analysis results written to: 
  IQ-TREE report:                per_gene_alignments_codon/LOC101397730_.aln.iqtree
  Maximum-likelihood tree:       per_gene_alignments_codon/LOC101397730_.aln.treefile
  Likelihood distances:          per_gene_alignments_codon/LOC101397730_.aln.mldist

Ultrafast bootstrap approximation results written to:
  Split support values:          per_gene_alignments_codon/LOC101397730_.aln.splits.nex
  Consensus tree:                per_gene_alignments_codon/LOC101397730_.aln.contree
  Screen log file:               per_gene_alignments_codon/LOC101397730_.aln.log

Date and Time: Thu Oct 30 21:32:18 2025
