IQ-TREE multicore version 2.3.3 COVID-edition for Linux x86 64-bit built Apr 25 2024
Developed by Bui Quang Minh, James Barbetti, Nguyen Lam Tung, Olga Chernomor,
Heiko Schmidt, Dominik Schrempf, Michael Woodhams, Ly Trong Nhan, Thomas Wong

Host:    morpheus-OptiPlex-5050 (AVX2, FMA3, 503 GB RAM)
Command: iqtree2 -s per_gene_alignments_codon/LOC101403349_.aln.fna -m MFP -T 1 -B 1000 --prefix per_gene_alignments_codon/LOC101403349_.aln
Seed:    365275 (Using SPRNG - Scalable Parallel Random Number Generator)
Time:    Thu Oct 30 21:36:07 2025
Kernel:  AVX+FMA - 1 threads (72 CPU cores detected)

HINT: Use -nt option to specify number of threads because your CPU has 72 cores!
HINT: -nt AUTO will automatically determine the best number of threads to use.

Reading alignment file per_gene_alignments_codon/LOC101403349_.aln.fna ... Fasta format detected
Reading fasta file: done in 0.000916958 secs
Alignment most likely contains DNA/RNA sequences
Alignment has 7 sequences with 3291 columns, 115 distinct patterns
187 parsimony-informative, 259 singleton sites, 2845 constant sites
                     Gap/Ambiguity  Composition  p-value
Analyzing sequences: done in 1.71661e-05 secs
   1  Ceratotherium_simum    0.18%    passed     98.09%
   2  Diceros_bicornis       0.18%    passed     98.78%
   3  Equus_asinus           0.00%    passed     99.63%
   4  Equus_quagga           0.00%    passed     99.70%
   5  Equus_caballus         0.00%    passed     99.27%
   6  Canis_lupus            0.09%    passed     97.79%
   7  Bos_taurus             0.00%    passed     93.79%
****  TOTAL                  0.07%  0 sequences failed composition chi2 test (p-value<5%; df=3)


Create initial parsimony tree by phylogenetic likelihood library (PLL)... 0.000 seconds
Perform fast likelihood tree search using GTR+I+G model...
Estimate model parameters (epsilon = 5.000)
Perform nearest neighbor interchange...
Estimate model parameters (epsilon = 1.000)
1. Initial log-likelihood: -7003.285
Optimal log-likelihood: -7003.282
Rate parameters:  A-C: 1.34531  A-G: 7.51959  A-T: 0.57949  C-G: 1.68064  C-T: 9.74536  G-T: 1.00000
Base frequencies:  A: 0.371  C: 0.161  G: 0.222  T: 0.246
Proportion of invariable sites: 0.428
Gamma shape alpha: 0.758
Parameters optimization took 1 rounds (0.010 sec)
Time for fast ML tree search: 0.067 seconds

NOTE: ModelFinder requires 0 MB RAM!
ModelFinder will test up to 484 DNA models (sample size: 3291) ...
 No. Model         -LnL         df  AIC          AICc         BIC
  1  GTR+F         7034.294     19  14106.589    14106.821    14222.469
  2  GTR+F+I       7003.403     20  14046.806    14047.063    14168.785
  3  GTR+F+G4      7003.352     20  14046.704    14046.960    14168.683
  4  GTR+F+I+G4    7003.326     21  14048.652    14048.935    14176.730
  5  GTR+F+R2      7004.116     21  14050.231    14050.514    14178.309
  6  GTR+F+R3      7003.510     23  14053.019    14053.357    14193.295
 14  GTR+F+I+R2    7003.540     22  14051.080    14051.390    14185.257
 15  GTR+F+I+R3    7003.395     24  14054.790    14055.157    14201.165
 24  SYM+I         7163.920     17  14361.840    14362.027    14465.522
 25  SYM+G4        7163.848     17  14361.695    14361.882    14465.377
 26  SYM+I+G4      7163.812     18  14363.623    14363.832    14473.404
 27  SYM+R2        7164.845     18  14365.689    14365.898    14475.470
 46  TVM+F+I       7005.308     19  14048.616    14048.849    14164.496
 47  TVM+F+G4      7005.203     19  14048.406    14048.639    14164.286
 48  TVM+F+I+G4    7005.146     20  14050.293    14050.549    14172.271
 49  TVM+F+R2      7005.945     20  14051.891    14052.148    14173.870
 68  TVMe+I        7164.384     16  14360.769    14360.935    14458.352
 69  TVMe+G4       7164.322     16  14360.644    14360.810    14458.227
 70  TVMe+I+G4     7164.291     17  14362.582    14362.769    14466.264
 71  TVMe+R2       7165.309     17  14364.618    14364.805    14468.300
 90  TIM3+F+I      7004.836     18  14045.672    14045.881    14155.453
 91  TIM3+F+G4     7004.785     18  14045.570    14045.779    14155.351
 92  TIM3+F+I+G4   7004.765     19  14047.530    14047.763    14163.410
 93  TIM3+F+R2     7005.551     19  14049.102    14049.335    14164.982
112  TIM3e+I       7164.045     15  14358.091    14358.237    14449.575
113  TIM3e+G4      7163.973     15  14357.946    14358.092    14449.430
114  TIM3e+I+G4    7163.939     16  14359.877    14360.043    14457.460
115  TIM3e+R2      7164.959     16  14361.917    14362.083    14459.500
134  TIM2+F+I      7008.528     18  14053.057    14053.266    14162.838
135  TIM2+F+G4     7008.476     18  14052.953    14053.162    14162.734
136  TIM2+F+I+G4   7008.446     19  14054.893    14055.125    14170.773
137  TIM2+F+R2     7009.244     19  14056.487    14056.720    14172.367
156  TIM2e+I       7165.242     15  14360.485    14360.631    14451.969
157  TIM2e+G4      7165.173     15  14360.345    14360.492    14451.830
158  TIM2e+I+G4    7165.134     16  14362.269    14362.435    14459.852
159  TIM2e+R2      7166.160     16  14364.320    14364.486    14461.903
178  TIM+F+I       7008.562     18  14053.124    14053.333    14162.905
179  TIM+F+G4      7008.573     18  14053.145    14053.354    14162.926
180  TIM+F+I+G4    7008.608     19  14055.215    14055.448    14171.095
181  TIM+F+R2      7009.303     19  14056.607    14056.839    14172.487
200  TIMe+I        7165.028     15  14360.057    14360.203    14451.541
201  TIMe+G4       7164.970     15  14359.940    14360.087    14451.424
202  TIMe+I+G4     7164.943     16  14361.886    14362.052    14459.469
203  TIMe+R2       7165.945     16  14363.890    14364.056    14461.473
222  TPM3u+F+I     7006.818     17  14047.636    14047.823    14151.318
223  TPM3u+F+G4    7006.735     17  14047.471    14047.658    14151.153
224  TPM3u+F+I+G4  7006.695     18  14049.391    14049.600    14159.172
225  TPM3u+F+R2    7007.469     18  14050.938    14051.147    14160.719
244  TPM3+I        7164.518     14  14357.037    14357.165    14442.422
245  TPM3+G4       7164.449     14  14356.898    14357.026    14442.283
246  TPM3+I+G4     7164.414     15  14358.827    14358.974    14450.312
247  TPM3+R2       7165.438     15  14360.876    14361.023    14452.360
266  TPM2u+F+I     7010.343     17  14054.686    14054.873    14158.368
267  TPM2u+F+G4    7010.259     17  14054.518    14054.705    14158.200
268  TPM2u+F+I+G4  7010.211     18  14056.422    14056.631    14166.203
269  TPM2u+F+R2    7010.979     18  14057.959    14058.168    14167.740
288  TPM2+I        7165.710     14  14359.421    14359.549    14444.806
289  TPM2+G4       7165.643     14  14359.286    14359.414    14444.671
290  TPM2+I+G4     7165.607     15  14361.213    14361.360    14452.698
291  TPM2+R2       7166.623     15  14363.246    14363.393    14454.731
310  K3Pu+F+I      7010.447     17  14054.893    14055.080    14158.575
311  K3Pu+F+G4     7010.424     17  14054.847    14055.034    14158.529
312  K3Pu+F+I+G4   7010.440     18  14056.880    14057.089    14166.661
313  K3Pu+F+R2     7011.117     18  14058.235    14058.444    14168.016
332  K3P+I         7165.492     14  14358.984    14359.113    14444.370
333  K3P+G4        7165.437     14  14358.874    14359.003    14444.260
334  K3P+I+G4      7165.411     15  14360.823    14360.969    14452.307
335  K3P+R2        7166.418     15  14362.836    14362.982    14454.320
354  TN+F+I        7009.768     17  14053.537    14053.724    14157.219
355  TN+F+G4       7009.742     17  14053.484    14053.671    14157.166
356  TN+F+I+G4     7009.735     18  14055.469    14055.678    14165.250
357  TN+F+R2       7010.465     18  14056.931    14057.140    14166.712
376  TNe+I         7165.267     14  14358.533    14358.661    14443.918
377  TNe+G4        7165.198     14  14358.396    14358.524    14443.781
378  TNe+I+G4      7165.161     15  14360.323    14360.469    14451.807
379  TNe+R2        7166.186     15  14362.372    14362.519    14453.856
398  HKY+F+I       7011.650     16  14055.300    14055.466    14152.883
399  HKY+F+G4      7011.594     16  14055.187    14055.353    14152.770
400  HKY+F+I+G4    7011.571     17  14057.141    14057.328    14160.823
401  HKY+F+R2      7012.288     17  14058.576    14058.763    14162.258
420  K2P+I         7165.733     13  14357.467    14357.578    14436.753
421  K2P+G4        7165.667     13  14357.335    14357.446    14436.621
422  K2P+I+G4      7165.632     14  14359.263    14359.391    14444.649
423  K2P+R2        7166.644     14  14361.287    14361.415    14446.672
442  F81+F+I       7222.427     15  14474.854    14475.000    14566.338
443  F81+F+G4      7222.670     15  14475.340    14475.487    14566.824
444  F81+F+I+G4    7222.664     16  14477.329    14477.495    14574.912
445  F81+F+R2      7223.051     16  14478.103    14478.269    14575.686
464  JC+I          7373.837     12  14771.675    14771.770    14844.862
465  JC+G4         7374.077     12  14772.154    14772.249    14845.341
466  JC+I+G4       7374.059     13  14774.117    14774.228    14853.403
467  JC+R2         7374.449     13  14774.899    14775.010    14854.185
Akaike Information Criterion:           TIM3+F+G4
Corrected Akaike Information Criterion: TIM3+F+G4
Bayesian Information Criterion:         TPM3u+F+G4
Best-fit model: TPM3u+F+G4 chosen according to BIC

All model information printed to per_gene_alignments_codon/LOC101403349_.aln.model.gz
CPU time for ModelFinder: 1.477 seconds (0h:0m:1s)
Wall-clock time for ModelFinder: 2.493 seconds (0h:0m:2s)
Generating 1000 samples for ultrafast bootstrap (seed: 365275)...

NOTE: 0 MB RAM (0 GB) is required!
Estimate model parameters (epsilon = 0.100)
1. Initial log-likelihood: -7006.735
Optimal log-likelihood: -7006.734
Rate parameters:  A-C: 1.93237  A-G: 11.04413  A-T: 1.00000  C-G: 1.93237  C-T: 11.04413  G-T: 1.00000
Base frequencies:  A: 0.371  C: 0.161  G: 0.222  T: 0.246
Gamma shape alpha: 0.205
Parameters optimization took 1 rounds (0.001 sec)
Wrote distance file to... 
Computing ML distances based on estimated model parameters...
Calculating distance matrix: done in 0.000624895 secs using 98.1% CPU
Computing ML distances took 0.000676 sec (of wall-clock time) 0.000670 sec (of CPU time)
Setting up auxiliary I and S matrices: done in 4.60148e-05 secs using 97.79% CPU
Computing RapidNJ tree took 0.000137 sec (of wall-clock time) 0.000137 sec (of CPU time)
Log-likelihood of RapidNJ tree: -7006.774
--------------------------------------------------------------------
|             INITIALIZING CANDIDATE TREE SET                      |
--------------------------------------------------------------------
Generating 98 parsimony trees... 0.091 second
Computing log-likelihood of 45 initial trees ... 0.045 seconds
Current best score: -7006.734

Do NNI search on 20 best initial trees
Estimate model parameters (epsilon = 0.100)
BETTER TREE FOUND at iteration 1: -7006.733
Iteration 10 / LogL: -7006.733 / Time: 0h:0m:2s
Iteration 20 / LogL: -7006.734 / Time: 0h:0m:2s
Finish initializing candidate tree set (1)
Current best tree score: -7006.733 / CPU time: 0.305
Number of iterations: 20
--------------------------------------------------------------------
|               OPTIMIZING CANDIDATE TREE SET                      |
--------------------------------------------------------------------
Iteration 30 / LogL: -7006.734 / Time: 0h:0m:2s (0h:0m:1s left)
Iteration 40 / LogL: -7006.738 / Time: 0h:0m:3s (0h:0m:0s left)
Iteration 50 / LogL: -7006.733 / Time: 0h:0m:3s (0h:0m:0s left)
Log-likelihood cutoff on original alignment: -7015.396
Iteration 60 / LogL: -7006.734 / Time: 0h:0m:3s (0h:0m:0s left)
Iteration 70 / LogL: -7006.734 / Time: 0h:0m:3s (0h:0m:0s left)
Iteration 80 / LogL: -7006.733 / Time: 0h:0m:3s (0h:0m:0s left)
Iteration 90 / LogL: -7006.734 / Time: 0h:0m:4s (0h:0m:0s left)
Iteration 100 / LogL: -7006.734 / Time: 0h:0m:4s (0h:0m:0s left)
Log-likelihood cutoff on original alignment: -7015.396
NOTE: Bootstrap correlation coefficient of split occurrence frequencies: 1.000
TREE SEARCH COMPLETED AFTER 102 ITERATIONS / Time: 0h:0m:4s

--------------------------------------------------------------------
|                    FINALIZING TREE SEARCH                        |
--------------------------------------------------------------------
Performs final model parameters optimization
Estimate model parameters (epsilon = 0.010)
1. Initial log-likelihood: -7006.733
Optimal log-likelihood: -7006.733
Rate parameters:  A-C: 1.93989  A-G: 11.05164  A-T: 1.00000  C-G: 1.93989  C-T: 11.05164  G-T: 1.00000
Base frequencies:  A: 0.371  C: 0.161  G: 0.222  T: 0.246
Gamma shape alpha: 0.205
Parameters optimization took 1 rounds (0.010 sec)
BEST SCORE FOUND : -7006.733
Creating bootstrap support values...
Split supports printed to NEXUS file per_gene_alignments_codon/LOC101403349_.aln.splits.nex
Total tree length: 0.189

Total number of iterations: 102
CPU time used for tree search: 1.445 sec (0h:0m:1s)
Wall-clock time used for tree search: 1.796 sec (0h:0m:1s)
Total CPU time used: 2.994 sec (0h:0m:2s)
Total wall-clock time used: 4.390 sec (0h:0m:4s)

Computing bootstrap consensus tree...
Reading input file per_gene_alignments_codon/LOC101403349_.aln.splits.nex...
7 taxa and 13 splits.
Consensus tree written to per_gene_alignments_codon/LOC101403349_.aln.contree
Reading input trees file per_gene_alignments_codon/LOC101403349_.aln.contree
Log-likelihood of consensus tree: -7006.733

Analysis results written to: 
  IQ-TREE report:                per_gene_alignments_codon/LOC101403349_.aln.iqtree
  Maximum-likelihood tree:       per_gene_alignments_codon/LOC101403349_.aln.treefile
  Likelihood distances:          per_gene_alignments_codon/LOC101403349_.aln.mldist

Ultrafast bootstrap approximation results written to:
  Split support values:          per_gene_alignments_codon/LOC101403349_.aln.splits.nex
  Consensus tree:                per_gene_alignments_codon/LOC101403349_.aln.contree
  Screen log file:               per_gene_alignments_codon/LOC101403349_.aln.log

Date and Time: Thu Oct 30 21:36:12 2025
