IQ-TREE multicore version 2.3.3 COVID-edition for Linux x86 64-bit built Apr 25 2024
Developed by Bui Quang Minh, James Barbetti, Nguyen Lam Tung, Olga Chernomor,
Heiko Schmidt, Dominik Schrempf, Michael Woodhams, Ly Trong Nhan, Thomas Wong

Host:    morpheus-OptiPlex-5050 (AVX2, FMA3, 503 GB RAM)
Command: iqtree2 -s per_gene_alignments_codon/LOC101406445_.aln.fna -m MFP -T 1 -B 1000 --prefix per_gene_alignments_codon/LOC101406445_.aln
Seed:    633704 (Using SPRNG - Scalable Parallel Random Number Generator)
Time:    Thu Oct 30 21:38:12 2025
Kernel:  AVX+FMA - 1 threads (72 CPU cores detected)

HINT: Use -nt option to specify number of threads because your CPU has 72 cores!
HINT: -nt AUTO will automatically determine the best number of threads to use.

Reading alignment file per_gene_alignments_codon/LOC101406445_.aln.fna ... Fasta format detected
Reading fasta file: done in 0.000224829 secs using 49.37% CPU
Alignment most likely contains DNA/RNA sequences
Alignment has 7 sequences with 540 columns, 42 distinct patterns
35 parsimony-informative, 21 singleton sites, 484 constant sites
                     Gap/Ambiguity  Composition  p-value
Analyzing sequences: done in 1.40667e-05 secs using 49.76% CPU
   1  Ceratotherium_simum    0.56%    passed     88.17%
   2  Diceros_bicornis       0.56%    passed     89.73%
   3  Equus_asinus           0.00%    passed     96.87%
   4  Equus_quagga           0.00%    passed     94.85%
   5  Equus_caballus         0.00%    passed     98.05%
   6  Canis_lupus            0.00%    passed     83.54%
   7  Bos_taurus             0.00%    passed     93.54%
****  TOTAL                  0.16%  0 sequences failed composition chi2 test (p-value<5%; df=3)


Create initial parsimony tree by phylogenetic likelihood library (PLL)... 0.000 seconds
Perform fast likelihood tree search using GTR+I+G model...
Estimate model parameters (epsilon = 5.000)
Perform nearest neighbor interchange...
Estimate model parameters (epsilon = 1.000)
1. Initial log-likelihood: -1084.364
Optimal log-likelihood: -1084.363
Rate parameters:  A-C: 0.32756  A-G: 4.16984  A-T: 0.04852  C-G: 0.53037  C-T: 4.54446  G-T: 1.00000
Base frequencies:  A: 0.302  C: 0.191  G: 0.240  T: 0.268
Proportion of invariable sites: 0.444
Gamma shape alpha: 0.314
Parameters optimization took 1 rounds (0.001 sec)
Time for fast ML tree search: 0.058 seconds

NOTE: ModelFinder requires 0 MB RAM!
ModelFinder will test up to 484 DNA models (sample size: 540) ...
 No. Model         -LnL         df  AIC          AICc         BIC
  1  GTR+F         1093.276     19  2224.552     2226.014     2306.092
  2  GTR+F+I       1084.347     20  2208.695     2210.313     2294.526
  3  GTR+F+G4      1084.473     20  2208.947     2210.565     2294.778
  4  GTR+F+I+G4    1084.362     21  2210.725     2212.508     2300.848
  5  GTR+F+R2      1089.238     21  2220.475     2222.259     2310.598
  6  GTR+F+R3      1084.811     23  2215.622     2217.761     2314.328
 14  GTR+F+I+R2    1084.887     22  2213.774     2215.732     2308.189
 15  GTR+F+I+R3    1084.399     24  2216.798     2219.129     2319.796
 24  SYM+I         1092.284     17  2218.568     2219.740     2291.525
 25  SYM+G4        1092.340     17  2218.679     2219.852     2291.636
 26  SYM+I+G4      1092.306     18  2220.612     2221.925     2297.860
 46  TVM+F+I       1084.367     19  2206.734     2208.196     2288.274
 47  TVM+F+G4      1084.503     19  2207.006     2208.468     2288.546
 48  TVM+F+I+G4    1084.389     20  2208.778     2210.397     2294.610
 68  TVMe+I        1092.335     16  2216.669     2217.709     2285.334
 69  TVMe+G4       1092.380     16  2216.760     2217.800     2285.425
 70  TVMe+I+G4     1092.344     17  2218.688     2219.860     2291.644
 90  TIM3+F+I      1086.999     18  2209.999     2211.312     2287.247
 91  TIM3+F+G4     1087.021     18  2210.042     2211.354     2287.290
 92  TIM3+F+I+G4   1087.096     19  2212.193     2213.654     2293.733
112  TIM3e+I       1094.378     15  2218.755     2219.671     2283.129
113  TIM3e+G4      1094.383     15  2218.767     2219.683     2283.140
114  TIM3e+I+G4    1094.477     16  2220.953     2221.993     2289.618
134  TIM2+F+I      1084.970     18  2205.941     2207.254     2283.189
135  TIM2+F+G4     1085.081     18  2206.162     2207.475     2283.410
136  TIM2+F+I+G4   1084.958     19  2207.917     2209.378     2289.456
156  TIM2e+I       1093.009     15  2216.019     2216.935     2280.392
157  TIM2e+G4      1093.057     15  2216.113     2217.029     2280.487
158  TIM2e+I+G4    1093.022     16  2218.043     2219.083     2286.708
178  TIM+F+I       1085.869     18  2207.739     2209.052     2284.987
179  TIM+F+G4      1085.907     18  2207.814     2209.127     2285.063
180  TIM+F+I+G4    1085.963     19  2209.925     2211.387     2291.465
200  TIMe+I        1093.568     15  2217.136     2218.052     2281.509
201  TIMe+G4       1093.580     15  2217.160     2218.076     2281.533
202  TIMe+I+G4     1093.661     16  2219.323     2220.363     2287.988
222  TPM3u+F+I     1087.049     17  2208.097     2209.270     2281.054
223  TPM3u+F+G4    1087.078     17  2208.156     2209.329     2281.113
224  TPM3u+F+I+G4  1087.158     18  2210.316     2211.629     2287.564
244  TPM3+I        1094.407     14  2216.814     2217.614     2276.896
245  TPM3+G4       1094.411     14  2216.822     2217.622     2276.904
246  TPM3+I+G4     1094.495     15  2218.990     2219.906     2283.364
266  TPM2u+F+I     1084.988     17  2203.975     2205.148     2276.932
267  TPM2u+F+G4    1085.113     17  2204.225     2205.398     2277.182
268  TPM2u+F+I+G4  1084.983     18  2205.967     2207.280     2283.215
288  TPM2+I        1093.059     14  2214.118     2214.918     2274.200
289  TPM2+G4       1093.098     14  2214.196     2214.996     2274.278
290  TPM2+I+G4     1093.061     15  2216.122     2217.038     2280.496
310  K3Pu+F+I      1085.918     17  2205.836     2207.009     2278.793
311  K3Pu+F+G4     1085.964     17  2205.929     2207.101     2278.886
312  K3Pu+F+I+G4   1086.023     18  2208.047     2209.360     2285.295
332  K3P+I         1093.600     14  2215.200     2216.000     2275.282
333  K3P+G4        1093.608     14  2215.216     2216.016     2275.298
334  K3P+I+G4      1093.685     15  2217.371     2218.287     2281.744
354  TN+F+I        1087.010     17  2208.020     2209.193     2280.977
355  TN+F+G4       1087.033     17  2208.065     2209.238     2281.022
356  TN+F+I+G4     1087.109     18  2210.218     2211.531     2287.466
376  TNe+I         1094.519     14  2217.037     2217.837     2277.119
377  TNe+G4        1094.525     14  2217.049     2217.849     2277.131
378  TNe+I+G4      1094.625     15  2219.250     2220.166     2283.624
398  HKY+F+I       1087.061     16  2206.121     2207.162     2274.787
399  HKY+F+G4      1087.091     16  2206.181     2207.221     2274.846
400  HKY+F+I+G4    1087.171     17  2208.342     2209.515     2281.299
420  K2P+I         1094.549     13  2215.097     2215.789     2270.888
421  K2P+G4        1094.554     13  2215.107     2215.799     2270.898
422  K2P+I+G4      1094.648     14  2217.297     2218.097     2277.379
442  F81+F+I       1118.752     15  2267.504     2268.420     2331.877
443  F81+F+G4      1118.755     15  2267.510     2268.426     2331.884
444  F81+F+I+G4    1118.914     16  2269.828     2270.868     2338.493
464  JC+I          1125.598     12  2275.195     2275.787     2326.694
465  JC+G4         1125.602     12  2275.203     2275.795     2326.702
466  JC+I+G4       1125.774     13  2277.548     2278.240     2333.339
Akaike Information Criterion:           TPM2u+F+I
Corrected Akaike Information Criterion: TPM2u+F+I
Bayesian Information Criterion:         K2P+I
Best-fit model: K2P+I chosen according to BIC

All model information printed to per_gene_alignments_codon/LOC101406445_.aln.model.gz
CPU time for ModelFinder: 0.398 seconds (0h:0m:0s)
Wall-clock time for ModelFinder: 0.912 seconds (0h:0m:0s)
Generating 1000 samples for ultrafast bootstrap (seed: 633704)...

NOTE: 0 MB RAM (0 GB) is required!
Estimate model parameters (epsilon = 0.100)
1. Initial log-likelihood: -1094.549
Optimal log-likelihood: -1094.549
Rate parameters:  A-C: 1.00000  A-G: 9.24834  A-T: 1.00000  C-G: 1.00000  C-T: 9.24834  G-T: 1.00000
Base frequencies:  A: 0.250  C: 0.250  G: 0.250  T: 0.250
Proportion of invariable sites: 0.756
Parameters optimization took 1 rounds (0.000 sec)
Wrote distance file to... 
Computing ML distances based on estimated model parameters...
Calculating distance matrix: done in 0.000174999 secs using 99.43% CPU
Computing ML distances took 0.000217 sec (of wall-clock time) 0.000223 sec (of CPU time)
Setting up auxiliary I and S matrices: done in 4.1008e-05 secs using 200% CPU
Computing RapidNJ tree took 0.000116 sec (of wall-clock time) 0.000232 sec (of CPU time)
Log-likelihood of RapidNJ tree: -1094.551
--------------------------------------------------------------------
|             INITIALIZING CANDIDATE TREE SET                      |
--------------------------------------------------------------------
Generating 98 parsimony trees... 0.096 second
Computing log-likelihood of 47 initial trees ... 0.027 seconds
Current best score: -1094.549

Do NNI search on 20 best initial trees
Estimate model parameters (epsilon = 0.100)
BETTER TREE FOUND at iteration 1: -1094.549
UPDATE BEST LOG-LIKELIHOOD: -1094.549
UPDATE BEST LOG-LIKELIHOOD: -1094.549
Iteration 10 / LogL: -1094.549 / Time: 0h:0m:1s
UPDATE BEST LOG-LIKELIHOOD: -1094.549
UPDATE BEST LOG-LIKELIHOOD: -1094.549
Iteration 20 / LogL: -1094.549 / Time: 0h:0m:1s
Finish initializing candidate tree set (4)
Current best tree score: -1094.549 / CPU time: 0.313
Number of iterations: 20
--------------------------------------------------------------------
|               OPTIMIZING CANDIDATE TREE SET                      |
--------------------------------------------------------------------
UPDATE BEST LOG-LIKELIHOOD: -1094.549
Iteration 30 / LogL: -1094.549 / Time: 0h:0m:1s (0h:0m:1s left)
WARNING: NNI search needs unusual large number of steps (7) to converge!
Iteration 40 / LogL: -1094.550 / Time: 0h:0m:1s (0h:0m:1s left)
UPDATE BEST LOG-LIKELIHOOD: -1094.549
WARNING: NNI search needs unusual large number of steps (7) to converge!
Iteration 50 / LogL: -1094.550 / Time: 0h:0m:1s (0h:0m:0s left)
Log-likelihood cutoff on original alignment: -1116.676
Iteration 60 / LogL: -1103.016 / Time: 0h:0m:2s (0h:0m:0s left)
UPDATE BEST LOG-LIKELIHOOD: -1094.549
Iteration 70 / LogL: -1094.549 / Time: 0h:0m:2s (0h:0m:0s left)
UPDATE BEST LOG-LIKELIHOOD: -1094.549
Iteration 80 / LogL: -1094.550 / Time: 0h:0m:2s (0h:0m:0s left)
UPDATE BEST LOG-LIKELIHOOD: -1094.549
Iteration 90 / LogL: -1094.549 / Time: 0h:0m:2s (0h:0m:0s left)
WARNING: NNI search needs unusual large number of steps (7) to converge!
Iteration 100 / LogL: -1094.550 / Time: 0h:0m:2s (0h:0m:0s left)
Log-likelihood cutoff on original alignment: -1116.709
NOTE: Bootstrap correlation coefficient of split occurrence frequencies: 1.000
TREE SEARCH COMPLETED AFTER 102 ITERATIONS / Time: 0h:0m:2s

--------------------------------------------------------------------
|                    FINALIZING TREE SEARCH                        |
--------------------------------------------------------------------
Performs final model parameters optimization
Estimate model parameters (epsilon = 0.010)
1. Initial log-likelihood: -1094.549
Optimal log-likelihood: -1094.549
Rate parameters:  A-C: 1.00000  A-G: 9.24461  A-T: 1.00000  C-G: 1.00000  C-T: 9.24461  G-T: 1.00000
Base frequencies:  A: 0.250  C: 0.250  G: 0.250  T: 0.250
Proportion of invariable sites: 0.756
Parameters optimization took 1 rounds (0.000 sec)
BEST SCORE FOUND : -1094.549
Creating bootstrap support values...
Split supports printed to NEXUS file per_gene_alignments_codon/LOC101406445_.aln.splits.nex
Total tree length: 0.142

Total number of iterations: 102
CPU time used for tree search: 1.025 sec (0h:0m:1s)
Wall-clock time used for tree search: 1.728 sec (0h:0m:1s)
Total CPU time used: 1.480 sec (0h:0m:1s)
Total wall-clock time used: 2.766 sec (0h:0m:2s)

Computing bootstrap consensus tree...
Reading input file per_gene_alignments_codon/LOC101406445_.aln.splits.nex...
7 taxa and 22 splits.
Consensus tree written to per_gene_alignments_codon/LOC101406445_.aln.contree
Reading input trees file per_gene_alignments_codon/LOC101406445_.aln.contree
Log-likelihood of consensus tree: -1094.551

Analysis results written to: 
  IQ-TREE report:                per_gene_alignments_codon/LOC101406445_.aln.iqtree
  Maximum-likelihood tree:       per_gene_alignments_codon/LOC101406445_.aln.treefile
  Likelihood distances:          per_gene_alignments_codon/LOC101406445_.aln.mldist

Ultrafast bootstrap approximation results written to:
  Split support values:          per_gene_alignments_codon/LOC101406445_.aln.splits.nex
  Consensus tree:                per_gene_alignments_codon/LOC101406445_.aln.contree
  Screen log file:               per_gene_alignments_codon/LOC101406445_.aln.log

Date and Time: Thu Oct 30 21:38:15 2025
