IQ-TREE multicore version 2.3.3 COVID-edition for Linux x86 64-bit built Apr 25 2024
Developed by Bui Quang Minh, James Barbetti, Nguyen Lam Tung, Olga Chernomor,
Heiko Schmidt, Dominik Schrempf, Michael Woodhams, Ly Trong Nhan, Thomas Wong

Host:    morpheus-OptiPlex-5050 (AVX2, FMA3, 503 GB RAM)
Command: iqtree2 -s per_gene_alignments_codon/LOC101397228_.aln.fna -m MFP -T 1 -B 1000 --prefix per_gene_alignments_codon/LOC101397228_.aln
Seed:    697077 (Using SPRNG - Scalable Parallel Random Number Generator)
Time:    Thu Oct 30 21:31:53 2025
Kernel:  AVX+FMA - 1 threads (72 CPU cores detected)

HINT: Use -nt option to specify number of threads because your CPU has 72 cores!
HINT: -nt AUTO will automatically determine the best number of threads to use.

Reading alignment file per_gene_alignments_codon/LOC101397228_.aln.fna ... Fasta format detected
Reading fasta file: done in 0.000206947 secs using 24.64% CPU
Alignment most likely contains DNA/RNA sequences
Alignment has 7 sequences with 567 columns, 56 distinct patterns
39 parsimony-informative, 54 singleton sites, 474 constant sites
                     Gap/Ambiguity  Composition  p-value
Analyzing sequences: done in 1.28746e-05 secs using 23.3% CPU
   1  Ceratotherium_simum    0.00%    passed     99.97%
   2  Diceros_bicornis       0.00%    passed     99.95%
   3  Equus_asinus           0.00%    passed     97.98%
   4  Equus_quagga           0.00%    passed     99.67%
   5  Equus_caballus         0.00%    passed     98.87%
   6  Canis_lupus            0.00%    passed     97.84%
   7  Bos_taurus             0.00%    passed     93.66%
****  TOTAL                  0.00%  0 sequences failed composition chi2 test (p-value<5%; df=3)


Create initial parsimony tree by phylogenetic likelihood library (PLL)... 0.000 seconds
Perform fast likelihood tree search using GTR+I+G model...
Estimate model parameters (epsilon = 5.000)
Perform nearest neighbor interchange...
Estimate model parameters (epsilon = 1.000)
1. Initial log-likelihood: -1334.973
Optimal log-likelihood: -1334.633
Rate parameters:  A-C: 1.21676  A-G: 3.48552  A-T: 0.26996  C-G: 0.58295  C-T: 5.08530  G-T: 1.00000
Base frequencies:  A: 0.318  C: 0.192  G: 0.237  T: 0.253
Proportion of invariable sites: 0.414
Gamma shape alpha: 0.761
Parameters optimization took 1 rounds (0.003 sec)
Time for fast ML tree search: 0.041 seconds

NOTE: ModelFinder requires 0 MB RAM!
ModelFinder will test up to 484 DNA models (sample size: 567) ...
 No. Model         -LnL         df  AIC          AICc         BIC
  1  GTR+F         1344.788     19  2727.577     2728.966     2810.044
  2  GTR+F+I       1334.711     20  2709.422     2710.960     2796.229
  3  GTR+F+G4      1334.635     20  2709.270     2710.808     2796.077
  4  GTR+F+I+G4    1334.580     21  2711.159     2712.855     2802.307
  5  GTR+F+R2      1335.182     21  2712.364     2714.059     2803.511
  6  GTR+F+R3      1334.841     23  2715.682     2717.715     2815.510
 14  GTR+F+I+R2    1334.721     22  2713.442     2715.303     2808.930
 15  GTR+F+I+R3    1334.614     24  2717.227     2719.441     2821.396
 24  SYM+I         1345.304     17  2724.609     2725.724     2798.395
 25  SYM+G4        1345.261     17  2724.523     2725.637     2798.309
 26  SYM+I+G4      1345.225     18  2726.449     2727.697     2804.576
 27  SYM+R2        1345.863     18  2727.725     2728.973     2805.852
 46  TVM+F+I       1335.545     19  2709.089     2710.478     2791.556
 47  TVM+F+G4      1335.537     19  2709.073     2710.463     2791.540
 48  TVM+F+I+G4    1335.519     20  2711.037     2712.576     2797.844
 49  TVM+F+R2      1336.051     20  2712.102     2713.641     2798.910
 68  TVMe+I        1345.395     16  2722.790     2723.779     2792.236
 69  TVMe+G4       1345.369     16  2722.738     2723.727     2792.184
 70  TVMe+I+G4     1345.342     17  2724.683     2725.798     2798.469
 71  TVMe+R2       1345.989     17  2725.977     2727.092     2799.763
 90  TIM3+F+I      1336.741     18  2709.482     2710.731     2787.609
 91  TIM3+F+G4     1336.695     18  2709.390     2710.638     2787.516
 92  TIM3+F+I+G4   1336.664     19  2711.328     2712.717     2793.795
 93  TIM3+F+R2     1337.262     19  2712.523     2713.912     2794.990
112  TIM3e+I       1347.018     15  2724.037     2724.908     2789.142
113  TIM3e+G4      1347.021     15  2724.042     2724.913     2789.147
114  TIM3e+I+G4    1347.018     16  2726.037     2727.026     2795.483
115  TIM3e+R2      1347.705     16  2727.409     2728.398     2796.855
134  TIM2+F+I      1337.316     18  2710.632     2711.881     2788.759
135  TIM2+F+G4     1337.299     18  2710.597     2711.846     2788.724
136  TIM2+F+I+G4   1337.288     19  2712.575     2713.965     2795.042
137  TIM2+F+R2     1337.939     19  2713.878     2715.268     2796.345
156  TIM2e+I       1347.183     15  2724.366     2725.237     2789.472
157  TIM2e+G4      1347.199     15  2724.399     2725.270     2789.504
158  TIM2e+I+G4    1347.207     16  2726.415     2727.404     2795.861
159  TIM2e+R2      1347.872     16  2727.745     2728.734     2797.190
178  TIM+F+I       1335.101     18  2706.202     2707.450     2784.328
179  TIM+F+G4      1335.053     18  2706.107     2707.355     2784.233
180  TIM+F+I+G4    1335.019     19  2708.038     2709.428     2790.505
181  TIM+F+R2      1335.620     19  2709.239     2710.629     2791.706
200  TIMe+I        1345.387     15  2720.773     2721.644     2785.878
201  TIMe+G4       1345.353     15  2720.707     2721.578     2785.812
202  TIMe+I+G4     1345.325     16  2722.650     2723.639     2792.095
203  TIMe+R2       1345.956     16  2723.912     2724.901     2793.358
222  TPM3u+F+I     1337.590     17  2709.179     2710.294     2782.965
223  TPM3u+F+G4    1337.614     17  2709.229     2710.343     2783.015
224  TPM3u+F+I+G4  1337.623     18  2711.246     2712.494     2789.372
225  TPM3u+F+R2    1338.236     18  2712.473     2713.721     2790.599
244  TPM3+I        1347.113     14  2722.226     2722.987     2782.991
245  TPM3+G4       1347.134     14  2722.267     2723.028     2783.032
246  TPM3+I+G4     1347.141     15  2724.282     2725.153     2789.387
247  TPM3+R2       1347.834     15  2725.667     2726.538     2790.773
266  TPM2u+F+I     1338.128     17  2710.257     2711.372     2784.043
267  TPM2u+F+G4    1338.177     17  2710.353     2711.468     2784.140
268  TPM2u+F+I+G4  1338.202     18  2712.404     2713.652     2790.530
269  TPM2u+F+R2    1338.782     18  2713.564     2714.812     2791.690
288  TPM2+I        1347.277     14  2722.554     2723.315     2783.319
289  TPM2+G4       1347.309     14  2722.618     2723.379     2783.383
290  TPM2+I+G4     1347.325     15  2724.650     2725.522     2789.756
291  TPM2+R2       1347.996     15  2725.991     2726.863     2791.097
310  K3Pu+F+I      1335.905     17  2705.811     2706.925     2779.597
311  K3Pu+F+G4     1335.925     17  2705.851     2706.966     2779.637
312  K3Pu+F+I+G4   1335.932     18  2707.863     2709.112     2785.990
313  K3Pu+F+R2     1336.459     18  2708.918     2710.167     2787.045
332  K3P+I         1345.481     14  2718.963     2719.724     2779.728
333  K3P+G4        1345.463     14  2718.927     2719.688     2779.692
334  K3P+I+G4      1345.445     15  2720.890     2721.761     2785.995
335  K3P+R2        1346.080     15  2722.159     2723.030     2787.265
354  TN+F+I        1337.390     17  2708.781     2709.895     2782.567
355  TN+F+G4       1337.376     17  2708.752     2709.866     2782.538
356  TN+F+I+G4     1337.368     18  2710.737     2711.985     2788.863
357  TN+F+R2       1338.016     18  2712.033     2713.281     2790.159
376  TNe+I         1347.186     14  2722.372     2723.133     2783.137
377  TNe+G4        1347.201     14  2722.401     2723.162     2783.166
378  TNe+I+G4      1347.206     15  2724.413     2725.284     2789.518
379  TNe+R2        1347.870     15  2725.741     2726.612     2790.846
398  HKY+F+I       1338.204     16  2708.408     2709.397     2777.853
399  HKY+F+G4      1338.255     16  2708.509     2709.498     2777.955
400  HKY+F+I+G4    1338.285     17  2710.570     2711.685     2784.356
401  HKY+F+R2      1338.859     17  2711.718     2712.833     2785.505
420  K2P+I         1347.280     13  2720.561     2721.219     2776.986
421  K2P+G4        1347.312     13  2720.623     2721.281     2777.048
422  K2P+I+G4      1347.327     14  2722.654     2723.415     2783.419
423  K2P+R2        1347.997     14  2723.994     2724.755     2784.759
442  F81+F+I       1370.242     15  2770.484     2771.355     2835.590
443  F81+F+G4      1370.221     15  2770.441     2771.312     2835.546
444  F81+F+I+G4    1370.220     16  2772.439     2773.428     2841.885
445  F81+F+R2      1370.855     16  2773.711     2774.700     2843.157
464  JC+I          1378.704     12  2781.409     2781.972     2833.493
465  JC+G4         1378.699     12  2781.398     2781.961     2833.483
466  JC+I+G4       1378.705     13  2783.411     2784.069     2839.836
467  JC+R2         1379.382     13  2784.764     2785.422     2841.188
Akaike Information Criterion:           K3Pu+F+I
Corrected Akaike Information Criterion: K3Pu+F+I
Bayesian Information Criterion:         K2P+I
Best-fit model: K2P+I chosen according to BIC

All model information printed to per_gene_alignments_codon/LOC101397228_.aln.model.gz
CPU time for ModelFinder: 0.770 seconds (0h:0m:0s)
Wall-clock time for ModelFinder: 1.709 seconds (0h:0m:1s)
Generating 1000 samples for ultrafast bootstrap (seed: 697077)...

NOTE: 0 MB RAM (0 GB) is required!
Estimate model parameters (epsilon = 0.100)
1. Initial log-likelihood: -1347.280
Optimal log-likelihood: -1347.280
Rate parameters:  A-C: 1.00000  A-G: 5.33607  A-T: 1.00000  C-G: 1.00000  C-T: 5.33607  G-T: 1.00000
Base frequencies:  A: 0.250  C: 0.250  G: 0.250  T: 0.250
Proportion of invariable sites: 0.646
Parameters optimization took 1 rounds (0.000 sec)
Wrote distance file to... 
Computing ML distances based on estimated model parameters...
Calculating distance matrix: done in 0.00018692 secs using 99.51% CPU
Computing ML distances took 0.000227 sec (of wall-clock time) 0.000233 sec (of CPU time)
Setting up auxiliary I and S matrices: done in 4.69685e-05 secs using 206.5% CPU
Computing RapidNJ tree took 0.000141 sec (of wall-clock time) 0.000269 sec (of CPU time)
Log-likelihood of RapidNJ tree: -1347.898
--------------------------------------------------------------------
|             INITIALIZING CANDIDATE TREE SET                      |
--------------------------------------------------------------------
Generating 98 parsimony trees... 0.056 second
Computing log-likelihood of 47 initial trees ... 0.019 seconds
Current best score: -1347.280

Do NNI search on 20 best initial trees
Estimate model parameters (epsilon = 0.100)
BETTER TREE FOUND at iteration 1: -1347.280
UPDATE BEST LOG-LIKELIHOOD: -1347.280
Iteration 10 / LogL: -1347.282 / Time: 0h:0m:1s
Iteration 20 / LogL: -1369.352 / Time: 0h:0m:1s
Finish initializing candidate tree set (2)
Current best tree score: -1347.280 / CPU time: 0.189
Number of iterations: 20
--------------------------------------------------------------------
|               OPTIMIZING CANDIDATE TREE SET                      |
--------------------------------------------------------------------
Iteration 30 / LogL: -1347.294 / Time: 0h:0m:2s (0h:0m:0s left)
UPDATE BEST LOG-LIKELIHOOD: -1347.279
UPDATE BEST LOG-LIKELIHOOD: -1347.279
Iteration 40 / LogL: -1347.294 / Time: 0h:0m:2s (0h:0m:0s left)
Iteration 50 / LogL: -1347.279 / Time: 0h:0m:2s (0h:0m:0s left)
Log-likelihood cutoff on original alignment: -1383.120
Iteration 60 / LogL: -1347.400 / Time: 0h:0m:2s (0h:0m:0s left)
Iteration 70 / LogL: -1437.328 / Time: 0h:0m:2s (0h:0m:0s left)
Iteration 80 / LogL: -1347.674 / Time: 0h:0m:3s (0h:0m:0s left)
Iteration 90 / LogL: -1347.674 / Time: 0h:0m:3s (0h:0m:0s left)
Iteration 100 / LogL: -1347.358 / Time: 0h:0m:3s (0h:0m:0s left)
Log-likelihood cutoff on original alignment: -1383.091
NOTE: Bootstrap correlation coefficient of split occurrence frequencies: 1.000
TREE SEARCH COMPLETED AFTER 102 ITERATIONS / Time: 0h:0m:3s

--------------------------------------------------------------------
|                    FINALIZING TREE SEARCH                        |
--------------------------------------------------------------------
Performs final model parameters optimization
Estimate model parameters (epsilon = 0.010)
1. Initial log-likelihood: -1347.279
Optimal log-likelihood: -1347.279
Rate parameters:  A-C: 1.00000  A-G: 5.32373  A-T: 1.00000  C-G: 1.00000  C-T: 5.32373  G-T: 1.00000
Base frequencies:  A: 0.250  C: 0.250  G: 0.250  T: 0.250
Proportion of invariable sites: 0.646
Parameters optimization took 1 rounds (0.001 sec)
BEST SCORE FOUND : -1347.279
Creating bootstrap support values...
Split supports printed to NEXUS file per_gene_alignments_codon/LOC101397228_.aln.splits.nex
Total tree length: 0.230

Total number of iterations: 102
CPU time used for tree search: 1.005 sec (0h:0m:1s)
Wall-clock time used for tree search: 1.805 sec (0h:0m:1s)
Total CPU time used: 1.829 sec (0h:0m:1s)
Total wall-clock time used: 3.653 sec (0h:0m:3s)

Computing bootstrap consensus tree...
Reading input file per_gene_alignments_codon/LOC101397228_.aln.splits.nex...
7 taxa and 25 splits.
Consensus tree written to per_gene_alignments_codon/LOC101397228_.aln.contree
Reading input trees file per_gene_alignments_codon/LOC101397228_.aln.contree
Log-likelihood of consensus tree: -1347.280

Analysis results written to: 
  IQ-TREE report:                per_gene_alignments_codon/LOC101397228_.aln.iqtree
  Maximum-likelihood tree:       per_gene_alignments_codon/LOC101397228_.aln.treefile
  Likelihood distances:          per_gene_alignments_codon/LOC101397228_.aln.mldist

Ultrafast bootstrap approximation results written to:
  Split support values:          per_gene_alignments_codon/LOC101397228_.aln.splits.nex
  Consensus tree:                per_gene_alignments_codon/LOC101397228_.aln.contree
  Screen log file:               per_gene_alignments_codon/LOC101397228_.aln.log

Date and Time: Thu Oct 30 21:31:57 2025
