IQ-TREE multicore version 2.3.3 COVID-edition for Linux x86 64-bit built Apr 25 2024
Developed by Bui Quang Minh, James Barbetti, Nguyen Lam Tung, Olga Chernomor,
Heiko Schmidt, Dominik Schrempf, Michael Woodhams, Ly Trong Nhan, Thomas Wong

Host:    morpheus-OptiPlex-5050 (AVX2, FMA3, 503 GB RAM)
Command: iqtree2 -s per_gene_alignments_codon/LOC101406302_.aln.fna -m MFP -T 1 -B 1000 --prefix per_gene_alignments_codon/LOC101406302_.aln
Seed:    287058 (Using SPRNG - Scalable Parallel Random Number Generator)
Time:    Thu Oct 30 21:38:06 2025
Kernel:  AVX+FMA - 1 threads (72 CPU cores detected)

HINT: Use -nt option to specify number of threads because your CPU has 72 cores!
HINT: -nt AUTO will automatically determine the best number of threads to use.

Reading alignment file per_gene_alignments_codon/LOC101406302_.aln.fna ... Fasta format detected
Reading fasta file: done in 0.000226974 secs
Alignment most likely contains DNA/RNA sequences
Alignment has 7 sequences with 624 columns, 48 distinct patterns
40 parsimony-informative, 70 singleton sites, 514 constant sites
                     Gap/Ambiguity  Composition  p-value
Analyzing sequences: done in 1.09673e-05 secs
   1  Ceratotherium_simum    0.00%    passed     98.85%
   2  Diceros_bicornis       0.00%    passed     97.98%
   3  Equus_asinus           0.00%    passed     95.87%
   4  Equus_quagga           0.00%    passed     95.87%
   5  Equus_caballus         0.00%    passed     96.98%
   6  Canis_lupus            0.00%    passed     35.60%
   7  Bos_taurus             0.00%    passed     59.31%
****  TOTAL                  0.00%  0 sequences failed composition chi2 test (p-value<5%; df=3)
NOTE: Equus_quagga is identical to Equus_asinus but kept for subsequent analysis


Create initial parsimony tree by phylogenetic likelihood library (PLL)... 0.000 seconds
Perform fast likelihood tree search using GTR+I+G model...
Estimate model parameters (epsilon = 5.000)
Perform nearest neighbor interchange...
Estimate model parameters (epsilon = 1.000)
1. Initial log-likelihood: -1404.816
Optimal log-likelihood: -1404.603
Rate parameters:  A-C: 3.03149  A-G: 7.37967  A-T: 0.00010  C-G: 1.45266  C-T: 8.48570  G-T: 1.00000
Warning! Some parameters hit the boundaries
Base frequencies:  A: 0.112  C: 0.355  G: 0.360  T: 0.173
Proportion of invariable sites: 0.407
Gamma shape alpha: 1.288
Parameters optimization took 1 rounds (0.047 sec)
Time for fast ML tree search: 0.115 seconds

NOTE: ModelFinder requires 0 MB RAM!
ModelFinder will test up to 484 DNA models (sample size: 624) ...
 No. Model         -LnL         df  AIC          AICc         BIC
  1  GTR+F         1410.476     19  2858.953     2860.211     2943.239
  2  GTR+F+I       1404.654     20  2849.308     2850.701     2938.031
  3  GTR+F+G4      1404.631     20  2849.261     2850.654     2937.984
  4  GTR+F+I+G4    1404.629     21  2851.257     2852.792     2944.417
  5  GTR+F+R2      1406.692     21  2855.384     2856.919     2948.543
  6  GTR+F+R3      1404.722     23  2855.444     2857.284     2957.475
 14  GTR+F+I+R2    1404.626     22  2853.251     2854.935     2950.847
 15  GTR+F+I+R3    1404.655     24  2857.310     2859.314     2963.778
 23  SYM           1474.988     16  2981.977     2982.873     3052.955
 24  SYM+I         1471.833     17  2977.665     2978.675     3053.080
 25  SYM+G4        1471.904     17  2977.809     2978.818     3053.223
 26  SYM+I+G4      1471.873     18  2979.747     2980.877     3059.598
 45  TVM+F         1410.561     18  2857.121     2858.252     2936.972
 46  TVM+F+I       1404.795     19  2847.590     2848.848     2931.877
 47  TVM+F+G4      1404.730     19  2847.461     2848.719     2931.748
 48  TVM+F+I+G4    1404.723     20  2849.447     2850.840     2938.170
 67  TVMe          1476.448     15  2982.895     2983.685     3049.438
 68  TVMe+I        1473.577     16  2979.153     2980.050     3050.132
 69  TVMe+G4       1473.657     16  2979.315     2980.211     3050.293
 70  TVMe+I+G4     1473.639     17  2981.279     2982.289     3056.693
 89  TIM3+F        1413.126     17  2860.252     2861.262     2935.666
 90  TIM3+F+I      1406.711     18  2849.422     2850.552     2929.273
 91  TIM3+F+G4     1406.627     18  2849.254     2850.385     2929.105
 92  TIM3+F+I+G4   1406.633     19  2851.266     2852.524     2935.553
111  TIM3e         1477.827     14  2983.653     2984.343     3045.759
112  TIM3e+I       1474.370     15  2978.739     2979.529     3045.282
113  TIM3e+G4      1474.308     15  2978.615     2979.405     3045.157
114  TIM3e+I+G4    1474.337     16  2980.674     2981.570     3051.652
133  TIM2+F        1415.491     17  2864.983     2865.993     2940.397
134  TIM2+F+I      1407.774     18  2851.548     2852.679     2931.399
135  TIM2+F+G4     1407.809     18  2851.617     2852.748     2931.468
136  TIM2+F+I+G4   1407.873     19  2853.746     2855.004     2938.032
155  TIM2e         1482.724     14  2993.449     2994.138     3055.555
156  TIM2e+I       1479.027     15  2988.053     2988.843     3054.595
157  TIM2e+G4      1479.220     15  2988.440     2989.229     3054.982
158  TIM2e+I+G4    1479.124     16  2990.249     2991.145     3061.227
177  TIM+F         1415.695     17  2865.391     2866.401     2940.805
178  TIM+F+I       1408.352     18  2852.705     2853.835     2932.555
179  TIM+F+G4      1408.517     18  2853.034     2854.164     2932.884
180  TIM+F+I+G4    1408.588     19  2855.176     2856.435     2939.463
199  TIMe          1483.212     14  2994.424     2995.113     3056.530
200  TIMe+I        1479.365     15  2988.731     2989.520     3055.273
201  TIMe+G4       1479.503     15  2989.007     2989.796     3055.549
202  TIMe+I+G4     1479.443     16  2990.887     2991.783     3061.865
221  TPM3u+F       1413.207     16  2858.415     2859.311     2929.393
222  TPM3u+F+I     1406.881     17  2847.762     2848.772     2923.177
223  TPM3u+F+G4    1406.763     17  2847.525     2848.535     2922.940
224  TPM3u+F+I+G4  1406.771     18  2849.541     2850.672     2929.392
243  TPM3          1479.399     13  2984.798     2985.395     3042.468
244  TPM3+I        1476.126     14  2980.252     2980.942     3042.358
245  TPM3+G4       1476.060     14  2980.120     2980.810     3042.226
246  TPM3+I+G4     1476.095     15  2982.190     2982.980     3048.732
265  TPM2u+F       1415.566     16  2863.132     2864.029     2934.111
266  TPM2u+F+I     1407.949     17  2849.898     2850.908     2925.312
267  TPM2u+F+G4    1407.925     17  2849.850     2850.860     2925.264
268  TPM2u+F+I+G4  1407.977     18  2851.955     2853.085     2931.805
287  TPM2          1484.324     13  2994.648     2995.245     3052.318
288  TPM2+I        1480.699     14  2989.399     2990.088     3051.505
289  TPM2+G4       1480.849     14  2989.697     2990.387     3051.803
290  TPM2+I+G4     1480.776     15  2991.552     2992.342     3058.095
309  K3Pu+F        1415.775     16  2863.550     2864.446     2934.528
310  K3Pu+F+I      1408.589     17  2851.178     2852.188     2926.593
311  K3Pu+F+G4     1408.689     17  2851.378     2852.388     2926.792
312  K3Pu+F+I+G4   1408.749     18  2853.498     2854.628     2933.349
331  K3P           1484.788     13  2995.575     2996.172     3053.245
332  K3P+I         1481.042     14  2990.085     2990.774     3052.191
333  K3P+G4        1481.132     14  2990.263     2990.953     3052.370
334  K3P+I+G4      1481.095     15  2992.191     2992.980     3058.733
353  TN+F          1415.848     16  2863.696     2864.592     2934.675
354  TN+F+I        1408.567     17  2851.134     2852.144     2926.549
355  TN+F+G4       1408.711     17  2851.422     2852.431     2926.836
356  TN+F+I+G4     1408.780     18  2853.560     2854.690     2933.411
375  TNe           1483.442     13  2992.885     2993.482     3050.555
376  TNe+I         1479.671     14  2987.341     2988.031     3049.447
377  TNe+G4        1479.834     14  2987.667     2988.357     3049.773
378  TNe+I+G4      1479.759     15  2989.517     2990.307     3056.060
397  HKY+F         1415.925     15  2861.850     2862.640     2928.393
398  HKY+F+I       1408.787     16  2849.574     2850.470     2920.552
399  HKY+F+G4      1408.877     16  2849.754     2850.650     2920.732
400  HKY+F+I+G4    1408.935     17  2851.871     2852.880     2927.285
419  K2P           1485.022     12  2994.043     2994.554     3047.277
420  K2P+I         1481.355     13  2988.710     2989.307     3046.380
421  K2P+G4        1481.471     13  2988.943     2989.539     3046.613
422  K2P+I+G4      1481.418     14  2990.837     2991.527     3052.943
441  F81+F         1448.852     14  2925.705     2926.394     2987.811
442  F81+F+I       1444.470     15  2918.939     2919.729     2985.481
443  F81+F+G4      1444.555     15  2919.109     2919.899     2985.652
444  F81+F+I+G4    1444.534     16  2921.068     2921.964     2992.046
463  JC            1508.953     11  3039.907     3040.338     3088.704
464  JC+I          1505.560     12  3035.119     3035.630     3088.353
465  JC+G4         1505.690     12  3035.380     3035.890     3088.613
466  JC+I+G4       1505.620     13  3037.240     3037.837     3094.910
Akaike Information Criterion:           TVM+F+G4
Corrected Akaike Information Criterion: TPM3u+F+G4
Bayesian Information Criterion:         HKY+F+I
Best-fit model: HKY+F+I chosen according to BIC

All model information printed to per_gene_alignments_codon/LOC101406302_.aln.model.gz
CPU time for ModelFinder: 0.371 seconds (0h:0m:0s)
Wall-clock time for ModelFinder: 1.124 seconds (0h:0m:1s)
Generating 1000 samples for ultrafast bootstrap (seed: 287058)...

NOTE: 0 MB RAM (0 GB) is required!
Estimate model parameters (epsilon = 0.100)
1. Initial log-likelihood: -1408.787
Optimal log-likelihood: -1408.787
Rate parameters:  A-C: 1.00000  A-G: 5.56980  A-T: 1.00000  C-G: 1.00000  C-T: 5.56980  G-T: 1.00000
Base frequencies:  A: 0.112  C: 0.355  G: 0.360  T: 0.173
Proportion of invariable sites: 0.611
Parameters optimization took 1 rounds (0.000 sec)
Wrote distance file to... 
Computing ML distances based on estimated model parameters...
Calculating distance matrix: done in 0.000166893 secs using 99.46% CPU
Computing ML distances took 0.000211 sec (of wall-clock time) 0.000215 sec (of CPU time)
Setting up auxiliary I and S matrices: done in 5.4121e-05 secs using 199.6% CPU
Computing RapidNJ tree took 0.000139 sec (of wall-clock time) 0.000273 sec (of CPU time)
Log-likelihood of RapidNJ tree: -1408.788
--------------------------------------------------------------------
|             INITIALIZING CANDIDATE TREE SET                      |
--------------------------------------------------------------------
Generating 98 parsimony trees... 0.068 second
Computing log-likelihood of 37 initial trees ... 0.008 seconds
Current best score: -1408.787

Do NNI search on 20 best initial trees
Estimate model parameters (epsilon = 0.100)
BETTER TREE FOUND at iteration 1: -1408.787
UPDATE BEST LOG-LIKELIHOOD: -1408.787
Iteration 10 / LogL: -1408.787 / Time: 0h:0m:1s
UPDATE BEST LOG-LIKELIHOOD: -1408.787
UPDATE BEST LOG-LIKELIHOOD: -1408.787
Iteration 20 / LogL: -1408.787 / Time: 0h:0m:1s
Finish initializing candidate tree set (1)
Current best tree score: -1408.787 / CPU time: 0.187
Number of iterations: 20
--------------------------------------------------------------------
|               OPTIMIZING CANDIDATE TREE SET                      |
--------------------------------------------------------------------
UPDATE BEST LOG-LIKELIHOOD: -1408.787
UPDATE BEST LOG-LIKELIHOOD: -1408.787
Iteration 30 / LogL: -1408.787 / Time: 0h:0m:1s (0h:0m:0s left)
UPDATE BEST LOG-LIKELIHOOD: -1408.787
UPDATE BEST LOG-LIKELIHOOD: -1408.787
UPDATE BEST LOG-LIKELIHOOD: -1408.787
Iteration 40 / LogL: -1408.787 / Time: 0h:0m:1s (0h:0m:0s left)
UPDATE BEST LOG-LIKELIHOOD: -1408.787
Iteration 50 / LogL: -1408.788 / Time: 0h:0m:1s (0h:0m:0s left)
Log-likelihood cutoff on original alignment: -1431.953
UPDATE BEST LOG-LIKELIHOOD: -1408.787
Iteration 60 / LogL: -1408.787 / Time: 0h:0m:2s (0h:0m:0s left)
Iteration 70 / LogL: -1408.787 / Time: 0h:0m:2s (0h:0m:0s left)
Iteration 80 / LogL: -1408.787 / Time: 0h:0m:2s (0h:0m:0s left)
Iteration 90 / LogL: -1408.787 / Time: 0h:0m:2s (0h:0m:0s left)
Iteration 100 / LogL: -1408.787 / Time: 0h:0m:2s (0h:0m:0s left)
Log-likelihood cutoff on original alignment: -1431.953
NOTE: Bootstrap correlation coefficient of split occurrence frequencies: 0.998
TREE SEARCH COMPLETED AFTER 102 ITERATIONS / Time: 0h:0m:3s

--------------------------------------------------------------------
|                    FINALIZING TREE SEARCH                        |
--------------------------------------------------------------------
Performs final model parameters optimization
Estimate model parameters (epsilon = 0.010)
1. Initial log-likelihood: -1408.787
Optimal log-likelihood: -1408.787
Rate parameters:  A-C: 1.00000  A-G: 5.56747  A-T: 1.00000  C-G: 1.00000  C-T: 5.56747  G-T: 1.00000
Base frequencies:  A: 0.112  C: 0.355  G: 0.360  T: 0.173
Proportion of invariable sites: 0.611
Parameters optimization took 1 rounds (0.009 sec)
BEST SCORE FOUND : -1408.787
Creating bootstrap support values...
Split supports printed to NEXUS file per_gene_alignments_codon/LOC101406302_.aln.splits.nex
Total tree length: 0.257

Total number of iterations: 102
CPU time used for tree search: 0.927 sec (0h:0m:0s)
Wall-clock time used for tree search: 1.903 sec (0h:0m:1s)
Total CPU time used: 1.352 sec (0h:0m:1s)
Total wall-clock time used: 3.165 sec (0h:0m:3s)

Computing bootstrap consensus tree...
Reading input file per_gene_alignments_codon/LOC101406302_.aln.splits.nex...
7 taxa and 17 splits.
Consensus tree written to per_gene_alignments_codon/LOC101406302_.aln.contree
Reading input trees file per_gene_alignments_codon/LOC101406302_.aln.contree
Log-likelihood of consensus tree: -1408.790

Analysis results written to: 
  IQ-TREE report:                per_gene_alignments_codon/LOC101406302_.aln.iqtree
  Maximum-likelihood tree:       per_gene_alignments_codon/LOC101406302_.aln.treefile
  Likelihood distances:          per_gene_alignments_codon/LOC101406302_.aln.mldist

Ultrafast bootstrap approximation results written to:
  Split support values:          per_gene_alignments_codon/LOC101406302_.aln.splits.nex
  Consensus tree:                per_gene_alignments_codon/LOC101406302_.aln.contree
  Screen log file:               per_gene_alignments_codon/LOC101406302_.aln.log

Date and Time: Thu Oct 30 21:38:09 2025
