IQ-TREE multicore version 2.3.3 COVID-edition for Linux x86 64-bit built Apr 25 2024
Developed by Bui Quang Minh, James Barbetti, Nguyen Lam Tung, Olga Chernomor,
Heiko Schmidt, Dominik Schrempf, Michael Woodhams, Ly Trong Nhan, Thomas Wong

Host:    morpheus-OptiPlex-5050 (AVX2, FMA3, 503 GB RAM)
Command: iqtree2 -s per_gene_alignments_codon/LOC101387364_.aln.fna -m MFP -T 1 -B 1000 --prefix per_gene_alignments_codon/LOC101387364_.aln
Seed:    94776 (Using SPRNG - Scalable Parallel Random Number Generator)
Time:    Thu Oct 30 21:25:02 2025
Kernel:  AVX+FMA - 1 threads (72 CPU cores detected)

HINT: Use -nt option to specify number of threads because your CPU has 72 cores!
HINT: -nt AUTO will automatically determine the best number of threads to use.

Reading alignment file per_gene_alignments_codon/LOC101387364_.aln.fna ... Fasta format detected
Reading fasta file: done in 0.000360012 secs
Alignment most likely contains DNA/RNA sequences
Alignment has 7 sequences with 1236 columns, 70 distinct patterns
78 parsimony-informative, 83 singleton sites, 1075 constant sites
                     Gap/Ambiguity  Composition  p-value
Analyzing sequences: done in 1.40667e-05 secs
   1  Ceratotherium_simum    0.00%    passed     86.18%
   2  Diceros_bicornis       0.00%    passed     81.42%
   3  Equus_asinus           0.00%    passed     99.65%
   4  Equus_quagga           0.00%    passed    100.00%
   5  Equus_caballus         0.00%    passed     98.56%
   6  Canis_lupus            0.00%    passed     38.47%
   7  Bos_taurus             0.00%    passed     97.49%
****  TOTAL                  0.00%  0 sequences failed composition chi2 test (p-value<5%; df=3)


Create initial parsimony tree by phylogenetic likelihood library (PLL)... 0.000 seconds
Perform fast likelihood tree search using GTR+I+G model...
Estimate model parameters (epsilon = 5.000)
Perform nearest neighbor interchange...
Estimate model parameters (epsilon = 1.000)
1. Initial log-likelihood: -2682.434
Optimal log-likelihood: -2682.414
Rate parameters:  A-C: 1.05403  A-G: 5.27690  A-T: 0.00010  C-G: 0.97084  C-T: 8.22324  G-T: 1.00000
Warning! Some parameters hit the boundaries
Base frequencies:  A: 0.242  C: 0.298  G: 0.281  T: 0.179
Proportion of invariable sites: 0.429
Gamma shape alpha: 0.394
Parameters optimization took 1 rounds (0.003 sec)
Time for fast ML tree search: 0.043 seconds

NOTE: ModelFinder requires 0 MB RAM!
ModelFinder will test up to 484 DNA models (sample size: 1236) ...
 No. Model         -LnL         df  AIC          AICc         BIC
  1  GTR+F         2710.228     19  5458.456     5459.081     5555.729
  2  GTR+F+I       2681.188     20  5402.375     5403.067     5504.768
  3  GTR+F+G4      2681.154     20  5402.307     5402.999     5504.700
  4  GTR+F+I+G4    2682.097     21  5406.193     5406.954     5513.706
  5  GTR+F+R2      2682.294     21  5406.589     5407.350     5514.101
  6  GTR+F+R3      2682.280     23  5410.560     5411.471     5528.311
 14  GTR+F+I+R2    2681.680     22  5407.361     5408.195     5519.993
 15  GTR+F+I+R3    2681.799     24  5411.598     5412.589     5534.470
 24  SYM+I         2703.705     17  5441.411     5441.913     5528.445
 25  SYM+G4        2703.777     17  5441.554     5442.056     5528.588
 26  SYM+I+G4      2704.582     18  5445.165     5445.727     5537.318
 27  SYM+R2        2704.707     18  5445.414     5445.976     5537.568
 46  TVM+F+I       2683.683     19  5405.367     5405.992     5502.640
 47  TVM+F+G4      2683.671     19  5405.343     5405.968     5502.616
 48  TVM+F+I+G4    2684.366     20  5408.732     5409.424     5511.125
 49  TVM+F+R2      2684.673     20  5409.347     5410.038     5511.740
 68  TVMe+I        2704.549     16  5441.097     5441.544     5523.011
 69  TVMe+G4       2704.600     16  5441.201     5441.647     5523.115
 70  TVMe+I+G4     2705.368     17  5444.737     5445.239     5531.771
 71  TVMe+R2       2705.427     17  5444.853     5445.356     5531.887
 90  TIM3+F+I      2683.405     18  5402.810     5403.372     5494.964
 91  TIM3+F+G4     2683.425     18  5402.850     5403.412     5495.004
 92  TIM3+F+I+G4   2684.240     19  5406.481     5407.106     5503.754
 93  TIM3+F+R2     2684.800     19  5407.601     5408.226     5504.874
112  TIM3e+I       2706.210     15  5442.420     5442.813     5519.214
113  TIM3e+G4      2706.236     15  5442.472     5442.865     5519.266
114  TIM3e+I+G4    2706.920     16  5445.840     5446.286     5527.754
115  TIM3e+R2      2707.382     16  5446.765     5447.211     5528.679
134  TIM2+F+I      2686.027     18  5408.055     5408.617     5500.208
135  TIM2+F+G4     2686.070     18  5408.141     5408.703     5500.294
136  TIM2+F+I+G4   2686.926     19  5411.852     5412.477     5509.126
137  TIM2+F+R2     2687.535     19  5413.070     5413.695     5510.343
156  TIM2e+I       2711.667     15  5453.334     5453.727     5530.128
157  TIM2e+G4      2711.676     15  5453.353     5453.746     5530.147
158  TIM2e+I+G4    2712.537     16  5457.074     5457.520     5538.988
159  TIM2e+R2      2712.987     16  5457.973     5458.419     5539.887
178  TIM+F+I       2686.104     18  5408.208     5408.770     5500.361
179  TIM+F+G4      2686.154     18  5408.308     5408.870     5500.462
180  TIM+F+I+G4    2687.018     19  5412.036     5412.661     5509.309
181  TIM+F+R2      2687.631     19  5413.262     5413.887     5510.535
200  TIMe+I        2712.149     15  5454.298     5454.692     5531.093
201  TIMe+G4       2712.154     15  5454.308     5454.701     5531.102
202  TIMe+I+G4     2713.039     16  5458.078     5458.524     5539.992
203  TIMe+R2       2713.490     16  5458.979     5459.425     5540.893
222  TPM3u+F+I     2686.099     17  5406.197     5406.700     5493.231
223  TPM3u+F+G4    2686.151     17  5406.301     5406.804     5493.335
224  TPM3u+F+I+G4  2686.681     18  5409.363     5409.925     5501.516
225  TPM3u+F+R2    2687.195     18  5410.390     5410.952     5502.543
244  TPM3+I        2707.148     14  5442.296     5442.640     5513.971
245  TPM3+G4       2707.155     14  5442.311     5442.655     5513.986
246  TPM3+I+G4     2707.795     15  5445.591     5445.984     5522.385
247  TPM3+R2       2708.224     15  5446.448     5446.841     5523.242
266  TPM2u+F+I     2688.803     17  5411.606     5412.109     5498.640
267  TPM2u+F+G4    2688.898     17  5411.795     5412.298     5498.829
268  TPM2u+F+I+G4  2689.465     18  5414.930     5415.492     5507.084
269  TPM2u+F+R2    2690.020     18  5416.040     5416.602     5508.194
288  TPM2+I        2712.505     14  5453.009     5453.353     5524.684
289  TPM2+G4       2712.503     14  5453.006     5453.350     5524.681
290  TPM2+I+G4     2713.287     15  5456.573     5456.967     5533.368
291  TPM2+R2       2713.721     15  5457.442     5457.836     5534.237
310  K3Pu+F+I      2688.863     17  5411.726     5412.228     5498.760
311  K3Pu+F+G4     2688.967     17  5411.934     5412.436     5498.968
312  K3Pu+F+I+G4   2689.534     18  5415.067     5415.629     5507.221
313  K3Pu+F+R2     2690.095     18  5416.190     5416.752     5508.344
332  K3P+I         2712.993     14  5453.987     5454.331     5525.662
333  K3P+G4        2712.993     14  5453.987     5454.331     5525.662
334  K3P+I+G4      2713.800     15  5457.601     5457.994     5534.395
335  K3P+R2        2714.230     15  5458.460     5458.854     5535.255
354  TN+F+I        2686.395     17  5406.790     5407.292     5493.824
355  TN+F+G4       2686.440     17  5406.880     5407.383     5493.914
356  TN+F+I+G4     2687.296     18  5410.591     5411.153     5502.745
357  TN+F+R2       2687.887     18  5411.775     5412.337     5503.928
376  TNe+I         2712.361     14  5452.721     5453.065     5524.396
377  TNe+G4        2712.365     14  5452.730     5453.074     5524.405
378  TNe+I+G4      2713.222     15  5456.445     5456.838     5533.239
379  TNe+R2        2713.643     15  5457.286     5457.680     5534.081
398  HKY+F+I       2689.167     16  5410.335     5410.781     5492.249
399  HKY+F+G4      2689.264     16  5410.529     5410.975     5492.443
400  HKY+F+I+G4    2689.823     17  5413.647     5414.149     5500.681
401  HKY+F+R2      2690.376     17  5414.753     5415.255     5501.787
420  K2P+I         2713.209     13  5452.418     5452.716     5518.973
421  K2P+G4        2713.208     13  5452.417     5452.714     5518.972
422  K2P+I+G4      2713.990     14  5455.981     5456.325     5527.656
423  K2P+R2        2714.416     14  5456.833     5457.177     5528.508
442  F81+F+I       2776.285     15  5582.570     5582.964     5659.365
443  F81+F+G4      2776.470     15  5582.940     5583.333     5659.734
444  F81+F+I+G4    2777.246     16  5586.491     5586.937     5668.405
445  F81+F+R2      2777.496     16  5586.992     5587.438     5668.906
464  JC+I          2795.692     12  5615.383     5615.638     5676.819
465  JC+G4         2795.899     12  5615.799     5616.054     5677.234
466  JC+I+G4       2796.651     13  5619.301     5619.599     5685.857
467  JC+R2         2796.884     13  5619.768     5620.066     5686.323
Akaike Information Criterion:           GTR+F+G4
Corrected Akaike Information Criterion: GTR+F+G4
Bayesian Information Criterion:         HKY+F+I
Best-fit model: HKY+F+I chosen according to BIC

All model information printed to per_gene_alignments_codon/LOC101387364_.aln.model.gz
CPU time for ModelFinder: 2.009 seconds (0h:0m:2s)
Wall-clock time for ModelFinder: 2.233 seconds (0h:0m:2s)
Generating 1000 samples for ultrafast bootstrap (seed: 94776)...

NOTE: 0 MB RAM (0 GB) is required!
Estimate model parameters (epsilon = 0.100)
1. Initial log-likelihood: -2689.167
Optimal log-likelihood: -2689.167
Rate parameters:  A-C: 1.00000  A-G: 8.98062  A-T: 1.00000  C-G: 1.00000  C-T: 8.98062  G-T: 1.00000
Base frequencies:  A: 0.242  C: 0.298  G: 0.281  T: 0.179
Proportion of invariable sites: 0.764
Parameters optimization took 1 rounds (0.001 sec)
Wrote distance file to... 
Computing ML distances based on estimated model parameters...
Calculating distance matrix: done in 0.000217915 secs using 99.12% CPU
Computing ML distances took 0.000268 sec (of wall-clock time) 0.000275 sec (of CPU time)
Setting up auxiliary I and S matrices: done in 4.19617e-05 secs using 185.9% CPU
Computing RapidNJ tree took 0.000147 sec (of wall-clock time) 0.000295 sec (of CPU time)
Log-likelihood of RapidNJ tree: -2689.168
--------------------------------------------------------------------
|             INITIALIZING CANDIDATE TREE SET                      |
--------------------------------------------------------------------
Generating 98 parsimony trees... 0.065 second
Computing log-likelihood of 47 initial trees ... 0.028 seconds
Current best score: -2689.167

Do NNI search on 20 best initial trees
Estimate model parameters (epsilon = 0.100)
BETTER TREE FOUND at iteration 1: -2689.167
BETTER TREE FOUND at iteration 3: -2689.167
UPDATE BEST LOG-LIKELIHOOD: -2689.167
Iteration 10 / LogL: -2689.168 / Time: 0h:0m:2s
UPDATE BEST LOG-LIKELIHOOD: -2689.167
Iteration 20 / LogL: -2689.167 / Time: 0h:0m:2s
Finish initializing candidate tree set (2)
Current best tree score: -2689.167 / CPU time: 0.351
Number of iterations: 20
--------------------------------------------------------------------
|               OPTIMIZING CANDIDATE TREE SET                      |
--------------------------------------------------------------------
Iteration 30 / LogL: -2712.661 / Time: 0h:0m:2s (0h:0m:1s left)
Iteration 40 / LogL: -2689.167 / Time: 0h:0m:3s (0h:0m:1s left)
Iteration 50 / LogL: -2689.167 / Time: 0h:0m:3s (0h:0m:1s left)
Log-likelihood cutoff on original alignment: -2699.569
UPDATE BEST LOG-LIKELIHOOD: -2689.167
UPDATE BEST LOG-LIKELIHOOD: -2689.167
Iteration 60 / LogL: -2689.167 / Time: 0h:0m:3s (0h:0m:0s left)
UPDATE BEST LOG-LIKELIHOOD: -2689.167
Iteration 70 / LogL: -2712.425 / Time: 0h:0m:3s (0h:0m:0s left)
WARNING: NNI search needs unusual large number of steps (7) to converge!
Iteration 80 / LogL: -2689.167 / Time: 0h:0m:3s (0h:0m:0s left)
Iteration 90 / LogL: -2689.167 / Time: 0h:0m:3s (0h:0m:0s left)
Iteration 100 / LogL: -2689.167 / Time: 0h:0m:3s (0h:0m:0s left)
Log-likelihood cutoff on original alignment: -2699.594
NOTE: Bootstrap correlation coefficient of split occurrence frequencies: 0.991
TREE SEARCH COMPLETED AFTER 104 ITERATIONS / Time: 0h:0m:3s

--------------------------------------------------------------------
|                    FINALIZING TREE SEARCH                        |
--------------------------------------------------------------------
Performs final model parameters optimization
Estimate model parameters (epsilon = 0.010)
1. Initial log-likelihood: -2689.167
Optimal log-likelihood: -2689.167
Rate parameters:  A-C: 1.00000  A-G: 8.96644  A-T: 1.00000  C-G: 1.00000  C-T: 8.96644  G-T: 1.00000
Base frequencies:  A: 0.242  C: 0.298  G: 0.281  T: 0.179
Proportion of invariable sites: 0.764
Parameters optimization took 1 rounds (0.001 sec)
BEST SCORE FOUND : -2689.167
Creating bootstrap support values...
Split supports printed to NEXUS file per_gene_alignments_codon/LOC101387364_.aln.splits.nex
Total tree length: 0.204

Total number of iterations: 104
CPU time used for tree search: 1.200 sec (0h:0m:1s)
Wall-clock time used for tree search: 1.661 sec (0h:0m:1s)
Total CPU time used: 3.297 sec (0h:0m:3s)
Total wall-clock time used: 4.050 sec (0h:0m:4s)

Computing bootstrap consensus tree...
Reading input file per_gene_alignments_codon/LOC101387364_.aln.splits.nex...
7 taxa and 15 splits.
Consensus tree written to per_gene_alignments_codon/LOC101387364_.aln.contree
Reading input trees file per_gene_alignments_codon/LOC101387364_.aln.contree
Log-likelihood of consensus tree: -2689.167

Analysis results written to: 
  IQ-TREE report:                per_gene_alignments_codon/LOC101387364_.aln.iqtree
  Maximum-likelihood tree:       per_gene_alignments_codon/LOC101387364_.aln.treefile
  Likelihood distances:          per_gene_alignments_codon/LOC101387364_.aln.mldist

Ultrafast bootstrap approximation results written to:
  Split support values:          per_gene_alignments_codon/LOC101387364_.aln.splits.nex
  Consensus tree:                per_gene_alignments_codon/LOC101387364_.aln.contree
  Screen log file:               per_gene_alignments_codon/LOC101387364_.aln.log

Date and Time: Thu Oct 30 21:25:06 2025
