IQ-TREE multicore version 2.3.3 COVID-edition for Linux x86 64-bit built Apr 25 2024
Developed by Bui Quang Minh, James Barbetti, Nguyen Lam Tung, Olga Chernomor,
Heiko Schmidt, Dominik Schrempf, Michael Woodhams, Ly Trong Nhan, Thomas Wong

Host:    morpheus-OptiPlex-5050 (AVX2, FMA3, 503 GB RAM)
Command: iqtree2 -s per_gene_alignments_codon/LOC101389171_.aln.fna -m MFP -T 1 -B 1000 --prefix per_gene_alignments_codon/LOC101389171_.aln
Seed:    10725 (Using SPRNG - Scalable Parallel Random Number Generator)
Time:    Thu Oct 30 21:26:19 2025
Kernel:  AVX+FMA - 1 threads (72 CPU cores detected)

HINT: Use -nt option to specify number of threads because your CPU has 72 cores!
HINT: -nt AUTO will automatically determine the best number of threads to use.

Reading alignment file per_gene_alignments_codon/LOC101389171_.aln.fna ... Fasta format detected
Reading fasta file: done in 0.000868082 secs using 49.88% CPU
Alignment most likely contains DNA/RNA sequences
Alignment has 7 sequences with 3078 columns, 124 distinct patterns
185 parsimony-informative, 330 singleton sites, 2563 constant sites
                     Gap/Ambiguity  Composition  p-value
Analyzing sequences: done in 2.5034e-05 secs
   1  Ceratotherium_simum    0.00%    passed     95.45%
   2  Diceros_bicornis       0.00%    passed     93.48%
   3  Equus_asinus           0.00%    passed     95.43%
   4  Equus_quagga           0.00%    passed     96.43%
   5  Equus_caballus         0.00%    passed     96.84%
   6  Canis_lupus            0.00%    passed     78.34%
   7  Bos_taurus             0.00%    failed      0.64%
****  TOTAL                  0.00%  1 sequences failed composition chi2 test (p-value<5%; df=3)


Create initial parsimony tree by phylogenetic likelihood library (PLL)... 0.000 seconds
Perform fast likelihood tree search using GTR+I+G model...
Estimate model parameters (epsilon = 5.000)
Perform nearest neighbor interchange...
Estimate model parameters (epsilon = 1.000)
1. Initial log-likelihood: -7156.726
Optimal log-likelihood: -7156.726
Rate parameters:  A-C: 1.86792  A-G: 6.06216  A-T: 0.28514  C-G: 1.58003  C-T: 6.28421  G-T: 1.00000
Base frequencies:  A: 0.294  C: 0.210  G: 0.221  T: 0.275
Proportion of invariable sites: 0.413
Gamma shape alpha: 0.897
Parameters optimization took 1 rounds (0.002 sec)
Time for fast ML tree search: 0.098 seconds

NOTE: ModelFinder requires 0 MB RAM!
ModelFinder will test up to 484 DNA models (sample size: 3078) ...
 No. Model         -LnL         df  AIC          AICc         BIC
  1  GTR+F         7197.451     19  14432.902    14433.151    14547.511
  2  GTR+F+I       7156.898     20  14353.795    14354.070    14474.436
  3  GTR+F+G4      7156.765     20  14353.531    14353.806    14474.172
  4  GTR+F+I+G4    7156.744     21  14355.487    14355.790    14482.160
  5  GTR+F+R2      7157.581     21  14357.163    14357.465    14483.835
  6  GTR+F+R3      7157.003     23  14360.007    14360.368    14498.744
 14  GTR+F+I+R2    7156.875     22  14357.750    14358.081    14490.455
 15  GTR+F+I+R3    7156.790     24  14361.581    14361.974    14506.350
 24  SYM+I         7184.781     17  14403.562    14403.762    14506.107
 25  SYM+G4        7184.640     17  14403.279    14403.479    14505.824
 26  SYM+I+G4      7184.601     18  14405.202    14405.425    14513.778
 27  SYM+R2        7185.440     18  14406.880    14407.104    14515.457
 46  TVM+F+I       7156.922     19  14351.843    14352.092    14466.452
 47  TVM+F+G4      7156.798     19  14351.597    14351.845    14466.205
 48  TVM+F+I+G4    7156.778     20  14353.556    14353.831    14474.197
 49  TVM+F+R2      7157.597     20  14355.194    14355.469    14475.835
 68  TVMe+I        7184.841     16  14401.681    14401.859    14498.194
 69  TVMe+G4       7184.689     16  14401.378    14401.556    14497.890
 70  TVMe+I+G4     7184.646     17  14403.291    14403.491    14505.836
 71  TVMe+R2       7185.458     17  14404.917    14405.117    14507.461
 90  TIM3+F+I      7162.461     18  14360.921    14361.145    14469.498
 91  TIM3+F+G4     7162.309     18  14360.618    14360.841    14469.194
 92  TIM3+F+I+G4   7162.271     19  14362.542    14362.790    14477.151
 93  TIM3+F+R2     7163.114     19  14364.228    14364.476    14478.837
112  TIM3e+I       7189.156     15  14408.313    14408.469    14498.793
113  TIM3e+G4      7188.997     15  14407.994    14408.151    14498.475
114  TIM3e+I+G4    7188.945     16  14409.890    14410.068    14506.403
115  TIM3e+R2      7189.799     16  14411.597    14411.775    14508.110
134  TIM2+F+I      7178.368     18  14392.737    14392.960    14501.313
135  TIM2+F+G4     7178.184     18  14392.368    14392.592    14500.945
136  TIM2+F+I+G4   7178.127     19  14394.255    14394.503    14508.864
137  TIM2+F+R2     7178.940     19  14395.880    14396.128    14510.489
156  TIM2e+I       7200.412     15  14430.824    14430.980    14521.304
157  TIM2e+G4      7200.197     15  14430.394    14430.550    14520.874
158  TIM2e+I+G4    7200.121     16  14432.241    14432.419    14528.754
159  TIM2e+R2      7200.934     16  14433.867    14434.045    14530.380
178  TIM+F+I       7172.801     18  14381.602    14381.826    14490.179
179  TIM+F+G4      7172.670     18  14381.340    14381.564    14489.917
180  TIM+F+I+G4    7172.637     19  14383.273    14383.522    14497.882
181  TIM+F+R2      7173.476     19  14384.952    14385.201    14499.561
200  TIMe+I        7195.421     15  14420.842    14420.999    14511.323
201  TIMe+G4       7195.206     15  14420.412    14420.569    14510.893
202  TIMe+I+G4     7195.129     16  14422.257    14422.435    14518.770
203  TIMe+R2       7195.930     16  14423.860    14424.038    14520.373
222  TPM3u+F+I     7162.499     17  14358.998    14359.198    14461.542
223  TPM3u+F+G4    7162.361     17  14358.722    14358.922    14461.267
224  TPM3u+F+I+G4  7162.320     18  14360.640    14360.864    14469.217
225  TPM3u+F+R2    7163.152     18  14362.303    14362.527    14470.880
244  TPM3+I        7189.207     14  14406.415    14406.552    14490.863
245  TPM3+G4       7189.040     14  14406.080    14406.217    14490.528
246  TPM3+I+G4     7188.987     15  14407.973    14408.130    14498.454
247  TPM3+R2       7189.807     15  14409.615    14409.772    14500.095
266  TPM2u+F+I     7178.381     17  14390.761    14390.961    14493.306
267  TPM2u+F+G4    7178.205     17  14390.409    14390.609    14492.954
268  TPM2u+F+I+G4  7178.151     18  14392.302    14392.526    14500.879
269  TPM2u+F+R2    7178.964     18  14393.928    14394.151    14502.504
288  TPM2+I        7200.462     14  14428.924    14429.061    14513.373
289  TPM2+G4       7200.235     14  14428.470    14428.607    14512.919
290  TPM2+I+G4     7200.150     15  14430.300    14430.457    14520.780
291  TPM2+R2       7200.954     15  14431.909    14432.065    14522.389
310  K3Pu+F+I      7172.816     17  14379.632    14379.832    14482.176
311  K3Pu+F+G4     7172.690     17  14379.379    14379.579    14481.924
312  K3Pu+F+I+G4   7172.658     18  14381.316    14381.539    14489.892
313  K3Pu+F+R2     7173.495     18  14382.991    14383.214    14491.567
332  K3P+I         7195.468     14  14418.936    14419.073    14503.384
333  K3P+G4        7195.246     14  14418.491    14418.628    14502.940
334  K3P+I+G4      7195.160     15  14420.320    14420.477    14510.800
335  K3P+R2        7195.958     15  14421.916    14422.073    14512.397
354  TN+F+I        7179.494     17  14392.989    14393.189    14495.534
355  TN+F+G4       7179.326     17  14392.653    14392.853    14495.197
356  TN+F+I+G4     7179.272     18  14394.545    14394.768    14503.121
357  TN+F+R2       7180.090     18  14396.181    14396.404    14504.757
376  TNe+I         7200.493     14  14428.987    14429.124    14513.435
377  TNe+G4        7200.280     14  14428.559    14428.697    14513.008
378  TNe+I+G4      7200.201     15  14430.401    14430.558    14520.882
379  TNe+R2        7200.999     15  14431.998    14432.154    14522.478
398  HKY+F+I       7179.511     16  14391.021    14391.199    14487.534
399  HKY+F+G4      7179.350     16  14390.700    14390.878    14487.212
400  HKY+F+I+G4    7179.300     17  14392.599    14392.799    14495.144
401  HKY+F+R2      7180.120     17  14394.241    14394.441    14496.785
420  K2P+I         7200.545     13  14427.090    14427.209    14505.506
421  K2P+G4        7200.318     13  14426.636    14426.755    14505.052
422  K2P+I+G4      7200.234     14  14428.468    14428.605    14512.916
423  K2P+R2        7201.025     14  14430.050    14430.187    14514.498
442  F81+F+I       7357.140     15  14744.280    14744.437    14834.760
443  F81+F+G4      7357.040     15  14744.081    14744.238    14834.561
444  F81+F+I+G4    7357.035     16  14746.070    14746.248    14842.582
445  F81+F+R2      7358.104     16  14748.207    14748.385    14844.720
464  JC+I          7373.857     12  14771.714    14771.816    14844.099
465  JC+G4         7373.743     12  14771.486    14771.588    14843.870
466  JC+I+G4       7373.736     13  14773.471    14773.590    14851.888
467  JC+R2         7374.723     13  14775.445    14775.564    14853.861
Akaike Information Criterion:           TVM+F+G4
Corrected Akaike Information Criterion: TVM+F+G4
Bayesian Information Criterion:         TPM3u+F+G4
Best-fit model: TPM3u+F+G4 chosen according to BIC

All model information printed to per_gene_alignments_codon/LOC101389171_.aln.model.gz
CPU time for ModelFinder: 2.154 seconds (0h:0m:2s)
Wall-clock time for ModelFinder: 4.363 seconds (0h:0m:4s)
Generating 1000 samples for ultrafast bootstrap (seed: 10725)...

NOTE: 0 MB RAM (0 GB) is required!
Estimate model parameters (epsilon = 0.100)
1. Initial log-likelihood: -7162.361
Optimal log-likelihood: -7162.354
Rate parameters:  A-C: 2.98409  A-G: 10.47707  A-T: 1.00000  C-G: 2.98409  C-T: 10.47707  G-T: 1.00000
Base frequencies:  A: 0.294  C: 0.210  G: 0.221  T: 0.275
Gamma shape alpha: 0.260
Parameters optimization took 1 rounds (0.001 sec)
Wrote distance file to... 
Computing ML distances based on estimated model parameters...
Calculating distance matrix: done in 0.000586033 secs using 99.14% CPU
Computing ML distances took 0.000637 sec (of wall-clock time) 0.000638 sec (of CPU time)
Setting up auxiliary I and S matrices: done in 4.79221e-05 secs using 202.4% CPU
Computing RapidNJ tree took 0.000141 sec (of wall-clock time) 0.000279 sec (of CPU time)
Log-likelihood of RapidNJ tree: -7162.358
--------------------------------------------------------------------
|             INITIALIZING CANDIDATE TREE SET                      |
--------------------------------------------------------------------
Generating 99 parsimony trees... 0.065 second
Computing log-likelihood of 37 initial trees ... 0.038 seconds
Current best score: -7162.354

Do NNI search on 20 best initial trees
Estimate model parameters (epsilon = 0.100)
BETTER TREE FOUND at iteration 1: -7162.354
Iteration 10 / LogL: -7162.354 / Time: 0h:0m:4s
Iteration 20 / LogL: -7162.354 / Time: 0h:0m:4s
Finish initializing candidate tree set (1)
Current best tree score: -7162.354 / CPU time: 0.366
Number of iterations: 20
--------------------------------------------------------------------
|               OPTIMIZING CANDIDATE TREE SET                      |
--------------------------------------------------------------------
UPDATE BEST LOG-LIKELIHOOD: -7162.354
Iteration 30 / LogL: -7162.355 / Time: 0h:0m:4s (0h:0m:1s left)
WARNING: NNI search needs unusual large number of steps (7) to converge!
UPDATE BEST LOG-LIKELIHOOD: -7162.354
Iteration 40 / LogL: -7162.363 / Time: 0h:0m:5s (0h:0m:1s left)
WARNING: NNI search needs unusual large number of steps (7) to converge!
Iteration 50 / LogL: -7162.498 / Time: 0h:0m:5s (0h:0m:1s left)
Log-likelihood cutoff on original alignment: -7176.905
UPDATE BEST LOG-LIKELIHOOD: -7162.354
WARNING: NNI search needs unusual large number of steps (7) to converge!
Iteration 60 / LogL: -7162.354 / Time: 0h:0m:5s (0h:0m:0s left)
WARNING: NNI search needs unusual large number of steps (7) to converge!
Iteration 70 / LogL: -7162.498 / Time: 0h:0m:5s (0h:0m:0s left)
WARNING: NNI search needs unusual large number of steps (7) to converge!
Iteration 80 / LogL: -7162.362 / Time: 0h:0m:6s (0h:0m:0s left)
Iteration 90 / LogL: -7162.354 / Time: 0h:0m:6s (0h:0m:0s left)
WARNING: NNI search needs unusual large number of steps (7) to converge!
Iteration 100 / LogL: -7162.511 / Time: 0h:0m:6s (0h:0m:0s left)
Log-likelihood cutoff on original alignment: -7176.905
NOTE: Bootstrap correlation coefficient of split occurrence frequencies: 1.000
TREE SEARCH COMPLETED AFTER 102 ITERATIONS / Time: 0h:0m:6s

--------------------------------------------------------------------
|                    FINALIZING TREE SEARCH                        |
--------------------------------------------------------------------
Performs final model parameters optimization
Estimate model parameters (epsilon = 0.010)
1. Initial log-likelihood: -7162.354
Optimal log-likelihood: -7162.354
Rate parameters:  A-C: 2.98847  A-G: 10.49119  A-T: 1.00000  C-G: 2.98847  C-T: 10.49119  G-T: 1.00000
Base frequencies:  A: 0.294  C: 0.210  G: 0.221  T: 0.275
Gamma shape alpha: 0.260
Parameters optimization took 1 rounds (0.002 sec)
BEST SCORE FOUND : -7162.354
Creating bootstrap support values...
Split supports printed to NEXUS file per_gene_alignments_codon/LOC101389171_.aln.splits.nex
Total tree length: 0.244

Total number of iterations: 102
CPU time used for tree search: 1.212 sec (0h:0m:1s)
Wall-clock time used for tree search: 2.217 sec (0h:0m:2s)
Total CPU time used: 3.428 sec (0h:0m:3s)
Total wall-clock time used: 6.644 sec (0h:0m:6s)

Computing bootstrap consensus tree...
Reading input file per_gene_alignments_codon/LOC101389171_.aln.splits.nex...
7 taxa and 15 splits.
Consensus tree written to per_gene_alignments_codon/LOC101389171_.aln.contree
Reading input trees file per_gene_alignments_codon/LOC101389171_.aln.contree
Log-likelihood of consensus tree: -7162.358

Analysis results written to: 
  IQ-TREE report:                per_gene_alignments_codon/LOC101389171_.aln.iqtree
  Maximum-likelihood tree:       per_gene_alignments_codon/LOC101389171_.aln.treefile
  Likelihood distances:          per_gene_alignments_codon/LOC101389171_.aln.mldist

Ultrafast bootstrap approximation results written to:
  Split support values:          per_gene_alignments_codon/LOC101389171_.aln.splits.nex
  Consensus tree:                per_gene_alignments_codon/LOC101389171_.aln.contree
  Screen log file:               per_gene_alignments_codon/LOC101389171_.aln.log

Date and Time: Thu Oct 30 21:26:26 2025
