IQ-TREE multicore version 2.3.3 COVID-edition for Linux x86 64-bit built Apr 25 2024
Developed by Bui Quang Minh, James Barbetti, Nguyen Lam Tung, Olga Chernomor,
Heiko Schmidt, Dominik Schrempf, Michael Woodhams, Ly Trong Nhan, Thomas Wong

Host:    morpheus-OptiPlex-5050 (AVX2, FMA3, 503 GB RAM)
Command: iqtree2 -s per_gene_alignments_codon/LOC101403501_.aln.fna -m MFP -T 1 -B 1000 --prefix per_gene_alignments_codon/LOC101403501_.aln
Seed:    823520 (Using SPRNG - Scalable Parallel Random Number Generator)
Time:    Thu Oct 30 21:36:13 2025
Kernel:  AVX+FMA - 1 threads (72 CPU cores detected)

HINT: Use -nt option to specify number of threads because your CPU has 72 cores!
HINT: -nt AUTO will automatically determine the best number of threads to use.

Reading alignment file per_gene_alignments_codon/LOC101403501_.aln.fna ... Fasta format detected
Reading fasta file: done in 0.000845909 secs using 99.66% CPU
Alignment most likely contains DNA/RNA sequences
Alignment has 7 sequences with 3033 columns, 229 distinct patterns
273 parsimony-informative, 451 singleton sites, 2309 constant sites
                     Gap/Ambiguity  Composition  p-value
Analyzing sequences: done in 2.21729e-05 secs
   1  Ceratotherium_simum    2.27%    passed     44.74%
   2  Diceros_bicornis       0.00%    passed     98.27%
   3  Equus_asinus           0.00%    passed     61.22%
   4  Equus_quagga           0.00%    passed     63.53%
   5  Equus_caballus         0.00%    passed     52.05%
   6  Canis_lupus            3.17%    passed     48.57%
   7  Bos_taurus             4.06%    passed     62.53%
****  TOTAL                  1.36%  0 sequences failed composition chi2 test (p-value<5%; df=3)


Create initial parsimony tree by phylogenetic likelihood library (PLL)... 0.000 seconds
Perform fast likelihood tree search using GTR+I+G model...
Estimate model parameters (epsilon = 5.000)
Perform nearest neighbor interchange...
Estimate model parameters (epsilon = 1.000)
1. Initial log-likelihood: -8195.216
Optimal log-likelihood: -8195.213
Rate parameters:  A-C: 1.59524  A-G: 5.04431  A-T: 0.88144  C-G: 2.24456  C-T: 6.64893  G-T: 1.00000
Base frequencies:  A: 0.327  C: 0.202  G: 0.237  T: 0.234
Proportion of invariable sites: 0.381
Gamma shape alpha: 3.494
Parameters optimization took 1 rounds (0.003 sec)
Time for fast ML tree search: 0.107 seconds

NOTE: ModelFinder requires 1 MB RAM!
ModelFinder will test up to 484 DNA models (sample size: 3033) ...
 No. Model         -LnL         df  AIC          AICc         BIC
  1  GTR+F         8222.561     19  16483.122    16483.374    16597.451
  2  GTR+F+I       8195.619     20  16431.238    16431.517    16551.584
  3  GTR+F+G4      8195.134     20  16430.268    16430.547    16550.615
  4  GTR+F+I+G4    8195.216     21  16432.433    16432.740    16558.796
  5  GTR+F+R2      8195.537     21  16433.073    16433.380    16559.437
  6  GTR+F+R3      8195.214     23  16436.427    16436.794    16574.825
 14  GTR+F+I+R2    8195.369     22  16434.738    16435.074    16567.119
 15  GTR+F+I+R3    8195.304     24  16438.608    16439.007    16583.023
 24  SYM+I         8252.930     17  16539.859    16540.062    16642.154
 25  SYM+G4        8252.692     17  16539.383    16539.586    16641.677
 26  SYM+I+G4      8252.679     18  16541.358    16541.585    16649.670
 27  SYM+R2        8252.943     18  16541.886    16542.113    16650.197
 46  TVM+F+I       8199.205     19  16436.410    16436.662    16550.739
 47  TVM+F+G4      8198.666     19  16435.332    16435.585    16549.661
 48  TVM+F+I+G4    8198.764     20  16437.528    16437.807    16557.874
 49  TVM+F+R2      8199.119     20  16438.237    16438.516    16558.584
 68  TVMe+I        8252.932     16  16537.863    16538.044    16634.140
 69  TVMe+G4       8252.693     16  16537.386    16537.567    16633.663
 70  TVMe+I+G4     8252.681     17  16539.362    16539.565    16641.656
 71  TVMe+R2       8252.958     17  16539.917    16540.120    16642.211
 90  TIM3+F+I      8197.657     18  16431.315    16431.542    16539.626
 91  TIM3+F+G4     8197.274     18  16430.548    16430.775    16538.860
 92  TIM3+F+I+G4   8197.322     19  16432.644    16432.897    16546.973
 93  TIM3+F+R2     8197.688     19  16433.375    16433.627    16547.704
112  TIM3e+I       8253.338     15  16536.677    16536.836    16626.936
113  TIM3e+G4      8253.138     15  16536.277    16536.436    16626.536
114  TIM3e+I+G4    8253.111     16  16538.222    16538.402    16634.499
115  TIM3e+R2      8253.372     16  16538.744    16538.925    16635.021
134  TIM2+F+I      8207.953     18  16451.907    16452.134    16560.218
135  TIM2+F+G4     8207.596     18  16451.193    16451.420    16559.504
136  TIM2+F+I+G4   8207.618     19  16453.236    16453.488    16567.565
137  TIM2+F+R2     8207.946     19  16453.891    16454.143    16568.220
156  TIM2e+I       8261.775     15  16553.550    16553.709    16643.810
157  TIM2e+G4      8261.628     15  16553.257    16553.416    16643.516
158  TIM2e+I+G4    8261.571     16  16555.143    16555.323    16651.419
159  TIM2e+R2      8261.854     16  16555.707    16555.888    16651.984
178  TIM+F+I       8209.807     18  16455.614    16455.841    16563.925
179  TIM+F+G4      8209.530     18  16455.060    16455.287    16563.372
180  TIM+F+I+G4    8209.528     19  16457.056    16457.309    16571.385
181  TIM+F+R2      8209.825     19  16457.650    16457.902    16571.979
200  TIMe+I        8261.845     15  16553.689    16553.849    16643.949
201  TIMe+G4       8261.701     15  16553.402    16553.562    16643.662
202  TIMe+I+G4     8261.644     16  16555.288    16555.468    16651.565
203  TIMe+R2       8261.919     16  16555.837    16556.018    16652.114
222  TPM3u+F+I     8201.349     17  16436.699    16436.902    16538.993
223  TPM3u+F+G4    8200.930     17  16435.860    16436.063    16538.155
224  TPM3u+F+I+G4  8200.990     18  16437.981    16438.208    16546.292
225  TPM3u+F+R2    8201.297     18  16438.595    16438.822    16546.906
244  TPM3+I        8253.345     14  16534.691    16534.830    16618.933
245  TPM3+G4       8253.143     14  16534.287    16534.426    16618.529
246  TPM3+I+G4     8253.115     15  16536.230    16536.389    16626.489
247  TPM3+R2       8253.384     15  16536.768    16536.927    16627.028
266  TPM2u+F+I     8211.466     17  16456.932    16457.135    16559.226
267  TPM2u+F+G4    8211.047     17  16456.095    16456.298    16558.389
268  TPM2u+F+I+G4  8211.088     18  16458.177    16458.404    16566.488
269  TPM2u+F+R2    8211.439     18  16458.878    16459.105    16567.190
288  TPM2+I        8261.783     14  16551.566    16551.705    16635.808
289  TPM2+G4       8261.634     14  16551.267    16551.406    16635.509
290  TPM2+I+G4     8261.576     15  16553.153    16553.312    16643.412
291  TPM2+R2       8261.859     15  16553.717    16553.876    16643.977
310  K3Pu+F+I      8213.405     17  16460.809    16461.012    16563.104
311  K3Pu+F+G4     8213.074     17  16460.148    16460.351    16562.442
312  K3Pu+F+I+G4   8213.090     18  16462.180    16462.407    16570.491
313  K3Pu+F+R2     8213.404     18  16462.808    16463.035    16571.120
332  K3P+I         8261.852     14  16551.705    16551.844    16635.947
333  K3P+G4        8261.705     14  16551.410    16551.549    16635.652
334  K3P+I+G4      8261.649     15  16553.297    16553.456    16643.557
335  K3P+R2        8261.927     15  16553.854    16554.014    16644.114
354  TN+F+I        8209.826     17  16453.653    16453.856    16555.947
355  TN+F+G4       8209.558     17  16453.115    16453.318    16555.410
356  TN+F+I+G4     8209.552     18  16455.104    16455.331    16563.415
357  TN+F+R2       8209.844     18  16455.689    16455.916    16564.000
376  TNe+I         8261.952     14  16551.905    16552.044    16636.147
377  TNe+G4        8261.822     14  16551.644    16551.783    16635.886
378  TNe+I+G4      8261.759     15  16553.517    16553.676    16643.777
379  TNe+R2        8262.030     15  16554.061    16554.220    16644.320
398  HKY+F+I       8213.425     16  16458.850    16459.030    16555.127
399  HKY+F+G4      8213.103     16  16458.205    16458.386    16554.482
400  HKY+F+I+G4    8213.115     17  16460.230    16460.433    16562.524
401  HKY+F+R2      8213.425     17  16460.850    16461.053    16563.144
420  K2P+I         8261.961     13  16549.921    16550.042    16628.146
421  K2P+G4        8261.827     13  16549.655    16549.775    16627.880
422  K2P+I+G4      8261.765     14  16551.530    16551.669    16635.772
423  K2P+R2        8262.037     14  16552.074    16552.213    16636.316
442  F81+F+I       8390.699     15  16811.397    16811.557    16901.657
443  F81+F+G4      8390.183     15  16810.366    16810.525    16900.625
444  F81+F+I+G4    8390.416     16  16812.831    16813.012    16909.108
445  F81+F+R2      8390.618     16  16813.236    16813.417    16909.513
464  JC+I          8442.549     12  16909.098    16909.201    16981.305
465  JC+G4         8442.149     12  16908.297    16908.401    16980.505
466  JC+I+G4       8442.305     13  16910.610    16910.730    16988.835
467  JC+R2         8442.524     13  16911.049    16911.169    16989.274
Akaike Information Criterion:           GTR+F+G4
Corrected Akaike Information Criterion: GTR+F+G4
Bayesian Information Criterion:         TPM3u+F+G4
Best-fit model: TPM3u+F+G4 chosen according to BIC

All model information printed to per_gene_alignments_codon/LOC101403501_.aln.model.gz
CPU time for ModelFinder: 1.256 seconds (0h:0m:1s)
Wall-clock time for ModelFinder: 3.438 seconds (0h:0m:3s)
Generating 1000 samples for ultrafast bootstrap (seed: 823520)...

NOTE: 1 MB RAM (0 GB) is required!
Estimate model parameters (epsilon = 0.100)
1. Initial log-likelihood: -8200.930
Optimal log-likelihood: -8200.930
Rate parameters:  A-C: 1.95404  A-G: 5.97397  A-T: 1.00000  C-G: 1.95404  C-T: 5.97397  G-T: 1.00000
Base frequencies:  A: 0.327  C: 0.202  G: 0.237  T: 0.234
Gamma shape alpha: 0.661
Parameters optimization took 1 rounds (0.026 sec)
Wrote distance file to... 
Computing ML distances based on estimated model parameters...
Calculating distance matrix: done in 0.000551939 secs using 99.65% CPU
Computing ML distances took 0.000619 sec (of wall-clock time) 0.000625 sec (of CPU time)
Setting up auxiliary I and S matrices: done in 4.1008e-05 secs using 95.1% CPU
Computing RapidNJ tree took 0.000121 sec (of wall-clock time) 0.000120 sec (of CPU time)
Log-likelihood of RapidNJ tree: -8200.930
--------------------------------------------------------------------
|             INITIALIZING CANDIDATE TREE SET                      |
--------------------------------------------------------------------
Generating 99 parsimony trees... 0.114 second
Computing log-likelihood of 39 initial trees ... 0.049 seconds
Current best score: -8200.930

Do NNI search on 20 best initial trees
Estimate model parameters (epsilon = 0.100)
BETTER TREE FOUND at iteration 1: -8200.930
Iteration 10 / LogL: -8200.940 / Time: 0h:0m:3s
Iteration 20 / LogL: -8200.938 / Time: 0h:0m:4s
Finish initializing candidate tree set (1)
Current best tree score: -8200.930 / CPU time: 0.466
Number of iterations: 20
--------------------------------------------------------------------
|               OPTIMIZING CANDIDATE TREE SET                      |
--------------------------------------------------------------------
Iteration 30 / LogL: -8201.093 / Time: 0h:0m:4s (0h:0m:2s left)
Iteration 40 / LogL: -8200.931 / Time: 0h:0m:4s (0h:0m:1s left)
Iteration 50 / LogL: -8200.930 / Time: 0h:0m:4s (0h:0m:1s left)
Log-likelihood cutoff on original alignment: -8225.768
Iteration 60 / LogL: -8200.962 / Time: 0h:0m:5s (0h:0m:1s left)
Iteration 70 / LogL: -8200.949 / Time: 0h:0m:5s (0h:0m:0s left)
Iteration 80 / LogL: -8202.507 / Time: 0h:0m:5s (0h:0m:0s left)
Iteration 90 / LogL: -8200.945 / Time: 0h:0m:6s (0h:0m:0s left)
Iteration 100 / LogL: -8200.931 / Time: 0h:0m:6s (0h:0m:0s left)
Log-likelihood cutoff on original alignment: -8225.794
NOTE: Bootstrap correlation coefficient of split occurrence frequencies: 1.000
TREE SEARCH COMPLETED AFTER 102 ITERATIONS / Time: 0h:0m:6s

--------------------------------------------------------------------
|                    FINALIZING TREE SEARCH                        |
--------------------------------------------------------------------
Performs final model parameters optimization
Estimate model parameters (epsilon = 0.010)
1. Initial log-likelihood: -8200.930
Optimal log-likelihood: -8200.930
Rate parameters:  A-C: 1.95394  A-G: 5.97314  A-T: 1.00000  C-G: 1.95394  C-T: 5.97314  G-T: 1.00000
Base frequencies:  A: 0.327  C: 0.202  G: 0.237  T: 0.234
Gamma shape alpha: 0.661
Parameters optimization took 1 rounds (0.002 sec)
BEST SCORE FOUND : -8200.930
Creating bootstrap support values...
Split supports printed to NEXUS file per_gene_alignments_codon/LOC101403501_.aln.splits.nex
Total tree length: 0.339

Total number of iterations: 102
CPU time used for tree search: 1.465 sec (0h:0m:1s)
Wall-clock time used for tree search: 3.064 sec (0h:0m:3s)
Total CPU time used: 2.799 sec (0h:0m:2s)
Total wall-clock time used: 6.781 sec (0h:0m:6s)

Computing bootstrap consensus tree...
Reading input file per_gene_alignments_codon/LOC101403501_.aln.splits.nex...
7 taxa and 14 splits.
Consensus tree written to per_gene_alignments_codon/LOC101403501_.aln.contree
Reading input trees file per_gene_alignments_codon/LOC101403501_.aln.contree
Log-likelihood of consensus tree: -8200.930

Analysis results written to: 
  IQ-TREE report:                per_gene_alignments_codon/LOC101403501_.aln.iqtree
  Maximum-likelihood tree:       per_gene_alignments_codon/LOC101403501_.aln.treefile
  Likelihood distances:          per_gene_alignments_codon/LOC101403501_.aln.mldist

Ultrafast bootstrap approximation results written to:
  Split support values:          per_gene_alignments_codon/LOC101403501_.aln.splits.nex
  Consensus tree:                per_gene_alignments_codon/LOC101403501_.aln.contree
  Screen log file:               per_gene_alignments_codon/LOC101403501_.aln.log

Date and Time: Thu Oct 30 21:36:21 2025
