IQ-TREE multicore version 2.3.3 COVID-edition for Linux x86 64-bit built Apr 25 2024
Developed by Bui Quang Minh, James Barbetti, Nguyen Lam Tung, Olga Chernomor,
Heiko Schmidt, Dominik Schrempf, Michael Woodhams, Ly Trong Nhan, Thomas Wong

Host:    morpheus-OptiPlex-5050 (AVX2, FMA3, 503 GB RAM)
Command: iqtree2 -s per_gene_alignments_codon/LOC101389009_.aln.fna -m MFP -T 1 -B 1000 --prefix per_gene_alignments_codon/LOC101389009_.aln
Seed:    995502 (Using SPRNG - Scalable Parallel Random Number Generator)
Time:    Thu Oct 30 21:26:11 2025
Kernel:  AVX+FMA - 1 threads (72 CPU cores detected)

HINT: Use -nt option to specify number of threads because your CPU has 72 cores!
HINT: -nt AUTO will automatically determine the best number of threads to use.

Reading alignment file per_gene_alignments_codon/LOC101389009_.aln.fna ... Fasta format detected
Reading fasta file: done in 0.000518799 secs using 49.73% CPU
Alignment most likely contains DNA/RNA sequences
Alignment has 7 sequences with 1704 columns, 96 distinct patterns
106 parsimony-informative, 182 singleton sites, 1416 constant sites
                     Gap/Ambiguity  Composition  p-value
Analyzing sequences: done in 2.28882e-05 secs using 96.12% CPU
   1  Ceratotherium_simum    0.00%    passed     80.70%
   2  Diceros_bicornis       0.00%    passed     88.22%
   3  Equus_asinus           0.00%    passed     98.97%
   4  Equus_quagga           0.00%    passed     98.27%
   5  Equus_caballus         0.00%    passed     99.79%
   6  Canis_lupus            0.00%    passed     98.69%
   7  Bos_taurus             0.00%    passed     24.27%
****  TOTAL                  0.00%  0 sequences failed composition chi2 test (p-value<5%; df=3)


Create initial parsimony tree by phylogenetic likelihood library (PLL)... 0.000 seconds
Perform fast likelihood tree search using GTR+I+G model...
Estimate model parameters (epsilon = 5.000)
Perform nearest neighbor interchange...
Estimate model parameters (epsilon = 1.000)
1. Initial log-likelihood: -3987.319
Optimal log-likelihood: -3987.311
Rate parameters:  A-C: 1.43773  A-G: 5.34109  A-T: 0.22994  C-G: 1.51383  C-T: 6.67067  G-T: 1.00000
Base frequencies:  A: 0.292  C: 0.244  G: 0.236  T: 0.228
Proportion of invariable sites: 0.412
Gamma shape alpha: 1.008
Parameters optimization took 1 rounds (0.002 sec)
Time for fast ML tree search: 0.032 seconds

NOTE: ModelFinder requires 0 MB RAM!
ModelFinder will test up to 484 DNA models (sample size: 1704) ...
 No. Model         -LnL         df  AIC          AICc         BIC
  1  GTR+F         4007.420     19  8052.840     8053.291     8156.214
  2  GTR+F+I       3987.454     20  8014.908     8015.408     8123.723
  3  GTR+F+G4      3987.337     20  8014.674     8015.173     8123.489
  4  GTR+F+I+G4    3987.321     21  8016.642     8017.191     8130.898
  5  GTR+F+R2      3988.301     21  8018.602     8019.152     8132.858
  6  GTR+F+R3      3987.606     23  8021.212     8021.869     8146.349
 14  GTR+F+I+R2    3987.488     22  8018.977     8019.579     8138.673
 15  GTR+F+I+R3    3987.335     24  8022.670     8023.385     8153.248
 24  SYM+I         3994.688     17  8023.375     8023.738     8115.868
 25  SYM+G4        3994.524     17  8023.047     8023.410     8115.540
 26  SYM+I+G4      3994.496     18  8024.992     8025.398     8122.925
 27  SYM+R2        3995.528     18  8027.057     8027.462     8124.990
 46  TVM+F+I       3988.239     19  8014.477     8014.929     8117.851
 47  TVM+F+G4      3988.221     19  8014.442     8014.893     8117.816
 48  TVM+F+I+G4    3988.230     20  8016.461     8016.960     8125.275
 49  TVM+F+R2      3989.251     20  8018.502     8019.001     8127.317
 68  TVMe+I        3994.923     16  8021.846     8022.168     8108.897
 69  TVMe+G4       3994.815     16  8021.630     8021.952     8108.681
 70  TVMe+I+G4     3994.796     17  8023.593     8023.956     8116.085
 71  TVMe+R2       3995.838     17  8025.676     8026.039     8118.168
 90  TIM3+F+I      3990.855     18  8017.710     8018.116     8115.643
 91  TIM3+F+G4     3990.680     18  8017.359     8017.765     8115.292
 92  TIM3+F+I+G4   3990.638     19  8019.277     8019.728     8122.651
 93  TIM3+F+R2     3991.663     19  8021.327     8021.778     8124.701
112  TIM3e+I       3997.287     15  8024.574     8024.858     8106.185
113  TIM3e+G4      3997.099     15  8024.198     8024.483     8105.809
114  TIM3e+I+G4    3997.049     16  8026.098     8026.421     8113.150
115  TIM3e+R2      3998.143     16  8028.286     8028.608     8115.338
134  TIM2+F+I      3996.159     18  8028.318     8028.724     8126.251
135  TIM2+F+G4     3996.018     18  8028.037     8028.442     8125.970
136  TIM2+F+I+G4   3995.996     19  8029.993     8030.444     8133.367
137  TIM2+F+R2     3997.058     19  8032.115     8032.566     8135.489
156  TIM2e+I       4003.978     15  8037.957     8038.241     8119.568
157  TIM2e+G4      4003.832     15  8037.663     8037.948     8119.274
158  TIM2e+I+G4    4003.810     16  8039.620     8039.943     8126.672
159  TIM2e+R2      4004.905     16  8041.811     8042.133     8128.862
178  TIM+F+I       3995.810     18  8027.621     8028.026     8125.554
179  TIM+F+G4      3995.651     18  8027.302     8027.708     8125.235
180  TIM+F+I+G4    3995.622     19  8029.244     8029.695     8132.618
181  TIM+F+R2      3996.770     19  8031.540     8031.992     8134.914
200  TIMe+I        4002.850     15  8035.700     8035.985     8117.311
201  TIMe+G4       4002.684     15  8035.368     8035.652     8116.979
202  TIMe+I+G4     4002.655     16  8037.310     8037.632     8124.361
203  TIMe+R2       4003.836     16  8039.672     8039.995     8126.724
222  TPM3u+F+I     3991.707     17  8017.413     8017.776     8109.906
223  TPM3u+F+G4    3991.606     17  8017.211     8017.574     8109.704
224  TPM3u+F+I+G4  3991.584     18  8019.168     8019.574     8117.101
225  TPM3u+F+R2    3992.554     18  8021.109     8021.515     8119.042
244  TPM3+I        3997.545     14  8023.090     8023.339     8099.261
245  TPM3+G4       3997.387     14  8022.774     8023.023     8098.945
246  TPM3+I+G4     3997.346     15  8024.692     8024.977     8106.303
247  TPM3+R2       3998.348     15  8026.695     8026.980     8108.306
266  TPM2u+F+I     3996.924     17  8027.847     8028.210     8120.340
267  TPM2u+F+G4    3996.882     17  8027.764     8028.127     8120.256
268  TPM2u+F+I+G4  3996.885     18  8029.771     8030.177     8127.704
269  TPM2u+F+R2    3997.896     18  8031.793     8032.199     8129.726
288  TPM2+I        4004.196     14  8036.392     8036.641     8112.563
289  TPM2+G4       4004.090     14  8036.180     8036.428     8112.350
290  TPM2+I+G4     4004.075     15  8038.149     8038.434     8119.760
291  TPM2+R2       4005.189     15  8040.379     8040.663     8121.990
310  K3Pu+F+I      3996.606     17  8027.212     8027.575     8119.704
311  K3Pu+F+G4     3996.526     17  8027.051     8027.414     8119.544
312  K3Pu+F+I+G4   3996.515     18  8029.029     8029.435     8126.962
313  K3Pu+F+R2     3997.605     18  8031.211     8031.617     8129.144
332  K3P+I         4003.069     14  8034.139     8034.388     8110.309
333  K3P+G4        4002.935     14  8033.870     8034.119     8110.040
334  K3P+I+G4      4002.913     15  8035.825     8036.110     8117.436
335  K3P+R2        4004.016     15  8038.031     8038.316     8119.642
354  TN+F+I        3997.467     17  8028.934     8029.297     8121.426
355  TN+F+G4       3997.299     17  8028.598     8028.961     8121.090
356  TN+F+I+G4     3997.269     18  8030.538     8030.944     8128.471
357  TN+F+R2       3998.384     18  8032.768     8033.174     8130.701
376  TNe+I         4004.521     14  8037.043     8037.292     8113.213
377  TNe+G4        4004.354     14  8036.707     8036.956     8112.878
378  TNe+I+G4      4004.326     15  8038.652     8038.936     8120.263
379  TNe+R2        4005.490     15  8040.980     8041.264     8122.591
398  HKY+F+I       3998.276     16  8028.553     8028.875     8115.605
399  HKY+F+G4      3998.193     16  8028.386     8028.708     8115.438
400  HKY+F+I+G4    3998.182     17  8030.363     8030.726     8122.856
401  HKY+F+R2      3999.246     17  8032.493     8032.856     8124.985
420  K2P+I         4004.745     13  8035.490     8035.705     8106.219
421  K2P+G4        4004.612     13  8035.224     8035.439     8105.953
422  K2P+I+G4      4004.587     14  8037.173     8037.422     8113.343
423  K2P+R2        4005.674     14  8039.348     8039.597     8115.519
442  F81+F+I       4100.500     15  8231.000     8231.284     8312.611
443  F81+F+G4      4100.477     15  8230.954     8231.238     8312.565
444  F81+F+I+G4    4100.473     16  8232.946     8233.269     8319.998
445  F81+F+R2      4102.215     16  8236.430     8236.753     8323.482
464  JC+I          4106.091     12  8236.183     8236.367     8301.472
465  JC+G4         4106.068     12  8236.136     8236.320     8301.425
466  JC+I+G4       4106.064     13  8238.127     8238.343     8308.857
467  JC+R2         4107.767     13  8241.533     8241.749     8312.263
Akaike Information Criterion:           TVM+F+G4
Corrected Akaike Information Criterion: TVM+F+G4
Bayesian Information Criterion:         TPM3+G4
Best-fit model: TPM3+G4 chosen according to BIC

All model information printed to per_gene_alignments_codon/LOC101389009_.aln.model.gz
CPU time for ModelFinder: 1.442 seconds (0h:0m:1s)
Wall-clock time for ModelFinder: 2.135 seconds (0h:0m:2s)
Generating 1000 samples for ultrafast bootstrap (seed: 995502)...

NOTE: 0 MB RAM (0 GB) is required!
Estimate model parameters (epsilon = 0.100)
1. Initial log-likelihood: -3997.387
Optimal log-likelihood: -3997.386
Rate parameters:  A-C: 2.64541  A-G: 10.43005  A-T: 1.00000  C-G: 2.64541  C-T: 10.43005  G-T: 1.00000
Base frequencies:  A: 0.250  C: 0.250  G: 0.250  T: 0.250
Gamma shape alpha: 0.305
Parameters optimization took 1 rounds (0.001 sec)
Wrote distance file to... 
Computing ML distances based on estimated model parameters...
Calculating distance matrix: done in 0.000473022 secs using 99.78% CPU
Computing ML distances took 0.000521 sec (of wall-clock time) 0.000527 sec (of CPU time)
Setting up auxiliary I and S matrices: done in 5.6982e-05 secs using 191.3% CPU
Computing RapidNJ tree took 0.000178 sec (of wall-clock time) 0.000353 sec (of CPU time)
Log-likelihood of RapidNJ tree: -3997.388
--------------------------------------------------------------------
|             INITIALIZING CANDIDATE TREE SET                      |
--------------------------------------------------------------------
Generating 99 parsimony trees... 0.034 second
Computing log-likelihood of 38 initial trees ... 0.014 seconds
Current best score: -3997.386

Do NNI search on 20 best initial trees
Estimate model parameters (epsilon = 0.100)
BETTER TREE FOUND at iteration 1: -3997.386
Iteration 10 / LogL: -3997.403 / Time: 0h:0m:2s
Iteration 20 / LogL: -3997.399 / Time: 0h:0m:2s
Finish initializing candidate tree set (1)
Current best tree score: -3997.386 / CPU time: 0.122
Number of iterations: 20
--------------------------------------------------------------------
|               OPTIMIZING CANDIDATE TREE SET                      |
--------------------------------------------------------------------
Iteration 30 / LogL: -3997.396 / Time: 0h:0m:2s (0h:0m:0s left)
UPDATE BEST LOG-LIKELIHOOD: -3997.386
Iteration 40 / LogL: -3997.391 / Time: 0h:0m:2s (0h:0m:0s left)
Iteration 50 / LogL: -3997.389 / Time: 0h:0m:2s (0h:0m:0s left)
Log-likelihood cutoff on original alignment: -4026.786
Iteration 60 / LogL: -3997.386 / Time: 0h:0m:2s (0h:0m:0s left)
UPDATE BEST LOG-LIKELIHOOD: -3997.386
Iteration 70 / LogL: -3997.391 / Time: 0h:0m:2s (0h:0m:0s left)
Iteration 80 / LogL: -3997.439 / Time: 0h:0m:2s (0h:0m:0s left)
Iteration 90 / LogL: -3997.470 / Time: 0h:0m:2s (0h:0m:0s left)
Iteration 100 / LogL: -3997.390 / Time: 0h:0m:2s (0h:0m:0s left)
Log-likelihood cutoff on original alignment: -4026.786
NOTE: Bootstrap correlation coefficient of split occurrence frequencies: 1.000
TREE SEARCH COMPLETED AFTER 102 ITERATIONS / Time: 0h:0m:3s

--------------------------------------------------------------------
|                    FINALIZING TREE SEARCH                        |
--------------------------------------------------------------------
Performs final model parameters optimization
Estimate model parameters (epsilon = 0.010)
1. Initial log-likelihood: -3997.386
Optimal log-likelihood: -3997.385
Rate parameters:  A-C: 2.65018  A-G: 10.44891  A-T: 1.00000  C-G: 2.65018  C-T: 10.44891  G-T: 1.00000
Base frequencies:  A: 0.250  C: 0.250  G: 0.250  T: 0.250
Gamma shape alpha: 0.304
Parameters optimization took 1 rounds (0.001 sec)
BEST SCORE FOUND : -3997.385
Creating bootstrap support values...
Split supports printed to NEXUS file per_gene_alignments_codon/LOC101389009_.aln.splits.nex
Total tree length: 0.237

Total number of iterations: 102
CPU time used for tree search: 0.983 sec (0h:0m:0s)
Wall-clock time used for tree search: 0.867 sec (0h:0m:0s)
Total CPU time used: 2.493 sec (0h:0m:2s)
Total wall-clock time used: 3.071 sec (0h:0m:3s)

Computing bootstrap consensus tree...
Reading input file per_gene_alignments_codon/LOC101389009_.aln.splits.nex...
7 taxa and 15 splits.
Consensus tree written to per_gene_alignments_codon/LOC101389009_.aln.contree
Reading input trees file per_gene_alignments_codon/LOC101389009_.aln.contree
Log-likelihood of consensus tree: -3997.387

Analysis results written to: 
  IQ-TREE report:                per_gene_alignments_codon/LOC101389009_.aln.iqtree
  Maximum-likelihood tree:       per_gene_alignments_codon/LOC101389009_.aln.treefile
  Likelihood distances:          per_gene_alignments_codon/LOC101389009_.aln.mldist

Ultrafast bootstrap approximation results written to:
  Split support values:          per_gene_alignments_codon/LOC101389009_.aln.splits.nex
  Consensus tree:                per_gene_alignments_codon/LOC101389009_.aln.contree
  Screen log file:               per_gene_alignments_codon/LOC101389009_.aln.log

Date and Time: Thu Oct 30 21:26:15 2025
