IQ-TREE multicore version 2.3.3 COVID-edition for Linux x86 64-bit built Apr 25 2024
Developed by Bui Quang Minh, James Barbetti, Nguyen Lam Tung, Olga Chernomor,
Heiko Schmidt, Dominik Schrempf, Michael Woodhams, Ly Trong Nhan, Thomas Wong

Host:    morpheus-OptiPlex-5050 (AVX2, FMA3, 503 GB RAM)
Command: iqtree2 -s per_gene_alignments_codon/LOC101387392_.aln.fna -m MFP -T 1 -B 1000 --prefix per_gene_alignments_codon/LOC101387392_.aln
Seed:    182969 (Using SPRNG - Scalable Parallel Random Number Generator)
Time:    Thu Oct 30 21:25:04 2025
Kernel:  AVX+FMA - 1 threads (72 CPU cores detected)

HINT: Use -nt option to specify number of threads because your CPU has 72 cores!
HINT: -nt AUTO will automatically determine the best number of threads to use.

Reading alignment file per_gene_alignments_codon/LOC101387392_.aln.fna ... Fasta format detected
Reading fasta file: done in 0.000361204 secs using 49.56% CPU
Alignment most likely contains DNA/RNA sequences
Alignment has 7 sequences with 1113 columns, 62 distinct patterns
48 parsimony-informative, 77 singleton sites, 988 constant sites
                     Gap/Ambiguity  Composition  p-value
Analyzing sequences: done in 1.4782e-05 secs using 47.36% CPU
   1  Ceratotherium_simum    0.00%    passed     99.76%
   2  Diceros_bicornis       0.00%    passed     99.57%
   3  Equus_asinus           0.00%    passed     99.32%
   4  Equus_quagga           0.00%    passed     99.32%
   5  Equus_caballus         0.00%    passed     99.36%
   6  Canis_lupus            0.00%    passed     99.13%
   7  Bos_taurus             0.00%    passed     89.73%
****  TOTAL                  0.00%  0 sequences failed composition chi2 test (p-value<5%; df=3)
NOTE: Equus_quagga is identical to Equus_asinus but kept for subsequent analysis


Create initial parsimony tree by phylogenetic likelihood library (PLL)... 0.000 seconds
Perform fast likelihood tree search using GTR+I+G model...
Estimate model parameters (epsilon = 5.000)
Perform nearest neighbor interchange...
Estimate model parameters (epsilon = 1.000)
1. Initial log-likelihood: -2285.156
Optimal log-likelihood: -2285.156
Rate parameters:  A-C: 0.92979  A-G: 4.75461  A-T: 0.71898  C-G: 1.43908  C-T: 5.01597  G-T: 1.00000
Base frequencies:  A: 0.301  C: 0.198  G: 0.235  T: 0.267
Proportion of invariable sites: 0.443
Gamma shape alpha: 1.239
Parameters optimization took 1 rounds (0.001 sec)
Time for fast ML tree search: 0.020 seconds

NOTE: ModelFinder requires 0 MB RAM!
ModelFinder will test up to 484 DNA models (sample size: 1113) ...
 No. Model         -LnL         df  AIC          AICc         BIC
  1  GTR+F         2290.847     19  4619.693     4620.389     4714.975
  2  GTR+F+I       2285.097     20  4610.194     4610.963     4710.490
  3  GTR+F+G4      2285.141     20  4610.282     4611.051     4710.578
  4  GTR+F+I+G4    2285.160     21  4612.319     4613.166     4717.630
  5  GTR+F+R2      2287.625     21  4617.250     4618.097     4722.561
  6  GTR+F+R3      2285.536     23  4617.072     4618.086     4732.413
 14  GTR+F+I+R2    2285.153     22  4614.306     4615.234     4724.632
 15  GTR+F+I+R3    2285.155     24  4618.310     4619.413     4738.665
 23  SYM           2304.144     16  4640.289     4640.785     4720.526
 24  SYM+I         2298.601     17  4631.202     4631.761     4716.454
 25  SYM+G4        2298.640     17  4631.281     4631.840     4716.533
 26  SYM+I+G4      2298.655     18  4633.310     4633.935     4723.577
 45  TVM+F         2290.895     18  4617.790     4618.415     4708.056
 46  TVM+F+I       2285.124     19  4608.248     4608.943     4703.530
 47  TVM+F+G4      2285.164     19  4608.328     4609.023     4703.609
 48  TVM+F+I+G4    2285.183     20  4610.367     4611.136     4710.663
 67  TVMe          2304.218     15  4638.436     4638.874     4713.658
 68  TVMe+I        2298.685     16  4629.370     4629.867     4709.607
 69  TVMe+G4       2298.729     16  4629.459     4629.955     4709.696
 70  TVMe+I+G4     2298.746     17  4631.492     4632.051     4716.744
 89  TIM3+F        2291.437     17  4616.875     4617.434     4702.127
 90  TIM3+F+I      2285.757     18  4607.515     4608.140     4697.781
 91  TIM3+F+G4     2285.791     18  4607.581     4608.207     4697.848
 92  TIM3+F+I+G4   2285.802     19  4609.603     4610.299     4704.885
111  TIM3e         2304.404     14  4636.808     4637.191     4707.016
112  TIM3e+I       2298.881     15  4627.762     4628.199     4702.984
113  TIM3e+G4      2298.912     15  4627.824     4628.262     4703.046
114  TIM3e+I+G4    2298.923     16  4629.846     4630.343     4710.083
133  TIM2+F        2291.303     17  4616.607     4617.166     4701.859
134  TIM2+F+I      2285.519     18  4607.037     4607.663     4697.304
135  TIM2+F+G4     2285.559     18  4607.118     4607.744     4697.385
136  TIM2+F+I+G4   2285.578     19  4609.157     4609.852     4704.438
155  TIM2e         2304.242     14  4636.485     4636.867     4706.692
156  TIM2e+I       2298.676     15  4627.352     4627.789     4702.574
157  TIM2e+G4      2298.712     15  4627.424     4627.861     4702.646
158  TIM2e+I+G4    2298.727     16  4629.455     4629.951     4709.692
177  TIM+F         2291.882     17  4617.763     4618.322     4703.015
178  TIM+F+I       2286.174     18  4608.348     4608.973     4698.614
179  TIM+F+G4      2286.202     18  4608.404     4609.029     4698.670
180  TIM+F+I+G4    2286.214     19  4610.429     4611.124     4705.710
199  TIMe          2304.485     14  4636.971     4637.353     4707.178
200  TIMe+I        2298.932     15  4627.865     4628.302     4703.087
201  TIMe+G4       2298.960     15  4627.921     4628.358     4703.143
202  TIMe+I+G4     2298.969     16  4629.938     4630.434     4710.175
221  TPM3u+F       2291.485     16  4614.971     4615.467     4695.208
222  TPM3u+F+I     2285.786     17  4605.573     4606.132     4690.825
223  TPM3u+F+G4    2285.814     17  4605.628     4606.186     4690.879
224  TPM3u+F+I+G4  2285.826     18  4607.652     4608.278     4697.919
243  TPM3          2304.481     13  4634.963     4635.294     4700.155
244  TPM3+I        2298.965     14  4625.930     4626.313     4696.138
245  TPM3+G4       2299.001     14  4626.003     4626.385     4696.210
246  TPM3+I+G4     2299.015     15  4628.029     4628.467     4703.251
265  TPM2u+F       2291.352     16  4614.704     4615.200     4694.941
266  TPM2u+F+I     2285.546     17  4605.091     4605.650     4690.343
267  TPM2u+F+G4    2285.583     17  4605.166     4605.725     4690.418
268  TPM2u+F+I+G4  2285.602     18  4607.203     4607.829     4697.470
287  TPM2          2304.321     13  4634.641     4634.972     4699.834
288  TPM2+I        2298.755     14  4625.511     4625.893     4695.718
289  TPM2+G4       2298.800     14  4625.600     4625.983     4695.807
290  TPM2+I+G4     2298.817     15  4627.633     4628.071     4702.855
309  K3Pu+F        2291.932     16  4615.864     4616.361     4696.101
310  K3Pu+F+I      2286.202     17  4606.404     4606.963     4691.656
311  K3Pu+F+G4     2286.226     17  4606.452     4607.010     4691.703
312  K3Pu+F+I+G4   2286.237     18  4608.474     4609.100     4698.741
331  K3P           2304.560     13  4635.120     4635.451     4700.312
332  K3P+I         2299.012     14  4626.024     4626.407     4696.232
333  K3P+G4        2299.046     14  4626.093     4626.475     4696.300
334  K3P+I+G4      2299.057     15  4628.115     4628.552     4703.337
353  TN+F          2291.881     16  4615.761     4616.257     4695.998
354  TN+F+I        2286.172     17  4606.344     4606.903     4691.596
355  TN+F+G4       2286.198     17  4606.397     4606.956     4691.649
356  TN+F+I+G4     2286.211     18  4608.423     4609.048     4698.689
375  TNe           2304.493     13  4634.985     4635.317     4700.178
376  TNe+I         2298.939     14  4625.877     4626.260     4696.085
377  TNe+G4        2298.967     14  4625.934     4626.317     4696.142
378  TNe+I+G4      2298.978     15  4627.957     4628.394     4703.179
397  HKY+F         2291.931     15  4613.862     4614.300     4689.085
398  HKY+F+I       2286.202     16  4604.403     4604.899     4684.640
399  HKY+F+G4      2286.225     16  4604.449     4604.946     4684.686
400  HKY+F+I+G4    2286.236     17  4606.472     4607.031     4691.724
419  K2P           2304.569     12  4633.138     4633.422     4693.316
420  K2P+I         2299.021     13  4624.042     4624.373     4689.235
421  K2P+G4        2299.056     13  4624.111     4624.442     4689.304
422  K2P+I+G4      2299.069     14  4626.137     4626.520     4696.345
441  F81+F         2329.211     14  4686.422     4686.805     4756.630
442  F81+F+I       2324.607     15  4679.214     4679.652     4754.436
443  F81+F+G4      2324.674     15  4679.349     4679.786     4754.571
444  F81+F+I+G4    2324.678     16  4681.356     4681.852     4761.593
463  JC            2341.346     11  4704.693     4704.933     4759.856
464  JC+I          2336.787     12  4697.574     4697.857     4757.752
465  JC+G4         2336.855     12  4697.711     4697.994     4757.889
466  JC+I+G4       2336.858     13  4699.717     4700.048     4764.909
Akaike Information Criterion:           HKY+F+I
Corrected Akaike Information Criterion: HKY+F+I
Bayesian Information Criterion:         HKY+F+I
Best-fit model: HKY+F+I chosen according to BIC

All model information printed to per_gene_alignments_codon/LOC101387392_.aln.model.gz
CPU time for ModelFinder: 0.277 seconds (0h:0m:0s)
Wall-clock time for ModelFinder: 0.984 seconds (0h:0m:0s)
Generating 1000 samples for ultrafast bootstrap (seed: 182969)...

NOTE: 0 MB RAM (0 GB) is required!
Estimate model parameters (epsilon = 0.100)
1. Initial log-likelihood: -2286.202
Optimal log-likelihood: -2286.202
Rate parameters:  A-C: 1.00000  A-G: 4.99800  A-T: 1.00000  C-G: 1.00000  C-T: 4.99800  G-T: 1.00000
Base frequencies:  A: 0.301  C: 0.198  G: 0.235  T: 0.267
Proportion of invariable sites: 0.636
Parameters optimization took 1 rounds (0.000 sec)
Wrote distance file to... 
Computing ML distances based on estimated model parameters...
Calculating distance matrix: done in 0.000174999 secs using 97.14% CPU
Computing ML distances took 0.000214 sec (of wall-clock time) 0.000213 sec (of CPU time)
Setting up auxiliary I and S matrices: done in 4.00543e-05 secs using 94.87% CPU
Computing RapidNJ tree took 0.000130 sec (of wall-clock time) 0.000127 sec (of CPU time)
Log-likelihood of RapidNJ tree: -2286.208
--------------------------------------------------------------------
|             INITIALIZING CANDIDATE TREE SET                      |
--------------------------------------------------------------------
Generating 98 parsimony trees... 0.130 second
Computing log-likelihood of 50 initial trees ... 0.044 seconds
Current best score: -2286.202

Do NNI search on 20 best initial trees
Estimate model parameters (epsilon = 0.100)
BETTER TREE FOUND at iteration 1: -2286.202
UPDATE BEST LOG-LIKELIHOOD: -2286.201
UPDATE BEST LOG-LIKELIHOOD: -2286.201
Iteration 10 / LogL: -2286.202 / Time: 0h:0m:1s
Iteration 20 / LogL: -2286.202 / Time: 0h:0m:1s
Finish initializing candidate tree set (4)
Current best tree score: -2286.201 / CPU time: 0.341
Number of iterations: 20
--------------------------------------------------------------------
|               OPTIMIZING CANDIDATE TREE SET                      |
--------------------------------------------------------------------
UPDATE BEST LOG-LIKELIHOOD: -2286.201
UPDATE BEST LOG-LIKELIHOOD: -2286.201
UPDATE BEST LOG-LIKELIHOOD: -2286.201
Iteration 30 / LogL: -2286.203 / Time: 0h:0m:1s (0h:0m:1s left)
Iteration 40 / LogL: -2286.202 / Time: 0h:0m:1s (0h:0m:0s left)
Iteration 50 / LogL: -2286.201 / Time: 0h:0m:1s (0h:0m:0s left)
Log-likelihood cutoff on original alignment: -2318.118
UPDATE BEST LOG-LIKELIHOOD: -2286.201
Iteration 60 / LogL: -2286.201 / Time: 0h:0m:1s (0h:0m:0s left)
Iteration 70 / LogL: -2286.201 / Time: 0h:0m:1s (0h:0m:0s left)
Iteration 80 / LogL: -2286.202 / Time: 0h:0m:2s (0h:0m:0s left)
Iteration 90 / LogL: -2286.201 / Time: 0h:0m:2s (0h:0m:0s left)
Iteration 100 / LogL: -2286.202 / Time: 0h:0m:2s (0h:0m:0s left)
Log-likelihood cutoff on original alignment: -2318.217
NOTE: Bootstrap correlation coefficient of split occurrence frequencies: 1.000
TREE SEARCH COMPLETED AFTER 102 ITERATIONS / Time: 0h:0m:2s

--------------------------------------------------------------------
|                    FINALIZING TREE SEARCH                        |
--------------------------------------------------------------------
Performs final model parameters optimization
Estimate model parameters (epsilon = 0.010)
1. Initial log-likelihood: -2286.201
Optimal log-likelihood: -2286.201
Rate parameters:  A-C: 1.00000  A-G: 4.99800  A-T: 1.00000  C-G: 1.00000  C-T: 4.99800  G-T: 1.00000
Base frequencies:  A: 0.301  C: 0.198  G: 0.235  T: 0.267
Proportion of invariable sites: 0.636
Parameters optimization took 1 rounds (0.001 sec)
BEST SCORE FOUND : -2286.201
Creating bootstrap support values...
Split supports printed to NEXUS file per_gene_alignments_codon/LOC101387392_.aln.splits.nex
Total tree length: 0.138

Total number of iterations: 102
CPU time used for tree search: 0.973 sec (0h:0m:0s)
Wall-clock time used for tree search: 1.278 sec (0h:0m:1s)
Total CPU time used: 1.312 sec (0h:0m:1s)
Total wall-clock time used: 2.349 sec (0h:0m:2s)

Computing bootstrap consensus tree...
Reading input file per_gene_alignments_codon/LOC101387392_.aln.splits.nex...
7 taxa and 16 splits.
Consensus tree written to per_gene_alignments_codon/LOC101387392_.aln.contree
Reading input trees file per_gene_alignments_codon/LOC101387392_.aln.contree
Log-likelihood of consensus tree: -2286.207

Analysis results written to: 
  IQ-TREE report:                per_gene_alignments_codon/LOC101387392_.aln.iqtree
  Maximum-likelihood tree:       per_gene_alignments_codon/LOC101387392_.aln.treefile
  Likelihood distances:          per_gene_alignments_codon/LOC101387392_.aln.mldist

Ultrafast bootstrap approximation results written to:
  Split support values:          per_gene_alignments_codon/LOC101387392_.aln.splits.nex
  Consensus tree:                per_gene_alignments_codon/LOC101387392_.aln.contree
  Screen log file:               per_gene_alignments_codon/LOC101387392_.aln.log

Date and Time: Thu Oct 30 21:25:06 2025
