IQ-TREE multicore version 2.3.3 COVID-edition for Linux x86 64-bit built Apr 25 2024
Developed by Bui Quang Minh, James Barbetti, Nguyen Lam Tung, Olga Chernomor,
Heiko Schmidt, Dominik Schrempf, Michael Woodhams, Ly Trong Nhan, Thomas Wong

Host:    morpheus-OptiPlex-5050 (AVX2, FMA3, 503 GB RAM)
Command: iqtree2 -s per_gene_alignments_codon/LOC101402059_.aln.fna -m MFP -T 1 -B 1000 --prefix per_gene_alignments_codon/LOC101402059_.aln
Seed:    267541 (Using SPRNG - Scalable Parallel Random Number Generator)
Time:    Thu Oct 30 21:35:13 2025
Kernel:  AVX+FMA - 1 threads (72 CPU cores detected)

HINT: Use -nt option to specify number of threads because your CPU has 72 cores!
HINT: -nt AUTO will automatically determine the best number of threads to use.

Reading alignment file per_gene_alignments_codon/LOC101402059_.aln.fna ... Fasta format detected
Reading fasta file: done in 0.000200033 secs using 98.98% CPU
Alignment most likely contains DNA/RNA sequences
Alignment has 7 sequences with 531 columns, 35 distinct patterns
26 parsimony-informative, 35 singleton sites, 470 constant sites
                     Gap/Ambiguity  Composition  p-value
Analyzing sequences: done in 1.50204e-05 secs using 86.55% CPU
   1  Ceratotherium_simum    0.00%    passed     99.03%
   2  Diceros_bicornis       0.00%    passed     99.67%
   3  Equus_asinus           0.00%    passed     99.16%
   4  Equus_quagga           0.00%    passed     99.16%
   5  Equus_caballus         0.00%    passed     98.13%
   6  Canis_lupus            0.00%    passed     99.67%
   7  Bos_taurus             0.00%    passed     83.52%
****  TOTAL                  0.00%  0 sequences failed composition chi2 test (p-value<5%; df=3)
NOTE: Equus_quagga is identical to Equus_asinus but kept for subsequent analysis


Create initial parsimony tree by phylogenetic likelihood library (PLL)... 0.000 seconds
Perform fast likelihood tree search using GTR+I+G model...
Estimate model parameters (epsilon = 5.000)
Perform nearest neighbor interchange...
Estimate model parameters (epsilon = 1.000)
1. Initial log-likelihood: -1080.481
Optimal log-likelihood: -1080.479
Rate parameters:  A-C: 2.00337  A-G: 7.80881  A-T: 1.26857  C-G: 2.06126  C-T: 5.56601  G-T: 1.00000
Base frequencies:  A: 0.313  C: 0.193  G: 0.263  T: 0.231
Proportion of invariable sites: 0.441
Gamma shape alpha: 998.430
Parameters optimization took 1 rounds (0.001 sec)
Time for fast ML tree search: 0.032 seconds

NOTE: ModelFinder requires 0 MB RAM!
ModelFinder will test up to 484 DNA models (sample size: 531) ...
 No. Model         -LnL         df  AIC          AICc         BIC
  1  GTR+F         1080.535     19  2199.071     2200.558     2280.291
  2  GTR+F+I       1080.366     20  2200.732     2202.379     2286.228
  3  GTR+F+G4      1080.375     20  2200.750     2202.397     2286.246
  4  GTR+F+I+G4    1080.479     21  2202.959     2204.774     2292.729
  5  GTR+F+R2      1080.372     21  2202.745     2204.560     2292.515
  6  GTR+F+R3      1080.398     23  2206.797     2208.974     2305.116
 14  GTR+F+I+R2    1080.838     22  2205.676     2207.668     2299.721
 15  GTR+F+I+R3    1080.691     24  2209.382     2211.753     2311.976
 23  SYM           1089.777     16  2211.554     2212.612     2279.950
 24  SYM+I         1089.577     17  2213.154     2214.347     2285.825
 25  SYM+G4        1089.595     17  2213.190     2214.383     2285.861
 45  TVM+F         1080.914     18  2197.827     2199.163     2274.773
 46  TVM+F+I       1080.783     19  2199.565     2201.052     2280.786
 47  TVM+F+G4      1080.782     19  2199.565     2201.052     2280.785
 67  TVMe          1091.466     15  2212.932     2213.864     2277.053
 68  TVMe+I        1091.332     16  2214.663     2215.722     2283.060
 69  TVMe+G4       1091.335     16  2214.670     2215.728     2283.066
 89  TIM3+F        1080.618     17  2195.235     2196.428     2267.906
 90  TIM3+F+I      1080.434     18  2196.867     2198.203     2273.813
 91  TIM3+F+G4     1080.440     18  2196.881     2198.217     2273.827
111  TIM3e         1089.908     14  2207.816     2208.630     2267.663
112  TIM3e+I       1089.690     15  2209.381     2210.313     2273.502
113  TIM3e+G4      1089.707     15  2209.414     2210.346     2273.535
133  TIM2+F        1081.461     17  2196.923     2198.116     2269.594
134  TIM2+F+I      1081.224     18  2198.449     2199.785     2275.395
135  TIM2+F+G4     1081.231     18  2198.462     2199.798     2275.408
155  TIM2e         1090.418     14  2208.837     2209.651     2268.683
156  TIM2e+I       1090.163     15  2210.326     2211.258     2274.447
157  TIM2e+G4      1090.179     15  2210.358     2211.290     2274.479
177  TIM+F         1081.474     17  2196.949     2198.142     2269.620
178  TIM+F+I       1081.233     18  2198.467     2199.802     2275.412
179  TIM+F+G4      1081.238     18  2198.476     2199.812     2275.421
199  TIMe          1090.477     14  2208.954     2209.768     2268.800
200  TIMe+I        1090.213     15  2210.426     2211.358     2274.548
201  TIMe+G4       1090.227     15  2210.454     2211.386     2274.575
221  TPM3u+F       1080.992     16  2193.983     2195.042     2262.380
222  TPM3u+F+I     1080.851     17  2195.702     2196.895     2268.373
223  TPM3u+F+G4    1080.851     17  2195.702     2196.895     2268.373
243  TPM3          1091.595     13  2209.189     2209.893     2264.761
244  TPM3+I        1091.450     14  2210.899     2211.713     2270.746
245  TPM3+G4       1091.452     14  2210.905     2211.719     2270.752
265  TPM2u+F       1081.836     16  2195.672     2196.731     2264.069
266  TPM2u+F+I     1081.650     17  2197.300     2198.493     2269.971
267  TPM2u+F+G4    1081.651     17  2197.301     2198.494     2269.972
287  TPM2          1092.105     13  2210.210     2210.914     2265.782
288  TPM2+I        1091.926     14  2211.852     2212.666     2271.699
289  TPM2+G4       1091.929     14  2211.859     2212.673     2271.706
309  K3Pu+F        1081.850     16  2195.700     2196.758     2264.096
310  K3Pu+F+I      1081.660     17  2197.320     2198.513     2269.991
311  K3Pu+F+G4     1081.659     17  2197.318     2198.511     2269.989
331  K3P           1092.165     13  2210.329     2211.033     2265.901
332  K3P+I         1091.980     14  2211.961     2212.775     2271.808
333  K3P+G4        1091.981     14  2211.963     2212.777     2271.809
353  TN+F          1081.489     16  2194.979     2196.037     2263.375
354  TN+F+I        1081.246     17  2196.491     2197.684     2269.162
355  TN+F+G4       1081.251     17  2196.501     2197.694     2269.172
375  TNe           1090.498     13  2206.997     2207.701     2262.569
376  TNe+I         1090.233     14  2208.465     2209.279     2268.312
377  TNe+G4        1090.247     14  2208.493     2209.307     2268.340
397  HKY+F         1081.865     15  2193.731     2194.663     2257.852
398  HKY+F+I       1081.673     16  2195.345     2196.404     2263.741
399  HKY+F+G4      1081.672     16  2195.345     2196.403     2263.741
419  K2P           1092.187     12  2208.374     2208.976     2259.671
420  K2P+I         1092.000     13  2210.000     2210.704     2265.572
421  K2P+G4        1092.002     13  2210.003     2210.707     2265.575
441  F81+F         1097.928     14  2223.856     2224.670     2283.703
442  F81+F+I       1097.850     15  2225.701     2226.633     2289.822
443  F81+F+G4      1097.852     15  2225.704     2226.636     2289.825
463  JC            1109.055     11  2240.110     2240.619     2287.132
464  JC+I          1108.991     12  2241.981     2242.584     2293.279
465  JC+G4         1108.997     12  2241.994     2242.596     2293.291
Akaike Information Criterion:           HKY+F
Corrected Akaike Information Criterion: HKY+F
Bayesian Information Criterion:         HKY+F
Best-fit model: HKY+F chosen according to BIC

All model information printed to per_gene_alignments_codon/LOC101402059_.aln.model.gz
CPU time for ModelFinder: 0.160 seconds (0h:0m:0s)
Wall-clock time for ModelFinder: 0.646 seconds (0h:0m:0s)
Generating 1000 samples for ultrafast bootstrap (seed: 267541)...

NOTE: 0 MB RAM (0 GB) is required!
Estimate model parameters (epsilon = 0.100)
1. Initial log-likelihood: -1081.865
Optimal log-likelihood: -1081.865
Rate parameters:  A-C: 1.00000  A-G: 4.36672  A-T: 1.00000  C-G: 1.00000  C-T: 4.36672  G-T: 1.00000
Base frequencies:  A: 0.313  C: 0.193  G: 0.263  T: 0.231
Parameters optimization took 1 rounds (0.000 sec)
Wrote distance file to... 
Computing ML distances based on estimated model parameters...
Calculating distance matrix: done in 0.00024581 secs using 99.67% CPU
Computing ML distances took 0.000293 sec (of wall-clock time) 0.000299 sec (of CPU time)
Setting up auxiliary I and S matrices: done in 4.31538e-05 secs using 97.33% CPU
Computing RapidNJ tree took 0.000135 sec (of wall-clock time) 0.000135 sec (of CPU time)
Log-likelihood of RapidNJ tree: -1081.866
--------------------------------------------------------------------
|             INITIALIZING CANDIDATE TREE SET                      |
--------------------------------------------------------------------
Generating 99 parsimony trees... 0.043 second
Computing log-likelihood of 36 initial trees ... 0.028 seconds
Current best score: -1081.865

Do NNI search on 20 best initial trees
Estimate model parameters (epsilon = 0.100)
BETTER TREE FOUND at iteration 1: -1081.865
UPDATE BEST LOG-LIKELIHOOD: -1081.864
Iteration 10 / LogL: -1081.864 / Time: 0h:0m:0s
Iteration 20 / LogL: -1081.867 / Time: 0h:0m:0s
Finish initializing candidate tree set (1)
Current best tree score: -1081.864 / CPU time: 0.195
Number of iterations: 20
--------------------------------------------------------------------
|               OPTIMIZING CANDIDATE TREE SET                      |
--------------------------------------------------------------------
UPDATE BEST LOG-LIKELIHOOD: -1081.864
UPDATE BEST LOG-LIKELIHOOD: -1081.864
Iteration 30 / LogL: -1081.864 / Time: 0h:0m:1s (0h:0m:0s left)
Iteration 40 / LogL: -1081.865 / Time: 0h:0m:1s (0h:0m:0s left)
Iteration 50 / LogL: -1081.864 / Time: 0h:0m:1s (0h:0m:0s left)
Log-likelihood cutoff on original alignment: -1118.658
Iteration 60 / LogL: -1081.864 / Time: 0h:0m:1s (0h:0m:0s left)
UPDATE BEST LOG-LIKELIHOOD: -1081.864
Iteration 70 / LogL: -1081.864 / Time: 0h:0m:1s (0h:0m:0s left)
Iteration 80 / LogL: -1081.864 / Time: 0h:0m:1s (0h:0m:0s left)
Iteration 90 / LogL: -1081.884 / Time: 0h:0m:1s (0h:0m:0s left)
Iteration 100 / LogL: -1081.866 / Time: 0h:0m:2s (0h:0m:0s left)
Log-likelihood cutoff on original alignment: -1118.617
NOTE: Bootstrap correlation coefficient of split occurrence frequencies: 1.000
TREE SEARCH COMPLETED AFTER 102 ITERATIONS / Time: 0h:0m:2s

--------------------------------------------------------------------
|                    FINALIZING TREE SEARCH                        |
--------------------------------------------------------------------
Performs final model parameters optimization
Estimate model parameters (epsilon = 0.010)
1. Initial log-likelihood: -1081.864
Optimal log-likelihood: -1081.864
Rate parameters:  A-C: 1.00000  A-G: 4.37542  A-T: 1.00000  C-G: 1.00000  C-T: 4.37542  G-T: 1.00000
Base frequencies:  A: 0.313  C: 0.193  G: 0.263  T: 0.231
Parameters optimization took 1 rounds (0.000 sec)
BEST SCORE FOUND : -1081.864
Creating bootstrap support values...
Split supports printed to NEXUS file per_gene_alignments_codon/LOC101402059_.aln.splits.nex
Total tree length: 0.125

Total number of iterations: 102
CPU time used for tree search: 0.903 sec (0h:0m:0s)
Wall-clock time used for tree search: 1.379 sec (0h:0m:1s)
Total CPU time used: 1.125 sec (0h:0m:1s)
Total wall-clock time used: 2.175 sec (0h:0m:2s)

Computing bootstrap consensus tree...
Reading input file per_gene_alignments_codon/LOC101402059_.aln.splits.nex...
7 taxa and 21 splits.
Consensus tree written to per_gene_alignments_codon/LOC101402059_.aln.contree
Reading input trees file per_gene_alignments_codon/LOC101402059_.aln.contree
Log-likelihood of consensus tree: -1081.868

Analysis results written to: 
  IQ-TREE report:                per_gene_alignments_codon/LOC101402059_.aln.iqtree
  Maximum-likelihood tree:       per_gene_alignments_codon/LOC101402059_.aln.treefile
  Likelihood distances:          per_gene_alignments_codon/LOC101402059_.aln.mldist

Ultrafast bootstrap approximation results written to:
  Split support values:          per_gene_alignments_codon/LOC101402059_.aln.splits.nex
  Consensus tree:                per_gene_alignments_codon/LOC101402059_.aln.contree
  Screen log file:               per_gene_alignments_codon/LOC101402059_.aln.log

Date and Time: Thu Oct 30 21:35:15 2025
