IQ-TREE multicore version 2.3.3 COVID-edition for Linux x86 64-bit built Apr 25 2024
Developed by Bui Quang Minh, James Barbetti, Nguyen Lam Tung, Olga Chernomor,
Heiko Schmidt, Dominik Schrempf, Michael Woodhams, Ly Trong Nhan, Thomas Wong

Host:    morpheus-OptiPlex-5050 (AVX2, FMA3, 503 GB RAM)
Command: iqtree2 -s per_gene_alignments_codon/LOC101405160_.aln.fna -m MFP -T 1 -B 1000 --prefix per_gene_alignments_codon/LOC101405160_.aln
Seed:    513437 (Using SPRNG - Scalable Parallel Random Number Generator)
Time:    Thu Oct 30 21:37:20 2025
Kernel:  AVX+FMA - 1 threads (72 CPU cores detected)

HINT: Use -nt option to specify number of threads because your CPU has 72 cores!
HINT: -nt AUTO will automatically determine the best number of threads to use.

Reading alignment file per_gene_alignments_codon/LOC101405160_.aln.fna ... Fasta format detected
Reading fasta file: done in 0.000366926 secs using 49.87% CPU
Alignment most likely contains DNA/RNA sequences
Alignment has 7 sequences with 1290 columns, 93 distinct patterns
107 parsimony-informative, 101 singleton sites, 1082 constant sites
                     Gap/Ambiguity  Composition  p-value
Analyzing sequences: done in 1.38283e-05 secs using 43.39% CPU
   1  Ceratotherium_simum    0.00%    passed     99.60%
   2  Diceros_bicornis       0.00%    passed     99.12%
   3  Equus_asinus           0.00%    passed     99.76%
   4  Equus_quagga           0.00%    passed     99.50%
   5  Equus_caballus         0.00%    passed     99.96%
   6  Canis_lupus            0.00%    passed     97.31%
   7  Bos_taurus             0.23%    passed     96.78%
****  TOTAL                  0.03%  0 sequences failed composition chi2 test (p-value<5%; df=3)


Create initial parsimony tree by phylogenetic likelihood library (PLL)... 0.000 seconds
Perform fast likelihood tree search using GTR+I+G model...
Estimate model parameters (epsilon = 5.000)
Perform nearest neighbor interchange...
Estimate model parameters (epsilon = 1.000)
1. Initial log-likelihood: -3021.333
Optimal log-likelihood: -3021.277
Rate parameters:  A-C: 1.26602  A-G: 3.99520  A-T: 1.58785  C-G: 0.97296  C-T: 6.76923  G-T: 1.00000
Base frequencies:  A: 0.237  C: 0.282  G: 0.319  T: 0.162
Proportion of invariable sites: 0.417
Gamma shape alpha: 0.899
Parameters optimization took 1 rounds (0.003 sec)
Time for fast ML tree search: 0.044 seconds

NOTE: ModelFinder requires 0 MB RAM!
ModelFinder will test up to 484 DNA models (sample size: 1290) ...
 No. Model         -LnL         df  AIC          AICc         BIC
  1  GTR+F         3041.381     19  6120.761     6121.360     6218.847
  2  GTR+F+I       3020.951     20  6081.903     6082.565     6185.151
  3  GTR+F+G4      3021.151     20  6082.302     6082.964     6185.550
  4  GTR+F+I+G4    3021.277     21  6084.554     6085.283     6192.964
  5  GTR+F+R2      3021.205     21  6084.411     6085.140     6192.821
  6  GTR+F+R3      3021.100     23  6088.201     6089.073     6206.936
 14  GTR+F+I+R2    3021.214     22  6086.428     6087.227     6200.001
 15  GTR+F+I+R3    3021.262     24  6090.524     6091.473     6214.422
 24  SYM+I         3062.073     17  6158.145     6158.626     6245.906
 25  SYM+G4        3062.179     17  6158.358     6158.840     6246.119
 26  SYM+I+G4      3062.232     18  6160.463     6161.001     6253.386
 27  SYM+R2        3062.360     18  6160.721     6161.259     6253.644
 46  TVM+F+I       3024.510     19  6087.019     6087.618     6185.105
 47  TVM+F+G4      3024.743     19  6087.486     6088.085     6185.572
 48  TVM+F+I+G4    3024.902     20  6089.803     6090.465     6193.051
 49  TVM+F+R2      3024.805     20  6089.610     6090.272     6192.858
 68  TVMe+I        3062.601     16  6157.203     6157.630     6239.801
 69  TVMe+G4       3062.714     16  6157.429     6157.856     6240.027
 70  TVMe+I+G4     3062.782     17  6159.565     6160.046     6247.325
 71  TVMe+R2       3062.898     17  6159.796     6160.277     6247.557
 90  TIM3+F+I      3021.897     18  6079.794     6080.332     6172.717
 91  TIM3+F+G4     3022.075     18  6080.150     6080.688     6173.073
 92  TIM3+F+I+G4   3022.198     19  6082.395     6082.994     6180.481
 93  TIM3+F+R2     3022.152     19  6082.304     6082.903     6180.390
112  TIM3e+I       3062.364     15  6154.728     6155.105     6232.164
113  TIM3e+G4      3062.440     15  6154.881     6155.258     6232.317
114  TIM3e+I+G4    3062.496     16  6156.991     6157.419     6239.590
115  TIM3e+R2      3062.653     16  6157.305     6157.732     6239.903
134  TIM2+F+I      3021.153     18  6078.306     6078.844     6171.229
135  TIM2+F+G4     3021.325     18  6078.650     6079.188     6171.573
136  TIM2+F+I+G4   3021.439     19  6080.877     6081.476     6178.963
137  TIM2+F+R2     3021.412     19  6080.824     6081.422     6178.909
156  TIM2e+I       3062.869     15  6155.739     6156.115     6233.175
157  TIM2e+G4      3062.974     15  6155.949     6156.325     6233.385
158  TIM2e+I+G4    3063.053     16  6158.106     6158.534     6240.705
159  TIM2e+R2      3063.154     16  6158.309     6158.736     6240.907
178  TIM+F+I       3022.004     18  6080.008     6080.546     6172.931
179  TIM+F+G4      3022.170     18  6080.340     6080.878     6173.263
180  TIM+F+I+G4    3022.285     19  6082.569     6083.167     6180.655
181  TIM+F+R2      3022.261     19  6082.521     6083.120     6180.607
200  TIMe+I        3062.935     15  6155.870     6156.247     6233.306
201  TIMe+G4       3063.058     15  6156.116     6156.493     6233.552
202  TIMe+I+G4     3063.150     16  6158.300     6158.727     6240.898
203  TIMe+R2       3063.224     16  6158.449     6158.876     6241.047
222  TPM3u+F+I     3025.489     17  6084.978     6085.459     6172.738
223  TPM3u+F+G4    3025.712     17  6085.424     6085.905     6173.185
224  TPM3u+F+I+G4  3025.872     18  6087.743     6088.281     6180.666
225  TPM3u+F+R2    3025.783     18  6087.567     6088.105     6180.490
244  TPM3+I        3062.883     14  6153.767     6154.096     6226.040
245  TPM3+G4       3062.975     14  6153.949     6154.279     6226.223
246  TPM3+I+G4     3063.041     15  6156.083     6156.460     6233.519
247  TPM3+R2       3063.182     15  6156.364     6156.741     6233.800
266  TPM2u+F+I     3024.688     17  6083.375     6083.856     6171.136
267  TPM2u+F+G4    3024.896     17  6083.792     6084.274     6171.553
268  TPM2u+F+I+G4  3025.043     18  6086.086     6086.624     6179.009
269  TPM2u+F+R2    3024.979     18  6085.957     6086.495     6178.880
288  TPM2+I        3063.380     14  6154.760     6155.090     6227.034
289  TPM2+G4       3063.496     14  6154.992     6155.321     6227.265
290  TPM2+I+G4     3063.582     15  6157.164     6157.541     6234.600
291  TPM2+R2       3063.676     15  6157.352     6157.729     6234.788
310  K3Pu+F+I      3025.566     17  6085.132     6085.613     6172.893
311  K3Pu+F+G4     3025.783     17  6085.566     6086.047     6173.326
312  K3Pu+F+I+G4   3025.940     18  6087.880     6088.418     6180.803
313  K3Pu+F+R2     3025.863     18  6087.726     6088.264     6180.649
332  K3P+I         3063.440     14  6154.879     6155.209     6227.153
333  K3P+G4        3063.574     14  6155.149     6155.478     6227.422
334  K3P+I+G4      3063.671     15  6157.343     6157.720     6234.779
335  K3P+R2        3063.741     15  6157.481     6157.858     6234.917
354  TN+F+I        3021.999     17  6077.997     6078.478     6165.758
355  TN+F+G4       3022.173     17  6078.346     6078.828     6166.107
356  TN+F+I+G4     3022.290     18  6080.580     6081.119     6173.504
357  TN+F+R2       3022.258     18  6080.516     6081.055     6173.440
376  TNe+I         3063.029     14  6154.058     6154.387     6226.331
377  TNe+G4        3063.133     14  6154.266     6154.595     6226.539
378  TNe+I+G4      3063.213     15  6156.427     6156.804     6233.863
379  TNe+R2        3063.311     15  6156.622     6156.999     6234.058
398  HKY+F+I       3025.566     16  6083.132     6083.560     6165.731
399  HKY+F+G4      3025.785     16  6083.571     6083.998     6166.169
400  HKY+F+I+G4    3025.943     17  6085.885     6086.366     6173.646
401  HKY+F+R2      3025.861     17  6085.722     6086.203     6173.482
420  K2P+I         3063.534     13  6153.067     6153.353     6220.178
421  K2P+G4        3063.649     13  6153.299     6153.584     6220.410
422  K2P+I+G4      3063.738     14  6155.476     6155.806     6227.750
423  K2P+R2        3063.830     14  6155.660     6155.990     6227.934
442  F81+F+I       3081.684     15  6193.369     6193.746     6270.805
443  F81+F+G4      3081.940     15  6193.881     6194.258     6271.317
444  F81+F+I+G4    3082.041     16  6196.082     6196.510     6278.681
445  F81+F+R2      3082.040     16  6196.079     6196.507     6278.678
464  JC+I          3117.349     12  6258.699     6258.943     6320.647
465  JC+G4         3117.547     12  6259.094     6259.339     6321.043
466  JC+I+G4       3117.634     13  6261.268     6261.553     6328.379
467  JC+R2         3117.712     13  6261.425     6261.710     6328.536
Akaike Information Criterion:           TN+F+I
Corrected Akaike Information Criterion: TN+F+I
Bayesian Information Criterion:         HKY+F+I
Best-fit model: HKY+F+I chosen according to BIC

All model information printed to per_gene_alignments_codon/LOC101405160_.aln.model.gz
CPU time for ModelFinder: 1.067 seconds (0h:0m:1s)
Wall-clock time for ModelFinder: 2.117 seconds (0h:0m:2s)
Generating 1000 samples for ultrafast bootstrap (seed: 513437)...

NOTE: 0 MB RAM (0 GB) is required!
Estimate model parameters (epsilon = 0.100)
1. Initial log-likelihood: -3025.566
Optimal log-likelihood: -3025.566
Rate parameters:  A-C: 1.00000  A-G: 4.41210  A-T: 1.00000  C-G: 1.00000  C-T: 4.41210  G-T: 1.00000
Base frequencies:  A: 0.237  C: 0.282  G: 0.319  T: 0.162
Proportion of invariable sites: 0.657
Parameters optimization took 1 rounds (0.001 sec)
Wrote distance file to... 
Computing ML distances based on estimated model parameters...
Calculating distance matrix: done in 0.000174999 secs using 98.86% CPU
Computing ML distances took 0.000229 sec (of wall-clock time) 0.000234 sec (of CPU time)
Setting up auxiliary I and S matrices: done in 4.91142e-05 secs using 97.73% CPU
Computing RapidNJ tree took 0.000143 sec (of wall-clock time) 0.000142 sec (of CPU time)
Log-likelihood of RapidNJ tree: -3025.566
--------------------------------------------------------------------
|             INITIALIZING CANDIDATE TREE SET                      |
--------------------------------------------------------------------
Generating 99 parsimony trees... 0.065 second
Computing log-likelihood of 45 initial trees ... 0.021 seconds
Current best score: -3025.566

Do NNI search on 20 best initial trees
Estimate model parameters (epsilon = 0.100)
BETTER TREE FOUND at iteration 1: -3025.566
Iteration 10 / LogL: -3025.592 / Time: 0h:0m:2s
Iteration 20 / LogL: -3025.582 / Time: 0h:0m:2s
Finish initializing candidate tree set (1)
Current best tree score: -3025.566 / CPU time: 0.212
Number of iterations: 20
--------------------------------------------------------------------
|               OPTIMIZING CANDIDATE TREE SET                      |
--------------------------------------------------------------------
Iteration 30 / LogL: -3025.601 / Time: 0h:0m:2s (0h:0m:1s left)
Iteration 40 / LogL: -3025.566 / Time: 0h:0m:2s (0h:0m:0s left)
Iteration 50 / LogL: -3025.574 / Time: 0h:0m:2s (0h:0m:0s left)
Log-likelihood cutoff on original alignment: -3049.653
Iteration 60 / LogL: -3025.592 / Time: 0h:0m:2s (0h:0m:0s left)
Iteration 70 / LogL: -3025.566 / Time: 0h:0m:2s (0h:0m:0s left)
Iteration 80 / LogL: -3025.567 / Time: 0h:0m:3s (0h:0m:0s left)
Iteration 90 / LogL: -3025.566 / Time: 0h:0m:3s (0h:0m:0s left)
Iteration 100 / LogL: -3025.568 / Time: 0h:0m:3s (0h:0m:0s left)
Log-likelihood cutoff on original alignment: -3049.653
NOTE: Bootstrap correlation coefficient of split occurrence frequencies: 1.000
TREE SEARCH COMPLETED AFTER 102 ITERATIONS / Time: 0h:0m:3s

--------------------------------------------------------------------
|                    FINALIZING TREE SEARCH                        |
--------------------------------------------------------------------
Performs final model parameters optimization
Estimate model parameters (epsilon = 0.010)
1. Initial log-likelihood: -3025.566
Optimal log-likelihood: -3025.566
Rate parameters:  A-C: 1.00000  A-G: 4.41210  A-T: 1.00000  C-G: 1.00000  C-T: 4.41210  G-T: 1.00000
Base frequencies:  A: 0.237  C: 0.282  G: 0.319  T: 0.162
Proportion of invariable sites: 0.657
Parameters optimization took 1 rounds (0.001 sec)
BEST SCORE FOUND : -3025.566
Creating bootstrap support values...
Split supports printed to NEXUS file per_gene_alignments_codon/LOC101405160_.aln.splits.nex
Total tree length: 0.229

Total number of iterations: 102
CPU time used for tree search: 0.949 sec (0h:0m:0s)
Wall-clock time used for tree search: 1.425 sec (0h:0m:1s)
Total CPU time used: 2.084 sec (0h:0m:2s)
Total wall-clock time used: 3.659 sec (0h:0m:3s)

Computing bootstrap consensus tree...
Reading input file per_gene_alignments_codon/LOC101405160_.aln.splits.nex...
7 taxa and 18 splits.
Consensus tree written to per_gene_alignments_codon/LOC101405160_.aln.contree
Reading input trees file per_gene_alignments_codon/LOC101405160_.aln.contree
Log-likelihood of consensus tree: -3025.566

Analysis results written to: 
  IQ-TREE report:                per_gene_alignments_codon/LOC101405160_.aln.iqtree
  Maximum-likelihood tree:       per_gene_alignments_codon/LOC101405160_.aln.treefile
  Likelihood distances:          per_gene_alignments_codon/LOC101405160_.aln.mldist

Ultrafast bootstrap approximation results written to:
  Split support values:          per_gene_alignments_codon/LOC101405160_.aln.splits.nex
  Consensus tree:                per_gene_alignments_codon/LOC101405160_.aln.contree
  Screen log file:               per_gene_alignments_codon/LOC101405160_.aln.log

Date and Time: Thu Oct 30 21:37:24 2025
