IQ-TREE multicore version 2.3.3 COVID-edition for Linux x86 64-bit built Apr 25 2024
Developed by Bui Quang Minh, James Barbetti, Nguyen Lam Tung, Olga Chernomor,
Heiko Schmidt, Dominik Schrempf, Michael Woodhams, Ly Trong Nhan, Thomas Wong

Host:    morpheus-OptiPlex-5050 (AVX2, FMA3, 503 GB RAM)
Command: iqtree2 -s per_gene_alignments_codon/LOC101401162_.aln.fna -m MFP -T 1 -B 1000 --prefix per_gene_alignments_codon/LOC101401162_.aln
Seed:    176056 (Using SPRNG - Scalable Parallel Random Number Generator)
Time:    Thu Oct 30 21:34:37 2025
Kernel:  AVX+FMA - 1 threads (72 CPU cores detected)

HINT: Use -nt option to specify number of threads because your CPU has 72 cores!
HINT: -nt AUTO will automatically determine the best number of threads to use.

Reading alignment file per_gene_alignments_codon/LOC101401162_.aln.fna ... Fasta format detected
Reading fasta file: done in 0.000959873 secs using 49.9% CPU
Alignment most likely contains DNA/RNA sequences
Alignment has 7 sequences with 3543 columns, 162 distinct patterns
257 parsimony-informative, 391 singleton sites, 2895 constant sites
                     Gap/Ambiguity  Composition  p-value
Analyzing sequences: done in 2.00272e-05 secs
   1  Ceratotherium_simum    0.34%    passed     94.79%
   2  Diceros_bicornis       0.34%    passed     86.46%
   3  Equus_asinus           0.00%    passed     99.28%
   4  Equus_quagga           0.00%    passed     98.23%
   5  Equus_caballus         0.00%    passed     97.24%
   6  Canis_lupus            0.17%    passed     67.37%
   7  Bos_taurus             0.08%    passed     50.10%
****  TOTAL                  0.13%  0 sequences failed composition chi2 test (p-value<5%; df=3)


Create initial parsimony tree by phylogenetic likelihood library (PLL)... 0.000 seconds
Perform fast likelihood tree search using GTR+I+G model...
Estimate model parameters (epsilon = 5.000)
Perform nearest neighbor interchange...
Estimate model parameters (epsilon = 1.000)
1. Initial log-likelihood: -8673.017
Optimal log-likelihood: -8673.009
Rate parameters:  A-C: 1.44009  A-G: 6.43873  A-T: 0.63439  C-G: 2.25268  C-T: 6.43224  G-T: 1.00000
Base frequencies:  A: 0.254  C: 0.264  G: 0.242  T: 0.240
Proportion of invariable sites: 0.406
Gamma shape alpha: 1.302
Parameters optimization took 1 rounds (0.002 sec)
Time for fast ML tree search: 0.111 seconds

NOTE: ModelFinder requires 1 MB RAM!
ModelFinder will test up to 484 DNA models (sample size: 3543) ...
 No. Model         -LnL         df  AIC          AICc         BIC
  1  GTR+F         8714.389     19  17466.779    17466.994    17584.060
  2  GTR+F+I       8673.750     20  17387.501    17387.739    17510.955
  3  GTR+F+G4      8673.049     20  17386.098    17386.336    17509.552
  4  GTR+F+I+G4    8673.015     21  17388.029    17388.292    17517.657
  5  GTR+F+R2      8674.019     21  17390.038    17390.301    17519.666
  6  GTR+F+R3      8673.306     23  17392.613    17392.927    17534.586
 14  GTR+F+I+R2    8673.245     22  17390.490    17390.778    17526.290
 15  GTR+F+I+R3    8673.106     24  17394.211    17394.552    17542.357
 24  SYM+I         8676.890     17  17387.781    17387.954    17492.717
 25  SYM+G4        8676.168     17  17386.336    17386.509    17491.272
 26  SYM+I+G4      8676.133     18  17388.267    17388.461    17499.376
 46  TVM+F+I       8673.774     19  17385.547    17385.763    17502.829
 47  TVM+F+G4      8673.057     19  17384.114    17384.329    17501.395
 48  TVM+F+I+G4    8673.019     20  17386.037    17386.276    17509.492
 68  TVMe+I        8676.910     16  17385.821    17385.975    17484.584
 69  TVMe+G4       8676.184     16  17384.368    17384.522    17483.131
 70  TVMe+I+G4     8676.150     17  17386.299    17386.473    17491.236
 90  TIM3+F+I      8678.193     18  17392.387    17392.581    17503.496
 91  TIM3+F+G4     8677.414     18  17390.828    17391.022    17501.937
 92  TIM3+F+I+G4   8677.372     19  17392.744    17392.960    17510.026
112  TIM3e+I       8680.685     15  17391.369    17391.505    17483.960
113  TIM3e+G4      8679.891     15  17389.781    17389.917    17482.372
114  TIM3e+I+G4    8679.852     16  17391.704    17391.859    17490.468
134  TIM2+F+I      8686.099     18  17408.197    17408.391    17519.306
135  TIM2+F+G4     8685.438     18  17406.876    17407.070    17517.985
136  TIM2+F+I+G4   8685.410     19  17408.819    17409.035    17526.101
156  TIM2e+I       8691.501     15  17413.001    17413.137    17505.592
157  TIM2e+G4      8690.849     15  17411.698    17411.834    17504.289
158  TIM2e+I+G4    8690.825     16  17413.650    17413.804    17512.414
178  TIM+F+I       8690.241     18  17416.482    17416.676    17527.591
179  TIM+F+G4      8689.543     18  17415.085    17415.279    17526.194
180  TIM+F+I+G4    8689.511     19  17417.023    17417.238    17534.305
200  TIMe+I        8695.038     15  17420.077    17420.213    17512.667
201  TIMe+G4       8694.343     15  17418.685    17418.821    17511.276
202  TIMe+I+G4     8694.315     16  17420.629    17420.783    17519.393
222  TPM3u+F+I     8678.187     17  17390.374    17390.547    17495.310
223  TPM3u+F+G4    8677.406     17  17388.812    17388.986    17493.749
224  TPM3u+F+I+G4  8677.376     18  17390.752    17390.946    17501.861
244  TPM3+I        8680.709     14  17389.417    17389.536    17475.836
245  TPM3+G4       8679.908     14  17387.815    17387.934    17474.233
246  TPM3+I+G4     8679.862     15  17389.723    17389.859    17482.314
266  TPM2u+F+I     8686.098     17  17406.195    17406.369    17511.132
267  TPM2u+F+G4    8685.441     17  17404.882    17405.055    17509.818
268  TPM2u+F+I+G4  8685.412     18  17406.824    17407.019    17517.934
288  TPM2+I        8691.508     14  17411.015    17411.134    17497.433
289  TPM2+G4       8690.855     14  17409.710    17409.829    17496.128
290  TPM2+I+G4     8690.827     15  17411.654    17411.790    17504.245
310  K3Pu+F+I      8690.243     17  17414.486    17414.660    17519.423
311  K3Pu+F+G4     8689.547     17  17413.095    17413.268    17518.031
312  K3Pu+F+I+G4   8689.517     18  17415.034    17415.228    17526.143
332  K3P+I         8695.043     14  17418.086    17418.205    17504.505
333  K3P+G4        8694.348     14  17416.695    17416.814    17503.113
334  K3P+I+G4      8694.320     15  17418.641    17418.777    17511.232
354  TN+F+I        8690.469     17  17414.939    17415.113    17519.875
355  TN+F+G4       8689.757     17  17413.514    17413.688    17518.450
356  TN+F+I+G4     8689.725     18  17415.451    17415.645    17526.560
376  TNe+I         8695.245     14  17418.490    17418.609    17504.908
377  TNe+G4        8694.537     14  17417.074    17417.193    17503.492
378  TNe+I+G4      8694.508     15  17419.017    17419.153    17511.608
398  HKY+F+I       8690.472     16  17412.944    17413.098    17511.707
399  HKY+F+G4      8689.761     16  17411.521    17411.676    17510.285
400  HKY+F+I+G4    8689.730     17  17413.461    17413.634    17518.397
420  K2P+I         8695.250     13  17416.500    17416.603    17496.746
421  K2P+G4        8694.541     13  17415.082    17415.185    17495.328
422  K2P+I+G4      8694.514     14  17417.028    17417.147    17503.446
442  F81+F+I       8880.527     15  17791.054    17791.190    17883.645
443  F81+F+G4      8880.113     15  17790.226    17790.362    17882.816
444  F81+F+I+G4    8880.157     16  17792.314    17792.468    17891.078
464  JC+I          8884.923     12  17793.847    17793.935    17867.919
465  JC+G4         8884.508     12  17793.016    17793.105    17867.089
466  JC+I+G4       8884.554     13  17795.109    17795.212    17875.354
Akaike Information Criterion:           TVM+F+G4
Corrected Akaike Information Criterion: TVM+F+G4
Bayesian Information Criterion:         TPM3+G4
Best-fit model: TPM3+G4 chosen according to BIC

All model information printed to per_gene_alignments_codon/LOC101401162_.aln.model.gz
CPU time for ModelFinder: 0.402 seconds (0h:0m:0s)
Wall-clock time for ModelFinder: 1.404 seconds (0h:0m:1s)
Generating 1000 samples for ultrafast bootstrap (seed: 176056)...

NOTE: 0 MB RAM (0 GB) is required!
Estimate model parameters (epsilon = 0.100)
1. Initial log-likelihood: -8679.908
Optimal log-likelihood: -8679.903
Rate parameters:  A-C: 2.37801  A-G: 8.08378  A-T: 1.00000  C-G: 2.37801  C-T: 8.08378  G-T: 1.00000
Base frequencies:  A: 0.250  C: 0.250  G: 0.250  T: 0.250
Gamma shape alpha: 0.366
Parameters optimization took 1 rounds (0.002 sec)
Wrote distance file to... 
Computing ML distances based on estimated model parameters...
Calculating distance matrix: done in 0.000567198 secs using 97.85% CPU
Computing ML distances took 0.000637 sec (of wall-clock time) 0.000634 sec (of CPU time)
Setting up auxiliary I and S matrices: done in 4.50611e-05 secs using 99.86% CPU
Computing RapidNJ tree took 0.000130 sec (of wall-clock time) 0.000135 sec (of CPU time)
Log-likelihood of RapidNJ tree: -8679.903
--------------------------------------------------------------------
|             INITIALIZING CANDIDATE TREE SET                      |
--------------------------------------------------------------------
Generating 99 parsimony trees... 0.093 second
Computing log-likelihood of 38 initial trees ... 0.048 seconds
Current best score: -8679.903

Do NNI search on 20 best initial trees
Estimate model parameters (epsilon = 0.100)
BETTER TREE FOUND at iteration 1: -8679.903
Iteration 10 / LogL: -8680.259 / Time: 0h:0m:1s
Iteration 20 / LogL: -8679.933 / Time: 0h:0m:1s
Finish initializing candidate tree set (1)
Current best tree score: -8679.903 / CPU time: 0.295
Number of iterations: 20
--------------------------------------------------------------------
|               OPTIMIZING CANDIDATE TREE SET                      |
--------------------------------------------------------------------
Iteration 30 / LogL: -8679.907 / Time: 0h:0m:1s (0h:0m:1s left)
Iteration 40 / LogL: -8680.064 / Time: 0h:0m:1s (0h:0m:0s left)
Iteration 50 / LogL: -8679.903 / Time: 0h:0m:2s (0h:0m:0s left)
Log-likelihood cutoff on original alignment: -8702.150
Iteration 60 / LogL: -8679.903 / Time: 0h:0m:2s (0h:0m:0s left)
Iteration 70 / LogL: -8679.903 / Time: 0h:0m:2s (0h:0m:0s left)
Iteration 80 / LogL: -8680.277 / Time: 0h:0m:2s (0h:0m:0s left)
Iteration 90 / LogL: -8679.909 / Time: 0h:0m:3s (0h:0m:0s left)
Iteration 100 / LogL: -8680.031 / Time: 0h:0m:3s (0h:0m:0s left)
Log-likelihood cutoff on original alignment: -8702.251
NOTE: Bootstrap correlation coefficient of split occurrence frequencies: 1.000
TREE SEARCH COMPLETED AFTER 102 ITERATIONS / Time: 0h:0m:3s

--------------------------------------------------------------------
|                    FINALIZING TREE SEARCH                        |
--------------------------------------------------------------------
Performs final model parameters optimization
Estimate model parameters (epsilon = 0.010)
1. Initial log-likelihood: -8679.903
Optimal log-likelihood: -8679.903
Rate parameters:  A-C: 2.37958  A-G: 8.08733  A-T: 1.00000  C-G: 2.37958  C-T: 8.08733  G-T: 1.00000
Base frequencies:  A: 0.250  C: 0.250  G: 0.250  T: 0.250
Gamma shape alpha: 0.366
Parameters optimization took 1 rounds (0.002 sec)
BEST SCORE FOUND : -8679.903
Creating bootstrap support values...
Split supports printed to NEXUS file per_gene_alignments_codon/LOC101401162_.aln.splits.nex
Total tree length: 0.255

Total number of iterations: 102
CPU time used for tree search: 1.319 sec (0h:0m:1s)
Wall-clock time used for tree search: 1.963 sec (0h:0m:1s)
Total CPU time used: 1.795 sec (0h:0m:1s)
Total wall-clock time used: 3.464 sec (0h:0m:3s)

Computing bootstrap consensus tree...
Reading input file per_gene_alignments_codon/LOC101401162_.aln.splits.nex...
7 taxa and 14 splits.
Consensus tree written to per_gene_alignments_codon/LOC101401162_.aln.contree
Reading input trees file per_gene_alignments_codon/LOC101401162_.aln.contree
Log-likelihood of consensus tree: -8679.903

Analysis results written to: 
  IQ-TREE report:                per_gene_alignments_codon/LOC101401162_.aln.iqtree
  Maximum-likelihood tree:       per_gene_alignments_codon/LOC101401162_.aln.treefile
  Likelihood distances:          per_gene_alignments_codon/LOC101401162_.aln.mldist

Ultrafast bootstrap approximation results written to:
  Split support values:          per_gene_alignments_codon/LOC101401162_.aln.splits.nex
  Consensus tree:                per_gene_alignments_codon/LOC101401162_.aln.contree
  Screen log file:               per_gene_alignments_codon/LOC101401162_.aln.log

Date and Time: Thu Oct 30 21:34:41 2025
