IQ-TREE multicore version 2.3.3 COVID-edition for Linux x86 64-bit built Apr 25 2024
Developed by Bui Quang Minh, James Barbetti, Nguyen Lam Tung, Olga Chernomor,
Heiko Schmidt, Dominik Schrempf, Michael Woodhams, Ly Trong Nhan, Thomas Wong

Host:    morpheus-OptiPlex-5050 (AVX2, FMA3, 503 GB RAM)
Command: iqtree2 -s per_gene_alignments_codon/LOC101405636_.aln.fna -m MFP -T 1 -B 1000 --prefix per_gene_alignments_codon/LOC101405636_.aln
Seed:    161048 (Using SPRNG - Scalable Parallel Random Number Generator)
Time:    Thu Oct 30 21:37:40 2025
Kernel:  AVX+FMA - 1 threads (72 CPU cores detected)

HINT: Use -nt option to specify number of threads because your CPU has 72 cores!
HINT: -nt AUTO will automatically determine the best number of threads to use.

Reading alignment file per_gene_alignments_codon/LOC101405636_.aln.fna ... Fasta format detected
Reading fasta file: done in 0.000247955 secs
Alignment most likely contains DNA/RNA sequences
Alignment has 7 sequences with 678 columns, 169 distinct patterns
144 parsimony-informative, 151 singleton sites, 383 constant sites
                     Gap/Ambiguity  Composition  p-value
Analyzing sequences: done in 1.71661e-05 secs
   1  Ceratotherium_simum    3.54%    passed     93.18%
   2  Diceros_bicornis       0.00%    passed     93.74%
   3  Equus_asinus           1.77%    passed     93.68%
   4  Equus_quagga           0.44%    passed     99.69%
   5  Equus_caballus         0.00%    passed     76.63%
   6  Canis_lupus            0.44%    passed     19.50%
   7  Bos_taurus             0.44%    passed     48.70%
****  TOTAL                  0.95%  0 sequences failed composition chi2 test (p-value<5%; df=3)


Create initial parsimony tree by phylogenetic likelihood library (PLL)... 0.000 seconds
Perform fast likelihood tree search using GTR+I+G model...
Estimate model parameters (epsilon = 5.000)
Perform nearest neighbor interchange...
Estimate model parameters (epsilon = 1.000)
1. Initial log-likelihood: -2677.988
Optimal log-likelihood: -2677.972
Rate parameters:  A-C: 2.21382  A-G: 4.83482  A-T: 1.57689  C-G: 3.18323  C-T: 3.98239  G-T: 1.00000
Base frequencies:  A: 0.295  C: 0.214  G: 0.224  T: 0.268
Proportion of invariable sites: 0.287
Gamma shape alpha: 3.643
Parameters optimization took 1 rounds (0.020 sec)
Time for fast ML tree search: 0.150 seconds

NOTE: ModelFinder requires 1 MB RAM!
ModelFinder will test up to 484 DNA models (sample size: 678) ...
 No. Model         -LnL         df  AIC          AICc         BIC
  1  GTR+F         2698.927     19  5435.854     5437.009     5521.718
  2  GTR+F+I       2677.932     20  5395.864     5397.143     5486.247
  3  GTR+F+G4      2678.626     20  5397.252     5398.530     5487.635
  4  GTR+F+I+G4    2677.972     21  5397.943     5399.352     5492.845
  5  GTR+F+R2      2678.108     21  5398.215     5399.624     5493.117
  6  GTR+F+R3      2678.093     23  5402.187     5403.875     5506.127
 14  GTR+F+I+R2    2678.097     22  5400.194     5401.739     5499.615
 15  GTR+F+I+R3    2678.041     24  5404.081     5405.919     5512.541
 24  SYM+I         2683.819     17  5401.638     5402.566     5478.464
 25  SYM+G4        2684.796     17  5403.592     5404.519     5480.417
 26  SYM+I+G4      2683.998     18  5403.995     5405.033     5485.340
 27  SYM+R2        2684.166     18  5404.331     5405.369     5485.676
 46  TVM+F+I       2678.433     19  5394.867     5396.022     5480.730
 47  TVM+F+G4      2679.325     19  5396.651     5397.806     5482.514
 48  TVM+F+I+G4    2678.568     20  5397.136     5398.415     5487.519
 49  TVM+F+R2      2678.695     20  5397.390     5398.668     5487.773
 68  TVMe+I        2684.926     16  5401.852     5402.675     5474.158
 69  TVMe+G4       2686.201     16  5404.402     5405.225     5476.708
 70  TVMe+I+G4     2685.252     17  5404.503     5405.431     5481.329
 71  TVMe+R2       2685.400     17  5404.800     5405.727     5481.625
 90  TIM3+F+I      2679.576     18  5395.152     5396.189     5476.496
 91  TIM3+F+G4     2680.382     18  5396.763     5397.801     5478.108
 92  TIM3+F+I+G4   2679.670     19  5397.340     5398.495     5483.204
 93  TIM3+F+R2     2679.817     19  5397.635     5398.790     5483.499
112  TIM3e+I       2685.961     15  5401.921     5402.646     5469.708
113  TIM3e+G4      2687.011     15  5404.023     5404.748     5471.810
114  TIM3e+I+G4    2686.172     16  5404.344     5405.167     5476.650
115  TIM3e+R2      2686.351     16  5404.702     5405.525     5477.008
134  TIM2+F+I      2686.160     18  5408.319     5409.357     5489.664
135  TIM2+F+G4     2686.975     18  5409.950     5410.988     5491.295
136  TIM2+F+I+G4   2686.278     19  5410.556     5411.711     5496.420
137  TIM2+F+R2     2686.437     19  5410.874     5412.029     5496.738
156  TIM2e+I       2689.076     15  5408.153     5408.878     5475.940
157  TIM2e+G4      2690.157     15  5410.315     5411.040     5478.102
158  TIM2e+I+G4    2689.306     16  5410.611     5411.434     5482.918
159  TIM2e+R2      2689.489     16  5410.977     5411.800     5483.284
178  TIM+F+I       2685.680     18  5407.360     5408.398     5488.705
179  TIM+F+G4      2686.448     18  5408.895     5409.933     5490.240
180  TIM+F+I+G4    2685.773     19  5409.546     5410.701     5495.410
181  TIM+F+R2      2685.935     19  5409.870     5411.025     5495.734
200  TIMe+I        2688.490     15  5406.979     5407.704     5474.767
201  TIMe+G4       2689.494     15  5408.989     5409.714     5476.776
202  TIMe+I+G4     2688.691     16  5409.382     5410.205     5481.688
203  TIMe+R2       2688.867     16  5409.734     5410.557     5482.040
222  TPM3u+F+I     2680.106     17  5394.211     5395.138     5471.037
223  TPM3u+F+G4    2681.103     17  5396.205     5397.132     5473.031
224  TPM3u+F+I+G4  2680.294     18  5396.587     5397.625     5477.932
225  TPM3u+F+R2    2680.430     18  5396.861     5397.899     5478.206
244  TPM3+I        2687.082     14  5402.165     5402.798     5465.433
245  TPM3+G4       2688.393     14  5404.786     5405.419     5468.054
246  TPM3+I+G4     2687.423     15  5404.846     5405.571     5472.634
247  TPM3+R2       2687.588     15  5405.176     5405.901     5472.963
266  TPM2u+F+I     2686.779     17  5407.558     5408.486     5484.384
267  TPM2u+F+G4    2687.779     17  5409.558     5410.485     5486.383
268  TPM2u+F+I+G4  2686.996     18  5409.992     5411.029     5491.336
269  TPM2u+F+R2    2687.145     18  5410.291     5411.329     5491.635
288  TPM2+I        2690.252     14  5408.504     5409.138     5471.772
289  TPM2+G4       2691.582     14  5411.164     5411.798     5474.432
290  TPM2+I+G4     2690.609     15  5411.219     5411.944     5479.006
291  TPM2+R2       2690.778     15  5411.556     5412.281     5479.343
310  K3Pu+F+I      2686.293     17  5406.585     5407.513     5483.411
311  K3Pu+F+G4     2687.247     17  5408.493     5409.420     5485.319
312  K3Pu+F+I+G4   2686.485     18  5408.970     5410.008     5490.315
313  K3Pu+F+R2     2686.637     18  5409.274     5410.312     5490.619
332  K3P+I         2689.640     14  5407.280     5407.913     5470.548
333  K3P+G4        2690.887     14  5409.774     5410.408     5473.042
334  K3P+I+G4      2689.967     15  5409.933     5410.658     5477.720
335  K3P+R2        2690.129     15  5410.258     5410.983     5478.045
354  TN+F+I        2686.165     17  5406.329     5407.256     5483.155
355  TN+F+G4       2686.994     17  5407.988     5408.915     5484.814
356  TN+F+I+G4     2686.289     18  5408.579     5409.617     5489.923
357  TN+F+R2       2686.447     18  5408.894     5409.932     5490.239
376  TNe+I         2689.463     14  5406.926     5407.559     5470.194
377  TNe+G4        2690.527     14  5409.054     5409.687     5472.322
378  TNe+I+G4      2689.686     15  5409.372     5410.097     5477.159
379  TNe+R2        2689.870     15  5409.740     5410.465     5477.527
398  HKY+F+I       2686.785     16  5405.569     5406.392     5477.876
399  HKY+F+G4      2687.800     16  5407.600     5408.423     5479.907
400  HKY+F+I+G4    2687.008     17  5408.017     5408.944     5484.842
401  HKY+F+R2      2687.155     17  5408.310     5409.237     5485.135
420  K2P+I         2690.612     13  5407.224     5407.772     5465.973
421  K2P+G4        2691.911     13  5409.822     5410.370     5468.570
422  K2P+I+G4      2690.962     14  5409.923     5410.557     5473.191
423  K2P+R2        2691.124     14  5410.247     5410.881     5473.515
442  F81+F+I       2712.253     15  5454.506     5455.231     5522.294
443  F81+F+G4      2713.508     15  5457.017     5457.742     5524.804
444  F81+F+I+G4    2712.587     16  5457.175     5457.998     5529.481
445  F81+F+R2      2712.724     16  5457.449     5458.272     5529.755
464  JC+I          2714.842     12  5453.684     5454.153     5507.914
465  JC+G4         2716.281     12  5456.563     5457.032     5510.792
466  JC+I+G4       2715.234     13  5456.468     5457.016     5515.216
467  JC+R2         2715.401     13  5456.802     5457.351     5515.551
Akaike Information Criterion:           TPM3u+F+I
Corrected Akaike Information Criterion: TPM3u+F+I
Bayesian Information Criterion:         TPM3+I
Best-fit model: TPM3+I chosen according to BIC

All model information printed to per_gene_alignments_codon/LOC101405636_.aln.model.gz
CPU time for ModelFinder: 0.714 seconds (0h:0m:0s)
Wall-clock time for ModelFinder: 1.439 seconds (0h:0m:1s)
Generating 1000 samples for ultrafast bootstrap (seed: 161048)...

NOTE: 0 MB RAM (0 GB) is required!
Estimate model parameters (epsilon = 0.100)
1. Initial log-likelihood: -2687.082
Optimal log-likelihood: -2687.082
Rate parameters:  A-C: 1.62340  A-G: 2.91611  A-T: 1.00000  C-G: 1.62340  C-T: 2.91611  G-T: 1.00000
Base frequencies:  A: 0.250  C: 0.250  G: 0.250  T: 0.250
Proportion of invariable sites: 0.366
Parameters optimization took 1 rounds (0.001 sec)
Wrote distance file to... 
Computing ML distances based on estimated model parameters...
Calculating distance matrix: done in 0.000174999 secs using 98.86% CPU
Computing ML distances took 0.000229 sec (of wall-clock time) 0.000234 sec (of CPU time)
Setting up auxiliary I and S matrices: done in 4.00543e-05 secs using 97.37% CPU
Computing RapidNJ tree took 0.000121 sec (of wall-clock time) 0.000120 sec (of CPU time)
Log-likelihood of RapidNJ tree: -2687.082
--------------------------------------------------------------------
|             INITIALIZING CANDIDATE TREE SET                      |
--------------------------------------------------------------------
Generating 99 parsimony trees... 0.077 second
Computing log-likelihood of 40 initial trees ... 0.022 seconds
Current best score: -2687.082

Do NNI search on 20 best initial trees
Estimate model parameters (epsilon = 0.100)
BETTER TREE FOUND at iteration 1: -2687.081
Iteration 10 / LogL: -2687.109 / Time: 0h:0m:1s
Iteration 20 / LogL: -2687.136 / Time: 0h:0m:1s
Finish initializing candidate tree set (1)
Current best tree score: -2687.081 / CPU time: 0.188
Number of iterations: 20
--------------------------------------------------------------------
|               OPTIMIZING CANDIDATE TREE SET                      |
--------------------------------------------------------------------
UPDATE BEST LOG-LIKELIHOOD: -2687.081
Iteration 30 / LogL: -2687.510 / Time: 0h:0m:1s (0h:0m:0s left)
UPDATE BEST LOG-LIKELIHOOD: -2687.081
Iteration 40 / LogL: -2687.081 / Time: 0h:0m:1s (0h:0m:0s left)
Iteration 50 / LogL: -2687.081 / Time: 0h:0m:1s (0h:0m:0s left)
Log-likelihood cutoff on original alignment: -2708.325
Iteration 60 / LogL: -2687.541 / Time: 0h:0m:2s (0h:0m:0s left)
Iteration 70 / LogL: -2687.081 / Time: 0h:0m:2s (0h:0m:0s left)
Iteration 80 / LogL: -2687.431 / Time: 0h:0m:2s (0h:0m:0s left)
Iteration 90 / LogL: -2687.745 / Time: 0h:0m:2s (0h:0m:0s left)
Iteration 100 / LogL: -2687.515 / Time: 0h:0m:2s (0h:0m:0s left)
Log-likelihood cutoff on original alignment: -2708.325
NOTE: Bootstrap correlation coefficient of split occurrence frequencies: 1.000
TREE SEARCH COMPLETED AFTER 102 ITERATIONS / Time: 0h:0m:2s

--------------------------------------------------------------------
|                    FINALIZING TREE SEARCH                        |
--------------------------------------------------------------------
Performs final model parameters optimization
Estimate model parameters (epsilon = 0.010)
1. Initial log-likelihood: -2687.081
Optimal log-likelihood: -2687.081
Rate parameters:  A-C: 1.61757  A-G: 2.91453  A-T: 1.00000  C-G: 1.61757  C-T: 2.91453  G-T: 1.00000
Base frequencies:  A: 0.250  C: 0.250  G: 0.250  T: 0.250
Proportion of invariable sites: 0.366
Parameters optimization took 1 rounds (0.001 sec)
BEST SCORE FOUND : -2687.081
Creating bootstrap support values...
Split supports printed to NEXUS file per_gene_alignments_codon/LOC101405636_.aln.splits.nex
Total tree length: 0.787

Total number of iterations: 102
CPU time used for tree search: 1.083 sec (0h:0m:1s)
Wall-clock time used for tree search: 1.061 sec (0h:0m:1s)
Total CPU time used: 1.873 sec (0h:0m:1s)
Total wall-clock time used: 2.577 sec (0h:0m:2s)

Computing bootstrap consensus tree...
Reading input file per_gene_alignments_codon/LOC101405636_.aln.splits.nex...
7 taxa and 14 splits.
Consensus tree written to per_gene_alignments_codon/LOC101405636_.aln.contree
Reading input trees file per_gene_alignments_codon/LOC101405636_.aln.contree
Log-likelihood of consensus tree: -2687.081

Analysis results written to: 
  IQ-TREE report:                per_gene_alignments_codon/LOC101405636_.aln.iqtree
  Maximum-likelihood tree:       per_gene_alignments_codon/LOC101405636_.aln.treefile
  Likelihood distances:          per_gene_alignments_codon/LOC101405636_.aln.mldist

Ultrafast bootstrap approximation results written to:
  Split support values:          per_gene_alignments_codon/LOC101405636_.aln.splits.nex
  Consensus tree:                per_gene_alignments_codon/LOC101405636_.aln.contree
  Screen log file:               per_gene_alignments_codon/LOC101405636_.aln.log

Date and Time: Thu Oct 30 21:37:43 2025
