IQ-TREE multicore version 2.3.3 COVID-edition for Linux x86 64-bit built Apr 25 2024
Developed by Bui Quang Minh, James Barbetti, Nguyen Lam Tung, Olga Chernomor,
Heiko Schmidt, Dominik Schrempf, Michael Woodhams, Ly Trong Nhan, Thomas Wong

Host:    morpheus-OptiPlex-5050 (AVX2, FMA3, 503 GB RAM)
Command: iqtree2 -s per_gene_alignments_codon/LOC101404196_.aln.fna -m MFP -T 1 -B 1000 --prefix per_gene_alignments_codon/LOC101404196_.aln
Seed:    155247 (Using SPRNG - Scalable Parallel Random Number Generator)
Time:    Thu Oct 30 21:36:41 2025
Kernel:  AVX+FMA - 1 threads (72 CPU cores detected)

HINT: Use -nt option to specify number of threads because your CPU has 72 cores!
HINT: -nt AUTO will automatically determine the best number of threads to use.

Reading alignment file per_gene_alignments_codon/LOC101404196_.aln.fna ... Fasta format detected
Reading fasta file: done in 0.00028801 secs using 19.79% CPU
Alignment most likely contains DNA/RNA sequences
Alignment has 7 sequences with 867 columns, 93 distinct patterns
63 parsimony-informative, 122 singleton sites, 682 constant sites
                     Gap/Ambiguity  Composition  p-value
Analyzing sequences: done in 1.5974e-05 secs using 18.78% CPU
   1  Ceratotherium_simum    0.00%    passed     99.77%
   2  Diceros_bicornis       0.00%    passed     99.61%
   3  Equus_asinus           0.00%    passed     77.04%
   4  Equus_quagga           0.00%    passed     71.73%
   5  Equus_caballus         0.00%    passed     87.23%
   6  Canis_lupus            2.08%    passed      6.94%
   7  Bos_taurus            11.07%    passed     83.48%
****  TOTAL                  1.88%  0 sequences failed composition chi2 test (p-value<5%; df=3)


Create initial parsimony tree by phylogenetic likelihood library (PLL)... 0.000 seconds
Perform fast likelihood tree search using GTR+I+G model...
Estimate model parameters (epsilon = 5.000)
Perform nearest neighbor interchange...
Estimate model parameters (epsilon = 1.000)
1. Initial log-likelihood: -2160.498
Optimal log-likelihood: -2160.083
Rate parameters:  A-C: 1.12272  A-G: 5.65250  A-T: 0.00010  C-G: 1.78164  C-T: 6.95875  G-T: 1.00000
Warning! Some parameters hit the boundaries
Base frequencies:  A: 0.178  C: 0.351  G: 0.304  T: 0.167
Proportion of invariable sites: 0.388
Gamma shape alpha: 0.654
Parameters optimization took 1 rounds (0.003 sec)
Time for fast ML tree search: 0.079 seconds

NOTE: ModelFinder requires 0 MB RAM!
ModelFinder will test up to 484 DNA models (sample size: 867) ...
 No. Model         -LnL         df  AIC          AICc         BIC
  1  GTR+F         2185.542     19  4409.084     4409.981     4499.620
  2  GTR+F+I       2158.196     20  4356.392     4357.384     4451.692
  3  GTR+F+G4      2159.172     20  4358.344     4359.337     4453.645
  4  GTR+F+I+G4    2160.143     21  4362.286     4363.380     4462.352
  5  GTR+F+R2      2161.867     21  4365.733     4366.827     4465.799
  6  GTR+F+R3      2160.655     23  4367.311     4368.621     4476.907
 14  GTR+F+I+R2    2158.983     22  4361.966     4363.165     4466.796
 15  GTR+F+I+R3    2158.988     24  4365.975     4367.400     4480.336
 24  SYM+I         2220.874     17  4475.748     4476.469     4556.753
 25  SYM+G4        2221.510     17  4477.020     4477.741     4558.026
 46  TVM+F+I       2158.618     19  4355.237     4356.134     4445.772
 47  TVM+F+G4      2159.546     19  4357.091     4357.988     4447.627
 68  TVMe+I        2221.482     16  4474.964     4475.604     4551.204
 69  TVMe+G4       2222.013     16  4476.026     4476.666     4552.267
 90  TIM3+F+I      2160.760     18  4357.520     4358.326     4443.290
 91  TIM3+F+G4     2161.946     18  4359.892     4360.698     4445.662
112  TIM3e+I       2227.706     15  4485.413     4485.977     4556.888
113  TIM3e+G4      2228.534     15  4487.068     4487.633     4558.544
134  TIM2+F+I      2161.241     18  4358.483     4359.289     4444.253
135  TIM2+F+G4     2162.316     18  4360.632     4361.439     4446.403
156  TIM2e+I       2229.473     15  4488.946     4489.510     4560.422
157  TIM2e+G4      2230.340     15  4490.679     4491.243     4562.155
178  TIM+F+I       2162.581     18  4361.162     4361.968     4446.932
179  TIM+F+G4      2163.857     18  4363.715     4364.521     4449.485
200  TIMe+I        2233.308     15  4496.615     4497.179     4568.091
201  TIMe+G4       2234.455     15  4498.909     4499.473     4570.385
222  TPM3u+F+I     2161.177     17  4356.354     4357.075     4437.359
223  TPM3u+F+G4    2162.259     17  4358.518     4359.239     4439.523
244  TPM3+I        2228.377     14  4484.753     4485.246     4551.464
245  TPM3+G4       2229.107     14  4486.214     4486.706     4552.924
266  TPM2u+F+I     2161.749     17  4357.499     4358.219     4438.504
267  TPM2u+F+G4    2162.762     17  4359.524     4360.244     4440.529
288  TPM2+I        2229.975     14  4487.951     4488.444     4554.661
289  TPM2+G4       2230.750     14  4489.499     4489.992     4556.210
310  K3Pu+F+I      2163.045     17  4360.090     4360.811     4441.095
311  K3Pu+F+G4     2164.234     17  4362.468     4363.189     4443.474
332  K3P+I         2233.879     14  4495.758     4496.251     4562.469
333  K3P+G4        2234.923     14  4497.846     4498.339     4564.557
354  TN+F+I        2163.379     17  4360.759     4361.480     4441.764
355  TN+F+G4       2164.499     17  4362.998     4363.718     4444.003
376  TNe+I         2235.509     14  4499.017     4499.510     4565.728
377  TNe+G4        2236.523     14  4501.046     4501.539     4567.756
398  HKY+F+I       2163.853     16  4359.706     4360.346     4435.947
399  HKY+F+G4      2164.903     16  4361.807     4362.447     4438.047
420  K2P+I         2236.103     13  4498.206     4498.633     4560.151
421  K2P+G4        2237.020     13  4500.039     4500.466     4561.985
442  F81+F+I       2218.387     15  4466.773     4467.337     4538.249
443  F81+F+G4      2218.886     15  4467.772     4468.336     4539.247
464  JC+I          2280.628     12  4585.256     4585.621     4642.436
465  JC+G4         2281.161     12  4586.323     4586.688     4643.503
Akaike Information Criterion:           TVM+F+I
Corrected Akaike Information Criterion: TVM+F+I
Bayesian Information Criterion:         HKY+F+I
Best-fit model: HKY+F+I chosen according to BIC

All model information printed to per_gene_alignments_codon/LOC101404196_.aln.model.gz
CPU time for ModelFinder: 0.500 seconds (0h:0m:0s)
Wall-clock time for ModelFinder: 1.801 seconds (0h:0m:1s)
Generating 1000 samples for ultrafast bootstrap (seed: 155247)...

NOTE: 0 MB RAM (0 GB) is required!
Estimate model parameters (epsilon = 0.100)
1. Initial log-likelihood: -2163.853
Optimal log-likelihood: -2163.851
Rate parameters:  A-C: 1.00000  A-G: 5.61374  A-T: 1.00000  C-G: 1.00000  C-T: 5.61374  G-T: 1.00000
Base frequencies:  A: 0.178  C: 0.351  G: 0.304  T: 0.167
Proportion of invariable sites: 0.669
Parameters optimization took 1 rounds (0.001 sec)
Wrote distance file to... 
Computing ML distances based on estimated model parameters...
Calculating distance matrix: done in 0.000211954 secs using 96.25% CPU
Computing ML distances took 0.000263 sec (of wall-clock time) 0.000260 sec (of CPU time)
Setting up auxiliary I and S matrices: done in 4.19617e-05 secs using 95.33% CPU
Computing RapidNJ tree took 0.000128 sec (of wall-clock time) 0.000124 sec (of CPU time)
Log-likelihood of RapidNJ tree: -2164.119
--------------------------------------------------------------------
|             INITIALIZING CANDIDATE TREE SET                      |
--------------------------------------------------------------------
Generating 98 parsimony trees... 0.134 second
Computing log-likelihood of 39 initial trees ... 0.047 seconds
Current best score: -2163.851

Do NNI search on 20 best initial trees
Estimate model parameters (epsilon = 0.100)
BETTER TREE FOUND at iteration 1: -2163.851
Iteration 10 / LogL: -2163.856 / Time: 0h:0m:2s
Iteration 20 / LogL: -2163.900 / Time: 0h:0m:2s
Finish initializing candidate tree set (2)
Current best tree score: -2163.851 / CPU time: 0.498
Number of iterations: 20
--------------------------------------------------------------------
|               OPTIMIZING CANDIDATE TREE SET                      |
--------------------------------------------------------------------
Iteration 30 / LogL: -2163.861 / Time: 0h:0m:2s (0h:0m:2s left)
UPDATE BEST LOG-LIKELIHOOD: -2163.851
Iteration 40 / LogL: -2163.885 / Time: 0h:0m:3s (0h:0m:1s left)
Iteration 50 / LogL: -2163.851 / Time: 0h:0m:3s (0h:0m:1s left)
Log-likelihood cutoff on original alignment: -2182.019
Iteration 60 / LogL: -2163.905 / Time: 0h:0m:3s (0h:0m:1s left)
Iteration 70 / LogL: -2163.877 / Time: 0h:0m:3s (0h:0m:0s left)
Iteration 80 / LogL: -2163.908 / Time: 0h:0m:3s (0h:0m:0s left)
UPDATE BEST LOG-LIKELIHOOD: -2163.851
UPDATE BEST LOG-LIKELIHOOD: -2163.851
Iteration 90 / LogL: -2163.851 / Time: 0h:0m:3s (0h:0m:0s left)
Iteration 100 / LogL: -2163.949 / Time: 0h:0m:4s (0h:0m:0s left)
Log-likelihood cutoff on original alignment: -2182.639
NOTE: Bootstrap correlation coefficient of split occurrence frequencies: 1.000
TREE SEARCH COMPLETED AFTER 102 ITERATIONS / Time: 0h:0m:4s

--------------------------------------------------------------------
|                    FINALIZING TREE SEARCH                        |
--------------------------------------------------------------------
Performs final model parameters optimization
Estimate model parameters (epsilon = 0.010)
1. Initial log-likelihood: -2163.851
Optimal log-likelihood: -2163.851
Rate parameters:  A-C: 1.00000  A-G: 5.59826  A-T: 1.00000  C-G: 1.00000  C-T: 5.59826  G-T: 1.00000
Base frequencies:  A: 0.178  C: 0.351  G: 0.304  T: 0.167
Proportion of invariable sites: 0.668
Parameters optimization took 1 rounds (0.001 sec)
BEST SCORE FOUND : -2163.851
Creating bootstrap support values...
Split supports printed to NEXUS file per_gene_alignments_codon/LOC101404196_.aln.splits.nex
Total tree length: 0.427

Total number of iterations: 102
CPU time used for tree search: 1.044 sec (0h:0m:1s)
Wall-clock time used for tree search: 2.230 sec (0h:0m:2s)
Total CPU time used: 1.604 sec (0h:0m:1s)
Total wall-clock time used: 4.195 sec (0h:0m:4s)

Computing bootstrap consensus tree...
Reading input file per_gene_alignments_codon/LOC101404196_.aln.splits.nex...
7 taxa and 34 splits.
Consensus tree written to per_gene_alignments_codon/LOC101404196_.aln.contree
Reading input trees file per_gene_alignments_codon/LOC101404196_.aln.contree
Log-likelihood of consensus tree: -2163.851

Analysis results written to: 
  IQ-TREE report:                per_gene_alignments_codon/LOC101404196_.aln.iqtree
  Maximum-likelihood tree:       per_gene_alignments_codon/LOC101404196_.aln.treefile
  Likelihood distances:          per_gene_alignments_codon/LOC101404196_.aln.mldist

Ultrafast bootstrap approximation results written to:
  Split support values:          per_gene_alignments_codon/LOC101404196_.aln.splits.nex
  Consensus tree:                per_gene_alignments_codon/LOC101404196_.aln.contree
  Screen log file:               per_gene_alignments_codon/LOC101404196_.aln.log

Date and Time: Thu Oct 30 21:36:45 2025
