IQ-TREE multicore version 2.3.3 COVID-edition for Linux x86 64-bit built Apr 25 2024
Developed by Bui Quang Minh, James Barbetti, Nguyen Lam Tung, Olga Chernomor,
Heiko Schmidt, Dominik Schrempf, Michael Woodhams, Ly Trong Nhan, Thomas Wong

Host:    morpheus-OptiPlex-5050 (AVX2, FMA3, 503 GB RAM)
Command: iqtree2 -s per_gene_alignments_codon/LOC101396553_.aln.fna -m MFP -T 1 -B 1000 --prefix per_gene_alignments_codon/LOC101396553_.aln
Seed:    806686 (Using SPRNG - Scalable Parallel Random Number Generator)
Time:    Thu Oct 30 21:31:26 2025
Kernel:  AVX+FMA - 1 threads (72 CPU cores detected)

HINT: Use -nt option to specify number of threads because your CPU has 72 cores!
HINT: -nt AUTO will automatically determine the best number of threads to use.

Reading alignment file per_gene_alignments_codon/LOC101396553_.aln.fna ... Fasta format detected
Reading fasta file: done in 0.000885963 secs using 99.67% CPU
Alignment most likely contains DNA/RNA sequences
Alignment has 7 sequences with 3327 columns, 148 distinct patterns
228 parsimony-informative, 390 singleton sites, 2709 constant sites
                     Gap/Ambiguity  Composition  p-value
Analyzing sequences: done in 2.40803e-05 secs using 95.51% CPU
   1  Ceratotherium_simum    0.00%    passed     95.05%
   2  Diceros_bicornis       0.54%    passed     96.06%
   3  Equus_asinus           0.00%    passed     98.86%
   4  Equus_quagga           0.00%    passed     97.80%
   5  Equus_caballus         0.00%    passed     99.20%
   6  Canis_lupus            0.00%    passed     55.14%
   7  Bos_taurus             0.00%    passed     60.21%
****  TOTAL                  0.08%  0 sequences failed composition chi2 test (p-value<5%; df=3)


Create initial parsimony tree by phylogenetic likelihood library (PLL)... 0.000 seconds
Perform fast likelihood tree search using GTR+I+G model...
Estimate model parameters (epsilon = 5.000)
Perform nearest neighbor interchange...
Estimate model parameters (epsilon = 1.000)
1. Initial log-likelihood: -7957.667
Optimal log-likelihood: -7957.646
Rate parameters:  A-C: 0.83711  A-G: 4.28108  A-T: 0.68039  C-G: 1.18403  C-T: 4.41822  G-T: 1.00000
Base frequencies:  A: 0.165  C: 0.334  G: 0.327  T: 0.175
Proportion of invariable sites: 0.404
Gamma shape alpha: 1.070
Parameters optimization took 1 rounds (0.003 sec)
Time for fast ML tree search: 0.049 seconds

NOTE: ModelFinder requires 0 MB RAM!
ModelFinder will test up to 484 DNA models (sample size: 3327) ...
 No. Model         -LnL         df  AIC          AICc         BIC
  1  GTR+F         7998.516     19  16035.032    16035.261    16151.118
  2  GTR+F+I       7957.561     20  15955.121    15955.375    16077.318
  3  GTR+F+G4      7957.596     20  15955.192    15955.446    16077.389
  4  GTR+F+I+G4    7957.638     21  15957.277    15957.556    16085.583
  5  GTR+F+R2      7957.836     21  15957.671    15957.951    16085.978
  6  GTR+F+R3      7957.661     23  15961.322    15961.657    16101.848
 14  GTR+F+I+R2    7957.701     22  15959.402    15959.708    16093.818
 15  GTR+F+I+R3    7957.621     24  15963.241    15963.604    16109.877
 24  SYM+I         8152.898     17  16339.795    16339.980    16443.662
 25  SYM+G4        8152.520     17  16339.039    16339.224    16442.906
 26  SYM+I+G4      8152.592     18  16341.184    16341.390    16451.161
 27  SYM+R2        8153.112     18  16342.225    16342.432    16452.202
 46  TVM+F+I       7957.594     19  15953.187    15953.417    16069.274
 47  TVM+F+G4      7957.623     19  15953.246    15953.476    16069.333
 48  TVM+F+I+G4    7957.673     20  15955.347    15955.601    16077.543
 49  TVM+F+R2      7957.930     20  15955.859    15956.113    16078.056
 68  TVMe+I        8153.030     16  16338.060    16338.224    16435.817
 69  TVMe+G4       8152.663     16  16337.327    16337.491    16435.084
 70  TVMe+I+G4     8152.730     17  16339.459    16339.644    16443.326
 71  TVMe+R2       8153.258     17  16340.517    16340.702    16444.384
 90  TIM3+F+I      7959.803     18  15955.606    15955.812    16065.583
 91  TIM3+F+G4     7959.791     18  15955.582    15955.789    16065.559
 92  TIM3+F+I+G4   7959.823     19  15957.646    15957.876    16073.733
 93  TIM3+F+R2     7960.140     19  15958.280    15958.510    16074.367
112  TIM3e+I       8168.599     15  16367.198    16367.343    16458.845
113  TIM3e+G4      8168.112     15  16366.223    16366.368    16457.871
114  TIM3e+I+G4    8168.169     16  16368.338    16368.503    16466.095
115  TIM3e+R2      8168.749     16  16369.499    16369.663    16467.256
134  TIM2+F+I      7958.168     18  15952.336    15952.542    16062.312
135  TIM2+F+G4     7958.252     18  15952.504    15952.710    16062.480
136  TIM2+F+I+G4   7958.317     19  15954.634    15954.863    16070.720
137  TIM2+F+R2     7958.512     19  15955.024    15955.254    16071.110
156  TIM2e+I       8162.853     15  16355.706    16355.851    16447.353
157  TIM2e+G4      8162.634     15  16355.267    16355.412    16446.915
158  TIM2e+I+G4    8162.653     16  16357.306    16357.471    16455.064
159  TIM2e+R2      8163.091     16  16358.182    16358.346    16455.939
178  TIM+F+I       7959.650     18  15955.300    15955.506    16065.276
179  TIM+F+G4      7959.639     18  15955.277    15955.484    16065.254
180  TIM+F+I+G4    7959.676     19  15957.352    15957.582    16073.439
181  TIM+F+R2      7959.895     19  15957.790    15958.020    16073.877
200  TIMe+I        8171.012     15  16372.024    16372.169    16463.671
201  TIMe+G4       8170.717     15  16371.435    16371.580    16463.082
202  TIMe+I+G4     8170.741     16  16373.481    16373.646    16471.239
203  TIMe+R2       8171.248     16  16374.497    16374.661    16472.254
222  TPM3u+F+I     7959.821     17  15953.643    15953.827    16057.510
223  TPM3u+F+G4    7959.808     17  15953.617    15953.802    16057.484
224  TPM3u+F+I+G4  7959.841     18  15955.682    15955.889    16065.659
225  TPM3u+F+R2    7960.155     18  15956.309    15956.516    16066.286
244  TPM3+I        8168.794     14  16365.588    16365.715    16451.125
245  TPM3+G4       8168.332     14  16364.664    16364.790    16450.201
246  TPM3+I+G4     8168.390     15  16366.781    16366.926    16458.428
247  TPM3+R2       8169.025     15  16368.051    16368.196    16459.698
266  TPM2u+F+I     7958.209     17  15950.419    15950.604    16054.286
267  TPM2u+F+G4    7958.294     17  15950.587    15950.772    16054.454
268  TPM2u+F+I+G4  7958.360     18  15952.719    15952.926    16062.696
269  TPM2u+F+R2    7958.550     18  15953.099    15953.306    16063.076
288  TPM2+I        8162.963     14  16353.926    16354.053    16439.464
289  TPM2+G4       8162.756     14  16353.512    16353.639    16439.050
290  TPM2+I+G4     8162.778     15  16355.555    16355.700    16447.203
291  TPM2+R2       8163.206     15  16356.413    16356.558    16448.060
310  K3Pu+F+I      7959.678     17  15953.357    15953.542    16057.224
311  K3Pu+F+G4     7959.668     17  15953.336    15953.521    16057.203
312  K3Pu+F+I+G4   7959.702     18  15955.403    15955.610    16065.380
313  K3Pu+F+R2     7959.927     18  15955.854    15956.061    16065.831
332  K3P+I         8171.173     14  16370.345    16370.472    16455.883
333  K3P+G4        8170.895     14  16369.791    16369.918    16455.328
334  K3P+I+G4      8170.917     15  16371.834    16371.979    16463.482
335  K3P+R2        8171.414     15  16372.828    16372.973    16464.475
354  TN+F+I        7960.391     17  15954.782    15954.967    16058.649
355  TN+F+G4       7960.426     17  15954.853    15955.038    16058.720
356  TN+F+I+G4     7960.474     18  15956.949    15957.156    16066.926
357  TN+F+R2       7960.633     18  15957.267    15957.473    16067.244
376  TNe+I         8177.605     14  16383.210    16383.337    16468.748
377  TNe+G4        8177.292     14  16382.583    16382.710    16468.121
378  TNe+I+G4      8177.309     15  16384.617    16384.762    16476.265
379  TNe+R2        8177.850     15  16385.699    16385.844    16477.347
398  HKY+F+I       7960.418     16  15952.837    15953.001    16050.594
399  HKY+F+G4      7960.456     16  15952.911    15953.075    16050.668
400  HKY+F+I+G4    7960.509     17  15955.019    15955.204    16058.886
401  HKY+F+R2      7960.661     17  15955.321    15955.506    16059.188
420  K2P+I         8177.764     13  16381.529    16381.639    16460.956
421  K2P+G4        8177.467     13  16380.934    16381.044    16460.362
422  K2P+I+G4      8177.482     14  16382.963    16383.090    16468.501
423  K2P+R2        8178.013     14  16384.027    16384.154    16469.565
442  F81+F+I       8109.633     15  16249.267    16249.411    16340.914
443  F81+F+G4      8109.353     15  16248.706    16248.851    16340.353
444  F81+F+I+G4    8109.367     16  16250.733    16250.897    16348.490
445  F81+F+R2      8109.892     16  16251.783    16251.948    16349.540
464  JC+I          8292.402     12  16608.804    16608.898    16682.122
465  JC+G4         8292.198     12  16608.396    16608.490    16681.714
466  JC+I+G4       8292.239     13  16610.479    16610.589    16689.906
467  JC+R2         8292.601     13  16611.202    16611.312    16690.630
Akaike Information Criterion:           TPM2u+F+I
Corrected Akaike Information Criterion: TPM2u+F+I
Bayesian Information Criterion:         HKY+F+I
Best-fit model: HKY+F+I chosen according to BIC

All model information printed to per_gene_alignments_codon/LOC101396553_.aln.model.gz
CPU time for ModelFinder: 1.439 seconds (0h:0m:1s)
Wall-clock time for ModelFinder: 1.677 seconds (0h:0m:1s)
Generating 1000 samples for ultrafast bootstrap (seed: 806686)...

NOTE: 0 MB RAM (0 GB) is required!
Estimate model parameters (epsilon = 0.100)
1. Initial log-likelihood: -7960.418
Optimal log-likelihood: -7960.418
Rate parameters:  A-C: 1.00000  A-G: 4.36803  A-T: 1.00000  C-G: 1.00000  C-T: 4.36803  G-T: 1.00000
Base frequencies:  A: 0.165  C: 0.334  G: 0.327  T: 0.175
Proportion of invariable sites: 0.624
Parameters optimization took 1 rounds (0.001 sec)
Wrote distance file to... 
Computing ML distances based on estimated model parameters...
Calculating distance matrix: done in 0.000188112 secs using 99.41% CPU
Computing ML distances took 0.000242 sec (of wall-clock time) 0.000247 sec (of CPU time)
Setting up auxiliary I and S matrices: done in 5.79357e-05 secs using 183% CPU
Computing RapidNJ tree took 0.000173 sec (of wall-clock time) 0.000342 sec (of CPU time)
Log-likelihood of RapidNJ tree: -7960.418
--------------------------------------------------------------------
|             INITIALIZING CANDIDATE TREE SET                      |
--------------------------------------------------------------------
Generating 99 parsimony trees... 0.050 second
Computing log-likelihood of 40 initial trees ... 0.014 seconds
Current best score: -7960.418

Do NNI search on 20 best initial trees
Estimate model parameters (epsilon = 0.100)
BETTER TREE FOUND at iteration 1: -7960.418
Iteration 10 / LogL: -7960.605 / Time: 0h:0m:1s
Iteration 20 / LogL: -7960.445 / Time: 0h:0m:1s
Finish initializing candidate tree set (1)
Current best tree score: -7960.418 / CPU time: 0.136
Number of iterations: 20
--------------------------------------------------------------------
|               OPTIMIZING CANDIDATE TREE SET                      |
--------------------------------------------------------------------
UPDATE BEST LOG-LIKELIHOOD: -7960.418
Iteration 30 / LogL: -7960.612 / Time: 0h:0m:1s (0h:0m:0s left)
Iteration 40 / LogL: -7960.418 / Time: 0h:0m:2s (0h:0m:0s left)
Iteration 50 / LogL: -7960.447 / Time: 0h:0m:2s (0h:0m:0s left)
Log-likelihood cutoff on original alignment: -7971.913
Iteration 60 / LogL: -7960.423 / Time: 0h:0m:2s (0h:0m:0s left)
Iteration 70 / LogL: -7960.477 / Time: 0h:0m:2s (0h:0m:0s left)
Iteration 80 / LogL: -7960.418 / Time: 0h:0m:2s (0h:0m:0s left)
Iteration 90 / LogL: -7960.418 / Time: 0h:0m:2s (0h:0m:0s left)
Iteration 100 / LogL: -7961.552 / Time: 0h:0m:2s (0h:0m:0s left)
Log-likelihood cutoff on original alignment: -7971.913
NOTE: Bootstrap correlation coefficient of split occurrence frequencies: 1.000
TREE SEARCH COMPLETED AFTER 102 ITERATIONS / Time: 0h:0m:2s

--------------------------------------------------------------------
|                    FINALIZING TREE SEARCH                        |
--------------------------------------------------------------------
Performs final model parameters optimization
Estimate model parameters (epsilon = 0.010)
1. Initial log-likelihood: -7960.418
Optimal log-likelihood: -7960.418
Rate parameters:  A-C: 1.00000  A-G: 4.36721  A-T: 1.00000  C-G: 1.00000  C-T: 4.36721  G-T: 1.00000
Base frequencies:  A: 0.165  C: 0.334  G: 0.327  T: 0.175
Proportion of invariable sites: 0.624
Parameters optimization took 1 rounds (0.001 sec)
BEST SCORE FOUND : -7960.418
Creating bootstrap support values...
Split supports printed to NEXUS file per_gene_alignments_codon/LOC101396553_.aln.splits.nex
Total tree length: 0.273

Total number of iterations: 102
CPU time used for tree search: 0.954 sec (0h:0m:0s)
Wall-clock time used for tree search: 0.885 sec (0h:0m:0s)
Total CPU time used: 2.474 sec (0h:0m:2s)
Total wall-clock time used: 2.640 sec (0h:0m:2s)

Computing bootstrap consensus tree...
Reading input file per_gene_alignments_codon/LOC101396553_.aln.splits.nex...
7 taxa and 13 splits.
Consensus tree written to per_gene_alignments_codon/LOC101396553_.aln.contree
Reading input trees file per_gene_alignments_codon/LOC101396553_.aln.contree
Log-likelihood of consensus tree: -7960.418

Analysis results written to: 
  IQ-TREE report:                per_gene_alignments_codon/LOC101396553_.aln.iqtree
  Maximum-likelihood tree:       per_gene_alignments_codon/LOC101396553_.aln.treefile
  Likelihood distances:          per_gene_alignments_codon/LOC101396553_.aln.mldist

Ultrafast bootstrap approximation results written to:
  Split support values:          per_gene_alignments_codon/LOC101396553_.aln.splits.nex
  Consensus tree:                per_gene_alignments_codon/LOC101396553_.aln.contree
  Screen log file:               per_gene_alignments_codon/LOC101396553_.aln.log

Date and Time: Thu Oct 30 21:31:29 2025
