IQ-TREE multicore version 2.3.3 COVID-edition for Linux x86 64-bit built Apr 25 2024
Developed by Bui Quang Minh, James Barbetti, Nguyen Lam Tung, Olga Chernomor,
Heiko Schmidt, Dominik Schrempf, Michael Woodhams, Ly Trong Nhan, Thomas Wong

Host:    morpheus-OptiPlex-5050 (AVX2, FMA3, 503 GB RAM)
Command: iqtree2 -s per_gene_alignments_codon/LOC101408913_.aln.fna -m MFP -T 1 -B 1000 --prefix per_gene_alignments_codon/LOC101408913_.aln
Seed:    338592 (Using SPRNG - Scalable Parallel Random Number Generator)
Time:    Thu Oct 30 21:39:51 2025
Kernel:  AVX+FMA - 1 threads (72 CPU cores detected)

HINT: Use -nt option to specify number of threads because your CPU has 72 cores!
HINT: -nt AUTO will automatically determine the best number of threads to use.

Reading alignment file per_gene_alignments_codon/LOC101408913_.aln.fna ... Fasta format detected
Reading fasta file: done in 0.000694036 secs using 99.71% CPU
Alignment most likely contains DNA/RNA sequences
Alignment has 7 sequences with 2466 columns, 141 distinct patterns
158 parsimony-informative, 363 singleton sites, 1945 constant sites
                     Gap/Ambiguity  Composition  p-value
Analyzing sequences: done in 2.19345e-05 secs using 95.74% CPU
   1  Ceratotherium_simum    0.00%    passed     98.93%
   2  Diceros_bicornis       0.00%    passed     98.69%
   3  Equus_asinus           0.00%    passed     95.26%
   4  Equus_quagga           0.00%    passed     95.26%
   5  Equus_caballus         0.00%    passed     95.12%
   6  Canis_lupus            0.24%    passed     29.58%
   7  Bos_taurus             0.00%    passed     64.06%
****  TOTAL                  0.03%  0 sequences failed composition chi2 test (p-value<5%; df=3)


Create initial parsimony tree by phylogenetic likelihood library (PLL)... 0.000 seconds
Perform fast likelihood tree search using GTR+I+G model...
Estimate model parameters (epsilon = 5.000)
Perform nearest neighbor interchange...
Estimate model parameters (epsilon = 1.000)
1. Initial log-likelihood: -6374.346
Optimal log-likelihood: -6374.344
Rate parameters:  A-C: 0.87442  A-G: 2.69795  A-T: 0.70963  C-G: 0.94575  C-T: 4.30294  G-T: 1.00000
Base frequencies:  A: 0.215  C: 0.301  G: 0.323  T: 0.162
Proportion of invariable sites: 0.393
Gamma shape alpha: 2.195
Parameters optimization took 1 rounds (0.003 sec)
Time for fast ML tree search: 0.059 seconds

NOTE: ModelFinder requires 0 MB RAM!
ModelFinder will test up to 484 DNA models (sample size: 2466) ...
 No. Model         -LnL         df  AIC          AICc         BIC
  1  GTR+F         6406.194     19  12850.388    12850.699    12960.785
  2  GTR+F+I       6374.797     20  12789.593    12789.937    12905.800
  3  GTR+F+G4      6374.284     20  12788.568    12788.911    12904.775
  4  GTR+F+I+G4    6374.344     21  12790.688    12791.066    12912.706
  5  GTR+F+R2      6374.827     21  12791.654    12792.032    12913.671
  6  GTR+F+R3      6374.327     23  12794.654    12795.106    12928.292
 14  GTR+F+I+R2    6374.445     22  12792.890    12793.304    12920.718
 15  GTR+F+I+R3    6374.389     24  12796.778    12797.270    12936.227
 24  SYM+I         6469.600     17  12973.201    12973.451    13071.977
 25  SYM+G4        6468.806     17  12971.612    12971.862    13070.388
 26  SYM+I+G4      6468.962     18  12973.924    12974.204    13078.511
 27  SYM+R2        6469.555     18  12975.111    12975.390    13079.697
 46  TVM+F+I       6382.428     19  12802.856    12803.167    12913.253
 47  TVM+F+G4      6381.833     19  12801.665    12801.976    12912.062
 48  TVM+F+I+G4    6381.897     20  12803.794    12804.137    12920.001
 49  TVM+F+R2      6382.436     20  12804.873    12805.216    12921.080
 68  TVMe+I        6471.640     16  12975.279    12975.501    13068.245
 69  TVMe+G4       6470.740     16  12973.481    12973.703    13066.447
 70  TVMe+I+G4     6470.914     17  12975.828    12976.078    13074.604
 71  TVMe+R2       6471.404     17  12976.809    12977.059    13075.585
 90  TIM3+F+I      6375.573     18  12787.145    12787.425    12891.731
 91  TIM3+F+G4     6375.156     18  12786.311    12786.591    12890.898
 92  TIM3+F+I+G4   6375.191     19  12788.383    12788.694    12898.780
 93  TIM3+F+R2     6375.668     19  12789.336    12789.647    12899.733
112  TIM3e+I       6473.440     15  12976.881    12977.077    13064.036
113  TIM3e+G4      6472.809     15  12975.618    12975.814    13062.773
114  TIM3e+I+G4    6472.922     16  12977.845    12978.067    13070.811
115  TIM3e+R2      6473.492     16  12978.983    12979.206    13071.949
134  TIM2+F+I      6375.048     18  12786.096    12786.375    12890.682
135  TIM2+F+G4     6374.606     18  12785.211    12785.491    12889.797
136  TIM2+F+I+G4   6374.648     19  12787.295    12787.606    12897.692
137  TIM2+F+R2     6375.122     19  12788.245    12788.556    12898.642
156  TIM2e+I       6474.723     15  12979.447    12979.643    13066.602
157  TIM2e+G4      6473.972     15  12977.944    12978.139    13065.099
158  TIM2e+I+G4    6474.115     16  12980.230    12980.452    13073.195
159  TIM2e+R2      6474.665     16  12981.330    12981.552    13074.296
178  TIM+F+I       6375.564     18  12787.128    12787.408    12891.715
179  TIM+F+G4      6375.122     18  12786.244    12786.524    12890.831
180  TIM+F+I+G4    6375.163     19  12788.327    12788.638    12898.724
181  TIM+F+R2      6375.647     19  12789.295    12789.606    12899.692
200  TIMe+I        6477.894     15  12985.788    12985.984    13072.944
201  TIMe+G4       6477.320     15  12984.640    12984.835    13071.795
202  TIMe+I+G4     6477.416     16  12986.832    12987.054    13079.798
203  TIMe+R2       6477.976     16  12987.951    12988.173    13080.917
222  TPM3u+F+I     6383.144     17  12800.288    12800.538    12899.064
223  TPM3u+F+G4    6382.645     17  12799.290    12799.540    12898.066
224  TPM3u+F+I+G4  6382.686     18  12801.372    12801.652    12905.958
225  TPM3u+F+R2    6383.220     18  12802.439    12802.719    12907.026
244  TPM3+I        6475.511     14  12979.022    12979.193    13060.367
245  TPM3+G4       6474.791     14  12977.581    12977.752    13058.926
246  TPM3+I+G4     6474.919     15  12979.837    12980.033    13066.993
247  TPM3+R2       6475.395     15  12980.791    12980.987    13067.946
266  TPM2u+F+I     6382.701     17  12799.402    12799.652    12898.178
267  TPM2u+F+G4    6382.169     17  12798.337    12798.587    12897.113
268  TPM2u+F+I+G4  6382.218     18  12800.436    12800.715    12905.022
269  TPM2u+F+R2    6382.749     18  12801.498    12801.778    12906.084
288  TPM2+I        6476.683     14  12981.365    12981.537    13062.710
289  TPM2+G4       6475.830     14  12979.660    12979.831    13061.005
290  TPM2+I+G4     6475.989     15  12981.978    12982.174    13069.133
291  TPM2+R2       6476.436     15  12982.871    12983.067    13070.027
310  K3Pu+F+I      6383.153     17  12800.305    12800.555    12899.081
311  K3Pu+F+G4     6382.631     17  12799.262    12799.512    12898.038
312  K3Pu+F+I+G4   6382.676     18  12801.352    12801.632    12905.938
313  K3Pu+F+R2     6383.216     18  12802.432    12802.711    12907.018
332  K3P+I         6479.879     14  12987.759    12987.930    13069.104
333  K3P+G4        6479.221     14  12986.441    12986.612    13067.786
334  K3P+I+G4      6479.330     15  12988.659    12988.855    13075.814
335  K3P+R2        6479.908     15  12989.817    12990.013    13076.972
354  TN+F+I        6375.587     17  12785.173    12785.423    12883.949
355  TN+F+G4       6375.166     17  12784.333    12784.583    12883.109
356  TN+F+I+G4     6375.202     18  12786.404    12786.684    12890.991
357  TN+F+R2       6375.677     18  12787.355    12787.634    12891.941
376  TNe+I         6478.280     14  12984.560    12984.732    13065.905
377  TNe+G4        6477.644     14  12983.287    12983.458    13064.632
378  TNe+I+G4      6477.755     15  12985.511    12985.707    13072.666
379  TNe+R2        6478.327     15  12986.654    12986.850    13073.810
398  HKY+F+I       6383.176     16  12798.352    12798.574    12891.318
399  HKY+F+G4      6382.674     16  12797.347    12797.569    12890.313
400  HKY+F+I+G4    6382.714     17  12799.429    12799.679    12898.205
401  HKY+F+R2      6383.247     17  12800.494    12800.744    12899.270
420  K2P+I         6480.271     13  12986.541    12986.690    13062.076
421  K2P+G4        6479.551     13  12985.103    12985.251    13060.637
422  K2P+I+G4      6479.675     14  12987.350    12987.522    13068.695
423  K2P+R2        6480.291     14  12988.583    12988.754    13069.928
442  F81+F+I       6496.000     15  13022.000    13022.196    13109.156
443  F81+F+G4      6495.547     15  13021.093    13021.289    13108.248
444  F81+F+I+G4    6495.653     16  13023.307    13023.529    13116.273
445  F81+F+R2      6495.960     16  13023.920    13024.142    13116.885
464  JC+I          6581.278     12  13186.556    13186.683    13256.280
465  JC+G4         6580.738     12  13185.476    13185.604    13255.201
466  JC+I+G4       6580.892     13  13187.784    13187.933    13263.319
467  JC+R2         6581.255     13  13188.510    13188.658    13264.044
Akaike Information Criterion:           TN+F+G4
Corrected Akaike Information Criterion: TN+F+G4
Bayesian Information Criterion:         TN+F+G4
Best-fit model: TN+F+G4 chosen according to BIC

All model information printed to per_gene_alignments_codon/LOC101408913_.aln.model.gz
CPU time for ModelFinder: 1.282 seconds (0h:0m:1s)
Wall-clock time for ModelFinder: 3.155 seconds (0h:0m:3s)
Generating 1000 samples for ultrafast bootstrap (seed: 338592)...

NOTE: 0 MB RAM (0 GB) is required!
Estimate model parameters (epsilon = 0.100)
1. Initial log-likelihood: -6375.166
Optimal log-likelihood: -6375.166
Rate parameters:  A-C: 1.00000  A-G: 2.96790  A-T: 1.00000  C-G: 1.00000  C-T: 4.73478  G-T: 1.00000
Base frequencies:  A: 0.215  C: 0.301  G: 0.323  T: 0.162
Gamma shape alpha: 0.507
Parameters optimization took 1 rounds (0.002 sec)
Wrote distance file to... 
Computing ML distances based on estimated model parameters...
Calculating distance matrix: done in 0.000633955 secs using 99.38% CPU
Computing ML distances took 0.000687 sec (of wall-clock time) 0.000691 sec (of CPU time)
Setting up auxiliary I and S matrices: done in 4.50611e-05 secs using 193.1% CPU
Computing RapidNJ tree took 0.000139 sec (of wall-clock time) 0.000281 sec (of CPU time)
Log-likelihood of RapidNJ tree: -6375.166
--------------------------------------------------------------------
|             INITIALIZING CANDIDATE TREE SET                      |
--------------------------------------------------------------------
Generating 99 parsimony trees... 0.050 second
Computing log-likelihood of 40 initial trees ... 0.025 seconds
Current best score: -6375.166

Do NNI search on 20 best initial trees
Estimate model parameters (epsilon = 0.100)
BETTER TREE FOUND at iteration 1: -6375.166
Iteration 10 / LogL: -6375.167 / Time: 0h:0m:3s
Iteration 20 / LogL: -6375.167 / Time: 0h:0m:3s
Finish initializing candidate tree set (1)
Current best tree score: -6375.166 / CPU time: 0.215
Number of iterations: 20
--------------------------------------------------------------------
|               OPTIMIZING CANDIDATE TREE SET                      |
--------------------------------------------------------------------
Iteration 30 / LogL: -6375.166 / Time: 0h:0m:3s (0h:0m:1s left)
Iteration 40 / LogL: -6461.598 / Time: 0h:0m:3s (0h:0m:1s left)
Iteration 50 / LogL: -6375.166 / Time: 0h:0m:3s (0h:0m:0s left)
Log-likelihood cutoff on original alignment: -6392.139
Iteration 60 / LogL: -6375.192 / Time: 0h:0m:4s (0h:0m:0s left)
Iteration 70 / LogL: -6461.598 / Time: 0h:0m:4s (0h:0m:0s left)
Iteration 80 / LogL: -6375.168 / Time: 0h:0m:4s (0h:0m:0s left)
Iteration 90 / LogL: -6375.166 / Time: 0h:0m:4s (0h:0m:0s left)
Iteration 100 / LogL: -6375.167 / Time: 0h:0m:4s (0h:0m:0s left)
Log-likelihood cutoff on original alignment: -6392.139
NOTE: Bootstrap correlation coefficient of split occurrence frequencies: 1.000
TREE SEARCH COMPLETED AFTER 102 ITERATIONS / Time: 0h:0m:4s

--------------------------------------------------------------------
|                    FINALIZING TREE SEARCH                        |
--------------------------------------------------------------------
Performs final model parameters optimization
Estimate model parameters (epsilon = 0.010)
1. Initial log-likelihood: -6375.166
Optimal log-likelihood: -6375.165
Rate parameters:  A-C: 1.00000  A-G: 2.97054  A-T: 1.00000  C-G: 1.00000  C-T: 4.73814  G-T: 1.00000
Base frequencies:  A: 0.215  C: 0.301  G: 0.323  T: 0.162
Gamma shape alpha: 0.507
Parameters optimization took 1 rounds (0.002 sec)
BEST SCORE FOUND : -6375.165
Creating bootstrap support values...
Split supports printed to NEXUS file per_gene_alignments_codon/LOC101408913_.aln.splits.nex
Total tree length: 0.294

Total number of iterations: 102
CPU time used for tree search: 1.413 sec (0h:0m:1s)
Wall-clock time used for tree search: 1.522 sec (0h:0m:1s)
Total CPU time used: 2.782 sec (0h:0m:2s)
Total wall-clock time used: 4.785 sec (0h:0m:4s)

Computing bootstrap consensus tree...
Reading input file per_gene_alignments_codon/LOC101408913_.aln.splits.nex...
7 taxa and 14 splits.
Consensus tree written to per_gene_alignments_codon/LOC101408913_.aln.contree
Reading input trees file per_gene_alignments_codon/LOC101408913_.aln.contree
Log-likelihood of consensus tree: -6375.165

Analysis results written to: 
  IQ-TREE report:                per_gene_alignments_codon/LOC101408913_.aln.iqtree
  Maximum-likelihood tree:       per_gene_alignments_codon/LOC101408913_.aln.treefile
  Likelihood distances:          per_gene_alignments_codon/LOC101408913_.aln.mldist

Ultrafast bootstrap approximation results written to:
  Split support values:          per_gene_alignments_codon/LOC101408913_.aln.splits.nex
  Consensus tree:                per_gene_alignments_codon/LOC101408913_.aln.contree
  Screen log file:               per_gene_alignments_codon/LOC101408913_.aln.log

Date and Time: Thu Oct 30 21:39:56 2025
