IQ-TREE multicore version 2.3.3 COVID-edition for Linux x86 64-bit built Apr 25 2024
Developed by Bui Quang Minh, James Barbetti, Nguyen Lam Tung, Olga Chernomor,
Heiko Schmidt, Dominik Schrempf, Michael Woodhams, Ly Trong Nhan, Thomas Wong

Host:    morpheus-OptiPlex-5050 (AVX2, FMA3, 503 GB RAM)
Command: iqtree2 -s per_gene_alignments_codon/LOC101390040_.aln.fna -m MFP -T 1 -B 1000 --prefix per_gene_alignments_codon/LOC101390040_.aln
Seed:    243733 (Using SPRNG - Scalable Parallel Random Number Generator)
Time:    Thu Oct 30 21:26:57 2025
Kernel:  AVX+FMA - 1 threads (72 CPU cores detected)

HINT: Use -nt option to specify number of threads because your CPU has 72 cores!
HINT: -nt AUTO will automatically determine the best number of threads to use.

Reading alignment file per_gene_alignments_codon/LOC101390040_.aln.fna ... Fasta format detected
Reading fasta file: done in 0.000176907 secs using 49.74% CPU
Alignment most likely contains DNA/RNA sequences
Alignment has 7 sequences with 417 columns, 40 distinct patterns
28 parsimony-informative, 29 singleton sites, 360 constant sites
                     Gap/Ambiguity  Composition  p-value
Analyzing sequences: done in 1.19209e-05 secs using 41.94% CPU
   1  Ceratotherium_simum    0.00%    passed     88.40%
   2  Diceros_bicornis       0.00%    passed     87.99%
   3  Equus_asinus           0.00%    passed     97.28%
   4  Equus_quagga           0.00%    passed     97.28%
   5  Equus_caballus         0.00%    passed     93.37%
   6  Canis_lupus            0.00%    passed     27.73%
   7  Bos_taurus             0.00%    passed     97.78%
****  TOTAL                  0.00%  0 sequences failed composition chi2 test (p-value<5%; df=3)


Create initial parsimony tree by phylogenetic likelihood library (PLL)... 0.000 seconds
Perform fast likelihood tree search using GTR+I+G model...
Estimate model parameters (epsilon = 5.000)
Perform nearest neighbor interchange...
Estimate model parameters (epsilon = 1.000)
1. Initial log-likelihood: -900.155
Optimal log-likelihood: -900.090
Rate parameters:  A-C: 1.35951  A-G: 1.28800  A-T: 0.00010  C-G: 0.27076  C-T: 7.96082  G-T: 1.00000
Warning! Some parameters hit the boundaries
Base frequencies:  A: 0.227  C: 0.255  G: 0.369  T: 0.148
Proportion of invariable sites: 0.424
Gamma shape alpha: 0.621
Parameters optimization took 1 rounds (0.003 sec)
Time for fast ML tree search: 0.036 seconds

NOTE: ModelFinder requires 0 MB RAM!
ModelFinder will test up to 484 DNA models (sample size: 417) ...
 No. Model         -LnL         df  AIC          AICc         BIC
  1  GTR+F         906.659      19  1851.317     1853.231     1927.946
  2  GTR+F+I       899.745      20  1839.489     1841.611     1920.151
  3  GTR+F+G4      899.854      20  1839.708     1841.829     1920.370
  4  GTR+F+I+G4    900.076      21  1842.152     1844.491     1926.847
  5  GTR+F+R2      902.809      21  1847.617     1849.957     1932.312
  6  GTR+F+R3      900.444      23  1846.889     1849.698     1939.650
 14  GTR+F+I+R2    899.967      22  1843.934     1846.503     1932.662
 15  GTR+F+I+R3    899.997      24  1847.994     1851.055     1944.788
 23  SYM           926.373      16  1884.746     1886.106     1949.276
 24  SYM+I         921.541      17  1877.082     1878.615     1945.644
 25  SYM+G4        921.465      17  1876.931     1878.464     1945.493
 26  SYM+I+G4      921.449      18  1878.899     1880.618     1951.494
 45  TVM+F         918.505      18  1873.010     1874.729     1945.606
 46  TVM+F+I       911.153      19  1860.307     1862.221     1936.936
 47  TVM+F+G4      911.224      19  1860.448     1862.362     1937.077
 48  TVM+F+I+G4    911.605      20  1863.210     1865.331     1943.871
 67  TVMe          932.626      15  1895.252     1896.449     1955.748
 68  TVMe+I        926.974      16  1885.948     1887.308     1950.477
 69  TVMe+G4       927.030      16  1886.061     1887.421     1950.590
 70  TVMe+I+G4     927.105      17  1888.210     1889.743     1956.772
 89  TIM3+F        909.918      17  1853.835     1855.369     1922.398
 90  TIM3+F+I      903.624      18  1843.249     1844.967     1915.844
 91  TIM3+F+G4     903.674      18  1843.348     1845.067     1915.944
 92  TIM3+F+I+G4   903.725      19  1845.450     1847.364     1922.078
111  TIM3e         928.937      14  1885.875     1886.920     1942.338
112  TIM3e+I       924.258      15  1878.516     1879.713     1939.012
113  TIM3e+G4      924.134      15  1878.269     1879.466     1938.765
114  TIM3e+I+G4    924.098      16  1880.196     1881.556     1944.726
133  TIM2+F        909.257      17  1852.515     1854.048     1921.077
134  TIM2+F+I      902.859      18  1841.717     1843.436     1914.313
135  TIM2+F+G4     902.941      18  1841.882     1843.601     1914.478
136  TIM2+F+I+G4   903.032      19  1844.064     1845.979     1920.693
155  TIM2e         929.587      14  1887.174     1888.219     1943.637
156  TIM2e+I       924.759      15  1879.518     1880.715     1940.015
157  TIM2e+G4      924.706      15  1879.412     1880.609     1939.908
158  TIM2e+I+G4    924.688      16  1881.375     1882.735     1945.905
177  TIM+F         907.381      17  1848.761     1850.295     1917.324
178  TIM+F+I       899.990      18  1835.981     1837.699     1908.576
179  TIM+F+G4      900.097      18  1836.195     1837.913     1908.790
180  TIM+F+I+G4    900.362      19  1838.724     1840.639     1915.353
199  TIMe          927.895      14  1883.789     1884.834     1940.253
200  TIMe+I        922.697      15  1875.394     1876.591     1935.890
201  TIMe+G4       922.663      15  1875.326     1876.523     1935.823
202  TIMe+I+G4     922.661      16  1877.322     1878.682     1941.851
221  TPM3u+F       921.674      16  1875.348     1876.708     1939.878
222  TPM3u+F+I     914.786      17  1863.572     1865.106     1932.135
223  TPM3u+F+G4    914.856      17  1863.713     1865.247     1932.275
224  TPM3u+F+I+G4  915.063      18  1866.127     1867.846     1938.723
243  TPM3          935.158      13  1896.316     1897.220     1948.746
244  TPM3+I        929.597      14  1887.195     1888.239     1943.658
245  TPM3+G4       929.618      14  1887.236     1888.281     1943.700
246  TPM3+I+G4     929.645      15  1889.289     1890.486     1949.786
265  TPM2u+F       921.029      16  1874.059     1875.419     1938.588
266  TPM2u+F+I     914.011      17  1862.022     1863.556     1930.584
267  TPM2u+F+G4    914.096      17  1862.193     1863.726     1930.755
268  TPM2u+F+I+G4  914.339      18  1864.679     1866.397     1937.274
287  TPM2          935.801      13  1897.602     1898.505     1950.032
288  TPM2+I        930.040      14  1888.081     1889.125     1944.544
289  TPM2+G4       930.095      14  1888.190     1889.235     1944.654
290  TPM2+I+G4     930.163      15  1890.326     1891.523     1950.822
309  K3Pu+F        919.219      16  1870.438     1871.798     1934.967
310  K3Pu+F+I      911.529      17  1857.057     1858.591     1925.620
311  K3Pu+F+G4     911.573      17  1857.146     1858.680     1925.708
312  K3Pu+F+I+G4   911.981      18  1859.961     1861.680     1932.557
331  K3P           934.151      13  1894.303     1895.206     1946.733
332  K3P+I         927.987      14  1883.975     1885.020     1940.438
333  K3P+G4        928.051      14  1884.102     1885.146     1940.565
334  K3P+I+G4      928.160      15  1886.320     1887.517     1946.816
353  TN+F          910.106      16  1852.211     1853.571     1916.741
354  TN+F+I        903.632      17  1841.264     1842.798     1909.827
355  TN+F+G4       903.685      17  1841.370     1842.904     1909.933
356  TN+F+I+G4     903.749      18  1843.498     1845.217     1916.094
375  TNe           929.924      13  1885.847     1886.750     1938.277
376  TNe+I         924.992      14  1877.983     1879.028     1934.446
377  TNe+G4        924.922      14  1877.844     1878.888     1934.307
378  TNe+I+G4      924.893      15  1879.786     1880.983     1940.282
397  HKY+F         921.847      15  1873.694     1874.891     1934.190
398  HKY+F+I       914.804      16  1861.607     1862.967     1926.137
399  HKY+F+G4      914.873      16  1861.745     1863.105     1926.274
400  HKY+F+I+G4    915.095      17  1864.190     1865.724     1932.753
419  K2P           936.127      12  1896.253     1897.026     1944.650
420  K2P+I         930.201      13  1886.402     1887.306     1938.832
421  K2P+G4        930.244      13  1886.488     1887.391     1938.918
422  K2P+I+G4      930.304      14  1888.608     1889.652     1945.071
441  F81+F         935.576      14  1899.152     1900.197     1955.615
442  F81+F+I       930.603      15  1891.207     1892.404     1951.703
443  F81+F+G4      930.711      15  1891.421     1892.618     1951.918
444  F81+F+I+G4    930.780      16  1893.559     1894.919     1958.089
463  JC            950.210      11  1922.419     1923.071     1966.783
464  JC+I          944.859      12  1913.718     1914.490     1962.115
465  JC+G4         944.925      12  1913.849     1914.622     1962.246
466  JC+I+G4       944.983      13  1915.966     1916.869     1968.396
Akaike Information Criterion:           TIM+F+I
Corrected Akaike Information Criterion: TIM+F+I
Bayesian Information Criterion:         TIM+F+I
Best-fit model: TIM+F+I chosen according to BIC

All model information printed to per_gene_alignments_codon/LOC101390040_.aln.model.gz
CPU time for ModelFinder: 0.386 seconds (0h:0m:0s)
Wall-clock time for ModelFinder: 1.599 seconds (0h:0m:1s)
Generating 1000 samples for ultrafast bootstrap (seed: 243733)...

NOTE: 0 MB RAM (0 GB) is required!
Estimate model parameters (epsilon = 0.100)
1. Initial log-likelihood: -899.990
Optimal log-likelihood: -899.984
Rate parameters:  A-C: 1.00000  A-G: 1.04771  A-T: 0.13627  C-G: 0.13627  C-T: 6.97130  G-T: 1.00000
Base frequencies:  A: 0.227  C: 0.255  G: 0.369  T: 0.148
Proportion of invariable sites: 0.707
Parameters optimization took 1 rounds (0.001 sec)
Wrote distance file to... 
Computing ML distances based on estimated model parameters...
Calculating distance matrix: done in 0.000193834 secs using 96.47% CPU
Computing ML distances took 0.000239 sec (of wall-clock time) 0.000237 sec (of CPU time)
Setting up auxiliary I and S matrices: done in 5.10216e-05 secs using 186.2% CPU
Computing RapidNJ tree took 0.000152 sec (of wall-clock time) 0.000285 sec (of CPU time)
Log-likelihood of RapidNJ tree: -899.985
--------------------------------------------------------------------
|             INITIALIZING CANDIDATE TREE SET                      |
--------------------------------------------------------------------
Generating 98 parsimony trees... 0.031 second
Computing log-likelihood of 42 initial trees ... 0.011 seconds
Current best score: -899.984

Do NNI search on 20 best initial trees
Estimate model parameters (epsilon = 0.100)
BETTER TREE FOUND at iteration 1: -899.982
UPDATE BEST LOG-LIKELIHOOD: -899.982
Iteration 10 / LogL: -899.982 / Time: 0h:0m:1s
Iteration 20 / LogL: -899.982 / Time: 0h:0m:1s
Finish initializing candidate tree set (2)
Current best tree score: -899.982 / CPU time: 0.117
Number of iterations: 20
--------------------------------------------------------------------
|               OPTIMIZING CANDIDATE TREE SET                      |
--------------------------------------------------------------------
UPDATE BEST LOG-LIKELIHOOD: -899.982
UPDATE BEST LOG-LIKELIHOOD: -899.982
Iteration 30 / LogL: -899.982 / Time: 0h:0m:1s (0h:0m:0s left)
UPDATE BEST LOG-LIKELIHOOD: -899.982
UPDATE BEST LOG-LIKELIHOOD: -899.982
UPDATE BEST LOG-LIKELIHOOD: -899.982
UPDATE BEST LOG-LIKELIHOOD: -899.982
Iteration 40 / LogL: -899.982 / Time: 0h:0m:1s (0h:0m:0s left)
Iteration 50 / LogL: -899.982 / Time: 0h:0m:2s (0h:0m:0s left)
Log-likelihood cutoff on original alignment: -910.642
Iteration 60 / LogL: -899.982 / Time: 0h:0m:2s (0h:0m:0s left)
UPDATE BEST LOG-LIKELIHOOD: -899.982
Iteration 70 / LogL: -899.982 / Time: 0h:0m:2s (0h:0m:0s left)
UPDATE BEST LOG-LIKELIHOOD: -899.982
UPDATE BEST LOG-LIKELIHOOD: -899.982
Iteration 80 / LogL: -899.982 / Time: 0h:0m:2s (0h:0m:0s left)
WARNING: NNI search needs unusual large number of steps (7) to converge!
UPDATE BEST LOG-LIKELIHOOD: -899.982
Iteration 90 / LogL: -899.982 / Time: 0h:0m:2s (0h:0m:0s left)
Iteration 100 / LogL: -899.982 / Time: 0h:0m:2s (0h:0m:0s left)
Log-likelihood cutoff on original alignment: -910.589
NOTE: Bootstrap correlation coefficient of split occurrence frequencies: 0.998
TREE SEARCH COMPLETED AFTER 102 ITERATIONS / Time: 0h:0m:2s

--------------------------------------------------------------------
|                    FINALIZING TREE SEARCH                        |
--------------------------------------------------------------------
Performs final model parameters optimization
Estimate model parameters (epsilon = 0.010)
1. Initial log-likelihood: -899.982
Optimal log-likelihood: -899.981
Rate parameters:  A-C: 1.00000  A-G: 1.03886  A-T: 0.12927  C-G: 0.12927  C-T: 7.01693  G-T: 1.00000
Base frequencies:  A: 0.227  C: 0.255  G: 0.369  T: 0.148
Proportion of invariable sites: 0.709
Parameters optimization took 1 rounds (0.001 sec)
BEST SCORE FOUND : -899.981
Creating bootstrap support values...
Split supports printed to NEXUS file per_gene_alignments_codon/LOC101390040_.aln.splits.nex
Total tree length: 0.227

Total number of iterations: 102
CPU time used for tree search: 1.033 sec (0h:0m:1s)
Wall-clock time used for tree search: 1.089 sec (0h:0m:1s)
Total CPU time used: 1.489 sec (0h:0m:1s)
Total wall-clock time used: 2.769 sec (0h:0m:2s)

Computing bootstrap consensus tree...
Reading input file per_gene_alignments_codon/LOC101390040_.aln.splits.nex...
7 taxa and 19 splits.
Consensus tree written to per_gene_alignments_codon/LOC101390040_.aln.contree
Reading input trees file per_gene_alignments_codon/LOC101390040_.aln.contree
Log-likelihood of consensus tree: -899.982

Analysis results written to: 
  IQ-TREE report:                per_gene_alignments_codon/LOC101390040_.aln.iqtree
  Maximum-likelihood tree:       per_gene_alignments_codon/LOC101390040_.aln.treefile
  Likelihood distances:          per_gene_alignments_codon/LOC101390040_.aln.mldist

Ultrafast bootstrap approximation results written to:
  Split support values:          per_gene_alignments_codon/LOC101390040_.aln.splits.nex
  Consensus tree:                per_gene_alignments_codon/LOC101390040_.aln.contree
  Screen log file:               per_gene_alignments_codon/LOC101390040_.aln.log

Date and Time: Thu Oct 30 21:27:00 2025
