IQ-TREE multicore version 2.3.3 COVID-edition for Linux x86 64-bit built Apr 25 2024
Developed by Bui Quang Minh, James Barbetti, Nguyen Lam Tung, Olga Chernomor,
Heiko Schmidt, Dominik Schrempf, Michael Woodhams, Ly Trong Nhan, Thomas Wong

Host:    morpheus-OptiPlex-5050 (AVX2, FMA3, 503 GB RAM)
Command: iqtree2 -s per_gene_alignments_codon/LOC101402823_.aln.fna -m MFP -T 1 -B 1000 --prefix per_gene_alignments_codon/LOC101402823_.aln
Seed:    626416 (Using SPRNG - Scalable Parallel Random Number Generator)
Time:    Thu Oct 30 21:35:44 2025
Kernel:  AVX+FMA - 1 threads (72 CPU cores detected)

HINT: Use -nt option to specify number of threads because your CPU has 72 cores!
HINT: -nt AUTO will automatically determine the best number of threads to use.

Reading alignment file per_gene_alignments_codon/LOC101402823_.aln.fna ... Fasta format detected
Reading fasta file: done in 0.000481844 secs
Alignment most likely contains DNA/RNA sequences
Alignment has 7 sequences with 1626 columns, 71 distinct patterns
77 parsimony-informative, 88 singleton sites, 1461 constant sites
                     Gap/Ambiguity  Composition  p-value
Analyzing sequences: done in 1.5974e-05 secs
   1  Ceratotherium_simum    0.00%    passed     98.13%
   2  Diceros_bicornis       0.00%    passed     99.04%
   3  Equus_asinus           0.00%    passed     91.54%
   4  Equus_quagga           0.00%    passed     92.93%
   5  Equus_caballus         0.00%    passed     95.53%
   6  Canis_lupus            0.55%    passed     89.49%
   7  Bos_taurus             0.74%    passed     71.88%
****  TOTAL                  0.18%  0 sequences failed composition chi2 test (p-value<5%; df=3)


Create initial parsimony tree by phylogenetic likelihood library (PLL)... 0.000 seconds
Perform fast likelihood tree search using GTR+I+G model...
Estimate model parameters (epsilon = 5.000)
Perform nearest neighbor interchange...
Estimate model parameters (epsilon = 1.000)
1. Initial log-likelihood: -3197.466
Optimal log-likelihood: -3197.465
Rate parameters:  A-C: 0.39315  A-G: 5.46772  A-T: 1.01896  C-G: 0.80464  C-T: 10.34041  G-T: 1.00000
Base frequencies:  A: 0.194  C: 0.319  G: 0.316  T: 0.171
Proportion of invariable sites: 0.446
Gamma shape alpha: 0.488
Parameters optimization took 1 rounds (0.002 sec)
Time for fast ML tree search: 0.047 seconds

NOTE: ModelFinder requires 0 MB RAM!
ModelFinder will test up to 484 DNA models (sample size: 1626) ...
 No. Model         -LnL         df  AIC          AICc         BIC
  1  GTR+F         3212.890     19  6463.779     6464.252     6566.263
  2  GTR+F+I       3197.975     20  6435.950     6436.473     6543.827
  3  GTR+F+G4      3197.876     20  6435.752     6436.276     6543.630
  4  GTR+F+I+G4    3197.465     21  6436.930     6437.506     6550.201
  5  GTR+F+R2      3198.627     21  6439.253     6439.829     6552.525
  6  GTR+F+R3      3197.954     23  6441.909     6442.598     6565.968
 14  GTR+F+I+R2    3198.134     22  6440.269     6440.900     6558.934
 15  GTR+F+I+R3    3197.544     24  6443.087     6443.837     6572.540
 24  SYM+I         3267.567     17  6569.134     6569.515     6660.830
 25  SYM+G4        3267.494     17  6568.988     6569.369     6660.684
 26  SYM+I+G4      3267.324     18  6570.649     6571.074     6667.738
 27  SYM+R2        3273.298     18  6582.597     6583.022     6679.687
 46  TVM+F+I       3202.468     19  6442.937     6443.410     6545.420
 47  TVM+F+G4      3202.434     19  6442.868     6443.341     6545.352
 48  TVM+F+I+G4    3202.131     20  6444.262     6444.785     6552.139
 49  TVM+F+R2      3203.405     20  6446.811     6447.334     6554.688
 68  TVMe+I        3270.686     16  6573.371     6573.710     6659.674
 69  TVMe+G4       3270.638     16  6573.277     6573.615     6659.579
 70  TVMe+I+G4     3270.499     17  6574.999     6575.379     6666.694
 71  TVMe+R2       3276.650     17  6587.300     6587.681     6678.996
 90  TIM3+F+I      3198.714     18  6433.429     6433.854     6530.518
 91  TIM3+F+G4     3198.613     18  6433.226     6433.652     6530.316
 92  TIM3+F+I+G4   3198.179     19  6434.358     6434.831     6536.841
 93  TIM3+F+R2     3199.307     19  6436.613     6437.087     6539.097
112  TIM3e+I       3269.498     15  6568.997     6569.295     6649.905
113  TIM3e+G4      3269.422     15  6568.844     6569.142     6649.753
114  TIM3e+I+G4    3269.251     16  6570.502     6570.840     6656.804
115  TIM3e+R2      3275.237     16  6582.475     6582.813     6668.777
134  TIM2+F+I      3198.790     18  6433.580     6434.005     6530.670
135  TIM2+F+G4     3198.694     18  6433.388     6433.814     6530.478
136  TIM2+F+I+G4   3198.293     19  6434.585     6435.059     6537.069
137  TIM2+F+R2     3199.478     19  6436.956     6437.429     6539.440
156  TIM2e+I       3267.932     15  6565.863     6566.162     6646.772
157  TIM2e+G4      3267.850     15  6565.699     6565.997     6646.608
158  TIM2e+I+G4    3267.658     16  6567.316     6567.654     6653.618
159  TIM2e+R2      3273.689     16  6579.378     6579.716     6665.680
178  TIM+F+I       3199.114     18  6434.228     6434.654     6531.318
179  TIM+F+G4      3199.035     18  6434.071     6434.496     6531.161
180  TIM+F+I+G4    3198.645     19  6435.291     6435.764     6537.775
181  TIM+F+R2      3199.946     19  6437.891     6438.364     6540.375
200  TIMe+I        3268.958     15  6567.916     6568.214     6648.824
201  TIMe+G4       3268.890     15  6567.780     6568.078     6648.688
202  TIMe+I+G4     3268.748     16  6569.497     6569.835     6655.799
203  TIMe+R2       3274.748     16  6581.496     6581.834     6667.798
222  TPM3u+F+I     3203.170     17  6440.340     6440.720     6532.036
223  TPM3u+F+G4    3203.136     17  6440.272     6440.652     6531.968
224  TPM3u+F+I+G4  3202.811     18  6441.621     6442.047     6538.711
225  TPM3u+F+R2    3203.960     18  6443.920     6444.346     6541.010
244  TPM3+I        3272.678     14  6573.355     6573.616     6648.870
245  TPM3+G4       3272.629     14  6573.257     6573.518     6648.771
246  TPM3+I+G4     3272.495     15  6574.990     6575.288     6655.899
247  TPM3+R2       3278.600     15  6587.201     6587.499     6668.109
266  TPM2u+F+I     3203.228     17  6440.457     6440.837     6532.152
267  TPM2u+F+G4    3203.195     17  6440.391     6440.771     6532.087
268  TPM2u+F+I+G4  3202.884     18  6441.768     6442.194     6538.858
269  TPM2u+F+R2    3204.070     18  6444.140     6444.566     6541.230
288  TPM2+I        3271.046     14  6570.092     6570.353     6645.607
289  TPM2+G4       3270.991     14  6569.982     6570.243     6645.496
290  TPM2+I+G4     3270.823     15  6571.647     6571.945     6652.555
291  TPM2+R2       3277.041     15  6584.081     6584.380     6664.990
310  K3Pu+F+I      3203.523     17  6441.045     6441.426     6532.741
311  K3Pu+F+G4     3203.492     17  6440.984     6441.365     6532.680
312  K3Pu+F+I+G4   3203.215     18  6442.431     6442.857     6539.521
313  K3Pu+F+R2     3204.518     18  6445.036     6445.461     6542.126
332  K3P+I         3272.130     14  6572.260     6572.520     6647.774
333  K3P+G4        3272.090     14  6572.180     6572.441     6647.694
334  K3P+I+G4      3271.984     15  6573.968     6574.266     6654.876
335  K3P+R2        3278.111     15  6586.221     6586.519     6667.129
354  TN+F+I        3199.237     17  6432.473     6432.854     6524.169
355  TN+F+G4       3199.144     17  6432.288     6432.668     6523.983
356  TN+F+I+G4     3198.745     18  6433.490     6433.915     6530.579
357  TN+F+R2       3199.916     18  6435.832     6436.258     6532.922
376  TNe+I         3269.522     14  6567.044     6567.305     6642.558
377  TNe+G4        3269.444     14  6566.887     6567.148     6642.402
378  TNe+I+G4      3269.271     15  6568.543     6568.841     6649.451
379  TNe+R2        3275.348     15  6580.695     6580.993     6661.603
398  HKY+F+I       3203.640     16  6439.279     6439.617     6525.581
399  HKY+F+G4      3203.610     16  6439.219     6439.557     6525.521
400  HKY+F+I+G4    3203.310     17  6440.619     6441.000     6532.315
401  HKY+F+R2      3204.579     17  6443.158     6443.538     6534.854
420  K2P+I         3272.697     13  6571.395     6571.621     6641.515
421  K2P+G4        3272.647     13  6571.293     6571.519     6641.414
422  K2P+I+G4      3272.511     14  6573.022     6573.282     6648.536
423  K2P+R2        3278.716     14  6585.431     6585.692     6660.946
442  F81+F+I       3295.720     15  6621.440     6621.739     6702.349
443  F81+F+G4      3295.665     15  6621.330     6621.628     6702.238
444  F81+F+I+G4    3295.628     16  6623.257     6623.595     6709.559
445  F81+F+R2      3299.739     16  6631.479     6631.817     6717.781
464  JC+I          3355.911     12  6735.823     6736.016     6800.549
465  JC+G4         3355.888     12  6735.776     6735.969     6800.502
466  JC+I+G4       3355.882     13  6737.764     6737.990     6807.885
467  JC+R2         3359.687     13  6745.375     6745.601     6815.495
Akaike Information Criterion:           TN+F+G4
Corrected Akaike Information Criterion: TN+F+G4
Bayesian Information Criterion:         TN+F+G4
Best-fit model: TN+F+G4 chosen according to BIC

All model information printed to per_gene_alignments_codon/LOC101402823_.aln.model.gz
CPU time for ModelFinder: 1.510 seconds (0h:0m:1s)
Wall-clock time for ModelFinder: 3.002 seconds (0h:0m:3s)
Generating 1000 samples for ultrafast bootstrap (seed: 626416)...

NOTE: 0 MB RAM (0 GB) is required!
Estimate model parameters (epsilon = 0.100)
1. Initial log-likelihood: -3199.144
Optimal log-likelihood: -3199.144
Rate parameters:  A-C: 1.00000  A-G: 6.96032  A-T: 1.00000  C-G: 1.00000  C-T: 12.80213  G-T: 1.00000
Base frequencies:  A: 0.194  C: 0.319  G: 0.316  T: 0.171
Gamma shape alpha: 0.119
Parameters optimization took 1 rounds (0.001 sec)
Wrote distance file to... 
Computing ML distances based on estimated model parameters...
Calculating distance matrix: done in 0.00851488 secs using 5.919% CPU
Computing ML distances took 0.008581 sec (of wall-clock time) 0.000578 sec (of CPU time)
Setting up auxiliary I and S matrices: done in 4.50611e-05 secs using 195.3% CPU
Computing RapidNJ tree took 0.000131 sec (of wall-clock time) 0.000256 sec (of CPU time)
Log-likelihood of RapidNJ tree: -3199.145
--------------------------------------------------------------------
|             INITIALIZING CANDIDATE TREE SET                      |
--------------------------------------------------------------------
Generating 99 parsimony trees... 0.057 second
Computing log-likelihood of 39 initial trees ... 0.033 seconds
Current best score: -3199.144

Do NNI search on 20 best initial trees
Estimate model parameters (epsilon = 0.100)
BETTER TREE FOUND at iteration 1: -3199.144
Iteration 10 / LogL: -3199.401 / Time: 0h:0m:3s
Iteration 20 / LogL: -3199.147 / Time: 0h:0m:3s
Finish initializing candidate tree set (1)
Current best tree score: -3199.144 / CPU time: 0.280
Number of iterations: 20
--------------------------------------------------------------------
|               OPTIMIZING CANDIDATE TREE SET                      |
--------------------------------------------------------------------
UPDATE BEST LOG-LIKELIHOOD: -3199.144
Iteration 30 / LogL: -3199.148 / Time: 0h:0m:3s (0h:0m:1s left)
Iteration 40 / LogL: -3199.145 / Time: 0h:0m:3s (0h:0m:1s left)
Iteration 50 / LogL: -3199.147 / Time: 0h:0m:4s (0h:0m:0s left)
Log-likelihood cutoff on original alignment: -3231.239
Iteration 60 / LogL: -3199.408 / Time: 0h:0m:4s (0h:0m:0s left)
Iteration 70 / LogL: -3199.392 / Time: 0h:0m:4s (0h:0m:0s left)
Iteration 80 / LogL: -3199.147 / Time: 0h:0m:4s (0h:0m:0s left)
Iteration 90 / LogL: -3199.144 / Time: 0h:0m:4s (0h:0m:0s left)
Iteration 100 / LogL: -3199.145 / Time: 0h:0m:5s (0h:0m:0s left)
Log-likelihood cutoff on original alignment: -3232.077
NOTE: Bootstrap correlation coefficient of split occurrence frequencies: 0.997
TREE SEARCH COMPLETED AFTER 102 ITERATIONS / Time: 0h:0m:5s

--------------------------------------------------------------------
|                    FINALIZING TREE SEARCH                        |
--------------------------------------------------------------------
Performs final model parameters optimization
Estimate model parameters (epsilon = 0.010)
1. Initial log-likelihood: -3199.144
Optimal log-likelihood: -3199.144
Rate parameters:  A-C: 1.00000  A-G: 6.95613  A-T: 1.00000  C-G: 1.00000  C-T: 12.79892  G-T: 1.00000
Base frequencies:  A: 0.194  C: 0.319  G: 0.316  T: 0.171
Gamma shape alpha: 0.119
Parameters optimization took 1 rounds (0.001 sec)
BEST SCORE FOUND : -3199.144
Creating bootstrap support values...
Split supports printed to NEXUS file per_gene_alignments_codon/LOC101402823_.aln.splits.nex
Total tree length: 0.138

Total number of iterations: 102
CPU time used for tree search: 1.104 sec (0h:0m:1s)
Wall-clock time used for tree search: 2.153 sec (0h:0m:2s)
Total CPU time used: 2.671 sec (0h:0m:2s)
Total wall-clock time used: 5.293 sec (0h:0m:5s)

Computing bootstrap consensus tree...
Reading input file per_gene_alignments_codon/LOC101402823_.aln.splits.nex...
7 taxa and 15 splits.
Consensus tree written to per_gene_alignments_codon/LOC101402823_.aln.contree
Reading input trees file per_gene_alignments_codon/LOC101402823_.aln.contree
Log-likelihood of consensus tree: -3199.146

Analysis results written to: 
  IQ-TREE report:                per_gene_alignments_codon/LOC101402823_.aln.iqtree
  Maximum-likelihood tree:       per_gene_alignments_codon/LOC101402823_.aln.treefile
  Likelihood distances:          per_gene_alignments_codon/LOC101402823_.aln.mldist

Ultrafast bootstrap approximation results written to:
  Split support values:          per_gene_alignments_codon/LOC101402823_.aln.splits.nex
  Consensus tree:                per_gene_alignments_codon/LOC101402823_.aln.contree
  Screen log file:               per_gene_alignments_codon/LOC101402823_.aln.log

Date and Time: Thu Oct 30 21:35:50 2025
