IQ-TREE multicore version 2.3.3 COVID-edition for Linux x86 64-bit built Apr 25 2024
Developed by Bui Quang Minh, James Barbetti, Nguyen Lam Tung, Olga Chernomor,
Heiko Schmidt, Dominik Schrempf, Michael Woodhams, Ly Trong Nhan, Thomas Wong

Host:    morpheus-OptiPlex-5050 (AVX2, FMA3, 503 GB RAM)
Command: iqtree2 -s per_gene_alignments_codon/LOC101398682_.aln.fna -m MFP -T 1 -B 1000 --prefix per_gene_alignments_codon/LOC101398682_.aln
Seed:    311064 (Using SPRNG - Scalable Parallel Random Number Generator)
Time:    Thu Oct 30 21:32:52 2025
Kernel:  AVX+FMA - 1 threads (72 CPU cores detected)

HINT: Use -nt option to specify number of threads because your CPU has 72 cores!
HINT: -nt AUTO will automatically determine the best number of threads to use.

Reading alignment file per_gene_alignments_codon/LOC101398682_.aln.fna ... Fasta format detected
Reading fasta file: done in 0.00052309 secs using 49.7% CPU
Alignment most likely contains DNA/RNA sequences
Alignment has 7 sequences with 1836 columns, 143 distinct patterns
128 parsimony-informative, 255 singleton sites, 1453 constant sites
                     Gap/Ambiguity  Composition  p-value
Analyzing sequences: done in 2.21729e-05 secs using 94.71% CPU
   1  Ceratotherium_simum    3.43%    passed     98.30%
   2  Diceros_bicornis       0.00%    passed     92.33%
   3  Equus_asinus           0.00%    passed     97.87%
   4  Equus_quagga           0.00%    passed     96.21%
   5  Equus_caballus         0.00%    passed     97.67%
   6  Canis_lupus            4.25%    passed     79.09%
   7  Bos_taurus             0.00%    passed     81.93%
****  TOTAL                  1.10%  0 sequences failed composition chi2 test (p-value<5%; df=3)


Create initial parsimony tree by phylogenetic likelihood library (PLL)... 0.000 seconds
Perform fast likelihood tree search using GTR+I+G model...
Estimate model parameters (epsilon = 5.000)
Perform nearest neighbor interchange...
Estimate model parameters (epsilon = 1.000)
1. Initial log-likelihood: -4674.044
Optimal log-likelihood: -4674.030
Rate parameters:  A-C: 1.41543  A-G: 3.22483  A-T: 0.57781  C-G: 1.50734  C-T: 5.75858  G-T: 1.00000
Base frequencies:  A: 0.383  C: 0.164  G: 0.220  T: 0.233
Proportion of invariable sites: 0.391
Gamma shape alpha: 1.043
Parameters optimization took 1 rounds (0.028 sec)
Time for fast ML tree search: 0.068 seconds

NOTE: ModelFinder requires 0 MB RAM!
ModelFinder will test up to 484 DNA models (sample size: 1836) ...
 No. Model         -LnL         df  AIC          AICc         BIC
  1  GTR+F         4711.660     19  9461.319     9461.738     9566.111
  2  GTR+F+I       4678.466     20  9396.932     9397.395     9507.239
  3  GTR+F+G4      4674.955     20  9389.910     9390.373     9500.217
  4  GTR+F+I+G4    4674.035     21  9390.071     9390.580     9505.893
  5  GTR+F+R2      4677.557     21  9397.115     9397.624     9512.937
  6  GTR+F+R3      4660.441     23  9366.882     9367.491     9493.735
  7  GTR+F+R4      4660.004     25  9370.008     9370.726     9507.891
 14  GTR+F+I+R2    4675.868     22  9395.736     9396.295     9517.074
 15  GTR+F+I+R3    4660.447     24  9368.894     9369.556     9501.262
 16  GTR+F+I+R4    4660.000     26  9371.999     9372.775     9515.398
 25  SYM+G4        4777.592     17  9589.183     9589.520     9682.944
 28  SYM+R3        4760.004     20  9560.007     9560.470     9670.314
 37  SYM+I+R3      4760.337     21  9562.674     9563.183     9678.496
 47  TVM+F+G4      4682.183     19  9402.367     9402.785     9507.158
 50  TVM+F+R3      4668.441     22  9380.882     9381.440     9502.220
 59  TVM+F+I+R3    4668.567     23  9383.133     9383.742     9509.986
 69  TVMe+G4       4778.112     16  9588.223     9588.522     9676.469
 72  TVMe+R3       4760.678     19  9559.355     9559.774     9664.147
 81  TVMe+I+R3     4760.811     20  9561.622     9562.085     9671.929
 91  TIM3+F+G4     4676.224     18  9388.447     9388.824     9487.723
 94  TIM3+F+R3     4661.198     21  9364.396     9364.905     9480.218
103  TIM3+F+I+R3   4661.330     22  9366.661     9367.219     9487.998
113  TIM3e+G4      4777.950     15  9585.901     9586.165     9668.631
116  TIM3e+R3      4760.811     18  9557.621     9557.998     9656.897
125  TIM3e+I+R3    4761.079     19  9560.158     9560.577     9664.950
135  TIM2+F+G4     4681.254     18  9398.509     9398.885     9497.785
138  TIM2+F+R3     4668.285     21  9378.570     9379.079     9494.392
147  TIM2+F+I+R3   4668.533     22  9381.065     9381.623     9502.403
157  TIM2e+G4      4779.454     15  9588.908     9589.171     9671.638
160  TIM2e+R3      4762.935     18  9561.870     9562.247     9661.146
169  TIM2e+I+R3    4763.242     19  9564.484     9564.902     9669.275
179  TIM+F+G4      4680.339     18  9396.678     9397.055     9495.954
182  TIM+F+R3      4666.491     21  9374.982     9375.492     9490.805
191  TIM+F+I+R3    4666.689     22  9377.377     9377.935     9498.715
201  TIMe+G4       4779.026     15  9588.053     9588.316     9670.783
204  TIMe+R3       4762.400     18  9560.799     9561.176     9660.076
213  TIMe+I+R3     4762.700     19  9563.400     9563.819     9668.192
223  TPM3u+F+G4    4683.635     17  9401.270     9401.607     9495.031
226  TPM3u+F+R3    4669.375     20  9378.749     9379.212     9489.056
235  TPM3u+F+I+R3  4669.546     21  9381.092     9381.601     9496.914
245  TPM3+G4       4778.473     14  9584.945     9585.176     9662.160
248  TPM3+R3       4761.455     17  9556.911     9557.248     9650.672
257  TPM3+I+R3     4761.634     18  9559.267     9559.644     9658.544
267  TPM2u+F+G4    4688.262     17  9410.524     9410.861     9504.285
270  TPM2u+F+R3    4676.112     20  9392.225     9392.688     9502.532
279  TPM2u+F+I+R3  4676.282     21  9394.564     9395.073     9510.386
289  TPM2+G4       4779.986     14  9587.973     9588.204     9665.188
292  TPM2+R3       4763.559     17  9561.117     9561.454     9654.878
301  TPM2+I+R3     4763.740     18  9563.480     9563.857     9662.757
311  K3Pu+F+G4     4687.512     17  9409.024     9409.360     9502.785
314  K3Pu+F+R3     4674.359     20  9388.719     9389.181     9499.025
323  K3Pu+F+I+R3   4674.542     21  9391.084     9391.593     9506.906
333  K3P+G4        4779.559     14  9587.118     9587.348     9664.332
336  K3P+R3        4763.022     17  9560.045     9560.381     9653.806
345  K3P+I+R3      4763.294     18  9562.587     9562.964     9661.863
355  TN+F+G4       4682.043     17  9398.086     9398.423     9491.847
358  TN+F+R3       4668.628     20  9377.255     9377.718     9487.562
367  TN+F+I+R3     4668.846     21  9379.691     9380.200     9495.513
377  TNe+G4        4779.568     14  9587.137     9587.368     9664.352
380  TNe+R3        4763.374     17  9560.747     9561.084     9654.508
389  TNe+I+R3      4763.734     18  9563.468     9563.845     9662.745
399  HKY+F+G4      4689.242     16  9410.485     9410.784     9498.730
402  HKY+F+R3      4676.511     19  9391.021     9391.440     9495.813
411  HKY+F+I+R3    4676.695     20  9393.390     9393.853     9503.697
421  K2P+G4        4780.105     13  9586.209     9586.409     9657.909
424  K2P+R3        4763.999     16  9559.998     9560.297     9648.244
433  K2P+I+R3      4764.310     17  9562.620     9562.957     9656.381
443  F81+F+G4      4770.822     15  9571.644     9571.907     9654.374
446  F81+F+R3      4759.077     18  9554.154     9554.531     9653.431
455  F81+F+I+R3    4759.084     19  9556.167     9556.586     9660.959
465  JC+G4         4861.586     12  9747.171     9747.342     9813.355
468  JC+R3         4848.510     15  9727.020     9727.284     9809.750
477  JC+I+R3       4848.551     16  9729.102     9729.401     9817.348
Akaike Information Criterion:           TIM3+F+R3
Corrected Akaike Information Criterion: TIM3+F+R3
Bayesian Information Criterion:         TIM3+F+R3
Best-fit model: TIM3+F+R3 chosen according to BIC

All model information printed to per_gene_alignments_codon/LOC101398682_.aln.model.gz
CPU time for ModelFinder: 4.912 seconds (0h:0m:4s)
Wall-clock time for ModelFinder: 6.773 seconds (0h:0m:6s)
Generating 1000 samples for ultrafast bootstrap (seed: 311064)...

NOTE: 0 MB RAM (0 GB) is required!
Estimate model parameters (epsilon = 0.100)
1. Initial log-likelihood: -4661.198
Optimal log-likelihood: -4661.159
Rate parameters:  A-C: 2.20344  A-G: 4.76833  A-T: 1.00000  C-G: 2.20344  C-T: 8.63023  G-T: 1.00000
Base frequencies:  A: 0.383  C: 0.164  G: 0.220  T: 0.233
Site proportion and rates:  (0.518,0.106) (0.467,1.161) (0.016,25.527)
Parameters optimization took 1 rounds (0.004 sec)
Wrote distance file to... 
Computing ML distances based on estimated model parameters...
Calculating distance matrix: done in 0.000402927 secs using 99.77% CPU
Computing ML distances took 0.000469 sec (of wall-clock time) 0.000475 sec (of CPU time)
Setting up auxiliary I and S matrices: done in 4.22001e-05 secs using 199.1% CPU
Computing RapidNJ tree took 0.000129 sec (of wall-clock time) 0.000262 sec (of CPU time)
Log-likelihood of RapidNJ tree: -4661.159
--------------------------------------------------------------------
|             INITIALIZING CANDIDATE TREE SET                      |
--------------------------------------------------------------------
Generating 99 parsimony trees... 0.053 second
Computing log-likelihood of 41 initial trees ... 0.021 seconds
Current best score: -4661.159

Do NNI search on 20 best initial trees
Estimate model parameters (epsilon = 0.100)
BETTER TREE FOUND at iteration 1: -4661.121
Iteration 10 / LogL: -4661.128 / Time: 0h:0m:6s
Iteration 20 / LogL: -4661.126 / Time: 0h:0m:7s
Finish initializing candidate tree set (1)
Current best tree score: -4661.121 / CPU time: 0.174
Number of iterations: 20
--------------------------------------------------------------------
|               OPTIMIZING CANDIDATE TREE SET                      |
--------------------------------------------------------------------
UPDATE BEST LOG-LIKELIHOOD: -4661.120
UPDATE BEST LOG-LIKELIHOOD: -4661.120
Iteration 30 / LogL: -4661.120 / Time: 0h:0m:7s (0h:0m:0s left)
Iteration 40 / LogL: -4661.214 / Time: 0h:0m:7s (0h:0m:0s left)
Iteration 50 / LogL: -4661.136 / Time: 0h:0m:7s (0h:0m:0s left)
Log-likelihood cutoff on original alignment: -4674.658
UPDATE BEST LOG-LIKELIHOOD: -4661.120
Iteration 60 / LogL: -4661.122 / Time: 0h:0m:7s (0h:0m:0s left)
Iteration 70 / LogL: -4661.205 / Time: 0h:0m:7s (0h:0m:0s left)
Iteration 80 / LogL: -4661.215 / Time: 0h:0m:7s (0h:0m:0s left)
Iteration 90 / LogL: -4661.236 / Time: 0h:0m:7s (0h:0m:0s left)
Iteration 100 / LogL: -4661.314 / Time: 0h:0m:7s (0h:0m:0s left)
Log-likelihood cutoff on original alignment: -4674.658
NOTE: Bootstrap correlation coefficient of split occurrence frequencies: 1.000
TREE SEARCH COMPLETED AFTER 102 ITERATIONS / Time: 0h:0m:7s

--------------------------------------------------------------------
|                    FINALIZING TREE SEARCH                        |
--------------------------------------------------------------------
Performs final model parameters optimization
Estimate model parameters (epsilon = 0.010)
1. Initial log-likelihood: -4661.120
2. Current log-likelihood: -4661.098
3. Current log-likelihood: -4661.075
4. Current log-likelihood: -4661.054
5. Current log-likelihood: -4661.036
6. Current log-likelihood: -4661.019
7. Current log-likelihood: -4661.004
8. Current log-likelihood: -4660.988
9. Current log-likelihood: -4660.975
10. Current log-likelihood: -4660.962
11. Current log-likelihood: -4660.948
12. Current log-likelihood: -4660.935
13. Current log-likelihood: -4660.923
14. Current log-likelihood: -4660.911
15. Current log-likelihood: -4660.899
16. Current log-likelihood: -4660.888
17. Current log-likelihood: -4660.877
18. Current log-likelihood: -4660.866
19. Current log-likelihood: -4660.856
20. Current log-likelihood: -4660.846
Optimal log-likelihood: -4660.831
Rate parameters:  A-C: 2.26412  A-G: 4.88943  A-T: 1.00000  C-G: 2.26412  C-T: 8.89905  G-T: 1.00000
Base frequencies:  A: 0.383  C: 0.164  G: 0.220  T: 0.233
Site proportion and rates:  (0.527,0.080) (0.458,1.211) (0.014,28.422)
Parameters optimization took 20 rounds (0.135 sec)
BEST SCORE FOUND : -4660.831
Creating bootstrap support values...
Split supports printed to NEXUS file per_gene_alignments_codon/LOC101398682_.aln.splits.nex
Total tree length: 0.442

Total number of iterations: 102
CPU time used for tree search: 1.165 sec (0h:0m:1s)
Wall-clock time used for tree search: 1.129 sec (0h:0m:1s)
Total CPU time used: 6.222 sec (0h:0m:6s)
Total wall-clock time used: 8.177 sec (0h:0m:8s)

Computing bootstrap consensus tree...
Reading input file per_gene_alignments_codon/LOC101398682_.aln.splits.nex...
7 taxa and 15 splits.
Consensus tree written to per_gene_alignments_codon/LOC101398682_.aln.contree
Reading input trees file per_gene_alignments_codon/LOC101398682_.aln.contree
Log-likelihood of consensus tree: -4660.831

Analysis results written to: 
  IQ-TREE report:                per_gene_alignments_codon/LOC101398682_.aln.iqtree
  Maximum-likelihood tree:       per_gene_alignments_codon/LOC101398682_.aln.treefile
  Likelihood distances:          per_gene_alignments_codon/LOC101398682_.aln.mldist

Ultrafast bootstrap approximation results written to:
  Split support values:          per_gene_alignments_codon/LOC101398682_.aln.splits.nex
  Consensus tree:                per_gene_alignments_codon/LOC101398682_.aln.contree
  Screen log file:               per_gene_alignments_codon/LOC101398682_.aln.log

Date and Time: Thu Oct 30 21:33:00 2025
