IQ-TREE multicore version 2.3.3 COVID-edition for Linux x86 64-bit built Apr 25 2024
Developed by Bui Quang Minh, James Barbetti, Nguyen Lam Tung, Olga Chernomor,
Heiko Schmidt, Dominik Schrempf, Michael Woodhams, Ly Trong Nhan, Thomas Wong

Host:    morpheus-OptiPlex-5050 (AVX2, FMA3, 503 GB RAM)
Command: iqtree2 -s per_gene_alignments_codon/LOC101405894_.aln.fna -m MFP -T 1 -B 1000 --prefix per_gene_alignments_codon/LOC101405894_.aln
Seed:    366028 (Using SPRNG - Scalable Parallel Random Number Generator)
Time:    Thu Oct 30 21:37:50 2025
Kernel:  AVX+FMA - 1 threads (72 CPU cores detected)

HINT: Use -nt option to specify number of threads because your CPU has 72 cores!
HINT: -nt AUTO will automatically determine the best number of threads to use.

Reading alignment file per_gene_alignments_codon/LOC101405894_.aln.fna ... Fasta format detected
Reading fasta file: done in 0.00022316 secs using 25.09% CPU
Alignment most likely contains DNA/RNA sequences
Alignment has 7 sequences with 588 columns, 47 distinct patterns
49 parsimony-informative, 38 singleton sites, 501 constant sites
                     Gap/Ambiguity  Composition  p-value
Analyzing sequences: done in 1.38283e-05 secs using 28.93% CPU
   1  Ceratotherium_simum    0.00%    passed     94.49%
   2  Diceros_bicornis       0.00%    passed     92.71%
   3  Equus_asinus           0.00%    passed     98.40%
   4  Equus_quagga           0.00%    passed     98.40%
   5  Equus_caballus         0.00%    passed     99.55%
   6  Canis_lupus            0.00%    passed     71.14%
   7  Bos_taurus             0.00%    passed     97.45%
****  TOTAL                  0.00%  0 sequences failed composition chi2 test (p-value<5%; df=3)
NOTE: Equus_quagga is identical to Equus_asinus but kept for subsequent analysis


Create initial parsimony tree by phylogenetic likelihood library (PLL)... 0.000 seconds
Perform fast likelihood tree search using GTR+I+G model...
Estimate model parameters (epsilon = 5.000)
Perform nearest neighbor interchange...
Estimate model parameters (epsilon = 1.000)
1. Initial log-likelihood: -1290.525
Optimal log-likelihood: -1290.513
Rate parameters:  A-C: 0.75197  A-G: 4.14612  A-T: 0.00010  C-G: 0.45526  C-T: 10.74870  G-T: 1.00000
Warning! Some parameters hit the boundaries
Base frequencies:  A: 0.244  C: 0.263  G: 0.345  T: 0.148
Proportion of invariable sites: 0.419
Gamma shape alpha: 0.453
Parameters optimization took 1 rounds (0.019 sec)
Time for fast ML tree search: 0.112 seconds

NOTE: ModelFinder requires 0 MB RAM!
ModelFinder will test up to 484 DNA models (sample size: 588) ...
 No. Model         -LnL         df  AIC          AICc         BIC
  1  GTR+F         1301.958     19  2641.916     2643.254     2725.073
  2  GTR+F+I       1290.438     20  2620.875     2622.356     2708.410
  3  GTR+F+G4      1290.440     20  2620.880     2622.361     2708.414
  4  GTR+F+I+G4    1290.531     21  2623.062     2624.695     2714.973
  5  GTR+F+R2      1291.565     21  2625.131     2626.763     2717.042
  6  GTR+F+R3      1290.954     23  2627.908     2629.866     2728.573
 14  GTR+F+I+R2    1290.760     22  2625.520     2627.311     2721.808
 15  GTR+F+I+R3    1290.563     24  2629.126     2631.257     2734.168
 24  SYM+I         1315.001     17  2664.001     2665.075     2738.406
 25  SYM+G4        1315.023     17  2664.047     2665.120     2738.451
 26  SYM+I+G4      1315.135     18  2666.270     2667.472     2745.051
 27  SYM+R2        1316.358     18  2668.715     2669.917     2747.496
 46  TVM+F+I       1294.692     19  2627.384     2628.722     2710.542
 47  TVM+F+G4      1294.685     19  2627.370     2628.708     2710.527
 48  TVM+F+I+G4    1294.935     20  2629.869     2631.351     2717.404
 49  TVM+F+R2      1296.032     20  2632.064     2633.546     2719.599
 68  TVMe+I        1316.296     16  2664.593     2665.546     2734.621
 69  TVMe+G4       1316.335     16  2664.671     2665.624     2734.699
 70  TVMe+I+G4     1316.417     17  2666.834     2667.908     2741.238
 71  TVMe+R2       1317.605     17  2669.210     2670.283     2743.614
 90  TIM3+F+I      1292.651     18  2621.303     2622.505     2700.084
 91  TIM3+F+G4     1292.680     18  2621.360     2622.562     2700.141
 92  TIM3+F+I+G4   1292.826     19  2623.651     2624.989     2706.809
 93  TIM3+F+R2     1293.951     19  2625.902     2627.240     2709.060
112  TIM3e+I       1317.474     15  2664.949     2665.788     2730.600
113  TIM3e+G4      1317.520     15  2665.039     2665.878     2730.690
114  TIM3e+I+G4    1317.659     16  2667.318     2668.271     2737.346
115  TIM3e+R2      1318.748     16  2669.496     2670.449     2739.524
134  TIM2+F+I      1292.317     18  2620.633     2621.836     2699.415
135  TIM2+F+G4     1292.341     18  2620.681     2621.883     2699.462
136  TIM2+F+I+G4   1292.509     19  2623.017     2624.355     2706.175
137  TIM2+F+R2     1293.731     19  2625.462     2626.800     2708.620
156  TIM2e+I       1317.177     15  2664.353     2665.193     2730.004
157  TIM2e+G4      1317.239     15  2664.478     2665.318     2730.129
158  TIM2e+I+G4    1317.392     16  2666.784     2667.737     2736.812
159  TIM2e+R2      1318.645     16  2669.290     2670.243     2739.318
178  TIM+F+I       1291.777     18  2619.554     2620.756     2698.335
179  TIM+F+G4      1291.774     18  2619.547     2620.749     2698.328
180  TIM+F+I+G4    1291.790     19  2621.581     2622.919     2704.739
181  TIM+F+R2      1292.793     19  2623.586     2624.924     2706.744
200  TIMe+I        1317.335     15  2664.670     2665.509     2730.321
201  TIMe+G4       1317.362     15  2664.723     2665.562     2730.374
202  TIMe+I+G4     1317.433     16  2666.867     2667.820     2736.895
203  TIMe+R2       1318.540     16  2669.080     2670.033     2739.108
222  TPM3u+F+I     1296.840     17  2627.681     2628.755     2702.085
223  TPM3u+F+G4    1296.852     17  2627.705     2628.778     2702.109
224  TPM3u+F+I+G4  1297.189     18  2630.378     2631.581     2709.160
225  TPM3u+F+R2    1298.391     18  2632.782     2633.984     2711.563
244  TPM3+I        1318.850     14  2665.701     2666.434     2726.975
245  TPM3+G4       1318.894     14  2665.787     2666.520     2727.061
246  TPM3+I+G4     1319.015     15  2668.029     2668.869     2733.680
247  TPM3+R2       1320.117     15  2670.234     2671.073     2735.885
266  TPM2u+F+I     1296.543     17  2627.086     2628.160     2701.490
267  TPM2u+F+G4    1296.552     17  2627.104     2628.177     2701.508
268  TPM2u+F+I+G4  1296.907     18  2629.813     2631.015     2708.594
269  TPM2u+F+R2    1298.128     18  2632.256     2633.458     2711.037
288  TPM2+I        1318.510     14  2665.020     2665.753     2726.294
289  TPM2+G4       1318.563     14  2665.127     2665.860     2726.401
290  TPM2+I+G4     1318.694     15  2667.389     2668.228     2733.039
291  TPM2+R2       1319.873     15  2669.746     2670.585     2735.396
310  K3Pu+F+I      1295.851     17  2625.702     2626.776     2700.106
311  K3Pu+F+G4     1295.869     17  2625.737     2626.811     2700.141
312  K3Pu+F+I+G4   1296.025     18  2628.051     2629.253     2706.832
313  K3Pu+F+R2     1297.124     18  2630.248     2631.450     2709.029
332  K3P+I         1318.669     14  2665.338     2666.070     2726.612
333  K3P+G4        1318.694     14  2665.387     2666.120     2726.661
334  K3P+I+G4      1318.757     15  2667.513     2668.353     2733.164
335  K3P+R2        1319.876     15  2669.752     2670.591     2735.403
354  TN+F+I        1292.649     17  2619.297     2620.371     2693.702
355  TN+F+G4       1292.666     17  2619.333     2620.406     2693.737
356  TN+F+I+G4     1292.821     18  2621.642     2622.845     2700.424
357  TN+F+R2       1293.950     18  2623.899     2625.101     2702.680
376  TNe+I         1317.860     14  2663.719     2664.452     2724.993
377  TNe+G4        1317.914     14  2663.828     2664.561     2725.102
378  TNe+I+G4      1318.063     15  2666.125     2666.964     2731.776
379  TNe+R2        1319.254     15  2668.507     2669.347     2734.158
398  HKY+F+I       1296.839     16  2625.679     2626.632     2695.706
399  HKY+F+G4      1296.853     16  2625.705     2626.658     2695.733
400  HKY+F+I+G4    1297.185     17  2628.371     2629.444     2702.775
401  HKY+F+R2      1298.391     17  2630.781     2631.855     2705.186
420  K2P+I         1319.210     13  2664.420     2665.055     2721.318
421  K2P+G4        1319.261     13  2664.521     2665.156     2721.419
422  K2P+I+G4      1319.393     14  2666.785     2667.518     2728.060
423  K2P+R2        1320.505     14  2669.011     2669.744     2730.285
442  F81+F+I       1348.543     15  2727.086     2727.925     2792.736
443  F81+F+G4      1348.701     15  2727.403     2728.242     2793.054
444  F81+F+I+G4    1348.789     16  2729.579     2730.531     2799.606
445  F81+F+R2      1351.002     16  2734.004     2734.957     2804.032
464  JC+I          1368.481     12  2760.961     2761.504     2813.482
465  JC+G4         1368.629     12  2761.258     2761.801     2813.779
466  JC+I+G4       1368.698     13  2763.396     2764.030     2820.294
467  JC+R2         1370.731     13  2767.462     2768.096     2824.359
Akaike Information Criterion:           TN+F+I
Corrected Akaike Information Criterion: TN+F+I
Bayesian Information Criterion:         TN+F+I
Best-fit model: TN+F+I chosen according to BIC

All model information printed to per_gene_alignments_codon/LOC101405894_.aln.model.gz
CPU time for ModelFinder: 1.426 seconds (0h:0m:1s)
Wall-clock time for ModelFinder: 3.133 seconds (0h:0m:3s)
Generating 1000 samples for ultrafast bootstrap (seed: 366028)...

NOTE: 0 MB RAM (0 GB) is required!
Estimate model parameters (epsilon = 0.100)
1. Initial log-likelihood: -1292.649
Optimal log-likelihood: -1292.648
Rate parameters:  A-C: 1.00000  A-G: 7.12324  A-T: 1.00000  C-G: 1.00000  C-T: 18.24064  G-T: 1.00000
Base frequencies:  A: 0.244  C: 0.263  G: 0.345  T: 0.148
Proportion of invariable sites: 0.729
Parameters optimization took 1 rounds (0.001 sec)
Wrote distance file to... 
Computing ML distances based on estimated model parameters...
Calculating distance matrix: done in 0.000164986 secs using 98.19% CPU
Computing ML distances took 0.000207 sec (of wall-clock time) 0.000209 sec (of CPU time)
Setting up auxiliary I and S matrices: done in 4.19617e-05 secs using 95.33% CPU
Computing RapidNJ tree took 0.000127 sec (of wall-clock time) 0.000125 sec (of CPU time)
Log-likelihood of RapidNJ tree: -1292.651
--------------------------------------------------------------------
|             INITIALIZING CANDIDATE TREE SET                      |
--------------------------------------------------------------------
Generating 98 parsimony trees... 0.059 second
Computing log-likelihood of 45 initial trees ... 0.011 seconds
Current best score: -1292.648

Do NNI search on 20 best initial trees
Estimate model parameters (epsilon = 0.100)
BETTER TREE FOUND at iteration 1: -1292.648
UPDATE BEST LOG-LIKELIHOOD: -1292.648
UPDATE BEST LOG-LIKELIHOOD: -1292.648
UPDATE BEST LOG-LIKELIHOOD: -1292.648
Iteration 10 / LogL: -1292.648 / Time: 0h:0m:3s
UPDATE BEST LOG-LIKELIHOOD: -1292.648
Iteration 20 / LogL: -1292.648 / Time: 0h:0m:3s
Finish initializing candidate tree set (3)
Current best tree score: -1292.648 / CPU time: 0.137
Number of iterations: 20
--------------------------------------------------------------------
|               OPTIMIZING CANDIDATE TREE SET                      |
--------------------------------------------------------------------
UPDATE BEST LOG-LIKELIHOOD: -1292.648
Iteration 30 / LogL: -1292.648 / Time: 0h:0m:3s (0h:0m:0s left)
UPDATE BEST LOG-LIKELIHOOD: -1292.648
Iteration 40 / LogL: -1299.146 / Time: 0h:0m:3s (0h:0m:0s left)
Iteration 50 / LogL: -1292.648 / Time: 0h:0m:3s (0h:0m:0s left)
Log-likelihood cutoff on original alignment: -1310.781
Iteration 60 / LogL: -1292.648 / Time: 0h:0m:3s (0h:0m:0s left)
Iteration 70 / LogL: -1292.648 / Time: 0h:0m:3s (0h:0m:0s left)
Iteration 80 / LogL: -1292.648 / Time: 0h:0m:3s (0h:0m:0s left)
Iteration 90 / LogL: -1292.649 / Time: 0h:0m:3s (0h:0m:0s left)
Iteration 100 / LogL: -1292.648 / Time: 0h:0m:4s (0h:0m:0s left)
Log-likelihood cutoff on original alignment: -1310.581
NOTE: Bootstrap correlation coefficient of split occurrence frequencies: 1.000
TREE SEARCH COMPLETED AFTER 102 ITERATIONS / Time: 0h:0m:4s

--------------------------------------------------------------------
|                    FINALIZING TREE SEARCH                        |
--------------------------------------------------------------------
Performs final model parameters optimization
Estimate model parameters (epsilon = 0.010)
1. Initial log-likelihood: -1292.648
Optimal log-likelihood: -1292.648
Rate parameters:  A-C: 1.00000  A-G: 7.11160  A-T: 1.00000  C-G: 1.00000  C-T: 18.24844  G-T: 1.00000
Base frequencies:  A: 0.244  C: 0.263  G: 0.345  T: 0.148
Proportion of invariable sites: 0.729
Parameters optimization took 1 rounds (0.001 sec)
BEST SCORE FOUND : -1292.648
Creating bootstrap support values...
Split supports printed to NEXUS file per_gene_alignments_codon/LOC101405894_.aln.splits.nex
Total tree length: 0.242

Total number of iterations: 102
CPU time used for tree search: 0.931 sec (0h:0m:0s)
Wall-clock time used for tree search: 0.920 sec (0h:0m:0s)
Total CPU time used: 2.417 sec (0h:0m:2s)
Total wall-clock time used: 4.162 sec (0h:0m:4s)

Computing bootstrap consensus tree...
Reading input file per_gene_alignments_codon/LOC101405894_.aln.splits.nex...
7 taxa and 32 splits.
Consensus tree written to per_gene_alignments_codon/LOC101405894_.aln.contree
Reading input trees file per_gene_alignments_codon/LOC101405894_.aln.contree
Log-likelihood of consensus tree: -1292.651

Analysis results written to: 
  IQ-TREE report:                per_gene_alignments_codon/LOC101405894_.aln.iqtree
  Maximum-likelihood tree:       per_gene_alignments_codon/LOC101405894_.aln.treefile
  Likelihood distances:          per_gene_alignments_codon/LOC101405894_.aln.mldist

Ultrafast bootstrap approximation results written to:
  Split support values:          per_gene_alignments_codon/LOC101405894_.aln.splits.nex
  Consensus tree:                per_gene_alignments_codon/LOC101405894_.aln.contree
  Screen log file:               per_gene_alignments_codon/LOC101405894_.aln.log

Date and Time: Thu Oct 30 21:37:54 2025
