IQ-TREE multicore version 2.3.3 COVID-edition for Linux x86 64-bit built Apr 25 2024
Developed by Bui Quang Minh, James Barbetti, Nguyen Lam Tung, Olga Chernomor,
Heiko Schmidt, Dominik Schrempf, Michael Woodhams, Ly Trong Nhan, Thomas Wong

Host:    morpheus-OptiPlex-5050 (AVX2, FMA3, 503 GB RAM)
Command: iqtree2 -s per_gene_alignments_codon/LOC101388968_.aln.fna -m MFP -T 1 -B 1000 --prefix per_gene_alignments_codon/LOC101388968_.aln
Seed:    502216 (Using SPRNG - Scalable Parallel Random Number Generator)
Time:    Thu Oct 30 21:26:10 2025
Kernel:  AVX+FMA - 1 threads (72 CPU cores detected)

HINT: Use -nt option to specify number of threads because your CPU has 72 cores!
HINT: -nt AUTO will automatically determine the best number of threads to use.

Reading alignment file per_gene_alignments_codon/LOC101388968_.aln.fna ... Fasta format detected
Reading fasta file: done in 0.000618935 secs
Alignment most likely contains DNA/RNA sequences
Alignment has 7 sequences with 2223 columns, 97 distinct patterns
154 parsimony-informative, 146 singleton sites, 1922 constant sites
                     Gap/Ambiguity  Composition  p-value
Analyzing sequences: done in 2.21729e-05 secs
   1  Ceratotherium_simum    0.00%    passed     82.26%
   2  Diceros_bicornis       0.00%    passed     87.46%
   3  Equus_asinus           0.00%    passed     74.24%
   4  Equus_quagga           0.00%    passed     67.45%
   5  Equus_caballus         0.00%    passed     52.79%
   6  Canis_lupus            0.00%    passed     82.27%
   7  Bos_taurus             0.00%    passed     56.27%
****  TOTAL                  0.00%  0 sequences failed composition chi2 test (p-value<5%; df=3)


Create initial parsimony tree by phylogenetic likelihood library (PLL)... 0.000 seconds
Perform fast likelihood tree search using GTR+I+G model...
Estimate model parameters (epsilon = 5.000)
Perform nearest neighbor interchange...
Estimate model parameters (epsilon = 1.000)
1. Initial log-likelihood: -4953.046
Optimal log-likelihood: -4953.021
Rate parameters:  A-C: 2.13519  A-G: 6.44038  A-T: 0.79366  C-G: 2.36004  C-T: 9.06267  G-T: 1.00000
Base frequencies:  A: 0.256  C: 0.225  G: 0.246  T: 0.273
Proportion of invariable sites: 0.428
Gamma shape alpha: 0.486
Parameters optimization took 1 rounds (0.019 sec)
Time for fast ML tree search: 0.109 seconds

NOTE: ModelFinder requires 0 MB RAM!
ModelFinder will test up to 484 DNA models (sample size: 2223) ...
 No. Model         -LnL         df  AIC          AICc         BIC
  1  GTR+F         4996.886     19  10031.772    10032.117    10140.198
  2  GTR+F+I       4953.640     20  9947.281     9947.662     10061.413
  3  GTR+F+G4      4953.493     20  9946.986     9947.367     10061.118
  4  GTR+F+I+G4    4952.998     21  9947.996     9948.416     10067.835
  5  GTR+F+R2      4953.853     21  9949.706     9950.126     10069.545
  6  GTR+F+R3      4953.571     23  9953.143     9953.645     10084.395
 14  GTR+F+I+R2    4953.499     22  9950.998     9951.458     10076.544
 15  GTR+F+I+R3    4953.102     24  9954.204     9954.750     10091.163
 24  SYM+I         4959.973     17  9953.946     9954.224     10050.958
 25  SYM+G4        4959.791     17  9953.582     9953.859     10050.594
 26  SYM+I+G4      4959.225     18  9954.451     9954.761     10057.170
 27  SYM+R2        4960.195     18  9956.390     9956.700     10059.109
 46  TVM+F+I       4955.971     19  9949.941     9950.286     10058.367
 47  TVM+F+G4      4955.835     19  9949.670     9950.015     10058.095
 48  TVM+F+I+G4    4955.298     20  9950.596     9950.978     10064.728
 49  TVM+F+R2      4956.120     20  9952.239     9952.621     10066.371
 68  TVMe+I        4961.877     16  9955.755     9956.001     10047.061
 69  TVMe+G4       4961.685     16  9955.370     9955.617     10046.676
 70  TVMe+I+G4     4961.116     17  9956.232     9956.510     10053.245
 71  TVMe+R2       4962.103     17  9958.207     9958.484     10055.219
 90  TIM3+F+I      4953.802     18  9943.604     9943.915     10046.323
 91  TIM3+F+G4     4953.645     18  9943.289     9943.600     10046.008
 92  TIM3+F+I+G4   4953.128     19  9944.256     9944.601     10052.682
 93  TIM3+F+R2     4954.004     19  9946.007     9946.352     10054.433
112  TIM3e+I       4960.057     15  9950.114     9950.331     10035.713
113  TIM3e+G4      4959.865     15  9949.730     9949.947     10035.329
114  TIM3e+I+G4    4959.297     16  9950.593     9950.840     10041.899
115  TIM3e+R2      4960.274     16  9952.549     9952.795     10043.855
134  TIM2+F+I      4961.733     18  9959.466     9959.777     10062.185
135  TIM2+F+G4     4961.563     18  9959.125     9959.436     10061.844
136  TIM2+F+I+G4   4960.997     19  9959.994     9960.339     10068.419
137  TIM2+F+R2     4961.961     19  9961.921     9962.266     10070.347
156  TIM2e+I       4965.747     15  9961.494     9961.711     10047.093
157  TIM2e+G4      4965.536     15  9961.072     9961.289     10046.671
158  TIM2e+I+G4    4964.906     16  9961.811     9962.058     10053.117
159  TIM2e+R2      4965.970     16  9963.941     9964.187     10055.246
178  TIM+F+I       4961.848     18  9959.695     9960.006     10062.414
179  TIM+F+G4      4961.671     18  9959.341     9959.651     10062.060
180  TIM+F+I+G4    4961.101     19  9960.201     9960.546     10068.627
181  TIM+F+R2      4962.067     19  9962.134     9962.479     10070.560
200  TIMe+I        4965.814     15  9961.628     9961.845     10047.227
201  TIMe+G4       4965.591     15  9961.181     9961.399     10046.780
202  TIMe+I+G4     4964.962     16  9961.924     9962.171     10053.230
203  TIMe+R2       4966.039     16  9964.078     9964.325     10055.384
222  TPM3u+F+I     4956.149     17  9946.297     9946.575     10043.310
223  TPM3u+F+G4    4955.996     17  9945.993     9946.271     10043.005
224  TPM3u+F+I+G4  4955.429     18  9946.857     9947.168     10049.577
225  TPM3u+F+R2    4956.366     18  9948.732     9949.043     10051.451
244  TPM3+I        4961.962     14  9951.923     9952.114     10031.816
245  TPM3+G4       4961.770     14  9951.540     9951.730     10031.432
246  TPM3+I+G4     4961.175     15  9952.349     9952.567     10037.948
247  TPM3+R2       4962.185     15  9954.370     9954.587     10039.969
266  TPM2u+F+I     4963.987     17  9961.973     9962.251     10058.986
267  TPM2u+F+G4    4963.825     17  9961.651     9961.928     10058.663
268  TPM2u+F+I+G4  4963.245     18  9962.491     9962.801     10065.210
269  TPM2u+F+R2    4964.231     18  9964.462     9964.772     10067.181
288  TPM2+I        4967.663     14  9963.325     9963.515     10043.218
289  TPM2+G4       4967.459     14  9962.919     9963.109     10042.811
290  TPM2+I+G4     4966.829     15  9963.658     9963.876     10049.257
291  TPM2+R2       4967.898     15  9965.797     9966.014     10051.396
310  K3Pu+F+I      4964.109     17  9962.219     9962.496     10059.231
311  K3Pu+F+G4     4963.938     17  9961.877     9962.154     10058.889
312  K3Pu+F+I+G4   4963.349     18  9962.698     9963.009     10065.417
313  K3Pu+F+R2     4964.343     18  9964.687     9964.997     10067.406
332  K3P+I         4967.732     14  9963.465     9963.655     10043.357
333  K3P+G4        4967.520     14  9963.039     9963.230     10042.932
334  K3P+I+G4      4966.886     15  9963.772     9963.990     10049.371
335  K3P+R2        4967.964     15  9965.928     9966.146     10051.527
354  TN+F+I        4961.878     17  9957.755     9958.033     10054.767
355  TN+F+G4       4961.696     17  9957.393     9957.670     10054.405
356  TN+F+I+G4     4961.119     18  9958.237     9958.548     10060.956
357  TN+F+R2       4962.093     18  9960.185     9960.496     10062.904
376  TNe+I         4965.825     14  9959.650     9959.840     10039.542
377  TNe+G4        4965.599     14  9959.199     9959.389     10039.091
378  TNe+I+G4      4964.967     15  9959.933     9960.151     10045.532
379  TNe+R2        4966.041     15  9962.081     9962.299     10047.681
398  HKY+F+I       4964.142     16  9960.284     9960.531     10051.590
399  HKY+F+G4      4963.967     16  9959.934     9960.181     10051.240
400  HKY+F+I+G4    4963.367     17  9960.735     9961.012     10057.747
401  HKY+F+R2      4964.371     17  9962.742     9963.020     10059.755
420  K2P+I         4967.744     13  9961.487     9961.652     10035.673
421  K2P+G4        4967.529     13  9961.058     9961.222     10035.244
422  K2P+I+G4      4966.889     14  9961.778     9961.968     10041.671
423  K2P+R2        4967.972     14  9963.944     9964.134     10043.837
442  F81+F+I       5063.270     15  10156.540    10156.757    10242.139
443  F81+F+G4      5063.005     15  10156.011    10156.228    10241.610
444  F81+F+I+G4    5062.674     16  10157.349    10157.595    10248.654
445  F81+F+R2      5063.550     16  10159.101    10159.347    10250.406
464  JC+I          5065.482     12  10154.964    10155.105    10223.443
465  JC+G4         5065.202     12  10154.403    10154.544    10222.883
466  JC+I+G4       5064.858     13  10155.716    10155.881    10229.902
467  JC+R2         5065.758     13  10157.516    10157.681    10231.702
Akaike Information Criterion:           TIM3+F+G4
Corrected Akaike Information Criterion: TIM3+F+G4
Bayesian Information Criterion:         TPM3+G4
Best-fit model: TPM3+G4 chosen according to BIC

All model information printed to per_gene_alignments_codon/LOC101388968_.aln.model.gz
CPU time for ModelFinder: 1.264 seconds (0h:0m:1s)
Wall-clock time for ModelFinder: 2.368 seconds (0h:0m:2s)
Generating 1000 samples for ultrafast bootstrap (seed: 502216)...

NOTE: 0 MB RAM (0 GB) is required!
Estimate model parameters (epsilon = 0.100)
1. Initial log-likelihood: -4961.770
Optimal log-likelihood: -4961.770
Rate parameters:  A-C: 2.20611  A-G: 7.97800  A-T: 1.00000  C-G: 2.20611  C-T: 7.97800  G-T: 1.00000
Base frequencies:  A: 0.250  C: 0.250  G: 0.250  T: 0.250
Gamma shape alpha: 0.128
Parameters optimization took 1 rounds (0.001 sec)
Wrote distance file to... 
Computing ML distances based on estimated model parameters...
Calculating distance matrix: done in 0.000662088 secs using 98.17% CPU
Computing ML distances took 0.000720 sec (of wall-clock time) 0.000718 sec (of CPU time)
Setting up auxiliary I and S matrices: done in 4.31538e-05 secs using 194.7% CPU
Computing RapidNJ tree took 0.000137 sec (of wall-clock time) 0.000273 sec (of CPU time)
Log-likelihood of RapidNJ tree: -4961.770
--------------------------------------------------------------------
|             INITIALIZING CANDIDATE TREE SET                      |
--------------------------------------------------------------------
Generating 99 parsimony trees... 0.047 second
Computing log-likelihood of 40 initial trees ... 0.019 seconds
Current best score: -4961.770

Do NNI search on 20 best initial trees
Estimate model parameters (epsilon = 0.100)
BETTER TREE FOUND at iteration 1: -4961.770
Iteration 10 / LogL: -4961.901 / Time: 0h:0m:2s
Iteration 20 / LogL: -4961.986 / Time: 0h:0m:2s
Finish initializing candidate tree set (1)
Current best tree score: -4961.770 / CPU time: 0.153
Number of iterations: 20
--------------------------------------------------------------------
|               OPTIMIZING CANDIDATE TREE SET                      |
--------------------------------------------------------------------
UPDATE BEST LOG-LIKELIHOOD: -4961.770
Iteration 30 / LogL: -4962.516 / Time: 0h:0m:2s (0h:0m:0s left)
Iteration 40 / LogL: -4961.898 / Time: 0h:0m:2s (0h:0m:0s left)
Iteration 50 / LogL: -4961.770 / Time: 0h:0m:2s (0h:0m:0s left)
Log-likelihood cutoff on original alignment: -5002.530
Iteration 60 / LogL: -4961.794 / Time: 0h:0m:2s (0h:0m:0s left)
Iteration 70 / LogL: -4961.794 / Time: 0h:0m:3s (0h:0m:0s left)
Iteration 80 / LogL: -4961.780 / Time: 0h:0m:3s (0h:0m:0s left)
Iteration 90 / LogL: -4963.155 / Time: 0h:0m:3s (0h:0m:0s left)
Iteration 100 / LogL: -4961.772 / Time: 0h:0m:3s (0h:0m:0s left)
Log-likelihood cutoff on original alignment: -5002.530
NOTE: Bootstrap correlation coefficient of split occurrence frequencies: 1.000
TREE SEARCH COMPLETED AFTER 102 ITERATIONS / Time: 0h:0m:3s

--------------------------------------------------------------------
|                    FINALIZING TREE SEARCH                        |
--------------------------------------------------------------------
Performs final model parameters optimization
Estimate model parameters (epsilon = 0.010)
1. Initial log-likelihood: -4961.770
Optimal log-likelihood: -4961.770
Rate parameters:  A-C: 2.20378  A-G: 7.97064  A-T: 1.00000  C-G: 2.20378  C-T: 7.97064  G-T: 1.00000
Base frequencies:  A: 0.250  C: 0.250  G: 0.250  T: 0.250
Gamma shape alpha: 0.128
Parameters optimization took 1 rounds (0.001 sec)
BEST SCORE FOUND : -4961.770
Creating bootstrap support values...
Split supports printed to NEXUS file per_gene_alignments_codon/LOC101388968_.aln.splits.nex
Total tree length: 0.196

Total number of iterations: 102
CPU time used for tree search: 1.166 sec (0h:0m:1s)
Wall-clock time used for tree search: 1.165 sec (0h:0m:1s)
Total CPU time used: 2.500 sec (0h:0m:2s)
Total wall-clock time used: 3.603 sec (0h:0m:3s)

Computing bootstrap consensus tree...
Reading input file per_gene_alignments_codon/LOC101388968_.aln.splits.nex...
7 taxa and 18 splits.
Consensus tree written to per_gene_alignments_codon/LOC101388968_.aln.contree
Reading input trees file per_gene_alignments_codon/LOC101388968_.aln.contree
Log-likelihood of consensus tree: -4961.770

Analysis results written to: 
  IQ-TREE report:                per_gene_alignments_codon/LOC101388968_.aln.iqtree
  Maximum-likelihood tree:       per_gene_alignments_codon/LOC101388968_.aln.treefile
  Likelihood distances:          per_gene_alignments_codon/LOC101388968_.aln.mldist

Ultrafast bootstrap approximation results written to:
  Split support values:          per_gene_alignments_codon/LOC101388968_.aln.splits.nex
  Consensus tree:                per_gene_alignments_codon/LOC101388968_.aln.contree
  Screen log file:               per_gene_alignments_codon/LOC101388968_.aln.log

Date and Time: Thu Oct 30 21:26:14 2025
