IQ-TREE multicore version 2.3.3 COVID-edition for Linux x86 64-bit built Apr 25 2024
Developed by Bui Quang Minh, James Barbetti, Nguyen Lam Tung, Olga Chernomor,
Heiko Schmidt, Dominik Schrempf, Michael Woodhams, Ly Trong Nhan, Thomas Wong

Host:    morpheus-OptiPlex-5050 (AVX2, FMA3, 503 GB RAM)
Command: iqtree2 -s per_gene_alignments_codon/LOC101396271_.aln.fna -m MFP -T 1 -B 1000 --prefix per_gene_alignments_codon/LOC101396271_.aln
Seed:    358636 (Using SPRNG - Scalable Parallel Random Number Generator)
Time:    Thu Oct 30 21:31:15 2025
Kernel:  AVX+FMA - 1 threads (72 CPU cores detected)

HINT: Use -nt option to specify number of threads because your CPU has 72 cores!
HINT: -nt AUTO will automatically determine the best number of threads to use.

Reading alignment file per_gene_alignments_codon/LOC101396271_.aln.fna ... Fasta format detected
Reading fasta file: done in 0.00062418 secs
Alignment most likely contains DNA/RNA sequences
Alignment has 7 sequences with 2193 columns, 127 distinct patterns
182 parsimony-informative, 247 singleton sites, 1764 constant sites
                     Gap/Ambiguity  Composition  p-value
Analyzing sequences: done in 2.00272e-05 secs
   1  Ceratotherium_simum    0.14%    passed     89.05%
   2  Diceros_bicornis       0.14%    passed     86.66%
   3  Equus_asinus           0.00%    passed     90.17%
   4  Equus_quagga           0.00%    passed     91.39%
   5  Equus_caballus         0.00%    passed     90.35%
   6  Canis_lupus            0.27%    passed     87.09%
   7  Bos_taurus             0.00%    passed     99.33%
****  TOTAL                  0.08%  0 sequences failed composition chi2 test (p-value<5%; df=3)


Create initial parsimony tree by phylogenetic likelihood library (PLL)... 0.000 seconds
Perform fast likelihood tree search using GTR+I+G model...
Estimate model parameters (epsilon = 5.000)
Perform nearest neighbor interchange...
Estimate model parameters (epsilon = 1.000)
1. Initial log-likelihood: -5436.795
Optimal log-likelihood: -5436.792
Rate parameters:  A-C: 1.16399  A-G: 3.15181  A-T: 0.28083  C-G: 1.13968  C-T: 6.08762  G-T: 1.00000
Base frequencies:  A: 0.318  C: 0.220  G: 0.265  T: 0.198
Proportion of invariable sites: 0.400
Gamma shape alpha: 1.439
Parameters optimization took 1 rounds (0.002 sec)
Time for fast ML tree search: 0.065 seconds

NOTE: ModelFinder requires 0 MB RAM!
ModelFinder will test up to 484 DNA models (sample size: 2193) ...
 No. Model         -LnL         df  AIC          AICc         BIC
  1  GTR+F         5464.684     19  10967.369    10967.719    11075.536
  2  GTR+F+I       5437.175     20  10914.350    10914.737    11028.210
  3  GTR+F+G4      5436.833     20  10913.666    10914.053    11027.526
  4  GTR+F+I+G4    5436.791     21  10915.583    10916.008    11035.136
  5  GTR+F+R2      5437.331     21  10916.662    10917.087    11036.215
  6  GTR+F+R3      5436.946     23  10919.892    10920.401    11050.832
 14  GTR+F+I+R2    5436.928     22  10917.856    10918.322    11043.102
 15  GTR+F+I+R3    5436.883     24  10921.767    10922.320    11058.399
 24  SYM+I         5476.329     17  10986.658    10986.939    11083.439
 25  SYM+G4        5476.080     17  10986.161    10986.442    11082.942
 26  SYM+I+G4      5476.040     18  10988.079    10988.394    11090.554
 27  SYM+R2        5476.508     18  10989.016    10989.331    11091.490
 46  TVM+F+I       5449.146     19  10936.292    10936.641    11044.459
 47  TVM+F+G4      5449.027     19  10936.053    10936.403    11044.221
 48  TVM+F+I+G4    5448.999     20  10937.997    10938.384    11051.858
 49  TVM+F+R2      5449.343     20  10938.686    10939.073    11052.546
 68  TVMe+I        5478.842     16  10989.685    10989.935    11080.773
 69  TVMe+G4       5478.687     16  10989.373    10989.623    11080.462
 70  TVMe+I+G4     5478.648     17  10991.296    10991.577    11088.077
 71  TVMe+R2       5479.080     17  10992.161    10992.442    11088.942
 90  TIM3+F+I      5443.391     18  10922.783    10923.098    11025.257
 91  TIM3+F+G4     5443.027     18  10922.053    10922.368    11024.528
 92  TIM3+F+I+G4   5442.999     19  10923.997    10924.347    11032.165
 93  TIM3+F+R2     5443.592     19  10925.184    10925.533    11033.351
112  TIM3e+I       5481.545     15  10993.091    10993.311    11078.486
113  TIM3e+G4      5481.256     15  10992.512    10992.733    11077.908
114  TIM3e+I+G4    5481.226     16  10994.452    10994.702    11085.540
115  TIM3e+R2      5481.708     16  10995.416    10995.666    11086.504
134  TIM2+F+I      5446.265     18  10928.531    10928.845    11031.005
135  TIM2+F+G4     5445.569     18  10927.138    10927.452    11029.612
136  TIM2+F+I+G4   5445.544     19  10929.088    10929.438    11037.256
137  TIM2+F+R2     5446.385     19  10930.770    10931.120    11038.938
156  TIM2e+I       5486.537     15  11003.074    11003.294    11088.469
157  TIM2e+G4      5485.994     15  11001.988    11002.208    11087.383
158  TIM2e+I+G4    5485.960     16  11003.920    11004.170    11095.009
159  TIM2e+R2      5486.703     16  11005.407    11005.657    11096.495
178  TIM+F+I       5445.636     18  10927.273    10927.587    11029.747
179  TIM+F+G4      5445.056     18  10926.111    10926.426    11028.586
180  TIM+F+I+G4    5445.051     19  10928.101    10928.451    11036.269
181  TIM+F+R2      5445.744     19  10929.488    10929.837    11037.655
200  TIMe+I        5484.879     15  10999.758    10999.979    11085.154
201  TIMe+G4       5484.412     15  10998.825    10999.045    11084.220
202  TIMe+I+G4     5484.391     16  11000.782    11001.032    11091.871
203  TIMe+R2       5485.038     16  11002.077    11002.327    11093.165
222  TPM3u+F+I     5455.691     17  10945.381    10945.662    11042.162
223  TPM3u+F+G4    5455.533     17  10945.066    10945.348    11041.848
224  TPM3u+F+I+G4  5455.504     18  10947.008    10947.323    11049.483
225  TPM3u+F+R2    5455.873     18  10947.747    10948.062    11050.221
244  TPM3+I        5484.136     14  10996.271    10996.464    11075.974
245  TPM3+G4       5483.933     14  10995.866    10996.059    11075.568
246  TPM3+I+G4     5483.891     15  10997.782    10998.003    11083.178
247  TPM3+R2       5484.355     15  10998.711    10998.931    11084.106
266  TPM2u+F+I     5458.283     17  10950.566    10950.848    11047.348
267  TPM2u+F+G4    5457.932     17  10949.864    10950.146    11046.646
268  TPM2u+F+I+G4  5457.868     18  10951.737    10952.051    11054.211
269  TPM2u+F+R2    5458.427     18  10952.853    10953.168    11055.328
288  TPM2+I        5489.023     14  11006.047    11006.240    11085.749
289  TPM2+G4       5488.628     14  11005.257    11005.449    11084.959
290  TPM2+I+G4     5488.579     15  11007.158    11007.378    11092.553
291  TPM2+R2       5489.193     15  11008.385    11008.606    11093.781
310  K3Pu+F+I      5457.933     17  10949.866    10950.147    11046.648
311  K3Pu+F+G4     5457.642     17  10949.284    10949.566    11046.066
312  K3Pu+F+I+G4   5457.602     18  10951.203    10951.518    11053.678
313  K3Pu+F+R2     5458.142     18  10952.285    10952.599    11054.759
332  K3P+I         5487.420     14  11002.841    11003.033    11082.543
333  K3P+G4        5487.073     14  11002.145    11002.338    11081.848
334  K3P+I+G4      5487.038     15  11004.075    11004.296    11089.471
335  K3P+R2        5487.579     15  11005.158    11005.378    11090.553
354  TN+F+I        5448.627     17  10931.255    10931.536    11028.036
355  TN+F+G4       5448.000     17  10930.000    10930.281    11026.781
356  TN+F+I+G4     5447.995     18  10931.989    10932.304    11034.464
357  TN+F+R2       5448.732     18  10933.464    10933.779    11035.938
376  TNe+I         5487.923     14  11003.847    11004.040    11083.549
377  TNe+G4        5487.420     14  11002.839    11003.032    11082.542
378  TNe+I+G4      5487.396     15  11004.793    11005.013    11090.188
379  TNe+R2        5488.078     15  11006.157    11006.377    11091.552
398  HKY+F+I       5460.969     16  10953.938    10954.188    11045.027
399  HKY+F+G4      5460.664     16  10953.327    10953.577    11044.416
400  HKY+F+I+G4    5460.619     17  10955.238    10955.519    11052.019
401  HKY+F+R2      5461.173     17  10956.346    10956.628    11053.128
420  K2P+I         5490.470     13  11006.941    11007.108    11080.950
421  K2P+G4        5490.103     13  11006.205    11006.372    11080.214
422  K2P+I+G4      5490.063     14  11008.125    11008.318    11087.828
423  K2P+R2        5490.629     14  11009.258    11009.451    11088.961
442  F81+F+I       5585.098     15  11200.196    11200.416    11285.591
443  F81+F+G4      5585.437     15  11200.874    11201.095    11286.270
444  F81+F+I+G4    5585.360     16  11202.720    11202.970    11293.808
445  F81+F+R2      5585.403     16  11202.806    11203.056    11293.895
464  JC+I          5620.081     12  11264.163    11264.306    11332.479
465  JC+G4         5620.419     12  11264.838    11264.981    11333.154
466  JC+I+G4       5620.354     13  11266.708    11266.875    11340.717
467  JC+R2         5620.341     13  11266.682    11266.849    11340.691
Akaike Information Criterion:           GTR+F+G4
Corrected Akaike Information Criterion: GTR+F+G4
Bayesian Information Criterion:         TIM3+F+G4
Best-fit model: TIM3+F+G4 chosen according to BIC

All model information printed to per_gene_alignments_codon/LOC101396271_.aln.model.gz
CPU time for ModelFinder: 1.219 seconds (0h:0m:1s)
Wall-clock time for ModelFinder: 2.910 seconds (0h:0m:2s)
Generating 1000 samples for ultrafast bootstrap (seed: 358636)...

NOTE: 0 MB RAM (0 GB) is required!
Estimate model parameters (epsilon = 0.100)
1. Initial log-likelihood: -5443.027
Optimal log-likelihood: -5443.026
Rate parameters:  A-C: 1.87322  A-G: 5.10642  A-T: 1.00000  C-G: 1.87322  C-T: 9.93601  G-T: 1.00000
Base frequencies:  A: 0.318  C: 0.220  G: 0.265  T: 0.198
Gamma shape alpha: 0.402
Parameters optimization took 1 rounds (0.002 sec)
Wrote distance file to... 
Computing ML distances based on estimated model parameters...
Calculating distance matrix: done in 0.000497103 secs using 99.78% CPU
Computing ML distances took 0.000547 sec (of wall-clock time) 0.000552 sec (of CPU time)
Setting up auxiliary I and S matrices: done in 4.1008e-05 secs using 97.54% CPU
Computing RapidNJ tree took 0.000120 sec (of wall-clock time) 0.000119 sec (of CPU time)
Log-likelihood of RapidNJ tree: -5443.026
--------------------------------------------------------------------
|             INITIALIZING CANDIDATE TREE SET                      |
--------------------------------------------------------------------
Generating 99 parsimony trees... 0.120 second
Computing log-likelihood of 38 initial trees ... 0.063 seconds
Current best score: -5443.026

Do NNI search on 20 best initial trees
Estimate model parameters (epsilon = 0.100)
BETTER TREE FOUND at iteration 1: -5443.026
Iteration 10 / LogL: -5443.223 / Time: 0h:0m:3s
Iteration 20 / LogL: -5443.069 / Time: 0h:0m:3s
Finish initializing candidate tree set (1)
Current best tree score: -5443.026 / CPU time: 0.475
Number of iterations: 20
--------------------------------------------------------------------
|               OPTIMIZING CANDIDATE TREE SET                      |
--------------------------------------------------------------------
UPDATE BEST LOG-LIKELIHOOD: -5443.026
Iteration 30 / LogL: -5444.040 / Time: 0h:0m:3s (0h:0m:1s left)
UPDATE BEST LOG-LIKELIHOOD: -5443.026
Iteration 40 / LogL: -5443.187 / Time: 0h:0m:3s (0h:0m:1s left)
UPDATE BEST LOG-LIKELIHOOD: -5443.026
Iteration 50 / LogL: -5443.064 / Time: 0h:0m:4s (0h:0m:1s left)
Log-likelihood cutoff on original alignment: -5474.918
UPDATE BEST LOG-LIKELIHOOD: -5443.026
Iteration 60 / LogL: -5443.074 / Time: 0h:0m:4s (0h:0m:1s left)
Iteration 70 / LogL: -5443.029 / Time: 0h:0m:4s (0h:0m:0s left)
Iteration 80 / LogL: -5443.027 / Time: 0h:0m:4s (0h:0m:0s left)
Iteration 90 / LogL: -5443.026 / Time: 0h:0m:5s (0h:0m:0s left)
Iteration 100 / LogL: -5443.027 / Time: 0h:0m:5s (0h:0m:0s left)
Log-likelihood cutoff on original alignment: -5474.918
NOTE: Bootstrap correlation coefficient of split occurrence frequencies: 1.000
TREE SEARCH COMPLETED AFTER 102 ITERATIONS / Time: 0h:0m:5s

--------------------------------------------------------------------
|                    FINALIZING TREE SEARCH                        |
--------------------------------------------------------------------
Performs final model parameters optimization
Estimate model parameters (epsilon = 0.010)
1. Initial log-likelihood: -5443.026
Optimal log-likelihood: -5443.026
Rate parameters:  A-C: 1.87365  A-G: 5.10889  A-T: 1.00000  C-G: 1.87365  C-T: 9.93900  G-T: 1.00000
Base frequencies:  A: 0.318  C: 0.220  G: 0.265  T: 0.198
Gamma shape alpha: 0.402
Parameters optimization took 1 rounds (0.002 sec)
BEST SCORE FOUND : -5443.026
Creating bootstrap support values...
Split supports printed to NEXUS file per_gene_alignments_codon/LOC101396271_.aln.splits.nex
Total tree length: 0.279

Total number of iterations: 102
CPU time used for tree search: 1.266 sec (0h:0m:1s)
Wall-clock time used for tree search: 2.199 sec (0h:0m:2s)
Total CPU time used: 2.552 sec (0h:0m:2s)
Total wall-clock time used: 5.239 sec (0h:0m:5s)

Computing bootstrap consensus tree...
Reading input file per_gene_alignments_codon/LOC101396271_.aln.splits.nex...
7 taxa and 15 splits.
Consensus tree written to per_gene_alignments_codon/LOC101396271_.aln.contree
Reading input trees file per_gene_alignments_codon/LOC101396271_.aln.contree
Log-likelihood of consensus tree: -5443.026

Analysis results written to: 
  IQ-TREE report:                per_gene_alignments_codon/LOC101396271_.aln.iqtree
  Maximum-likelihood tree:       per_gene_alignments_codon/LOC101396271_.aln.treefile
  Likelihood distances:          per_gene_alignments_codon/LOC101396271_.aln.mldist

Ultrafast bootstrap approximation results written to:
  Split support values:          per_gene_alignments_codon/LOC101396271_.aln.splits.nex
  Consensus tree:                per_gene_alignments_codon/LOC101396271_.aln.contree
  Screen log file:               per_gene_alignments_codon/LOC101396271_.aln.log

Date and Time: Thu Oct 30 21:31:21 2025
