IQ-TREE multicore version 2.3.3 COVID-edition for Linux x86 64-bit built Apr 25 2024
Developed by Bui Quang Minh, James Barbetti, Nguyen Lam Tung, Olga Chernomor,
Heiko Schmidt, Dominik Schrempf, Michael Woodhams, Ly Trong Nhan, Thomas Wong

Host:    morpheus-OptiPlex-5050 (AVX2, FMA3, 503 GB RAM)
Command: iqtree2 -s per_gene_alignments_codon/LOC101392314_.aln.fna -m MFP -T 1 -B 1000 --prefix per_gene_alignments_codon/LOC101392314_.aln
Seed:    869296 (Using SPRNG - Scalable Parallel Random Number Generator)
Time:    Thu Oct 30 21:28:32 2025
Kernel:  AVX+FMA - 1 threads (72 CPU cores detected)

HINT: Use -nt option to specify number of threads because your CPU has 72 cores!
HINT: -nt AUTO will automatically determine the best number of threads to use.

Reading alignment file per_gene_alignments_codon/LOC101392314_.aln.fna ... Fasta format detected
Reading fasta file: done in 0.000519037 secs using 24.85% CPU
Alignment most likely contains DNA/RNA sequences
Alignment has 7 sequences with 1821 columns, 149 distinct patterns
290 parsimony-informative, 251 singleton sites, 1280 constant sites
                     Gap/Ambiguity  Composition  p-value
Analyzing sequences: done in 2.09808e-05 secs
   1  Ceratotherium_simum    0.00%    passed     68.69%
   2  Diceros_bicornis       0.00%    passed     66.23%
   3  Equus_asinus           0.00%    passed     92.37%
   4  Equus_quagga           0.00%    passed     96.77%
   5  Equus_caballus         0.00%    passed     92.89%
   6  Canis_lupus            0.00%    failed      2.55%
   7  Bos_taurus             0.00%    passed     15.53%
****  TOTAL                  0.00%  1 sequences failed composition chi2 test (p-value<5%; df=3)


Create initial parsimony tree by phylogenetic likelihood library (PLL)... 0.000 seconds
Perform fast likelihood tree search using GTR+I+G model...
Estimate model parameters (epsilon = 5.000)
Perform nearest neighbor interchange...
Estimate model parameters (epsilon = 1.000)
1. Initial log-likelihood: -5505.992
Optimal log-likelihood: -5505.973
Rate parameters:  A-C: 2.64060  A-G: 4.45648  A-T: 0.94132  C-G: 1.48774  C-T: 4.49216  G-T: 1.00000
Base frequencies:  A: 0.292  C: 0.218  G: 0.235  T: 0.255
Proportion of invariable sites: 0.354
Gamma shape alpha: 3.289
Parameters optimization took 1 rounds (0.003 sec)
Time for fast ML tree search: 0.172 seconds

NOTE: ModelFinder requires 0 MB RAM!
ModelFinder will test up to 484 DNA models (sample size: 1821) ...
 No. Model         -LnL         df  AIC          AICc         BIC
  1  GTR+F         5534.413     19  11106.825    11107.247    11211.461
  2  GTR+F+I       5505.642     20  11051.285    11051.752    11161.428
  3  GTR+F+G4      5506.469     20  11052.938    11053.404    11163.081
  4  GTR+F+I+G4    5505.969     21  11053.938    11054.451    11169.588
  5  GTR+F+R2      5505.998     21  11053.997    11054.510    11169.647
  6  GTR+F+R3      5505.952     23  11057.905    11058.519    11184.569
 14  GTR+F+I+R2    5506.057     22  11056.114    11056.677    11177.271
 15  GTR+F+I+R3    5505.998     24  11059.996    11060.665    11192.168
 24  SYM+I         5518.786     17  11071.571    11071.911    11165.193
 25  SYM+G4        5519.593     17  11073.186    11073.526    11166.808
 26  SYM+I+G4      5519.096     18  11074.192    11074.571    11173.320
 27  SYM+R2        5519.126     18  11074.252    11074.632    11173.381
 46  TVM+F+I       5505.639     19  11049.278    11049.700    11153.914
 47  TVM+F+G4      5506.476     19  11050.951    11051.373    11155.587
 48  TVM+F+I+G4    5505.975     20  11051.949    11052.416    11162.092
 49  TVM+F+R2      5505.995     20  11051.989    11052.456    11162.132
 68  TVMe+I        5519.252     16  11070.504    11070.805    11158.618
 69  TVMe+G4       5519.939     16  11071.878    11072.180    11159.993
 70  TVMe+I+G4     5519.486     17  11072.972    11073.312    11166.593
 71  TVMe+R2       5519.546     17  11073.093    11073.432    11166.714
 90  TIM3+F+I      5509.676     18  11055.352    11055.731    11154.480
 91  TIM3+F+G4     5510.625     18  11057.250    11057.630    11156.379
 92  TIM3+F+I+G4   5510.091     19  11058.182    11058.604    11162.817
 93  TIM3+F+R2     5510.073     19  11058.147    11058.569    11162.783
112  TIM3e+I       5525.319     15  11080.638    11080.904    11163.245
113  TIM3e+G4      5526.347     15  11082.694    11082.960    11165.302
114  TIM3e+I+G4    5525.771     16  11083.543    11083.844    11171.657
115  TIM3e+R2      5525.746     16  11083.492    11083.794    11171.606
134  TIM2+F+I      5522.079     18  11080.158    11080.537    11179.286
135  TIM2+F+G4     5523.239     18  11082.478    11082.858    11181.607
136  TIM2+F+I+G4   5522.613     19  11083.226    11083.648    11187.861
137  TIM2+F+R2     5522.562     19  11083.125    11083.547    11187.761
156  TIM2e+I       5531.255     15  11092.511    11092.777    11175.118
157  TIM2e+G4      5532.234     15  11094.467    11094.733    11177.074
158  TIM2e+I+G4    5531.679     16  11095.358    11095.660    11183.472
159  TIM2e+R2      5531.660     16  11095.320    11095.622    11183.434
178  TIM+F+I       5519.548     18  11075.095    11075.475    11174.224
179  TIM+F+G4      5520.890     18  11077.780    11078.159    11176.908
180  TIM+F+I+G4    5520.203     19  11078.405    11078.827    11183.041
181  TIM+F+R2      5520.086     19  11078.171    11078.593    11182.807
200  TIMe+I        5532.078     15  11094.157    11094.423    11176.764
201  TIMe+G4       5533.276     15  11096.552    11096.817    11179.159
202  TIMe+I+G4     5532.634     16  11097.268    11097.570    11185.382
203  TIMe+R2       5532.564     16  11097.127    11097.429    11185.242
222  TPM3u+F+I     5509.677     17  11053.354    11053.693    11146.975
223  TPM3u+F+G4    5510.641     17  11055.281    11055.621    11148.903
224  TPM3u+F+I+G4  5510.099     18  11056.198    11056.577    11155.326
225  TPM3u+F+R2    5510.073     18  11056.146    11056.526    11155.275
244  TPM3+I        5525.749     14  11079.497    11079.730    11156.597
245  TPM3+G4       5526.653     14  11081.305    11081.538    11158.405
246  TPM3+I+G4     5526.118     15  11082.235    11082.501    11164.842
247  TPM3+R2       5526.131     15  11082.263    11082.529    11164.870
266  TPM2u+F+I     5522.084     17  11078.167    11078.507    11171.789
267  TPM2u+F+G4    5523.241     17  11080.482    11080.822    11174.104
268  TPM2u+F+I+G4  5522.612     18  11081.224    11081.604    11180.353
269  TPM2u+F+R2    5522.557     18  11081.113    11081.493    11180.242
288  TPM2+I        5531.743     14  11091.485    11091.718    11168.585
289  TPM2+G4       5532.610     14  11093.220    11093.453    11170.320
290  TPM2+I+G4     5532.091     15  11094.182    11094.448    11176.789
291  TPM2+R2       5532.107     15  11094.213    11094.479    11176.820
310  K3Pu+F+I      5519.560     17  11073.120    11073.459    11166.741
311  K3Pu+F+G4     5520.890     17  11075.780    11076.120    11169.402
312  K3Pu+F+I+G4   5520.204     18  11076.408    11076.788    11175.537
313  K3Pu+F+R2     5520.080     18  11076.161    11076.540    11175.289
332  K3P+I         5532.564     14  11093.127    11093.360    11170.227
333  K3P+G4        5533.633     14  11095.266    11095.498    11172.366
334  K3P+I+G4      5533.033     15  11096.066    11096.332    11178.673
335  K3P+R2        5533.003     15  11096.006    11096.272    11178.613
354  TN+F+I        5524.364     17  11082.729    11083.068    11176.350
355  TN+F+G4       5525.665     17  11085.331    11085.670    11178.952
356  TN+F+I+G4     5524.991     18  11085.983    11086.362    11185.111
357  TN+F+R2       5524.890     18  11085.780    11086.159    11184.908
376  TNe+I         5536.188     14  11100.376    11100.609    11177.476
377  TNe+G4        5537.391     14  11102.782    11103.014    11179.881
378  TNe+I+G4      5536.745     15  11103.491    11103.757    11186.098
379  TNe+R2        5536.677     15  11103.354    11103.620    11185.961
398  HKY+F+I       5524.371     16  11080.743    11081.044    11168.857
399  HKY+F+G4      5525.667     16  11083.334    11083.636    11171.449
400  HKY+F+I+G4    5524.992     17  11083.983    11084.323    11177.605
401  HKY+F+R2      5524.887     17  11083.774    11084.113    11177.395
420  K2P+I         5536.659     13  11099.317    11099.519    11170.910
421  K2P+G4        5537.732     13  11101.465    11101.666    11173.057
422  K2P+I+G4      5537.130     14  11102.260    11102.492    11179.360
423  K2P+R2        5537.101     14  11102.203    11102.435    11179.303
442  F81+F+I       5602.405     15  11234.810    11235.076    11317.417
443  F81+F+G4      5603.630     15  11237.261    11237.527    11319.868
444  F81+F+I+G4    5602.838     16  11237.677    11237.978    11325.791
445  F81+F+R2      5602.929     16  11237.857    11238.159    11325.972
464  JC+I          5613.272     12  11250.544    11250.717    11316.630
465  JC+G4         5614.436     12  11252.872    11253.045    11318.958
466  JC+I+G4       5613.668     13  11253.335    11253.537    11324.928
467  JC+R2         5613.776     13  11253.552    11253.754    11325.145
Akaike Information Criterion:           TVM+F+I
Corrected Akaike Information Criterion: TVM+F+I
Bayesian Information Criterion:         TPM3u+F+I
Best-fit model: TPM3u+F+I chosen according to BIC

All model information printed to per_gene_alignments_codon/LOC101392314_.aln.model.gz
CPU time for ModelFinder: 0.962 seconds (0h:0m:0s)
Wall-clock time for ModelFinder: 2.014 seconds (0h:0m:2s)
Generating 1000 samples for ultrafast bootstrap (seed: 869296)...

NOTE: 0 MB RAM (0 GB) is required!
Estimate model parameters (epsilon = 0.100)
1. Initial log-likelihood: -5509.677
Optimal log-likelihood: -5509.676
Rate parameters:  A-C: 2.15869  A-G: 4.51681  A-T: 1.00000  C-G: 2.15869  C-T: 4.51681  G-T: 1.00000
Base frequencies:  A: 0.292  C: 0.218  G: 0.235  T: 0.255
Proportion of invariable sites: 0.451
Parameters optimization took 1 rounds (0.001 sec)
Wrote distance file to... 
Computing ML distances based on estimated model parameters...
Calculating distance matrix: done in 0.000196934 secs using 99.53% CPU
Computing ML distances took 0.000252 sec (of wall-clock time) 0.000259 sec (of CPU time)
Setting up auxiliary I and S matrices: done in 4.81606e-05 secs using 186.9% CPU
Computing RapidNJ tree took 0.000148 sec (of wall-clock time) 0.000293 sec (of CPU time)
Log-likelihood of RapidNJ tree: -5509.676
--------------------------------------------------------------------
|             INITIALIZING CANDIDATE TREE SET                      |
--------------------------------------------------------------------
Generating 99 parsimony trees... 0.087 second
Computing log-likelihood of 48 initial trees ... 0.028 seconds
Current best score: -5509.676

Do NNI search on 20 best initial trees
Estimate model parameters (epsilon = 0.100)
BETTER TREE FOUND at iteration 1: -5509.675
Iteration 10 / LogL: -5509.678 / Time: 0h:0m:2s
Iteration 20 / LogL: -5509.679 / Time: 0h:0m:2s
Finish initializing candidate tree set (1)
Current best tree score: -5509.675 / CPU time: 0.276
Number of iterations: 20
--------------------------------------------------------------------
|               OPTIMIZING CANDIDATE TREE SET                      |
--------------------------------------------------------------------
UPDATE BEST LOG-LIKELIHOOD: -5509.675
Iteration 30 / LogL: -5509.675 / Time: 0h:0m:2s (0h:0m:1s left)
Iteration 40 / LogL: -5509.678 / Time: 0h:0m:2s (0h:0m:0s left)
Iteration 50 / LogL: -5509.675 / Time: 0h:0m:2s (0h:0m:0s left)
Log-likelihood cutoff on original alignment: -5526.570
Iteration 60 / LogL: -5509.678 / Time: 0h:0m:2s (0h:0m:0s left)
Iteration 70 / LogL: -5509.875 / Time: 0h:0m:3s (0h:0m:0s left)
Iteration 80 / LogL: -5509.710 / Time: 0h:0m:3s (0h:0m:0s left)
Iteration 90 / LogL: -5509.675 / Time: 0h:0m:3s (0h:0m:0s left)
WARNING: NNI search needs unusual large number of steps (7) to converge!
Iteration 100 / LogL: -5509.776 / Time: 0h:0m:3s (0h:0m:0s left)
Log-likelihood cutoff on original alignment: -5526.570
NOTE: Bootstrap correlation coefficient of split occurrence frequencies: 1.000
TREE SEARCH COMPLETED AFTER 102 ITERATIONS / Time: 0h:0m:3s

--------------------------------------------------------------------
|                    FINALIZING TREE SEARCH                        |
--------------------------------------------------------------------
Performs final model parameters optimization
Estimate model parameters (epsilon = 0.010)
1. Initial log-likelihood: -5509.675
Optimal log-likelihood: -5509.675
Rate parameters:  A-C: 2.16548  A-G: 4.52507  A-T: 1.00000  C-G: 2.16548  C-T: 4.52507  G-T: 1.00000
Base frequencies:  A: 0.292  C: 0.218  G: 0.235  T: 0.255
Proportion of invariable sites: 0.451
Parameters optimization took 1 rounds (0.001 sec)
BEST SCORE FOUND : -5509.675
Creating bootstrap support values...
Split supports printed to NEXUS file per_gene_alignments_codon/LOC101392314_.aln.splits.nex
Total tree length: 0.450

Total number of iterations: 102
CPU time used for tree search: 1.078 sec (0h:0m:1s)
Wall-clock time used for tree search: 1.596 sec (0h:0m:1s)
Total CPU time used: 2.119 sec (0h:0m:2s)
Total wall-clock time used: 3.717 sec (0h:0m:3s)

Computing bootstrap consensus tree...
Reading input file per_gene_alignments_codon/LOC101392314_.aln.splits.nex...
7 taxa and 15 splits.
Consensus tree written to per_gene_alignments_codon/LOC101392314_.aln.contree
Reading input trees file per_gene_alignments_codon/LOC101392314_.aln.contree
Log-likelihood of consensus tree: -5509.675

Analysis results written to: 
  IQ-TREE report:                per_gene_alignments_codon/LOC101392314_.aln.iqtree
  Maximum-likelihood tree:       per_gene_alignments_codon/LOC101392314_.aln.treefile
  Likelihood distances:          per_gene_alignments_codon/LOC101392314_.aln.mldist

Ultrafast bootstrap approximation results written to:
  Split support values:          per_gene_alignments_codon/LOC101392314_.aln.splits.nex
  Consensus tree:                per_gene_alignments_codon/LOC101392314_.aln.contree
  Screen log file:               per_gene_alignments_codon/LOC101392314_.aln.log

Date and Time: Thu Oct 30 21:28:36 2025
