IQ-TREE multicore version 2.3.3 COVID-edition for Linux x86 64-bit built Apr 25 2024
Developed by Bui Quang Minh, James Barbetti, Nguyen Lam Tung, Olga Chernomor,
Heiko Schmidt, Dominik Schrempf, Michael Woodhams, Ly Trong Nhan, Thomas Wong

Host:    morpheus-OptiPlex-5050 (AVX2, FMA3, 503 GB RAM)
Command: iqtree2 -s per_gene_alignments_codon/LOC101408591_.aln.fna -m MFP -T 1 -B 1000 --prefix per_gene_alignments_codon/LOC101408591_.aln
Seed:    777155 (Using SPRNG - Scalable Parallel Random Number Generator)
Time:    Thu Oct 30 21:39:38 2025
Kernel:  AVX+FMA - 1 threads (72 CPU cores detected)

HINT: Use -nt option to specify number of threads because your CPU has 72 cores!
HINT: -nt AUTO will automatically determine the best number of threads to use.

Reading alignment file per_gene_alignments_codon/LOC101408591_.aln.fna ... Fasta format detected
Reading fasta file: done in 0.000410795 secs using 49.66% CPU
Alignment most likely contains DNA/RNA sequences
Alignment has 7 sequences with 1311 columns, 87 distinct patterns
90 parsimony-informative, 158 singleton sites, 1063 constant sites
                     Gap/Ambiguity  Composition  p-value
Analyzing sequences: done in 1.40667e-05 secs using 42.65% CPU
   1  Ceratotherium_simum    0.00%    passed     92.45%
   2  Diceros_bicornis       0.00%    passed     89.67%
   3  Equus_asinus           0.00%    passed     99.82%
   4  Equus_quagga           0.00%    passed     99.70%
   5  Equus_caballus         0.00%    passed     99.79%
   6  Canis_lupus            0.00%    passed     70.31%
   7  Bos_taurus             0.00%    passed     92.63%
****  TOTAL                  0.00%  0 sequences failed composition chi2 test (p-value<5%; df=3)


Create initial parsimony tree by phylogenetic likelihood library (PLL)... 0.000 seconds
Perform fast likelihood tree search using GTR+I+G model...
Estimate model parameters (epsilon = 5.000)
Perform nearest neighbor interchange...
Estimate model parameters (epsilon = 1.000)
1. Initial log-likelihood: -3178.196
Optimal log-likelihood: -3178.190
Rate parameters:  A-C: 2.49436  A-G: 9.76356  A-T: 1.51025  C-G: 1.53519  C-T: 7.31290  G-T: 1.00000
Base frequencies:  A: 0.163  C: 0.325  G: 0.264  T: 0.248
Proportion of invariable sites: 0.404
Gamma shape alpha: 1.417
Parameters optimization took 1 rounds (0.002 sec)
Time for fast ML tree search: 0.030 seconds

NOTE: ModelFinder requires 0 MB RAM!
ModelFinder will test up to 484 DNA models (sample size: 1311) ...
 No. Model         -LnL         df  AIC          AICc         BIC
  1  GTR+F         3193.352     19  6424.705     6425.293     6523.097
  2  GTR+F+I       3177.897     20  6395.794     6396.445     6499.365
  3  GTR+F+G4      3178.239     20  6396.477     6397.128     6500.048
  4  GTR+F+I+G4    3178.193     21  6398.385     6399.102     6507.135
  5  GTR+F+R2      3178.244     21  6398.487     6399.204     6507.236
  6  GTR+F+R3      3178.211     23  6402.421     6403.279     6521.528
 14  GTR+F+I+R2    3178.114     22  6400.227     6401.013     6514.155
 15  GTR+F+I+R3    3178.173     24  6404.346     6405.280     6528.631
 24  SYM+I         3217.726     17  6469.451     6469.924     6557.486
 25  SYM+G4        3217.748     17  6469.496     6469.969     6557.531
 26  SYM+I+G4      3217.683     18  6471.366     6471.895     6564.580
 27  SYM+R2        3218.003     18  6472.006     6472.535     6565.220
 46  TVM+F+I       3179.211     19  6396.422     6397.011     6494.814
 47  TVM+F+G4      3179.504     19  6397.008     6397.596     6495.400
 48  TVM+F+I+G4    3179.466     20  6398.932     6399.583     6502.503
 49  TVM+F+R2      3179.494     20  6398.987     6399.638     6502.558
 68  TVMe+I        3217.875     16  6467.749     6468.170     6550.606
 69  TVMe+G4       3217.900     16  6467.801     6468.221     6550.658
 70  TVMe+I+G4     3217.839     17  6469.678     6470.151     6557.713
 71  TVMe+R2       3218.160     17  6470.321     6470.794     6558.356
 90  TIM3+F+I      3179.484     18  6394.968     6395.497     6488.182
 91  TIM3+F+G4     3179.722     18  6395.443     6395.973     6488.657
 92  TIM3+F+I+G4   3179.684     19  6397.368     6397.957     6495.761
 93  TIM3+F+R2     3179.825     19  6397.651     6398.240     6496.043
112  TIM3e+I       3217.763     15  6465.527     6465.897     6543.205
113  TIM3e+G4      3217.762     15  6465.524     6465.895     6543.202
114  TIM3e+I+G4    3217.709     16  6467.418     6467.838     6550.275
115  TIM3e+R2      3218.035     16  6468.070     6468.490     6550.927
134  TIM2+F+I      3179.250     18  6394.500     6395.030     6487.714
135  TIM2+F+G4     3179.662     18  6395.324     6395.853     6488.537
136  TIM2+F+I+G4   3179.637     19  6397.274     6397.862     6495.666
137  TIM2+F+R2     3179.623     19  6397.247     6397.835     6495.639
156  TIM2e+I       3220.205     15  6470.410     6470.781     6548.089
157  TIM2e+G4      3220.355     15  6470.710     6471.081     6548.388
158  TIM2e+I+G4    3220.297     16  6472.593     6473.014     6555.450
159  TIM2e+R2      3220.531     16  6473.063     6473.483     6555.920
178  TIM+F+I       3180.756     18  6397.512     6398.042     6490.726
179  TIM+F+G4      3181.093     18  6398.186     6398.716     6491.400
180  TIM+F+I+G4    3181.067     19  6400.135     6400.723     6498.527
181  TIM+F+R2      3181.119     19  6400.237     6400.826     6498.630
200  TIMe+I        3220.235     15  6470.470     6470.841     6548.149
201  TIMe+G4       3220.369     15  6470.737     6471.108     6548.416
202  TIMe+I+G4     3220.315     16  6472.629     6473.050     6555.486
203  TIMe+R2       3220.555     16  6473.110     6473.530     6555.966
222  TPM3u+F+I     3180.762     17  6395.523     6395.997     6483.559
223  TPM3u+F+G4    3180.971     17  6395.942     6396.415     6483.977
224  TPM3u+F+I+G4  3180.931     18  6397.861     6398.391     6491.075
225  TPM3u+F+R2    3181.106     18  6398.212     6398.741     6491.426
244  TPM3+I        3217.908     14  6463.816     6464.140     6536.316
245  TPM3+G4       3217.917     14  6463.835     6464.159     6536.335
246  TPM3+I+G4     3217.860     15  6465.721     6466.092     6543.399
247  TPM3+R2       3218.193     15  6466.385     6466.756     6544.063
266  TPM2u+F+I     3180.555     17  6395.109     6395.582     6483.144
267  TPM2u+F+G4    3180.934     17  6395.868     6396.342     6483.903
268  TPM2u+F+I+G4  3180.914     18  6397.828     6398.357     6491.042
269  TPM2u+F+R2    3180.856     18  6397.712     6398.241     6490.926
288  TPM2+I        3220.344     14  6468.689     6469.013     6541.189
289  TPM2+G4       3220.494     14  6468.989     6469.313     6541.489
290  TPM2+I+G4     3220.442     15  6470.883     6471.254     6548.561
291  TPM2+R2       3220.672     15  6471.344     6471.714     6549.022
310  K3Pu+F+I      3182.023     17  6398.047     6398.520     6486.082
311  K3Pu+F+G4     3182.338     17  6398.677     6399.150     6486.712
312  K3Pu+F+I+G4   3182.315     18  6400.631     6401.160     6493.845
313  K3Pu+F+R2     3182.395     18  6400.790     6401.320     6494.004
332  K3P+I         3220.368     14  6468.737     6469.061     6541.236
333  K3P+G4        3220.507     14  6469.013     6469.338     6541.513
334  K3P+I+G4      3220.456     15  6470.911     6471.282     6548.589
335  K3P+R2        3220.696     15  6471.392     6471.763     6549.071
354  TN+F+I        3180.818     17  6395.636     6396.109     6483.671
355  TN+F+G4       3181.137     17  6396.275     6396.748     6484.310
356  TN+F+I+G4     3181.111     18  6398.223     6398.752     6491.436
357  TN+F+R2       3181.176     18  6398.353     6398.882     6491.567
376  TNe+I         3220.233     14  6468.466     6468.790     6540.966
377  TNe+G4        3220.374     14  6468.748     6469.072     6541.248
378  TNe+I+G4      3220.318     15  6470.635     6471.006     6548.314
379  TNe+R2        3220.557     15  6471.114     6471.485     6548.792
398  HKY+F+I       3182.088     16  6396.175     6396.596     6479.032
399  HKY+F+G4      3182.384     16  6396.768     6397.189     6479.625
400  HKY+F+I+G4    3182.361     17  6398.721     6399.195     6486.756
401  HKY+F+R2      3182.453     17  6398.906     6399.380     6486.942
420  K2P+I         3220.370     13  6466.741     6467.021     6534.062
421  K2P+G4        3220.512     13  6467.023     6467.304     6534.344
422  K2P+I+G4      3220.457     14  6468.914     6469.238     6541.413
423  K2P+R2        3220.696     14  6469.393     6469.717     6541.892
442  F81+F+I       3259.659     15  6549.318     6549.689     6626.996
443  F81+F+G4      3259.943     15  6549.887     6550.258     6627.565
444  F81+F+I+G4    3259.850     16  6551.700     6552.120     6634.557
445  F81+F+R2      3260.032     16  6552.063     6552.484     6634.920
464  JC+I          3297.659     12  6619.317     6619.558     6681.460
465  JC+G4         3297.896     12  6619.792     6620.033     6681.935
466  JC+I+G4       3297.796     13  6621.591     6621.872     6688.912
467  JC+R2         3297.962     13  6621.925     6622.206     6689.246
Akaike Information Criterion:           TIM2+F+I
Corrected Akaike Information Criterion: TIM2+F+I
Bayesian Information Criterion:         HKY+F+I
Best-fit model: HKY+F+I chosen according to BIC

All model information printed to per_gene_alignments_codon/LOC101408591_.aln.model.gz
CPU time for ModelFinder: 0.858 seconds (0h:0m:0s)
Wall-clock time for ModelFinder: 0.986 seconds (0h:0m:0s)
Generating 1000 samples for ultrafast bootstrap (seed: 777155)...

NOTE: 0 MB RAM (0 GB) is required!
Estimate model parameters (epsilon = 0.100)
1. Initial log-likelihood: -3182.088
Optimal log-likelihood: -3182.087
Rate parameters:  A-C: 1.00000  A-G: 5.13571  A-T: 1.00000  C-G: 1.00000  C-T: 5.13571  G-T: 1.00000
Base frequencies:  A: 0.163  C: 0.325  G: 0.264  T: 0.248
Proportion of invariable sites: 0.589
Parameters optimization took 1 rounds (0.001 sec)
Wrote distance file to... 
Computing ML distances based on estimated model parameters...
Calculating distance matrix: done in 0.000184059 secs using 98.34% CPU
Computing ML distances took 0.000234 sec (of wall-clock time) 0.000238 sec (of CPU time)
Setting up auxiliary I and S matrices: done in 5.29289e-05 secs using 98.24% CPU
Computing RapidNJ tree took 0.000150 sec (of wall-clock time) 0.000147 sec (of CPU time)
Log-likelihood of RapidNJ tree: -3182.087
--------------------------------------------------------------------
|             INITIALIZING CANDIDATE TREE SET                      |
--------------------------------------------------------------------
Generating 99 parsimony trees... 0.073 second
Computing log-likelihood of 39 initial trees ... 0.015 seconds
Current best score: -3182.087

Do NNI search on 20 best initial trees
Estimate model parameters (epsilon = 0.100)
BETTER TREE FOUND at iteration 1: -3182.087
Iteration 10 / LogL: -3182.090 / Time: 0h:0m:1s
Iteration 20 / LogL: -3182.112 / Time: 0h:0m:1s
Finish initializing candidate tree set (1)
Current best tree score: -3182.087 / CPU time: 0.208
Number of iterations: 20
--------------------------------------------------------------------
|               OPTIMIZING CANDIDATE TREE SET                      |
--------------------------------------------------------------------
Iteration 30 / LogL: -3182.088 / Time: 0h:0m:1s (0h:0m:0s left)
Iteration 40 / LogL: -3182.087 / Time: 0h:0m:1s (0h:0m:0s left)
Iteration 50 / LogL: -3182.118 / Time: 0h:0m:1s (0h:0m:0s left)
Log-likelihood cutoff on original alignment: -3193.867
Iteration 60 / LogL: -3182.092 / Time: 0h:0m:1s (0h:0m:0s left)
Iteration 70 / LogL: -3182.087 / Time: 0h:0m:1s (0h:0m:0s left)
Iteration 80 / LogL: -3182.155 / Time: 0h:0m:1s (0h:0m:0s left)
Iteration 90 / LogL: -3182.092 / Time: 0h:0m:2s (0h:0m:0s left)
Iteration 100 / LogL: -3182.099 / Time: 0h:0m:2s (0h:0m:0s left)
Log-likelihood cutoff on original alignment: -3194.231
NOTE: Bootstrap correlation coefficient of split occurrence frequencies: 0.999
TREE SEARCH COMPLETED AFTER 102 ITERATIONS / Time: 0h:0m:2s

--------------------------------------------------------------------
|                    FINALIZING TREE SEARCH                        |
--------------------------------------------------------------------
Performs final model parameters optimization
Estimate model parameters (epsilon = 0.010)
1. Initial log-likelihood: -3182.087
Optimal log-likelihood: -3182.087
Rate parameters:  A-C: 1.00000  A-G: 5.13520  A-T: 1.00000  C-G: 1.00000  C-T: 5.13520  G-T: 1.00000
Base frequencies:  A: 0.163  C: 0.325  G: 0.264  T: 0.248
Proportion of invariable sites: 0.589
Parameters optimization took 1 rounds (0.001 sec)
BEST SCORE FOUND : -3182.087
Creating bootstrap support values...
Split supports printed to NEXUS file per_gene_alignments_codon/LOC101408591_.aln.splits.nex
Total tree length: 0.269

Total number of iterations: 102
CPU time used for tree search: 0.978 sec (0h:0m:0s)
Wall-clock time used for tree search: 1.191 sec (0h:0m:1s)
Total CPU time used: 1.892 sec (0h:0m:1s)
Total wall-clock time used: 2.240 sec (0h:0m:2s)

Computing bootstrap consensus tree...
Reading input file per_gene_alignments_codon/LOC101408591_.aln.splits.nex...
7 taxa and 15 splits.
Consensus tree written to per_gene_alignments_codon/LOC101408591_.aln.contree
Reading input trees file per_gene_alignments_codon/LOC101408591_.aln.contree
Log-likelihood of consensus tree: -3182.087

Analysis results written to: 
  IQ-TREE report:                per_gene_alignments_codon/LOC101408591_.aln.iqtree
  Maximum-likelihood tree:       per_gene_alignments_codon/LOC101408591_.aln.treefile
  Likelihood distances:          per_gene_alignments_codon/LOC101408591_.aln.mldist

Ultrafast bootstrap approximation results written to:
  Split support values:          per_gene_alignments_codon/LOC101408591_.aln.splits.nex
  Consensus tree:                per_gene_alignments_codon/LOC101408591_.aln.contree
  Screen log file:               per_gene_alignments_codon/LOC101408591_.aln.log

Date and Time: Thu Oct 30 21:39:41 2025
