IQ-TREE multicore version 2.3.3 COVID-edition for Linux x86 64-bit built Apr 25 2024
Developed by Bui Quang Minh, James Barbetti, Nguyen Lam Tung, Olga Chernomor,
Heiko Schmidt, Dominik Schrempf, Michael Woodhams, Ly Trong Nhan, Thomas Wong

Host:    morpheus-OptiPlex-5050 (AVX2, FMA3, 503 GB RAM)
Command: iqtree2 -s per_gene_alignments_codon/LOC101393967_.aln.fna -m MFP -T 1 -B 1000 --prefix per_gene_alignments_codon/LOC101393967_.aln
Seed:    969320 (Using SPRNG - Scalable Parallel Random Number Generator)
Time:    Thu Oct 30 21:29:40 2025
Kernel:  AVX+FMA - 1 threads (72 CPU cores detected)

HINT: Use -nt option to specify number of threads because your CPU has 72 cores!
HINT: -nt AUTO will automatically determine the best number of threads to use.

Reading alignment file per_gene_alignments_codon/LOC101393967_.aln.fna ... Fasta format detected
Reading fasta file: done in 0.000451088 secs using 33.25% CPU
Alignment most likely contains DNA/RNA sequences
Alignment has 7 sequences with 1476 columns, 60 distinct patterns
38 parsimony-informative, 114 singleton sites, 1324 constant sites
                     Gap/Ambiguity  Composition  p-value
Analyzing sequences: done in 1.81198e-05 secs
   1  Ceratotherium_simum    0.00%    passed     99.43%
   2  Diceros_bicornis       0.00%    passed     98.20%
   3  Equus_asinus           0.00%    passed     99.32%
   4  Equus_quagga           0.00%    passed     99.32%
   5  Equus_caballus         0.41%    passed     91.07%
   6  Canis_lupus            0.00%    passed     87.68%
   7  Bos_taurus             0.00%    passed     95.83%
****  TOTAL                  0.06%  0 sequences failed composition chi2 test (p-value<5%; df=3)
NOTE: Equus_quagga is identical to Equus_asinus but kept for subsequent analysis


Create initial parsimony tree by phylogenetic likelihood library (PLL)... 0.000 seconds
Perform fast likelihood tree search using GTR+I+G model...
Estimate model parameters (epsilon = 5.000)
Perform nearest neighbor interchange...
Estimate model parameters (epsilon = 1.000)
1. Initial log-likelihood: -2956.999
Optimal log-likelihood: -2956.998
Rate parameters:  A-C: 4.49115  A-G: 6.12870  A-T: 0.23949  C-G: 1.81227  C-T: 11.60331  G-T: 1.00000
Base frequencies:  A: 0.296  C: 0.216  G: 0.225  T: 0.263
Proportion of invariable sites: 0.448
Gamma shape alpha: 2.991
Parameters optimization took 1 rounds (0.001 sec)
Time for fast ML tree search: 0.031 seconds

NOTE: ModelFinder requires 0 MB RAM!
ModelFinder will test up to 484 DNA models (sample size: 1476) ...
 No. Model         -LnL         df  AIC          AICc         BIC
  1  GTR+F         2960.959     19  5959.917     5960.439     6060.562
  2  GTR+F+I       2956.919     20  5953.839     5954.416     6059.781
  3  GTR+F+G4      2957.021     20  5954.042     5954.619     6059.984
  4  GTR+F+I+G4    2956.998     21  5955.997     5956.632     6067.236
  5  GTR+F+R2      2958.281     21  5958.563     5959.198     6069.802
  6  GTR+F+R3      2957.316     23  5960.631     5961.391     6082.464
 14  GTR+F+I+R2    2957.119     22  5958.238     5958.934     6074.774
 15  GTR+F+I+R3    2957.102     24  5962.204     5963.031     6089.334
 23  SYM           2970.928     16  5973.856     5974.229     6058.610
 24  SYM+I         2967.207     17  5968.414     5968.834     6058.465
 25  SYM+G4        2967.295     17  5968.591     5969.010     6058.641
 26  SYM+I+G4      2967.270     18  5970.540     5971.010     6065.888
 45  TVM+F         2965.874     18  5967.749     5968.218     6063.096
 46  TVM+F+I       2961.795     19  5961.590     5962.112     6062.235
 47  TVM+F+G4      2961.891     19  5961.783     5962.305     6062.427
 48  TVM+F+I+G4    2961.877     20  5963.754     5964.332     6069.696
 67  TVMe          2974.680     15  5979.359     5979.688     6058.816
 68  TVMe+I        2970.909     16  5973.819     5974.192     6058.572
 69  TVMe+G4       2970.995     16  5973.989     5974.362     6058.743
 70  TVMe+I+G4     2970.974     17  5975.947     5976.367     6065.998
 89  TIM3+F        2965.476     17  5964.953     5965.372     6055.003
 90  TIM3+F+I      2961.327     18  5958.654     5959.124     6054.002
 91  TIM3+F+G4     2961.488     18  5958.975     5959.445     6054.323
 92  TIM3+F+I+G4   2961.457     19  5960.914     5961.436     6061.558
111  TIM3e         2976.124     14  5980.248     5980.535     6054.407
112  TIM3e+I       2972.311     15  5974.622     5974.950     6054.078
113  TIM3e+G4      2972.471     15  5974.942     5975.270     6054.398
114  TIM3e+I+G4    2972.418     16  5976.836     5977.209     6061.590
133  TIM2+F        2977.476     17  5988.952     5989.372     6079.002
134  TIM2+F+I      2973.724     18  5983.448     5983.917     6078.796
135  TIM2+F+G4     2973.835     18  5983.671     5984.140     6079.018
136  TIM2+F+I+G4   2973.806     19  5985.612     5986.134     6086.256
155  TIM2e         2985.591     14  5999.183     5999.470     6073.342
156  TIM2e+I       2981.938     15  5993.875     5994.204     6073.332
157  TIM2e+G4      2982.044     15  5994.087     5994.416     6073.544
158  TIM2e+I+G4    2982.010     16  5996.020     5996.393     6080.773
177  TIM+F         2972.016     17  5978.032     5978.452     6068.083
178  TIM+F+I       2967.880     18  5971.760     5972.229     6067.107
179  TIM+F+G4      2967.945     18  5971.889     5972.359     6067.237
180  TIM+F+I+G4    2967.936     19  5973.872     5974.394     6074.517
199  TIMe          2981.290     14  5990.580     5990.867     6064.739
200  TIMe+I        2977.376     15  5984.753     5985.081     6064.209
201  TIMe+G4       2977.432     15  5984.864     5985.193     6064.320
202  TIMe+I+G4     2977.421     16  5986.841     5987.214     6071.595
221  TPM3u+F       2970.392     16  5972.784     5973.157     6057.537
222  TPM3u+F+I     2966.215     17  5966.430     5966.850     6056.481
223  TPM3u+F+G4    2966.371     17  5966.742     5967.162     6056.793
224  TPM3u+F+I+G4  2966.339     18  5968.678     5969.147     6064.025
243  TPM3          2979.879     13  5985.757     5986.006     6054.620
244  TPM3+I        2976.054     14  5980.108     5980.396     6054.267
245  TPM3+G4       2976.201     14  5980.403     5980.690     6054.562
246  TPM3+I+G4     2976.158     15  5982.317     5982.645     6061.773
265  TPM2u+F       2982.355     16  5996.710     5997.082     6081.463
266  TPM2u+F+I     2978.513     17  5991.027     5991.447     6081.077
267  TPM2u+F+G4    2978.631     17  5991.262     5991.681     6081.312
268  TPM2u+F+I+G4  2978.602     18  5993.203     5993.672     6088.551
287  TPM2          2989.306     13  6004.611     6004.860     6073.474
288  TPM2+I        2985.638     14  5999.276     5999.563     6073.435
289  TPM2+G4       2985.745     14  5999.490     5999.778     6073.650
290  TPM2+I+G4     2985.711     15  6001.422     6001.750     6080.878
309  K3Pu+F        2976.917     16  5985.833     5986.206     6070.587
310  K3Pu+F+I      2972.670     17  5979.340     5979.760     6069.391
311  K3Pu+F+G4     2972.745     17  5979.491     5979.911     6069.541
312  K3Pu+F+I+G4   2972.741     18  5981.481     5981.951     6076.829
331  K3P           2985.031     13  5996.062     5996.311     6064.924
332  K3P+I         2981.141     14  5990.283     5990.570     6064.442
333  K3P+G4        2981.201     14  5990.403     5990.690     6064.562
334  K3P+I+G4      2981.190     15  5992.380     5992.709     6071.837
353  TN+F          2978.553     16  5989.105     5989.478     6073.859
354  TN+F+I        2974.699     17  5983.399     5983.819     6073.449
355  TN+F+G4       2974.809     17  5983.618     5984.038     6073.669
356  TN+F+I+G4     2974.782     18  5985.564     5986.034     6080.912
375  TNe           2987.441     13  6000.883     6001.132     6069.745
376  TNe+I         2983.705     14  5995.410     5995.697     6069.569
377  TNe+G4        2983.807     14  5995.614     5995.901     6069.773
378  TNe+I+G4      2983.778     15  5997.556     5997.885     6077.012
397  HKY+F         2983.442     15  5996.885     5997.214     6076.341
398  HKY+F+I       2979.488     16  5990.977     5991.350     6075.730
399  HKY+F+G4      2979.600     16  5991.201     5991.574     6075.954
400  HKY+F+I+G4    2979.578     17  5993.157     5993.577     6083.207
419  K2P           2991.166     12  6006.331     6006.545     6069.897
420  K2P+I         2987.438     13  6000.875     6001.124     6069.738
421  K2P+G4        2987.539     13  6001.078     6001.327     6069.941
422  K2P+I+G4      2987.512     14  6003.023     6003.311     6077.183
441  F81+F         3028.102     14  6084.203     6084.491     6158.362
442  F81+F+I       3024.959     15  6079.917     6080.246     6159.374
443  F81+F+G4      3025.079     15  6080.158     6080.487     6159.614
444  F81+F+I+G4    3025.018     16  6082.036     6082.409     6166.789
463  JC            3035.156     11  6092.311     6092.491     6150.579
464  JC+I          3032.036     12  6088.071     6088.285     6151.637
465  JC+G4         3032.152     12  6088.303     6088.517     6151.869
466  JC+I+G4       3032.092     13  6090.184     6090.433     6159.046
Akaike Information Criterion:           GTR+F+I
Corrected Akaike Information Criterion: GTR+F+I
Bayesian Information Criterion:         TIM3+F+I
Best-fit model: TIM3+F+I chosen according to BIC

All model information printed to per_gene_alignments_codon/LOC101393967_.aln.model.gz
CPU time for ModelFinder: 0.270 seconds (0h:0m:0s)
Wall-clock time for ModelFinder: 0.705 seconds (0h:0m:0s)
Generating 1000 samples for ultrafast bootstrap (seed: 969320)...

NOTE: 0 MB RAM (0 GB) is required!
Estimate model parameters (epsilon = 0.100)
1. Initial log-likelihood: -2961.327
Optimal log-likelihood: -2961.327
Rate parameters:  A-C: 5.90699  A-G: 10.80794  A-T: 1.00000  C-G: 5.90699  C-T: 20.46266  G-T: 1.00000
Base frequencies:  A: 0.296  C: 0.216  G: 0.225  T: 0.263
Proportion of invariable sites: 0.566
Parameters optimization took 1 rounds (0.001 sec)
Wrote distance file to... 
Computing ML distances based on estimated model parameters...
Calculating distance matrix: done in 0.000202894 secs using 93.15% CPU
Computing ML distances took 0.000257 sec (of wall-clock time) 0.000255 sec (of CPU time)
Setting up auxiliary I and S matrices: done in 4.79221e-05 secs using 181.5% CPU
Computing RapidNJ tree took 0.000142 sec (of wall-clock time) 0.000272 sec (of CPU time)
Log-likelihood of RapidNJ tree: -2992.891
--------------------------------------------------------------------
|             INITIALIZING CANDIDATE TREE SET                      |
--------------------------------------------------------------------
Generating 98 parsimony trees... 0.058 second
Computing log-likelihood of 40 initial trees ... 0.021 seconds
Current best score: -2961.327

Do NNI search on 20 best initial trees
Estimate model parameters (epsilon = 0.100)
BETTER TREE FOUND at iteration 1: -2961.327
Iteration 10 / LogL: -2961.351 / Time: 0h:0m:0s
Iteration 20 / LogL: -2961.332 / Time: 0h:0m:0s
Finish initializing candidate tree set (1)
Current best tree score: -2961.327 / CPU time: 0.187
Number of iterations: 20
--------------------------------------------------------------------
|               OPTIMIZING CANDIDATE TREE SET                      |
--------------------------------------------------------------------
Iteration 30 / LogL: -2961.327 / Time: 0h:0m:1s (0h:0m:0s left)
Iteration 40 / LogL: -2961.352 / Time: 0h:0m:1s (0h:0m:0s left)
Iteration 50 / LogL: -2961.345 / Time: 0h:0m:1s (0h:0m:0s left)
Log-likelihood cutoff on original alignment: -2993.610
UPDATE BEST LOG-LIKELIHOOD: -2961.327
Iteration 60 / LogL: -2961.327 / Time: 0h:0m:1s (0h:0m:0s left)
Iteration 70 / LogL: -2961.327 / Time: 0h:0m:1s (0h:0m:0s left)
Iteration 80 / LogL: -2961.327 / Time: 0h:0m:1s (0h:0m:0s left)
Iteration 90 / LogL: -2961.345 / Time: 0h:0m:1s (0h:0m:0s left)
Iteration 100 / LogL: -2961.327 / Time: 0h:0m:1s (0h:0m:0s left)
Log-likelihood cutoff on original alignment: -2993.452
NOTE: Bootstrap correlation coefficient of split occurrence frequencies: 1.000
TREE SEARCH COMPLETED AFTER 102 ITERATIONS / Time: 0h:0m:1s

--------------------------------------------------------------------
|                    FINALIZING TREE SEARCH                        |
--------------------------------------------------------------------
Performs final model parameters optimization
Estimate model parameters (epsilon = 0.010)
1. Initial log-likelihood: -2961.327
Optimal log-likelihood: -2961.327
Rate parameters:  A-C: 5.90911  A-G: 10.81557  A-T: 1.00000  C-G: 5.90911  C-T: 20.46403  G-T: 1.00000
Base frequencies:  A: 0.296  C: 0.216  G: 0.225  T: 0.263
Proportion of invariable sites: 0.566
Parameters optimization took 1 rounds (0.001 sec)
BEST SCORE FOUND : -2961.327
Creating bootstrap support values...
Split supports printed to NEXUS file per_gene_alignments_codon/LOC101393967_.aln.splits.nex
Total tree length: 0.121

Total number of iterations: 102
CPU time used for tree search: 0.880 sec (0h:0m:0s)
Wall-clock time used for tree search: 0.924 sec (0h:0m:0s)
Total CPU time used: 1.208 sec (0h:0m:1s)
Total wall-clock time used: 1.725 sec (0h:0m:1s)

Computing bootstrap consensus tree...
Reading input file per_gene_alignments_codon/LOC101393967_.aln.splits.nex...
7 taxa and 19 splits.
Consensus tree written to per_gene_alignments_codon/LOC101393967_.aln.contree
Reading input trees file per_gene_alignments_codon/LOC101393967_.aln.contree
Log-likelihood of consensus tree: -2961.331

Analysis results written to: 
  IQ-TREE report:                per_gene_alignments_codon/LOC101393967_.aln.iqtree
  Maximum-likelihood tree:       per_gene_alignments_codon/LOC101393967_.aln.treefile
  Likelihood distances:          per_gene_alignments_codon/LOC101393967_.aln.mldist

Ultrafast bootstrap approximation results written to:
  Split support values:          per_gene_alignments_codon/LOC101393967_.aln.splits.nex
  Consensus tree:                per_gene_alignments_codon/LOC101393967_.aln.contree
  Screen log file:               per_gene_alignments_codon/LOC101393967_.aln.log

Date and Time: Thu Oct 30 21:29:43 2025
