IQ-TREE multicore version 2.3.3 COVID-edition for Linux x86 64-bit built Apr 25 2024
Developed by Bui Quang Minh, James Barbetti, Nguyen Lam Tung, Olga Chernomor,
Heiko Schmidt, Dominik Schrempf, Michael Woodhams, Ly Trong Nhan, Thomas Wong

Host:    morpheus-OptiPlex-5050 (AVX2, FMA3, 503 GB RAM)
Command: iqtree2 -s per_gene_alignments_codon/LOC101403990_.aln.fna -m MFP -T 1 -B 1000 --prefix per_gene_alignments_codon/LOC101403990_.aln
Seed:    446996 (Using SPRNG - Scalable Parallel Random Number Generator)
Time:    Thu Oct 30 21:36:33 2025
Kernel:  AVX+FMA - 1 threads (72 CPU cores detected)

HINT: Use -nt option to specify number of threads because your CPU has 72 cores!
HINT: -nt AUTO will automatically determine the best number of threads to use.

Reading alignment file per_gene_alignments_codon/LOC101403990_.aln.fna ... Fasta format detected
Reading fasta file: done in 0.000585079 secs
Alignment most likely contains DNA/RNA sequences
Alignment has 7 sequences with 1986 columns, 106 distinct patterns
133 parsimony-informative, 179 singleton sites, 1674 constant sites
                     Gap/Ambiguity  Composition  p-value
Analyzing sequences: done in 2.00272e-05 secs
   1  Ceratotherium_simum    0.00%    passed     99.51%
   2  Diceros_bicornis       0.00%    passed     99.79%
   3  Equus_asinus           0.00%    passed     99.28%
   4  Equus_quagga           0.00%    passed     99.80%
   5  Equus_caballus         0.00%    passed     99.65%
   6  Canis_lupus            0.00%    passed     77.71%
   7  Bos_taurus             0.60%    passed     73.40%
****  TOTAL                  0.09%  0 sequences failed composition chi2 test (p-value<5%; df=3)


Create initial parsimony tree by phylogenetic likelihood library (PLL)... 0.000 seconds
Perform fast likelihood tree search using GTR+I+G model...
Estimate model parameters (epsilon = 5.000)
Perform nearest neighbor interchange...
Estimate model parameters (epsilon = 1.000)
1. Initial log-likelihood: -4577.042
Optimal log-likelihood: -4577.038
Rate parameters:  A-C: 1.17188  A-G: 6.22532  A-T: 0.86394  C-G: 0.86832  C-T: 8.44306  G-T: 1.00000
Base frequencies:  A: 0.227  C: 0.277  G: 0.268  T: 0.229
Proportion of invariable sites: 0.419
Gamma shape alpha: 1.281
Parameters optimization took 1 rounds (0.030 sec)
Time for fast ML tree search: 0.110 seconds

NOTE: ModelFinder requires 0 MB RAM!
ModelFinder will test up to 484 DNA models (sample size: 1986) ...
 No. Model         -LnL         df  AIC          AICc         BIC
  1  GTR+F         4595.958     19  9229.916     9230.302     9336.199
  2  GTR+F+I       4576.598     20  9193.196     9193.623     9305.073
  3  GTR+F+G4      4576.945     20  9193.890     9194.317     9305.767
  4  GTR+F+I+G4    4577.037     21  9196.074     9196.545     9313.546
  5  GTR+F+R2      4577.102     21  9196.203     9196.674     9313.675
  6  GTR+F+R3      4576.920     23  9199.839     9200.402     9328.498
 14  GTR+F+I+R2    4576.880     22  9197.760     9198.275     9320.825
 15  GTR+F+I+R3    4576.990     24  9201.981     9202.593     9336.234
 24  SYM+I         4585.945     17  9205.889     9206.200     9300.985
 25  SYM+G4        4586.353     17  9206.706     9207.017     9301.802
 26  SYM+I+G4      4586.464     18  9208.928     9209.275     9309.617
 27  SYM+R2        4586.392     18  9208.785     9209.133     9309.475
 46  TVM+F+I       4579.038     19  9196.077     9196.463     9302.361
 47  TVM+F+G4      4579.224     19  9196.449     9196.835     9302.732
 48  TVM+F+I+G4    4579.275     20  9198.549     9198.977     9310.427
 49  TVM+F+R2      4579.483     20  9198.966     9199.394     9310.844
 68  TVMe+I        4588.809     16  9209.618     9209.894     9299.120
 69  TVMe+G4       4589.031     16  9210.062     9210.339     9299.564
 70  TVMe+I+G4     4589.090     17  9212.180     9212.491     9307.276
 71  TVMe+R2       4589.277     17  9212.554     9212.865     9307.650
 90  TIM3+F+I      4576.963     18  9189.926     9190.274     9290.616
 91  TIM3+F+G4     4577.304     18  9190.609     9190.957     9291.299
 92  TIM3+F+I+G4   4577.396     19  9192.792     9193.178     9299.075
 93  TIM3+F+R2     4577.463     19  9192.926     9193.313     9299.210
112  TIM3e+I       4586.230     15  9202.459     9202.703     9286.368
113  TIM3e+G4      4586.637     15  9203.274     9203.517     9287.182
114  TIM3e+I+G4    4586.743     16  9205.486     9205.762     9294.988
115  TIM3e+R2      4586.674     16  9205.348     9205.624     9294.850
134  TIM2+F+I      4576.939     18  9189.879     9190.227     9290.569
135  TIM2+F+G4     4577.275     18  9190.550     9190.898     9291.240
136  TIM2+F+I+G4   4577.367     19  9192.734     9193.120     9299.017
137  TIM2+F+R2     4577.438     19  9192.877     9193.263     9299.160
156  TIM2e+I       4586.565     15  9203.130     9203.373     9287.038
157  TIM2e+G4      4586.957     15  9203.914     9204.158     9287.822
158  TIM2e+I+G4    4587.060     16  9206.120     9206.397     9295.623
159  TIM2e+R2      4586.997     16  9205.994     9206.271     9295.496
178  TIM+F+I       4576.711     18  9189.423     9189.771     9290.113
179  TIM+F+G4      4577.059     18  9190.118     9190.466     9290.808
180  TIM+F+I+G4    4577.143     19  9192.286     9192.672     9298.569
181  TIM+F+R2      4577.205     19  9192.411     9192.798     9298.695
200  TIMe+I        4586.330     15  9202.660     9202.904     9286.568
201  TIMe+G4       4586.734     15  9203.468     9203.712     9287.377
202  TIMe+I+G4     4586.831     16  9205.662     9205.939     9295.164
203  TIMe+R2       4586.763     16  9205.525     9205.801     9295.027
222  TPM3u+F+I     4579.413     17  9192.826     9193.137     9287.922
223  TPM3u+F+G4    4579.591     17  9193.181     9193.492     9288.277
224  TPM3u+F+I+G4  4579.642     18  9195.284     9195.632     9295.974
225  TPM3u+F+R2    4579.864     18  9195.729     9196.076     9296.418
244  TPM3+I        4589.107     14  9206.215     9206.428     9284.529
245  TPM3+G4       4589.319     14  9206.639     9206.852     9284.953
246  TPM3+I+G4     4589.378     15  9208.756     9208.999     9292.664
247  TPM3+R2       4589.572     15  9209.144     9209.388     9293.052
266  TPM2u+F+I     4579.389     17  9192.778     9193.089     9287.873
267  TPM2u+F+G4    4579.562     17  9193.124     9193.435     9288.220
268  TPM2u+F+I+G4  4579.612     18  9195.225     9195.572     9295.914
269  TPM2u+F+R2    4579.834     18  9195.668     9196.016     9296.358
288  TPM2+I        4589.418     14  9206.836     9207.049     9285.151
289  TPM2+G4       4589.622     14  9207.244     9207.457     9285.558
290  TPM2+I+G4     4589.680     15  9209.359     9209.603     9293.268
291  TPM2+R2       4589.871     15  9209.743     9209.987     9293.651
310  K3Pu+F+I      4579.153     17  9192.305     9192.616     9287.401
311  K3Pu+F+G4     4579.337     17  9192.673     9192.984     9287.769
312  K3Pu+F+I+G4   4579.385     18  9194.769     9195.117     9295.459
313  K3Pu+F+R2     4579.595     18  9195.189     9195.537     9295.879
332  K3P+I         4589.175     14  9206.351     9206.564     9284.665
333  K3P+G4        4589.385     14  9206.770     9206.983     9285.084
334  K3P+I+G4      4589.442     15  9208.885     9209.128     9292.793
335  K3P+R2        4589.629     15  9209.257     9209.501     9293.165
354  TN+F+I        4577.008     17  9188.017     9188.328     9283.113
355  TN+F+G4       4577.345     17  9188.689     9189.000     9283.785
356  TN+F+I+G4     4577.434     18  9190.869     9191.217     9291.559
357  TN+F+R2       4577.502     18  9191.004     9191.351     9291.693
376  TNe+I         4586.566     14  9201.132     9201.345     9279.446
377  TNe+G4        4586.959     14  9201.917     9202.131     9280.232
378  TNe+I+G4      4587.062     15  9204.124     9204.368     9288.032
379  TNe+R2        4586.996     15  9203.993     9204.236     9287.901
398  HKY+F+I       4579.458     16  9190.917     9191.193     9280.419
399  HKY+F+G4      4579.631     16  9191.261     9191.538     9280.763
400  HKY+F+I+G4    4579.682     17  9193.365     9193.676     9288.461
401  HKY+F+R2      4579.901     17  9193.801     9194.112     9288.897
420  K2P+I         4589.421     13  9204.842     9205.026     9277.562
421  K2P+G4        4589.624     13  9205.248     9205.432     9277.968
422  K2P+I+G4      4589.681     14  9207.363     9207.576     9285.677
423  K2P+R2        4589.873     14  9207.746     9207.959     9286.060
442  F81+F+I       4723.687     15  9477.375     9477.618     9561.283
443  F81+F+G4      4724.074     15  9478.149     9478.392     9562.057
444  F81+F+I+G4    4724.003     16  9480.006     9480.283     9569.508
445  F81+F+R2      4724.136     16  9480.272     9480.548     9569.774
464  JC+I          4732.333     12  9488.666     9488.825     9555.793
465  JC+G4         4732.743     12  9489.486     9489.644     9556.612
466  JC+I+G4       4732.668     13  9491.336     9491.520     9564.056
467  JC+R2         4732.788     13  9491.576     9491.761     9564.296
Akaike Information Criterion:           TN+F+I
Corrected Akaike Information Criterion: TN+F+I
Bayesian Information Criterion:         K2P+I
Best-fit model: K2P+I chosen according to BIC

All model information printed to per_gene_alignments_codon/LOC101403990_.aln.model.gz
CPU time for ModelFinder: 1.066 seconds (0h:0m:1s)
Wall-clock time for ModelFinder: 1.845 seconds (0h:0m:1s)
Generating 1000 samples for ultrafast bootstrap (seed: 446996)...

NOTE: 0 MB RAM (0 GB) is required!
Estimate model parameters (epsilon = 0.100)
1. Initial log-likelihood: -4589.421
Optimal log-likelihood: -4589.421
Rate parameters:  A-C: 1.00000  A-G: 7.30050  A-T: 1.00000  C-G: 1.00000  C-T: 7.30050  G-T: 1.00000
Base frequencies:  A: 0.250  C: 0.250  G: 0.250  T: 0.250
Proportion of invariable sites: 0.606
Parameters optimization took 1 rounds (0.001 sec)
Wrote distance file to... 
Computing ML distances based on estimated model parameters...
Calculating distance matrix: done in 0.000178099 secs using 99.38% CPU
Computing ML distances took 0.000221 sec (of wall-clock time) 0.000226 sec (of CPU time)
Setting up auxiliary I and S matrices: done in 4.1008e-05 secs using 153.6% CPU
Computing RapidNJ tree took 0.000131 sec (of wall-clock time) 0.000201 sec (of CPU time)
Log-likelihood of RapidNJ tree: -4589.421
--------------------------------------------------------------------
|             INITIALIZING CANDIDATE TREE SET                      |
--------------------------------------------------------------------
Generating 99 parsimony trees... 0.080 second
Computing log-likelihood of 38 initial trees ... 0.023 seconds
Current best score: -4589.421

Do NNI search on 20 best initial trees
Estimate model parameters (epsilon = 0.100)
BETTER TREE FOUND at iteration 1: -4589.421
Iteration 10 / LogL: -4589.779 / Time: 0h:0m:2s
Iteration 20 / LogL: -4589.421 / Time: 0h:0m:2s
Finish initializing candidate tree set (1)
Current best tree score: -4589.421 / CPU time: 0.176
Number of iterations: 20
--------------------------------------------------------------------
|               OPTIMIZING CANDIDATE TREE SET                      |
--------------------------------------------------------------------
Iteration 30 / LogL: -4589.421 / Time: 0h:0m:2s (0h:0m:0s left)
Iteration 40 / LogL: -4589.484 / Time: 0h:0m:2s (0h:0m:0s left)
Iteration 50 / LogL: -4589.421 / Time: 0h:0m:2s (0h:0m:0s left)
Log-likelihood cutoff on original alignment: -4605.383
Iteration 60 / LogL: -4589.447 / Time: 0h:0m:2s (0h:0m:0s left)
Iteration 70 / LogL: -4589.421 / Time: 0h:0m:2s (0h:0m:0s left)
Iteration 80 / LogL: -4589.421 / Time: 0h:0m:2s (0h:0m:0s left)
Iteration 90 / LogL: -4589.512 / Time: 0h:0m:2s (0h:0m:0s left)
Iteration 100 / LogL: -4589.421 / Time: 0h:0m:2s (0h:0m:0s left)
Log-likelihood cutoff on original alignment: -4605.383
NOTE: Bootstrap correlation coefficient of split occurrence frequencies: 1.000
TREE SEARCH COMPLETED AFTER 102 ITERATIONS / Time: 0h:0m:3s

--------------------------------------------------------------------
|                    FINALIZING TREE SEARCH                        |
--------------------------------------------------------------------
Performs final model parameters optimization
Estimate model parameters (epsilon = 0.010)
1. Initial log-likelihood: -4589.421
Optimal log-likelihood: -4589.421
Rate parameters:  A-C: 1.00000  A-G: 7.30029  A-T: 1.00000  C-G: 1.00000  C-T: 7.30029  G-T: 1.00000
Base frequencies:  A: 0.250  C: 0.250  G: 0.250  T: 0.250
Proportion of invariable sites: 0.606
Parameters optimization took 1 rounds (0.001 sec)
BEST SCORE FOUND : -4589.421
Creating bootstrap support values...
Split supports printed to NEXUS file per_gene_alignments_codon/LOC101403990_.aln.splits.nex
Total tree length: 0.209

Total number of iterations: 102
CPU time used for tree search: 0.906 sec (0h:0m:0s)
Wall-clock time used for tree search: 1.133 sec (0h:0m:1s)
Total CPU time used: 2.035 sec (0h:0m:2s)
Total wall-clock time used: 3.093 sec (0h:0m:3s)

Computing bootstrap consensus tree...
Reading input file per_gene_alignments_codon/LOC101403990_.aln.splits.nex...
7 taxa and 15 splits.
Consensus tree written to per_gene_alignments_codon/LOC101403990_.aln.contree
Reading input trees file per_gene_alignments_codon/LOC101403990_.aln.contree
Log-likelihood of consensus tree: -4589.421

Analysis results written to: 
  IQ-TREE report:                per_gene_alignments_codon/LOC101403990_.aln.iqtree
  Maximum-likelihood tree:       per_gene_alignments_codon/LOC101403990_.aln.treefile
  Likelihood distances:          per_gene_alignments_codon/LOC101403990_.aln.mldist

Ultrafast bootstrap approximation results written to:
  Split support values:          per_gene_alignments_codon/LOC101403990_.aln.splits.nex
  Consensus tree:                per_gene_alignments_codon/LOC101403990_.aln.contree
  Screen log file:               per_gene_alignments_codon/LOC101403990_.aln.log

Date and Time: Thu Oct 30 21:36:37 2025
