IQ-TREE multicore version 2.3.3 COVID-edition for Linux x86 64-bit built Apr 25 2024
Developed by Bui Quang Minh, James Barbetti, Nguyen Lam Tung, Olga Chernomor,
Heiko Schmidt, Dominik Schrempf, Michael Woodhams, Ly Trong Nhan, Thomas Wong

Host:    morpheus-OptiPlex-5050 (AVX2, FMA3, 503 GB RAM)
Command: iqtree2 -s per_gene_alignments_codon/LOC101407119_.aln.fna -m MFP -T 1 -B 1000 --prefix per_gene_alignments_codon/LOC101407119_.aln
Seed:    225908 (Using SPRNG - Scalable Parallel Random Number Generator)
Time:    Thu Oct 30 21:38:39 2025
Kernel:  AVX+FMA - 1 threads (72 CPU cores detected)

HINT: Use -nt option to specify number of threads because your CPU has 72 cores!
HINT: -nt AUTO will automatically determine the best number of threads to use.

Reading alignment file per_gene_alignments_codon/LOC101407119_.aln.fna ... Fasta format detected
Reading fasta file: done in 0.000400066 secs using 33.24% CPU
Alignment most likely contains DNA/RNA sequences
Alignment has 7 sequences with 1284 columns, 47 distinct patterns
37 parsimony-informative, 73 singleton sites, 1174 constant sites
                     Gap/Ambiguity  Composition  p-value
Analyzing sequences: done in 1.5974e-05 secs using 31.3% CPU
   1  Ceratotherium_simum    0.00%    passed     98.45%
   2  Diceros_bicornis       0.00%    passed     97.80%
   3  Equus_asinus           0.00%    passed     99.87%
   4  Equus_quagga           0.00%    passed     99.64%
   5  Equus_caballus         0.00%    passed     99.99%
   6  Canis_lupus            0.00%    passed     83.46%
   7  Bos_taurus             0.00%    passed     97.98%
****  TOTAL                  0.00%  0 sequences failed composition chi2 test (p-value<5%; df=3)


Create initial parsimony tree by phylogenetic likelihood library (PLL)... 0.000 seconds
Perform fast likelihood tree search using GTR+I+G model...
Estimate model parameters (epsilon = 5.000)
Perform nearest neighbor interchange...
Estimate model parameters (epsilon = 1.000)
1. Initial log-likelihood: -2418.313
Optimal log-likelihood: -2418.312
Rate parameters:  A-C: 1.36634  A-G: 9.49549  A-T: 1.31352  C-G: 2.16754  C-T: 20.37393  G-T: 1.00000
Base frequencies:  A: 0.240  C: 0.267  G: 0.256  T: 0.237
Proportion of invariable sites: 0.456
Gamma shape alpha: 2.138
Parameters optimization took 1 rounds (0.001 sec)
Time for fast ML tree search: 0.073 seconds

NOTE: ModelFinder requires 0 MB RAM!
ModelFinder will test up to 484 DNA models (sample size: 1284) ...
 No. Model         -LnL         df  AIC          AICc         BIC
  1  GTR+F         2420.680     19  4879.359     4879.961     4977.356
  2  GTR+F+I       2418.383     20  4876.766     4877.431     4979.921
  3  GTR+F+G4      2418.310     20  4876.620     4877.285     4979.774
  4  GTR+F+I+G4    2418.311     21  4878.621     4879.354     4986.934
  5  GTR+F+R2      2419.182     21  4880.364     4881.097     4988.677
  6  GTR+F+R3      2418.719     23  4883.438     4884.315     5002.066
 14  GTR+F+I+R2    2418.371     22  4880.742     4881.544     4994.212
 15  GTR+F+I+R3    2418.398     24  4884.796     4885.749     5008.581
 23  SYM           2421.787     16  4875.574     4876.003     4958.098
 24  SYM+I         2419.567     17  4873.133     4873.617     4960.815
 25  SYM+G4        2419.499     17  4872.998     4873.482     4960.680
 26  SYM+I+G4      2419.504     18  4875.009     4875.550     4967.848
 45  TVM+F         2426.579     18  4889.157     4889.698     4981.997
 46  TVM+F+I       2423.839     19  4885.679     4886.280     4983.676
 47  TVM+F+G4      2423.830     19  4885.660     4886.261     4983.657
 48  TVM+F+I+G4    2423.826     20  4887.651     4888.316     4990.806
 67  TVMe          2427.967     15  4885.934     4886.312     4963.300
 68  TVMe+I        2425.247     16  4882.494     4882.923     4965.017
 69  TVMe+G4       2425.231     16  4882.463     4882.892     4964.986
 70  TVMe+I+G4     2425.222     17  4884.443     4884.927     4972.125
 89  TIM3+F        2420.949     17  4875.898     4876.382     4963.580
 90  TIM3+F+I      2418.697     18  4873.393     4873.934     4966.233
 91  TIM3+F+G4     2418.631     18  4873.262     4873.803     4966.101
 92  TIM3+F+I+G4   2418.629     19  4875.258     4875.859     4973.255
111  TIM3e         2422.121     14  4872.242     4872.573     4944.450
112  TIM3e+I       2419.904     15  4869.807     4870.186     4947.173
113  TIM3e+G4      2419.840     15  4869.679     4870.058     4947.045
114  TIM3e+I+G4    2419.843     16  4871.686     4872.115     4954.209
133  TIM2+F        2421.194     17  4876.388     4876.872     4964.070
134  TIM2+F+I      2418.945     18  4873.890     4874.431     4966.730
135  TIM2+F+G4     2418.881     18  4873.763     4874.304     4966.602
136  TIM2+F+I+G4   2418.882     19  4875.764     4876.366     4973.761
155  TIM2e         2422.449     14  4872.897     4873.228     4945.105
156  TIM2e+I       2420.248     15  4870.495     4870.874     4947.861
157  TIM2e+G4      2420.189     15  4870.378     4870.757     4947.745
158  TIM2e+I+G4    2420.190     16  4872.381     4872.810     4954.905
177  TIM+F         2421.019     17  4876.038     4876.521     4963.719
178  TIM+F+I       2418.749     18  4873.498     4874.038     4966.337
179  TIM+F+G4      2418.681     18  4873.362     4873.903     4966.202
180  TIM+F+I+G4    2418.681     19  4875.361     4875.962     4973.358
199  TIMe          2422.305     14  4872.610     4872.941     4944.818
200  TIMe+I        2420.086     15  4870.171     4870.550     4947.537
201  TIMe+G4       2420.022     15  4870.045     4870.423     4947.411
202  TIMe+I+G4     2420.022     16  4872.044     4872.474     4954.568
221  TPM3u+F       2426.878     16  4885.756     4886.185     4968.279
222  TPM3u+F+I     2424.142     17  4882.284     4882.768     4969.966
223  TPM3u+F+G4    2424.134     17  4882.269     4882.752     4969.950
224  TPM3u+F+I+G4  2424.135     18  4884.270     4884.810     4977.109
243  TPM3          2428.300     13  4882.600     4882.886     4949.650
244  TPM3+I        2425.585     14  4879.170     4879.501     4951.379
245  TPM3+G4       2425.579     14  4879.158     4879.489     4951.366
246  TPM3+I+G4     2425.581     15  4881.162     4881.540     4958.528
265  TPM2u+F       2427.122     16  4886.243     4886.672     4968.767
266  TPM2u+F+I     2424.396     17  4882.792     4883.275     4970.473
267  TPM2u+F+G4    2424.393     17  4882.786     4883.270     4970.468
268  TPM2u+F+I+G4  2424.387     18  4884.773     4885.314     4977.613
287  TPM2          2428.628     13  4883.256     4883.542     4950.306
288  TPM2+I        2425.922     14  4879.843     4880.174     4952.052
289  TPM2+G4       2425.923     14  4879.846     4880.177     4952.055
290  TPM2+I+G4     2425.917     15  4881.835     4882.213     4959.201
309  K3Pu+F        2426.946     16  4885.891     4886.320     4968.415
310  K3Pu+F+I      2424.185     17  4882.370     4882.854     4970.052
311  K3Pu+F+G4     2424.186     17  4882.373     4882.856     4970.054
312  K3Pu+F+I+G4   2424.174     18  4884.349     4884.890     4977.188
331  K3P           2428.482     13  4882.965     4883.251     4950.015
332  K3P+I         2425.745     14  4879.490     4879.821     4951.698
333  K3P+G4        2425.750     14  4879.500     4879.831     4951.708
334  K3P+I+G4      2425.739     15  4881.479     4881.857     4958.845
353  TN+F          2421.299     16  4874.598     4875.027     4957.122
354  TN+F+I        2419.047     17  4872.094     4872.578     4959.776
355  TN+F+G4       2418.983     17  4871.966     4872.449     4959.647
356  TN+F+I+G4     2418.986     18  4873.971     4874.512     4966.811
375  TNe           2422.589     13  4871.178     4871.465     4938.229
376  TNe+I         2420.385     14  4868.770     4869.101     4940.979
377  TNe+G4        2420.327     14  4868.655     4868.986     4940.863
378  TNe+I+G4      2420.332     15  4870.664     4871.042     4948.030
397  HKY+F         2427.225     15  4884.449     4884.828     4961.815
398  HKY+F+I       2424.487     16  4880.974     4881.403     4963.498
399  HKY+F+G4      2424.486     16  4880.971     4881.401     4963.495
400  HKY+F+I+G4    2424.484     17  4882.968     4883.452     4970.650
419  K2P           2428.767     12  4881.534     4881.779     4943.426
420  K2P+I         2426.052     13  4878.104     4878.391     4945.155
421  K2P+G4        2426.056     13  4878.111     4878.398     4945.162
422  K2P+I+G4      2426.055     14  4880.110     4880.441     4952.318
441  F81+F         2486.812     14  5001.625     5001.956     5073.833
442  F81+F+I       2485.036     15  5000.072     5000.450     5077.438
443  F81+F+G4      2485.048     15  5000.097     5000.475     5077.463
444  F81+F+I+G4    2485.043     16  5002.086     5002.516     5084.610
463  JC            2488.236     11  4998.471     4998.679     5055.206
464  JC+I          2486.489     12  4996.977     4997.223     5058.870
465  JC+G4         2486.504     12  4997.008     4997.253     5058.901
466  JC+I+G4       2486.497     13  4998.994     4999.281     5066.045
Akaike Information Criterion:           TNe+G4
Corrected Akaike Information Criterion: TNe+G4
Bayesian Information Criterion:         TNe
Best-fit model: TNe chosen according to BIC

All model information printed to per_gene_alignments_codon/LOC101407119_.aln.model.gz
CPU time for ModelFinder: 0.282 seconds (0h:0m:0s)
Wall-clock time for ModelFinder: 0.735 seconds (0h:0m:0s)
Generating 1000 samples for ultrafast bootstrap (seed: 225908)...

NOTE: 0 MB RAM (0 GB) is required!
Estimate model parameters (epsilon = 0.100)
1. Initial log-likelihood: -2422.589
Optimal log-likelihood: -2422.589
Rate parameters:  A-C: 1.00000  A-G: 6.07848  A-T: 1.00000  C-G: 1.00000  C-T: 12.87566  G-T: 1.00000
Base frequencies:  A: 0.250  C: 0.250  G: 0.250  T: 0.250
Parameters optimization took 1 rounds (0.000 sec)
Wrote distance file to... 
Computing ML distances based on estimated model parameters...
Calculating distance matrix: done in 0.00022006 secs using 99.06% CPU
Computing ML distances took 0.000262 sec (of wall-clock time) 0.000268 sec (of CPU time)
Setting up auxiliary I and S matrices: done in 0.00823498 secs using 97.1% CPU
Computing RapidNJ tree took 0.008331 sec (of wall-clock time) 0.008092 sec (of CPU time)
Log-likelihood of RapidNJ tree: -2422.593
--------------------------------------------------------------------
|             INITIALIZING CANDIDATE TREE SET                      |
--------------------------------------------------------------------
Generating 99 parsimony trees... 0.030 second
Computing log-likelihood of 49 initial trees ... 0.010 seconds
Current best score: -2422.589

Do NNI search on 20 best initial trees
Estimate model parameters (epsilon = 0.100)
BETTER TREE FOUND at iteration 1: -2422.589
UPDATE BEST LOG-LIKELIHOOD: -2422.589
UPDATE BEST LOG-LIKELIHOOD: -2422.589
Iteration 10 / LogL: -2422.589 / Time: 0h:0m:0s
Iteration 20 / LogL: -2422.589 / Time: 0h:0m:0s
Finish initializing candidate tree set (2)
Current best tree score: -2422.589 / CPU time: 0.104
Number of iterations: 20
--------------------------------------------------------------------
|               OPTIMIZING CANDIDATE TREE SET                      |
--------------------------------------------------------------------
Iteration 30 / LogL: -2422.589 / Time: 0h:0m:0s (0h:0m:0s left)
UPDATE BEST LOG-LIKELIHOOD: -2422.589
UPDATE BEST LOG-LIKELIHOOD: -2422.589
Iteration 40 / LogL: -2422.590 / Time: 0h:0m:1s (0h:0m:0s left)
UPDATE BEST LOG-LIKELIHOOD: -2422.589
Iteration 50 / LogL: -2422.590 / Time: 0h:0m:1s (0h:0m:0s left)
Log-likelihood cutoff on original alignment: -2453.560
Iteration 60 / LogL: -2422.589 / Time: 0h:0m:1s (0h:0m:0s left)
UPDATE BEST LOG-LIKELIHOOD: -2422.589
Iteration 70 / LogL: -2422.590 / Time: 0h:0m:1s (0h:0m:0s left)
Iteration 80 / LogL: -2498.506 / Time: 0h:0m:1s (0h:0m:0s left)
Iteration 90 / LogL: -2422.589 / Time: 0h:0m:1s (0h:0m:0s left)
Iteration 100 / LogL: -2422.589 / Time: 0h:0m:1s (0h:0m:0s left)
Log-likelihood cutoff on original alignment: -2448.675
NOTE: Bootstrap correlation coefficient of split occurrence frequencies: 0.996
TREE SEARCH COMPLETED AFTER 102 ITERATIONS / Time: 0h:0m:1s

--------------------------------------------------------------------
|                    FINALIZING TREE SEARCH                        |
--------------------------------------------------------------------
Performs final model parameters optimization
Estimate model parameters (epsilon = 0.010)
1. Initial log-likelihood: -2422.589
Optimal log-likelihood: -2422.589
Rate parameters:  A-C: 1.00000  A-G: 6.07687  A-T: 1.00000  C-G: 1.00000  C-T: 12.86428  G-T: 1.00000
Base frequencies:  A: 0.250  C: 0.250  G: 0.250  T: 0.250
Parameters optimization took 1 rounds (0.000 sec)
BEST SCORE FOUND : -2422.589
Creating bootstrap support values...
Split supports printed to NEXUS file per_gene_alignments_codon/LOC101407119_.aln.splits.nex
Total tree length: 0.094

Total number of iterations: 102
CPU time used for tree search: 0.832 sec (0h:0m:0s)
Wall-clock time used for tree search: 0.919 sec (0h:0m:0s)
Total CPU time used: 1.176 sec (0h:0m:1s)
Total wall-clock time used: 1.721 sec (0h:0m:1s)

Computing bootstrap consensus tree...
Reading input file per_gene_alignments_codon/LOC101407119_.aln.splits.nex...
7 taxa and 16 splits.
Consensus tree written to per_gene_alignments_codon/LOC101407119_.aln.contree
Reading input trees file per_gene_alignments_codon/LOC101407119_.aln.contree
Log-likelihood of consensus tree: -2422.593

Analysis results written to: 
  IQ-TREE report:                per_gene_alignments_codon/LOC101407119_.aln.iqtree
  Maximum-likelihood tree:       per_gene_alignments_codon/LOC101407119_.aln.treefile
  Likelihood distances:          per_gene_alignments_codon/LOC101407119_.aln.mldist

Ultrafast bootstrap approximation results written to:
  Split support values:          per_gene_alignments_codon/LOC101407119_.aln.splits.nex
  Consensus tree:                per_gene_alignments_codon/LOC101407119_.aln.contree
  Screen log file:               per_gene_alignments_codon/LOC101407119_.aln.log

Date and Time: Thu Oct 30 21:38:41 2025
