IQ-TREE multicore version 2.3.3 COVID-edition for Linux x86 64-bit built Apr 25 2024
Developed by Bui Quang Minh, James Barbetti, Nguyen Lam Tung, Olga Chernomor,
Heiko Schmidt, Dominik Schrempf, Michael Woodhams, Ly Trong Nhan, Thomas Wong

Host:    morpheus-OptiPlex-5050 (AVX2, FMA3, 503 GB RAM)
Command: iqtree2 -s per_gene_alignments_codon/LOC101404333_.aln.fna -m MFP -T 1 -B 1000 --prefix per_gene_alignments_codon/LOC101404333_.aln
Seed:    570828 (Using SPRNG - Scalable Parallel Random Number Generator)
Time:    Thu Oct 30 21:36:46 2025
Kernel:  AVX+FMA - 1 threads (72 CPU cores detected)

HINT: Use -nt option to specify number of threads because your CPU has 72 cores!
HINT: -nt AUTO will automatically determine the best number of threads to use.

Reading alignment file per_gene_alignments_codon/LOC101404333_.aln.fna ... Fasta format detected
Reading fasta file: done in 0.000289202 secs using 99.24% CPU
Alignment most likely contains DNA/RNA sequences
Alignment has 7 sequences with 897 columns, 66 distinct patterns
41 parsimony-informative, 68 singleton sites, 788 constant sites
                     Gap/Ambiguity  Composition  p-value
Analyzing sequences: done in 1.50204e-05 secs using 86.55% CPU
   1  Ceratotherium_simum    0.00%    passed     99.83%
   2  Diceros_bicornis       0.00%    passed     98.75%
   3  Equus_asinus           0.00%    passed     99.39%
   4  Equus_quagga           0.00%    passed     99.54%
   5  Equus_caballus         0.00%    passed     98.99%
   6  Canis_lupus            0.00%    passed     97.84%
   7  Bos_taurus             0.00%    passed     99.67%
****  TOTAL                  0.00%  0 sequences failed composition chi2 test (p-value<5%; df=3)


Create initial parsimony tree by phylogenetic likelihood library (PLL)... 0.000 seconds
Perform fast likelihood tree search using GTR+I+G model...
Estimate model parameters (epsilon = 5.000)

WARNING: Estimated model parameters are at boundary that can cause numerical instability!

Perform nearest neighbor interchange...
Estimate model parameters (epsilon = 1.000)
1. Initial log-likelihood: -1871.394
Optimal log-likelihood: -1871.327
Rate parameters:  A-C: 5.04302  A-G: 72.41849  A-T: 34.58052  C-G: 15.69800  C-T: 100.00000  G-T: 1.00000
Warning! Some parameters hit the boundaries
Base frequencies:  A: 0.178  C: 0.386  G: 0.275  T: 0.161
Proportion of invariable sites: 0.433
Gamma shape alpha: 0.364
Parameters optimization took 1 rounds (0.019 sec)

WARNING: Estimated model parameters are at boundary that can cause numerical instability!

Time for fast ML tree search: 0.123 seconds

NOTE: ModelFinder requires 0 MB RAM!
ModelFinder will test up to 484 DNA models (sample size: 897) ...
 No. Model         -LnL         df  AIC          AICc         BIC
  1  GTR+F         1890.060     19  3818.120     3818.986     3909.302
  2  GTR+F+I       1870.755     20  3781.509     3782.468     3877.490
  3  GTR+F+G4      1870.797     20  3781.594     3782.553     3877.575
  4  GTR+F+I+G4    1871.317     21  3784.634     3785.690     3885.415
  5  GTR+F+R2      1871.017     21  3784.035     3785.091     3884.815
  6  GTR+F+R3      1870.868     23  3787.735     3789.000     3898.114
 14  GTR+F+I+R2    1870.936     22  3785.871     3787.029     3891.450
 15  GTR+F+I+R3    1871.047     24  3790.093     3791.469     3905.271
 24  SYM+I         1930.588     17  3895.177     3895.873     3976.761
 25  SYM+G4        1930.591     17  3895.181     3895.877     3976.765
 26  SYM+I+G4      1930.888     18  3897.777     3898.556     3984.160
 27  SYM+R2        1930.914     18  3897.828     3898.607     3984.211
 46  TVM+F+I       1871.475     19  3780.949     3781.816     3872.131
 47  TVM+F+G4      1871.530     19  3781.059     3781.926     3872.241
 48  TVM+F+I+G4    1872.033     20  3784.066     3785.025     3880.047
 49  TVM+F+R2      1871.686     20  3783.372     3784.331     3879.354
 68  TVMe+I        1931.269     16  3894.538     3895.156     3971.323
 69  TVMe+G4       1931.278     16  3894.556     3895.174     3971.340
 70  TVMe+I+G4     1931.590     17  3897.181     3897.877     3978.765
 71  TVMe+R2       1931.529     17  3897.059     3897.755     3978.643
 90  TIM3+F+I      1876.313     18  3788.627     3789.406     3875.010
 91  TIM3+F+G4     1876.329     18  3788.658     3789.437     3875.041
 92  TIM3+F+I+G4   1876.590     19  3791.180     3792.047     3882.362
 93  TIM3+F+R2     1876.541     19  3791.081     3791.948     3882.263
112  TIM3e+I       1936.649     15  3903.299     3903.844     3975.285
113  TIM3e+G4      1936.648     15  3903.297     3903.842     3975.283
114  TIM3e+I+G4    1936.730     16  3905.460     3906.078     3982.245
115  TIM3e+R2      1937.003     16  3906.005     3906.623     3982.790
134  TIM2+F+I      1876.320     18  3788.640     3789.419     3875.023
135  TIM2+F+G4     1876.337     18  3788.674     3789.453     3875.057
136  TIM2+F+I+G4   1876.586     19  3791.173     3792.039     3882.355
137  TIM2+F+R2     1876.549     19  3791.098     3791.965     3882.280
156  TIM2e+I       1937.087     15  3904.174     3904.719     3976.160
157  TIM2e+G4      1937.088     15  3904.176     3904.721     3976.162
158  TIM2e+I+G4    1937.231     16  3906.461     3907.079     3983.246
159  TIM2e+R2      1937.369     16  3906.738     3907.356     3983.523
178  TIM+F+I       1872.792     18  3781.583     3782.362     3867.966
179  TIM+F+G4      1872.799     18  3781.597     3782.376     3867.980
180  TIM+F+I+G4    1873.215     19  3784.430     3785.297     3875.612
181  TIM+F+R2      1873.031     19  3784.062     3784.928     3875.244
200  TIMe+I        1931.246     15  3892.492     3893.037     3964.478
201  TIMe+G4       1931.283     15  3892.565     3893.110     3964.551
202  TIMe+I+G4     1931.622     16  3895.243     3895.862     3972.028
203  TIMe+R2       1931.640     16  3895.279     3895.897     3972.064
222  TPM3u+F+I     1877.013     17  3788.027     3788.723     3869.611
223  TPM3u+F+G4    1877.038     17  3788.075     3788.771     3869.659
224  TPM3u+F+I+G4  1877.296     18  3790.593     3791.372     3876.976
225  TPM3u+F+R2    1877.252     18  3790.503     3791.282     3876.886
244  TPM3+I        1937.360     14  3902.721     3903.197     3969.908
245  TPM3+G4       1937.360     14  3902.721     3903.197     3969.907
246  TPM3+I+G4     1937.466     15  3904.931     3905.476     3976.917
247  TPM3+R2       1937.647     15  3905.295     3905.839     3977.280
266  TPM2u+F+I     1877.018     17  3788.035     3788.732     3869.619
267  TPM2u+F+G4    1877.036     17  3788.072     3788.768     3869.656
268  TPM2u+F+I+G4  1877.286     18  3790.572     3791.351     3876.955
269  TPM2u+F+R2    1877.252     18  3790.504     3791.283     3876.887
288  TPM2+I        1937.748     14  3903.497     3903.973     3970.683
289  TPM2+G4       1937.749     14  3903.498     3903.975     3970.685
290  TPM2+I+G4     1937.907     15  3905.814     3906.359     3977.800
291  TPM2+R2       1938.039     15  3906.078     3906.623     3978.064
310  K3Pu+F+I      1873.375     17  3780.750     3781.446     3862.333
311  K3Pu+F+G4     1873.434     17  3780.867     3781.563     3862.451
312  K3Pu+F+I+G4   1873.835     18  3783.670     3784.449     3870.053
313  K3Pu+F+R2     1873.673     18  3783.347     3784.126     3869.730
332  K3P+I         1931.892     14  3891.784     3892.260     3958.971
333  K3P+G4        1931.944     14  3891.887     3892.364     3959.074
334  K3P+I+G4      1932.296     15  3894.592     3895.137     3966.578
335  K3P+R2        1932.178     15  3894.355     3894.900     3966.341
354  TN+F+I        1876.345     17  3786.690     3787.387     3868.274
355  TN+F+G4       1876.361     17  3786.722     3787.418     3868.306
356  TN+F+I+G4     1876.616     18  3789.232     3790.011     3875.615
357  TN+F+R2       1876.573     18  3789.146     3789.925     3875.529
376  TNe+I         1937.261     14  3902.522     3902.998     3969.709
377  TNe+G4        1937.262     14  3902.525     3903.001     3969.711
378  TNe+I+G4      1937.407     15  3904.814     3905.359     3976.800
379  TNe+R2        1937.548     15  3905.097     3905.642     3977.083
398  HKY+F+I       1877.039     16  3786.077     3786.696     3862.862
399  HKY+F+G4      1877.060     16  3786.120     3786.739     3862.905
400  HKY+F+I+G4    1877.316     17  3788.633     3789.329     3870.217
401  HKY+F+R2      1877.278     17  3788.556     3789.252     3870.140
420  K2P+I         1937.940     13  3901.879     3902.291     3964.267
421  K2P+G4        1937.940     13  3901.880     3902.293     3964.268
422  K2P+I+G4      1938.098     14  3904.195     3904.671     3971.382
423  K2P+R2        1938.231     14  3904.463     3904.939     3971.650
442  F81+F+I       1925.303     15  3880.606     3881.151     3952.592
443  F81+F+G4      1925.345     15  3880.689     3881.234     3952.675
444  F81+F+I+G4    1925.549     16  3883.099     3883.717     3959.884
445  F81+F+R2      1925.702     16  3883.403     3884.022     3960.188
464  JC+I          1979.404     12  3982.807     3983.160     4040.396
465  JC+G4         1979.440     12  3982.879     3983.232     4040.468
466  JC+I+G4       1979.602     13  3985.204     3985.616     4047.592
467  JC+R2         1979.803     13  3985.606     3986.018     4047.993
Akaike Information Criterion:           K3Pu+F+I
Corrected Akaike Information Criterion: K3Pu+F+I
Bayesian Information Criterion:         K3Pu+F+I
Best-fit model: K3Pu+F+I chosen according to BIC

All model information printed to per_gene_alignments_codon/LOC101404333_.aln.model.gz
CPU time for ModelFinder: 1.321 seconds (0h:0m:1s)
Wall-clock time for ModelFinder: 3.002 seconds (0h:0m:3s)
Generating 1000 samples for ultrafast bootstrap (seed: 570828)...

NOTE: 0 MB RAM (0 GB) is required!
Estimate model parameters (epsilon = 0.100)
1. Initial log-likelihood: -1873.375
Optimal log-likelihood: -1873.375
Rate parameters:  A-C: 1.00000  A-G: 31.14644  A-T: 7.19143  C-G: 7.19143  C-T: 31.14644  G-T: 1.00000
Base frequencies:  A: 0.178  C: 0.386  G: 0.275  T: 0.161
Proportion of invariable sites: 0.766
Parameters optimization took 1 rounds (0.001 sec)
Wrote distance file to... 
Computing ML distances based on estimated model parameters...
Calculating distance matrix: done in 0.000189066 secs using 98.91% CPU
Computing ML distances took 0.000233 sec (of wall-clock time) 0.000239 sec (of CPU time)
Setting up auxiliary I and S matrices: done in 4.60148e-05 secs using 132.6% CPU
Computing RapidNJ tree took 0.000132 sec (of wall-clock time) 0.000188 sec (of CPU time)
Log-likelihood of RapidNJ tree: -1873.375
--------------------------------------------------------------------
|             INITIALIZING CANDIDATE TREE SET                      |
--------------------------------------------------------------------
Generating 99 parsimony trees... 0.098 second
Computing log-likelihood of 35 initial trees ... 0.021 seconds
Current best score: -1873.375

Do NNI search on 20 best initial trees
Estimate model parameters (epsilon = 0.100)
BETTER TREE FOUND at iteration 1: -1873.374
Iteration 10 / LogL: -1873.413 / Time: 0h:0m:3s
Iteration 20 / LogL: -1873.416 / Time: 0h:0m:3s
Finish initializing candidate tree set (1)
Current best tree score: -1873.374 / CPU time: 0.322
Number of iterations: 20
--------------------------------------------------------------------
|               OPTIMIZING CANDIDATE TREE SET                      |
--------------------------------------------------------------------
UPDATE BEST LOG-LIKELIHOOD: -1873.374
Iteration 30 / LogL: -1873.398 / Time: 0h:0m:3s (0h:0m:1s left)
Iteration 40 / LogL: -1873.382 / Time: 0h:0m:3s (0h:0m:1s left)
Iteration 50 / LogL: -1873.376 / Time: 0h:0m:3s (0h:0m:0s left)
Log-likelihood cutoff on original alignment: -1889.813
Iteration 60 / LogL: -1873.385 / Time: 0h:0m:4s (0h:0m:0s left)
Iteration 70 / LogL: -1873.381 / Time: 0h:0m:4s (0h:0m:0s left)
Iteration 80 / LogL: -1873.392 / Time: 0h:0m:4s (0h:0m:0s left)
Iteration 90 / LogL: -1873.385 / Time: 0h:0m:4s (0h:0m:0s left)
Iteration 100 / LogL: -1873.376 / Time: 0h:0m:5s (0h:0m:0s left)
Log-likelihood cutoff on original alignment: -1889.813
NOTE: Bootstrap correlation coefficient of split occurrence frequencies: 1.000
TREE SEARCH COMPLETED AFTER 102 ITERATIONS / Time: 0h:0m:5s

--------------------------------------------------------------------
|                    FINALIZING TREE SEARCH                        |
--------------------------------------------------------------------
Performs final model parameters optimization
Estimate model parameters (epsilon = 0.010)
1. Initial log-likelihood: -1873.374
Optimal log-likelihood: -1873.374
Rate parameters:  A-C: 1.00000  A-G: 31.14183  A-T: 7.17513  C-G: 7.17513  C-T: 31.14183  G-T: 1.00000
Base frequencies:  A: 0.178  C: 0.386  G: 0.275  T: 0.161
Proportion of invariable sites: 0.766
Parameters optimization took 1 rounds (0.012 sec)
BEST SCORE FOUND : -1873.374
Creating bootstrap support values...
Split supports printed to NEXUS file per_gene_alignments_codon/LOC101404333_.aln.splits.nex
Total tree length: 0.189

Total number of iterations: 102
CPU time used for tree search: 0.954 sec (0h:0m:0s)
Wall-clock time used for tree search: 2.102 sec (0h:0m:2s)
Total CPU time used: 2.333 sec (0h:0m:2s)
Total wall-clock time used: 5.282 sec (0h:0m:5s)

Computing bootstrap consensus tree...
Reading input file per_gene_alignments_codon/LOC101404333_.aln.splits.nex...
7 taxa and 27 splits.
Consensus tree written to per_gene_alignments_codon/LOC101404333_.aln.contree
Reading input trees file per_gene_alignments_codon/LOC101404333_.aln.contree
Log-likelihood of consensus tree: -1873.374

Analysis results written to: 
  IQ-TREE report:                per_gene_alignments_codon/LOC101404333_.aln.iqtree
  Maximum-likelihood tree:       per_gene_alignments_codon/LOC101404333_.aln.treefile
  Likelihood distances:          per_gene_alignments_codon/LOC101404333_.aln.mldist

Ultrafast bootstrap approximation results written to:
  Split support values:          per_gene_alignments_codon/LOC101404333_.aln.splits.nex
  Consensus tree:                per_gene_alignments_codon/LOC101404333_.aln.contree
  Screen log file:               per_gene_alignments_codon/LOC101404333_.aln.log

Date and Time: Thu Oct 30 21:36:52 2025
