IQ-TREE multicore version 2.3.3 COVID-edition for Linux x86 64-bit built Apr 25 2024
Developed by Bui Quang Minh, James Barbetti, Nguyen Lam Tung, Olga Chernomor,
Heiko Schmidt, Dominik Schrempf, Michael Woodhams, Ly Trong Nhan, Thomas Wong

Host:    morpheus-OptiPlex-5050 (AVX2, FMA3, 503 GB RAM)
Command: iqtree2 -s per_gene_alignments_codon/LOC101409116_.aln.fna -m MFP -T 1 -B 1000 --prefix per_gene_alignments_codon/LOC101409116_.aln
Seed:    151282 (Using SPRNG - Scalable Parallel Random Number Generator)
Time:    Thu Oct 30 21:40:00 2025
Kernel:  AVX+FMA - 1 threads (72 CPU cores detected)

HINT: Use -nt option to specify number of threads because your CPU has 72 cores!
HINT: -nt AUTO will automatically determine the best number of threads to use.

Reading alignment file per_gene_alignments_codon/LOC101409116_.aln.fna ... Fasta format detected
Reading fasta file: done in 0.000941038 secs
Alignment most likely contains DNA/RNA sequences
Alignment has 7 sequences with 3501 columns, 117 distinct patterns
195 parsimony-informative, 349 singleton sites, 2957 constant sites
                     Gap/Ambiguity  Composition  p-value
Analyzing sequences: done in 2.19345e-05 secs
   1  Ceratotherium_simum    0.00%    passed     98.26%
   2  Diceros_bicornis       0.00%    passed     96.97%
   3  Equus_asinus           0.00%    passed     90.12%
   4  Equus_quagga           0.00%    passed     90.39%
   5  Equus_caballus         0.00%    passed     90.98%
   6  Canis_lupus            0.17%    passed     48.15%
   7  Bos_taurus             0.00%    passed     43.28%
****  TOTAL                  0.02%  0 sequences failed composition chi2 test (p-value<5%; df=3)


Create initial parsimony tree by phylogenetic likelihood library (PLL)... 0.000 seconds
Perform fast likelihood tree search using GTR+I+G model...
Estimate model parameters (epsilon = 5.000)
Perform nearest neighbor interchange...
Estimate model parameters (epsilon = 1.000)
1. Initial log-likelihood: -7849.816
Optimal log-likelihood: -7849.807
Rate parameters:  A-C: 2.67747  A-G: 11.78508  A-T: 1.97643  C-G: 1.39139  C-T: 11.60864  G-T: 1.00000
Base frequencies:  A: 0.211  C: 0.268  G: 0.283  T: 0.238
Proportion of invariable sites: 0.421
Gamma shape alpha: 2.804
Parameters optimization took 1 rounds (0.003 sec)
Time for fast ML tree search: 0.054 seconds

NOTE: ModelFinder requires 0 MB RAM!
ModelFinder will test up to 484 DNA models (sample size: 3501) ...
 No. Model         -LnL         df  AIC          AICc         BIC
  1  GTR+F         7864.107     19  15766.215    15766.433    15883.270
  2  GTR+F+I       7850.160     20  15740.321    15740.562    15863.537
  3  GTR+F+G4      7849.723     20  15739.446    15739.688    15862.663
  4  GTR+F+I+G4    7849.823     21  15741.647    15741.912    15871.024
  5  GTR+F+R2      7850.612     21  15743.224    15743.489    15872.601
  6  GTR+F+R3      7849.940     23  15745.880    15746.198    15887.578
 14  GTR+F+I+R2    7850.029     22  15744.059    15744.350    15879.596
 15  GTR+F+I+R3    7849.936     24  15747.872    15748.217    15895.731
 24  SYM+I         7877.281     17  15788.562    15788.738    15893.296
 25  SYM+G4        7876.783     17  15787.566    15787.742    15892.300
 26  SYM+I+G4      7876.947     18  15789.893    15790.090    15900.788
 27  SYM+R2        7877.679     18  15791.357    15791.554    15902.252
 46  TVM+F+I       7850.132     19  15738.263    15738.482    15855.318
 47  TVM+F+G4      7849.697     19  15737.395    15737.613    15854.450
 48  TVM+F+I+G4    7849.801     20  15739.602    15739.844    15862.819
 49  TVM+F+R2      7850.607     20  15741.213    15741.455    15864.430
 68  TVMe+I        7877.347     16  15786.693    15786.849    15885.266
 69  TVMe+G4       7876.853     16  15785.706    15785.862    15884.279
 70  TVMe+I+G4     7877.015     17  15788.031    15788.206    15892.764
 71  TVMe+R2       7877.747     17  15789.495    15789.670    15894.228
 90  TIM3+F+I      7855.843     18  15747.686    15747.883    15858.581
 91  TIM3+F+G4     7855.410     18  15746.820    15747.016    15857.714
 92  TIM3+F+I+G4   7855.516     19  15749.032    15749.250    15866.087
 93  TIM3+F+R2     7856.328     19  15750.656    15750.874    15867.711
112  TIM3e+I       7880.067     15  15790.134    15790.271    15882.546
113  TIM3e+G4      7879.564     15  15789.128    15789.266    15881.540
114  TIM3e+I+G4    7879.730     16  15791.460    15791.616    15890.033
115  TIM3e+R2      7880.406     16  15792.812    15792.968    15891.385
134  TIM2+F+I      7851.336     18  15738.671    15738.868    15849.566
135  TIM2+F+G4     7850.921     18  15737.841    15738.037    15848.736
136  TIM2+F+I+G4   7851.012     19  15740.024    15740.242    15857.079
137  TIM2+F+R2     7851.779     19  15741.559    15741.777    15858.614
156  TIM2e+I       7879.176     15  15788.351    15788.489    15880.763
157  TIM2e+G4      7878.698     15  15787.396    15787.534    15879.808
158  TIM2e+I+G4    7878.847     16  15789.695    15789.851    15888.268
159  TIM2e+R2      7879.610     16  15791.220    15791.376    15889.792
178  TIM+F+I       7856.922     18  15749.844    15750.040    15860.738
179  TIM+F+G4      7856.501     18  15749.002    15749.199    15859.897
180  TIM+F+I+G4    7856.599     19  15751.197    15751.416    15868.253
181  TIM+F+R2      7857.416     19  15752.833    15753.051    15869.888
200  TIMe+I        7881.913     15  15793.827    15793.964    15886.239
201  TIMe+G4       7881.425     15  15792.850    15792.988    15885.262
202  TIMe+I+G4     7881.576     16  15795.151    15795.307    15893.724
203  TIMe+R2       7882.335     16  15796.670    15796.826    15895.243
222  TPM3u+F+I     7855.850     17  15745.700    15745.876    15850.433
223  TPM3u+F+G4    7855.416     17  15744.832    15745.008    15849.566
224  TPM3u+F+I+G4  7855.523     18  15747.046    15747.242    15857.940
225  TPM3u+F+R2    7856.330     18  15748.659    15748.856    15859.554
244  TPM3+I        7880.124     14  15788.247    15788.368    15874.499
245  TPM3+G4       7879.627     14  15787.253    15787.374    15873.505
246  TPM3+I+G4     7879.789     15  15789.578    15789.716    15881.990
247  TPM3+R2       7880.527     15  15791.054    15791.191    15883.466
266  TPM2u+F+I     7851.348     17  15736.696    15736.872    15841.430
267  TPM2u+F+G4    7850.930     17  15735.861    15736.036    15840.594
268  TPM2u+F+I+G4  7851.018     18  15738.035    15738.232    15848.930
269  TPM2u+F+R2    7851.866     18  15739.733    15739.929    15850.627
288  TPM2+I        7879.231     14  15786.462    15786.582    15872.713
289  TPM2+G4       7878.758     14  15785.516    15785.637    15871.767
290  TPM2+I+G4     7878.907     15  15787.814    15787.952    15880.226
291  TPM2+R2       7879.653     15  15789.306    15789.444    15881.718
310  K3Pu+F+I      7856.932     17  15747.865    15748.041    15852.599
311  K3Pu+F+G4     7856.509     17  15747.018    15747.194    15851.752
312  K3Pu+F+I+G4   7856.607     18  15749.214    15749.411    15860.109
313  K3Pu+F+R2     7857.426     18  15750.852    15751.048    15861.746
332  K3P+I         7881.959     14  15791.918    15792.039    15878.170
333  K3P+G4        7881.478     14  15790.955    15791.076    15877.206
334  K3P+I+G4      7881.628     15  15793.256    15793.394    15885.668
335  K3P+R2        7882.386     15  15794.773    15794.910    15887.185
354  TN+F+I        7857.067     17  15748.134    15748.310    15852.868
355  TN+F+G4       7856.649     17  15747.298    15747.474    15852.032
356  TN+F+I+G4     7856.745     18  15749.489    15749.686    15860.384
357  TN+F+R2       7857.559     18  15751.117    15751.314    15862.012
376  TNe+I         7881.979     14  15791.959    15792.079    15878.210
377  TNe+G4        7881.496     14  15790.992    15791.113    15877.244
378  TNe+I+G4      7881.646     15  15793.293    15793.430    15885.705
379  TNe+R2        7882.407     15  15794.814    15794.951    15887.226
398  HKY+F+I       7857.077     16  15746.153    15746.309    15844.726
399  HKY+F+G4      7856.656     16  15745.312    15745.468    15843.885
400  HKY+F+I+G4    7856.752     17  15747.504    15747.679    15852.237
401  HKY+F+R2      7857.570     17  15749.140    15749.316    15853.873
420  K2P+I         7882.029     13  15790.059    15790.163    15870.149
421  K2P+G4        7881.551     13  15789.101    15789.206    15869.192
422  K2P+I+G4      7881.702     14  15791.404    15791.524    15877.655
423  K2P+R2        7882.457     14  15792.913    15793.034    15879.165
442  F81+F+I       8082.811     15  16195.623    16195.760    16288.035
443  F81+F+G4      8082.495     15  16194.989    16195.127    16287.401
444  F81+F+I+G4    8082.801     16  16197.603    16197.759    16296.176
445  F81+F+R2      8083.110     16  16198.220    16198.376    16296.792
464  JC+I          8103.202     12  16230.404    16230.493    16304.333
465  JC+G4         8102.869     12  16229.738    16229.827    16303.667
466  JC+I+G4       8103.208     13  16232.416    16232.520    16312.506
467  JC+R2         8103.437     13  16232.875    16232.979    16312.965
Akaike Information Criterion:           TPM2u+F+G4
Corrected Akaike Information Criterion: TPM2u+F+G4
Bayesian Information Criterion:         TPM2u+F+G4
Best-fit model: TPM2u+F+G4 chosen according to BIC

All model information printed to per_gene_alignments_codon/LOC101409116_.aln.model.gz
CPU time for ModelFinder: 0.845 seconds (0h:0m:0s)
Wall-clock time for ModelFinder: 1.065 seconds (0h:0m:1s)
Generating 1000 samples for ultrafast bootstrap (seed: 151282)...

NOTE: 0 MB RAM (0 GB) is required!
Estimate model parameters (epsilon = 0.100)
1. Initial log-likelihood: -7850.930
Optimal log-likelihood: -7850.926
Rate parameters:  A-C: 1.87688  A-G: 9.36410  A-T: 1.87688  C-G: 1.00000  C-T: 9.36410  G-T: 1.00000
Base frequencies:  A: 0.211  C: 0.268  G: 0.283  T: 0.238
Gamma shape alpha: 0.532
Parameters optimization took 1 rounds (0.001 sec)
Wrote distance file to... 
Computing ML distances based on estimated model parameters...
Calculating distance matrix: done in 0.000299931 secs using 96.69% CPU
Computing ML distances took 0.000343 sec (of wall-clock time) 0.000337 sec (of CPU time)
Setting up auxiliary I and S matrices: done in 3.40939e-05 secs using 90.93% CPU
Computing RapidNJ tree took 0.000121 sec (of wall-clock time) 0.000117 sec (of CPU time)
Log-likelihood of RapidNJ tree: -7850.926
--------------------------------------------------------------------
|             INITIALIZING CANDIDATE TREE SET                      |
--------------------------------------------------------------------
Generating 99 parsimony trees... 0.046 second
Computing log-likelihood of 42 initial trees ... 0.019 seconds
Current best score: -7850.926

Do NNI search on 20 best initial trees
Estimate model parameters (epsilon = 0.100)
BETTER TREE FOUND at iteration 1: -7850.926
Iteration 10 / LogL: -7850.978 / Time: 0h:0m:1s
Iteration 20 / LogL: -7850.929 / Time: 0h:0m:1s
Finish initializing candidate tree set (1)
Current best tree score: -7850.926 / CPU time: 0.154
Number of iterations: 20
--------------------------------------------------------------------
|               OPTIMIZING CANDIDATE TREE SET                      |
--------------------------------------------------------------------
UPDATE BEST LOG-LIKELIHOOD: -7850.926
Iteration 30 / LogL: -7851.260 / Time: 0h:0m:1s (0h:0m:0s left)
Iteration 40 / LogL: -7850.926 / Time: 0h:0m:1s (0h:0m:0s left)
Iteration 50 / LogL: -7850.953 / Time: 0h:0m:1s (0h:0m:0s left)
Log-likelihood cutoff on original alignment: -7875.516
Iteration 60 / LogL: -7850.929 / Time: 0h:0m:2s (0h:0m:0s left)
Iteration 70 / LogL: -7850.926 / Time: 0h:0m:2s (0h:0m:0s left)
Iteration 80 / LogL: -7850.926 / Time: 0h:0m:2s (0h:0m:0s left)
Iteration 90 / LogL: -7850.926 / Time: 0h:0m:2s (0h:0m:0s left)
Iteration 100 / LogL: -7850.929 / Time: 0h:0m:2s (0h:0m:0s left)
Log-likelihood cutoff on original alignment: -7875.596
NOTE: Bootstrap correlation coefficient of split occurrence frequencies: 1.000
TREE SEARCH COMPLETED AFTER 102 ITERATIONS / Time: 0h:0m:2s

--------------------------------------------------------------------
|                    FINALIZING TREE SEARCH                        |
--------------------------------------------------------------------
Performs final model parameters optimization
Estimate model parameters (epsilon = 0.010)
1. Initial log-likelihood: -7850.926
Optimal log-likelihood: -7850.926
Rate parameters:  A-C: 1.88046  A-G: 9.37368  A-T: 1.88046  C-G: 1.00000  C-T: 9.37368  G-T: 1.00000
Base frequencies:  A: 0.211  C: 0.268  G: 0.283  T: 0.238
Gamma shape alpha: 0.531
Parameters optimization took 1 rounds (0.002 sec)
BEST SCORE FOUND : -7850.926
Creating bootstrap support values...
Split supports printed to NEXUS file per_gene_alignments_codon/LOC101409116_.aln.splits.nex
Total tree length: 0.197

Total number of iterations: 102
CPU time used for tree search: 1.291 sec (0h:0m:1s)
Wall-clock time used for tree search: 1.556 sec (0h:0m:1s)
Total CPU time used: 2.194 sec (0h:0m:2s)
Total wall-clock time used: 2.682 sec (0h:0m:2s)

Computing bootstrap consensus tree...
Reading input file per_gene_alignments_codon/LOC101409116_.aln.splits.nex...
7 taxa and 14 splits.
Consensus tree written to per_gene_alignments_codon/LOC101409116_.aln.contree
Reading input trees file per_gene_alignments_codon/LOC101409116_.aln.contree
Log-likelihood of consensus tree: -7850.926

Analysis results written to: 
  IQ-TREE report:                per_gene_alignments_codon/LOC101409116_.aln.iqtree
  Maximum-likelihood tree:       per_gene_alignments_codon/LOC101409116_.aln.treefile
  Likelihood distances:          per_gene_alignments_codon/LOC101409116_.aln.mldist

Ultrafast bootstrap approximation results written to:
  Split support values:          per_gene_alignments_codon/LOC101409116_.aln.splits.nex
  Consensus tree:                per_gene_alignments_codon/LOC101409116_.aln.contree
  Screen log file:               per_gene_alignments_codon/LOC101409116_.aln.log

Date and Time: Thu Oct 30 21:40:03 2025
