IQ-TREE multicore version 2.3.3 COVID-edition for Linux x86 64-bit built Apr 25 2024
Developed by Bui Quang Minh, James Barbetti, Nguyen Lam Tung, Olga Chernomor,
Heiko Schmidt, Dominik Schrempf, Michael Woodhams, Ly Trong Nhan, Thomas Wong

Host:    morpheus-OptiPlex-5050 (AVX2, FMA3, 503 GB RAM)
Command: iqtree2 -s per_gene_alignments_codon/LOC101394730_.aln.fna -m MFP -T 1 -B 1000 --prefix per_gene_alignments_codon/LOC101394730_.aln
Seed:    245038 (Using SPRNG - Scalable Parallel Random Number Generator)
Time:    Thu Oct 30 21:30:12 2025
Kernel:  AVX+FMA - 1 threads (72 CPU cores detected)

HINT: Use -nt option to specify number of threads because your CPU has 72 cores!
HINT: -nt AUTO will automatically determine the best number of threads to use.

Reading alignment file per_gene_alignments_codon/LOC101394730_.aln.fna ... Fasta format detected
Reading fasta file: done in 0.0006001 secs
Alignment most likely contains DNA/RNA sequences
Alignment has 7 sequences with 2139 columns, 56 distinct patterns
65 parsimony-informative, 66 singleton sites, 2008 constant sites
                     Gap/Ambiguity  Composition  p-value
Analyzing sequences: done in 2.21729e-05 secs using 99.22% CPU
   1  Ceratotherium_simum    0.00%    passed     99.87%
   2  Diceros_bicornis       0.00%    passed     99.97%
   3  Equus_asinus           0.00%    passed     99.29%
   4  Equus_quagga           0.00%    passed     98.85%
   5  Equus_caballus         0.00%    passed     99.72%
   6  Canis_lupus            0.00%    passed     98.16%
   7  Bos_taurus             0.00%    passed     99.08%
****  TOTAL                  0.00%  0 sequences failed composition chi2 test (p-value<5%; df=3)


Create initial parsimony tree by phylogenetic likelihood library (PLL)... 0.000 seconds
Perform fast likelihood tree search using GTR+I+G model...
Estimate model parameters (epsilon = 5.000)
Perform nearest neighbor interchange...
Estimate model parameters (epsilon = 1.000)
1. Initial log-likelihood: -3819.858
Optimal log-likelihood: -3819.852
Rate parameters:  A-C: 0.84393  A-G: 4.70656  A-T: 0.33634  C-G: 0.72321  C-T: 4.05958  G-T: 1.00000
Base frequencies:  A: 0.290  C: 0.286  G: 0.194  T: 0.231
Proportion of invariable sites: 0.468
Gamma shape alpha: 0.321
Parameters optimization took 1 rounds (0.001 sec)
Time for fast ML tree search: 0.018 seconds

NOTE: ModelFinder requires 0 MB RAM!
ModelFinder will test up to 484 DNA models (sample size: 2139) ...
 No. Model         -LnL         df  AIC          AICc         BIC
  1  GTR+F         3831.287     19  7700.575     7700.933     7808.268
  2  GTR+F+I       3819.684     20  7679.368     7679.765     7792.730
  3  GTR+F+G4      3820.018     20  7680.036     7680.433     7793.398
  4  GTR+F+I+G4    3819.850     21  7681.699     7682.136     7800.729
  5  GTR+F+R2      3827.124     21  7696.249     7696.685     7815.279
  6  GTR+F+R3      3822.409     23  7690.817     7691.339     7821.183
 14  GTR+F+I+R2    3820.784     22  7685.567     7686.046     7810.265
 15  GTR+F+I+R3    3820.054     24  7688.107     7688.675     7824.141
 24  SYM+I         3848.434     17  7730.867     7731.156     7827.225
 25  SYM+G4        3848.662     17  7731.324     7731.613     7827.682
 26  SYM+I+G4      3848.537     18  7733.075     7733.398     7835.101
 46  TVM+F+I       3819.972     19  7677.944     7678.303     7785.638
 47  TVM+F+G4      3820.279     19  7678.558     7678.917     7786.252
 48  TVM+F+I+G4    3820.104     20  7680.207     7680.604     7793.569
 68  TVMe+I        3848.439     16  7728.878     7729.134     7819.567
 69  TVMe+G4       3848.648     16  7729.296     7729.552     7819.985
 70  TVMe+I+G4     3848.537     17  7731.074     7731.363     7827.432
 90  TIM3+F+I      3821.376     18  7678.752     7679.074     7780.777
 91  TIM3+F+G4     3821.624     18  7679.248     7679.571     7781.274
 92  TIM3+F+I+G4   3821.500     19  7681.000     7681.358     7788.693
112  TIM3e+I       3849.740     15  7729.481     7729.707     7814.502
113  TIM3e+G4      3849.922     15  7729.844     7730.070     7814.866
114  TIM3e+I+G4    3849.819     16  7731.638     7731.894     7822.327
134  TIM2+F+I      3821.256     18  7678.513     7678.835     7780.538
135  TIM2+F+G4     3821.533     18  7679.067     7679.389     7781.092
136  TIM2+F+I+G4   3821.401     19  7680.802     7681.161     7788.496
156  TIM2e+I       3850.447     15  7730.894     7731.121     7815.916
157  TIM2e+G4      3850.593     15  7731.186     7731.412     7816.208
158  TIM2e+I+G4    3850.528     16  7733.056     7733.313     7823.746
178  TIM+F+I       3820.522     18  7677.045     7677.367     7779.070
179  TIM+F+G4      3820.769     18  7677.538     7677.861     7779.564
180  TIM+F+I+G4    3820.663     19  7679.326     7679.685     7787.020
200  TIMe+I        3849.069     15  7728.137     7728.364     7813.159
201  TIMe+G4       3849.227     15  7728.454     7728.681     7813.476
202  TIMe+I+G4     3849.170     16  7730.340     7730.597     7821.030
222  TPM3u+F+I     3821.647     17  7677.295     7677.583     7773.652
223  TPM3u+F+G4    3821.875     17  7677.751     7678.039     7774.108
224  TPM3u+F+I+G4  3821.742     18  7679.484     7679.806     7781.509
244  TPM3+I        3849.746     14  7727.493     7727.691     7806.846
245  TPM3+G4       3849.924     14  7727.848     7728.046     7807.202
246  TPM3+I+G4     3849.821     15  7729.641     7729.867     7814.663
266  TPM2u+F+I     3821.537     17  7677.074     7677.362     7773.431
267  TPM2u+F+G4    3821.792     17  7677.585     7677.873     7773.942
268  TPM2u+F+I+G4  3821.648     18  7679.296     7679.619     7781.322
288  TPM2+I        3850.448     14  7728.896     7729.094     7808.249
289  TPM2+G4       3850.597     14  7729.193     7729.391     7808.546
290  TPM2+I+G4     3850.529     15  7731.059     7731.285     7816.080
310  K3Pu+F+I      3820.797     17  7675.594     7675.883     7771.952
311  K3Pu+F+G4     3821.023     17  7676.047     7676.335     7772.404
312  K3Pu+F+I+G4   3820.907     18  7677.814     7678.136     7779.839
332  K3P+I         3849.076     14  7726.152     7726.349     7805.505
333  K3P+G4        3849.234     14  7726.469     7726.666     7805.822
334  K3P+I+G4      3849.168     15  7728.336     7728.562     7813.357
354  TN+F+I        3821.730     17  7677.460     7677.749     7773.818
355  TN+F+G4       3821.954     17  7677.908     7678.197     7774.266
356  TN+F+I+G4     3821.853     18  7679.706     7680.029     7781.732
376  TNe+I         3850.468     14  7728.935     7729.133     7808.289
377  TNe+G4        3850.604     14  7729.207     7729.405     7808.561
378  TNe+I+G4      3850.548     15  7731.096     7731.322     7816.117
398  HKY+F+I       3821.998     16  7675.997     7676.253     7766.686
399  HKY+F+G4      3822.204     16  7676.409     7676.665     7767.098
400  HKY+F+I+G4    3822.090     17  7678.181     7678.469     7774.538
420  K2P+I         3850.471     13  7726.942     7727.113     7800.627
421  K2P+G4        3850.612     13  7727.223     7727.395     7800.908
422  K2P+I+G4      3850.549     14  7729.098     7729.296     7808.451
442  F81+F+I       3873.593     15  7777.186     7777.412     7862.208
443  F81+F+G4      3873.595     15  7777.190     7777.416     7862.211
444  F81+F+I+G4    3873.699     16  7779.398     7779.654     7870.088
464  JC+I          3900.443     12  7824.887     7825.033     7892.904
465  JC+G4         3900.444     12  7824.887     7825.034     7892.905
466  JC+I+G4       3900.538     13  7827.075     7827.247     7900.761
Akaike Information Criterion:           K3Pu+F+I
Corrected Akaike Information Criterion: K3Pu+F+I
Bayesian Information Criterion:         HKY+F+I
Best-fit model: HKY+F+I chosen according to BIC

All model information printed to per_gene_alignments_codon/LOC101394730_.aln.model.gz
CPU time for ModelFinder: 0.330 seconds (0h:0m:0s)
Wall-clock time for ModelFinder: 0.705 seconds (0h:0m:0s)
Generating 1000 samples for ultrafast bootstrap (seed: 245038)...

NOTE: 0 MB RAM (0 GB) is required!
Estimate model parameters (epsilon = 0.100)
1. Initial log-likelihood: -3821.998
Optimal log-likelihood: -3821.998
Rate parameters:  A-C: 1.00000  A-G: 6.22492  A-T: 1.00000  C-G: 1.00000  C-T: 6.22492  G-T: 1.00000
Base frequencies:  A: 0.290  C: 0.286  G: 0.194  T: 0.231
Proportion of invariable sites: 0.787
Parameters optimization took 1 rounds (0.000 sec)
Wrote distance file to... 
Computing ML distances based on estimated model parameters...
Calculating distance matrix: done in 0.00019908 secs using 98.96% CPU
Computing ML distances took 0.000238 sec (of wall-clock time) 0.000244 sec (of CPU time)
Setting up auxiliary I and S matrices: done in 5.48363e-05 secs using 98.47% CPU
Computing RapidNJ tree took 0.000174 sec (of wall-clock time) 0.000475 sec (of CPU time)
Log-likelihood of RapidNJ tree: -3822.002
--------------------------------------------------------------------
|             INITIALIZING CANDIDATE TREE SET                      |
--------------------------------------------------------------------
Generating 99 parsimony trees... 0.079 second
Computing log-likelihood of 38 initial trees ... 0.010 seconds
Current best score: -3821.998

Do NNI search on 20 best initial trees
Estimate model parameters (epsilon = 0.100)
BETTER TREE FOUND at iteration 1: -3821.998
Iteration 10 / LogL: -3822.106 / Time: 0h:0m:0s
Iteration 20 / LogL: -3822.029 / Time: 0h:0m:0s
Finish initializing candidate tree set (1)
Current best tree score: -3821.998 / CPU time: 0.208
Number of iterations: 20
--------------------------------------------------------------------
|               OPTIMIZING CANDIDATE TREE SET                      |
--------------------------------------------------------------------
Iteration 30 / LogL: -3822.026 / Time: 0h:0m:1s (0h:0m:0s left)
Iteration 40 / LogL: -3822.077 / Time: 0h:0m:1s (0h:0m:0s left)
Iteration 50 / LogL: -3822.023 / Time: 0h:0m:1s (0h:0m:0s left)
Log-likelihood cutoff on original alignment: -3834.798
Iteration 60 / LogL: -3821.999 / Time: 0h:0m:1s (0h:0m:0s left)
Iteration 70 / LogL: -3822.023 / Time: 0h:0m:1s (0h:0m:0s left)
Iteration 80 / LogL: -3821.998 / Time: 0h:0m:2s (0h:0m:0s left)
Iteration 90 / LogL: -3822.002 / Time: 0h:0m:2s (0h:0m:0s left)
Iteration 100 / LogL: -3822.027 / Time: 0h:0m:2s (0h:0m:0s left)
Log-likelihood cutoff on original alignment: -3834.798
NOTE: Bootstrap correlation coefficient of split occurrence frequencies: 1.000
TREE SEARCH COMPLETED AFTER 102 ITERATIONS / Time: 0h:0m:2s

--------------------------------------------------------------------
|                    FINALIZING TREE SEARCH                        |
--------------------------------------------------------------------
Performs final model parameters optimization
Estimate model parameters (epsilon = 0.010)
1. Initial log-likelihood: -3821.998
Optimal log-likelihood: -3821.998
Rate parameters:  A-C: 1.00000  A-G: 6.22409  A-T: 1.00000  C-G: 1.00000  C-T: 6.22409  G-T: 1.00000
Base frequencies:  A: 0.290  C: 0.286  G: 0.194  T: 0.231
Proportion of invariable sites: 0.787
Parameters optimization took 1 rounds (0.001 sec)
BEST SCORE FOUND : -3821.998
Creating bootstrap support values...
Split supports printed to NEXUS file per_gene_alignments_codon/LOC101394730_.aln.splits.nex
Total tree length: 0.074

Total number of iterations: 102
CPU time used for tree search: 0.980 sec (0h:0m:0s)
Wall-clock time used for tree search: 1.964 sec (0h:0m:1s)
Total CPU time used: 1.385 sec (0h:0m:1s)
Total wall-clock time used: 2.868 sec (0h:0m:2s)

Computing bootstrap consensus tree...
Reading input file per_gene_alignments_codon/LOC101394730_.aln.splits.nex...
7 taxa and 15 splits.
Consensus tree written to per_gene_alignments_codon/LOC101394730_.aln.contree
Reading input trees file per_gene_alignments_codon/LOC101394730_.aln.contree
Log-likelihood of consensus tree: -3822.002

Analysis results written to: 
  IQ-TREE report:                per_gene_alignments_codon/LOC101394730_.aln.iqtree
  Maximum-likelihood tree:       per_gene_alignments_codon/LOC101394730_.aln.treefile
  Likelihood distances:          per_gene_alignments_codon/LOC101394730_.aln.mldist

Ultrafast bootstrap approximation results written to:
  Split support values:          per_gene_alignments_codon/LOC101394730_.aln.splits.nex
  Consensus tree:                per_gene_alignments_codon/LOC101394730_.aln.contree
  Screen log file:               per_gene_alignments_codon/LOC101394730_.aln.log

Date and Time: Thu Oct 30 21:30:15 2025
