IQ-TREE multicore version 2.3.3 COVID-edition for Linux x86 64-bit built Apr 25 2024
Developed by Bui Quang Minh, James Barbetti, Nguyen Lam Tung, Olga Chernomor,
Heiko Schmidt, Dominik Schrempf, Michael Woodhams, Ly Trong Nhan, Thomas Wong

Host:    morpheus-OptiPlex-5050 (AVX2, FMA3, 503 GB RAM)
Command: iqtree2 -s per_gene_alignments_codon/LOC101400266_.aln.fna -m MFP -T 1 -B 1000 --prefix per_gene_alignments_codon/LOC101400266_.aln
Seed:    447141 (Using SPRNG - Scalable Parallel Random Number Generator)
Time:    Thu Oct 30 21:34:00 2025
Kernel:  AVX+FMA - 1 threads (72 CPU cores detected)

HINT: Use -nt option to specify number of threads because your CPU has 72 cores!
HINT: -nt AUTO will automatically determine the best number of threads to use.

Reading alignment file per_gene_alignments_codon/LOC101400266_.aln.fna ... Fasta format detected
Reading fasta file: done in 0.000580072 secs using 99.82% CPU
Alignment most likely contains DNA/RNA sequences
Alignment has 7 sequences with 2031 columns, 102 distinct patterns
123 parsimony-informative, 171 singleton sites, 1737 constant sites
                     Gap/Ambiguity  Composition  p-value
Analyzing sequences: done in 1.78814e-05 secs using 95.07% CPU
   1  Ceratotherium_simum    0.00%    passed     99.03%
   2  Diceros_bicornis       0.00%    passed     99.65%
   3  Equus_asinus           0.00%    passed     97.96%
   4  Equus_quagga           0.00%    passed     90.81%
   5  Equus_caballus         0.00%    passed     92.24%
   6  Canis_lupus            0.00%    passed     66.71%
   7  Bos_taurus             0.00%    passed     80.55%
****  TOTAL                  0.00%  0 sequences failed composition chi2 test (p-value<5%; df=3)


Create initial parsimony tree by phylogenetic likelihood library (PLL)... 0.000 seconds
Perform fast likelihood tree search using GTR+I+G model...
Estimate model parameters (epsilon = 5.000)
Perform nearest neighbor interchange...
Estimate model parameters (epsilon = 1.000)
1. Initial log-likelihood: -4544.426
Optimal log-likelihood: -4544.417
Rate parameters:  A-C: 1.13658  A-G: 6.69615  A-T: 0.35979  C-G: 0.81744  C-T: 6.83093  G-T: 1.00000
Base frequencies:  A: 0.297  C: 0.226  G: 0.233  T: 0.244
Proportion of invariable sites: 0.424
Gamma shape alpha: 0.710
Parameters optimization took 1 rounds (0.002 sec)
Time for fast ML tree search: 0.067 seconds

NOTE: ModelFinder requires 0 MB RAM!
ModelFinder will test up to 484 DNA models (sample size: 2031) ...
 No. Model         -LnL         df  AIC          AICc         BIC
  1  GTR+F         4572.745     19  9183.490     9183.868     9290.199
  2  GTR+F+I       4544.147     20  9128.293     9128.711     9240.619
  3  GTR+F+G4      4544.262     20  9128.524     9128.942     9240.849
  4  GTR+F+I+G4    4544.417     21  9130.835     9131.295     9248.777
  5  GTR+F+R2      4544.584     21  9131.169     9131.629     9249.111
  6  GTR+F+R3      4544.317     23  9134.633     9135.184     9263.808
 14  GTR+F+I+R2    4544.360     22  9132.720     9133.224     9256.278
 15  GTR+F+I+R3    4544.413     24  9136.827     9137.425     9271.618
 24  SYM+I         4560.720     17  9155.440     9155.744     9250.917
 25  SYM+G4        4560.798     17  9155.596     9155.900     9251.073
 26  SYM+I+G4      4560.914     18  9157.828     9158.168     9258.921
 27  SYM+R2        4561.147     18  9158.295     9158.635     9259.388
 46  TVM+F+I       4544.146     19  9126.293     9126.670     9233.002
 47  TVM+F+G4      4544.259     19  9126.519     9126.897     9233.228
 48  TVM+F+I+G4    4544.422     20  9128.844     9129.262     9241.169
 49  TVM+F+R2      4544.566     20  9129.132     9129.550     9241.457
 68  TVMe+I        4560.980     16  9153.961     9154.231     9243.821
 69  TVMe+G4       4561.029     16  9154.058     9154.328     9243.918
 70  TVMe+I+G4     4561.099     17  9156.198     9156.502     9251.675
 71  TVMe+R2       4561.389     17  9156.778     9157.082     9252.255
 90  TIM3+F+I      4546.273     18  9128.545     9128.885     9229.638
 91  TIM3+F+G4     4546.387     18  9128.774     9129.114     9229.867
 92  TIM3+F+I+G4   4546.541     19  9131.082     9131.459     9237.791
 93  TIM3+F+R2     4546.729     19  9131.457     9131.835     9238.167
112  TIM3e+I       4562.522     15  9155.045     9155.283     9239.289
113  TIM3e+G4      4562.628     15  9155.255     9155.493     9239.499
114  TIM3e+I+G4    4562.753     16  9157.506     9157.776     9247.367
115  TIM3e+R2      4562.979     16  9157.959     9158.229     9247.819
134  TIM2+F+I      4547.297     18  9130.595     9130.934     9231.688
135  TIM2+F+G4     4547.448     18  9130.897     9131.237     9231.990
136  TIM2+F+I+G4   4547.638     19  9133.276     9133.654     9239.985
137  TIM2+F+R2     4547.765     19  9133.530     9133.908     9240.239
156  TIM2e+I       4563.477     15  9156.953     9157.192     9241.198
157  TIM2e+G4      4563.594     15  9157.187     9157.425     9241.431
158  TIM2e+I+G4    4563.742     16  9159.484     9159.754     9249.345
159  TIM2e+R2      4563.854     16  9159.707     9159.977     9249.568
178  TIM+F+I       4545.541     18  9127.082     9127.422     9228.175
179  TIM+F+G4      4545.648     18  9127.296     9127.636     9228.389
180  TIM+F+I+G4    4545.795     19  9129.589     9129.967     9236.299
181  TIM+F+R2      4545.988     19  9129.977     9130.355     9236.686
200  TIMe+I        4561.591     15  9153.181     9153.420     9237.426
201  TIMe+G4       4561.680     15  9153.360     9153.598     9237.604
202  TIMe+I+G4     4561.801     16  9155.603     9155.873     9245.463
203  TIMe+R2       4562.035     16  9156.069     9156.339     9245.930
222  TPM3u+F+I     4546.272     17  9126.543     9126.847     9222.020
223  TPM3u+F+G4    4546.388     17  9126.775     9127.079     9222.252
224  TPM3u+F+I+G4  4546.543     18  9129.086     9129.426     9230.179
225  TPM3u+F+R2    4546.624     18  9129.248     9129.588     9230.341
244  TPM3+I        4562.791     14  9153.581     9153.790     9232.209
245  TPM3+G4       4562.853     14  9153.707     9153.915     9232.335
246  TPM3+I+G4     4562.937     15  9155.873     9156.112     9240.118
247  TPM3+R2       4563.211     15  9156.423     9156.661     9240.667
266  TPM2u+F+I     4547.303     17  9128.606     9128.910     9224.082
267  TPM2u+F+G4    4547.447     17  9128.894     9129.198     9224.371
268  TPM2u+F+I+G4  4547.639     18  9131.279     9131.618     9232.372
269  TPM2u+F+R2    4547.747     18  9131.494     9131.834     9232.587
288  TPM2+I        4563.754     14  9155.509     9155.717     9234.137
289  TPM2+G4       4563.831     14  9155.662     9155.871     9234.290
290  TPM2+I+G4     4563.932     15  9157.863     9158.102     9242.108
291  TPM2+R2       4564.175     15  9158.351     9158.589     9242.595
310  K3Pu+F+I      4545.543     17  9125.087     9125.391     9220.563
311  K3Pu+F+G4     4545.650     17  9125.299     9125.603     9220.776
312  K3Pu+F+I+G4   4545.797     18  9127.594     9127.933     9228.687
313  K3Pu+F+R2     4545.968     18  9127.936     9128.276     9229.029
332  K3P+I         4561.868     14  9151.737     9151.945     9230.365
333  K3P+G4        4561.918     14  9151.835     9152.044     9230.463
334  K3P+I+G4      4561.992     15  9153.983     9154.222     9238.228
335  K3P+R2        4562.283     15  9154.566     9154.804     9238.810
354  TN+F+I        4547.546     17  9129.091     9129.395     9224.568
355  TN+F+G4       4547.683     17  9129.365     9129.669     9224.842
356  TN+F+I+G4     4547.859     18  9131.718     9132.058     9232.811
357  TN+F+R2       4547.922     18  9131.844     9132.184     9232.937
376  TNe+I         4563.478     14  9154.956     9155.164     9233.584
377  TNe+G4        4563.596     14  9155.191     9155.400     9233.819
378  TNe+I+G4      4563.743     15  9157.487     9157.725     9241.731
379  TNe+R2        4563.932     15  9157.864     9158.102     9242.108
398  HKY+F+I       4547.549     16  9127.098     9127.368     9216.958
399  HKY+F+G4      4547.681     16  9127.361     9127.631     9217.222
400  HKY+F+I+G4    4547.860     17  9129.720     9130.024     9225.197
401  HKY+F+R2      4547.986     17  9129.972     9130.276     9225.449
420  K2P+I         4563.756     13  9153.513     9153.693     9226.525
421  K2P+G4        4563.830     13  9153.660     9153.840     9226.672
422  K2P+I+G4      4563.933     14  9155.866     9156.075     9234.494
423  K2P+R2        4564.176     14  9156.351     9156.560     9234.979
442  F81+F+I       4695.909     15  9421.819     9422.057     9506.063
443  F81+F+G4      4696.225     15  9422.449     9422.687     9506.693
444  F81+F+I+G4    4696.369     16  9424.739     9425.009     9514.599
445  F81+F+R2      4696.328     16  9424.655     9424.925     9514.516
464  JC+I          4710.971     12  9445.941     9446.096     9513.336
465  JC+G4         4711.309     12  9446.619     9446.773     9514.014
466  JC+I+G4       4711.459     13  9448.919     9449.099     9521.930
467  JC+R2         4711.468     13  9448.937     9449.117     9521.949
Akaike Information Criterion:           K3Pu+F+I
Corrected Akaike Information Criterion: K3Pu+F+I
Bayesian Information Criterion:         HKY+F+I
Best-fit model: HKY+F+I chosen according to BIC

All model information printed to per_gene_alignments_codon/LOC101400266_.aln.model.gz
CPU time for ModelFinder: 1.260 seconds (0h:0m:1s)
Wall-clock time for ModelFinder: 2.388 seconds (0h:0m:2s)
Generating 1000 samples for ultrafast bootstrap (seed: 447141)...

NOTE: 0 MB RAM (0 GB) is required!
Estimate model parameters (epsilon = 0.100)
1. Initial log-likelihood: -4547.549
Optimal log-likelihood: -4547.549
Rate parameters:  A-C: 1.00000  A-G: 8.32776  A-T: 1.00000  C-G: 1.00000  C-T: 8.32776  G-T: 1.00000
Base frequencies:  A: 0.297  C: 0.226  G: 0.233  T: 0.244
Proportion of invariable sites: 0.683
Parameters optimization took 1 rounds (0.001 sec)
Wrote distance file to... 
Computing ML distances based on estimated model parameters...
Calculating distance matrix: done in 0.000173807 secs using 99.54% CPU
Computing ML distances took 0.000219 sec (of wall-clock time) 0.000225 sec (of CPU time)
Setting up auxiliary I and S matrices: done in 5.22137e-05 secs using 201.1% CPU
Computing RapidNJ tree took 0.000151 sec (of wall-clock time) 0.000298 sec (of CPU time)
Log-likelihood of RapidNJ tree: -4549.921
--------------------------------------------------------------------
|             INITIALIZING CANDIDATE TREE SET                      |
--------------------------------------------------------------------
Generating 98 parsimony trees... 0.067 second
Computing log-likelihood of 42 initial trees ... 0.011 seconds
Current best score: -4547.549

Do NNI search on 20 best initial trees
Estimate model parameters (epsilon = 0.100)
BETTER TREE FOUND at iteration 1: -4547.549
Iteration 10 / LogL: -4547.655 / Time: 0h:0m:2s
Iteration 20 / LogL: -4547.609 / Time: 0h:0m:2s
Finish initializing candidate tree set (1)
Current best tree score: -4547.549 / CPU time: 0.161
Number of iterations: 20
--------------------------------------------------------------------
|               OPTIMIZING CANDIDATE TREE SET                      |
--------------------------------------------------------------------
Iteration 30 / LogL: -4547.640 / Time: 0h:0m:2s (0h:0m:0s left)
Iteration 40 / LogL: -4547.549 / Time: 0h:0m:2s (0h:0m:0s left)
Iteration 50 / LogL: -4547.557 / Time: 0h:0m:2s (0h:0m:0s left)
Log-likelihood cutoff on original alignment: -4571.046
Iteration 60 / LogL: -4547.560 / Time: 0h:0m:3s (0h:0m:0s left)
Iteration 70 / LogL: -4547.631 / Time: 0h:0m:3s (0h:0m:0s left)
Iteration 80 / LogL: -4547.549 / Time: 0h:0m:3s (0h:0m:0s left)
Iteration 90 / LogL: -4547.557 / Time: 0h:0m:3s (0h:0m:0s left)
Iteration 100 / LogL: -4547.558 / Time: 0h:0m:3s (0h:0m:0s left)
Log-likelihood cutoff on original alignment: -4571.691
NOTE: Bootstrap correlation coefficient of split occurrence frequencies: 1.000
TREE SEARCH COMPLETED AFTER 102 ITERATIONS / Time: 0h:0m:3s

--------------------------------------------------------------------
|                    FINALIZING TREE SEARCH                        |
--------------------------------------------------------------------
Performs final model parameters optimization
Estimate model parameters (epsilon = 0.010)
1. Initial log-likelihood: -4547.549
Optimal log-likelihood: -4547.549
Rate parameters:  A-C: 1.00000  A-G: 8.32854  A-T: 1.00000  C-G: 1.00000  C-T: 8.32854  G-T: 1.00000
Base frequencies:  A: 0.297  C: 0.226  G: 0.233  T: 0.244
Proportion of invariable sites: 0.683
Parameters optimization took 1 rounds (0.001 sec)
BEST SCORE FOUND : -4547.549
Creating bootstrap support values...
Split supports printed to NEXUS file per_gene_alignments_codon/LOC101400266_.aln.splits.nex
Total tree length: 0.204

Total number of iterations: 102
CPU time used for tree search: 1.002 sec (0h:0m:1s)
Wall-clock time used for tree search: 1.067 sec (0h:0m:1s)
Total CPU time used: 2.330 sec (0h:0m:2s)
Total wall-clock time used: 3.568 sec (0h:0m:3s)

Computing bootstrap consensus tree...
Reading input file per_gene_alignments_codon/LOC101400266_.aln.splits.nex...
7 taxa and 16 splits.
Consensus tree written to per_gene_alignments_codon/LOC101400266_.aln.contree
Reading input trees file per_gene_alignments_codon/LOC101400266_.aln.contree
Log-likelihood of consensus tree: -4547.549

Analysis results written to: 
  IQ-TREE report:                per_gene_alignments_codon/LOC101400266_.aln.iqtree
  Maximum-likelihood tree:       per_gene_alignments_codon/LOC101400266_.aln.treefile
  Likelihood distances:          per_gene_alignments_codon/LOC101400266_.aln.mldist

Ultrafast bootstrap approximation results written to:
  Split support values:          per_gene_alignments_codon/LOC101400266_.aln.splits.nex
  Consensus tree:                per_gene_alignments_codon/LOC101400266_.aln.contree
  Screen log file:               per_gene_alignments_codon/LOC101400266_.aln.log

Date and Time: Thu Oct 30 21:34:04 2025
