IQ-TREE multicore version 2.3.3 COVID-edition for Linux x86 64-bit built Apr 25 2024
Developed by Bui Quang Minh, James Barbetti, Nguyen Lam Tung, Olga Chernomor,
Heiko Schmidt, Dominik Schrempf, Michael Woodhams, Ly Trong Nhan, Thomas Wong

Host:    morpheus-OptiPlex-5050 (AVX2, FMA3, 503 GB RAM)
Command: iqtree2 -s per_gene_alignments_codon/LOC101392607_.aln.fna -m MFP -T 1 -B 1000 --prefix per_gene_alignments_codon/LOC101392607_.aln
Seed:    34672 (Using SPRNG - Scalable Parallel Random Number Generator)
Time:    Thu Oct 30 21:28:45 2025
Kernel:  AVX+FMA - 1 threads (72 CPU cores detected)

HINT: Use -nt option to specify number of threads because your CPU has 72 cores!
HINT: -nt AUTO will automatically determine the best number of threads to use.

Reading alignment file per_gene_alignments_codon/LOC101392607_.aln.fna ... Fasta format detected
Reading fasta file: done in 0.000299931 secs using 99.02% CPU
Alignment most likely contains DNA/RNA sequences
Alignment has 7 sequences with 876 columns, 66 distinct patterns
47 parsimony-informative, 81 singleton sites, 748 constant sites
                     Gap/Ambiguity  Composition  p-value
Analyzing sequences: done in 1.69277e-05 secs using 88.61% CPU
   1  Ceratotherium_simum    0.34%    passed     91.18%
   2  Diceros_bicornis       0.34%    passed     87.82%
   3  Equus_asinus           0.00%    passed     98.36%
   4  Equus_quagga           1.03%    passed     97.37%
   5  Equus_caballus         0.00%    passed     98.38%
   6  Canis_lupus            0.00%    passed     58.25%
   7  Bos_taurus             0.00%    passed     50.96%
****  TOTAL                  0.24%  0 sequences failed composition chi2 test (p-value<5%; df=3)


Create initial parsimony tree by phylogenetic likelihood library (PLL)... 0.000 seconds
Perform fast likelihood tree search using GTR+I+G model...
Estimate model parameters (epsilon = 5.000)
Perform nearest neighbor interchange...
Estimate model parameters (epsilon = 1.000)
1. Initial log-likelihood: -1920.902
Optimal log-likelihood: -1920.896
Rate parameters:  A-C: 2.09317  A-G: 2.92696  A-T: 1.52511  C-G: 2.21362  C-T: 8.08512  G-T: 1.00000
Base frequencies:  A: 0.168  C: 0.285  G: 0.401  T: 0.145
Proportion of invariable sites: 0.424
Gamma shape alpha: 0.729
Parameters optimization took 1 rounds (0.010 sec)
Time for fast ML tree search: 0.019 seconds

NOTE: ModelFinder requires 0 MB RAM!
ModelFinder will test up to 484 DNA models (sample size: 876) ...
 No. Model         -LnL         df  AIC          AICc         BIC
  1  GTR+F         1933.640     19  3905.280     3906.168     3996.012
  2  GTR+F+I       1920.858     20  3881.716     3882.698     3977.223
  3  GTR+F+G4      1920.877     20  3881.754     3882.737     3977.262
  4  GTR+F+I+G4    1920.903     21  3883.806     3884.888     3984.089
  5  GTR+F+R2      1921.936     21  3885.872     3886.954     3986.154
  6  GTR+F+R3      1921.214     23  3888.429     3889.724     3998.262
 14  GTR+F+I+R2    1920.985     22  3885.971     3887.157     3991.029
 15  GTR+F+I+R3    1920.971     24  3889.941     3891.352     4004.550
 24  SYM+I         1996.621     17  4027.243     4027.956     4108.424
 25  SYM+G4        1996.532     17  4027.064     4027.778     4108.245
 26  SYM+I+G4      1996.462     18  4028.924     4029.722     4114.881
 27  SYM+R2        1997.686     18  4031.372     4032.171     4117.329
 46  TVM+F+I       1927.408     19  3892.816     3893.704     3983.548
 47  TVM+F+G4      1927.421     19  3892.842     3893.730     3983.574
 48  TVM+F+I+G4    1927.440     20  3894.880     3895.863     3990.388
 49  TVM+F+R2      1928.634     20  3897.269     3898.251     3992.776
 68  TVMe+I        1999.758     16  4031.516     4032.149     4107.922
 69  TVMe+G4       1999.739     16  4031.478     4032.111     4107.884
 70  TVMe+I+G4     1999.724     17  4033.448     4034.162     4114.630
 71  TVMe+R2       2001.087     17  4036.173     4036.887     4117.354
 90  TIM3+F+I      1921.064     18  3878.129     3878.927     3964.085
 91  TIM3+F+G4     1921.083     18  3878.167     3878.965     3964.123
 92  TIM3+F+I+G4   1921.106     19  3880.212     3881.100     3970.944
 93  TIM3+F+R2     1922.148     19  3882.297     3883.185     3973.029
112  TIM3e+I       1998.330     15  4026.659     4027.217     4098.290
113  TIM3e+G4      1998.235     15  4026.471     4027.029     4098.101
114  TIM3e+I+G4    1998.189     16  4028.378     4029.012     4104.784
115  TIM3e+R2      1999.482     16  4030.964     4031.598     4107.370
134  TIM2+F+I      1922.556     18  3881.111     3881.910     3967.068
135  TIM2+F+G4     1922.639     18  3881.277     3882.075     3967.234
136  TIM2+F+I+G4   1922.781     19  3883.561     3884.449     3974.293
137  TIM2+F+R2     1923.822     19  3885.643     3886.531     3976.375
156  TIM2e+I       2004.512     15  4039.023     4039.581     4110.654
157  TIM2e+G4      2004.519     15  4039.037     4039.595     4110.668
158  TIM2e+I+G4    2004.541     16  4041.082     4041.715     4117.488
159  TIM2e+R2      2005.682     16  4043.365     4043.998     4119.771
178  TIM+F+I       1922.062     18  3880.123     3880.921     3966.080
179  TIM+F+G4      1922.132     18  3880.263     3881.062     3966.220
180  TIM+F+I+G4    1922.231     19  3882.462     3883.350     3973.194
181  TIM+F+R2      1923.248     19  3884.496     3885.384     3975.228
200  TIMe+I        2002.447     15  4034.893     4035.452     4106.524
201  TIMe+G4       2002.436     15  4034.872     4035.430     4106.502
202  TIMe+I+G4     2002.434     16  4036.868     4037.501     4113.273
203  TIMe+R2       2003.524     16  4039.048     4039.682     4115.454
222  TPM3u+F+I     1927.640     17  3889.279     3889.993     3970.461
223  TPM3u+F+G4    1927.660     17  3889.320     3890.033     3970.501
224  TPM3u+F+I+G4  1927.680     18  3891.359     3892.157     3977.316
225  TPM3u+F+R2    1928.866     18  3893.732     3894.530     3979.688
244  TPM3+I        2001.588     14  4031.175     4031.663     4098.030
245  TPM3+G4       2001.579     14  4031.159     4031.647     4098.014
246  TPM3+I+G4     2001.567     15  4033.133     4033.691     4104.764
247  TPM3+R2       2003.159     15  4036.317     4036.875     4107.948
266  TPM2u+F+I     1929.511     17  3893.021     3893.734     3974.202
267  TPM2u+F+G4    1929.565     17  3893.131     3893.844     3974.312
268  TPM2u+F+I+G4  1929.635     18  3895.270     3896.068     3981.227
269  TPM2u+F+R2    1930.727     18  3897.453     3898.251     3983.410
288  TPM2+I        2007.530     14  4043.061     4043.549     4109.916
289  TPM2+G4       2007.570     14  4043.140     4043.628     4109.995
290  TPM2+I+G4     2007.613     15  4045.226     4045.784     4116.857
291  TPM2+R2       2008.834     15  4047.668     4048.226     4119.299
310  K3Pu+F+I      1928.909     17  3891.819     3892.532     3973.000
311  K3Pu+F+G4     1928.958     17  3891.916     3892.630     3973.097
312  K3Pu+F+I+G4   1929.016     18  3894.032     3894.830     3979.988
313  K3Pu+F+R2     1930.089     18  3896.177     3896.975     3982.134
332  K3P+I         2005.524     14  4039.049     4039.536     4105.904
333  K3P+G4        2005.560     14  4039.120     4039.608     4105.976
334  K3P+I+G4      2005.585     15  4041.171     4041.729     4112.801
335  K3P+R2        2006.746     15  4043.492     4044.050     4115.123
354  TN+F+I        1922.575     17  3879.150     3879.864     3960.331
355  TN+F+G4       1922.658     17  3879.317     3880.030     3960.498
356  TN+F+I+G4     1922.805     18  3881.610     3882.408     3967.566
357  TN+F+R2       1923.837     18  3883.673     3884.472     3969.630
376  TNe+I         2005.596     14  4039.193     4039.680     4106.048
377  TNe+G4        2005.618     14  4039.236     4039.724     4106.091
378  TNe+I+G4      2005.649     15  4041.298     4041.856     4112.928
379  TNe+R2        2006.794     15  4043.589     4044.147     4115.219
398  HKY+F+I       1929.557     16  3891.114     3891.747     3967.520
399  HKY+F+G4      1929.612     16  3891.225     3891.858     3967.631
400  HKY+F+I+G4    1929.682     17  3893.364     3894.077     3974.545
401  HKY+F+R2      1930.773     17  3895.545     3896.259     3976.727
420  K2P+I         2008.705     13  4043.410     4043.832     4105.489
421  K2P+G4        2008.765     13  4043.531     4043.953     4105.610
422  K2P+I+G4      2008.817     14  4045.634     4046.122     4112.489
423  K2P+R2        2010.118     14  4048.235     4048.723     4115.090
442  F81+F+I       1942.311     15  3914.622     3915.180     3986.252
443  F81+F+G4      1942.403     15  3914.806     3915.364     3986.437
444  F81+F+I+G4    1942.493     16  3916.986     3917.619     3993.392
445  F81+F+R2      1943.586     16  3919.173     3919.806     3995.579
464  JC+I          2017.590     12  4059.181     4059.542     4116.485
465  JC+G4         2017.673     12  4059.346     4059.708     4116.651
466  JC+I+G4       2017.742     13  4061.485     4061.907     4123.564
467  JC+R2         2019.024     13  4064.048     4064.470     4126.128
Akaike Information Criterion:           TIM3+F+I
Corrected Akaike Information Criterion: TIM3+F+I
Bayesian Information Criterion:         TN+F+I
Best-fit model: TN+F+I chosen according to BIC

All model information printed to per_gene_alignments_codon/LOC101392607_.aln.model.gz
CPU time for ModelFinder: 1.328 seconds (0h:0m:1s)
Wall-clock time for ModelFinder: 2.431 seconds (0h:0m:2s)
Generating 1000 samples for ultrafast bootstrap (seed: 34672)...

NOTE: 0 MB RAM (0 GB) is required!
Estimate model parameters (epsilon = 0.100)
1. Initial log-likelihood: -1922.575
Optimal log-likelihood: -1922.575
Rate parameters:  A-C: 1.00000  A-G: 1.58095  A-T: 1.00000  C-G: 1.00000  C-T: 4.63008  G-T: 1.00000
Base frequencies:  A: 0.168  C: 0.285  G: 0.401  T: 0.145
Proportion of invariable sites: 0.692
Parameters optimization took 1 rounds (0.001 sec)
Wrote distance file to... 
Computing ML distances based on estimated model parameters...
Calculating distance matrix: done in 0.000172853 secs using 99.51% CPU
Computing ML distances took 0.000218 sec (of wall-clock time) 0.000223 sec (of CPU time)
Setting up auxiliary I and S matrices: done in 5.29289e-05 secs using 145.5% CPU
Computing RapidNJ tree took 0.000142 sec (of wall-clock time) 0.000208 sec (of CPU time)
Log-likelihood of RapidNJ tree: -1922.576
--------------------------------------------------------------------
|             INITIALIZING CANDIDATE TREE SET                      |
--------------------------------------------------------------------
Generating 98 parsimony trees... 0.091 second
Computing log-likelihood of 45 initial trees ... 0.023 seconds
Current best score: -1922.575

Do NNI search on 20 best initial trees
Estimate model parameters (epsilon = 0.100)
BETTER TREE FOUND at iteration 1: -1922.575
UPDATE BEST LOG-LIKELIHOOD: -1922.575
UPDATE BEST LOG-LIKELIHOOD: -1922.575
UPDATE BEST LOG-LIKELIHOOD: -1922.575
Iteration 10 / LogL: -1922.575 / Time: 0h:0m:2s
UPDATE BEST LOG-LIKELIHOOD: -1922.575
Iteration 20 / LogL: -1922.575 / Time: 0h:0m:2s
Finish initializing candidate tree set (2)
Current best tree score: -1922.575 / CPU time: 0.189
Number of iterations: 20
--------------------------------------------------------------------
|               OPTIMIZING CANDIDATE TREE SET                      |
--------------------------------------------------------------------
UPDATE BEST LOG-LIKELIHOOD: -1922.575
Iteration 30 / LogL: -1922.575 / Time: 0h:0m:2s (0h:0m:1s left)
UPDATE BEST LOG-LIKELIHOOD: -1922.575
Iteration 40 / LogL: -1922.575 / Time: 0h:0m:3s (0h:0m:0s left)
UPDATE BEST LOG-LIKELIHOOD: -1922.575
UPDATE BEST LOG-LIKELIHOOD: -1922.575
Iteration 50 / LogL: -1922.575 / Time: 0h:0m:3s (0h:0m:0s left)
Log-likelihood cutoff on original alignment: -1940.177
UPDATE BEST LOG-LIKELIHOOD: -1922.575
Iteration 60 / LogL: -1922.577 / Time: 0h:0m:3s (0h:0m:0s left)
Iteration 70 / LogL: -1951.079 / Time: 0h:0m:3s (0h:0m:0s left)
Iteration 80 / LogL: -1922.575 / Time: 0h:0m:3s (0h:0m:0s left)
Iteration 90 / LogL: -1922.576 / Time: 0h:0m:3s (0h:0m:0s left)
Iteration 100 / LogL: -1922.575 / Time: 0h:0m:3s (0h:0m:0s left)
Log-likelihood cutoff on original alignment: -1940.053
NOTE: Bootstrap correlation coefficient of split occurrence frequencies: 0.999
TREE SEARCH COMPLETED AFTER 102 ITERATIONS / Time: 0h:0m:4s

--------------------------------------------------------------------
|                    FINALIZING TREE SEARCH                        |
--------------------------------------------------------------------
Performs final model parameters optimization
Estimate model parameters (epsilon = 0.010)
1. Initial log-likelihood: -1922.575
Optimal log-likelihood: -1922.575
Rate parameters:  A-C: 1.00000  A-G: 1.58165  A-T: 1.00000  C-G: 1.00000  C-T: 4.64267  G-T: 1.00000
Base frequencies:  A: 0.168  C: 0.285  G: 0.401  T: 0.145
Proportion of invariable sites: 0.693
Parameters optimization took 1 rounds (0.001 sec)
BEST SCORE FOUND : -1922.575
Creating bootstrap support values...
Split supports printed to NEXUS file per_gene_alignments_codon/LOC101392607_.aln.splits.nex
Total tree length: 0.215

Total number of iterations: 102
CPU time used for tree search: 0.938 sec (0h:0m:0s)
Wall-clock time used for tree search: 1.520 sec (0h:0m:1s)
Total CPU time used: 2.321 sec (0h:0m:2s)
Total wall-clock time used: 4.035 sec (0h:0m:4s)

Computing bootstrap consensus tree...
Reading input file per_gene_alignments_codon/LOC101392607_.aln.splits.nex...
7 taxa and 20 splits.
Consensus tree written to per_gene_alignments_codon/LOC101392607_.aln.contree
Reading input trees file per_gene_alignments_codon/LOC101392607_.aln.contree
Log-likelihood of consensus tree: -1922.576

Analysis results written to: 
  IQ-TREE report:                per_gene_alignments_codon/LOC101392607_.aln.iqtree
  Maximum-likelihood tree:       per_gene_alignments_codon/LOC101392607_.aln.treefile
  Likelihood distances:          per_gene_alignments_codon/LOC101392607_.aln.mldist

Ultrafast bootstrap approximation results written to:
  Split support values:          per_gene_alignments_codon/LOC101392607_.aln.splits.nex
  Consensus tree:                per_gene_alignments_codon/LOC101392607_.aln.contree
  Screen log file:               per_gene_alignments_codon/LOC101392607_.aln.log

Date and Time: Thu Oct 30 21:28:49 2025
