IQ-TREE multicore version 2.3.3 COVID-edition for Linux x86 64-bit built Apr 25 2024
Developed by Bui Quang Minh, James Barbetti, Nguyen Lam Tung, Olga Chernomor,
Heiko Schmidt, Dominik Schrempf, Michael Woodhams, Ly Trong Nhan, Thomas Wong

Host:    morpheus-OptiPlex-5050 (AVX2, FMA3, 503 GB RAM)
Command: iqtree2 -s per_gene_alignments_codon/LOC101408873_.aln.fna -m MFP -T 1 -B 1000 --prefix per_gene_alignments_codon/LOC101408873_.aln
Seed:    938784 (Using SPRNG - Scalable Parallel Random Number Generator)
Time:    Thu Oct 30 21:39:49 2025
Kernel:  AVX+FMA - 1 threads (72 CPU cores detected)

HINT: Use -nt option to specify number of threads because your CPU has 72 cores!
HINT: -nt AUTO will automatically determine the best number of threads to use.

Reading alignment file per_gene_alignments_codon/LOC101408873_.aln.fna ... Fasta format detected
Reading fasta file: done in 0.000511169 secs
Alignment most likely contains DNA/RNA sequences
Alignment has 7 sequences with 1743 columns, 86 distinct patterns
77 parsimony-informative, 180 singleton sites, 1486 constant sites
                     Gap/Ambiguity  Composition  p-value
Analyzing sequences: done in 1.81198e-05 secs using 88.3% CPU
   1  Ceratotherium_simum    0.00%    passed     98.66%
   2  Diceros_bicornis       0.00%    passed     96.25%
   3  Equus_asinus           0.00%    passed     98.93%
   4  Equus_quagga           0.00%    passed     99.30%
   5  Equus_caballus         0.00%    passed     97.56%
   6  Canis_lupus            0.00%    passed     99.72%
   7  Bos_taurus             0.52%    passed     99.76%
****  TOTAL                  0.07%  0 sequences failed composition chi2 test (p-value<5%; df=3)


Create initial parsimony tree by phylogenetic likelihood library (PLL)... 0.000 seconds
Perform fast likelihood tree search using GTR+I+G model...
Estimate model parameters (epsilon = 5.000)
Perform nearest neighbor interchange...
Estimate model parameters (epsilon = 1.000)
1. Initial log-likelihood: -3847.935
Optimal log-likelihood: -3847.922
Rate parameters:  A-C: 1.72234  A-G: 4.62021  A-T: 0.62905  C-G: 1.51093  C-T: 5.52909  G-T: 1.00000
Base frequencies:  A: 0.300  C: 0.213  G: 0.256  T: 0.230
Proportion of invariable sites: 0.424
Gamma shape alpha: 998.429
Parameters optimization took 1 rounds (0.010 sec)
Time for fast ML tree search: 0.057 seconds

NOTE: ModelFinder requires 0 MB RAM!
ModelFinder will test up to 484 DNA models (sample size: 1743) ...
 No. Model         -LnL         df  AIC          AICc         BIC
  1  GTR+F         3848.403     19  7734.806     7735.247     7838.610
  2  GTR+F+I       3847.437     20  7734.875     7735.363     7844.142
  3  GTR+F+G4      3847.487     20  7734.974     7735.462     7844.242
  4  GTR+F+I+G4    3847.904     21  7737.809     7738.346     7852.539
  5  GTR+F+R2      3847.475     21  7736.951     7737.487     7851.681
  6  GTR+F+R3      3847.570     23  7741.141     7741.783     7866.798
 14  GTR+F+I+R2    3848.055     22  7740.111     7740.699     7860.305
 15  GTR+F+I+R3    3847.981     24  7743.962     7744.660     7875.083
 23  SYM           3863.817     16  7759.634     7759.949     7847.047
 24  SYM+I         3862.881     17  7759.763     7760.117     7852.640
 25  SYM+G4        3862.921     17  7759.843     7760.197     7852.720
 45  TVM+F         3849.038     18  7734.075     7734.472     7832.416
 46  TVM+F+I       3848.065     19  7734.130     7734.571     7837.934
 47  TVM+F+G4      3848.111     19  7734.221     7734.662     7838.025
 67  TVMe          3863.874     15  7757.748     7758.026     7839.699
 68  TVMe+I        3862.934     16  7757.869     7758.184     7845.283
 69  TVMe+G4       3862.977     16  7757.954     7758.269     7845.367
 89  TIM3+F        3849.125     17  7732.249     7732.604     7825.127
 90  TIM3+F+I      3848.189     18  7732.378     7732.775     7830.718
 91  TIM3+F+G4     3848.222     18  7732.444     7732.841     7830.785
111  TIM3e         3864.472     14  7756.943     7757.186     7833.430
112  TIM3e+I       3863.555     15  7757.111     7757.389     7839.061
113  TIM3e+G4      3863.582     15  7757.164     7757.442     7839.115
133  TIM2+F        3853.727     17  7741.453     7741.808     7834.330
134  TIM2+F+I      3852.766     18  7741.531     7741.928     7839.872
135  TIM2+F+G4     3852.841     18  7741.682     7742.078     7840.022
155  TIM2e         3868.542     14  7765.084     7765.327     7841.571
156  TIM2e+I       3867.598     15  7765.197     7765.475     7847.147
157  TIM2e+G4      3867.661     15  7765.322     7765.600     7847.273
177  TIM+F         3853.004     17  7740.007     7740.362     7832.884
178  TIM+F+I       3852.025     18  7740.050     7740.447     7838.390
179  TIM+F+G4      3852.111     18  7740.222     7740.619     7838.562
199  TIMe          3867.809     14  7763.618     7763.861     7840.106
200  TIMe+I        3866.844     15  7763.688     7763.966     7845.639
201  TIMe+G4       3866.919     15  7763.837     7764.115     7845.788
221  TPM3u+F       3849.754     16  7731.507     7731.823     7818.921
222  TPM3u+F+I     3848.812     17  7731.623     7731.978     7824.500
223  TPM3u+F+G4    3848.841     17  7731.682     7732.037     7824.559
243  TPM3          3864.524     13  7755.049     7755.259     7826.072
244  TPM3+I        3863.610     14  7755.221     7755.464     7831.708
245  TPM3+G4       3863.638     14  7755.277     7755.520     7831.764
265  TPM2u+F       3854.346     16  7740.693     7741.008     7828.107
266  TPM2u+F+I     3853.379     17  7740.758     7741.113     7833.636
267  TPM2u+F+G4    3853.450     17  7740.901     7741.256     7833.778
287  TPM2          3868.600     13  7763.200     7763.411     7834.224
288  TPM2+I        3867.647     14  7763.294     7763.537     7839.781
289  TPM2+G4       3867.713     14  7763.426     7763.669     7839.913
309  K3Pu+F        3853.626     16  7739.252     7739.568     7826.666
310  K3Pu+F+I      3852.643     17  7739.287     7739.642     7832.164
311  K3Pu+F+G4     3852.724     17  7739.449     7739.803     7832.326
331  K3P           3867.866     13  7761.731     7761.942     7832.755
332  K3P+I         3866.897     14  7761.793     7762.036     7838.280
333  K3P+G4        3866.973     14  7761.947     7762.190     7838.434
353  TN+F          3853.787     16  7739.575     7739.890     7826.989
354  TN+F+I        3852.830     17  7739.660     7740.014     7832.537
355  TN+F+G4       3852.903     17  7739.806     7740.161     7832.683
375  TNe           3868.542     13  7763.084     7763.295     7834.108
376  TNe+I         3867.592     14  7763.183     7763.426     7839.671
377  TNe+G4        3867.656     14  7763.313     7763.556     7839.800
397  HKY+F         3854.409     15  7738.817     7739.095     7820.768
398  HKY+F+I       3853.445     16  7738.890     7739.205     7826.304
399  HKY+F+G4      3853.513     16  7739.026     7739.342     7826.440
419  K2P           3868.601     12  7761.201     7761.382     7826.762
420  K2P+I         3867.648     13  7761.295     7761.506     7832.319
421  K2P+G4        3867.713     13  7761.426     7761.637     7832.450
441  F81+F         3915.453     14  7858.905     7859.148     7935.392
442  F81+F+I       3915.054     15  7860.109     7860.387     7942.059
443  F81+F+G4      3915.112     15  7860.223     7860.501     7942.174
463  JC            3931.537     11  7885.075     7885.227     7945.172
464  JC+I          3931.161     12  7886.323     7886.503     7951.883
465  JC+G4         3931.215     12  7886.430     7886.610     7951.990
Akaike Information Criterion:           TPM3u+F
Corrected Akaike Information Criterion: TPM3u+F
Bayesian Information Criterion:         TPM3u+F
Best-fit model: TPM3u+F chosen according to BIC

All model information printed to per_gene_alignments_codon/LOC101408873_.aln.model.gz
CPU time for ModelFinder: 0.326 seconds (0h:0m:0s)
Wall-clock time for ModelFinder: 0.515 seconds (0h:0m:0s)
Generating 1000 samples for ultrafast bootstrap (seed: 938784)...

NOTE: 0 MB RAM (0 GB) is required!
Estimate model parameters (epsilon = 0.100)
1. Initial log-likelihood: -3849.754
Optimal log-likelihood: -3849.749
Rate parameters:  A-C: 1.96417  A-G: 5.85188  A-T: 1.00000  C-G: 1.96417  C-T: 5.85188  G-T: 1.00000
Base frequencies:  A: 0.300  C: 0.213  G: 0.256  T: 0.230
Parameters optimization took 1 rounds (0.001 sec)
Wrote distance file to... 
Computing ML distances based on estimated model parameters...
Calculating distance matrix: done in 0.000202894 secs using 99.07% CPU
Computing ML distances took 0.000260 sec (of wall-clock time) 0.000266 sec (of CPU time)
Setting up auxiliary I and S matrices: done in 4.48227e-05 secs using 207.5% CPU
Computing RapidNJ tree took 0.000144 sec (of wall-clock time) 0.000287 sec (of CPU time)
Log-likelihood of RapidNJ tree: -3849.751
--------------------------------------------------------------------
|             INITIALIZING CANDIDATE TREE SET                      |
--------------------------------------------------------------------
Generating 99 parsimony trees... 0.041 second
Computing log-likelihood of 37 initial trees ... 0.011 seconds
Current best score: -3849.749

Do NNI search on 20 best initial trees
Estimate model parameters (epsilon = 0.100)
BETTER TREE FOUND at iteration 1: -3849.749
Iteration 10 / LogL: -3849.749 / Time: 0h:0m:0s
Iteration 20 / LogL: -3849.749 / Time: 0h:0m:0s
Finish initializing candidate tree set (1)
Current best tree score: -3849.749 / CPU time: 0.111
Number of iterations: 20
--------------------------------------------------------------------
|               OPTIMIZING CANDIDATE TREE SET                      |
--------------------------------------------------------------------
Iteration 30 / LogL: -3849.749 / Time: 0h:0m:0s (0h:0m:0s left)
Iteration 40 / LogL: -3849.749 / Time: 0h:0m:0s (0h:0m:0s left)
Iteration 50 / LogL: -3849.749 / Time: 0h:0m:1s (0h:0m:0s left)
Log-likelihood cutoff on original alignment: -3873.316
Iteration 60 / LogL: -3849.758 / Time: 0h:0m:1s (0h:0m:0s left)
Iteration 70 / LogL: -3849.749 / Time: 0h:0m:1s (0h:0m:0s left)
Iteration 80 / LogL: -3849.749 / Time: 0h:0m:1s (0h:0m:0s left)
Iteration 90 / LogL: -3849.749 / Time: 0h:0m:1s (0h:0m:0s left)
Iteration 100 / LogL: -3849.752 / Time: 0h:0m:1s (0h:0m:0s left)
Log-likelihood cutoff on original alignment: -3873.316
NOTE: Bootstrap correlation coefficient of split occurrence frequencies: 1.000
TREE SEARCH COMPLETED AFTER 102 ITERATIONS / Time: 0h:0m:1s

--------------------------------------------------------------------
|                    FINALIZING TREE SEARCH                        |
--------------------------------------------------------------------
Performs final model parameters optimization
Estimate model parameters (epsilon = 0.010)
1. Initial log-likelihood: -3849.749
Optimal log-likelihood: -3849.749
Rate parameters:  A-C: 1.96592  A-G: 5.85837  A-T: 1.00000  C-G: 1.96592  C-T: 5.85837  G-T: 1.00000
Base frequencies:  A: 0.300  C: 0.213  G: 0.256  T: 0.230
Parameters optimization took 1 rounds (0.001 sec)
BEST SCORE FOUND : -3849.749
Creating bootstrap support values...
Split supports printed to NEXUS file per_gene_alignments_codon/LOC101408873_.aln.splits.nex
Total tree length: 0.165

Total number of iterations: 102
CPU time used for tree search: 0.977 sec (0h:0m:0s)
Wall-clock time used for tree search: 1.349 sec (0h:0m:1s)
Total CPU time used: 1.368 sec (0h:0m:1s)
Total wall-clock time used: 1.956 sec (0h:0m:1s)

Computing bootstrap consensus tree...
Reading input file per_gene_alignments_codon/LOC101408873_.aln.splits.nex...
7 taxa and 15 splits.
Consensus tree written to per_gene_alignments_codon/LOC101408873_.aln.contree
Reading input trees file per_gene_alignments_codon/LOC101408873_.aln.contree
Log-likelihood of consensus tree: -3849.751

Analysis results written to: 
  IQ-TREE report:                per_gene_alignments_codon/LOC101408873_.aln.iqtree
  Maximum-likelihood tree:       per_gene_alignments_codon/LOC101408873_.aln.treefile
  Likelihood distances:          per_gene_alignments_codon/LOC101408873_.aln.mldist

Ultrafast bootstrap approximation results written to:
  Split support values:          per_gene_alignments_codon/LOC101408873_.aln.splits.nex
  Consensus tree:                per_gene_alignments_codon/LOC101408873_.aln.contree
  Screen log file:               per_gene_alignments_codon/LOC101408873_.aln.log

Date and Time: Thu Oct 30 21:39:52 2025
