IQ-TREE multicore version 2.3.3 COVID-edition for Linux x86 64-bit built Apr 25 2024
Developed by Bui Quang Minh, James Barbetti, Nguyen Lam Tung, Olga Chernomor,
Heiko Schmidt, Dominik Schrempf, Michael Woodhams, Ly Trong Nhan, Thomas Wong

Host:    morpheus-OptiPlex-5050 (AVX2, FMA3, 503 GB RAM)
Command: iqtree2 -s per_gene_alignments_codon/LOC101390242_.aln.fna -m MFP -T 1 -B 1000 --prefix per_gene_alignments_codon/LOC101390242_.aln
Seed:    135625 (Using SPRNG - Scalable Parallel Random Number Generator)
Time:    Thu Oct 30 21:27:05 2025
Kernel:  AVX+FMA - 1 threads (72 CPU cores detected)

HINT: Use -nt option to specify number of threads because your CPU has 72 cores!
HINT: -nt AUTO will automatically determine the best number of threads to use.

Reading alignment file per_gene_alignments_codon/LOC101390242_.aln.fna ... Fasta format detected
Reading fasta file: done in 0.000859022 secs using 99.88% CPU
Alignment most likely contains DNA/RNA sequences
Alignment has 7 sequences with 3057 columns, 94 distinct patterns
118 parsimony-informative, 192 singleton sites, 2747 constant sites
                     Gap/Ambiguity  Composition  p-value
Analyzing sequences: done in 1.40667e-05 secs
   1  Ceratotherium_simum    0.10%    passed     99.68%
   2  Diceros_bicornis       0.00%    passed     99.88%
   3  Equus_asinus           0.00%    passed     96.05%
   4  Equus_quagga           0.10%    passed     96.24%
   5  Equus_caballus         0.00%    passed     98.72%
   6  Canis_lupus            0.00%    passed     99.40%
   7  Bos_taurus             0.29%    passed     80.11%
****  TOTAL                  0.07%  0 sequences failed composition chi2 test (p-value<5%; df=3)


Create initial parsimony tree by phylogenetic likelihood library (PLL)... 0.000 seconds
Perform fast likelihood tree search using GTR+I+G model...
Estimate model parameters (epsilon = 5.000)
Perform nearest neighbor interchange...
Estimate model parameters (epsilon = 1.000)
1. Initial log-likelihood: -6046.185
Optimal log-likelihood: -6046.179
Rate parameters:  A-C: 1.11401  A-G: 4.45202  A-T: 0.17674  C-G: 0.62658  C-T: 7.17616  G-T: 1.00000
Base frequencies:  A: 0.335  C: 0.199  G: 0.232  T: 0.234
Proportion of invariable sites: 0.446
Gamma shape alpha: 0.597
Parameters optimization took 1 rounds (0.002 sec)
Time for fast ML tree search: 0.063 seconds

NOTE: ModelFinder requires 0 MB RAM!
ModelFinder will test up to 484 DNA models (sample size: 3057) ...
 No. Model         -LnL         df  AIC          AICc         BIC
  1  GTR+F         6067.339     19  12172.677    12172.927    12287.156
  2  GTR+F+I       6046.190     20  12132.380    12132.657    12252.884
  3  GTR+F+G4      6046.188     20  12132.375    12132.652    12252.879
  4  GTR+F+I+G4    6046.177     21  12134.355    12134.659    12260.884
  5  GTR+F+R2      6047.500     21  12137.000    12137.305    12263.529
  6  GTR+F+R3      6046.499     23  12138.997    12139.361    12277.577
 14  GTR+F+I+R2    6046.544     22  12137.087    12137.421    12269.641
 15  GTR+F+I+R3    6046.296     24  12140.592    12140.988    12285.196
 24  SYM+I         6104.076     17  12242.151    12242.352    12344.579
 25  SYM+G4        6104.109     17  12242.218    12242.420    12344.646
 26  SYM+I+G4      6104.164     18  12244.328    12244.553    12352.782
 46  TVM+F+I       6051.137     19  12140.274    12140.525    12254.753
 47  TVM+F+G4      6051.149     19  12140.297    12140.548    12254.776
 48  TVM+F+I+G4    6051.213     20  12142.427    12142.704    12262.931
 68  TVMe+I        6105.182     16  12242.365    12242.544    12338.768
 69  TVMe+G4       6105.227     16  12242.455    12242.634    12338.858
 70  TVMe+I+G4     6105.305     17  12244.611    12244.812    12347.039
 90  TIM3+F+I      6053.019     18  12142.037    12142.262    12250.490
 91  TIM3+F+G4     6053.120     18  12142.240    12142.465    12250.693
 92  TIM3+F+I+G4   6053.355     19  12144.711    12144.961    12259.190
112  TIM3e+I       6109.828     15  12249.655    12249.813    12340.033
113  TIM3e+G4      6109.973     15  12249.947    12250.105    12340.325
114  TIM3e+I+G4    6110.192     16  12252.385    12252.564    12348.788
134  TIM2+F+I      6054.245     18  12144.490    12144.715    12252.943
135  TIM2+F+G4     6054.350     18  12144.700    12144.926    12253.154
136  TIM2+F+I+G4   6054.581     19  12147.161    12147.412    12261.640
156  TIM2e+I       6110.865     15  12251.729    12251.887    12342.107
157  TIM2e+G4      6111.024     15  12252.048    12252.206    12342.426
158  TIM2e+I+G4    6111.238     16  12254.476    12254.655    12350.879
178  TIM+F+I       6048.401     18  12132.801    12133.027    12241.255
179  TIM+F+G4      6048.455     18  12132.909    12133.134    12241.363
180  TIM+F+I+G4    6048.589     19  12135.178    12135.428    12249.657
200  TIMe+I        6105.173     15  12240.345    12240.503    12330.723
201  TIMe+G4       6105.254     15  12240.509    12240.667    12330.887
202  TIMe+I+G4     6105.370     16  12242.739    12242.918    12339.142
222  TPM3u+F+I     6058.074     17  12150.148    12150.349    12252.576
223  TPM3u+F+G4    6058.170     17  12150.339    12150.541    12252.767
224  TPM3u+F+I+G4  6058.479     18  12152.959    12153.184    12261.412
244  TPM3+I        6110.931     14  12249.861    12249.999    12334.214
245  TPM3+G4       6111.085     14  12250.169    12250.307    12334.522
246  TPM3+I+G4     6111.319     15  12252.638    12252.796    12343.016
266  TPM2u+F+I     6059.142     17  12152.284    12152.485    12254.712
267  TPM2u+F+G4    6059.249     17  12152.497    12152.699    12254.925
268  TPM2u+F+I+G4  6059.563     18  12155.126    12155.352    12263.580
288  TPM2+I        6111.958     14  12251.916    12252.054    12336.269
289  TPM2+G4       6112.128     14  12252.255    12252.393    12336.608
290  TPM2+I+G4     6112.364     15  12254.728    12254.886    12345.106
310  K3Pu+F+I      6053.331     17  12140.663    12140.864    12243.091
311  K3Pu+F+G4     6053.391     17  12140.783    12140.984    12243.211
312  K3Pu+F+I+G4   6053.597     18  12143.193    12143.418    12251.646
332  K3P+I         6106.262     14  12240.524    12240.663    12324.877
333  K3P+G4        6106.353     14  12240.705    12240.843    12325.058
334  K3P+I+G4      6106.489     15  12242.977    12243.135    12333.355
354  TN+F+I        6055.101     17  12144.202    12144.404    12246.631
355  TN+F+G4       6055.225     17  12144.451    12144.652    12246.879
356  TN+F+I+G4     6055.472     18  12146.943    12147.168    12255.397
376  TNe+I         6110.980     14  12249.960    12250.098    12334.313
377  TNe+G4        6111.146     14  12250.291    12250.429    12334.644
378  TNe+I+G4      6111.365     15  12252.730    12252.887    12343.107
398  HKY+F+I       6060.092     16  12152.185    12152.364    12248.588
399  HKY+F+G4      6060.217     16  12152.434    12152.613    12248.837
400  HKY+F+I+G4    6060.547     17  12155.094    12155.296    12257.523
420  K2P+I         6112.079     13  12250.158    12250.278    12328.486
421  K2P+G4        6112.255     13  12250.509    12250.629    12328.837
422  K2P+I+G4      6112.494     14  12252.988    12253.126    12337.340
442  F81+F+I       6204.598     15  12439.196    12439.353    12529.573
443  F81+F+G4      6204.799     15  12439.599    12439.756    12529.976
444  F81+F+I+G4    6204.880     16  12441.760    12441.939    12538.163
464  JC+I          6256.059     12  12536.118    12536.221    12608.420
465  JC+G4         6256.283     12  12536.567    12536.669    12608.869
466  JC+I+G4       6256.369     13  12538.737    12538.857    12617.065
Akaike Information Criterion:           GTR+F+G4
Corrected Akaike Information Criterion: GTR+F+G4
Bayesian Information Criterion:         TIM+F+I
Best-fit model: TIM+F+I chosen according to BIC

All model information printed to per_gene_alignments_codon/LOC101390242_.aln.model.gz
CPU time for ModelFinder: 0.408 seconds (0h:0m:0s)
Wall-clock time for ModelFinder: 0.601 seconds (0h:0m:0s)
Generating 1000 samples for ultrafast bootstrap (seed: 135625)...

NOTE: 0 MB RAM (0 GB) is required!
Estimate model parameters (epsilon = 0.100)
1. Initial log-likelihood: -6048.401
Optimal log-likelihood: -6048.400
Rate parameters:  A-C: 1.00000  A-G: 4.16940  A-T: 0.32850  C-G: 0.32850  C-T: 6.62921  G-T: 1.00000
Base frequencies:  A: 0.335  C: 0.199  G: 0.232  T: 0.234
Proportion of invariable sites: 0.710
Parameters optimization took 1 rounds (0.001 sec)
Wrote distance file to... 
Computing ML distances based on estimated model parameters...
Calculating distance matrix: done in 0.000165939 secs using 96.42% CPU
Computing ML distances took 0.000210 sec (of wall-clock time) 0.000210 sec (of CPU time)
Setting up auxiliary I and S matrices: done in 4.41074e-05 secs using 185.9% CPU
Computing RapidNJ tree took 0.000137 sec (of wall-clock time) 0.000272 sec (of CPU time)
Log-likelihood of RapidNJ tree: -6048.400
--------------------------------------------------------------------
|             INITIALIZING CANDIDATE TREE SET                      |
--------------------------------------------------------------------
Generating 99 parsimony trees... 0.039 second
Computing log-likelihood of 41 initial trees ... 0.010 seconds
Current best score: -6048.400

Do NNI search on 20 best initial trees
Estimate model parameters (epsilon = 0.100)
BETTER TREE FOUND at iteration 1: -6048.400
Iteration 10 / LogL: -6048.639 / Time: 0h:0m:0s
Iteration 20 / LogL: -6048.402 / Time: 0h:0m:0s
Finish initializing candidate tree set (2)
Current best tree score: -6048.400 / CPU time: 0.109
Number of iterations: 20
--------------------------------------------------------------------
|               OPTIMIZING CANDIDATE TREE SET                      |
--------------------------------------------------------------------
WARNING: NNI search needs unusual large number of steps (7) to converge!
Iteration 30 / LogL: -6048.401 / Time: 0h:0m:0s (0h:0m:0s left)
Iteration 40 / LogL: -6048.648 / Time: 0h:0m:0s (0h:0m:0s left)
Iteration 50 / LogL: -6115.071 / Time: 0h:0m:1s (0h:0m:0s left)
Log-likelihood cutoff on original alignment: -6062.485
Iteration 60 / LogL: -6115.074 / Time: 0h:0m:1s (0h:0m:0s left)
UPDATE BEST LOG-LIKELIHOOD: -6048.400
Iteration 70 / LogL: -6048.400 / Time: 0h:0m:1s (0h:0m:0s left)
Iteration 80 / LogL: -6115.071 / Time: 0h:0m:1s (0h:0m:0s left)
WARNING: NNI search needs unusual large number of steps (7) to converge!
Iteration 90 / LogL: -6115.071 / Time: 0h:0m:1s (0h:0m:0s left)
Iteration 100 / LogL: -6048.400 / Time: 0h:0m:1s (0h:0m:0s left)
Log-likelihood cutoff on original alignment: -6062.315
NOTE: Bootstrap correlation coefficient of split occurrence frequencies: 0.999
TREE SEARCH COMPLETED AFTER 102 ITERATIONS / Time: 0h:0m:1s

--------------------------------------------------------------------
|                    FINALIZING TREE SEARCH                        |
--------------------------------------------------------------------
Performs final model parameters optimization
Estimate model parameters (epsilon = 0.010)
1. Initial log-likelihood: -6048.400
Optimal log-likelihood: -6048.400
Rate parameters:  A-C: 1.00000  A-G: 4.17168  A-T: 0.33009  C-G: 0.33009  C-T: 6.62864  G-T: 1.00000
Base frequencies:  A: 0.335  C: 0.199  G: 0.232  T: 0.234
Proportion of invariable sites: 0.710
Parameters optimization took 1 rounds (0.001 sec)
BEST SCORE FOUND : -6048.400
Creating bootstrap support values...
Split supports printed to NEXUS file per_gene_alignments_codon/LOC101390242_.aln.splits.nex
Total tree length: 0.130

Total number of iterations: 102
CPU time used for tree search: 0.889 sec (0h:0m:0s)
Wall-clock time used for tree search: 1.091 sec (0h:0m:1s)
Total CPU time used: 1.367 sec (0h:0m:1s)
Total wall-clock time used: 1.761 sec (0h:0m:1s)

Computing bootstrap consensus tree...
Reading input file per_gene_alignments_codon/LOC101390242_.aln.splits.nex...
7 taxa and 15 splits.
Consensus tree written to per_gene_alignments_codon/LOC101390242_.aln.contree
Reading input trees file per_gene_alignments_codon/LOC101390242_.aln.contree
Log-likelihood of consensus tree: -6048.400

Analysis results written to: 
  IQ-TREE report:                per_gene_alignments_codon/LOC101390242_.aln.iqtree
  Maximum-likelihood tree:       per_gene_alignments_codon/LOC101390242_.aln.treefile
  Likelihood distances:          per_gene_alignments_codon/LOC101390242_.aln.mldist

Ultrafast bootstrap approximation results written to:
  Split support values:          per_gene_alignments_codon/LOC101390242_.aln.splits.nex
  Consensus tree:                per_gene_alignments_codon/LOC101390242_.aln.contree
  Screen log file:               per_gene_alignments_codon/LOC101390242_.aln.log

Date and Time: Thu Oct 30 21:27:07 2025
