IQ-TREE multicore version 2.3.3 COVID-edition for Linux x86 64-bit built Apr 25 2024
Developed by Bui Quang Minh, James Barbetti, Nguyen Lam Tung, Olga Chernomor,
Heiko Schmidt, Dominik Schrempf, Michael Woodhams, Ly Trong Nhan, Thomas Wong

Host:    morpheus-OptiPlex-5050 (AVX2, FMA3, 503 GB RAM)
Command: iqtree2 -s per_gene_alignments_codon/LOC101388563_.aln.fna -m MFP -T 1 -B 1000 --prefix per_gene_alignments_codon/LOC101388563_.aln
Seed:    294644 (Using SPRNG - Scalable Parallel Random Number Generator)
Time:    Thu Oct 30 21:25:52 2025
Kernel:  AVX+FMA - 1 threads (72 CPU cores detected)

HINT: Use -nt option to specify number of threads because your CPU has 72 cores!
HINT: -nt AUTO will automatically determine the best number of threads to use.

Reading alignment file per_gene_alignments_codon/LOC101388563_.aln.fna ... Fasta format detected
Reading fasta file: done in 0.000375986 secs
Alignment most likely contains DNA/RNA sequences
Alignment has 7 sequences with 1149 columns, 87 distinct patterns
80 parsimony-informative, 123 singleton sites, 946 constant sites
                     Gap/Ambiguity  Composition  p-value
Analyzing sequences: done in 1.5974e-05 secs
   1  Ceratotherium_simum    0.00%    passed     97.33%
   2  Diceros_bicornis       0.00%    passed     96.43%
   3  Equus_asinus           0.00%    passed     99.82%
   4  Equus_quagga           0.00%    passed     99.63%
   5  Equus_caballus         0.00%    passed     99.64%
   6  Canis_lupus            1.31%    passed     39.38%
   7  Bos_taurus             0.00%    passed     69.31%
****  TOTAL                  0.19%  0 sequences failed composition chi2 test (p-value<5%; df=3)


Create initial parsimony tree by phylogenetic likelihood library (PLL)... 0.000 seconds
Perform fast likelihood tree search using GTR+I+G model...
Estimate model parameters (epsilon = 5.000)
Perform nearest neighbor interchange...
Estimate model parameters (epsilon = 1.000)
1. Initial log-likelihood: -2746.017
Optimal log-likelihood: -2745.996
Rate parameters:  A-C: 1.90935  A-G: 7.07529  A-T: 0.30203  C-G: 2.33926  C-T: 5.94542  G-T: 1.00000
Base frequencies:  A: 0.227  C: 0.270  G: 0.286  T: 0.217
Proportion of invariable sites: 0.408
Gamma shape alpha: 0.828
Parameters optimization took 1 rounds (0.003 sec)
Time for fast ML tree search: 0.050 seconds

NOTE: ModelFinder requires 0 MB RAM!
ModelFinder will test up to 484 DNA models (sample size: 1149) ...
 No. Model         -LnL         df  AIC          AICc         BIC
  1  GTR+F         2764.920     19  5567.840     5568.513     5663.726
  2  GTR+F+I       2745.464     20  5530.928     5531.673     5631.861
  3  GTR+F+G4      2745.761     20  5531.523     5532.268     5632.456
  4  GTR+F+I+G4    2745.984     21  5533.967     5534.787     5639.947
  5  GTR+F+R2      2746.956     21  5535.911     5536.731     5641.891
  6  GTR+F+R3      2746.169     23  5538.338     5539.319     5654.411
 14  GTR+F+I+R2    2745.782     22  5535.563     5536.462     5646.590
 15  GTR+F+I+R3    2745.741     24  5539.482     5540.550     5660.602
 24  SYM+I         2755.261     17  5544.523     5545.064     5630.316
 25  SYM+G4        2755.509     17  5545.017     5545.558     5630.810
 26  SYM+I+G4      2755.684     18  5547.369     5547.974     5638.209
 46  TVM+F+I       2745.822     19  5529.643     5530.316     5625.529
 47  TVM+F+G4      2746.108     19  5530.215     5530.888     5626.102
 48  TVM+F+I+G4    2746.344     20  5532.687     5533.432     5633.620
 68  TVMe+I        2755.847     16  5543.695     5544.175     5624.441
 69  TVMe+G4       2756.074     16  5544.148     5544.628     5624.894
 70  TVMe+I+G4     2756.273     17  5546.547     5547.088     5632.340
 90  TIM3+F+I      2746.691     18  5529.381     5529.987     5620.221
 91  TIM3+F+G4     2747.057     18  5530.114     5530.720     5620.954
 92  TIM3+F+I+G4   2747.298     19  5532.595     5533.268     5628.481
112  TIM3e+I       2757.478     15  5544.957     5545.380     5620.657
113  TIM3e+G4      2757.794     15  5545.589     5546.013     5621.289
114  TIM3e+I+G4    2757.991     16  5547.981     5548.462     5628.728
134  TIM2+F+I      2753.104     18  5542.209     5542.814     5633.049
135  TIM2+F+G4     2753.489     18  5542.979     5543.584     5633.818
136  TIM2+F+I+G4   2753.718     19  5545.436     5546.109     5641.322
156  TIM2e+I       2765.234     15  5560.468     5560.891     5636.167
157  TIM2e+G4      2765.580     15  5561.159     5561.583     5636.859
158  TIM2e+I+G4    2765.770     16  5563.541     5564.021     5644.287
178  TIM+F+I       2753.792     18  5543.584     5544.189     5634.424
179  TIM+F+G4      2754.211     18  5544.422     5545.027     5635.261
180  TIM+F+I+G4    2754.459     19  5546.918     5547.591     5642.805
200  TIMe+I        2766.804     15  5563.608     5564.031     5639.307
201  TIMe+G4       2767.205     15  5564.411     5564.834     5640.111
202  TIMe+I+G4     2767.419     16  5566.838     5567.318     5647.584
222  TPM3u+F+I     2747.076     17  5528.152     5528.693     5613.945
223  TPM3u+F+G4    2747.409     17  5528.818     5529.359     5614.611
224  TPM3u+F+I+G4  2747.688     18  5531.377     5531.982     5622.216
244  TPM3+I        2758.071     14  5544.142     5544.513     5614.795
245  TPM3+G4       2758.350     14  5544.701     5545.071     5615.354
246  TPM3+I+G4     2758.585     15  5547.170     5547.594     5622.870
266  TPM2u+F+I     2753.539     17  5541.078     5541.620     5626.871
267  TPM2u+F+G4    2753.894     17  5541.788     5542.329     5627.581
268  TPM2u+F+I+G4  2754.124     18  5544.247     5544.852     5635.087
288  TPM2+I        2766.005     14  5560.011     5560.381     5630.664
289  TPM2+G4       2766.318     14  5560.636     5561.006     5631.289
290  TPM2+I+G4     2766.510     15  5563.021     5563.444     5638.720
310  K3Pu+F+I      2754.242     17  5542.485     5543.026     5628.278
311  K3Pu+F+G4     2754.633     17  5543.267     5543.808     5629.060
312  K3Pu+F+I+G4   2754.884     18  5545.767     5546.373     5636.607
332  K3P+I         2767.573     14  5563.145     5563.516     5633.799
333  K3P+G4        2767.938     14  5563.875     5564.246     5634.528
334  K3P+I+G4      2768.157     15  5566.315     5566.738     5642.014
354  TN+F+I        2753.938     17  5541.875     5542.417     5627.668
355  TN+F+G4       2754.323     17  5542.647     5543.188     5628.440
356  TN+F+I+G4     2754.557     18  5545.114     5545.719     5635.953
376  TNe+I         2766.997     14  5561.994     5562.365     5632.647
377  TNe+G4        2767.364     14  5562.728     5563.098     5633.381
378  TNe+I+G4      2767.566     15  5565.131     5565.555     5640.831
398  HKY+F+I       2754.391     16  5540.783     5541.263     5621.529
399  HKY+F+G4      2754.747     16  5541.494     5541.974     5622.240
400  HKY+F+I+G4    2754.980     17  5543.961     5544.502     5629.754
420  K2P+I         2767.767     13  5561.533     5561.854     5627.140
421  K2P+G4        2768.100     13  5562.200     5562.520     5627.806
422  K2P+I+G4      2768.303     14  5564.606     5564.976     5635.259
442  F81+F+I       2806.537     15  5643.073     5643.497     5718.773
443  F81+F+G4      2806.902     15  5643.804     5644.228     5719.504
444  F81+F+I+G4    2806.993     16  5645.986     5646.466     5726.732
464  JC+I          2818.783     12  5661.566     5661.841     5722.126
465  JC+G4         2819.139     12  5662.279     5662.553     5722.839
466  JC+I+G4       2819.218     13  5664.435     5664.756     5730.042
Akaike Information Criterion:           TPM3u+F+I
Corrected Akaike Information Criterion: TPM3u+F+I
Bayesian Information Criterion:         TPM3u+F+I
Best-fit model: TPM3u+F+I chosen according to BIC

All model information printed to per_gene_alignments_codon/LOC101388563_.aln.model.gz
CPU time for ModelFinder: 0.480 seconds (0h:0m:0s)
Wall-clock time for ModelFinder: 1.181 seconds (0h:0m:1s)
Generating 1000 samples for ultrafast bootstrap (seed: 294644)...

NOTE: 0 MB RAM (0 GB) is required!
Estimate model parameters (epsilon = 0.100)
1. Initial log-likelihood: -2747.076
Optimal log-likelihood: -2747.076
Rate parameters:  A-C: 3.22091  A-G: 9.79742  A-T: 1.00000  C-G: 3.22091  C-T: 9.79742  G-T: 1.00000
Base frequencies:  A: 0.227  C: 0.270  G: 0.286  T: 0.217
Proportion of invariable sites: 0.655
Parameters optimization took 1 rounds (0.001 sec)
Wrote distance file to... 
Computing ML distances based on estimated model parameters...
Calculating distance matrix: done in 0.000231981 secs using 99.15% CPU
Computing ML distances took 0.000287 sec (of wall-clock time) 0.000293 sec (of CPU time)
Setting up auxiliary I and S matrices: done in 4.98295e-05 secs using 100.3% CPU
Computing RapidNJ tree took 0.000143 sec (of wall-clock time) 0.000142 sec (of CPU time)
Log-likelihood of RapidNJ tree: -2747.078
--------------------------------------------------------------------
|             INITIALIZING CANDIDATE TREE SET                      |
--------------------------------------------------------------------
Generating 99 parsimony trees... 0.092 second
Computing log-likelihood of 43 initial trees ... 0.036 seconds
Current best score: -2747.076

Do NNI search on 20 best initial trees
Estimate model parameters (epsilon = 0.100)
BETTER TREE FOUND at iteration 1: -2747.075
Iteration 10 / LogL: -2747.083 / Time: 0h:0m:1s
Iteration 20 / LogL: -2747.080 / Time: 0h:0m:1s
Finish initializing candidate tree set (1)
Current best tree score: -2747.075 / CPU time: 0.271
Number of iterations: 20
--------------------------------------------------------------------
|               OPTIMIZING CANDIDATE TREE SET                      |
--------------------------------------------------------------------
Iteration 30 / LogL: -2747.075 / Time: 0h:0m:1s (0h:0m:1s left)
Iteration 40 / LogL: -2747.077 / Time: 0h:0m:1s (0h:0m:0s left)
Iteration 50 / LogL: -2747.101 / Time: 0h:0m:2s (0h:0m:0s left)
Log-likelihood cutoff on original alignment: -2763.594
Iteration 60 / LogL: -2747.075 / Time: 0h:0m:2s (0h:0m:0s left)
Iteration 70 / LogL: -2747.075 / Time: 0h:0m:2s (0h:0m:0s left)
UPDATE BEST LOG-LIKELIHOOD: -2747.075
UPDATE BEST LOG-LIKELIHOOD: -2747.075
Iteration 80 / LogL: -2747.075 / Time: 0h:0m:2s (0h:0m:0s left)
Iteration 90 / LogL: -2747.075 / Time: 0h:0m:2s (0h:0m:0s left)
Iteration 100 / LogL: -2747.075 / Time: 0h:0m:3s (0h:0m:0s left)
Log-likelihood cutoff on original alignment: -2757.584
NOTE: Bootstrap correlation coefficient of split occurrence frequencies: 1.000
TREE SEARCH COMPLETED AFTER 102 ITERATIONS / Time: 0h:0m:3s

--------------------------------------------------------------------
|                    FINALIZING TREE SEARCH                        |
--------------------------------------------------------------------
Performs final model parameters optimization
Estimate model parameters (epsilon = 0.010)
1. Initial log-likelihood: -2747.075
Optimal log-likelihood: -2747.075
Rate parameters:  A-C: 3.23490  A-G: 9.82006  A-T: 1.00000  C-G: 3.23490  C-T: 9.82006  G-T: 1.00000
Base frequencies:  A: 0.227  C: 0.270  G: 0.286  T: 0.217
Proportion of invariable sites: 0.655
Parameters optimization took 1 rounds (0.001 sec)
BEST SCORE FOUND : -2747.075
Creating bootstrap support values...
Split supports printed to NEXUS file per_gene_alignments_codon/LOC101388563_.aln.splits.nex
Total tree length: 0.266

Total number of iterations: 102
CPU time used for tree search: 1.088 sec (0h:0m:1s)
Wall-clock time used for tree search: 1.890 sec (0h:0m:1s)
Total CPU time used: 1.628 sec (0h:0m:1s)
Total wall-clock time used: 3.218 sec (0h:0m:3s)

Computing bootstrap consensus tree...
Reading input file per_gene_alignments_codon/LOC101388563_.aln.splits.nex...
7 taxa and 15 splits.
Consensus tree written to per_gene_alignments_codon/LOC101388563_.aln.contree
Reading input trees file per_gene_alignments_codon/LOC101388563_.aln.contree
Log-likelihood of consensus tree: -2747.077

Analysis results written to: 
  IQ-TREE report:                per_gene_alignments_codon/LOC101388563_.aln.iqtree
  Maximum-likelihood tree:       per_gene_alignments_codon/LOC101388563_.aln.treefile
  Likelihood distances:          per_gene_alignments_codon/LOC101388563_.aln.mldist

Ultrafast bootstrap approximation results written to:
  Split support values:          per_gene_alignments_codon/LOC101388563_.aln.splits.nex
  Consensus tree:                per_gene_alignments_codon/LOC101388563_.aln.contree
  Screen log file:               per_gene_alignments_codon/LOC101388563_.aln.log

Date and Time: Thu Oct 30 21:25:56 2025
