IQ-TREE multicore version 2.3.3 COVID-edition for Linux x86 64-bit built Apr 25 2024
Developed by Bui Quang Minh, James Barbetti, Nguyen Lam Tung, Olga Chernomor,
Heiko Schmidt, Dominik Schrempf, Michael Woodhams, Ly Trong Nhan, Thomas Wong

Host:    morpheus-OptiPlex-5050 (AVX2, FMA3, 503 GB RAM)
Command: iqtree2 -s per_gene_alignments_codon/LOC101405355_.aln.fna -m MFP -T 1 -B 1000 --prefix per_gene_alignments_codon/LOC101405355_.aln
Seed:    294617 (Using SPRNG - Scalable Parallel Random Number Generator)
Time:    Thu Oct 30 21:37:28 2025
Kernel:  AVX+FMA - 1 threads (72 CPU cores detected)

HINT: Use -nt option to specify number of threads because your CPU has 72 cores!
HINT: -nt AUTO will automatically determine the best number of threads to use.

Reading alignment file per_gene_alignments_codon/LOC101405355_.aln.fna ... Fasta format detected
Reading fasta file: done in 0.000467062 secs
Alignment most likely contains DNA/RNA sequences
Alignment has 7 sequences with 1554 columns, 57 distinct patterns
58 parsimony-informative, 72 singleton sites, 1424 constant sites
                     Gap/Ambiguity  Composition  p-value
Analyzing sequences: done in 2.19345e-05 secs
   1  Ceratotherium_simum    0.00%    passed     99.28%
   2  Diceros_bicornis       0.00%    passed     98.72%
   3  Equus_asinus           0.00%    passed     88.57%
   4  Equus_quagga           0.00%    passed     91.99%
   5  Equus_caballus         0.00%    passed     88.57%
   6  Canis_lupus            0.00%    passed     71.80%
   7  Bos_taurus             0.00%    passed     62.28%
****  TOTAL                  0.00%  0 sequences failed composition chi2 test (p-value<5%; df=3)
NOTE: Equus_caballus is identical to Equus_asinus but kept for subsequent analysis


Create initial parsimony tree by phylogenetic likelihood library (PLL)... 0.000 seconds
Perform fast likelihood tree search using GTR+I+G model...
Estimate model parameters (epsilon = 5.000)
Perform nearest neighbor interchange...
Estimate model parameters (epsilon = 1.000)
1. Initial log-likelihood: -2965.405
Optimal log-likelihood: -2965.404
Rate parameters:  A-C: 1.46340  A-G: 9.88516  A-T: 0.66424  C-G: 3.01773  C-T: 10.13749  G-T: 1.00000
Base frequencies:  A: 0.286  C: 0.239  G: 0.204  T: 0.271
Proportion of invariable sites: 0.457
Gamma shape alpha: 0.652
Parameters optimization took 1 rounds (0.001 sec)
Time for fast ML tree search: 0.064 seconds

NOTE: ModelFinder requires 0 MB RAM!
ModelFinder will test up to 484 DNA models (sample size: 1554) ...
 No. Model         -LnL         df  AIC          AICc         BIC
  1  GTR+F         2974.055     19  5986.110     5986.605     6087.733
  2  GTR+F+I       2965.797     20  5971.594     5972.142     6078.566
  3  GTR+F+G4      2965.684     20  5971.369     5971.917     6078.341
  4  GTR+F+I+G4    2965.403     21  5972.805     5973.408     6085.125
  5  GTR+F+R2      2970.147     21  5982.293     5982.896     6094.614
  6  GTR+F+R3      2966.901     23  5979.802     5980.523     6102.819
 14  GTR+F+I+R2    2966.026     22  5976.053     5976.714     6093.722
 15  GTR+F+I+R3    2965.582     24  5979.164     5979.949     6107.530
 23  SYM           2988.878     16  6009.757     6010.111     6095.334
 24  SYM+I         2980.829     17  5995.657     5996.056     6086.583
 25  SYM+G4        2980.711     17  5995.421     5995.820     6086.347
 26  SYM+I+G4      2980.441     18  5996.883     5997.328     6093.157
 45  TVM+F         2974.066     18  5984.132     5984.577     6080.406
 46  TVM+F+I       2965.799     19  5969.598     5970.094     6071.221
 47  TVM+F+G4      2965.687     19  5969.374     5969.869     6070.997
 48  TVM+F+I+G4    2965.406     20  5970.812     5971.360     6077.784
 67  TVMe          2988.997     15  6007.994     6008.306     6088.223
 68  TVMe+I        2980.912     16  5993.823     5994.177     6079.401
 69  TVMe+G4       2980.799     16  5993.598     5993.952     6079.175
 70  TVMe+I+G4     2980.526     17  5995.051     5995.450     6085.977
 89  TIM3+F        2975.290     17  5984.580     5984.979     6075.506
 90  TIM3+F+I      2967.064     18  5970.129     5970.575     6066.404
 91  TIM3+F+G4     2966.950     18  5969.900     5970.346     6066.175
 92  TIM3+F+I+G4   2966.656     19  5971.313     5971.808     6072.936
111  TIM3e         2989.482     14  6006.965     6007.238     6081.845
112  TIM3e+I       2981.353     15  5992.707     5993.019     6072.935
113  TIM3e+G4      2981.240     15  5992.479     5992.791     6072.708
114  TIM3e+I+G4    2980.949     16  5993.898     5994.252     6079.475
133  TIM2+F        2977.619     17  5989.239     5989.637     6080.165
134  TIM2+F+I      2969.035     18  5974.070     5974.516     6070.345
135  TIM2+F+G4     2968.954     18  5973.908     5974.354     6070.183
136  TIM2+F+I+G4   2968.705     19  5975.410     5975.905     6077.033
155  TIM2e         2992.013     14  6012.025     6012.298     6086.906
156  TIM2e+I       2983.590     15  5997.180     5997.492     6077.409
157  TIM2e+G4      2983.508     15  5997.015     5997.327     6077.244
158  TIM2e+I+G4    2983.256     16  5998.512     5998.865     6084.089
177  TIM+F         2978.550     17  5991.101     5991.499     6082.027
178  TIM+F+I       2970.149     18  5976.299     5976.745     6072.573
179  TIM+F+G4      2970.055     18  5976.109     5976.555     6072.384
180  TIM+F+I+G4    2969.797     19  5977.594     5978.089     6079.217
199  TIMe          2992.253     14  6012.507     6012.780     6087.387
200  TIMe+I        2983.889     15  5997.778     5998.090     6078.007
201  TIMe+G4       2983.802     15  5997.604     5997.916     6077.833
202  TIMe+I+G4     2983.541     16  5999.083     5999.437     6084.660
221  TPM3u+F       2975.297     16  5982.593     5982.947     6068.170
222  TPM3u+F+I     2967.068     17  5968.135     5968.534     6059.061
223  TPM3u+F+G4    2966.955     17  5967.910     5968.308     6058.836
224  TPM3u+F+I+G4  2966.663     18  5969.325     5969.771     6065.600
243  TPM3          2989.603     13  6005.205     6005.441     6074.737
244  TPM3+I        2981.443     14  5990.886     5991.159     6065.766
245  TPM3+G4       2981.334     14  5990.668     5990.941     6065.548
246  TPM3+I+G4     2981.059     15  5992.117     5992.429     6072.346
265  TPM2u+F       2977.627     16  5987.254     5987.608     6072.831
266  TPM2u+F+I     2969.034     17  5972.068     5972.466     6062.994
267  TPM2u+F+G4    2968.956     17  5971.912     5972.311     6062.838
268  TPM2u+F+I+G4  2968.703     18  5973.407     5973.852     6069.681
287  TPM2          2992.130     13  6010.259     6010.496     6079.791
288  TPM2+I        2983.699     14  5995.399     5995.672     6070.279
289  TPM2+G4       2983.619     14  5995.238     5995.511     6070.119
290  TPM2+I+G4     2983.372     15  5996.745     5997.057     6076.973
309  K3Pu+F        2978.560     16  5989.119     5989.473     6074.696
310  K3Pu+F+I      2970.145     17  5974.290     5974.688     6065.216
311  K3Pu+F+G4     2970.060     17  5974.120     5974.518     6065.046
312  K3Pu+F+I+G4   2969.794     18  5975.589     5976.034     6071.863
331  K3P           2992.371     13  6010.741     6010.978     6080.273
332  K3P+I         2983.992     14  5995.985     5996.258     6070.865
333  K3P+G4        2983.909     14  5995.817     5996.090     6070.697
334  K3P+I+G4      2983.650     15  5997.300     5997.612     6077.529
353  TN+F          2978.724     16  5989.449     5989.802     6075.026
354  TN+F+I        2970.240     17  5974.480     5974.879     6065.406
355  TN+F+G4       2970.158     17  5974.315     5974.713     6065.241
356  TN+F+I+G4     2969.888     18  5975.776     5976.222     6072.051
375  TNe           2992.478     13  6010.956     6011.192     6080.487
376  TNe+I         2984.033     14  5996.066     5996.339     6070.946
377  TNe+G4        2983.950     14  5995.900     5996.172     6070.780
378  TNe+I+G4      2983.686     15  5997.373     5997.685     6077.601
397  HKY+F         2978.734     15  5987.468     5987.780     6067.696
398  HKY+F+I       2970.241     16  5972.482     5972.836     6058.060
399  HKY+F+G4      2970.159     16  5972.318     5972.672     6057.895
400  HKY+F+I+G4    2969.893     17  5973.786     5974.185     6064.712
419  K2P           2992.596     12  6009.191     6009.393     6073.374
420  K2P+I         2984.137     13  5994.273     5994.510     6063.805
421  K2P+G4        2984.056     13  5994.113     5994.349     6063.645
422  K2P+I+G4      2983.795     14  5995.590     5995.863     6070.470
441  F81+F         3034.712     14  6097.424     6097.697     6172.305
442  F81+F+I       3028.143     15  6086.286     6086.598     6166.515
443  F81+F+G4      3028.030     15  6086.059     6086.371     6166.288
444  F81+F+I+G4    3027.930     16  6087.861     6088.215     6173.438
463  JC            3047.559     11  6117.119     6117.290     6175.953
464  JC+I          3040.983     12  6105.965     6106.168     6170.148
465  JC+G4         3040.871     12  6105.742     6105.944     6169.925
466  JC+I+G4       3040.771     13  6107.541     6107.777     6177.073
Akaike Information Criterion:           TPM3u+F+G4
Corrected Akaike Information Criterion: TPM3u+F+G4
Bayesian Information Criterion:         HKY+F+G4
Best-fit model: HKY+F+G4 chosen according to BIC

All model information printed to per_gene_alignments_codon/LOC101405355_.aln.model.gz
CPU time for ModelFinder: 0.240 seconds (0h:0m:0s)
Wall-clock time for ModelFinder: 0.831 seconds (0h:0m:0s)
Generating 1000 samples for ultrafast bootstrap (seed: 294617)...

NOTE: 0 MB RAM (0 GB) is required!
Estimate model parameters (epsilon = 0.100)
1. Initial log-likelihood: -2970.159
Optimal log-likelihood: -2970.159
Rate parameters:  A-C: 1.00000  A-G: 7.19670  A-T: 1.00000  C-G: 1.00000  C-T: 7.19670  G-T: 1.00000
Base frequencies:  A: 0.286  C: 0.239  G: 0.204  T: 0.271
Gamma shape alpha: 0.144
Parameters optimization took 1 rounds (0.001 sec)
Wrote distance file to... 
Computing ML distances based on estimated model parameters...
Calculating distance matrix: done in 0.000553846 secs using 99.85% CPU
Computing ML distances took 0.000601 sec (of wall-clock time) 0.000606 sec (of CPU time)
Setting up auxiliary I and S matrices: done in 4.60148e-05 secs using 195.6% CPU
Computing RapidNJ tree took 0.000143 sec (of wall-clock time) 0.000240 sec (of CPU time)
Log-likelihood of RapidNJ tree: -2970.161
--------------------------------------------------------------------
|             INITIALIZING CANDIDATE TREE SET                      |
--------------------------------------------------------------------
Generating 99 parsimony trees... 0.059 second
Computing log-likelihood of 42 initial trees ... 0.026 seconds
Current best score: -2970.159

Do NNI search on 20 best initial trees
Estimate model parameters (epsilon = 0.100)
BETTER TREE FOUND at iteration 1: -2970.159
Iteration 10 / LogL: -2970.173 / Time: 0h:0m:1s
Iteration 20 / LogL: -2970.173 / Time: 0h:0m:1s
Finish initializing candidate tree set (1)
Current best tree score: -2970.159 / CPU time: 0.220
Number of iterations: 20
--------------------------------------------------------------------
|               OPTIMIZING CANDIDATE TREE SET                      |
--------------------------------------------------------------------
UPDATE BEST LOG-LIKELIHOOD: -2970.159
UPDATE BEST LOG-LIKELIHOOD: -2970.159
Iteration 30 / LogL: -2970.159 / Time: 0h:0m:1s (0h:0m:1s left)
Iteration 40 / LogL: -2970.284 / Time: 0h:0m:1s (0h:0m:0s left)
Iteration 50 / LogL: -2970.284 / Time: 0h:0m:1s (0h:0m:0s left)
Log-likelihood cutoff on original alignment: -3000.681
Iteration 60 / LogL: -2970.292 / Time: 0h:0m:1s (0h:0m:0s left)
Iteration 70 / LogL: -2970.165 / Time: 0h:0m:1s (0h:0m:0s left)
Iteration 80 / LogL: -2970.273 / Time: 0h:0m:1s (0h:0m:0s left)
Iteration 90 / LogL: -2970.292 / Time: 0h:0m:1s (0h:0m:0s left)
Iteration 100 / LogL: -2970.159 / Time: 0h:0m:2s (0h:0m:0s left)
Log-likelihood cutoff on original alignment: -3001.362
NOTE: Bootstrap correlation coefficient of split occurrence frequencies: 1.000
TREE SEARCH COMPLETED AFTER 102 ITERATIONS / Time: 0h:0m:2s

--------------------------------------------------------------------
|                    FINALIZING TREE SEARCH                        |
--------------------------------------------------------------------
Performs final model parameters optimization
Estimate model parameters (epsilon = 0.010)
1. Initial log-likelihood: -2970.159
Optimal log-likelihood: -2970.159
Rate parameters:  A-C: 1.00000  A-G: 7.20263  A-T: 1.00000  C-G: 1.00000  C-T: 7.20263  G-T: 1.00000
Base frequencies:  A: 0.286  C: 0.239  G: 0.204  T: 0.271
Gamma shape alpha: 0.144
Parameters optimization took 1 rounds (0.001 sec)
BEST SCORE FOUND : -2970.159
Creating bootstrap support values...
Split supports printed to NEXUS file per_gene_alignments_codon/LOC101405355_.aln.splits.nex
Total tree length: 0.103

Total number of iterations: 102
CPU time used for tree search: 1.055 sec (0h:0m:1s)
Wall-clock time used for tree search: 1.208 sec (0h:0m:1s)
Total CPU time used: 1.355 sec (0h:0m:1s)
Total wall-clock time used: 2.137 sec (0h:0m:2s)

Computing bootstrap consensus tree...
Reading input file per_gene_alignments_codon/LOC101405355_.aln.splits.nex...
7 taxa and 17 splits.
Consensus tree written to per_gene_alignments_codon/LOC101405355_.aln.contree
Reading input trees file per_gene_alignments_codon/LOC101405355_.aln.contree
Log-likelihood of consensus tree: -2970.165

Analysis results written to: 
  IQ-TREE report:                per_gene_alignments_codon/LOC101405355_.aln.iqtree
  Maximum-likelihood tree:       per_gene_alignments_codon/LOC101405355_.aln.treefile
  Likelihood distances:          per_gene_alignments_codon/LOC101405355_.aln.mldist

Ultrafast bootstrap approximation results written to:
  Split support values:          per_gene_alignments_codon/LOC101405355_.aln.splits.nex
  Consensus tree:                per_gene_alignments_codon/LOC101405355_.aln.contree
  Screen log file:               per_gene_alignments_codon/LOC101405355_.aln.log

Date and Time: Thu Oct 30 21:37:30 2025
