IQ-TREE multicore version 2.3.3 COVID-edition for Linux x86 64-bit built Apr 25 2024
Developed by Bui Quang Minh, James Barbetti, Nguyen Lam Tung, Olga Chernomor,
Heiko Schmidt, Dominik Schrempf, Michael Woodhams, Ly Trong Nhan, Thomas Wong

Host:    morpheus-OptiPlex-5050 (AVX2, FMA3, 503 GB RAM)
Command: iqtree2 -s per_gene_alignments_codon/LOC101389170_.aln.fna -m MFP -T 1 -B 1000 --prefix per_gene_alignments_codon/LOC101389170_.aln
Seed:    959034 (Using SPRNG - Scalable Parallel Random Number Generator)
Time:    Thu Oct 30 21:26:18 2025
Kernel:  AVX+FMA - 1 threads (72 CPU cores detected)

HINT: Use -nt option to specify number of threads because your CPU has 72 cores!
HINT: -nt AUTO will automatically determine the best number of threads to use.

Reading alignment file per_gene_alignments_codon/LOC101389170_.aln.fna ... Fasta format detected
Reading fasta file: done in 0.000675917 secs
Alignment most likely contains DNA/RNA sequences
Alignment has 7 sequences with 2361 columns, 142 distinct patterns
168 parsimony-informative, 316 singleton sites, 1877 constant sites
                     Gap/Ambiguity  Composition  p-value
Analyzing sequences: done in 2.00272e-05 secs using 99.86% CPU
   1  Ceratotherium_simum    0.00%    passed     99.89%
   2  Diceros_bicornis       0.00%    passed     99.88%
   3  Equus_asinus           0.13%    passed     98.80%
   4  Equus_quagga           0.00%    passed     98.63%
   5  Equus_caballus         0.00%    passed     99.61%
   6  Canis_lupus            0.64%    passed     97.41%
   7  Bos_taurus             0.25%    passed     95.24%
****  TOTAL                  0.15%  0 sequences failed composition chi2 test (p-value<5%; df=3)


Create initial parsimony tree by phylogenetic likelihood library (PLL)... 0.000 seconds
Perform fast likelihood tree search using GTR+I+G model...
Estimate model parameters (epsilon = 5.000)
Perform nearest neighbor interchange...
Estimate model parameters (epsilon = 1.000)
1. Initial log-likelihood: -5997.905
Optimal log-likelihood: -5997.899
Rate parameters:  A-C: 0.59418  A-G: 3.88011  A-T: 0.92626  C-G: 0.89496  C-T: 4.69818  G-T: 1.00000
Base frequencies:  A: 0.308  C: 0.216  G: 0.252  T: 0.224
Proportion of invariable sites: 0.397
Gamma shape alpha: 1.914
Parameters optimization took 1 rounds (0.003 sec)
Time for fast ML tree search: 0.049 seconds

NOTE: ModelFinder requires 0 MB RAM!
ModelFinder will test up to 484 DNA models (sample size: 2361) ...
 No. Model         -LnL         df  AIC          AICc         BIC
  1  GTR+F         6024.237     19  12086.474    12086.798    12196.044
  2  GTR+F+I       5997.120     20  12034.240    12034.599    12149.577
  3  GTR+F+G4      5997.982     20  12035.964    12036.323    12151.301
  4  GTR+F+I+G4    5997.896     21  12037.792    12038.187    12158.895
  5  GTR+F+R2      5999.033     21  12040.066    12040.461    12161.169
  6  GTR+F+R3      5997.969     23  12041.938    12042.410    12174.575
 14  GTR+F+I+R2    5997.689     22  12039.378    12039.811    12166.248
 15  GTR+F+I+R3    5997.769     24  12043.539    12044.052    12181.943
 24  SYM+I         6022.785     17  12079.569    12079.830    12177.606
 25  SYM+G4        6023.661     17  12081.323    12081.584    12179.359
 26  SYM+I+G4      6023.598     18  12083.195    12083.487    12186.999
 46  TVM+F+I       5998.347     19  12034.695    12035.019    12144.265
 47  TVM+F+G4      5999.169     19  12036.338    12036.663    12145.908
 48  TVM+F+I+G4    5999.084     20  12038.168    12038.527    12153.504
 68  TVMe+I        6022.923     16  12077.847    12078.079    12170.116
 69  TVMe+G4       6023.820     16  12079.639    12079.872    12171.909
 70  TVMe+I+G4     6023.752     17  12081.504    12081.765    12179.540
 90  TIM3+F+I      5998.175     18  12032.349    12032.641    12136.153
 91  TIM3+F+G4     5999.122     18  12034.244    12034.536    12138.047
 92  TIM3+F+I+G4   5999.026     19  12036.051    12036.376    12145.621
112  TIM3e+I       6023.219     15  12076.438    12076.642    12162.940
113  TIM3e+G4      6024.142     15  12078.283    12078.488    12164.786
114  TIM3e+I+G4    6024.073     16  12080.147    12080.379    12172.416
134  TIM2+F+I      5998.693     18  12033.385    12033.677    12137.188
135  TIM2+F+G4     5999.516     18  12035.032    12035.324    12138.835
136  TIM2+F+I+G4   5999.425     19  12036.851    12037.175    12146.421
156  TIM2e+I       6024.554     15  12079.107    12079.312    12165.610
157  TIM2e+G4      6025.392     15  12080.783    12080.988    12167.286
158  TIM2e+I+G4    6025.321     16  12082.643    12082.875    12174.912
178  TIM+F+I       5999.184     18  12034.368    12034.660    12138.171
179  TIM+F+G4      6000.049     18  12036.098    12036.390    12139.901
180  TIM+F+I+G4    5999.957     19  12037.914    12038.239    12147.484
200  TIMe+I        6024.422     15  12078.844    12079.049    12165.347
201  TIMe+G4       6025.269     15  12080.538    12080.743    12167.040
202  TIMe+I+G4     6025.201     16  12082.401    12082.633    12174.671
222  TPM3u+F+I     5999.403     17  12032.806    12033.068    12130.843
223  TPM3u+F+G4    6000.313     17  12034.627    12034.888    12132.663
224  TPM3u+F+I+G4  6000.219     18  12036.437    12036.730    12140.241
244  TPM3+I        6023.363     14  12074.726    12074.905    12155.462
245  TPM3+G4       6024.297     14  12076.593    12076.772    12157.329
246  TPM3+I+G4     6024.234     15  12078.469    12078.674    12164.972
266  TPM2u+F+I     5999.908     17  12033.816    12034.078    12131.853
267  TPM2u+F+G4    6000.695     17  12035.389    12035.650    12133.425
268  TPM2u+F+I+G4  6000.608     18  12037.216    12037.508    12141.019
288  TPM2+I        6024.698     14  12077.397    12077.576    12158.132
289  TPM2+G4       6025.547     14  12079.094    12079.274    12159.830
290  TPM2+I+G4     6025.481     15  12080.961    12081.166    12167.464
310  K3Pu+F+I      6000.409     17  12034.818    12035.079    12132.854
311  K3Pu+F+G4     6001.246     17  12036.491    12036.753    12134.528
312  K3Pu+F+I+G4   6001.153     18  12038.306    12038.598    12142.109
332  K3P+I         6024.568     14  12077.136    12077.315    12157.872
333  K3P+G4        6025.425     14  12078.851    12079.030    12159.587
334  K3P+I+G4      6025.360     15  12080.720    12080.925    12167.223
354  TN+F+I        5999.462     17  12032.923    12033.185    12130.960
355  TN+F+G4       6000.341     17  12034.683    12034.944    12132.719
356  TN+F+I+G4     6000.247     18  12036.493    12036.785    12140.296
376  TNe+I         6024.695     14  12077.390    12077.569    12158.126
377  TNe+G4        6025.555     14  12079.109    12079.288    12159.845
378  TNe+I+G4      6025.488     15  12080.976    12081.181    12167.479
398  HKY+F+I       6000.682     16  12033.364    12033.596    12125.634
399  HKY+F+G4      6001.534     16  12035.068    12035.300    12127.338
400  HKY+F+I+G4    6001.441     17  12036.882    12037.143    12134.918
420  K2P+I         6024.844     13  12075.688    12075.843    12150.657
421  K2P+G4        6025.712     13  12077.424    12077.579    12152.392
422  K2P+I+G4      6025.649     14  12079.299    12079.478    12160.034
442  F81+F+I       6147.921     15  12325.842    12326.046    12412.344
443  F81+F+G4      6148.938     15  12327.876    12328.080    12414.378
444  F81+F+I+G4    6148.514     16  12329.028    12329.260    12421.298
464  JC+I          6177.175     12  12378.349    12378.482    12447.551
465  JC+G4         6178.201     12  12380.402    12380.535    12449.604
466  JC+I+G4       6177.787     13  12381.575    12381.730    12456.544
Akaike Information Criterion:           TIM3+F+I
Corrected Akaike Information Criterion: TIM3+F+I
Bayesian Information Criterion:         HKY+F+I
Best-fit model: HKY+F+I chosen according to BIC

All model information printed to per_gene_alignments_codon/LOC101389170_.aln.model.gz
CPU time for ModelFinder: 0.498 seconds (0h:0m:0s)
Wall-clock time for ModelFinder: 1.208 seconds (0h:0m:1s)
Generating 1000 samples for ultrafast bootstrap (seed: 959034)...

NOTE: 0 MB RAM (0 GB) is required!
Estimate model parameters (epsilon = 0.100)
1. Initial log-likelihood: -6000.682
Optimal log-likelihood: -6000.682
Rate parameters:  A-C: 1.00000  A-G: 4.94459  A-T: 1.00000  C-G: 1.00000  C-T: 4.94459  G-T: 1.00000
Base frequencies:  A: 0.308  C: 0.216  G: 0.252  T: 0.224
Proportion of invariable sites: 0.547
Parameters optimization took 1 rounds (0.001 sec)
Wrote distance file to... 
Computing ML distances based on estimated model parameters...
Calculating distance matrix: done in 0.000189066 secs using 96.26% CPU
Computing ML distances took 0.000237 sec (of wall-clock time) 0.000235 sec (of CPU time)
Setting up auxiliary I and S matrices: done in 4.81606e-05 secs using 99.67% CPU
Computing RapidNJ tree took 0.000148 sec (of wall-clock time) 0.000148 sec (of CPU time)
Log-likelihood of RapidNJ tree: -6000.685
--------------------------------------------------------------------
|             INITIALIZING CANDIDATE TREE SET                      |
--------------------------------------------------------------------
Generating 99 parsimony trees... 0.132 second
Computing log-likelihood of 41 initial trees ... 0.025 seconds
Current best score: -6000.682

Do NNI search on 20 best initial trees
Estimate model parameters (epsilon = 0.100)
BETTER TREE FOUND at iteration 1: -6000.682
Iteration 10 / LogL: -6000.695 / Time: 0h:0m:1s
Iteration 20 / LogL: -6000.697 / Time: 0h:0m:1s
Finish initializing candidate tree set (1)
Current best tree score: -6000.682 / CPU time: 0.309
Number of iterations: 20
--------------------------------------------------------------------
|               OPTIMIZING CANDIDATE TREE SET                      |
--------------------------------------------------------------------
UPDATE BEST LOG-LIKELIHOOD: -6000.682
Iteration 30 / LogL: -6000.694 / Time: 0h:0m:1s (0h:0m:1s left)
Iteration 40 / LogL: -6074.671 / Time: 0h:0m:1s (0h:0m:1s left)
Iteration 50 / LogL: -6074.673 / Time: 0h:0m:2s (0h:0m:0s left)
Log-likelihood cutoff on original alignment: -6008.433
Iteration 60 / LogL: -6000.694 / Time: 0h:0m:2s (0h:0m:0s left)
Iteration 70 / LogL: -6000.751 / Time: 0h:0m:2s (0h:0m:0s left)
Iteration 80 / LogL: -6074.671 / Time: 0h:0m:2s (0h:0m:0s left)
UPDATE BEST LOG-LIKELIHOOD: -6000.682
Iteration 90 / LogL: -6074.689 / Time: 0h:0m:2s (0h:0m:0s left)
Iteration 100 / LogL: -6074.671 / Time: 0h:0m:3s (0h:0m:0s left)
Log-likelihood cutoff on original alignment: -6008.927
NOTE: Bootstrap correlation coefficient of split occurrence frequencies: 1.000
TREE SEARCH COMPLETED AFTER 102 ITERATIONS / Time: 0h:0m:3s

--------------------------------------------------------------------
|                    FINALIZING TREE SEARCH                        |
--------------------------------------------------------------------
Performs final model parameters optimization
Estimate model parameters (epsilon = 0.010)
1. Initial log-likelihood: -6000.682
Optimal log-likelihood: -6000.682
Rate parameters:  A-C: 1.00000  A-G: 4.94409  A-T: 1.00000  C-G: 1.00000  C-T: 4.94409  G-T: 1.00000
Base frequencies:  A: 0.308  C: 0.216  G: 0.252  T: 0.224
Proportion of invariable sites: 0.547
Parameters optimization took 1 rounds (0.001 sec)
BEST SCORE FOUND : -6000.682
Creating bootstrap support values...
Split supports printed to NEXUS file per_gene_alignments_codon/LOC101389170_.aln.splits.nex
Total tree length: 0.288

Total number of iterations: 102
CPU time used for tree search: 0.967 sec (0h:0m:0s)
Wall-clock time used for tree search: 1.834 sec (0h:0m:1s)
Total CPU time used: 1.527 sec (0h:0m:1s)
Total wall-clock time used: 3.207 sec (0h:0m:3s)

Computing bootstrap consensus tree...
Reading input file per_gene_alignments_codon/LOC101389170_.aln.splits.nex...
7 taxa and 15 splits.
Consensus tree written to per_gene_alignments_codon/LOC101389170_.aln.contree
Reading input trees file per_gene_alignments_codon/LOC101389170_.aln.contree
Log-likelihood of consensus tree: -6000.686

Analysis results written to: 
  IQ-TREE report:                per_gene_alignments_codon/LOC101389170_.aln.iqtree
  Maximum-likelihood tree:       per_gene_alignments_codon/LOC101389170_.aln.treefile
  Likelihood distances:          per_gene_alignments_codon/LOC101389170_.aln.mldist

Ultrafast bootstrap approximation results written to:
  Split support values:          per_gene_alignments_codon/LOC101389170_.aln.splits.nex
  Consensus tree:                per_gene_alignments_codon/LOC101389170_.aln.contree
  Screen log file:               per_gene_alignments_codon/LOC101389170_.aln.log

Date and Time: Thu Oct 30 21:26:22 2025
