IQ-TREE multicore version 2.3.3 COVID-edition for Linux x86 64-bit built Apr 25 2024
Developed by Bui Quang Minh, James Barbetti, Nguyen Lam Tung, Olga Chernomor,
Heiko Schmidt, Dominik Schrempf, Michael Woodhams, Ly Trong Nhan, Thomas Wong

Host:    morpheus-OptiPlex-5050 (AVX2, FMA3, 503 GB RAM)
Command: iqtree2 -s per_gene_alignments_codon/LOC101402249_.aln.fna -m MFP -T 1 -B 1000 --prefix per_gene_alignments_codon/LOC101402249_.aln
Seed:    114402 (Using SPRNG - Scalable Parallel Random Number Generator)
Time:    Thu Oct 30 21:35:20 2025
Kernel:  AVX+FMA - 1 threads (72 CPU cores detected)

HINT: Use -nt option to specify number of threads because your CPU has 72 cores!
HINT: -nt AUTO will automatically determine the best number of threads to use.

Reading alignment file per_gene_alignments_codon/LOC101402249_.aln.fna ... Fasta format detected
Reading fasta file: done in 0.00143194 secs
Alignment most likely contains DNA/RNA sequences
Alignment has 7 sequences with 5469 columns, 168 distinct patterns
361 parsimony-informative, 537 singleton sites, 4571 constant sites
                     Gap/Ambiguity  Composition  p-value
Analyzing sequences: done in 2.28882e-05 secs using 21.85% CPU
   1  Ceratotherium_simum    0.00%    passed     89.00%
   2  Diceros_bicornis       0.00%    passed     78.70%
   3  Equus_asinus           0.00%    passed     99.42%
   4  Equus_quagga           0.00%    passed     99.57%
   5  Equus_caballus         0.00%    passed     98.37%
   6  Canis_lupus            0.11%    failed      1.84%
   7  Bos_taurus             0.00%    passed     73.94%
****  TOTAL                  0.02%  1 sequences failed composition chi2 test (p-value<5%; df=3)


Create initial parsimony tree by phylogenetic likelihood library (PLL)... 0.000 seconds
Perform fast likelihood tree search using GTR+I+G model...
Estimate model parameters (epsilon = 5.000)
Perform nearest neighbor interchange...
Estimate model parameters (epsilon = 1.000)
1. Initial log-likelihood: -12770.352
Optimal log-likelihood: -12770.301
Rate parameters:  A-C: 1.79174  A-G: 6.05552  A-T: 0.59849  C-G: 1.78604  C-T: 10.45130  G-T: 1.00000
Base frequencies:  A: 0.282  C: 0.232  G: 0.254  T: 0.232
Proportion of invariable sites: 0.414
Gamma shape alpha: 0.865
Parameters optimization took 1 rounds (0.005 sec)
Time for fast ML tree search: 0.089 seconds

NOTE: ModelFinder requires 1 MB RAM!
ModelFinder will test up to 484 DNA models (sample size: 5469) ...
 No. Model         -LnL         df  AIC          AICc         BIC
  1  GTR+F         12848.056    19  25734.112    25734.251    25859.642
  2  GTR+F+I       12769.710    20  25579.420    25579.574    25711.557
  3  GTR+F+G4      12770.003    20  25580.006    25580.160    25712.143
  4  GTR+F+I+G4    12770.314    21  25582.628    25582.797    25721.372
  5  GTR+F+R2      12770.087    21  25582.175    25582.345    25720.919
  6  GTR+F+R3      12769.915    23  25585.830    25586.033    25737.787
 14  GTR+F+I+R2    12770.073    22  25584.147    25584.332    25729.497
 15  GTR+F+I+R3    12769.947    24  25587.893    25588.113    25746.457
 24  SYM+I         12786.804    17  25607.609    25607.721    25719.925
 25  SYM+G4        12787.119    17  25608.238    25608.350    25720.554
 26  SYM+I+G4      12787.325    18  25610.649    25610.775    25729.573
 27  SYM+R2        12787.103    18  25610.205    25610.331    25729.129
 46  TVM+F+I       12787.872    19  25613.744    25613.884    25739.274
 47  TVM+F+G4      12787.951    19  25613.903    25614.042    25739.433
 48  TVM+F+I+G4    12788.127    20  25616.253    25616.407    25748.390
 49  TVM+F+R2      12788.196    20  25616.392    25616.546    25748.529
 68  TVMe+I        12796.278    16  25624.555    25624.655    25730.265
 69  TVMe+G4       12796.345    16  25624.689    25624.789    25730.399
 70  TVMe+I+G4     12796.514    17  25627.029    25627.141    25739.345
 71  TVMe+R2       12796.596    17  25627.192    25627.304    25739.509
 90  TIM3+F+I      12771.182    18  25578.364    25578.489    25697.287
 91  TIM3+F+G4     12771.536    18  25579.071    25579.197    25697.995
 92  TIM3+F+I+G4   12771.797    19  25581.594    25581.733    25707.124
 93  TIM3+F+R2     12771.587    19  25581.173    25581.313    25706.703
112  TIM3e+I       12787.910    15  25605.820    25605.908    25704.923
113  TIM3e+G4      12788.194    15  25606.388    25606.476    25705.491
114  TIM3e+I+G4    12788.406    16  25608.812    25608.911    25714.521
115  TIM3e+R2      12788.261    16  25608.522    25608.622    25714.232
134  TIM2+F+I      12785.606    18  25607.212    25607.337    25726.135
135  TIM2+F+G4     12785.932    18  25607.863    25607.989    25726.786
136  TIM2+F+I+G4   12786.152    19  25610.304    25610.444    25735.834
137  TIM2+F+R2     12785.958    19  25609.916    25610.055    25735.446
156  TIM2e+I       12802.563    15  25635.125    25635.213    25734.228
157  TIM2e+G4      12802.848    15  25635.696    25635.784    25734.799
158  TIM2e+I+G4    12803.028    16  25638.056    25638.156    25743.766
159  TIM2e+R2      12802.905    16  25637.811    25637.910    25743.520
178  TIM+F+I       12785.118    18  25606.237    25606.362    25725.160
179  TIM+F+G4      12785.363    18  25606.727    25606.852    25725.650
180  TIM+F+I+G4    12785.535    19  25609.071    25609.210    25734.601
181  TIM+F+R2      12785.468    19  25608.936    25609.075    25734.466
200  TIMe+I        12801.719    15  25633.438    25633.526    25732.541
201  TIMe+G4       12801.908    15  25633.815    25633.903    25732.918
202  TIMe+I+G4     12802.059    16  25636.117    25636.217    25741.827
203  TIMe+R2       12802.072    16  25636.144    25636.244    25741.854
222  TPM3u+F+I     12789.420    17  25612.839    25612.952    25725.156
223  TPM3u+F+G4    12789.457    17  25612.913    25613.025    25725.230
224  TPM3u+F+I+G4  12789.613    18  25615.227    25615.352    25734.150
225  TPM3u+F+R2    12789.737    18  25615.474    25615.600    25734.397
244  TPM3+I        12797.343    14  25622.686    25622.763    25715.182
245  TPM3+G4       12797.404    14  25622.808    25622.885    25715.304
246  TPM3+I+G4     12797.549    15  25625.099    25625.187    25724.201
247  TPM3+R2       12797.664    15  25625.327    25625.415    25724.430
266  TPM2u+F+I     12803.569    17  25641.138    25641.251    25753.455
267  TPM2u+F+G4    12803.712    17  25641.424    25641.537    25753.741
268  TPM2u+F+I+G4  12803.911    18  25643.823    25643.948    25762.746
269  TPM2u+F+R2    12803.891    18  25643.782    25643.907    25762.705
288  TPM2+I        12811.834    14  25651.668    25651.745    25744.164
289  TPM2+G4       12811.963    14  25651.927    25652.004    25744.423
290  TPM2+I+G4     12812.116    15  25654.233    25654.321    25753.336
291  TPM2+R2       12812.140    15  25654.280    25654.368    25753.383
310  K3Pu+F+I      12803.095    17  25640.189    25640.302    25752.506
311  K3Pu+F+G4     12803.136    17  25640.271    25640.384    25752.588
312  K3Pu+F+I+G4   12803.268    18  25642.536    25642.661    25761.459
313  K3Pu+F+R2     12803.419    18  25642.837    25642.963    25761.760
332  K3P+I         12810.987    14  25649.974    25650.051    25742.470
333  K3P+G4        12811.030    14  25650.060    25650.137    25742.556
334  K3P+I+G4      12811.129    15  25652.258    25652.346    25751.361
335  K3P+R2        12811.284    15  25652.567    25652.655    25751.670
354  TN+F+I        12786.263    17  25606.526    25606.638    25718.842
355  TN+F+G4       12786.561    17  25607.123    25607.235    25719.439
356  TN+F+I+G4     12786.763    18  25609.526    25609.652    25728.449
357  TN+F+R2       12786.613    18  25609.226    25609.351    25728.149
376  TNe+I         12802.798    14  25633.595    25633.672    25726.091
377  TNe+G4        12803.052    14  25634.104    25634.181    25726.600
378  TNe+I+G4      12803.232    15  25636.464    25636.552    25735.566
379  TNe+R2        12803.143    15  25636.286    25636.374    25735.389
398  HKY+F+I       12804.240    16  25640.479    25640.579    25746.189
399  HKY+F+G4      12804.335    16  25640.670    25640.770    25746.380
400  HKY+F+I+G4    12804.499    17  25642.998    25643.110    25755.315
401  HKY+F+R2      12804.551    17  25643.102    25643.214    25755.418
420  K2P+I         12812.060    13  25650.119    25650.186    25736.008
421  K2P+G4        12812.158    13  25650.315    25650.382    25736.204
422  K2P+I+G4      12812.293    14  25652.586    25652.663    25745.082
423  K2P+R2        12812.355    14  25652.709    25652.786    25745.205
442  F81+F+I       13151.423    15  26332.846    26332.934    26431.948
443  F81+F+G4      13152.056    15  26334.112    26334.200    26433.215
444  F81+F+I+G4    13152.149    16  26336.298    26336.398    26442.008
445  F81+F+R2      13151.771    16  26335.542    26335.642    26441.251
464  JC+I          13159.966    12  26343.933    26343.990    26423.215
465  JC+G4         13160.524    12  26345.048    26345.105    26424.330
466  JC+I+G4       13160.624    13  26347.248    26347.314    26433.137
467  JC+R2         13160.319    13  26346.638    26346.704    26432.527
Akaike Information Criterion:           TIM3+F+I
Corrected Akaike Information Criterion: TIM3+F+I
Bayesian Information Criterion:         TIM3+F+I
Best-fit model: TIM3+F+I chosen according to BIC

All model information printed to per_gene_alignments_codon/LOC101402249_.aln.model.gz
CPU time for ModelFinder: 1.921 seconds (0h:0m:1s)
Wall-clock time for ModelFinder: 3.700 seconds (0h:0m:3s)
Generating 1000 samples for ultrafast bootstrap (seed: 114402)...

NOTE: 0 MB RAM (0 GB) is required!
Estimate model parameters (epsilon = 0.100)
1. Initial log-likelihood: -12771.182
Optimal log-likelihood: -12771.181
Rate parameters:  A-C: 2.32389  A-G: 7.79895  A-T: 1.00000  C-G: 2.32389  C-T: 13.47374  G-T: 1.00000
Base frequencies:  A: 0.282  C: 0.232  G: 0.254  T: 0.232
Proportion of invariable sites: 0.648
Parameters optimization took 1 rounds (0.013 sec)
Wrote distance file to... 
Computing ML distances based on estimated model parameters...
Calculating distance matrix: done in 0.00019002 secs using 98.94% CPU
Computing ML distances took 0.000248 sec (of wall-clock time) 0.000252 sec (of CPU time)
Setting up auxiliary I and S matrices: done in 3.88622e-05 secs using 97.78% CPU
Computing RapidNJ tree took 0.000113 sec (of wall-clock time) 0.000112 sec (of CPU time)
Log-likelihood of RapidNJ tree: -12771.181
--------------------------------------------------------------------
|             INITIALIZING CANDIDATE TREE SET                      |
--------------------------------------------------------------------
Generating 99 parsimony trees... 0.187 second
Computing log-likelihood of 39 initial trees ... 0.034 seconds
Current best score: -12771.181

Do NNI search on 20 best initial trees
Estimate model parameters (epsilon = 0.100)
BETTER TREE FOUND at iteration 1: -12771.181
Iteration 10 / LogL: -12771.204 / Time: 0h:0m:4s
Iteration 20 / LogL: -12771.221 / Time: 0h:0m:4s
Finish initializing candidate tree set (1)
Current best tree score: -12771.181 / CPU time: 0.416
Number of iterations: 20
--------------------------------------------------------------------
|               OPTIMIZING CANDIDATE TREE SET                      |
--------------------------------------------------------------------
Iteration 30 / LogL: -12771.181 / Time: 0h:0m:4s (0h:0m:1s left)
Iteration 40 / LogL: -12771.181 / Time: 0h:0m:4s (0h:0m:1s left)
Iteration 50 / LogL: -12771.229 / Time: 0h:0m:4s (0h:0m:0s left)
Log-likelihood cutoff on original alignment: -12791.453
Iteration 60 / LogL: -12771.369 / Time: 0h:0m:4s (0h:0m:0s left)
Iteration 70 / LogL: -12771.751 / Time: 0h:0m:4s (0h:0m:0s left)
UPDATE BEST LOG-LIKELIHOOD: -12771.181
Iteration 80 / LogL: -12771.551 / Time: 0h:0m:4s (0h:0m:0s left)
Iteration 90 / LogL: -12771.195 / Time: 0h:0m:4s (0h:0m:0s left)
Iteration 100 / LogL: -12771.758 / Time: 0h:0m:5s (0h:0m:0s left)
Log-likelihood cutoff on original alignment: -12791.722
NOTE: Bootstrap correlation coefficient of split occurrence frequencies: 1.000
TREE SEARCH COMPLETED AFTER 102 ITERATIONS / Time: 0h:0m:5s

--------------------------------------------------------------------
|                    FINALIZING TREE SEARCH                        |
--------------------------------------------------------------------
Performs final model parameters optimization
Estimate model parameters (epsilon = 0.010)
1. Initial log-likelihood: -12771.181
Optimal log-likelihood: -12771.181
Rate parameters:  A-C: 2.32504  A-G: 7.79276  A-T: 1.00000  C-G: 2.32504  C-T: 13.47488  G-T: 1.00000
Base frequencies:  A: 0.282  C: 0.232  G: 0.254  T: 0.232
Proportion of invariable sites: 0.648
Parameters optimization took 1 rounds (0.001 sec)
BEST SCORE FOUND : -12771.181
Creating bootstrap support values...
Split supports printed to NEXUS file per_gene_alignments_codon/LOC101402249_.aln.splits.nex
Total tree length: 0.236

Total number of iterations: 102
CPU time used for tree search: 1.032 sec (0h:0m:1s)
Wall-clock time used for tree search: 1.367 sec (0h:0m:1s)
Total CPU time used: 3.026 sec (0h:0m:3s)
Total wall-clock time used: 5.230 sec (0h:0m:5s)

Computing bootstrap consensus tree...
Reading input file per_gene_alignments_codon/LOC101402249_.aln.splits.nex...
7 taxa and 13 splits.
Consensus tree written to per_gene_alignments_codon/LOC101402249_.aln.contree
Reading input trees file per_gene_alignments_codon/LOC101402249_.aln.contree
Log-likelihood of consensus tree: -12771.181

Analysis results written to: 
  IQ-TREE report:                per_gene_alignments_codon/LOC101402249_.aln.iqtree
  Maximum-likelihood tree:       per_gene_alignments_codon/LOC101402249_.aln.treefile
  Likelihood distances:          per_gene_alignments_codon/LOC101402249_.aln.mldist

Ultrafast bootstrap approximation results written to:
  Split support values:          per_gene_alignments_codon/LOC101402249_.aln.splits.nex
  Consensus tree:                per_gene_alignments_codon/LOC101402249_.aln.contree
  Screen log file:               per_gene_alignments_codon/LOC101402249_.aln.log

Date and Time: Thu Oct 30 21:35:25 2025
