IQ-TREE multicore version 2.3.3 COVID-edition for Linux x86 64-bit built Apr 25 2024
Developed by Bui Quang Minh, James Barbetti, Nguyen Lam Tung, Olga Chernomor,
Heiko Schmidt, Dominik Schrempf, Michael Woodhams, Ly Trong Nhan, Thomas Wong

Host:    morpheus-OptiPlex-5050 (AVX2, FMA3, 503 GB RAM)
Command: iqtree2 -s per_gene_alignments_codon/LOC101398788_.aln.fna -m MFP -T 1 -B 1000 --prefix per_gene_alignments_codon/LOC101398788_.aln
Seed:    283195 (Using SPRNG - Scalable Parallel Random Number Generator)
Time:    Thu Oct 30 21:32:57 2025
Kernel:  AVX+FMA - 1 threads (72 CPU cores detected)

HINT: Use -nt option to specify number of threads because your CPU has 72 cores!
HINT: -nt AUTO will automatically determine the best number of threads to use.

Reading alignment file per_gene_alignments_codon/LOC101398788_.aln.fna ... Fasta format detected
Reading fasta file: done in 0.000272989 secs using 65.94% CPU
Alignment most likely contains DNA/RNA sequences
Alignment has 7 sequences with 825 columns, 62 distinct patterns
38 parsimony-informative, 88 singleton sites, 699 constant sites
                     Gap/Ambiguity  Composition  p-value
Analyzing sequences: done in 1.50204e-05 secs using 59.92% CPU
   1  Ceratotherium_simum    0.00%    passed     98.36%
   2  Diceros_bicornis       0.00%    passed     98.93%
   3  Equus_asinus           0.00%    passed     98.53%
   4  Equus_quagga           0.00%    passed     98.00%
   5  Equus_caballus         0.00%    passed     99.94%
   6  Canis_lupus            0.00%    passed     60.22%
   7  Bos_taurus             0.00%    passed      7.45%
****  TOTAL                  0.00%  0 sequences failed composition chi2 test (p-value<5%; df=3)


Create initial parsimony tree by phylogenetic likelihood library (PLL)... 0.000 seconds
Perform fast likelihood tree search using GTR+I+G model...
Estimate model parameters (epsilon = 5.000)
Perform nearest neighbor interchange...
Estimate model parameters (epsilon = 1.000)
1. Initial log-likelihood: -1878.758
Optimal log-likelihood: -1878.727
Rate parameters:  A-C: 4.53813  A-G: 19.92240  A-T: 1.88701  C-G: 5.98845  C-T: 19.89464  G-T: 1.00000
Base frequencies:  A: 0.186  C: 0.324  G: 0.261  T: 0.229
Proportion of invariable sites: 0.418
Gamma shape alpha: 0.444
Parameters optimization took 1 rounds (0.022 sec)
Time for fast ML tree search: 0.082 seconds

NOTE: ModelFinder requires 0 MB RAM!
ModelFinder will test up to 484 DNA models (sample size: 825) ...
 No. Model         -LnL         df  AIC          AICc         BIC
  1  GTR+F         1900.530     19  3839.060     3840.004     3928.652
  2  GTR+F+I       1879.542     20  3799.085     3800.129     3893.392
  3  GTR+F+G4      1879.332     20  3798.665     3799.709     3892.972
  4  GTR+F+I+G4    1878.733     21  3799.465     3800.616     3898.488
  5  GTR+F+R2      1879.672     21  3801.344     3802.495     3900.367
  6  GTR+F+R3      1879.382     23  3804.765     3806.143     3913.219
 14  GTR+F+I+R2    1879.299     22  3802.598     3803.860     3906.337
 15  GTR+F+I+R3    1878.810     24  3805.620     3807.120     3918.789
 24  SYM+I         1900.591     17  3835.182     3835.940     3915.344
 25  SYM+G4        1900.278     17  3834.557     3835.315     3914.718
 26  SYM+I+G4      1899.749     18  3835.498     3836.347     3920.375
 27  SYM+R2        1900.748     18  3837.496     3838.345     3922.373
 46  TVM+F+I       1879.545     19  3797.089     3798.033     3886.681
 47  TVM+F+G4      1879.333     19  3796.667     3797.611     3886.259
 48  TVM+F+I+G4    1878.732     20  3797.464     3798.509     3891.772
 49  TVM+F+R2      1879.692     20  3799.385     3800.430     3893.693
 68  TVMe+I        1900.860     16  3833.720     3834.393     3909.166
 69  TVMe+G4       1900.586     16  3833.172     3833.846     3908.619
 70  TVMe+I+G4     1900.075     17  3834.151     3834.909     3914.313
 71  TVMe+R2       1901.042     17  3836.085     3836.843     3916.246
 90  TIM3+F+I      1879.784     18  3795.567     3796.416     3880.444
 91  TIM3+F+G4     1879.591     18  3795.181     3796.030     3880.058
 92  TIM3+F+I+G4   1879.029     19  3796.058     3797.002     3885.650
 93  TIM3+F+R2     1879.904     19  3797.809     3798.753     3887.401
112  TIM3e+I       1901.360     15  3832.720     3833.313     3903.450
113  TIM3e+G4      1901.087     15  3832.174     3832.767     3902.905
114  TIM3e+I+G4    1900.653     16  3833.307     3833.980     3908.753
115  TIM3e+R2      1901.517     16  3835.035     3835.708     3910.481
134  TIM2+F+I      1883.960     18  3803.921     3804.770     3888.798
135  TIM2+F+G4     1883.777     18  3803.554     3804.402     3888.431
136  TIM2+F+I+G4   1882.994     19  3803.989     3804.933     3893.581
137  TIM2+F+R2     1884.061     19  3806.122     3807.066     3895.715
156  TIM2e+I       1907.023     15  3844.047     3844.640     3914.777
157  TIM2e+G4      1906.765     15  3843.531     3844.124     3914.261
158  TIM2e+I+G4    1906.113     16  3844.227     3844.900     3919.673
159  TIM2e+R2      1907.197     16  3846.395     3847.068     3921.841
178  TIM+F+I       1883.147     18  3802.294     3803.143     3887.171
179  TIM+F+G4      1882.941     18  3801.881     3802.730     3886.758
180  TIM+F+I+G4    1882.112     19  3802.224     3803.168     3891.816
181  TIM+F+R2      1883.249     19  3804.499     3805.443     3894.091
200  TIMe+I        1906.393     15  3842.786     3843.379     3913.517
201  TIMe+G4       1906.107     15  3842.214     3842.808     3912.945
202  TIMe+I+G4     1905.457     16  3842.913     3843.587     3918.360
203  TIMe+R2       1906.503     16  3845.006     3845.679     3920.452
222  TPM3u+F+I     1879.778     17  3793.556     3794.315     3873.718
223  TPM3u+F+G4    1879.584     17  3793.167     3793.926     3873.329
224  TPM3u+F+I+G4  1879.036     18  3794.071     3794.920     3878.948
225  TPM3u+F+R2    1879.893     18  3795.785     3796.634     3880.662
244  TPM3+I        1901.648     14  3831.295     3831.814     3897.310
245  TPM3+G4       1901.413     14  3830.827     3831.345     3896.842
246  TPM3+I+G4     1901.003     15  3832.006     3832.599     3902.736
247  TPM3+R2       1901.812     15  3833.624     3834.217     3904.355
266  TPM2u+F+I     1883.963     17  3801.926     3802.684     3882.087
267  TPM2u+F+G4    1883.778     17  3801.557     3802.315     3881.718
268  TPM2u+F+I+G4  1882.994     18  3801.987     3802.836     3886.864
269  TPM2u+F+R2    1884.058     18  3804.116     3804.965     3888.993
288  TPM2+I        1907.221     14  3842.443     3842.961     3908.458
289  TPM2+G4       1907.001     14  3842.002     3842.521     3908.018
290  TPM2+I+G4     1906.375     15  3842.750     3843.343     3913.481
291  TPM2+R2       1907.320     15  3844.639     3845.233     3915.370
310  K3Pu+F+I      1883.154     17  3800.308     3801.066     3880.469
311  K3Pu+F+G4     1882.943     17  3799.887     3800.645     3880.048
312  K3Pu+F+I+G4   1882.109     18  3800.218     3801.067     3885.095
313  K3Pu+F+R2     1883.253     18  3802.506     3803.354     3887.383
332  K3P+I         1906.617     14  3841.233     3841.752     3907.249
333  K3P+G4        1906.371     14  3840.741     3841.260     3906.756
334  K3P+I+G4      1905.752     15  3841.504     3842.097     3912.235
335  K3P+R2        1906.786     15  3843.572     3844.166     3914.303
354  TN+F+I        1883.983     17  3801.966     3802.724     3882.127
355  TN+F+G4       1883.804     17  3801.608     3802.366     3881.769
356  TN+F+I+G4     1883.049     18  3802.097     3802.946     3886.974
357  TN+F+R2       1884.087     18  3804.175     3805.024     3889.052
376  TNe+I         1907.545     14  3843.091     3843.609     3909.106
377  TNe+G4        1907.306     14  3842.611     3843.130     3908.626
378  TNe+I+G4      1906.732     15  3843.463     3844.057     3914.194
379  TNe+R2        1907.723     15  3845.446     3846.039     3916.177
398  HKY+F+I       1883.986     16  3799.973     3800.646     3875.419
399  HKY+F+G4      1883.805     16  3799.611     3800.284     3875.057
400  HKY+F+I+G4    1883.047     17  3800.094     3800.853     3880.256
401  HKY+F+R2      1884.080     17  3802.160     3802.918     3882.322
420  K2P+I         1907.768     13  3841.536     3841.985     3902.836
421  K2P+G4        1907.563     13  3841.127     3841.576     3902.427
422  K2P+I+G4      1907.022     14  3842.043     3842.562     3908.058
423  K2P+R2        1907.870     14  3843.740     3844.258     3909.755
442  F81+F+I       1922.743     15  3875.485     3876.079     3946.216
443  F81+F+G4      1922.704     15  3875.409     3876.002     3946.139
444  F81+F+I+G4    1922.650     16  3877.300     3877.973     3952.746
445  F81+F+R2      1922.955     16  3877.911     3878.584     3953.357
464  JC+I          1945.877     12  3915.754     3916.139     3972.339
465  JC+G4         1945.819     12  3915.637     3916.021     3972.222
466  JC+I+G4       1945.758     13  3917.516     3917.965     3978.816
467  JC+R2         1946.072     13  3918.143     3918.592     3979.443
Akaike Information Criterion:           TPM3u+F+G4
Corrected Akaike Information Criterion: TPM3u+F+G4
Bayesian Information Criterion:         TPM3u+F+G4
Best-fit model: TPM3u+F+G4 chosen according to BIC

All model information printed to per_gene_alignments_codon/LOC101398788_.aln.model.gz
CPU time for ModelFinder: 0.872 seconds (0h:0m:0s)
Wall-clock time for ModelFinder: 1.092 seconds (0h:0m:1s)
Generating 1000 samples for ultrafast bootstrap (seed: 283195)...

NOTE: 0 MB RAM (0 GB) is required!
Estimate model parameters (epsilon = 0.100)
1. Initial log-likelihood: -1879.584
Optimal log-likelihood: -1879.584
Rate parameters:  A-C: 3.93945  A-G: 14.20542  A-T: 1.00000  C-G: 3.93945  C-T: 14.20542  G-T: 1.00000
Base frequencies:  A: 0.186  C: 0.324  G: 0.261  T: 0.229
Gamma shape alpha: 0.133
Parameters optimization took 1 rounds (0.001 sec)
Wrote distance file to... 
Computing ML distances based on estimated model parameters...
Calculating distance matrix: done in 0.000547171 secs using 98.69% CPU
Computing ML distances took 0.000589 sec (of wall-clock time) 0.000589 sec (of CPU time)
Setting up auxiliary I and S matrices: done in 4.1008e-05 secs using 97.54% CPU
Computing RapidNJ tree took 0.000122 sec (of wall-clock time) 0.000120 sec (of CPU time)
Log-likelihood of RapidNJ tree: -1879.584
--------------------------------------------------------------------
|             INITIALIZING CANDIDATE TREE SET                      |
--------------------------------------------------------------------
Generating 99 parsimony trees... 0.057 second
Computing log-likelihood of 36 initial trees ... 0.025 seconds
Current best score: -1879.584

Do NNI search on 20 best initial trees
Estimate model parameters (epsilon = 0.100)
BETTER TREE FOUND at iteration 1: -1879.584
Iteration 10 / LogL: -1879.782 / Time: 0h:0m:1s
Iteration 20 / LogL: -1879.598 / Time: 0h:0m:1s
Finish initializing candidate tree set (1)
Current best tree score: -1879.584 / CPU time: 0.223
Number of iterations: 20
--------------------------------------------------------------------
|               OPTIMIZING CANDIDATE TREE SET                      |
--------------------------------------------------------------------
UPDATE BEST LOG-LIKELIHOOD: -1879.584
Iteration 30 / LogL: -1879.775 / Time: 0h:0m:1s (0h:0m:1s left)
UPDATE BEST LOG-LIKELIHOOD: -1879.584
Iteration 40 / LogL: -1887.705 / Time: 0h:0m:1s (0h:0m:0s left)
Iteration 50 / LogL: -1879.672 / Time: 0h:0m:1s (0h:0m:0s left)
Log-likelihood cutoff on original alignment: -1898.364
Iteration 60 / LogL: -1879.595 / Time: 0h:0m:2s (0h:0m:0s left)
Iteration 70 / LogL: -1879.584 / Time: 0h:0m:2s (0h:0m:0s left)
Iteration 80 / LogL: -1879.601 / Time: 0h:0m:2s (0h:0m:0s left)
Iteration 90 / LogL: -1879.790 / Time: 0h:0m:2s (0h:0m:0s left)
Iteration 100 / LogL: -1879.614 / Time: 0h:0m:2s (0h:0m:0s left)
Log-likelihood cutoff on original alignment: -1897.234
NOTE: Bootstrap correlation coefficient of split occurrence frequencies: 1.000
TREE SEARCH COMPLETED AFTER 102 ITERATIONS / Time: 0h:0m:2s

--------------------------------------------------------------------
|                    FINALIZING TREE SEARCH                        |
--------------------------------------------------------------------
Performs final model parameters optimization
Estimate model parameters (epsilon = 0.010)
1. Initial log-likelihood: -1879.584
Optimal log-likelihood: -1879.584
Rate parameters:  A-C: 3.94025  A-G: 14.21082  A-T: 1.00000  C-G: 3.94025  C-T: 14.21082  G-T: 1.00000
Base frequencies:  A: 0.186  C: 0.324  G: 0.261  T: 0.229
Gamma shape alpha: 0.133
Parameters optimization took 1 rounds (0.001 sec)
BEST SCORE FOUND : -1879.584
Creating bootstrap support values...
Split supports printed to NEXUS file per_gene_alignments_codon/LOC101398788_.aln.splits.nex
Total tree length: 0.246

Total number of iterations: 102
CPU time used for tree search: 1.035 sec (0h:0m:1s)
Wall-clock time used for tree search: 1.519 sec (0h:0m:1s)
Total CPU time used: 1.960 sec (0h:0m:1s)
Total wall-clock time used: 2.693 sec (0h:0m:2s)

Computing bootstrap consensus tree...
Reading input file per_gene_alignments_codon/LOC101398788_.aln.splits.nex...
7 taxa and 30 splits.
Consensus tree written to per_gene_alignments_codon/LOC101398788_.aln.contree
Reading input trees file per_gene_alignments_codon/LOC101398788_.aln.contree
Log-likelihood of consensus tree: -1879.584

Analysis results written to: 
  IQ-TREE report:                per_gene_alignments_codon/LOC101398788_.aln.iqtree
  Maximum-likelihood tree:       per_gene_alignments_codon/LOC101398788_.aln.treefile
  Likelihood distances:          per_gene_alignments_codon/LOC101398788_.aln.mldist

Ultrafast bootstrap approximation results written to:
  Split support values:          per_gene_alignments_codon/LOC101398788_.aln.splits.nex
  Consensus tree:                per_gene_alignments_codon/LOC101398788_.aln.contree
  Screen log file:               per_gene_alignments_codon/LOC101398788_.aln.log

Date and Time: Thu Oct 30 21:33:00 2025
