IQ-TREE multicore version 2.3.3 COVID-edition for Linux x86 64-bit built Apr 25 2024
Developed by Bui Quang Minh, James Barbetti, Nguyen Lam Tung, Olga Chernomor,
Heiko Schmidt, Dominik Schrempf, Michael Woodhams, Ly Trong Nhan, Thomas Wong

Host:    morpheus-OptiPlex-5050 (AVX2, FMA3, 503 GB RAM)
Command: iqtree2 -s per_gene_alignments_codon/LOC101399105_.aln.fna -m MFP -T 1 -B 1000 --prefix per_gene_alignments_codon/LOC101399105_.aln
Seed:    650932 (Using SPRNG - Scalable Parallel Random Number Generator)
Time:    Thu Oct 30 21:33:10 2025
Kernel:  AVX+FMA - 1 threads (72 CPU cores detected)

HINT: Use -nt option to specify number of threads because your CPU has 72 cores!
HINT: -nt AUTO will automatically determine the best number of threads to use.

Reading alignment file per_gene_alignments_codon/LOC101399105_.aln.fna ... Fasta format detected
Reading fasta file: done in 0.000299215 secs
Alignment most likely contains DNA/RNA sequences
Alignment has 7 sequences with 939 columns, 114 distinct patterns
558 parsimony-informative, 58 singleton sites, 323 constant sites
                     Gap/Ambiguity  Composition  p-value
Analyzing sequences: done in 1.38283e-05 secs
   1  Ceratotherium_simum    0.64%    passed     57.15%
   2  Diceros_bicornis       0.64%    passed     78.50%
   3  Equus_asinus           0.00%    passed     99.90%
   4  Equus_quagga           0.00%    passed     99.79%
   5  Equus_caballus         0.00%    passed     99.88%
   6  Canis_lupus            0.00%    passed     41.37%
   7  Bos_taurus             0.00%    passed     83.86%
****  TOTAL                  0.18%  0 sequences failed composition chi2 test (p-value<5%; df=3)


Create initial parsimony tree by phylogenetic likelihood library (PLL)... 0.000 seconds
Perform fast likelihood tree search using GTR+I+G model...
Estimate model parameters (epsilon = 5.000)
Perform nearest neighbor interchange...
Estimate model parameters (epsilon = 1.000)
1. Initial log-likelihood: -3426.510
Optimal log-likelihood: -3426.509
Rate parameters:  A-C: 0.89504  A-G: 7.91682  A-T: 1.33976  C-G: 1.20107  C-T: 5.53644  G-T: 1.00000
Base frequencies:  A: 0.196  C: 0.333  G: 0.209  T: 0.262
Proportion of invariable sites: 0.174
Gamma shape alpha: 3.857
Parameters optimization took 1 rounds (0.003 sec)
Time for fast ML tree search: 0.032 seconds

NOTE: ModelFinder requires 0 MB RAM!
ModelFinder will test up to 484 DNA models (sample size: 939) ...
 No. Model         -LnL         df  AIC          AICc         BIC
  1  GTR+F         3449.778     19  6937.556     6938.383     7029.608
  2  GTR+F+I       3426.718     20  6893.436     6894.351     6990.332
  3  GTR+F+G4      3435.068     20  6910.136     6911.051     7007.032
  4  GTR+F+I+G4    3426.503     21  6895.005     6896.013     6996.746
  5  GTR+F+R2      3434.554     21  6911.108     6912.115     7012.849
  6  GTR+F+R3      3428.938     23  6903.876     6905.082     7015.306
 14  GTR+F+I+R2    3426.567     22  6897.134     6898.238     7003.720
 15  GTR+F+I+R3    3426.538     24  6901.075     6902.388     7017.351
 24  SYM+I         3464.648     17  6963.295     6963.960     7045.657
 26  SYM+I+G4      3464.879     18  6965.757     6966.501     7052.964
 46  TVM+F+I       3428.575     19  6895.150     6895.977     6987.201
 48  TVM+F+I+G4    3428.349     20  6896.699     6897.614     6993.595
 68  TVMe+I        3464.715     16  6961.431     6962.021     7038.948
 70  TVMe+I+G4     3464.957     17  6963.914     6964.578     7046.276
 90  TIM3+F+I      3427.096     18  6890.192     6890.935     6977.398
 92  TIM3+F+I+G4   3426.895     19  6891.790     6892.617     6983.841
112  TIM3e+I       3465.116     15  6960.232     6960.752     7032.904
114  TIM3e+I+G4    3465.340     16  6962.680     6963.270     7040.197
134  TIM2+F+I      3427.114     18  6890.228     6890.971     6977.434
136  TIM2+F+I+G4   3426.923     19  6891.846     6892.673     6983.897
156  TIM2e+I       3465.032     15  6960.065     6960.585     7032.737
158  TIM2e+I+G4    3465.283     16  6962.566     6963.156     7040.083
178  TIM+F+I       3426.739     18  6889.479     6890.222     6976.685
180  TIM+F+I+G4    3426.558     19  6891.117     6891.943     6983.168
200  TIMe+I        3464.706     15  6959.411     6959.931     7032.083
202  TIMe+I+G4     3464.935     16  6961.870     6962.460     7039.387
222  TPM3u+F+I     3428.974     17  6891.947     6892.612     6974.309
224  TPM3u+F+I+G4  3428.739     18  6893.477     6894.221     6980.684
244  TPM3+I        3465.184     14  6958.368     6958.823     7026.195
246  TPM3+I+G4     3465.406     15  6960.811     6961.331     7033.483
266  TPM2u+F+I     3428.989     17  6891.978     6892.643     6974.340
268  TPM2u+F+I+G4  3428.767     18  6893.533     6894.277     6980.740
288  TPM2+I        3465.101     14  6958.203     6958.657     7026.030
290  TPM2+I+G4     3465.351     15  6960.701     6961.221     7033.373
310  K3Pu+F+I      3428.617     17  6891.235     6891.899     6973.597
312  K3Pu+F+I+G4   3428.400     18  6892.800     6893.543     6980.007
332  K3P+I         3464.775     14  6957.551     6958.005     7025.378
334  K3P+I+G4      3464.992     15  6959.985     6960.505     7032.657
354  TN+F+I        3427.119     17  6888.239     6888.903     6970.600
356  TN+F+I+G4     3426.924     18  6889.847     6890.591     6977.054
376  TNe+I         3465.124     14  6958.247     6958.702     7026.075
378  TNe+I+G4      3465.354     15  6960.708     6961.228     7033.381
398  HKY+F+I       3428.998     16  6889.996     6890.586     6967.513
400  HKY+F+I+G4    3428.769     17  6891.538     6892.203     6973.900
420  K2P+I         3465.189     13  6956.379     6956.772     7019.361
422  K2P+I+G4      3465.416     14  6958.832     6959.287     7026.660
442  F81+F+I       3487.647     15  7005.294     7005.814     7077.966
444  F81+F+I+G4    3488.129     16  7008.257     7008.847     7085.774
464  JC+I          3527.326     12  7078.653     7078.989     7136.790
466  JC+I+G4       3528.062     13  7082.124     7082.517     7145.107
Akaike Information Criterion:           TN+F+I
Corrected Akaike Information Criterion: TN+F+I
Bayesian Information Criterion:         HKY+F+I
Best-fit model: HKY+F+I chosen according to BIC

All model information printed to per_gene_alignments_codon/LOC101399105_.aln.model.gz
CPU time for ModelFinder: 0.445 seconds (0h:0m:0s)
Wall-clock time for ModelFinder: 0.970 seconds (0h:0m:0s)
Generating 1000 samples for ultrafast bootstrap (seed: 650932)...

NOTE: 0 MB RAM (0 GB) is required!
Estimate model parameters (epsilon = 0.100)
1. Initial log-likelihood: -3428.998
Optimal log-likelihood: -3428.997
Rate parameters:  A-C: 1.00000  A-G: 5.64538  A-T: 1.00000  C-G: 1.00000  C-T: 5.64538  G-T: 1.00000
Base frequencies:  A: 0.196  C: 0.333  G: 0.209  T: 0.262
Proportion of invariable sites: 0.174
Parameters optimization took 1 rounds (0.001 sec)
Wrote distance file to... 
Computing ML distances based on estimated model parameters...
Calculating distance matrix: done in 0.000198126 secs using 99.43% CPU
Computing ML distances took 0.000249 sec (of wall-clock time) 0.000255 sec (of CPU time)
Setting up auxiliary I and S matrices: done in 4.69685e-05 secs using 202.3% CPU
Computing RapidNJ tree took 0.000132 sec (of wall-clock time) 0.000264 sec (of CPU time)
Log-likelihood of RapidNJ tree: -3434.592
--------------------------------------------------------------------
|             INITIALIZING CANDIDATE TREE SET                      |
--------------------------------------------------------------------
Generating 98 parsimony trees... 0.100 second
Computing log-likelihood of 36 initial trees ... 0.033 seconds
Current best score: -3428.997

Do NNI search on 20 best initial trees
Estimate model parameters (epsilon = 0.100)
BETTER TREE FOUND at iteration 1: -3428.997
Iteration 10 / LogL: -3429.020 / Time: 0h:0m:1s
Iteration 20 / LogL: -3429.020 / Time: 0h:0m:1s
Finish initializing candidate tree set (3)
Current best tree score: -3428.997 / CPU time: 0.313
Number of iterations: 20
--------------------------------------------------------------------
|               OPTIMIZING CANDIDATE TREE SET                      |
--------------------------------------------------------------------
UPDATE BEST LOG-LIKELIHOOD: -3428.997
Iteration 30 / LogL: -3429.022 / Time: 0h:0m:1s (0h:0m:1s left)
Iteration 40 / LogL: -4328.109 / Time: 0h:0m:1s (0h:0m:1s left)
Iteration 50 / LogL: -3429.021 / Time: 0h:0m:1s (0h:0m:1s left)
Log-likelihood cutoff on original alignment: -3437.526
Iteration 60 / LogL: -3429.022 / Time: 0h:0m:2s (0h:0m:0s left)
UPDATE BEST LOG-LIKELIHOOD: -3428.997
Iteration 70 / LogL: -3429.020 / Time: 0h:0m:2s (0h:0m:0s left)
Iteration 80 / LogL: -3429.020 / Time: 0h:0m:2s (0h:0m:0s left)
Iteration 90 / LogL: -3429.020 / Time: 0h:0m:2s (0h:0m:0s left)
WARNING: NNI search needs unusual large number of steps (7) to converge!
Iteration 100 / LogL: -3429.020 / Time: 0h:0m:3s (0h:0m:0s left)
Log-likelihood cutoff on original alignment: -3437.526
NOTE: Bootstrap correlation coefficient of split occurrence frequencies: 0.999
TREE SEARCH COMPLETED AFTER 102 ITERATIONS / Time: 0h:0m:3s

--------------------------------------------------------------------
|                    FINALIZING TREE SEARCH                        |
--------------------------------------------------------------------
Performs final model parameters optimization
Estimate model parameters (epsilon = 0.010)
1. Initial log-likelihood: -3428.997
Optimal log-likelihood: -3428.997
Rate parameters:  A-C: 1.00000  A-G: 5.64351  A-T: 1.00000  C-G: 1.00000  C-T: 5.64351  G-T: 1.00000
Base frequencies:  A: 0.196  C: 0.333  G: 0.209  T: 0.262
Proportion of invariable sites: 0.174
Parameters optimization took 1 rounds (0.001 sec)
BEST SCORE FOUND : -3428.997
Creating bootstrap support values...
Split supports printed to NEXUS file per_gene_alignments_codon/LOC101399105_.aln.splits.nex
Total tree length: 5.824

Total number of iterations: 102
CPU time used for tree search: 1.091 sec (0h:0m:1s)
Wall-clock time used for tree search: 2.083 sec (0h:0m:2s)
Total CPU time used: 1.597 sec (0h:0m:1s)
Total wall-clock time used: 3.167 sec (0h:0m:3s)

Computing bootstrap consensus tree...
Reading input file per_gene_alignments_codon/LOC101399105_.aln.splits.nex...
7 taxa and 21 splits.
Consensus tree written to per_gene_alignments_codon/LOC101399105_.aln.contree
Reading input trees file per_gene_alignments_codon/LOC101399105_.aln.contree
Log-likelihood of consensus tree: -3429.057

Analysis results written to: 
  IQ-TREE report:                per_gene_alignments_codon/LOC101399105_.aln.iqtree
  Maximum-likelihood tree:       per_gene_alignments_codon/LOC101399105_.aln.treefile
  Likelihood distances:          per_gene_alignments_codon/LOC101399105_.aln.mldist

Ultrafast bootstrap approximation results written to:
  Split support values:          per_gene_alignments_codon/LOC101399105_.aln.splits.nex
  Consensus tree:                per_gene_alignments_codon/LOC101399105_.aln.contree
  Screen log file:               per_gene_alignments_codon/LOC101399105_.aln.log

Date and Time: Thu Oct 30 21:33:14 2025
