IQ-TREE multicore version 2.3.3 COVID-edition for Linux x86 64-bit built Apr 25 2024
Developed by Bui Quang Minh, James Barbetti, Nguyen Lam Tung, Olga Chernomor,
Heiko Schmidt, Dominik Schrempf, Michael Woodhams, Ly Trong Nhan, Thomas Wong

Host:    morpheus-OptiPlex-5050 (AVX2, FMA3, 503 GB RAM)
Command: iqtree2 -s per_gene_alignments_codon/LOC101388211_.aln.fna -m MFP -T 1 -B 1000 --prefix per_gene_alignments_codon/LOC101388211_.aln
Seed:    442720 (Using SPRNG - Scalable Parallel Random Number Generator)
Time:    Thu Oct 30 21:25:37 2025
Kernel:  AVX+FMA - 1 threads (72 CPU cores detected)

HINT: Use -nt option to specify number of threads because your CPU has 72 cores!
HINT: -nt AUTO will automatically determine the best number of threads to use.

Reading alignment file per_gene_alignments_codon/LOC101388211_.aln.fna ... Fasta format detected
Reading fasta file: done in 0.000231981 secs using 99.15% CPU
Alignment most likely contains DNA/RNA sequences
Alignment has 7 sequences with 600 columns, 55 distinct patterns
32 parsimony-informative, 57 singleton sites, 511 constant sites
                     Gap/Ambiguity  Composition  p-value
Analyzing sequences: done in 1.40667e-05 secs using 92.42% CPU
   1  Ceratotherium_simum    0.00%    passed     99.44%
   2  Diceros_bicornis       0.00%    passed     99.68%
   3  Equus_asinus           0.00%    passed     85.97%
   4  Equus_quagga           0.00%    passed     85.97%
   5  Equus_caballus         0.00%    passed     93.86%
   6  Canis_lupus            0.00%    passed     90.47%
   7  Bos_taurus             0.00%    passed     15.68%
****  TOTAL                  0.00%  0 sequences failed composition chi2 test (p-value<5%; df=3)
NOTE: Equus_quagga is identical to Equus_asinus but kept for subsequent analysis


Create initial parsimony tree by phylogenetic likelihood library (PLL)... 0.000 seconds
Perform fast likelihood tree search using GTR+I+G model...
Estimate model parameters (epsilon = 5.000)
Perform nearest neighbor interchange...
Estimate model parameters (epsilon = 1.000)
1. Initial log-likelihood: -1347.120
Optimal log-likelihood: -1347.099
Rate parameters:  A-C: 0.34951  A-G: 2.32961  A-T: 0.42620  C-G: 0.15787  C-T: 2.81434  G-T: 1.00000
Base frequencies:  A: 0.217  C: 0.329  G: 0.284  T: 0.170
Proportion of invariable sites: 0.420
Gamma shape alpha: 0.463
Parameters optimization took 1 rounds (0.034 sec)
Time for fast ML tree search: 0.082 seconds

NOTE: ModelFinder requires 0 MB RAM!
ModelFinder will test up to 484 DNA models (sample size: 600) ...
 No. Model         -LnL         df  AIC          AICc         BIC
  1  GTR+F         1361.787     19  2761.573     2762.884     2845.115
  2  GTR+F+I       1347.831     20  2735.663     2737.114     2823.601
  3  GTR+F+G4      1347.611     20  2735.223     2736.673     2823.161
  4  GTR+F+I+G4    1347.095     21  2736.190     2737.789     2828.526
  5  GTR+F+R2      1346.990     21  2735.980     2737.579     2828.316
  6  GTR+F+R3      1347.058     23  2740.117     2742.034     2841.246
 14  GTR+F+I+R2    1347.669     22  2739.338     2741.092     2836.070
 15  GTR+F+I+R3    1347.106     24  2742.213     2744.300     2847.739
 24  SYM+I         1362.749     17  2759.498     2760.550     2834.246
 25  SYM+G4        1362.694     17  2759.388     2760.439     2834.136
 26  SYM+I+G4      1362.205     18  2760.410     2761.587     2839.555
 27  SYM+R2        1362.233     18  2760.465     2761.643     2839.610
 46  TVM+F+I       1347.919     19  2733.838     2735.148     2817.379
 47  TVM+F+G4      1347.735     19  2733.471     2734.781     2817.012
 48  TVM+F+I+G4    1347.273     20  2734.547     2735.998     2822.485
 49  TVM+F+R2      1347.322     20  2734.644     2736.094     2822.582
 68  TVMe+I        1362.783     16  2757.565     2758.498     2827.916
 69  TVMe+G4       1362.730     16  2757.460     2758.393     2827.810
 70  TVMe+I+G4     1362.256     17  2758.512     2759.563     2833.260
 71  TVMe+R2       1362.288     17  2758.575     2759.627     2833.323
 90  TIM3+F+I      1348.667     18  2733.333     2734.511     2812.478
 91  TIM3+F+G4     1348.443     18  2732.886     2734.063     2812.030
 92  TIM3+F+I+G4   1347.893     19  2733.786     2735.096     2817.328
 93  TIM3+F+R2     1347.643     19  2733.287     2734.597     2816.829
112  TIM3e+I       1363.840     15  2757.680     2758.502     2823.634
113  TIM3e+G4      1363.793     15  2757.586     2758.408     2823.540
114  TIM3e+I+G4    1363.282     16  2758.563     2759.497     2828.914
115  TIM3e+R2      1363.211     16  2758.421     2759.354     2828.772
134  TIM2+F+I      1351.346     18  2738.693     2739.870     2817.837
135  TIM2+F+G4     1351.210     18  2738.419     2739.596     2817.564
136  TIM2+F+I+G4   1350.656     19  2739.312     2740.623     2822.854
137  TIM2+F+R2     1350.342     19  2738.684     2739.995     2822.226
156  TIM2e+I       1364.165     15  2758.330     2759.152     2824.284
157  TIM2e+G4      1364.144     15  2758.287     2759.109     2824.241
158  TIM2e+I+G4    1363.552     16  2759.104     2760.037     2829.455
159  TIM2e+R2      1363.271     16  2758.543     2759.476     2828.894
178  TIM+F+I       1349.868     18  2735.736     2736.913     2814.880
179  TIM+F+G4      1349.751     18  2735.502     2736.679     2814.647
180  TIM+F+I+G4    1349.302     19  2736.603     2737.914     2820.145
181  TIM+F+R2      1349.272     19  2736.544     2737.854     2820.085
200  TIMe+I        1363.587     15  2757.174     2757.996     2823.128
201  TIMe+G4       1363.561     15  2757.122     2757.944     2823.076
202  TIMe+I+G4     1363.109     16  2758.217     2759.150     2828.568
203  TIMe+R2       1363.105     16  2758.210     2759.143     2828.560
222  TPM3u+F+I     1348.743     17  2731.486     2732.537     2806.233
223  TPM3u+F+G4    1348.557     17  2731.115     2732.166     2805.862
224  TPM3u+F+I+G4  1348.062     18  2732.123     2733.301     2811.268
225  TPM3u+F+R2    1347.979     18  2731.959     2733.136     2811.104
244  TPM3+I        1363.873     14  2755.746     2756.464     2817.303
245  TPM3+G4       1363.825     14  2755.649     2756.367     2817.206
246  TPM3+I+G4     1363.336     15  2756.671     2757.493     2822.625
247  TPM3+R2       1363.265     15  2756.531     2757.353     2822.485
266  TPM2u+F+I     1351.394     17  2736.788     2737.840     2811.536
267  TPM2u+F+G4    1351.279     17  2736.558     2737.610     2811.306
268  TPM2u+F+I+G4  1350.770     18  2737.539     2738.716     2816.684
269  TPM2u+F+R2    1350.616     18  2737.231     2738.408     2816.376
288  TPM2+I        1364.198     14  2756.396     2757.114     2817.953
289  TPM2+G4       1364.179     14  2756.357     2757.075     2817.914
290  TPM2+I+G4     1363.608     15  2757.216     2758.038     2823.170
291  TPM2+R2       1363.429     15  2756.858     2757.680     2822.812
310  K3Pu+F+I      1349.923     17  2733.847     2734.898     2808.594
311  K3Pu+F+G4     1349.827     17  2733.654     2734.705     2808.401
312  K3Pu+F+I+G4   1349.423     18  2734.845     2736.022     2813.990
313  K3Pu+F+R2     1349.443     18  2734.885     2736.063     2814.030
332  K3P+I         1363.642     14  2755.283     2756.001     2816.840
333  K3P+G4        1363.617     14  2755.234     2755.951     2816.791
334  K3P+I+G4      1363.182     15  2756.365     2757.187     2822.319
335  K3P+R2        1363.184     15  2756.369     2757.191     2822.323
354  TN+F+I        1351.405     17  2736.809     2737.861     2811.557
355  TN+F+G4       1351.271     17  2736.541     2737.593     2811.289
356  TN+F+I+G4     1350.730     18  2737.460     2738.638     2816.605
357  TN+F+R2       1350.423     18  2736.847     2738.024     2815.992
376  TNe+I         1364.573     14  2757.147     2757.865     2818.704
377  TNe+G4        1364.550     14  2757.100     2757.818     2818.657
378  TNe+I+G4      1364.011     15  2758.023     2758.845     2823.977
379  TNe+R2        1363.739     15  2757.479     2758.301     2823.433
398  HKY+F+I       1351.454     16  2734.908     2735.841     2805.259
399  HKY+F+G4      1351.343     16  2734.686     2735.619     2805.037
400  HKY+F+I+G4    1350.854     17  2735.708     2736.760     2810.456
401  HKY+F+R2      1350.698     17  2735.397     2736.448     2810.144
420  K2P+I         1364.612     13  2755.224     2755.845     2812.384
421  K2P+G4        1364.593     13  2755.186     2755.807     2812.346
422  K2P+I+G4      1364.069     14  2756.138     2756.856     2817.695
423  K2P+R2        1363.907     14  2755.814     2756.532     2817.371
442  F81+F+I       1383.942     15  2797.884     2798.706     2863.838
443  F81+F+G4      1383.914     15  2797.827     2798.649     2863.781
444  F81+F+I+G4    1383.888     16  2799.775     2800.708     2870.126
445  F81+F+R2      1384.378     16  2800.757     2801.690     2871.108
464  JC+I          1395.082     12  2814.165     2814.696     2866.928
465  JC+G4         1395.069     12  2814.138     2814.670     2866.902
466  JC+I+G4       1395.066     13  2816.132     2816.753     2873.292
467  JC+R2         1395.597     13  2817.194     2817.815     2874.354
Akaike Information Criterion:           TPM3u+F+G4
Corrected Akaike Information Criterion: TPM3u+F+G4
Bayesian Information Criterion:         HKY+F+G4
Best-fit model: HKY+F+G4 chosen according to BIC

All model information printed to per_gene_alignments_codon/LOC101388211_.aln.model.gz
CPU time for ModelFinder: 1.381 seconds (0h:0m:1s)
Wall-clock time for ModelFinder: 2.002 seconds (0h:0m:2s)
Generating 1000 samples for ultrafast bootstrap (seed: 442720)...

NOTE: 0 MB RAM (0 GB) is required!
Estimate model parameters (epsilon = 0.100)
1. Initial log-likelihood: -1351.343
Optimal log-likelihood: -1351.343
Rate parameters:  A-C: 1.00000  A-G: 6.08192  A-T: 1.00000  C-G: 1.00000  C-T: 6.08192  G-T: 1.00000
Base frequencies:  A: 0.217  C: 0.329  G: 0.284  T: 0.170
Gamma shape alpha: 0.116
Parameters optimization took 1 rounds (0.001 sec)
Wrote distance file to... 
Computing ML distances based on estimated model parameters...
Calculating distance matrix: done in 0.00051403 secs using 99.8% CPU
Computing ML distances took 0.000556 sec (of wall-clock time) 0.000562 sec (of CPU time)
Setting up auxiliary I and S matrices: done in 5.00679e-05 secs using 95.87% CPU
Computing RapidNJ tree took 0.000147 sec (of wall-clock time) 0.000146 sec (of CPU time)
Log-likelihood of RapidNJ tree: -1351.343
--------------------------------------------------------------------
|             INITIALIZING CANDIDATE TREE SET                      |
--------------------------------------------------------------------
Generating 99 parsimony trees... 0.050 second
Computing log-likelihood of 39 initial trees ... 0.021 seconds
Current best score: -1351.343

Do NNI search on 20 best initial trees
Estimate model parameters (epsilon = 0.100)
BETTER TREE FOUND at iteration 1: -1351.342
Iteration 10 / LogL: -1351.460 / Time: 0h:0m:2s
Iteration 20 / LogL: -1351.375 / Time: 0h:0m:2s
Finish initializing candidate tree set (1)
Current best tree score: -1351.342 / CPU time: 0.151
Number of iterations: 20
--------------------------------------------------------------------
|               OPTIMIZING CANDIDATE TREE SET                      |
--------------------------------------------------------------------
UPDATE BEST LOG-LIKELIHOOD: -1351.342
UPDATE BEST LOG-LIKELIHOOD: -1351.342
Iteration 30 / LogL: -1351.342 / Time: 0h:0m:2s (0h:0m:0s left)
Iteration 40 / LogL: -1351.495 / Time: 0h:0m:2s (0h:0m:0s left)
Iteration 50 / LogL: -1351.495 / Time: 0h:0m:2s (0h:0m:0s left)
Log-likelihood cutoff on original alignment: -1365.324
Iteration 60 / LogL: -1351.342 / Time: 0h:0m:2s (0h:0m:0s left)
Iteration 70 / LogL: -1351.506 / Time: 0h:0m:2s (0h:0m:0s left)
Iteration 80 / LogL: -1351.342 / Time: 0h:0m:2s (0h:0m:0s left)
Iteration 90 / LogL: -1351.364 / Time: 0h:0m:3s (0h:0m:0s left)
Iteration 100 / LogL: -1351.346 / Time: 0h:0m:3s (0h:0m:0s left)
Log-likelihood cutoff on original alignment: -1365.324
NOTE: Bootstrap correlation coefficient of split occurrence frequencies: 0.999
TREE SEARCH COMPLETED AFTER 102 ITERATIONS / Time: 0h:0m:3s

--------------------------------------------------------------------
|                    FINALIZING TREE SEARCH                        |
--------------------------------------------------------------------
Performs final model parameters optimization
Estimate model parameters (epsilon = 0.010)
1. Initial log-likelihood: -1351.342
Optimal log-likelihood: -1351.342
Rate parameters:  A-C: 1.00000  A-G: 6.10265  A-T: 1.00000  C-G: 1.00000  C-T: 6.10265  G-T: 1.00000
Base frequencies:  A: 0.217  C: 0.329  G: 0.284  T: 0.170
Gamma shape alpha: 0.116
Parameters optimization took 1 rounds (0.001 sec)
BEST SCORE FOUND : -1351.342
Creating bootstrap support values...
Split supports printed to NEXUS file per_gene_alignments_codon/LOC101388211_.aln.splits.nex
Total tree length: 0.240

Total number of iterations: 102
CPU time used for tree search: 1.079 sec (0h:0m:1s)
Wall-clock time used for tree search: 1.198 sec (0h:0m:1s)
Total CPU time used: 2.520 sec (0h:0m:2s)
Total wall-clock time used: 3.278 sec (0h:0m:3s)

Computing bootstrap consensus tree...
Reading input file per_gene_alignments_codon/LOC101388211_.aln.splits.nex...
7 taxa and 33 splits.
Consensus tree written to per_gene_alignments_codon/LOC101388211_.aln.contree
Reading input trees file per_gene_alignments_codon/LOC101388211_.aln.contree
Log-likelihood of consensus tree: -1351.344

Analysis results written to: 
  IQ-TREE report:                per_gene_alignments_codon/LOC101388211_.aln.iqtree
  Maximum-likelihood tree:       per_gene_alignments_codon/LOC101388211_.aln.treefile
  Likelihood distances:          per_gene_alignments_codon/LOC101388211_.aln.mldist

Ultrafast bootstrap approximation results written to:
  Split support values:          per_gene_alignments_codon/LOC101388211_.aln.splits.nex
  Consensus tree:                per_gene_alignments_codon/LOC101388211_.aln.contree
  Screen log file:               per_gene_alignments_codon/LOC101388211_.aln.log

Date and Time: Thu Oct 30 21:25:41 2025
