IQ-TREE multicore version 2.3.3 COVID-edition for Linux x86 64-bit built Apr 25 2024
Developed by Bui Quang Minh, James Barbetti, Nguyen Lam Tung, Olga Chernomor,
Heiko Schmidt, Dominik Schrempf, Michael Woodhams, Ly Trong Nhan, Thomas Wong

Host:    morpheus-OptiPlex-5050 (AVX2, FMA3, 503 GB RAM)
Command: iqtree2 -s per_gene_alignments_codon/LOC101406346_.aln.fna -m MFP -T 1 -B 1000 --prefix per_gene_alignments_codon/LOC101406346_.aln
Seed:    172371 (Using SPRNG - Scalable Parallel Random Number Generator)
Time:    Thu Oct 30 21:38:08 2025
Kernel:  AVX+FMA - 1 threads (72 CPU cores detected)

HINT: Use -nt option to specify number of threads because your CPU has 72 cores!
HINT: -nt AUTO will automatically determine the best number of threads to use.

Reading alignment file per_gene_alignments_codon/LOC101406346_.aln.fna ... Fasta format detected
Reading fasta file: done in 0.000732899 secs using 99.74% CPU
Alignment most likely contains DNA/RNA sequences
Alignment has 7 sequences with 2688 columns, 107 distinct patterns
177 parsimony-informative, 281 singleton sites, 2230 constant sites
                     Gap/Ambiguity  Composition  p-value
Analyzing sequences: done in 1.78814e-05 secs using 95.07% CPU
   1  Ceratotherium_simum    0.00%    passed     98.60%
   2  Diceros_bicornis       0.00%    passed     97.08%
   3  Equus_asinus           0.00%    passed     57.57%
   4  Equus_quagga           0.00%    passed     59.34%
   5  Equus_caballus         0.00%    passed     74.29%
   6  Canis_lupus            0.11%    passed     59.91%
   7  Bos_taurus             0.00%    failed      1.08%
****  TOTAL                  0.02%  1 sequences failed composition chi2 test (p-value<5%; df=3)


Create initial parsimony tree by phylogenetic likelihood library (PLL)... 0.000 seconds
Perform fast likelihood tree search using GTR+I+G model...
Estimate model parameters (epsilon = 5.000)
Perform nearest neighbor interchange...
Estimate model parameters (epsilon = 1.000)
1. Initial log-likelihood: -6184.430
Optimal log-likelihood: -6184.421
Rate parameters:  A-C: 1.06930  A-G: 4.98875  A-T: 1.14510  C-G: 0.56037  C-T: 7.29614  G-T: 1.00000
Base frequencies:  A: 0.186  C: 0.340  G: 0.290  T: 0.183
Proportion of invariable sites: 0.409
Gamma shape alpha: 0.813
Parameters optimization took 1 rounds (0.002 sec)
Time for fast ML tree search: 0.093 seconds

NOTE: ModelFinder requires 0 MB RAM!
ModelFinder will test up to 484 DNA models (sample size: 2688) ...
 No. Model         -LnL         df  AIC          AICc         BIC
  1  GTR+F         6222.235     19  12482.470    12482.755    12594.504
  2  GTR+F+I       6185.317     20  12410.634    12410.949    12528.565
  3  GTR+F+G4      6184.667     20  12409.333    12409.648    12527.264
  4  GTR+F+I+G4    6184.417     21  12410.834    12411.181    12534.662
  5  GTR+F+R2      6185.526     21  12413.053    12413.399    12536.880
  6  GTR+F+R3      6184.913     23  12415.827    12416.241    12551.448
 14  GTR+F+I+R2    6184.897     22  12413.794    12414.173    12543.518
 15  GTR+F+I+R3    6184.523     24  12417.047    12417.498    12558.564
 24  SYM+I         6315.793     17  12665.587    12665.816    12765.828
 25  SYM+G4        6314.740     17  12663.480    12663.710    12763.722
 26  SYM+I+G4      6314.374     18  12664.747    12665.004    12770.885
 27  SYM+R2        6316.000     18  12668.000    12668.256    12774.138
 46  TVM+F+I       6188.853     19  12415.705    12415.990    12527.740
 47  TVM+F+G4      6188.574     19  12415.148    12415.433    12527.182
 48  TVM+F+I+G4    6188.509     20  12417.018    12417.333    12534.949
 49  TVM+F+R2      6189.172     20  12418.344    12418.659    12536.275
 68  TVMe+I        6319.950     16  12671.900    12672.104    12766.245
 69  TVMe+G4       6319.274     16  12670.548    12670.752    12764.893
 70  TVMe+I+G4     6318.997     17  12671.994    12672.223    12772.235
 71  TVMe+R2       6320.203     17  12674.405    12674.634    12774.647
 90  TIM3+F+I      6188.076     18  12412.152    12412.408    12518.290
 91  TIM3+F+G4     6187.356     18  12410.711    12410.968    12516.849
 92  TIM3+F+I+G4   6187.042     19  12412.083    12412.368    12524.118
 93  TIM3+F+R2     6188.376     19  12414.751    12415.036    12526.786
112  TIM3e+I       6316.173     15  12662.345    12662.525    12750.794
113  TIM3e+G4      6315.119     15  12660.238    12660.418    12748.686
114  TIM3e+I+G4    6314.748     16  12661.495    12661.699    12755.840
115  TIM3e+R2      6316.399     16  12664.798    12665.002    12759.143
134  TIM2+F+I      6186.825     18  12409.650    12409.906    12515.788
135  TIM2+F+G4     6186.184     18  12408.368    12408.624    12514.506
136  TIM2+F+I+G4   6185.922     19  12409.843    12410.128    12521.878
137  TIM2+F+R2     6187.062     19  12412.123    12412.408    12524.158
156  TIM2e+I       6316.296     15  12662.592    12662.771    12751.040
157  TIM2e+G4      6315.288     15  12660.576    12660.756    12749.024
158  TIM2e+I+G4    6314.939     16  12661.878    12662.081    12756.223
159  TIM2e+R2      6316.514     16  12665.028    12665.231    12759.373
178  TIM+F+I       6187.271     18  12410.542    12410.798    12516.680
179  TIM+F+G4      6186.513     18  12409.026    12409.283    12515.164
180  TIM+F+I+G4    6186.183     19  12410.366    12410.651    12522.401
181  TIM+F+R2      6187.496     19  12412.993    12413.277    12525.027
200  TIMe+I        6316.002     15  12662.005    12662.184    12750.453
201  TIMe+G4       6314.998     15  12659.996    12660.176    12748.444
202  TIMe+I+G4     6314.663     16  12661.326    12661.530    12755.671
203  TIMe+R2       6316.223     16  12664.445    12664.649    12758.790
222  TPM3u+F+I     6191.745     17  12417.491    12417.720    12517.732
223  TPM3u+F+G4    6191.366     17  12416.731    12416.960    12516.973
224  TPM3u+F+I+G4  6191.235     18  12418.469    12418.726    12524.607
225  TPM3u+F+R2    6192.054     18  12420.108    12420.365    12526.246
244  TPM3+I        6320.334     14  12668.669    12668.826    12751.220
245  TPM3+G4       6319.649     14  12667.299    12667.456    12749.851
246  TPM3+I+G4     6319.367     15  12668.735    12668.914    12757.183
247  TPM3+R2       6320.593     15  12671.187    12671.366    12759.635
266  TPM2u+F+I     6190.335     17  12414.669    12414.899    12514.911
267  TPM2u+F+G4    6190.038     17  12414.077    12414.306    12514.318
268  TPM2u+F+I+G4  6189.957     18  12415.914    12416.170    12522.052
269  TPM2u+F+R2    6190.670     18  12417.339    12417.596    12523.477
288  TPM2+I        6320.435     14  12668.870    12669.027    12751.421
289  TPM2+G4       6319.785     14  12667.569    12667.726    12750.121
290  TPM2+I+G4     6319.532     15  12669.064    12669.243    12757.512
291  TPM2+R2       6320.695     15  12671.391    12671.570    12759.839
310  K3Pu+F+I      6190.839     17  12415.678    12415.908    12515.920
311  K3Pu+F+G4     6190.426     17  12414.853    12415.082    12515.094
312  K3Pu+F+I+G4   6190.274     18  12416.549    12416.805    12522.687
313  K3Pu+F+R2     6191.155     18  12418.310    12418.567    12524.448
332  K3P+I         6320.115     14  12668.230    12668.387    12750.781
333  K3P+G4        6319.483     14  12666.966    12667.123    12749.517
334  K3P+I+G4      6319.225     15  12668.451    12668.630    12756.899
335  K3P+R2        6320.383     15  12670.766    12670.946    12759.214
354  TN+F+I        6189.087     17  12412.174    12412.403    12512.415
355  TN+F+G4       6188.338     17  12410.676    12410.905    12510.917
356  TN+F+I+G4     6188.006     18  12412.013    12412.269    12518.150
357  TN+F+R2       6189.293     18  12414.586    12414.843    12520.724
376  TNe+I         6316.335     14  12660.671    12660.828    12743.223
377  TNe+G4        6315.319     14  12658.638    12658.795    12741.189
378  TNe+I+G4      6314.970     15  12659.941    12660.120    12748.389
379  TNe+R2        6316.555     15  12663.110    12663.290    12751.559
398  HKY+F+I       6192.700     16  12417.400    12417.604    12511.745
399  HKY+F+G4      6192.297     16  12416.594    12416.798    12510.939
400  HKY+F+I+G4    6192.138     17  12418.275    12418.504    12518.517
401  HKY+F+R2      6193.023     17  12420.047    12420.276    12520.288
420  K2P+I         6320.464     13  12666.929    12667.065    12743.584
421  K2P+G4        6319.815     13  12665.631    12665.767    12742.286
422  K2P+I+G4      6319.554     14  12667.108    12667.265    12749.660
423  K2P+R2        6320.728     14  12669.457    12669.614    12752.008
442  F81+F+I       6385.558     15  12801.116    12801.296    12889.564
443  F81+F+G4      6385.240     15  12800.481    12800.660    12888.929
444  F81+F+I+G4    6385.233     16  12802.465    12802.669    12896.810
445  F81+F+R2      6385.914     16  12803.828    12804.032    12898.173
464  JC+I          6493.164     12  13010.328    13010.445    13081.087
465  JC+G4         6492.686     12  13009.372    13009.489    13080.131
466  JC+I+G4       6492.693     13  13011.385    13011.521    13088.040
467  JC+R2         6493.424     13  13012.849    13012.985    13089.504
Akaike Information Criterion:           TIM2+F+G4
Corrected Akaike Information Criterion: TIM2+F+G4
Bayesian Information Criterion:         TN+F+G4
Best-fit model: TN+F+G4 chosen according to BIC

All model information printed to per_gene_alignments_codon/LOC101406346_.aln.model.gz
CPU time for ModelFinder: 1.547 seconds (0h:0m:1s)
Wall-clock time for ModelFinder: 1.962 seconds (0h:0m:1s)
Generating 1000 samples for ultrafast bootstrap (seed: 172371)...

NOTE: 0 MB RAM (0 GB) is required!
Estimate model parameters (epsilon = 0.100)
1. Initial log-likelihood: -6188.338
Optimal log-likelihood: -6188.338
Rate parameters:  A-C: 1.00000  A-G: 5.74216  A-T: 1.00000  C-G: 1.00000  C-T: 8.42674  G-T: 1.00000
Base frequencies:  A: 0.186  C: 0.340  G: 0.290  T: 0.183
Gamma shape alpha: 0.254
Parameters optimization took 1 rounds (0.002 sec)
Wrote distance file to... 
Computing ML distances based on estimated model parameters...
Calculating distance matrix: done in 0.000691891 secs using 99.87% CPU
Computing ML distances took 0.000758 sec (of wall-clock time) 0.000765 sec (of CPU time)
Setting up auxiliary I and S matrices: done in 4.29153e-05 secs using 97.87% CPU
Computing RapidNJ tree took 0.000129 sec (of wall-clock time) 0.000128 sec (of CPU time)
Log-likelihood of RapidNJ tree: -6188.338
--------------------------------------------------------------------
|             INITIALIZING CANDIDATE TREE SET                      |
--------------------------------------------------------------------
Generating 99 parsimony trees... 0.068 second
Computing log-likelihood of 36 initial trees ... 0.019 seconds
Current best score: -6188.338

Do NNI search on 20 best initial trees
Estimate model parameters (epsilon = 0.100)
BETTER TREE FOUND at iteration 1: -6188.337
Iteration 10 / LogL: -6188.581 / Time: 0h:0m:2s
Iteration 20 / LogL: -6188.494 / Time: 0h:0m:2s
Finish initializing candidate tree set (1)
Current best tree score: -6188.337 / CPU time: 0.240
Number of iterations: 20
--------------------------------------------------------------------
|               OPTIMIZING CANDIDATE TREE SET                      |
--------------------------------------------------------------------
UPDATE BEST LOG-LIKELIHOOD: -6188.337
Iteration 30 / LogL: -6188.405 / Time: 0h:0m:2s (0h:0m:0s left)
UPDATE BEST LOG-LIKELIHOOD: -6188.337
Iteration 40 / LogL: -6188.337 / Time: 0h:0m:2s (0h:0m:0s left)
Iteration 50 / LogL: -6189.051 / Time: 0h:0m:2s (0h:0m:0s left)
Log-likelihood cutoff on original alignment: -6215.665
Iteration 60 / LogL: -6188.350 / Time: 0h:0m:2s (0h:0m:0s left)
Iteration 70 / LogL: -6188.337 / Time: 0h:0m:3s (0h:0m:0s left)
Iteration 80 / LogL: -6188.802 / Time: 0h:0m:3s (0h:0m:0s left)
Iteration 90 / LogL: -6188.411 / Time: 0h:0m:3s (0h:0m:0s left)
Iteration 100 / LogL: -6188.896 / Time: 0h:0m:3s (0h:0m:0s left)
Log-likelihood cutoff on original alignment: -6210.705
NOTE: Bootstrap correlation coefficient of split occurrence frequencies: 1.000
TREE SEARCH COMPLETED AFTER 102 ITERATIONS / Time: 0h:0m:3s

--------------------------------------------------------------------
|                    FINALIZING TREE SEARCH                        |
--------------------------------------------------------------------
Performs final model parameters optimization
Estimate model parameters (epsilon = 0.010)
1. Initial log-likelihood: -6188.337
Optimal log-likelihood: -6188.337
Rate parameters:  A-C: 1.00000  A-G: 5.73827  A-T: 1.00000  C-G: 1.00000  C-T: 8.41977  G-T: 1.00000
Base frequencies:  A: 0.186  C: 0.340  G: 0.290  T: 0.183
Gamma shape alpha: 0.254
Parameters optimization took 1 rounds (0.002 sec)
BEST SCORE FOUND : -6188.337
Creating bootstrap support values...
Split supports printed to NEXUS file per_gene_alignments_codon/LOC101406346_.aln.splits.nex
Total tree length: 0.260

Total number of iterations: 102
CPU time used for tree search: 1.289 sec (0h:0m:1s)
Wall-clock time used for tree search: 1.759 sec (0h:0m:1s)
Total CPU time used: 2.916 sec (0h:0m:2s)
Total wall-clock time used: 3.830 sec (0h:0m:3s)

Computing bootstrap consensus tree...
Reading input file per_gene_alignments_codon/LOC101406346_.aln.splits.nex...
7 taxa and 14 splits.
Consensus tree written to per_gene_alignments_codon/LOC101406346_.aln.contree
Reading input trees file per_gene_alignments_codon/LOC101406346_.aln.contree
Log-likelihood of consensus tree: -6188.338

Analysis results written to: 
  IQ-TREE report:                per_gene_alignments_codon/LOC101406346_.aln.iqtree
  Maximum-likelihood tree:       per_gene_alignments_codon/LOC101406346_.aln.treefile
  Likelihood distances:          per_gene_alignments_codon/LOC101406346_.aln.mldist

Ultrafast bootstrap approximation results written to:
  Split support values:          per_gene_alignments_codon/LOC101406346_.aln.splits.nex
  Consensus tree:                per_gene_alignments_codon/LOC101406346_.aln.contree
  Screen log file:               per_gene_alignments_codon/LOC101406346_.aln.log

Date and Time: Thu Oct 30 21:38:12 2025
