IQ-TREE multicore version 2.3.3 COVID-edition for Linux x86 64-bit built Apr 25 2024
Developed by Bui Quang Minh, James Barbetti, Nguyen Lam Tung, Olga Chernomor,
Heiko Schmidt, Dominik Schrempf, Michael Woodhams, Ly Trong Nhan, Thomas Wong

Host:    morpheus-OptiPlex-5050 (AVX2, FMA3, 503 GB RAM)
Command: iqtree2 -s per_gene_alignments_codon/LOC101388403_.aln.fna -m MFP -T 1 -B 1000 --prefix per_gene_alignments_codon/LOC101388403_.aln
Seed:    293641 (Using SPRNG - Scalable Parallel Random Number Generator)
Time:    Thu Oct 30 21:25:45 2025
Kernel:  AVX+FMA - 1 threads (72 CPU cores detected)

HINT: Use -nt option to specify number of threads because your CPU has 72 cores!
HINT: -nt AUTO will automatically determine the best number of threads to use.

Reading alignment file per_gene_alignments_codon/LOC101388403_.aln.fna ... Fasta format detected
Reading fasta file: done in 0.00012517 secs
Alignment most likely contains DNA/RNA sequences
Alignment has 7 sequences with 234 columns, 27 distinct patterns
12 parsimony-informative, 18 singleton sites, 204 constant sites
                     Gap/Ambiguity  Composition  p-value
Analyzing sequences: done in 1.09673e-05 secs
   1  Ceratotherium_simum    0.00%    passed     98.09%
   2  Diceros_bicornis       0.00%    passed     98.01%
   3  Equus_asinus           0.00%    passed     99.87%
   4  Equus_quagga           0.00%    passed     99.87%
   5  Equus_caballus         0.00%    passed     99.53%
   6  Canis_lupus            0.00%    passed     97.95%
   7  Bos_taurus             0.00%    passed     88.36%
****  TOTAL                  0.00%  0 sequences failed composition chi2 test (p-value<5%; df=3)
NOTE: Equus_quagga is identical to Equus_asinus but kept for subsequent analysis


Create initial parsimony tree by phylogenetic likelihood library (PLL)... 0.000 seconds
Perform fast likelihood tree search using GTR+I+G model...
Estimate model parameters (epsilon = 5.000)
Perform nearest neighbor interchange...
Estimate model parameters (epsilon = 1.000)
1. Initial log-likelihood: -498.707
Optimal log-likelihood: -498.698
Rate parameters:  A-C: 2.34966  A-G: 2.20651  A-T: 0.61876  C-G: 1.14021  C-T: 4.12154  G-T: 1.00000
Base frequencies:  A: 0.232  C: 0.199  G: 0.294  T: 0.275
Proportion of invariable sites: 0.427
Gamma shape alpha: 998.444
Parameters optimization took 1 rounds (0.001 sec)
Time for fast ML tree search: 0.008 seconds

NOTE: ModelFinder requires 0 MB RAM!
ModelFinder will test up to 484 DNA models (sample size: 234) ...
 No. Model         -LnL         df  AIC          AICc         BIC
  1  GTR+F         498.174      19  1034.348     1037.899     1099.999
  2  GTR+F+I       498.174      20  1036.348     1040.292     1105.455
  3  GTR+F+G4      498.174      20  1036.349     1040.293     1105.455
  4  GTR+F+I+G4    498.689      21  1039.378     1043.736     1111.939
  5  GTR+F+R2      498.414      21  1038.828     1043.187     1111.390
  6  GTR+F+R3      498.395      23  1042.790     1048.048     1122.263
 14  GTR+F+I+R2    498.733      22  1041.466     1046.262     1117.483
 15  GTR+F+I+R3    498.706      24  1045.412     1051.154     1128.340
 23  SYM           500.524      16  1033.047     1035.554     1088.332
 24  SYM+I         500.523      17  1035.047     1037.880     1093.787
 25  SYM+G4        500.524      17  1035.047     1037.881     1093.788
 45  TVM+F         498.916      18  1033.832     1037.013     1096.028
 46  TVM+F+I       498.917      19  1035.835     1039.386     1101.486
 47  TVM+F+G4      498.917      19  1035.835     1039.386     1101.486
 67  TVMe          501.000      15  1032.000     1034.202     1083.830
 68  TVMe+I        501.000      16  1034.000     1036.507     1089.286
 69  TVMe+G4       501.001      16  1034.001     1036.508     1089.286
 89  TIM3+F        498.822      17  1031.645     1034.478     1090.385
 90  TIM3+F+I      498.822      18  1033.645     1036.826     1095.841
 91  TIM3+F+G4     498.823      18  1033.647     1036.828     1095.843
111  TIM3e         501.125      14  1030.250     1032.168     1078.624
112  TIM3e+I       501.125      15  1032.250     1034.452     1084.080
113  TIM3e+G4      501.125      15  1032.250     1034.452     1084.080
133  TIM2+F        499.414      17  1032.827     1035.661     1091.568
134  TIM2+F+I      499.414      18  1034.827     1038.009     1097.023
135  TIM2+F+G4     499.414      18  1034.828     1038.010     1097.024
155  TIM2e         501.466      14  1030.931     1032.849     1079.306
156  TIM2e+I       501.465      15  1032.931     1035.133     1084.761
157  TIM2e+G4      501.466      15  1032.932     1035.134     1084.762
177  TIM+F         499.019      17  1032.038     1034.872     1090.779
178  TIM+F+I       499.019      18  1034.039     1037.220     1096.235
179  TIM+F+G4      499.020      18  1034.039     1037.221     1096.235
199  TIMe          500.936      14  1029.873     1031.790     1078.247
200  TIMe+I        500.937      15  1031.873     1034.075     1083.703
201  TIMe+G4       500.937      15  1031.873     1034.075     1083.703
221  TPM3u+F       499.565      16  1031.131     1033.638     1086.416
222  TPM3u+F+I     499.565      17  1033.131     1035.964     1091.871
223  TPM3u+F+G4    499.566      17  1033.131     1035.965     1091.872
243  TPM3          501.602      13  1029.205     1030.859     1074.124
244  TPM3+I        501.602      14  1031.205     1033.123     1079.579
245  TPM3+G4       501.603      14  1031.205     1033.123     1079.580
265  TPM2u+F       500.154      16  1032.309     1034.816     1087.594
266  TPM2u+F+I     500.155      17  1034.309     1037.142     1093.049
267  TPM2u+F+G4    500.155      17  1034.310     1037.143     1093.050
287  TPM2          501.940      13  1029.880     1031.535     1074.800
288  TPM2+I        501.940      14  1031.881     1033.799     1080.255
289  TPM2+G4       501.941      14  1031.881     1033.799     1080.256
309  K3Pu+F        499.760      16  1031.520     1034.027     1086.805
310  K3Pu+F+I      499.760      17  1033.521     1036.354     1092.261
311  K3Pu+F+G4     499.761      17  1033.521     1036.355     1092.262
331  K3P           501.411      13  1028.822     1030.477     1073.741
332  K3P+I         501.411      14  1030.822     1032.740     1079.197
333  K3P+G4        501.412      14  1030.823     1032.741     1079.198
353  TN+F          499.500      16  1031.000     1033.507     1086.286
354  TN+F+I        499.500      17  1033.000     1035.834     1091.741
355  TN+F+G4       499.501      17  1033.001     1035.834     1091.742
375  TNe           501.487      13  1028.974     1030.629     1073.894
376  TNe+I         501.487      14  1030.974     1032.892     1079.349
377  TNe+G4        501.488      14  1030.975     1032.893     1079.350
397  HKY+F         500.241      15  1030.482     1032.684     1082.312
398  HKY+F+I       500.241      16  1032.482     1034.989     1087.767
399  HKY+F+G4      500.242      16  1032.483     1034.990     1087.768
419  K2P           501.962      12  1027.924     1029.336     1069.388
420  K2P+I         501.962      13  1029.925     1031.579     1074.844
421  K2P+G4        501.963      13  1029.925     1031.580     1074.844
441  F81+F         503.387      14  1034.773     1036.691     1083.148
442  F81+F+I       503.387      15  1036.773     1038.975     1088.603
443  F81+F+G4      503.387      15  1036.774     1038.976     1088.604
463  JC            505.017      11  1032.034     1033.223     1070.042
464  JC+I          505.017      12  1034.034     1035.446     1075.498
465  JC+G4         505.017      12  1034.035     1035.446     1075.498
Akaike Information Criterion:           K2P
Corrected Akaike Information Criterion: K2P
Bayesian Information Criterion:         K2P
Best-fit model: K2P chosen according to BIC

All model information printed to per_gene_alignments_codon/LOC101388403_.aln.model.gz
CPU time for ModelFinder: 0.168 seconds (0h:0m:0s)
Wall-clock time for ModelFinder: 0.633 seconds (0h:0m:0s)
Generating 1000 samples for ultrafast bootstrap (seed: 293641)...

NOTE: 0 MB RAM (0 GB) is required!
Estimate model parameters (epsilon = 0.100)
1. Initial log-likelihood: -501.962
Optimal log-likelihood: -501.962
Rate parameters:  A-C: 1.00000  A-G: 2.48003  A-T: 1.00000  C-G: 1.00000  C-T: 2.48003  G-T: 1.00000
Base frequencies:  A: 0.250  C: 0.250  G: 0.250  T: 0.250
Parameters optimization took 1 rounds (0.000 sec)
Wrote distance file to... 
Computing ML distances based on estimated model parameters...
Calculating distance matrix: done in 0.000198841 secs using 99.58% CPU
Computing ML distances took 0.000240 sec (of wall-clock time) 0.000245 sec (of CPU time)
Setting up auxiliary I and S matrices: done in 4.3869e-05 secs using 207.4% CPU
Computing RapidNJ tree took 0.000136 sec (of wall-clock time) 0.000272 sec (of CPU time)
Log-likelihood of RapidNJ tree: -501.962
--------------------------------------------------------------------
|             INITIALIZING CANDIDATE TREE SET                      |
--------------------------------------------------------------------
Generating 99 parsimony trees... 0.101 second
Computing log-likelihood of 34 initial trees ... 0.019 seconds
Current best score: -501.962

Do NNI search on 20 best initial trees
Estimate model parameters (epsilon = 0.100)
BETTER TREE FOUND at iteration 1: -501.962
UPDATE BEST LOG-LIKELIHOOD: -501.962
Iteration 10 / LogL: -501.963 / Time: 0h:0m:0s
UPDATE BEST LOG-LIKELIHOOD: -501.962
Iteration 20 / LogL: -501.963 / Time: 0h:0m:0s
Finish initializing candidate tree set (1)
Current best tree score: -501.962 / CPU time: 0.258
Number of iterations: 20
--------------------------------------------------------------------
|               OPTIMIZING CANDIDATE TREE SET                      |
--------------------------------------------------------------------
Iteration 30 / LogL: -501.962 / Time: 0h:0m:1s (0h:0m:1s left)
UPDATE BEST LOG-LIKELIHOOD: -501.962
Iteration 40 / LogL: -501.964 / Time: 0h:0m:1s (0h:0m:1s left)
Iteration 50 / LogL: -501.962 / Time: 0h:0m:1s (0h:0m:0s left)
Log-likelihood cutoff on original alignment: -528.633
Iteration 60 / LogL: -501.962 / Time: 0h:0m:1s (0h:0m:0s left)
Iteration 70 / LogL: -501.962 / Time: 0h:0m:1s (0h:0m:0s left)
Iteration 80 / LogL: -501.962 / Time: 0h:0m:2s (0h:0m:0s left)
Iteration 90 / LogL: -501.962 / Time: 0h:0m:2s (0h:0m:0s left)
Iteration 100 / LogL: -501.962 / Time: 0h:0m:2s (0h:0m:0s left)
Log-likelihood cutoff on original alignment: -529.371
NOTE: Bootstrap correlation coefficient of split occurrence frequencies: 1.000
TREE SEARCH COMPLETED AFTER 102 ITERATIONS / Time: 0h:0m:2s

--------------------------------------------------------------------
|                    FINALIZING TREE SEARCH                        |
--------------------------------------------------------------------
Performs final model parameters optimization
Estimate model parameters (epsilon = 0.010)
1. Initial log-likelihood: -501.962
Optimal log-likelihood: -501.962
Rate parameters:  A-C: 1.00000  A-G: 2.48046  A-T: 1.00000  C-G: 1.00000  C-T: 2.48046  G-T: 1.00000
Base frequencies:  A: 0.250  C: 0.250  G: 0.250  T: 0.250
Parameters optimization took 1 rounds (0.000 sec)
BEST SCORE FOUND : -501.962
Creating bootstrap support values...
Split supports printed to NEXUS file per_gene_alignments_codon/LOC101388403_.aln.splits.nex
Total tree length: 0.136

Total number of iterations: 102
CPU time used for tree search: 0.854 sec (0h:0m:0s)
Wall-clock time used for tree search: 1.787 sec (0h:0m:1s)
Total CPU time used: 1.070 sec (0h:0m:1s)
Total wall-clock time used: 2.525 sec (0h:0m:2s)

Computing bootstrap consensus tree...
Reading input file per_gene_alignments_codon/LOC101388403_.aln.splits.nex...
7 taxa and 30 splits.
Consensus tree written to per_gene_alignments_codon/LOC101388403_.aln.contree
Reading input trees file per_gene_alignments_codon/LOC101388403_.aln.contree
Log-likelihood of consensus tree: -501.963

Analysis results written to: 
  IQ-TREE report:                per_gene_alignments_codon/LOC101388403_.aln.iqtree
  Maximum-likelihood tree:       per_gene_alignments_codon/LOC101388403_.aln.treefile
  Likelihood distances:          per_gene_alignments_codon/LOC101388403_.aln.mldist

Ultrafast bootstrap approximation results written to:
  Split support values:          per_gene_alignments_codon/LOC101388403_.aln.splits.nex
  Consensus tree:                per_gene_alignments_codon/LOC101388403_.aln.contree
  Screen log file:               per_gene_alignments_codon/LOC101388403_.aln.log

Date and Time: Thu Oct 30 21:25:48 2025
