IQ-TREE multicore version 2.3.3 COVID-edition for Linux x86 64-bit built Apr 25 2024
Developed by Bui Quang Minh, James Barbetti, Nguyen Lam Tung, Olga Chernomor,
Heiko Schmidt, Dominik Schrempf, Michael Woodhams, Ly Trong Nhan, Thomas Wong

Host:    morpheus-OptiPlex-5050 (AVX2, FMA3, 503 GB RAM)
Command: iqtree2 -s per_gene_alignments_codon/LOC101391652_.aln.fna -m MFP -T 1 -B 1000 --prefix per_gene_alignments_codon/LOC101391652_.aln
Seed:    611114 (Using SPRNG - Scalable Parallel Random Number Generator)
Time:    Thu Oct 30 21:28:05 2025
Kernel:  AVX+FMA - 1 threads (72 CPU cores detected)

HINT: Use -nt option to specify number of threads because your CPU has 72 cores!
HINT: -nt AUTO will automatically determine the best number of threads to use.

Reading alignment file per_gene_alignments_codon/LOC101391652_.aln.fna ... Fasta format detected
Reading fasta file: done in 0.000482082 secs using 49.78% CPU
Alignment most likely contains DNA/RNA sequences
Alignment has 7 sequences with 1692 columns, 101 distinct patterns
107 parsimony-informative, 131 singleton sites, 1454 constant sites
                     Gap/Ambiguity  Composition  p-value
Analyzing sequences: done in 2.00272e-05 secs using 94.87% CPU
   1  Ceratotherium_simum    0.00%    passed     98.24%
   2  Diceros_bicornis       0.00%    passed     98.39%
   3  Equus_asinus           0.00%    passed     97.81%
   4  Equus_quagga           0.00%    passed     98.25%
   5  Equus_caballus         0.00%    passed     96.12%
   6  Canis_lupus            0.00%    passed     96.09%
   7  Bos_taurus             0.00%    passed     65.70%
****  TOTAL                  0.00%  0 sequences failed composition chi2 test (p-value<5%; df=3)


Create initial parsimony tree by phylogenetic likelihood library (PLL)... 0.000 seconds
Perform fast likelihood tree search using GTR+I+G model...
Estimate model parameters (epsilon = 5.000)
Perform nearest neighbor interchange...
Estimate model parameters (epsilon = 1.000)
1. Initial log-likelihood: -3807.095
Optimal log-likelihood: -3807.078
Rate parameters:  A-C: 1.64353  A-G: 7.29173  A-T: 0.29665  C-G: 2.17861  C-T: 15.86407  G-T: 1.00000
Base frequencies:  A: 0.201  C: 0.308  G: 0.319  T: 0.172
Proportion of invariable sites: 0.421
Gamma shape alpha: 0.322
Parameters optimization took 1 rounds (0.002 sec)
Time for fast ML tree search: 0.104 seconds

NOTE: ModelFinder requires 0 MB RAM!
ModelFinder will test up to 484 DNA models (sample size: 1692) ...
 No. Model         -LnL         df  AIC          AICc         BIC
  1  GTR+F         3856.829     19  7751.657     7752.112     7854.897
  2  GTR+F+I       3806.834     20  7653.669     7654.171     7762.342
  3  GTR+F+G4      3806.956     20  7653.913     7654.416     7762.586
  4  GTR+F+I+G4    3807.074     21  7656.149     7656.702     7770.256
  5  GTR+F+R2      3806.914     21  7655.828     7656.382     7769.935
  6  GTR+F+R3      3806.861     23  7659.722     7660.383     7784.696
 14  GTR+F+I+R2    3806.952     22  7657.904     7658.511     7777.445
 15  GTR+F+I+R3    3807.000     24  7662.000     7662.720     7792.408
 24  SYM+I         3870.743     17  7775.486     7775.852     7867.858
 25  SYM+G4        3870.642     17  7775.283     7775.649     7867.656
 26  SYM+I+G4      3870.382     18  7776.763     7777.172     7874.569
 27  SYM+R2        3870.908     18  7777.815     7778.224     7875.621
 46  TVM+F+I       3814.270     19  7666.539     7666.994     7769.779
 47  TVM+F+G4      3814.549     19  7667.098     7667.552     7770.337
 48  TVM+F+I+G4    3814.677     20  7669.353     7669.856     7778.027
 49  TVM+F+R2      3814.372     20  7668.745     7669.248     7777.418
 68  TVMe+I        3874.716     16  7781.431     7781.756     7868.370
 69  TVMe+G4       3874.706     16  7781.413     7781.738     7868.352
 70  TVMe+I+G4     3874.711     17  7783.421     7783.787     7875.793
 71  TVMe+R2       3874.842     17  7783.684     7784.050     7876.057
 90  TIM3+F+I      3807.994     18  7651.988     7652.397     7749.794
 91  TIM3+F+G4     3808.160     18  7652.320     7652.729     7750.126
 92  TIM3+F+I+G4   3808.129     19  7654.257     7654.712     7757.497
 93  TIM3+F+R2     3808.134     19  7654.269     7654.723     7757.509
112  TIM3e+I       3874.866     15  7779.733     7780.019     7861.238
113  TIM3e+G4      3874.734     15  7779.467     7779.754     7860.972
114  TIM3e+I+G4    3874.305     16  7780.611     7780.936     7867.550
115  TIM3e+R2      3875.026     16  7782.051     7782.376     7868.990
134  TIM2+F+I      3809.691     18  7655.382     7655.791     7753.188
135  TIM2+F+G4     3809.881     18  7655.761     7656.170     7753.567
136  TIM2+F+I+G4   3810.146     19  7658.293     7658.747     7761.532
137  TIM2+F+R2     3809.799     19  7657.599     7658.053     7760.838
156  TIM2e+I       3879.569     15  7789.137     7789.424     7870.642
157  TIM2e+G4      3879.560     15  7789.120     7789.406     7870.625
158  TIM2e+I+G4    3879.648     16  7791.296     7791.621     7878.235
159  TIM2e+R2      3879.757     16  7791.513     7791.838     7878.452
178  TIM+F+I       3810.153     18  7656.306     7656.715     7754.112
179  TIM+F+G4      3810.383     18  7656.766     7657.174     7754.572
180  TIM+F+I+G4    3810.500     19  7659.001     7659.455     7762.241
181  TIM+F+R2      3810.264     19  7658.528     7658.982     7761.767
200  TIMe+I        3881.537     15  7793.073     7793.360     7874.578
201  TIMe+G4       3881.510     15  7793.019     7793.306     7874.524
202  TIMe+I+G4     3881.461     16  7794.923     7795.247     7881.861
203  TIMe+R2       3881.657     16  7795.315     7795.639     7882.253
222  TPM3u+F+I     3815.243     17  7664.486     7664.852     7756.858
223  TPM3u+F+G4    3815.578     17  7665.155     7665.521     7757.527
224  TPM3u+F+I+G4  3815.492     18  7666.983     7667.392     7764.789
225  TPM3u+F+R2    3815.335     18  7666.671     7667.080     7764.477
244  TPM3+I        3878.852     14  7785.704     7785.955     7861.776
245  TPM3+G4       3878.816     14  7785.633     7785.883     7861.704
246  TPM3+I+G4     3878.702     15  7787.404     7787.691     7868.909
247  TPM3+R2       3878.974     15  7787.948     7788.234     7869.453
266  TPM2u+F+I     3817.282     17  7668.564     7668.930     7760.937
267  TPM2u+F+G4    3817.676     17  7669.351     7669.717     7761.723
268  TPM2u+F+I+G4  3817.848     18  7671.696     7672.105     7769.502
269  TPM2u+F+R2    3817.412     18  7670.823     7671.232     7768.629
288  TPM2+I        3883.202     14  7794.404     7794.654     7870.475
289  TPM2+G4       3883.209     14  7794.419     7794.669     7870.490
290  TPM2+I+G4     3883.552     15  7797.104     7797.390     7878.609
291  TPM2+R2       3883.329     15  7796.658     7796.945     7878.163
310  K3Pu+F+I      3817.563     17  7669.127     7669.492     7761.499
311  K3Pu+F+G4     3818.002     17  7670.004     7670.370     7762.376
312  K3Pu+F+I+G4   3818.030     18  7672.060     7672.469     7769.866
313  K3Pu+F+R2     3817.636     18  7671.272     7671.681     7769.078
332  K3P+I         3885.181     14  7798.361     7798.612     7874.433
333  K3P+G4        3885.187     14  7798.373     7798.623     7874.444
334  K3P+I+G4      3885.379     15  7800.758     7801.044     7882.263
335  K3P+R2        3885.314     15  7800.627     7800.914     7882.132
354  TN+F+I        3810.630     17  7655.260     7655.626     7747.632
355  TN+F+G4       3810.858     17  7655.716     7656.082     7748.089
356  TN+F+I+G4     3811.000     18  7658.000     7658.409     7755.806
357  TN+F+R2       3810.733     18  7657.466     7657.875     7755.272
376  TNe+I         3883.231     14  7794.461     7794.712     7870.533
377  TNe+G4        3883.206     14  7794.413     7794.663     7870.484
378  TNe+I+G4      3883.174     15  7796.349     7796.635     7877.854
379  TNe+R2        3883.346     15  7796.693     7796.979     7878.198
398  HKY+F+I       3818.042     16  7668.085     7668.410     7755.023
399  HKY+F+G4      3818.487     16  7668.974     7669.299     7755.913
400  HKY+F+I+G4    3818.497     17  7670.995     7671.360     7763.367
401  HKY+F+R2      3818.153     17  7670.306     7670.672     7762.679
420  K2P+I         3886.896     13  7799.793     7800.010     7870.431
421  K2P+G4        3886.899     13  7799.797     7800.014     7870.435
422  K2P+I+G4      3887.110     14  7802.220     7802.471     7878.291
423  K2P+R2        3887.022     14  7802.044     7802.294     7878.115
442  F81+F+I       3922.247     15  7874.493     7874.780     7955.998
443  F81+F+G4      3922.358     15  7874.716     7875.003     7956.221
444  F81+F+I+G4    3922.848     16  7877.697     7878.022     7964.636
445  F81+F+R2      3922.468     16  7876.937     7877.261     7963.875
464  JC+I          3976.773     12  7977.546     7977.732     8042.750
465  JC+G4         3976.891     12  7977.781     7977.967     8042.985
466  JC+I+G4       3977.267     13  7980.535     7980.752     8051.172
467  JC+R2         3977.005     13  7980.010     7980.227     8050.648
Akaike Information Criterion:           TIM3+F+I
Corrected Akaike Information Criterion: TIM3+F+I
Bayesian Information Criterion:         TN+F+I
Best-fit model: TN+F+I chosen according to BIC

All model information printed to per_gene_alignments_codon/LOC101391652_.aln.model.gz
CPU time for ModelFinder: 1.675 seconds (0h:0m:1s)
Wall-clock time for ModelFinder: 4.041 seconds (0h:0m:4s)
Generating 1000 samples for ultrafast bootstrap (seed: 611114)...

NOTE: 0 MB RAM (0 GB) is required!
Estimate model parameters (epsilon = 0.100)
1. Initial log-likelihood: -3810.630
Optimal log-likelihood: -3810.629
Rate parameters:  A-C: 1.00000  A-G: 4.74440  A-T: 1.00000  C-G: 1.00000  C-T: 10.37909  G-T: 1.00000
Base frequencies:  A: 0.201  C: 0.308  G: 0.319  T: 0.172
Proportion of invariable sites: 0.766
Parameters optimization took 1 rounds (0.001 sec)
Wrote distance file to... 
Computing ML distances based on estimated model parameters...
Calculating distance matrix: done in 0.000163078 secs using 99.34% CPU
Computing ML distances took 0.000209 sec (of wall-clock time) 0.000215 sec (of CPU time)
Setting up auxiliary I and S matrices: done in 4.19617e-05 secs using 97.71% CPU
Computing RapidNJ tree took 0.000124 sec (of wall-clock time) 0.000124 sec (of CPU time)
Log-likelihood of RapidNJ tree: -3810.629
--------------------------------------------------------------------
|             INITIALIZING CANDIDATE TREE SET                      |
--------------------------------------------------------------------
Generating 99 parsimony trees... 0.104 second
Computing log-likelihood of 39 initial trees ... 0.037 seconds
Current best score: -3810.629

Do NNI search on 20 best initial trees
Estimate model parameters (epsilon = 0.100)
BETTER TREE FOUND at iteration 1: -3810.629
Iteration 10 / LogL: -3810.652 / Time: 0h:0m:4s
Iteration 20 / LogL: -3811.676 / Time: 0h:0m:4s
Finish initializing candidate tree set (1)
Current best tree score: -3810.629 / CPU time: 0.334
Number of iterations: 20
--------------------------------------------------------------------
|               OPTIMIZING CANDIDATE TREE SET                      |
--------------------------------------------------------------------
UPDATE BEST LOG-LIKELIHOOD: -3810.629
Iteration 30 / LogL: -3810.631 / Time: 0h:0m:4s (0h:0m:1s left)
Iteration 40 / LogL: -3810.629 / Time: 0h:0m:4s (0h:0m:1s left)
Iteration 50 / LogL: -3811.193 / Time: 0h:0m:4s (0h:0m:0s left)
Log-likelihood cutoff on original alignment: -3834.731
Iteration 60 / LogL: -3810.639 / Time: 0h:0m:5s (0h:0m:0s left)
Iteration 70 / LogL: -3810.810 / Time: 0h:0m:5s (0h:0m:0s left)
Iteration 80 / LogL: -3810.667 / Time: 0h:0m:5s (0h:0m:0s left)
Iteration 90 / LogL: -3810.661 / Time: 0h:0m:5s (0h:0m:0s left)
Iteration 100 / LogL: -3810.646 / Time: 0h:0m:5s (0h:0m:0s left)
Log-likelihood cutoff on original alignment: -3834.731
NOTE: Bootstrap correlation coefficient of split occurrence frequencies: 1.000
TREE SEARCH COMPLETED AFTER 102 ITERATIONS / Time: 0h:0m:6s

--------------------------------------------------------------------
|                    FINALIZING TREE SEARCH                        |
--------------------------------------------------------------------
Performs final model parameters optimization
Estimate model parameters (epsilon = 0.010)
1. Initial log-likelihood: -3810.629
Optimal log-likelihood: -3810.629
Rate parameters:  A-C: 1.00000  A-G: 4.74381  A-T: 1.00000  C-G: 1.00000  C-T: 10.34461  G-T: 1.00000
Base frequencies:  A: 0.201  C: 0.308  G: 0.319  T: 0.172
Proportion of invariable sites: 0.766
Parameters optimization took 1 rounds (0.001 sec)
BEST SCORE FOUND : -3810.629
Creating bootstrap support values...
Split supports printed to NEXUS file per_gene_alignments_codon/LOC101391652_.aln.splits.nex
Total tree length: 0.248

Total number of iterations: 102
CPU time used for tree search: 0.997 sec (0h:0m:0s)
Wall-clock time used for tree search: 2.047 sec (0h:0m:2s)
Total CPU time used: 2.735 sec (0h:0m:2s)
Total wall-clock time used: 6.243 sec (0h:0m:6s)

Computing bootstrap consensus tree...
Reading input file per_gene_alignments_codon/LOC101391652_.aln.splits.nex...
7 taxa and 19 splits.
Consensus tree written to per_gene_alignments_codon/LOC101391652_.aln.contree
Reading input trees file per_gene_alignments_codon/LOC101391652_.aln.contree
Log-likelihood of consensus tree: -3810.629

Analysis results written to: 
  IQ-TREE report:                per_gene_alignments_codon/LOC101391652_.aln.iqtree
  Maximum-likelihood tree:       per_gene_alignments_codon/LOC101391652_.aln.treefile
  Likelihood distances:          per_gene_alignments_codon/LOC101391652_.aln.mldist

Ultrafast bootstrap approximation results written to:
  Split support values:          per_gene_alignments_codon/LOC101391652_.aln.splits.nex
  Consensus tree:                per_gene_alignments_codon/LOC101391652_.aln.contree
  Screen log file:               per_gene_alignments_codon/LOC101391652_.aln.log

Date and Time: Thu Oct 30 21:28:12 2025
