IQ-TREE multicore version 2.3.3 COVID-edition for Linux x86 64-bit built Apr 25 2024
Developed by Bui Quang Minh, James Barbetti, Nguyen Lam Tung, Olga Chernomor,
Heiko Schmidt, Dominik Schrempf, Michael Woodhams, Ly Trong Nhan, Thomas Wong

Host:    morpheus-OptiPlex-5050 (AVX2, FMA3, 503 GB RAM)
Command: iqtree2 -s per_gene_alignments_codon/LOC101409107_.aln.fna -m MFP -T 1 -B 1000 --prefix per_gene_alignments_codon/LOC101409107_.aln
Seed:    638891 (Using SPRNG - Scalable Parallel Random Number Generator)
Time:    Thu Oct 30 21:39:59 2025
Kernel:  AVX+FMA - 1 threads (72 CPU cores detected)

HINT: Use -nt option to specify number of threads because your CPU has 72 cores!
HINT: -nt AUTO will automatically determine the best number of threads to use.

Reading alignment file per_gene_alignments_codon/LOC101409107_.aln.fna ... Fasta format detected
Reading fasta file: done in 0.00175285 secs using 99.89% CPU
Alignment most likely contains DNA/RNA sequences
Alignment has 7 sequences with 6627 columns, 240 distinct patterns
285 parsimony-informative, 488 singleton sites, 5854 constant sites
                     Gap/Ambiguity  Composition  p-value
Analyzing sequences: done in 2.59876e-05 secs using 92.35% CPU
   1  Ceratotherium_simum   16.39%    passed     47.85%
   2  Diceros_bicornis       0.95%    passed     55.86%
   3  Equus_asinus           1.27%    passed     80.89%
   4  Equus_quagga          10.46%    passed     97.72%
   5  Equus_caballus         0.00%    passed     87.12%
   6  Canis_lupus            0.00%    passed     97.80%
   7  Bos_taurus             1.27%    passed     35.94%
****  TOTAL                  4.33%  0 sequences failed composition chi2 test (p-value<5%; df=3)


Create initial parsimony tree by phylogenetic likelihood library (PLL)... 0.000 seconds
Perform fast likelihood tree search using GTR+I+G model...
Estimate model parameters (epsilon = 5.000)
Perform nearest neighbor interchange...
Estimate model parameters (epsilon = 1.000)
1. Initial log-likelihood: -14097.895
Optimal log-likelihood: -14097.883
Rate parameters:  A-C: 1.34982  A-G: 5.28242  A-T: 0.52552  C-G: 1.40574  C-T: 7.10666  G-T: 1.00000
Base frequencies:  A: 0.260  C: 0.252  G: 0.249  T: 0.239
Proportion of invariable sites: 0.439
Gamma shape alpha: 0.522
Parameters optimization took 1 rounds (0.003 sec)
Time for fast ML tree search: 0.105 seconds

NOTE: ModelFinder requires 1 MB RAM!
ModelFinder will test up to 484 DNA models (sample size: 6627) ...
 No. Model         -LnL         df  AIC          AICc         BIC
  1  GTR+F         14192.848    19  28423.695    28423.810    28552.874
  2  GTR+F+I       14096.624    20  28233.248    28233.375    28369.226
  3  GTR+F+G4      14096.801    20  28233.601    28233.729    28369.580
  4  GTR+F+I+G4    14097.855    21  28237.711    28237.850    28380.488
  5  GTR+F+R2      14097.064    21  28236.127    28236.267    28378.904
  6  GTR+F+R3      14096.878    23  28239.756    28239.923    28396.130
 14  GTR+F+I+R2    14097.082    22  28238.164    28238.317    28387.740
 15  GTR+F+I+R3    14097.255    24  28242.511    28242.693    28405.685
 24  SYM+I         14099.843    17  28233.686    28233.779    28349.268
 25  SYM+G4        14100.020    17  28234.039    28234.132    28349.621
 27  SYM+R2        14100.264    18  28236.527    28236.631    28358.907
 46  TVM+F+I       14101.297    19  28240.595    28240.710    28369.774
 47  TVM+F+G4      14101.437    19  28240.874    28240.989    28370.054
 49  TVM+F+R2      14101.637    20  28243.275    28243.402    28379.253
 68  TVMe+I        14103.389    16  28238.779    28238.861    28347.561
 69  TVMe+G4       14103.556    16  28239.112    28239.194    28347.894
 71  TVMe+R2       14103.827    17  28241.653    28241.746    28357.235
 90  TIM3+F+I      14099.170    18  28234.340    28234.443    28356.720
 91  TIM3+F+G4     14099.319    18  28234.638    28234.742    28357.018
 93  TIM3+F+R2     14099.578    19  28237.157    28237.272    28366.336
112  TIM3e+I       14102.092    15  28234.184    28234.256    28336.167
113  TIM3e+G4      14102.240    15  28234.480    28234.553    28336.464
115  TIM3e+R2      14102.493    16  28236.987    28237.069    28345.769
134  TIM2+F+I      14106.080    18  28248.159    28248.263    28370.540
135  TIM2+F+G4     14106.237    18  28248.474    28248.578    28370.854
137  TIM2+F+R2     14106.481    19  28250.963    28251.078    28380.142
156  TIM2e+I       14110.378    15  28250.756    28250.829    28352.740
157  TIM2e+G4      14110.539    15  28251.079    28251.151    28353.062
159  TIM2e+R2      14110.719    16  28253.439    28253.521    28362.221
178  TIM+F+I       14106.717    18  28249.435    28249.538    28371.815
179  TIM+F+G4      14106.880    18  28249.760    28249.863    28372.140
181  TIM+F+R2      14107.064    19  28252.127    28252.242    28381.307
200  TIMe+I        14110.727    15  28251.455    28251.527    28353.438
201  TIMe+G4       14110.871    15  28251.742    28251.814    28353.725
203  TIMe+R2       14111.063    16  28254.127    28254.209    28362.909
222  TPM3u+F+I     14103.836    17  28241.672    28241.764    28357.253
223  TPM3u+F+G4    14103.963    17  28241.927    28242.019    28357.508
225  TPM3u+F+R2    14104.161    18  28244.322    28244.426    28366.703
244  TPM3+I        14105.630    14  28239.260    28239.323    28334.444
245  TPM3+G4       14105.770    14  28239.541    28239.604    28334.725
247  TPM3+R2       14105.972    15  28241.944    28242.016    28343.927
266  TPM2u+F+I     14110.714    17  28255.428    28255.521    28371.010
267  TPM2u+F+G4    14110.864    17  28255.728    28255.821    28371.310
269  TPM2u+F+R2    14111.058    18  28258.115    28258.219    28380.496
288  TPM2+I        14113.871    14  28255.742    28255.805    28350.927
289  TPM2+G4       14114.026    14  28256.052    28256.115    28351.237
291  TPM2+R2       14114.222    15  28258.445    28258.518    28360.429
310  K3Pu+F+I      14111.350    17  28256.700    28256.792    28372.281
311  K3Pu+F+G4     14111.503    17  28257.006    28257.098    28372.587
313  K3Pu+F+R2     14111.777    18  28259.553    28259.657    28381.933
332  K3P+I         14114.188    14  28256.376    28256.440    28351.561
333  K3P+G4        14114.347    14  28256.694    28256.758    28351.879
335  K3P+R2        14114.537    15  28259.073    28259.146    28361.057
354  TN+F+I        14107.339    17  28248.677    28248.770    28364.259
355  TN+F+G4       14107.490    17  28248.979    28249.072    28364.561
357  TN+F+R2       14107.740    18  28251.481    28251.584    28373.861
376  TNe+I         14111.333    14  28250.665    28250.729    28345.850
377  TNe+G4        14111.487    14  28250.974    28251.038    28346.159
379  TNe+R2        14111.739    15  28253.478    28253.551    28355.462
398  HKY+F+I       14111.975    16  28255.949    28256.031    28364.732
399  HKY+F+G4      14112.117    16  28256.234    28256.316    28365.017
401  HKY+F+R2      14112.310    17  28258.621    28258.713    28374.202
420  K2P+I         14114.816    13  28255.633    28255.688    28344.018
421  K2P+G4        14114.964    13  28255.929    28255.984    28344.315
423  K2P+R2        14115.155    14  28258.309    28258.373    28353.494
442  F81+F+I       14399.235    15  28828.469    28828.542    28930.453
443  F81+F+G4      14399.831    15  28829.661    28829.734    28931.645
445  F81+F+R2      14399.728    16  28831.456    28831.538    28940.238
464  JC+I          14401.692    12  28827.385    28827.432    28908.972
465  JC+G4         14402.288    12  28828.577    28828.624    28910.163
467  JC+R2         14402.186    13  28830.372    28830.427    28918.758
Akaike Information Criterion:           GTR+F+I
Corrected Akaike Information Criterion: GTR+F+I
Bayesian Information Criterion:         TPM3+I
Best-fit model: TPM3+I chosen according to BIC

All model information printed to per_gene_alignments_codon/LOC101409107_.aln.model.gz
CPU time for ModelFinder: 2.716 seconds (0h:0m:2s)
Wall-clock time for ModelFinder: 5.863 seconds (0h:0m:5s)
Generating 1000 samples for ultrafast bootstrap (seed: 638891)...

NOTE: 0 MB RAM (0 GB) is required!
Estimate model parameters (epsilon = 0.100)
1. Initial log-likelihood: -14105.630
Optimal log-likelihood: -14105.630
Rate parameters:  A-C: 1.90020  A-G: 8.36243  A-T: 1.00000  C-G: 1.90020  C-T: 8.36243  G-T: 1.00000
Base frequencies:  A: 0.250  C: 0.250  G: 0.250  T: 0.250
Proportion of invariable sites: 0.733
Parameters optimization took 1 rounds (0.001 sec)
Wrote distance file to... 
Computing ML distances based on estimated model parameters...
Calculating distance matrix: done in 0.000189066 secs using 99.44% CPU
Computing ML distances took 0.000242 sec (of wall-clock time) 0.000247 sec (of CPU time)
Setting up auxiliary I and S matrices: done in 4.69685e-05 secs using 193.7% CPU
Computing RapidNJ tree took 0.000133 sec (of wall-clock time) 0.000268 sec (of CPU time)
Log-likelihood of RapidNJ tree: -14105.630
--------------------------------------------------------------------
|             INITIALIZING CANDIDATE TREE SET                      |
--------------------------------------------------------------------
Generating 99 parsimony trees... 0.107 second
Computing log-likelihood of 41 initial trees ... 0.061 seconds
Current best score: -14105.630

Do NNI search on 20 best initial trees
Estimate model parameters (epsilon = 0.100)
BETTER TREE FOUND at iteration 1: -14105.630
Iteration 10 / LogL: -14105.803 / Time: 0h:0m:6s
Iteration 20 / LogL: -14105.681 / Time: 0h:0m:6s
Finish initializing candidate tree set (1)
Current best tree score: -14105.630 / CPU time: 0.345
Number of iterations: 20
--------------------------------------------------------------------
|               OPTIMIZING CANDIDATE TREE SET                      |
--------------------------------------------------------------------
UPDATE BEST LOG-LIKELIHOOD: -14105.630
Iteration 30 / LogL: -14105.630 / Time: 0h:0m:6s (0h:0m:1s left)
Iteration 40 / LogL: -14105.651 / Time: 0h:0m:6s (0h:0m:1s left)
Iteration 50 / LogL: -14105.630 / Time: 0h:0m:6s (0h:0m:0s left)
Log-likelihood cutoff on original alignment: -14134.172
Iteration 60 / LogL: -14105.638 / Time: 0h:0m:7s (0h:0m:0s left)
Iteration 70 / LogL: -14105.863 / Time: 0h:0m:7s (0h:0m:0s left)
Iteration 80 / LogL: -14105.655 / Time: 0h:0m:7s (0h:0m:0s left)
Iteration 90 / LogL: -14105.707 / Time: 0h:0m:7s (0h:0m:0s left)
Iteration 100 / LogL: -14105.739 / Time: 0h:0m:7s (0h:0m:0s left)
Log-likelihood cutoff on original alignment: -14134.172
NOTE: Bootstrap correlation coefficient of split occurrence frequencies: 1.000
TREE SEARCH COMPLETED AFTER 102 ITERATIONS / Time: 0h:0m:7s

--------------------------------------------------------------------
|                    FINALIZING TREE SEARCH                        |
--------------------------------------------------------------------
Performs final model parameters optimization
Estimate model parameters (epsilon = 0.010)
1. Initial log-likelihood: -14105.630
Optimal log-likelihood: -14105.630
Rate parameters:  A-C: 1.90006  A-G: 8.36244  A-T: 1.00000  C-G: 1.90006  C-T: 8.36244  G-T: 1.00000
Base frequencies:  A: 0.250  C: 0.250  G: 0.250  T: 0.250
Proportion of invariable sites: 0.733
Parameters optimization took 1 rounds (0.001 sec)
BEST SCORE FOUND : -14105.630
Creating bootstrap support values...
Split supports printed to NEXUS file per_gene_alignments_codon/LOC101409107_.aln.splits.nex
Total tree length: 0.162

Total number of iterations: 102
CPU time used for tree search: 1.074 sec (0h:0m:1s)
Wall-clock time used for tree search: 1.892 sec (0h:0m:1s)
Total CPU time used: 3.864 sec (0h:0m:3s)
Total wall-clock time used: 7.914 sec (0h:0m:7s)

Computing bootstrap consensus tree...
Reading input file per_gene_alignments_codon/LOC101409107_.aln.splits.nex...
7 taxa and 15 splits.
Consensus tree written to per_gene_alignments_codon/LOC101409107_.aln.contree
Reading input trees file per_gene_alignments_codon/LOC101409107_.aln.contree
Log-likelihood of consensus tree: -14105.630

Analysis results written to: 
  IQ-TREE report:                per_gene_alignments_codon/LOC101409107_.aln.iqtree
  Maximum-likelihood tree:       per_gene_alignments_codon/LOC101409107_.aln.treefile
  Likelihood distances:          per_gene_alignments_codon/LOC101409107_.aln.mldist

Ultrafast bootstrap approximation results written to:
  Split support values:          per_gene_alignments_codon/LOC101409107_.aln.splits.nex
  Consensus tree:                per_gene_alignments_codon/LOC101409107_.aln.contree
  Screen log file:               per_gene_alignments_codon/LOC101409107_.aln.log

Date and Time: Thu Oct 30 21:40:08 2025
