IQ-TREE multicore version 2.3.3 COVID-edition for Linux x86 64-bit built Apr 25 2024
Developed by Bui Quang Minh, James Barbetti, Nguyen Lam Tung, Olga Chernomor,
Heiko Schmidt, Dominik Schrempf, Michael Woodhams, Ly Trong Nhan, Thomas Wong

Host:    morpheus-OptiPlex-5050 (AVX2, FMA3, 503 GB RAM)
Command: iqtree2 -s per_gene_alignments_codon/LOC101405124_.aln.fna -m MFP -T 1 -B 1000 --prefix per_gene_alignments_codon/LOC101405124_.aln
Seed:    882818 (Using SPRNG - Scalable Parallel Random Number Generator)
Time:    Thu Oct 30 21:37:18 2025
Kernel:  AVX+FMA - 1 threads (72 CPU cores detected)

HINT: Use -nt option to specify number of threads because your CPU has 72 cores!
HINT: -nt AUTO will automatically determine the best number of threads to use.

Reading alignment file per_gene_alignments_codon/LOC101405124_.aln.fna ... Fasta format detected
Reading fasta file: done in 0.000208139 secs using 98.97% CPU
Alignment most likely contains DNA/RNA sequences
Alignment has 7 sequences with 528 columns, 30 distinct patterns
16 parsimony-informative, 25 singleton sites, 487 constant sites
                     Gap/Ambiguity  Composition  p-value
Analyzing sequences: done in 1.4782e-05 secs using 81.18% CPU
   1  Ceratotherium_simum    0.00%    passed     99.96%
   2  Diceros_bicornis       0.00%    passed     99.96%
   3  Equus_asinus           0.00%    passed     98.55%
   4  Equus_quagga           0.00%    passed     98.55%
   5  Equus_caballus         0.00%    passed     97.82%
   6  Canis_lupus            0.00%    passed     98.91%
   7  Bos_taurus             0.00%    passed     81.32%
****  TOTAL                  0.00%  0 sequences failed composition chi2 test (p-value<5%; df=3)
NOTE: Diceros_bicornis is identical to Ceratotherium_simum but kept for subsequent analysis


Create initial parsimony tree by phylogenetic likelihood library (PLL)... 0.000 seconds
Perform fast likelihood tree search using GTR+I+G model...
Estimate model parameters (epsilon = 5.000)
Perform nearest neighbor interchange...
Estimate model parameters (epsilon = 1.000)
1. Initial log-likelihood: -978.874
Optimal log-likelihood: -978.874
Rate parameters:  A-C: 0.87443  A-G: 2.61395  A-T: 0.49883  C-G: 0.46495  C-T: 3.64932  G-T: 1.00000
Base frequencies:  A: 0.320  C: 0.226  G: 0.235  T: 0.220
Proportion of invariable sites: 0.461
Gamma shape alpha: 11.881
Parameters optimization took 1 rounds (0.025 sec)
Time for fast ML tree search: 0.059 seconds

NOTE: ModelFinder requires 0 MB RAM!
ModelFinder will test up to 484 DNA models (sample size: 528) ...
 No. Model         -LnL         df  AIC          AICc         BIC
  1  GTR+F         979.273      19  1996.546     1998.042     2077.658
  2  GTR+F+I       978.876      20  1997.752     1999.408     2083.134
  3  GTR+F+G4      978.871      20  1997.741     1999.398     2083.123
  4  GTR+F+I+G4    978.874      21  1999.749     2001.575     2089.400
  5  GTR+F+R2      978.956      21  1999.913     2001.739     2089.564
  6  GTR+F+R3      978.904      23  2003.807     2005.998     2101.996
 14  GTR+F+I+R2    978.988      22  2001.975     2003.979     2095.895
 15  GTR+F+I+R3    978.994      24  2005.989     2008.374     2108.447
 23  SYM           986.830      16  2005.659     2006.724     2073.965
 24  SYM+I         986.438      17  2006.877     2008.077     2079.451
 25  SYM+G4        986.430      17  2006.860     2008.060     2079.434
 45  TVM+F         979.695      18  1995.390     1996.733     2072.233
 46  TVM+F+I       979.241      19  1996.483     1997.979     2077.596
 47  TVM+F+G4      979.237      19  1996.474     1997.970     2077.586
 67  TVMe          986.911      15  2003.823     2004.760     2067.859
 68  TVMe+I        986.499      16  2004.999     2006.063     2073.304
 69  TVMe+G4       986.491      16  2004.982     2006.046     2073.287
 89  TIM3+F        979.877      17  1993.754     1994.954     2066.329
 90  TIM3+F+I      979.489      18  1994.977     1996.321     2071.821
 91  TIM3+F+G4     979.479      18  1994.958     1996.302     2071.802
111  TIM3e         987.446      14  2002.892     2003.711     2062.659
112  TIM3e+I       987.059      15  2004.118     2005.055     2068.154
113  TIM3e+G4      987.048      15  2004.097     2005.034     2068.133
133  TIM2+F        979.874      17  1993.747     1994.947     2066.322
134  TIM2+F+I      979.485      18  1994.970     1996.314     2071.814
135  TIM2+F+G4     979.476      18  1994.952     1996.295     2071.795
155  TIM2e         987.431      14  2002.863     2003.681     2062.630
156  TIM2e+I       987.047      15  2004.093     2005.031     2068.130
157  TIM2e+G4      987.035      15  2004.070     2005.007     2068.106
177  TIM+F         979.293      17  1992.586     1993.786     2065.161
178  TIM+F+I       978.892      18  1993.784     1995.128     2070.628
179  TIM+F+G4      978.887      18  1993.774     1995.118     2070.618
199  TIMe          986.857      14  2001.713     2002.532     2061.481
200  TIMe+I        986.460      15  2002.920     2003.857     2066.956
201  TIMe+G4       986.454      15  2002.907     2003.845     2066.944
221  TPM3u+F       980.299      16  1992.598     1993.662     2060.903
222  TPM3u+F+I     979.857      17  1993.713     1994.913     2066.288
223  TPM3u+F+G4    979.847      17  1993.694     1994.894     2066.269
243  TPM3          987.529      13  2001.057     2001.766     2056.556
244  TPM3+I        987.122      14  2002.245     2003.063     2062.012
245  TPM3+G4       987.113      14  2002.226     2003.044     2061.993
265  TPM2u+F       980.296      16  1992.592     1993.657     2060.898
266  TPM2u+F+I     979.851      17  1993.703     1994.903     2066.278
267  TPM2u+F+G4    979.843      17  1993.685     1994.885     2066.260
287  TPM2          987.513      13  2001.025     2001.733     2056.523
288  TPM2+I        987.108      14  2002.215     2003.034     2061.983
289  TPM2+G4       987.096      14  2002.192     2003.011     2061.959
309  K3Pu+F        979.716      16  1991.432     1992.496     2059.737
310  K3Pu+F+I      979.258      17  1992.516     1993.716     2065.090
311  K3Pu+F+G4     979.253      17  1992.506     1993.706     2065.080
331  K3P           986.939      13  1999.879     2000.587     2055.377
332  K3P+I         986.522      14  2001.045     2001.864     2060.812
333  K3P+G4        986.516      14  2001.033     2001.851     2060.800
353  TN+F          979.876      16  1991.752     1992.817     2060.057
354  TN+F+I        979.489      17  1992.977     1994.177     2065.552
355  TN+F+G4       979.479      17  1992.957     1994.157     2065.532
375  TNe           987.446      13  2000.892     2001.600     2056.390
376  TNe+I         987.060      14  2002.120     2002.938     2061.887
377  TNe+G4        987.050      14  2002.099     2002.918     2061.866
397  HKY+F         980.299      15  1990.597     1991.535     2054.634
398  HKY+F+I       979.856      16  1991.713     1992.777     2060.018
399  HKY+F+G4      979.847      16  1991.695     1992.759     2060.000
419  K2P           987.529      12  1999.057     1999.663     2050.287
420  K2P+I         987.123      13  2000.245     2000.953     2055.743
421  K2P+G4        987.112      13  2000.224     2000.932     2055.722
441  F81+F         990.733      14  2009.465     2010.284     2069.233
442  F81+F+I       990.469      15  2010.938     2011.875     2074.974
443  F81+F+G4      990.477      15  2010.954     2011.892     2074.991
463  JC            998.080      11  2018.160     2018.671     2065.120
464  JC+I          997.806      12  2019.612     2020.218     2070.841
465  JC+G4         997.814      12  2019.627     2020.233     2070.856
Akaike Information Criterion:           HKY+F
Corrected Akaike Information Criterion: HKY+F
Bayesian Information Criterion:         K2P
Best-fit model: K2P chosen according to BIC

All model information printed to per_gene_alignments_codon/LOC101405124_.aln.model.gz
CPU time for ModelFinder: 0.113 seconds (0h:0m:0s)
Wall-clock time for ModelFinder: 0.613 seconds (0h:0m:0s)
Generating 1000 samples for ultrafast bootstrap (seed: 882818)...

NOTE: 0 MB RAM (0 GB) is required!
Estimate model parameters (epsilon = 0.100)
1. Initial log-likelihood: -987.529
Optimal log-likelihood: -987.529
Rate parameters:  A-C: 1.00000  A-G: 4.23491  A-T: 1.00000  C-G: 1.00000  C-T: 4.23491  G-T: 1.00000
Base frequencies:  A: 0.250  C: 0.250  G: 0.250  T: 0.250
Parameters optimization took 1 rounds (0.000 sec)
Wrote distance file to... 
Computing ML distances based on estimated model parameters...
Calculating distance matrix: done in 0.000211954 secs using 99.08% CPU
Computing ML distances took 0.000257 sec (of wall-clock time) 0.000262 sec (of CPU time)
Setting up auxiliary I and S matrices: done in 4.3869e-05 secs using 95.74% CPU
Computing RapidNJ tree took 0.000124 sec (of wall-clock time) 0.000121 sec (of CPU time)
Log-likelihood of RapidNJ tree: -987.531
--------------------------------------------------------------------
|             INITIALIZING CANDIDATE TREE SET                      |
--------------------------------------------------------------------
Generating 99 parsimony trees... 0.057 second
Computing log-likelihood of 41 initial trees ... 0.036 seconds
Current best score: -987.529

Do NNI search on 20 best initial trees
Estimate model parameters (epsilon = 0.100)
BETTER TREE FOUND at iteration 1: -987.529
Iteration 10 / LogL: -987.530 / Time: 0h:0m:0s
Iteration 20 / LogL: -987.530 / Time: 0h:0m:0s
Finish initializing candidate tree set (1)
Current best tree score: -987.529 / CPU time: 0.193
Number of iterations: 20
--------------------------------------------------------------------
|               OPTIMIZING CANDIDATE TREE SET                      |
--------------------------------------------------------------------
Iteration 30 / LogL: -987.531 / Time: 0h:0m:1s (0h:0m:0s left)
Iteration 40 / LogL: -987.529 / Time: 0h:0m:1s (0h:0m:1s left)
Iteration 50 / LogL: -987.529 / Time: 0h:0m:1s (0h:0m:0s left)
Log-likelihood cutoff on original alignment: -1019.752
Iteration 60 / LogL: -987.529 / Time: 0h:0m:1s (0h:0m:0s left)
Iteration 70 / LogL: -987.530 / Time: 0h:0m:1s (0h:0m:0s left)
Iteration 80 / LogL: -987.530 / Time: 0h:0m:2s (0h:0m:0s left)
Iteration 90 / LogL: -987.531 / Time: 0h:0m:2s (0h:0m:0s left)
Iteration 100 / LogL: -987.530 / Time: 0h:0m:2s (0h:0m:0s left)
Log-likelihood cutoff on original alignment: -1019.740
NOTE: Bootstrap correlation coefficient of split occurrence frequencies: 1.000
TREE SEARCH COMPLETED AFTER 102 ITERATIONS / Time: 0h:0m:2s

--------------------------------------------------------------------
|                    FINALIZING TREE SEARCH                        |
--------------------------------------------------------------------
Performs final model parameters optimization
Estimate model parameters (epsilon = 0.010)
1. Initial log-likelihood: -987.529
Optimal log-likelihood: -987.529
Rate parameters:  A-C: 1.00000  A-G: 4.23694  A-T: 1.00000  C-G: 1.00000  C-T: 4.23694  G-T: 1.00000
Base frequencies:  A: 0.250  C: 0.250  G: 0.250  T: 0.250
Parameters optimization took 1 rounds (0.000 sec)
BEST SCORE FOUND : -987.529
Creating bootstrap support values...
Split supports printed to NEXUS file per_gene_alignments_codon/LOC101405124_.aln.splits.nex
Total tree length: 0.083

Total number of iterations: 102
CPU time used for tree search: 0.862 sec (0h:0m:0s)
Wall-clock time used for tree search: 1.863 sec (0h:0m:1s)
Total CPU time used: 1.029 sec (0h:0m:1s)
Total wall-clock time used: 2.590 sec (0h:0m:2s)

Computing bootstrap consensus tree...
Reading input file per_gene_alignments_codon/LOC101405124_.aln.splits.nex...
7 taxa and 21 splits.
Consensus tree written to per_gene_alignments_codon/LOC101405124_.aln.contree
Reading input trees file per_gene_alignments_codon/LOC101405124_.aln.contree
Log-likelihood of consensus tree: -987.533

Analysis results written to: 
  IQ-TREE report:                per_gene_alignments_codon/LOC101405124_.aln.iqtree
  Maximum-likelihood tree:       per_gene_alignments_codon/LOC101405124_.aln.treefile
  Likelihood distances:          per_gene_alignments_codon/LOC101405124_.aln.mldist

Ultrafast bootstrap approximation results written to:
  Split support values:          per_gene_alignments_codon/LOC101405124_.aln.splits.nex
  Consensus tree:                per_gene_alignments_codon/LOC101405124_.aln.contree
  Screen log file:               per_gene_alignments_codon/LOC101405124_.aln.log

Date and Time: Thu Oct 30 21:37:21 2025
