IQ-TREE multicore version 2.3.3 COVID-edition for Linux x86 64-bit built Apr 25 2024
Developed by Bui Quang Minh, James Barbetti, Nguyen Lam Tung, Olga Chernomor,
Heiko Schmidt, Dominik Schrempf, Michael Woodhams, Ly Trong Nhan, Thomas Wong

Host:    morpheus-OptiPlex-5050 (AVX2, FMA3, 503 GB RAM)
Command: iqtree2 -s per_gene_alignments_codon/LOC101387659_.aln.fna -m MFP -T 1 -B 1000 --prefix per_gene_alignments_codon/LOC101387659_.aln
Seed:    578737 (Using SPRNG - Scalable Parallel Random Number Generator)
Time:    Thu Oct 30 21:25:14 2025
Kernel:  AVX+FMA - 1 threads (72 CPU cores detected)

HINT: Use -nt option to specify number of threads because your CPU has 72 cores!
HINT: -nt AUTO will automatically determine the best number of threads to use.

Reading alignment file per_gene_alignments_codon/LOC101387659_.aln.fna ... Fasta format detected
Reading fasta file: done in 0.00124884 secs using 99.69% CPU
Alignment most likely contains DNA/RNA sequences
Alignment has 7 sequences with 4779 columns, 129 distinct patterns
170 parsimony-informative, 690 singleton sites, 3919 constant sites
                     Gap/Ambiguity  Composition  p-value
Analyzing sequences: done in 2.98023e-05 secs using 70.46% CPU
   1  Ceratotherium_simum    0.00%    passed     11.92%
   2  Diceros_bicornis       0.00%    passed     14.22%
   3  Equus_asinus           0.00%    passed     26.29%
   4  Equus_quagga           0.00%    passed     26.47%
   5  Equus_caballus         0.00%    passed     24.00%
   6  Canis_lupus            0.00%    passed     17.55%
   7  Bos_taurus             0.25%    failed      0.00%
****  TOTAL                  0.04%  1 sequences failed composition chi2 test (p-value<5%; df=3)


Create initial parsimony tree by phylogenetic likelihood library (PLL)... 0.000 seconds
Perform fast likelihood tree search using GTR+I+G model...
Estimate model parameters (epsilon = 5.000)
Perform nearest neighbor interchange...
Estimate model parameters (epsilon = 1.000)
1. Initial log-likelihood: -10786.558
Optimal log-likelihood: -10786.550
Rate parameters:  A-C: 1.55596  A-G: 4.78880  A-T: 0.38438  C-G: 0.80558  C-T: 5.42861  G-T: 1.00000
Base frequencies:  A: 0.351  C: 0.179  G: 0.216  T: 0.254
Proportion of invariable sites: 0.410
Gamma shape alpha: 1.845
Parameters optimization took 1 rounds (0.002 sec)
Time for fast ML tree search: 0.046 seconds

NOTE: ModelFinder requires 0 MB RAM!
ModelFinder will test up to 484 DNA models (sample size: 4779) ...
 No. Model         -LnL         df  AIC          AICc         BIC
  1  GTR+F         10813.722    19  21665.445    21665.605    21788.413
  2  GTR+F+I       10787.334    20  21614.668    21614.844    21744.107
  3  GTR+F+G4      10786.484    20  21612.969    21613.146    21742.409
  4  GTR+F+I+G4    10786.550    21  21615.099    21615.293    21751.011
  5  GTR+F+R2      10787.691    21  21617.382    21617.576    21753.294
  6  GTR+F+R3      10786.819    23  21619.639    21619.871    21768.494
 14  GTR+F+I+R2    10786.927    22  21617.855    21618.068    21760.239
 15  GTR+F+I+R3    10786.776    24  21621.552    21621.804    21776.879
 24  SYM+I         10877.603    17  21789.207    21789.335    21899.230
 25  SYM+G4        10876.715    17  21787.431    21787.559    21897.454
 26  SYM+I+G4      10876.827    18  21789.655    21789.799    21906.151
 46  TVM+F+I       10788.004    19  21614.009    21614.169    21736.977
 47  TVM+F+G4      10787.217    19  21612.434    21612.594    21735.402
 48  TVM+F+I+G4    10787.258    20  21614.515    21614.692    21743.955
 68  TVMe+I        10878.851    16  21789.701    21789.816    21893.253
 69  TVMe+G4       10877.891    16  21787.782    21787.896    21891.334
 70  TVMe+I+G4     10878.022    17  21790.044    21790.173    21900.068
 90  TIM3+F+I      10796.701    18  21629.403    21629.546    21745.898
 91  TIM3+F+G4     10796.167    18  21628.334    21628.477    21744.829
 92  TIM3+F+I+G4   10796.144    19  21630.289    21630.448    21753.256
112  TIM3e+I       10887.550    15  21805.100    21805.201    21902.180
113  TIM3e+G4      10887.070    15  21804.139    21804.240    21901.219
114  TIM3e+I+G4    10887.058    16  21806.117    21806.231    21909.669
134  TIM2+F+I      10807.745    18  21651.489    21651.633    21767.985
135  TIM2+F+G4     10807.156    18  21650.311    21650.455    21766.807
136  TIM2+F+I+G4   10807.125    19  21652.250    21652.410    21775.218
156  TIM2e+I       10891.051    15  21812.102    21812.203    21909.182
157  TIM2e+G4      10890.496    15  21810.993    21811.094    21908.073
158  TIM2e+I+G4    10890.483    16  21812.965    21813.079    21916.517
178  TIM+F+I       10793.457    18  21622.914    21623.057    21739.409
179  TIM+F+G4      10792.472    18  21620.945    21621.088    21737.440
180  TIM+F+I+G4    10792.561    19  21623.122    21623.282    21746.090
200  TIMe+I        10881.442    15  21792.885    21792.985    21889.964
201  TIMe+G4       10880.515    15  21791.031    21791.131    21888.110
202  TIMe+I+G4     10880.624    16  21793.248    21793.362    21896.800
222  TPM3u+F+I     10797.334    17  21628.669    21628.797    21738.693
223  TPM3u+F+G4    10796.875    17  21627.750    21627.879    21737.774
224  TPM3u+F+I+G4  10796.858    18  21629.717    21629.860    21746.212
244  TPM3+I        10888.813    14  21805.626    21805.714    21896.234
245  TPM3+G4       10888.244    14  21804.488    21804.576    21895.095
246  TPM3+I+G4     10888.239    15  21806.479    21806.580    21903.559
266  TPM2u+F+I     10808.295    17  21650.589    21650.718    21760.613
267  TPM2u+F+G4    10807.805    17  21649.609    21649.738    21759.633
268  TPM2u+F+I+G4  10807.770    18  21651.540    21651.683    21768.036
288  TPM2+I        10892.261    14  21812.522    21812.610    21903.130
289  TPM2+G4       10891.628    14  21811.255    21811.343    21901.863
290  TPM2+I+G4     10891.616    15  21813.233    21813.333    21910.312
310  K3Pu+F+I      10794.025    17  21622.050    21622.178    21732.074
311  K3Pu+F+G4     10793.115    17  21620.231    21620.359    21730.254
312  K3Pu+F+I+G4   10793.181    18  21622.361    21622.505    21738.857
332  K3P+I         10882.678    14  21793.356    21793.444    21883.963
333  K3P+G4        10881.675    14  21791.349    21791.437    21881.957
334  K3P+I+G4      10881.803    15  21793.606    21793.707    21890.686
354  TN+F+I        10807.861    17  21649.722    21649.850    21759.745
355  TN+F+G4       10807.261    17  21648.521    21648.650    21758.545
356  TN+F+I+G4     10807.233    18  21650.467    21650.610    21766.963
376  TNe+I         10892.072    14  21812.143    21812.231    21902.751
377  TNe+G4        10891.554    14  21811.108    21811.196    21901.716
378  TNe+I+G4      10891.534    15  21813.067    21813.168    21910.147
398  HKY+F+I       10808.436    16  21648.872    21648.986    21752.424
399  HKY+F+G4      10807.926    16  21647.852    21647.966    21751.404
400  HKY+F+I+G4    10807.890    17  21649.780    21649.909    21759.804
420  K2P+I         10893.305    13  21812.609    21812.686    21896.745
421  K2P+G4        10892.691    13  21811.381    21811.458    21895.517
422  K2P+I+G4      10892.676    14  21813.352    21813.440    21903.960
442  F81+F+I       11069.199    15  22168.398    22168.499    22265.478
443  F81+F+G4      11069.208    15  22168.415    22168.516    22265.495
444  F81+F+I+G4    11069.189    16  22170.379    22170.493    22273.931
464  JC+I          11151.387    12  22326.773    22326.839    22404.437
465  JC+G4         11151.353    12  22326.707    22326.772    22404.371
466  JC+I+G4       11151.350    13  22328.700    22328.776    22412.835
Akaike Information Criterion:           TVM+F+G4
Corrected Akaike Information Criterion: TVM+F+G4
Bayesian Information Criterion:         K3Pu+F+G4
Best-fit model: K3Pu+F+G4 chosen according to BIC

All model information printed to per_gene_alignments_codon/LOC101387659_.aln.model.gz
CPU time for ModelFinder: 0.427 seconds (0h:0m:0s)
Wall-clock time for ModelFinder: 0.828 seconds (0h:0m:0s)
Generating 1000 samples for ultrafast bootstrap (seed: 578737)...

NOTE: 0 MB RAM (0 GB) is required!
Estimate model parameters (epsilon = 0.100)
1. Initial log-likelihood: -10793.115
Optimal log-likelihood: -10793.115
Rate parameters:  A-C: 1.00000  A-G: 3.81122  A-T: 0.37615  C-G: 0.37615  C-T: 3.81122  G-T: 1.00000
Base frequencies:  A: 0.351  C: 0.179  G: 0.216  T: 0.254
Gamma shape alpha: 0.454
Parameters optimization took 1 rounds (0.002 sec)
Wrote distance file to... 
Computing ML distances based on estimated model parameters...
Calculating distance matrix: done in 0.00059104 secs using 98.3% CPU
Computing ML distances took 0.000652 sec (of wall-clock time) 0.000649 sec (of CPU time)
Setting up auxiliary I and S matrices: done in 4.3869e-05 secs
Computing RapidNJ tree took 0.000128 sec (of wall-clock time) 0.000000 sec (of CPU time)
Log-likelihood of RapidNJ tree: -10793.115
--------------------------------------------------------------------
|             INITIALIZING CANDIDATE TREE SET                      |
--------------------------------------------------------------------
Generating 99 parsimony trees... 0.097 second
Computing log-likelihood of 34 initial trees ... 0.017 seconds
Current best score: -10793.115

Do NNI search on 20 best initial trees
Estimate model parameters (epsilon = 0.100)
BETTER TREE FOUND at iteration 1: -10793.115
Iteration 10 / LogL: -10793.129 / Time: 0h:0m:1s
Iteration 20 / LogL: -10793.266 / Time: 0h:0m:1s
Finish initializing candidate tree set (1)
Current best tree score: -10793.115 / CPU time: 0.372
Number of iterations: 20
--------------------------------------------------------------------
|               OPTIMIZING CANDIDATE TREE SET                      |
--------------------------------------------------------------------
Iteration 30 / LogL: -10793.132 / Time: 0h:0m:1s (0h:0m:1s left)
Iteration 40 / LogL: -10793.115 / Time: 0h:0m:1s (0h:0m:1s left)
UPDATE BEST LOG-LIKELIHOOD: -10793.115
Iteration 50 / LogL: -10793.168 / Time: 0h:0m:1s (0h:0m:1s left)
Log-likelihood cutoff on original alignment: -10809.355
UPDATE BEST LOG-LIKELIHOOD: -10793.115
Iteration 60 / LogL: -10793.298 / Time: 0h:0m:2s (0h:0m:0s left)
Iteration 70 / LogL: -10793.119 / Time: 0h:0m:2s (0h:0m:0s left)
Iteration 80 / LogL: -10793.387 / Time: 0h:0m:2s (0h:0m:0s left)
Iteration 90 / LogL: -10793.912 / Time: 0h:0m:2s (0h:0m:0s left)
Iteration 100 / LogL: -10793.131 / Time: 0h:0m:2s (0h:0m:0s left)
Log-likelihood cutoff on original alignment: -10809.355
NOTE: Bootstrap correlation coefficient of split occurrence frequencies: 1.000
TREE SEARCH COMPLETED AFTER 102 ITERATIONS / Time: 0h:0m:3s

--------------------------------------------------------------------
|                    FINALIZING TREE SEARCH                        |
--------------------------------------------------------------------
Performs final model parameters optimization
Estimate model parameters (epsilon = 0.010)
1. Initial log-likelihood: -10793.115
Optimal log-likelihood: -10793.115
Rate parameters:  A-C: 1.00000  A-G: 3.81106  A-T: 0.37616  C-G: 0.37616  C-T: 3.81106  G-T: 1.00000
Base frequencies:  A: 0.351  C: 0.179  G: 0.216  T: 0.254
Gamma shape alpha: 0.454
Parameters optimization took 1 rounds (0.001 sec)
BEST SCORE FOUND : -10793.115
Creating bootstrap support values...
Split supports printed to NEXUS file per_gene_alignments_codon/LOC101387659_.aln.splits.nex
Total tree length: 0.254

Total number of iterations: 102
CPU time used for tree search: 1.201 sec (0h:0m:1s)
Wall-clock time used for tree search: 2.116 sec (0h:0m:2s)
Total CPU time used: 1.688 sec (0h:0m:1s)
Total wall-clock time used: 3.078 sec (0h:0m:3s)

Computing bootstrap consensus tree...
Reading input file per_gene_alignments_codon/LOC101387659_.aln.splits.nex...
7 taxa and 14 splits.
Consensus tree written to per_gene_alignments_codon/LOC101387659_.aln.contree
Reading input trees file per_gene_alignments_codon/LOC101387659_.aln.contree
Log-likelihood of consensus tree: -10793.115

Analysis results written to: 
  IQ-TREE report:                per_gene_alignments_codon/LOC101387659_.aln.iqtree
  Maximum-likelihood tree:       per_gene_alignments_codon/LOC101387659_.aln.treefile
  Likelihood distances:          per_gene_alignments_codon/LOC101387659_.aln.mldist

Ultrafast bootstrap approximation results written to:
  Split support values:          per_gene_alignments_codon/LOC101387659_.aln.splits.nex
  Consensus tree:                per_gene_alignments_codon/LOC101387659_.aln.contree
  Screen log file:               per_gene_alignments_codon/LOC101387659_.aln.log

Date and Time: Thu Oct 30 21:25:18 2025
