IQ-TREE multicore version 2.3.3 COVID-edition for Linux x86 64-bit built Apr 25 2024
Developed by Bui Quang Minh, James Barbetti, Nguyen Lam Tung, Olga Chernomor,
Heiko Schmidt, Dominik Schrempf, Michael Woodhams, Ly Trong Nhan, Thomas Wong

Host:    morpheus-OptiPlex-5050 (AVX2, FMA3, 503 GB RAM)
Command: iqtree2 -s per_gene_alignments_codon/LOC101403424_.aln.fna -m MFP -T 1 -B 1000 --prefix per_gene_alignments_codon/LOC101403424_.aln
Seed:    535039 (Using SPRNG - Scalable Parallel Random Number Generator)
Time:    Thu Oct 30 21:36:10 2025
Kernel:  AVX+FMA - 1 threads (72 CPU cores detected)

HINT: Use -nt option to specify number of threads because your CPU has 72 cores!
HINT: -nt AUTO will automatically determine the best number of threads to use.

Reading alignment file per_gene_alignments_codon/LOC101403424_.aln.fna ... Fasta format detected
Reading fasta file: done in 0.0233309 secs using 5.306% CPU
Alignment most likely contains DNA/RNA sequences
Alignment has 7 sequences with 12597 columns, 545 distinct patterns
1134 parsimony-informative, 1915 singleton sites, 9548 constant sites
                     Gap/Ambiguity  Composition  p-value
Analyzing sequences: done in 3.60012e-05 secs using 97.22% CPU
   1  Ceratotherium_simum   12.72%    passed     56.68%
   2  Diceros_bicornis       2.29%    passed     93.20%
   3  Equus_asinus           0.05%    passed     96.80%
   4  Equus_quagga           3.11%    passed     90.96%
   5  Equus_caballus         0.00%    passed     97.75%
   6  Canis_lupus           10.36%    passed     30.13%
   7  Bos_taurus             0.52%    passed     79.29%
****  TOTAL                  4.15%  0 sequences failed composition chi2 test (p-value<5%; df=3)


Create initial parsimony tree by phylogenetic likelihood library (PLL)... 0.001 seconds
Perform fast likelihood tree search using GTR+I+G model...
Estimate model parameters (epsilon = 5.000)
Perform nearest neighbor interchange...
Estimate model parameters (epsilon = 1.000)
1. Initial log-likelihood: -33786.773
Optimal log-likelihood: -33786.698
Rate parameters:  A-C: 1.26256  A-G: 4.98767  A-T: 0.92998  C-G: 1.91323  C-T: 4.03699  G-T: 1.00000
Base frequencies:  A: 0.311  C: 0.219  G: 0.212  T: 0.258
Proportion of invariable sites: 0.378
Gamma shape alpha: 998.096
Parameters optimization took 1 rounds (0.016 sec)
Time for fast ML tree search: 0.161 seconds

NOTE: ModelFinder requires 3 MB RAM!
ModelFinder will test up to 484 DNA models (sample size: 12597) ...
 No. Model         -LnL         df  AIC          AICc         BIC
  1  GTR+F         33829.170    19  67696.339    67696.400    67837.722
  2  GTR+F+I       33785.770    20  67611.539    67611.606    67760.364
  3  GTR+F+G4      33784.223    20  67608.446    67608.513    67757.271
  4  GTR+F+I+G4    33786.616    21  67615.231    67615.305    67771.497
  5  GTR+F+R2      33785.016    21  67612.033    67612.106    67768.298
  6  GTR+F+R3      33784.458    23  67614.915    67615.003    67786.063
 14  GTR+F+I+R2    33785.477    22  67614.953    67615.034    67778.660
 15  GTR+F+I+R3    33785.353    24  67618.707    67618.802    67797.296
 24  SYM+I         33968.666    17  67971.332    67971.380    68097.832
 25  SYM+G4        33967.423    17  67968.846    67968.895    68095.347
 46  TVM+F+I       33795.064    19  67628.127    67628.188    67769.510
 47  TVM+F+G4      33793.431    19  67624.862    67624.922    67766.245
 68  TVMe+I        33984.188    16  68000.376    68000.419    68119.435
 69  TVMe+G4       33982.806    16  67997.612    67997.655    68116.671
 90  TIM3+F+I      33797.794    18  67631.588    67631.643    67765.530
 91  TIM3+F+G4     33796.226    18  67628.452    67628.507    67762.394
112  TIM3e+I       33972.517    15  67975.034    67975.072    68086.652
113  TIM3e+G4      33971.126    15  67972.252    67972.291    68083.871
134  TIM2+F+I      33816.705    18  67669.409    67669.464    67803.351
135  TIM2+F+G4     33815.357    18  67666.715    67666.769    67800.656
156  TIM2e+I       33989.560    15  68009.120    68009.158    68120.738
157  TIM2e+G4      33988.305    15  68006.609    68006.647    68118.227
178  TIM+F+I       33824.549    18  67685.099    67685.153    67819.041
179  TIM+F+G4      33823.327    18  67682.653    67682.707    67816.595
200  TIMe+I        33987.593    15  68005.186    68005.224    68116.804
201  TIMe+G4       33986.438    15  68002.876    68002.914    68114.494
222  TPM3u+F+I     33807.007    17  67648.013    67648.062    67774.514
223  TPM3u+F+G4    33805.310    17  67644.621    67644.669    67771.121
244  TPM3+I        33988.054    14  68004.107    68004.141    68108.284
245  TPM3+G4       33986.542    14  68001.084    68001.118    68105.261
266  TPM2u+F+I     33826.299    17  67686.597    67686.646    67813.098
267  TPM2u+F+G4    33824.877    17  67683.753    67683.802    67810.254
288  TPM2+I        34005.148    14  68038.296    68038.330    68142.473
289  TPM2+G4       34003.830    14  68035.660    68035.693    68139.837
310  K3Pu+F+I      33833.965    17  67701.931    67701.979    67828.431
311  K3Pu+F+G4     33832.669    17  67699.338    67699.386    67825.838
332  K3P+I         34003.169    14  68034.339    68034.372    68138.516
333  K3P+G4        34001.952    14  68031.904    68031.937    68136.081
354  TN+F+I        33825.664    17  67685.329    67685.377    67811.829
355  TN+F+G4       33824.368    17  67682.736    67682.785    67809.237
376  TNe+I         33989.834    14  68007.669    68007.702    68111.846
377  TNe+G4        33988.571    14  68005.143    68005.176    68109.320
398  HKY+F+I       33835.095    16  67702.190    67702.234    67821.250
399  HKY+F+G4      33833.723    16  67699.447    67699.490    67818.506
420  K2P+I         34005.423    13  68036.846    68036.875    68133.582
421  K2P+G4        34004.095    13  68034.190    68034.219    68130.926
442  F81+F+I       34468.359    15  68966.717    68966.756    69078.336
443  F81+F+G4      34468.269    15  68966.538    68966.576    69078.157
464  JC+I          34620.121    12  69264.241    69264.266    69353.536
465  JC+G4         34620.052    12  69264.105    69264.130    69353.400
Akaike Information Criterion:           GTR+F+G4
Corrected Akaike Information Criterion: GTR+F+G4
Bayesian Information Criterion:         GTR+F+G4
Best-fit model: GTR+F+G4 chosen according to BIC

All model information printed to per_gene_alignments_codon/LOC101403424_.aln.model.gz
CPU time for ModelFinder: 1.010 seconds (0h:0m:1s)
Wall-clock time for ModelFinder: 2.325 seconds (0h:0m:2s)
Generating 1000 samples for ultrafast bootstrap (seed: 535039)...

NOTE: 2 MB RAM (0 GB) is required!
Estimate model parameters (epsilon = 0.100)
1. Initial log-likelihood: -33784.223
Optimal log-likelihood: -33784.219
Rate parameters:  A-C: 1.29114  A-G: 5.09244  A-T: 0.94707  C-G: 1.96141  C-T: 4.13094  G-T: 1.00000
Base frequencies:  A: 0.311  C: 0.219  G: 0.212  T: 0.258
Gamma shape alpha: 1.179
Parameters optimization took 1 rounds (0.014 sec)
Wrote distance file to... 
Computing ML distances based on estimated model parameters...
Calculating distance matrix: done in 0.000611067 secs using 99.66% CPU
Computing ML distances took 0.000697 sec (of wall-clock time) 0.000703 sec (of CPU time)
Setting up auxiliary I and S matrices: done in 4.29153e-05 secs using 97.87% CPU
Computing RapidNJ tree took 0.000133 sec (of wall-clock time) 0.000132 sec (of CPU time)
Log-likelihood of RapidNJ tree: -33784.219
--------------------------------------------------------------------
|             INITIALIZING CANDIDATE TREE SET                      |
--------------------------------------------------------------------
Generating 99 parsimony trees... 0.282 second
Computing log-likelihood of 40 initial trees ... 0.071 seconds
Current best score: -33784.219

Do NNI search on 20 best initial trees
Estimate model parameters (epsilon = 0.100)
BETTER TREE FOUND at iteration 1: -33784.216
Iteration 10 / LogL: -33784.375 / Time: 0h:0m:3s
Iteration 20 / LogL: -33784.229 / Time: 0h:0m:3s
Finish initializing candidate tree set (1)
Current best tree score: -33784.216 / CPU time: 0.903
Number of iterations: 20
--------------------------------------------------------------------
|               OPTIMIZING CANDIDATE TREE SET                      |
--------------------------------------------------------------------
Iteration 30 / LogL: -33788.605 / Time: 0h:0m:3s (0h:0m:3s left)
Iteration 40 / LogL: -33784.216 / Time: 0h:0m:4s (0h:0m:2s left)
Iteration 50 / LogL: -33784.876 / Time: 0h:0m:4s (0h:0m:2s left)
Log-likelihood cutoff on original alignment: -33788.605
Iteration 60 / LogL: -33784.232 / Time: 0h:0m:5s (0h:0m:1s left)
Iteration 70 / LogL: -33784.216 / Time: 0h:0m:5s (0h:0m:1s left)
UPDATE BEST LOG-LIKELIHOOD: -33784.216
Iteration 80 / LogL: -33784.216 / Time: 0h:0m:5s (0h:0m:0s left)
UPDATE BEST LOG-LIKELIHOOD: -33784.216
Iteration 90 / LogL: -33784.216 / Time: 0h:0m:5s (0h:0m:0s left)
Iteration 100 / LogL: -33784.771 / Time: 0h:0m:6s (0h:0m:0s left)
Log-likelihood cutoff on original alignment: -33788.605
NOTE: Bootstrap correlation coefficient of split occurrence frequencies: 1.000
TREE SEARCH COMPLETED AFTER 102 ITERATIONS / Time: 0h:0m:6s

--------------------------------------------------------------------
|                    FINALIZING TREE SEARCH                        |
--------------------------------------------------------------------
Performs final model parameters optimization
Estimate model parameters (epsilon = 0.010)
1. Initial log-likelihood: -33784.216
Optimal log-likelihood: -33784.215
Rate parameters:  A-C: 1.29147  A-G: 5.08431  A-T: 0.94355  C-G: 1.95872  C-T: 4.12451  G-T: 1.00000
Base frequencies:  A: 0.311  C: 0.219  G: 0.212  T: 0.258
Gamma shape alpha: 1.180
Parameters optimization took 1 rounds (0.009 sec)
BEST SCORE FOUND : -33784.215
Creating bootstrap support values...
Split supports printed to NEXUS file per_gene_alignments_codon/LOC101403424_.aln.splits.nex
Total tree length: 0.330

Total number of iterations: 102
CPU time used for tree search: 2.594 sec (0h:0m:2s)
Wall-clock time used for tree search: 4.118 sec (0h:0m:4s)
Total CPU time used: 3.740 sec (0h:0m:3s)
Total wall-clock time used: 6.716 sec (0h:0m:6s)

Computing bootstrap consensus tree...
Reading input file per_gene_alignments_codon/LOC101403424_.aln.splits.nex...
7 taxa and 11 splits.
Consensus tree written to per_gene_alignments_codon/LOC101403424_.aln.contree
Reading input trees file per_gene_alignments_codon/LOC101403424_.aln.contree
Log-likelihood of consensus tree: -33784.215

Analysis results written to: 
  IQ-TREE report:                per_gene_alignments_codon/LOC101403424_.aln.iqtree
  Maximum-likelihood tree:       per_gene_alignments_codon/LOC101403424_.aln.treefile
  Likelihood distances:          per_gene_alignments_codon/LOC101403424_.aln.mldist

Ultrafast bootstrap approximation results written to:
  Split support values:          per_gene_alignments_codon/LOC101403424_.aln.splits.nex
  Consensus tree:                per_gene_alignments_codon/LOC101403424_.aln.contree
  Screen log file:               per_gene_alignments_codon/LOC101403424_.aln.log

Date and Time: Thu Oct 30 21:36:17 2025
