IQ-TREE multicore version 2.3.3 COVID-edition for Linux x86 64-bit built Apr 25 2024
Developed by Bui Quang Minh, James Barbetti, Nguyen Lam Tung, Olga Chernomor,
Heiko Schmidt, Dominik Schrempf, Michael Woodhams, Ly Trong Nhan, Thomas Wong

Host:    morpheus-OptiPlex-5050 (AVX2, FMA3, 503 GB RAM)
Command: iqtree2 -s per_gene_alignments_codon/LOC101391179_.aln.fna -m MFP -T 1 -B 1000 --prefix per_gene_alignments_codon/LOC101391179_.aln
Seed:    59615 (Using SPRNG - Scalable Parallel Random Number Generator)
Time:    Thu Oct 30 21:27:46 2025
Kernel:  AVX+FMA - 1 threads (72 CPU cores detected)

HINT: Use -nt option to specify number of threads because your CPU has 72 cores!
HINT: -nt AUTO will automatically determine the best number of threads to use.

Reading alignment file per_gene_alignments_codon/LOC101391179_.aln.fna ... Fasta format detected
Reading fasta file: done in 0.000360012 secs using 49.72% CPU
Alignment most likely contains DNA/RNA sequences
Alignment has 7 sequences with 1143 columns, 82 distinct patterns
64 parsimony-informative, 86 singleton sites, 993 constant sites
                     Gap/Ambiguity  Composition  p-value
Analyzing sequences: done in 1.90735e-05 secs using 47.19% CPU
   1  Ceratotherium_simum    0.00%    passed     98.98%
   2  Diceros_bicornis       0.00%    passed     99.56%
   3  Equus_asinus           0.00%    passed     98.60%
   4  Equus_quagga           0.00%    passed     98.15%
   5  Equus_caballus         0.00%    passed     99.27%
   6  Canis_lupus            0.52%    passed     68.75%
   7  Bos_taurus             1.05%    passed     79.78%
****  TOTAL                  0.22%  0 sequences failed composition chi2 test (p-value<5%; df=3)


Create initial parsimony tree by phylogenetic likelihood library (PLL)... 0.000 seconds
Perform fast likelihood tree search using GTR+I+G model...
Estimate model parameters (epsilon = 5.000)
Perform nearest neighbor interchange...
Estimate model parameters (epsilon = 1.000)
1. Initial log-likelihood: -2469.499
Optimal log-likelihood: -2469.456
Rate parameters:  A-C: 1.63555  A-G: 3.83684  A-T: 1.08590  C-G: 0.52799  C-T: 4.62831  G-T: 1.00000
Base frequencies:  A: 0.230  C: 0.296  G: 0.329  T: 0.145
Proportion of invariable sites: 0.428
Gamma shape alpha: 0.361
Parameters optimization took 1 rounds (0.039 sec)
Time for fast ML tree search: 0.099 seconds

NOTE: ModelFinder requires 0 MB RAM!
ModelFinder will test up to 484 DNA models (sample size: 1143) ...
 No. Model         -LnL         df  AIC          AICc         BIC
  1  GTR+F         2494.033     19  5026.065     5026.742     5121.852
  2  GTR+F+I       2469.351     20  4978.701     4979.450     5079.529
  3  GTR+F+G4      2469.375     20  4978.751     4979.500     5079.579
  4  GTR+F+I+G4    2469.435     21  4980.869     4981.694     5086.739
  5  GTR+F+R2      2470.179     21  4982.358     4983.182     5088.228
  6  GTR+F+R3      2469.752     23  4985.504     4986.491     5101.457
 14  GTR+F+I+R2    2469.590     22  4983.180     4984.084     5094.091
 15  GTR+F+I+R3    2469.478     24  4986.957     4988.030     5107.951
 24  SYM+I         2524.510     17  5083.020     5083.564     5168.724
 25  SYM+G4        2524.546     17  5083.091     5083.635     5168.795
 26  SYM+I+G4      2524.772     18  5085.543     5086.152     5176.289
 27  SYM+R2        2525.633     18  5087.266     5087.875     5178.012
 46  TVM+F+I       2469.551     19  4977.102     4977.779     5072.889
 47  TVM+F+G4      2469.601     19  4977.202     4977.879     5072.989
 48  TVM+F+I+G4    2469.678     20  4979.357     4980.106     5080.185
 49  TVM+F+R2      2470.480     20  4980.961     4981.709     5081.789
 68  TVMe+I        2524.985     16  5081.971     5082.454     5162.633
 69  TVMe+G4       2525.015     16  5082.029     5082.513     5162.692
 70  TVMe+I+G4     2525.181     17  5084.362     5084.906     5170.066
 71  TVMe+R2       2526.003     17  5086.006     5086.550     5171.710
 90  TIM3+F+I      2473.148     18  4982.295     4982.904     5073.041
 91  TIM3+F+G4     2473.145     18  4982.291     4982.899     5073.036
 92  TIM3+F+I+G4   2473.383     19  4984.765     4985.442     5080.552
 93  TIM3+F+R2     2474.209     19  4986.419     4987.095     5082.206
112  TIM3e+I       2526.075     15  5082.150     5082.576     5157.772
113  TIM3e+G4      2526.135     15  5082.270     5082.696     5157.892
114  TIM3e+I+G4    2526.440     16  5084.881     5085.364     5165.543
115  TIM3e+R2      2527.339     16  5086.678     5087.161     5167.340
134  TIM2+F+I      2470.040     18  4976.080     4976.689     5066.826
135  TIM2+F+G4     2470.079     18  4976.159     4976.767     5066.904
136  TIM2+F+I+G4   2470.142     19  4978.285     4978.961     5074.071
137  TIM2+F+R2     2470.931     19  4979.862     4980.539     5075.649
156  TIM2e+I       2526.655     15  5083.310     5083.736     5158.932
157  TIM2e+G4      2526.682     15  5083.365     5083.791     5158.986
158  TIM2e+I+G4    2526.942     16  5085.885     5086.368     5166.547
159  TIM2e+R2      2527.756     16  5087.513     5087.996     5168.175
178  TIM+F+I       2470.952     18  4977.905     4978.513     5068.650
179  TIM+F+G4      2470.958     18  4977.915     4978.524     5068.661
180  TIM+F+I+G4    2471.141     19  4980.281     4980.958     5076.068
181  TIM+F+R2      2471.888     19  4981.775     4982.452     5077.562
200  TIMe+I        2527.076     15  5084.152     5084.578     5159.773
201  TIMe+G4       2527.117     15  5084.235     5084.661     5159.856
202  TIMe+I+G4     2527.379     16  5086.758     5087.241     5167.420
203  TIMe+R2       2528.247     16  5088.493     5088.976     5169.156
222  TPM3u+F+I     2473.445     17  4980.889     4981.433     5066.593
223  TPM3u+F+G4    2473.448     17  4980.897     4981.441     5066.601
224  TPM3u+F+I+G4  2473.724     18  4983.448     4984.057     5074.194
225  TPM3u+F+R2    2474.612     18  4985.225     4985.834     5075.970
244  TPM3+I        2526.522     14  5081.044     5081.416     5151.623
245  TPM3+G4       2526.581     14  5081.162     5081.534     5151.741
246  TPM3+I+G4     2526.830     15  5083.660     5084.086     5159.281
247  TPM3+R2       2527.686     15  5085.372     5085.798     5160.993
266  TPM2u+F+I     2470.232     17  4974.465     4975.009     5060.169
267  TPM2u+F+G4    2470.300     17  4974.600     4975.144     5060.304
268  TPM2u+F+I+G4  2470.380     18  4976.760     4977.368     5067.505
269  TPM2u+F+R2    2471.224     18  4978.448     4979.057     5069.193
288  TPM2+I        2527.175     14  5082.350     5082.722     5152.929
289  TPM2+G4       2527.202     14  5082.404     5082.776     5152.984
290  TPM2+I+G4     2527.395     15  5084.790     5085.216     5160.411
291  TPM2+R2       2528.247     15  5086.495     5086.921     5162.116
310  K3Pu+F+I      2471.252     17  4976.504     4977.048     5062.208
311  K3Pu+F+G4     2471.266     17  4976.532     4977.076     5062.236
312  K3Pu+F+I+G4   2471.482     18  4978.964     4979.573     5069.710
313  K3Pu+F+R2     2472.376     18  4980.753     4981.361     5071.498
332  K3P+I         2527.563     14  5083.126     5083.498     5153.706
333  K3P+G4        2527.602     14  5083.204     5083.576     5153.783
334  K3P+I+G4      2527.807     15  5085.615     5086.041     5161.236
335  K3P+R2        2528.636     15  5087.271     5087.697     5162.892
354  TN+F+I        2473.145     17  4980.290     4980.834     5065.994
355  TN+F+G4       2473.145     17  4980.290     4980.834     5065.994
356  TN+F+I+G4     2473.383     18  4982.766     4983.375     5073.512
357  TN+F+R2       2474.191     18  4984.382     4984.991     5075.128
376  TNe+I         2527.874     14  5083.749     5084.121     5154.328
377  TNe+G4        2527.926     14  5083.853     5084.225     5154.432
378  TNe+I+G4      2528.232     15  5086.464     5086.890     5162.085
379  TNe+R2        2529.140     15  5088.279     5088.705     5163.901
398  HKY+F+I       2473.444     16  4978.889     4979.372     5059.551
399  HKY+F+G4      2473.447     16  4978.894     4979.377     5059.557
400  HKY+F+I+G4    2473.723     17  4981.445     4981.989     5067.149
401  HKY+F+R2      2474.595     17  4983.190     4983.734     5068.894
420  K2P+I         2528.356     13  5082.712     5083.035     5148.251
421  K2P+G4        2528.407     13  5082.814     5083.136     5148.352
422  K2P+I+G4      2528.659     14  5085.317     5085.690     5155.897
423  K2P+R2        2529.528     14  5087.055     5087.427     5157.635
442  F81+F+I       2508.598     15  5047.197     5047.623     5122.818
443  F81+F+G4      2508.673     15  5047.345     5047.771     5122.966
444  F81+F+I+G4    2508.915     16  5049.829     5050.312     5130.492
445  F81+F+R2      2509.782     16  5051.565     5052.048     5132.227
464  JC+I          2558.985     12  5141.970     5142.246     5202.467
465  JC+G4         2559.114     12  5142.228     5142.504     5202.725
466  JC+I+G4       2559.396     13  5144.793     5145.115     5210.331
467  JC+R2         2560.362     13  5146.723     5147.045     5212.261
Akaike Information Criterion:           TPM2u+F+I
Corrected Akaike Information Criterion: TPM2u+F+I
Bayesian Information Criterion:         HKY+F+I
Best-fit model: HKY+F+I chosen according to BIC

All model information printed to per_gene_alignments_codon/LOC101391179_.aln.model.gz
CPU time for ModelFinder: 2.393 seconds (0h:0m:2s)
Wall-clock time for ModelFinder: 5.993 seconds (0h:0m:5s)
Generating 1000 samples for ultrafast bootstrap (seed: 59615)...

NOTE: 0 MB RAM (0 GB) is required!
Estimate model parameters (epsilon = 0.100)
1. Initial log-likelihood: -2473.444
Optimal log-likelihood: -2473.444
Rate parameters:  A-C: 1.00000  A-G: 4.19287  A-T: 1.00000  C-G: 1.00000  C-T: 4.19287  G-T: 1.00000
Base frequencies:  A: 0.230  C: 0.296  G: 0.329  T: 0.145
Proportion of invariable sites: 0.753
Parameters optimization took 1 rounds (0.001 sec)
Wrote distance file to... 
Computing ML distances based on estimated model parameters...
Calculating distance matrix: done in 0.000197887 secs using 99.05% CPU
Computing ML distances took 0.000241 sec (of wall-clock time) 0.000245 sec (of CPU time)
Setting up auxiliary I and S matrices: done in 4.60148e-05 secs using 191.2% CPU
Computing RapidNJ tree took 0.000132 sec (of wall-clock time) 0.000263 sec (of CPU time)
Log-likelihood of RapidNJ tree: -2474.918
--------------------------------------------------------------------
|             INITIALIZING CANDIDATE TREE SET                      |
--------------------------------------------------------------------
Generating 98 parsimony trees... 0.066 second
Computing log-likelihood of 43 initial trees ... 0.041 seconds
Current best score: -2473.444

Do NNI search on 20 best initial trees
Estimate model parameters (epsilon = 0.100)
BETTER TREE FOUND at iteration 1: -2473.444
Iteration 10 / LogL: -2473.528 / Time: 0h:0m:6s
Iteration 20 / LogL: -2473.452 / Time: 0h:0m:6s
Finish initializing candidate tree set (2)
Current best tree score: -2473.444 / CPU time: 0.225
Number of iterations: 20
--------------------------------------------------------------------
|               OPTIMIZING CANDIDATE TREE SET                      |
--------------------------------------------------------------------
UPDATE BEST LOG-LIKELIHOOD: -2473.444
Iteration 30 / LogL: -2473.703 / Time: 0h:0m:6s (0h:0m:0s left)
Iteration 40 / LogL: -2473.497 / Time: 0h:0m:6s (0h:0m:0s left)
Iteration 50 / LogL: -2473.449 / Time: 0h:0m:6s (0h:0m:0s left)
Log-likelihood cutoff on original alignment: -2489.009
Iteration 60 / LogL: -2473.444 / Time: 0h:0m:7s (0h:0m:0s left)
Iteration 70 / LogL: -2474.023 / Time: 0h:0m:7s (0h:0m:0s left)
Iteration 80 / LogL: -2473.477 / Time: 0h:0m:7s (0h:0m:0s left)
Iteration 90 / LogL: -2473.452 / Time: 0h:0m:7s (0h:0m:0s left)
Iteration 100 / LogL: -2473.604 / Time: 0h:0m:7s (0h:0m:0s left)
Log-likelihood cutoff on original alignment: -2489.009
NOTE: Bootstrap correlation coefficient of split occurrence frequencies: 1.000
TREE SEARCH COMPLETED AFTER 102 ITERATIONS / Time: 0h:0m:7s

--------------------------------------------------------------------
|                    FINALIZING TREE SEARCH                        |
--------------------------------------------------------------------
Performs final model parameters optimization
Estimate model parameters (epsilon = 0.010)
1. Initial log-likelihood: -2473.444
Optimal log-likelihood: -2473.444
Rate parameters:  A-C: 1.00000  A-G: 4.19215  A-T: 1.00000  C-G: 1.00000  C-T: 4.19215  G-T: 1.00000
Base frequencies:  A: 0.230  C: 0.296  G: 0.329  T: 0.145
Proportion of invariable sites: 0.753
Parameters optimization took 1 rounds (0.009 sec)
BEST SCORE FOUND : -2473.444
Creating bootstrap support values...
Split supports printed to NEXUS file per_gene_alignments_codon/LOC101391179_.aln.splits.nex
Total tree length: 0.201

Total number of iterations: 102
CPU time used for tree search: 0.964 sec (0h:0m:0s)
Wall-clock time used for tree search: 1.755 sec (0h:0m:1s)
Total CPU time used: 3.418 sec (0h:0m:3s)
Total wall-clock time used: 7.899 sec (0h:0m:7s)

Computing bootstrap consensus tree...
Reading input file per_gene_alignments_codon/LOC101391179_.aln.splits.nex...
7 taxa and 17 splits.
Consensus tree written to per_gene_alignments_codon/LOC101391179_.aln.contree
Reading input trees file per_gene_alignments_codon/LOC101391179_.aln.contree
Log-likelihood of consensus tree: -2473.448

Analysis results written to: 
  IQ-TREE report:                per_gene_alignments_codon/LOC101391179_.aln.iqtree
  Maximum-likelihood tree:       per_gene_alignments_codon/LOC101391179_.aln.treefile
  Likelihood distances:          per_gene_alignments_codon/LOC101391179_.aln.mldist

Ultrafast bootstrap approximation results written to:
  Split support values:          per_gene_alignments_codon/LOC101391179_.aln.splits.nex
  Consensus tree:                per_gene_alignments_codon/LOC101391179_.aln.contree
  Screen log file:               per_gene_alignments_codon/LOC101391179_.aln.log

Date and Time: Thu Oct 30 21:27:54 2025
