IQ-TREE multicore version 2.3.3 COVID-edition for Linux x86 64-bit built Apr 25 2024
Developed by Bui Quang Minh, James Barbetti, Nguyen Lam Tung, Olga Chernomor,
Heiko Schmidt, Dominik Schrempf, Michael Woodhams, Ly Trong Nhan, Thomas Wong

Host:    morpheus-OptiPlex-5050 (AVX2, FMA3, 503 GB RAM)
Command: iqtree2 -s per_gene_alignments_codon/LOC101394173_.aln.fna -m MFP -T 1 -B 1000 --prefix per_gene_alignments_codon/LOC101394173_.aln
Seed:    702509 (Using SPRNG - Scalable Parallel Random Number Generator)
Time:    Thu Oct 30 21:29:49 2025
Kernel:  AVX+FMA - 1 threads (72 CPU cores detected)

HINT: Use -nt option to specify number of threads because your CPU has 72 cores!
HINT: -nt AUTO will automatically determine the best number of threads to use.

Reading alignment file per_gene_alignments_codon/LOC101394173_.aln.fna ... Fasta format detected
Reading fasta file: done in 0.000504971 secs using 99.61% CPU
Alignment most likely contains DNA/RNA sequences
Alignment has 7 sequences with 1680 columns, 112 distinct patterns
116 parsimony-informative, 192 singleton sites, 1372 constant sites
                     Gap/Ambiguity  Composition  p-value
Analyzing sequences: done in 2.38419e-05 secs using 96.47% CPU
   1  Ceratotherium_simum    0.00%    passed     98.15%
   2  Diceros_bicornis       0.00%    passed     97.83%
   3  Equus_asinus           0.00%    passed     99.06%
   4  Equus_quagga           0.00%    passed     99.43%
   5  Equus_caballus         0.00%    passed     98.59%
   6  Canis_lupus            0.00%    passed     63.45%
   7  Bos_taurus             1.43%    passed     43.19%
****  TOTAL                  0.20%  0 sequences failed composition chi2 test (p-value<5%; df=3)


Create initial parsimony tree by phylogenetic likelihood library (PLL)... 0.000 seconds
Perform fast likelihood tree search using GTR+I+G model...
Estimate model parameters (epsilon = 5.000)
Perform nearest neighbor interchange...
Estimate model parameters (epsilon = 1.000)
1. Initial log-likelihood: -3906.344
Optimal log-likelihood: -3906.133
Rate parameters:  A-C: 1.19620  A-G: 2.96102  A-T: 0.63014  C-G: 1.02862  C-T: 4.21344  G-T: 1.00000
Base frequencies:  A: 0.137  C: 0.399  G: 0.355  T: 0.109
Proportion of invariable sites: 0.401
Gamma shape alpha: 0.450
Parameters optimization took 1 rounds (0.003 sec)
Time for fast ML tree search: 0.036 seconds

NOTE: ModelFinder requires 0 MB RAM!
ModelFinder will test up to 484 DNA models (sample size: 1680) ...
 No. Model         -LnL         df  AIC          AICc         BIC
  1  GTR+F         3962.295     19  7962.590     7963.048     8065.694
  2  GTR+F+I       3904.980     20  7849.960     7850.466     7958.491
  3  GTR+F+G4      3905.234     20  7850.468     7850.974     7958.999
  4  GTR+F+I+G4    3906.066     21  7854.133     7854.690     7968.090
  5  GTR+F+R2      3905.110     21  7852.221     7852.778     7966.178
  6  GTR+F+R3      3905.185     23  7856.371     7857.037     7981.181
 14  GTR+F+I+R2    3905.288     22  7854.576     7855.187     7973.960
 15  GTR+F+I+R3    3905.488     24  7858.976     7859.701     7989.213
 24  SYM+I         4172.496     17  8378.992     8379.360     8471.244
 25  SYM+G4        4172.749     17  8379.498     8379.867     8471.750
 26  SYM+I+G4      4173.031     18  8382.061     8382.473     8479.739
 27  SYM+R2        4172.698     18  8381.395     8381.807     8479.073
 46  TVM+F+I       3907.070     19  7852.140     7852.598     7955.244
 47  TVM+F+G4      3907.033     19  7852.066     7852.524     7955.170
 48  TVM+F+I+G4    3907.392     20  7854.785     7855.291     7963.316
 49  TVM+F+R2      3907.154     20  7854.308     7854.814     7962.839
 68  TVMe+I        4172.737     16  8377.474     8377.801     8464.298
 69  TVMe+G4       4172.960     16  8377.920     8378.248     8464.745
 70  TVMe+I+G4     4173.248     17  8380.496     8380.864     8472.747
 71  TVMe+R2       4172.928     17  8379.857     8380.225     8472.108
 90  TIM3+F+I      3905.213     18  7846.426     7846.838     7944.104
 91  TIM3+F+G4     3905.525     18  7847.049     7847.461     7944.727
 92  TIM3+F+I+G4   3906.415     19  7850.830     7851.288     7953.934
 93  TIM3+F+R2     3905.364     19  7848.729     7849.187     7951.833
112  TIM3e+I       4181.495     15  8392.990     8393.279     8474.388
113  TIM3e+G4      4181.620     15  8393.240     8393.528     8474.638
114  TIM3e+I+G4    4181.779     16  8395.558     8395.885     8482.383
115  TIM3e+R2      4181.679     16  8395.359     8395.686     8482.184
134  TIM2+F+I      3905.352     18  7846.704     7847.116     7944.382
135  TIM2+F+G4     3905.675     18  7847.349     7847.761     7945.027
136  TIM2+F+I+G4   3906.592     19  7851.183     7851.641     7954.288
137  TIM2+F+R2     3905.481     19  7848.963     7849.421     7952.067
156  TIM2e+I       4190.839     15  8411.678     8411.967     8493.077
157  TIM2e+G4      4191.266     15  8412.532     8412.821     8493.931
158  TIM2e+I+G4    4191.732     16  8415.464     8415.791     8502.288
159  TIM2e+R2      4191.042     16  8414.085     8414.412     8500.910
178  TIM+F+I       3905.322     18  7846.645     7847.056     7944.322
179  TIM+F+G4      3905.635     18  7847.271     7847.683     7944.949
180  TIM+F+I+G4    3906.561     19  7851.122     7851.580     7954.227
181  TIM+F+R2      3905.454     19  7848.908     7849.366     7952.013
200  TIMe+I        4187.680     15  8405.360     8405.648     8486.758
201  TIMe+G4       4188.260     15  8406.520     8406.808     8487.918
202  TIMe+I+G4     4188.830     16  8409.661     8409.988     8496.486
203  TIMe+R2       4187.914     16  8407.829     8408.156     8494.653
222  TPM3u+F+I     3907.334     17  7848.668     7849.037     7940.920
223  TPM3u+F+G4    3907.352     17  7848.704     7849.072     7940.955
224  TPM3u+F+I+G4  3907.755     18  7851.511     7851.922     7949.189
225  TPM3u+F+R2    3907.429     18  7850.858     7851.270     7948.536
244  TPM3+I        4181.843     14  8391.685     8391.937     8467.657
245  TPM3+G4       4181.949     14  8391.897     8392.149     8467.869
246  TPM3+I+G4     4182.104     15  8394.208     8394.496     8475.606
247  TPM3+R2       4182.033     15  8394.066     8394.355     8475.465
266  TPM2u+F+I     3907.525     17  7849.049     7849.418     7941.301
267  TPM2u+F+G4    3907.557     17  7849.114     7849.483     7941.366
268  TPM2u+F+I+G4  3907.976     18  7851.951     7852.363     7949.629
269  TPM2u+F+R2    3907.609     18  7851.218     7851.630     7948.896
288  TPM2+I        4190.921     14  8409.842     8410.094     8485.814
289  TPM2+G4       4191.328     14  8410.656     8410.909     8486.628
290  TPM2+I+G4     4191.788     15  8413.576     8413.864     8494.974
291  TPM2+R2       4191.122     15  8412.244     8412.532     8493.642
310  K3Pu+F+I      3907.508     17  7849.016     7849.384     7941.267
311  K3Pu+F+G4     3907.538     17  7849.076     7849.444     7941.327
312  K3Pu+F+I+G4   3907.985     18  7851.970     7852.382     7949.648
313  K3Pu+F+R2     3907.589     18  7851.178     7851.590     7948.856
332  K3P+I         4187.872     14  8403.744     8403.997     8479.716
333  K3P+G4        4188.427     14  8404.855     8405.107     8480.827
334  K3P+I+G4      4188.971     15  8407.941     8408.230     8489.340
335  K3P+R2        4188.105     15  8406.209     8406.498     8487.607
354  TN+F+I        3905.353     17  7844.706     7845.074     7936.957
355  TN+F+G4       3905.688     17  7845.376     7845.744     7937.627
356  TN+F+I+G4     3906.646     18  7849.291     7849.703     7946.969
357  TN+F+R2       3905.484     18  7846.969     7847.381     7944.647
376  TNe+I         4198.195     14  8424.391     8424.643     8500.362
377  TNe+G4        4198.553     14  8425.106     8425.358     8501.077
378  TNe+I+G4      4198.930     15  8427.860     8428.148     8509.258
379  TNe+R2        4198.404     15  8426.807     8427.096     8508.206
398  HKY+F+I       3907.538     16  7847.075     7847.403     7933.900
399  HKY+F+G4      3907.591     16  7847.182     7847.509     7934.007
400  HKY+F+I+G4    3908.077     17  7850.153     7850.522     7942.405
401  HKY+F+R2      3907.620     17  7849.240     7849.608     7941.492
420  K2P+I         4198.359     13  8422.718     8422.936     8493.263
421  K2P+G4        4198.693     13  8423.385     8423.604     8493.930
422  K2P+I+G4      4199.054     14  8426.108     8426.360     8502.080
423  K2P+R2        4198.567     14  8425.134     8425.386     8501.106
442  F81+F+I       3950.681     15  7931.362     7931.651     8012.761
443  F81+F+G4      3950.978     15  7931.956     7932.245     8013.354
444  F81+F+I+G4    3951.482     16  7934.965     7935.292     8021.790
445  F81+F+R2      3950.820     16  7933.640     7933.967     8020.465
464  JC+I          4213.121     12  8450.243     8450.430     8515.362
465  JC+G4         4213.662     12  8451.323     8451.511     8516.442
466  JC+I+G4       4214.125     13  8454.251     8454.469     8524.796
467  JC+R2         4213.338     13  8452.677     8452.895     8523.222
Akaike Information Criterion:           TN+F+I
Corrected Akaike Information Criterion: TN+F+I
Bayesian Information Criterion:         HKY+F+I
Best-fit model: HKY+F+I chosen according to BIC

All model information printed to per_gene_alignments_codon/LOC101394173_.aln.model.gz
CPU time for ModelFinder: 1.229 seconds (0h:0m:1s)
Wall-clock time for ModelFinder: 1.824 seconds (0h:0m:1s)
Generating 1000 samples for ultrafast bootstrap (seed: 702509)...

NOTE: 0 MB RAM (0 GB) is required!
Estimate model parameters (epsilon = 0.100)
1. Initial log-likelihood: -3907.538
Optimal log-likelihood: -3907.535
Rate parameters:  A-C: 1.00000  A-G: 3.42713  A-T: 1.00000  C-G: 1.00000  C-T: 3.42713  G-T: 1.00000
Base frequencies:  A: 0.137  C: 0.399  G: 0.355  T: 0.109
Proportion of invariable sites: 0.707
Parameters optimization took 1 rounds (0.001 sec)
Wrote distance file to... 
Computing ML distances based on estimated model parameters...
Calculating distance matrix: done in 0.000168085 secs using 99.35% CPU
Computing ML distances took 0.000221 sec (of wall-clock time) 0.000226 sec (of CPU time)
Setting up auxiliary I and S matrices: done in 4.29153e-05 secs using 97.87% CPU
Computing RapidNJ tree took 0.000137 sec (of wall-clock time) 0.000137 sec (of CPU time)
Log-likelihood of RapidNJ tree: -3907.535
--------------------------------------------------------------------
|             INITIALIZING CANDIDATE TREE SET                      |
--------------------------------------------------------------------
Generating 99 parsimony trees... 0.079 second
Computing log-likelihood of 35 initial trees ... 0.022 seconds
Current best score: -3907.535

Do NNI search on 20 best initial trees
Estimate model parameters (epsilon = 0.100)
BETTER TREE FOUND at iteration 1: -3907.535
Iteration 10 / LogL: -3907.895 / Time: 0h:0m:2s
Iteration 20 / LogL: -3907.545 / Time: 0h:0m:2s
Finish initializing candidate tree set (2)
Current best tree score: -3907.535 / CPU time: 0.197
Number of iterations: 20
--------------------------------------------------------------------
|               OPTIMIZING CANDIDATE TREE SET                      |
--------------------------------------------------------------------
Iteration 30 / LogL: -3907.606 / Time: 0h:0m:2s (0h:0m:0s left)
UPDATE BEST LOG-LIKELIHOOD: -3907.535
UPDATE BEST LOG-LIKELIHOOD: -3907.535
WARNING: NNI search needs unusual large number of steps (7) to converge!
Iteration 40 / LogL: -3907.665 / Time: 0h:0m:2s (0h:0m:0s left)
UPDATE BEST LOG-LIKELIHOOD: -3907.535
Iteration 50 / LogL: -3907.535 / Time: 0h:0m:2s (0h:0m:0s left)
Log-likelihood cutoff on original alignment: -3920.579
Iteration 60 / LogL: -3907.623 / Time: 0h:0m:2s (0h:0m:0s left)
Iteration 70 / LogL: -3907.554 / Time: 0h:0m:2s (0h:0m:0s left)
Iteration 80 / LogL: -3907.587 / Time: 0h:0m:2s (0h:0m:0s left)
UPDATE BEST LOG-LIKELIHOOD: -3907.535
Iteration 90 / LogL: -3907.583 / Time: 0h:0m:3s (0h:0m:0s left)
WARNING: NNI search needs unusual large number of steps (7) to converge!
UPDATE BEST LOG-LIKELIHOOD: -3907.535
Iteration 100 / LogL: -3907.587 / Time: 0h:0m:3s (0h:0m:0s left)
Log-likelihood cutoff on original alignment: -3920.579
NOTE: Bootstrap correlation coefficient of split occurrence frequencies: 1.000
TREE SEARCH COMPLETED AFTER 102 ITERATIONS / Time: 0h:0m:3s

--------------------------------------------------------------------
|                    FINALIZING TREE SEARCH                        |
--------------------------------------------------------------------
Performs final model parameters optimization
Estimate model parameters (epsilon = 0.010)
1. Initial log-likelihood: -3907.535
Optimal log-likelihood: -3907.535
Rate parameters:  A-C: 1.00000  A-G: 3.41949  A-T: 1.00000  C-G: 1.00000  C-T: 3.41949  G-T: 1.00000
Base frequencies:  A: 0.137  C: 0.399  G: 0.355  T: 0.109
Proportion of invariable sites: 0.707
Parameters optimization took 1 rounds (0.001 sec)
BEST SCORE FOUND : -3907.535
Creating bootstrap support values...
Split supports printed to NEXUS file per_gene_alignments_codon/LOC101394173_.aln.splits.nex
Total tree length: 0.342

Total number of iterations: 102
CPU time used for tree search: 1.021 sec (0h:0m:1s)
Wall-clock time used for tree search: 1.298 sec (0h:0m:1s)
Total CPU time used: 2.308 sec (0h:0m:2s)
Total wall-clock time used: 3.223 sec (0h:0m:3s)

Computing bootstrap consensus tree...
Reading input file per_gene_alignments_codon/LOC101394173_.aln.splits.nex...
7 taxa and 17 splits.
Consensus tree written to per_gene_alignments_codon/LOC101394173_.aln.contree
Reading input trees file per_gene_alignments_codon/LOC101394173_.aln.contree
Log-likelihood of consensus tree: -3907.585

Analysis results written to: 
  IQ-TREE report:                per_gene_alignments_codon/LOC101394173_.aln.iqtree
  Maximum-likelihood tree:       per_gene_alignments_codon/LOC101394173_.aln.treefile
  Likelihood distances:          per_gene_alignments_codon/LOC101394173_.aln.mldist

Ultrafast bootstrap approximation results written to:
  Split support values:          per_gene_alignments_codon/LOC101394173_.aln.splits.nex
  Consensus tree:                per_gene_alignments_codon/LOC101394173_.aln.contree
  Screen log file:               per_gene_alignments_codon/LOC101394173_.aln.log

Date and Time: Thu Oct 30 21:29:53 2025
