IQ-TREE multicore version 2.3.3 COVID-edition for Linux x86 64-bit built Apr 25 2024
Developed by Bui Quang Minh, James Barbetti, Nguyen Lam Tung, Olga Chernomor,
Heiko Schmidt, Dominik Schrempf, Michael Woodhams, Ly Trong Nhan, Thomas Wong

Host:    morpheus-OptiPlex-5050 (AVX2, FMA3, 503 GB RAM)
Command: iqtree2 -s per_gene_alignments_codon/LOC101408996_.aln.fna -m MFP -T 1 -B 1000 --prefix per_gene_alignments_codon/LOC101408996_.aln
Seed:    708814 (Using SPRNG - Scalable Parallel Random Number Generator)
Time:    Thu Oct 30 21:39:54 2025
Kernel:  AVX+FMA - 1 threads (72 CPU cores detected)

HINT: Use -nt option to specify number of threads because your CPU has 72 cores!
HINT: -nt AUTO will automatically determine the best number of threads to use.

Reading alignment file per_gene_alignments_codon/LOC101408996_.aln.fna ... Fasta format detected
Reading fasta file: done in 0.000309944 secs
Alignment most likely contains DNA/RNA sequences
Alignment has 7 sequences with 936 columns, 67 distinct patterns
76 parsimony-informative, 77 singleton sites, 783 constant sites
                     Gap/Ambiguity  Composition  p-value
Analyzing sequences: done in 1.40667e-05 secs
   1  Ceratotherium_simum    0.00%    passed     97.24%
   2  Diceros_bicornis       0.00%    passed     96.73%
   3  Equus_asinus           0.00%    passed     99.25%
   4  Equus_quagga           0.00%    passed     99.56%
   5  Equus_caballus         0.00%    passed     99.56%
   6  Canis_lupus            0.00%    passed     93.15%
   7  Bos_taurus             0.00%    passed     92.61%
****  TOTAL                  0.00%  0 sequences failed composition chi2 test (p-value<5%; df=3)


Create initial parsimony tree by phylogenetic likelihood library (PLL)... 0.000 seconds
Perform fast likelihood tree search using GTR+I+G model...
Estimate model parameters (epsilon = 5.000)
Perform nearest neighbor interchange...
Estimate model parameters (epsilon = 1.000)
1. Initial log-likelihood: -2196.248
Optimal log-likelihood: -2196.147
Rate parameters:  A-C: 3.08956  A-G: 10.74291  A-T: 0.11271  C-G: 4.29199  C-T: 23.44198  G-T: 1.00000
Base frequencies:  A: 0.221  C: 0.269  G: 0.294  T: 0.216
Proportion of invariable sites: 0.411
Gamma shape alpha: 0.517
Parameters optimization took 1 rounds (0.005 sec)
Time for fast ML tree search: 0.029 seconds

NOTE: ModelFinder requires 0 MB RAM!
ModelFinder will test up to 484 DNA models (sample size: 936) ...
 No. Model         -LnL         df  AIC          AICc         BIC
  1  GTR+F         2220.042     19  4478.083     4478.913     4570.074
  2  GTR+F+I       2196.270     20  4432.539     4433.457     4529.371
  3  GTR+F+G4      2196.202     20  4432.405     4433.323     4529.237
  4  GTR+F+I+G4    2196.166     21  4434.332     4435.343     4536.006
  5  GTR+F+R2      2196.804     21  4435.607     4436.618     4537.281
  6  GTR+F+R3      2196.456     23  4438.912     4440.122     4550.269
 14  GTR+F+I+R2    2196.343     22  4436.685     4437.794     4543.201
 15  GTR+F+I+R3    2196.209     24  4440.417     4441.734     4556.616
 24  SYM+I         2205.781     17  4445.562     4446.229     4527.869
 25  SYM+G4        2205.658     17  4445.316     4445.983     4527.624
 26  SYM+I+G4      2205.550     18  4447.100     4447.846     4534.249
 27  SYM+R2        2206.103     18  4448.207     4448.953     4535.356
 46  TVM+F+I       2201.535     19  4441.070     4441.899     4533.060
 47  TVM+F+G4      2201.524     19  4441.048     4441.877     4533.038
 48  TVM+F+I+G4    2201.584     20  4443.168     4444.086     4540.000
 49  TVM+F+R2      2202.200     20  4444.400     4445.318     4541.232
 68  TVMe+I        2210.213     16  4452.426     4453.018     4529.892
 69  TVMe+G4       2210.177     16  4452.354     4452.946     4529.820
 70  TVMe+I+G4     2210.188     17  4454.376     4455.042     4536.683
 71  TVMe+R2       2210.728     17  4455.456     4456.123     4537.764
 90  TIM3+F+I      2197.558     18  4431.117     4431.862     4518.266
 91  TIM3+F+G4     2197.477     18  4430.953     4431.699     4518.102
 92  TIM3+F+I+G4   2197.407     19  4432.814     4433.644     4524.805
 93  TIM3+F+R2     2198.047     19  4434.095     4434.925     4526.086
112  TIM3e+I       2208.055     15  4446.110     4446.632     4518.734
113  TIM3e+G4      2207.916     15  4445.832     4446.354     4518.456
114  TIM3e+I+G4    2207.759     16  4447.518     4448.110     4524.984
115  TIM3e+R2      2208.311     16  4448.621     4449.213     4526.087
134  TIM2+F+I      2202.838     18  4441.675     4442.421     4528.825
135  TIM2+F+G4     2202.892     18  4441.784     4442.529     4528.933
136  TIM2+F+I+G4   2203.093     19  4444.186     4445.016     4536.177
137  TIM2+F+R2     2204.058     19  4446.115     4446.945     4538.106
156  TIM2e+I       2214.153     15  4458.305     4458.827     4530.930
157  TIM2e+G4      2214.209     15  4458.418     4458.939     4531.042
158  TIM2e+I+G4    2214.398     16  4460.796     4461.388     4538.262
159  TIM2e+R2      2215.259     16  4462.518     4463.110     4539.983
178  TIM+F+I       2203.574     18  4443.147     4443.893     4530.296
179  TIM+F+G4      2203.630     18  4443.260     4444.006     4530.409
180  TIM+F+I+G4    2203.838     19  4445.676     4446.506     4537.667
181  TIM+F+R2      2204.810     19  4447.620     4448.450     4539.611
200  TIMe+I        2215.794     15  4461.589     4462.111     4534.213
201  TIMe+G4       2215.858     15  4461.716     4462.238     4534.340
202  TIMe+I+G4     2216.047     16  4464.094     4464.686     4541.560
203  TIMe+R2       2216.920     16  4465.841     4466.433     4543.306
222  TPM3u+F+I     2202.900     17  4439.799     4440.466     4522.107
223  TPM3u+F+G4    2202.867     17  4439.733     4440.400     4522.041
224  TPM3u+F+I+G4  2202.854     18  4441.709     4442.455     4528.858
225  TPM3u+F+R2    2203.454     18  4442.909     4443.654     4530.058
244  TPM3+I        2212.696     14  4453.392     4453.848     4521.175
245  TPM3+G4       2212.632     14  4453.264     4453.720     4521.047
246  TPM3+I+G4     2212.576     15  4455.152     4455.673     4527.776
247  TPM3+R2       2213.101     15  4456.202     4456.724     4528.827
266  TPM2u+F+I     2208.179     17  4450.359     4451.025     4532.666
267  TPM2u+F+G4    2208.253     17  4450.506     4451.173     4532.814
268  TPM2u+F+I+G4  2208.610     18  4453.221     4453.967     4540.370
269  TPM2u+F+R2    2209.519     18  4455.039     4455.785     4542.188
288  TPM2+I        2218.475     14  4464.949     4465.405     4532.732
289  TPM2+G4       2218.558     14  4465.116     4465.572     4532.898
290  TPM2+I+G4     2218.893     15  4467.786     4468.307     4540.410
291  TPM2+R2       2219.726     15  4469.451     4469.973     4542.075
310  K3Pu+F+I      2208.958     17  4451.916     4452.582     4534.223
311  K3Pu+F+G4     2209.026     17  4452.051     4452.718     4534.359
312  K3Pu+F+I+G4   2209.341     18  4454.682     4455.428     4541.831
313  K3Pu+F+R2     2210.239     18  4456.477     4457.223     4543.626
332  K3P+I         2220.331     14  4468.662     4469.118     4536.444
333  K3P+G4        2220.417     14  4468.835     4469.291     4536.618
334  K3P+I+G4      2220.692     15  4471.384     4471.906     4544.008
335  K3P+R2        2221.506     15  4473.012     4473.534     4545.636
354  TN+F+I        2203.832     17  4441.664     4442.331     4523.971
355  TN+F+G4       2203.880     17  4441.760     4442.426     4524.067
356  TN+F+I+G4     2204.047     18  4444.094     4444.840     4531.243
357  TN+F+R2       2204.977     18  4445.954     4446.700     4533.103
376  TNe+I         2216.126     14  4460.252     4460.708     4528.034
377  TNe+G4        2216.176     14  4460.353     4460.809     4528.135
378  TNe+I+G4      2216.330     15  4462.660     4463.181     4535.284
379  TNe+R2        2217.162     15  4464.324     4464.846     4536.949
398  HKY+F+I       2209.206     16  4450.412     4451.004     4527.878
399  HKY+F+G4      2209.263     16  4450.526     4451.118     4527.992
400  HKY+F+I+G4    2209.526     17  4453.052     4453.718     4535.359
401  HKY+F+R2      2210.373     17  4454.747     4455.414     4537.054
420  K2P+I         2220.620     13  4467.240     4467.634     4530.181
421  K2P+G4        2220.689     13  4467.378     4467.773     4530.319
422  K2P+I+G4      2220.933     14  4469.866     4470.322     4537.648
423  K2P+R2        2221.704     14  4471.409     4471.865     4539.192
442  F81+F+I       2276.231     15  4582.462     4582.984     4655.086
443  F81+F+G4      2276.333     15  4582.666     4583.188     4655.291
444  F81+F+I+G4    2276.449     16  4584.897     4585.489     4662.363
445  F81+F+R2      2277.035     16  4586.069     4586.661     4663.535
464  JC+I          2285.609     12  4595.218     4595.556     4653.317
465  JC+G4         2285.708     12  4595.416     4595.754     4653.516
466  JC+I+G4       2285.820     13  4597.640     4598.035     4660.581
467  JC+R2         2286.401     13  4598.801     4599.196     4661.742
Akaike Information Criterion:           TIM3+F+G4
Corrected Akaike Information Criterion: TIM3+F+G4
Bayesian Information Criterion:         TIM3+F+G4
Best-fit model: TIM3+F+G4 chosen according to BIC

All model information printed to per_gene_alignments_codon/LOC101408996_.aln.model.gz
CPU time for ModelFinder: 1.436 seconds (0h:0m:1s)
Wall-clock time for ModelFinder: 2.215 seconds (0h:0m:2s)
Generating 1000 samples for ultrafast bootstrap (seed: 708814)...

NOTE: 0 MB RAM (0 GB) is required!
Estimate model parameters (epsilon = 0.100)
1. Initial log-likelihood: -2197.477
Optimal log-likelihood: -2197.476
Rate parameters:  A-C: 6.20311  A-G: 17.75342  A-T: 1.00000  C-G: 6.20311  C-T: 38.25941  G-T: 1.00000
Base frequencies:  A: 0.221  C: 0.269  G: 0.294  T: 0.216
Gamma shape alpha: 0.153
Parameters optimization took 1 rounds (0.021 sec)
Wrote distance file to... 
Computing ML distances based on estimated model parameters...
Calculating distance matrix: done in 0.000496864 secs using 99.83% CPU
Computing ML distances took 0.000555 sec (of wall-clock time) 0.000561 sec (of CPU time)
Setting up auxiliary I and S matrices: done in 4.41074e-05 secs using 183.6% CPU
Computing RapidNJ tree took 0.000140 sec (of wall-clock time) 0.000277 sec (of CPU time)
Log-likelihood of RapidNJ tree: -2197.477
--------------------------------------------------------------------
|             INITIALIZING CANDIDATE TREE SET                      |
--------------------------------------------------------------------
Generating 99 parsimony trees... 0.071 second
Computing log-likelihood of 36 initial trees ... 0.026 seconds
Current best score: -2197.476

Do NNI search on 20 best initial trees
Estimate model parameters (epsilon = 0.100)
BETTER TREE FOUND at iteration 1: -2197.476
Iteration 10 / LogL: -2197.788 / Time: 0h:0m:2s
Iteration 20 / LogL: -2197.485 / Time: 0h:0m:2s
Finish initializing candidate tree set (1)
Current best tree score: -2197.476 / CPU time: 0.249
Number of iterations: 20
--------------------------------------------------------------------
|               OPTIMIZING CANDIDATE TREE SET                      |
--------------------------------------------------------------------
UPDATE BEST LOG-LIKELIHOOD: -2197.476
Iteration 30 / LogL: -2198.449 / Time: 0h:0m:2s (0h:0m:1s left)
UPDATE BEST LOG-LIKELIHOOD: -2197.476
Iteration 40 / LogL: -2197.700 / Time: 0h:0m:2s (0h:0m:0s left)
UPDATE BEST LOG-LIKELIHOOD: -2197.476
Iteration 50 / LogL: -2197.556 / Time: 0h:0m:2s (0h:0m:0s left)
Log-likelihood cutoff on original alignment: -2218.784
Iteration 60 / LogL: -2197.593 / Time: 0h:0m:3s (0h:0m:0s left)
Iteration 70 / LogL: -2197.476 / Time: 0h:0m:3s (0h:0m:0s left)
Iteration 80 / LogL: -2197.482 / Time: 0h:0m:3s (0h:0m:0s left)
Iteration 90 / LogL: -2197.499 / Time: 0h:0m:3s (0h:0m:0s left)
Iteration 100 / LogL: -2197.496 / Time: 0h:0m:3s (0h:0m:0s left)
Log-likelihood cutoff on original alignment: -2218.650
NOTE: Bootstrap correlation coefficient of split occurrence frequencies: 1.000
TREE SEARCH COMPLETED AFTER 102 ITERATIONS / Time: 0h:0m:3s

--------------------------------------------------------------------
|                    FINALIZING TREE SEARCH                        |
--------------------------------------------------------------------
Performs final model parameters optimization
Estimate model parameters (epsilon = 0.010)
1. Initial log-likelihood: -2197.476
Optimal log-likelihood: -2197.476
Rate parameters:  A-C: 6.19038  A-G: 17.73790  A-T: 1.00000  C-G: 6.19038  C-T: 38.26882  G-T: 1.00000
Base frequencies:  A: 0.221  C: 0.269  G: 0.294  T: 0.216
Gamma shape alpha: 0.152
Parameters optimization took 1 rounds (0.001 sec)
BEST SCORE FOUND : -2197.476
Creating bootstrap support values...
Split supports printed to NEXUS file per_gene_alignments_codon/LOC101408996_.aln.splits.nex
Total tree length: 0.267

Total number of iterations: 102
CPU time used for tree search: 1.088 sec (0h:0m:1s)
Wall-clock time used for tree search: 1.406 sec (0h:0m:1s)
Total CPU time used: 2.585 sec (0h:0m:2s)
Total wall-clock time used: 3.714 sec (0h:0m:3s)

Computing bootstrap consensus tree...
Reading input file per_gene_alignments_codon/LOC101408996_.aln.splits.nex...
7 taxa and 19 splits.
Consensus tree written to per_gene_alignments_codon/LOC101408996_.aln.contree
Reading input trees file per_gene_alignments_codon/LOC101408996_.aln.contree
Log-likelihood of consensus tree: -2197.477

Analysis results written to: 
  IQ-TREE report:                per_gene_alignments_codon/LOC101408996_.aln.iqtree
  Maximum-likelihood tree:       per_gene_alignments_codon/LOC101408996_.aln.treefile
  Likelihood distances:          per_gene_alignments_codon/LOC101408996_.aln.mldist

Ultrafast bootstrap approximation results written to:
  Split support values:          per_gene_alignments_codon/LOC101408996_.aln.splits.nex
  Consensus tree:                per_gene_alignments_codon/LOC101408996_.aln.contree
  Screen log file:               per_gene_alignments_codon/LOC101408996_.aln.log

Date and Time: Thu Oct 30 21:39:58 2025
