IQ-TREE multicore version 2.3.3 COVID-edition for Linux x86 64-bit built Apr 25 2024
Developed by Bui Quang Minh, James Barbetti, Nguyen Lam Tung, Olga Chernomor,
Heiko Schmidt, Dominik Schrempf, Michael Woodhams, Ly Trong Nhan, Thomas Wong

Host:    morpheus-OptiPlex-5050 (AVX2, FMA3, 503 GB RAM)
Command: iqtree2 -s per_gene_alignments_codon/LOC101387140_.aln.fna -m MFP -T 1 -B 1000 --prefix per_gene_alignments_codon/LOC101387140_.aln
Seed:    197258 (Using SPRNG - Scalable Parallel Random Number Generator)
Time:    Thu Oct 30 21:24:53 2025
Kernel:  AVX+FMA - 1 threads (72 CPU cores detected)

HINT: Use -nt option to specify number of threads because your CPU has 72 cores!
HINT: -nt AUTO will automatically determine the best number of threads to use.

Reading alignment file per_gene_alignments_codon/LOC101387140_.aln.fna ... Fasta format detected
Reading fasta file: done in 0.00103498 secs using 33.24% CPU
Alignment most likely contains DNA/RNA sequences
Alignment has 7 sequences with 3444 columns, 172 distinct patterns
230 parsimony-informative, 397 singleton sites, 2817 constant sites
                     Gap/Ambiguity  Composition  p-value
Analyzing sequences: done in 2.21729e-05 secs using 90.2% CPU
   1  Ceratotherium_simum    0.00%    passed     93.89%
   2  Diceros_bicornis       1.83%    passed     93.50%
   3  Equus_asinus           0.00%    passed     98.02%
   4  Equus_quagga           0.00%    passed     97.26%
   5  Equus_caballus         0.00%    passed     99.73%
   6  Canis_lupus            0.44%    passed     80.62%
   7  Bos_taurus             0.09%    passed     15.15%
****  TOTAL                  0.34%  0 sequences failed composition chi2 test (p-value<5%; df=3)


Create initial parsimony tree by phylogenetic likelihood library (PLL)... 0.000 seconds
Perform fast likelihood tree search using GTR+I+G model...
Estimate model parameters (epsilon = 5.000)
Perform nearest neighbor interchange...
Estimate model parameters (epsilon = 1.000)
1. Initial log-likelihood: -8310.324
Optimal log-likelihood: -8310.299
Rate parameters:  A-C: 1.35482  A-G: 3.59367  A-T: 1.21908  C-G: 1.18096  C-T: 7.57416  G-T: 1.00000
Base frequencies:  A: 0.288  C: 0.219  G: 0.288  T: 0.204
Proportion of invariable sites: 0.408
Gamma shape alpha: 2.038
Parameters optimization took 1 rounds (0.003 sec)
Time for fast ML tree search: 0.019 seconds

NOTE: ModelFinder requires 1 MB RAM!
ModelFinder will test up to 484 DNA models (sample size: 3444) ...
 No. Model         -LnL         df  AIC          AICc         BIC
  1  GTR+F         8338.779     19  16715.559    16715.780    16832.302
  2  GTR+F+I       8310.916     20  16661.832    16662.077    16784.719
  3  GTR+F+G4      8310.262     20  16660.524    16660.769    16783.412
  4  GTR+F+I+G4    8310.305     21  16662.610    16662.880    16791.643
  5  GTR+F+R2      8311.066     21  16664.133    16664.403    16793.165
  6  GTR+F+R3      8310.447     23  16666.894    16667.217    16808.215
 14  GTR+F+I+R2    8310.575     22  16665.150    16665.446    16800.327
 15  GTR+F+I+R3    8310.386     24  16668.772    16669.123    16816.238
 24  SYM+I         8357.299     17  16748.598    16748.777    16853.053
 25  SYM+G4        8356.640     17  16747.281    16747.459    16851.735
 26  SYM+I+G4      8356.698     18  16749.395    16749.595    16859.994
 27  SYM+R2        8357.490     18  16750.979    16751.179    16861.578
 46  TVM+F+I       8334.038     19  16706.076    16706.298    16822.819
 47  TVM+F+G4      8333.452     19  16704.903    16705.125    16821.647
 48  TVM+F+I+G4    8333.451     20  16706.902    16707.147    16829.790
 49  TVM+F+R2      8334.263     20  16708.527    16708.772    16831.415
 68  TVMe+I        8363.978     16  16759.955    16760.114    16858.265
 69  TVMe+G4       8363.373     16  16758.746    16758.905    16857.057
 70  TVMe+I+G4     8363.396     17  16760.793    16760.971    16865.247
 71  TVMe+R2       8364.214     17  16762.427    16762.606    16866.882
 90  TIM3+F+I      8311.633     18  16659.266    16659.466    16769.865
 91  TIM3+F+G4     8310.938     18  16657.876    16658.076    16768.475
 92  TIM3+F+I+G4   8311.006     19  16660.012    16660.234    16776.755
 93  TIM3+F+R2     8311.774     19  16661.548    16661.770    16778.292
112  TIM3e+I       8357.934     15  16745.869    16746.009    16838.035
113  TIM3e+G4      8357.294     15  16744.587    16744.727    16836.753
114  TIM3e+I+G4    8357.343     16  16746.687    16746.846    16844.997
115  TIM3e+R2      8358.134     16  16748.267    16748.426    16846.578
134  TIM2+F+I      8311.241     18  16658.483    16658.682    16769.082
135  TIM2+F+G4     8310.551     18  16657.101    16657.301    16767.700
136  TIM2+F+I+G4   8310.625     19  16659.250    16659.472    16775.993
137  TIM2+F+R2     8311.452     19  16660.904    16661.126    16777.647
156  TIM2e+I       8357.891     15  16745.782    16745.922    16837.948
157  TIM2e+G4      8357.263     15  16744.527    16744.667    16836.692
158  TIM2e+I+G4    8357.325     16  16746.649    16746.808    16844.959
159  TIM2e+R2      8358.077     16  16748.154    16748.313    16846.465
178  TIM+F+I       8311.951     18  16659.901    16660.101    16770.500
179  TIM+F+G4      8311.254     18  16658.507    16658.707    16769.106
180  TIM+F+I+G4    8311.327     19  16660.653    16660.875    16777.397
181  TIM+F+R2      8312.082     19  16662.164    16662.386    16778.907
200  TIMe+I        8358.539     15  16747.079    16747.219    16839.245
201  TIMe+G4       8357.910     15  16745.820    16745.960    16837.986
202  TIMe+I+G4     8357.967     16  16747.934    16748.093    16846.244
203  TIMe+R2       8358.715     16  16749.430    16749.589    16847.740
222  TPM3u+F+I     8334.748     17  16703.495    16703.674    16807.950
223  TPM3u+F+G4    8334.178     17  16702.355    16702.534    16806.810
224  TPM3u+F+I+G4  8334.172     18  16704.345    16704.545    16814.944
225  TPM3u+F+R2    8334.981     18  16705.962    16706.161    16816.561
244  TPM3+I        8364.622     14  16757.245    16757.367    16843.266
245  TPM3+G4       8364.027     14  16756.054    16756.176    16842.075
246  TPM3+I+G4     8364.045     15  16758.089    16758.229    16850.255
247  TPM3+R2       8364.864     15  16759.729    16759.869    16851.895
266  TPM2u+F+I     8334.377     17  16702.754    16702.932    16807.208
267  TPM2u+F+G4    8333.807     17  16701.615    16701.794    16806.070
268  TPM2u+F+I+G4  8333.821     18  16703.643    16703.842    16814.242
269  TPM2u+F+R2    8334.604     18  16705.209    16705.408    16815.808
288  TPM2+I        8364.589     14  16757.178    16757.301    16843.199
289  TPM2+G4       8363.999     14  16755.998    16756.121    16842.020
290  TPM2+I+G4     8364.027     15  16758.054    16758.194    16850.219
291  TPM2+R2       8364.812     15  16759.624    16759.764    16851.790
310  K3Pu+F+I      8335.088     17  16704.175    16704.354    16808.630
311  K3Pu+F+G4     8334.527     17  16703.055    16703.234    16807.510
312  K3Pu+F+I+G4   8334.529     18  16705.058    16705.257    16815.657
313  K3Pu+F+R2     8335.320     18  16706.639    16706.839    16817.238
332  K3P+I         8365.233     14  16758.466    16758.588    16844.487
333  K3P+G4        8364.652     14  16757.305    16757.427    16843.326
334  K3P+I+G4      8364.675     15  16759.350    16759.490    16851.516
335  K3P+R2        8365.463     15  16760.926    16761.066    16853.092
354  TN+F+I        8311.946     17  16657.893    16658.072    16762.348
355  TN+F+G4       8311.254     17  16656.507    16656.686    16760.962
356  TN+F+I+G4     8311.327     18  16658.654    16658.854    16769.253
357  TN+F+R2       8312.081     18  16660.162    16660.362    16770.761
376  TNe+I         8358.538     14  16745.075    16745.198    16831.096
377  TNe+G4        8357.908     14  16743.815    16743.938    16829.837
378  TNe+I+G4      8357.965     15  16745.929    16746.069    16838.095
379  TNe+R2        8358.717     15  16747.435    16747.575    16839.600
398  HKY+F+I       8335.088     16  16702.175    16702.334    16800.486
399  HKY+F+G4      8334.528     16  16701.056    16701.214    16799.366
400  HKY+F+I+G4    8334.529     17  16703.058    16703.237    16807.513
401  HKY+F+R2      8335.315     17  16704.630    16704.809    16809.085
420  K2P+I         8365.230     13  16756.460    16756.566    16836.337
421  K2P+G4        8364.650     13  16755.300    16755.406    16835.177
422  K2P+I+G4      8364.673     14  16757.346    16757.468    16843.367
423  K2P+R2        8365.459     14  16758.918    16759.040    16844.939
442  F81+F+I       8490.259     15  17010.518    17010.658    17102.684
443  F81+F+G4      8489.543     15  17009.086    17009.226    17101.252
444  F81+F+I+G4    8489.756     16  17011.511    17011.670    17109.821
445  F81+F+R2      8490.383     16  17012.766    17012.925    17111.076
464  JC+I          8528.715     12  17081.429    17081.520    17155.162
465  JC+G4         8528.012     12  17080.025    17080.116    17153.758
466  JC+I+G4       8528.192     13  17082.385    17082.491    17162.262
467  JC+R2         8528.823     13  17083.646    17083.753    17163.524
Akaike Information Criterion:           TN+F+G4
Corrected Akaike Information Criterion: TN+F+G4
Bayesian Information Criterion:         TN+F+G4
Best-fit model: TN+F+G4 chosen according to BIC

All model information printed to per_gene_alignments_codon/LOC101387140_.aln.model.gz
CPU time for ModelFinder: 1.352 seconds (0h:0m:1s)
Wall-clock time for ModelFinder: 2.799 seconds (0h:0m:2s)
Generating 1000 samples for ultrafast bootstrap (seed: 197258)...

NOTE: 0 MB RAM (0 GB) is required!
Estimate model parameters (epsilon = 0.100)
1. Initial log-likelihood: -8311.254
Optimal log-likelihood: -8311.253
Rate parameters:  A-C: 1.00000  A-G: 3.01672  A-T: 1.00000  C-G: 1.00000  C-T: 6.32705  G-T: 1.00000
Base frequencies:  A: 0.288  C: 0.219  G: 0.288  T: 0.204
Gamma shape alpha: 0.476
Parameters optimization took 1 rounds (0.002 sec)
Wrote distance file to... 
Computing ML distances based on estimated model parameters...
Calculating distance matrix: done in 0.000554085 secs using 98.54% CPU
Computing ML distances took 0.000608 sec (of wall-clock time) 0.000606 sec (of CPU time)
Setting up auxiliary I and S matrices: done in 4.31538e-05 secs using 180.7% CPU
Computing RapidNJ tree took 0.000130 sec (of wall-clock time) 0.000250 sec (of CPU time)
Log-likelihood of RapidNJ tree: -8311.253
--------------------------------------------------------------------
|             INITIALIZING CANDIDATE TREE SET                      |
--------------------------------------------------------------------
Generating 99 parsimony trees... 0.093 second
Computing log-likelihood of 41 initial trees ... 0.049 seconds
Current best score: -8311.253

Do NNI search on 20 best initial trees
Estimate model parameters (epsilon = 0.100)
BETTER TREE FOUND at iteration 1: -8311.253
Iteration 10 / LogL: -8311.298 / Time: 0h:0m:3s
Iteration 20 / LogL: -8311.829 / Time: 0h:0m:3s
Finish initializing candidate tree set (1)
Current best tree score: -8311.253 / CPU time: 0.395
Number of iterations: 20
--------------------------------------------------------------------
|               OPTIMIZING CANDIDATE TREE SET                      |
--------------------------------------------------------------------
Iteration 30 / LogL: -8311.253 / Time: 0h:0m:3s (0h:0m:1s left)
Iteration 40 / LogL: -8311.257 / Time: 0h:0m:3s (0h:0m:1s left)
Iteration 50 / LogL: -8311.410 / Time: 0h:0m:3s (0h:0m:1s left)
Log-likelihood cutoff on original alignment: -8338.514
Iteration 60 / LogL: -8311.337 / Time: 0h:0m:4s (0h:0m:1s left)
Iteration 70 / LogL: -8311.412 / Time: 0h:0m:4s (0h:0m:0s left)
Iteration 80 / LogL: -8311.260 / Time: 0h:0m:4s (0h:0m:0s left)
Iteration 90 / LogL: -8311.403 / Time: 0h:0m:4s (0h:0m:0s left)
Iteration 100 / LogL: -8311.256 / Time: 0h:0m:5s (0h:0m:0s left)
Log-likelihood cutoff on original alignment: -8338.405
NOTE: Bootstrap correlation coefficient of split occurrence frequencies: 1.000
TREE SEARCH COMPLETED AFTER 102 ITERATIONS / Time: 0h:0m:5s

--------------------------------------------------------------------
|                    FINALIZING TREE SEARCH                        |
--------------------------------------------------------------------
Performs final model parameters optimization
Estimate model parameters (epsilon = 0.010)
1. Initial log-likelihood: -8311.253
Optimal log-likelihood: -8311.253
Rate parameters:  A-C: 1.00000  A-G: 3.01748  A-T: 1.00000  C-G: 1.00000  C-T: 6.33470  G-T: 1.00000
Base frequencies:  A: 0.288  C: 0.219  G: 0.288  T: 0.204
Gamma shape alpha: 0.476
Parameters optimization took 1 rounds (0.002 sec)
BEST SCORE FOUND : -8311.253
Creating bootstrap support values...
Split supports printed to NEXUS file per_gene_alignments_codon/LOC101387140_.aln.splits.nex
Total tree length: 0.246

Total number of iterations: 102
CPU time used for tree search: 1.303 sec (0h:0m:1s)
Wall-clock time used for tree search: 2.318 sec (0h:0m:2s)
Total CPU time used: 2.721 sec (0h:0m:2s)
Total wall-clock time used: 5.292 sec (0h:0m:5s)

Computing bootstrap consensus tree...
Reading input file per_gene_alignments_codon/LOC101387140_.aln.splits.nex...
7 taxa and 14 splits.
Consensus tree written to per_gene_alignments_codon/LOC101387140_.aln.contree
Reading input trees file per_gene_alignments_codon/LOC101387140_.aln.contree
Log-likelihood of consensus tree: -8311.253

Analysis results written to: 
  IQ-TREE report:                per_gene_alignments_codon/LOC101387140_.aln.iqtree
  Maximum-likelihood tree:       per_gene_alignments_codon/LOC101387140_.aln.treefile
  Likelihood distances:          per_gene_alignments_codon/LOC101387140_.aln.mldist

Ultrafast bootstrap approximation results written to:
  Split support values:          per_gene_alignments_codon/LOC101387140_.aln.splits.nex
  Consensus tree:                per_gene_alignments_codon/LOC101387140_.aln.contree
  Screen log file:               per_gene_alignments_codon/LOC101387140_.aln.log

Date and Time: Thu Oct 30 21:24:58 2025
