IQ-TREE multicore version 2.3.3 COVID-edition for Linux x86 64-bit built Apr 25 2024
Developed by Bui Quang Minh, James Barbetti, Nguyen Lam Tung, Olga Chernomor,
Heiko Schmidt, Dominik Schrempf, Michael Woodhams, Ly Trong Nhan, Thomas Wong

Host:    morpheus-OptiPlex-5050 (AVX2, FMA3, 503 GB RAM)
Command: iqtree2 -s per_gene_alignments_codon/LOC106803842_.aln.fna -m MFP -T 1 -B 1000 --prefix per_gene_alignments_codon/LOC106803842_.aln
Seed:    558080 (Using SPRNG - Scalable Parallel Random Number Generator)
Time:    Thu Oct 30 21:40:15 2025
Kernel:  AVX+FMA - 1 threads (72 CPU cores detected)

HINT: Use -nt option to specify number of threads because your CPU has 72 cores!
HINT: -nt AUTO will automatically determine the best number of threads to use.

Reading alignment file per_gene_alignments_codon/LOC106803842_.aln.fna ... Fasta format detected
Reading fasta file: done in 0.000444174 secs
Alignment most likely contains DNA/RNA sequences
Alignment has 7 sequences with 1368 columns, 81 distinct patterns
81 parsimony-informative, 165 singleton sites, 1122 constant sites
                     Gap/Ambiguity  Composition  p-value
Analyzing sequences: done in 1.5974e-05 secs using 100.2% CPU
   1  Ceratotherium_simum    0.00%    passed     79.74%
   2  Diceros_bicornis       0.00%    passed     83.91%
   3  Equus_asinus           0.00%    passed     98.29%
   4  Equus_quagga           0.00%    passed     87.69%
   5  Equus_caballus         0.00%    passed     98.71%
   6  Canis_lupus            2.19%    passed     95.94%
   7  Bos_taurus             2.19%    failed      2.74%
****  TOTAL                  0.63%  1 sequences failed composition chi2 test (p-value<5%; df=3)


Create initial parsimony tree by phylogenetic likelihood library (PLL)... 0.000 seconds
Perform fast likelihood tree search using GTR+I+G model...
Estimate model parameters (epsilon = 5.000)
Perform nearest neighbor interchange...
Estimate model parameters (epsilon = 1.000)
1. Initial log-likelihood: -3220.391
Optimal log-likelihood: -3220.390
Rate parameters:  A-C: 0.93820  A-G: 3.39703  A-T: 0.47715  C-G: 0.83675  C-T: 4.04716  G-T: 1.00000
Base frequencies:  A: 0.279  C: 0.204  G: 0.197  T: 0.320
Proportion of invariable sites: 0.409
Gamma shape alpha: 2.388
Parameters optimization took 1 rounds (0.002 sec)
Time for fast ML tree search: 0.048 seconds

NOTE: ModelFinder requires 0 MB RAM!
ModelFinder will test up to 484 DNA models (sample size: 1368) ...
 No. Model         -LnL         df  AIC          AICc         BIC
  1  GTR+F         3228.278     19  6494.555     6495.119     6593.756
  2  GTR+F+I       3220.101     20  6480.202     6480.826     6584.624
  3  GTR+F+G4      3220.454     20  6480.908     6481.532     6585.331
  4  GTR+F+I+G4    3220.391     21  6482.782     6483.469     6592.426
  5  GTR+F+R2      3222.813     21  6487.627     6488.313     6597.270
  6  GTR+F+R3      3220.537     23  6487.074     6487.895     6607.159
 14  GTR+F+I+R2    3220.399     22  6484.798     6485.551     6599.663
 15  GTR+F+I+R3    3220.452     24  6488.904     6489.798     6614.211
 23  SYM           3250.551     16  6533.101     6533.504     6616.639
 24  SYM+I         3243.796     17  6521.593     6522.046     6610.351
 25  SYM+G4        3244.131     17  6522.263     6522.716     6611.022
 26  SYM+I+G4      3244.012     18  6524.024     6524.532     6618.004
 45  TVM+F         3228.687     18  6493.374     6493.881     6587.354
 46  TVM+F+I       3220.606     19  6479.212     6479.776     6578.413
 47  TVM+F+G4      3220.961     19  6479.922     6480.486     6579.123
 48  TVM+F+I+G4    3220.894     20  6481.788     6482.412     6586.210
 67  TVMe          3251.505     15  6533.011     6533.366     6611.327
 68  TVMe+I        3244.790     16  6521.580     6521.982     6605.117
 69  TVMe+G4       3245.157     16  6522.315     6522.717     6605.853
 70  TVMe+I+G4     3245.013     17  6524.026     6524.479     6612.784
 89  TIM3+F        3230.414     17  6494.828     6495.281     6583.586
 90  TIM3+F+I      3222.410     18  6480.819     6481.326     6574.799
 91  TIM3+F+G4     3222.775     18  6481.550     6482.057     6575.530
 92  TIM3+F+I+G4   3222.701     19  6483.402     6483.965     6582.603
111  TIM3e         3251.864     14  6531.727     6532.038     6604.823
112  TIM3e+I       3245.002     15  6520.005     6520.360     6598.321
113  TIM3e+G4      3245.347     15  6520.695     6521.050     6599.011
114  TIM3e+I+G4    3245.227     16  6522.453     6522.856     6605.991
133  TIM2+F        3229.888     17  6493.776     6494.229     6582.535
134  TIM2+F+I      3221.722     18  6479.444     6479.951     6573.424
135  TIM2+F+G4     3222.056     18  6480.112     6480.619     6574.092
136  TIM2+F+I+G4   3222.000     19  6481.999     6482.563     6581.200
155  TIM2e         3251.803     14  6531.607     6531.917     6604.702
156  TIM2e+I       3244.858     15  6519.716     6520.071     6598.032
157  TIM2e+G4      3245.209     15  6520.417     6520.772     6598.734
158  TIM2e+I+G4    3245.088     16  6522.176     6522.579     6605.714
177  TIM+F         3228.811     17  6491.621     6492.075     6580.380
178  TIM+F+I       3221.058     18  6478.116     6478.623     6572.096
179  TIM+F+G4      3221.410     18  6478.821     6479.328     6572.801
180  TIM+F+I+G4    3221.328     19  6480.656     6481.219     6579.857
199  TIMe          3250.622     14  6529.243     6529.554     6602.339
200  TIMe+I        3243.870     15  6517.740     6518.095     6596.056
201  TIMe+G4       3244.216     15  6518.432     6518.787     6596.748
202  TIMe+I+G4     3244.087     16  6520.175     6520.578     6603.713
221  TPM3u+F       3230.827     16  6493.655     6494.057     6577.192
222  TPM3u+F+I     3222.955     17  6479.910     6480.363     6568.669
223  TPM3u+F+G4    3223.319     17  6480.638     6481.091     6569.397
224  TPM3u+F+I+G4  3223.239     18  6482.478     6482.985     6576.458
243  TPM3          3252.821     13  6531.641     6531.910     6599.516
244  TPM3+I        3246.008     14  6520.016     6520.326     6593.111
245  TPM3+G4       3246.375     14  6520.749     6521.060     6593.845
246  TPM3+I+G4     3246.238     15  6522.476     6522.831     6600.793
265  TPM2u+F       3230.299     16  6492.598     6493.000     6576.135
266  TPM2u+F+I     3222.209     17  6478.417     6478.870     6567.176
267  TPM2u+F+G4    3222.550     17  6479.100     6479.553     6567.858
268  TPM2u+F+I+G4  3222.489     18  6480.978     6481.485     6574.958
287  TPM2          3252.759     13  6531.519     6531.788     6599.393
288  TPM2+I        3245.854     14  6519.709     6520.019     6592.804
289  TPM2+G4       3246.225     14  6520.451     6520.761     6593.546
290  TPM2+I+G4     3246.095     15  6522.189     6522.544     6600.506
309  K3Pu+F        3229.222     16  6490.445     6490.847     6573.982
310  K3Pu+F+I      3221.575     17  6477.151     6477.604     6565.909
311  K3Pu+F+G4     3221.930     17  6477.859     6478.312     6566.618
312  K3Pu+F+I+G4   3221.840     18  6479.681     6480.188     6573.661
331  K3P           3251.580     13  6529.161     6529.430     6597.035
332  K3P+I         3244.874     14  6517.748     6518.059     6590.844
333  K3P+G4        3245.239     14  6518.478     6518.789     6591.574
334  K3P+I+G4      3245.096     15  6520.192     6520.547     6598.508
353  TN+F          3230.686     16  6493.373     6493.775     6576.910
354  TN+F+I        3222.872     17  6479.744     6480.197     6568.503
355  TN+F+G4       3223.217     17  6480.434     6480.888     6569.193
356  TN+F+I+G4     3223.141     18  6482.283     6482.790     6576.263
375  TNe           3251.891     13  6529.781     6530.050     6597.655
376  TNe+I         3245.013     14  6518.026     6518.336     6591.121
377  TNe+G4        3245.363     14  6518.727     6519.037     6591.822
378  TNe+I+G4      3245.239     15  6520.477     6520.832     6598.794
397  HKY+F         3231.100     15  6492.199     6492.554     6570.516
398  HKY+F+I       3223.396     16  6478.792     6479.195     6562.330
399  HKY+F+G4      3223.746     16  6479.492     6479.894     6563.029
400  HKY+F+I+G4    3223.664     17  6481.328     6481.781     6570.087
419  K2P           3252.850     12  6529.700     6529.930     6592.353
420  K2P+I         3246.019     13  6518.038     6518.306     6585.912
421  K2P+G4        3246.390     13  6518.779     6519.048     6586.654
422  K2P+I+G4      3246.253     14  6520.507     6520.817     6593.602
441  F81+F         3298.166     14  6624.333     6624.643     6697.428
442  F81+F+I       3293.323     15  6616.646     6617.001     6694.962
443  F81+F+G4      3293.679     15  6617.358     6617.713     6695.675
444  F81+F+I+G4    3293.397     16  6618.793     6619.196     6702.331
463  JC            3316.742     11  6655.484     6655.679     6712.916
464  JC+I          3312.121     12  6648.242     6648.472     6710.895
465  JC+G4         3312.474     12  6648.948     6649.178     6711.601
466  JC+I+G4       3312.173     13  6650.346     6650.615     6718.221
Akaike Information Criterion:           K3Pu+F+I
Corrected Akaike Information Criterion: K3Pu+F+I
Bayesian Information Criterion:         HKY+F+I
Best-fit model: HKY+F+I chosen according to BIC

All model information printed to per_gene_alignments_codon/LOC106803842_.aln.model.gz
CPU time for ModelFinder: 0.367 seconds (0h:0m:0s)
Wall-clock time for ModelFinder: 0.827 seconds (0h:0m:0s)
Generating 1000 samples for ultrafast bootstrap (seed: 558080)...

NOTE: 0 MB RAM (0 GB) is required!
Estimate model parameters (epsilon = 0.100)
1. Initial log-likelihood: -3223.396
Optimal log-likelihood: -3223.396
Rate parameters:  A-C: 1.00000  A-G: 4.83302  A-T: 1.00000  C-G: 1.00000  C-T: 4.83302  G-T: 1.00000
Base frequencies:  A: 0.279  C: 0.204  G: 0.197  T: 0.320
Proportion of invariable sites: 0.531
Parameters optimization took 1 rounds (0.001 sec)
Wrote distance file to... 
Computing ML distances based on estimated model parameters...
Calculating distance matrix: done in 0.000185013 secs using 99.45% CPU
Computing ML distances took 0.000244 sec (of wall-clock time) 0.000249 sec (of CPU time)
Setting up auxiliary I and S matrices: done in 4.69685e-05 secs using 193.7% CPU
Computing RapidNJ tree took 0.000167 sec (of wall-clock time) 0.000328 sec (of CPU time)
Log-likelihood of RapidNJ tree: -3223.400
--------------------------------------------------------------------
|             INITIALIZING CANDIDATE TREE SET                      |
--------------------------------------------------------------------
Generating 99 parsimony trees... 0.076 second
Computing log-likelihood of 38 initial trees ... 0.022 seconds
Current best score: -3223.396

Do NNI search on 20 best initial trees
Estimate model parameters (epsilon = 0.100)
BETTER TREE FOUND at iteration 1: -3223.396
Iteration 10 / LogL: -3223.398 / Time: 0h:0m:1s
Iteration 20 / LogL: -3223.408 / Time: 0h:0m:1s
Finish initializing candidate tree set (2)
Current best tree score: -3223.396 / CPU time: 0.213
Number of iterations: 20
--------------------------------------------------------------------
|               OPTIMIZING CANDIDATE TREE SET                      |
--------------------------------------------------------------------
UPDATE BEST LOG-LIKELIHOOD: -3223.396
Iteration 30 / LogL: -3223.467 / Time: 0h:0m:1s (0h:0m:0s left)
Iteration 40 / LogL: -3223.397 / Time: 0h:0m:1s (0h:0m:0s left)
Iteration 50 / LogL: -3223.398 / Time: 0h:0m:1s (0h:0m:0s left)
Log-likelihood cutoff on original alignment: -3250.549
Iteration 60 / LogL: -3260.446 / Time: 0h:0m:1s (0h:0m:0s left)
UPDATE BEST LOG-LIKELIHOOD: -3223.396
Iteration 70 / LogL: -3223.396 / Time: 0h:0m:1s (0h:0m:0s left)
Iteration 80 / LogL: -3223.396 / Time: 0h:0m:1s (0h:0m:0s left)
Iteration 90 / LogL: -3223.407 / Time: 0h:0m:1s (0h:0m:0s left)
Iteration 100 / LogL: -3223.403 / Time: 0h:0m:1s (0h:0m:0s left)
Log-likelihood cutoff on original alignment: -3250.547
NOTE: Bootstrap correlation coefficient of split occurrence frequencies: 1.000
TREE SEARCH COMPLETED AFTER 102 ITERATIONS / Time: 0h:0m:1s

--------------------------------------------------------------------
|                    FINALIZING TREE SEARCH                        |
--------------------------------------------------------------------
Performs final model parameters optimization
Estimate model parameters (epsilon = 0.010)
1. Initial log-likelihood: -3223.396
Optimal log-likelihood: -3223.396
Rate parameters:  A-C: 1.00000  A-G: 4.83472  A-T: 1.00000  C-G: 1.00000  C-T: 4.83472  G-T: 1.00000
Base frequencies:  A: 0.279  C: 0.204  G: 0.197  T: 0.320
Proportion of invariable sites: 0.532
Parameters optimization took 1 rounds (0.001 sec)
BEST SCORE FOUND : -3223.396
Creating bootstrap support values...
Split supports printed to NEXUS file per_gene_alignments_codon/LOC106803842_.aln.splits.nex
Total tree length: 0.241

Total number of iterations: 102
CPU time used for tree search: 1.009 sec (0h:0m:1s)
Wall-clock time used for tree search: 1.103 sec (0h:0m:1s)
Total CPU time used: 1.444 sec (0h:0m:1s)
Total wall-clock time used: 2.032 sec (0h:0m:2s)

Computing bootstrap consensus tree...
Reading input file per_gene_alignments_codon/LOC106803842_.aln.splits.nex...
7 taxa and 14 splits.
Consensus tree written to per_gene_alignments_codon/LOC106803842_.aln.contree
Reading input trees file per_gene_alignments_codon/LOC106803842_.aln.contree
Log-likelihood of consensus tree: -3223.400

Analysis results written to: 
  IQ-TREE report:                per_gene_alignments_codon/LOC106803842_.aln.iqtree
  Maximum-likelihood tree:       per_gene_alignments_codon/LOC106803842_.aln.treefile
  Likelihood distances:          per_gene_alignments_codon/LOC106803842_.aln.mldist

Ultrafast bootstrap approximation results written to:
  Split support values:          per_gene_alignments_codon/LOC106803842_.aln.splits.nex
  Consensus tree:                per_gene_alignments_codon/LOC106803842_.aln.contree
  Screen log file:               per_gene_alignments_codon/LOC106803842_.aln.log

Date and Time: Thu Oct 30 21:40:18 2025
