IQ-TREE multicore version 2.3.3 COVID-edition for Linux x86 64-bit built Apr 25 2024
Developed by Bui Quang Minh, James Barbetti, Nguyen Lam Tung, Olga Chernomor,
Heiko Schmidt, Dominik Schrempf, Michael Woodhams, Ly Trong Nhan, Thomas Wong

Host:    morpheus-OptiPlex-5050 (AVX2, FMA3, 503 GB RAM)
Command: iqtree2 -s per_gene_alignments_codon/LOC101401236_.aln.fna -m MFP -T 1 -B 1000 --prefix per_gene_alignments_codon/LOC101401236_.aln
Seed:    286321 (Using SPRNG - Scalable Parallel Random Number Generator)
Time:    Thu Oct 30 21:34:40 2025
Kernel:  AVX+FMA - 1 threads (72 CPU cores detected)

HINT: Use -nt option to specify number of threads because your CPU has 72 cores!
HINT: -nt AUTO will automatically determine the best number of threads to use.

Reading alignment file per_gene_alignments_codon/LOC101401236_.aln.fna ... Fasta format detected
Reading fasta file: done in 0.00393295 secs using 48.59% CPU
Alignment most likely contains DNA/RNA sequences
Alignment has 7 sequences with 15675 columns, 543 distinct patterns
1870 parsimony-informative, 3221 singleton sites, 10584 constant sites
                     Gap/Ambiguity  Composition  p-value
Analyzing sequences: done in 3.48091e-05 secs using 94.8% CPU
   1  Ceratotherium_simum    1.61%    failed      4.98%
   2  Diceros_bicornis       0.11%    failed      2.81%
   3  Equus_asinus           0.00%    passed     87.64%
   4  Equus_quagga           0.00%    passed     84.14%
   5  Equus_caballus         0.00%    passed     83.60%
   6  Canis_lupus            1.86%    failed      0.00%
   7  Bos_taurus             0.82%    failed      0.14%
****  TOTAL                  0.63%  4 sequences failed composition chi2 test (p-value<5%; df=3)


Create initial parsimony tree by phylogenetic likelihood library (PLL)... 0.001 seconds
Perform fast likelihood tree search using GTR+I+G model...
Estimate model parameters (epsilon = 5.000)
Perform nearest neighbor interchange...
Estimate model parameters (epsilon = 1.000)
1. Initial log-likelihood: -47838.979
Optimal log-likelihood: -47838.901
Rate parameters:  A-C: 1.55575  A-G: 5.96439  A-T: 0.80522  C-G: 1.76450  C-T: 5.17298  G-T: 1.00000
Base frequencies:  A: 0.257  C: 0.256  G: 0.267  T: 0.220
Proportion of invariable sites: 0.338
Gamma shape alpha: 5.225
Parameters optimization took 1 rounds (0.026 sec)
Time for fast ML tree search: 0.182 seconds

NOTE: ModelFinder requires 3 MB RAM!
ModelFinder will test up to 484 DNA models (sample size: 15675) ...
 No. Model         -LnL         df  AIC          AICc         BIC
  1  GTR+F         47998.660    19  96035.320    96035.369    96180.857
  2  GTR+F+I       47841.239    20  95722.478    95722.532    95875.674
  3  GTR+F+G4      47836.902    20  95713.804    95713.858    95867.001
  4  GTR+F+I+G4    47838.826    21  95719.652    95719.711    95880.508
  5  GTR+F+R2      47838.428    21  95718.856    95718.915    95879.712
  6  GTR+F+R3      47837.131    23  95720.263    95720.333    95896.439
 14  GTR+F+I+R2    47838.525    22  95721.049    95721.114    95889.565
 15  GTR+F+I+R3    47838.309    24  95724.617    95724.694    95908.453
 24  SYM+I         47897.793    17  95829.585    95829.624    95959.802
 25  SYM+G4        47893.210    17  95820.420    95820.459    95950.637
 46  TVM+F+I       47847.281    19  95732.561    95732.610    95878.098
 47  TVM+F+G4      47843.084    19  95724.168    95724.217    95869.705
 68  TVMe+I        47918.426    16  95868.852    95868.887    95991.409
 69  TVMe+G4       47913.732    16  95859.463    95859.498    95982.020
 90  TIM3+F+I      47845.813    18  95727.625    95727.669    95865.502
 91  TIM3+F+G4     47841.299    18  95718.597    95718.641    95856.474
112  TIM3e+I       47904.131    15  95838.261    95838.292    95953.158
113  TIM3e+G4      47899.293    15  95828.587    95828.618    95943.484
134  TIM2+F+I      47899.610    18  95835.220    95835.264    95973.097
135  TIM2+F+G4     47896.380    18  95828.759    95828.803    95966.636
156  TIM2e+I       47979.421    15  95988.841    95988.872    96103.739
157  TIM2e+G4      47976.359    15  95982.718    95982.749    96097.615
178  TIM+F+I       47903.868    18  95843.735    95843.779    95981.612
179  TIM+F+G4      47900.461    18  95836.923    95836.966    95974.799
200  TIMe+I        47985.368    15  96000.736    96000.766    96115.633
201  TIMe+G4       47982.074    15  95994.147    95994.178    96109.045
222  TPM3u+F+I     47851.859    17  95737.718    95737.757    95867.935
223  TPM3u+F+G4    47847.434    17  95728.868    95728.907    95859.085
244  TPM3+I        47924.575    14  95877.150    95877.177    95984.387
245  TPM3+G4       47919.745    14  95867.490    95867.517    95974.728
266  TPM2u+F+I     47905.663    17  95845.326    95845.365    95975.543
267  TPM2u+F+G4    47902.472    17  95838.944    95838.983    95969.161
288  TPM2+I        48000.549    14  96029.097    96029.124    96136.335
289  TPM2+G4       47997.436    14  96022.873    96022.899    96130.110
310  K3Pu+F+I      47909.848    17  95853.695    95853.734    95983.912
311  K3Pu+F+G4     47906.512    17  95847.023    95847.062    95977.240
332  K3P+I         48006.291    14  96040.583    96040.610    96147.820
333  K3P+G4        48003.044    14  96034.088    96034.114    96141.325
354  TN+F+I        47903.883    17  95841.765    95841.804    95971.982
355  TN+F+G4       47900.464    17  95834.928    95834.967    95965.145
376  TNe+I         47985.379    14  95998.759    95998.786    96105.996
377  TNe+G4        47982.096    14  95992.192    95992.219    96099.430
398  HKY+F+I       47909.861    16  95851.722    95851.757    95974.280
399  HKY+F+G4      47906.528    16  95845.056    95845.091    95967.613
420  K2P+I         48006.302    13  96038.605    96038.628    96138.183
421  K2P+G4        48003.063    13  96032.127    96032.150    96131.704
442  F81+F+I       49129.638    15  98289.275    98289.306    98404.173
443  F81+F+G4      49129.873    15  98289.746    98289.776    98404.643
464  JC+I          49229.354    12  98482.707    98482.727    98574.625
465  JC+G4         49229.734    12  98483.468    98483.488    98575.386
Akaike Information Criterion:           GTR+F+G4
Corrected Akaike Information Criterion: GTR+F+G4
Bayesian Information Criterion:         TIM3+F+G4
Best-fit model: TIM3+F+G4 chosen according to BIC

All model information printed to per_gene_alignments_codon/LOC101401236_.aln.model.gz
CPU time for ModelFinder: 1.234 seconds (0h:0m:1s)
Wall-clock time for ModelFinder: 2.168 seconds (0h:0m:2s)
Generating 1000 samples for ultrafast bootstrap (seed: 286321)...

NOTE: 2 MB RAM (0 GB) is required!
Estimate model parameters (epsilon = 0.100)
1. Initial log-likelihood: -47841.299
Optimal log-likelihood: -47841.298
Rate parameters:  A-C: 1.83548  A-G: 6.61129  A-T: 1.00000  C-G: 1.83548  C-T: 5.74096  G-T: 1.00000
Base frequencies:  A: 0.257  C: 0.256  G: 0.267  T: 0.220
Gamma shape alpha: 0.850
Parameters optimization took 1 rounds (0.008 sec)
Wrote distance file to... 
Computing ML distances based on estimated model parameters...
Calculating distance matrix: done in 0.000689983 secs using 98.26% CPU
Computing ML distances took 0.000799 sec (of wall-clock time) 0.000794 sec (of CPU time)
Setting up auxiliary I and S matrices: done in 4.60148e-05 secs using 180.4% CPU
Computing RapidNJ tree took 0.000130 sec (of wall-clock time) 0.000259 sec (of CPU time)
Log-likelihood of RapidNJ tree: -47841.298
--------------------------------------------------------------------
|             INITIALIZING CANDIDATE TREE SET                      |
--------------------------------------------------------------------
Generating 99 parsimony trees... 0.251 second
Computing log-likelihood of 42 initial trees ... 0.120 seconds
Current best score: -47841.298

Do NNI search on 20 best initial trees
Estimate model parameters (epsilon = 0.100)
BETTER TREE FOUND at iteration 1: -47841.298
Iteration 10 / LogL: -47842.824 / Time: 0h:0m:2s
Iteration 20 / LogL: -47841.457 / Time: 0h:0m:3s
Finish initializing candidate tree set (1)
Current best tree score: -47841.298 / CPU time: 0.883
Number of iterations: 20
--------------------------------------------------------------------
|               OPTIMIZING CANDIDATE TREE SET                      |
--------------------------------------------------------------------
Iteration 30 / LogL: -47841.298 / Time: 0h:0m:3s (0h:0m:3s left)
Iteration 40 / LogL: -47847.094 / Time: 0h:0m:4s (0h:0m:3s left)
Iteration 50 / LogL: -47841.303 / Time: 0h:0m:4s (0h:0m:2s left)
Log-likelihood cutoff on original alignment: -47871.448
Iteration 60 / LogL: -47847.083 / Time: 0h:0m:5s (0h:0m:2s left)
Iteration 70 / LogL: -47841.564 / Time: 0h:0m:5s (0h:0m:1s left)
Iteration 80 / LogL: -47841.298 / Time: 0h:0m:6s (0h:0m:1s left)
Iteration 90 / LogL: -47841.552 / Time: 0h:0m:6s (0h:0m:0s left)
Iteration 100 / LogL: -47841.429 / Time: 0h:0m:6s (0h:0m:0s left)
Log-likelihood cutoff on original alignment: -47871.448
NOTE: Bootstrap correlation coefficient of split occurrence frequencies: 1.000
TREE SEARCH COMPLETED AFTER 102 ITERATIONS / Time: 0h:0m:7s

--------------------------------------------------------------------
|                    FINALIZING TREE SEARCH                        |
--------------------------------------------------------------------
Performs final model parameters optimization
Estimate model parameters (epsilon = 0.010)
1. Initial log-likelihood: -47841.298
Optimal log-likelihood: -47841.298
Rate parameters:  A-C: 1.83416  A-G: 6.60677  A-T: 1.00000  C-G: 1.83416  C-T: 5.74095  G-T: 1.00000
Base frequencies:  A: 0.257  C: 0.256  G: 0.267  T: 0.220
Gamma shape alpha: 0.850
Parameters optimization took 1 rounds (0.006 sec)
BEST SCORE FOUND : -47841.298
Creating bootstrap support values...
Split supports printed to NEXUS file per_gene_alignments_codon/LOC101401236_.aln.splits.nex
Total tree length: 0.512

Total number of iterations: 102
CPU time used for tree search: 2.914 sec (0h:0m:2s)
Wall-clock time used for tree search: 4.694 sec (0h:0m:4s)
Total CPU time used: 4.293 sec (0h:0m:4s)
Total wall-clock time used: 7.068 sec (0h:0m:7s)

Computing bootstrap consensus tree...
Reading input file per_gene_alignments_codon/LOC101401236_.aln.splits.nex...
7 taxa and 13 splits.
Consensus tree written to per_gene_alignments_codon/LOC101401236_.aln.contree
Reading input trees file per_gene_alignments_codon/LOC101401236_.aln.contree
Log-likelihood of consensus tree: -47841.298

Analysis results written to: 
  IQ-TREE report:                per_gene_alignments_codon/LOC101401236_.aln.iqtree
  Maximum-likelihood tree:       per_gene_alignments_codon/LOC101401236_.aln.treefile
  Likelihood distances:          per_gene_alignments_codon/LOC101401236_.aln.mldist

Ultrafast bootstrap approximation results written to:
  Split support values:          per_gene_alignments_codon/LOC101401236_.aln.splits.nex
  Consensus tree:                per_gene_alignments_codon/LOC101401236_.aln.contree
  Screen log file:               per_gene_alignments_codon/LOC101401236_.aln.log

Date and Time: Thu Oct 30 21:34:47 2025
