IQ-TREE multicore version 2.3.3 COVID-edition for Linux x86 64-bit built Apr 25 2024
Developed by Bui Quang Minh, James Barbetti, Nguyen Lam Tung, Olga Chernomor,
Heiko Schmidt, Dominik Schrempf, Michael Woodhams, Ly Trong Nhan, Thomas Wong

Host:    morpheus-OptiPlex-5050 (AVX2, FMA3, 503 GB RAM)
Command: iqtree2 -s per_gene_alignments_codon/LOC101395280_.aln.fna -m MFP -T 1 -B 1000 --prefix per_gene_alignments_codon/LOC101395280_.aln
Seed:    938736 (Using SPRNG - Scalable Parallel Random Number Generator)
Time:    Thu Oct 30 21:30:34 2025
Kernel:  AVX+FMA - 1 threads (72 CPU cores detected)

HINT: Use -nt option to specify number of threads because your CPU has 72 cores!
HINT: -nt AUTO will automatically determine the best number of threads to use.

Reading alignment file per_gene_alignments_codon/LOC101395280_.aln.fna ... Fasta format detected
Reading fasta file: done in 0.000224113 secs
Alignment most likely contains DNA/RNA sequences
Alignment has 7 sequences with 603 columns, 43 distinct patterns
25 parsimony-informative, 41 singleton sites, 537 constant sites
                     Gap/Ambiguity  Composition  p-value
Analyzing sequences: done in 1.3113e-05 secs
   1  Ceratotherium_simum    0.00%    passed     99.92%
   2  Diceros_bicornis       0.00%    passed     99.27%
   3  Equus_asinus           0.00%    passed     99.96%
   4  Equus_quagga           0.00%    passed     99.96%
   5  Equus_caballus         0.00%    passed     99.68%
   6  Canis_lupus            0.00%    passed     93.76%
   7  Bos_taurus             0.50%    passed     99.13%
****  TOTAL                  0.07%  0 sequences failed composition chi2 test (p-value<5%; df=3)
NOTE: Equus_quagga is identical to Equus_asinus but kept for subsequent analysis


Create initial parsimony tree by phylogenetic likelihood library (PLL)... 0.000 seconds
Perform fast likelihood tree search using GTR+I+G model...
Estimate model parameters (epsilon = 5.000)

WARNING: Estimated model parameters are at boundary that can cause numerical instability!

Perform nearest neighbor interchange...
Estimate model parameters (epsilon = 1.000)
1. Initial log-likelihood: -1217.245
Optimal log-likelihood: -1217.200
Rate parameters:  A-C: 14.55171  A-G: 35.02916  A-T: 0.07909  C-G: 10.79871  C-T: 100.00000  G-T: 1.00000
Warning! Some parameters hit the boundaries
Base frequencies:  A: 0.315  C: 0.192  G: 0.230  T: 0.263
Proportion of invariable sites: 0.439
Gamma shape alpha: 0.385
Parameters optimization took 1 rounds (0.030 sec)

WARNING: Estimated model parameters are at boundary that can cause numerical instability!

Time for fast ML tree search: 0.105 seconds

NOTE: ModelFinder requires 0 MB RAM!
ModelFinder will test up to 484 DNA models (sample size: 603) ...
 No. Model         -LnL         df  AIC          AICc         BIC
  1  GTR+F         1225.776     19  2489.552     2490.856     2573.189
  2  GTR+F+I       1217.115     20  2474.231     2475.674     2562.269
  3  GTR+F+G4      1217.122     20  2474.243     2475.687     2562.282
  4  GTR+F+I+G4    1217.192     21  2476.384     2477.974     2568.824
  5  GTR+F+R2      1221.712     21  2485.424     2487.014     2577.864
  6  GTR+F+R3      1217.839     23  2481.679     2483.585     2582.923
 14  GTR+F+I+R2    1217.627     22  2479.253     2480.998     2576.095
 15  GTR+F+I+R3    1217.280     24  2482.560     2484.636     2588.206
 24  SYM+I         1227.146     17  2488.291     2489.337     2563.124
 25  SYM+G4        1227.176     17  2488.352     2489.399     2563.185
 26  SYM+I+G4      1227.299     18  2490.598     2491.770     2569.833
 46  TVM+F+I       1222.286     19  2482.573     2483.876     2566.209
 47  TVM+F+G4      1222.302     19  2482.604     2483.908     2566.241
 48  TVM+F+I+G4    1222.276     20  2484.552     2485.996     2572.591
 68  TVMe+I        1230.643     16  2493.286     2494.214     2563.717
 69  TVMe+G4       1230.647     16  2493.293     2494.221     2563.724
 70  TVMe+I+G4     1230.709     17  2495.418     2496.464     2570.250
 90  TIM3+F+I      1217.138     18  2470.277     2471.448     2549.511
 91  TIM3+F+G4     1217.145     18  2470.291     2471.462     2549.525
 92  TIM3+F+I+G4   1217.218     19  2472.435     2473.739     2556.072
112  TIM3e+I       1227.490     15  2484.979     2485.797     2551.008
113  TIM3e+G4      1227.405     15  2484.810     2485.628     2550.839
114  TIM3e+I+G4    1227.645     16  2487.291     2488.219     2557.721
134  TIM2+F+I      1222.098     18  2480.196     2481.367     2559.430
135  TIM2+F+G4     1222.102     18  2480.204     2481.375     2559.438
136  TIM2+F+I+G4   1222.323     19  2482.645     2483.949     2566.281
156  TIM2e+I       1230.942     15  2491.883     2492.701     2557.912
157  TIM2e+G4      1230.954     15  2491.908     2492.726     2557.937
158  TIM2e+I+G4    1231.217     16  2494.434     2495.363     2564.865
178  TIM+F+I       1221.891     18  2479.781     2480.952     2559.016
179  TIM+F+G4      1221.894     18  2479.788     2480.959     2559.022
180  TIM+F+I+G4    1222.118     19  2482.235     2483.539     2565.872
200  TIMe+I        1230.974     15  2491.949     2492.767     2557.978
201  TIMe+G4       1230.986     15  2491.971     2492.789     2558.000
202  TIMe+I+G4     1231.254     16  2494.507     2495.436     2564.938
222  TPM3u+F+I     1222.311     17  2478.621     2479.668     2553.454
223  TPM3u+F+G4    1222.334     17  2478.668     2479.714     2553.501
224  TPM3u+F+I+G4  1222.268     18  2480.537     2481.708     2559.771
244  TPM3+I        1230.866     14  2489.733     2490.447     2551.360
245  TPM3+G4       1230.853     14  2489.706     2490.420     2551.333
246  TPM3+I+G4     1230.889     15  2491.777     2492.595     2557.806
266  TPM2u+F+I     1226.941     17  2487.882     2488.928     2562.715
267  TPM2u+F+G4    1226.950     17  2487.900     2488.946     2562.732
268  TPM2u+F+I+G4  1227.027     18  2490.053     2491.224     2569.288
288  TPM2+I        1234.290     14  2496.580     2497.294     2558.206
289  TPM2+G4       1234.291     14  2496.582     2497.296     2558.209
290  TPM2+I+G4     1234.443     15  2498.887     2499.705     2564.916
310  K3Pu+F+I      1226.712     17  2487.425     2488.471     2562.257
311  K3Pu+F+G4     1226.716     17  2487.432     2488.478     2562.265
312  K3Pu+F+I+G4   1226.804     18  2489.608     2490.779     2568.842
332  K3P+I         1234.311     14  2496.622     2497.336     2558.249
333  K3P+G4        1234.312     14  2496.624     2497.338     2558.251
334  K3P+I+G4      1234.470     15  2498.939     2499.757     2564.968
354  TN+F+I        1222.167     17  2478.333     2479.379     2553.166
355  TN+F+G4       1222.173     17  2478.346     2479.392     2553.178
356  TN+F+I+G4     1222.386     18  2480.772     2481.943     2560.007
376  TNe+I         1231.177     14  2490.354     2491.069     2551.981
377  TNe+G4        1231.197     14  2490.394     2491.108     2552.021
378  TNe+I+G4      1231.449     15  2492.898     2493.716     2558.927
398  HKY+F+I       1226.974     16  2485.947     2486.876     2556.378
399  HKY+F+G4      1226.986     16  2485.973     2486.901     2556.403
400  HKY+F+I+G4    1227.056     17  2488.111     2489.157     2562.944
420  K2P+I         1234.506     13  2495.011     2495.629     2552.236
421  K2P+G4        1234.509     13  2495.018     2495.636     2552.243
422  K2P+I+G4      1234.657     14  2497.315     2498.029     2558.941
442  F81+F+I       1265.942     15  2561.883     2562.701     2627.912
443  F81+F+G4      1266.007     15  2562.015     2562.832     2628.043
444  F81+F+I+G4    1266.120     16  2564.240     2565.168     2634.670
464  JC+I          1272.883     12  2569.766     2570.294     2622.589
465  JC+G4         1272.947     12  2569.893     2570.422     2622.716
466  JC+I+G4       1273.065     13  2572.131     2572.749     2629.355
Akaike Information Criterion:           TIM3+F+I
Corrected Akaike Information Criterion: TIM3+F+I
Bayesian Information Criterion:         TIM3+F+I
Best-fit model: TIM3+F+I chosen according to BIC

All model information printed to per_gene_alignments_codon/LOC101395280_.aln.model.gz
CPU time for ModelFinder: 0.425 seconds (0h:0m:0s)
Wall-clock time for ModelFinder: 1.003 seconds (0h:0m:1s)
Generating 1000 samples for ultrafast bootstrap (seed: 938736)...

NOTE: 0 MB RAM (0 GB) is required!
Estimate model parameters (epsilon = 0.100)
1. Initial log-likelihood: -1217.138
Optimal log-likelihood: -1217.138
Rate parameters:  A-C: 21.05339  A-G: 58.17672  A-T: 1.00000  C-G: 21.05339  C-T: 166.29289  G-T: 1.00000
Warning! Some parameters hit the boundaries
Base frequencies:  A: 0.315  C: 0.192  G: 0.230  T: 0.263
Proportion of invariable sites: 0.756
Parameters optimization took 1 rounds (0.001 sec)

WARNING: Estimated model parameters are at boundary that can cause numerical instability!

Wrote distance file to... 
Computing ML distances based on estimated model parameters...
Calculating distance matrix: done in 0.000176907 secs using 99.49% CPU
Computing ML distances took 0.000214 sec (of wall-clock time) 0.000219 sec (of CPU time)
Setting up auxiliary I and S matrices: done in 4.19617e-05 secs using 154.9% CPU
Computing RapidNJ tree took 0.000127 sec (of wall-clock time) 0.000190 sec (of CPU time)
Log-likelihood of RapidNJ tree: -1217.141
--------------------------------------------------------------------
|             INITIALIZING CANDIDATE TREE SET                      |
--------------------------------------------------------------------
Generating 98 parsimony trees... 0.063 second
Computing log-likelihood of 51 initial trees ... 0.027 seconds
Current best score: -1217.138

Do NNI search on 20 best initial trees
Estimate model parameters (epsilon = 0.100)

WARNING: Estimated model parameters are at boundary that can cause numerical instability!

BETTER TREE FOUND at iteration 1: -1217.138
UPDATE BEST LOG-LIKELIHOOD: -1217.138
UPDATE BEST LOG-LIKELIHOOD: -1217.138
Iteration 10 / LogL: -1217.138 / Time: 0h:0m:1s
UPDATE BEST LOG-LIKELIHOOD: -1217.138
UPDATE BEST LOG-LIKELIHOOD: -1217.138
Iteration 20 / LogL: -1217.138 / Time: 0h:0m:1s
Finish initializing candidate tree set (4)
Current best tree score: -1217.138 / CPU time: 0.213
Number of iterations: 20
--------------------------------------------------------------------
|               OPTIMIZING CANDIDATE TREE SET                      |
--------------------------------------------------------------------
UPDATE BEST LOG-LIKELIHOOD: -1217.138
Iteration 30 / LogL: -1217.138 / Time: 0h:0m:1s (0h:0m:0s left)
Iteration 40 / LogL: -1217.138 / Time: 0h:0m:1s (0h:0m:0s left)
Iteration 50 / LogL: -1217.139 / Time: 0h:0m:1s (0h:0m:0s left)
Log-likelihood cutoff on original alignment: -1232.340
Iteration 60 / LogL: -1217.138 / Time: 0h:0m:1s (0h:0m:0s left)
Iteration 70 / LogL: -1217.138 / Time: 0h:0m:1s (0h:0m:0s left)
Iteration 80 / LogL: -1217.138 / Time: 0h:0m:1s (0h:0m:0s left)
Iteration 90 / LogL: -1217.138 / Time: 0h:0m:2s (0h:0m:0s left)
Iteration 100 / LogL: -1217.138 / Time: 0h:0m:2s (0h:0m:0s left)
Log-likelihood cutoff on original alignment: -1232.908
NOTE: Bootstrap correlation coefficient of split occurrence frequencies: 0.999
TREE SEARCH COMPLETED AFTER 102 ITERATIONS / Time: 0h:0m:2s

--------------------------------------------------------------------
|                    FINALIZING TREE SEARCH                        |
--------------------------------------------------------------------
Performs final model parameters optimization
Estimate model parameters (epsilon = 0.010)
1. Initial log-likelihood: -1217.138
Optimal log-likelihood: -1217.138
Rate parameters:  A-C: 21.05339  A-G: 58.17672  A-T: 1.00000  C-G: 21.05339  C-T: 166.29289  G-T: 1.00000
Warning! Some parameters hit the boundaries
Base frequencies:  A: 0.315  C: 0.192  G: 0.230  T: 0.263
Proportion of invariable sites: 0.756
Parameters optimization took 1 rounds (0.001 sec)

WARNING: Estimated model parameters are at boundary that can cause numerical instability!

BEST SCORE FOUND : -1217.138
Creating bootstrap support values...
Split supports printed to NEXUS file per_gene_alignments_codon/LOC101395280_.aln.splits.nex
Total tree length: 0.165

Total number of iterations: 102
CPU time used for tree search: 0.903 sec (0h:0m:0s)
Wall-clock time used for tree search: 1.356 sec (0h:0m:1s)
Total CPU time used: 1.379 sec (0h:0m:1s)
Total wall-clock time used: 2.454 sec (0h:0m:2s)

Computing bootstrap consensus tree...
Reading input file per_gene_alignments_codon/LOC101395280_.aln.splits.nex...
7 taxa and 26 splits.
Consensus tree written to per_gene_alignments_codon/LOC101395280_.aln.contree
Reading input trees file per_gene_alignments_codon/LOC101395280_.aln.contree
Log-likelihood of consensus tree: -1217.141

Analysis results written to: 
  IQ-TREE report:                per_gene_alignments_codon/LOC101395280_.aln.iqtree
  Maximum-likelihood tree:       per_gene_alignments_codon/LOC101395280_.aln.treefile
  Likelihood distances:          per_gene_alignments_codon/LOC101395280_.aln.mldist

Ultrafast bootstrap approximation results written to:
  Split support values:          per_gene_alignments_codon/LOC101395280_.aln.splits.nex
  Consensus tree:                per_gene_alignments_codon/LOC101395280_.aln.contree
  Screen log file:               per_gene_alignments_codon/LOC101395280_.aln.log

Date and Time: Thu Oct 30 21:30:37 2025
