IQ-TREE multicore version 2.3.3 COVID-edition for Linux x86 64-bit built Apr 25 2024
Developed by Bui Quang Minh, James Barbetti, Nguyen Lam Tung, Olga Chernomor,
Heiko Schmidt, Dominik Schrempf, Michael Woodhams, Ly Trong Nhan, Thomas Wong

Host:    morpheus-OptiPlex-5050 (AVX2, FMA3, 503 GB RAM)
Command: iqtree2 -s per_gene_alignments_codon/LOC101403944_.aln.fna -m MFP -T 1 -B 1000 --prefix per_gene_alignments_codon/LOC101403944_.aln
Seed:    446381 (Using SPRNG - Scalable Parallel Random Number Generator)
Time:    Thu Oct 30 21:36:31 2025
Kernel:  AVX+FMA - 1 threads (72 CPU cores detected)

HINT: Use -nt option to specify number of threads because your CPU has 72 cores!
HINT: -nt AUTO will automatically determine the best number of threads to use.

Reading alignment file per_gene_alignments_codon/LOC101403944_.aln.fna ... Fasta format detected
Reading fasta file: done in 0.000440836 secs using 74.86% CPU
Alignment most likely contains DNA/RNA sequences
Alignment has 7 sequences with 1512 columns, 95 distinct patterns
93 parsimony-informative, 177 singleton sites, 1242 constant sites
                     Gap/Ambiguity  Composition  p-value
Analyzing sequences: done in 2.09808e-05 secs using 95.33% CPU
   1  Ceratotherium_simum    0.40%    passed     99.95%
   2  Diceros_bicornis       0.40%    passed     99.97%
   3  Equus_asinus           0.00%    passed     99.19%
   4  Equus_quagga           0.00%    passed     99.30%
   5  Equus_caballus         0.00%    passed     98.77%
   6  Canis_lupus            2.18%    passed     67.20%
   7  Bos_taurus             0.00%    passed     59.49%
****  TOTAL                  0.43%  0 sequences failed composition chi2 test (p-value<5%; df=3)


Create initial parsimony tree by phylogenetic likelihood library (PLL)... 0.000 seconds
Perform fast likelihood tree search using GTR+I+G model...
Estimate model parameters (epsilon = 5.000)
Perform nearest neighbor interchange...
Estimate model parameters (epsilon = 1.000)
1. Initial log-likelihood: -3578.935
Optimal log-likelihood: -3578.921
Rate parameters:  A-C: 2.10454  A-G: 6.76725  A-T: 1.90081  C-G: 1.87593  C-T: 8.55213  G-T: 1.00000
Base frequencies:  A: 0.205  C: 0.308  G: 0.268  T: 0.219
Proportion of invariable sites: 0.408
Gamma shape alpha: 1.197
Parameters optimization took 1 rounds (0.002 sec)
Time for fast ML tree search: 0.065 seconds

NOTE: ModelFinder requires 0 MB RAM!
ModelFinder will test up to 484 DNA models (sample size: 1512) ...
 No. Model         -LnL         df  AIC          AICc         BIC
  1  GTR+F         3595.064     19  7228.128     7228.637     7329.231
  2  GTR+F+I       3578.738     20  7197.477     7198.040     7303.901
  3  GTR+F+G4      3578.927     20  7197.854     7198.417     7304.278
  4  GTR+F+I+G4    3578.960     21  7199.920     7200.540     7311.665
  5  GTR+F+R2      3580.334     21  7202.668     7203.288     7314.413
  6  GTR+F+R3      3579.341     23  7204.681     7205.423     7327.069
 14  GTR+F+I+R2    3578.930     22  7201.860     7202.540     7318.926
 15  GTR+F+I+R3    3578.929     24  7205.859     7206.666     7333.567
 24  SYM+I         3601.244     17  7236.487     7236.897     7326.947
 25  SYM+G4        3601.332     17  7236.664     7237.073     7327.124
 26  SYM+I+G4      3601.308     18  7238.616     7239.074     7334.397
 46  TVM+F+I       3579.691     19  7197.381     7197.891     7298.484
 47  TVM+F+G4      3579.850     19  7197.700     7198.210     7298.803
 48  TVM+F+I+G4    3579.861     20  7199.722     7200.285     7306.146
 68  TVMe+I        3603.275     16  7238.549     7238.913     7323.688
 69  TVMe+G4       3603.323     16  7238.646     7239.010     7323.785
 70  TVMe+I+G4     3603.309     17  7240.618     7241.027     7331.078
 90  TIM3+F+I      3579.879     18  7195.758     7196.216     7291.539
 91  TIM3+F+G4     3580.095     18  7196.191     7196.649     7291.972
 92  TIM3+F+I+G4   3580.113     19  7198.227     7198.736     7299.329
112  TIM3e+I       3601.832     15  7233.665     7233.986     7313.483
113  TIM3e+G4      3601.918     15  7233.835     7234.156     7313.653
114  TIM3e+I+G4    3601.907     16  7235.814     7236.178     7320.953
134  TIM2+F+I      3580.128     18  7196.257     7196.715     7292.038
135  TIM2+F+G4     3580.375     18  7196.749     7197.207     7292.530
136  TIM2+F+I+G4   3580.416     19  7198.831     7199.341     7299.934
156  TIM2e+I       3604.546     15  7239.091     7239.412     7318.909
157  TIM2e+G4      3604.716     15  7239.431     7239.752     7319.249
158  TIM2e+I+G4    3604.720     16  7241.440     7241.804     7326.579
178  TIM+F+I       3580.634     18  7197.267     7197.725     7293.049
179  TIM+F+G4      3580.868     18  7197.736     7198.194     7293.517
180  TIM+F+I+G4    3580.895     19  7199.790     7200.300     7300.893
200  TIMe+I        3604.018     15  7238.036     7238.357     7317.854
201  TIMe+G4       3604.179     15  7238.357     7238.678     7318.175
202  TIMe+I+G4     3604.175     16  7240.350     7240.714     7325.489
222  TPM3u+F+I     3580.878     17  7195.755     7196.165     7286.215
223  TPM3u+F+G4    3581.047     17  7196.093     7196.503     7286.553
224  TPM3u+F+I+G4  3581.064     18  7198.128     7198.586     7293.910
244  TPM3+I        3603.863     14  7235.726     7236.007     7310.223
245  TPM3+G4       3603.920     14  7235.839     7236.120     7310.336
246  TPM3+I+G4     3603.910     15  7237.820     7238.140     7317.637
266  TPM2u+F+I     3581.134     17  7196.267     7196.677     7286.728
267  TPM2u+F+G4    3581.341     17  7196.681     7197.091     7287.141
268  TPM2u+F+I+G4  3581.375     18  7198.749     7199.208     7294.531
288  TPM2+I        3606.529     14  7241.058     7241.339     7315.555
289  TPM2+G4       3606.663     14  7241.326     7241.607     7315.823
290  TPM2+I+G4     3606.667     15  7243.334     7243.655     7323.152
310  K3Pu+F+I      3581.639     17  7197.278     7197.688     7287.738
311  K3Pu+F+G4     3581.832     17  7197.663     7198.073     7288.123
312  K3Pu+F+I+G4   3581.853     18  7199.706     7200.164     7295.487
332  K3P+I         3606.000     14  7240.001     7240.281     7314.497
333  K3P+G4        3606.116     14  7240.231     7240.512     7314.728
334  K3P+I+G4      3606.117     15  7242.234     7242.555     7322.052
354  TN+F+I        3580.893     17  7195.785     7196.195     7286.245
355  TN+F+G4       3581.143     17  7196.286     7196.696     7286.746
356  TN+F+I+G4     3581.176     18  7198.351     7198.810     7294.133
376  TNe+I         3604.624     14  7237.247     7237.528     7311.744
377  TNe+G4        3604.793     14  7237.586     7237.867     7312.083
378  TNe+I+G4      3604.792     15  7239.583     7239.904     7319.401
398  HKY+F+I       3581.906     16  7195.813     7196.177     7280.952
399  HKY+F+G4      3582.111     16  7196.222     7196.586     7281.361
400  HKY+F+I+G4    3582.141     17  7198.282     7198.692     7288.742
420  K2P+I         3606.602     13  7239.203     7239.446     7308.379
421  K2P+G4        3606.729     13  7239.458     7239.701     7308.633
422  K2P+I+G4      3606.731     14  7241.463     7241.743     7315.960
442  F81+F+I       3650.277     15  7330.554     7330.875     7410.372
443  F81+F+G4      3650.411     15  7330.822     7331.143     7410.640
444  F81+F+I+G4    3650.375     16  7332.749     7333.113     7417.888
464  JC+I          3671.756     12  7367.513     7367.721     7431.367
465  JC+G4         3671.889     12  7367.778     7367.986     7431.632
466  JC+I+G4       3671.843     13  7369.687     7369.930     7438.862
Akaike Information Criterion:           TPM3u+F+I
Corrected Akaike Information Criterion: TPM3u+F+I
Bayesian Information Criterion:         HKY+F+I
Best-fit model: HKY+F+I chosen according to BIC

All model information printed to per_gene_alignments_codon/LOC101403944_.aln.model.gz
CPU time for ModelFinder: 0.458 seconds (0h:0m:0s)
Wall-clock time for ModelFinder: 1.143 seconds (0h:0m:1s)
Generating 1000 samples for ultrafast bootstrap (seed: 446381)...

NOTE: 0 MB RAM (0 GB) is required!
Estimate model parameters (epsilon = 0.100)
1. Initial log-likelihood: -3581.906
Optimal log-likelihood: -3581.906
Rate parameters:  A-C: 1.00000  A-G: 4.46895  A-T: 1.00000  C-G: 1.00000  C-T: 4.46895  G-T: 1.00000
Base frequencies:  A: 0.205  C: 0.308  G: 0.268  T: 0.219
Proportion of invariable sites: 0.605
Parameters optimization took 1 rounds (0.001 sec)
Wrote distance file to... 
Computing ML distances based on estimated model parameters...
Calculating distance matrix: done in 0.000227928 secs using 99.59% CPU
Computing ML distances took 0.000289 sec (of wall-clock time) 0.000295 sec (of CPU time)
Setting up auxiliary I and S matrices: done in 4.19617e-05 secs using 97.71% CPU
Computing RapidNJ tree took 0.000127 sec (of wall-clock time) 0.000127 sec (of CPU time)
Log-likelihood of RapidNJ tree: -3581.908
--------------------------------------------------------------------
|             INITIALIZING CANDIDATE TREE SET                      |
--------------------------------------------------------------------
Generating 99 parsimony trees... 0.091 second
Computing log-likelihood of 42 initial trees ... 0.021 seconds
Current best score: -3581.906

Do NNI search on 20 best initial trees
Estimate model parameters (epsilon = 0.100)
BETTER TREE FOUND at iteration 1: -3581.906
Iteration 10 / LogL: -3581.954 / Time: 0h:0m:1s
Iteration 20 / LogL: -3582.147 / Time: 0h:0m:1s
Finish initializing candidate tree set (1)
Current best tree score: -3581.906 / CPU time: 0.245
Number of iterations: 20
--------------------------------------------------------------------
|               OPTIMIZING CANDIDATE TREE SET                      |
--------------------------------------------------------------------
UPDATE BEST LOG-LIKELIHOOD: -3581.906
UPDATE BEST LOG-LIKELIHOOD: -3581.906
UPDATE BEST LOG-LIKELIHOOD: -3581.906
Iteration 30 / LogL: -3582.161 / Time: 0h:0m:1s (0h:0m:1s left)
Iteration 40 / LogL: -3582.159 / Time: 0h:0m:1s (0h:0m:1s left)
Iteration 50 / LogL: -3581.907 / Time: 0h:0m:2s (0h:0m:0s left)
Log-likelihood cutoff on original alignment: -3592.560
Iteration 60 / LogL: -3581.908 / Time: 0h:0m:2s (0h:0m:0s left)
Iteration 70 / LogL: -3581.920 / Time: 0h:0m:2s (0h:0m:0s left)
UPDATE BEST LOG-LIKELIHOOD: -3581.906
Iteration 80 / LogL: -3581.906 / Time: 0h:0m:2s (0h:0m:0s left)
Iteration 90 / LogL: -3581.906 / Time: 0h:0m:2s (0h:0m:0s left)
Iteration 100 / LogL: -3581.906 / Time: 0h:0m:3s (0h:0m:0s left)
Log-likelihood cutoff on original alignment: -3592.029
NOTE: Bootstrap correlation coefficient of split occurrence frequencies: 1.000
TREE SEARCH COMPLETED AFTER 102 ITERATIONS / Time: 0h:0m:3s

--------------------------------------------------------------------
|                    FINALIZING TREE SEARCH                        |
--------------------------------------------------------------------
Performs final model parameters optimization
Estimate model parameters (epsilon = 0.010)
1. Initial log-likelihood: -3581.906
Optimal log-likelihood: -3581.906
Rate parameters:  A-C: 1.00000  A-G: 4.46742  A-T: 1.00000  C-G: 1.00000  C-T: 4.46742  G-T: 1.00000
Base frequencies:  A: 0.205  C: 0.308  G: 0.268  T: 0.219
Proportion of invariable sites: 0.605
Parameters optimization took 1 rounds (0.001 sec)
BEST SCORE FOUND : -3581.906
Creating bootstrap support values...
Split supports printed to NEXUS file per_gene_alignments_codon/LOC101403944_.aln.splits.nex
Total tree length: 0.256

Total number of iterations: 102
CPU time used for tree search: 0.997 sec (0h:0m:0s)
Wall-clock time used for tree search: 1.922 sec (0h:0m:1s)
Total CPU time used: 1.520 sec (0h:0m:1s)
Total wall-clock time used: 3.250 sec (0h:0m:3s)

Computing bootstrap consensus tree...
Reading input file per_gene_alignments_codon/LOC101403944_.aln.splits.nex...
7 taxa and 15 splits.
Consensus tree written to per_gene_alignments_codon/LOC101403944_.aln.contree
Reading input trees file per_gene_alignments_codon/LOC101403944_.aln.contree
Log-likelihood of consensus tree: -3581.908

Analysis results written to: 
  IQ-TREE report:                per_gene_alignments_codon/LOC101403944_.aln.iqtree
  Maximum-likelihood tree:       per_gene_alignments_codon/LOC101403944_.aln.treefile
  Likelihood distances:          per_gene_alignments_codon/LOC101403944_.aln.mldist

Ultrafast bootstrap approximation results written to:
  Split support values:          per_gene_alignments_codon/LOC101403944_.aln.splits.nex
  Consensus tree:                per_gene_alignments_codon/LOC101403944_.aln.contree
  Screen log file:               per_gene_alignments_codon/LOC101403944_.aln.log

Date and Time: Thu Oct 30 21:36:35 2025
