IQ-TREE multicore version 2.3.3 COVID-edition for Linux x86 64-bit built Apr 25 2024
Developed by Bui Quang Minh, James Barbetti, Nguyen Lam Tung, Olga Chernomor,
Heiko Schmidt, Dominik Schrempf, Michael Woodhams, Ly Trong Nhan, Thomas Wong

Host:    morpheus-OptiPlex-5050 (AVX2, FMA3, 503 GB RAM)
Command: iqtree2 -s per_gene_alignments_codon/LOC101408104_.aln.fna -m MFP -T 1 -B 1000 --prefix per_gene_alignments_codon/LOC101408104_.aln
Seed:    9965 (Using SPRNG - Scalable Parallel Random Number Generator)
Time:    Thu Oct 30 21:39:18 2025
Kernel:  AVX+FMA - 1 threads (72 CPU cores detected)

HINT: Use -nt option to specify number of threads because your CPU has 72 cores!
HINT: -nt AUTO will automatically determine the best number of threads to use.

Reading alignment file per_gene_alignments_codon/LOC101408104_.aln.fna ... Fasta format detected
Reading fasta file: done in 0.00063014 secs using 49.83% CPU
Alignment most likely contains DNA/RNA sequences
Alignment has 7 sequences with 2061 columns, 336 distinct patterns
327 parsimony-informative, 696 singleton sites, 1038 constant sites
                     Gap/Ambiguity  Composition  p-value
Analyzing sequences: done in 2.5034e-05 secs
   1  Ceratotherium_simum    2.77%    passed     76.17%
   2  Diceros_bicornis       4.95%    passed     24.83%
   3  Equus_asinus           0.00%    passed     62.47%
   4  Equus_quagga           0.00%    passed     71.71%
   5  Equus_caballus         0.00%    passed     39.53%
   6  Canis_lupus            0.44%    passed     20.33%
   7  Bos_taurus             4.22%    failed      0.01%
****  TOTAL                  1.77%  1 sequences failed composition chi2 test (p-value<5%; df=3)


Create initial parsimony tree by phylogenetic likelihood library (PLL)... 0.000 seconds
Perform fast likelihood tree search using GTR+I+G model...
Estimate model parameters (epsilon = 5.000)
Perform nearest neighbor interchange...
Estimate model parameters (epsilon = 1.000)
1. Initial log-likelihood: -8203.114
Optimal log-likelihood: -8202.804
Rate parameters:  A-C: 0.96860  A-G: 2.69783  A-T: 0.87156  C-G: 1.51769  C-T: 2.42652  G-T: 1.00000
Base frequencies:  A: 0.198  C: 0.273  G: 0.264  T: 0.265
Proportion of invariable sites: 0.237
Gamma shape alpha: 998.967
Parameters optimization took 1 rounds (0.014 sec)
Time for fast ML tree search: 0.095 seconds

NOTE: ModelFinder requires 2 MB RAM!
ModelFinder will test up to 484 DNA models (sample size: 2061) ...
 No. Model         -LnL         df  AIC          AICc         BIC
  1  GTR+F         8216.037     19  16470.074    16470.446    16577.062
  2  GTR+F+I       8201.696     20  16443.393    16443.804    16556.011
  3  GTR+F+G4      8201.093     20  16442.186    16442.597    16554.805
  4  GTR+F+I+G4    8202.054     21  16446.107    16446.560    16564.357
  5  GTR+F+R2      8201.089     21  16444.177    16444.630    16562.427
  6  GTR+F+R3      8201.082     23  16448.164    16448.706    16577.676
 14  GTR+F+I+R2    8201.316     22  16446.632    16447.129    16570.513
 15  GTR+F+I+R3    8201.278     24  16450.556    16451.146    16585.699
 24  SYM+I         8229.232     17  16492.464    16492.763    16588.190
 25  SYM+G4        8228.225     17  16490.451    16490.750    16586.177
 26  SYM+I+G4      8229.560     18  16495.121    16495.456    16596.478
 27  SYM+R2        8228.334     18  16492.668    16493.003    16594.025
 46  TVM+F+I       8202.213     19  16442.427    16442.799    16549.415
 47  TVM+F+G4      8201.461     19  16440.921    16441.293    16547.909
 48  TVM+F+I+G4    8202.598     20  16445.197    16445.608    16557.816
 49  TVM+F+R2      8201.476     20  16442.951    16443.363    16555.570
 68  TVMe+I        8229.785     16  16491.570    16491.836    16581.665
 69  TVMe+G4       8228.996     16  16489.993    16490.259    16580.088
 70  TVMe+I+G4     8230.140     17  16494.280    16494.580    16590.006
 71  TVMe+R2       8229.049     17  16492.097    16492.397    16587.823
 90  TIM3+F+I      8207.354     18  16450.707    16451.042    16552.064
 91  TIM3+F+G4     8206.786     18  16449.573    16449.908    16550.930
 92  TIM3+F+I+G4   8207.760     19  16453.521    16453.893    16560.508
 93  TIM3+F+R2     8206.795     19  16451.590    16451.963    16558.578
112  TIM3e+I       8242.914     15  16515.829    16516.063    16600.293
113  TIM3e+G4      8242.045     15  16514.089    16514.324    16598.554
114  TIM3e+I+G4    8243.276     16  16518.552    16518.818    16608.647
115  TIM3e+R2      8242.110     16  16516.220    16516.486    16606.315
134  TIM2+F+I      8207.143     18  16450.286    16450.621    16551.643
135  TIM2+F+G4     8207.223     18  16450.445    16450.780    16551.802
136  TIM2+F+I+G4   8207.493     19  16452.986    16453.359    16559.974
137  TIM2+F+R2     8207.090     19  16452.180    16452.552    16559.168
156  TIM2e+I       8235.278     15  16500.556    16500.790    16585.020
157  TIM2e+G4      8235.061     15  16500.122    16500.356    16584.586
158  TIM2e+I+G4    8235.671     16  16503.342    16503.608    16593.437
159  TIM2e+R2      8234.974     16  16501.949    16502.215    16592.044
178  TIM+F+I       8209.780     18  16455.560    16455.895    16556.917
179  TIM+F+G4      8209.673     18  16455.346    16455.681    16556.703
180  TIM+F+I+G4    8210.118     19  16458.237    16458.609    16565.225
181  TIM+F+R2      8209.587     19  16457.174    16457.546    16564.162
200  TIMe+I        8245.830     15  16521.661    16521.896    16606.125
201  TIMe+G4       8245.474     15  16520.948    16521.183    16605.412
202  TIMe+I+G4     8246.203     16  16524.406    16524.672    16614.501
203  TIMe+R2       8245.436     16  16522.872    16523.139    16612.968
222  TPM3u+F+I     8207.841     17  16449.683    16449.982    16545.409
223  TPM3u+F+G4    8207.142     17  16448.284    16448.583    16544.010
224  TPM3u+F+I+G4  8208.190     18  16452.380    16452.715    16553.737
225  TPM3u+F+R2    8207.170     18  16450.341    16450.676    16551.698
244  TPM3+I        8243.557     14  16515.113    16515.319    16593.947
245  TPM3+G4       8242.885     14  16513.771    16513.976    16592.604
246  TPM3+I+G4     8243.961     15  16517.922    16518.157    16602.386
247  TPM3+R2       8242.917     15  16515.834    16516.068    16600.298
266  TPM2u+F+I     8207.687     17  16449.375    16449.674    16545.101
267  TPM2u+F+G4    8207.616     17  16449.232    16449.531    16544.958
268  TPM2u+F+I+G4  8208.061     18  16452.122    16452.457    16553.479
269  TPM2u+F+R2    8207.509     18  16451.017    16451.352    16552.374
288  TPM2+I        8235.803     14  16499.605    16499.811    16578.438
289  TPM2+G4       8235.797     14  16499.593    16499.798    16578.426
290  TPM2+I+G4     8236.163     15  16502.326    16502.560    16586.790
291  TPM2+R2       8235.702     15  16501.403    16501.638    16585.867
310  K3Pu+F+I      8210.289     17  16454.578    16454.877    16550.304
311  K3Pu+F+G4     8210.049     17  16454.098    16454.397    16549.824
312  K3Pu+F+I+G4   8210.649     18  16457.298    16457.633    16558.655
313  K3Pu+F+R2     8209.985     18  16455.970    16456.305    16557.327
332  K3P+I         8246.452     14  16520.904    16521.109    16599.737
333  K3P+G4        8246.282     14  16520.565    16520.770    16599.398
334  K3P+I+G4      8246.794     15  16523.587    16523.822    16608.051
335  K3P+R2        8246.211     15  16522.423    16522.657    16606.887
354  TN+F+I        8211.958     17  16457.917    16458.216    16553.643
355  TN+F+G4       8211.999     17  16457.999    16458.298    16553.725
356  TN+F+I+G4     8212.362     18  16460.724    16461.059    16562.081
357  TN+F+R2       8211.887     18  16459.774    16460.109    16561.131
376  TNe+I         8248.064     14  16524.128    16524.333    16602.961
377  TNe+G4        8247.869     14  16523.738    16523.943    16602.571
378  TNe+I+G4      8248.428     15  16526.856    16527.090    16611.320
379  TNe+R2        8247.809     15  16525.618    16525.852    16610.082
398  HKY+F+I       8212.467     16  16456.934    16457.200    16547.029
399  HKY+F+G4      8212.378     16  16456.756    16457.022    16546.851
400  HKY+F+I+G4    8212.819     17  16459.637    16459.937    16555.363
401  HKY+F+R2      8212.288     17  16458.576    16458.876    16554.302
420  K2P+I         8248.681     13  16523.363    16523.541    16596.565
421  K2P+G4        8248.672     13  16523.344    16523.522    16596.546
422  K2P+I+G4      8249.092     14  16526.183    16526.388    16605.016
423  K2P+R2        8248.575     14  16525.151    16525.356    16603.984
442  F81+F+I       8294.268     15  16618.537    16618.771    16703.001
443  F81+F+G4      8294.188     15  16618.375    16618.610    16702.840
444  F81+F+I+G4    8294.687     16  16621.373    16621.639    16711.468
445  F81+F+R2      8294.172     16  16620.344    16620.610    16710.439
464  JC+I          8331.598     12  16687.197    16687.349    16754.768
465  JC+G4         8331.440     12  16686.880    16687.032    16754.451
466  JC+I+G4       8332.036     13  16690.071    16690.249    16763.274
467  JC+R2         8331.448     13  16688.896    16689.074    16762.098
Akaike Information Criterion:           TVM+F+G4
Corrected Akaike Information Criterion: TVM+F+G4
Bayesian Information Criterion:         TPM3u+F+G4
Best-fit model: TPM3u+F+G4 chosen according to BIC

All model information printed to per_gene_alignments_codon/LOC101408104_.aln.model.gz
CPU time for ModelFinder: 1.603 seconds (0h:0m:1s)
Wall-clock time for ModelFinder: 3.584 seconds (0h:0m:3s)
Generating 1000 samples for ultrafast bootstrap (seed: 9965)...

NOTE: 1 MB RAM (0 GB) is required!
Estimate model parameters (epsilon = 0.100)
1. Initial log-likelihood: -8207.142
Optimal log-likelihood: -8207.142
Rate parameters:  A-C: 1.37410  A-G: 2.68985  A-T: 1.00000  C-G: 1.37410  C-T: 2.68985  G-T: 1.00000
Base frequencies:  A: 0.198  C: 0.273  G: 0.264  T: 0.265
Gamma shape alpha: 2.220
Parameters optimization took 1 rounds (0.003 sec)
Wrote distance file to... 
Computing ML distances based on estimated model parameters...
Calculating distance matrix: done in 0.000448227 secs using 99.73% CPU
Computing ML distances took 0.000528 sec (of wall-clock time) 0.000534 sec (of CPU time)
Setting up auxiliary I and S matrices: done in 4.29153e-05 secs using 198.1% CPU
Computing RapidNJ tree took 0.000136 sec (of wall-clock time) 0.000268 sec (of CPU time)
Log-likelihood of RapidNJ tree: -8207.140
--------------------------------------------------------------------
|             INITIALIZING CANDIDATE TREE SET                      |
--------------------------------------------------------------------
Generating 99 parsimony trees... 0.070 second
Computing log-likelihood of 41 initial trees ... 0.043 seconds
Current best score: -8207.140

Do NNI search on 20 best initial trees
Estimate model parameters (epsilon = 0.100)
BETTER TREE FOUND at iteration 1: -8207.140
Iteration 10 / LogL: -8207.860 / Time: 0h:0m:4s
Iteration 20 / LogL: -8207.158 / Time: 0h:0m:4s
Finish initializing candidate tree set (1)
Current best tree score: -8207.140 / CPU time: 0.500
Number of iterations: 20
--------------------------------------------------------------------
|               OPTIMIZING CANDIDATE TREE SET                      |
--------------------------------------------------------------------
UPDATE BEST LOG-LIKELIHOOD: -8207.140
Iteration 30 / LogL: -8207.147 / Time: 0h:0m:4s (0h:0m:1s left)
Iteration 40 / LogL: -8207.141 / Time: 0h:0m:4s (0h:0m:1s left)
Iteration 50 / LogL: -8207.143 / Time: 0h:0m:4s (0h:0m:1s left)
Log-likelihood cutoff on original alignment: -8239.323
Iteration 60 / LogL: -8207.171 / Time: 0h:0m:4s (0h:0m:0s left)
Iteration 70 / LogL: -8207.140 / Time: 0h:0m:5s (0h:0m:0s left)
Iteration 80 / LogL: -8207.857 / Time: 0h:0m:5s (0h:0m:0s left)
Iteration 90 / LogL: -8207.141 / Time: 0h:0m:5s (0h:0m:0s left)
Iteration 100 / LogL: -8207.140 / Time: 0h:0m:5s (0h:0m:0s left)
Log-likelihood cutoff on original alignment: -8239.323
NOTE: Bootstrap correlation coefficient of split occurrence frequencies: 1.000
TREE SEARCH COMPLETED AFTER 102 ITERATIONS / Time: 0h:0m:5s

--------------------------------------------------------------------
|                    FINALIZING TREE SEARCH                        |
--------------------------------------------------------------------
Performs final model parameters optimization
Estimate model parameters (epsilon = 0.010)
1. Initial log-likelihood: -8207.140
Optimal log-likelihood: -8207.140
Rate parameters:  A-C: 1.37380  A-G: 2.68897  A-T: 1.00000  C-G: 1.37380  C-T: 2.68897  G-T: 1.00000
Base frequencies:  A: 0.198  C: 0.273  G: 0.264  T: 0.265
Gamma shape alpha: 2.217
Parameters optimization took 1 rounds (0.003 sec)
BEST SCORE FOUND : -8207.140
Creating bootstrap support values...
Split supports printed to NEXUS file per_gene_alignments_codon/LOC101408104_.aln.splits.nex
Total tree length: 0.850

Total number of iterations: 102
CPU time used for tree search: 1.757 sec (0h:0m:1s)
Wall-clock time used for tree search: 1.808 sec (0h:0m:1s)
Total CPU time used: 3.498 sec (0h:0m:3s)
Total wall-clock time used: 5.618 sec (0h:0m:5s)

Computing bootstrap consensus tree...
Reading input file per_gene_alignments_codon/LOC101408104_.aln.splits.nex...
7 taxa and 14 splits.
Consensus tree written to per_gene_alignments_codon/LOC101408104_.aln.contree
Reading input trees file per_gene_alignments_codon/LOC101408104_.aln.contree
Log-likelihood of consensus tree: -8207.142

Analysis results written to: 
  IQ-TREE report:                per_gene_alignments_codon/LOC101408104_.aln.iqtree
  Maximum-likelihood tree:       per_gene_alignments_codon/LOC101408104_.aln.treefile
  Likelihood distances:          per_gene_alignments_codon/LOC101408104_.aln.mldist

Ultrafast bootstrap approximation results written to:
  Split support values:          per_gene_alignments_codon/LOC101408104_.aln.splits.nex
  Consensus tree:                per_gene_alignments_codon/LOC101408104_.aln.contree
  Screen log file:               per_gene_alignments_codon/LOC101408104_.aln.log

Date and Time: Thu Oct 30 21:39:24 2025
