IQ-TREE multicore version 2.3.3 COVID-edition for Linux x86 64-bit built Apr 25 2024
Developed by Bui Quang Minh, James Barbetti, Nguyen Lam Tung, Olga Chernomor,
Heiko Schmidt, Dominik Schrempf, Michael Woodhams, Ly Trong Nhan, Thomas Wong

Host:    morpheus-OptiPlex-5050 (AVX2, FMA3, 503 GB RAM)
Command: iqtree2 -s per_gene_alignments_codon/LOC101408091_.aln.fna -m MFP -T 1 -B 1000 --prefix per_gene_alignments_codon/LOC101408091_.aln
Seed:    409614 (Using SPRNG - Scalable Parallel Random Number Generator)
Time:    Thu Oct 30 21:39:17 2025
Kernel:  AVX+FMA - 1 threads (72 CPU cores detected)

HINT: Use -nt option to specify number of threads because your CPU has 72 cores!
HINT: -nt AUTO will automatically determine the best number of threads to use.

Reading alignment file per_gene_alignments_codon/LOC101408091_.aln.fna ... Fasta format detected
Reading fasta file: done in 0.000845909 secs
Alignment most likely contains DNA/RNA sequences
Alignment has 7 sequences with 3195 columns, 119 distinct patterns
195 parsimony-informative, 252 singleton sites, 2748 constant sites
                     Gap/Ambiguity  Composition  p-value
Analyzing sequences: done in 2.09808e-05 secs
   1  Ceratotherium_simum    0.09%    passed     98.26%
   2  Diceros_bicornis       0.09%    passed     92.48%
   3  Equus_asinus           0.00%    passed     99.72%
   4  Equus_quagga           0.00%    passed     99.25%
   5  Equus_caballus         0.00%    passed     99.61%
   6  Canis_lupus            0.09%    passed     53.36%
   7  Bos_taurus             0.09%    passed     29.32%
****  TOTAL                  0.05%  0 sequences failed composition chi2 test (p-value<5%; df=3)


Create initial parsimony tree by phylogenetic likelihood library (PLL)... 0.000 seconds
Perform fast likelihood tree search using GTR+I+G model...
Estimate model parameters (epsilon = 5.000)
Perform nearest neighbor interchange...
Estimate model parameters (epsilon = 1.000)
1. Initial log-likelihood: -7073.394
Optimal log-likelihood: -7073.349
Rate parameters:  A-C: 1.84870  A-G: 6.57281  A-T: 0.98270  C-G: 1.49475  C-T: 14.65089  G-T: 1.00000
Base frequencies:  A: 0.253  C: 0.249  G: 0.280  T: 0.218
Proportion of invariable sites: 0.425
Gamma shape alpha: 0.553
Parameters optimization took 1 rounds (0.028 sec)
Time for fast ML tree search: 0.071 seconds

NOTE: ModelFinder requires 0 MB RAM!
ModelFinder will test up to 484 DNA models (sample size: 3195) ...
 No. Model         -LnL         df  AIC          AICc         BIC
  1  GTR+F         7127.763     19  14293.526    14293.766    14408.844
  2  GTR+F+I       7073.138     20  14186.276    14186.541    14307.663
  3  GTR+F+G4      7073.142     20  14186.285    14186.550    14307.672
  4  GTR+F+I+G4    7073.338     21  14188.676    14188.967    14316.132
  5  GTR+F+R2      7073.439     21  14188.878    14189.169    14316.334
  6  GTR+F+R3      7073.259     23  14192.519    14192.867    14332.114
 14  GTR+F+I+R2    7073.262     22  14190.524    14190.843    14324.049
 15  GTR+F+I+R3    7073.297     24  14194.593    14194.972    14340.257
 24  SYM+I         7085.995     17  14205.990    14206.183    14309.169
 25  SYM+G4        7086.017     17  14206.034    14206.227    14309.213
 26  SYM+I+G4      7086.207     18  14208.415    14208.630    14317.663
 27  SYM+R2        7086.318     18  14208.637    14208.852    14317.885
 46  TVM+F+I       7091.540     19  14221.079    14221.319    14336.397
 47  TVM+F+G4      7091.646     19  14221.292    14221.531    14336.609
 48  TVM+F+I+G4    7092.078     20  14224.155    14224.420    14345.542
 49  TVM+F+R2      7091.827     20  14223.654    14223.919    14345.041
 68  TVMe+I        7098.081     16  14228.163    14228.334    14325.272
 69  TVMe+G4       7098.212     16  14228.423    14228.595    14325.533
 70  TVMe+I+G4     7098.582     17  14231.165    14231.357    14334.344
 71  TVMe+R2       7098.397     17  14230.793    14230.986    14333.972
 90  TIM3+F+I      7073.449     18  14182.898    14183.113    14292.146
 91  TIM3+F+G4     7073.461     18  14182.922    14183.137    14292.170
 92  TIM3+F+I+G4   7073.637     19  14185.273    14185.513    14300.591
 93  TIM3+F+R2     7073.656     19  14185.312    14185.551    14300.629
112  TIM3e+I       7086.107     15  14202.213    14202.364    14293.254
113  TIM3e+G4      7086.145     15  14202.290    14202.441    14293.330
114  TIM3e+I+G4    7086.300     16  14204.601    14204.772    14301.710
115  TIM3e+R2      7086.417     16  14204.835    14205.006    14301.944
134  TIM2+F+I      7076.037     18  14188.075    14188.290    14297.323
135  TIM2+F+G4     7075.995     18  14187.990    14188.205    14297.238
136  TIM2+F+I+G4   7076.016     19  14190.033    14190.272    14305.350
137  TIM2+F+R2     7076.310     19  14190.619    14190.859    14305.937
156  TIM2e+I       7090.193     15  14210.386    14210.537    14301.426
157  TIM2e+G4      7090.150     15  14210.301    14210.452    14301.341
158  TIM2e+I+G4    7090.176     16  14212.353    14212.524    14309.462
159  TIM2e+R2      7090.490     16  14212.979    14213.150    14310.089
178  TIM+F+I       7076.282     18  14188.564    14188.780    14297.812
179  TIM+F+G4      7076.236     18  14188.473    14188.688    14297.721
180  TIM+F+I+G4    7076.216     19  14190.432    14190.671    14305.749
181  TIM+F+R2      7076.560     19  14191.120    14191.360    14306.438
200  TIMe+I        7090.245     15  14210.490    14210.641    14301.530
201  TIMe+G4       7090.205     15  14210.409    14210.560    14301.450
202  TIMe+I+G4     7090.208     16  14212.415    14212.586    14309.525
203  TIMe+R2       7090.456     16  14212.912    14213.083    14310.021
222  TPM3u+F+I     7091.841     17  14217.681    14217.874    14320.860
223  TPM3u+F+G4    7091.925     17  14217.850    14218.043    14321.029
224  TPM3u+F+I+G4  7092.364     18  14220.728    14220.943    14329.976
225  TPM3u+F+R2    7092.134     18  14220.268    14220.484    14329.516
244  TPM3+I        7098.181     14  14224.362    14224.494    14309.332
245  TPM3+G4       7098.301     14  14224.603    14224.735    14309.574
246  TPM3+I+G4     7098.678     15  14227.355    14227.506    14318.395
247  TPM3+R2       7098.463     15  14226.927    14227.078    14317.967
266  TPM2u+F+I     7094.546     17  14223.093    14223.285    14326.271
267  TPM2u+F+G4    7094.608     17  14223.217    14223.410    14326.396
268  TPM2u+F+I+G4  7094.941     18  14225.882    14226.098    14335.130
269  TPM2u+F+R2    7094.826     18  14225.651    14225.867    14334.899
288  TPM2+I        7102.237     14  14232.474    14232.606    14317.444
289  TPM2+G4       7102.307     14  14232.614    14232.746    14317.585
290  TPM2+I+G4     7102.588     15  14235.176    14235.327    14326.216
291  TPM2+R2       7102.519     15  14235.038    14235.189    14326.078
310  K3Pu+F+I      7094.753     17  14223.506    14223.699    14326.685
311  K3Pu+F+G4     7094.818     17  14223.636    14223.829    14326.815
312  K3Pu+F+I+G4   7095.129     18  14226.258    14226.474    14335.506
313  K3Pu+F+R2     7095.030     18  14226.060    14226.275    14335.308
332  K3P+I         7102.266     14  14232.533    14232.665    14317.503
333  K3P+G4        7102.326     14  14232.651    14232.783    14317.622
334  K3P+I+G4      7102.596     15  14235.193    14235.344    14326.233
335  K3P+R2        7102.541     15  14235.082    14235.233    14326.122
354  TN+F+I        7076.331     17  14186.662    14186.855    14289.841
355  TN+F+G4       7076.273     17  14186.546    14186.739    14289.725
356  TN+F+I+G4     7076.282     18  14188.564    14188.779    14297.812
357  TN+F+R2       7076.600     18  14189.201    14189.416    14298.449
376  TNe+I         7090.281     14  14208.563    14208.695    14293.534
377  TNe+G4        7090.233     14  14208.466    14208.598    14293.437
378  TNe+I+G4      7090.249     15  14210.498    14210.649    14301.538
379  TNe+R2        7090.564     15  14211.127    14211.278    14302.167
398  HKY+F+I       7094.802     16  14221.603    14221.775    14318.713
399  HKY+F+G4      7094.858     16  14221.717    14221.888    14318.826
400  HKY+F+I+G4    7095.177     17  14224.355    14224.547    14327.533
401  HKY+F+R2      7095.068     17  14224.135    14224.328    14327.314
420  K2P+I         7102.300     13  14230.600    14230.714    14309.501
421  K2P+G4        7102.358     13  14230.717    14230.831    14309.618
422  K2P+I+G4      7102.637     14  14233.273    14233.405    14318.244
423  K2P+R2        7102.572     14  14233.143    14233.275    14318.114
442  F81+F+I       7299.380     15  14628.759    14628.910    14719.799
443  F81+F+G4      7299.668     15  14629.337    14629.488    14720.377
444  F81+F+I+G4    7299.977     16  14631.954    14632.125    14729.063
445  F81+F+R2      7299.766     16  14631.532    14631.703    14728.642
464  JC+I          7306.133     12  14636.265    14636.363    14709.097
465  JC+G4         7306.413     12  14636.825    14636.923    14709.657
466  JC+I+G4       7306.724     13  14639.447    14639.562    14718.349
467  JC+R2         7306.528     13  14639.056    14639.170    14717.957
Akaike Information Criterion:           TIM3+F+I
Corrected Akaike Information Criterion: TIM3+F+I
Bayesian Information Criterion:         TN+F+G4
Best-fit model: TN+F+G4 chosen according to BIC

All model information printed to per_gene_alignments_codon/LOC101408091_.aln.model.gz
CPU time for ModelFinder: 1.652 seconds (0h:0m:1s)
Wall-clock time for ModelFinder: 3.554 seconds (0h:0m:3s)
Generating 1000 samples for ultrafast bootstrap (seed: 409614)...

NOTE: 0 MB RAM (0 GB) is required!
Estimate model parameters (epsilon = 0.100)
1. Initial log-likelihood: -7076.273
Optimal log-likelihood: -7076.273
Rate parameters:  A-C: 1.00000  A-G: 4.91439  A-T: 1.00000  C-G: 1.00000  C-T: 10.93277  G-T: 1.00000
Base frequencies:  A: 0.253  C: 0.249  G: 0.280  T: 0.218
Gamma shape alpha: 0.147
Parameters optimization took 1 rounds (0.001 sec)
Wrote distance file to... 
Computing ML distances based on estimated model parameters...
Calculating distance matrix: done in 0.000535011 secs using 99.81% CPU
Computing ML distances took 0.000593 sec (of wall-clock time) 0.000599 sec (of CPU time)
Setting up auxiliary I and S matrices: done in 4.50611e-05 secs using 195.3% CPU
Computing RapidNJ tree took 0.000147 sec (of wall-clock time) 0.000291 sec (of CPU time)
Log-likelihood of RapidNJ tree: -7076.273
--------------------------------------------------------------------
|             INITIALIZING CANDIDATE TREE SET                      |
--------------------------------------------------------------------
Generating 99 parsimony trees... 0.046 second
Computing log-likelihood of 37 initial trees ... 0.018 seconds
Current best score: -7076.273

Do NNI search on 20 best initial trees
Estimate model parameters (epsilon = 0.100)
BETTER TREE FOUND at iteration 1: -7076.273
Iteration 10 / LogL: -7076.556 / Time: 0h:0m:3s
Iteration 20 / LogL: -7076.286 / Time: 0h:0m:3s
Finish initializing candidate tree set (1)
Current best tree score: -7076.273 / CPU time: 0.161
Number of iterations: 20
--------------------------------------------------------------------
|               OPTIMIZING CANDIDATE TREE SET                      |
--------------------------------------------------------------------
Iteration 30 / LogL: -7076.604 / Time: 0h:0m:3s (0h:0m:0s left)
Iteration 40 / LogL: -7076.641 / Time: 0h:0m:3s (0h:0m:0s left)
Iteration 50 / LogL: -7076.273 / Time: 0h:0m:4s (0h:0m:0s left)
Log-likelihood cutoff on original alignment: -7098.224
Iteration 60 / LogL: -7076.273 / Time: 0h:0m:4s (0h:0m:0s left)
Iteration 70 / LogL: -7165.138 / Time: 0h:0m:4s (0h:0m:0s left)
Iteration 80 / LogL: -7076.565 / Time: 0h:0m:4s (0h:0m:0s left)
Iteration 90 / LogL: -7076.282 / Time: 0h:0m:4s (0h:0m:0s left)
Iteration 100 / LogL: -7076.284 / Time: 0h:0m:4s (0h:0m:0s left)
Log-likelihood cutoff on original alignment: -7098.224
NOTE: Bootstrap correlation coefficient of split occurrence frequencies: 1.000
TREE SEARCH COMPLETED AFTER 102 ITERATIONS / Time: 0h:0m:4s

--------------------------------------------------------------------
|                    FINALIZING TREE SEARCH                        |
--------------------------------------------------------------------
Performs final model parameters optimization
Estimate model parameters (epsilon = 0.010)
1. Initial log-likelihood: -7076.273
Optimal log-likelihood: -7076.273
Rate parameters:  A-C: 1.00000  A-G: 4.91380  A-T: 1.00000  C-G: 1.00000  C-T: 10.92968  G-T: 1.00000
Base frequencies:  A: 0.253  C: 0.249  G: 0.280  T: 0.218
Gamma shape alpha: 0.147
Parameters optimization took 1 rounds (0.001 sec)
BEST SCORE FOUND : -7076.273
Creating bootstrap support values...
Split supports printed to NEXUS file per_gene_alignments_codon/LOC101408091_.aln.splits.nex
Total tree length: 0.210

Total number of iterations: 102
CPU time used for tree search: 1.176 sec (0h:0m:1s)
Wall-clock time used for tree search: 1.391 sec (0h:0m:1s)
Total CPU time used: 2.903 sec (0h:0m:2s)
Total wall-clock time used: 5.020 sec (0h:0m:5s)

Computing bootstrap consensus tree...
Reading input file per_gene_alignments_codon/LOC101408091_.aln.splits.nex...
7 taxa and 15 splits.
Consensus tree written to per_gene_alignments_codon/LOC101408091_.aln.contree
Reading input trees file per_gene_alignments_codon/LOC101408091_.aln.contree
Log-likelihood of consensus tree: -7076.273

Analysis results written to: 
  IQ-TREE report:                per_gene_alignments_codon/LOC101408091_.aln.iqtree
  Maximum-likelihood tree:       per_gene_alignments_codon/LOC101408091_.aln.treefile
  Likelihood distances:          per_gene_alignments_codon/LOC101408091_.aln.mldist

Ultrafast bootstrap approximation results written to:
  Split support values:          per_gene_alignments_codon/LOC101408091_.aln.splits.nex
  Consensus tree:                per_gene_alignments_codon/LOC101408091_.aln.contree
  Screen log file:               per_gene_alignments_codon/LOC101408091_.aln.log

Date and Time: Thu Oct 30 21:39:22 2025
