IQ-TREE multicore version 2.3.3 COVID-edition for Linux x86 64-bit built Apr 25 2024
Developed by Bui Quang Minh, James Barbetti, Nguyen Lam Tung, Olga Chernomor,
Heiko Schmidt, Dominik Schrempf, Michael Woodhams, Ly Trong Nhan, Thomas Wong

Host:    morpheus-OptiPlex-5050 (AVX2, FMA3, 503 GB RAM)
Command: iqtree2 -s per_gene_alignments_codon/LOC101408579_.aln.fna -m MFP -T 1 -B 1000 --prefix per_gene_alignments_codon/LOC101408579_.aln
Seed:    348782 (Using SPRNG - Scalable Parallel Random Number Generator)
Time:    Thu Oct 30 21:39:38 2025
Kernel:  AVX+FMA - 1 threads (72 CPU cores detected)

HINT: Use -nt option to specify number of threads because your CPU has 72 cores!
HINT: -nt AUTO will automatically determine the best number of threads to use.

Reading alignment file per_gene_alignments_codon/LOC101408579_.aln.fna ... Fasta format detected
Reading fasta file: done in 0.00115204 secs using 99.82% CPU
Alignment most likely contains DNA/RNA sequences
Alignment has 7 sequences with 4206 columns, 128 distinct patterns
250 parsimony-informative, 391 singleton sites, 3565 constant sites
                     Gap/Ambiguity  Composition  p-value
Analyzing sequences: done in 2.19345e-05 secs
   1  Ceratotherium_simum    0.00%    passed     85.08%
   2  Diceros_bicornis       0.00%    passed     82.65%
   3  Equus_asinus           0.00%    passed     97.05%
   4  Equus_quagga           0.00%    passed     97.05%
   5  Equus_caballus         0.00%    passed     92.22%
   6  Canis_lupus            0.00%    passed     61.46%
   7  Bos_taurus             0.00%    passed     57.87%
****  TOTAL                  0.00%  0 sequences failed composition chi2 test (p-value<5%; df=3)


Create initial parsimony tree by phylogenetic likelihood library (PLL)... 0.008 seconds
Perform fast likelihood tree search using GTR+I+G model...
Estimate model parameters (epsilon = 5.000)
Perform nearest neighbor interchange...
Estimate model parameters (epsilon = 1.000)
1. Initial log-likelihood: -9506.021
Optimal log-likelihood: -9506.000
Rate parameters:  A-C: 1.79177  A-G: 8.53944  A-T: 0.63507  C-G: 1.50176  C-T: 8.37386  G-T: 1.00000
Base frequencies:  A: 0.260  C: 0.221  G: 0.243  T: 0.276
Proportion of invariable sites: 0.421
Gamma shape alpha: 1.039
Parameters optimization took 1 rounds (0.003 sec)
Time for fast ML tree search: 0.041 seconds

NOTE: ModelFinder requires 0 MB RAM!
ModelFinder will test up to 484 DNA models (sample size: 4206) ...
 No. Model         -LnL         df  AIC          AICc         BIC
  1  GTR+F         9546.318     19  19130.636    19130.818    19251.177
  2  GTR+F+I       9506.268     20  19052.536    19052.737    19179.422
  3  GTR+F+G4      9506.123     20  19052.245    19052.446    19179.131
  4  GTR+F+I+G4    9505.992     21  19053.983    19054.204    19187.213
  5  GTR+F+R2      9506.749     21  19055.498    19055.719    19188.728
  6  GTR+F+R3      9506.254     23  19058.507    19058.771    19204.425
 14  GTR+F+I+R2    9506.310     22  19056.620    19056.862    19196.194
 15  GTR+F+I+R3    9506.020     24  19060.039    19060.326    19212.302
 24  SYM+I         9520.634     17  19075.268    19075.414    19183.121
 25  SYM+G4        9520.399     17  19074.798    19074.944    19182.650
 26  SYM+I+G4      9520.340     18  19076.680    19076.843    19190.877
 27  SYM+R2        9521.110     18  19078.220    19078.383    19192.417
 46  TVM+F+I       9506.297     19  19050.593    19050.775    19171.134
 47  TVM+F+G4      9506.065     19  19050.129    19050.311    19170.670
 48  TVM+F+I+G4    9506.003     20  19052.006    19052.206    19178.891
 49  TVM+F+R2      9506.757     20  19053.514    19053.714    19180.399
 68  TVMe+I        9520.860     16  19073.719    19073.849    19175.228
 69  TVMe+G4       9520.591     16  19073.182    19073.312    19174.690
 70  TVMe+I+G4     9520.526     17  19075.051    19075.198    19182.904
 71  TVMe+R2       9521.318     17  19076.637    19076.783    19184.489
 90  TIM3+F+I      9507.705     18  19051.409    19051.572    19165.606
 91  TIM3+F+G4     9507.494     18  19050.988    19051.152    19165.185
 92  TIM3+F+I+G4   9507.439     19  19052.877    19053.059    19173.418
 93  TIM3+F+R2     9508.189     19  19054.378    19054.560    19174.919
112  TIM3e+I       9521.919     15  19073.838    19073.952    19169.002
113  TIM3e+G4      9521.704     15  19073.408    19073.523    19168.572
114  TIM3e+I+G4    9521.649     16  19075.299    19075.429    19176.807
115  TIM3e+R2      9522.405     16  19076.810    19076.940    19178.318
134  TIM2+F+I      9515.408     18  19066.816    19066.979    19181.013
135  TIM2+F+G4     9515.181     18  19066.361    19066.525    19180.558
136  TIM2+F+I+G4   9515.117     19  19068.235    19068.416    19188.776
137  TIM2+F+R2     9515.904     19  19069.808    19069.989    19190.349
156  TIM2e+I       9526.590     15  19083.180    19083.295    19178.344
157  TIM2e+G4      9526.338     15  19082.676    19082.790    19177.840
158  TIM2e+I+G4    9526.273     16  19084.546    19084.676    19186.054
159  TIM2e+R2      9527.026     16  19086.051    19086.181    19187.560
178  TIM+F+I       9514.027     18  19064.055    19064.218    19178.252
179  TIM+F+G4      9513.776     18  19063.552    19063.716    19177.749
180  TIM+F+I+G4    9513.709     19  19065.418    19065.600    19185.959
181  TIM+F+R2      9514.514     19  19067.028    19067.210    19187.569
200  TIMe+I        9525.296     15  19080.592    19080.707    19175.756
201  TIMe+G4       9525.022     15  19080.045    19080.160    19175.209
202  TIMe+I+G4     9524.952     16  19081.905    19082.035    19183.413
203  TIMe+R2       9525.815     16  19083.629    19083.759    19185.138
222  TPM3u+F+I     9507.733     17  19049.466    19049.612    19157.319
223  TPM3u+F+G4    9507.513     17  19049.025    19049.171    19156.878
224  TPM3u+F+I+G4  9507.447     18  19050.894    19051.058    19165.091
225  TPM3u+F+R2    9508.193     18  19052.386    19052.549    19166.582
244  TPM3+I        9522.126     14  19072.253    19072.353    19161.073
245  TPM3+G4       9521.869     14  19071.737    19071.837    19160.557
246  TPM3+I+G4     9521.804     15  19073.608    19073.723    19168.772
247  TPM3+R2       9522.596     15  19075.191    19075.306    19170.355
266  TPM2u+F+I     9515.455     17  19064.910    19065.057    19172.763
267  TPM2u+F+G4    9515.211     17  19064.423    19064.569    19172.275
268  TPM2u+F+I+G4  9515.146     18  19066.291    19066.454    19180.488
269  TPM2u+F+R2    9515.867     18  19067.734    19067.898    19181.931
288  TPM2+I        9526.811     14  19081.622    19081.723    19170.442
289  TPM2+G4       9526.519     14  19081.039    19081.139    19169.859
290  TPM2+I+G4     9526.448     15  19082.897    19083.011    19178.061
291  TPM2+R2       9527.315     15  19084.630    19084.744    19179.794
310  K3Pu+F+I      9514.077     17  19062.154    19062.300    19170.006
311  K3Pu+F+G4     9513.810     17  19061.619    19061.766    19169.472
312  K3Pu+F+I+G4   9513.739     18  19063.477    19063.641    19177.674
313  K3Pu+F+R2     9514.561     18  19065.123    19065.286    19179.320
332  K3P+I         9525.517     14  19079.033    19079.134    19167.853
333  K3P+G4        9525.202     14  19078.403    19078.503    19167.223
334  K3P+I+G4      9525.130     15  19080.260    19080.374    19175.424
335  K3P+R2        9526.018     15  19082.035    19082.150    19177.199
354  TN+F+I        9515.519     17  19065.038    19065.184    19172.891
355  TN+F+G4       9515.287     17  19064.575    19064.721    19172.427
356  TN+F+I+G4     9515.226     18  19066.451    19066.615    19180.648
357  TN+F+R2       9516.001     18  19068.002    19068.166    19182.199
376  TNe+I         9526.608     14  19081.217    19081.317    19170.036
377  TNe+G4        9526.352     14  19080.704    19080.805    19169.524
378  TNe+I+G4      9526.289     15  19082.578    19082.693    19177.742
379  TNe+R2        9527.112     15  19084.224    19084.339    19179.388
398  HKY+F+I       9515.565     16  19063.130    19063.260    19164.639
399  HKY+F+G4      9515.319     16  19062.638    19062.768    19164.146
400  HKY+F+I+G4    9515.253     17  19064.506    19064.653    19172.359
401  HKY+F+R2      9516.046     17  19066.092    19066.238    19173.945
420  K2P+I         9526.826     13  19079.653    19079.740    19162.128
421  K2P+G4        9526.533     13  19079.065    19079.152    19161.541
422  K2P+I+G4      9526.461     14  19080.921    19081.022    19169.741
423  K2P+R2        9527.326     14  19082.651    19082.751    19171.471
442  F81+F+I       9795.932     15  19621.865    19621.979    19717.029
443  F81+F+G4      9796.119     15  19622.238    19622.353    19717.402
444  F81+F+I+G4    9796.089     16  19624.177    19624.307    19725.685
445  F81+F+R2      9796.386     16  19624.772    19624.902    19726.281
464  JC+I          9803.446     12  19630.892    19630.966    19707.023
465  JC+G4         9803.618     12  19631.237    19631.311    19707.368
466  JC+I+G4       9803.584     13  19633.169    19633.256    19715.644
467  JC+R2         9803.958     13  19633.916    19634.002    19716.391
Akaike Information Criterion:           TPM3u+F+G4
Corrected Akaike Information Criterion: TPM3u+F+G4
Bayesian Information Criterion:         TPM3u+F+G4
Best-fit model: TPM3u+F+G4 chosen according to BIC

All model information printed to per_gene_alignments_codon/LOC101408579_.aln.model.gz
CPU time for ModelFinder: 1.426 seconds (0h:0m:1s)
Wall-clock time for ModelFinder: 1.647 seconds (0h:0m:1s)
Generating 1000 samples for ultrafast bootstrap (seed: 348782)...

NOTE: 0 MB RAM (0 GB) is required!
Estimate model parameters (epsilon = 0.100)
1. Initial log-likelihood: -9507.513
Optimal log-likelihood: -9507.512
Rate parameters:  A-C: 1.98620  A-G: 10.12109  A-T: 1.00000  C-G: 1.98620  C-T: 10.12109  G-T: 1.00000
Base frequencies:  A: 0.260  C: 0.221  G: 0.243  T: 0.276
Gamma shape alpha: 0.287
Parameters optimization took 1 rounds (0.002 sec)
Wrote distance file to... 
Computing ML distances based on estimated model parameters...
Calculating distance matrix: done in 0.000558138 secs using 99.62% CPU
Computing ML distances took 0.000615 sec (of wall-clock time) 0.000620 sec (of CPU time)
Setting up auxiliary I and S matrices: done in 5.19753e-05 secs using 202% CPU
Computing RapidNJ tree took 0.000139 sec (of wall-clock time) 0.000271 sec (of CPU time)
Log-likelihood of RapidNJ tree: -9507.512
--------------------------------------------------------------------
|             INITIALIZING CANDIDATE TREE SET                      |
--------------------------------------------------------------------
Generating 99 parsimony trees... 0.051 second
Computing log-likelihood of 41 initial trees ... 0.029 seconds
Current best score: -9507.512

Do NNI search on 20 best initial trees
Estimate model parameters (epsilon = 0.100)
BETTER TREE FOUND at iteration 1: -9507.512
Iteration 10 / LogL: -9507.626 / Time: 0h:0m:1s
Iteration 20 / LogL: -9508.278 / Time: 0h:0m:1s
Finish initializing candidate tree set (1)
Current best tree score: -9507.512 / CPU time: 0.250
Number of iterations: 20
--------------------------------------------------------------------
|               OPTIMIZING CANDIDATE TREE SET                      |
--------------------------------------------------------------------
UPDATE BEST LOG-LIKELIHOOD: -9507.512
Iteration 30 / LogL: -9507.512 / Time: 0h:0m:2s (0h:0m:0s left)
Iteration 40 / LogL: -9507.865 / Time: 0h:0m:2s (0h:0m:0s left)
Iteration 50 / LogL: -9507.512 / Time: 0h:0m:2s (0h:0m:0s left)
Log-likelihood cutoff on original alignment: -9513.862
Iteration 60 / LogL: -9507.519 / Time: 0h:0m:2s (0h:0m:0s left)
Iteration 70 / LogL: -9507.521 / Time: 0h:0m:2s (0h:0m:0s left)
Iteration 80 / LogL: -9508.869 / Time: 0h:0m:2s (0h:0m:0s left)
Iteration 90 / LogL: -9507.514 / Time: 0h:0m:2s (0h:0m:0s left)
Iteration 100 / LogL: -9507.515 / Time: 0h:0m:3s (0h:0m:0s left)
Log-likelihood cutoff on original alignment: -9513.862
NOTE: Bootstrap correlation coefficient of split occurrence frequencies: 1.000
TREE SEARCH COMPLETED AFTER 102 ITERATIONS / Time: 0h:0m:3s

--------------------------------------------------------------------
|                    FINALIZING TREE SEARCH                        |
--------------------------------------------------------------------
Performs final model parameters optimization
Estimate model parameters (epsilon = 0.010)
1. Initial log-likelihood: -9507.512
Optimal log-likelihood: -9507.512
Rate parameters:  A-C: 1.98861  A-G: 10.13086  A-T: 1.00000  C-G: 1.98861  C-T: 10.13086  G-T: 1.00000
Base frequencies:  A: 0.260  C: 0.221  G: 0.243  T: 0.276
Gamma shape alpha: 0.287
Parameters optimization took 1 rounds (0.001 sec)
BEST SCORE FOUND : -9507.512
Creating bootstrap support values...
Split supports printed to NEXUS file per_gene_alignments_codon/LOC101408579_.aln.splits.nex
Total tree length: 0.207

Total number of iterations: 102
CPU time used for tree search: 1.189 sec (0h:0m:1s)
Wall-clock time used for tree search: 1.492 sec (0h:0m:1s)
Total CPU time used: 2.691 sec (0h:0m:2s)
Total wall-clock time used: 3.243 sec (0h:0m:3s)

Computing bootstrap consensus tree...
Reading input file per_gene_alignments_codon/LOC101408579_.aln.splits.nex...
7 taxa and 13 splits.
Consensus tree written to per_gene_alignments_codon/LOC101408579_.aln.contree
Reading input trees file per_gene_alignments_codon/LOC101408579_.aln.contree
Log-likelihood of consensus tree: -9507.512

Analysis results written to: 
  IQ-TREE report:                per_gene_alignments_codon/LOC101408579_.aln.iqtree
  Maximum-likelihood tree:       per_gene_alignments_codon/LOC101408579_.aln.treefile
  Likelihood distances:          per_gene_alignments_codon/LOC101408579_.aln.mldist

Ultrafast bootstrap approximation results written to:
  Split support values:          per_gene_alignments_codon/LOC101408579_.aln.splits.nex
  Consensus tree:                per_gene_alignments_codon/LOC101408579_.aln.contree
  Screen log file:               per_gene_alignments_codon/LOC101408579_.aln.log

Date and Time: Thu Oct 30 21:39:42 2025
