IQ-TREE multicore version 2.3.3 COVID-edition for Linux x86 64-bit built Apr 25 2024
Developed by Bui Quang Minh, James Barbetti, Nguyen Lam Tung, Olga Chernomor,
Heiko Schmidt, Dominik Schrempf, Michael Woodhams, Ly Trong Nhan, Thomas Wong

Host:    morpheus-OptiPlex-5050 (AVX2, FMA3, 503 GB RAM)
Command: iqtree2 -s per_gene_alignments_codon/LOC101396604_.aln.fna -m MFP -T 1 -B 1000 --prefix per_gene_alignments_codon/LOC101396604_.aln
Seed:    287380 (Using SPRNG - Scalable Parallel Random Number Generator)
Time:    Thu Oct 30 21:31:29 2025
Kernel:  AVX+FMA - 1 threads (72 CPU cores detected)

HINT: Use -nt option to specify number of threads because your CPU has 72 cores!
HINT: -nt AUTO will automatically determine the best number of threads to use.

Reading alignment file per_gene_alignments_codon/LOC101396604_.aln.fna ... Fasta format detected
Reading fasta file: done in 0.000404835 secs using 49.65% CPU
Alignment most likely contains DNA/RNA sequences
Alignment has 7 sequences with 1290 columns, 137 distinct patterns
92 parsimony-informative, 209 singleton sites, 989 constant sites
                     Gap/Ambiguity  Composition  p-value
Analyzing sequences: done in 2.38419e-05 secs using 96.47% CPU
   1  Ceratotherium_simum    5.58%    passed     90.00%
   2  Diceros_bicornis       0.00%    passed     76.15%
   3  Equus_asinus           0.00%    passed     98.00%
   4  Equus_quagga           0.00%    passed     91.43%
   5  Equus_caballus         0.00%    passed     97.33%
   6  Canis_lupus            4.42%    passed     68.23%
   7  Bos_taurus             3.26%    passed     28.03%
****  TOTAL                  1.89%  0 sequences failed composition chi2 test (p-value<5%; df=3)


Create initial parsimony tree by phylogenetic likelihood library (PLL)... 0.000 seconds
Perform fast likelihood tree search using GTR+I+G model...
Estimate model parameters (epsilon = 5.000)
Perform nearest neighbor interchange...
Estimate model parameters (epsilon = 1.000)
1. Initial log-likelihood: -3348.139
Optimal log-likelihood: -3348.114
Rate parameters:  A-C: 1.85950  A-G: 5.45703  A-T: 0.48237  C-G: 1.05536  C-T: 5.40292  G-T: 1.00000
Base frequencies:  A: 0.177  C: 0.355  G: 0.330  T: 0.139
Proportion of invariable sites: 0.379
Gamma shape alpha: 1.198
Parameters optimization took 1 rounds (0.003 sec)
Time for fast ML tree search: 0.145 seconds

NOTE: ModelFinder requires 0 MB RAM!
ModelFinder will test up to 484 DNA models (sample size: 1290) ...
 No. Model         -LnL         df  AIC          AICc         BIC
  1  GTR+F         3371.607     19  6781.213     6781.812     6879.299
  2  GTR+F+I       3348.735     20  6737.469     6738.131     6840.717
  3  GTR+F+G4      3348.178     20  6736.357     6737.019     6839.605
  4  GTR+F+I+G4    3348.122     21  6738.244     6738.972     6846.654
  5  GTR+F+R2      3348.722     21  6739.445     6740.174     6847.855
  6  GTR+F+R3      3348.262     23  6742.524     6743.396     6861.259
 14  GTR+F+I+R2    3348.340     22  6740.680     6741.479     6854.253
 15  GTR+F+I+R3    3348.180     24  6744.360     6745.309     6868.258
 24  SYM+I         3448.320     17  6930.641     6931.122     7018.401
 25  SYM+G4        3447.279     17  6928.557     6929.038     7016.318
 26  SYM+I+G4      3447.411     18  6930.821     6931.359     7023.744
 27  SYM+R2        3447.861     18  6931.721     6932.259     7024.644
 46  TVM+F+I       3348.728     19  6735.457     6736.055     6833.542
 47  TVM+F+G4      3348.179     19  6734.359     6734.957     6832.444
 48  TVM+F+I+G4    3348.124     20  6736.247     6736.909     6839.495
 49  TVM+F+R2      3348.719     20  6737.438     6738.100     6840.686
 68  TVMe+I        3448.829     16  6929.659     6930.086     7012.257
 69  TVMe+G4       3447.802     16  6927.604     6928.032     7010.203
 70  TVMe+I+G4     3447.934     17  6929.868     6930.349     7017.629
 71  TVMe+R2       3448.377     17  6930.754     6931.236     7018.515
 90  TIM3+F+I      3351.548     18  6739.096     6739.634     6832.019
 91  TIM3+F+G4     3350.714     18  6737.427     6737.965     6830.350
 92  TIM3+F+I+G4   3350.648     19  6739.297     6739.895     6837.383
 93  TIM3+F+R2     3351.087     19  6740.174     6740.773     6838.260
112  TIM3e+I       3449.863     15  6929.726     6930.102     7007.162
113  TIM3e+G4      3448.819     15  6927.638     6928.015     7005.074
114  TIM3e+I+G4    3448.930     16  6929.860     6930.288     7012.459
115  TIM3e+R2      3449.537     16  6931.075     6931.502     7013.673
134  TIM2+F+I      3351.515     18  6739.030     6739.568     6831.953
135  TIM2+F+G4     3350.988     18  6737.976     6738.514     6830.899
136  TIM2+F+I+G4   3350.956     19  6739.912     6740.510     6837.997
137  TIM2+F+R2     3351.490     19  6740.980     6741.578     6839.066
156  TIM2e+I       3460.977     15  6951.955     6952.332     7029.391
157  TIM2e+G4      3460.107     15  6950.214     6950.590     7027.650
158  TIM2e+I+G4    3460.205     16  6952.411     6952.838     7035.009
159  TIM2e+R2      3460.780     16  6953.560     6953.987     7036.158
178  TIM+F+I       3351.316     18  6738.631     6739.169     6831.554
179  TIM+F+G4      3350.819     18  6737.638     6738.176     6830.561
180  TIM+F+I+G4    3350.786     19  6739.572     6740.170     6837.658
181  TIM+F+R2      3351.326     19  6740.653     6741.251     6838.738
200  TIMe+I        3461.121     15  6952.241     6952.618     7029.677
201  TIMe+G4       3460.297     15  6950.594     6950.971     7028.030
202  TIMe+I+G4     3460.389     16  6952.777     6953.205     7035.376
203  TIMe+R2       3460.998     16  6953.996     6954.424     7036.595
222  TPM3u+F+I     3351.544     17  6737.089     6737.570     6824.850
223  TPM3u+F+G4    3350.718     17  6735.437     6735.918     6823.198
224  TPM3u+F+I+G4  3350.648     18  6737.296     6737.834     6830.219
225  TPM3u+F+R2    3351.085     18  6738.170     6738.708     6831.093
244  TPM3+I        3450.360     14  6928.720     6929.049     7000.994
245  TPM3+G4       3449.314     14  6926.627     6926.957     6998.901
246  TPM3+I+G4     3449.448     15  6928.896     6929.273     7006.332
247  TPM3+R2       3450.021     15  6930.042     6930.418     7007.478
266  TPM2u+F+I     3351.514     17  6737.028     6737.510     6824.789
267  TPM2u+F+G4    3350.988     17  6735.975     6736.456     6823.736
268  TPM2u+F+I+G4  3350.955     18  6737.910     6738.448     6830.833
269  TPM2u+F+R2    3351.487     18  6738.974     6739.513     6831.898
288  TPM2+I        3461.603     14  6951.207     6951.536     7023.480
289  TPM2+G4       3460.769     14  6949.538     6949.868     7021.812
290  TPM2+I+G4     3460.870     15  6951.739     6952.116     7029.175
291  TPM2+R2       3461.431     15  6952.862     6953.239     7030.298
310  K3Pu+F+I      3351.320     17  6736.641     6737.122     6824.401
311  K3Pu+F+G4     3350.821     17  6735.642     6736.123     6823.403
312  K3Pu+F+I+G4   3350.787     18  6737.574     6738.113     6830.498
313  K3Pu+F+R2     3351.322     18  6738.644     6739.182     6831.567
332  K3P+I         3461.737     14  6951.474     6951.803     7023.747
333  K3P+G4        3460.943     14  6949.885     6950.215     7022.159
334  K3P+I+G4      3461.037     15  6952.074     6952.451     7029.510
335  K3P+R2        3461.624     15  6953.248     6953.625     7030.684
354  TN+F+I        3352.776     17  6739.552     6740.033     6827.313
355  TN+F+G4       3352.079     17  6738.159     6738.640     6825.920
356  TN+F+I+G4     3352.031     18  6740.063     6740.601     6832.986
357  TN+F+R2       3352.490     18  6740.980     6741.519     6833.904
376  TNe+I         3461.141     14  6950.282     6950.611     7022.555
377  TNe+G4        3460.344     14  6948.688     6949.017     7020.962
378  TNe+I+G4      3460.431     15  6950.861     6951.238     7028.297
379  TNe+R2        3461.031     15  6952.063     6952.439     7029.499
398  HKY+F+I       3352.778     16  6737.555     6737.983     6820.154
399  HKY+F+G4      3352.085     16  6736.169     6736.597     6818.768
400  HKY+F+I+G4    3352.038     17  6738.077     6738.558     6825.838
401  HKY+F+R2      3352.498     17  6738.997     6739.478     6826.757
420  K2P+I         3461.756     13  6949.511     6949.796     7016.622
421  K2P+G4        3460.987     13  6947.974     6948.259     7015.085
422  K2P+I+G4      3461.075     14  6950.151     6950.480     7022.424
423  K2P+R2        3461.674     14  6951.348     6951.678     7023.622
442  F81+F+I       3428.724     15  6887.448     6887.824     6964.883
443  F81+F+G4      3428.530     15  6887.060     6887.437     6964.496
444  F81+F+I+G4    3428.543     16  6889.087     6889.514     6971.685
445  F81+F+R2      3429.385     16  6890.769     6891.197     6973.368
464  JC+I          3516.926     12  7057.851     7058.095     7119.800
465  JC+G4         3516.642     12  7057.284     7057.528     7119.232
466  JC+I+G4       3516.710     13  7059.419     7059.704     7126.530
467  JC+R2         3517.359     13  7060.718     7061.004     7127.830
Akaike Information Criterion:           TVM+F+G4
Corrected Akaike Information Criterion: TVM+F+G4
Bayesian Information Criterion:         HKY+F+G4
Best-fit model: HKY+F+G4 chosen according to BIC

All model information printed to per_gene_alignments_codon/LOC101396604_.aln.model.gz
CPU time for ModelFinder: 1.766 seconds (0h:0m:1s)
Wall-clock time for ModelFinder: 2.879 seconds (0h:0m:2s)
Generating 1000 samples for ultrafast bootstrap (seed: 287380)...

NOTE: 0 MB RAM (0 GB) is required!
Estimate model parameters (epsilon = 0.100)
1. Initial log-likelihood: -3352.085
Optimal log-likelihood: -3352.080
Rate parameters:  A-C: 1.00000  A-G: 4.68485  A-T: 1.00000  C-G: 1.00000  C-T: 4.68485  G-T: 1.00000
Base frequencies:  A: 0.177  C: 0.355  G: 0.330  T: 0.139
Gamma shape alpha: 0.360
Parameters optimization took 1 rounds (0.002 sec)
Wrote distance file to... 
Computing ML distances based on estimated model parameters...
Calculating distance matrix: done in 0.00064683 secs using 99.72% CPU
Computing ML distances took 0.000706 sec (of wall-clock time) 0.000711 sec (of CPU time)
Setting up auxiliary I and S matrices: done in 4.60148e-05 secs using 199.9% CPU
Computing RapidNJ tree took 0.000127 sec (of wall-clock time) 0.000245 sec (of CPU time)
Log-likelihood of RapidNJ tree: -3352.082
--------------------------------------------------------------------
|             INITIALIZING CANDIDATE TREE SET                      |
--------------------------------------------------------------------
Generating 99 parsimony trees... 0.048 second
Computing log-likelihood of 39 initial trees ... 0.044 seconds
Current best score: -3352.080

Do NNI search on 20 best initial trees
Estimate model parameters (epsilon = 0.100)
BETTER TREE FOUND at iteration 1: -3352.080
Iteration 10 / LogL: -3352.096 / Time: 0h:0m:3s
Iteration 20 / LogL: -3352.096 / Time: 0h:0m:3s
Finish initializing candidate tree set (1)
Current best tree score: -3352.080 / CPU time: 0.308
Number of iterations: 20
--------------------------------------------------------------------
|               OPTIMIZING CANDIDATE TREE SET                      |
--------------------------------------------------------------------
Iteration 30 / LogL: -3352.096 / Time: 0h:0m:3s (0h:0m:1s left)
UPDATE BEST LOG-LIKELIHOOD: -3352.080
Iteration 40 / LogL: -3352.080 / Time: 0h:0m:3s (0h:0m:1s left)
Iteration 50 / LogL: -3352.231 / Time: 0h:0m:3s (0h:0m:0s left)
Log-likelihood cutoff on original alignment: -3364.390
Iteration 60 / LogL: -3352.095 / Time: 0h:0m:4s (0h:0m:0s left)
UPDATE BEST LOG-LIKELIHOOD: -3352.080
Iteration 70 / LogL: -3352.095 / Time: 0h:0m:4s (0h:0m:0s left)
Iteration 80 / LogL: -3352.080 / Time: 0h:0m:4s (0h:0m:0s left)
UPDATE BEST LOG-LIKELIHOOD: -3352.080
Iteration 90 / LogL: -3352.167 / Time: 0h:0m:4s (0h:0m:0s left)
Iteration 100 / LogL: -3352.268 / Time: 0h:0m:4s (0h:0m:0s left)
Log-likelihood cutoff on original alignment: -3364.501
NOTE: Bootstrap correlation coefficient of split occurrence frequencies: 1.000
UPDATE BEST LOG-LIKELIHOOD: -3352.080
TREE SEARCH COMPLETED AFTER 102 ITERATIONS / Time: 0h:0m:4s

--------------------------------------------------------------------
|                    FINALIZING TREE SEARCH                        |
--------------------------------------------------------------------
Performs final model parameters optimization
Estimate model parameters (epsilon = 0.010)
1. Initial log-likelihood: -3352.080
Optimal log-likelihood: -3352.080
Rate parameters:  A-C: 1.00000  A-G: 4.70018  A-T: 1.00000  C-G: 1.00000  C-T: 4.70018  G-T: 1.00000
Base frequencies:  A: 0.177  C: 0.355  G: 0.330  T: 0.139
Gamma shape alpha: 0.358
Parameters optimization took 1 rounds (0.002 sec)
BEST SCORE FOUND : -3352.080
Creating bootstrap support values...
Split supports printed to NEXUS file per_gene_alignments_codon/LOC101396604_.aln.splits.nex
Total tree length: 0.397

Total number of iterations: 102
CPU time used for tree search: 1.353 sec (0h:0m:1s)
Wall-clock time used for tree search: 2.061 sec (0h:0m:2s)
Total CPU time used: 3.195 sec (0h:0m:3s)
Total wall-clock time used: 5.052 sec (0h:0m:5s)

Computing bootstrap consensus tree...
Reading input file per_gene_alignments_codon/LOC101396604_.aln.splits.nex...
7 taxa and 15 splits.
Consensus tree written to per_gene_alignments_codon/LOC101396604_.aln.contree
Reading input trees file per_gene_alignments_codon/LOC101396604_.aln.contree
Log-likelihood of consensus tree: -3352.081

Analysis results written to: 
  IQ-TREE report:                per_gene_alignments_codon/LOC101396604_.aln.iqtree
  Maximum-likelihood tree:       per_gene_alignments_codon/LOC101396604_.aln.treefile
  Likelihood distances:          per_gene_alignments_codon/LOC101396604_.aln.mldist

Ultrafast bootstrap approximation results written to:
  Split support values:          per_gene_alignments_codon/LOC101396604_.aln.splits.nex
  Consensus tree:                per_gene_alignments_codon/LOC101396604_.aln.contree
  Screen log file:               per_gene_alignments_codon/LOC101396604_.aln.log

Date and Time: Thu Oct 30 21:31:34 2025
