IQ-TREE multicore version 2.3.3 COVID-edition for Linux x86 64-bit built Apr 25 2024
Developed by Bui Quang Minh, James Barbetti, Nguyen Lam Tung, Olga Chernomor,
Heiko Schmidt, Dominik Schrempf, Michael Woodhams, Ly Trong Nhan, Thomas Wong

Host:    morpheus-OptiPlex-5050 (AVX2, FMA3, 503 GB RAM)
Command: iqtree2 -s per_gene_alignments_codon/LOC101392709_.aln.fna -m MFP -T 1 -B 1000 --prefix per_gene_alignments_codon/LOC101392709_.aln
Seed:    571067 (Using SPRNG - Scalable Parallel Random Number Generator)
Time:    Thu Oct 30 21:28:49 2025
Kernel:  AVX+FMA - 1 threads (72 CPU cores detected)

HINT: Use -nt option to specify number of threads because your CPU has 72 cores!
HINT: -nt AUTO will automatically determine the best number of threads to use.

Reading alignment file per_gene_alignments_codon/LOC101392709_.aln.fna ... Fasta format detected
Reading fasta file: done in 0.00163913 secs using 49.97% CPU
Alignment most likely contains DNA/RNA sequences
Alignment has 7 sequences with 6363 columns, 191 distinct patterns
398 parsimony-informative, 1693 singleton sites, 4272 constant sites
                     Gap/Ambiguity  Composition  p-value
Analyzing sequences: done in 3.19481e-05 secs using 90.77% CPU
   1  Ceratotherium_simum    0.00%    passed     96.80%
   2  Diceros_bicornis       0.00%    passed     99.19%
   3  Equus_asinus           0.00%    passed     89.70%
   4  Equus_quagga           0.00%    passed     93.00%
   5  Equus_caballus         0.00%    passed     92.82%
   6  Canis_lupus            0.00%    failed      2.33%
   7  Bos_taurus             0.00%    passed     95.13%
****  TOTAL                  0.00%  1 sequences failed composition chi2 test (p-value<5%; df=3)


Create initial parsimony tree by phylogenetic likelihood library (PLL)... 0.000 seconds
Perform fast likelihood tree search using GTR+I+G model...
Estimate model parameters (epsilon = 5.000)
Perform nearest neighbor interchange...
Estimate model parameters (epsilon = 1.000)
1. Initial log-likelihood: -18228.986
Optimal log-likelihood: -18227.608
Rate parameters:  A-C: 0.74331  A-G: 2.45884  A-T: 1.31278  C-G: 1.02092  C-T: 3.68804  G-T: 1.00000
Base frequencies:  A: 0.220  C: 0.293  G: 0.292  T: 0.195
Proportion of invariable sites: 0.342
Gamma shape alpha: 3.778
Parameters optimization took 1 rounds (0.019 sec)
Time for fast ML tree search: 0.109 seconds

NOTE: ModelFinder requires 1 MB RAM!
ModelFinder will test up to 484 DNA models (sample size: 6363) ...
 No. Model         -LnL         df  AIC          AICc         BIC
  1  GTR+F         18280.851    19  36599.702    36599.822    36728.109
  2  GTR+F+I       18225.520    20  36491.040    36491.173    36626.206
  3  GTR+F+G4      18229.755    20  36499.510    36499.642    36634.675
  4  GTR+F+I+G4    18226.840    21  36495.680    36495.825    36637.603
  5  GTR+F+R2      18227.209    21  36496.418    36496.564    36638.342
  6  GTR+F+R3      18227.116    23  36500.232    36500.406    36655.672
 14  GTR+F+I+R2    18227.415    22  36498.830    36498.989    36647.511
 15  GTR+F+I+R3    18226.948    24  36501.896    36502.086    36664.095
 24  SYM+I         18339.518    17  36713.036    36713.132    36827.926
 25  SYM+G4        18342.359    17  36718.717    36718.814    36833.608
 46  TVM+F+I       18238.884    19  36515.768    36515.888    36644.175
 47  TVM+F+G4      18242.763    19  36523.526    36523.646    36651.933
 68  TVMe+I        18347.342    16  36726.684    36726.770    36834.816
 69  TVMe+G4       18350.088    16  36732.177    36732.262    36840.309
 90  TIM3+F+I      18228.945    18  36493.891    36493.999    36615.539
 91  TIM3+F+G4     18233.835    18  36503.669    36503.777    36625.318
112  TIM3e+I       18348.400    15  36726.799    36726.875    36828.173
113  TIM3e+G4      18351.596    15  36733.192    36733.268    36834.566
134  TIM2+F+I      18231.360    18  36498.719    36498.827    36620.368
135  TIM2+F+G4     18236.371    18  36508.742    36508.849    36630.390
156  TIM2e+I       18344.770    15  36719.541    36719.616    36820.914
157  TIM2e+G4      18348.186    15  36726.371    36726.447    36827.745
178  TIM+F+I       18229.487    18  36494.975    36495.082    36616.623
179  TIM+F+G4      18233.783    18  36503.565    36503.673    36625.214
200  TIMe+I        18342.130    15  36714.261    36714.336    36815.635
201  TIMe+G4       18344.973    15  36719.946    36720.021    36821.320
222  TPM3u+F+I     18242.298    17  36518.596    36518.692    36633.486
223  TPM3u+F+G4    18246.843    17  36527.685    36527.782    36642.576
244  TPM3+I        18356.358    14  36740.716    36740.783    36835.332
245  TPM3+G4       18359.408    14  36746.816    36746.882    36841.432
266  TPM2u+F+I     18244.748    17  36523.496    36523.592    36638.386
267  TPM2u+F+G4    18249.397    17  36532.794    36532.890    36647.684
288  TPM2+I        18352.573    14  36733.147    36733.213    36827.763
289  TPM2+G4       18355.885    14  36739.769    36739.835    36834.385
310  K3Pu+F+I      18242.912    17  36519.824    36519.921    36634.715
311  K3Pu+F+G4     18246.833    17  36527.666    36527.762    36642.556
332  K3P+I         18350.041    14  36728.083    36728.149    36822.698
333  K3P+G4        18352.732    14  36733.463    36733.529    36828.079
354  TN+F+I        18231.580    17  36497.161    36497.257    36612.051
355  TN+F+G4       18236.527    17  36507.055    36507.151    36621.945
376  TNe+I         18348.734    14  36725.468    36725.535    36820.084
377  TNe+G4        18352.009    14  36732.017    36732.083    36826.633
398  HKY+F+I       18244.981    16  36521.962    36522.048    36630.094
399  HKY+F+G4      18249.536    16  36531.071    36531.157    36639.203
420  K2P+I         18356.651    13  36739.302    36739.359    36827.159
421  K2P+G4        18359.783    13  36745.567    36745.624    36833.424
442  F81+F+I       18465.935    15  36961.870    36961.945    37063.244
443  F81+F+G4      18465.423    15  36960.846    36960.922    37062.220
464  JC+I          18556.610    12  37137.219    37137.268    37218.318
465  JC+G4         18556.245    12  37136.489    37136.539    37217.589
Akaike Information Criterion:           GTR+F+I
Corrected Akaike Information Criterion: GTR+F+I
Bayesian Information Criterion:         TN+F+I
Best-fit model: TN+F+I chosen according to BIC

All model information printed to per_gene_alignments_codon/LOC101392709_.aln.model.gz
CPU time for ModelFinder: 0.614 seconds (0h:0m:0s)
Wall-clock time for ModelFinder: 1.421 seconds (0h:0m:1s)
Generating 1000 samples for ultrafast bootstrap (seed: 571067)...

NOTE: 0 MB RAM (0 GB) is required!
Estimate model parameters (epsilon = 0.100)
1. Initial log-likelihood: -18231.580
Optimal log-likelihood: -18231.577
Rate parameters:  A-C: 1.00000  A-G: 2.45916  A-T: 1.00000  C-G: 1.00000  C-T: 3.70949  G-T: 1.00000
Base frequencies:  A: 0.220  C: 0.293  G: 0.292  T: 0.195
Proportion of invariable sites: 0.416
Parameters optimization took 1 rounds (0.001 sec)
Wrote distance file to... 
Computing ML distances based on estimated model parameters...
Calculating distance matrix: done in 0.000216007 secs using 99.53% CPU
Computing ML distances took 0.000264 sec (of wall-clock time) 0.000270 sec (of CPU time)
Setting up auxiliary I and S matrices: done in 5.00679e-05 secs using 95.87% CPU
Computing RapidNJ tree took 0.000134 sec (of wall-clock time) 0.000134 sec (of CPU time)
Log-likelihood of RapidNJ tree: -18231.577
--------------------------------------------------------------------
|             INITIALIZING CANDIDATE TREE SET                      |
--------------------------------------------------------------------
Generating 99 parsimony trees... 0.128 second
Computing log-likelihood of 41 initial trees ... 0.039 seconds
Current best score: -18231.577

Do NNI search on 20 best initial trees
Estimate model parameters (epsilon = 0.100)
BETTER TREE FOUND at iteration 1: -18231.576
Iteration 10 / LogL: -18231.844 / Time: 0h:0m:1s
Iteration 20 / LogL: -18231.844 / Time: 0h:0m:1s
Finish initializing candidate tree set (1)
Current best tree score: -18231.576 / CPU time: 0.358
Number of iterations: 20
--------------------------------------------------------------------
|               OPTIMIZING CANDIDATE TREE SET                      |
--------------------------------------------------------------------
UPDATE BEST LOG-LIKELIHOOD: -18231.576
UPDATE BEST LOG-LIKELIHOOD: -18231.576
Iteration 30 / LogL: -18231.667 / Time: 0h:0m:2s (0h:0m:1s left)
Iteration 40 / LogL: -18231.667 / Time: 0h:0m:2s (0h:0m:1s left)
UPDATE BEST LOG-LIKELIHOOD: -18231.576
Iteration 50 / LogL: -18231.576 / Time: 0h:0m:2s (0h:0m:1s left)
Log-likelihood cutoff on original alignment: -18251.313
Iteration 60 / LogL: -18231.844 / Time: 0h:0m:2s (0h:0m:0s left)
Iteration 70 / LogL: -18231.576 / Time: 0h:0m:2s (0h:0m:0s left)
Iteration 80 / LogL: -18231.630 / Time: 0h:0m:2s (0h:0m:0s left)
Iteration 90 / LogL: -18231.582 / Time: 0h:0m:3s (0h:0m:0s left)
Iteration 100 / LogL: -18231.631 / Time: 0h:0m:3s (0h:0m:0s left)
Log-likelihood cutoff on original alignment: -18251.182
NOTE: Bootstrap correlation coefficient of split occurrence frequencies: 1.000
TREE SEARCH COMPLETED AFTER 102 ITERATIONS / Time: 0h:0m:3s

--------------------------------------------------------------------
|                    FINALIZING TREE SEARCH                        |
--------------------------------------------------------------------
Performs final model parameters optimization
Estimate model parameters (epsilon = 0.010)
1. Initial log-likelihood: -18231.576
Optimal log-likelihood: -18231.576
Rate parameters:  A-C: 1.00000  A-G: 2.46207  A-T: 1.00000  C-G: 1.00000  C-T: 3.71685  G-T: 1.00000
Base frequencies:  A: 0.220  C: 0.293  G: 0.292  T: 0.195
Proportion of invariable sites: 0.416
Parameters optimization took 1 rounds (0.005 sec)
BEST SCORE FOUND : -18231.576
Creating bootstrap support values...
Split supports printed to NEXUS file per_gene_alignments_codon/LOC101392709_.aln.splits.nex
Total tree length: 0.563

Total number of iterations: 102
CPU time used for tree search: 1.081 sec (0h:0m:1s)
Wall-clock time used for tree search: 1.766 sec (0h:0m:1s)
Total CPU time used: 1.769 sec (0h:0m:1s)
Total wall-clock time used: 3.322 sec (0h:0m:3s)

Computing bootstrap consensus tree...
Reading input file per_gene_alignments_codon/LOC101392709_.aln.splits.nex...
7 taxa and 15 splits.
Consensus tree written to per_gene_alignments_codon/LOC101392709_.aln.contree
Reading input trees file per_gene_alignments_codon/LOC101392709_.aln.contree
Log-likelihood of consensus tree: -18231.576

Analysis results written to: 
  IQ-TREE report:                per_gene_alignments_codon/LOC101392709_.aln.iqtree
  Maximum-likelihood tree:       per_gene_alignments_codon/LOC101392709_.aln.treefile
  Likelihood distances:          per_gene_alignments_codon/LOC101392709_.aln.mldist

Ultrafast bootstrap approximation results written to:
  Split support values:          per_gene_alignments_codon/LOC101392709_.aln.splits.nex
  Consensus tree:                per_gene_alignments_codon/LOC101392709_.aln.contree
  Screen log file:               per_gene_alignments_codon/LOC101392709_.aln.log

Date and Time: Thu Oct 30 21:28:53 2025
