IQ-TREE multicore version 2.3.3 COVID-edition for Linux x86 64-bit built Apr 25 2024
Developed by Bui Quang Minh, James Barbetti, Nguyen Lam Tung, Olga Chernomor,
Heiko Schmidt, Dominik Schrempf, Michael Woodhams, Ly Trong Nhan, Thomas Wong

Host:    morpheus-OptiPlex-5050 (AVX2, FMA3, 503 GB RAM)
Command: iqtree2 -s per_gene_alignments_codon/LOC101400770_.aln.fna -m MFP -T 1 -B 1000 --prefix per_gene_alignments_codon/LOC101400770_.aln
Seed:    875203 (Using SPRNG - Scalable Parallel Random Number Generator)
Time:    Thu Oct 30 21:34:20 2025
Kernel:  AVX+FMA - 1 threads (72 CPU cores detected)

HINT: Use -nt option to specify number of threads because your CPU has 72 cores!
HINT: -nt AUTO will automatically determine the best number of threads to use.

Reading alignment file per_gene_alignments_codon/LOC101400770_.aln.fna ... Fasta format detected
Reading fasta file: done in 0.00047493 secs using 99.38% CPU
Alignment most likely contains DNA/RNA sequences
Alignment has 7 sequences with 1608 columns, 52 distinct patterns
33 parsimony-informative, 105 singleton sites, 1470 constant sites
                     Gap/Ambiguity  Composition  p-value
Analyzing sequences: done in 2.00272e-05 secs
   1  Ceratotherium_simum    0.00%    passed     99.82%
   2  Diceros_bicornis       0.00%    passed     99.98%
   3  Equus_asinus           0.00%    passed     99.04%
   4  Equus_quagga           0.00%    passed     99.37%
   5  Equus_caballus         0.00%    passed     98.66%
   6  Canis_lupus            0.00%    passed     90.49%
   7  Bos_taurus             0.00%    passed     72.05%
****  TOTAL                  0.00%  0 sequences failed composition chi2 test (p-value<5%; df=3)


Create initial parsimony tree by phylogenetic likelihood library (PLL)... 0.000 seconds
Perform fast likelihood tree search using GTR+I+G model...
Estimate model parameters (epsilon = 5.000)
Perform nearest neighbor interchange...
Estimate model parameters (epsilon = 1.000)
1. Initial log-likelihood: -3000.670
Optimal log-likelihood: -3000.574
Rate parameters:  A-C: 1.56450  A-G: 5.24171  A-T: 0.98645  C-G: 0.55817  C-T: 7.88665  G-T: 1.00000
Base frequencies:  A: 0.193  C: 0.316  G: 0.307  T: 0.184
Proportion of invariable sites: 0.455
Gamma shape alpha: 0.605
Parameters optimization took 1 rounds (0.003 sec)
Time for fast ML tree search: 0.022 seconds

NOTE: ModelFinder requires 0 MB RAM!
ModelFinder will test up to 484 DNA models (sample size: 1608) ...
 No. Model         -LnL         df  AIC          AICc         BIC
  1  GTR+F         3008.828     19  6055.655     6056.134     6157.927
  2  GTR+F+I       3000.521     20  6041.042     6041.571     6148.697
  3  GTR+F+G4      3000.532     20  6041.064     6041.593     6148.719
  4  GTR+F+I+G4    3000.577     21  6043.153     6043.736     6156.191
  5  GTR+F+R2      3005.221     21  6052.443     6053.026     6165.481
  6  GTR+F+R3      3002.300     23  6050.601     6051.298     6174.404
 14  GTR+F+I+R2    3000.969     22  6045.937     6046.576     6164.358
 15  GTR+F+I+R3    3000.752     24  6049.504     6050.262     6178.690
 23  SYM           3061.630     16  6155.260     6155.602     6241.384
 24  SYM+I         3054.366     17  6142.733     6143.118     6234.239
 25  SYM+G4        3054.358     17  6142.716     6143.101     6234.222
 26  SYM+I+G4      3054.332     18  6144.664     6145.095     6241.554
 45  TVM+F         3010.947     18  6057.893     6058.324     6154.783
 46  TVM+F+I       3002.134     19  6042.268     6042.747     6144.540
 47  TVM+F+G4      3002.136     19  6042.272     6042.751     6144.545
 48  TVM+F+I+G4    3002.208     20  6044.416     6044.945     6152.071
 67  TVMe          3063.536     15  6157.071     6157.373     6237.812
 68  TVMe+I        3055.836     16  6143.671     6144.013     6229.795
 69  TVMe+G4       3055.833     16  6143.666     6144.008     6229.790
 70  TVMe+I+G4     3055.821     17  6145.642     6146.027     6237.148
 89  TIM3+F        3011.166     17  6056.333     6056.718     6147.840
 90  TIM3+F+I      3002.878     18  6041.755     6042.186     6138.645
 91  TIM3+F+G4     3002.894     18  6041.789     6042.219     6138.678
 92  TIM3+F+I+G4   3002.958     19  6043.917     6044.395     6146.189
111  TIM3e         3062.816     14  6153.633     6153.896     6228.991
112  TIM3e+I       3055.473     15  6140.945     6141.247     6221.686
113  TIM3e+G4      3055.472     15  6140.944     6141.246     6221.686
114  TIM3e+I+G4    3055.463     16  6142.926     6143.268     6229.050
133  TIM2+F        3009.599     17  6053.199     6053.584     6144.705
134  TIM2+F+I      3001.237     18  6038.475     6038.905     6135.364
135  TIM2+F+G4     3001.259     18  6038.518     6038.948     6135.407
136  TIM2+F+I+G4   3001.325     19  6040.649     6041.128     6142.922
155  TIM2e         3062.569     14  6153.138     6153.401     6228.496
156  TIM2e+I       3055.241     15  6140.483     6140.784     6221.224
157  TIM2e+G4      3055.248     15  6140.496     6140.798     6221.237
158  TIM2e+I+G4    3055.260     16  6142.520     6142.862     6228.644
177  TIM+F         3009.754     17  6053.509     6053.894     6145.015
178  TIM+F+I       3001.450     18  6038.901     6039.331     6135.790
179  TIM+F+G4      3001.456     18  6038.912     6039.342     6135.801
180  TIM+F+I+G4    3001.472     19  6040.944     6041.423     6143.216
199  TIMe          3062.301     14  6152.602     6152.866     6227.961
200  TIMe+I        3054.964     15  6139.928     6140.230     6220.669
201  TIMe+G4       3054.961     15  6139.923     6140.224     6220.664
202  TIMe+I+G4     3054.944     16  6141.888     6142.230     6228.012
221  TPM3u+F       3013.297     16  6058.594     6058.936     6144.718
222  TPM3u+F+I     3004.506     17  6043.011     6043.396     6134.518
223  TPM3u+F+G4    3004.510     17  6043.021     6043.406     6134.528
224  TPM3u+F+I+G4  3004.608     18  6045.215     6045.646     6142.105
243  TPM3          3064.726     13  6155.453     6155.681     6225.429
244  TPM3+I        3056.924     14  6141.847     6142.111     6217.206
245  TPM3+G4       3056.926     14  6141.853     6142.117     6217.211
246  TPM3+I+G4     3056.934     15  6143.868     6144.169     6224.609
265  TPM2u+F       3011.734     16  6055.468     6055.810     6141.592
266  TPM2u+F+I     3002.847     17  6039.694     6040.079     6131.200
267  TPM2u+F+G4    3002.861     17  6039.721     6040.106     6131.228
268  TPM2u+F+I+G4  3002.961     18  6041.922     6042.352     6138.811
287  TPM2          3064.478     13  6154.955     6155.183     6224.931
288  TPM2+I        3056.711     14  6141.422     6141.686     6216.781
289  TPM2+G4       3056.721     14  6141.441     6141.705     6216.799
290  TPM2+I+G4     3056.752     15  6143.504     6143.806     6224.245
309  K3Pu+F        3011.881     16  6055.762     6056.104     6141.886
310  K3Pu+F+I      3003.068     17  6040.137     6040.522     6131.643
311  K3Pu+F+G4     3003.073     17  6040.146     6040.531     6131.652
312  K3Pu+F+I+G4   3003.103     18  6042.206     6042.637     6139.096
331  K3P           3064.202     13  6154.404     6154.632     6224.380
332  K3P+I         3056.388     14  6140.777     6141.040     6216.135
333  K3P+G4        3056.390     14  6140.779     6141.043     6216.138
334  K3P+I+G4      3056.385     15  6142.770     6143.071     6223.511
353  TN+F          3011.169     16  6054.337     6054.679     6140.461
354  TN+F+I        3002.899     17  6039.799     6040.184     6131.306
355  TN+F+G4       3002.918     17  6039.837     6040.222     6131.343
356  TN+F+I+G4     3002.976     18  6041.952     6042.383     6138.841
375  TNe           3063.105     13  6152.211     6152.439     6222.187
376  TNe+I         3055.728     14  6139.456     6139.719     6214.814
377  TNe+G4        3055.732     14  6139.464     6139.728     6214.823
378  TNe+I+G4      3055.739     15  6141.479     6141.780     6222.220
397  HKY+F         3013.300     15  6056.599     6056.901     6137.340
398  HKY+F+I       3004.520     16  6041.040     6041.382     6127.164
399  HKY+F+G4      3004.529     16  6041.059     6041.401     6127.183
400  HKY+F+I+G4    3004.618     17  6043.235     6043.620     6134.742
419  K2P           3065.018     12  6154.036     6154.231     6218.629
420  K2P+I         3057.162     13  6140.325     6140.553     6210.301
421  K2P+G4        3057.170     13  6140.340     6140.568     6210.315
422  K2P+I+G4      3057.195     14  6142.390     6142.653     6217.748
441  F81+F         3067.781     14  6163.561     6163.825     6238.920
442  F81+F+I       3061.346     15  6152.692     6152.994     6233.433
443  F81+F+G4      3061.375     15  6152.750     6153.051     6233.491
444  F81+F+I+G4    3061.412     16  6154.824     6155.166     6240.948
463  JC            3115.346     11  6252.691     6252.857     6311.902
464  JC+I          3109.136     12  6242.272     6242.468     6306.865
465  JC+G4         3109.160     12  6242.320     6242.516     6306.913
466  JC+I+G4       3109.186     13  6244.372     6244.601     6314.348
Akaike Information Criterion:           TIM2+F+I
Corrected Akaike Information Criterion: TIM2+F+I
Bayesian Information Criterion:         HKY+F+I
Best-fit model: HKY+F+I chosen according to BIC

All model information printed to per_gene_alignments_codon/LOC101400770_.aln.model.gz
CPU time for ModelFinder: 0.293 seconds (0h:0m:0s)
Wall-clock time for ModelFinder: 1.325 seconds (0h:0m:1s)
Generating 1000 samples for ultrafast bootstrap (seed: 875203)...

NOTE: 0 MB RAM (0 GB) is required!
Estimate model parameters (epsilon = 0.100)
1. Initial log-likelihood: -3004.520
Optimal log-likelihood: -3004.520
Rate parameters:  A-C: 1.00000  A-G: 6.87555  A-T: 1.00000  C-G: 1.00000  C-T: 6.87555  G-T: 1.00000
Base frequencies:  A: 0.193  C: 0.316  G: 0.307  T: 0.184
Proportion of invariable sites: 0.740
Parameters optimization took 1 rounds (0.000 sec)
Wrote distance file to... 
Computing ML distances based on estimated model parameters...
Calculating distance matrix: done in 0.000200033 secs using 99.48% CPU
Computing ML distances took 0.000241 sec (of wall-clock time) 0.000247 sec (of CPU time)
Setting up auxiliary I and S matrices: done in 3.88622e-05 secs using 95.21% CPU
Computing RapidNJ tree took 0.000112 sec (of wall-clock time) 0.000111 sec (of CPU time)
Log-likelihood of RapidNJ tree: -3005.247
--------------------------------------------------------------------
|             INITIALIZING CANDIDATE TREE SET                      |
--------------------------------------------------------------------
Generating 98 parsimony trees... 0.110 second
Computing log-likelihood of 51 initial trees ... 0.036 seconds
Current best score: -3004.520

Do NNI search on 20 best initial trees
Estimate model parameters (epsilon = 0.100)
BETTER TREE FOUND at iteration 1: -3004.520
Iteration 10 / LogL: -3004.547 / Time: 0h:0m:1s
UPDATE BEST LOG-LIKELIHOOD: -3004.520
Iteration 20 / LogL: -3004.524 / Time: 0h:0m:1s
Finish initializing candidate tree set (2)
Current best tree score: -3004.520 / CPU time: 0.365
Number of iterations: 20
--------------------------------------------------------------------
|               OPTIMIZING CANDIDATE TREE SET                      |
--------------------------------------------------------------------
WARNING: NNI search needs unusual large number of steps (7) to converge!
Iteration 30 / LogL: -3008.790 / Time: 0h:0m:2s (0h:0m:2s left)
Iteration 40 / LogL: -3004.522 / Time: 0h:0m:2s (0h:0m:1s left)
UPDATE BEST LOG-LIKELIHOOD: -3004.520
UPDATE BEST LOG-LIKELIHOOD: -3004.520
Iteration 50 / LogL: -3004.520 / Time: 0h:0m:2s (0h:0m:1s left)
Log-likelihood cutoff on original alignment: -3016.726
Iteration 60 / LogL: -3004.521 / Time: 0h:0m:3s (0h:0m:1s left)
UPDATE BEST LOG-LIKELIHOOD: -3004.520
Iteration 70 / LogL: -3008.790 / Time: 0h:0m:3s (0h:0m:0s left)
Iteration 80 / LogL: -3004.520 / Time: 0h:0m:3s (0h:0m:0s left)
Iteration 90 / LogL: -3004.520 / Time: 0h:0m:3s (0h:0m:0s left)
Iteration 100 / LogL: -3004.520 / Time: 0h:0m:3s (0h:0m:0s left)
Log-likelihood cutoff on original alignment: -3016.750
NOTE: Bootstrap correlation coefficient of split occurrence frequencies: 0.999
TREE SEARCH COMPLETED AFTER 102 ITERATIONS / Time: 0h:0m:3s

--------------------------------------------------------------------
|                    FINALIZING TREE SEARCH                        |
--------------------------------------------------------------------
Performs final model parameters optimization
Estimate model parameters (epsilon = 0.010)
1. Initial log-likelihood: -3004.520
Optimal log-likelihood: -3004.520
Rate parameters:  A-C: 1.00000  A-G: 6.88303  A-T: 1.00000  C-G: 1.00000  C-T: 6.88303  G-T: 1.00000
Base frequencies:  A: 0.193  C: 0.316  G: 0.307  T: 0.184
Proportion of invariable sites: 0.740
Parameters optimization took 1 rounds (0.000 sec)
BEST SCORE FOUND : -3004.520
Creating bootstrap support values...
Split supports printed to NEXUS file per_gene_alignments_codon/LOC101400770_.aln.splits.nex
Total tree length: 0.110

Total number of iterations: 102
CPU time used for tree search: 0.867 sec (0h:0m:0s)
Wall-clock time used for tree search: 2.167 sec (0h:0m:2s)
Total CPU time used: 1.216 sec (0h:0m:1s)
Total wall-clock time used: 3.664 sec (0h:0m:3s)

Computing bootstrap consensus tree...
Reading input file per_gene_alignments_codon/LOC101400770_.aln.splits.nex...
7 taxa and 21 splits.
Consensus tree written to per_gene_alignments_codon/LOC101400770_.aln.contree
Reading input trees file per_gene_alignments_codon/LOC101400770_.aln.contree
Log-likelihood of consensus tree: -3004.521

Analysis results written to: 
  IQ-TREE report:                per_gene_alignments_codon/LOC101400770_.aln.iqtree
  Maximum-likelihood tree:       per_gene_alignments_codon/LOC101400770_.aln.treefile
  Likelihood distances:          per_gene_alignments_codon/LOC101400770_.aln.mldist

Ultrafast bootstrap approximation results written to:
  Split support values:          per_gene_alignments_codon/LOC101400770_.aln.splits.nex
  Consensus tree:                per_gene_alignments_codon/LOC101400770_.aln.contree
  Screen log file:               per_gene_alignments_codon/LOC101400770_.aln.log

Date and Time: Thu Oct 30 21:34:24 2025
