IQ-TREE multicore version 2.3.3 COVID-edition for Linux x86 64-bit built Apr 25 2024
Developed by Bui Quang Minh, James Barbetti, Nguyen Lam Tung, Olga Chernomor,
Heiko Schmidt, Dominik Schrempf, Michael Woodhams, Ly Trong Nhan, Thomas Wong

Host:    morpheus-OptiPlex-5050 (AVX2, FMA3, 503 GB RAM)
Command: iqtree2 -s per_gene_alignments_codon/LOC101408415_.aln.fna -m MFP -T 1 -B 1000 --prefix per_gene_alignments_codon/LOC101408415_.aln
Seed:    662180 (Using SPRNG - Scalable Parallel Random Number Generator)
Time:    Thu Oct 30 21:39:31 2025
Kernel:  AVX+FMA - 1 threads (72 CPU cores detected)

HINT: Use -nt option to specify number of threads because your CPU has 72 cores!
HINT: -nt AUTO will automatically determine the best number of threads to use.

Reading alignment file per_gene_alignments_codon/LOC101408415_.aln.fna ... Fasta format detected
Reading fasta file: done in 0.000345945 secs
Alignment most likely contains DNA/RNA sequences
Alignment has 7 sequences with 1035 columns, 84 distinct patterns
52 parsimony-informative, 125 singleton sites, 858 constant sites
                     Gap/Ambiguity  Composition  p-value
Analyzing sequences: done in 1.5974e-05 secs
   1  Ceratotherium_simum    1.45%    passed     98.37%
   2  Diceros_bicornis       1.45%    passed     98.70%
   3  Equus_asinus           0.00%    passed     99.36%
   4  Equus_quagga           0.00%    passed     99.36%
   5  Equus_caballus         0.00%    passed     95.64%
   6  Canis_lupus            0.00%    passed     99.28%
   7  Bos_taurus             0.58%    passed     68.07%
****  TOTAL                  0.50%  0 sequences failed composition chi2 test (p-value<5%; df=3)
NOTE: Equus_quagga is identical to Equus_asinus but kept for subsequent analysis


Create initial parsimony tree by phylogenetic likelihood library (PLL)... 0.000 seconds
Perform fast likelihood tree search using GTR+I+G model...
Estimate model parameters (epsilon = 5.000)
Perform nearest neighbor interchange...
Estimate model parameters (epsilon = 1.000)
1. Initial log-likelihood: -2371.452
Optimal log-likelihood: -2371.391
Rate parameters:  A-C: 1.08376  A-G: 2.78164  A-T: 0.89239  C-G: 0.75877  C-T: 2.47823  G-T: 1.00000
Base frequencies:  A: 0.143  C: 0.358  G: 0.341  T: 0.157
Proportion of invariable sites: 0.411
Gamma shape alpha: 0.968
Parameters optimization took 1 rounds (0.003 sec)
Time for fast ML tree search: 0.037 seconds

NOTE: ModelFinder requires 0 MB RAM!
ModelFinder will test up to 484 DNA models (sample size: 1035) ...
 No. Model         -LnL         df  AIC          AICc         BIC
  1  GTR+F         2386.562     19  4811.124     4811.873     4905.025
  2  GTR+F+I       2371.256     20  4782.512     4783.340     4881.355
  3  GTR+F+G4      2371.327     20  4782.653     4783.482     4881.496
  4  GTR+F+I+G4    2371.382     21  4784.765     4785.677     4888.550
  5  GTR+F+R2      2372.254     21  4786.508     4787.420     4890.294
  6  GTR+F+R3      2371.568     23  4789.136     4790.228     4902.805
 14  GTR+F+I+R2    2371.426     22  4786.853     4787.853     4895.580
 15  GTR+F+I+R3    2371.373     24  4790.746     4791.934     4909.357
 24  SYM+I         2465.794     17  4965.587     4966.189     5049.604
 25  SYM+G4        2465.339     17  4964.679     4965.281     5048.696
 26  SYM+I+G4      2465.225     18  4966.451     4967.124     5055.409
 27  SYM+R2        2466.007     18  4968.015     4968.688     5056.973
 46  TVM+F+I       2371.457     19  4780.915     4781.664     4874.816
 47  TVM+F+G4      2371.467     19  4780.935     4781.684     4874.836
 48  TVM+F+I+G4    2371.503     20  4783.007     4783.835     4881.850
 49  TVM+F+R2      2372.359     20  4784.718     4785.546     4883.561
 68  TVMe+I        2465.914     16  4963.828     4964.362     5042.902
 69  TVMe+G4       2465.418     16  4962.836     4963.370     5041.910
 70  TVMe+I+G4     2465.301     17  4964.601     4965.203     5048.618
 71  TVMe+R2       2466.062     17  4966.125     4966.726     5050.141
 90  TIM3+F+I      2371.965     18  4779.930     4780.604     4868.889
 91  TIM3+F+G4     2371.972     18  4779.944     4780.617     4868.903
 92  TIM3+F+I+G4   2371.997     19  4781.994     4782.742     4875.895
 93  TIM3+F+R2     2372.858     19  4783.715     4784.464     4877.616
112  TIM3e+I       2467.236     15  4964.473     4964.944     5038.605
113  TIM3e+G4      2466.846     15  4963.691     4964.162     5037.824
114  TIM3e+I+G4    2466.770     16  4965.540     4966.075     5044.615
115  TIM3e+R2      2467.630     16  4967.259     4967.793     5046.334
134  TIM2+F+I      2371.589     18  4779.179     4779.852     4868.138
135  TIM2+F+G4     2371.648     18  4779.295     4779.969     4868.254
136  TIM2+F+I+G4   2371.694     19  4781.389     4782.137     4875.290
137  TIM2+F+R2     2372.615     19  4783.230     4783.979     4877.131
156  TIM2e+I       2467.515     15  4965.031     4965.502     5039.163
157  TIM2e+G4      2467.173     15  4964.345     4964.816     5038.478
158  TIM2e+I+G4    2467.067     16  4966.134     4966.668     5045.208
159  TIM2e+R2      2467.849     16  4967.699     4968.233     5046.773
178  TIM+F+I       2371.387     18  4778.774     4779.448     4867.733
179  TIM+F+G4      2371.434     18  4778.868     4779.542     4867.827
180  TIM+F+I+G4    2371.477     19  4780.953     4781.702     4874.854
181  TIM+F+R2      2372.343     19  4782.686     4783.435     4876.587
200  TIMe+I        2468.444     15  4966.888     4967.359     5041.020
201  TIMe+G4       2468.139     15  4966.278     4966.749     5040.410
202  TIMe+I+G4     2468.068     16  4968.135     4968.670     5047.210
203  TIMe+R2       2468.929     16  4969.859     4970.393     5048.933
222  TPM3u+F+I     2372.142     17  4778.284     4778.886     4862.301
223  TPM3u+F+G4    2372.096     17  4778.192     4778.794     4862.209
224  TPM3u+F+I+G4  2372.104     18  4780.207     4780.881     4869.166
225  TPM3u+F+R2    2372.951     18  4781.902     4782.575     4870.860
244  TPM3+I        2467.332     14  4962.664     4963.076     5031.854
245  TPM3+G4       2466.902     14  4961.805     4962.217     5030.995
246  TPM3+I+G4     2466.825     15  4963.649     4964.120     5037.781
247  TPM3+R2       2467.668     15  4965.336     4965.807     5039.468
266  TPM2u+F+I     2371.791     17  4777.581     4778.183     4861.598
267  TPM2u+F+G4    2371.787     17  4777.574     4778.176     4861.591
268  TPM2u+F+I+G4  2371.817     18  4779.634     4780.308     4868.593
269  TPM2u+F+R2    2372.721     18  4781.441     4782.114     4870.400
288  TPM2+I        2467.658     14  4963.315     4963.727     5032.506
289  TPM2+G4       2467.271     14  4962.542     4962.954     5031.732
290  TPM2+I+G4     2467.159     15  4964.318     4964.789     5038.450
291  TPM2+R2       2467.922     15  4965.843     4966.314     5039.976
310  K3Pu+F+I      2371.580     17  4777.160     4777.762     4861.176
311  K3Pu+F+G4     2371.568     17  4777.136     4777.738     4861.153
312  K3Pu+F+I+G4   2371.593     18  4779.187     4779.860     4868.145
313  K3Pu+F+R2     2372.441     18  4780.882     4781.555     4869.840
332  K3P+I         2468.551     14  4965.101     4965.513     5034.291
333  K3P+G4        2468.211     14  4964.421     4964.833     5033.611
334  K3P+I+G4      2468.135     15  4966.271     4966.742     5040.403
335  K3P+R2        2468.976     15  4967.953     4968.424     5042.085
354  TN+F+I        2372.042     17  4778.084     4778.685     4862.100
355  TN+F+G4       2372.042     17  4778.084     4778.685     4862.100
356  TN+F+I+G4     2372.063     18  4780.127     4780.800     4869.086
357  TN+F+R2       2372.895     18  4781.789     4782.462     4870.748
376  TNe+I         2468.808     14  4965.616     4966.028     5034.806
377  TNe+G4        2468.521     14  4965.041     4965.453     5034.232
378  TNe+I+G4      2468.449     15  4966.899     4967.370     5041.031
379  TNe+R2        2469.329     15  4968.658     4969.129     5042.790
398  HKY+F+I       2372.227     16  4776.453     4776.987     4855.528
399  HKY+F+G4      2372.171     16  4776.342     4776.877     4855.417
400  HKY+F+I+G4    2372.176     17  4778.352     4778.954     4862.369
401  HKY+F+R2      2372.991     17  4779.981     4780.583     4863.998
420  K2P+I         2468.925     13  4963.851     4964.207     5028.099
421  K2P+G4        2468.597     13  4963.194     4963.550     5027.442
422  K2P+I+G4      2468.520     14  4965.041     4965.452     5034.231
423  K2P+R2        2469.377     14  4966.754     4967.166     5035.944
442  F81+F+I       2395.391     15  4820.782     4821.253     4894.915
443  F81+F+G4      2395.247     15  4820.493     4820.965     4894.626
444  F81+F+I+G4    2395.239     16  4822.478     4823.013     4901.553
445  F81+F+R2      2396.177     16  4824.353     4824.888     4903.428
464  JC+I          2483.567     12  4991.134     4991.439     5050.440
465  JC+G4         2483.231     12  4990.463     4990.768     5049.769
466  JC+I+G4       2483.185     13  4992.369     4992.726     5056.617
467  JC+R2         2484.118     13  4994.237     4994.593     5058.485
Akaike Information Criterion:           HKY+F+G4
Corrected Akaike Information Criterion: HKY+F+G4
Bayesian Information Criterion:         HKY+F+G4
Best-fit model: HKY+F+G4 chosen according to BIC

All model information printed to per_gene_alignments_codon/LOC101408415_.aln.model.gz
CPU time for ModelFinder: 1.434 seconds (0h:0m:1s)
Wall-clock time for ModelFinder: 1.934 seconds (0h:0m:1s)
Generating 1000 samples for ultrafast bootstrap (seed: 662180)...

NOTE: 0 MB RAM (0 GB) is required!
Estimate model parameters (epsilon = 0.100)
1. Initial log-likelihood: -2372.171
Optimal log-likelihood: -2372.171
Rate parameters:  A-C: 1.00000  A-G: 2.98143  A-T: 1.00000  C-G: 1.00000  C-T: 2.98143  G-T: 1.00000
Base frequencies:  A: 0.143  C: 0.358  G: 0.341  T: 0.157
Gamma shape alpha: 0.275
Parameters optimization took 1 rounds (0.001 sec)
Wrote distance file to... 
Computing ML distances based on estimated model parameters...
Calculating distance matrix: done in 0.000554085 secs using 99.62% CPU
Computing ML distances took 0.000610 sec (of wall-clock time) 0.000617 sec (of CPU time)
Setting up auxiliary I and S matrices: done in 4.91142e-05 secs using 205.6% CPU
Computing RapidNJ tree took 0.000142 sec (of wall-clock time) 0.000276 sec (of CPU time)
Log-likelihood of RapidNJ tree: -2372.543
--------------------------------------------------------------------
|             INITIALIZING CANDIDATE TREE SET                      |
--------------------------------------------------------------------
Generating 98 parsimony trees... 0.038 second
Computing log-likelihood of 36 initial trees ... 0.017 seconds
Current best score: -2372.171

Do NNI search on 20 best initial trees
Estimate model parameters (epsilon = 0.100)
BETTER TREE FOUND at iteration 1: -2372.171
Iteration 10 / LogL: -2372.390 / Time: 0h:0m:2s
Iteration 20 / LogL: -2372.174 / Time: 0h:0m:2s
Finish initializing candidate tree set (1)
Current best tree score: -2372.171 / CPU time: 0.212
Number of iterations: 20
--------------------------------------------------------------------
|               OPTIMIZING CANDIDATE TREE SET                      |
--------------------------------------------------------------------
Iteration 30 / LogL: -2372.173 / Time: 0h:0m:2s (0h:0m:0s left)
Iteration 40 / LogL: -2372.174 / Time: 0h:0m:2s (0h:0m:0s left)
Iteration 50 / LogL: -2372.179 / Time: 0h:0m:2s (0h:0m:0s left)
Log-likelihood cutoff on original alignment: -2398.293
Iteration 60 / LogL: -2372.175 / Time: 0h:0m:2s (0h:0m:0s left)
Iteration 70 / LogL: -2372.171 / Time: 0h:0m:3s (0h:0m:0s left)
Iteration 80 / LogL: -2372.296 / Time: 0h:0m:3s (0h:0m:0s left)
Iteration 90 / LogL: -2372.171 / Time: 0h:0m:3s (0h:0m:0s left)
Iteration 100 / LogL: -2372.174 / Time: 0h:0m:3s (0h:0m:0s left)
Log-likelihood cutoff on original alignment: -2398.293
NOTE: Bootstrap correlation coefficient of split occurrence frequencies: 1.000
TREE SEARCH COMPLETED AFTER 102 ITERATIONS / Time: 0h:0m:3s

--------------------------------------------------------------------
|                    FINALIZING TREE SEARCH                        |
--------------------------------------------------------------------
Performs final model parameters optimization
Estimate model parameters (epsilon = 0.010)
1. Initial log-likelihood: -2372.171
Optimal log-likelihood: -2372.171
Rate parameters:  A-C: 1.00000  A-G: 2.98135  A-T: 1.00000  C-G: 1.00000  C-T: 2.98135  G-T: 1.00000
Base frequencies:  A: 0.143  C: 0.358  G: 0.341  T: 0.157
Gamma shape alpha: 0.275
Parameters optimization took 1 rounds (0.002 sec)
BEST SCORE FOUND : -2372.171
Creating bootstrap support values...
Split supports printed to NEXUS file per_gene_alignments_codon/LOC101408415_.aln.splits.nex
Total tree length: 0.250

Total number of iterations: 102
CPU time used for tree search: 1.282 sec (0h:0m:1s)
Wall-clock time used for tree search: 1.686 sec (0h:0m:1s)
Total CPU time used: 2.805 sec (0h:0m:2s)
Total wall-clock time used: 3.708 sec (0h:0m:3s)

Computing bootstrap consensus tree...
Reading input file per_gene_alignments_codon/LOC101408415_.aln.splits.nex...
7 taxa and 21 splits.
Consensus tree written to per_gene_alignments_codon/LOC101408415_.aln.contree
Reading input trees file per_gene_alignments_codon/LOC101408415_.aln.contree
Log-likelihood of consensus tree: -2372.175

Analysis results written to: 
  IQ-TREE report:                per_gene_alignments_codon/LOC101408415_.aln.iqtree
  Maximum-likelihood tree:       per_gene_alignments_codon/LOC101408415_.aln.treefile
  Likelihood distances:          per_gene_alignments_codon/LOC101408415_.aln.mldist

Ultrafast bootstrap approximation results written to:
  Split support values:          per_gene_alignments_codon/LOC101408415_.aln.splits.nex
  Consensus tree:                per_gene_alignments_codon/LOC101408415_.aln.contree
  Screen log file:               per_gene_alignments_codon/LOC101408415_.aln.log

Date and Time: Thu Oct 30 21:39:35 2025
