IQ-TREE multicore version 2.3.3 COVID-edition for Linux x86 64-bit built Apr 25 2024
Developed by Bui Quang Minh, James Barbetti, Nguyen Lam Tung, Olga Chernomor,
Heiko Schmidt, Dominik Schrempf, Michael Woodhams, Ly Trong Nhan, Thomas Wong

Host:    morpheus-OptiPlex-5050 (AVX2, FMA3, 503 GB RAM)
Command: iqtree2 -s per_gene_alignments_codon/LOC101387339_.aln.fna -m MFP -T 1 -B 1000 --prefix per_gene_alignments_codon/LOC101387339_.aln
Seed:    674625 (Using SPRNG - Scalable Parallel Random Number Generator)
Time:    Thu Oct 30 21:25:01 2025
Kernel:  AVX+FMA - 1 threads (72 CPU cores detected)

HINT: Use -nt option to specify number of threads because your CPU has 72 cores!
HINT: -nt AUTO will automatically determine the best number of threads to use.

Reading alignment file per_gene_alignments_codon/LOC101387339_.aln.fna ... Fasta format detected
Reading fasta file: done in 0.00048399 secs using 49.79% CPU
Alignment most likely contains DNA/RNA sequences
Alignment has 7 sequences with 1590 columns, 137 distinct patterns
127 parsimony-informative, 275 singleton sites, 1188 constant sites
                     Gap/Ambiguity  Composition  p-value
Analyzing sequences: done in 2.31266e-05 secs using 95.13% CPU
   1  Ceratotherium_simum    0.00%    passed     95.34%
   2  Diceros_bicornis       1.32%    passed     63.89%
   3  Equus_asinus           0.00%    passed     98.02%
   4  Equus_quagga           0.00%    passed     96.76%
   5  Equus_caballus         0.00%    passed     99.12%
   6  Canis_lupus            0.19%    passed     99.48%
   7  Bos_taurus             0.00%    passed     91.32%
****  TOTAL                  0.22%  0 sequences failed composition chi2 test (p-value<5%; df=3)


Create initial parsimony tree by phylogenetic likelihood library (PLL)... 0.000 seconds
Perform fast likelihood tree search using GTR+I+G model...
Estimate model parameters (epsilon = 5.000)
Perform nearest neighbor interchange...
Estimate model parameters (epsilon = 1.000)
1. Initial log-likelihood: -4448.306
Optimal log-likelihood: -4448.306
Rate parameters:  A-C: 0.90496  A-G: 2.59858  A-T: 0.74110  C-G: 0.95703  C-T: 4.33719  G-T: 1.00000
Base frequencies:  A: 0.196  C: 0.299  G: 0.320  T: 0.185
Proportion of invariable sites: 0.373
Gamma shape alpha: 11.215
Parameters optimization took 1 rounds (0.003 sec)
Time for fast ML tree search: 0.164 seconds

NOTE: ModelFinder requires 0 MB RAM!
ModelFinder will test up to 484 DNA models (sample size: 1590) ...
 No. Model         -LnL         df  AIC          AICc         BIC
  1  GTR+F         4460.013     19  8958.027     8958.511     9060.085
  2  GTR+F+I       4448.316     20  8936.632     8937.168     9044.062
  3  GTR+F+G4      4448.376     20  8936.753     8937.288     9044.183
  4  GTR+F+I+G4    4448.306     21  8938.612     8939.201     9051.413
  5  GTR+F+R2      4448.417     21  8938.834     8939.423     9051.635
  6  GTR+F+R3      4448.368     23  8942.736     8943.441     9066.281
 14  GTR+F+I+R2    4448.431     22  8940.863     8941.509     9059.036
 15  GTR+F+I+R3    4448.385     24  8944.769     8945.536     9073.685
 24  SYM+I         4497.913     17  9029.825     9030.214     9121.140
 25  SYM+G4        4497.712     17  9029.425     9029.814     9120.740
 26  SYM+I+G4      4497.893     18  9031.786     9032.222     9128.473
 27  SYM+R2        4497.933     18  9031.866     9032.301     9128.553
 46  TVM+F+I       4455.561     19  8949.121     8949.606     9051.180
 47  TVM+F+G4      4455.758     19  8949.517     8950.001     9051.575
 48  TVM+F+I+G4    4455.590     20  8951.179     8951.715     9058.609
 49  TVM+F+R2      4455.750     20  8951.500     8952.035     9058.930
 68  TVMe+I        4502.978     16  9037.955     9038.301     9123.899
 69  TVMe+G4       4502.899     16  9037.799     9038.145     9123.743
 70  TVMe+I+G4     4502.956     17  9039.912     9040.301     9131.227
 71  TVMe+R2       4503.033     17  9040.066     9040.456     9131.382
 90  TIM3+F+I      4448.817     18  8933.635     8934.070     9030.321
 91  TIM3+F+G4     4448.918     18  8933.836     8934.272     9030.523
 92  TIM3+F+I+G4   4448.816     19  8935.633     8936.117     9037.691
 93  TIM3+F+R2     4448.936     19  8935.873     8936.357     9037.931
112  TIM3e+I       4501.233     15  9032.465     9032.770     9113.038
113  TIM3e+G4      4501.129     15  9032.258     9032.563     9112.830
114  TIM3e+I+G4    4501.229     16  9034.458     9034.804     9120.402
115  TIM3e+R2      4501.276     16  9034.552     9034.898     9120.496
134  TIM2+F+I      4448.508     18  8933.015     8933.451     9029.702
135  TIM2+F+G4     4448.586     18  8933.172     8933.608     9029.859
136  TIM2+F+I+G4   4448.503     19  8935.006     8935.490     9037.064
137  TIM2+F+R2     4448.622     19  8935.244     8935.728     9037.302
156  TIM2e+I       4500.185     15  9030.370     9030.675     9110.942
157  TIM2e+G4      4500.039     15  9030.078     9030.383     9110.650
158  TIM2e+I+G4    4500.164     16  9032.328     9032.674     9118.272
159  TIM2e+R2      4500.182     16  9032.363     9032.709     9118.307
178  TIM+F+I       4448.805     18  8933.611     8934.046     9030.298
179  TIM+F+G4      4448.898     18  8933.796     8934.231     9030.483
180  TIM+F+I+G4    4448.805     19  8935.610     8936.094     9037.668
181  TIM+F+R2      4448.925     19  8935.851     8936.335     9037.909
200  TIMe+I        4503.119     15  9036.239     9036.544     9116.811
201  TIMe+G4       4503.070     15  9036.140     9036.445     9116.712
202  TIMe+I+G4     4503.113     16  9038.225     9038.571     9124.169
203  TIMe+R2       4503.211     16  9038.421     9038.767     9124.365
222  TPM3u+F+I     4456.026     17  8946.052     8946.441     9037.367
223  TPM3u+F+G4    4456.264     17  8946.529     8946.918     9037.844
224  TPM3u+F+I+G4  4456.065     18  8948.129     8948.565     9044.816
225  TPM3u+F+R2    4456.235     18  8948.470     8948.905     9045.157
244  TPM3+I        4506.381     14  9040.762     9041.028     9115.962
245  TPM3+G4       4506.407     14  9040.814     9041.081     9116.015
246  TPM3+I+G4     4506.376     15  9042.753     9043.058     9123.325
247  TPM3+R2       4506.464     15  9042.928     9043.233     9123.500
266  TPM2u+F+I     4455.756     17  8945.512     8945.902     9036.828
267  TPM2u+F+G4    4455.973     17  8945.946     8946.335     9037.261
268  TPM2u+F+I+G4  4455.790     18  8947.580     8948.016     9044.267
269  TPM2u+F+R2    4455.959     18  8947.917     8948.353     9044.604
288  TPM2+I        4505.178     14  9038.355     9038.622     9113.556
289  TPM2+G4       4505.143     14  9038.285     9038.552     9113.486
290  TPM2+I+G4     4505.158     15  9040.316     9040.621     9120.889
291  TPM2+R2       4505.268     15  9040.537     9040.841     9121.109
310  K3Pu+F+I      4456.024     17  8946.048     8946.437     9037.363
311  K3Pu+F+G4     4456.259     17  8946.519     8946.908     9037.834
312  K3Pu+F+I+G4   4456.063     18  8948.125     8948.561     9044.812
313  K3Pu+F+R2     4456.170     18  8948.340     8948.776     9045.027
332  K3P+I         4508.196     14  9044.393     9044.660     9119.594
333  K3P+G4        4508.269     14  9044.537     9044.804     9119.738
334  K3P+I+G4      4508.194     15  9046.387     9046.692     9126.960
335  K3P+R2        4508.317     15  9046.634     9046.939     9127.207
354  TN+F+I        4448.834     17  8931.669     8932.058     9022.984
355  TN+F+G4       4448.935     17  8931.871     8932.260     9023.186
356  TN+F+I+G4     4448.835     18  8933.671     8934.106     9030.357
357  TN+F+R2       4448.957     18  8933.913     8934.349     9030.600
376  TNe+I         4503.343     14  9034.686     9034.953     9109.887
377  TNe+G4        4503.281     14  9034.563     9034.829     9109.764
378  TNe+I+G4      4503.336     15  9036.672     9036.977     9117.244
379  TNe+R2        4503.426     15  9036.853     9037.158     9117.425
398  HKY+F+I       4456.054     16  8944.107     8944.453     9030.051
399  HKY+F+G4      4456.293     16  8944.585     8944.931     9030.529
400  HKY+F+I+G4    4456.094     17  8946.188     8946.577     9037.503
401  HKY+F+R2      4456.263     17  8946.527     8946.916     9037.842
420  K2P+I         4508.424     13  9042.847     9043.078     9112.677
421  K2P+G4        4508.482     13  9042.965     9043.196     9112.794
422  K2P+I+G4      4508.420     14  9044.839     9045.106     9120.040
423  K2P+R2        4508.536     14  9045.071     9045.338     9120.272
442  F81+F+I       4542.656     15  9115.312     9115.617     9195.884
443  F81+F+G4      4542.964     15  9115.928     9116.233     9196.500
444  F81+F+I+G4    4542.686     16  9117.372     9117.718     9203.316
445  F81+F+R2      4542.911     16  9117.823     9118.168     9203.766
464  JC+I          4585.512     12  9195.024     9195.222     9259.482
465  JC+G4         4585.738     12  9195.475     9195.673     9259.933
466  JC+I+G4       4585.587     13  9197.175     9197.406     9267.004
467  JC+R2         4585.682     13  9197.364     9197.595     9267.194
Akaike Information Criterion:           TN+F+I
Corrected Akaike Information Criterion: TN+F+I
Bayesian Information Criterion:         TN+F+I
Best-fit model: TN+F+I chosen according to BIC

All model information printed to per_gene_alignments_codon/LOC101387339_.aln.model.gz
CPU time for ModelFinder: 0.593 seconds (0h:0m:0s)
Wall-clock time for ModelFinder: 2.274 seconds (0h:0m:2s)
Generating 1000 samples for ultrafast bootstrap (seed: 674625)...

NOTE: 0 MB RAM (0 GB) is required!
Estimate model parameters (epsilon = 0.100)
1. Initial log-likelihood: -4448.834
Optimal log-likelihood: -4448.834
Rate parameters:  A-C: 1.00000  A-G: 2.81210  A-T: 1.00000  C-G: 1.00000  C-T: 4.68297  G-T: 1.00000
Base frequencies:  A: 0.196  C: 0.299  G: 0.320  T: 0.185
Proportion of invariable sites: 0.405
Parameters optimization took 1 rounds (0.014 sec)
Wrote distance file to... 
Computing ML distances based on estimated model parameters...
Calculating distance matrix: done in 0.000164032 secs using 98.15% CPU
Computing ML distances took 0.000213 sec (of wall-clock time) 0.000213 sec (of CPU time)
Setting up auxiliary I and S matrices: done in 3.91006e-05 secs using 94.63% CPU
Computing RapidNJ tree took 0.000116 sec (of wall-clock time) 0.000113 sec (of CPU time)
Log-likelihood of RapidNJ tree: -4448.834
--------------------------------------------------------------------
|             INITIALIZING CANDIDATE TREE SET                      |
--------------------------------------------------------------------
Generating 99 parsimony trees... 0.098 second
Computing log-likelihood of 39 initial trees ... 0.026 seconds
Current best score: -4448.834

Do NNI search on 20 best initial trees
Estimate model parameters (epsilon = 0.100)
BETTER TREE FOUND at iteration 1: -4448.834
Iteration 10 / LogL: -4515.421 / Time: 0h:0m:2s
Iteration 20 / LogL: -4449.003 / Time: 0h:0m:2s
Finish initializing candidate tree set (2)
Current best tree score: -4448.834 / CPU time: 0.320
Number of iterations: 20
--------------------------------------------------------------------
|               OPTIMIZING CANDIDATE TREE SET                      |
--------------------------------------------------------------------
Iteration 30 / LogL: -4515.250 / Time: 0h:0m:2s (0h:0m:1s left)
Iteration 40 / LogL: -4449.041 / Time: 0h:0m:3s (0h:0m:1s left)
Iteration 50 / LogL: -4448.834 / Time: 0h:0m:3s (0h:0m:1s left)
Log-likelihood cutoff on original alignment: -4465.085
Iteration 60 / LogL: -4448.860 / Time: 0h:0m:3s (0h:0m:0s left)
UPDATE BEST LOG-LIKELIHOOD: -4448.834
Iteration 70 / LogL: -4448.836 / Time: 0h:0m:3s (0h:0m:0s left)
Iteration 80 / LogL: -4448.842 / Time: 0h:0m:3s (0h:0m:0s left)
Iteration 90 / LogL: -4448.834 / Time: 0h:0m:4s (0h:0m:0s left)
Iteration 100 / LogL: -4515.247 / Time: 0h:0m:4s (0h:0m:0s left)
Log-likelihood cutoff on original alignment: -4465.138
NOTE: Bootstrap correlation coefficient of split occurrence frequencies: 0.999
TREE SEARCH COMPLETED AFTER 102 ITERATIONS / Time: 0h:0m:4s

--------------------------------------------------------------------
|                    FINALIZING TREE SEARCH                        |
--------------------------------------------------------------------
Performs final model parameters optimization
Estimate model parameters (epsilon = 0.010)
1. Initial log-likelihood: -4448.834
Optimal log-likelihood: -4448.834
Rate parameters:  A-C: 1.00000  A-G: 2.81222  A-T: 1.00000  C-G: 1.00000  C-T: 4.68135  G-T: 1.00000
Base frequencies:  A: 0.196  C: 0.299  G: 0.320  T: 0.185
Proportion of invariable sites: 0.405
Parameters optimization took 1 rounds (0.001 sec)
BEST SCORE FOUND : -4448.834
Creating bootstrap support values...
Split supports printed to NEXUS file per_gene_alignments_codon/LOC101387339_.aln.splits.nex
Total tree length: 0.344

Total number of iterations: 102
CPU time used for tree search: 0.963 sec (0h:0m:0s)
Wall-clock time used for tree search: 2.171 sec (0h:0m:2s)
Total CPU time used: 1.610 sec (0h:0m:1s)
Total wall-clock time used: 4.639 sec (0h:0m:4s)

Computing bootstrap consensus tree...
Reading input file per_gene_alignments_codon/LOC101387339_.aln.splits.nex...
7 taxa and 15 splits.
Consensus tree written to per_gene_alignments_codon/LOC101387339_.aln.contree
Reading input trees file per_gene_alignments_codon/LOC101387339_.aln.contree
Log-likelihood of consensus tree: -4448.834

Analysis results written to: 
  IQ-TREE report:                per_gene_alignments_codon/LOC101387339_.aln.iqtree
  Maximum-likelihood tree:       per_gene_alignments_codon/LOC101387339_.aln.treefile
  Likelihood distances:          per_gene_alignments_codon/LOC101387339_.aln.mldist

Ultrafast bootstrap approximation results written to:
  Split support values:          per_gene_alignments_codon/LOC101387339_.aln.splits.nex
  Consensus tree:                per_gene_alignments_codon/LOC101387339_.aln.contree
  Screen log file:               per_gene_alignments_codon/LOC101387339_.aln.log

Date and Time: Thu Oct 30 21:25:06 2025
