IQ-TREE multicore version 2.3.3 COVID-edition for Linux x86 64-bit built Apr 25 2024
Developed by Bui Quang Minh, James Barbetti, Nguyen Lam Tung, Olga Chernomor,
Heiko Schmidt, Dominik Schrempf, Michael Woodhams, Ly Trong Nhan, Thomas Wong

Host:    morpheus-OptiPlex-5050 (AVX2, FMA3, 503 GB RAM)
Command: iqtree2 -s per_gene_alignments_codon/LOC101407374_.aln.fna -m MFP -T 1 -B 1000 --prefix per_gene_alignments_codon/LOC101407374_.aln
Seed:    67826 (Using SPRNG - Scalable Parallel Random Number Generator)
Time:    Thu Oct 30 21:38:49 2025
Kernel:  AVX+FMA - 1 threads (72 CPU cores detected)

HINT: Use -nt option to specify number of threads because your CPU has 72 cores!
HINT: -nt AUTO will automatically determine the best number of threads to use.

Reading alignment file per_gene_alignments_codon/LOC101407374_.aln.fna ... Fasta format detected
Reading fasta file: done in 0.000307083 secs using 49.5% CPU
Alignment most likely contains DNA/RNA sequences
Alignment has 7 sequences with 957 columns, 65 distinct patterns
51 parsimony-informative, 78 singleton sites, 828 constant sites
                     Gap/Ambiguity  Composition  p-value
Analyzing sequences: done in 1.50204e-05 secs using 39.95% CPU
   1  Ceratotherium_simum    0.00%    passed     99.79%
   2  Diceros_bicornis       0.00%    passed     99.61%
   3  Equus_asinus           0.00%    passed     99.92%
   4  Equus_quagga           0.00%    passed     99.98%
   5  Equus_caballus         0.00%    passed     99.99%
   6  Canis_lupus            0.00%    passed     96.33%
   7  Bos_taurus             0.31%    passed     85.96%
****  TOTAL                  0.04%  0 sequences failed composition chi2 test (p-value<5%; df=3)


Create initial parsimony tree by phylogenetic likelihood library (PLL)... 0.000 seconds
Perform fast likelihood tree search using GTR+I+G model...
Estimate model parameters (epsilon = 5.000)
Perform nearest neighbor interchange...
Estimate model parameters (epsilon = 1.000)
1. Initial log-likelihood: -2009.962
Optimal log-likelihood: -2009.851
Rate parameters:  A-C: 0.39979  A-G: 2.32461  A-T: 0.61772  C-G: 0.58310  C-T: 5.91144  G-T: 1.00000
Base frequencies:  A: 0.161  C: 0.393  G: 0.313  T: 0.133
Proportion of invariable sites: 0.425
Gamma shape alpha: 0.531
Parameters optimization took 1 rounds (0.003 sec)
Time for fast ML tree search: 0.137 seconds

NOTE: ModelFinder requires 0 MB RAM!
ModelFinder will test up to 484 DNA models (sample size: 957) ...
 No. Model         -LnL         df  AIC          AICc         BIC
  1  GTR+F         2023.586     19  4085.172     4085.983     4177.584
  2  GTR+F+I       2010.279     20  4060.557     4061.455     4157.833
  3  GTR+F+G4      2010.076     20  4060.152     4061.049     4157.428
  4  GTR+F+I+G4    2009.818     21  4061.636     4062.624     4163.776
  5  GTR+F+R2      2010.625     21  4063.249     4064.238     4165.389
  6  GTR+F+R3      2010.248     23  4066.496     4067.679     4178.364
 14  GTR+F+I+R2    2010.183     22  4064.367     4065.450     4171.371
 15  GTR+F+I+R3    2009.887     24  4067.774     4069.061     4184.505
 24  SYM+I         2106.927     17  4247.854     4248.506     4330.539
 25  SYM+G4        2106.624     17  4247.249     4247.901     4329.934
 26  SYM+I+G4      2106.565     18  4249.130     4249.859     4336.678
 27  SYM+R2        2107.505     18  4251.010     4251.739     4338.558
 46  TVM+F+I       2016.397     19  4070.793     4071.605     4163.206
 47  TVM+F+G4      2016.226     19  4070.451     4071.263     4162.864
 48  TVM+F+I+G4    2015.846     20  4071.692     4072.590     4168.968
 49  TVM+F+R2      2016.912     20  4073.824     4074.721     4171.100
 68  TVMe+I        2110.849     16  4253.697     4254.276     4331.518
 69  TVMe+G4       2110.546     16  4253.092     4253.671     4330.913
 70  TVMe+I+G4     2110.458     17  4254.916     4255.568     4337.601
 71  TVMe+R2       2111.439     17  4256.878     4257.529     4339.562
 90  TIM3+F+I      2010.865     18  4057.731     4058.460     4145.279
 91  TIM3+F+G4     2010.653     18  4057.307     4058.036     4144.855
 92  TIM3+F+I+G4   2010.353     19  4058.705     4059.516     4151.118
 93  TIM3+F+R2     2011.203     19  4060.407     4061.218     4152.819
112  TIM3e+I       2110.233     15  4250.466     4250.976     4323.423
113  TIM3e+G4      2109.909     15  4249.818     4250.328     4322.775
114  TIM3e+I+G4    2109.832     16  4251.665     4252.243     4329.486
115  TIM3e+R2      2110.840     16  4253.680     4254.259     4331.501
134  TIM2+F+I      2010.812     18  4057.624     4058.353     4145.172
135  TIM2+F+G4     2010.643     18  4057.286     4058.015     4144.834
136  TIM2+F+I+G4   2010.422     19  4058.843     4059.654     4151.256
137  TIM2+F+R2     2011.280     19  4060.559     4061.370     4152.971
156  TIM2e+I       2108.042     15  4246.085     4246.595     4319.042
157  TIM2e+G4      2107.703     15  4245.405     4245.915     4318.362
158  TIM2e+I+G4    2107.627     16  4247.253     4247.832     4325.074
159  TIM2e+R2      2108.656     16  4249.311     4249.890     4327.132
178  TIM+F+I       2011.369     18  4058.738     4059.467     4146.286
179  TIM+F+G4      2011.196     18  4058.391     4059.120     4145.940
180  TIM+F+I+G4    2010.938     19  4059.877     4060.688     4152.289
181  TIM+F+R2      2011.751     19  4061.501     4062.312     4153.914
200  TIMe+I        2109.755     15  4249.511     4250.021     4322.468
201  TIMe+G4       2109.432     15  4248.864     4249.374     4321.821
202  TIMe+I+G4     2109.347     16  4250.695     4251.273     4328.516
203  TIMe+R2       2110.340     16  4252.680     4253.259     4330.501
222  TPM3u+F+I     2016.841     17  4067.682     4068.333     4150.366
223  TPM3u+F+G4    2016.678     17  4067.357     4068.009     4150.042
224  TPM3u+F+I+G4  2016.248     18  4068.496     4069.225     4156.044
225  TPM3u+F+R2    2017.259     18  4070.518     4071.247     4158.066
244  TPM3+I        2114.228     14  4256.455     4256.901     4324.549
245  TPM3+G4       2113.904     14  4255.808     4256.254     4323.901
246  TPM3+I+G4     2113.800     15  4257.599     4258.109     4330.556
247  TPM3+R2       2114.847     15  4259.693     4260.204     4332.651
266  TPM2u+F+I     2016.777     17  4067.554     4068.205     4150.238
267  TPM2u+F+G4    2016.617     17  4067.234     4067.886     4149.919
268  TPM2u+F+I+G4  2016.276     18  4068.552     4069.281     4156.100
269  TPM2u+F+R2    2017.296     18  4070.592     4071.321     4158.140
288  TPM2+I        2111.882     14  4251.764     4252.210     4319.858
289  TPM2+G4       2111.547     14  4251.094     4251.540     4319.187
290  TPM2+I+G4     2111.441     15  4252.882     4253.393     4325.840
291  TPM2+R2       2112.520     15  4255.041     4255.551     4327.998
310  K3Pu+F+I      2017.219     17  4068.438     4069.090     4151.123
311  K3Pu+F+G4     2017.065     17  4068.130     4068.782     4150.814
312  K3Pu+F+I+G4   2016.683     18  4069.366     4070.095     4156.914
313  K3Pu+F+R2     2017.653     18  4071.306     4072.035     4158.854
332  K3P+I         2113.669     14  4255.339     4255.785     4323.432
333  K3P+G4        2113.352     14  4254.704     4255.150     4322.797
334  K3P+I+G4      2113.235     15  4256.471     4256.981     4329.428
335  K3P+R2        2114.279     15  4258.558     4259.068     4331.515
354  TN+F+I        2011.404     17  4056.809     4057.461     4139.494
355  TN+F+G4       2011.228     17  4056.456     4057.108     4139.141
356  TN+F+I+G4     2010.967     18  4057.934     4058.663     4145.482
357  TN+F+R2       2011.780     18  4059.560     4060.290     4147.109
376  TNe+I         2111.121     14  4250.242     4250.688     4318.335
377  TNe+G4        2110.772     14  4249.543     4249.989     4317.636
378  TNe+I+G4      2110.677     15  4251.353     4251.863     4324.310
379  TNe+R2        2111.684     15  4253.369     4253.879     4326.326
398  HKY+F+I       2017.233     16  4066.467     4067.046     4144.288
399  HKY+F+G4      2017.078     16  4066.157     4066.735     4143.978
400  HKY+F+I+G4    2016.692     17  4067.383     4068.035     4150.068
401  HKY+F+R2      2017.658     17  4069.317     4069.969     4152.002
420  K2P+I         2115.047     13  4256.094     4256.480     4319.323
421  K2P+G4        2114.699     13  4255.399     4255.785     4318.628
422  K2P+I+G4      2114.572     14  4257.144     4257.590     4325.237
423  K2P+R2        2115.714     14  4259.428     4259.874     4327.521
442  F81+F+I       2066.782     15  4163.564     4164.074     4236.521
443  F81+F+G4      2066.551     15  4163.102     4163.612     4236.059
444  F81+F+I+G4    2066.455     16  4164.911     4165.490     4242.732
445  F81+F+R2      2067.433     16  4166.865     4167.444     4244.686
464  JC+I          2149.960     12  4323.920     4324.250     4382.285
465  JC+G4         2149.700     12  4323.400     4323.731     4381.766
466  JC+I+G4       2149.671     13  4325.341     4325.727     4388.571
467  JC+R2         2150.480     13  4326.959     4327.345     4390.189
Akaike Information Criterion:           TN+F+G4
Corrected Akaike Information Criterion: TN+F+G4
Bayesian Information Criterion:         TN+F+G4
Best-fit model: TN+F+G4 chosen according to BIC

All model information printed to per_gene_alignments_codon/LOC101407374_.aln.model.gz
CPU time for ModelFinder: 0.992 seconds (0h:0m:0s)
Wall-clock time for ModelFinder: 3.403 seconds (0h:0m:3s)
Generating 1000 samples for ultrafast bootstrap (seed: 67826)...

NOTE: 0 MB RAM (0 GB) is required!
Estimate model parameters (epsilon = 0.100)
1. Initial log-likelihood: -2011.228
Optimal log-likelihood: -2011.228
Rate parameters:  A-C: 1.00000  A-G: 3.88904  A-T: 1.00000  C-G: 1.00000  C-T: 9.98650  G-T: 1.00000
Base frequencies:  A: 0.161  C: 0.393  G: 0.313  T: 0.133
Gamma shape alpha: 0.147
Parameters optimization took 1 rounds (0.001 sec)
Wrote distance file to... 
Computing ML distances based on estimated model parameters...
Calculating distance matrix: done in 0.000633955 secs using 98.75% CPU
Computing ML distances took 0.000687 sec (of wall-clock time) 0.000684 sec (of CPU time)
Setting up auxiliary I and S matrices: done in 4.19617e-05 secs using 200.2% CPU
Computing RapidNJ tree took 0.000135 sec (of wall-clock time) 0.000265 sec (of CPU time)
Log-likelihood of RapidNJ tree: -2011.228
--------------------------------------------------------------------
|             INITIALIZING CANDIDATE TREE SET                      |
--------------------------------------------------------------------
Generating 99 parsimony trees... 0.090 second
Computing log-likelihood of 36 initial trees ... 0.037 seconds
Current best score: -2011.228

Do NNI search on 20 best initial trees
Estimate model parameters (epsilon = 0.100)
BETTER TREE FOUND at iteration 1: -2011.228
Iteration 10 / LogL: -2011.340 / Time: 0h:0m:3s
Iteration 20 / LogL: -2011.335 / Time: 0h:0m:3s
Finish initializing candidate tree set (1)
Current best tree score: -2011.228 / CPU time: 0.325
Number of iterations: 20
--------------------------------------------------------------------
|               OPTIMIZING CANDIDATE TREE SET                      |
--------------------------------------------------------------------
UPDATE BEST LOG-LIKELIHOOD: -2011.228
UPDATE BEST LOG-LIKELIHOOD: -2011.228
Iteration 30 / LogL: -2011.228 / Time: 0h:0m:4s (0h:0m:1s left)
Iteration 40 / LogL: -2011.239 / Time: 0h:0m:4s (0h:0m:1s left)
Iteration 50 / LogL: -2011.247 / Time: 0h:0m:4s (0h:0m:1s left)
Log-likelihood cutoff on original alignment: -2031.435
Iteration 60 / LogL: -2011.232 / Time: 0h:0m:4s (0h:0m:0s left)
Iteration 70 / LogL: -2011.331 / Time: 0h:0m:4s (0h:0m:0s left)
Iteration 80 / LogL: -2011.228 / Time: 0h:0m:5s (0h:0m:0s left)
Iteration 90 / LogL: -2011.332 / Time: 0h:0m:5s (0h:0m:0s left)
Iteration 100 / LogL: -2011.229 / Time: 0h:0m:5s (0h:0m:0s left)
Log-likelihood cutoff on original alignment: -2031.435
NOTE: Bootstrap correlation coefficient of split occurrence frequencies: 1.000
TREE SEARCH COMPLETED AFTER 102 ITERATIONS / Time: 0h:0m:5s

--------------------------------------------------------------------
|                    FINALIZING TREE SEARCH                        |
--------------------------------------------------------------------
Performs final model parameters optimization
Estimate model parameters (epsilon = 0.010)
1. Initial log-likelihood: -2011.228
Optimal log-likelihood: -2011.228
Rate parameters:  A-C: 1.00000  A-G: 3.88777  A-T: 1.00000  C-G: 1.00000  C-T: 9.97384  G-T: 1.00000
Base frequencies:  A: 0.161  C: 0.393  G: 0.313  T: 0.133
Gamma shape alpha: 0.147
Parameters optimization took 1 rounds (0.001 sec)
BEST SCORE FOUND : -2011.228
Creating bootstrap support values...
Split supports printed to NEXUS file per_gene_alignments_codon/LOC101407374_.aln.splits.nex
Total tree length: 0.212

Total number of iterations: 102
CPU time used for tree search: 1.066 sec (0h:0m:1s)
Wall-clock time used for tree search: 1.886 sec (0h:0m:1s)
Total CPU time used: 2.111 sec (0h:0m:2s)
Total wall-clock time used: 5.411 sec (0h:0m:5s)

Computing bootstrap consensus tree...
Reading input file per_gene_alignments_codon/LOC101407374_.aln.splits.nex...
7 taxa and 20 splits.
Consensus tree written to per_gene_alignments_codon/LOC101407374_.aln.contree
Reading input trees file per_gene_alignments_codon/LOC101407374_.aln.contree
Log-likelihood of consensus tree: -2011.228

Analysis results written to: 
  IQ-TREE report:                per_gene_alignments_codon/LOC101407374_.aln.iqtree
  Maximum-likelihood tree:       per_gene_alignments_codon/LOC101407374_.aln.treefile
  Likelihood distances:          per_gene_alignments_codon/LOC101407374_.aln.mldist

Ultrafast bootstrap approximation results written to:
  Split support values:          per_gene_alignments_codon/LOC101407374_.aln.splits.nex
  Consensus tree:                per_gene_alignments_codon/LOC101407374_.aln.contree
  Screen log file:               per_gene_alignments_codon/LOC101407374_.aln.log

Date and Time: Thu Oct 30 21:38:54 2025
