IQ-TREE multicore version 2.3.3 COVID-edition for Linux x86 64-bit built Apr 25 2024
Developed by Bui Quang Minh, James Barbetti, Nguyen Lam Tung, Olga Chernomor,
Heiko Schmidt, Dominik Schrempf, Michael Woodhams, Ly Trong Nhan, Thomas Wong

Host:    morpheus-OptiPlex-5050 (AVX2, FMA3, 503 GB RAM)
Command: iqtree2 -s per_gene_alignments_codon/LOC101388900_.aln.fna -m MFP -T 1 -B 1000 --prefix per_gene_alignments_codon/LOC101388900_.aln
Seed:    163077 (Using SPRNG - Scalable Parallel Random Number Generator)
Time:    Thu Oct 30 21:26:07 2025
Kernel:  AVX+FMA - 1 threads (72 CPU cores detected)

HINT: Use -nt option to specify number of threads because your CPU has 72 cores!
HINT: -nt AUTO will automatically determine the best number of threads to use.

Reading alignment file per_gene_alignments_codon/LOC101388900_.aln.fna ... Fasta format detected
Reading fasta file: done in 0.000389099 secs using 49.6% CPU
Alignment most likely contains DNA/RNA sequences
Alignment has 7 sequences with 1392 columns, 44 distinct patterns
31 parsimony-informative, 58 singleton sites, 1303 constant sites
                     Gap/Ambiguity  Composition  p-value
Analyzing sequences: done in 4.41074e-05 secs using 92.95% CPU
   1  Ceratotherium_simum    0.00%    passed     96.81%
   2  Diceros_bicornis       0.00%    passed     97.77%
   3  Equus_asinus           0.00%    passed     99.98%
   4  Equus_quagga           0.00%    passed     99.98%
   5  Equus_caballus         0.00%    passed     99.86%
   6  Canis_lupus            0.00%    passed     91.77%
   7  Bos_taurus             0.00%    passed     95.56%
****  TOTAL                  0.00%  0 sequences failed composition chi2 test (p-value<5%; df=3)
NOTE: Equus_quagga is identical to Equus_asinus but kept for subsequent analysis


Create initial parsimony tree by phylogenetic likelihood library (PLL)... 0.000 seconds
Perform fast likelihood tree search using GTR+I+G model...
Estimate model parameters (epsilon = 5.000)
Perform nearest neighbor interchange...
Estimate model parameters (epsilon = 1.000)
1. Initial log-likelihood: -2439.462
Optimal log-likelihood: -2439.460
Rate parameters:  A-C: 0.54364  A-G: 4.04676  A-T: 1.16229  C-G: 0.92377  C-T: 7.53049  G-T: 1.00000
Base frequencies:  A: 0.224  C: 0.370  G: 0.264  T: 0.142
Proportion of invariable sites: 0.465
Gamma shape alpha: 0.231
Parameters optimization took 1 rounds (0.001 sec)
Time for fast ML tree search: 0.025 seconds

NOTE: ModelFinder requires 0 MB RAM!
ModelFinder will test up to 484 DNA models (sample size: 1392) ...
 No. Model         -LnL         df  AIC          AICc         BIC
  1  GTR+F         2447.757     19  4933.515     4934.068     5033.046
  2  GTR+F+I       2439.371     20  4918.743     4919.356     5023.513
  3  GTR+F+G4      2439.889     20  4919.778     4920.391     5024.548
  4  GTR+F+I+G4    2439.463     21  4920.925     4921.599     5030.933
  5  GTR+F+R2      2445.046     21  4932.093     4932.767     5042.101
  6  GTR+F+R3      2442.639     23  4931.279     4932.086     5051.764
 14  GTR+F+I+R2    2440.580     22  4925.160     4925.899     5040.407
 15  GTR+F+I+R3    2439.661     24  4927.322     4928.200     5053.046
 23  SYM           2520.014     16  5072.028     5072.424     5155.844
 24  SYM+I         2514.393     17  5062.786     5063.231     5151.840
 25  SYM+G4        2514.387     17  5062.773     5063.219     5151.828
 26  SYM+I+G4      2514.476     18  5064.951     5065.449     5159.244
 45  TVM+F         2449.998     18  4935.996     4936.494     5030.289
 46  TVM+F+I       2441.611     19  4921.223     4921.777     5020.754
 47  TVM+F+G4      2442.165     19  4922.329     4922.883     5021.861
 48  TVM+F+I+G4    2441.687     20  4923.373     4923.986     5028.143
 67  TVMe          2520.990     15  5071.980     5072.329     5150.557
 68  TVMe+I        2515.136     16  5062.272     5062.668     5146.088
 69  TVMe+G4       2515.145     16  5062.289     5062.685     5146.105
 70  TVMe+I+G4     2515.221     17  5064.443     5064.888     5153.497
 89  TIM3+F        2448.557     17  4931.113     4931.559     5020.168
 90  TIM3+F+I      2439.797     18  4915.594     4916.093     5009.887
 91  TIM3+F+G4     2440.434     18  4916.868     4917.366     5011.161
 92  TIM3+F+I+G4   2439.890     19  4917.779     4918.333     5017.311
111  TIM3e         2521.202     14  5070.404     5070.709     5143.742
112  TIM3e+I       2515.315     15  5060.630     5060.979     5139.207
113  TIM3e+G4      2515.322     15  5060.644     5060.993     5139.222
114  TIM3e+I+G4    2515.392     16  5062.785     5063.180     5146.600
133  TIM2+F        2448.101     17  4930.202     4930.648     5019.257
134  TIM2+F+I      2439.835     18  4915.669     4916.168     5009.962
135  TIM2+F+G4     2440.314     18  4916.628     4917.126     5010.921
136  TIM2+F+I+G4   2439.939     19  4917.878     4918.432     5017.409
155  TIM2e         2520.846     14  5069.692     5069.997     5143.031
156  TIM2e+I       2515.111     15  5060.221     5060.570     5138.799
157  TIM2e+G4      2515.112     15  5060.225     5060.573     5138.802
158  TIM2e+I+G4    2515.189     16  5062.378     5062.774     5146.194
177  TIM+F         2448.044     17  4930.089     4930.534     5019.143
178  TIM+F+I       2439.752     18  4915.505     4916.003     5009.798
179  TIM+F+G4      2440.242     18  4916.484     4916.983     5010.777
180  TIM+F+I+G4    2439.847     19  4917.695     4918.249     5017.226
199  TIMe          2520.793     14  5069.586     5069.891     5142.925
200  TIMe+I        2514.914     15  5059.828     5060.176     5138.405
201  TIMe+G4       2514.916     15  5059.831     5060.180     5138.409
202  TIMe+I+G4     2514.996     16  5061.992     5062.388     5145.808
221  TPM3u+F       2450.806     16  4933.611     4934.007     5017.427
222  TPM3u+F+I     2442.013     17  4918.026     4918.472     5007.081
223  TPM3u+F+G4    2442.703     17  4919.405     4919.851     5008.460
224  TPM3u+F+I+G4  2442.093     18  4920.187     4920.685     5014.480
243  TPM3          2522.178     13  5070.357     5070.621     5138.457
244  TPM3+I        2516.058     14  5060.117     5060.422     5133.456
245  TPM3+G4       2516.082     14  5060.164     5060.469     5133.503
246  TPM3+I+G4     2516.140     15  5062.279     5062.628     5140.857
265  TPM2u+F       2450.350     16  4932.699     4933.095     5016.515
266  TPM2u+F+I     2442.028     17  4918.056     4918.502     5007.111
267  TPM2u+F+G4    2442.559     17  4919.118     4919.563     5008.172
268  TPM2u+F+I+G4  2442.114     18  4920.227     4920.725     5014.520
287  TPM2          2521.823     13  5069.646     5069.910     5137.746
288  TPM2+I        2515.845     14  5059.690     5059.995     5133.029
289  TPM2+G4       2515.858     14  5059.716     5060.021     5133.055
290  TPM2+I+G4     2515.926     15  5061.852     5062.201     5140.430
309  K3Pu+F        2450.294     16  4932.588     4932.984     5016.404
310  K3Pu+F+I      2441.936     17  4917.873     4918.318     5006.927
311  K3Pu+F+G4     2442.471     17  4918.943     4919.388     5007.997
312  K3Pu+F+I+G4   2442.019     18  4920.038     4920.536     5014.331
331  K3P           2521.774     13  5069.548     5069.812     5137.648
332  K3P+I         2515.641     14  5059.283     5059.588     5132.622
333  K3P+G4        2515.665     14  5059.329     5059.634     5132.668
334  K3P+I+G4      2515.727     15  5061.453     5061.802     5140.031
353  TN+F          2448.611     16  4929.221     4929.617     5013.037
354  TN+F+I        2440.049     17  4914.099     4914.544     5003.153
355  TN+F+G4       2440.617     17  4915.234     4915.679     5004.288
356  TN+F+I+G4     2440.148     18  4916.295     4916.793     5010.588
375  TNe           2521.619     13  5069.237     5069.501     5137.337
376  TNe+I         2515.649     14  5059.298     5059.603     5132.637
377  TNe+G4        2515.658     14  5059.316     5059.621     5132.655
378  TNe+I+G4      2515.725     15  5061.451     5061.800     5140.028
397  HKY+F         2450.861     15  4931.723     4932.072     5010.300
398  HKY+F+I       2442.221     16  4916.442     4916.838     5000.258
399  HKY+F+G4      2442.851     16  4917.701     4918.097     5001.517
400  HKY+F+I+G4    2442.306     17  4918.612     4919.058     5007.667
419  K2P           2522.597     12  5069.194     5069.421     5132.056
420  K2P+I         2516.372     13  5058.744     5059.008     5126.845
421  K2P+G4        2516.405     13  5058.810     5059.075     5126.911
422  K2P+I+G4      2516.452     14  5060.903     5061.208     5134.242
441  F81+F         2483.654     14  4995.308     4995.613     5068.647
442  F81+F+I       2477.828     15  4985.656     4986.005     5064.234
443  F81+F+G4      2477.831     15  4985.662     4986.010     5064.239
444  F81+F+I+G4    2477.909     16  4987.819     4988.215     5071.635
463  JC            2550.996     11  5123.991     5124.182     5181.615
464  JC+I          2545.829     12  5115.658     5115.884     5178.520
465  JC+G4         2545.839     12  5115.678     5115.904     5178.540
466  JC+I+G4       2545.906     13  5117.812     5118.076     5185.912
Akaike Information Criterion:           TN+F+I
Corrected Akaike Information Criterion: TN+F+I
Bayesian Information Criterion:         HKY+F+I
Best-fit model: HKY+F+I chosen according to BIC

All model information printed to per_gene_alignments_codon/LOC101388900_.aln.model.gz
CPU time for ModelFinder: 0.329 seconds (0h:0m:0s)
Wall-clock time for ModelFinder: 0.753 seconds (0h:0m:0s)
Generating 1000 samples for ultrafast bootstrap (seed: 163077)...

NOTE: 0 MB RAM (0 GB) is required!
Estimate model parameters (epsilon = 0.100)
1. Initial log-likelihood: -2442.221
Optimal log-likelihood: -2442.221
Rate parameters:  A-C: 1.00000  A-G: 6.63011  A-T: 1.00000  C-G: 1.00000  C-T: 6.63011  G-T: 1.00000
Base frequencies:  A: 0.224  C: 0.370  G: 0.264  T: 0.142
Proportion of invariable sites: 0.824
Parameters optimization took 1 rounds (0.000 sec)
Wrote distance file to... 
Computing ML distances based on estimated model parameters...
Calculating distance matrix: done in 0.000175953 secs using 98.89% CPU
Computing ML distances took 0.012269 sec (of wall-clock time) 0.000274 sec (of CPU time)
Setting up auxiliary I and S matrices: done in 4.19617e-05 secs using 97.71% CPU
Computing RapidNJ tree took 0.000119 sec (of wall-clock time) 0.000118 sec (of CPU time)
Log-likelihood of RapidNJ tree: -2442.223
--------------------------------------------------------------------
|             INITIALIZING CANDIDATE TREE SET                      |
--------------------------------------------------------------------
Generating 99 parsimony trees... 0.066 second
Computing log-likelihood of 43 initial trees ... 0.036 seconds
Current best score: -2442.221

Do NNI search on 20 best initial trees
Estimate model parameters (epsilon = 0.100)
BETTER TREE FOUND at iteration 1: -2442.221
Iteration 10 / LogL: -2442.276 / Time: 0h:0m:0s
Iteration 20 / LogL: -2442.232 / Time: 0h:0m:1s
Finish initializing candidate tree set (1)
Current best tree score: -2442.221 / CPU time: 0.228
Number of iterations: 20
--------------------------------------------------------------------
|               OPTIMIZING CANDIDATE TREE SET                      |
--------------------------------------------------------------------
UPDATE BEST LOG-LIKELIHOOD: -2442.221
Iteration 30 / LogL: -2442.228 / Time: 0h:0m:1s (0h:0m:0s left)
UPDATE BEST LOG-LIKELIHOOD: -2442.221
Iteration 40 / LogL: -2442.228 / Time: 0h:0m:1s (0h:0m:0s left)
Iteration 50 / LogL: -2442.221 / Time: 0h:0m:1s (0h:0m:0s left)
Log-likelihood cutoff on original alignment: -2464.712
Iteration 60 / LogL: -2442.260 / Time: 0h:0m:1s (0h:0m:0s left)
Iteration 70 / LogL: -2442.221 / Time: 0h:0m:1s (0h:0m:0s left)
Iteration 80 / LogL: -2442.251 / Time: 0h:0m:2s (0h:0m:0s left)
Iteration 90 / LogL: -2442.277 / Time: 0h:0m:2s (0h:0m:0s left)
Iteration 100 / LogL: -2442.309 / Time: 0h:0m:2s (0h:0m:0s left)
Log-likelihood cutoff on original alignment: -2464.712
NOTE: Bootstrap correlation coefficient of split occurrence frequencies: 1.000
TREE SEARCH COMPLETED AFTER 102 ITERATIONS / Time: 0h:0m:2s

--------------------------------------------------------------------
|                    FINALIZING TREE SEARCH                        |
--------------------------------------------------------------------
Performs final model parameters optimization
Estimate model parameters (epsilon = 0.010)
1. Initial log-likelihood: -2442.221
Optimal log-likelihood: -2442.221
Rate parameters:  A-C: 1.00000  A-G: 6.64666  A-T: 1.00000  C-G: 1.00000  C-T: 6.64666  G-T: 1.00000
Base frequencies:  A: 0.224  C: 0.370  G: 0.264  T: 0.142
Proportion of invariable sites: 0.824
Parameters optimization took 1 rounds (0.001 sec)
BEST SCORE FOUND : -2442.221
Creating bootstrap support values...
Split supports printed to NEXUS file per_gene_alignments_codon/LOC101388900_.aln.splits.nex
Total tree length: 0.084

Total number of iterations: 102
CPU time used for tree search: 0.871 sec (0h:0m:0s)
Wall-clock time used for tree search: 1.884 sec (0h:0m:1s)
Total CPU time used: 1.256 sec (0h:0m:1s)
Total wall-clock time used: 2.770 sec (0h:0m:2s)

Computing bootstrap consensus tree...
Reading input file per_gene_alignments_codon/LOC101388900_.aln.splits.nex...
7 taxa and 20 splits.
Consensus tree written to per_gene_alignments_codon/LOC101388900_.aln.contree
Reading input trees file per_gene_alignments_codon/LOC101388900_.aln.contree
Log-likelihood of consensus tree: -2442.226

Analysis results written to: 
  IQ-TREE report:                per_gene_alignments_codon/LOC101388900_.aln.iqtree
  Maximum-likelihood tree:       per_gene_alignments_codon/LOC101388900_.aln.treefile
  Likelihood distances:          per_gene_alignments_codon/LOC101388900_.aln.mldist

Ultrafast bootstrap approximation results written to:
  Split support values:          per_gene_alignments_codon/LOC101388900_.aln.splits.nex
  Consensus tree:                per_gene_alignments_codon/LOC101388900_.aln.contree
  Screen log file:               per_gene_alignments_codon/LOC101388900_.aln.log

Date and Time: Thu Oct 30 21:26:10 2025
