IQ-TREE multicore version 2.3.3 COVID-edition for Linux x86 64-bit built Apr 25 2024
Developed by Bui Quang Minh, James Barbetti, Nguyen Lam Tung, Olga Chernomor,
Heiko Schmidt, Dominik Schrempf, Michael Woodhams, Ly Trong Nhan, Thomas Wong

Host:    morpheus-OptiPlex-5050 (AVX2, FMA3, 503 GB RAM)
Command: iqtree2 -s per_gene_alignments_codon/LOC101391343_.aln.fna -m MFP -T 1 -B 1000 --prefix per_gene_alignments_codon/LOC101391343_.aln
Seed:    445142 (Using SPRNG - Scalable Parallel Random Number Generator)
Time:    Thu Oct 30 21:27:52 2025
Kernel:  AVX+FMA - 1 threads (72 CPU cores detected)

HINT: Use -nt option to specify number of threads because your CPU has 72 cores!
HINT: -nt AUTO will automatically determine the best number of threads to use.

Reading alignment file per_gene_alignments_codon/LOC101391343_.aln.fna ... Fasta format detected
Reading fasta file: done in 0.000380039 secs using 32.89% CPU
Alignment most likely contains DNA/RNA sequences
Alignment has 7 sequences with 1212 columns, 98 distinct patterns
57 parsimony-informative, 74 singleton sites, 1081 constant sites
                     Gap/Ambiguity  Composition  p-value
Analyzing sequences: done in 1.50204e-05 secs using 33.29% CPU
   1  Ceratotherium_simum   41.34%    passed     91.46%
   2  Diceros_bicornis       0.00%    passed     99.98%
   3  Equus_asinus           0.00%    passed     99.42%
   4  Equus_quagga           0.00%    passed     98.19%
   5  Equus_caballus         0.00%    passed     93.46%
   6  Canis_lupus            0.00%    passed     99.87%
   7  Bos_taurus             1.73%    passed     96.18%
****  TOTAL                  6.15%  0 sequences failed composition chi2 test (p-value<5%; df=3)


Create initial parsimony tree by phylogenetic likelihood library (PLL)... 0.000 seconds
Perform fast likelihood tree search using GTR+I+G model...
Estimate model parameters (epsilon = 5.000)
Perform nearest neighbor interchange...
Estimate model parameters (epsilon = 1.000)
1. Initial log-likelihood: -2451.406
Optimal log-likelihood: -2451.244
Rate parameters:  A-C: 1.31797  A-G: 3.41089  A-T: 0.23915  C-G: 1.25373  C-T: 5.32282  G-T: 1.00000
Base frequencies:  A: 0.188  C: 0.354  G: 0.327  T: 0.131
Proportion of invariable sites: 0.443
Gamma shape alpha: 0.517
Parameters optimization took 1 rounds (0.003 sec)
Time for fast ML tree search: 0.065 seconds

NOTE: ModelFinder requires 0 MB RAM!
ModelFinder will test up to 484 DNA models (sample size: 1212) ...
 No. Model         -LnL         df  AIC          AICc         BIC
  1  GTR+F         2466.599     19  4971.198     4971.836     5068.099
  2  GTR+F+I       2451.231     20  4942.463     4943.168     5044.463
  3  GTR+F+G4      2451.224     20  4942.449     4943.154     5044.449
  4  GTR+F+I+G4    2451.244     21  4944.487     4945.264     5051.588
  5  GTR+F+R2      2451.747     21  4945.495     4946.271     5052.595
  6  GTR+F+R3      2451.377     23  4948.753     4949.682     5066.054
 14  GTR+F+I+R2    2451.427     22  4946.855     4947.706     5059.055
 15  GTR+F+I+R3    2451.262     24  4950.525     4951.536     5072.925
 24  SYM+I         2543.766     17  5121.532     5122.044     5208.232
 25  SYM+G4        2543.720     17  5121.441     5121.953     5208.141
 26  SYM+I+G4      2543.638     18  5123.276     5123.849     5215.076
 27  SYM+R2        2544.476     18  5124.952     5125.525     5216.753
 46  TVM+F+I       2452.936     19  4943.873     4944.510     5040.773
 47  TVM+F+G4      2452.906     19  4943.813     4944.450     5040.713
 48  TVM+F+I+G4    2452.798     20  4945.595     4946.301     5047.596
 49  TVM+F+R2      2453.453     20  4946.905     4947.610     5048.906
 68  TVMe+I        2544.054     16  5120.108     5120.563     5201.709
 69  TVMe+G4       2544.002     16  5120.004     5120.459     5201.604
 70  TVMe+I+G4     2543.894     17  5121.788     5122.301     5208.488
 71  TVMe+R2       2544.772     17  5123.543     5124.056     5210.244
 90  TIM3+F+I      2452.087     18  4940.173     4940.747     5031.974
 91  TIM3+F+G4     2452.083     18  4940.165     4940.739     5031.966
 92  TIM3+F+I+G4   2452.118     19  4942.237     4942.875     5039.137
 93  TIM3+F+R2     2452.612     19  4943.224     4943.862     5040.125
112  TIM3e+I       2546.148     15  5122.295     5122.697     5198.796
113  TIM3e+G4      2546.102     15  5122.204     5122.605     5198.704
114  TIM3e+I+G4    2546.035     16  5124.071     5124.526     5205.671
115  TIM3e+R2      2546.842     16  5125.685     5126.140     5207.285
134  TIM2+F+I      2452.881     18  4941.761     4942.335     5033.562
135  TIM2+F+G4     2452.879     18  4941.759     4942.332     5033.559
136  TIM2+F+I+G4   2452.920     19  4943.841     4944.478     5040.741
137  TIM2+F+R2     2453.397     19  4944.794     4945.432     5041.695
156  TIM2e+I       2551.421     15  5132.842     5133.243     5209.342
157  TIM2e+G4      2551.378     15  5132.756     5133.157     5209.256
158  TIM2e+I+G4    2551.292     16  5134.584     5135.039     5216.184
159  TIM2e+R2      2552.149     16  5136.297     5136.753     5217.898
178  TIM+F+I       2452.994     18  4941.989     4942.562     5033.789
179  TIM+F+G4      2452.991     18  4941.981     4942.555     5033.782
180  TIM+F+I+G4    2453.027     19  4944.054     4944.691     5040.954
181  TIM+F+R2      2453.507     19  4945.013     4945.651     5041.914
200  TIMe+I        2552.219     15  5134.439     5134.840     5210.939
201  TIMe+G4       2552.182     15  5134.365     5134.766     5210.865
202  TIMe+I+G4     2552.125     16  5136.250     5136.706     5217.851
203  TIMe+R2       2552.943     16  5137.886     5138.341     5219.486
222  TPM3u+F+I     2453.800     17  4941.601     4942.114     5028.301
223  TPM3u+F+G4    2453.775     17  4941.549     4942.062     5028.250
224  TPM3u+F+I+G4  2453.683     18  4943.366     4943.939     5035.167
225  TPM3u+F+R2    2454.316     18  4944.632     4945.205     5036.432
244  TPM3+I        2546.460     14  5120.921     5121.272     5192.321
245  TPM3+G4       2546.407     14  5120.814     5121.165     5192.214
246  TPM3+I+G4     2546.317     15  5122.634     5123.035     5199.134
247  TPM3+R2       2547.149     15  5124.299     5124.700     5200.799
266  TPM2u+F+I     2454.717     17  4943.434     4943.947     5030.135
267  TPM2u+F+G4    2454.698     17  4943.397     4943.909     5030.097
268  TPM2u+F+I+G4  2454.611     18  4945.223     4945.796     5037.023
269  TPM2u+F+R2    2455.236     18  4946.472     4947.045     5038.272
288  TPM2+I        2551.637     14  5131.274     5131.625     5202.675
289  TPM2+G4       2551.589     14  5131.178     5131.529     5202.578
290  TPM2+I+G4     2551.485     15  5132.970     5133.371     5209.470
291  TPM2+R2       2552.373     15  5134.745     5135.147     5211.246
310  K3Pu+F+I      2454.820     17  4943.639     4944.152     5030.340
311  K3Pu+F+G4     2454.798     17  4943.597     4944.109     5030.297
312  K3Pu+F+I+G4   2454.708     18  4945.415     4945.988     5037.216
313  K3Pu+F+R2     2455.329     18  4946.658     4947.232     5038.459
332  K3P+I         2552.464     14  5132.928     5133.278     5204.328
333  K3P+G4        2552.420     14  5132.839     5133.190     5204.240
334  K3P+I+G4      2552.343     15  5134.687     5135.088     5211.187
335  K3P+R2        2553.191     15  5136.381     5136.783     5212.882
354  TN+F+I        2452.995     17  4939.990     4940.502     5026.690
355  TN+F+G4       2452.992     17  4939.984     4940.496     5026.684
356  TN+F+I+G4     2453.029     18  4942.058     4942.632     5033.859
357  TN+F+R2       2453.504     18  4943.008     4943.581     5034.808
376  TNe+I         2552.826     14  5133.652     5134.003     5205.053
377  TNe+G4        2552.781     14  5133.563     5133.913     5204.963
378  TNe+I+G4      2552.711     15  5135.422     5135.824     5211.923
379  TNe+R2        2553.530     15  5137.060     5137.461     5213.560
398  HKY+F+I       2454.820     16  4941.640     4942.095     5023.240
399  HKY+F+G4      2454.799     16  4941.598     4942.053     5023.198
400  HKY+F+I+G4    2454.710     17  4943.420     4943.933     5030.121
401  HKY+F+R2      2455.330     17  4944.659     4945.172     5031.360
420  K2P+I         2553.069     13  5132.137     5132.441     5198.438
421  K2P+G4        2553.018     13  5132.035     5132.339     5198.336
422  K2P+I+G4      2552.927     14  5133.854     5134.205     5205.254
423  K2P+R2        2553.778     14  5135.556     5135.907     5206.957
442  F81+F+I       2482.970     15  4995.941     4996.342     5072.441
443  F81+F+G4      2482.920     15  4995.840     4996.242     5072.341
444  F81+F+I+G4    2482.837     16  4997.674     4998.129     5079.275
445  F81+F+R2      2483.654     16  4999.307     4999.762     5080.908
464  JC+I          2573.923     12  5171.846     5172.107     5233.047
465  JC+G4         2573.855     12  5171.710     5171.970     5232.911
466  JC+I+G4       2573.766     13  5173.532     5173.836     5239.832
467  JC+R2         2574.707     13  5175.414     5175.718     5241.715
Akaike Information Criterion:           TN+F+G4
Corrected Akaike Information Criterion: TN+F+G4
Bayesian Information Criterion:         HKY+F+G4
Best-fit model: HKY+F+G4 chosen according to BIC

All model information printed to per_gene_alignments_codon/LOC101391343_.aln.model.gz
CPU time for ModelFinder: 1.553 seconds (0h:0m:1s)
Wall-clock time for ModelFinder: 2.085 seconds (0h:0m:2s)
Generating 1000 samples for ultrafast bootstrap (seed: 445142)...

NOTE: 0 MB RAM (0 GB) is required!
Estimate model parameters (epsilon = 0.100)
1. Initial log-likelihood: -2454.799
Optimal log-likelihood: -2454.799
Rate parameters:  A-C: 1.00000  A-G: 3.76224  A-T: 1.00000  C-G: 1.00000  C-T: 3.76224  G-T: 1.00000
Base frequencies:  A: 0.188  C: 0.354  G: 0.327  T: 0.131
Gamma shape alpha: 0.101
Parameters optimization took 1 rounds (0.001 sec)
Wrote distance file to... 
Computing ML distances based on estimated model parameters...
Calculating distance matrix: done in 0.000576973 secs using 99.83% CPU
Computing ML distances took 0.000631 sec (of wall-clock time) 0.000637 sec (of CPU time)
Setting up auxiliary I and S matrices: done in 4.19617e-05 secs using 178.7% CPU
Computing RapidNJ tree took 0.000138 sec (of wall-clock time) 0.000277 sec (of CPU time)
Log-likelihood of RapidNJ tree: -2454.799
--------------------------------------------------------------------
|             INITIALIZING CANDIDATE TREE SET                      |
--------------------------------------------------------------------
Generating 99 parsimony trees... 0.035 second
Computing log-likelihood of 44 initial trees ... 0.020 seconds
Current best score: -2454.568

Do NNI search on 20 best initial trees
Estimate model parameters (epsilon = 0.100)
BETTER TREE FOUND at iteration 1: -2454.549
Iteration 10 / LogL: -2454.549 / Time: 0h:0m:2s
Iteration 20 / LogL: -2454.557 / Time: 0h:0m:2s
Finish initializing candidate tree set (1)
Current best tree score: -2454.549 / CPU time: 0.148
Number of iterations: 20
--------------------------------------------------------------------
|               OPTIMIZING CANDIDATE TREE SET                      |
--------------------------------------------------------------------
Iteration 30 / LogL: -2454.601 / Time: 0h:0m:2s (0h:0m:0s left)
UPDATE BEST LOG-LIKELIHOOD: -2454.549
Iteration 40 / LogL: -2454.549 / Time: 0h:0m:2s (0h:0m:0s left)
Iteration 50 / LogL: -2454.604 / Time: 0h:0m:2s (0h:0m:0s left)
Log-likelihood cutoff on original alignment: -2465.817
UPDATE BEST LOG-LIKELIHOOD: -2454.549
Iteration 60 / LogL: -2454.591 / Time: 0h:0m:2s (0h:0m:0s left)
Iteration 70 / LogL: -2454.596 / Time: 0h:0m:2s (0h:0m:0s left)
Iteration 80 / LogL: -2454.549 / Time: 0h:0m:2s (0h:0m:0s left)
UPDATE BEST LOG-LIKELIHOOD: -2454.549
Iteration 90 / LogL: -2454.617 / Time: 0h:0m:2s (0h:0m:0s left)
Iteration 100 / LogL: -2454.597 / Time: 0h:0m:3s (0h:0m:0s left)
Log-likelihood cutoff on original alignment: -2467.205
NOTE: Bootstrap correlation coefficient of split occurrence frequencies: 1.000
TREE SEARCH COMPLETED AFTER 102 ITERATIONS / Time: 0h:0m:3s

--------------------------------------------------------------------
|                    FINALIZING TREE SEARCH                        |
--------------------------------------------------------------------
Performs final model parameters optimization
Estimate model parameters (epsilon = 0.010)
1. Initial log-likelihood: -2454.549
Optimal log-likelihood: -2454.549
Rate parameters:  A-C: 1.00000  A-G: 3.77015  A-T: 1.00000  C-G: 1.00000  C-T: 3.77015  G-T: 1.00000
Base frequencies:  A: 0.188  C: 0.354  G: 0.327  T: 0.131
Gamma shape alpha: 0.092
Parameters optimization took 1 rounds (0.001 sec)
BEST SCORE FOUND : -2454.549
Creating bootstrap support values...
Split supports printed to NEXUS file per_gene_alignments_codon/LOC101391343_.aln.splits.nex
Total tree length: 0.148

Total number of iterations: 102
CPU time used for tree search: 1.125 sec (0h:0m:1s)
Wall-clock time used for tree search: 1.064 sec (0h:0m:1s)
Total CPU time used: 2.750 sec (0h:0m:2s)
Total wall-clock time used: 3.220 sec (0h:0m:3s)

Computing bootstrap consensus tree...
Reading input file per_gene_alignments_codon/LOC101391343_.aln.splits.nex...
7 taxa and 15 splits.
Consensus tree written to per_gene_alignments_codon/LOC101391343_.aln.contree
Reading input trees file per_gene_alignments_codon/LOC101391343_.aln.contree
Log-likelihood of consensus tree: -2454.549

Analysis results written to: 
  IQ-TREE report:                per_gene_alignments_codon/LOC101391343_.aln.iqtree
  Maximum-likelihood tree:       per_gene_alignments_codon/LOC101391343_.aln.treefile
  Likelihood distances:          per_gene_alignments_codon/LOC101391343_.aln.mldist

Ultrafast bootstrap approximation results written to:
  Split support values:          per_gene_alignments_codon/LOC101391343_.aln.splits.nex
  Consensus tree:                per_gene_alignments_codon/LOC101391343_.aln.contree
  Screen log file:               per_gene_alignments_codon/LOC101391343_.aln.log

Date and Time: Thu Oct 30 21:27:56 2025
