IQ-TREE multicore version 2.3.3 COVID-edition for Linux x86 64-bit built Apr 25 2024
Developed by Bui Quang Minh, James Barbetti, Nguyen Lam Tung, Olga Chernomor,
Heiko Schmidt, Dominik Schrempf, Michael Woodhams, Ly Trong Nhan, Thomas Wong

Host:    morpheus-OptiPlex-5050 (AVX2, FMA3, 503 GB RAM)
Command: iqtree2 -s per_gene_alignments_codon/LOC101391511_.aln.fna -m MFP -T 1 -B 1000 --prefix per_gene_alignments_codon/LOC101391511_.aln
Seed:    866382 (Using SPRNG - Scalable Parallel Random Number Generator)
Time:    Thu Oct 30 21:27:59 2025
Kernel:  AVX+FMA - 1 threads (72 CPU cores detected)

HINT: Use -nt option to specify number of threads because your CPU has 72 cores!
HINT: -nt AUTO will automatically determine the best number of threads to use.

Reading alignment file per_gene_alignments_codon/LOC101391511_.aln.fna ... Fasta format detected
Reading fasta file: done in 0.000402927 secs using 99.27% CPU
Alignment most likely contains DNA/RNA sequences
Alignment has 7 sequences with 1320 columns, 87 distinct patterns
68 parsimony-informative, 149 singleton sites, 1103 constant sites
                     Gap/Ambiguity  Composition  p-value
Analyzing sequences: done in 2.90871e-05 secs using 92.82% CPU
   1  Ceratotherium_simum    0.00%    passed     96.85%
   2  Diceros_bicornis       0.00%    passed     94.09%
   3  Equus_asinus           0.00%    passed     99.10%
   4  Equus_quagga           0.00%    passed     99.73%
   5  Equus_caballus         0.00%    passed     97.94%
   6  Canis_lupus            0.23%    passed     96.89%
   7  Bos_taurus             0.23%    passed     71.66%
****  TOTAL                  0.06%  0 sequences failed composition chi2 test (p-value<5%; df=3)


Create initial parsimony tree by phylogenetic likelihood library (PLL)... 0.000 seconds
Perform fast likelihood tree search using GTR+I+G model...
Estimate model parameters (epsilon = 5.000)
Perform nearest neighbor interchange...
Estimate model parameters (epsilon = 1.000)
1. Initial log-likelihood: -3049.425
Optimal log-likelihood: -3049.361
Rate parameters:  A-C: 1.98362  A-G: 14.17851  A-T: 4.32784  C-G: 4.92820  C-T: 18.72592  G-T: 1.00000
Base frequencies:  A: 0.187  C: 0.330  G: 0.301  T: 0.181
Proportion of invariable sites: 0.413
Gamma shape alpha: 0.566
Parameters optimization took 1 rounds (0.027 sec)
Time for fast ML tree search: 0.122 seconds

NOTE: ModelFinder requires 0 MB RAM!
ModelFinder will test up to 484 DNA models (sample size: 1320) ...
 No. Model         -LnL         df  AIC          AICc         BIC
  1  GTR+F         3082.945     19  6203.891     6204.475     6302.413
  2  GTR+F+I       3049.425     20  6138.851     6139.497     6242.558
  3  GTR+F+G4      3049.330     20  6138.659     6139.306     6242.367
  4  GTR+F+I+G4    3049.291     21  6140.583     6141.294     6249.476
  5  GTR+F+R2      3049.921     21  6141.841     6142.553     6250.734
  6  GTR+F+R3      3049.573     23  6145.145     6145.997     6264.409
 14  GTR+F+I+R2    3049.514     22  6143.028     6143.808     6257.107
 15  GTR+F+I+R3    3049.334     24  6146.667     6147.594     6271.117
 24  SYM+I         3099.348     17  6232.696     6233.166     6320.847
 25  SYM+G4        3099.080     17  6232.161     6232.631     6320.312
 26  SYM+I+G4      3098.934     18  6233.868     6234.394     6327.205
 27  SYM+R2        3099.292     18  6234.585     6235.110     6327.922
 46  TVM+F+I       3050.387     19  6138.774     6139.359     6237.296
 47  TVM+F+G4      3050.245     19  6138.489     6139.074     6237.012
 48  TVM+F+I+G4    3050.164     20  6140.327     6140.974     6244.035
 49  TVM+F+R2      3050.707     20  6141.413     6142.060     6245.121
 68  TVMe+I        3100.299     16  6232.597     6233.015     6315.564
 69  TVMe+G4       3100.042     16  6232.084     6232.502     6315.050
 70  TVMe+I+G4     3099.890     17  6233.781     6234.251     6321.932
 71  TVMe+R2       3100.232     17  6234.465     6234.935     6322.617
 90  TIM3+F+I      3054.585     18  6145.169     6145.695     6238.506
 91  TIM3+F+G4     3054.511     18  6145.021     6145.547     6238.358
 92  TIM3+F+I+G4   3054.449     19  6146.897     6147.482     6245.419
 93  TIM3+F+R2     3055.172     19  6148.344     6148.929     6246.866
112  TIM3e+I       3107.332     15  6244.664     6245.032     6322.445
113  TIM3e+G4      3107.055     15  6244.111     6244.479     6321.892
114  TIM3e+I+G4    3106.850     16  6245.700     6246.117     6328.666
115  TIM3e+R2      3107.134     16  6246.267     6246.685     6329.233
134  TIM2+F+I      3055.757     18  6147.513     6148.039     6240.850
135  TIM2+F+G4     3055.661     18  6147.322     6147.848     6240.659
136  TIM2+F+I+G4   3055.553     19  6149.106     6149.690     6247.628
137  TIM2+F+R2     3056.259     19  6150.517     6151.102     6249.040
156  TIM2e+I       3110.398     15  6250.795     6251.164     6328.576
157  TIM2e+G4      3110.198     15  6250.395     6250.764     6328.176
158  TIM2e+I+G4    3110.026     16  6252.052     6252.469     6335.018
159  TIM2e+R2      3110.444     16  6252.887     6253.305     6335.853
178  TIM+F+I       3050.290     18  6136.581     6137.107     6229.918
179  TIM+F+G4      3050.165     18  6136.331     6136.856     6229.667
180  TIM+F+I+G4    3050.078     19  6138.156     6138.741     6236.679
181  TIM+F+R2      3050.608     19  6139.216     6139.801     6237.739
200  TIMe+I        3103.773     15  6237.547     6237.915     6315.327
201  TIMe+G4       3103.572     15  6237.144     6237.512     6314.925
202  TIMe+I+G4     3103.458     16  6238.916     6239.334     6321.882
203  TIMe+R2       3103.859     16  6239.718     6240.136     6322.685
222  TPM3u+F+I     3055.543     17  6145.085     6145.555     6233.237
223  TPM3u+F+G4    3055.432     17  6144.864     6145.334     6233.016
224  TPM3u+F+I+G4  3055.332     18  6146.665     6147.190     6240.001
225  TPM3u+F+R2    3055.873     18  6147.746     6148.272     6241.083
244  TPM3+I        3108.330     14  6244.661     6244.982     6317.256
245  TPM3+G4       3108.067     14  6244.134     6244.456     6316.730
246  TPM3+I+G4     3107.862     15  6245.725     6246.093     6323.506
247  TPM3+R2       3108.204     15  6246.407     6246.775     6324.188
266  TPM2u+F+I     3056.795     17  6147.590     6148.061     6235.742
267  TPM2u+F+G4    3056.671     17  6147.342     6147.812     6235.494
268  TPM2u+F+I+G4  3056.528     18  6149.056     6149.581     6242.392
269  TPM2u+F+R2    3057.060     18  6150.121     6150.646     6243.458
288  TPM2+I        3111.274     14  6250.547     6250.869     6323.143
289  TPM2+G4       3111.083     14  6250.165     6250.487     6322.761
290  TPM2+I+G4     3110.916     15  6251.831     6252.200     6329.612
291  TPM2+R2       3111.312     15  6252.624     6252.992     6330.405
310  K3Pu+F+I      3051.246     17  6136.492     6136.962     6224.644
311  K3Pu+F+G4     3051.085     17  6136.170     6136.640     6224.321
312  K3Pu+F+I+G4   3050.960     18  6137.921     6138.447     6231.258
313  K3Pu+F+R2     3051.480     18  6138.961     6139.487     6232.298
332  K3P+I         3104.686     14  6237.373     6237.695     6309.968
333  K3P+G4        3104.484     14  6236.969     6237.291     6309.564
334  K3P+I+G4      3104.368     15  6238.736     6239.104     6316.517
335  K3P+R2        3104.739     15  6239.479     6239.847     6317.259
354  TN+F+I        3056.102     17  6146.204     6146.674     6234.355
355  TN+F+G4       3055.992     17  6145.985     6146.455     6234.136
356  TN+F+I+G4     3055.858     18  6147.716     6148.242     6241.053
357  TN+F+R2       3056.466     18  6148.933     6149.459     6242.270
376  TNe+I         3112.746     14  6253.493     6253.814     6326.088
377  TNe+G4        3112.533     14  6253.066     6253.388     6325.662
378  TNe+I+G4      3112.337     15  6254.675     6255.043     6332.455
379  TNe+R2        3112.755     15  6255.511     6255.879     6333.291
398  HKY+F+I       3057.114     16  6146.229     6146.646     6229.195
399  HKY+F+G4      3056.974     16  6145.948     6146.365     6228.914
400  HKY+F+I+G4    3056.801     17  6147.602     6148.072     6235.754
401  HKY+F+R2      3057.312     17  6148.625     6149.095     6236.776
420  K2P+I         3113.658     13  6253.317     6253.595     6320.727
421  K2P+G4        3113.453     13  6252.905     6253.184     6320.315
422  K2P+I+G4      3113.257     14  6254.514     6254.835     6327.109
423  K2P+R2        3113.651     14  6255.302     6255.624     6327.897
442  F81+F+I       3124.162     15  6278.324     6278.692     6356.105
443  F81+F+G4      3123.921     15  6277.841     6278.210     6355.622
444  F81+F+I+G4    3123.772     16  6279.544     6279.961     6362.510
445  F81+F+R2      3124.024     16  6280.047     6280.465     6363.014
464  JC+I          3172.021     12  6368.041     6368.280     6430.266
465  JC+G4         3171.756     12  6367.513     6367.751     6429.737
466  JC+I+G4       3171.610     13  6369.221     6369.499     6436.631
467  JC+R2         3171.869     13  6369.739     6370.018     6437.149
Akaike Information Criterion:           K3Pu+F+G4
Corrected Akaike Information Criterion: K3Pu+F+G4
Bayesian Information Criterion:         K3Pu+F+G4
Best-fit model: K3Pu+F+G4 chosen according to BIC

All model information printed to per_gene_alignments_codon/LOC101391511_.aln.model.gz
CPU time for ModelFinder: 1.565 seconds (0h:0m:1s)
Wall-clock time for ModelFinder: 2.564 seconds (0h:0m:2s)
Generating 1000 samples for ultrafast bootstrap (seed: 866382)...

NOTE: 0 MB RAM (0 GB) is required!
Estimate model parameters (epsilon = 0.100)
1. Initial log-likelihood: -3051.085
Optimal log-likelihood: -3051.085
Rate parameters:  A-C: 1.00000  A-G: 11.93660  A-T: 3.45267  C-G: 3.45267  C-T: 11.93660  G-T: 1.00000
Base frequencies:  A: 0.187  C: 0.330  G: 0.301  T: 0.181
Gamma shape alpha: 0.157
Parameters optimization took 1 rounds (0.001 sec)
Wrote distance file to... 
Computing ML distances based on estimated model parameters...
Calculating distance matrix: done in 0.000463009 secs using 99.78% CPU
Computing ML distances took 0.000514 sec (of wall-clock time) 0.000520 sec (of CPU time)
Setting up auxiliary I and S matrices: done in 4.69685e-05 secs using 191.6% CPU
Computing RapidNJ tree took 0.000135 sec (of wall-clock time) 0.000266 sec (of CPU time)
Log-likelihood of RapidNJ tree: -3051.087
--------------------------------------------------------------------
|             INITIALIZING CANDIDATE TREE SET                      |
--------------------------------------------------------------------
Generating 99 parsimony trees... 0.031 second
Computing log-likelihood of 37 initial trees ... 0.014 seconds
Current best score: -3051.085

Do NNI search on 20 best initial trees
Estimate model parameters (epsilon = 0.100)
BETTER TREE FOUND at iteration 1: -3051.085
Iteration 10 / LogL: -3051.088 / Time: 0h:0m:2s
Iteration 20 / LogL: -3051.107 / Time: 0h:0m:2s
Finish initializing candidate tree set (1)
Current best tree score: -3051.085 / CPU time: 0.131
Number of iterations: 20
--------------------------------------------------------------------
|               OPTIMIZING CANDIDATE TREE SET                      |
--------------------------------------------------------------------
Iteration 30 / LogL: -3051.085 / Time: 0h:0m:2s (0h:0m:0s left)
Iteration 40 / LogL: -3051.103 / Time: 0h:0m:2s (0h:0m:0s left)
Iteration 50 / LogL: -3051.103 / Time: 0h:0m:2s (0h:0m:0s left)
Log-likelihood cutoff on original alignment: -3074.048
Iteration 60 / LogL: -3051.085 / Time: 0h:0m:3s (0h:0m:0s left)
Iteration 70 / LogL: -3051.182 / Time: 0h:0m:3s (0h:0m:0s left)
Iteration 80 / LogL: -3051.097 / Time: 0h:0m:3s (0h:0m:0s left)
Iteration 90 / LogL: -3051.099 / Time: 0h:0m:3s (0h:0m:0s left)
Iteration 100 / LogL: -3051.087 / Time: 0h:0m:3s (0h:0m:0s left)
Log-likelihood cutoff on original alignment: -3074.048
NOTE: Bootstrap correlation coefficient of split occurrence frequencies: 1.000
TREE SEARCH COMPLETED AFTER 102 ITERATIONS / Time: 0h:0m:3s

--------------------------------------------------------------------
|                    FINALIZING TREE SEARCH                        |
--------------------------------------------------------------------
Performs final model parameters optimization
Estimate model parameters (epsilon = 0.010)
1. Initial log-likelihood: -3051.085
Optimal log-likelihood: -3051.085
Rate parameters:  A-C: 1.00000  A-G: 11.93423  A-T: 3.45167  C-G: 3.45167  C-T: 11.93423  G-T: 1.00000
Base frequencies:  A: 0.187  C: 0.330  G: 0.301  T: 0.181
Gamma shape alpha: 0.157
Parameters optimization took 1 rounds (0.001 sec)
BEST SCORE FOUND : -3051.085
Creating bootstrap support values...
Split supports printed to NEXUS file per_gene_alignments_codon/LOC101391511_.aln.splits.nex
Total tree length: 0.267

Total number of iterations: 102
CPU time used for tree search: 1.021 sec (0h:0m:1s)
Wall-clock time used for tree search: 0.882 sec (0h:0m:0s)
Total CPU time used: 2.650 sec (0h:0m:2s)
Total wall-clock time used: 3.514 sec (0h:0m:3s)

Computing bootstrap consensus tree...
Reading input file per_gene_alignments_codon/LOC101391511_.aln.splits.nex...
7 taxa and 22 splits.
Consensus tree written to per_gene_alignments_codon/LOC101391511_.aln.contree
Reading input trees file per_gene_alignments_codon/LOC101391511_.aln.contree
Log-likelihood of consensus tree: -3051.087

Analysis results written to: 
  IQ-TREE report:                per_gene_alignments_codon/LOC101391511_.aln.iqtree
  Maximum-likelihood tree:       per_gene_alignments_codon/LOC101391511_.aln.treefile
  Likelihood distances:          per_gene_alignments_codon/LOC101391511_.aln.mldist

Ultrafast bootstrap approximation results written to:
  Split support values:          per_gene_alignments_codon/LOC101391511_.aln.splits.nex
  Consensus tree:                per_gene_alignments_codon/LOC101391511_.aln.contree
  Screen log file:               per_gene_alignments_codon/LOC101391511_.aln.log

Date and Time: Thu Oct 30 21:28:03 2025
