IQ-TREE multicore version 2.3.3 COVID-edition for Linux x86 64-bit built Apr 25 2024
Developed by Bui Quang Minh, James Barbetti, Nguyen Lam Tung, Olga Chernomor,
Heiko Schmidt, Dominik Schrempf, Michael Woodhams, Ly Trong Nhan, Thomas Wong

Host:    morpheus-OptiPlex-5050 (AVX2, FMA3, 503 GB RAM)
Command: iqtree2 -s per_gene_alignments_codon/LOC101393848_.aln.fna -m MFP -T 1 -B 1000 --prefix per_gene_alignments_codon/LOC101393848_.aln
Seed:    717993 (Using SPRNG - Scalable Parallel Random Number Generator)
Time:    Thu Oct 30 21:29:35 2025
Kernel:  AVX+FMA - 1 threads (72 CPU cores detected)

HINT: Use -nt option to specify number of threads because your CPU has 72 cores!
HINT: -nt AUTO will automatically determine the best number of threads to use.

Reading alignment file per_gene_alignments_codon/LOC101393848_.aln.fna ... Fasta format detected
Reading fasta file: done in 0.000494957 secs using 49.9% CPU
Alignment most likely contains DNA/RNA sequences
Alignment has 7 sequences with 1665 columns, 83 distinct patterns
66 parsimony-informative, 141 singleton sites, 1458 constant sites
                     Gap/Ambiguity  Composition  p-value
Analyzing sequences: done in 2.40803e-05 secs using 95.51% CPU
   1  Ceratotherium_simum    0.00%    passed     99.85%
   2  Diceros_bicornis       0.00%    passed     99.85%
   3  Equus_asinus           0.00%    passed     99.65%
   4  Equus_quagga           0.00%    passed     99.53%
   5  Equus_caballus         0.00%    passed     99.82%
   6  Canis_lupus            6.85%    passed     99.50%
   7  Bos_taurus             2.88%    passed     80.62%
****  TOTAL                  1.39%  0 sequences failed composition chi2 test (p-value<5%; df=3)


Create initial parsimony tree by phylogenetic likelihood library (PLL)... 0.000 seconds
Perform fast likelihood tree search using GTR+I+G model...
Estimate model parameters (epsilon = 5.000)
Perform nearest neighbor interchange...
Estimate model parameters (epsilon = 1.000)
1. Initial log-likelihood: -3405.660
Optimal log-likelihood: -3405.660
Rate parameters:  A-C: 4.07306  A-G: 12.26132  A-T: 1.73141  C-G: 3.17804  C-T: 14.16555  G-T: 1.00000
Base frequencies:  A: 0.323  C: 0.173  G: 0.236  T: 0.267
Proportion of invariable sites: 0.437
Gamma shape alpha: 3.708
Parameters optimization took 1 rounds (0.001 sec)
Time for fast ML tree search: 0.087 seconds

NOTE: ModelFinder requires 0 MB RAM!
ModelFinder will test up to 484 DNA models (sample size: 1665) ...
 No. Model         -LnL         df  AIC          AICc         BIC
  1  GTR+F         3408.391     19  6854.782     6855.244     6957.716
  2  GTR+F+I       3405.809     20  6851.619     6852.130     6959.971
  3  GTR+F+G4      3405.592     20  6851.183     6851.694     6959.535
  4  GTR+F+I+G4    3405.645     21  6853.290     6853.853     6967.059
  5  GTR+F+R2      3406.304     21  6854.608     6855.171     6968.377
  6  GTR+F+R3      3405.846     23  6857.692     6858.365     6982.296
 14  GTR+F+I+R2    3405.959     22  6855.917     6856.534     6975.104
 15  GTR+F+I+R3    3405.843     24  6859.687     6860.418     6989.709
 23  SYM           3449.858     16  6931.717     6932.047     7018.398
 24  SYM+I         3447.889     17  6929.778     6930.150     7021.877
 25  SYM+G4        3447.660     17  6929.320     6929.691     7021.419
 26  SYM+I+G4      3447.824     18  6931.648     6932.064     7029.164
 45  TVM+F         3408.654     18  6853.307     6853.723     6950.824
 46  TVM+F+I       3406.100     19  6850.201     6850.663     6953.135
 47  TVM+F+G4      3405.857     19  6849.714     6850.176     6952.648
 48  TVM+F+I+G4    3405.980     20  6851.960     6852.470     6960.311
 67  TVMe          3450.247     15  6930.495     6930.786     7011.758
 68  TVMe+I        3448.255     16  6928.511     6928.841     7015.192
 69  TVMe+G4       3448.034     16  6928.068     6928.398     7014.749
 70  TVMe+I+G4     3448.190     17  6930.380     6930.752     7022.479
 89  TIM3+F        3409.142     17  6852.283     6852.655     6944.382
 90  TIM3+F+I      3406.523     18  6849.047     6849.462     6946.563
 91  TIM3+F+G4     3406.306     18  6848.613     6849.028     6946.129
 92  TIM3+F+I+G4   3406.388     19  6850.776     6851.238     6953.710
111  TIM3e         3451.335     14  6930.670     6930.925     7006.516
112  TIM3e+I       3449.420     15  6928.839     6929.131     7010.103
113  TIM3e+G4      3449.194     15  6928.389     6928.680     7009.652
114  TIM3e+I+G4    3449.365     16  6930.731     6931.061     7017.412
133  TIM2+F        3413.256     17  6860.511     6860.883     6952.610
134  TIM2+F+I      3410.933     18  6857.866     6858.281     6955.382
135  TIM2+F+G4     3410.719     18  6857.438     6857.854     6954.955
136  TIM2+F+I+G4   3410.829     19  6859.658     6860.120     6962.592
155  TIM2e         3452.145     14  6932.290     6932.544     7008.136
156  TIM2e+I       3450.218     15  6930.435     6930.726     7011.699
157  TIM2e+G4      3450.000     15  6930.001     6930.292     7011.264
158  TIM2e+I+G4    3450.160     16  6932.321     6932.651     7019.002
177  TIM+F         3413.857     17  6861.713     6862.085     6953.812
178  TIM+F+I       3411.495     18  6858.989     6859.405     6956.506
179  TIM+F+G4      3411.278     18  6858.555     6858.971     6956.071
180  TIM+F+I+G4    3411.385     19  6860.769     6861.231     6963.703
199  TIMe          3453.593     14  6935.186     6935.441     7011.033
200  TIMe+I        3451.711     15  6933.423     6933.714     7014.687
201  TIMe+G4       3451.493     15  6932.986     6933.277     7014.250
202  TIMe+I+G4     3451.658     16  6935.315     6935.645     7021.996
221  TPM3u+F       3409.407     16  6850.814     6851.144     6937.495
222  TPM3u+F+I     3406.837     17  6847.673     6848.045     6939.772
223  TPM3u+F+G4    3406.596     17  6847.192     6847.563     6939.291
224  TPM3u+F+I+G4  3406.694     18  6849.388     6849.803     6946.904
243  TPM3          3451.729     13  6929.458     6929.679     6999.887
244  TPM3+I        3449.782     14  6927.563     6927.818     7003.409
245  TPM3+G4       3449.564     14  6927.128     6927.382     7002.974
246  TPM3+I+G4     3449.725     15  6929.450     6929.742     7010.714
265  TPM2u+F       3413.513     16  6859.026     6859.356     6945.707
266  TPM2u+F+I     3411.218     17  6856.437     6856.809     6948.536
267  TPM2u+F+G4    3410.997     17  6855.994     6856.366     6948.093
268  TPM2u+F+I+G4  3411.112     18  6858.223     6858.639     6955.740
287  TPM2          3452.546     13  6931.092     6931.312     7001.520
288  TPM2+I        3450.583     14  6929.167     6929.421     7005.013
289  TPM2+G4       3450.371     14  6928.742     6928.996     7004.588
290  TPM2+I+G4     3450.521     15  6931.042     6931.333     7012.306
309  K3Pu+F        3414.112     16  6860.224     6860.554     6946.905
310  K3Pu+F+I      3411.776     17  6857.551     6857.923     6949.650
311  K3Pu+F+G4     3411.548     17  6857.095     6857.467     6949.194
312  K3Pu+F+I+G4   3411.664     18  6859.329     6859.744     6956.845
331  K3P           3453.994     13  6933.987     6934.208     7004.416
332  K3P+I         3452.071     14  6932.143     6932.397     7007.989
333  K3P+G4        3451.858     14  6931.715     6931.970     7007.561
334  K3P+I+G4      3452.013     15  6934.025     6934.316     7015.289
353  TN+F          3413.962     16  6859.924     6860.254     6946.606
354  TN+F+I        3411.623     17  6857.245     6857.617     6949.344
355  TN+F+G4       3411.405     17  6856.809     6857.181     6948.908
356  TN+F+I+G4     3411.517     18  6859.034     6859.449     6956.550
375  TNe           3453.609     13  6933.219     6933.439     7003.647
376  TNe+I         3451.729     14  6931.458     6931.712     7007.304
377  TNe+G4        3451.509     14  6931.017     6931.272     7006.863
378  TNe+I+G4      3451.676     15  6933.351     6933.642     7014.615
397  HKY+F         3414.221     15  6858.442     6858.733     6939.705
398  HKY+F+I       3411.907     16  6855.814     6856.144     6942.495
399  HKY+F+G4      3411.678     16  6855.357     6855.687     6942.038
400  HKY+F+I+G4    3411.798     17  6857.596     6857.968     6949.695
419  K2P           3454.010     12  6932.021     6932.210     6997.032
420  K2P+I         3452.089     13  6930.179     6930.399     7000.607
421  K2P+G4        3451.874     13  6929.749     6929.969     7000.177
422  K2P+I+G4      3452.031     14  6932.062     6932.317     7007.909
441  F81+F         3481.299     14  6990.598     6990.852     7066.444
442  F81+F+I       3480.445     15  6990.890     6991.181     7072.154
443  F81+F+G4      3480.263     15  6990.525     6990.816     7071.789
444  F81+F+I+G4    3480.679     16  6993.357     6993.687     7080.039
463  JC            3520.466     11  7062.932     7063.091     7122.525
464  JC+I          3519.698     12  7063.397     7063.585     7128.408
465  JC+G4         3519.521     12  7063.043     7063.232     7128.054
466  JC+I+G4       3519.988     13  7065.976     7066.196     7136.405
Akaike Information Criterion:           TPM3u+F+G4
Corrected Akaike Information Criterion: TPM3u+F+G4
Bayesian Information Criterion:         TPM3u+F
Best-fit model: TPM3u+F chosen according to BIC

All model information printed to per_gene_alignments_codon/LOC101393848_.aln.model.gz
CPU time for ModelFinder: 0.352 seconds (0h:0m:0s)
Wall-clock time for ModelFinder: 1.272 seconds (0h:0m:1s)
Generating 1000 samples for ultrafast bootstrap (seed: 717993)...

NOTE: 0 MB RAM (0 GB) is required!
Estimate model parameters (epsilon = 0.100)
1. Initial log-likelihood: -3409.407
Optimal log-likelihood: -3409.406
Rate parameters:  A-C: 2.29214  A-G: 7.83045  A-T: 1.00000  C-G: 2.29214  C-T: 7.83045  G-T: 1.00000
Base frequencies:  A: 0.323  C: 0.173  G: 0.236  T: 0.267
Parameters optimization took 1 rounds (0.001 sec)
Wrote distance file to... 
Computing ML distances based on estimated model parameters...
Calculating distance matrix: done in 0.000187874 secs using 99.53% CPU
Computing ML distances took 0.000237 sec (of wall-clock time) 0.000241 sec (of CPU time)
Setting up auxiliary I and S matrices: done in 4.79221e-05 secs using 133.5% CPU
Computing RapidNJ tree took 0.000130 sec (of wall-clock time) 0.000198 sec (of CPU time)
Log-likelihood of RapidNJ tree: -3409.408
--------------------------------------------------------------------
|             INITIALIZING CANDIDATE TREE SET                      |
--------------------------------------------------------------------
Generating 99 parsimony trees... 0.099 second
Computing log-likelihood of 40 initial trees ... 0.041 seconds
Current best score: -3409.406

Do NNI search on 20 best initial trees
Estimate model parameters (epsilon = 0.100)
BETTER TREE FOUND at iteration 1: -3409.405
Iteration 10 / LogL: -3409.408 / Time: 0h:0m:1s
Iteration 20 / LogL: -3409.437 / Time: 0h:0m:1s
Finish initializing candidate tree set (1)
Current best tree score: -3409.405 / CPU time: 0.256
Number of iterations: 20
--------------------------------------------------------------------
|               OPTIMIZING CANDIDATE TREE SET                      |
--------------------------------------------------------------------
UPDATE BEST LOG-LIKELIHOOD: -3409.405
Iteration 30 / LogL: -3409.405 / Time: 0h:0m:1s (0h:0m:1s left)
Iteration 40 / LogL: -3409.405 / Time: 0h:0m:1s (0h:0m:0s left)
Iteration 50 / LogL: -3409.408 / Time: 0h:0m:1s (0h:0m:0s left)
Log-likelihood cutoff on original alignment: -3426.142
Iteration 60 / LogL: -3409.419 / Time: 0h:0m:2s (0h:0m:0s left)
Iteration 70 / LogL: -3409.405 / Time: 0h:0m:2s (0h:0m:0s left)
Iteration 80 / LogL: -3409.408 / Time: 0h:0m:2s (0h:0m:0s left)
Iteration 90 / LogL: -3409.405 / Time: 0h:0m:2s (0h:0m:0s left)
Iteration 100 / LogL: -3409.405 / Time: 0h:0m:2s (0h:0m:0s left)
Log-likelihood cutoff on original alignment: -3426.142
NOTE: Bootstrap correlation coefficient of split occurrence frequencies: 0.999
TREE SEARCH COMPLETED AFTER 102 ITERATIONS / Time: 0h:0m:2s

--------------------------------------------------------------------
|                    FINALIZING TREE SEARCH                        |
--------------------------------------------------------------------
Performs final model parameters optimization
Estimate model parameters (epsilon = 0.010)
1. Initial log-likelihood: -3409.405
Optimal log-likelihood: -3409.405
Rate parameters:  A-C: 2.29526  A-G: 7.85494  A-T: 1.00000  C-G: 2.29526  C-T: 7.85494  G-T: 1.00000
Base frequencies:  A: 0.323  C: 0.173  G: 0.236  T: 0.267
Parameters optimization took 1 rounds (0.000 sec)
BEST SCORE FOUND : -3409.405
Creating bootstrap support values...
Split supports printed to NEXUS file per_gene_alignments_codon/LOC101393848_.aln.splits.nex
Total tree length: 0.142

Total number of iterations: 102
CPU time used for tree search: 1.018 sec (0h:0m:1s)
Wall-clock time used for tree search: 1.302 sec (0h:0m:1s)
Total CPU time used: 1.430 sec (0h:0m:1s)
Total wall-clock time used: 2.664 sec (0h:0m:2s)

Computing bootstrap consensus tree...
Reading input file per_gene_alignments_codon/LOC101393848_.aln.splits.nex...
7 taxa and 15 splits.
Consensus tree written to per_gene_alignments_codon/LOC101393848_.aln.contree
Reading input trees file per_gene_alignments_codon/LOC101393848_.aln.contree
Log-likelihood of consensus tree: -3409.407

Analysis results written to: 
  IQ-TREE report:                per_gene_alignments_codon/LOC101393848_.aln.iqtree
  Maximum-likelihood tree:       per_gene_alignments_codon/LOC101393848_.aln.treefile
  Likelihood distances:          per_gene_alignments_codon/LOC101393848_.aln.mldist

Ultrafast bootstrap approximation results written to:
  Split support values:          per_gene_alignments_codon/LOC101393848_.aln.splits.nex
  Consensus tree:                per_gene_alignments_codon/LOC101393848_.aln.contree
  Screen log file:               per_gene_alignments_codon/LOC101393848_.aln.log

Date and Time: Thu Oct 30 21:29:38 2025
