IQ-TREE multicore version 2.3.3 COVID-edition for Linux x86 64-bit built Apr 25 2024
Developed by Bui Quang Minh, James Barbetti, Nguyen Lam Tung, Olga Chernomor,
Heiko Schmidt, Dominik Schrempf, Michael Woodhams, Ly Trong Nhan, Thomas Wong

Host:    morpheus-OptiPlex-5050 (AVX2, FMA3, 503 GB RAM)
Command: iqtree2 -s per_gene_alignments_codon/LOC101402238_.aln.fna -m MFP -T 1 -B 1000 --prefix per_gene_alignments_codon/LOC101402238_.aln
Seed:    704954 (Using SPRNG - Scalable Parallel Random Number Generator)
Time:    Thu Oct 30 21:35:19 2025
Kernel:  AVX+FMA - 1 threads (72 CPU cores detected)

HINT: Use -nt option to specify number of threads because your CPU has 72 cores!
HINT: -nt AUTO will automatically determine the best number of threads to use.

Reading alignment file per_gene_alignments_codon/LOC101402238_.aln.fna ... Fasta format detected
Reading fasta file: done in 0.000694036 secs using 66.42% CPU
Alignment most likely contains DNA/RNA sequences
Alignment has 7 sequences with 2514 columns, 70 distinct patterns
64 parsimony-informative, 76 singleton sites, 2374 constant sites
                     Gap/Ambiguity  Composition  p-value
Analyzing sequences: done in 2.09808e-05 secs
   1  Ceratotherium_simum    0.00%    passed    100.00%
   2  Diceros_bicornis       4.77%    passed     86.86%
   3  Equus_asinus           0.00%    passed     98.93%
   4  Equus_quagga           0.00%    passed     99.24%
   5  Equus_caballus         0.00%    passed     99.24%
   6  Canis_lupus            0.00%    passed     99.97%
   7  Bos_taurus             0.00%    passed     99.81%
****  TOTAL                  0.68%  0 sequences failed composition chi2 test (p-value<5%; df=3)


Create initial parsimony tree by phylogenetic likelihood library (PLL)... 0.000 seconds
Perform fast likelihood tree search using GTR+I+G model...
Estimate model parameters (epsilon = 5.000)
Perform nearest neighbor interchange...
Estimate model parameters (epsilon = 1.000)
1. Initial log-likelihood: -4388.412
Optimal log-likelihood: -4388.397
Rate parameters:  A-C: 3.51541  A-G: 8.68247  A-T: 0.93237  C-G: 1.89618  C-T: 22.49087  G-T: 1.00000
Base frequencies:  A: 0.303  C: 0.194  G: 0.240  T: 0.262
Proportion of invariable sites: 0.470
Gamma shape alpha: 0.207
Parameters optimization took 1 rounds (0.003 sec)
Time for fast ML tree search: 0.056 seconds

NOTE: ModelFinder requires 0 MB RAM!
ModelFinder will test up to 484 DNA models (sample size: 2514) ...
 No. Model         -LnL         df  AIC          AICc         BIC
  1  GTR+F         4406.717     19  8851.433     8851.738     8962.196
  2  GTR+F+I       4388.391     20  8816.782     8817.119     8933.375
  3  GTR+F+G4      4389.820     20  8819.640     8819.977     8936.232
  4  GTR+F+I+G4    4388.391     21  8818.782     8819.152     8941.204
  5  GTR+F+R2      4400.111     21  8842.221     8842.592     8964.643
  6  GTR+F+R3      4389.303     23  8824.607     8825.050     8958.688
  7  GTR+F+R4      4388.993     25  8827.986     8828.509     8973.727
 14  GTR+F+I+R2    4389.585     22  8823.171     8823.577     8951.423
 15  GTR+F+I+R3    4388.599     24  8825.198     8825.680     8965.109
 24  SYM+I         4421.217     17  8876.434     8876.680     8975.538
 25  SYM+G4        4423.077     17  8880.155     8880.400     8979.258
 26  SYM+I+G4      4421.254     18  8878.508     8878.782     8983.441
 46  TVM+F+I       4397.764     19  8833.527     8833.832     8944.290
 47  TVM+F+G4      4400.039     19  8838.077     8838.382     8948.840
 48  TVM+F+I+G4    4397.802     20  8835.604     8835.940     8952.196
 68  TVMe+I        4427.109     16  8886.218     8886.436     8979.492
 69  TVMe+G4       4429.435     16  8890.871     8891.089     8984.145
 70  TVMe+I+G4     4427.153     17  8888.307     8888.552     8987.410
 90  TIM3+F+I      4389.157     18  8814.313     8814.588     8919.247
 91  TIM3+F+G4     4390.606     18  8817.212     8817.486     8922.145
 92  TIM3+F+I+G4   4389.142     19  8816.284     8816.589     8927.047
112  TIM3e+I       4422.454     15  8874.908     8875.100     8962.353
113  TIM3e+G4      4424.295     15  8878.589     8878.781     8966.034
114  TIM3e+I+G4    4422.481     16  8876.962     8877.180     8970.236
134  TIM2+F+I      4392.172     18  8820.344     8820.618     8925.277
135  TIM2+F+G4     4393.769     18  8823.539     8823.813     8928.472
136  TIM2+F+I+G4   4392.195     19  8822.390     8822.695     8933.153
156  TIM2e+I       4423.667     15  8877.333     8877.525     8964.778
157  TIM2e+G4      4425.676     15  8881.351     8881.543     8968.796
158  TIM2e+I+G4    4423.708     16  8879.417     8879.635     8972.691
178  TIM+F+I       4392.141     18  8820.282     8820.557     8925.216
179  TIM+F+G4      4393.764     18  8823.527     8823.801     8928.460
180  TIM+F+I+G4    4392.174     19  8822.348     8822.653     8933.111
200  TIMe+I        4424.209     15  8878.418     8878.610     8965.862
201  TIMe+G4       4426.238     15  8882.476     8882.668     8969.921
202  TIMe+I+G4     4424.258     16  8880.517     8880.734     8973.791
222  TPM3u+F+I     4398.542     17  8831.083     8831.328     8930.187
223  TPM3u+F+G4    4400.831     17  8835.662     8835.907     8934.765
224  TPM3u+F+I+G4  4398.576     18  8833.152     8833.426     8938.086
244  TPM3+I        4428.409     14  8884.818     8884.986     8966.432
245  TPM3+G4       4430.690     14  8889.381     8889.549     8970.996
246  TPM3+I+G4     4428.451     15  8886.903     8887.095     8974.347
266  TPM2u+F+I     4401.397     17  8836.794     8837.039     8935.897
267  TPM2u+F+G4    4403.886     17  8841.771     8842.016     8940.875
268  TPM2u+F+I+G4  4401.422     18  8838.843     8839.117     8943.777
288  TPM2+I        4429.570     14  8887.139     8887.308     8968.754
289  TPM2+G4       4432.040     14  8892.079     8892.247     8973.694
290  TPM2+I+G4     4429.613     15  8889.226     8889.419     8976.671
310  K3Pu+F+I      4401.278     17  8836.555     8836.800     8935.659
311  K3Pu+F+G4     4403.840     17  8841.681     8841.926     8940.785
312  K3Pu+F+I+G4   4401.321     18  8838.643     8838.917     8943.576
332  K3P+I         4430.126     14  8888.252     8888.420     8969.867
333  K3P+G4        4432.622     14  8893.245     8893.413     8974.859
334  K3P+I+G4      4430.174     15  8890.348     8890.540     8977.792
354  TN+F+I        4392.802     17  8819.604     8819.849     8918.707
355  TN+F+G4       4394.413     17  8822.826     8823.071     8921.929
356  TN+F+I+G4     4392.826     18  8821.651     8821.926     8926.585
376  TNe+I         4424.768     14  8877.537     8877.705     8959.151
377  TNe+G4        4426.771     14  8881.542     8881.710     8963.157
378  TNe+I+G4      4424.812     15  8879.624     8879.816     8967.069
398  HKY+F+I       4401.988     16  8835.976     8836.194     8929.250
399  HKY+F+G4      4404.518     16  8841.036     8841.254     8934.310
400  HKY+F+I+G4    4402.023     17  8838.046     8838.291     8937.150
420  K2P+I         4430.712     13  8887.425     8887.571     8963.210
421  K2P+G4        4433.167     13  8892.335     8892.480     8968.120
422  K2P+I+G4      4430.755     14  8889.509     8889.677     8971.124
442  F81+F+I       4472.495     15  8974.989     8975.182     9062.434
443  F81+F+G4      4473.277     15  8976.554     8976.746     9063.998
444  F81+F+I+G4    4472.624     16  8977.248     8977.465     9070.522
464  JC+I          4500.386     12  9024.772     9024.896     9094.727
465  JC+G4         4501.330     12  9026.659     9026.784     9096.615
466  JC+I+G4       4500.509     13  9027.018     9027.164     9102.803
Akaike Information Criterion:           TIM3+F+I
Corrected Akaike Information Criterion: TIM3+F+I
Bayesian Information Criterion:         TN+F+I
Best-fit model: TN+F+I chosen according to BIC

All model information printed to per_gene_alignments_codon/LOC101402238_.aln.model.gz
CPU time for ModelFinder: 0.570 seconds (0h:0m:0s)
Wall-clock time for ModelFinder: 1.345 seconds (0h:0m:1s)
Generating 1000 samples for ultrafast bootstrap (seed: 704954)...

NOTE: 0 MB RAM (0 GB) is required!
Estimate model parameters (epsilon = 0.100)
1. Initial log-likelihood: -4392.802
Optimal log-likelihood: -4392.801
Rate parameters:  A-C: 1.00000  A-G: 5.02238  A-T: 1.00000  C-G: 1.00000  C-T: 12.72981  G-T: 1.00000
Base frequencies:  A: 0.303  C: 0.194  G: 0.240  T: 0.262
Proportion of invariable sites: 0.833
Parameters optimization took 1 rounds (0.001 sec)
Wrote distance file to... 
Computing ML distances based on estimated model parameters...
Calculating distance matrix: done in 0.00018096 secs using 99.47% CPU
Computing ML distances took 0.000225 sec (of wall-clock time) 0.000230 sec (of CPU time)
Setting up auxiliary I and S matrices: done in 4.50611e-05 secs using 95.43% CPU
Computing RapidNJ tree took 0.000141 sec (of wall-clock time) 0.000140 sec (of CPU time)
Log-likelihood of RapidNJ tree: -4392.805
--------------------------------------------------------------------
|             INITIALIZING CANDIDATE TREE SET                      |
--------------------------------------------------------------------
Generating 99 parsimony trees... 0.081 second
Computing log-likelihood of 52 initial trees ... 0.051 seconds
Current best score: -4392.801

Do NNI search on 20 best initial trees
Estimate model parameters (epsilon = 0.100)
BETTER TREE FOUND at iteration 1: -4392.801
UPDATE BEST LOG-LIKELIHOOD: -4392.801
Iteration 10 / LogL: -4408.889 / Time: 0h:0m:1s
Iteration 20 / LogL: -4392.801 / Time: 0h:0m:1s
Finish initializing candidate tree set (5)
Current best tree score: -4392.801 / CPU time: 0.298
Number of iterations: 20
--------------------------------------------------------------------
|               OPTIMIZING CANDIDATE TREE SET                      |
--------------------------------------------------------------------
UPDATE BEST LOG-LIKELIHOOD: -4392.801
UPDATE BEST LOG-LIKELIHOOD: -4392.801
UPDATE BEST LOG-LIKELIHOOD: -4392.801
Iteration 30 / LogL: -4436.224 / Time: 0h:0m:1s (0h:0m:1s left)
UPDATE BEST LOG-LIKELIHOOD: -4392.801
Iteration 40 / LogL: -4432.356 / Time: 0h:0m:2s (0h:0m:1s left)
Iteration 50 / LogL: -4392.801 / Time: 0h:0m:2s (0h:0m:0s left)
Log-likelihood cutoff on original alignment: -4409.576
Iteration 60 / LogL: -4408.889 / Time: 0h:0m:2s (0h:0m:0s left)
Iteration 70 / LogL: -4408.892 / Time: 0h:0m:2s (0h:0m:0s left)
Iteration 80 / LogL: -4392.801 / Time: 0h:0m:2s (0h:0m:0s left)
Iteration 90 / LogL: -4392.805 / Time: 0h:0m:3s (0h:0m:0s left)
Iteration 100 / LogL: -4392.801 / Time: 0h:0m:3s (0h:0m:0s left)
Log-likelihood cutoff on original alignment: -4409.104
NOTE: Bootstrap correlation coefficient of split occurrence frequencies: 0.999
TREE SEARCH COMPLETED AFTER 102 ITERATIONS / Time: 0h:0m:3s

--------------------------------------------------------------------
|                    FINALIZING TREE SEARCH                        |
--------------------------------------------------------------------
Performs final model parameters optimization
Estimate model parameters (epsilon = 0.010)
1. Initial log-likelihood: -4392.801
Optimal log-likelihood: -4392.801
Rate parameters:  A-C: 1.00000  A-G: 5.03143  A-T: 1.00000  C-G: 1.00000  C-T: 12.76523  G-T: 1.00000
Base frequencies:  A: 0.303  C: 0.194  G: 0.240  T: 0.262
Proportion of invariable sites: 0.833
Parameters optimization took 1 rounds (0.001 sec)
BEST SCORE FOUND : -4392.801
Creating bootstrap support values...
Split supports printed to NEXUS file per_gene_alignments_codon/LOC101402238_.aln.splits.nex
Total tree length: 0.072

Total number of iterations: 102
CPU time used for tree search: 0.934 sec (0h:0m:0s)
Wall-clock time used for tree search: 1.920 sec (0h:0m:1s)
Total CPU time used: 1.556 sec (0h:0m:1s)
Total wall-clock time used: 3.413 sec (0h:0m:3s)

Computing bootstrap consensus tree...
Reading input file per_gene_alignments_codon/LOC101402238_.aln.splits.nex...
7 taxa and 18 splits.
Consensus tree written to per_gene_alignments_codon/LOC101402238_.aln.contree
Reading input trees file per_gene_alignments_codon/LOC101402238_.aln.contree
Log-likelihood of consensus tree: -4392.805

Analysis results written to: 
  IQ-TREE report:                per_gene_alignments_codon/LOC101402238_.aln.iqtree
  Maximum-likelihood tree:       per_gene_alignments_codon/LOC101402238_.aln.treefile
  Likelihood distances:          per_gene_alignments_codon/LOC101402238_.aln.mldist

Ultrafast bootstrap approximation results written to:
  Split support values:          per_gene_alignments_codon/LOC101402238_.aln.splits.nex
  Consensus tree:                per_gene_alignments_codon/LOC101402238_.aln.contree
  Screen log file:               per_gene_alignments_codon/LOC101402238_.aln.log

Date and Time: Thu Oct 30 21:35:23 2025
