IQ-TREE multicore version 2.3.3 COVID-edition for Linux x86 64-bit built Apr 25 2024
Developed by Bui Quang Minh, James Barbetti, Nguyen Lam Tung, Olga Chernomor,
Heiko Schmidt, Dominik Schrempf, Michael Woodhams, Ly Trong Nhan, Thomas Wong

Host:    morpheus-OptiPlex-5050 (AVX2, FMA3, 503 GB RAM)
Command: iqtree2 -s per_gene_alignments_codon/LOC101402688_.aln.fna -m MFP -T 1 -B 1000 --prefix per_gene_alignments_codon/LOC101402688_.aln
Seed:    755458 (Using SPRNG - Scalable Parallel Random Number Generator)
Time:    Thu Oct 30 21:35:38 2025
Kernel:  AVX+FMA - 1 threads (72 CPU cores detected)

HINT: Use -nt option to specify number of threads because your CPU has 72 cores!
HINT: -nt AUTO will automatically determine the best number of threads to use.

Reading alignment file per_gene_alignments_codon/LOC101402688_.aln.fna ... Fasta format detected
Reading fasta file: done in 0.000564814 secs
Alignment most likely contains DNA/RNA sequences
Alignment has 7 sequences with 1956 columns, 99 distinct patterns
102 parsimony-informative, 180 singleton sites, 1674 constant sites
                     Gap/Ambiguity  Composition  p-value
Analyzing sequences: done in 1.5974e-05 secs
   1  Ceratotherium_simum    0.00%    passed     98.22%
   2  Diceros_bicornis       0.00%    passed     96.90%
   3  Equus_asinus           0.00%    passed     99.57%
   4  Equus_quagga           0.00%    passed     98.70%
   5  Equus_caballus         0.00%    passed     98.62%
   6  Canis_lupus            0.00%    passed     75.53%
   7  Bos_taurus             0.31%    passed     93.06%
****  TOTAL                  0.04%  0 sequences failed composition chi2 test (p-value<5%; df=3)


Create initial parsimony tree by phylogenetic likelihood library (PLL)... 0.000 seconds
Perform fast likelihood tree search using GTR+I+G model...
Estimate model parameters (epsilon = 5.000)
Perform nearest neighbor interchange...
Estimate model parameters (epsilon = 1.000)
1. Initial log-likelihood: -4371.348
Optimal log-likelihood: -4371.347
Rate parameters:  A-C: 3.22064  A-G: 7.02894  A-T: 0.69374  C-G: 7.19851  C-T: 8.64287  G-T: 1.00000
Base frequencies:  A: 0.287  C: 0.185  G: 0.270  T: 0.258
Proportion of invariable sites: 0.426
Gamma shape alpha: 2.203
Parameters optimization took 1 rounds (0.038 sec)
Time for fast ML tree search: 0.105 seconds

NOTE: ModelFinder requires 0 MB RAM!
ModelFinder will test up to 484 DNA models (sample size: 1956) ...
 No. Model         -LnL         df  AIC          AICc         BIC
  1  GTR+F         4381.869     19  8801.738     8802.131     8907.733
  2  GTR+F+I       4371.999     20  8783.997     8784.431     8895.571
  3  GTR+F+G4      4371.207     20  8782.414     8782.848     8893.987
  4  GTR+F+I+G4    4371.347     21  8784.694     8785.172     8901.846
  5  GTR+F+R2      4372.269     21  8786.538     8787.016     8903.690
  6  GTR+F+R3      4371.458     23  8788.916     8789.487     8917.225
 14  GTR+F+I+R2    4371.612     22  8787.224     8787.747     8909.954
 15  GTR+F+I+R3    4371.414     24  8790.828     8791.449     8924.715
 24  SYM+I         4398.488     17  8830.976     8831.292     8925.813
 25  SYM+G4        4397.733     17  8829.467     8829.782     8924.304
 26  SYM+I+G4      4397.861     18  8831.722     8832.075     8932.138
 27  SYM+R2        4398.854     18  8833.708     8834.061     8934.124
 46  TVM+F+I       4372.763     19  8783.527     8783.919     8889.521
 47  TVM+F+G4      4371.948     19  8781.897     8782.290     8887.891
 48  TVM+F+I+G4    4372.091     20  8784.181     8784.615     8895.754
 49  TVM+F+R2      4373.089     20  8786.177     8786.611     8897.750
 68  TVMe+I        4398.636     16  8829.272     8829.552     8918.530
 69  TVMe+G4       4397.889     16  8827.777     8828.058     8917.036
 70  TVMe+I+G4     4398.035     17  8830.070     8830.386     8924.907
 71  TVMe+R2       4399.007     17  8832.013     8832.329     8926.850
 90  TIM3+F+I      4378.706     18  8793.412     8793.765     8893.828
 91  TIM3+F+G4     4378.015     18  8792.030     8792.383     8892.445
 92  TIM3+F+I+G4   4378.156     19  8794.312     8794.704     8900.306
 93  TIM3+F+R2     4379.035     19  8796.070     8796.463     8902.065
112  TIM3e+I       4404.665     15  8839.330     8839.577     8923.009
113  TIM3e+G4      4404.004     15  8838.008     8838.255     8921.688
114  TIM3e+I+G4    4404.140     16  8840.280     8840.560     8929.538
115  TIM3e+R2      4405.015     16  8842.029     8842.310     8931.288
134  TIM2+F+I      4405.931     18  8847.863     8848.216     8948.279
135  TIM2+F+G4     4405.273     18  8846.545     8846.898     8946.961
136  TIM2+F+I+G4   4405.381     19  8848.761     8849.154     8954.756
137  TIM2+F+R2     4406.324     19  8850.648     8851.041     8956.643
156  TIM2e+I       4423.501     15  8877.001     8877.249     8960.681
157  TIM2e+G4      4422.847     15  8875.693     8875.941     8959.373
158  TIM2e+I+G4    4422.928     16  8877.855     8878.136     8967.114
159  TIM2e+R2      4423.877     16  8879.754     8880.034     8969.012
178  TIM+F+I       4409.814     18  8855.627     8855.980     8956.043
179  TIM+F+G4      4409.173     18  8854.345     8854.699     8954.761
180  TIM+F+I+G4    4409.288     19  8856.577     8856.969     8962.571
181  TIM+F+R2      4410.203     19  8858.406     8858.798     8964.400
200  TIMe+I        4426.678     15  8883.356     8883.603     8967.036
201  TIMe+G4       4426.042     15  8882.084     8882.331     8965.763
202  TIMe+I+G4     4426.129     16  8884.257     8884.538     8973.516
203  TIMe+R2       4427.057     16  8886.113     8886.394     8975.372
222  TPM3u+F+I     4379.513     17  8793.026     8793.341     8887.863
223  TPM3u+F+G4    4378.800     17  8791.599     8791.915     8886.437
224  TPM3u+F+I+G4  4378.957     18  8793.914     8794.267     8894.330
225  TPM3u+F+R2    4379.813     18  8795.625     8795.979     8896.041
244  TPM3+I        4404.797     14  8837.595     8837.811     8915.696
245  TPM3+G4       4404.144     14  8836.289     8836.505     8914.390
246  TPM3+I+G4     4404.276     15  8838.553     8838.800     8922.233
247  TPM3+R2       4405.154     15  8840.307     8840.555     8923.987
266  TPM2u+F+I     4406.437     17  8846.875     8847.190     8941.712
267  TPM2u+F+G4    4405.767     17  8845.534     8845.850     8940.372
268  TPM2u+F+I+G4  4405.879     18  8847.757     8848.110     8948.173
269  TPM2u+F+R2    4406.820     18  8849.639     8849.992     8950.055
288  TPM2+I        4423.700     14  8875.399     8875.615     8953.500
289  TPM2+G4       4423.059     14  8874.118     8874.334     8952.219
290  TPM2+I+G4     4423.134     15  8876.268     8876.516     8959.948
291  TPM2+R2       4424.095     15  8878.190     8878.438     8961.870
310  K3Pu+F+I      4410.356     17  8854.711     8855.027     8949.548
311  K3Pu+F+G4     4409.705     17  8853.409     8853.725     8948.247
312  K3Pu+F+I+G4   4409.825     18  8855.650     8856.003     8956.066
313  K3Pu+F+R2     4410.731     18  8857.463     8857.816     8957.879
332  K3P+I         4426.863     14  8881.725     8881.942     8959.826
333  K3P+G4        4426.235     14  8880.469     8880.685     8958.570
334  K3P+I+G4      4426.316     15  8882.631     8882.878     8966.311
335  K3P+R2        4427.258     15  8884.516     8884.763     8968.196
354  TN+F+I        4412.282     17  8858.564     8858.880     8953.402
355  TN+F+G4       4411.694     17  8857.388     8857.704     8952.225
356  TN+F+I+G4     4411.810     18  8859.621     8859.974     8960.037
357  TN+F+R2       4412.655     18  8861.310     8861.663     8961.725
376  TNe+I         4429.297     14  8886.594     8886.811     8964.696
377  TNe+G4        4428.712     14  8885.424     8885.640     8963.525
378  TNe+I+G4      4428.801     15  8887.602     8887.849     8971.282
379  TNe+R2        4429.662     15  8889.324     8889.572     8973.004
398  HKY+F+I       4412.825     16  8857.650     8857.930     8946.908
399  HKY+F+G4      4412.227     16  8856.455     8856.735     8945.713
400  HKY+F+I+G4    4412.349     17  8858.697     8859.013     8953.534
401  HKY+F+R2      4413.185     17  8860.369     8860.685     8955.206
420  K2P+I         4429.482     13  8884.965     8885.152     8957.488
421  K2P+G4        4428.906     13  8883.811     8883.999     8956.334
422  K2P+I+G4      4428.989     14  8885.979     8886.195     8964.080
423  K2P+R2        4429.863     14  8887.727     8887.943     8965.828
442  F81+F+I       4452.428     15  8934.855     8935.102     9018.535
443  F81+F+G4      4451.939     15  8933.878     8934.125     9017.558
444  F81+F+I+G4    4452.080     16  8936.161     8936.441     9025.419
445  F81+F+R2      4452.792     16  8937.584     8937.864     9026.842
464  JC+I          4470.617     12  8965.234     8965.395     9032.178
465  JC+G4         4470.146     12  8964.291     8964.452     9031.235
466  JC+I+G4       4470.272     13  8966.545     8966.732     9039.067
467  JC+R2         4471.023     13  8968.046     8968.233     9040.568
Akaike Information Criterion:           TVM+F+G4
Corrected Akaike Information Criterion: TVM+F+G4
Bayesian Information Criterion:         TPM3u+F+G4
Best-fit model: TPM3u+F+G4 chosen according to BIC

All model information printed to per_gene_alignments_codon/LOC101402688_.aln.model.gz
CPU time for ModelFinder: 0.907 seconds (0h:0m:0s)
Wall-clock time for ModelFinder: 1.450 seconds (0h:0m:1s)
Generating 1000 samples for ultrafast bootstrap (seed: 755458)...

NOTE: 0 MB RAM (0 GB) is required!
Estimate model parameters (epsilon = 0.100)
1. Initial log-likelihood: -4378.800
Optimal log-likelihood: -4378.799
Rate parameters:  A-C: 5.77934  A-G: 8.63896  A-T: 1.00000  C-G: 5.77934  C-T: 8.63896  G-T: 1.00000
Base frequencies:  A: 0.287  C: 0.185  G: 0.270  T: 0.258
Gamma shape alpha: 0.519
Parameters optimization took 1 rounds (0.002 sec)
Wrote distance file to... 
Computing ML distances based on estimated model parameters...
Calculating distance matrix: done in 0.000647068 secs using 98.13% CPU
Computing ML distances took 0.000714 sec (of wall-clock time) 0.000707 sec (of CPU time)
Setting up auxiliary I and S matrices: done in 4.88758e-05 secs using 192.3% CPU
Computing RapidNJ tree took 0.000142 sec (of wall-clock time) 0.000280 sec (of CPU time)
Log-likelihood of RapidNJ tree: -4378.799
--------------------------------------------------------------------
|             INITIALIZING CANDIDATE TREE SET                      |
--------------------------------------------------------------------
Generating 99 parsimony trees... 0.043 second
Computing log-likelihood of 39 initial trees ... 0.018 seconds
Current best score: -4378.799

Do NNI search on 20 best initial trees
Estimate model parameters (epsilon = 0.100)
BETTER TREE FOUND at iteration 1: -4378.799
Iteration 10 / LogL: -4378.862 / Time: 0h:0m:1s
Iteration 20 / LogL: -4378.799 / Time: 0h:0m:1s
Finish initializing candidate tree set (1)
Current best tree score: -4378.799 / CPU time: 0.189
Number of iterations: 20
--------------------------------------------------------------------
|               OPTIMIZING CANDIDATE TREE SET                      |
--------------------------------------------------------------------
UPDATE BEST LOG-LIKELIHOOD: -4378.799
Iteration 30 / LogL: -4378.836 / Time: 0h:0m:1s (0h:0m:0s left)
Iteration 40 / LogL: -4378.799 / Time: 0h:0m:1s (0h:0m:0s left)
Iteration 50 / LogL: -4378.800 / Time: 0h:0m:2s (0h:0m:0s left)
Log-likelihood cutoff on original alignment: -4398.145
UPDATE BEST LOG-LIKELIHOOD: -4378.799
Iteration 60 / LogL: -4378.836 / Time: 0h:0m:2s (0h:0m:0s left)
Iteration 70 / LogL: -4378.827 / Time: 0h:0m:2s (0h:0m:0s left)
Iteration 80 / LogL: -4378.927 / Time: 0h:0m:2s (0h:0m:0s left)
Iteration 90 / LogL: -4378.841 / Time: 0h:0m:2s (0h:0m:0s left)
Iteration 100 / LogL: -4378.841 / Time: 0h:0m:2s (0h:0m:0s left)
Log-likelihood cutoff on original alignment: -4398.166
NOTE: Bootstrap correlation coefficient of split occurrence frequencies: 1.000
TREE SEARCH COMPLETED AFTER 102 ITERATIONS / Time: 0h:0m:2s

--------------------------------------------------------------------
|                    FINALIZING TREE SEARCH                        |
--------------------------------------------------------------------
Performs final model parameters optimization
Estimate model parameters (epsilon = 0.010)
1. Initial log-likelihood: -4378.799
Optimal log-likelihood: -4378.799
Rate parameters:  A-C: 5.75692  A-G: 8.61120  A-T: 1.00000  C-G: 5.75692  C-T: 8.61120  G-T: 1.00000
Base frequencies:  A: 0.287  C: 0.185  G: 0.270  T: 0.258
Gamma shape alpha: 0.520
Parameters optimization took 1 rounds (0.002 sec)
BEST SCORE FOUND : -4378.799
Creating bootstrap support values...
Split supports printed to NEXUS file per_gene_alignments_codon/LOC101402688_.aln.splits.nex
Total tree length: 0.180

Total number of iterations: 102
CPU time used for tree search: 1.338 sec (0h:0m:1s)
Wall-clock time used for tree search: 1.350 sec (0h:0m:1s)
Total CPU time used: 2.331 sec (0h:0m:2s)
Total wall-clock time used: 2.886 sec (0h:0m:2s)

Computing bootstrap consensus tree...
Reading input file per_gene_alignments_codon/LOC101402688_.aln.splits.nex...
7 taxa and 15 splits.
Consensus tree written to per_gene_alignments_codon/LOC101402688_.aln.contree
Reading input trees file per_gene_alignments_codon/LOC101402688_.aln.contree
Log-likelihood of consensus tree: -4378.799

Analysis results written to: 
  IQ-TREE report:                per_gene_alignments_codon/LOC101402688_.aln.iqtree
  Maximum-likelihood tree:       per_gene_alignments_codon/LOC101402688_.aln.treefile
  Likelihood distances:          per_gene_alignments_codon/LOC101402688_.aln.mldist

Ultrafast bootstrap approximation results written to:
  Split support values:          per_gene_alignments_codon/LOC101402688_.aln.splits.nex
  Consensus tree:                per_gene_alignments_codon/LOC101402688_.aln.contree
  Screen log file:               per_gene_alignments_codon/LOC101402688_.aln.log

Date and Time: Thu Oct 30 21:35:41 2025
