IQ-TREE multicore version 2.3.3 COVID-edition for Linux x86 64-bit built Apr 25 2024
Developed by Bui Quang Minh, James Barbetti, Nguyen Lam Tung, Olga Chernomor,
Heiko Schmidt, Dominik Schrempf, Michael Woodhams, Ly Trong Nhan, Thomas Wong

Host:    morpheus-OptiPlex-5050 (AVX2, FMA3, 503 GB RAM)
Command: iqtree2 -s per_gene_alignments_codon/LOC101396195_.aln.fna -m MFP -T 1 -B 1000 --prefix per_gene_alignments_codon/LOC101396195_.aln
Seed:    198973 (Using SPRNG - Scalable Parallel Random Number Generator)
Time:    Thu Oct 30 21:31:12 2025
Kernel:  AVX+FMA - 1 threads (72 CPU cores detected)

HINT: Use -nt option to specify number of threads because your CPU has 72 cores!
HINT: -nt AUTO will automatically determine the best number of threads to use.

Reading alignment file per_gene_alignments_codon/LOC101396195_.aln.fna ... Fasta format detected
Reading fasta file: done in 0.000298023 secs
Alignment most likely contains DNA/RNA sequences
Alignment has 7 sequences with 870 columns, 61 distinct patterns
53 parsimony-informative, 92 singleton sites, 725 constant sites
                     Gap/Ambiguity  Composition  p-value
Analyzing sequences: done in 1.21593e-05 secs
   1  Ceratotherium_simum    0.00%    passed     97.31%
   2  Diceros_bicornis       0.00%    passed     96.57%
   3  Equus_asinus           0.00%    passed     99.09%
   4  Equus_quagga           0.00%    passed     99.09%
   5  Equus_caballus         0.00%    passed     98.36%
   6  Canis_lupus            0.34%    passed     86.15%
   7  Bos_taurus             0.00%    passed     83.55%
****  TOTAL                  0.05%  0 sequences failed composition chi2 test (p-value<5%; df=3)
NOTE: Equus_quagga is identical to Equus_asinus but kept for subsequent analysis


Create initial parsimony tree by phylogenetic likelihood library (PLL)... 0.000 seconds
Perform fast likelihood tree search using GTR+I+G model...
Estimate model parameters (epsilon = 5.000)
Perform nearest neighbor interchange...
Estimate model parameters (epsilon = 1.000)
1. Initial log-likelihood: -1993.345
Optimal log-likelihood: -1993.342
Rate parameters:  A-C: 1.66818  A-G: 6.21362  A-T: 0.74913  C-G: 2.02223  C-T: 7.22026  G-T: 1.00000
Base frequencies:  A: 0.298  C: 0.199  G: 0.241  T: 0.262
Proportion of invariable sites: 0.415
Gamma shape alpha: 998.417
Parameters optimization took 1 rounds (0.022 sec)
Time for fast ML tree search: 0.071 seconds

NOTE: ModelFinder requires 0 MB RAM!
ModelFinder will test up to 484 DNA models (sample size: 870) ...
 No. Model         -LnL         df  AIC          AICc         BIC
  1  GTR+F         1994.421     19  4026.841     4027.735     4117.443
  2  GTR+F+I       1993.247     20  4026.495     4027.484     4121.865
  3  GTR+F+G4      1993.347     20  4026.694     4027.684     4122.064
  4  GTR+F+I+G4    1993.339     21  4028.678     4029.768     4128.816
  5  GTR+F+R2      1993.328     21  4028.657     4029.746     4128.795
  6  GTR+F+R3      1993.335     23  4032.671     4033.976     4142.346
 14  GTR+F+I+R2    1993.651     22  4031.302     4032.497     4136.209
 15  GTR+F+I+R3    1993.507     24  4035.014     4036.434     4149.458
 23  SYM           2003.076     16  4038.152     4038.790     4114.448
 24  SYM+I         2002.056     17  4038.111     4038.829     4119.176
 25  SYM+G4        2002.144     17  4038.287     4039.006     4119.352
 45  TVM+F         1994.716     18  4025.431     4026.235     4111.264
 46  TVM+F+I       1993.512     19  4025.024     4025.918     4115.625
 47  TVM+F+G4      1993.624     19  4025.249     4026.143     4115.850
 67  TVMe          2003.078     15  4036.156     4036.718     4107.683
 68  TVMe+I        2002.059     16  4036.119     4036.757     4112.415
 69  TVMe+G4       2002.147     16  4036.294     4036.931     4112.590
 89  TIM3+F        1994.662     17  4023.324     4024.043     4104.389
 90  TIM3+F+I      1993.528     18  4023.055     4023.859     4108.888
 91  TIM3+F+G4     1993.629     18  4023.257     4024.061     4109.090
111  TIM3e         2003.147     14  4034.293     4034.784     4101.052
112  TIM3e+I       2002.141     15  4034.283     4034.845     4105.810
113  TIM3e+G4      2002.229     15  4034.459     4035.021     4105.986
133  TIM2+F        1996.954     17  4027.908     4028.626     4108.972
134  TIM2+F+I      1995.820     18  4027.641     4028.445     4113.474
135  TIM2+F+G4     1995.903     18  4027.805     4028.609     4113.638
155  TIM2e         2004.612     14  4037.224     4037.716     4103.983
156  TIM2e+I       2003.580     15  4037.160     4037.722     4108.687
157  TIM2e+G4      2003.652     15  4037.304     4037.866     4108.832
177  TIM+F         1997.137     17  4028.275     4028.993     4109.339
178  TIM+F+I       1996.049     18  4028.099     4028.903     4113.932
179  TIM+F+G4      1996.137     18  4028.273     4029.077     4114.106
199  TIMe          2004.657     14  4037.314     4037.805     4104.073
200  TIMe+I        2003.640     15  4037.280     4037.842     4108.807
201  TIMe+G4       2003.714     15  4037.428     4037.990     4108.956
221  TPM3u+F       1994.957     16  4021.914     4022.552     4098.210
222  TPM3u+F+I     1993.797     17  4021.595     4022.313     4102.659
223  TPM3u+F+G4    1993.910     17  4021.820     4022.538     4102.884
243  TPM3          2003.148     13  4032.297     4032.722     4094.287
244  TPM3+I        2002.146     14  4032.292     4032.783     4099.051
245  TPM3+G4       2002.233     14  4032.465     4032.957     4099.224
265  TPM2u+F       1997.252     16  4026.504     4027.142     4102.800
266  TPM2u+F+I     1996.084     17  4026.168     4026.887     4107.233
267  TPM2u+F+G4    1996.179     17  4026.359     4027.077     4107.423
287  TPM2          2004.614     13  4035.228     4035.654     4097.219
288  TPM2+I        2003.581     14  4035.161     4035.653     4101.920
289  TPM2+G4       2003.653     14  4035.306     4035.797     4102.065
309  K3Pu+F        1997.435     16  4026.870     4027.508     4103.166
310  K3Pu+F+I      1996.316     17  4026.631     4027.350     4107.696
311  K3Pu+F+G4     1996.416     17  4026.832     4027.551     4107.897
331  K3P           2004.659     13  4035.318     4035.743     4097.308
332  K3P+I         2003.643     14  4035.287     4035.778     4102.046
333  K3P+G4        2003.717     14  4035.434     4035.925     4102.193
353  TN+F          1997.175     16  4026.349     4026.987     4102.645
354  TN+F+I        1996.084     17  4026.168     4026.886     4107.232
355  TN+F+G4       1996.168     17  4026.336     4027.055     4107.401
375  TNe           2004.669     13  4035.338     4035.763     4097.328
376  TNe+I         2003.649     14  4035.297     4035.789     4102.056
377  TNe+G4        2003.723     14  4035.445     4035.936     4102.204
397  HKY+F         1997.472     15  4024.945     4025.507     4096.472
398  HKY+F+I       1996.351     16  4024.702     4025.339     4100.998
399  HKY+F+G4      1996.448     16  4024.895     4025.533     4101.191
419  K2P           2004.672     12  4033.343     4033.707     4090.565
420  K2P+I         2003.652     13  4033.304     4033.730     4095.295
421  K2P+G4        2003.725     13  4033.449     4033.874     4095.440
441  F81+F         2042.767     14  4113.534     4114.025     4180.293
442  F81+F+I       2042.088     15  4114.176     4114.738     4185.704
443  F81+F+G4      2042.158     15  4114.315     4114.877     4185.843
463  JC            2049.717     11  4121.435     4121.743     4173.888
464  JC+I          2049.062     12  4122.123     4122.487     4179.345
465  JC+G4         2049.123     12  4122.247     4122.611     4179.469
Akaike Information Criterion:           TPM3u+F+I
Corrected Akaike Information Criterion: TPM3u+F+I
Bayesian Information Criterion:         K2P
Best-fit model: K2P chosen according to BIC

All model information printed to per_gene_alignments_codon/LOC101396195_.aln.model.gz
CPU time for ModelFinder: 0.212 seconds (0h:0m:0s)
Wall-clock time for ModelFinder: 0.953 seconds (0h:0m:0s)
Generating 1000 samples for ultrafast bootstrap (seed: 198973)...

NOTE: 0 MB RAM (0 GB) is required!
Estimate model parameters (epsilon = 0.100)
1. Initial log-likelihood: -2004.672
Optimal log-likelihood: -2004.671
Rate parameters:  A-C: 1.00000  A-G: 4.95675  A-T: 1.00000  C-G: 1.00000  C-T: 4.95675  G-T: 1.00000
Base frequencies:  A: 0.250  C: 0.250  G: 0.250  T: 0.250
Parameters optimization took 1 rounds (0.000 sec)
Wrote distance file to... 
Computing ML distances based on estimated model parameters...
Calculating distance matrix: done in 0.000221014 secs using 99.09% CPU
Computing ML distances took 0.000275 sec (of wall-clock time) 0.000281 sec (of CPU time)
Setting up auxiliary I and S matrices: done in 4.81606e-05 secs using 97.59% CPU
Computing RapidNJ tree took 0.000160 sec (of wall-clock time) 0.000159 sec (of CPU time)
Log-likelihood of RapidNJ tree: -2004.671
--------------------------------------------------------------------
|             INITIALIZING CANDIDATE TREE SET                      |
--------------------------------------------------------------------
Generating 99 parsimony trees... 0.063 second
Computing log-likelihood of 38 initial trees ... 0.021 seconds
Current best score: -2004.671

Do NNI search on 20 best initial trees
Estimate model parameters (epsilon = 0.100)
BETTER TREE FOUND at iteration 1: -2004.671
Iteration 10 / LogL: -2004.673 / Time: 0h:0m:1s
Iteration 20 / LogL: -2004.789 / Time: 0h:0m:1s
Finish initializing candidate tree set (1)
Current best tree score: -2004.671 / CPU time: 0.176
Number of iterations: 20
--------------------------------------------------------------------
|               OPTIMIZING CANDIDATE TREE SET                      |
--------------------------------------------------------------------
Iteration 30 / LogL: -2004.672 / Time: 0h:0m:1s (0h:0m:0s left)
UPDATE BEST LOG-LIKELIHOOD: -2004.671
Iteration 40 / LogL: -2004.671 / Time: 0h:0m:1s (0h:0m:0s left)
Iteration 50 / LogL: -2004.802 / Time: 0h:0m:1s (0h:0m:0s left)
Log-likelihood cutoff on original alignment: -2024.448
Iteration 60 / LogL: -2004.671 / Time: 0h:0m:1s (0h:0m:0s left)
Iteration 70 / LogL: -2004.672 / Time: 0h:0m:1s (0h:0m:0s left)
Iteration 80 / LogL: -2004.671 / Time: 0h:0m:1s (0h:0m:0s left)
Iteration 90 / LogL: -2004.672 / Time: 0h:0m:1s (0h:0m:0s left)
Iteration 100 / LogL: -2004.675 / Time: 0h:0m:1s (0h:0m:0s left)
Log-likelihood cutoff on original alignment: -2024.451
NOTE: Bootstrap correlation coefficient of split occurrence frequencies: 1.000
TREE SEARCH COMPLETED AFTER 102 ITERATIONS / Time: 0h:0m:2s

--------------------------------------------------------------------
|                    FINALIZING TREE SEARCH                        |
--------------------------------------------------------------------
Performs final model parameters optimization
Estimate model parameters (epsilon = 0.010)
1. Initial log-likelihood: -2004.671
Optimal log-likelihood: -2004.671
Rate parameters:  A-C: 1.00000  A-G: 4.96357  A-T: 1.00000  C-G: 1.00000  C-T: 4.96357  G-T: 1.00000
Base frequencies:  A: 0.250  C: 0.250  G: 0.250  T: 0.250
Parameters optimization took 1 rounds (0.000 sec)
BEST SCORE FOUND : -2004.671
Creating bootstrap support values...
Split supports printed to NEXUS file per_gene_alignments_codon/LOC101396195_.aln.splits.nex
Total tree length: 0.190

Total number of iterations: 102
CPU time used for tree search: 0.940 sec (0h:0m:0s)
Wall-clock time used for tree search: 0.991 sec (0h:0m:0s)
Total CPU time used: 1.215 sec (0h:0m:1s)
Total wall-clock time used: 2.061 sec (0h:0m:2s)

Computing bootstrap consensus tree...
Reading input file per_gene_alignments_codon/LOC101396195_.aln.splits.nex...
7 taxa and 15 splits.
Consensus tree written to per_gene_alignments_codon/LOC101396195_.aln.contree
Reading input trees file per_gene_alignments_codon/LOC101396195_.aln.contree
Log-likelihood of consensus tree: -2004.673

Analysis results written to: 
  IQ-TREE report:                per_gene_alignments_codon/LOC101396195_.aln.iqtree
  Maximum-likelihood tree:       per_gene_alignments_codon/LOC101396195_.aln.treefile
  Likelihood distances:          per_gene_alignments_codon/LOC101396195_.aln.mldist

Ultrafast bootstrap approximation results written to:
  Split support values:          per_gene_alignments_codon/LOC101396195_.aln.splits.nex
  Consensus tree:                per_gene_alignments_codon/LOC101396195_.aln.contree
  Screen log file:               per_gene_alignments_codon/LOC101396195_.aln.log

Date and Time: Thu Oct 30 21:31:14 2025
