IQ-TREE multicore version 2.3.3 COVID-edition for Linux x86 64-bit built Apr 25 2024
Developed by Bui Quang Minh, James Barbetti, Nguyen Lam Tung, Olga Chernomor,
Heiko Schmidt, Dominik Schrempf, Michael Woodhams, Ly Trong Nhan, Thomas Wong

Host:    morpheus-OptiPlex-5050 (AVX2, FMA3, 503 GB RAM)
Command: iqtree2 -s per_gene_alignments_codon/LOC101393167_.aln.fna -m MFP -T 1 -B 1000 --prefix per_gene_alignments_codon/LOC101393167_.aln
Seed:    414486 (Using SPRNG - Scalable Parallel Random Number Generator)
Time:    Thu Oct 30 21:29:07 2025
Kernel:  AVX+FMA - 1 threads (72 CPU cores detected)

HINT: Use -nt option to specify number of threads because your CPU has 72 cores!
HINT: -nt AUTO will automatically determine the best number of threads to use.

Reading alignment file per_gene_alignments_codon/LOC101393167_.aln.fna ... Fasta format detected
Reading fasta file: done in 0.000623941 secs using 99.53% CPU
Alignment most likely contains DNA/RNA sequences
Alignment has 7 sequences with 2202 columns, 100 distinct patterns
131 parsimony-informative, 172 singleton sites, 1899 constant sites
                     Gap/Ambiguity  Composition  p-value
Analyzing sequences: done in 1.81198e-05 secs using 88.3% CPU
   1  Ceratotherium_simum    0.00%    passed     97.40%
   2  Diceros_bicornis       0.00%    passed     99.33%
   3  Equus_asinus           0.00%    passed     94.50%
   4  Equus_quagga           0.00%    passed     90.44%
   5  Equus_caballus         0.00%    passed     86.02%
   6  Canis_lupus            0.00%    passed     17.34%
   7  Bos_taurus             0.00%    passed     95.13%
****  TOTAL                  0.00%  0 sequences failed composition chi2 test (p-value<5%; df=3)


Create initial parsimony tree by phylogenetic likelihood library (PLL)... 0.000 seconds
Perform fast likelihood tree search using GTR+I+G model...
Estimate model parameters (epsilon = 5.000)
Perform nearest neighbor interchange...
Estimate model parameters (epsilon = 1.000)
1. Initial log-likelihood: -4850.804
Optimal log-likelihood: -4850.668
Rate parameters:  A-C: 1.18671  A-G: 4.17519  A-T: 0.68494  C-G: 1.86438  C-T: 12.80362  G-T: 1.00000
Base frequencies:  A: 0.205  C: 0.311  G: 0.315  T: 0.169
Proportion of invariable sites: 0.426
Gamma shape alpha: 0.522
Parameters optimization took 1 rounds (0.005 sec)
Time for fast ML tree search: 0.060 seconds

NOTE: ModelFinder requires 0 MB RAM!
ModelFinder will test up to 484 DNA models (sample size: 2202) ...
 No. Model         -LnL         df  AIC          AICc         BIC
  1  GTR+F         4892.921     19  9823.842     9824.190     9932.087
  2  GTR+F+I       4850.323     20  9740.647     9741.032     9854.589
  3  GTR+F+G4      4850.408     20  9740.815     9741.200     9854.758
  4  GTR+F+I+G4    4850.660     21  9743.320     9743.744     9862.960
  5  GTR+F+R2      4850.545     21  9743.090     9743.513     9862.729
  6  GTR+F+R3      4850.442     23  9746.883     9747.390     9877.917
 14  GTR+F+I+R2    4850.552     22  9745.103     9745.568     9870.440
 15  GTR+F+I+R3    4850.635     24  9749.270     9749.822     9886.001
 24  SYM+I         4925.608     17  9885.216     9885.496     9982.067
 25  SYM+G4        4925.379     17  9884.759     9885.039     9981.610
 26  SYM+I+G4      4925.201     18  9886.401     9886.715     9988.950
 27  SYM+R2        4925.907     18  9887.814     9888.127     9990.362
 46  TVM+F+I       4872.544     19  9783.088     9783.436     9891.333
 47  TVM+F+G4      4872.552     19  9783.103     9783.452     9891.349
 48  TVM+F+I+G4    4872.781     20  9785.563     9785.948     9899.505
 49  TVM+F+R2      4872.778     20  9785.555     9785.940     9899.498
 68  TVMe+I        4941.120     16  9914.241     9914.490     10005.395
 69  TVMe+G4       4940.993     16  9913.986     9914.235     10005.140
 70  TVMe+I+G4     4940.852     17  9915.705     9915.985     10012.556
 71  TVMe+R2       4941.408     17  9916.816     9917.096     10013.667
 90  TIM3+F+I      4852.045     18  9740.090     9740.403     9842.638
 91  TIM3+F+G4     4852.121     18  9740.242     9740.556     9842.790
 92  TIM3+F+I+G4   4852.410     19  9742.820     9743.168     9851.065
 93  TIM3+F+R2     4852.247     19  9742.494     9742.843     9850.740
112  TIM3e+I       4930.916     15  9891.832     9892.052     9977.289
113  TIM3e+G4      4930.748     15  9891.495     9891.715     9976.952
114  TIM3e+I+G4    4930.619     16  9893.238     9893.487     9984.392
115  TIM3e+R2      4931.242     16  9894.484     9894.733     9985.638
134  TIM2+F+I      4852.356     18  9740.713     9741.026     9843.261
135  TIM2+F+G4     4852.420     18  9740.839     9741.153     9843.388
136  TIM2+F+I+G4   4852.753     19  9743.507     9743.855     9851.752
137  TIM2+F+R2     4852.536     19  9743.071     9743.419     9851.316
156  TIM2e+I       4934.038     15  9898.076     9898.295     9983.533
157  TIM2e+G4      4933.943     15  9897.887     9898.106     9983.343
158  TIM2e+I+G4    4933.912     16  9899.825     9900.074     9990.979
159  TIM2e+R2      4934.312     16  9900.625     9900.874     9991.779
178  TIM+F+I       4852.790     18  9741.581     9741.894     9844.129
179  TIM+F+G4      4852.841     18  9741.681     9741.995     9844.230
180  TIM+F+I+G4    4853.118     19  9744.235     9744.584     9852.481
181  TIM+F+R2      4852.973     19  9743.947     9744.295     9852.192
200  TIMe+I        4936.051     15  9902.101     9902.321     9987.558
201  TIMe+G4       4935.929     15  9901.858     9902.078     9987.315
202  TIMe+I+G4     4935.843     16  9903.686     9903.935     9994.840
203  TIMe+R2       4936.336     16  9904.672     9904.921     9995.826
222  TPM3u+F+I     4873.931     17  9781.862     9782.143     9878.714
223  TPM3u+F+G4    4873.930     17  9781.861     9782.141     9878.712
224  TPM3u+F+I+G4  4874.281     18  9784.561     9784.875     9887.110
225  TPM3u+F+R2    4874.139     18  9784.277     9784.590     9886.825
244  TPM3+I        4946.680     14  9921.360     9921.552     10001.120
245  TPM3+G4       4946.616     14  9921.232     9921.424     10000.991
246  TPM3+I+G4     4946.570     15  9923.139     9923.359     10008.596
247  TPM3+R2       4946.985     15  9923.970     9924.190     10009.427
266  TPM2u+F+I     4874.689     17  9783.378     9783.658     9880.229
267  TPM2u+F+G4    4874.694     17  9783.387     9783.667     9880.238
268  TPM2u+F+I+G4  4875.020     18  9786.039     9786.353     9888.587
269  TPM2u+F+R2    4874.892     18  9785.784     9786.098     9888.333
288  TPM2+I        4948.888     14  9925.775     9925.967     10005.535
289  TPM2+G4       4948.828     14  9925.656     9925.848     10005.415
290  TPM2+I+G4     4948.804     15  9927.607     9927.827     10013.064
291  TPM2+R2       4949.101     15  9928.203     9928.422     10013.660
310  K3Pu+F+I      4874.811     17  9783.622     9783.902     9880.473
311  K3Pu+F+G4     4874.819     17  9783.637     9783.917     9880.488
312  K3Pu+F+I+G4   4875.154     18  9786.309     9786.622     9888.857
313  K3Pu+F+R2     4875.002     18  9786.005     9786.318     9888.553
332  K3P+I         4951.000     14  9930.001     9930.193     10009.761
333  K3P+G4        4950.963     14  9929.926     9930.118     10009.686
334  K3P+I+G4      4950.946     15  9931.891     9932.111     10017.348
335  K3P+R2        4951.229     15  9932.459     9932.678     10017.915
354  TN+F+I        4854.053     17  9742.106     9742.387     9838.957
355  TN+F+G4       4854.120     17  9742.239     9742.519     9839.090
356  TN+F+I+G4     4854.488     18  9744.977     9745.290     9847.525
357  TN+F+R2       4854.231     18  9744.462     9744.776     9847.011
376  TNe+I         4939.098     14  9906.196     9906.388     9985.956
377  TNe+G4        4939.046     14  9906.092     9906.284     9985.851
378  TNe+I+G4      4939.060     15  9908.121     9908.340     9993.578
379  TNe+R2        4939.385     15  9908.770     9908.989     9994.227
398  HKY+F+I       4876.062     16  9784.124     9784.373     9875.278
399  HKY+F+G4      4876.061     16  9784.122     9784.371     9875.276
400  HKY+F+I+G4    4876.488     17  9786.976     9787.256     9883.827
401  HKY+F+R2      4876.243     17  9786.486     9786.767     9883.337
420  K2P+I         4954.158     13  9934.316     9934.482     10008.378
421  K2P+G4        4954.155     13  9934.310     9934.476     10008.373
422  K2P+I+G4      4954.254     14  9936.508     9936.700     10016.267
423  K2P+R2        4954.393     14  9936.787     9936.979     10016.546
442  F81+F+I       4988.481     15  10006.963    10007.182    10092.420
443  F81+F+G4      4988.585     15  10007.170    10007.390    10092.627
444  F81+F+I+G4    4988.831     16  10009.662    10009.911    10100.816
445  F81+F+R2      4988.788     16  10009.576    10009.825    10100.730
464  JC+I          5050.816     12  10125.631    10125.774    10193.997
465  JC+G4         5050.893     12  10125.786    10125.929    10194.152
466  JC+I+G4       5051.061     13  10128.123    10128.289    10202.185
467  JC+R2         5051.193     13  10128.385    10128.552    10202.448
Akaike Information Criterion:           TIM3+F+I
Corrected Akaike Information Criterion: TIM3+F+I
Bayesian Information Criterion:         TN+F+I
Best-fit model: TN+F+I chosen according to BIC

All model information printed to per_gene_alignments_codon/LOC101393167_.aln.model.gz
CPU time for ModelFinder: 1.486 seconds (0h:0m:1s)
Wall-clock time for ModelFinder: 2.051 seconds (0h:0m:2s)
Generating 1000 samples for ultrafast bootstrap (seed: 414486)...

NOTE: 0 MB RAM (0 GB) is required!
Estimate model parameters (epsilon = 0.100)
1. Initial log-likelihood: -4854.053
Optimal log-likelihood: -4854.053
Rate parameters:  A-C: 1.00000  A-G: 3.08597  A-T: 1.00000  C-G: 1.00000  C-T: 9.54620  G-T: 1.00000
Base frequencies:  A: 0.205  C: 0.311  G: 0.315  T: 0.169
Proportion of invariable sites: 0.720
Parameters optimization took 1 rounds (0.001 sec)
Wrote distance file to... 
Computing ML distances based on estimated model parameters...
Calculating distance matrix: done in 0.000176907 secs using 98.92% CPU
Computing ML distances took 0.000241 sec (of wall-clock time) 0.000246 sec (of CPU time)
Setting up auxiliary I and S matrices: done in 4.60148e-05 secs using 97.79% CPU
Computing RapidNJ tree took 0.000139 sec (of wall-clock time) 0.000138 sec (of CPU time)
Log-likelihood of RapidNJ tree: -4854.053
--------------------------------------------------------------------
|             INITIALIZING CANDIDATE TREE SET                      |
--------------------------------------------------------------------
Generating 99 parsimony trees... 0.084 second
Computing log-likelihood of 39 initial trees ... 0.011 seconds
Current best score: -4854.053

Do NNI search on 20 best initial trees
Estimate model parameters (epsilon = 0.100)
BETTER TREE FOUND at iteration 1: -4854.053
Iteration 10 / LogL: -4854.382 / Time: 0h:0m:2s
Iteration 20 / LogL: -4854.234 / Time: 0h:0m:2s
Finish initializing candidate tree set (1)
Current best tree score: -4854.053 / CPU time: 0.229
Number of iterations: 20
--------------------------------------------------------------------
|               OPTIMIZING CANDIDATE TREE SET                      |
--------------------------------------------------------------------
Iteration 30 / LogL: -4854.061 / Time: 0h:0m:2s (0h:0m:1s left)
Iteration 40 / LogL: -4854.055 / Time: 0h:0m:2s (0h:0m:0s left)
UPDATE BEST LOG-LIKELIHOOD: -4854.053
Iteration 50 / LogL: -4854.055 / Time: 0h:0m:2s (0h:0m:0s left)
Log-likelihood cutoff on original alignment: -4870.654
Iteration 60 / LogL: -4854.079 / Time: 0h:0m:2s (0h:0m:0s left)
Iteration 70 / LogL: -4854.053 / Time: 0h:0m:3s (0h:0m:0s left)
Iteration 80 / LogL: -4854.056 / Time: 0h:0m:3s (0h:0m:0s left)
Iteration 90 / LogL: -4854.054 / Time: 0h:0m:3s (0h:0m:0s left)
Iteration 100 / LogL: -4854.469 / Time: 0h:0m:3s (0h:0m:0s left)
Log-likelihood cutoff on original alignment: -4871.070
NOTE: Bootstrap correlation coefficient of split occurrence frequencies: 1.000
TREE SEARCH COMPLETED AFTER 102 ITERATIONS / Time: 0h:0m:3s

--------------------------------------------------------------------
|                    FINALIZING TREE SEARCH                        |
--------------------------------------------------------------------
Performs final model parameters optimization
Estimate model parameters (epsilon = 0.010)
1. Initial log-likelihood: -4854.053
Optimal log-likelihood: -4854.053
Rate parameters:  A-C: 1.00000  A-G: 3.08574  A-T: 1.00000  C-G: 1.00000  C-T: 9.54075  G-T: 1.00000
Base frequencies:  A: 0.205  C: 0.311  G: 0.315  T: 0.169
Proportion of invariable sites: 0.720
Parameters optimization took 1 rounds (0.001 sec)
BEST SCORE FOUND : -4854.053
Creating bootstrap support values...
Split supports printed to NEXUS file per_gene_alignments_codon/LOC101393167_.aln.splits.nex
Total tree length: 0.214

Total number of iterations: 102
CPU time used for tree search: 0.906 sec (0h:0m:0s)
Wall-clock time used for tree search: 1.207 sec (0h:0m:1s)
Total CPU time used: 2.448 sec (0h:0m:2s)
Total wall-clock time used: 3.366 sec (0h:0m:3s)

Computing bootstrap consensus tree...
Reading input file per_gene_alignments_codon/LOC101393167_.aln.splits.nex...
7 taxa and 14 splits.
Consensus tree written to per_gene_alignments_codon/LOC101393167_.aln.contree
Reading input trees file per_gene_alignments_codon/LOC101393167_.aln.contree
Log-likelihood of consensus tree: -4854.053

Analysis results written to: 
  IQ-TREE report:                per_gene_alignments_codon/LOC101393167_.aln.iqtree
  Maximum-likelihood tree:       per_gene_alignments_codon/LOC101393167_.aln.treefile
  Likelihood distances:          per_gene_alignments_codon/LOC101393167_.aln.mldist

Ultrafast bootstrap approximation results written to:
  Split support values:          per_gene_alignments_codon/LOC101393167_.aln.splits.nex
  Consensus tree:                per_gene_alignments_codon/LOC101393167_.aln.contree
  Screen log file:               per_gene_alignments_codon/LOC101393167_.aln.log

Date and Time: Thu Oct 30 21:29:11 2025
