IQ-TREE multicore version 2.3.3 COVID-edition for Linux x86 64-bit built Apr 25 2024
Developed by Bui Quang Minh, James Barbetti, Nguyen Lam Tung, Olga Chernomor,
Heiko Schmidt, Dominik Schrempf, Michael Woodhams, Ly Trong Nhan, Thomas Wong

Host:    morpheus-OptiPlex-5050 (AVX2, FMA3, 503 GB RAM)
Command: iqtree2 -s per_gene_alignments_codon/LOC101406860_.aln.fna -m MFP -T 1 -B 1000 --prefix per_gene_alignments_codon/LOC101406860_.aln
Seed:    886051 (Using SPRNG - Scalable Parallel Random Number Generator)
Time:    Thu Oct 30 21:38:28 2025
Kernel:  AVX+FMA - 1 threads (72 CPU cores detected)

HINT: Use -nt option to specify number of threads because your CPU has 72 cores!
HINT: -nt AUTO will automatically determine the best number of threads to use.

Reading alignment file per_gene_alignments_codon/LOC101406860_.aln.fna ... Fasta format detected
Reading fasta file: done in 0.000324965 secs
Alignment most likely contains DNA/RNA sequences
Alignment has 7 sequences with 1005 columns, 55 distinct patterns
44 parsimony-informative, 99 singleton sites, 862 constant sites
                     Gap/Ambiguity  Composition  p-value
Analyzing sequences: done in 1.40667e-05 secs
   1  Ceratotherium_simum    0.00%    passed     95.68%
   2  Diceros_bicornis       0.00%    passed     95.49%
   3  Equus_asinus           0.00%    passed     91.25%
   4  Equus_quagga           0.00%    passed     94.63%
   5  Equus_caballus         0.00%    passed     97.86%
   6  Canis_lupus            0.00%    failed      2.11%
   7  Bos_taurus             0.00%    passed     51.01%
****  TOTAL                  0.00%  1 sequences failed composition chi2 test (p-value<5%; df=3)


Create initial parsimony tree by phylogenetic likelihood library (PLL)... 0.000 seconds
Perform fast likelihood tree search using GTR+I+G model...
Estimate model parameters (epsilon = 5.000)
Perform nearest neighbor interchange...
Estimate model parameters (epsilon = 1.000)
1. Initial log-likelihood: -2192.667
Optimal log-likelihood: -2192.664
Rate parameters:  A-C: 2.05017  A-G: 6.76213  A-T: 1.14989  C-G: 1.02807  C-T: 10.44394  G-T: 1.00000
Base frequencies:  A: 0.229  C: 0.242  G: 0.310  T: 0.219
Proportion of invariable sites: 0.425
Gamma shape alpha: 0.851
Parameters optimization took 1 rounds (0.001 sec)
Time for fast ML tree search: 0.091 seconds

NOTE: ModelFinder requires 0 MB RAM!
ModelFinder will test up to 484 DNA models (sample size: 1005) ...
 No. Model         -LnL         df  AIC          AICc         BIC
  1  GTR+F         2204.522     19  4447.043     4447.815     4540.385
  2  GTR+F+I       2193.194     20  4426.388     4427.242     4524.643
  3  GTR+F+G4      2192.883     20  4425.765     4426.619     4524.020
  4  GTR+F+I+G4    2192.663     21  4427.325     4428.265     4530.493
  5  GTR+F+R2      2193.584     21  4429.167     4430.107     4532.335
  6  GTR+F+R3      2193.086     23  4432.172     4433.297     4545.165
 14  GTR+F+I+R2    2193.072     22  4430.145     4431.175     4538.225
 15  GTR+F+I+R3    2192.790     24  4433.579     4434.804     4551.485
 24  SYM+I         2206.351     17  4446.703     4447.323     4530.219
 25  SYM+G4        2206.019     17  4446.038     4446.658     4529.554
 26  SYM+I+G4      2205.793     18  4447.586     4448.280     4536.016
 27  SYM+R2        2206.854     18  4449.709     4450.402     4538.138
 46  TVM+F+I       2194.920     19  4427.840     4428.611     4521.182
 47  TVM+F+G4      2194.663     19  4427.326     4428.098     4520.668
 48  TVM+F+I+G4    2194.451     20  4428.902     4429.755     4527.157
 49  TVM+F+R2      2195.413     20  4430.826     4431.680     4529.081
 68  TVMe+I        2207.136     16  4446.271     4446.822     4524.875
 69  TVMe+G4       2206.844     16  4445.688     4446.238     4524.292
 70  TVMe+I+G4     2206.609     17  4447.217     4447.837     4530.734
 71  TVMe+R2       2207.630     17  4449.260     4449.880     4532.776
 90  TIM3+F+I      2194.246     18  4424.492     4425.186     4512.922
 91  TIM3+F+G4     2193.911     18  4423.821     4424.515     4512.251
 92  TIM3+F+I+G4   2193.695     19  4425.389     4426.161     4518.731
 93  TIM3+F+R2     2194.791     19  4427.581     4428.353     4520.923
112  TIM3e+I       2206.821     15  4443.642     4444.127     4517.333
113  TIM3e+G4      2206.486     15  4442.971     4443.456     4516.662
114  TIM3e+I+G4    2206.251     16  4444.503     4445.054     4523.107
115  TIM3e+R2      2207.255     16  4446.510     4447.061     4525.114
134  TIM2+F+I      2193.795     18  4423.590     4424.284     4512.019
135  TIM2+F+G4     2193.434     18  4422.868     4423.562     4511.297
136  TIM2+F+I+G4   2193.213     19  4424.427     4425.199     4517.769
137  TIM2+F+R2     2194.050     19  4426.099     4426.871     4519.442
156  TIM2e+I       2207.164     15  4444.327     4444.813     4518.018
157  TIM2e+G4      2206.789     15  4443.577     4444.063     4517.269
158  TIM2e+I+G4    2206.541     16  4445.083     4445.633     4523.686
159  TIM2e+R2      2207.660     16  4447.320     4447.871     4525.924
178  TIM+F+I       2194.447     18  4424.895     4425.588     4513.324
179  TIM+F+G4      2194.070     18  4424.140     4424.834     4512.570
180  TIM+F+I+G4    2193.839     19  4425.678     4426.449     4519.020
181  TIM+F+R2      2194.758     19  4427.515     4428.287     4520.858
200  TIMe+I        2207.245     15  4444.490     4444.975     4518.181
201  TIMe+G4       2206.867     15  4443.733     4444.218     4517.424
202  TIMe+I+G4     2206.617     16  4445.234     4445.785     4523.838
203  TIMe+R2       2207.735     16  4447.471     4448.022     4526.075
222  TPM3u+F+I     2195.987     17  4425.974     4426.594     4509.490
223  TPM3u+F+G4    2195.721     17  4425.443     4426.063     4508.959
224  TPM3u+F+I+G4  2195.498     18  4426.996     4427.690     4515.426
225  TPM3u+F+R2    2196.492     18  4428.983     4429.677     4517.413
244  TPM3+I        2207.596     14  4443.193     4443.617     4511.971
245  TPM3+G4       2207.300     14  4442.601     4443.025     4511.379
246  TPM3+I+G4     2207.057     15  4444.115     4444.600     4517.806
247  TPM3+R2       2208.106     15  4446.213     4446.698     4519.904
266  TPM2u+F+I     2195.505     17  4425.010     4425.630     4508.526
267  TPM2u+F+G4    2195.224     17  4424.447     4425.067     4507.964
268  TPM2u+F+I+G4  2194.995     18  4425.991     4426.685     4514.420
269  TPM2u+F+R2    2196.014     18  4428.028     4428.722     4516.458
288  TPM2+I        2207.937     14  4443.873     4444.298     4512.652
289  TPM2+G4       2207.609     14  4443.219     4443.643     4511.997
290  TPM2+I+G4     2207.353     15  4444.705     4445.191     4518.396
291  TPM2+R2       2208.433     15  4446.866     4447.351     4520.557
310  K3Pu+F+I      2196.202     17  4426.405     4427.025     4509.922
311  K3Pu+F+G4     2195.907     17  4425.814     4426.434     4509.330
312  K3Pu+F+I+G4   2195.665     18  4427.330     4428.024     4515.760
313  K3Pu+F+R2     2196.780     18  4429.561     4430.255     4517.990
332  K3P+I         2208.015     14  4444.031     4444.455     4512.809
333  K3P+G4        2207.685     14  4443.370     4443.795     4512.149
334  K3P+I+G4      2207.426     15  4444.852     4445.337     4518.543
335  K3P+R2        2208.504     15  4447.008     4447.493     4520.699
354  TN+F+I        2194.699     17  4423.398     4424.018     4506.914
355  TN+F+G4       2194.321     17  4422.642     4423.262     4506.158
356  TN+F+I+G4     2194.086     18  4424.171     4424.865     4512.601
357  TN+F+R2       2195.015     18  4426.030     4426.724     4514.459
376  TNe+I         2207.479     14  4442.958     4443.382     4511.736
377  TNe+G4        2207.097     14  4442.195     4442.619     4510.973
378  TNe+I+G4      2206.841     15  4443.682     4444.167     4517.373
379  TNe+R2        2207.979     15  4445.959     4446.444     4519.650
398  HKY+F+I       2196.441     16  4424.883     4425.433     4503.487
399  HKY+F+G4      2196.144     16  4424.288     4424.839     4502.892
400  HKY+F+I+G4    2195.898     17  4425.797     4426.417     4509.314
401  HKY+F+R2      2196.937     17  4427.874     4428.494     4511.391
420  K2P+I         2208.247     13  4442.494     4442.861     4506.360
421  K2P+G4        2207.913     13  4441.827     4442.194     4505.692
422  K2P+I+G4      2207.648     14  4443.295     4443.719     4512.074
423  K2P+R2        2208.742     14  4445.484     4445.908     4514.262
442  F81+F+I       2253.642     15  4537.284     4537.770     4610.975
443  F81+F+G4      2253.512     15  4537.024     4537.509     4610.715
444  F81+F+I+G4    2253.473     16  4538.946     4539.496     4617.549
445  F81+F+R2      2254.782     16  4541.564     4542.115     4620.168
464  JC+I          2264.628     12  4553.257     4553.571     4612.210
465  JC+G4         2264.487     12  4552.974     4553.288     4611.927
466  JC+I+G4       2264.439     13  4554.877     4555.245     4618.743
467  JC+R2         2265.120     13  4556.240     4556.607     4620.105
Akaike Information Criterion:           TN+F+G4
Corrected Akaike Information Criterion: TN+F+G4
Bayesian Information Criterion:         HKY+F+G4
Best-fit model: HKY+F+G4 chosen according to BIC

All model information printed to per_gene_alignments_codon/LOC101406860_.aln.model.gz
CPU time for ModelFinder: 0.758 seconds (0h:0m:0s)
Wall-clock time for ModelFinder: 1.363 seconds (0h:0m:1s)
Generating 1000 samples for ultrafast bootstrap (seed: 886051)...

NOTE: 0 MB RAM (0 GB) is required!
Estimate model parameters (epsilon = 0.100)
1. Initial log-likelihood: -2196.144
Optimal log-likelihood: -2196.142
Rate parameters:  A-C: 1.00000  A-G: 6.64860  A-T: 1.00000  C-G: 1.00000  C-T: 6.64860  G-T: 1.00000
Base frequencies:  A: 0.229  C: 0.242  G: 0.310  T: 0.219
Gamma shape alpha: 0.221
Parameters optimization took 1 rounds (0.001 sec)
Wrote distance file to... 
Computing ML distances based on estimated model parameters...
Calculating distance matrix: done in 0.000558138 secs using 99.8% CPU
Computing ML distances took 0.000608 sec (of wall-clock time) 0.000613 sec (of CPU time)
Setting up auxiliary I and S matrices: done in 4.00543e-05 secs using 97.37% CPU
Computing RapidNJ tree took 0.000118 sec (of wall-clock time) 0.000117 sec (of CPU time)
Log-likelihood of RapidNJ tree: -2196.142
--------------------------------------------------------------------
|             INITIALIZING CANDIDATE TREE SET                      |
--------------------------------------------------------------------
Generating 99 parsimony trees... 0.056 second
Computing log-likelihood of 32 initial trees ... 0.027 seconds
Current best score: -2196.142

Do NNI search on 20 best initial trees
Estimate model parameters (epsilon = 0.100)
BETTER TREE FOUND at iteration 1: -2196.141
Iteration 10 / LogL: -2196.247 / Time: 0h:0m:1s
Iteration 20 / LogL: -2196.451 / Time: 0h:0m:1s
Finish initializing candidate tree set (1)
Current best tree score: -2196.141 / CPU time: 0.210
Number of iterations: 20
--------------------------------------------------------------------
|               OPTIMIZING CANDIDATE TREE SET                      |
--------------------------------------------------------------------
UPDATE BEST LOG-LIKELIHOOD: -2196.141
Iteration 30 / LogL: -2196.149 / Time: 0h:0m:1s (0h:0m:0s left)
Iteration 40 / LogL: -2196.145 / Time: 0h:0m:1s (0h:0m:0s left)
Iteration 50 / LogL: -2196.149 / Time: 0h:0m:1s (0h:0m:0s left)
Log-likelihood cutoff on original alignment: -2215.948
Iteration 60 / LogL: -2196.161 / Time: 0h:0m:2s (0h:0m:0s left)
Iteration 70 / LogL: -2196.214 / Time: 0h:0m:2s (0h:0m:0s left)
Iteration 80 / LogL: -2196.346 / Time: 0h:0m:2s (0h:0m:0s left)
Iteration 90 / LogL: -2196.155 / Time: 0h:0m:2s (0h:0m:0s left)
Iteration 100 / LogL: -2196.161 / Time: 0h:0m:2s (0h:0m:0s left)
Log-likelihood cutoff on original alignment: -2215.085
NOTE: Bootstrap correlation coefficient of split occurrence frequencies: 1.000
TREE SEARCH COMPLETED AFTER 102 ITERATIONS / Time: 0h:0m:2s

--------------------------------------------------------------------
|                    FINALIZING TREE SEARCH                        |
--------------------------------------------------------------------
Performs final model parameters optimization
Estimate model parameters (epsilon = 0.010)
1. Initial log-likelihood: -2196.141
Optimal log-likelihood: -2196.141
Rate parameters:  A-C: 1.00000  A-G: 6.67933  A-T: 1.00000  C-G: 1.00000  C-T: 6.67933  G-T: 1.00000
Base frequencies:  A: 0.229  C: 0.242  G: 0.310  T: 0.219
Gamma shape alpha: 0.220
Parameters optimization took 1 rounds (0.001 sec)
BEST SCORE FOUND : -2196.141
Creating bootstrap support values...
Split supports printed to NEXUS file per_gene_alignments_codon/LOC101406860_.aln.splits.nex
Total tree length: 0.202

Total number of iterations: 102
CPU time used for tree search: 0.975 sec (0h:0m:0s)
Wall-clock time used for tree search: 1.501 sec (0h:0m:1s)
Total CPU time used: 1.795 sec (0h:0m:1s)
Total wall-clock time used: 2.928 sec (0h:0m:2s)

Computing bootstrap consensus tree...
Reading input file per_gene_alignments_codon/LOC101406860_.aln.splits.nex...
7 taxa and 24 splits.
Consensus tree written to per_gene_alignments_codon/LOC101406860_.aln.contree
Reading input trees file per_gene_alignments_codon/LOC101406860_.aln.contree
Log-likelihood of consensus tree: -2196.141

Analysis results written to: 
  IQ-TREE report:                per_gene_alignments_codon/LOC101406860_.aln.iqtree
  Maximum-likelihood tree:       per_gene_alignments_codon/LOC101406860_.aln.treefile
  Likelihood distances:          per_gene_alignments_codon/LOC101406860_.aln.mldist

Ultrafast bootstrap approximation results written to:
  Split support values:          per_gene_alignments_codon/LOC101406860_.aln.splits.nex
  Consensus tree:                per_gene_alignments_codon/LOC101406860_.aln.contree
  Screen log file:               per_gene_alignments_codon/LOC101406860_.aln.log

Date and Time: Thu Oct 30 21:38:32 2025
