IQ-TREE multicore version 2.3.3 COVID-edition for Linux x86 64-bit built Apr 25 2024
Developed by Bui Quang Minh, James Barbetti, Nguyen Lam Tung, Olga Chernomor,
Heiko Schmidt, Dominik Schrempf, Michael Woodhams, Ly Trong Nhan, Thomas Wong

Host:    morpheus-OptiPlex-5050 (AVX2, FMA3, 503 GB RAM)
Command: iqtree2 -s per_gene_alignments_codon/LOC101395796_.aln.fna -m MFP -T 1 -B 1000 --prefix per_gene_alignments_codon/LOC101395796_.aln
Seed:    340022 (Using SPRNG - Scalable Parallel Random Number Generator)
Time:    Thu Oct 30 21:30:56 2025
Kernel:  AVX+FMA - 1 threads (72 CPU cores detected)

HINT: Use -nt option to specify number of threads because your CPU has 72 cores!
HINT: -nt AUTO will automatically determine the best number of threads to use.

Reading alignment file per_gene_alignments_codon/LOC101395796_.aln.fna ... Fasta format detected
Reading fasta file: done in 0.000302076 secs using 99.31% CPU
Alignment most likely contains DNA/RNA sequences
Alignment has 7 sequences with 999 columns, 87 distinct patterns
75 parsimony-informative, 128 singleton sites, 796 constant sites
                     Gap/Ambiguity  Composition  p-value
Analyzing sequences: done in 1.50204e-05 secs using 93.21% CPU
   1  Ceratotherium_simum    0.00%    passed     99.06%
   2  Diceros_bicornis       0.00%    passed     93.27%
   3  Equus_asinus           0.00%    passed     99.91%
   4  Equus_quagga           0.00%    passed     99.78%
   5  Equus_caballus         0.00%    passed     99.33%
   6  Canis_lupus            0.00%    passed     94.38%
   7  Bos_taurus             0.30%    passed     62.30%
****  TOTAL                  0.04%  0 sequences failed composition chi2 test (p-value<5%; df=3)


Create initial parsimony tree by phylogenetic likelihood library (PLL)... 0.000 seconds
Perform fast likelihood tree search using GTR+I+G model...
Estimate model parameters (epsilon = 5.000)
Perform nearest neighbor interchange...
Estimate model parameters (epsilon = 1.000)
1. Initial log-likelihood: -2553.193
Optimal log-likelihood: -2553.187
Rate parameters:  A-C: 1.28899  A-G: 3.74019  A-T: 0.25163  C-G: 1.04052  C-T: 3.50997  G-T: 1.00000
Base frequencies:  A: 0.291  C: 0.214  G: 0.254  T: 0.241
Proportion of invariable sites: 0.395
Gamma shape alpha: 1.483
Parameters optimization took 1 rounds (0.002 sec)
Time for fast ML tree search: 0.072 seconds

NOTE: ModelFinder requires 0 MB RAM!
ModelFinder will test up to 484 DNA models (sample size: 999) ...
 No. Model         -LnL         df  AIC          AICc         BIC
  1  GTR+F         2565.997     19  5169.995     5170.771     5263.223
  2  GTR+F+I       2553.483     20  5146.965     5147.824     5245.101
  3  GTR+F+G4      2553.174     20  5146.348     5147.207     5244.483
  4  GTR+F+I+G4    2553.187     21  5148.375     5149.321     5251.417
  5  GTR+F+R2      2554.115     21  5150.230     5151.176     5253.272
  6  GTR+F+R3      2553.254     23  5152.509     5153.641     5265.364
 14  GTR+F+I+R2    2553.261     22  5150.523     5151.560     5258.471
 15  GTR+F+I+R3    2553.233     24  5154.467     5155.699     5272.229
 24  SYM+I         2559.322     17  5152.643     5153.267     5236.058
 25  SYM+G4        2559.031     17  5152.063     5152.687     5235.478
 26  SYM+I+G4      2559.049     18  5154.099     5154.797     5242.420
 27  SYM+R2        2559.918     18  5155.835     5156.533     5244.157
 46  TVM+F+I       2553.526     19  5145.053     5145.829     5238.281
 47  TVM+F+G4      2553.235     19  5144.470     5145.247     5237.699
 48  TVM+F+I+G4    2553.249     20  5146.498     5147.357     5244.633
 49  TVM+F+R2      2554.179     20  5148.358     5149.217     5246.493
 68  TVMe+I        2560.239     16  5152.477     5153.031     5230.985
 69  TVMe+G4       2560.017     16  5152.034     5152.588     5230.542
 70  TVMe+I+G4     2560.032     17  5154.065     5154.689     5237.480
 71  TVMe+R2       2561.017     17  5156.034     5156.658     5239.449
 90  TIM3+F+I      2557.186     18  5150.371     5151.069     5238.693
 91  TIM3+F+G4     2556.860     18  5149.720     5150.418     5238.042
 92  TIM3+F+I+G4   2556.879     19  5151.757     5152.533     5244.985
 93  TIM3+F+R2     2557.816     19  5153.633     5154.409     5246.861
112  TIM3e+I       2562.680     15  5155.359     5155.848     5228.961
113  TIM3e+G4      2562.348     15  5154.696     5155.184     5228.297
114  TIM3e+I+G4    2562.372     16  5156.743     5157.297     5235.251
115  TIM3e+R2      2563.361     16  5158.721     5159.275     5237.230
134  TIM2+F+I      2559.711     18  5155.423     5156.121     5243.744
135  TIM2+F+G4     2559.297     18  5154.593     5155.291     5242.915
136  TIM2+F+I+G4   2559.314     19  5156.629     5157.405     5249.857
137  TIM2+F+R2     2560.235     19  5158.470     5159.246     5251.698
156  TIM2e+I       2564.703     15  5159.406     5159.895     5233.008
157  TIM2e+G4      2564.311     15  5158.622     5159.110     5232.223
158  TIM2e+I+G4    2564.333     16  5160.665     5161.219     5239.174
159  TIM2e+R2      2565.322     16  5162.643     5163.197     5241.151
178  TIM+F+I       2557.828     18  5151.656     5152.354     5239.978
179  TIM+F+G4      2557.494     18  5150.987     5151.685     5239.309
180  TIM+F+I+G4    2557.517     19  5153.034     5153.810     5246.262
181  TIM+F+R2      2558.468     19  5154.937     5155.713     5248.165
200  TIMe+I        2562.630     15  5155.259     5155.747     5228.860
201  TIMe+G4       2562.300     15  5154.601     5155.089     5228.202
202  TIMe+I+G4     2562.327     16  5156.654     5157.208     5235.162
203  TIMe+R2       2563.360     16  5158.720     5159.274     5237.228
222  TPM3u+F+I     2557.225     17  5148.451     5149.075     5231.866
223  TPM3u+F+G4    2556.914     17  5147.829     5148.453     5231.244
224  TPM3u+F+I+G4  2556.933     18  5149.867     5150.565     5238.188
225  TPM3u+F+R2    2557.870     18  5151.739     5152.437     5240.061
244  TPM3+I        2563.586     14  5155.172     5155.599     5223.866
245  TPM3+G4       2563.322     14  5154.644     5155.071     5223.339
246  TPM3+I+G4     2563.342     15  5156.684     5157.173     5230.286
247  TPM3+R2       2564.345     15  5158.690     5159.178     5232.292
266  TPM2u+F+I     2559.775     17  5153.550     5154.174     5236.965
267  TPM2u+F+G4    2559.375     17  5152.750     5153.374     5236.165
268  TPM2u+F+I+G4  2559.393     18  5154.785     5155.483     5243.107
269  TPM2u+F+R2    2560.318     18  5156.636     5157.334     5244.958
288  TPM2+I        2565.662     14  5159.324     5159.751     5228.019
289  TPM2+G4       2565.324     14  5158.648     5159.074     5227.342
290  TPM2+I+G4     2565.342     15  5160.684     5161.172     5234.285
291  TPM2+R2       2566.345     15  5162.690     5163.179     5236.292
310  K3Pu+F+I      2557.885     17  5149.771     5150.395     5233.186
311  K3Pu+F+G4     2557.566     17  5149.133     5149.757     5232.548
312  K3Pu+F+I+G4   2557.587     18  5151.175     5151.873     5239.496
313  K3Pu+F+R2     2558.548     18  5153.097     5153.795     5241.418
332  K3P+I         2563.582     14  5155.164     5155.591     5223.859
333  K3P+G4        2563.308     14  5154.616     5155.043     5223.310
334  K3P+I+G4      2563.329     15  5156.658     5157.146     5230.259
335  K3P+R2        2564.374     15  5158.747     5159.236     5232.349
354  TN+F+I        2560.388     17  5154.777     5155.401     5238.191
355  TN+F+G4       2560.013     17  5154.026     5154.650     5237.441
356  TN+F+I+G4     2560.038     18  5156.076     5156.774     5244.397
357  TN+F+R2       2561.005     18  5158.009     5158.707     5246.331
376  TNe+I         2565.063     14  5158.126     5158.553     5226.821
377  TNe+G4        2564.695     14  5157.390     5157.817     5226.084
378  TNe+I+G4      2564.720     15  5159.441     5159.929     5233.042
379  TNe+R2        2565.749     15  5161.498     5161.986     5235.099
398  HKY+F+I       2560.444     16  5152.887     5153.441     5231.395
399  HKY+F+G4      2560.081     16  5152.163     5152.717     5230.671
400  HKY+F+I+G4    2560.104     17  5154.208     5154.831     5237.622
401  HKY+F+R2      2561.074     17  5156.147     5156.771     5239.562
420  K2P+I         2566.008     13  5158.016     5158.385     5221.803
421  K2P+G4        2565.693     13  5157.386     5157.756     5221.174
422  K2P+I+G4      2565.715     14  5159.429     5159.856     5228.124
423  K2P+R2        2566.775     14  5161.550     5161.977     5230.245
442  F81+F+I       2609.747     15  5249.494     5249.982     5323.095
443  F81+F+G4      2609.314     15  5248.627     5249.116     5322.229
444  F81+F+I+G4    2609.412     16  5250.823     5251.377     5329.331
445  F81+F+R2      2610.269     16  5252.538     5253.092     5331.046
464  JC+I          2616.314     12  5256.628     5256.945     5315.509
465  JC+G4         2615.887     12  5255.774     5256.090     5314.655
466  JC+I+G4       2615.994     13  5257.988     5258.357     5321.776
467  JC+R2         2616.894     13  5259.788     5260.157     5323.576
Akaike Information Criterion:           TVM+F+G4
Corrected Akaike Information Criterion: TVM+F+G4
Bayesian Information Criterion:         K2P+G4
Best-fit model: K2P+G4 chosen according to BIC

All model information printed to per_gene_alignments_codon/LOC101395796_.aln.model.gz
CPU time for ModelFinder: 0.865 seconds (0h:0m:0s)
Wall-clock time for ModelFinder: 1.599 seconds (0h:0m:1s)
Generating 1000 samples for ultrafast bootstrap (seed: 340022)...

NOTE: 0 MB RAM (0 GB) is required!
Estimate model parameters (epsilon = 0.100)
1. Initial log-likelihood: -2565.693
Optimal log-likelihood: -2565.693
Rate parameters:  A-C: 1.00000  A-G: 4.20510  A-T: 1.00000  C-G: 1.00000  C-T: 4.20510  G-T: 1.00000
Base frequencies:  A: 0.250  C: 0.250  G: 0.250  T: 0.250
Gamma shape alpha: 0.443
Parameters optimization took 1 rounds (0.001 sec)
Wrote distance file to... 
Computing ML distances based on estimated model parameters...
Calculating distance matrix: done in 0.000491858 secs using 99.83% CPU
Computing ML distances took 0.000547 sec (of wall-clock time) 0.000553 sec (of CPU time)
Setting up auxiliary I and S matrices: done in 5.50747e-05 secs using 203.4% CPU
Computing RapidNJ tree took 0.000162 sec (of wall-clock time) 0.000322 sec (of CPU time)
Log-likelihood of RapidNJ tree: -2565.695
--------------------------------------------------------------------
|             INITIALIZING CANDIDATE TREE SET                      |
--------------------------------------------------------------------
Generating 99 parsimony trees... 0.037 second
Computing log-likelihood of 38 initial trees ... 0.015 seconds
Current best score: -2565.693

Do NNI search on 20 best initial trees
Estimate model parameters (epsilon = 0.100)
BETTER TREE FOUND at iteration 1: -2565.693
Iteration 10 / LogL: -2565.734 / Time: 0h:0m:1s
Iteration 20 / LogL: -2565.698 / Time: 0h:0m:1s
Finish initializing candidate tree set (1)
Current best tree score: -2565.693 / CPU time: 0.180
Number of iterations: 20
--------------------------------------------------------------------
|               OPTIMIZING CANDIDATE TREE SET                      |
--------------------------------------------------------------------
UPDATE BEST LOG-LIKELIHOOD: -2565.693
UPDATE BEST LOG-LIKELIHOOD: -2565.693
Iteration 30 / LogL: -2565.698 / Time: 0h:0m:2s (0h:0m:0s left)
Iteration 40 / LogL: -2565.693 / Time: 0h:0m:2s (0h:0m:0s left)
Iteration 50 / LogL: -2565.724 / Time: 0h:0m:2s (0h:0m:0s left)
Log-likelihood cutoff on original alignment: -2588.893
Iteration 60 / LogL: -2565.698 / Time: 0h:0m:2s (0h:0m:0s left)
Iteration 70 / LogL: -2565.893 / Time: 0h:0m:2s (0h:0m:0s left)
Iteration 80 / LogL: -2565.721 / Time: 0h:0m:2s (0h:0m:0s left)
Iteration 90 / LogL: -2565.693 / Time: 0h:0m:2s (0h:0m:0s left)
Iteration 100 / LogL: -2565.904 / Time: 0h:0m:3s (0h:0m:0s left)
Log-likelihood cutoff on original alignment: -2588.895
NOTE: Bootstrap correlation coefficient of split occurrence frequencies: 0.999
TREE SEARCH COMPLETED AFTER 102 ITERATIONS / Time: 0h:0m:3s

--------------------------------------------------------------------
|                    FINALIZING TREE SEARCH                        |
--------------------------------------------------------------------
Performs final model parameters optimization
Estimate model parameters (epsilon = 0.010)
1. Initial log-likelihood: -2565.693
Optimal log-likelihood: -2565.693
Rate parameters:  A-C: 1.00000  A-G: 4.20576  A-T: 1.00000  C-G: 1.00000  C-T: 4.20576  G-T: 1.00000
Base frequencies:  A: 0.250  C: 0.250  G: 0.250  T: 0.250
Gamma shape alpha: 0.442
Parameters optimization took 1 rounds (0.001 sec)
BEST SCORE FOUND : -2565.693
Creating bootstrap support values...
Split supports printed to NEXUS file per_gene_alignments_codon/LOC101395796_.aln.splits.nex
Total tree length: 0.284

Total number of iterations: 102
CPU time used for tree search: 1.165 sec (0h:0m:1s)
Wall-clock time used for tree search: 1.521 sec (0h:0m:1s)
Total CPU time used: 2.103 sec (0h:0m:2s)
Total wall-clock time used: 3.221 sec (0h:0m:3s)

Computing bootstrap consensus tree...
Reading input file per_gene_alignments_codon/LOC101395796_.aln.splits.nex...
7 taxa and 16 splits.
Consensus tree written to per_gene_alignments_codon/LOC101395796_.aln.contree
Reading input trees file per_gene_alignments_codon/LOC101395796_.aln.contree
Log-likelihood of consensus tree: -2565.695

Analysis results written to: 
  IQ-TREE report:                per_gene_alignments_codon/LOC101395796_.aln.iqtree
  Maximum-likelihood tree:       per_gene_alignments_codon/LOC101395796_.aln.treefile
  Likelihood distances:          per_gene_alignments_codon/LOC101395796_.aln.mldist

Ultrafast bootstrap approximation results written to:
  Split support values:          per_gene_alignments_codon/LOC101395796_.aln.splits.nex
  Consensus tree:                per_gene_alignments_codon/LOC101395796_.aln.contree
  Screen log file:               per_gene_alignments_codon/LOC101395796_.aln.log

Date and Time: Thu Oct 30 21:30:59 2025
