IQ-TREE multicore version 2.3.3 COVID-edition for Linux x86 64-bit built Apr 25 2024
Developed by Bui Quang Minh, James Barbetti, Nguyen Lam Tung, Olga Chernomor,
Heiko Schmidt, Dominik Schrempf, Michael Woodhams, Ly Trong Nhan, Thomas Wong

Host:    morpheus-OptiPlex-5050 (AVX2, FMA3, 503 GB RAM)
Command: iqtree2 -s per_gene_alignments_codon/LOC101390484_.aln.fna -m MFP -T 1 -B 1000 --prefix per_gene_alignments_codon/LOC101390484_.aln
Seed:    474532 (Using SPRNG - Scalable Parallel Random Number Generator)
Time:    Thu Oct 30 21:27:15 2025
Kernel:  AVX+FMA - 1 threads (72 CPU cores detected)

HINT: Use -nt option to specify number of threads because your CPU has 72 cores!
HINT: -nt AUTO will automatically determine the best number of threads to use.

Reading alignment file per_gene_alignments_codon/LOC101390484_.aln.fna ... Fasta format detected
Reading fasta file: done in 0.00018692 secs
Alignment most likely contains DNA/RNA sequences
Alignment has 7 sequences with 429 columns, 34 distinct patterns
30 parsimony-informative, 20 singleton sites, 379 constant sites
                     Gap/Ambiguity  Composition  p-value
Analyzing sequences: done in 1.09673e-05 secs
   1  Ceratotherium_simum    0.00%    passed     87.57%
   2  Diceros_bicornis       0.00%    passed     64.22%
   3  Equus_asinus           0.00%    passed     98.23%
   4  Equus_quagga           0.00%    passed     98.23%
   5  Equus_caballus         0.00%    passed     99.59%
   6  Canis_lupus            0.00%    passed     72.81%
   7  Bos_taurus             0.00%    passed     98.93%
****  TOTAL                  0.00%  0 sequences failed composition chi2 test (p-value<5%; df=3)
NOTE: Equus_quagga is identical to Equus_asinus but kept for subsequent analysis


Create initial parsimony tree by phylogenetic likelihood library (PLL)... 0.000 seconds
Perform fast likelihood tree search using GTR+I+G model...
Estimate model parameters (epsilon = 5.000)
Perform nearest neighbor interchange...
Estimate model parameters (epsilon = 1.000)
1. Initial log-likelihood: -883.975
Optimal log-likelihood: -883.873
Rate parameters:  A-C: 0.26982  A-G: 0.42739  A-T: 0.00010  C-G: 0.33155  C-T: 3.57027  G-T: 1.00000
Warning! Some parameters hit the boundaries
Base frequencies:  A: 0.180  C: 0.351  G: 0.349  T: 0.120
Proportion of invariable sites: 0.432
Gamma shape alpha: 0.324
Parameters optimization took 1 rounds (0.023 sec)
Time for fast ML tree search: 0.055 seconds

NOTE: ModelFinder requires 0 MB RAM!
ModelFinder will test up to 484 DNA models (sample size: 429) ...
 No. Model         -LnL         df  AIC          AICc         BIC
  1  GTR+F         895.307      19  1828.614     1830.473     1905.782
  2  GTR+F+I       882.780      20  1805.560     1807.618     1886.789
  3  GTR+F+G4      882.879      20  1805.757     1807.816     1886.987
  4  GTR+F+I+G4    883.577      21  1809.153     1811.424     1894.444
  5  GTR+F+R2      884.966      21  1811.933     1814.203     1897.223
  6  GTR+F+R3      884.300      23  1814.600     1817.326     1908.014
 14  GTR+F+I+R2    883.456      22  1810.912     1813.404     1900.264
 15  GTR+F+I+R3    883.535      24  1815.070     1818.041     1912.545
 24  SYM+I         924.801      17  1883.602     1885.091     1952.647
 25  SYM+G4        924.661      17  1883.321     1884.810     1952.366
 26  SYM+I+G4      924.874      18  1885.747     1887.415     1958.853
 46  TVM+F+I       894.285      19  1826.571     1828.429     1903.738
 47  TVM+F+G4      895.287      19  1828.575     1830.433     1905.742
 48  TVM+F+I+G4    894.325      20  1828.650     1830.708     1909.879
 68  TVMe+I        931.414      16  1894.827     1896.148     1959.811
 69  TVMe+G4       931.407      16  1894.814     1896.135     1959.797
 70  TVMe+I+G4     931.240      17  1896.480     1897.969     1965.525
 90  TIM3+F+I      884.157      18  1804.314     1805.982     1877.420
 91  TIM3+F+G4     884.477      18  1804.954     1806.623     1878.061
 92  TIM3+F+I+G4   885.051      19  1808.101     1809.959     1885.269
112  TIM3e+I       928.261      15  1886.523     1887.685     1947.445
113  TIM3e+G4      928.267      15  1886.535     1887.697     1947.457
114  TIM3e+I+G4    928.261      16  1888.523     1889.843     1953.506
134  TIM2+F+I      884.054      18  1804.108     1805.777     1877.214
135  TIM2+F+G4     884.232      18  1804.465     1806.133     1877.571
136  TIM2+F+I+G4   884.646      19  1807.291     1809.149     1884.459
156  TIM2e+I       925.825      15  1881.649     1882.812     1942.571
157  TIM2e+G4      925.822      15  1881.645     1882.807     1942.567
158  TIM2e+I+G4    925.805      16  1883.609     1884.929     1948.592
178  TIM+F+I       885.050      18  1806.101     1807.769     1879.207
179  TIM+F+G4      885.282      18  1806.565     1808.233     1879.671
180  TIM+F+I+G4    885.683      19  1809.366     1811.224     1886.533
200  TIMe+I        928.302      15  1886.604     1887.766     1947.526
201  TIMe+G4       928.307      15  1886.614     1887.777     1947.536
202  TIMe+I+G4     928.301      16  1888.603     1889.923     1953.586
222  TPM3u+F+I     895.490      17  1824.980     1826.469     1894.024
223  TPM3u+F+G4    896.862      17  1827.723     1829.212     1896.768
224  TPM3u+F+I+G4  895.672      18  1827.344     1829.013     1900.451
244  TPM3+I        935.170      14  1898.341     1899.355     1955.201
245  TPM3+G4       935.160      14  1898.320     1899.335     1955.181
246  TPM3+I+G4     935.085      15  1900.170     1901.332     1961.092
266  TPM2u+F+I     895.367      17  1824.734     1826.223     1893.778
267  TPM2u+F+G4    896.400      17  1826.799     1828.288     1895.844
268  TPM2u+F+I+G4  895.373      18  1826.747     1828.415     1899.853
288  TPM2+I        932.352      14  1892.703     1893.718     1949.563
289  TPM2+G4       932.332      14  1892.664     1893.678     1949.524
290  TPM2+I+G4     932.143      15  1894.287     1895.449     1955.209
310  K3Pu+F+I      896.020      17  1826.040     1827.529     1895.085
311  K3Pu+F+G4     897.232      17  1828.464     1829.954     1897.509
312  K3Pu+F+I+G4   896.191      18  1828.382     1830.050     1901.488
332  K3P+I         935.051      14  1898.102     1899.117     1954.963
333  K3P+G4        935.047      14  1898.093     1899.108     1954.953
334  K3P+I+G4      934.945      15  1899.891     1901.053     1960.813
354  TN+F+I        885.074      17  1804.149     1805.638     1873.194
355  TN+F+G4       885.318      17  1804.635     1806.124     1873.680
356  TN+F+I+G4     885.691      18  1807.381     1809.049     1880.487
376  TNe+I         928.603      14  1885.206     1886.221     1942.067
377  TNe+G4        928.620      14  1885.240     1886.254     1942.100
378  TNe+I+G4      928.642      15  1887.284     1888.446     1948.206
398  HKY+F+I       896.166      16  1824.333     1825.653     1889.316
399  HKY+F+G4      897.345      16  1826.690     1828.011     1891.674
400  HKY+F+I+G4    896.299      17  1826.598     1828.087     1895.643
420  K2P+I         935.399      13  1896.798     1897.675     1949.597
421  K2P+G4        935.395      13  1896.790     1897.667     1949.589
422  K2P+I+G4      935.319      14  1898.639     1899.653     1955.499
442  F81+F+I       910.301      15  1850.601     1851.763     1911.523
443  F81+F+G4      910.338      15  1850.676     1851.838     1911.598
444  F81+F+I+G4    910.192      16  1852.384     1853.704     1917.367
464  JC+I          942.766      12  1909.531     1910.281     1958.269
465  JC+G4         942.743      12  1909.486     1910.236     1958.224
466  JC+I+G4       942.662      13  1911.324     1912.201     1964.123
Akaike Information Criterion:           TIM2+F+I
Corrected Akaike Information Criterion: TN+F+I
Bayesian Information Criterion:         TN+F+I
Best-fit model: TN+F+I chosen according to BIC

All model information printed to per_gene_alignments_codon/LOC101390484_.aln.model.gz
CPU time for ModelFinder: 0.485 seconds (0h:0m:0s)
Wall-clock time for ModelFinder: 0.938 seconds (0h:0m:0s)
Generating 1000 samples for ultrafast bootstrap (seed: 474532)...

NOTE: 0 MB RAM (0 GB) is required!
Estimate model parameters (epsilon = 0.100)
1. Initial log-likelihood: -885.074
Optimal log-likelihood: -885.074
Rate parameters:  A-C: 1.00000  A-G: 1.21373  A-T: 1.00000  C-G: 1.00000  C-T: 13.55297  G-T: 1.00000
Base frequencies:  A: 0.180  C: 0.351  G: 0.349  T: 0.120
Proportion of invariable sites: 0.782
Parameters optimization took 1 rounds (0.000 sec)
Wrote distance file to... 
Computing ML distances based on estimated model parameters...
Calculating distance matrix: done in 0.000171185 secs using 98.72% CPU
Computing ML distances took 0.000211 sec (of wall-clock time) 0.000217 sec (of CPU time)
Setting up auxiliary I and S matrices: done in 4.69685e-05 secs using 189.5% CPU
Computing RapidNJ tree took 0.000143 sec (of wall-clock time) 0.000280 sec (of CPU time)
Log-likelihood of RapidNJ tree: -885.075
--------------------------------------------------------------------
|             INITIALIZING CANDIDATE TREE SET                      |
--------------------------------------------------------------------
Generating 99 parsimony trees... 0.050 second
Computing log-likelihood of 49 initial trees ... 0.011 seconds
Current best score: -885.074

Do NNI search on 20 best initial trees
Estimate model parameters (epsilon = 0.100)
BETTER TREE FOUND at iteration 1: -885.074
UPDATE BEST LOG-LIKELIHOOD: -885.074
UPDATE BEST LOG-LIKELIHOOD: -885.074
Iteration 10 / LogL: -885.075 / Time: 0h:0m:1s
Iteration 20 / LogL: -885.074 / Time: 0h:0m:1s
Finish initializing candidate tree set (4)
Current best tree score: -885.074 / CPU time: 0.125
Number of iterations: 20
--------------------------------------------------------------------
|               OPTIMIZING CANDIDATE TREE SET                      |
--------------------------------------------------------------------
UPDATE BEST LOG-LIKELIHOOD: -885.074
UPDATE BEST LOG-LIKELIHOOD: -885.074
Iteration 30 / LogL: -885.074 / Time: 0h:0m:1s (0h:0m:0s left)
UPDATE BEST LOG-LIKELIHOOD: -885.074
UPDATE BEST LOG-LIKELIHOOD: -885.074
Iteration 40 / LogL: -885.075 / Time: 0h:0m:1s (0h:0m:0s left)
WARNING: NNI search needs unusual large number of steps (7) to converge!
Iteration 50 / LogL: -885.074 / Time: 0h:0m:1s (0h:0m:0s left)
Log-likelihood cutoff on original alignment: -901.225
Iteration 60 / LogL: -885.074 / Time: 0h:0m:1s (0h:0m:0s left)
UPDATE BEST LOG-LIKELIHOOD: -885.074
Iteration 70 / LogL: -896.301 / Time: 0h:0m:1s (0h:0m:0s left)
UPDATE BEST LOG-LIKELIHOOD: -885.074
UPDATE BEST LOG-LIKELIHOOD: -885.074
UPDATE BEST LOG-LIKELIHOOD: -885.074
Iteration 80 / LogL: -885.074 / Time: 0h:0m:1s (0h:0m:0s left)
WARNING: NNI search needs unusual large number of steps (7) to converge!
UPDATE BEST LOG-LIKELIHOOD: -885.074
Iteration 90 / LogL: -885.075 / Time: 0h:0m:1s (0h:0m:0s left)
Iteration 100 / LogL: -885.074 / Time: 0h:0m:2s (0h:0m:0s left)
Log-likelihood cutoff on original alignment: -902.327
NOTE: Bootstrap correlation coefficient of split occurrence frequencies: 0.999
TREE SEARCH COMPLETED AFTER 102 ITERATIONS / Time: 0h:0m:2s

--------------------------------------------------------------------
|                    FINALIZING TREE SEARCH                        |
--------------------------------------------------------------------
Performs final model parameters optimization
Estimate model parameters (epsilon = 0.010)
1. Initial log-likelihood: -885.074
Optimal log-likelihood: -885.074
Rate parameters:  A-C: 1.00000  A-G: 1.21494  A-T: 1.00000  C-G: 1.00000  C-T: 13.55752  G-T: 1.00000
Base frequencies:  A: 0.180  C: 0.351  G: 0.349  T: 0.120
Proportion of invariable sites: 0.782
Parameters optimization took 1 rounds (0.000 sec)
BEST SCORE FOUND : -885.074
Creating bootstrap support values...
Split supports printed to NEXUS file per_gene_alignments_codon/LOC101390484_.aln.splits.nex
Total tree length: 0.238

Total number of iterations: 102
CPU time used for tree search: 1.017 sec (0h:0m:1s)
Wall-clock time used for tree search: 1.134 sec (0h:0m:1s)
Total CPU time used: 1.559 sec (0h:0m:1s)
Total wall-clock time used: 2.150 sec (0h:0m:2s)

Computing bootstrap consensus tree...
Reading input file per_gene_alignments_codon/LOC101390484_.aln.splits.nex...
7 taxa and 30 splits.
Consensus tree written to per_gene_alignments_codon/LOC101390484_.aln.contree
Reading input trees file per_gene_alignments_codon/LOC101390484_.aln.contree
Log-likelihood of consensus tree: -885.075

Analysis results written to: 
  IQ-TREE report:                per_gene_alignments_codon/LOC101390484_.aln.iqtree
  Maximum-likelihood tree:       per_gene_alignments_codon/LOC101390484_.aln.treefile
  Likelihood distances:          per_gene_alignments_codon/LOC101390484_.aln.mldist

Ultrafast bootstrap approximation results written to:
  Split support values:          per_gene_alignments_codon/LOC101390484_.aln.splits.nex
  Consensus tree:                per_gene_alignments_codon/LOC101390484_.aln.contree
  Screen log file:               per_gene_alignments_codon/LOC101390484_.aln.log

Date and Time: Thu Oct 30 21:27:18 2025
