IQ-TREE multicore version 2.3.3 COVID-edition for Linux x86 64-bit built Apr 25 2024
Developed by Bui Quang Minh, James Barbetti, Nguyen Lam Tung, Olga Chernomor,
Heiko Schmidt, Dominik Schrempf, Michael Woodhams, Ly Trong Nhan, Thomas Wong

Host:    morpheus-OptiPlex-5050 (AVX2, FMA3, 503 GB RAM)
Command: iqtree2 -s per_gene_alignments_codon/LOC101401133_.aln.fna -m MFP -T 1 -B 1000 --prefix per_gene_alignments_codon/LOC101401133_.aln
Seed:    789782 (Using SPRNG - Scalable Parallel Random Number Generator)
Time:    Thu Oct 30 21:34:35 2025
Kernel:  AVX+FMA - 1 threads (72 CPU cores detected)

HINT: Use -nt option to specify number of threads because your CPU has 72 cores!
HINT: -nt AUTO will automatically determine the best number of threads to use.

Reading alignment file per_gene_alignments_codon/LOC101401133_.aln.fna ... Fasta format detected
Reading fasta file: done in 0.000216961 secs
Alignment most likely contains DNA/RNA sequences
Alignment has 7 sequences with 570 columns, 33 distinct patterns
15 parsimony-informative, 32 singleton sites, 523 constant sites
                     Gap/Ambiguity  Composition  p-value
Analyzing sequences: done in 1.19209e-05 secs
   1  Ceratotherium_simum    0.00%    passed     98.87%
   2  Diceros_bicornis       0.00%    passed     97.72%
   3  Equus_asinus           0.00%    passed     99.34%
   4  Equus_quagga           0.00%    passed     98.90%
   5  Equus_caballus         0.00%    passed     97.60%
   6  Canis_lupus            0.00%    passed     98.16%
   7  Bos_taurus             0.00%    passed     99.37%
****  TOTAL                  0.00%  0 sequences failed composition chi2 test (p-value<5%; df=3)


Create initial parsimony tree by phylogenetic likelihood library (PLL)... 0.000 seconds
Perform fast likelihood tree search using GTR+I+G model...
Estimate model parameters (epsilon = 5.000)
Perform nearest neighbor interchange...
Estimate model parameters (epsilon = 1.000)
1. Initial log-likelihood: -1054.618
Optimal log-likelihood: -1054.615
Rate parameters:  A-C: 0.99204  A-G: 3.28424  A-T: 0.47688  C-G: 0.57591  C-T: 4.45585  G-T: 1.00000
Base frequencies:  A: 0.362  C: 0.184  G: 0.238  T: 0.216
Proportion of invariable sites: 0.456
Gamma shape alpha: 998.443
Parameters optimization took 1 rounds (0.001 sec)
Time for fast ML tree search: 0.008 seconds

NOTE: ModelFinder requires 0 MB RAM!
ModelFinder will test up to 484 DNA models (sample size: 570) ...
 No. Model         -LnL         df  AIC          AICc         BIC
  1  GTR+F         1054.174     19  2146.348     2147.730     2228.915
  2  GTR+F+I       1054.174     20  2148.348     2149.878     2235.261
  3  GTR+F+G4      1054.174     20  2148.348     2149.879     2235.261
  4  GTR+F+I+G4    1054.612     21  2151.224     2152.910     2242.483
  5  GTR+F+R2      1054.353     21  2150.705     2152.391     2241.964
  6  GTR+F+R3      1054.417     23  2154.834     2156.856     2254.784
 14  GTR+F+I+R2    1054.900     22  2153.800     2155.650     2249.404
 15  GTR+F+I+R3    1054.816     24  2157.632     2159.834     2261.927
 23  SYM           1074.705     16  2181.410     2182.394     2250.940
 24  SYM+I         1074.705     17  2183.411     2184.519     2257.286
 25  SYM+G4        1074.705     17  2183.411     2184.519     2257.286
 45  TVM+F         1054.501     18  2145.002     2146.243     2223.223
 46  TVM+F+I       1054.501     19  2147.002     2148.383     2229.569
 47  TVM+F+G4      1054.501     19  2147.001     2148.383     2229.569
 67  TVMe          1074.727     15  2179.454     2180.320     2244.639
 68  TVMe+I        1074.726     16  2181.452     2182.435     2250.982
 69  TVMe+G4       1074.726     16  2181.452     2182.436     2250.982
 89  TIM3+F        1054.805     17  2143.610     2144.718     2217.485
 90  TIM3+F+I      1054.803     18  2145.607     2146.848     2223.828
 91  TIM3+F+G4     1054.804     18  2145.607     2146.849     2223.829
111  TIM3e         1075.288     14  2178.577     2179.334     2239.416
112  TIM3e+I       1075.288     15  2180.576     2181.443     2245.761
113  TIM3e+G4      1075.288     15  2180.577     2181.443     2245.761
133  TIM2+F        1054.823     17  2143.646     2144.755     2217.522
134  TIM2+F+I      1054.823     18  2145.646     2146.888     2223.868
135  TIM2+F+G4     1054.823     18  2145.647     2146.888     2223.868
155  TIM2e         1075.296     14  2178.593     2179.349     2239.432
156  TIM2e+I       1075.297     15  2180.594     2181.460     2245.778
157  TIM2e+G4      1075.297     15  2180.594     2181.460     2245.778
177  TIM+F         1054.194     17  2142.388     2143.497     2216.264
178  TIM+F+I       1054.194     18  2144.387     2145.629     2222.609
179  TIM+F+G4      1054.194     18  2144.388     2145.629     2222.609
199  TIMe          1074.710     14  2177.420     2178.176     2238.258
200  TIMe+I        1074.711     15  2179.422     2180.288     2244.606
201  TIMe+G4       1074.710     15  2179.420     2180.286     2244.605
221  TPM3u+F       1055.131     16  2142.261     2143.245     2211.792
222  TPM3u+F+I     1055.131     17  2144.261     2145.370     2218.137
223  TPM3u+F+G4    1055.131     17  2144.261     2145.370     2218.137
243  TPM3          1075.310     13  2176.619     2177.274     2233.112
244  TPM3+I        1075.309     14  2178.618     2179.375     2239.457
245  TPM3+G4       1075.309     14  2178.619     2179.375     2239.458
265  TPM2u+F       1055.150     16  2142.300     2143.284     2211.830
266  TPM2u+F+I     1055.151     17  2144.302     2145.410     2218.178
267  TPM2u+F+G4    1055.151     17  2144.301     2145.410     2218.177
287  TPM2          1075.317     13  2176.634     2177.289     2233.127
288  TPM2+I        1075.318     14  2178.635     2179.392     2239.474
289  TPM2+G4       1075.317     14  2178.635     2179.392     2239.474
309  K3Pu+F        1054.521     16  2141.042     2142.026     2210.572
310  K3Pu+F+I      1054.521     17  2143.042     2144.151     2216.918
311  K3Pu+F+G4     1054.521     17  2143.042     2144.151     2216.918
331  K3P           1074.731     13  2175.461     2176.116     2231.954
332  K3P+I         1074.730     14  2177.461     2178.218     2238.300
333  K3P+G4        1074.731     14  2177.462     2178.219     2238.301
353  TN+F          1054.853     16  2141.706     2142.690     2211.237
354  TN+F+I        1054.853     17  2143.707     2144.815     2217.583
355  TN+F+G4       1054.854     17  2143.708     2144.817     2217.584
375  TNe           1075.298     13  2176.595     2177.250     2233.089
376  TNe+I         1075.299     14  2178.598     2179.354     2239.436
377  TNe+G4        1075.299     14  2178.597     2179.354     2239.436
397  HKY+F         1055.180     15  2140.360     2141.226     2205.544
398  HKY+F+I       1055.180     16  2142.360     2143.344     2211.890
399  HKY+F+G4      1055.181     16  2142.361     2143.345     2211.892
419  K2P           1075.319     12  2174.637     2175.197     2226.785
420  K2P+I         1075.319     13  2176.638     2177.293     2233.132
421  K2P+G4        1075.319     13  2176.638     2177.293     2233.132
441  F81+F         1068.589     14  2165.177     2165.934     2226.016
442  F81+F+I       1068.589     15  2167.177     2168.044     2232.362
443  F81+F+G4      1068.589     15  2167.178     2168.044     2232.362
463  JC            1089.551     11  2201.103     2201.576     2248.905
464  JC+I          1089.551     12  2203.103     2203.663     2255.250
465  JC+G4         1089.552     12  2203.103     2203.664     2255.251
Akaike Information Criterion:           HKY+F
Corrected Akaike Information Criterion: HKY+F
Bayesian Information Criterion:         HKY+F
Best-fit model: HKY+F chosen according to BIC

All model information printed to per_gene_alignments_codon/LOC101401133_.aln.model.gz
CPU time for ModelFinder: 0.172 seconds (0h:0m:0s)
Wall-clock time for ModelFinder: 0.612 seconds (0h:0m:0s)
Generating 1000 samples for ultrafast bootstrap (seed: 789782)...

NOTE: 0 MB RAM (0 GB) is required!
Estimate model parameters (epsilon = 0.100)
1. Initial log-likelihood: -1055.180
Optimal log-likelihood: -1055.180
Rate parameters:  A-C: 1.00000  A-G: 4.74166  A-T: 1.00000  C-G: 1.00000  C-T: 4.74166  G-T: 1.00000
Base frequencies:  A: 0.362  C: 0.184  G: 0.238  T: 0.216
Parameters optimization took 1 rounds (0.000 sec)
Wrote distance file to... 
Computing ML distances based on estimated model parameters...
Calculating distance matrix: done in 0.00022912 secs using 99.51% CPU
Computing ML distances took 0.000268 sec (of wall-clock time) 0.000273 sec (of CPU time)
Setting up auxiliary I and S matrices: done in 4.60148e-05 secs using 193.4% CPU
Computing RapidNJ tree took 0.000151 sec (of wall-clock time) 0.000305 sec (of CPU time)
Log-likelihood of RapidNJ tree: -1055.182
--------------------------------------------------------------------
|             INITIALIZING CANDIDATE TREE SET                      |
--------------------------------------------------------------------
Generating 99 parsimony trees... 0.048 second
Computing log-likelihood of 37 initial trees ... 0.020 seconds
Current best score: -1055.180

Do NNI search on 20 best initial trees
Estimate model parameters (epsilon = 0.100)
BETTER TREE FOUND at iteration 1: -1055.180
Iteration 10 / LogL: -1055.189 / Time: 0h:0m:0s
Iteration 20 / LogL: -1055.226 / Time: 0h:0m:0s
Finish initializing candidate tree set (1)
Current best tree score: -1055.180 / CPU time: 0.118
Number of iterations: 20
--------------------------------------------------------------------
|               OPTIMIZING CANDIDATE TREE SET                      |
--------------------------------------------------------------------
Iteration 30 / LogL: -1055.607 / Time: 0h:0m:0s (0h:0m:0s left)
Iteration 40 / LogL: -1055.203 / Time: 0h:0m:0s (0h:0m:0s left)
Iteration 50 / LogL: -1055.204 / Time: 0h:0m:1s (0h:0m:0s left)
Log-likelihood cutoff on original alignment: -1086.252
Iteration 60 / LogL: -1055.183 / Time: 0h:0m:1s (0h:0m:0s left)
Iteration 70 / LogL: -1055.180 / Time: 0h:0m:1s (0h:0m:0s left)
Iteration 80 / LogL: -1055.203 / Time: 0h:0m:1s (0h:0m:0s left)
Iteration 90 / LogL: -1055.180 / Time: 0h:0m:1s (0h:0m:0s left)
Iteration 100 / LogL: -1055.180 / Time: 0h:0m:1s (0h:0m:0s left)
Log-likelihood cutoff on original alignment: -1086.252
NOTE: Bootstrap correlation coefficient of split occurrence frequencies: 0.999
TREE SEARCH COMPLETED AFTER 102 ITERATIONS / Time: 0h:0m:1s

--------------------------------------------------------------------
|                    FINALIZING TREE SEARCH                        |
--------------------------------------------------------------------
Performs final model parameters optimization
Estimate model parameters (epsilon = 0.010)
1. Initial log-likelihood: -1055.180
Optimal log-likelihood: -1055.180
Rate parameters:  A-C: 1.00000  A-G: 4.74607  A-T: 1.00000  C-G: 1.00000  C-T: 4.74607  G-T: 1.00000
Base frequencies:  A: 0.362  C: 0.184  G: 0.238  T: 0.216
Parameters optimization took 1 rounds (0.000 sec)
BEST SCORE FOUND : -1055.180
Creating bootstrap support values...
Split supports printed to NEXUS file per_gene_alignments_codon/LOC101401133_.aln.splits.nex
Total tree length: 0.086

Total number of iterations: 102
CPU time used for tree search: 0.833 sec (0h:0m:0s)
Wall-clock time used for tree search: 1.064 sec (0h:0m:1s)
Total CPU time used: 1.066 sec (0h:0m:1s)
Total wall-clock time used: 1.805 sec (0h:0m:1s)

Computing bootstrap consensus tree...
Reading input file per_gene_alignments_codon/LOC101401133_.aln.splits.nex...
7 taxa and 22 splits.
Consensus tree written to per_gene_alignments_codon/LOC101401133_.aln.contree
Reading input trees file per_gene_alignments_codon/LOC101401133_.aln.contree
Log-likelihood of consensus tree: -1055.182

Analysis results written to: 
  IQ-TREE report:                per_gene_alignments_codon/LOC101401133_.aln.iqtree
  Maximum-likelihood tree:       per_gene_alignments_codon/LOC101401133_.aln.treefile
  Likelihood distances:          per_gene_alignments_codon/LOC101401133_.aln.mldist

Ultrafast bootstrap approximation results written to:
  Split support values:          per_gene_alignments_codon/LOC101401133_.aln.splits.nex
  Consensus tree:                per_gene_alignments_codon/LOC101401133_.aln.contree
  Screen log file:               per_gene_alignments_codon/LOC101401133_.aln.log

Date and Time: Thu Oct 30 21:34:38 2025
