IQ-TREE multicore version 2.3.3 COVID-edition for Linux x86 64-bit built Apr 25 2024
Developed by Bui Quang Minh, James Barbetti, Nguyen Lam Tung, Olga Chernomor,
Heiko Schmidt, Dominik Schrempf, Michael Woodhams, Ly Trong Nhan, Thomas Wong

Host:    morpheus-OptiPlex-5050 (AVX2, FMA3, 503 GB RAM)
Command: iqtree2 -s per_gene_alignments_codon/LOC101404146_.aln.fna -m MFP -T 1 -B 1000 --prefix per_gene_alignments_codon/LOC101404146_.aln
Seed:    846965 (Using SPRNG - Scalable Parallel Random Number Generator)
Time:    Thu Oct 30 21:36:38 2025
Kernel:  AVX+FMA - 1 threads (72 CPU cores detected)

HINT: Use -nt option to specify number of threads because your CPU has 72 cores!
HINT: -nt AUTO will automatically determine the best number of threads to use.

Reading alignment file per_gene_alignments_codon/LOC101404146_.aln.fna ... Fasta format detected
Reading fasta file: done in 0.00018692 secs using 49.22% CPU
Alignment most likely contains DNA/RNA sequences
Alignment has 7 sequences with 432 columns, 66 distinct patterns
48 parsimony-informative, 65 singleton sites, 319 constant sites
                     Gap/Ambiguity  Composition  p-value
Analyzing sequences: done in 1.50204e-05 secs using 46.6% CPU
   1  Ceratotherium_simum    0.00%    passed     98.79%
   2  Diceros_bicornis       0.00%    passed     98.79%
   3  Equus_asinus           0.00%    passed     99.40%
   4  Equus_quagga           0.00%    passed     98.44%
   5  Equus_caballus         0.00%    passed     98.96%
   6  Canis_lupus            0.00%    passed     71.80%
   7  Bos_taurus             0.69%    passed     97.66%
****  TOTAL                  0.10%  0 sequences failed composition chi2 test (p-value<5%; df=3)
NOTE: Diceros_bicornis is identical to Ceratotherium_simum but kept for subsequent analysis


Create initial parsimony tree by phylogenetic likelihood library (PLL)... 0.000 seconds
Perform fast likelihood tree search using GTR+I+G model...
Estimate model parameters (epsilon = 5.000)
Perform nearest neighbor interchange...
Estimate model parameters (epsilon = 1.000)
1. Initial log-likelihood: -1197.887
Optimal log-likelihood: -1197.819
Rate parameters:  A-C: 1.26670  A-G: 6.56960  A-T: 0.90622  C-G: 1.36147  C-T: 4.59955  G-T: 1.00000
Base frequencies:  A: 0.246  C: 0.308  G: 0.237  T: 0.209
Proportion of invariable sites: 0.365
Gamma shape alpha: 1.458
Parameters optimization took 1 rounds (0.012 sec)
Time for fast ML tree search: 0.050 seconds

NOTE: ModelFinder requires 0 MB RAM!
ModelFinder will test up to 484 DNA models (sample size: 432) ...
 No. Model         -LnL         df  AIC          AICc         BIC
  1  GTR+F         1207.186     19  2452.371     2454.216     2529.671
  2  GTR+F+I       1197.887     20  2435.774     2437.818     2517.143
  3  GTR+F+G4      1197.784     20  2435.568     2437.612     2516.936
  4  GTR+F+I+G4    1197.820     21  2437.640     2439.894     2523.077
  5  GTR+F+R2      1198.279     21  2438.559     2440.812     2523.996
  6  GTR+F+R3      1197.773     23  2441.546     2444.252     2535.120
 14  GTR+F+I+R2    1197.783     22  2439.566     2442.040     2529.071
 15  GTR+F+I+R3    1197.805     24  2443.610     2446.558     2541.252
 24  SYM+I         1203.208     17  2440.415     2441.894     2509.579
 25  SYM+G4        1202.981     17  2439.963     2441.441     2509.126
 26  SYM+I+G4      1203.035     18  2442.071     2443.727     2515.302
 27  SYM+R2        1203.556     18  2443.111     2444.768     2516.343
 46  TVM+F+I       1198.748     19  2435.496     2437.340     2512.796
 47  TVM+F+G4      1198.650     19  2435.300     2437.145     2512.601
 48  TVM+F+I+G4    1198.673     20  2437.346     2439.390     2518.714
 49  TVM+F+R2      1199.169     20  2438.337     2440.381     2519.706
 68  TVMe+I        1204.053     16  2440.105     2441.416     2505.200
 69  TVMe+G4       1203.774     16  2439.547     2440.858     2504.642
 70  TVMe+I+G4     1203.828     17  2441.657     2443.135     2510.820
 71  TVMe+R2       1204.253     17  2442.506     2443.985     2511.670
 90  TIM3+F+I      1197.908     18  2431.815     2433.472     2505.047
 91  TIM3+F+G4     1197.798     18  2431.597     2433.253     2504.828
 92  TIM3+F+I+G4   1197.836     19  2433.671     2435.516     2510.971
 93  TIM3+F+R2     1198.317     19  2434.633     2436.478     2511.933
112  TIM3e+I       1203.218     15  2436.435     2437.589     2497.462
113  TIM3e+G4      1202.990     15  2435.979     2437.133     2497.006
114  TIM3e+I+G4    1203.042     16  2438.084     2439.395     2503.179
115  TIM3e+R2      1203.570     16  2439.140     2440.451     2504.235
134  TIM2+F+I      1198.283     18  2432.566     2434.222     2505.797
135  TIM2+F+G4     1198.176     18  2432.352     2434.008     2505.584
136  TIM2+F+I+G4   1198.209     19  2434.417     2436.262     2511.717
137  TIM2+F+R2     1198.704     19  2435.408     2437.252     2512.708
156  TIM2e+I       1204.482     15  2438.964     2440.118     2499.991
157  TIM2e+G4      1204.273     15  2438.545     2439.699     2499.572
158  TIM2e+I+G4    1204.319     16  2440.638     2441.949     2505.733
159  TIM2e+R2      1204.795     16  2441.591     2442.902     2506.686
178  TIM+F+I       1198.303     18  2432.605     2434.261     2505.837
179  TIM+F+G4      1198.191     18  2432.382     2434.038     2505.613
180  TIM+F+I+G4    1198.223     19  2434.446     2436.290     2511.746
181  TIM+F+R2      1198.717     19  2435.435     2437.280     2512.735
200  TIMe+I        1204.490     15  2438.980     2440.133     2500.006
201  TIMe+G4       1204.275     15  2438.550     2439.704     2499.576
202  TIMe+I+G4     1204.322     16  2440.645     2441.955     2505.739
203  TIMe+R2       1204.800     16  2441.599     2442.910     2506.694
222  TPM3u+F+I     1198.765     17  2431.530     2433.008     2500.693
223  TPM3u+F+G4    1198.665     17  2431.330     2432.808     2500.493
224  TPM3u+F+I+G4  1198.687     18  2433.375     2435.031     2506.606
225  TPM3u+F+R2    1199.183     18  2434.366     2436.022     2507.598
244  TPM3+I        1204.060     14  2436.120     2437.127     2493.078
245  TPM3+G4       1203.779     14  2435.559     2436.566     2492.517
246  TPM3+I+G4     1203.834     15  2437.667     2438.821     2498.694
247  TPM3+R2       1204.348     15  2438.696     2439.850     2499.722
266  TPM2u+F+I     1199.118     17  2432.236     2433.714     2501.399
267  TPM2u+F+G4    1199.028     17  2432.057     2433.535     2501.220
268  TPM2u+F+I+G4  1199.042     18  2434.085     2435.741     2507.316
269  TPM2u+F+R2    1199.566     18  2435.133     2436.789     2508.365
288  TPM2+I        1205.333     14  2438.667     2439.674     2495.625
289  TPM2+G4       1205.091     14  2438.182     2439.189     2495.140
290  TPM2+I+G4     1205.131     15  2440.262     2441.416     2501.288
291  TPM2+R2       1205.603     15  2441.207     2442.361     2502.233
310  K3Pu+F+I      1199.133     17  2432.267     2433.745     2501.430
311  K3Pu+F+G4     1199.043     17  2432.085     2433.563     2501.248
312  K3Pu+F+I+G4   1199.055     18  2434.110     2435.766     2507.342
313  K3Pu+F+R2     1199.580     18  2435.160     2436.817     2508.392
332  K3P+I         1205.340     14  2438.680     2439.687     2495.638
333  K3P+G4        1205.093     14  2438.185     2439.192     2495.143
334  K3P+I+G4      1205.134     15  2440.268     2441.421     2501.294
335  K3P+R2        1205.608     15  2441.216     2442.370     2502.243
354  TN+F+I        1198.302     17  2430.605     2432.083     2499.768
355  TN+F+G4       1198.193     17  2430.386     2431.865     2499.550
356  TN+F+I+G4     1198.227     18  2432.454     2434.110     2505.685
357  TN+F+R2       1198.731     18  2433.461     2435.118     2506.693
376  TNe+I         1204.492     14  2436.985     2437.992     2493.943
377  TNe+G4        1204.281     14  2436.562     2437.570     2493.520
378  TNe+I+G4      1204.328     15  2438.655     2439.809     2499.682
379  TNe+R2        1204.825     15  2439.650     2440.803     2500.676
398  HKY+F+I       1199.132     16  2430.265     2431.576     2495.360
399  HKY+F+G4      1199.042     16  2430.084     2431.395     2495.179
400  HKY+F+I+G4    1199.057     17  2432.113     2433.591     2501.276
401  HKY+F+R2      1199.580     17  2433.160     2434.638     2502.323
420  K2P+I         1205.340     13  2436.680     2437.551     2489.570
421  K2P+G4        1205.096     13  2436.193     2437.064     2489.082
422  K2P+I+G4      1205.137     14  2438.274     2439.281     2495.232
423  K2P+R2        1205.612     14  2439.224     2440.231     2496.181
442  F81+F+I       1230.385     15  2490.770     2491.924     2551.797
443  F81+F+G4      1230.282     15  2490.564     2491.718     2551.590
444  F81+F+I+G4    1230.297     16  2492.595     2493.906     2557.690
445  F81+F+R2      1230.709     16  2493.418     2494.729     2558.513
464  JC+I          1235.249     12  2494.499     2495.243     2543.320
465  JC+G4         1235.079     12  2494.159     2494.903     2542.980
466  JC+I+G4       1235.109     13  2496.217     2497.088     2549.107
467  JC+R2         1235.477     13  2496.953     2497.824     2549.843
Akaike Information Criterion:           HKY+F+G4
Corrected Akaike Information Criterion: HKY+F+G4
Bayesian Information Criterion:         K2P+G4
Best-fit model: K2P+G4 chosen according to BIC

All model information printed to per_gene_alignments_codon/LOC101404146_.aln.model.gz
CPU time for ModelFinder: 0.811 seconds (0h:0m:0s)
Wall-clock time for ModelFinder: 1.659 seconds (0h:0m:1s)
Generating 1000 samples for ultrafast bootstrap (seed: 846965)...

NOTE: 0 MB RAM (0 GB) is required!
Estimate model parameters (epsilon = 0.100)
1. Initial log-likelihood: -1205.096
Optimal log-likelihood: -1205.096
Rate parameters:  A-C: 1.00000  A-G: 4.54051  A-T: 1.00000  C-G: 1.00000  C-T: 4.54051  G-T: 1.00000
Base frequencies:  A: 0.250  C: 0.250  G: 0.250  T: 0.250
Gamma shape alpha: 0.458
Parameters optimization took 1 rounds (0.001 sec)
Wrote distance file to... 
Computing ML distances based on estimated model parameters...
Calculating distance matrix: done in 0.000607967 secs using 99.68% CPU
Computing ML distances took 0.000659 sec (of wall-clock time) 0.000665 sec (of CPU time)
Setting up auxiliary I and S matrices: done in 4.3869e-05 secs using 100.3% CPU
Computing RapidNJ tree took 0.000128 sec (of wall-clock time) 0.000127 sec (of CPU time)
Log-likelihood of RapidNJ tree: -1205.624
--------------------------------------------------------------------
|             INITIALIZING CANDIDATE TREE SET                      |
--------------------------------------------------------------------
Generating 98 parsimony trees... 0.059 second
Computing log-likelihood of 35 initial trees ... 0.031 seconds
Current best score: -1205.096

Do NNI search on 20 best initial trees
Estimate model parameters (epsilon = 0.100)
BETTER TREE FOUND at iteration 1: -1205.096
Iteration 10 / LogL: -1205.104 / Time: 0h:0m:1s
Iteration 20 / LogL: -1205.109 / Time: 0h:0m:2s
Finish initializing candidate tree set (1)
Current best tree score: -1205.096 / CPU time: 0.303
Number of iterations: 20
--------------------------------------------------------------------
|               OPTIMIZING CANDIDATE TREE SET                      |
--------------------------------------------------------------------
Iteration 30 / LogL: -1205.438 / Time: 0h:0m:2s (0h:0m:1s left)
Iteration 40 / LogL: -1205.098 / Time: 0h:0m:2s (0h:0m:0s left)
UPDATE BEST LOG-LIKELIHOOD: -1205.096
Iteration 50 / LogL: -1205.104 / Time: 0h:0m:2s (0h:0m:0s left)
Log-likelihood cutoff on original alignment: -1212.152
UPDATE BEST LOG-LIKELIHOOD: -1205.096
UPDATE BEST LOG-LIKELIHOOD: -1205.096
Iteration 60 / LogL: -1205.097 / Time: 0h:0m:2s (0h:0m:0s left)
Iteration 70 / LogL: -1205.103 / Time: 0h:0m:2s (0h:0m:0s left)
Iteration 80 / LogL: -1205.096 / Time: 0h:0m:3s (0h:0m:0s left)
Iteration 90 / LogL: -1205.099 / Time: 0h:0m:3s (0h:0m:0s left)
Iteration 100 / LogL: -1205.097 / Time: 0h:0m:3s (0h:0m:0s left)
Log-likelihood cutoff on original alignment: -1212.006
NOTE: Bootstrap correlation coefficient of split occurrence frequencies: 1.000
TREE SEARCH COMPLETED AFTER 102 ITERATIONS / Time: 0h:0m:3s

--------------------------------------------------------------------
|                    FINALIZING TREE SEARCH                        |
--------------------------------------------------------------------
Performs final model parameters optimization
Estimate model parameters (epsilon = 0.010)
1. Initial log-likelihood: -1205.096
Optimal log-likelihood: -1205.096
Rate parameters:  A-C: 1.00000  A-G: 4.54526  A-T: 1.00000  C-G: 1.00000  C-T: 4.54526  G-T: 1.00000
Base frequencies:  A: 0.250  C: 0.250  G: 0.250  T: 0.250
Gamma shape alpha: 0.458
Parameters optimization took 1 rounds (0.001 sec)
BEST SCORE FOUND : -1205.096
Creating bootstrap support values...
Split supports printed to NEXUS file per_gene_alignments_codon/LOC101404146_.aln.splits.nex
Total tree length: 0.421

Total number of iterations: 102
CPU time used for tree search: 1.076 sec (0h:0m:1s)
Wall-clock time used for tree search: 1.719 sec (0h:0m:1s)
Total CPU time used: 1.956 sec (0h:0m:1s)
Total wall-clock time used: 3.522 sec (0h:0m:3s)

Computing bootstrap consensus tree...
Reading input file per_gene_alignments_codon/LOC101404146_.aln.splits.nex...
7 taxa and 21 splits.
Consensus tree written to per_gene_alignments_codon/LOC101404146_.aln.contree
Reading input trees file per_gene_alignments_codon/LOC101404146_.aln.contree
Log-likelihood of consensus tree: -1205.098

Analysis results written to: 
  IQ-TREE report:                per_gene_alignments_codon/LOC101404146_.aln.iqtree
  Maximum-likelihood tree:       per_gene_alignments_codon/LOC101404146_.aln.treefile
  Likelihood distances:          per_gene_alignments_codon/LOC101404146_.aln.mldist

Ultrafast bootstrap approximation results written to:
  Split support values:          per_gene_alignments_codon/LOC101404146_.aln.splits.nex
  Consensus tree:                per_gene_alignments_codon/LOC101404146_.aln.contree
  Screen log file:               per_gene_alignments_codon/LOC101404146_.aln.log

Date and Time: Thu Oct 30 21:36:42 2025
