IQ-TREE multicore version 2.3.3 COVID-edition for Linux x86 64-bit built Apr 25 2024
Developed by Bui Quang Minh, James Barbetti, Nguyen Lam Tung, Olga Chernomor,
Heiko Schmidt, Dominik Schrempf, Michael Woodhams, Ly Trong Nhan, Thomas Wong

Host:    morpheus-OptiPlex-5050 (AVX2, FMA3, 503 GB RAM)
Command: iqtree2 -s per_gene_alignments_codon/LOC101388074_.aln.fna -m MFP -T 1 -B 1000 --prefix per_gene_alignments_codon/LOC101388074_.aln
Seed:    146556 (Using SPRNG - Scalable Parallel Random Number Generator)
Time:    Thu Oct 30 21:25:32 2025
Kernel:  AVX+FMA - 1 threads (72 CPU cores detected)

HINT: Use -nt option to specify number of threads because your CPU has 72 cores!
HINT: -nt AUTO will automatically determine the best number of threads to use.

Reading alignment file per_gene_alignments_codon/LOC101388074_.aln.fna ... Fasta format detected
Reading fasta file: done in 0.00118589 secs using 49.92% CPU
Alignment most likely contains DNA/RNA sequences
Alignment has 7 sequences with 4377 columns, 153 distinct patterns
271 parsimony-informative, 487 singleton sites, 3619 constant sites
                     Gap/Ambiguity  Composition  p-value
Analyzing sequences: done in 2.40803e-05 secs
   1  Ceratotherium_simum    0.21%    passed     73.67%
   2  Diceros_bicornis       0.14%    passed     78.25%
   3  Equus_asinus           0.00%    passed     88.04%
   4  Equus_quagga           0.00%    passed     79.93%
   5  Equus_caballus         0.00%    passed     88.91%
   6  Canis_lupus            0.14%    passed     97.13%
   7  Bos_taurus             0.48%    passed     88.17%
****  TOTAL                  0.14%  0 sequences failed composition chi2 test (p-value<5%; df=3)


Create initial parsimony tree by phylogenetic likelihood library (PLL)... 0.000 seconds
Perform fast likelihood tree search using GTR+I+G model...
Estimate model parameters (epsilon = 5.000)
Perform nearest neighbor interchange...
Estimate model parameters (epsilon = 1.000)
1. Initial log-likelihood: -10142.619
Optimal log-likelihood: -10142.617
Rate parameters:  A-C: 0.99022  A-G: 4.23930  A-T: 0.48890  C-G: 1.12695  C-T: 4.76951  G-T: 1.00000
Base frequencies:  A: 0.361  C: 0.191  G: 0.218  T: 0.230
Proportion of invariable sites: 0.413
Gamma shape alpha: 3.922
Parameters optimization took 1 rounds (0.002 sec)
Time for fast ML tree search: 0.092 seconds

NOTE: ModelFinder requires 0 MB RAM!
ModelFinder will test up to 484 DNA models (sample size: 4377) ...
 No. Model         -LnL         df  AIC          AICc         BIC
  1  GTR+F         10162.875    19  20363.750    20363.925    20485.048
  2  GTR+F+I       10142.533    20  20325.066    20325.259    20452.748
  3  GTR+F+G4      10142.696    20  20325.393    20325.586    20453.075
  4  GTR+F+I+G4    10142.616    21  20327.233    20327.445    20461.299
  5  GTR+F+R2      10143.022    21  20328.044    20328.256    20462.110
  6  GTR+F+R3      10142.771    23  20331.542    20331.796    20478.377
 14  GTR+F+I+R2    10142.798    22  20329.597    20329.829    20470.048
 15  GTR+F+I+R3    10142.767    24  20333.535    20333.810    20486.754
 24  SYM+I         10291.788    17  20617.576    20617.717    20726.106
 25  SYM+G4        10292.052    17  20618.103    20618.244    20726.633
 26  SYM+I+G4      10291.891    18  20619.783    20619.940    20734.697
 27  SYM+R2        10292.259    18  20620.518    20620.675    20735.432
 46  TVM+F+I       10143.369    19  20324.737    20324.911    20446.035
 47  TVM+F+G4      10143.517    19  20325.034    20325.209    20446.332
 48  TVM+F+I+G4    10143.444    20  20326.888    20327.081    20454.570
 49  TVM+F+R2      10143.768    20  20327.536    20327.728    20455.218
 68  TVMe+I        10293.081    16  20618.162    20618.287    20720.308
 69  TVMe+G4       10293.340    16  20618.680    20618.805    20720.826
 70  TVMe+I+G4     10293.188    17  20620.376    20620.516    20728.906
 71  TVMe+R2       10293.558    17  20621.116    20621.256    20729.646
 90  TIM3+F+I      10148.009    18  20332.018    20332.175    20446.933
 91  TIM3+F+G4     10148.251    18  20332.502    20332.659    20447.417
 92  TIM3+F+I+G4   10148.133    19  20334.266    20334.440    20455.564
 93  TIM3+F+R2     10148.497    19  20334.994    20335.168    20456.292
112  TIM3e+I       10293.742    15  20617.483    20617.593    20713.245
113  TIM3e+G4      10294.017    15  20618.033    20618.143    20713.795
114  TIM3e+I+G4    10293.852    16  20619.705    20619.830    20721.851
115  TIM3e+R2      10294.213    16  20620.427    20620.552    20722.573
134  TIM2+F+I      10148.744    18  20333.488    20333.645    20448.402
135  TIM2+F+G4     10148.898    18  20333.797    20333.954    20448.711
136  TIM2+F+I+G4   10148.813    19  20335.625    20335.800    20456.923
137  TIM2+F+R2     10149.187    19  20336.373    20336.547    20457.671
156  TIM2e+I       10295.360    15  20620.719    20620.830    20716.481
157  TIM2e+G4      10295.616    15  20621.231    20621.341    20716.993
158  TIM2e+I+G4    10295.461    16  20622.922    20623.047    20725.068
159  TIM2e+R2      10295.817    16  20623.633    20623.758    20725.779
178  TIM+F+I       10149.166    18  20334.331    20334.488    20449.245
179  TIM+F+G4      10149.400    18  20334.800    20334.957    20449.715
180  TIM+F+I+G4    10149.277    19  20336.553    20336.728    20457.851
181  TIM+F+R2      10149.634    19  20337.269    20337.443    20458.567
200  TIMe+I        10293.695    15  20617.391    20617.501    20713.152
201  TIMe+G4       10293.951    15  20617.902    20618.012    20713.664
202  TIMe+I+G4     10293.797    16  20619.595    20619.720    20721.741
203  TIMe+R2       10294.163    16  20620.326    20620.450    20722.471
222  TPM3u+F+I     10148.891    17  20331.781    20331.922    20440.311
223  TPM3u+F+G4    10149.123    17  20332.247    20332.387    20440.777
224  TPM3u+F+I+G4  10149.006    18  20334.012    20334.169    20448.926
225  TPM3u+F+R2    10149.359    18  20334.718    20334.875    20449.632
244  TPM3+I        10295.038    14  20618.076    20618.172    20707.454
245  TPM3+G4       10295.315    14  20618.630    20618.726    20708.007
246  TPM3+I+G4     10295.152    15  20620.304    20620.414    20716.066
247  TPM3+R2       10295.517    15  20621.034    20621.144    20716.796
266  TPM2u+F+I     10149.551    17  20333.102    20333.242    20441.632
267  TPM2u+F+G4    10149.694    17  20333.388    20333.529    20441.918
268  TPM2u+F+I+G4  10149.614    18  20335.228    20335.385    20450.142
269  TPM2u+F+R2    10149.993    18  20335.986    20336.143    20450.901
288  TPM2+I        10296.649    14  20621.297    20621.394    20710.675
289  TPM2+G4       10296.896    14  20621.792    20621.888    20711.169
290  TPM2+I+G4     10296.746    15  20623.492    20623.602    20719.254
291  TPM2+R2       10297.113    15  20624.227    20624.337    20719.989
310  K3Pu+F+I      10150.015    17  20334.030    20334.170    20442.560
311  K3Pu+F+G4     10150.244    17  20334.489    20334.629    20443.019
312  K3Pu+F+I+G4   10150.125    18  20336.250    20336.407    20451.164
313  K3Pu+F+R2     10150.486    18  20336.972    20337.129    20451.886
332  K3P+I         10294.989    14  20617.979    20618.075    20707.356
333  K3P+G4        10295.246    14  20618.492    20618.588    20707.870
334  K3P+I+G4      10295.090    15  20620.181    20620.291    20715.943
335  K3P+R2        10295.462    15  20620.923    20621.033    20716.685
354  TN+F+I        10152.405    17  20338.810    20338.950    20447.340
355  TN+F+G4       10152.635    17  20339.271    20339.411    20447.801
356  TN+F+I+G4     10152.510    18  20341.021    20341.178    20455.935
357  TN+F+R2       10152.843    18  20341.685    20341.842    20456.599
376  TNe+I         10295.719    14  20619.438    20619.535    20708.816
377  TNe+G4        10295.983    14  20619.967    20620.063    20709.344
378  TNe+I+G4      10295.822    15  20621.645    20621.755    20717.407
379  TNe+R2        10296.177    15  20622.354    20622.464    20718.116
398  HKY+F+I       10153.259    16  20338.517    20338.642    20440.663
399  HKY+F+G4      10153.485    16  20338.970    20339.095    20441.116
400  HKY+F+I+G4    10153.366    17  20340.733    20340.873    20449.263
401  HKY+F+R2      10153.699    17  20341.398    20341.539    20449.928
420  K2P+I         10297.015    13  20620.029    20620.113    20703.023
421  K2P+G4        10297.274    13  20620.548    20620.632    20703.542
422  K2P+I+G4      10297.116    14  20622.232    20622.329    20711.610
423  K2P+R2        10297.478    14  20622.956    20623.052    20712.333
442  F81+F+I       10397.024    15  20824.049    20824.159    20919.810
443  F81+F+G4      10397.478    15  20824.957    20825.067    20920.719
444  F81+F+I+G4    10397.026    16  20826.053    20826.177    20928.198
445  F81+F+R2      10397.579    16  20827.157    20827.282    20929.303
464  JC+I          10540.842    12  21105.684    21105.756    21182.294
465  JC+G4         10541.304    12  21106.608    21106.680    21183.218
466  JC+I+G4       10540.852    13  21107.704    21107.787    21190.697
467  JC+R2         10541.409    13  21108.819    21108.902    21191.812
Akaike Information Criterion:           TVM+F+I
Corrected Akaike Information Criterion: TVM+F+I
Bayesian Information Criterion:         TPM3u+F+I
Best-fit model: TPM3u+F+I chosen according to BIC

All model information printed to per_gene_alignments_codon/LOC101388074_.aln.model.gz
CPU time for ModelFinder: 1.302 seconds (0h:0m:1s)
Wall-clock time for ModelFinder: 2.818 seconds (0h:0m:2s)
Generating 1000 samples for ultrafast bootstrap (seed: 146556)...

NOTE: 0 MB RAM (0 GB) is required!
Estimate model parameters (epsilon = 0.100)
1. Initial log-likelihood: -10148.891
Optimal log-likelihood: -10148.891
Rate parameters:  A-C: 1.51709  A-G: 6.49329  A-T: 1.00000  C-G: 1.51709  C-T: 6.49329  G-T: 1.00000
Base frequencies:  A: 0.361  C: 0.191  G: 0.218  T: 0.230
Proportion of invariable sites: 0.493
Parameters optimization took 1 rounds (0.001 sec)
Wrote distance file to... 
Computing ML distances based on estimated model parameters...
Calculating distance matrix: done in 0.000211 secs using 98.1% CPU
Computing ML distances took 0.000258 sec (of wall-clock time) 0.000259 sec (of CPU time)
Setting up auxiliary I and S matrices: done in 4.79221e-05 secs using 198.2% CPU
Computing RapidNJ tree took 0.000144 sec (of wall-clock time) 0.000285 sec (of CPU time)
Log-likelihood of RapidNJ tree: -10148.891
--------------------------------------------------------------------
|             INITIALIZING CANDIDATE TREE SET                      |
--------------------------------------------------------------------
Generating 99 parsimony trees... 0.112 second
Computing log-likelihood of 40 initial trees ... 0.035 seconds
Current best score: -10148.891

Do NNI search on 20 best initial trees
Estimate model parameters (epsilon = 0.100)
BETTER TREE FOUND at iteration 1: -10148.890
Iteration 10 / LogL: -10148.893 / Time: 0h:0m:3s
Iteration 20 / LogL: -10149.508 / Time: 0h:0m:3s
Finish initializing candidate tree set (1)
Current best tree score: -10148.890 / CPU time: 0.323
Number of iterations: 20
--------------------------------------------------------------------
|               OPTIMIZING CANDIDATE TREE SET                      |
--------------------------------------------------------------------
UPDATE BEST LOG-LIKELIHOOD: -10148.890
UPDATE BEST LOG-LIKELIHOOD: -10148.890
Iteration 30 / LogL: -10150.367 / Time: 0h:0m:3s (0h:0m:1s left)
UPDATE BEST LOG-LIKELIHOOD: -10148.890
Iteration 40 / LogL: -10148.977 / Time: 0h:0m:3s (0h:0m:1s left)
Iteration 50 / LogL: -10150.415 / Time: 0h:0m:3s (0h:0m:1s left)
Log-likelihood cutoff on original alignment: -10166.082
Iteration 60 / LogL: -10148.960 / Time: 0h:0m:4s (0h:0m:0s left)
Iteration 70 / LogL: -10148.890 / Time: 0h:0m:4s (0h:0m:0s left)
Iteration 80 / LogL: -10148.890 / Time: 0h:0m:4s (0h:0m:0s left)
Iteration 90 / LogL: -10148.890 / Time: 0h:0m:4s (0h:0m:0s left)
Iteration 100 / LogL: -10148.890 / Time: 0h:0m:4s (0h:0m:0s left)
Log-likelihood cutoff on original alignment: -10165.956
NOTE: Bootstrap correlation coefficient of split occurrence frequencies: 1.000
TREE SEARCH COMPLETED AFTER 102 ITERATIONS / Time: 0h:0m:4s

--------------------------------------------------------------------
|                    FINALIZING TREE SEARCH                        |
--------------------------------------------------------------------
Performs final model parameters optimization
Estimate model parameters (epsilon = 0.010)
1. Initial log-likelihood: -10148.890
Optimal log-likelihood: -10148.889
Rate parameters:  A-C: 1.51577  A-G: 6.47715  A-T: 1.00000  C-G: 1.51577  C-T: 6.47715  G-T: 1.00000
Base frequencies:  A: 0.361  C: 0.191  G: 0.218  T: 0.230
Proportion of invariable sites: 0.492
Parameters optimization took 1 rounds (0.001 sec)
BEST SCORE FOUND : -10148.889
Creating bootstrap support values...
Split supports printed to NEXUS file per_gene_alignments_codon/LOC101388074_.aln.splits.nex
Total tree length: 0.221

Total number of iterations: 102
CPU time used for tree search: 1.050 sec (0h:0m:1s)
Wall-clock time used for tree search: 1.962 sec (0h:0m:1s)
Total CPU time used: 2.424 sec (0h:0m:2s)
Total wall-clock time used: 4.942 sec (0h:0m:4s)

Computing bootstrap consensus tree...
Reading input file per_gene_alignments_codon/LOC101388074_.aln.splits.nex...
7 taxa and 15 splits.
Consensus tree written to per_gene_alignments_codon/LOC101388074_.aln.contree
Reading input trees file per_gene_alignments_codon/LOC101388074_.aln.contree
Log-likelihood of consensus tree: -10148.889

Analysis results written to: 
  IQ-TREE report:                per_gene_alignments_codon/LOC101388074_.aln.iqtree
  Maximum-likelihood tree:       per_gene_alignments_codon/LOC101388074_.aln.treefile
  Likelihood distances:          per_gene_alignments_codon/LOC101388074_.aln.mldist

Ultrafast bootstrap approximation results written to:
  Split support values:          per_gene_alignments_codon/LOC101388074_.aln.splits.nex
  Consensus tree:                per_gene_alignments_codon/LOC101388074_.aln.contree
  Screen log file:               per_gene_alignments_codon/LOC101388074_.aln.log

Date and Time: Thu Oct 30 21:25:37 2025
