IQ-TREE multicore version 2.3.3 COVID-edition for Linux x86 64-bit built Apr 25 2024
Developed by Bui Quang Minh, James Barbetti, Nguyen Lam Tung, Olga Chernomor,
Heiko Schmidt, Dominik Schrempf, Michael Woodhams, Ly Trong Nhan, Thomas Wong

Host:    morpheus-OptiPlex-5050 (AVX2, FMA3, 503 GB RAM)
Command: iqtree2 -s per_gene_alignments_codon/LOC101398601_.aln.fna -m MFP -T 1 -B 1000 --prefix per_gene_alignments_codon/LOC101398601_.aln
Seed:    18850 (Using SPRNG - Scalable Parallel Random Number Generator)
Time:    Thu Oct 30 21:32:49 2025
Kernel:  AVX+FMA - 1 threads (72 CPU cores detected)

HINT: Use -nt option to specify number of threads because your CPU has 72 cores!
HINT: -nt AUTO will automatically determine the best number of threads to use.

Reading alignment file per_gene_alignments_codon/LOC101398601_.aln.fna ... Fasta format detected
Reading fasta file: done in 0.000520945 secs
Alignment most likely contains DNA/RNA sequences
Alignment has 7 sequences with 1866 columns, 86 distinct patterns
114 parsimony-informative, 142 singleton sites, 1610 constant sites
                     Gap/Ambiguity  Composition  p-value
Analyzing sequences: done in 1.88351e-05 secs using 95.57% CPU
   1  Ceratotherium_simum    0.00%    passed     99.66%
   2  Diceros_bicornis       0.00%    passed     99.54%
   3  Equus_asinus           0.00%    passed     99.00%
   4  Equus_quagga           0.00%    passed     99.00%
   5  Equus_caballus         0.00%    passed     99.00%
   6  Canis_lupus            0.00%    passed     64.90%
   7  Bos_taurus             0.00%    passed     99.51%
****  TOTAL                  0.00%  0 sequences failed composition chi2 test (p-value<5%; df=3)


Create initial parsimony tree by phylogenetic likelihood library (PLL)... 0.000 seconds
Perform fast likelihood tree search using GTR+I+G model...
Estimate model parameters (epsilon = 5.000)
Perform nearest neighbor interchange...
Estimate model parameters (epsilon = 1.000)
1. Initial log-likelihood: -4043.911
Optimal log-likelihood: -4043.910
Rate parameters:  A-C: 2.02596  A-G: 11.34932  A-T: 2.07664  C-G: 1.59867  C-T: 31.08971  G-T: 1.00000
Base frequencies:  A: 0.245  C: 0.274  G: 0.299  T: 0.182
Proportion of invariable sites: 0.421
Gamma shape alpha: 0.334
Parameters optimization took 1 rounds (0.002 sec)
Time for fast ML tree search: 0.077 seconds

NOTE: ModelFinder requires 0 MB RAM!
ModelFinder will test up to 484 DNA models (sample size: 1866) ...
 No. Model         -LnL         df  AIC          AICc         BIC
  1  GTR+F         4083.557     19  8205.114     8205.526     8310.214
  2  GTR+F+I       4043.153     20  8126.306     8126.761     8236.937
  3  GTR+F+G4      4043.162     20  8126.324     8126.780     8236.955
  4  GTR+F+I+G4    4043.913     21  8129.826     8130.327     8245.988
  5  GTR+F+R2      4046.196     21  8134.391     8134.892     8250.554
  6  GTR+F+R3      4044.983     23  8135.966     8136.565     8263.192
 14  GTR+F+I+R2    4043.804     22  8131.608     8132.157     8253.302
 15  GTR+F+I+R3    4043.728     24  8135.456     8136.108     8268.214
 24  SYM+I         4077.539     17  8189.079     8189.410     8283.115
 25  SYM+G4        4077.666     17  8189.331     8189.662     8283.367
 26  SYM+I+G4      4078.152     18  8192.303     8192.674     8291.871
 46  TVM+F+I       4056.236     19  8150.471     8150.883     8255.571
 47  TVM+F+G4      4056.668     19  8151.336     8151.747     8256.435
 48  TVM+F+I+G4    4057.264     20  8154.527     8154.983     8265.159
 68  TVMe+I        4084.444     16  8200.889     8201.183     8289.394
 69  TVMe+G4       4084.523     16  8201.047     8201.341     8289.552
 70  TVMe+I+G4     4085.207     17  8204.414     8204.745     8298.451
 90  TIM3+F+I      4043.851     18  8123.703     8124.073     8223.271
 91  TIM3+F+G4     4043.854     18  8123.708     8124.079     8223.276
 92  TIM3+F+I+G4   4044.608     19  8127.217     8127.628     8232.316
112  TIM3e+I       4077.816     15  8185.631     8185.891     8268.605
113  TIM3e+G4      4077.938     15  8185.875     8186.135     8268.849
114  TIM3e+I+G4    4078.359     16  8188.718     8189.012     8277.223
134  TIM2+F+I      4043.291     18  8122.583     8122.953     8222.151
135  TIM2+F+G4     4043.293     18  8122.586     8122.957     8222.154
136  TIM2+F+I+G4   4044.008     19  8126.017     8126.429     8231.116
156  TIM2e+I       4078.921     15  8187.842     8188.101     8270.815
157  TIM2e+G4      4079.025     15  8188.049     8188.309     8271.023
158  TIM2e+I+G4    4079.473     16  8190.945     8191.239     8279.450
178  TIM+F+I       4043.945     18  8123.890     8124.260     8223.458
179  TIM+F+G4      4043.953     18  8123.907     8124.277     8223.474
180  TIM+F+I+G4    4044.677     19  8127.353     8127.765     8232.453
200  TIMe+I        4079.082     15  8188.165     8188.424     8271.138
201  TIMe+G4       4079.201     15  8188.402     8188.661     8271.375
202  TIMe+I+G4     4079.634     16  8191.269     8191.563     8279.774
222  TPM3u+F+I     4057.164     17  8148.328     8148.659     8242.364
223  TPM3u+F+G4    4057.514     17  8149.028     8149.359     8243.065
224  TPM3u+F+I+G4  4058.108     18  8152.216     8152.587     8251.784
244  TPM3+I        4084.773     14  8197.547     8197.774     8274.988
245  TPM3+G4       4084.849     14  8197.698     8197.925     8275.140
246  TPM3+I+G4     4085.480     15  8200.960     8201.220     8283.933
266  TPM2u+F+I     4056.422     17  8146.843     8147.175     8240.880
267  TPM2u+F+G4    4056.888     17  8147.777     8148.108     8241.813
268  TPM2u+F+I+G4  4057.421     18  8150.842     8151.213     8250.410
288  TPM2+I        4085.781     14  8199.563     8199.790     8277.004
289  TPM2+G4       4085.823     14  8199.645     8199.872     8277.087
290  TPM2+I+G4     4086.512     15  8203.023     8203.283     8285.997
310  K3Pu+F+I      4057.300     17  8148.600     8148.931     8242.637
311  K3Pu+F+G4     4057.682     17  8149.364     8149.695     8243.400
312  K3Pu+F+I+G4   4058.218     18  8152.436     8152.807     8252.004
332  K3P+I         4085.958     14  8199.916     8200.143     8277.358
333  K3P+G4        4086.009     14  8200.019     8200.246     8277.460
334  K3P+I+G4      4086.667     15  8203.335     8203.594     8286.308
354  TN+F+I        4043.945     17  8121.890     8122.221     8215.926
355  TN+F+G4       4043.946     17  8121.892     8122.223     8215.929
356  TN+F+I+G4     4044.672     18  8125.343     8125.714     8224.911
376  TNe+I         4079.134     14  8186.269     8186.496     8263.710
377  TNe+G4        4079.238     14  8186.475     8186.702     8263.917
378  TNe+I+G4      4079.673     15  8189.346     8189.605     8272.319
398  HKY+F+I       4057.296     16  8146.592     8146.886     8235.097
399  HKY+F+G4      4057.673     16  8147.345     8147.640     8235.850
400  HKY+F+I+G4    4058.220     17  8150.440     8150.771     8244.476
420  K2P+I         4086.025     13  8198.050     8198.247     8269.960
421  K2P+G4        4086.073     13  8198.147     8198.343     8270.057
422  K2P+I+G4      4086.722     14  8201.443     8201.670     8278.885
442  F81+F+I       4208.488     15  8446.976     8447.236     8529.950
443  F81+F+G4      4208.887     15  8447.774     8448.034     8530.747
444  F81+F+I+G4    4209.398     16  8450.796     8451.091     8539.301
464  JC+I          4228.156     12  8480.312     8480.480     8546.691
465  JC+G4         4228.546     12  8481.091     8481.259     8547.470
466  JC+I+G4       4228.984     13  8483.968     8484.165     8555.879
Akaike Information Criterion:           TN+F+I
Corrected Akaike Information Criterion: TN+F+I
Bayesian Information Criterion:         TN+F+I
Best-fit model: TN+F+I chosen according to BIC

All model information printed to per_gene_alignments_codon/LOC101398601_.aln.model.gz
CPU time for ModelFinder: 0.755 seconds (0h:0m:0s)
Wall-clock time for ModelFinder: 1.592 seconds (0h:0m:1s)
Generating 1000 samples for ultrafast bootstrap (seed: 18850)...

NOTE: 0 MB RAM (0 GB) is required!
Estimate model parameters (epsilon = 0.100)
1. Initial log-likelihood: -4043.945
Optimal log-likelihood: -4043.943
Rate parameters:  A-C: 1.00000  A-G: 6.55197  A-T: 1.00000  C-G: 1.00000  C-T: 17.26143  G-T: 1.00000
Base frequencies:  A: 0.245  C: 0.274  G: 0.299  T: 0.182
Proportion of invariable sites: 0.749
Parameters optimization took 1 rounds (0.001 sec)
Wrote distance file to... 
Computing ML distances based on estimated model parameters...
Calculating distance matrix: done in 0.000167131 secs using 99.32% CPU
Computing ML distances took 0.000215 sec (of wall-clock time) 0.000221 sec (of CPU time)
Setting up auxiliary I and S matrices: done in 4.91142e-05 secs using 207.7% CPU
Computing RapidNJ tree took 0.000151 sec (of wall-clock time) 0.000304 sec (of CPU time)
Log-likelihood of RapidNJ tree: -4043.946
--------------------------------------------------------------------
|             INITIALIZING CANDIDATE TREE SET                      |
--------------------------------------------------------------------
Generating 99 parsimony trees... 0.040 second
Computing log-likelihood of 34 initial trees ... 0.011 seconds
Current best score: -4043.943

Do NNI search on 20 best initial trees
Estimate model parameters (epsilon = 0.100)
BETTER TREE FOUND at iteration 1: -4043.943
Iteration 10 / LogL: -4044.068 / Time: 0h:0m:1s
Iteration 20 / LogL: -4043.993 / Time: 0h:0m:1s
Finish initializing candidate tree set (1)
Current best tree score: -4043.943 / CPU time: 0.161
Number of iterations: 20
--------------------------------------------------------------------
|               OPTIMIZING CANDIDATE TREE SET                      |
--------------------------------------------------------------------
Iteration 30 / LogL: -4044.183 / Time: 0h:0m:1s (0h:0m:0s left)
UPDATE BEST LOG-LIKELIHOOD: -4043.943
Iteration 40 / LogL: -4043.943 / Time: 0h:0m:2s (0h:0m:0s left)
Iteration 50 / LogL: -4043.945 / Time: 0h:0m:2s (0h:0m:0s left)
Log-likelihood cutoff on original alignment: -4054.551
Iteration 60 / LogL: -4043.970 / Time: 0h:0m:2s (0h:0m:0s left)
Iteration 70 / LogL: -4043.953 / Time: 0h:0m:2s (0h:0m:0s left)
Iteration 80 / LogL: -4044.014 / Time: 0h:0m:2s (0h:0m:0s left)
Iteration 90 / LogL: -4043.947 / Time: 0h:0m:2s (0h:0m:0s left)
Iteration 100 / LogL: -4043.943 / Time: 0h:0m:2s (0h:0m:0s left)
Log-likelihood cutoff on original alignment: -4054.551
NOTE: Bootstrap correlation coefficient of split occurrence frequencies: 0.999
TREE SEARCH COMPLETED AFTER 102 ITERATIONS / Time: 0h:0m:2s

--------------------------------------------------------------------
|                    FINALIZING TREE SEARCH                        |
--------------------------------------------------------------------
Performs final model parameters optimization
Estimate model parameters (epsilon = 0.010)
1. Initial log-likelihood: -4043.943
Optimal log-likelihood: -4043.943
Rate parameters:  A-C: 1.00000  A-G: 6.55186  A-T: 1.00000  C-G: 1.00000  C-T: 17.27854  G-T: 1.00000
Base frequencies:  A: 0.245  C: 0.274  G: 0.299  T: 0.182
Proportion of invariable sites: 0.749
Parameters optimization took 1 rounds (0.001 sec)
BEST SCORE FOUND : -4043.943
Creating bootstrap support values...
Split supports printed to NEXUS file per_gene_alignments_codon/LOC101398601_.aln.splits.nex
Total tree length: 0.230

Total number of iterations: 102
CPU time used for tree search: 0.906 sec (0h:0m:0s)
Wall-clock time used for tree search: 0.963 sec (0h:0m:0s)
Total CPU time used: 1.725 sec (0h:0m:1s)
Total wall-clock time used: 2.619 sec (0h:0m:2s)

Computing bootstrap consensus tree...
Reading input file per_gene_alignments_codon/LOC101398601_.aln.splits.nex...
7 taxa and 15 splits.
Consensus tree written to per_gene_alignments_codon/LOC101398601_.aln.contree
Reading input trees file per_gene_alignments_codon/LOC101398601_.aln.contree
Log-likelihood of consensus tree: -4043.945

Analysis results written to: 
  IQ-TREE report:                per_gene_alignments_codon/LOC101398601_.aln.iqtree
  Maximum-likelihood tree:       per_gene_alignments_codon/LOC101398601_.aln.treefile
  Likelihood distances:          per_gene_alignments_codon/LOC101398601_.aln.mldist

Ultrafast bootstrap approximation results written to:
  Split support values:          per_gene_alignments_codon/LOC101398601_.aln.splits.nex
  Consensus tree:                per_gene_alignments_codon/LOC101398601_.aln.contree
  Screen log file:               per_gene_alignments_codon/LOC101398601_.aln.log

Date and Time: Thu Oct 30 21:32:52 2025
