IQ-TREE multicore version 2.3.3 COVID-edition for Linux x86 64-bit built Apr 25 2024
Developed by Bui Quang Minh, James Barbetti, Nguyen Lam Tung, Olga Chernomor,
Heiko Schmidt, Dominik Schrempf, Michael Woodhams, Ly Trong Nhan, Thomas Wong

Host:    morpheus-OptiPlex-5050 (AVX2, FMA3, 503 GB RAM)
Command: iqtree2 -s per_gene_alignments_codon/LOC101400323_.aln.fna -m MFP -T 1 -B 1000 --prefix per_gene_alignments_codon/LOC101400323_.aln
Seed:    754001 (Using SPRNG - Scalable Parallel Random Number Generator)
Time:    Thu Oct 30 21:34:02 2025
Kernel:  AVX+FMA - 1 threads (72 CPU cores detected)

HINT: Use -nt option to specify number of threads because your CPU has 72 cores!
HINT: -nt AUTO will automatically determine the best number of threads to use.

Reading alignment file per_gene_alignments_codon/LOC101400323_.aln.fna ... Fasta format detected
Reading fasta file: done in 0.000761032 secs
Alignment most likely contains DNA/RNA sequences
Alignment has 7 sequences with 2781 columns, 138 distinct patterns
212 parsimony-informative, 198 singleton sites, 2371 constant sites
                     Gap/Ambiguity  Composition  p-value
Analyzing sequences: done in 2.00272e-05 secs using 94.87% CPU
   1  Ceratotherium_simum    2.27%    passed     89.34%
   2  Diceros_bicornis       0.54%    passed     84.97%
   3  Equus_asinus           0.00%    passed     84.04%
   4  Equus_quagga           0.00%    passed     85.79%
   5  Equus_caballus         0.00%    passed     91.61%
   6  Canis_lupus            0.00%    passed     69.29%
   7  Bos_taurus             0.00%    passed     65.58%
****  TOTAL                  0.40%  0 sequences failed composition chi2 test (p-value<5%; df=3)


Create initial parsimony tree by phylogenetic likelihood library (PLL)... 0.000 seconds
Perform fast likelihood tree search using GTR+I+G model...
Estimate model parameters (epsilon = 5.000)
Perform nearest neighbor interchange...
Estimate model parameters (epsilon = 1.000)
1. Initial log-likelihood: -6301.759
Optimal log-likelihood: -6301.670
Rate parameters:  A-C: 1.47421  A-G: 7.85356  A-T: 0.71003  C-G: 2.31832  C-T: 13.93911  G-T: 1.00000
Base frequencies:  A: 0.262  C: 0.278  G: 0.259  T: 0.200
Proportion of invariable sites: 0.421
Gamma shape alpha: 0.474
Parameters optimization took 1 rounds (0.026 sec)
Time for fast ML tree search: 0.062 seconds

NOTE: ModelFinder requires 0 MB RAM!
ModelFinder will test up to 484 DNA models (sample size: 2781) ...
 No. Model         -LnL         df  AIC          AICc         BIC
  1  GTR+F         6365.253     19  12768.507    12768.782    12881.187
  2  GTR+F+I       6302.294     20  12644.589    12644.893    12763.200
  3  GTR+F+G4      6302.091     20  12644.183    12644.487    12762.794
  4  GTR+F+I+G4    6301.673     21  12645.347    12645.682    12769.889
  5  GTR+F+R2      6302.421     21  12646.842    12647.177    12771.384
  6  GTR+F+R3      6302.172     23  12650.345    12650.745    12786.748
 14  GTR+F+I+R2    6302.093     22  12648.186    12648.553    12778.659
 15  GTR+F+I+R3    6301.754     24  12651.509    12651.944    12793.842
 24  SYM+I         6327.298     17  12688.597    12688.818    12789.416
 25  SYM+G4        6327.016     17  12688.031    12688.253    12788.851
 26  SYM+I+G4      6326.390     18  12688.780    12689.027    12795.530
 27  SYM+R2        6327.453     18  12690.906    12691.153    12797.656
 46  TVM+F+I       6310.172     19  12658.344    12658.619    12771.024
 47  TVM+F+G4      6310.068     19  12658.137    12658.412    12770.817
 48  TVM+F+I+G4    6309.708     20  12659.416    12659.720    12778.027
 49  TVM+F+R2      6310.292     20  12660.585    12660.889    12779.196
 68  TVMe+I        6331.679     16  12695.357    12695.554    12790.246
 69  TVMe+G4       6331.471     16  12694.943    12695.140    12789.832
 70  TVMe+I+G4     6331.017     17  12696.035    12696.256    12796.854
 71  TVMe+R2       6331.762     17  12697.524    12697.746    12798.344
 90  TIM3+F+I      6304.101     18  12644.201    12644.449    12750.951
 91  TIM3+F+G4     6303.911     18  12643.821    12644.069    12750.572
 92  TIM3+F+I+G4   6303.521     19  12645.042    12645.317    12757.723
 93  TIM3+F+R2     6304.291     19  12646.581    12646.857    12759.262
112  TIM3e+I       6329.012     15  12688.025    12688.199    12776.983
113  TIM3e+G4      6328.729     15  12687.457    12687.631    12776.416
114  TIM3e+I+G4    6328.181     16  12688.363    12688.560    12783.252
115  TIM3e+R2      6329.100     16  12690.201    12690.398    12785.090
134  TIM2+F+I      6306.788     18  12649.576    12649.824    12756.326
135  TIM2+F+G4     6306.630     18  12649.260    12649.508    12756.011
136  TIM2+F+I+G4   6306.327     19  12650.655    12650.930    12763.335
137  TIM2+F+R2     6306.945     19  12651.890    12652.166    12764.571
156  TIM2e+I       6335.827     15  12701.654    12701.828    12790.613
157  TIM2e+G4      6335.667     15  12701.334    12701.508    12790.293
158  TIM2e+I+G4    6335.374     16  12702.748    12702.945    12797.637
159  TIM2e+R2      6335.928     16  12703.855    12704.052    12798.744
178  TIM+F+I       6308.032     18  12652.063    12652.311    12758.813
179  TIM+F+G4      6307.863     18  12651.725    12651.973    12758.476
180  TIM+F+I+G4    6307.532     19  12653.063    12653.338    12765.744
181  TIM+F+R2      6308.194     19  12654.387    12654.662    12767.068
200  TIMe+I        6337.041     15  12704.082    12704.256    12793.041
201  TIMe+G4       6336.868     15  12703.736    12703.910    12792.695
202  TIMe+I+G4     6336.555     16  12705.110    12705.307    12799.999
203  TIMe+R2       6337.151     16  12706.302    12706.499    12801.191
222  TPM3u+F+I     6312.004     17  12658.008    12658.229    12758.827
223  TPM3u+F+G4    6311.913     17  12657.826    12658.048    12758.646
224  TPM3u+F+I+G4  6311.581     18  12659.161    12659.409    12765.911
225  TPM3u+F+R2    6312.117     18  12660.233    12660.481    12766.983
244  TPM3+I        6333.421     14  12694.842    12694.994    12777.870
245  TPM3+G4       6333.253     14  12694.506    12694.658    12777.534
246  TPM3+I+G4     6332.829     15  12695.658    12695.832    12784.617
247  TPM3+R2       6333.537     15  12697.074    12697.248    12786.033
266  TPM2u+F+I     6314.696     17  12663.391    12663.613    12764.211
267  TPM2u+F+G4    6314.630     17  12663.260    12663.481    12764.079
268  TPM2u+F+I+G4  6314.447     18  12664.894    12665.142    12771.645
269  TPM2u+F+R2    6314.860     18  12665.719    12665.967    12772.469
288  TPM2+I        6339.977     14  12707.954    12708.106    12790.982
289  TPM2+G4       6339.894     14  12707.787    12707.939    12790.815
290  TPM2+I+G4     6339.726     15  12709.452    12709.626    12798.411
291  TPM2+R2       6340.097     15  12710.193    12710.367    12799.152
310  K3Pu+F+I      6315.948     17  12665.896    12666.117    12766.715
311  K3Pu+F+G4     6315.876     17  12665.752    12665.973    12766.571
312  K3Pu+F+I+G4   6315.667     18  12667.334    12667.581    12774.084
313  K3Pu+F+R2     6316.120     18  12668.240    12668.488    12774.990
332  K3P+I         6341.190     14  12710.379    12710.531    12793.407
333  K3P+G4        6341.099     14  12710.198    12710.350    12793.226
334  K3P+I+G4      6340.910     15  12711.820    12711.993    12800.778
335  K3P+R2        6341.309     15  12712.619    12712.792    12801.577
354  TN+F+I        6308.588     17  12651.177    12651.398    12751.996
355  TN+F+G4       6308.434     17  12650.867    12651.089    12751.687
356  TN+F+I+G4     6308.140     18  12652.280    12652.528    12759.031
357  TN+F+R2       6308.733     18  12653.465    12653.713    12760.216
376  TNe+I         6337.570     14  12703.141    12703.292    12786.169
377  TNe+G4        6337.412     14  12702.823    12702.975    12785.851
378  TNe+I+G4      6337.138     15  12704.276    12704.449    12793.234
379  TNe+R2        6337.677     15  12705.354    12705.527    12794.312
398  HKY+F+I       6316.512     16  12665.025    12665.221    12759.914
399  HKY+F+G4      6316.448     16  12664.896    12665.093    12759.785
400  HKY+F+I+G4    6316.277     17  12666.553    12666.775    12767.373
401  HKY+F+R2      6316.604     17  12667.208    12667.429    12768.027
420  K2P+I         6341.733     13  12709.465    12709.597    12786.563
421  K2P+G4        6341.653     13  12709.306    12709.438    12786.404
422  K2P+I+G4      6341.501     14  12711.002    12711.154    12794.030
423  K2P+R2        6341.849     14  12711.698    12711.850    12794.726
442  F81+F+I       6503.784     15  13037.568    13037.742    13126.527
443  F81+F+G4      6503.749     15  13037.498    13037.671    13126.456
444  F81+F+I+G4    6503.788     16  13039.576    13039.772    13134.465
445  F81+F+R2      6504.004     16  13040.009    13040.206    13134.898
464  JC+I          6524.258     12  13072.517    13072.629    13143.683
465  JC+G4         6524.221     12  13072.442    13072.555    13143.609
466  JC+I+G4       6524.259     13  13074.517    13074.649    13151.614
467  JC+R2         6524.479     13  13074.958    13075.090    13152.055
Akaike Information Criterion:           TIM3+F+G4
Corrected Akaike Information Criterion: TIM3+F+G4
Bayesian Information Criterion:         TIM3+F+G4
Best-fit model: TIM3+F+G4 chosen according to BIC

All model information printed to per_gene_alignments_codon/LOC101400323_.aln.model.gz
CPU time for ModelFinder: 1.549 seconds (0h:0m:1s)
Wall-clock time for ModelFinder: 2.948 seconds (0h:0m:2s)
Generating 1000 samples for ultrafast bootstrap (seed: 754001)...

NOTE: 0 MB RAM (0 GB) is required!
Estimate model parameters (epsilon = 0.100)
1. Initial log-likelihood: -6303.911
Optimal log-likelihood: -6303.911
Rate parameters:  A-C: 2.18936  A-G: 9.13559  A-T: 1.00000  C-G: 2.18936  C-T: 15.95666  G-T: 1.00000
Base frequencies:  A: 0.262  C: 0.278  G: 0.259  T: 0.200
Gamma shape alpha: 0.127
Parameters optimization took 1 rounds (0.002 sec)
Wrote distance file to... 
Computing ML distances based on estimated model parameters...
Calculating distance matrix: done in 0.0005548 secs using 99.86% CPU
Computing ML distances took 0.000614 sec (of wall-clock time) 0.000619 sec (of CPU time)
Setting up auxiliary I and S matrices: done in 4.60148e-05 secs using 191.2% CPU
Computing RapidNJ tree took 0.000152 sec (of wall-clock time) 0.000304 sec (of CPU time)
Log-likelihood of RapidNJ tree: -6303.911
--------------------------------------------------------------------
|             INITIALIZING CANDIDATE TREE SET                      |
--------------------------------------------------------------------
Generating 99 parsimony trees... 0.045 second
Computing log-likelihood of 39 initial trees ... 0.036 seconds
Current best score: -6303.911

Do NNI search on 20 best initial trees
Estimate model parameters (epsilon = 0.100)
BETTER TREE FOUND at iteration 1: -6303.911
Iteration 10 / LogL: -6304.846 / Time: 0h:0m:3s
Iteration 20 / LogL: -6303.979 / Time: 0h:0m:3s
Finish initializing candidate tree set (1)
Current best tree score: -6303.911 / CPU time: 0.228
Number of iterations: 20
--------------------------------------------------------------------
|               OPTIMIZING CANDIDATE TREE SET                      |
--------------------------------------------------------------------
Iteration 30 / LogL: -6304.016 / Time: 0h:0m:3s (0h:0m:0s left)
Iteration 40 / LogL: -6304.317 / Time: 0h:0m:3s (0h:0m:0s left)
Iteration 50 / LogL: -6303.912 / Time: 0h:0m:3s (0h:0m:0s left)
Log-likelihood cutoff on original alignment: -6312.786
Iteration 60 / LogL: -6303.911 / Time: 0h:0m:3s (0h:0m:0s left)
Iteration 70 / LogL: -6303.921 / Time: 0h:0m:3s (0h:0m:0s left)
Iteration 80 / LogL: -6303.911 / Time: 0h:0m:4s (0h:0m:0s left)
Iteration 90 / LogL: -6303.912 / Time: 0h:0m:4s (0h:0m:0s left)
Iteration 100 / LogL: -6303.912 / Time: 0h:0m:4s (0h:0m:0s left)
Log-likelihood cutoff on original alignment: -6313.601
NOTE: Bootstrap correlation coefficient of split occurrence frequencies: 1.000
TREE SEARCH COMPLETED AFTER 102 ITERATIONS / Time: 0h:0m:4s

--------------------------------------------------------------------
|                    FINALIZING TREE SEARCH                        |
--------------------------------------------------------------------
Performs final model parameters optimization
Estimate model parameters (epsilon = 0.010)
1. Initial log-likelihood: -6303.911
Optimal log-likelihood: -6303.910
Rate parameters:  A-C: 2.18985  A-G: 9.13602  A-T: 1.00000  C-G: 2.18985  C-T: 15.96213  G-T: 1.00000
Base frequencies:  A: 0.262  C: 0.278  G: 0.259  T: 0.200
Gamma shape alpha: 0.127
Parameters optimization took 1 rounds (0.002 sec)
BEST SCORE FOUND : -6303.910
Creating bootstrap support values...
Split supports printed to NEXUS file per_gene_alignments_codon/LOC101400323_.aln.splits.nex
Total tree length: 0.229

Total number of iterations: 102
CPU time used for tree search: 1.225 sec (0h:0m:1s)
Wall-clock time used for tree search: 1.534 sec (0h:0m:1s)
Total CPU time used: 2.858 sec (0h:0m:2s)
Total wall-clock time used: 4.565 sec (0h:0m:4s)

Computing bootstrap consensus tree...
Reading input file per_gene_alignments_codon/LOC101400323_.aln.splits.nex...
7 taxa and 15 splits.
Consensus tree written to per_gene_alignments_codon/LOC101400323_.aln.contree
Reading input trees file per_gene_alignments_codon/LOC101400323_.aln.contree
Log-likelihood of consensus tree: -6303.910

Analysis results written to: 
  IQ-TREE report:                per_gene_alignments_codon/LOC101400323_.aln.iqtree
  Maximum-likelihood tree:       per_gene_alignments_codon/LOC101400323_.aln.treefile
  Likelihood distances:          per_gene_alignments_codon/LOC101400323_.aln.mldist

Ultrafast bootstrap approximation results written to:
  Split support values:          per_gene_alignments_codon/LOC101400323_.aln.splits.nex
  Consensus tree:                per_gene_alignments_codon/LOC101400323_.aln.contree
  Screen log file:               per_gene_alignments_codon/LOC101400323_.aln.log

Date and Time: Thu Oct 30 21:34:07 2025
