IQ-TREE multicore version 2.3.3 COVID-edition for Linux x86 64-bit built Apr 25 2024
Developed by Bui Quang Minh, James Barbetti, Nguyen Lam Tung, Olga Chernomor,
Heiko Schmidt, Dominik Schrempf, Michael Woodhams, Ly Trong Nhan, Thomas Wong

Host:    morpheus-OptiPlex-5050 (AVX2, FMA3, 503 GB RAM)
Command: iqtree2 -s per_gene_alignments_codon/LOC101392025_.aln.fna -m MFP -T 1 -B 1000 --prefix per_gene_alignments_codon/LOC101392025_.aln
Seed:    781694 (Using SPRNG - Scalable Parallel Random Number Generator)
Time:    Thu Oct 30 21:28:20 2025
Kernel:  AVX+FMA - 1 threads (72 CPU cores detected)

HINT: Use -nt option to specify number of threads because your CPU has 72 cores!
HINT: -nt AUTO will automatically determine the best number of threads to use.

Reading alignment file per_gene_alignments_codon/LOC101392025_.aln.fna ... Fasta format detected
Reading fasta file: done in 0.00067687 secs
Alignment most likely contains DNA/RNA sequences
Alignment has 7 sequences with 2397 columns, 133 distinct patterns
201 parsimony-informative, 260 singleton sites, 1935 constant sites
                     Gap/Ambiguity  Composition  p-value
Analyzing sequences: done in 2.28882e-05 secs
   1  Ceratotherium_simum    0.38%    passed     31.39%
   2  Diceros_bicornis       0.00%    passed     42.90%
   3  Equus_asinus           0.00%    passed     94.05%
   4  Equus_quagga           0.00%    passed     95.77%
   5  Equus_caballus         0.00%    passed     96.95%
   6  Canis_lupus            0.38%    passed     67.24%
   7  Bos_taurus             0.00%    failed      2.03%
****  TOTAL                  0.11%  1 sequences failed composition chi2 test (p-value<5%; df=3)


Create initial parsimony tree by phylogenetic likelihood library (PLL)... 0.000 seconds
Perform fast likelihood tree search using GTR+I+G model...
Estimate model parameters (epsilon = 5.000)
Perform nearest neighbor interchange...
Estimate model parameters (epsilon = 1.000)
1. Initial log-likelihood: -5964.544
Optimal log-likelihood: -5964.538
Rate parameters:  A-C: 1.09209  A-G: 3.90911  A-T: 0.17975  C-G: 0.95385  C-T: 5.47670  G-T: 1.00000
Base frequencies:  A: 0.257  C: 0.258  G: 0.258  T: 0.227
Proportion of invariable sites: 0.400
Gamma shape alpha: 1.275
Parameters optimization took 1 rounds (0.002 sec)
Time for fast ML tree search: 0.019 seconds

NOTE: ModelFinder requires 0 MB RAM!
ModelFinder will test up to 484 DNA models (sample size: 2397) ...
 No. Model         -LnL         df  AIC          AICc         BIC
  1  GTR+F         5996.687     19  12031.373    12031.693    12141.231
  2  GTR+F+I       5965.557     20  11971.114    11971.468    12086.754
  3  GTR+F+G4      5964.659     20  11969.318    11969.671    12084.957
  4  GTR+F+I+G4    5964.539     21  11971.079    11971.468    12092.500
  5  GTR+F+R2      5965.652     21  11973.303    11973.692    12094.725
  6  GTR+F+R3      5964.902     23  11975.805    11976.270    12108.790
 14  GTR+F+I+R2    5964.926     22  11973.852    11974.278    12101.056
 15  GTR+F+I+R3    5964.666     24  11977.333    11977.839    12116.100
 24  SYM+I         5970.709     17  11975.417    11975.674    12073.711
 25  SYM+G4        5969.839     17  11973.678    11973.935    12071.971
 26  SYM+I+G4      5969.713     18  11975.426    11975.714    12079.502
 27  SYM+R2        5970.818     18  11977.636    11977.924    12081.712
 46  TVM+F+I       5968.960     19  11975.919    11976.239    12085.777
 47  TVM+F+G4      5968.266     19  11974.531    11974.851    12084.389
 48  TVM+F+I+G4    5968.148     20  11976.295    11976.649    12091.935
 49  TVM+F+R2      5969.123     20  11978.247    11978.600    12093.886
 68  TVMe+I        5972.865     16  11977.730    11977.958    12070.241
 69  TVMe+G4       5972.148     16  11976.295    11976.524    12068.807
 70  TVMe+I+G4     5972.025     17  11978.050    11978.307    12076.344
 71  TVMe+R2       5973.028     17  11980.055    11980.312    12078.349
 90  TIM3+F+I      5973.511     18  11983.022    11983.309    12087.097
 91  TIM3+F+G4     5972.786     18  11981.573    11981.860    12085.648
 92  TIM3+F+I+G4   5972.707     19  11983.414    11983.734    12093.272
 93  TIM3+F+R2     5973.619     19  11985.237    11985.557    12095.095
112  TIM3e+I       5978.713     15  11987.425    11987.627    12074.155
113  TIM3e+G4      5978.012     15  11986.024    11986.225    12072.753
114  TIM3e+I+G4    5977.926     16  11987.851    11988.080    12080.363
115  TIM3e+R2      5978.845     16  11989.691    11989.919    12082.202
134  TIM2+F+I      5975.241     18  11986.482    11986.769    12090.557
135  TIM2+F+G4     5974.492     18  11984.985    11985.272    12089.060
136  TIM2+F+I+G4   5974.398     19  11986.796    11987.116    12096.654
137  TIM2+F+R2     5975.333     19  11988.666    11988.986    12098.524
156  TIM2e+I       5981.827     15  11993.655    11993.857    12080.385
157  TIM2e+G4      5981.123     15  11992.246    11992.448    12078.976
158  TIM2e+I+G4    5981.023     16  11994.046    11994.275    12086.558
159  TIM2e+R2      5981.944     16  11995.889    11996.117    12088.400
178  TIM+F+I       5973.611     18  11983.223    11983.510    12087.298
179  TIM+F+G4      5972.776     18  11981.552    11981.840    12085.628
180  TIM+F+I+G4    5972.695     19  11983.389    11983.709    12093.247
181  TIM+F+R2      5973.685     19  11985.370    11985.690    12095.228
200  TIMe+I        5980.192     15  11990.383    11990.585    12077.113
201  TIMe+G4       5979.401     15  11988.803    11989.004    12075.532
202  TIMe+I+G4     5979.315     16  11990.629    11990.858    12083.141
203  TIMe+R2       5980.291     16  11992.581    11992.810    12085.093
222  TPM3u+F+I     5976.914     17  11987.827    11988.084    12086.121
223  TPM3u+F+G4    5976.371     17  11986.742    11986.999    12085.035
224  TPM3u+F+I+G4  5976.293     18  11988.587    11988.874    12092.662
225  TPM3u+F+R2    5977.086     18  11990.172    11990.460    12094.248
244  TPM3+I        5980.875     14  11989.749    11989.926    12070.697
245  TPM3+G4       5980.299     14  11988.598    11988.775    12069.546
246  TPM3+I+G4     5980.220     15  11990.440    11990.642    12077.170
247  TPM3+R2       5981.054     15  11992.109    11992.310    12078.838
266  TPM2u+F+I     5978.633     17  11991.265    11991.522    12089.559
267  TPM2u+F+G4    5978.104     17  11990.209    11990.466    12088.502
268  TPM2u+F+I+G4  5978.017     18  11992.033    11992.321    12096.109
269  TPM2u+F+R2    5978.803     18  11993.607    11993.894    12097.682
288  TPM2+I        5983.926     14  11995.852    11996.028    12076.800
289  TPM2+G4       5983.384     14  11994.769    11994.945    12075.716
290  TPM2+I+G4     5983.294     15  11996.588    11996.790    12083.318
291  TPM2+R2       5984.099     15  11998.199    11998.400    12084.928
310  K3Pu+F+I      5977.041     17  11988.082    11988.339    12086.375
311  K3Pu+F+G4     5976.422     17  11986.844    11987.101    12085.137
312  K3Pu+F+I+G4   5976.341     18  11988.682    11988.970    12092.758
313  K3Pu+F+R2     5977.191     18  11990.382    11990.670    12094.458
332  K3P+I         5982.331     14  11992.661    11992.837    12073.609
333  K3P+G4        5981.699     14  11991.399    11991.575    12072.346
334  K3P+I+G4      5981.618     15  11993.236    11993.437    12079.965
335  K3P+R2        5982.485     15  11994.969    11995.171    12081.699
354  TN+F+I        5977.389     17  11988.778    11989.036    12087.072
355  TN+F+G4       5976.637     17  11987.274    11987.532    12085.568
356  TN+F+I+G4     5976.564     18  11989.129    11989.416    12093.204
357  TN+F+R2       5977.470     18  11990.941    11991.228    12095.016
376  TNe+I         5984.039     14  11996.078    11996.254    12077.025
377  TNe+G4        5983.326     14  11994.652    11994.828    12075.599
378  TNe+I+G4      5983.246     15  11996.493    11996.694    12083.222
379  TNe+R2        5984.146     15  11998.292    11998.494    12085.022
398  HKY+F+I       5980.821     16  11993.642    11993.870    12086.153
399  HKY+F+G4      5980.272     16  11992.544    11992.773    12085.056
400  HKY+F+I+G4    5980.199     17  11994.398    11994.656    12092.692
401  HKY+F+R2      5980.978     17  11995.955    11996.212    12094.249
420  K2P+I         5986.174     13  11998.349    11998.501    12073.514
421  K2P+G4        5985.610     13  11997.221    11997.374    12072.387
422  K2P+I+G4      5985.536     14  11999.071    11999.247    12080.019
423  K2P+R2        5986.332     14  12000.664    12000.841    12081.612
442  F81+F+I       6145.501     15  12321.003    12321.204    12407.732
443  F81+F+G4      6145.256     15  12320.512    12320.714    12407.242
444  F81+F+I+G4    6145.284     16  12322.568    12322.797    12415.080
445  F81+F+R2      6145.678     16  12323.355    12323.584    12415.867
464  JC+I          6150.843     12  12325.687    12325.817    12395.070
465  JC+G4         6150.602     12  12325.204    12325.334    12394.587
466  JC+I+G4       6150.628     13  12327.256    12327.409    12402.422
467  JC+R2         6151.030     13  12328.060    12328.212    12403.225
Akaike Information Criterion:           GTR+F+G4
Corrected Akaike Information Criterion: GTR+F+G4
Bayesian Information Criterion:         TVMe+G4
Best-fit model: TVMe+G4 chosen according to BIC

All model information printed to per_gene_alignments_codon/LOC101392025_.aln.model.gz
CPU time for ModelFinder: 1.099 seconds (0h:0m:1s)
Wall-clock time for ModelFinder: 1.945 seconds (0h:0m:1s)
Generating 1000 samples for ultrafast bootstrap (seed: 781694)...

NOTE: 0 MB RAM (0 GB) is required!
Estimate model parameters (epsilon = 0.100)
1. Initial log-likelihood: -5972.148
Optimal log-likelihood: -5972.146
Rate parameters:  A-C: 1.17010  A-G: 4.83965  A-T: 0.17650  C-G: 1.04210  C-T: 4.83965  G-T: 1.00000
Base frequencies:  A: 0.250  C: 0.250  G: 0.250  T: 0.250
Gamma shape alpha: 0.347
Parameters optimization took 1 rounds (0.002 sec)
Wrote distance file to... 
Computing ML distances based on estimated model parameters...
Calculating distance matrix: done in 0.000538111 secs using 99.61% CPU
Computing ML distances took 0.000599 sec (of wall-clock time) 0.000605 sec (of CPU time)
Setting up auxiliary I and S matrices: done in 4.79221e-05 secs using 202.4% CPU
Computing RapidNJ tree took 0.000147 sec (of wall-clock time) 0.000293 sec (of CPU time)
Log-likelihood of RapidNJ tree: -5972.146
--------------------------------------------------------------------
|             INITIALIZING CANDIDATE TREE SET                      |
--------------------------------------------------------------------
Generating 99 parsimony trees... 0.049 second
Computing log-likelihood of 40 initial trees ... 0.020 seconds
Current best score: -5972.146

Do NNI search on 20 best initial trees
Estimate model parameters (epsilon = 0.100)
BETTER TREE FOUND at iteration 1: -5972.145
Iteration 10 / LogL: -5972.333 / Time: 0h:0m:2s
Iteration 20 / LogL: -5972.156 / Time: 0h:0m:2s
Finish initializing candidate tree set (1)
Current best tree score: -5972.145 / CPU time: 0.264
Number of iterations: 20
--------------------------------------------------------------------
|               OPTIMIZING CANDIDATE TREE SET                      |
--------------------------------------------------------------------
Iteration 30 / LogL: -5972.269 / Time: 0h:0m:2s (0h:0m:1s left)
UPDATE BEST LOG-LIKELIHOOD: -5972.145
Iteration 40 / LogL: -5972.145 / Time: 0h:0m:2s (0h:0m:1s left)
Iteration 50 / LogL: -5972.423 / Time: 0h:0m:2s (0h:0m:0s left)
Log-likelihood cutoff on original alignment: -5989.485
Iteration 60 / LogL: -5972.145 / Time: 0h:0m:3s (0h:0m:0s left)
Iteration 70 / LogL: -5972.328 / Time: 0h:0m:3s (0h:0m:0s left)
Iteration 80 / LogL: -5972.167 / Time: 0h:0m:3s (0h:0m:0s left)
Iteration 90 / LogL: -5972.155 / Time: 0h:0m:3s (0h:0m:0s left)
UPDATE BEST LOG-LIKELIHOOD: -5972.145
Iteration 100 / LogL: -5973.130 / Time: 0h:0m:3s (0h:0m:0s left)
Log-likelihood cutoff on original alignment: -5989.485
NOTE: Bootstrap correlation coefficient of split occurrence frequencies: 1.000
TREE SEARCH COMPLETED AFTER 102 ITERATIONS / Time: 0h:0m:3s

--------------------------------------------------------------------
|                    FINALIZING TREE SEARCH                        |
--------------------------------------------------------------------
Performs final model parameters optimization
Estimate model parameters (epsilon = 0.010)
1. Initial log-likelihood: -5972.145
Optimal log-likelihood: -5972.145
Rate parameters:  A-C: 1.17092  A-G: 4.84054  A-T: 0.17734  C-G: 1.03933  C-T: 4.84054  G-T: 1.00000
Base frequencies:  A: 0.250  C: 0.250  G: 0.250  T: 0.250
Gamma shape alpha: 0.347
Parameters optimization took 1 rounds (0.002 sec)
BEST SCORE FOUND : -5972.145
Creating bootstrap support values...
Split supports printed to NEXUS file per_gene_alignments_codon/LOC101392025_.aln.splits.nex
Total tree length: 0.276

Total number of iterations: 102
CPU time used for tree search: 1.236 sec (0h:0m:1s)
Wall-clock time used for tree search: 1.722 sec (0h:0m:1s)
Total CPU time used: 2.409 sec (0h:0m:2s)
Total wall-clock time used: 3.768 sec (0h:0m:3s)

Computing bootstrap consensus tree...
Reading input file per_gene_alignments_codon/LOC101392025_.aln.splits.nex...
7 taxa and 13 splits.
Consensus tree written to per_gene_alignments_codon/LOC101392025_.aln.contree
Reading input trees file per_gene_alignments_codon/LOC101392025_.aln.contree
Log-likelihood of consensus tree: -5972.145

Analysis results written to: 
  IQ-TREE report:                per_gene_alignments_codon/LOC101392025_.aln.iqtree
  Maximum-likelihood tree:       per_gene_alignments_codon/LOC101392025_.aln.treefile
  Likelihood distances:          per_gene_alignments_codon/LOC101392025_.aln.mldist

Ultrafast bootstrap approximation results written to:
  Split support values:          per_gene_alignments_codon/LOC101392025_.aln.splits.nex
  Consensus tree:                per_gene_alignments_codon/LOC101392025_.aln.contree
  Screen log file:               per_gene_alignments_codon/LOC101392025_.aln.log

Date and Time: Thu Oct 30 21:28:24 2025
