IQ-TREE multicore version 2.3.3 COVID-edition for Linux x86 64-bit built Apr 25 2024
Developed by Bui Quang Minh, James Barbetti, Nguyen Lam Tung, Olga Chernomor,
Heiko Schmidt, Dominik Schrempf, Michael Woodhams, Ly Trong Nhan, Thomas Wong

Host:    morpheus-OptiPlex-5050 (AVX2, FMA3, 503 GB RAM)
Command: iqtree2 -s per_gene_alignments_codon/LOC101394561_.aln.fna -m MFP -T 1 -B 1000 --prefix per_gene_alignments_codon/LOC101394561_.aln
Seed:    870585 (Using SPRNG - Scalable Parallel Random Number Generator)
Time:    Thu Oct 30 21:30:04 2025
Kernel:  AVX+FMA - 1 threads (72 CPU cores detected)

HINT: Use -nt option to specify number of threads because your CPU has 72 cores!
HINT: -nt AUTO will automatically determine the best number of threads to use.

Reading alignment file per_gene_alignments_codon/LOC101394561_.aln.fna ... Fasta format detected
Reading fasta file: done in 0.000923872 secs
Alignment most likely contains DNA/RNA sequences
Alignment has 7 sequences with 3450 columns, 112 distinct patterns
181 parsimony-informative, 317 singleton sites, 2952 constant sites
                     Gap/Ambiguity  Composition  p-value
Analyzing sequences: done in 1.50204e-05 secs
   1  Ceratotherium_simum    0.00%    passed     55.17%
   2  Diceros_bicornis       0.00%    passed     55.03%
   3  Equus_asinus           0.00%    passed     66.27%
   4  Equus_quagga           0.00%    passed     66.08%
   5  Equus_caballus         0.00%    passed     67.43%
   6  Canis_lupus            0.00%    failed      0.16%
   7  Bos_taurus             0.00%    failed      4.79%
****  TOTAL                  0.00%  2 sequences failed composition chi2 test (p-value<5%; df=3)


Create initial parsimony tree by phylogenetic likelihood library (PLL)... 0.000 seconds
Perform fast likelihood tree search using GTR+I+G model...
Estimate model parameters (epsilon = 5.000)
Perform nearest neighbor interchange...
Estimate model parameters (epsilon = 1.000)
1. Initial log-likelihood: -7676.110
Optimal log-likelihood: -7676.108
Rate parameters:  A-C: 1.03841  A-G: 3.07624  A-T: 0.14601  C-G: 0.84599  C-T: 4.32288  G-T: 1.00000
Base frequencies:  A: 0.295  C: 0.257  G: 0.229  T: 0.220
Proportion of invariable sites: 0.426
Gamma shape alpha: 1.370
Parameters optimization took 1 rounds (0.006 sec)
Time for fast ML tree search: 0.026 seconds

NOTE: ModelFinder requires 0 MB RAM!
ModelFinder will test up to 484 DNA models (sample size: 3450) ...
 No. Model         -LnL         df  AIC          AICc         BIC
  1  GTR+F         7700.871     19  15439.742    15439.963    15556.518
  2  GTR+F+I       7675.811     20  15391.622    15391.867    15514.545
  3  GTR+F+G4      7676.038     20  15392.075    15392.320    15514.998
  4  GTR+F+I+G4    7676.108     21  15394.215    15394.485    15523.284
  5  GTR+F+R2      7677.971     21  15397.943    15398.212    15527.011
  6  GTR+F+R3      7676.530     23  15399.059    15399.382    15540.420
 14  GTR+F+I+R2    7675.983     22  15395.966    15396.261    15531.181
 15  GTR+F+I+R3    7676.126     24  15400.253    15400.603    15547.760
 24  SYM+I         7697.947     17  15429.894    15430.073    15534.378
 25  SYM+G4        7698.193     17  15430.385    15430.564    15534.870
 26  SYM+I+G4      7698.261     18  15432.522    15432.721    15543.152
 46  TVM+F+I       7679.989     19  15397.978    15398.200    15514.754
 47  TVM+F+G4      7680.189     19  15398.378    15398.600    15515.155
 48  TVM+F+I+G4    7680.267     20  15400.535    15400.780    15523.457
 68  TVMe+I        7700.407     16  15432.814    15432.972    15531.152
 69  TVMe+G4       7700.621     16  15433.243    15433.401    15531.581
 70  TVMe+I+G4     7700.688     17  15435.376    15435.554    15539.860
 90  TIM3+F+I      7689.438     18  15414.875    15415.074    15525.505
 91  TIM3+F+G4     7689.741     18  15415.481    15415.680    15526.111
 92  TIM3+F+I+G4   7689.811     19  15417.623    15417.845    15534.399
112  TIM3e+I       7709.979     15  15449.959    15450.099    15542.151
113  TIM3e+G4      7710.284     15  15450.568    15450.707    15542.760
114  TIM3e+I+G4    7710.352     16  15452.705    15452.863    15551.043
134  TIM2+F+I      7692.542     18  15421.084    15421.283    15531.714
135  TIM2+F+G4     7692.768     18  15421.535    15421.735    15532.166
136  TIM2+F+I+G4   7692.824     19  15423.649    15423.870    15540.425
156  TIM2e+I       7717.055     15  15464.110    15464.249    15556.302
157  TIM2e+G4      7717.301     15  15464.603    15464.742    15556.795
158  TIM2e+I+G4    7717.351     16  15466.702    15466.861    15565.040
178  TIM+F+I       7686.681     18  15409.362    15409.562    15519.993
179  TIM+F+G4      7686.868     18  15409.736    15409.935    15520.366
180  TIM+F+I+G4    7686.918     19  15411.836    15412.058    15528.612
200  TIMe+I        7708.869     15  15447.738    15447.878    15539.930
201  TIMe+G4       7709.059     15  15448.119    15448.259    15540.311
202  TIMe+I+G4     7709.102     16  15450.204    15450.363    15548.542
222  TPM3u+F+I     7693.721     17  15421.443    15421.621    15525.927
223  TPM3u+F+G4    7693.973     17  15421.947    15422.125    15526.431
224  TPM3u+F+I+G4  7694.047     18  15424.094    15424.294    15534.725
244  TPM3+I        7712.468     14  15452.936    15453.058    15538.982
245  TPM3+G4       7712.720     14  15453.439    15453.562    15539.485
246  TPM3+I+G4     7712.784     15  15455.567    15455.707    15547.759
266  TPM2u+F+I     7696.783     17  15427.565    15427.743    15532.049
267  TPM2u+F+G4    7697.010     17  15428.019    15428.198    15532.503
268  TPM2u+F+I+G4  7697.077     18  15430.153    15430.353    15540.784
288  TPM2+I        7719.510     14  15467.021    15467.143    15553.067
289  TPM2+G4       7719.743     14  15467.485    15467.607    15553.531
290  TPM2+I+G4     7719.792     15  15469.584    15469.724    15561.776
310  K3Pu+F+I      7690.915     17  15415.830    15416.008    15520.314
311  K3Pu+F+G4     7691.085     17  15416.169    15416.347    15520.653
312  K3Pu+F+I+G4   7691.142     18  15418.284    15418.483    15528.914
332  K3P+I         7711.294     14  15450.587    15450.710    15536.633
333  K3P+G4        7711.457     14  15450.914    15451.036    15536.960
334  K3P+I+G4      7711.500     15  15453.001    15453.141    15545.193
354  TN+F+I        7695.453     17  15424.906    15425.085    15529.390
355  TN+F+G4       7695.685     17  15425.369    15425.548    15529.853
356  TN+F+I+G4     7695.735     18  15427.471    15427.670    15538.101
376  TNe+I         7718.193     14  15464.386    15464.508    15550.432
377  TNe+G4        7718.436     14  15464.873    15464.995    15550.919
378  TNe+I+G4      7718.480     15  15466.960    15467.099    15559.152
398  HKY+F+I       7699.776     16  15431.551    15431.710    15529.889
399  HKY+F+G4      7699.989     16  15431.978    15432.136    15530.316
400  HKY+F+I+G4    7700.047     17  15434.093    15434.271    15538.577
420  K2P+I         7720.649     13  15467.298    15467.404    15547.198
421  K2P+G4        7720.864     13  15467.728    15467.834    15547.628
422  K2P+I+G4      7720.911     14  15469.821    15469.943    15555.867
442  F81+F+I       7847.409     15  15724.819    15724.959    15817.011
443  F81+F+G4      7847.771     15  15725.542    15725.682    15817.734
444  F81+F+I+G4    7847.699     16  15727.399    15727.557    15825.737
464  JC+I          7866.263     12  15756.525    15756.616    15830.279
465  JC+G4         7866.619     12  15757.238    15757.329    15830.992
466  JC+I+G4       7866.548     13  15759.095    15759.201    15838.995
Akaike Information Criterion:           GTR+F+I
Corrected Akaike Information Criterion: GTR+F+I
Bayesian Information Criterion:         GTR+F+I
Best-fit model: GTR+F+I chosen according to BIC

All model information printed to per_gene_alignments_codon/LOC101394561_.aln.model.gz
CPU time for ModelFinder: 0.547 seconds (0h:0m:0s)
Wall-clock time for ModelFinder: 0.778 seconds (0h:0m:0s)
Generating 1000 samples for ultrafast bootstrap (seed: 870585)...

NOTE: 0 MB RAM (0 GB) is required!
Estimate model parameters (epsilon = 0.100)
1. Initial log-likelihood: -7675.811
Optimal log-likelihood: -7675.811
Rate parameters:  A-C: 1.03298  A-G: 3.03990  A-T: 0.14849  C-G: 0.84038  C-T: 4.27685  G-T: 1.00000
Base frequencies:  A: 0.295  C: 0.257  G: 0.229  T: 0.220
Proportion of invariable sites: 0.609
Parameters optimization took 1 rounds (0.001 sec)
Wrote distance file to... 
Computing ML distances based on estimated model parameters...
Calculating distance matrix: done in 0.000189066 secs using 99.44% CPU
Computing ML distances took 0.000242 sec (of wall-clock time) 0.000248 sec (of CPU time)
Setting up auxiliary I and S matrices: done in 4.79221e-05 secs using 95.99% CPU
Computing RapidNJ tree took 0.000149 sec (of wall-clock time) 0.000149 sec (of CPU time)
Log-likelihood of RapidNJ tree: -7675.815
--------------------------------------------------------------------
|             INITIALIZING CANDIDATE TREE SET                      |
--------------------------------------------------------------------
Generating 99 parsimony trees... 0.078 second
Computing log-likelihood of 41 initial trees ... 0.014 seconds
Current best score: -7675.811

Do NNI search on 20 best initial trees
Estimate model parameters (epsilon = 0.100)
BETTER TREE FOUND at iteration 1: -7675.811
Iteration 10 / LogL: -7675.879 / Time: 0h:0m:0s
Iteration 20 / LogL: -7675.819 / Time: 0h:0m:1s
Finish initializing candidate tree set (1)
Current best tree score: -7675.811 / CPU time: 0.160
Number of iterations: 20
--------------------------------------------------------------------
|               OPTIMIZING CANDIDATE TREE SET                      |
--------------------------------------------------------------------
UPDATE BEST LOG-LIKELIHOOD: -7675.811
UPDATE BEST LOG-LIKELIHOOD: -7675.811
Iteration 30 / LogL: -7675.816 / Time: 0h:0m:1s (0h:0m:0s left)
Iteration 40 / LogL: -7675.837 / Time: 0h:0m:1s (0h:0m:0s left)
Iteration 50 / LogL: -7675.822 / Time: 0h:0m:1s (0h:0m:0s left)
Log-likelihood cutoff on original alignment: -7685.354
Iteration 60 / LogL: -7675.818 / Time: 0h:0m:1s (0h:0m:0s left)
Iteration 70 / LogL: -7676.133 / Time: 0h:0m:1s (0h:0m:0s left)
Iteration 80 / LogL: -7675.811 / Time: 0h:0m:1s (0h:0m:0s left)
Iteration 90 / LogL: -7676.134 / Time: 0h:0m:1s (0h:0m:0s left)
Iteration 100 / LogL: -7675.822 / Time: 0h:0m:1s (0h:0m:0s left)
Log-likelihood cutoff on original alignment: -7686.076
NOTE: Bootstrap correlation coefficient of split occurrence frequencies: 1.000
TREE SEARCH COMPLETED AFTER 102 ITERATIONS / Time: 0h:0m:1s

--------------------------------------------------------------------
|                    FINALIZING TREE SEARCH                        |
--------------------------------------------------------------------
Performs final model parameters optimization
Estimate model parameters (epsilon = 0.010)
1. Initial log-likelihood: -7675.811
Optimal log-likelihood: -7675.810
Rate parameters:  A-C: 1.03254  A-G: 3.03984  A-T: 0.14913  C-G: 0.83946  C-T: 4.27758  G-T: 1.00000
Base frequencies:  A: 0.295  C: 0.257  G: 0.229  T: 0.220
Proportion of invariable sites: 0.609
Parameters optimization took 1 rounds (0.001 sec)
BEST SCORE FOUND : -7675.810
Creating bootstrap support values...
Split supports printed to NEXUS file per_gene_alignments_codon/LOC101394561_.aln.splits.nex
Total tree length: 0.187

Total number of iterations: 102
CPU time used for tree search: 1.154 sec (0h:0m:1s)
Wall-clock time used for tree search: 1.012 sec (0h:0m:1s)
Total CPU time used: 1.774 sec (0h:0m:1s)
Total wall-clock time used: 1.898 sec (0h:0m:1s)

Computing bootstrap consensus tree...
Reading input file per_gene_alignments_codon/LOC101394561_.aln.splits.nex...
7 taxa and 13 splits.
Consensus tree written to per_gene_alignments_codon/LOC101394561_.aln.contree
Reading input trees file per_gene_alignments_codon/LOC101394561_.aln.contree
Log-likelihood of consensus tree: -7675.814

Analysis results written to: 
  IQ-TREE report:                per_gene_alignments_codon/LOC101394561_.aln.iqtree
  Maximum-likelihood tree:       per_gene_alignments_codon/LOC101394561_.aln.treefile
  Likelihood distances:          per_gene_alignments_codon/LOC101394561_.aln.mldist

Ultrafast bootstrap approximation results written to:
  Split support values:          per_gene_alignments_codon/LOC101394561_.aln.splits.nex
  Consensus tree:                per_gene_alignments_codon/LOC101394561_.aln.contree
  Screen log file:               per_gene_alignments_codon/LOC101394561_.aln.log

Date and Time: Thu Oct 30 21:30:07 2025
