IQ-TREE multicore version 2.3.3 COVID-edition for Linux x86 64-bit built Apr 25 2024
Developed by Bui Quang Minh, James Barbetti, Nguyen Lam Tung, Olga Chernomor,
Heiko Schmidt, Dominik Schrempf, Michael Woodhams, Ly Trong Nhan, Thomas Wong

Host:    morpheus-OptiPlex-5050 (AVX2, FMA3, 503 GB RAM)
Command: iqtree2 -s per_gene_alignments_codon/LOC101394675_.aln.fna -m MFP -T 1 -B 1000 --prefix per_gene_alignments_codon/LOC101394675_.aln
Seed:    706465 (Using SPRNG - Scalable Parallel Random Number Generator)
Time:    Thu Oct 30 21:30:09 2025
Kernel:  AVX+FMA - 1 threads (72 CPU cores detected)

HINT: Use -nt option to specify number of threads because your CPU has 72 cores!
HINT: -nt AUTO will automatically determine the best number of threads to use.

Reading alignment file per_gene_alignments_codon/LOC101394675_.aln.fna ... Fasta format detected
Reading fasta file: done in 0.000442028 secs
Alignment most likely contains DNA/RNA sequences
Alignment has 7 sequences with 1437 columns, 99 distinct patterns
104 parsimony-informative, 220 singleton sites, 1113 constant sites
                     Gap/Ambiguity  Composition  p-value
Analyzing sequences: done in 1.69277e-05 secs using 88.61% CPU
   1  Ceratotherium_simum    0.00%    passed     67.11%
   2  Diceros_bicornis       0.00%    passed     70.50%
   3  Equus_asinus           0.00%    passed     99.61%
   4  Equus_quagga           0.00%    passed     99.94%
   5  Equus_caballus         0.00%    passed     99.98%
   6  Canis_lupus            0.00%    passed     35.93%
   7  Bos_taurus             0.21%    failed      0.01%
****  TOTAL                  0.03%  1 sequences failed composition chi2 test (p-value<5%; df=3)


Create initial parsimony tree by phylogenetic likelihood library (PLL)... 0.000 seconds
Perform fast likelihood tree search using GTR+I+G model...
Estimate model parameters (epsilon = 5.000)
Perform nearest neighbor interchange...
Estimate model parameters (epsilon = 1.000)
1. Initial log-likelihood: -3665.213
Optimal log-likelihood: -3665.014
Rate parameters:  A-C: 0.94032  A-G: 4.59097  A-T: 0.28539  C-G: 0.53316  C-T: 4.53542  G-T: 1.00000
Base frequencies:  A: 0.339  C: 0.197  G: 0.256  T: 0.208
Proportion of invariable sites: 0.385
Gamma shape alpha: 1.304
Parameters optimization took 1 rounds (0.004 sec)
Time for fast ML tree search: 0.079 seconds

NOTE: ModelFinder requires 0 MB RAM!
ModelFinder will test up to 484 DNA models (sample size: 1437) ...
 No. Model         -LnL         df  AIC          AICc         BIC
  1  GTR+F         3691.949     19  7421.898     7422.434     7522.034
  2  GTR+F+I       3664.070     20  7368.141     7368.734     7473.547
  3  GTR+F+G4      3664.958     20  7369.916     7370.509     7475.322
  4  GTR+F+I+G4    3665.006     21  7372.011     7372.664     7482.688
  5  GTR+F+R2      3664.286     21  7370.573     7371.226     7481.249
  6  GTR+F+R3      3664.313     23  7374.626     7375.407     7495.843
 14  GTR+F+I+R2    3664.661     22  7373.322     7374.038     7489.269
 15  GTR+F+I+R3    3664.790     24  7377.580     7378.430     7504.067
 24  SYM+I         3694.858     17  7423.715     7424.147     7513.311
 25  SYM+G4        3695.761     17  7425.521     7425.953     7515.117
 26  SYM+I+G4      3695.786     18  7427.572     7428.054     7522.437
 27  SYM+R2        3695.081     18  7426.162     7426.644     7521.028
 46  TVM+F+I       3664.088     19  7366.176     7366.713     7466.312
 47  TVM+F+G4      3664.962     19  7367.924     7368.460     7468.060
 48  TVM+F+I+G4    3665.011     20  7370.022     7370.615     7475.428
 49  TVM+F+R2      3664.297     20  7368.595     7369.188     7474.001
 68  TVMe+I        3698.647     16  7429.294     7429.677     7513.619
 69  TVMe+G4       3699.322     16  7430.644     7431.027     7514.969
 70  TVMe+I+G4     3699.361     17  7432.722     7433.153     7522.317
 71  TVMe+R2       3698.842     17  7431.685     7432.116     7521.280
 90  TIM3+F+I      3669.111     18  7374.223     7374.705     7469.088
 91  TIM3+F+G4     3670.024     18  7376.049     7376.531     7470.915
 92  TIM3+F+I+G4   3670.056     19  7378.113     7378.649     7478.249
 93  TIM3+F+R2     3669.346     19  7376.692     7377.229     7476.828
112  TIM3e+I       3699.414     15  7428.829     7429.166     7507.883
113  TIM3e+G4      3700.338     15  7430.675     7431.013     7509.730
114  TIM3e+I+G4    3700.360     16  7432.721     7433.104     7517.046
115  TIM3e+R2      3699.660     16  7431.320     7431.703     7515.645
134  TIM2+F+I      3669.044     18  7374.087     7374.570     7468.953
135  TIM2+F+G4     3669.949     18  7375.899     7376.381     7470.764
136  TIM2+F+I+G4   3669.966     19  7377.931     7378.467     7478.067
137  TIM2+F+R2     3669.272     19  7376.544     7377.080     7476.680
156  TIM2e+I       3699.714     15  7429.429     7429.766     7508.483
157  TIM2e+G4      3700.634     15  7431.268     7431.606     7510.323
158  TIM2e+I+G4    3700.644     16  7433.288     7433.671     7517.613
159  TIM2e+R2      3699.950     16  7431.899     7432.282     7516.224
178  TIM+F+I       3664.924     18  7365.848     7366.331     7460.714
179  TIM+F+G4      3665.674     18  7367.348     7367.830     7462.214
180  TIM+F+I+G4    3665.710     19  7369.420     7369.957     7469.556
181  TIM+F+R2      3665.128     19  7368.256     7368.792     7468.392
200  TIMe+I        3695.204     15  7420.407     7420.745     7499.462
201  TIMe+G4       3696.018     15  7422.035     7422.373     7501.090
202  TIMe+I+G4     3696.037     16  7424.074     7424.457     7508.399
203  TIMe+R2       3695.413     16  7422.826     7423.209     7507.151
222  TPM3u+F+I     3669.123     17  7372.246     7372.678     7461.842
223  TPM3u+F+G4    3670.027     17  7374.055     7374.486     7463.650
224  TPM3u+F+I+G4  3670.058     18  7376.116     7376.599     7470.982
225  TPM3u+F+R2    3669.353     18  7374.707     7375.189     7469.572
244  TPM3+I        3703.114     14  7434.229     7434.524     7508.013
245  TPM3+G4       3703.842     14  7435.684     7435.980     7509.469
246  TPM3+I+G4     3703.875     15  7437.751     7438.089     7516.805
247  TPM3+R2       3703.325     15  7436.651     7436.989     7515.706
266  TPM2u+F+I     3669.059     17  7372.119     7372.550     7461.714
267  TPM2u+F+G4    3669.953     17  7373.905     7374.337     7463.501
268  TPM2u+F+I+G4  3669.969     18  7375.939     7376.421     7470.804
269  TPM2u+F+R2    3669.282     18  7374.564     7375.046     7469.429
288  TPM2+I        3703.451     14  7434.901     7435.197     7508.686
289  TPM2+G4       3704.139     14  7436.278     7436.573     7510.062
290  TPM2+I+G4     3704.157     15  7438.314     7438.652     7517.369
291  TPM2+R2       3703.657     15  7437.315     7437.652     7516.369
310  K3Pu+F+I      3664.947     17  7363.893     7364.324     7453.489
311  K3Pu+F+G4     3665.679     17  7365.359     7365.790     7454.954
312  K3Pu+F+I+G4   3665.717     18  7367.435     7367.917     7462.300
313  K3Pu+F+R2     3665.140     18  7366.280     7366.762     7461.146
332  K3P+I         3699.038     14  7426.075     7426.371     7499.860
333  K3P+G4        3699.599     14  7427.198     7427.494     7500.983
334  K3P+I+G4      3699.631     15  7429.262     7429.599     7508.316
335  K3P+R2        3699.211     15  7428.422     7428.759     7507.476
354  TN+F+I        3669.821     17  7373.642     7374.073     7463.237
355  TN+F+G4       3670.667     17  7375.335     7375.766     7464.930
356  TN+F+I+G4     3670.684     18  7377.367     7377.850     7472.233
357  TN+F+R2       3670.045     18  7376.091     7376.573     7470.956
376  TNe+I         3699.865     14  7427.730     7428.025     7501.515
377  TNe+G4        3700.748     14  7429.496     7429.791     7503.280
378  TNe+I+G4      3700.759     15  7431.519     7431.857     7510.574
379  TNe+R2        3700.094     15  7430.187     7430.525     7509.242
398  HKY+F+I       3669.838     16  7371.675     7372.059     7456.000
399  HKY+F+G4      3670.672     16  7373.344     7373.727     7457.669
400  HKY+F+I+G4    3670.687     17  7375.375     7375.806     7464.970
401  HKY+F+R2      3670.053     17  7374.107     7374.538     7463.702
420  K2P+I         3703.616     13  7433.232     7433.488     7501.746
421  K2P+G4        3704.272     13  7434.545     7434.800     7503.059
422  K2P+I+G4      3704.292     14  7436.585     7436.880     7510.369
423  K2P+R2        3703.812     14  7435.624     7435.920     7509.409
442  F81+F+I       3795.776     15  7621.551     7621.889     7700.606
443  F81+F+G4      3796.237     15  7622.474     7622.811     7701.528
444  F81+F+I+G4    3796.244     16  7624.487     7624.870     7708.812
445  F81+F+R2      3796.008     16  7624.017     7624.400     7708.342
464  JC+I          3838.929     12  7701.857     7702.077     7765.101
465  JC+G4         3839.416     12  7702.832     7703.051     7766.075
466  JC+I+G4       3839.399     13  7704.797     7705.053     7773.311
467  JC+R2         3839.162     13  7704.323     7704.579     7772.837
Akaike Information Criterion:           K3Pu+F+I
Corrected Akaike Information Criterion: K3Pu+F+I
Bayesian Information Criterion:         K3Pu+F+I
Best-fit model: K3Pu+F+I chosen according to BIC

All model information printed to per_gene_alignments_codon/LOC101394675_.aln.model.gz
CPU time for ModelFinder: 1.151 seconds (0h:0m:1s)
Wall-clock time for ModelFinder: 1.748 seconds (0h:0m:1s)
Generating 1000 samples for ultrafast bootstrap (seed: 706465)...

NOTE: 0 MB RAM (0 GB) is required!
Estimate model parameters (epsilon = 0.100)
1. Initial log-likelihood: -3664.947
Optimal log-likelihood: -3664.947
Rate parameters:  A-C: 1.00000  A-G: 4.62511  A-T: 0.37023  C-G: 0.37023  C-T: 4.62511  G-T: 1.00000
Base frequencies:  A: 0.339  C: 0.197  G: 0.256  T: 0.208
Proportion of invariable sites: 0.573
Parameters optimization took 1 rounds (0.001 sec)
Wrote distance file to... 
Computing ML distances based on estimated model parameters...
Calculating distance matrix: done in 0.000212908 secs using 99.1% CPU
Computing ML distances took 0.000273 sec (of wall-clock time) 0.000281 sec (of CPU time)
Setting up auxiliary I and S matrices: done in 4.88758e-05 secs using 182.1% CPU
Computing RapidNJ tree took 0.000147 sec (of wall-clock time) 0.000293 sec (of CPU time)
Log-likelihood of RapidNJ tree: -3666.236
--------------------------------------------------------------------
|             INITIALIZING CANDIDATE TREE SET                      |
--------------------------------------------------------------------
Generating 98 parsimony trees... 0.057 second
Computing log-likelihood of 38 initial trees ... 0.011 seconds
Current best score: -3664.947

Do NNI search on 20 best initial trees
Estimate model parameters (epsilon = 0.100)
BETTER TREE FOUND at iteration 1: -3664.947
Iteration 10 / LogL: -3665.179 / Time: 0h:0m:1s
Iteration 20 / LogL: -3665.189 / Time: 0h:0m:2s
Finish initializing candidate tree set (1)
Current best tree score: -3664.947 / CPU time: 0.242
Number of iterations: 20
--------------------------------------------------------------------
|               OPTIMIZING CANDIDATE TREE SET                      |
--------------------------------------------------------------------
Iteration 30 / LogL: -3664.947 / Time: 0h:0m:2s (0h:0m:1s left)
Iteration 40 / LogL: -3664.948 / Time: 0h:0m:2s (0h:0m:0s left)
Iteration 50 / LogL: -3664.953 / Time: 0h:0m:2s (0h:0m:0s left)
Log-likelihood cutoff on original alignment: -3678.352
Iteration 60 / LogL: -3664.953 / Time: 0h:0m:2s (0h:0m:0s left)
Iteration 70 / LogL: -3665.063 / Time: 0h:0m:2s (0h:0m:0s left)
UPDATE BEST LOG-LIKELIHOOD: -3664.947
Iteration 80 / LogL: -3664.947 / Time: 0h:0m:2s (0h:0m:0s left)
Iteration 90 / LogL: -3665.063 / Time: 0h:0m:3s (0h:0m:0s left)
Iteration 100 / LogL: -3664.947 / Time: 0h:0m:3s (0h:0m:0s left)
Log-likelihood cutoff on original alignment: -3678.201
NOTE: Bootstrap correlation coefficient of split occurrence frequencies: 0.999
TREE SEARCH COMPLETED AFTER 102 ITERATIONS / Time: 0h:0m:3s

--------------------------------------------------------------------
|                    FINALIZING TREE SEARCH                        |
--------------------------------------------------------------------
Performs final model parameters optimization
Estimate model parameters (epsilon = 0.010)
1. Initial log-likelihood: -3664.947
Optimal log-likelihood: -3664.946
Rate parameters:  A-C: 1.00000  A-G: 4.62742  A-T: 0.37058  C-G: 0.37058  C-T: 4.62742  G-T: 1.00000
Base frequencies:  A: 0.339  C: 0.197  G: 0.256  T: 0.208
Proportion of invariable sites: 0.573
Parameters optimization took 1 rounds (0.001 sec)
BEST SCORE FOUND : -3664.946
Creating bootstrap support values...
Split supports printed to NEXUS file per_gene_alignments_codon/LOC101394675_.aln.splits.nex
Total tree length: 0.359

Total number of iterations: 102
CPU time used for tree search: 0.993 sec (0h:0m:0s)
Wall-clock time used for tree search: 1.364 sec (0h:0m:1s)
Total CPU time used: 2.211 sec (0h:0m:2s)
Total wall-clock time used: 3.218 sec (0h:0m:3s)

Computing bootstrap consensus tree...
Reading input file per_gene_alignments_codon/LOC101394675_.aln.splits.nex...
7 taxa and 17 splits.
Consensus tree written to per_gene_alignments_codon/LOC101394675_.aln.contree
Reading input trees file per_gene_alignments_codon/LOC101394675_.aln.contree
Log-likelihood of consensus tree: -3664.946

Analysis results written to: 
  IQ-TREE report:                per_gene_alignments_codon/LOC101394675_.aln.iqtree
  Maximum-likelihood tree:       per_gene_alignments_codon/LOC101394675_.aln.treefile
  Likelihood distances:          per_gene_alignments_codon/LOC101394675_.aln.mldist

Ultrafast bootstrap approximation results written to:
  Split support values:          per_gene_alignments_codon/LOC101394675_.aln.splits.nex
  Consensus tree:                per_gene_alignments_codon/LOC101394675_.aln.contree
  Screen log file:               per_gene_alignments_codon/LOC101394675_.aln.log

Date and Time: Thu Oct 30 21:30:13 2025
