IQ-TREE multicore version 2.3.3 COVID-edition for Linux x86 64-bit built Apr 25 2024
Developed by Bui Quang Minh, James Barbetti, Nguyen Lam Tung, Olga Chernomor,
Heiko Schmidt, Dominik Schrempf, Michael Woodhams, Ly Trong Nhan, Thomas Wong

Host:    morpheus-OptiPlex-5050 (AVX2, FMA3, 503 GB RAM)
Command: iqtree2 -s per_gene_alignments_codon/LOC101408735_.aln.fna -m MFP -T 1 -B 1000 --prefix per_gene_alignments_codon/LOC101408735_.aln
Seed:    106825 (Using SPRNG - Scalable Parallel Random Number Generator)
Time:    Thu Oct 30 21:39:44 2025
Kernel:  AVX+FMA - 1 threads (72 CPU cores detected)

HINT: Use -nt option to specify number of threads because your CPU has 72 cores!
HINT: -nt AUTO will automatically determine the best number of threads to use.

Reading alignment file per_gene_alignments_codon/LOC101408735_.aln.fna ... Fasta format detected
Reading fasta file: done in 0.00125194 secs using 33.23% CPU
Alignment most likely contains DNA/RNA sequences
Alignment has 7 sequences with 4806 columns, 126 distinct patterns
221 parsimony-informative, 476 singleton sites, 4109 constant sites
                     Gap/Ambiguity  Composition  p-value
Analyzing sequences: done in 2.38419e-05 secs
   1  Ceratotherium_simum    0.00%    passed     92.71%
   2  Diceros_bicornis       0.00%    passed     96.33%
   3  Equus_asinus           0.00%    passed     91.97%
   4  Equus_quagga           0.00%    passed     90.06%
   5  Equus_caballus         0.00%    passed     94.18%
   6  Canis_lupus            0.00%    passed     14.83%
   7  Bos_taurus             0.00%    failed      0.00%
****  TOTAL                  0.00%  1 sequences failed composition chi2 test (p-value<5%; df=3)


Create initial parsimony tree by phylogenetic likelihood library (PLL)... 0.000 seconds
Perform fast likelihood tree search using GTR+I+G model...
Estimate model parameters (epsilon = 5.000)
Perform nearest neighbor interchange...
Estimate model parameters (epsilon = 1.000)
1. Initial log-likelihood: -10532.768
Optimal log-likelihood: -10532.764
Rate parameters:  A-C: 0.88573  A-G: 6.58908  A-T: 0.34415  C-G: 1.41686  C-T: 9.74578  G-T: 1.00000
Base frequencies:  A: 0.236  C: 0.276  G: 0.271  T: 0.217
Proportion of invariable sites: 0.422
Gamma shape alpha: 0.549
Parameters optimization took 1 rounds (0.002 sec)
Time for fast ML tree search: 0.086 seconds

NOTE: ModelFinder requires 0 MB RAM!
ModelFinder will test up to 484 DNA models (sample size: 4806) ...
 No. Model         -LnL         df  AIC          AICc         BIC
  1  GTR+F         10605.012    19  21248.023    21248.182    21371.098
  2  GTR+F+I       10533.291    20  21106.581    21106.757    21236.134
  3  GTR+F+G4      10533.064    20  21106.129    21106.304    21235.681
  4  GTR+F+I+G4    10532.799    21  21107.598    21107.791    21243.628
  5  GTR+F+R2      10533.439    21  21108.878    21109.071    21244.908
  6  GTR+F+R3      10533.250    23  21112.499    21112.730    21261.484
 14  GTR+F+I+R2    10533.192    22  21110.384    21110.596    21252.892
 15  GTR+F+I+R3    10532.918    24  21113.835    21114.086    21269.298
 24  SYM+I         10569.173    17  21172.345    21172.473    21282.465
 25  SYM+G4        10568.901    17  21171.802    21171.930    21281.921
 26  SYM+I+G4      10568.522    18  21173.043    21173.186    21289.640
 27  SYM+R2        10569.508    18  21175.016    21175.159    21291.613
 46  TVM+F+I       10539.702    19  21117.403    21117.562    21240.478
 47  TVM+F+G4      10539.574    19  21117.148    21117.307    21240.223
 48  TVM+F+I+G4    10539.416    20  21118.832    21119.008    21248.384
 49  TVM+F+R2      10539.909    20  21119.819    21119.994    21249.371
 68  TVMe+I        10574.182    16  21180.365    21180.478    21284.007
 69  TVMe+G4       10574.000    16  21180.000    21180.114    21283.642
 70  TVMe+I+G4     10573.707    17  21181.413    21181.541    21291.533
 71  TVMe+R2       10574.369    17  21182.738    21182.866    21292.858
 90  TIM3+F+I      10539.269    18  21114.538    21114.681    21231.135
 91  TIM3+F+G4     10539.049    18  21114.097    21114.240    21230.695
 92  TIM3+F+I+G4   10538.746    19  21115.491    21115.650    21238.566
 93  TIM3+F+R2     10539.558    19  21117.115    21117.274    21240.190
112  TIM3e+I       10577.209    15  21184.419    21184.519    21281.583
113  TIM3e+G4      10576.918    15  21183.836    21183.936    21281.000
114  TIM3e+I+G4    10576.501    16  21185.002    21185.116    21288.644
115  TIM3e+R2      10577.551    16  21187.101    21187.215    21290.743
134  TIM2+F+I      10536.904    18  21109.807    21109.950    21226.404
135  TIM2+F+G4     10536.712    18  21109.424    21109.566    21226.021
136  TIM2+F+I+G4   10536.461    19  21110.922    21111.081    21233.997
137  TIM2+F+R2     10537.244    19  21112.488    21112.647    21235.563
156  TIM2e+I       10575.615    15  21181.229    21181.329    21278.394
157  TIM2e+G4      10575.398    15  21180.796    21180.896    21277.960
158  TIM2e+I+G4    10575.113    16  21182.227    21182.340    21285.868
159  TIM2e+R2      10575.870    16  21183.740    21183.854    21287.382
178  TIM+F+I       10542.205    18  21120.410    21120.553    21237.007
179  TIM+F+G4      10542.024    18  21120.047    21120.190    21236.645
180  TIM+F+I+G4    10541.797    19  21121.594    21121.753    21244.669
181  TIM+F+R2      10542.476    19  21122.952    21123.111    21246.027
200  TIMe+I        10582.894    15  21195.789    21195.889    21292.953
201  TIMe+G4       10582.684    15  21195.368    21195.468    21292.532
202  TIMe+I+G4     10582.419    16  21196.837    21196.951    21300.479
203  TIMe+R2       10583.172    16  21198.344    21198.458    21301.986
222  TPM3u+F+I     10545.721    17  21125.442    21125.569    21235.561
223  TPM3u+F+G4    10545.567    17  21125.135    21125.263    21235.254
224  TPM3u+F+I+G4  10545.328    18  21126.655    21126.798    21243.253
225  TPM3u+F+R2    10545.933    18  21127.866    21128.009    21244.463
244  TPM3+I        10582.331    14  21192.661    21192.749    21283.348
245  TPM3+G4       10582.116    14  21192.232    21192.320    21282.919
246  TPM3+I+G4     10581.791    15  21193.582    21193.682    21290.746
247  TPM3+R2       10582.604    15  21195.207    21195.307    21292.372
266  TPM2u+F+I     10543.340    17  21120.679    21120.807    21230.799
267  TPM2u+F+G4    10543.234    17  21120.469    21120.597    21230.588
268  TPM2u+F+I+G4  10543.114    18  21122.229    21122.372    21238.826
269  TPM2u+F+R2    10543.621    18  21123.243    21123.386    21239.840
288  TPM2+I        10580.486    14  21188.973    21189.060    21279.659
289  TPM2+G4       10580.352    14  21188.705    21188.792    21279.391
290  TPM2+I+G4     10580.193    15  21190.386    21190.486    21287.550
291  TPM2+R2       10580.764    15  21191.528    21191.628    21288.692
310  K3Pu+F+I      10548.655    17  21131.311    21131.438    21241.430
311  K3Pu+F+G4     10548.532    17  21131.064    21131.192    21241.183
312  K3Pu+F+I+G4   10548.381    18  21132.761    21132.904    21249.358
313  K3Pu+F+R2     10548.957    18  21133.913    21134.056    21250.510
332  K3P+I         10587.890    14  21203.780    21203.867    21294.466
333  K3P+G4        10587.747    14  21203.494    21203.581    21294.180
334  K3P+I+G4      10587.564    15  21205.128    21205.228    21302.292
335  K3P+R2        10588.198    15  21206.396    21206.496    21303.560
354  TN+F+I        10542.268    17  21118.537    21118.665    21228.656
355  TN+F+G4       10542.096    17  21118.193    21118.321    21228.312
356  TN+F+I+G4     10541.873    18  21119.745    21119.888    21236.342
357  TN+F+R2       10542.507    18  21121.014    21121.157    21237.611
376  TNe+I         10582.974    14  21193.948    21194.036    21284.635
377  TNe+G4        10582.783    14  21193.566    21193.653    21284.252
378  TNe+I+G4      10582.545    15  21195.090    21195.191    21292.255
379  TNe+R2        10583.225    15  21196.451    21196.551    21293.615
398  HKY+F+I       10548.723    16  21129.447    21129.560    21233.088
399  HKY+F+G4      10548.611    16  21129.222    21129.336    21232.864
400  HKY+F+I+G4    10548.473    17  21130.945    21131.073    21241.065
401  HKY+F+R2      10549.003    17  21132.006    21132.134    21242.125
420  K2P+I         10587.981    13  21201.961    21202.037    21286.170
421  K2P+G4        10587.853    13  21201.705    21201.781    21285.914
422  K2P+I+G4      10587.697    14  21203.393    21203.481    21294.080
423  K2P+R2        10588.267    14  21204.534    21204.622    21295.221
442  F81+F+I       10876.888    15  21783.777    21783.877    21880.941
443  F81+F+G4      10877.302    15  21784.604    21784.704    21881.768
444  F81+F+I+G4    10877.624    16  21787.249    21787.362    21890.891
445  F81+F+R2      10877.441    16  21786.882    21786.996    21890.524
464  JC+I          10910.667    12  21845.334    21845.399    21923.066
465  JC+G4         10911.075    12  21846.151    21846.216    21923.882
466  JC+I+G4       10911.376    13  21848.752    21848.828    21932.961
467  JC+R2         10911.195    13  21848.391    21848.466    21932.600
Akaike Information Criterion:           GTR+F+G4
Corrected Akaike Information Criterion: GTR+F+G4
Bayesian Information Criterion:         TIM2+F+G4
Best-fit model: TIM2+F+G4 chosen according to BIC

All model information printed to per_gene_alignments_codon/LOC101408735_.aln.model.gz
CPU time for ModelFinder: 1.700 seconds (0h:0m:1s)
Wall-clock time for ModelFinder: 2.583 seconds (0h:0m:2s)
Generating 1000 samples for ultrafast bootstrap (seed: 106825)...

NOTE: 0 MB RAM (0 GB) is required!
Estimate model parameters (epsilon = 0.100)
1. Initial log-likelihood: -10536.712
Optimal log-likelihood: -10536.711
Rate parameters:  A-C: 0.53736  A-G: 5.32530  A-T: 0.53736  C-G: 1.00000  C-T: 7.87594  G-T: 1.00000
Base frequencies:  A: 0.236  C: 0.276  G: 0.271  T: 0.217
Gamma shape alpha: 0.156
Parameters optimization took 1 rounds (0.002 sec)
Wrote distance file to... 
Computing ML distances based on estimated model parameters...
Calculating distance matrix: done in 0.000488043 secs using 98.76% CPU
Computing ML distances took 0.000542 sec (of wall-clock time) 0.000541 sec (of CPU time)
Setting up auxiliary I and S matrices: done in 4.60148e-05 secs using 191.2% CPU
Computing RapidNJ tree took 0.000135 sec (of wall-clock time) 0.000271 sec (of CPU time)
Log-likelihood of RapidNJ tree: -10536.711
--------------------------------------------------------------------
|             INITIALIZING CANDIDATE TREE SET                      |
--------------------------------------------------------------------
Generating 99 parsimony trees... 0.049 second
Computing log-likelihood of 39 initial trees ... 0.035 seconds
Current best score: -10536.711

Do NNI search on 20 best initial trees
Estimate model parameters (epsilon = 0.100)
BETTER TREE FOUND at iteration 1: -10536.711
Iteration 10 / LogL: -10536.736 / Time: 0h:0m:2s
Iteration 20 / LogL: -10536.970 / Time: 0h:0m:2s
Finish initializing candidate tree set (1)
Current best tree score: -10536.711 / CPU time: 0.218
Number of iterations: 20
--------------------------------------------------------------------
|               OPTIMIZING CANDIDATE TREE SET                      |
--------------------------------------------------------------------
UPDATE BEST LOG-LIKELIHOOD: -10536.711
Iteration 30 / LogL: -10537.109 / Time: 0h:0m:2s (0h:0m:0s left)
Iteration 40 / LogL: -10536.711 / Time: 0h:0m:3s (0h:0m:0s left)
Iteration 50 / LogL: -10538.329 / Time: 0h:0m:3s (0h:0m:0s left)
Log-likelihood cutoff on original alignment: -10552.588
Iteration 60 / LogL: -10536.711 / Time: 0h:0m:3s (0h:0m:0s left)
Iteration 70 / LogL: -10536.741 / Time: 0h:0m:3s (0h:0m:0s left)
Iteration 80 / LogL: -10536.879 / Time: 0h:0m:3s (0h:0m:0s left)
Iteration 90 / LogL: -10536.711 / Time: 0h:0m:3s (0h:0m:0s left)
Iteration 100 / LogL: -10536.730 / Time: 0h:0m:3s (0h:0m:0s left)
Log-likelihood cutoff on original alignment: -10552.588
NOTE: Bootstrap correlation coefficient of split occurrence frequencies: 1.000
TREE SEARCH COMPLETED AFTER 102 ITERATIONS / Time: 0h:0m:4s

--------------------------------------------------------------------
|                    FINALIZING TREE SEARCH                        |
--------------------------------------------------------------------
Performs final model parameters optimization
Estimate model parameters (epsilon = 0.010)
1. Initial log-likelihood: -10536.711
Optimal log-likelihood: -10536.711
Rate parameters:  A-C: 0.53633  A-G: 5.32295  A-T: 0.53633  C-G: 1.00000  C-T: 7.87595  G-T: 1.00000
Base frequencies:  A: 0.236  C: 0.276  G: 0.271  T: 0.217
Gamma shape alpha: 0.156
Parameters optimization took 1 rounds (0.002 sec)
BEST SCORE FOUND : -10536.711
Creating bootstrap support values...
Split supports printed to NEXUS file per_gene_alignments_codon/LOC101408735_.aln.splits.nex
Total tree length: 0.224

Total number of iterations: 102
CPU time used for tree search: 1.194 sec (0h:0m:1s)
Wall-clock time used for tree search: 1.379 sec (0h:0m:1s)
Total CPU time used: 2.969 sec (0h:0m:2s)
Total wall-clock time used: 4.037 sec (0h:0m:4s)

Computing bootstrap consensus tree...
Reading input file per_gene_alignments_codon/LOC101408735_.aln.splits.nex...
7 taxa and 14 splits.
Consensus tree written to per_gene_alignments_codon/LOC101408735_.aln.contree
Reading input trees file per_gene_alignments_codon/LOC101408735_.aln.contree
Log-likelihood of consensus tree: -10536.711

Analysis results written to: 
  IQ-TREE report:                per_gene_alignments_codon/LOC101408735_.aln.iqtree
  Maximum-likelihood tree:       per_gene_alignments_codon/LOC101408735_.aln.treefile
  Likelihood distances:          per_gene_alignments_codon/LOC101408735_.aln.mldist

Ultrafast bootstrap approximation results written to:
  Split support values:          per_gene_alignments_codon/LOC101408735_.aln.splits.nex
  Consensus tree:                per_gene_alignments_codon/LOC101408735_.aln.contree
  Screen log file:               per_gene_alignments_codon/LOC101408735_.aln.log

Date and Time: Thu Oct 30 21:39:48 2025
