IQ-TREE multicore version 2.3.3 COVID-edition for Linux x86 64-bit built Apr 25 2024
Developed by Bui Quang Minh, James Barbetti, Nguyen Lam Tung, Olga Chernomor,
Heiko Schmidt, Dominik Schrempf, Michael Woodhams, Ly Trong Nhan, Thomas Wong

Host:    morpheus-OptiPlex-5050 (AVX2, FMA3, 503 GB RAM)
Command: iqtree2 -s per_gene_alignments_codon/LOC101389605_.aln.fna -m MFP -T 1 -B 1000 --prefix per_gene_alignments_codon/LOC101389605_.aln
Seed:    399817 (Using SPRNG - Scalable Parallel Random Number Generator)
Time:    Thu Oct 30 21:26:37 2025
Kernel:  AVX+FMA - 1 threads (72 CPU cores detected)

HINT: Use -nt option to specify number of threads because your CPU has 72 cores!
HINT: -nt AUTO will automatically determine the best number of threads to use.

Reading alignment file per_gene_alignments_codon/LOC101389605_.aln.fna ... Fasta format detected
Reading fasta file: done in 0.000378847 secs using 66.52% CPU
Alignment most likely contains DNA/RNA sequences
Alignment has 7 sequences with 1236 columns, 113 distinct patterns
100 parsimony-informative, 182 singleton sites, 954 constant sites
                     Gap/Ambiguity  Composition  p-value
Analyzing sequences: done in 1.81198e-05 secs using 60.71% CPU
   1  Ceratotherium_simum    0.00%    passed     93.09%
   2  Diceros_bicornis       0.00%    passed     97.76%
   3  Equus_asinus           0.00%    passed     99.42%
   4  Equus_quagga           0.00%    passed     99.70%
   5  Equus_caballus         0.00%    passed     99.53%
   6  Canis_lupus            1.46%    passed     83.83%
   7  Bos_taurus             1.21%    passed     72.47%
****  TOTAL                  0.38%  0 sequences failed composition chi2 test (p-value<5%; df=3)


Create initial parsimony tree by phylogenetic likelihood library (PLL)... 0.000 seconds
Perform fast likelihood tree search using GTR+I+G model...
Estimate model parameters (epsilon = 5.000)
Perform nearest neighbor interchange...
Estimate model parameters (epsilon = 1.000)
1. Initial log-likelihood: -3263.444
Optimal log-likelihood: -3263.425
Rate parameters:  A-C: 1.35692  A-G: 4.90088  A-T: 0.34575  C-G: 1.12964  C-T: 4.74610  G-T: 1.00000
Base frequencies:  A: 0.259  C: 0.254  G: 0.240  T: 0.247
Proportion of invariable sites: 0.383
Gamma shape alpha: 1.079
Parameters optimization took 1 rounds (0.011 sec)
Time for fast ML tree search: 0.046 seconds

NOTE: ModelFinder requires 0 MB RAM!
ModelFinder will test up to 484 DNA models (sample size: 1236) ...
 No. Model         -LnL         df  AIC          AICc         BIC
  1  GTR+F         3287.251     19  6612.502     6613.127     6709.775
  2  GTR+F+I       3263.720     20  6567.440     6568.132     6669.833
  3  GTR+F+G4      3263.491     20  6566.981     6567.672     6669.374
  4  GTR+F+I+G4    3263.418     21  6568.836     6569.597     6676.348
  5  GTR+F+R2      3264.013     21  6570.026     6570.787     6677.538
  6  GTR+F+R3      3263.621     23  6573.243     6574.154     6690.994
 14  GTR+F+I+R2    3263.587     22  6571.174     6572.008     6683.806
 15  GTR+F+I+R3    3263.458     24  6574.915     6575.906     6697.786
 24  SYM+I         3264.009     17  6562.018     6562.520     6649.052
 25  SYM+G4        3263.740     17  6561.479     6561.982     6648.513
 26  SYM+I+G4      3263.679     18  6563.359     6563.921     6655.512
 27  SYM+R2        3264.179     18  6564.359     6564.921     6656.512
 46  TVM+F+I       3263.755     19  6565.509     6566.134     6662.782
 47  TVM+F+G4      3263.500     19  6565.000     6565.625     6662.273
 48  TVM+F+I+G4    3263.440     20  6566.880     6567.572     6669.273
 49  TVM+F+R2      3264.022     20  6568.043     6568.735     6670.436
 68  TVMe+I        3264.030     16  6560.061     6560.507     6641.975
 69  TVMe+G4       3263.750     16  6559.500     6559.946     6641.414
 70  TVMe+I+G4     3263.688     17  6561.376     6561.879     6648.410
 71  TVMe+R2       3264.259     17  6562.518     6563.020     6649.552
 90  TIM3+F+I      3266.078     18  6568.156     6568.718     6660.309
 91  TIM3+F+G4     3265.656     18  6567.312     6567.874     6659.466
 92  TIM3+F+I+G4   3265.582     19  6569.164     6569.789     6666.437
 93  TIM3+F+R2     3266.115     19  6570.230     6570.855     6667.503
112  TIM3e+I       3266.220     15  6562.440     6562.834     6639.235
113  TIM3e+G4      3265.770     15  6561.541     6561.934     6638.335
114  TIM3e+I+G4    3265.682     16  6563.364     6563.810     6645.278
115  TIM3e+R2      3266.205     16  6564.410     6564.856     6646.324
134  TIM2+F+I      3268.897     18  6573.794     6574.356     6665.947
135  TIM2+F+G4     3268.714     18  6573.428     6573.990     6665.581
136  TIM2+F+I+G4   3268.693     19  6575.385     6576.010     6672.659
137  TIM2+F+R2     3269.293     19  6576.586     6577.211     6673.859
156  TIM2e+I       3269.424     15  6568.848     6569.241     6645.642
157  TIM2e+G4      3269.226     15  6568.453     6568.846     6645.247
158  TIM2e+I+G4    3269.201     16  6570.402     6570.848     6652.316
159  TIM2e+R2      3269.789     16  6571.578     6572.025     6653.493
178  TIM+F+I       3267.645     18  6571.290     6571.852     6663.443
179  TIM+F+G4      3267.652     18  6571.304     6571.866     6663.457
180  TIM+F+I+G4    3267.652     19  6573.305     6573.930     6670.578
181  TIM+F+R2      3268.280     19  6574.560     6575.185     6671.833
200  TIMe+I        3267.971     15  6565.942     6566.336     6642.737
201  TIMe+G4       3267.962     15  6565.924     6566.318     6642.719
202  TIMe+I+G4     3267.959     16  6567.917     6568.364     6649.831
203  TIMe+R2       3268.656     16  6569.313     6569.759     6651.227
222  TPM3u+F+I     3266.118     17  6566.236     6566.739     6653.270
223  TPM3u+F+G4    3265.682     17  6565.363     6565.866     6652.397
224  TPM3u+F+I+G4  3265.604     18  6567.208     6567.770     6659.362
225  TPM3u+F+R2    3266.121     18  6568.241     6568.804     6660.395
244  TPM3+I        3266.244     14  6560.488     6560.832     6632.163
245  TPM3+G4       3265.775     14  6559.549     6559.893     6631.224
246  TPM3+I+G4     3265.694     15  6561.388     6561.782     6638.183
247  TPM3+R2       3266.207     15  6562.414     6562.807     6639.208
266  TPM2u+F+I     3268.949     17  6571.898     6572.400     6658.932
267  TPM2u+F+G4    3268.751     17  6571.502     6572.005     6658.536
268  TPM2u+F+I+G4  3268.727     18  6573.453     6574.015     6665.606
269  TPM2u+F+R2    3269.312     18  6574.624     6575.186     6666.777
288  TPM2+I        3269.456     14  6566.913     6567.257     6638.588
289  TPM2+G4       3269.248     14  6566.495     6566.839     6638.170
290  TPM2+I+G4     3269.221     15  6568.442     6568.836     6645.237
291  TPM2+R2       3269.794     15  6569.588     6569.981     6646.382
310  K3Pu+F+I      3267.687     17  6569.375     6569.877     6656.409
311  K3Pu+F+G4     3267.685     17  6569.369     6569.872     6656.403
312  K3Pu+F+I+G4   3267.683     18  6571.365     6571.927     6663.519
313  K3Pu+F+R2     3268.388     18  6572.776     6573.338     6664.929
332  K3P+I         3267.997     14  6563.995     6564.339     6635.670
333  K3P+G4        3267.982     14  6563.965     6564.309     6635.640
334  K3P+I+G4      3267.976     15  6565.953     6566.346     6642.748
335  K3P+R2        3268.575     15  6567.150     6567.544     6643.945
354  TN+F+I        3269.244     17  6572.488     6572.991     6659.522
355  TN+F+G4       3269.064     17  6572.127     6572.630     6659.161
356  TN+F+I+G4     3269.045     18  6574.089     6574.651     6666.243
357  TN+F+R2       3269.624     18  6575.248     6575.810     6667.402
376  TNe+I         3269.595     14  6567.191     6567.535     6638.865
377  TNe+G4        3269.397     14  6566.795     6567.139     6638.470
378  TNe+I+G4      3269.374     15  6568.748     6569.142     6645.543
379  TNe+R2        3269.941     15  6569.883     6570.276     6646.677
398  HKY+F+I       3269.290     16  6570.581     6571.027     6652.495
399  HKY+F+G4      3269.097     16  6570.194     6570.640     6652.108
400  HKY+F+I+G4    3269.075     17  6572.149     6572.652     6659.183
401  HKY+F+R2      3269.643     17  6573.286     6573.789     6660.320
420  K2P+I         3269.626     13  6565.251     6565.549     6631.806
421  K2P+G4        3269.418     13  6564.836     6565.134     6631.392
422  K2P+I+G4      3269.393     14  6566.786     6567.130     6638.461
423  K2P+R2        3269.948     14  6567.896     6568.240     6639.571
442  F81+F+I       3352.534     15  6735.068     6735.461     6811.863
443  F81+F+G4      3352.703     15  6735.406     6735.799     6812.201
444  F81+F+I+G4    3352.680     16  6737.359     6737.806     6819.274
445  F81+F+R2      3353.405     16  6738.809     6739.256     6820.723
464  JC+I          3352.634     12  6729.269     6729.524     6790.704
465  JC+G4         3352.797     12  6729.593     6729.848     6791.029
466  JC+I+G4       3352.773     13  6731.545     6731.843     6798.101
467  JC+R2         3353.496     13  6732.993     6733.291     6799.548
Akaike Information Criterion:           TVMe+G4
Corrected Akaike Information Criterion: TPM3+G4
Bayesian Information Criterion:         TPM3+G4
Best-fit model: TPM3+G4 chosen according to BIC

All model information printed to per_gene_alignments_codon/LOC101389605_.aln.model.gz
CPU time for ModelFinder: 1.409 seconds (0h:0m:1s)
Wall-clock time for ModelFinder: 2.822 seconds (0h:0m:2s)
Generating 1000 samples for ultrafast bootstrap (seed: 399817)...

NOTE: 0 MB RAM (0 GB) is required!
Estimate model parameters (epsilon = 0.100)
1. Initial log-likelihood: -3265.775
Optimal log-likelihood: -3265.773
Rate parameters:  A-C: 1.96242  A-G: 7.51671  A-T: 1.00000  C-G: 1.96242  C-T: 7.51671  G-T: 1.00000
Base frequencies:  A: 0.250  C: 0.250  G: 0.250  T: 0.250
Gamma shape alpha: 0.343
Parameters optimization took 1 rounds (0.001 sec)
Wrote distance file to... 
Computing ML distances based on estimated model parameters...
Calculating distance matrix: done in 0.000521898 secs using 99.64% CPU
Computing ML distances took 0.000573 sec (of wall-clock time) 0.000577 sec (of CPU time)
Setting up auxiliary I and S matrices: done in 4.50611e-05 secs using 188.6% CPU
Computing RapidNJ tree took 0.000126 sec (of wall-clock time) 0.000249 sec (of CPU time)
Log-likelihood of RapidNJ tree: -3266.461
--------------------------------------------------------------------
|             INITIALIZING CANDIDATE TREE SET                      |
--------------------------------------------------------------------
Generating 98 parsimony trees... 0.043 second
Computing log-likelihood of 36 initial trees ... 0.045 seconds
Current best score: -3265.773

Do NNI search on 20 best initial trees
Estimate model parameters (epsilon = 0.100)
BETTER TREE FOUND at iteration 1: -3265.773
Iteration 10 / LogL: -3265.782 / Time: 0h:0m:3s
Iteration 20 / LogL: -3265.780 / Time: 0h:0m:3s
Finish initializing candidate tree set (1)
Current best tree score: -3265.773 / CPU time: 0.292
Number of iterations: 20
--------------------------------------------------------------------
|               OPTIMIZING CANDIDATE TREE SET                      |
--------------------------------------------------------------------
UPDATE BEST LOG-LIKELIHOOD: -3265.773
Iteration 30 / LogL: -3266.893 / Time: 0h:0m:3s (0h:0m:1s left)
UPDATE BEST LOG-LIKELIHOOD: -3265.773
Iteration 40 / LogL: -3265.821 / Time: 0h:0m:3s (0h:0m:1s left)
Iteration 50 / LogL: -3265.781 / Time: 0h:0m:3s (0h:0m:1s left)
Log-likelihood cutoff on original alignment: -3275.545
Iteration 60 / LogL: -3265.823 / Time: 0h:0m:4s (0h:0m:0s left)
Iteration 70 / LogL: -3265.773 / Time: 0h:0m:4s (0h:0m:0s left)
Iteration 80 / LogL: -3265.779 / Time: 0h:0m:4s (0h:0m:0s left)
Iteration 90 / LogL: -3265.777 / Time: 0h:0m:5s (0h:0m:0s left)
Iteration 100 / LogL: -3266.117 / Time: 0h:0m:5s (0h:0m:0s left)
Log-likelihood cutoff on original alignment: -3275.545
NOTE: Bootstrap correlation coefficient of split occurrence frequencies: 1.000
TREE SEARCH COMPLETED AFTER 102 ITERATIONS / Time: 0h:0m:5s

--------------------------------------------------------------------
|                    FINALIZING TREE SEARCH                        |
--------------------------------------------------------------------
Performs final model parameters optimization
Estimate model parameters (epsilon = 0.010)
1. Initial log-likelihood: -3265.773
Optimal log-likelihood: -3265.773
Rate parameters:  A-C: 1.96444  A-G: 7.52582  A-T: 1.00000  C-G: 1.96444  C-T: 7.52582  G-T: 1.00000
Base frequencies:  A: 0.250  C: 0.250  G: 0.250  T: 0.250
Gamma shape alpha: 0.343
Parameters optimization took 1 rounds (0.018 sec)
BEST SCORE FOUND : -3265.773
Creating bootstrap support values...
Split supports printed to NEXUS file per_gene_alignments_codon/LOC101389605_.aln.splits.nex
Total tree length: 0.367

Total number of iterations: 102
CPU time used for tree search: 1.215 sec (0h:0m:1s)
Wall-clock time used for tree search: 2.601 sec (0h:0m:2s)
Total CPU time used: 2.694 sec (0h:0m:2s)
Total wall-clock time used: 5.537 sec (0h:0m:5s)

Computing bootstrap consensus tree...
Reading input file per_gene_alignments_codon/LOC101389605_.aln.splits.nex...
7 taxa and 15 splits.
Consensus tree written to per_gene_alignments_codon/LOC101389605_.aln.contree
Reading input trees file per_gene_alignments_codon/LOC101389605_.aln.contree
Log-likelihood of consensus tree: -3265.775

Analysis results written to: 
  IQ-TREE report:                per_gene_alignments_codon/LOC101389605_.aln.iqtree
  Maximum-likelihood tree:       per_gene_alignments_codon/LOC101389605_.aln.treefile
  Likelihood distances:          per_gene_alignments_codon/LOC101389605_.aln.mldist

Ultrafast bootstrap approximation results written to:
  Split support values:          per_gene_alignments_codon/LOC101389605_.aln.splits.nex
  Consensus tree:                per_gene_alignments_codon/LOC101389605_.aln.contree
  Screen log file:               per_gene_alignments_codon/LOC101389605_.aln.log

Date and Time: Thu Oct 30 21:26:43 2025
