IQ-TREE multicore version 2.3.3 COVID-edition for Linux x86 64-bit built Apr 25 2024
Developed by Bui Quang Minh, James Barbetti, Nguyen Lam Tung, Olga Chernomor,
Heiko Schmidt, Dominik Schrempf, Michael Woodhams, Ly Trong Nhan, Thomas Wong

Host:    morpheus-OptiPlex-5050 (AVX2, FMA3, 503 GB RAM)
Command: iqtree2 -s per_gene_alignments_codon/LOC101393601_.aln.fna -m MFP -T 1 -B 1000 --prefix per_gene_alignments_codon/LOC101393601_.aln
Seed:    738565 (Using SPRNG - Scalable Parallel Random Number Generator)
Time:    Thu Oct 30 21:29:24 2025
Kernel:  AVX+FMA - 1 threads (72 CPU cores detected)

HINT: Use -nt option to specify number of threads because your CPU has 72 cores!
HINT: -nt AUTO will automatically determine the best number of threads to use.

Reading alignment file per_gene_alignments_codon/LOC101393601_.aln.fna ... Fasta format detected
Reading fasta file: done in 0.000868082 secs
Alignment most likely contains DNA/RNA sequences
Alignment has 7 sequences with 3312 columns, 210 distinct patterns
294 parsimony-informative, 471 singleton sites, 2547 constant sites
                     Gap/Ambiguity  Composition  p-value
Analyzing sequences: done in 2.21729e-05 secs
   1  Ceratotherium_simum    0.45%    passed     96.22%
   2  Diceros_bicornis       0.09%    passed     94.68%
   3  Equus_asinus           0.00%    passed     98.32%
   4  Equus_quagga           1.09%    passed     99.47%
   5  Equus_caballus         0.00%    passed     99.28%
   6  Canis_lupus            1.18%    passed     78.93%
   7  Bos_taurus             1.27%    passed     87.94%
****  TOTAL                  0.58%  0 sequences failed composition chi2 test (p-value<5%; df=3)


Create initial parsimony tree by phylogenetic likelihood library (PLL)... 0.000 seconds
Perform fast likelihood tree search using GTR+I+G model...
Estimate model parameters (epsilon = 5.000)
Perform nearest neighbor interchange...
Estimate model parameters (epsilon = 1.000)
1. Initial log-likelihood: -8773.745
Optimal log-likelihood: -8773.737
Rate parameters:  A-C: 1.13993  A-G: 4.73131  A-T: 0.90301  C-G: 1.06391  C-T: 5.61788  G-T: 1.00000
Base frequencies:  A: 0.271  C: 0.255  G: 0.272  T: 0.203
Proportion of invariable sites: 0.384
Gamma shape alpha: 2.794
Parameters optimization took 1 rounds (0.003 sec)
Time for fast ML tree search: 0.121 seconds

NOTE: ModelFinder requires 1 MB RAM!
ModelFinder will test up to 484 DNA models (sample size: 3312) ...
 No. Model         -LnL         df  AIC          AICc         BIC
  1  GTR+F         8804.862     19  17647.724    17647.955    17763.725
  2  GTR+F+I       8773.666     20  17587.332    17587.588    17709.438
  3  GTR+F+G4      8773.858     20  17587.717    17587.972    17709.823
  4  GTR+F+I+G4    8773.730     21  17589.461    17589.742    17717.672
  5  GTR+F+R2      8773.878     21  17589.756    17590.037    17717.967
  6  GTR+F+R3      8773.830     23  17593.661    17593.996    17734.083
 14  GTR+F+I+R2    8773.859     22  17591.718    17592.025    17726.034
 15  GTR+F+I+R3    8773.808     24  17595.617    17595.982    17742.144
 24  SYM+I         8797.139     17  17628.278    17628.464    17732.068
 25  SYM+G4        8797.241     17  17628.483    17628.669    17732.273
 26  SYM+I+G4      8797.142     18  17630.284    17630.492    17740.180
 27  SYM+R2        8797.301     18  17630.602    17630.810    17740.497
 46  TVM+F+I       8775.089     19  17588.177    17588.408    17704.178
 47  TVM+F+G4      8775.346     19  17588.692    17588.922    17704.692
 48  TVM+F+I+G4    8775.196     20  17590.392    17590.647    17712.498
 49  TVM+F+R2      8775.318     20  17590.637    17590.892    17712.743
 68  TVMe+I        8797.258     16  17626.516    17626.681    17724.201
 69  TVMe+G4       8797.338     16  17626.677    17626.842    17724.362
 70  TVMe+I+G4     8797.244     17  17628.487    17628.673    17732.277
 71  TVMe+R2       8797.414     17  17628.829    17629.015    17732.619
 90  TIM3+F+I      8773.900     18  17583.800    17584.008    17693.696
 91  TIM3+F+G4     8774.029     18  17584.058    17584.266    17693.954
 92  TIM3+F+I+G4   8773.927     19  17585.854    17586.085    17701.855
 93  TIM3+F+R2     8774.100     19  17586.200    17586.431    17702.201
112  TIM3e+I       8797.368     15  17624.735    17624.881    17716.315
113  TIM3e+G4      8797.412     15  17624.824    17624.970    17716.404
114  TIM3e+I+G4    8797.343     16  17626.686    17626.851    17724.370
115  TIM3e+R2      8797.511     16  17627.021    17627.186    17724.706
134  TIM2+F+I      8774.295     18  17584.590    17584.798    17694.485
135  TIM2+F+G4     8774.451     18  17584.901    17585.109    17694.797
136  TIM2+F+I+G4   8774.334     19  17586.667    17586.898    17702.668
137  TIM2+F+R2     8774.495     19  17586.991    17587.222    17702.992
156  TIM2e+I       8799.552     15  17629.105    17629.251    17720.685
157  TIM2e+G4      8799.696     15  17629.392    17629.538    17720.972
158  TIM2e+I+G4    8799.580     16  17631.160    17631.325    17728.845
159  TIM2e+R2      8799.730     16  17631.460    17631.625    17729.145
178  TIM+F+I       8774.080     18  17584.160    17584.368    17694.056
179  TIM+F+G4      8774.272     18  17584.544    17584.752    17694.440
180  TIM+F+I+G4    8774.145     19  17586.291    17586.521    17702.291
181  TIM+F+R2      8774.306     19  17586.612    17586.843    17702.613
200  TIMe+I        8799.358     15  17628.717    17628.862    17720.296
201  TIMe+G4       8799.525     15  17629.051    17629.196    17720.630
202  TIMe+I+G4     8799.406     16  17630.813    17630.978    17728.498
203  TIMe+R2       8799.550     16  17631.100    17631.265    17728.785
222  TPM3u+F+I     8775.329     17  17584.658    17584.844    17688.448
223  TPM3u+F+G4    8775.532     17  17585.065    17585.250    17688.855
224  TPM3u+F+I+G4  8775.403     18  17586.807    17587.014    17696.702
225  TPM3u+F+R2    8775.547     18  17587.093    17587.301    17696.989
244  TPM3+I        8797.484     14  17622.968    17623.096    17708.442
245  TPM3+G4       8797.505     14  17623.011    17623.138    17708.485
246  TPM3+I+G4     8797.440     15  17624.881    17625.027    17716.461
247  TPM3+R2       8797.620     15  17625.241    17625.386    17716.820
266  TPM2u+F+I     8775.726     17  17585.451    17585.637    17689.242
267  TPM2u+F+G4    8775.954     17  17585.908    17586.094    17689.698
268  TPM2u+F+I+G4  8775.812     18  17587.625    17587.832    17697.520
269  TPM2u+F+R2    8775.948     18  17587.897    17588.104    17697.792
288  TPM2+I        8799.681     14  17627.363    17627.490    17712.837
289  TPM2+G4       8799.800     14  17627.600    17627.727    17713.074
290  TPM2+I+G4     8799.696     15  17629.392    17629.538    17720.972
291  TPM2+R2       8799.853     15  17629.705    17629.851    17721.285
310  K3Pu+F+I      8775.512     17  17585.024    17585.210    17688.814
311  K3Pu+F+G4     8775.772     17  17585.545    17585.730    17689.335
312  K3Pu+F+I+G4   8775.623     18  17587.247    17587.455    17697.142
313  K3Pu+F+R2     8775.754     18  17587.509    17587.717    17697.404
332  K3P+I         8799.490     14  17626.979    17627.107    17712.453
333  K3P+G4        8799.630     14  17627.260    17627.388    17712.735
334  K3P+I+G4      8799.517     15  17629.035    17629.180    17720.614
335  K3P+R2        8799.668     15  17629.336    17629.482    17720.916
354  TN+F+I        8774.287     17  17582.574    17582.760    17686.364
355  TN+F+G4       8774.449     17  17582.899    17583.085    17686.689
356  TN+F+I+G4     8774.334     18  17584.668    17584.875    17694.563
357  TN+F+R2       8774.498     18  17584.997    17585.204    17694.892
376  TNe+I         8799.554     14  17627.108    17627.236    17712.583
377  TNe+G4        8799.696     14  17627.392    17627.519    17712.866
378  TNe+I+G4      8799.580     15  17629.161    17629.307    17720.741
379  TNe+R2        8799.728     15  17629.455    17629.601    17721.035
398  HKY+F+I       8775.721     16  17583.443    17583.608    17681.128
399  HKY+F+G4      8775.953     16  17583.906    17584.072    17681.591
400  HKY+F+I+G4    8775.812     17  17585.625    17585.810    17689.415
401  HKY+F+R2      8775.949     17  17585.898    17586.084    17689.688
420  K2P+I         8799.686     13  17625.372    17625.483    17704.741
421  K2P+G4        8799.800     13  17625.600    17625.711    17704.969
422  K2P+I+G4      8799.697     14  17627.394    17627.521    17712.868
423  K2P+R2        8799.853     14  17627.707    17627.834    17713.181
442  F81+F+I       9003.169     15  18036.339    18036.484    18127.918
443  F81+F+G4      9003.833     15  18037.665    18037.811    18129.245
444  F81+F+I+G4    9003.334     16  18038.668    18038.833    18136.353
445  F81+F+R2      9003.589     16  18039.179    18039.344    18136.864
464  JC+I          9028.662     12  18081.323    18081.418    18154.587
465  JC+G4         9029.330     12  18082.660    18082.754    18155.923
466  JC+I+G4       9028.805     13  18083.611    18083.721    18162.980
467  JC+R2         9029.069     13  18084.138    18084.249    18163.507
Akaike Information Criterion:           TN+F+I
Corrected Akaike Information Criterion: TN+F+I
Bayesian Information Criterion:         HKY+F+I
Best-fit model: HKY+F+I chosen according to BIC

All model information printed to per_gene_alignments_codon/LOC101393601_.aln.model.gz
CPU time for ModelFinder: 1.312 seconds (0h:0m:1s)
Wall-clock time for ModelFinder: 2.909 seconds (0h:0m:2s)
Generating 1000 samples for ultrafast bootstrap (seed: 738565)...

NOTE: 0 MB RAM (0 GB) is required!
Estimate model parameters (epsilon = 0.100)
1. Initial log-likelihood: -8775.721
Optimal log-likelihood: -8775.721
Rate parameters:  A-C: 1.00000  A-G: 4.86208  A-T: 1.00000  C-G: 1.00000  C-T: 4.86208  G-T: 1.00000
Base frequencies:  A: 0.271  C: 0.255  G: 0.272  T: 0.203
Proportion of invariable sites: 0.492
Parameters optimization took 1 rounds (0.021 sec)
Wrote distance file to... 
Computing ML distances based on estimated model parameters...
Calculating distance matrix: done in 0.000208855 secs using 99.59% CPU
Computing ML distances took 0.000267 sec (of wall-clock time) 0.000272 sec (of CPU time)
Setting up auxiliary I and S matrices: done in 4.69685e-05 secs using 189.5% CPU
Computing RapidNJ tree took 0.000140 sec (of wall-clock time) 0.000277 sec (of CPU time)
Log-likelihood of RapidNJ tree: -8775.721
--------------------------------------------------------------------
|             INITIALIZING CANDIDATE TREE SET                      |
--------------------------------------------------------------------
Generating 99 parsimony trees... 0.140 second
Computing log-likelihood of 36 initial trees ... 0.019 seconds
Current best score: -8775.721

Do NNI search on 20 best initial trees
Estimate model parameters (epsilon = 0.100)
BETTER TREE FOUND at iteration 1: -8775.721
Iteration 10 / LogL: -8775.969 / Time: 0h:0m:3s
Iteration 20 / LogL: -8775.747 / Time: 0h:0m:3s
Finish initializing candidate tree set (1)
Current best tree score: -8775.721 / CPU time: 0.299
Number of iterations: 20
--------------------------------------------------------------------
|               OPTIMIZING CANDIDATE TREE SET                      |
--------------------------------------------------------------------
Iteration 30 / LogL: -8776.062 / Time: 0h:0m:3s (0h:0m:1s left)
UPDATE BEST LOG-LIKELIHOOD: -8775.721
UPDATE BEST LOG-LIKELIHOOD: -8775.721
Iteration 40 / LogL: -8775.721 / Time: 0h:0m:3s (0h:0m:1s left)
Iteration 50 / LogL: -8776.069 / Time: 0h:0m:3s (0h:0m:0s left)
Log-likelihood cutoff on original alignment: -8783.729
Iteration 60 / LogL: -8775.721 / Time: 0h:0m:4s (0h:0m:0s left)
Iteration 70 / LogL: -8776.075 / Time: 0h:0m:4s (0h:0m:0s left)
Iteration 80 / LogL: -8775.731 / Time: 0h:0m:4s (0h:0m:0s left)
Iteration 90 / LogL: -8775.721 / Time: 0h:0m:4s (0h:0m:0s left)
Iteration 100 / LogL: -8775.721 / Time: 0h:0m:4s (0h:0m:0s left)
Log-likelihood cutoff on original alignment: -8784.312
NOTE: Bootstrap correlation coefficient of split occurrence frequencies: 1.000
TREE SEARCH COMPLETED AFTER 102 ITERATIONS / Time: 0h:0m:4s

--------------------------------------------------------------------
|                    FINALIZING TREE SEARCH                        |
--------------------------------------------------------------------
Performs final model parameters optimization
Estimate model parameters (epsilon = 0.010)
1. Initial log-likelihood: -8775.721
Optimal log-likelihood: -8775.721
Rate parameters:  A-C: 1.00000  A-G: 4.86138  A-T: 1.00000  C-G: 1.00000  C-T: 4.86138  G-T: 1.00000
Base frequencies:  A: 0.271  C: 0.255  G: 0.272  T: 0.203
Proportion of invariable sites: 0.492
Parameters optimization took 1 rounds (0.001 sec)
BEST SCORE FOUND : -8775.721
Creating bootstrap support values...
Split supports printed to NEXUS file per_gene_alignments_codon/LOC101393601_.aln.splits.nex
Total tree length: 0.325

Total number of iterations: 102
CPU time used for tree search: 1.105 sec (0h:0m:1s)
Wall-clock time used for tree search: 1.742 sec (0h:0m:1s)
Total CPU time used: 2.491 sec (0h:0m:2s)
Total wall-clock time used: 4.769 sec (0h:0m:4s)

Computing bootstrap consensus tree...
Reading input file per_gene_alignments_codon/LOC101393601_.aln.splits.nex...
7 taxa and 13 splits.
Consensus tree written to per_gene_alignments_codon/LOC101393601_.aln.contree
Reading input trees file per_gene_alignments_codon/LOC101393601_.aln.contree
Log-likelihood of consensus tree: -8775.721

Analysis results written to: 
  IQ-TREE report:                per_gene_alignments_codon/LOC101393601_.aln.iqtree
  Maximum-likelihood tree:       per_gene_alignments_codon/LOC101393601_.aln.treefile
  Likelihood distances:          per_gene_alignments_codon/LOC101393601_.aln.mldist

Ultrafast bootstrap approximation results written to:
  Split support values:          per_gene_alignments_codon/LOC101393601_.aln.splits.nex
  Consensus tree:                per_gene_alignments_codon/LOC101393601_.aln.contree
  Screen log file:               per_gene_alignments_codon/LOC101393601_.aln.log

Date and Time: Thu Oct 30 21:29:30 2025
