IQ-TREE multicore version 2.3.3 COVID-edition for Linux x86 64-bit built Apr 25 2024
Developed by Bui Quang Minh, James Barbetti, Nguyen Lam Tung, Olga Chernomor,
Heiko Schmidt, Dominik Schrempf, Michael Woodhams, Ly Trong Nhan, Thomas Wong

Host:    morpheus-OptiPlex-5050 (AVX2, FMA3, 503 GB RAM)
Command: iqtree2 -s per_gene_alignments_codon/LOC101401026_.aln.fna -m MFP -T 1 -B 1000 --prefix per_gene_alignments_codon/LOC101401026_.aln
Seed:    906569 (Using SPRNG - Scalable Parallel Random Number Generator)
Time:    Thu Oct 30 21:34:31 2025
Kernel:  AVX+FMA - 1 threads (72 CPU cores detected)

HINT: Use -nt option to specify number of threads because your CPU has 72 cores!
HINT: -nt AUTO will automatically determine the best number of threads to use.

Reading alignment file per_gene_alignments_codon/LOC101401026_.aln.fna ... Fasta format detected
Reading fasta file: done in 0.000340939 secs
Alignment most likely contains DNA/RNA sequences
Alignment has 7 sequences with 1056 columns, 79 distinct patterns
72 parsimony-informative, 109 singleton sites, 875 constant sites
                     Gap/Ambiguity  Composition  p-value
Analyzing sequences: done in 1.50204e-05 secs
   1  Ceratotherium_simum    0.00%    passed     98.72%
   2  Diceros_bicornis       0.00%    passed     99.51%
   3  Equus_asinus           0.00%    passed     92.36%
   4  Equus_quagga           0.00%    passed     94.77%
   5  Equus_caballus         0.00%    passed     97.60%
   6  Canis_lupus            0.00%    passed     81.75%
   7  Bos_taurus             1.14%    passed     98.47%
****  TOTAL                  0.16%  0 sequences failed composition chi2 test (p-value<5%; df=3)


Create initial parsimony tree by phylogenetic likelihood library (PLL)... 0.000 seconds
Perform fast likelihood tree search using GTR+I+G model...
Estimate model parameters (epsilon = 5.000)
Perform nearest neighbor interchange...
Estimate model parameters (epsilon = 1.000)
1. Initial log-likelihood: -2471.353
Optimal log-likelihood: -2471.348
Rate parameters:  A-C: 1.14178  A-G: 3.75942  A-T: 0.77692  C-G: 0.85145  C-T: 4.22780  G-T: 1.00000
Base frequencies:  A: 0.159  C: 0.360  G: 0.304  T: 0.177
Proportion of invariable sites: 0.412
Gamma shape alpha: 1.377
Parameters optimization took 1 rounds (0.002 sec)
Time for fast ML tree search: 0.084 seconds

NOTE: ModelFinder requires 0 MB RAM!
ModelFinder will test up to 484 DNA models (sample size: 1056) ...
 No. Model         -LnL         df  AIC          AICc         BIC
  1  GTR+F         2480.681     19  4999.363     5000.096     5093.645
  2  GTR+F+I       2470.879     20  4981.758     4982.570     5081.003
  3  GTR+F+G4      2471.293     20  4982.585     4983.397     5081.830
  4  GTR+F+I+G4    2471.349     21  4984.697     4985.591     5088.905
  5  GTR+F+R2      2471.392     21  4984.785     4985.678     5088.992
  6  GTR+F+R3      2471.225     23  4988.450     4989.520     5102.582
 14  GTR+F+I+R2    2471.182     22  4986.364     4987.344     5095.533
 15  GTR+F+I+R3    2471.278     24  4990.556     4991.720     5109.650
 24  SYM+I         2538.116     17  5110.233     5110.823     5194.591
 25  SYM+G4        2538.329     17  5110.658     5111.248     5195.016
 26  SYM+I+G4      2538.232     18  5112.465     5113.124     5201.785
 27  SYM+R2        2538.487     18  5112.973     5113.633     5202.294
 46  TVM+F+I       2471.082     19  4980.164     4980.898     5074.447
 47  TVM+F+G4      2471.461     19  4980.922     4981.655     5075.204
 48  TVM+F+I+G4    2471.505     20  4983.009     4983.821     5082.254
 49  TVM+F+R2      2471.559     20  4983.118     4983.930     5082.363
 68  TVMe+I        2538.670     16  5109.341     5109.864     5188.737
 69  TVMe+G4       2538.829     16  5109.657     5110.181     5189.053
 70  TVMe+I+G4     2538.758     17  5111.516     5112.106     5195.874
 71  TVMe+R2       2539.079     17  5112.158     5112.748     5196.516
 90  TIM3+F+I      2471.351     18  4978.702     4979.362     5068.023
 91  TIM3+F+G4     2471.751     18  4979.502     4980.161     5068.822
 92  TIM3+F+I+G4   2471.795     19  4981.589     4982.323     5075.872
 93  TIM3+F+R2     2471.839     19  4981.678     4982.412     5075.961
112  TIM3e+I       2539.030     15  5108.061     5108.522     5182.495
113  TIM3e+G4      2539.316     15  5108.633     5109.094     5183.066
114  TIM3e+I+G4    2539.198     16  5110.396     5110.919     5189.792
115  TIM3e+R2      2539.437     16  5110.875     5111.398     5190.271
134  TIM2+F+I      2471.194     18  4978.388     4979.047     5067.708
135  TIM2+F+G4     2471.623     18  4979.246     4979.906     5068.566
136  TIM2+F+I+G4   2471.675     19  4981.351     4982.084     5075.633
137  TIM2+F+R2     2471.697     19  4981.394     4982.128     5075.677
156  TIM2e+I       2539.915     15  5109.830     5110.291     5184.263
157  TIM2e+G4      2540.094     15  5110.189     5110.650     5184.622
158  TIM2e+I+G4    2540.029     16  5112.058     5112.581     5191.453
159  TIM2e+R2      2540.311     16  5112.621     5113.145     5192.017
178  TIM+F+I       2470.949     18  4977.897     4978.557     5067.218
179  TIM+F+G4      2471.356     18  4978.711     4979.371     5068.032
180  TIM+F+I+G4    2471.415     19  4980.830     4981.564     5075.113
181  TIM+F+R2      2471.466     19  4980.932     4981.665     5075.214
200  TIMe+I        2540.543     15  5111.087     5111.549     5185.521
201  TIMe+G4       2540.792     15  5111.585     5112.046     5186.019
202  TIMe+I+G4     2540.702     16  5113.404     5113.928     5192.800
203  TIMe+R2       2540.972     16  5113.945     5114.468     5193.341
222  TPM3u+F+I     2471.564     17  4977.127     4977.717     5061.486
223  TPM3u+F+G4    2471.925     17  4977.849     4978.439     5062.207
224  TPM3u+F+I+G4  2471.957     18  4979.914     4980.573     5069.234
225  TPM3u+F+R2    2472.012     18  4980.024     4980.684     5069.345
244  TPM3+I        2539.602     14  5107.204     5107.608     5176.676
245  TPM3+G4       2539.846     14  5107.693     5108.096     5177.164
246  TPM3+I+G4     2539.739     15  5109.479     5109.940     5183.913
247  TPM3+R2       2540.051     15  5110.101     5110.563     5184.535
266  TPM2u+F+I     2471.399     17  4976.799     4977.388     5061.157
267  TPM2u+F+G4    2471.794     17  4977.589     4978.178     5061.947
268  TPM2u+F+I+G4  2471.835     18  4979.669     4980.329     5068.990
269  TPM2u+F+R2    2471.866     18  4979.732     4980.391     5069.052
288  TPM2+I        2540.467     14  5108.935     5109.338     5178.406
289  TPM2+G4       2540.602     14  5109.203     5109.607     5178.675
290  TPM2+I+G4     2540.549     15  5111.098     5111.560     5185.532
291  TPM2+R2       2540.824     15  5111.648     5112.109     5186.082
310  K3Pu+F+I      2471.168     17  4976.335     4976.925     5060.693
311  K3Pu+F+G4     2471.536     17  4977.072     4977.661     5061.430
312  K3Pu+F+I+G4   2471.582     18  4979.164     4979.823     5068.484
313  K3Pu+F+R2     2471.647     18  4979.293     4979.953     5068.613
332  K3P+I         2541.113     14  5110.225     5110.629     5179.697
333  K3P+G4        2541.321     14  5110.642     5111.045     5180.113
334  K3P+I+G4      2541.240     15  5112.480     5112.942     5186.914
335  K3P+R2        2541.502     15  5113.003     5113.465     5187.437
354  TN+F+I        2471.352     17  4976.704     4977.293     5061.062
355  TN+F+G4       2471.751     17  4977.503     4978.092     5061.861
356  TN+F+I+G4     2471.795     18  4979.591     4980.250     5068.911
357  TN+F+R2       2471.831     18  4979.663     4980.322     5068.983
376  TNe+I         2540.622     14  5109.245     5109.648     5178.716
377  TNe+G4        2540.874     14  5109.748     5110.152     5179.220
378  TNe+I+G4      2540.784     15  5111.568     5112.029     5186.001
379  TNe+R2        2541.053     15  5112.106     5112.567     5186.540
398  HKY+F+I       2471.565     16  4975.131     4975.655     5054.527
399  HKY+F+G4      2471.925     16  4975.849     4976.373     5055.245
400  HKY+F+I+G4    2471.959     17  4977.918     4978.507     5062.276
401  HKY+F+R2      2472.008     17  4978.016     4978.605     5062.374
420  K2P+I         2541.190     13  5108.381     5108.730     5172.890
421  K2P+G4        2541.400     13  5108.801     5109.150     5173.310
422  K2P+I+G4      2541.320     14  5110.641     5111.044     5180.112
423  K2P+R2        2541.583     14  5111.167     5111.570     5180.638
442  F81+F+I       2516.260     15  5062.520     5062.982     5136.954
443  F81+F+G4      2516.486     15  5062.972     5063.434     5137.406
444  F81+F+I+G4    2516.397     16  5064.795     5065.318     5144.190
445  F81+F+R2      2516.648     16  5065.296     5065.819     5144.691
464  JC+I          2576.363     12  5176.727     5177.026     5236.274
465  JC+G4         2576.592     12  5177.183     5177.482     5236.730
466  JC+I+G4       2576.440     13  5178.880     5179.229     5243.389
467  JC+R2         2576.802     13  5179.604     5179.953     5244.113
Akaike Information Criterion:           HKY+F+I
Corrected Akaike Information Criterion: HKY+F+I
Bayesian Information Criterion:         HKY+F+I
Best-fit model: HKY+F+I chosen according to BIC

All model information printed to per_gene_alignments_codon/LOC101401026_.aln.model.gz
CPU time for ModelFinder: 0.759 seconds (0h:0m:0s)
Wall-clock time for ModelFinder: 1.764 seconds (0h:0m:1s)
Generating 1000 samples for ultrafast bootstrap (seed: 906569)...

NOTE: 0 MB RAM (0 GB) is required!
Estimate model parameters (epsilon = 0.100)
1. Initial log-likelihood: -2471.565
Optimal log-likelihood: -2471.565
Rate parameters:  A-C: 1.00000  A-G: 4.27052  A-T: 1.00000  C-G: 1.00000  C-T: 4.27052  G-T: 1.00000
Base frequencies:  A: 0.159  C: 0.360  G: 0.304  T: 0.177
Proportion of invariable sites: 0.596
Parameters optimization took 1 rounds (0.001 sec)
Wrote distance file to... 
Computing ML distances based on estimated model parameters...
Calculating distance matrix: done in 0.000173092 secs using 99.37% CPU
Computing ML distances took 0.000220 sec (of wall-clock time) 0.000226 sec (of CPU time)
Setting up auxiliary I and S matrices: done in 4.69685e-05 secs using 187.4% CPU
Computing RapidNJ tree took 0.000137 sec (of wall-clock time) 0.000274 sec (of CPU time)
Log-likelihood of RapidNJ tree: -2471.565
--------------------------------------------------------------------
|             INITIALIZING CANDIDATE TREE SET                      |
--------------------------------------------------------------------
Generating 99 parsimony trees... 0.034 second
Computing log-likelihood of 44 initial trees ... 0.011 seconds
Current best score: -2471.565

Do NNI search on 20 best initial trees
Estimate model parameters (epsilon = 0.100)
BETTER TREE FOUND at iteration 1: -2471.565
Iteration 10 / LogL: -2471.643 / Time: 0h:0m:1s
Iteration 20 / LogL: -2471.965 / Time: 0h:0m:1s
Finish initializing candidate tree set (1)
Current best tree score: -2471.565 / CPU time: 0.109
Number of iterations: 20
--------------------------------------------------------------------
|               OPTIMIZING CANDIDATE TREE SET                      |
--------------------------------------------------------------------
Iteration 30 / LogL: -2471.566 / Time: 0h:0m:2s (0h:0m:0s left)
UPDATE BEST LOG-LIKELIHOOD: -2471.565
Iteration 40 / LogL: -2471.566 / Time: 0h:0m:2s (0h:0m:0s left)
UPDATE BEST LOG-LIKELIHOOD: -2471.565
Iteration 50 / LogL: -2471.774 / Time: 0h:0m:2s (0h:0m:0s left)
Log-likelihood cutoff on original alignment: -2499.931
UPDATE BEST LOG-LIKELIHOOD: -2471.565
Iteration 60 / LogL: -2471.565 / Time: 0h:0m:2s (0h:0m:0s left)
Iteration 70 / LogL: -2471.591 / Time: 0h:0m:2s (0h:0m:0s left)
Iteration 80 / LogL: -2471.763 / Time: 0h:0m:2s (0h:0m:0s left)
Iteration 90 / LogL: -2471.984 / Time: 0h:0m:2s (0h:0m:0s left)
Iteration 100 / LogL: -2471.774 / Time: 0h:0m:2s (0h:0m:0s left)
Log-likelihood cutoff on original alignment: -2499.990
NOTE: Bootstrap correlation coefficient of split occurrence frequencies: 1.000
TREE SEARCH COMPLETED AFTER 102 ITERATIONS / Time: 0h:0m:2s

--------------------------------------------------------------------
|                    FINALIZING TREE SEARCH                        |
--------------------------------------------------------------------
Performs final model parameters optimization
Estimate model parameters (epsilon = 0.010)
1. Initial log-likelihood: -2471.565
Optimal log-likelihood: -2471.565
Rate parameters:  A-C: 1.00000  A-G: 4.26850  A-T: 1.00000  C-G: 1.00000  C-T: 4.26850  G-T: 1.00000
Base frequencies:  A: 0.159  C: 0.360  G: 0.304  T: 0.177
Proportion of invariable sites: 0.596
Parameters optimization took 1 rounds (0.001 sec)
BEST SCORE FOUND : -2471.565
Creating bootstrap support values...
Split supports printed to NEXUS file per_gene_alignments_codon/LOC101401026_.aln.splits.nex
Total tree length: 0.235

Total number of iterations: 102
CPU time used for tree search: 0.908 sec (0h:0m:0s)
Wall-clock time used for tree search: 0.827 sec (0h:0m:0s)
Total CPU time used: 1.743 sec (0h:0m:1s)
Total wall-clock time used: 2.678 sec (0h:0m:2s)

Computing bootstrap consensus tree...
Reading input file per_gene_alignments_codon/LOC101401026_.aln.splits.nex...
7 taxa and 17 splits.
Consensus tree written to per_gene_alignments_codon/LOC101401026_.aln.contree
Reading input trees file per_gene_alignments_codon/LOC101401026_.aln.contree
Log-likelihood of consensus tree: -2471.565

Analysis results written to: 
  IQ-TREE report:                per_gene_alignments_codon/LOC101401026_.aln.iqtree
  Maximum-likelihood tree:       per_gene_alignments_codon/LOC101401026_.aln.treefile
  Likelihood distances:          per_gene_alignments_codon/LOC101401026_.aln.mldist

Ultrafast bootstrap approximation results written to:
  Split support values:          per_gene_alignments_codon/LOC101401026_.aln.splits.nex
  Consensus tree:                per_gene_alignments_codon/LOC101401026_.aln.contree
  Screen log file:               per_gene_alignments_codon/LOC101401026_.aln.log

Date and Time: Thu Oct 30 21:34:35 2025
