IQ-TREE multicore version 2.3.3 COVID-edition for Linux x86 64-bit built Apr 25 2024
Developed by Bui Quang Minh, James Barbetti, Nguyen Lam Tung, Olga Chernomor,
Heiko Schmidt, Dominik Schrempf, Michael Woodhams, Ly Trong Nhan, Thomas Wong

Host:    morpheus-OptiPlex-5050 (AVX2, FMA3, 503 GB RAM)
Command: iqtree2 -s per_gene_alignments_codon/LOC101395101_.aln.fna -m MFP -T 1 -B 1000 --prefix per_gene_alignments_codon/LOC101395101_.aln
Seed:    234606 (Using SPRNG - Scalable Parallel Random Number Generator)
Time:    Thu Oct 30 21:30:27 2025
Kernel:  AVX+FMA - 1 threads (72 CPU cores detected)

HINT: Use -nt option to specify number of threads because your CPU has 72 cores!
HINT: -nt AUTO will automatically determine the best number of threads to use.

Reading alignment file per_gene_alignments_codon/LOC101395101_.aln.fna ... Fasta format detected
Reading fasta file: done in 0.00110412 secs
Alignment most likely contains DNA/RNA sequences
Alignment has 7 sequences with 4152 columns, 171 distinct patterns
257 parsimony-informative, 486 singleton sites, 3409 constant sites
                     Gap/Ambiguity  Composition  p-value
Analyzing sequences: done in 2.28882e-05 secs
   1  Ceratotherium_simum    0.00%    passed     81.57%
   2  Diceros_bicornis       0.22%    passed     62.75%
   3  Equus_asinus           0.00%    passed     86.07%
   4  Equus_quagga           0.00%    passed     91.05%
   5  Equus_caballus         0.00%    passed     91.96%
   6  Canis_lupus            0.14%    passed     22.52%
   7  Bos_taurus             0.07%    passed     19.30%
****  TOTAL                  0.06%  0 sequences failed composition chi2 test (p-value<5%; df=3)


Create initial parsimony tree by phylogenetic likelihood library (PLL)... 0.000 seconds
Perform fast likelihood tree search using GTR+I+G model...
Estimate model parameters (epsilon = 5.000)
Perform nearest neighbor interchange...
Estimate model parameters (epsilon = 1.000)
1. Initial log-likelihood: -10041.529
Optimal log-likelihood: -10041.526
Rate parameters:  A-C: 1.31447  A-G: 3.85670  A-T: 0.94151  C-G: 0.86073  C-T: 4.67102  G-T: 1.00000
Base frequencies:  A: 0.197  C: 0.320  G: 0.313  T: 0.169
Proportion of invariable sites: 0.409
Gamma shape alpha: 2.942
Parameters optimization took 1 rounds (0.015 sec)
Time for fast ML tree search: 0.088 seconds

NOTE: ModelFinder requires 1 MB RAM!
ModelFinder will test up to 484 DNA models (sample size: 4152) ...
 No. Model         -LnL         df  AIC          AICc         BIC
  1  GTR+F         10069.894    19  20177.789    20177.973    20298.084
  2  GTR+F+I       10042.659    20  20125.318    20125.521    20251.945
  3  GTR+F+G4      10041.179    20  20122.358    20122.561    20248.984
  4  GTR+F+I+G4    10041.548    21  20125.096    20125.320    20258.055
  5  GTR+F+R2      10042.515    21  20127.030    20127.254    20259.988
  6  GTR+F+R3      10041.451    23  20128.901    20129.169    20274.522
 14  GTR+F+I+R2    10041.840    22  20127.680    20127.925    20266.969
 15  GTR+F+I+R3    10041.579    24  20131.159    20131.449    20283.111
 24  SYM+I         10229.277    17  20492.554    20492.702    20600.187
 25  SYM+G4        10227.979    17  20489.958    20490.106    20597.590
 26  SYM+I+G4      10228.307    18  20492.614    20492.779    20606.578
 46  TVM+F+I       10044.583    19  20127.165    20127.349    20247.461
 47  TVM+F+G4      10043.191    19  20124.383    20124.566    20244.678
 48  TVM+F+I+G4    10043.501    20  20127.002    20127.205    20253.629
 68  TVMe+I        10229.732    16  20491.465    20491.596    20592.766
 69  TVMe+G4       10228.467    16  20488.935    20489.066    20590.236
 70  TVMe+I+G4     10228.773    17  20491.546    20491.694    20599.179
 90  TIM3+F+I      10046.095    18  20128.191    20128.356    20242.155
 91  TIM3+F+G4     10044.631    18  20125.261    20125.427    20239.226
 92  TIM3+F+I+G4   10045.005    19  20128.011    20128.195    20248.306
112  TIM3e+I       10230.187    15  20490.373    20490.489    20585.343
113  TIM3e+G4      10228.896    15  20487.791    20487.907    20582.761
114  TIM3e+I+G4    10229.233    16  20490.466    20490.598    20591.768
134  TIM2+F+I      10044.132    18  20124.265    20124.430    20238.229
135  TIM2+F+G4     10042.651    18  20121.303    20121.468    20235.267
136  TIM2+F+I+G4   10043.034    19  20124.069    20124.253    20244.365
156  TIM2e+I       10236.163    15  20502.327    20502.443    20597.297
157  TIM2e+G4      10234.908    15  20499.816    20499.932    20594.787
158  TIM2e+I+G4    10235.258    16  20502.516    20502.647    20603.817
178  TIM+F+I       10043.846    18  20123.691    20123.857    20237.656
179  TIM+F+G4      10042.354    18  20120.708    20120.874    20234.672
180  TIM+F+I+G4    10042.720    19  20123.440    20123.624    20243.736
200  TIMe+I        10235.926    15  20501.853    20501.969    20596.823
201  TIMe+G4       10234.685    15  20499.371    20499.487    20594.341
202  TIMe+I+G4     10235.016    16  20502.031    20502.163    20603.333
222  TPM3u+F+I     10048.060    17  20130.119    20130.267    20237.752
223  TPM3u+F+G4    10046.687    17  20127.374    20127.522    20235.007
224  TPM3u+F+I+G4  10047.006    18  20130.012    20130.177    20243.976
244  TPM3+I        10230.651    14  20489.302    20489.403    20577.941
245  TPM3+G4       10229.394    14  20486.787    20486.889    20575.426
246  TPM3+I+G4     10229.710    15  20489.420    20489.536    20584.390
266  TPM2u+F+I     10046.075    17  20126.149    20126.297    20233.782
267  TPM2u+F+G4    10044.684    17  20123.367    20123.515    20231.000
268  TPM2u+F+I+G4  10045.010    18  20126.019    20126.185    20239.984
288  TPM2+I        10236.590    14  20501.180    20501.282    20589.819
289  TPM2+G4       10235.370    14  20498.739    20498.841    20587.378
290  TPM2+I+G4     10235.696    15  20501.391    20501.508    20596.362
310  K3Pu+F+I      10045.831    17  20125.662    20125.810    20233.295
311  K3Pu+F+G4     10044.433    17  20122.865    20123.014    20230.498
312  K3Pu+F+I+G4   10044.745    18  20125.491    20125.656    20239.455
332  K3P+I         10236.353    14  20500.706    20500.808    20589.345
333  K3P+G4        10235.130    14  20498.261    20498.362    20586.900
334  K3P+I+G4      10235.455    15  20500.910    20501.026    20595.880
354  TN+F+I        10046.169    17  20126.339    20126.487    20233.971
355  TN+F+G4       10044.694    17  20123.387    20123.535    20231.020
356  TN+F+I+G4     10045.068    18  20126.136    20126.302    20240.101
376  TNe+I         10236.187    14  20500.375    20500.476    20589.013
377  TNe+G4        10234.933    14  20497.865    20497.967    20586.504
378  TNe+I+G4      10235.283    15  20500.565    20500.681    20595.535
398  HKY+F+I       10048.147    16  20128.294    20128.425    20229.595
399  HKY+F+G4      10046.766    16  20125.532    20125.663    20226.833
400  HKY+F+I+G4    10047.087    17  20128.174    20128.322    20235.807
420  K2P+I         10236.617    13  20499.234    20499.322    20581.541
421  K2P+G4        10235.396    13  20496.793    20496.881    20579.100
422  K2P+I+G4      10235.723    14  20499.447    20499.548    20588.086
442  F81+F+I       10237.243    15  20504.486    20504.602    20599.456
443  F81+F+G4      10236.197    15  20502.393    20502.509    20597.364
444  F81+F+I+G4    10236.714    16  20505.428    20505.560    20606.730
464  JC+I          10402.797    12  20829.594    20829.670    20905.570
465  JC+G4         10401.859    12  20827.719    20827.794    20903.695
466  JC+I+G4       10402.323    13  20830.645    20830.733    20912.953
Akaike Information Criterion:           TIM+F+G4
Corrected Akaike Information Criterion: TIM+F+G4
Bayesian Information Criterion:         HKY+F+G4
Best-fit model: HKY+F+G4 chosen according to BIC

All model information printed to per_gene_alignments_codon/LOC101395101_.aln.model.gz
CPU time for ModelFinder: 0.445 seconds (0h:0m:0s)
Wall-clock time for ModelFinder: 1.133 seconds (0h:0m:1s)
Generating 1000 samples for ultrafast bootstrap (seed: 234606)...

NOTE: 0 MB RAM (0 GB) is required!
Estimate model parameters (epsilon = 0.100)
1. Initial log-likelihood: -10046.766
Optimal log-likelihood: -10046.766
Rate parameters:  A-C: 1.00000  A-G: 4.15817  A-T: 1.00000  C-G: 1.00000  C-T: 4.15817  G-T: 1.00000
Base frequencies:  A: 0.197  C: 0.320  G: 0.313  T: 0.169
Gamma shape alpha: 0.576
Parameters optimization took 1 rounds (0.002 sec)
Wrote distance file to... 
Computing ML distances based on estimated model parameters...
Calculating distance matrix: done in 0.00052309 secs using 99.6% CPU
Computing ML distances took 0.000576 sec (of wall-clock time) 0.000581 sec (of CPU time)
Setting up auxiliary I and S matrices: done in 4.1008e-05 secs using 97.54% CPU
Computing RapidNJ tree took 0.000122 sec (of wall-clock time) 0.000121 sec (of CPU time)
Log-likelihood of RapidNJ tree: -10046.766
--------------------------------------------------------------------
|             INITIALIZING CANDIDATE TREE SET                      |
--------------------------------------------------------------------
Generating 99 parsimony trees... 0.111 second
Computing log-likelihood of 39 initial trees ... 0.043 seconds
Current best score: -10046.766

Do NNI search on 20 best initial trees
Estimate model parameters (epsilon = 0.100)
BETTER TREE FOUND at iteration 1: -10046.766
Iteration 10 / LogL: -10046.821 / Time: 0h:0m:1s
Iteration 20 / LogL: -10046.857 / Time: 0h:0m:1s
Finish initializing candidate tree set (1)
Current best tree score: -10046.766 / CPU time: 0.458
Number of iterations: 20
--------------------------------------------------------------------
|               OPTIMIZING CANDIDATE TREE SET                      |
--------------------------------------------------------------------
Iteration 30 / LogL: -10046.766 / Time: 0h:0m:1s (0h:0m:2s left)
Iteration 40 / LogL: -10046.766 / Time: 0h:0m:2s (0h:0m:1s left)
Iteration 50 / LogL: -10047.135 / Time: 0h:0m:2s (0h:0m:1s left)
Log-likelihood cutoff on original alignment: -10070.397
Iteration 60 / LogL: -10046.766 / Time: 0h:0m:2s (0h:0m:1s left)
Iteration 70 / LogL: -10047.004 / Time: 0h:0m:2s (0h:0m:0s left)
Iteration 80 / LogL: -10047.037 / Time: 0h:0m:3s (0h:0m:0s left)
Iteration 90 / LogL: -10046.766 / Time: 0h:0m:3s (0h:0m:0s left)
Iteration 100 / LogL: -10046.766 / Time: 0h:0m:3s (0h:0m:0s left)
Log-likelihood cutoff on original alignment: -10070.397
NOTE: Bootstrap correlation coefficient of split occurrence frequencies: 1.000
TREE SEARCH COMPLETED AFTER 102 ITERATIONS / Time: 0h:0m:3s

--------------------------------------------------------------------
|                    FINALIZING TREE SEARCH                        |
--------------------------------------------------------------------
Performs final model parameters optimization
Estimate model parameters (epsilon = 0.010)
1. Initial log-likelihood: -10046.766
Optimal log-likelihood: -10046.766
Rate parameters:  A-C: 1.00000  A-G: 4.15842  A-T: 1.00000  C-G: 1.00000  C-T: 4.15842  G-T: 1.00000
Base frequencies:  A: 0.197  C: 0.320  G: 0.313  T: 0.169
Gamma shape alpha: 0.576
Parameters optimization took 1 rounds (0.003 sec)
BEST SCORE FOUND : -10046.766
Creating bootstrap support values...
Split supports printed to NEXUS file per_gene_alignments_codon/LOC101395101_.aln.splits.nex
Total tree length: 0.232

Total number of iterations: 102
CPU time used for tree search: 1.531 sec (0h:0m:1s)
Wall-clock time used for tree search: 2.275 sec (0h:0m:2s)
Total CPU time used: 2.054 sec (0h:0m:2s)
Total wall-clock time used: 3.561 sec (0h:0m:3s)

Computing bootstrap consensus tree...
Reading input file per_gene_alignments_codon/LOC101395101_.aln.splits.nex...
7 taxa and 12 splits.
Consensus tree written to per_gene_alignments_codon/LOC101395101_.aln.contree
Reading input trees file per_gene_alignments_codon/LOC101395101_.aln.contree
Log-likelihood of consensus tree: -10046.766

Analysis results written to: 
  IQ-TREE report:                per_gene_alignments_codon/LOC101395101_.aln.iqtree
  Maximum-likelihood tree:       per_gene_alignments_codon/LOC101395101_.aln.treefile
  Likelihood distances:          per_gene_alignments_codon/LOC101395101_.aln.mldist

Ultrafast bootstrap approximation results written to:
  Split support values:          per_gene_alignments_codon/LOC101395101_.aln.splits.nex
  Consensus tree:                per_gene_alignments_codon/LOC101395101_.aln.contree
  Screen log file:               per_gene_alignments_codon/LOC101395101_.aln.log

Date and Time: Thu Oct 30 21:30:31 2025
