IQ-TREE multicore version 2.3.3 COVID-edition for Linux x86 64-bit built Apr 25 2024
Developed by Bui Quang Minh, James Barbetti, Nguyen Lam Tung, Olga Chernomor,
Heiko Schmidt, Dominik Schrempf, Michael Woodhams, Ly Trong Nhan, Thomas Wong

Host:    morpheus-OptiPlex-5050 (AVX2, FMA3, 503 GB RAM)
Command: iqtree2 -s per_gene_alignments_codon/LOC101399935_.aln.fna -m MFP -T 1 -B 1000 --prefix per_gene_alignments_codon/LOC101399935_.aln
Seed:    38682 (Using SPRNG - Scalable Parallel Random Number Generator)
Time:    Thu Oct 30 21:33:47 2025
Kernel:  AVX+FMA - 1 threads (72 CPU cores detected)

HINT: Use -nt option to specify number of threads because your CPU has 72 cores!
HINT: -nt AUTO will automatically determine the best number of threads to use.

Reading alignment file per_gene_alignments_codon/LOC101399935_.aln.fna ... Fasta format detected
Reading fasta file: done in 0.000501871 secs using 99.63% CPU
Alignment most likely contains DNA/RNA sequences
Alignment has 7 sequences with 1764 columns, 77 distinct patterns
85 parsimony-informative, 140 singleton sites, 1539 constant sites
                     Gap/Ambiguity  Composition  p-value
Analyzing sequences: done in 1.5974e-05 secs using 93.9% CPU
   1  Ceratotherium_simum    0.00%    passed     97.17%
   2  Diceros_bicornis       0.00%    passed     99.31%
   3  Equus_asinus           0.00%    passed     99.42%
   4  Equus_quagga           0.00%    passed     99.23%
   5  Equus_caballus         0.00%    passed     99.77%
   6  Canis_lupus            0.00%    passed     96.77%
   7  Bos_taurus             0.00%    passed     35.08%
****  TOTAL                  0.00%  0 sequences failed composition chi2 test (p-value<5%; df=3)


Create initial parsimony tree by phylogenetic likelihood library (PLL)... 0.000 seconds
Perform fast likelihood tree search using GTR+I+G model...
Estimate model parameters (epsilon = 5.000)
Perform nearest neighbor interchange...
Estimate model parameters (epsilon = 1.000)
1. Initial log-likelihood: -3726.960
Optimal log-likelihood: -3726.954
Rate parameters:  A-C: 2.14249  A-G: 7.70560  A-T: 1.27320  C-G: 1.55880  C-T: 6.91436  G-T: 1.00000
Base frequencies:  A: 0.161  C: 0.313  G: 0.318  T: 0.208
Proportion of invariable sites: 0.434
Gamma shape alpha: 0.776
Parameters optimization took 1 rounds (0.002 sec)
Time for fast ML tree search: 0.029 seconds

NOTE: ModelFinder requires 0 MB RAM!
ModelFinder will test up to 484 DNA models (sample size: 1764) ...
 No. Model         -LnL         df  AIC          AICc         BIC
  1  GTR+F         3744.687     19  7527.373     7527.809     7631.405
  2  GTR+F+I       3727.134     20  7494.268     7494.750     7603.775
  3  GTR+F+G4      3727.032     20  7494.063     7494.545     7603.570
  4  GTR+F+I+G4    3726.965     21  7495.931     7496.461     7610.913
  5  GTR+F+R2      3728.118     21  7498.236     7498.766     7613.218
  6  GTR+F+R3      3727.325     23  7500.650     7501.284     7626.583
 14  GTR+F+I+R2    3727.247     22  7498.495     7499.076     7618.952
 15  GTR+F+I+R3    3727.059     24  7502.118     7502.808     7633.527
 24  SYM+I         3802.923     17  7639.847     7640.197     7732.927
 25  SYM+G4        3802.679     17  7639.358     7639.709     7732.439
 26  SYM+I+G4      3802.529     18  7641.058     7641.450     7739.614
 27  SYM+R2        3803.915     18  7643.829     7644.221     7742.385
 46  TVM+F+I       3727.342     19  7492.684     7493.120     7596.716
 47  TVM+F+G4      3727.219     19  7492.437     7492.873     7596.469
 48  TVM+F+I+G4    3727.143     20  7494.285     7494.767     7603.792
 49  TVM+F+R2      3728.399     20  7496.799     7497.281     7606.306
 68  TVMe+I        3802.992     16  7637.985     7638.296     7725.590
 69  TVMe+G4       3802.746     16  7637.492     7637.803     7725.097
 70  TVMe+I+G4     3802.598     17  7639.196     7639.547     7732.277
 71  TVMe+R2       3804.087     17  7642.173     7642.524     7735.254
 90  TIM3+F+I      3727.822     18  7491.643     7492.035     7590.199
 91  TIM3+F+G4     3727.680     18  7491.359     7491.751     7589.916
 92  TIM3+F+I+G4   3727.583     19  7493.165     7493.601     7597.197
 93  TIM3+F+R2     3728.752     19  7495.503     7495.939     7599.534
112  TIM3e+I       3803.228     15  7636.457     7636.732     7718.587
113  TIM3e+G4      3803.002     15  7636.005     7636.279     7718.135
114  TIM3e+I+G4    3802.871     16  7637.742     7638.054     7725.348
115  TIM3e+R2      3804.267     16  7640.534     7640.846     7728.140
134  TIM2+F+I      3728.841     18  7493.682     7494.074     7592.238
135  TIM2+F+G4     3728.697     18  7493.394     7493.786     7591.950
136  TIM2+F+I+G4   3728.596     19  7495.191     7495.627     7599.223
137  TIM2+F+R2     3729.762     19  7497.523     7497.959     7601.555
156  TIM2e+I       3807.061     15  7644.122     7644.397     7726.252
157  TIM2e+G4      3806.797     15  7643.595     7643.869     7725.725
158  TIM2e+I+G4    3806.619     16  7645.239     7645.550     7732.844
159  TIM2e+R2      3808.025     16  7648.049     7648.360     7735.654
178  TIM+F+I       3729.508     18  7495.016     7495.408     7593.572
179  TIM+F+G4      3729.338     18  7494.676     7495.068     7593.232
180  TIM+F+I+G4    3729.202     19  7496.405     7496.840     7600.436
181  TIM+F+R2      3730.365     19  7498.730     7499.165     7602.761
200  TIMe+I        3806.993     15  7643.987     7644.261     7726.117
201  TIMe+G4       3806.718     15  7643.435     7643.710     7725.565
202  TIMe+I+G4     3806.541     16  7645.083     7645.394     7732.688
203  TIMe+R2       3807.844     16  7647.688     7647.999     7735.293
222  TPM3u+F+I     3728.006     17  7490.012     7490.363     7583.093
223  TPM3u+F+G4    3727.857     17  7489.715     7490.065     7582.796
224  TPM3u+F+I+G4  3727.753     18  7491.505     7491.897     7590.061
225  TPM3u+F+R2    3729.017     18  7494.033     7494.425     7592.589
244  TPM3+I        3803.299     14  7634.598     7634.838     7711.253
245  TPM3+G4       3803.076     14  7634.151     7634.391     7710.806
246  TPM3+I+G4     3802.944     15  7635.889     7636.163     7718.019
247  TPM3+R2       3804.346     15  7638.691     7638.966     7720.821
266  TPM2u+F+I     3729.033     17  7492.065     7492.416     7585.146
267  TPM2u+F+G4    3728.879     17  7491.757     7492.108     7584.838
268  TPM2u+F+I+G4  3728.767     18  7493.535     7493.927     7592.091
269  TPM2u+F+R2    3729.923     18  7495.846     7496.238     7594.402
288  TPM2+I        3807.118     14  7642.236     7642.476     7718.890
289  TPM2+G4       3806.854     14  7641.709     7641.949     7718.363
290  TPM2+I+G4     3806.680     15  7643.360     7643.635     7725.491
291  TPM2+R2       3808.087     15  7646.175     7646.449     7728.305
310  K3Pu+F+I      3729.686     17  7493.372     7493.723     7586.453
311  K3Pu+F+G4     3729.511     17  7493.022     7493.372     7586.103
312  K3Pu+F+I+G4   3729.364     18  7494.729     7495.121     7593.285
313  K3Pu+F+R2     3730.524     18  7497.049     7497.441     7595.605
332  K3P+I         3807.056     14  7642.112     7642.352     7718.767
333  K3P+G4        3806.783     14  7641.566     7641.806     7718.221
334  K3P+I+G4      3806.605     15  7643.210     7643.484     7725.340
335  K3P+R2        3808.010     15  7646.019     7646.294     7728.149
354  TN+F+I        3729.513     17  7493.026     7493.377     7586.107
355  TN+F+G4       3729.349     17  7492.698     7493.048     7585.778
356  TN+F+I+G4     3729.220     18  7494.440     7494.832     7592.996
357  TN+F+R2       3730.371     18  7496.742     7497.134     7595.298
376  TNe+I         3807.326     14  7642.652     7642.892     7719.307
377  TNe+G4        3807.077     14  7642.154     7642.394     7718.809
378  TNe+I+G4      3806.918     15  7643.837     7644.111     7725.967
379  TNe+R2        3808.419     15  7646.837     7647.112     7728.967
398  HKY+F+I       3729.693     16  7491.385     7491.697     7578.991
399  HKY+F+G4      3729.519     16  7491.039     7491.350     7578.644
400  HKY+F+I+G4    3729.382     17  7492.763     7493.114     7585.844
401  HKY+F+R2      3730.538     17  7495.076     7495.426     7588.156
420  K2P+I         3807.388     13  7640.777     7640.985     7711.956
421  K2P+G4        3807.142     13  7640.284     7640.492     7711.463
422  K2P+I+G4      3806.986     14  7641.971     7642.212     7718.626
423  K2P+R2        3808.491     14  7644.981     7645.221     7721.636
442  F81+F+I       3796.675     15  7623.349     7623.624     7705.479
443  F81+F+G4      3796.396     15  7622.792     7623.067     7704.923
444  F81+F+I+G4    3796.288     16  7624.575     7624.887     7712.181
445  F81+F+R2      3798.177     16  7628.353     7628.664     7715.958
464  JC+I          3866.663     12  7757.326     7757.504     7823.030
465  JC+G4         3866.350     12  7756.699     7756.877     7822.403
466  JC+I+G4       3866.255     13  7758.510     7758.718     7829.690
467  JC+R2         3868.685     13  7763.370     7763.578     7834.549
Akaike Information Criterion:           TPM3u+F+G4
Corrected Akaike Information Criterion: TPM3u+F+G4
Bayesian Information Criterion:         HKY+F+G4
Best-fit model: HKY+F+G4 chosen according to BIC

All model information printed to per_gene_alignments_codon/LOC101399935_.aln.model.gz
CPU time for ModelFinder: 1.810 seconds (0h:0m:1s)
Wall-clock time for ModelFinder: 3.658 seconds (0h:0m:3s)
Generating 1000 samples for ultrafast bootstrap (seed: 38682)...

NOTE: 0 MB RAM (0 GB) is required!
Estimate model parameters (epsilon = 0.100)
1. Initial log-likelihood: -3729.519
Optimal log-likelihood: -3729.519
Rate parameters:  A-C: 1.00000  A-G: 4.92123  A-T: 1.00000  C-G: 1.00000  C-T: 4.92123  G-T: 1.00000
Base frequencies:  A: 0.161  C: 0.313  G: 0.318  T: 0.208
Gamma shape alpha: 0.200
Parameters optimization took 1 rounds (0.001 sec)
Wrote distance file to... 
Computing ML distances based on estimated model parameters...
Calculating distance matrix: done in 0.000591993 secs using 99.66% CPU
Computing ML distances took 0.000637 sec (of wall-clock time) 0.000643 sec (of CPU time)
Setting up auxiliary I and S matrices: done in 4.00543e-05 secs using 97.37% CPU
Computing RapidNJ tree took 0.000124 sec (of wall-clock time) 0.000124 sec (of CPU time)
Log-likelihood of RapidNJ tree: -3729.523
--------------------------------------------------------------------
|             INITIALIZING CANDIDATE TREE SET                      |
--------------------------------------------------------------------
Generating 99 parsimony trees... 0.065 second
Computing log-likelihood of 38 initial trees ... 0.035 seconds
Current best score: -3729.519

Do NNI search on 20 best initial trees
Estimate model parameters (epsilon = 0.100)
BETTER TREE FOUND at iteration 1: -3729.519
Iteration 10 / LogL: -3729.542 / Time: 0h:0m:3s
Iteration 20 / LogL: -3729.591 / Time: 0h:0m:3s
Finish initializing candidate tree set (1)
Current best tree score: -3729.519 / CPU time: 0.258
Number of iterations: 20
--------------------------------------------------------------------
|               OPTIMIZING CANDIDATE TREE SET                      |
--------------------------------------------------------------------
Iteration 30 / LogL: -3729.523 / Time: 0h:0m:4s (0h:0m:1s left)
Iteration 40 / LogL: -3729.533 / Time: 0h:0m:4s (0h:0m:1s left)
Iteration 50 / LogL: -3729.519 / Time: 0h:0m:4s (0h:0m:0s left)
Log-likelihood cutoff on original alignment: -3741.956
Iteration 60 / LogL: -3729.625 / Time: 0h:0m:4s (0h:0m:0s left)
Iteration 70 / LogL: -3729.799 / Time: 0h:0m:5s (0h:0m:0s left)
Iteration 80 / LogL: -3729.625 / Time: 0h:0m:5s (0h:0m:0s left)
Iteration 90 / LogL: -3729.628 / Time: 0h:0m:5s (0h:0m:0s left)
Iteration 100 / LogL: -3729.625 / Time: 0h:0m:5s (0h:0m:0s left)
Log-likelihood cutoff on original alignment: -3741.956
NOTE: Bootstrap correlation coefficient of split occurrence frequencies: 1.000
TREE SEARCH COMPLETED AFTER 102 ITERATIONS / Time: 0h:0m:5s

--------------------------------------------------------------------
|                    FINALIZING TREE SEARCH                        |
--------------------------------------------------------------------
Performs final model parameters optimization
Estimate model parameters (epsilon = 0.010)
1. Initial log-likelihood: -3729.519
Optimal log-likelihood: -3729.519
Rate parameters:  A-C: 1.00000  A-G: 4.92216  A-T: 1.00000  C-G: 1.00000  C-T: 4.92216  G-T: 1.00000
Base frequencies:  A: 0.161  C: 0.313  G: 0.318  T: 0.208
Gamma shape alpha: 0.200
Parameters optimization took 1 rounds (0.001 sec)
BEST SCORE FOUND : -3729.519
Creating bootstrap support values...
Split supports printed to NEXUS file per_gene_alignments_codon/LOC101399935_.aln.splits.nex
Total tree length: 0.173

Total number of iterations: 102
CPU time used for tree search: 1.041 sec (0h:0m:1s)
Wall-clock time used for tree search: 2.217 sec (0h:0m:2s)
Total CPU time used: 2.911 sec (0h:0m:2s)
Total wall-clock time used: 5.998 sec (0h:0m:5s)

Computing bootstrap consensus tree...
Reading input file per_gene_alignments_codon/LOC101399935_.aln.splits.nex...
7 taxa and 15 splits.
Consensus tree written to per_gene_alignments_codon/LOC101399935_.aln.contree
Reading input trees file per_gene_alignments_codon/LOC101399935_.aln.contree
Log-likelihood of consensus tree: -3729.522

Analysis results written to: 
  IQ-TREE report:                per_gene_alignments_codon/LOC101399935_.aln.iqtree
  Maximum-likelihood tree:       per_gene_alignments_codon/LOC101399935_.aln.treefile
  Likelihood distances:          per_gene_alignments_codon/LOC101399935_.aln.mldist

Ultrafast bootstrap approximation results written to:
  Split support values:          per_gene_alignments_codon/LOC101399935_.aln.splits.nex
  Consensus tree:                per_gene_alignments_codon/LOC101399935_.aln.contree
  Screen log file:               per_gene_alignments_codon/LOC101399935_.aln.log

Date and Time: Thu Oct 30 21:33:53 2025
