IQ-TREE multicore version 2.3.3 COVID-edition for Linux x86 64-bit built Apr 25 2024
Developed by Bui Quang Minh, James Barbetti, Nguyen Lam Tung, Olga Chernomor,
Heiko Schmidt, Dominik Schrempf, Michael Woodhams, Ly Trong Nhan, Thomas Wong

Host:    morpheus-OptiPlex-5050 (AVX2, FMA3, 503 GB RAM)
Command: iqtree2 -s per_gene_alignments_codon/LOC101403340_.aln.fna -m MFP -T 1 -B 1000 --prefix per_gene_alignments_codon/LOC101403340_.aln
Seed:    810693 (Using SPRNG - Scalable Parallel Random Number Generator)
Time:    Thu Oct 30 21:36:06 2025
Kernel:  AVX+FMA - 1 threads (72 CPU cores detected)

HINT: Use -nt option to specify number of threads because your CPU has 72 cores!
HINT: -nt AUTO will automatically determine the best number of threads to use.

Reading alignment file per_gene_alignments_codon/LOC101403340_.aln.fna ... Fasta format detected
Reading fasta file: done in 0.000313044 secs using 49.51% CPU
Alignment most likely contains DNA/RNA sequences
Alignment has 7 sequences with 1020 columns, 82 distinct patterns
94 parsimony-informative, 87 singleton sites, 839 constant sites
                     Gap/Ambiguity  Composition  p-value
Analyzing sequences: done in 1.71661e-05 secs using 46.6% CPU
   1  Ceratotherium_simum    0.00%    passed     92.44%
   2  Diceros_bicornis       0.00%    passed     95.01%
   3  Equus_asinus           0.00%    passed     99.96%
   4  Equus_quagga           0.00%    passed     99.08%
   5  Equus_caballus         0.00%    passed     99.96%
   6  Canis_lupus            0.00%    passed     81.01%
   7  Bos_taurus             0.00%    passed     95.76%
****  TOTAL                  0.00%  0 sequences failed composition chi2 test (p-value<5%; df=3)


Create initial parsimony tree by phylogenetic likelihood library (PLL)... 0.000 seconds
Perform fast likelihood tree search using GTR+I+G model...
Estimate model parameters (epsilon = 5.000)
Perform nearest neighbor interchange...
Estimate model parameters (epsilon = 1.000)
1. Initial log-likelihood: -2436.479
Optimal log-likelihood: -2436.453
Rate parameters:  A-C: 1.92582  A-G: 13.68692  A-T: 2.68525  C-G: 2.32397  C-T: 8.67695  G-T: 1.00000
Base frequencies:  A: 0.149  C: 0.372  G: 0.262  T: 0.217
Proportion of invariable sites: 0.406
Gamma shape alpha: 0.693
Parameters optimization took 1 rounds (0.003 sec)
Time for fast ML tree search: 0.042 seconds

NOTE: ModelFinder requires 0 MB RAM!
ModelFinder will test up to 484 DNA models (sample size: 1020) ...
 No. Model         -LnL         df  AIC          AICc         BIC
  1  GTR+F         2459.128     19  4956.256     4957.016     5049.879
  2  GTR+F+I       2436.309     20  4912.618     4913.459     5011.170
  3  GTR+F+G4      2436.337     20  4912.673     4913.514     5011.224
  4  GTR+F+I+G4    2436.462     21  4914.925     4915.851     5018.404
  5  GTR+F+R2      2436.475     21  4914.950     4915.876     5018.429
  6  GTR+F+R3      2436.376     23  4918.751     4919.860     5032.085
 14  GTR+F+I+R2    2436.382     22  4916.764     4917.779     5025.171
 15  GTR+F+I+R3    2436.428     24  4920.855     4922.061     5039.116
 24  SYM+I         2496.317     17  5026.633     5027.244     5110.402
 25  SYM+G4        2496.452     17  5026.904     5027.515     5110.673
 26  SYM+I+G4      2496.576     18  5029.152     5029.835     5117.848
 27  SYM+R2        2496.508     18  5029.015     5029.699     5117.711
 46  TVM+F+I       2437.936     19  4913.873     4914.633     5007.496
 47  TVM+F+G4      2438.150     19  4914.300     4915.060     5007.924
 48  TVM+F+I+G4    2438.486     20  4916.972     4917.813     5015.524
 49  TVM+F+R2      2438.141     20  4916.281     4917.122     5014.832
 68  TVMe+I        2496.374     16  5024.748     5025.290     5103.589
 69  TVMe+G4       2496.504     16  5025.009     5025.551     5103.850
 70  TVMe+I+G4     2496.627     17  5027.255     5027.866     5111.023
 71  TVMe+R2       2496.565     17  5027.131     5027.742     5110.899
 90  TIM3+F+I      2437.664     18  4911.329     4912.012     5000.025
 91  TIM3+F+G4     2437.748     18  4911.496     4912.180     5000.192
 92  TIM3+F+I+G4   2437.887     19  4913.774     4914.534     5007.397
 93  TIM3+F+R2     2437.823     19  4913.645     4914.405     5007.269
112  TIM3e+I       2498.664     15  5027.329     5027.807     5101.242
113  TIM3e+G4      2498.742     15  5027.483     5027.961     5101.397
114  TIM3e+I+G4    2498.819     16  5029.638     5030.180     5108.479
115  TIM3e+R2      2498.924     16  5029.847     5030.390     5108.688
134  TIM2+F+I      2438.007     18  4912.014     4912.697     5000.710
135  TIM2+F+G4     2438.103     18  4912.207     4912.890     5000.903
136  TIM2+F+I+G4   2438.248     19  4914.496     4915.256     5008.119
137  TIM2+F+R2     2438.159     19  4914.319     4915.079     5007.943
156  TIM2e+I       2499.974     15  5029.949     5030.427     5103.862
157  TIM2e+G4      2500.237     15  5030.473     5030.951     5104.387
158  TIM2e+I+G4    2500.405     16  5032.810     5033.353     5111.651
159  TIM2e+R2      2500.179     16  5032.357     5032.900     5111.198
178  TIM+F+I       2436.934     18  4909.867     4910.550     4998.563
179  TIM+F+G4      2437.091     18  4910.181     4910.865     4998.877
180  TIM+F+I+G4    2437.303     19  4912.607     4913.367     5006.231
181  TIM+F+R2      2437.192     19  4912.384     4913.144     5006.007
200  TIMe+I        2498.016     15  5026.033     5026.511     5099.946
201  TIMe+G4       2498.252     15  5026.504     5026.982     5100.417
202  TIMe+I+G4     2498.429     16  5028.859     5029.401     5107.700
203  TIMe+R2       2498.226     16  5028.452     5028.995     5107.293
222  TPM3u+F+I     2439.288     17  4912.577     4913.187     4996.345
223  TPM3u+F+G4    2439.536     17  4913.073     4913.683     4996.841
224  TPM3u+F+I+G4  2439.890     18  4915.780     4916.463     5004.476
225  TPM3u+F+R2    2439.479     18  4914.957     4915.641     5003.653
244  TPM3+I        2498.723     14  5025.447     5025.865     5094.433
245  TPM3+G4       2498.794     14  5025.589     5026.007     5094.575
246  TPM3+I+G4     2498.876     15  5027.751     5028.229     5101.665
247  TPM3+R2       2498.907     15  5027.813     5028.291     5101.727
266  TPM2u+F+I     2439.606     17  4913.212     4913.823     4996.981
267  TPM2u+F+G4    2439.885     17  4913.771     4914.382     4997.539
268  TPM2u+F+I+G4  2440.279     18  4916.557     4917.240     5005.253
269  TPM2u+F+R2    2439.781     18  4915.563     4916.246     5004.259
288  TPM2+I        2500.041     14  5028.083     5028.501     5097.068
289  TPM2+G4       2500.306     14  5028.612     5029.030     5097.598
290  TPM2+I+G4     2500.485     15  5030.969     5031.447     5104.882
291  TPM2+R2       2500.252     15  5030.503     5030.981     5104.416
310  K3Pu+F+I      2438.495     17  4910.990     4911.601     4994.759
311  K3Pu+F+G4     2438.786     17  4911.573     4912.184     4995.341
312  K3Pu+F+I+G4   2439.242     18  4914.485     4915.168     5003.181
313  K3Pu+F+R2     2438.715     18  4913.429     4914.113     5002.125
332  K3P+I         2498.068     14  5024.136     5024.554     5093.122
333  K3P+G4        2498.315     14  5024.631     5025.049     5093.617
334  K3P+I+G4      2498.491     15  5026.982     5027.460     5100.895
335  K3P+R2        2498.278     15  5026.556     5027.034     5100.470
354  TN+F+I        2438.077     17  4910.154     4910.765     4993.923
355  TN+F+G4       2438.203     17  4910.405     4911.016     4994.174
356  TN+F+I+G4     2438.385     18  4912.769     4913.453     5001.465
357  TN+F+R2       2438.222     18  4912.444     4913.127     5001.140
376  TNe+I         2500.723     14  5029.447     5029.865     5098.432
377  TNe+G4        2500.922     14  5029.844     5030.262     5098.830
378  TNe+I+G4      2501.058     15  5032.116     5032.594     5106.030
379  TNe+R2        2500.922     15  5031.844     5032.322     5105.757
398  HKY+F+I       2439.644     16  4911.288     4911.830     4990.129
399  HKY+F+G4      2439.941     16  4911.881     4912.424     4990.722
400  HKY+F+I+G4    2440.364     17  4914.727     4915.338     4998.495
401  HKY+F+R2      2439.823     17  4913.646     4914.257     4997.415
420  K2P+I         2500.787     13  5027.574     5027.936     5091.633
421  K2P+G4        2500.991     13  5027.982     5028.344     5092.041
422  K2P+I+G4      2501.137     14  5030.274     5030.692     5099.260
423  K2P+R2        2500.992     14  5029.983     5030.401     5098.969
442  F81+F+I       2499.033     15  5028.065     5028.543     5101.979
443  F81+F+G4      2499.235     15  5028.471     5028.949     5102.384
444  F81+F+I+G4    2499.357     16  5030.714     5031.256     5109.555
445  F81+F+R2      2499.230     16  5030.459     5031.002     5109.300
464  JC+I          2554.396     12  5132.793     5133.103     5191.923
465  JC+G4         2554.613     12  5133.227     5133.537     5192.358
466  JC+I+G4       2554.711     13  5135.423     5135.785     5199.481
467  JC+R2         2554.638     13  5135.277     5135.638     5199.335
Akaike Information Criterion:           TIM+F+I
Corrected Akaike Information Criterion: TIM+F+I
Bayesian Information Criterion:         HKY+F+I
Best-fit model: HKY+F+I chosen according to BIC

All model information printed to per_gene_alignments_codon/LOC101403340_.aln.model.gz
CPU time for ModelFinder: 0.977 seconds (0h:0m:0s)
Wall-clock time for ModelFinder: 2.471 seconds (0h:0m:2s)
Generating 1000 samples for ultrafast bootstrap (seed: 810693)...

NOTE: 0 MB RAM (0 GB) is required!
Estimate model parameters (epsilon = 0.100)
1. Initial log-likelihood: -2439.644
Optimal log-likelihood: -2439.643
Rate parameters:  A-C: 1.00000  A-G: 5.47307  A-T: 1.00000  C-G: 1.00000  C-T: 5.47307  G-T: 1.00000
Base frequencies:  A: 0.149  C: 0.372  G: 0.262  T: 0.217
Proportion of invariable sites: 0.686
Parameters optimization took 1 rounds (0.001 sec)
Wrote distance file to... 
Computing ML distances based on estimated model parameters...
Calculating distance matrix: done in 0.000164986 secs using 97.58% CPU
Computing ML distances took 0.000207 sec (of wall-clock time) 0.000207 sec (of CPU time)
Setting up auxiliary I and S matrices: done in 4.79221e-05 secs using 192% CPU
Computing RapidNJ tree took 0.000130 sec (of wall-clock time) 0.000254 sec (of CPU time)
Log-likelihood of RapidNJ tree: -2439.644
--------------------------------------------------------------------
|             INITIALIZING CANDIDATE TREE SET                      |
--------------------------------------------------------------------
Generating 99 parsimony trees... 0.068 second
Computing log-likelihood of 38 initial trees ... 0.011 seconds
Current best score: -2439.643

Do NNI search on 20 best initial trees
Estimate model parameters (epsilon = 0.100)
BETTER TREE FOUND at iteration 1: -2439.643
Iteration 10 / LogL: -2440.111 / Time: 0h:0m:2s
Iteration 20 / LogL: -2439.746 / Time: 0h:0m:2s
Finish initializing candidate tree set (1)
Current best tree score: -2439.643 / CPU time: 0.193
Number of iterations: 20
--------------------------------------------------------------------
|               OPTIMIZING CANDIDATE TREE SET                      |
--------------------------------------------------------------------
UPDATE BEST LOG-LIKELIHOOD: -2439.643
Iteration 30 / LogL: -2439.865 / Time: 0h:0m:2s (0h:0m:0s left)
Iteration 40 / LogL: -2439.727 / Time: 0h:0m:3s (0h:0m:0s left)
Iteration 50 / LogL: -2499.507 / Time: 0h:0m:3s (0h:0m:0s left)
Log-likelihood cutoff on original alignment: -2459.886
UPDATE BEST LOG-LIKELIHOOD: -2439.643
Iteration 60 / LogL: -2439.727 / Time: 0h:0m:3s (0h:0m:0s left)
Iteration 70 / LogL: -2439.646 / Time: 0h:0m:3s (0h:0m:0s left)
Iteration 80 / LogL: -2499.534 / Time: 0h:0m:3s (0h:0m:0s left)
Iteration 90 / LogL: -2439.746 / Time: 0h:0m:3s (0h:0m:0s left)
Iteration 100 / LogL: -2439.699 / Time: 0h:0m:3s (0h:0m:0s left)
Log-likelihood cutoff on original alignment: -2459.065
NOTE: Bootstrap correlation coefficient of split occurrence frequencies: 0.999
TREE SEARCH COMPLETED AFTER 102 ITERATIONS / Time: 0h:0m:3s

--------------------------------------------------------------------
|                    FINALIZING TREE SEARCH                        |
--------------------------------------------------------------------
Performs final model parameters optimization
Estimate model parameters (epsilon = 0.010)
1. Initial log-likelihood: -2439.643
Optimal log-likelihood: -2439.643
Rate parameters:  A-C: 1.00000  A-G: 5.47937  A-T: 1.00000  C-G: 1.00000  C-T: 5.47937  G-T: 1.00000
Base frequencies:  A: 0.149  C: 0.372  G: 0.262  T: 0.217
Proportion of invariable sites: 0.686
Parameters optimization took 1 rounds (0.001 sec)
BEST SCORE FOUND : -2439.643
Creating bootstrap support values...
Split supports printed to NEXUS file per_gene_alignments_codon/LOC101403340_.aln.splits.nex
Total tree length: 0.285

Total number of iterations: 102
CPU time used for tree search: 0.959 sec (0h:0m:0s)
Wall-clock time used for tree search: 1.405 sec (0h:0m:1s)
Total CPU time used: 2.015 sec (0h:0m:2s)
Total wall-clock time used: 3.977 sec (0h:0m:3s)

Computing bootstrap consensus tree...
Reading input file per_gene_alignments_codon/LOC101403340_.aln.splits.nex...
7 taxa and 16 splits.
Consensus tree written to per_gene_alignments_codon/LOC101403340_.aln.contree
Reading input trees file per_gene_alignments_codon/LOC101403340_.aln.contree
Log-likelihood of consensus tree: -2439.644

Analysis results written to: 
  IQ-TREE report:                per_gene_alignments_codon/LOC101403340_.aln.iqtree
  Maximum-likelihood tree:       per_gene_alignments_codon/LOC101403340_.aln.treefile
  Likelihood distances:          per_gene_alignments_codon/LOC101403340_.aln.mldist

Ultrafast bootstrap approximation results written to:
  Split support values:          per_gene_alignments_codon/LOC101403340_.aln.splits.nex
  Consensus tree:                per_gene_alignments_codon/LOC101403340_.aln.contree
  Screen log file:               per_gene_alignments_codon/LOC101403340_.aln.log

Date and Time: Thu Oct 30 21:36:11 2025
