IQ-TREE multicore version 2.3.3 COVID-edition for Linux x86 64-bit built Apr 25 2024
Developed by Bui Quang Minh, James Barbetti, Nguyen Lam Tung, Olga Chernomor,
Heiko Schmidt, Dominik Schrempf, Michael Woodhams, Ly Trong Nhan, Thomas Wong

Host:    morpheus-OptiPlex-5050 (AVX2, FMA3, 503 GB RAM)
Command: iqtree2 -s per_gene_alignments_codon/LOC101399992_.aln.fna -m MFP -T 1 -B 1000 --prefix per_gene_alignments_codon/LOC101399992_.aln
Seed:    271202 (Using SPRNG - Scalable Parallel Random Number Generator)
Time:    Thu Oct 30 21:33:49 2025
Kernel:  AVX+FMA - 1 threads (72 CPU cores detected)

HINT: Use -nt option to specify number of threads because your CPU has 72 cores!
HINT: -nt AUTO will automatically determine the best number of threads to use.

Reading alignment file per_gene_alignments_codon/LOC101399992_.aln.fna ... Fasta format detected
Reading fasta file: done in 0.000458956 secs using 99.36% CPU
Alignment most likely contains DNA/RNA sequences
Alignment has 7 sequences with 1482 columns, 125 distinct patterns
152 parsimony-informative, 195 singleton sites, 1135 constant sites
                     Gap/Ambiguity  Composition  p-value
Analyzing sequences: done in 1.88351e-05 secs using 90.26% CPU
   1  Ceratotherium_simum    0.00%    passed     98.79%
   2  Diceros_bicornis       0.00%    passed     99.15%
   3  Equus_asinus           0.00%    passed     95.85%
   4  Equus_quagga           0.00%    passed     98.99%
   5  Equus_caballus         0.00%    passed     96.64%
   6  Canis_lupus            0.00%    passed     27.84%
   7  Bos_taurus             0.20%    passed      8.30%
****  TOTAL                  0.03%  0 sequences failed composition chi2 test (p-value<5%; df=3)


Create initial parsimony tree by phylogenetic likelihood library (PLL)... 0.000 seconds
Perform fast likelihood tree search using GTR+I+G model...
Estimate model parameters (epsilon = 5.000)
Perform nearest neighbor interchange...
Estimate model parameters (epsilon = 1.000)
1. Initial log-likelihood: -4021.989
Optimal log-likelihood: -4021.984
Rate parameters:  A-C: 1.21758  A-G: 2.67013  A-T: 0.24693  C-G: 0.86400  C-T: 6.34383  G-T: 1.00000
Base frequencies:  A: 0.206  C: 0.279  G: 0.351  T: 0.164
Proportion of invariable sites: 0.380
Gamma shape alpha: 1.795
Parameters optimization took 1 rounds (0.002 sec)
Time for fast ML tree search: 0.083 seconds

NOTE: ModelFinder requires 0 MB RAM!
ModelFinder will test up to 484 DNA models (sample size: 1482) ...
 No. Model         -LnL         df  AIC          AICc         BIC
  1  GTR+F         4045.499     19  8128.999     8129.519     8229.721
  2  GTR+F+I       4021.492     20  8082.983     8083.558     8189.006
  3  GTR+F+G4      4022.165     20  8084.331     8084.906     8190.354
  4  GTR+F+I+G4    4021.988     21  8085.975     8086.608     8197.299
  5  GTR+F+R2      4023.020     21  8088.039     8088.672     8199.363
  6  GTR+F+R3      4022.198     23  8090.396     8091.153     8212.322
 14  GTR+F+I+R2    4021.900     22  8087.801     8088.494     8204.426
 15  GTR+F+I+R3    4021.934     24  8091.868     8092.692     8219.096
 24  SYM+I         4087.855     17  8209.711     8210.129     8299.830
 25  SYM+G4        4088.280     17  8210.561     8210.979     8300.680
 26  SYM+I+G4      4088.036     18  8212.072     8212.539     8307.492
 46  TVM+F+I       4037.883     19  8113.766     8114.286     8214.488
 47  TVM+F+G4      4038.451     19  8114.902     8115.422     8215.624
 48  TVM+F+I+G4    4038.410     20  8116.820     8117.395     8222.843
 68  TVMe+I        4095.692     16  8223.383     8223.754     8308.201
 69  TVMe+G4       4096.102     16  8224.204     8224.576     8309.023
 70  TVMe+I+G4     4095.913     17  8225.827     8226.245     8315.946
 90  TIM3+F+I      4025.766     18  8087.532     8088.000     8182.953
 91  TIM3+F+G4     4026.307     18  8088.614     8089.081     8184.034
 92  TIM3+F+I+G4   4026.176     19  8090.352     8090.872     8191.074
112  TIM3e+I       4093.560     15  8217.119     8217.447     8296.637
113  TIM3e+G4      4093.881     15  8217.763     8218.090     8297.280
114  TIM3e+I+G4    4093.710     16  8219.419     8219.790     8304.237
134  TIM2+F+I      4026.663     18  8089.326     8089.794     8184.747
135  TIM2+F+G4     4027.256     18  8090.511     8090.979     8185.932
136  TIM2+F+I+G4   4027.125     19  8092.250     8092.769     8192.971
156  TIM2e+I       4098.307     15  8226.614     8226.941     8306.131
157  TIM2e+G4      4098.725     15  8227.450     8227.777     8306.967
158  TIM2e+I+G4    4098.519     16  8229.039     8229.410     8313.857
178  TIM+F+I       4024.683     18  8085.366     8085.834     8180.787
179  TIM+F+G4      4025.363     18  8086.727     8087.194     8182.147
180  TIM+F+I+G4    4025.233     19  8088.467     8088.987     8189.189
200  TIMe+I        4099.710     15  8229.420     8229.747     8308.937
201  TIMe+G4       4100.220     15  8230.441     8230.768     8309.958
202  TIMe+I+G4     4100.004     16  8232.008     8232.379     8316.826
222  TPM3u+F+I     4042.175     17  8118.349     8118.767     8208.469
223  TPM3u+F+G4    4042.624     17  8119.248     8119.666     8209.368
224  TPM3u+F+I+G4  4042.609     18  8121.219     8121.686     8216.639
244  TPM3+I        4101.481     14  8230.962     8231.249     8305.178
245  TPM3+G4       4101.833     14  8231.665     8231.952     8305.881
246  TPM3+I+G4     4101.691     15  8233.381     8233.709     8312.899
266  TPM2u+F+I     4043.258     17  8120.516     8120.934     8210.636
267  TPM2u+F+G4    4043.751     17  8121.501     8121.919     8211.621
268  TPM2u+F+I+G4  4043.745     18  8123.490     8123.958     8218.911
288  TPM2+I        4105.987     14  8239.974     8240.261     8314.190
289  TPM2+G4       4106.365     14  8240.731     8241.017     8314.947
290  TPM2+I+G4     4106.221     15  8242.441     8242.769     8321.959
310  K3Pu+F+I      4041.201     17  8116.401     8116.819     8206.521
311  K3Pu+F+G4     4041.777     17  8117.553     8117.971     8207.673
312  K3Pu+F+I+G4   4041.788     18  8119.575     8120.043     8214.996
332  K3P+I         4107.432     14  8242.863     8243.150     8317.079
333  K3P+G4        4107.924     14  8243.848     8244.134     8318.064
334  K3P+I+G4      4107.772     15  8245.543     8245.871     8325.060
354  TN+F+I        4026.677     17  8087.355     8087.773     8177.474
355  TN+F+G4       4027.271     17  8088.542     8088.960     8178.662
356  TN+F+I+G4     4027.145     18  8090.290     8090.758     8185.711
376  TNe+I         4100.098     14  8228.196     8228.482     8302.412
377  TNe+G4        4100.559     14  8229.119     8229.405     8303.335
378  TNe+I+G4      4100.356     15  8230.711     8231.039     8310.229
398  HKY+F+I       4043.257     16  8118.515     8118.886     8203.333
399  HKY+F+G4      4043.750     16  8119.500     8119.872     8204.319
400  HKY+F+I+G4    4043.745     17  8121.490     8121.908     8211.609
420  K2P+I         4107.825     13  8241.649     8241.897     8310.564
421  K2P+G4        4108.272     13  8242.545     8242.793     8311.459
422  K2P+I+G4      4108.129     14  8244.258     8244.544     8318.474
442  F81+F+I       4139.755     15  8309.509     8309.837     8389.027
443  F81+F+G4      4140.541     15  8311.081     8311.409     8390.599
444  F81+F+I+G4    4140.240     16  8312.479     8312.851     8397.298
464  JC+I          4192.009     12  8408.017     8408.230     8471.631
465  JC+G4         4192.752     12  8409.505     8409.717     8473.119
466  JC+I+G4       4192.417     13  8410.833     8411.081     8479.748
Akaike Information Criterion:           GTR+F+I
Corrected Akaike Information Criterion: GTR+F+I
Bayesian Information Criterion:         TN+F+I
Best-fit model: TN+F+I chosen according to BIC

All model information printed to per_gene_alignments_codon/LOC101399992_.aln.model.gz
CPU time for ModelFinder: 0.601 seconds (0h:0m:0s)
Wall-clock time for ModelFinder: 1.088 seconds (0h:0m:1s)
Generating 1000 samples for ultrafast bootstrap (seed: 271202)...

NOTE: 0 MB RAM (0 GB) is required!
Estimate model parameters (epsilon = 0.100)
1. Initial log-likelihood: -4026.677
Optimal log-likelihood: -4026.677
Rate parameters:  A-C: 1.00000  A-G: 2.94857  A-T: 1.00000  C-G: 1.00000  C-T: 7.10663  G-T: 1.00000
Base frequencies:  A: 0.206  C: 0.279  G: 0.351  T: 0.164
Proportion of invariable sites: 0.541
Parameters optimization took 1 rounds (0.001 sec)
Wrote distance file to... 
Computing ML distances based on estimated model parameters...
Calculating distance matrix: done in 0.000181913 secs using 99.5% CPU
Computing ML distances took 0.000229 sec (of wall-clock time) 0.000233 sec (of CPU time)
Setting up auxiliary I and S matrices: done in 4.41074e-05 secs using 99.76% CPU
Computing RapidNJ tree took 0.000125 sec (of wall-clock time) 0.000126 sec (of CPU time)
Log-likelihood of RapidNJ tree: -4026.680
--------------------------------------------------------------------
|             INITIALIZING CANDIDATE TREE SET                      |
--------------------------------------------------------------------
Generating 99 parsimony trees... 0.091 second
Computing log-likelihood of 40 initial trees ... 0.044 seconds
Current best score: -4026.677

Do NNI search on 20 best initial trees
Estimate model parameters (epsilon = 0.100)
BETTER TREE FOUND at iteration 1: -4026.677
Iteration 10 / LogL: -4027.451 / Time: 0h:0m:1s
Iteration 20 / LogL: -4026.880 / Time: 0h:0m:1s
Finish initializing candidate tree set (1)
Current best tree score: -4026.677 / CPU time: 0.300
Number of iterations: 20
--------------------------------------------------------------------
|               OPTIMIZING CANDIDATE TREE SET                      |
--------------------------------------------------------------------
UPDATE BEST LOG-LIKELIHOOD: -4026.677
Iteration 30 / LogL: -4026.834 / Time: 0h:0m:1s (0h:0m:1s left)
Iteration 40 / LogL: -4026.834 / Time: 0h:0m:1s (0h:0m:1s left)
Iteration 50 / LogL: -4026.677 / Time: 0h:0m:1s (0h:0m:0s left)
Log-likelihood cutoff on original alignment: -4049.311
Iteration 60 / LogL: -4026.677 / Time: 0h:0m:2s (0h:0m:0s left)
Iteration 70 / LogL: -4026.677 / Time: 0h:0m:2s (0h:0m:0s left)
Iteration 80 / LogL: -4026.709 / Time: 0h:0m:2s (0h:0m:0s left)
Iteration 90 / LogL: -4026.677 / Time: 0h:0m:2s (0h:0m:0s left)
Iteration 100 / LogL: -4026.700 / Time: 0h:0m:2s (0h:0m:0s left)
Log-likelihood cutoff on original alignment: -4049.311
NOTE: Bootstrap correlation coefficient of split occurrence frequencies: 1.000
TREE SEARCH COMPLETED AFTER 102 ITERATIONS / Time: 0h:0m:3s

--------------------------------------------------------------------
|                    FINALIZING TREE SEARCH                        |
--------------------------------------------------------------------
Performs final model parameters optimization
Estimate model parameters (epsilon = 0.010)
1. Initial log-likelihood: -4026.677
Optimal log-likelihood: -4026.677
Rate parameters:  A-C: 1.00000  A-G: 2.94877  A-T: 1.00000  C-G: 1.00000  C-T: 7.10708  G-T: 1.00000
Base frequencies:  A: 0.206  C: 0.279  G: 0.351  T: 0.164
Proportion of invariable sites: 0.541
Parameters optimization took 1 rounds (0.001 sec)
BEST SCORE FOUND : -4026.677
Creating bootstrap support values...
Split supports printed to NEXUS file per_gene_alignments_codon/LOC101399992_.aln.splits.nex
Total tree length: 0.353

Total number of iterations: 102
CPU time used for tree search: 0.952 sec (0h:0m:0s)
Wall-clock time used for tree search: 1.845 sec (0h:0m:1s)
Total CPU time used: 1.614 sec (0h:0m:1s)
Total wall-clock time used: 3.055 sec (0h:0m:3s)

Computing bootstrap consensus tree...
Reading input file per_gene_alignments_codon/LOC101399992_.aln.splits.nex...
7 taxa and 15 splits.
Consensus tree written to per_gene_alignments_codon/LOC101399992_.aln.contree
Reading input trees file per_gene_alignments_codon/LOC101399992_.aln.contree
Log-likelihood of consensus tree: -4026.679

Analysis results written to: 
  IQ-TREE report:                per_gene_alignments_codon/LOC101399992_.aln.iqtree
  Maximum-likelihood tree:       per_gene_alignments_codon/LOC101399992_.aln.treefile
  Likelihood distances:          per_gene_alignments_codon/LOC101399992_.aln.mldist

Ultrafast bootstrap approximation results written to:
  Split support values:          per_gene_alignments_codon/LOC101399992_.aln.splits.nex
  Consensus tree:                per_gene_alignments_codon/LOC101399992_.aln.contree
  Screen log file:               per_gene_alignments_codon/LOC101399992_.aln.log

Date and Time: Thu Oct 30 21:33:52 2025
