IQ-TREE multicore version 2.3.3 COVID-edition for Linux x86 64-bit built Apr 25 2024
Developed by Bui Quang Minh, James Barbetti, Nguyen Lam Tung, Olga Chernomor,
Heiko Schmidt, Dominik Schrempf, Michael Woodhams, Ly Trong Nhan, Thomas Wong

Host:    morpheus-OptiPlex-5050 (AVX2, FMA3, 503 GB RAM)
Command: iqtree2 -s per_gene_alignments_codon/LOC101388058_.aln.fna -m MFP -T 1 -B 1000 --prefix per_gene_alignments_codon/LOC101388058_.aln
Seed:    255038 (Using SPRNG - Scalable Parallel Random Number Generator)
Time:    Thu Oct 30 21:25:31 2025
Kernel:  AVX+FMA - 1 threads (72 CPU cores detected)

HINT: Use -nt option to specify number of threads because your CPU has 72 cores!
HINT: -nt AUTO will automatically determine the best number of threads to use.

Reading alignment file per_gene_alignments_codon/LOC101388058_.aln.fna ... Fasta format detected
Reading fasta file: done in 0.000396967 secs
Alignment most likely contains DNA/RNA sequences
Alignment has 7 sequences with 1290 columns, 144 distinct patterns
218 parsimony-informative, 214 singleton sites, 858 constant sites
                     Gap/Ambiguity  Composition  p-value
Analyzing sequences: done in 1.90735e-05 secs using 89.13% CPU
   1  Ceratotherium_simum    1.16%    passed     98.26%
   2  Diceros_bicornis       1.16%    passed     98.45%
   3  Equus_asinus           0.00%    passed     86.13%
   4  Equus_quagga           0.00%    passed     94.84%
   5  Equus_caballus         0.00%    passed     76.48%
   6  Canis_lupus            0.47%    passed     16.03%
   7  Bos_taurus             0.70%    passed     94.35%
****  TOTAL                  0.50%  0 sequences failed composition chi2 test (p-value<5%; df=3)


Create initial parsimony tree by phylogenetic likelihood library (PLL)... 0.000 seconds
Perform fast likelihood tree search using GTR+I+G model...
Estimate model parameters (epsilon = 5.000)
Perform nearest neighbor interchange...
Estimate model parameters (epsilon = 1.000)
1. Initial log-likelihood: -4017.175
Optimal log-likelihood: -4017.011
Rate parameters:  A-C: 0.92584  A-G: 3.36510  A-T: 0.64045  C-G: 1.11890  C-T: 3.52092  G-T: 1.00000
Base frequencies:  A: 0.293  C: 0.306  G: 0.195  T: 0.206
Proportion of invariable sites: 0.319
Gamma shape alpha: 998.418
Parameters optimization took 1 rounds (0.023 sec)
Time for fast ML tree search: 0.058 seconds

NOTE: ModelFinder requires 0 MB RAM!
ModelFinder will test up to 484 DNA models (sample size: 1290) ...
 No. Model         -LnL         df  AIC          AICc         BIC
  1  GTR+F         4017.485     19  8072.970     8073.568     8171.055
  2  GTR+F+I       4015.388     20  8070.776     8071.438     8174.024
  3  GTR+F+G4      4015.038     20  8070.075     8070.737     8173.323
  4  GTR+F+I+G4    4016.425     21  8074.850     8075.579     8183.261
  5  GTR+F+R2      4015.242     21  8072.484     8073.212     8180.894
  6  GTR+F+R3      4015.127     23  8076.255     8077.127     8194.990
 14  GTR+F+I+R2    4015.729     22  8075.458     8076.257     8189.031
 15  GTR+F+I+R3    4015.620     24  8079.240     8080.189     8203.137
 23  SYM           4047.460     16  8126.920     8127.347     8209.518
 24  SYM+I         4045.659     17  8125.319     8125.800     8213.079
 25  SYM+G4        4045.514     17  8125.028     8125.509     8212.788
 27  SYM+R2        4045.669     18  8127.338     8127.876     8220.261
 45  TVM+F         4017.577     18  8071.154     8071.692     8164.077
 46  TVM+F+I       4015.468     19  8068.935     8069.534     8167.021
 47  TVM+F+G4      4015.109     19  8068.219     8068.817     8166.304
 49  TVM+F+R2      4015.312     20  8070.624     8071.286     8173.872
 67  TVMe          4047.893     15  8125.785     8126.162     8203.221
 68  TVMe+I        4046.070     16  8124.140     8124.567     8206.738
 69  TVMe+G4       4045.908     16  8123.816     8124.243     8206.414
 71  TVMe+R2       4046.058     17  8126.115     8126.596     8213.876
 89  TIM3+F        4018.949     17  8071.898     8072.379     8159.658
 90  TIM3+F+I      4016.935     18  8069.870     8070.409     8162.794
 91  TIM3+F+G4     4016.623     18  8069.246     8069.784     8162.169
 93  TIM3+F+R2     4016.836     19  8071.672     8072.270     8169.757
111  TIM3e         4047.806     14  8123.612     8123.942     8195.886
112  TIM3e+I       4045.998     15  8121.997     8122.373     8199.433
113  TIM3e+G4      4045.856     15  8121.711     8122.088     8199.147
115  TIM3e+R2      4046.003     16  8124.007     8124.434     8206.605
133  TIM2+F        4018.821     17  8071.643     8072.124     8159.403
134  TIM2+F+I      4016.648     18  8069.296     8069.834     8162.219
135  TIM2+F+G4     4016.254     18  8068.508     8069.047     8161.432
137  TIM2+F+R2     4016.465     19  8070.929     8071.527     8169.015
155  TIM2e         4051.551     14  8131.103     8131.432     8203.376
156  TIM2e+I       4049.822     15  8129.645     8130.021     8207.081
157  TIM2e+G4      4049.616     15  8129.233     8129.610     8206.669
159  TIM2e+R2      4049.782     16  8131.564     8131.992     8214.163
177  TIM+F         4019.950     17  8073.901     8074.382     8161.662
178  TIM+F+I       4017.873     18  8071.747     8072.285     8164.670
179  TIM+F+G4      4017.511     18  8071.023     8071.561     8163.946
181  TIM+F+R2      4017.727     19  8073.455     8074.053     8171.540
199  TIMe          4050.982     14  8129.964     8130.294     8202.238
200  TIMe+I        4049.250     15  8128.500     8128.877     8205.936
201  TIMe+G4       4049.041     15  8128.082     8128.459     8205.518
203  TIMe+R2       4049.210     16  8130.420     8130.848     8213.019
221  TPM3u+F       4019.043     16  8070.087     8070.514     8152.685
222  TPM3u+F+I     4017.017     17  8068.035     8068.516     8155.796
223  TPM3u+F+G4    4016.700     17  8067.400     8067.881     8155.160
225  TPM3u+F+R2    4016.913     18  8069.825     8070.363     8162.748
243  TPM3          4048.236     13  8122.472     8122.757     8189.583
244  TPM3+I        4046.406     14  8120.812     8121.142     8193.086
245  TPM3+G4       4046.248     14  8120.496     8120.825     8192.769
247  TPM3+R2       4046.463     15  8122.926     8123.303     8200.362
265  TPM2u+F       4018.911     16  8069.821     8070.249     8152.420
266  TPM2u+F+I     4016.724     17  8067.447     8067.929     8155.208
267  TPM2u+F+G4    4016.324     17  8066.648     8067.129     8154.409
269  TPM2u+F+R2    4016.534     18  8069.068     8069.606     8161.991
287  TPM2          4051.985     13  8129.971     8130.256     8197.082
288  TPM2+I        4050.221     14  8128.442     8128.772     8200.716
289  TPM2+G4       4050.003     14  8128.005     8128.334     8200.279
291  TPM2+R2       4050.170     15  8130.341     8130.717     8207.777
309  K3Pu+F        4020.043     16  8072.085     8072.513     8154.684
310  K3Pu+F+I      4017.956     17  8069.912     8070.393     8157.672
311  K3Pu+F+G4     4017.585     17  8069.170     8069.651     8156.931
313  K3Pu+F+R2     4017.803     18  8071.606     8072.144     8164.529
331  K3P           4051.420     13  8128.841     8129.126     8195.952
332  K3P+I         4049.654     14  8127.309     8127.638     8199.582
333  K3P+G4        4049.430     14  8126.861     8127.190     8199.134
335  K3P+R2        4049.665     15  8129.330     8129.706     8206.766
353  TN+F          4020.071     16  8072.143     8072.570     8154.741
354  TN+F+I        4017.983     17  8069.966     8070.447     8157.727
355  TN+F+G4       4017.621     17  8069.241     8069.723     8157.002
357  TN+F+R2       4017.833     18  8071.666     8072.204     8164.589
375  TNe           4051.562     13  8129.124     8129.409     8196.235
376  TNe+I         4049.828     14  8127.656     8127.986     8199.930
377  TNe+G4        4049.624     14  8127.249     8127.578     8199.522
379  TNe+R2        4049.789     15  8129.578     8129.954     8207.014
397  HKY+F         4020.163     15  8070.326     8070.703     8147.762
398  HKY+F+I       4018.066     16  8068.132     8068.560     8150.731
399  HKY+F+G4      4017.698     16  8067.395     8067.822     8149.993
401  HKY+F+R2      4017.911     17  8069.822     8070.303     8157.582
419  K2P           4051.997     12  8127.994     8128.238     8189.943
420  K2P+I         4050.228     13  8126.456     8126.742     8193.568
421  K2P+G4        4050.011     13  8126.023     8126.308     8193.134
423  K2P+R2        4050.176     14  8128.352     8128.681     8200.625
441  F81+F         4107.273     14  8242.546     8242.875     8314.819
442  F81+F+I       4106.534     15  8243.067     8243.444     8320.503
443  F81+F+G4      4106.382     15  8242.763     8243.140     8320.199
445  F81+F+R2      4106.603     16  8245.205     8245.633     8327.804
463  JC            4133.028     11  8288.056     8288.262     8344.842
464  JC+I          4132.358     12  8288.716     8288.960     8350.665
465  JC+G4         4132.273     12  8288.547     8288.791     8350.496
467  JC+R2         4132.510     13  8291.020     8291.306     8358.131
Akaike Information Criterion:           TPM2u+F+G4
Corrected Akaike Information Criterion: TPM2u+F+G4
Bayesian Information Criterion:         HKY+F
Best-fit model: HKY+F chosen according to BIC

All model information printed to per_gene_alignments_codon/LOC101388058_.aln.model.gz
CPU time for ModelFinder: 0.742 seconds (0h:0m:0s)
Wall-clock time for ModelFinder: 1.924 seconds (0h:0m:1s)
Generating 1000 samples for ultrafast bootstrap (seed: 255038)...

NOTE: 0 MB RAM (0 GB) is required!
Estimate model parameters (epsilon = 0.100)
1. Initial log-likelihood: -4020.163
Optimal log-likelihood: -4020.163
Rate parameters:  A-C: 1.00000  A-G: 3.53134  A-T: 1.00000  C-G: 1.00000  C-T: 3.53134  G-T: 1.00000
Base frequencies:  A: 0.293  C: 0.306  G: 0.195  T: 0.206
Parameters optimization took 1 rounds (0.001 sec)
Wrote distance file to... 
Computing ML distances based on estimated model parameters...
Calculating distance matrix: done in 0.000174999 secs using 99.43% CPU
Computing ML distances took 0.000221 sec (of wall-clock time) 0.000227 sec (of CPU time)
Setting up auxiliary I and S matrices: done in 4.19617e-05 secs using 97.71% CPU
Computing RapidNJ tree took 0.000120 sec (of wall-clock time) 0.000119 sec (of CPU time)
Log-likelihood of RapidNJ tree: -4020.163
--------------------------------------------------------------------
|             INITIALIZING CANDIDATE TREE SET                      |
--------------------------------------------------------------------
Generating 99 parsimony trees... 0.068 second
Computing log-likelihood of 36 initial trees ... 0.023 seconds
Current best score: -4020.163

Do NNI search on 20 best initial trees
Estimate model parameters (epsilon = 0.100)
BETTER TREE FOUND at iteration 1: -4020.163
Iteration 10 / LogL: -4020.779 / Time: 0h:0m:2s
Iteration 20 / LogL: -4021.686 / Time: 0h:0m:2s
Finish initializing candidate tree set (1)
Current best tree score: -4020.163 / CPU time: 0.237
Number of iterations: 20
--------------------------------------------------------------------
|               OPTIMIZING CANDIDATE TREE SET                      |
--------------------------------------------------------------------
Iteration 30 / LogL: -4020.163 / Time: 0h:0m:2s (0h:0m:1s left)
Iteration 40 / LogL: -4020.177 / Time: 0h:0m:2s (0h:0m:0s left)
Iteration 50 / LogL: -4020.177 / Time: 0h:0m:2s (0h:0m:0s left)
Log-likelihood cutoff on original alignment: -4033.745
Iteration 60 / LogL: -4020.163 / Time: 0h:0m:2s (0h:0m:0s left)
Iteration 70 / LogL: -4020.164 / Time: 0h:0m:3s (0h:0m:0s left)
Iteration 80 / LogL: -4020.163 / Time: 0h:0m:3s (0h:0m:0s left)
Iteration 90 / LogL: -4020.164 / Time: 0h:0m:3s (0h:0m:0s left)
Iteration 100 / LogL: -4020.164 / Time: 0h:0m:3s (0h:0m:0s left)
Log-likelihood cutoff on original alignment: -4033.745
NOTE: Bootstrap correlation coefficient of split occurrence frequencies: 1.000
TREE SEARCH COMPLETED AFTER 102 ITERATIONS / Time: 0h:0m:3s

--------------------------------------------------------------------
|                    FINALIZING TREE SEARCH                        |
--------------------------------------------------------------------
Performs final model parameters optimization
Estimate model parameters (epsilon = 0.010)
1. Initial log-likelihood: -4020.163
Optimal log-likelihood: -4020.163
Rate parameters:  A-C: 1.00000  A-G: 3.53134  A-T: 1.00000  C-G: 1.00000  C-T: 3.53134  G-T: 1.00000
Base frequencies:  A: 0.293  C: 0.306  G: 0.195  T: 0.206
Parameters optimization took 1 rounds (0.001 sec)
BEST SCORE FOUND : -4020.163
Creating bootstrap support values...
Split supports printed to NEXUS file per_gene_alignments_codon/LOC101388058_.aln.splits.nex
Total tree length: 0.434

Total number of iterations: 102
CPU time used for tree search: 0.916 sec (0h:0m:0s)
Wall-clock time used for tree search: 1.380 sec (0h:0m:1s)
Total CPU time used: 1.726 sec (0h:0m:1s)
Total wall-clock time used: 3.425 sec (0h:0m:3s)

Computing bootstrap consensus tree...
Reading input file per_gene_alignments_codon/LOC101388058_.aln.splits.nex...
7 taxa and 13 splits.
Consensus tree written to per_gene_alignments_codon/LOC101388058_.aln.contree
Reading input trees file per_gene_alignments_codon/LOC101388058_.aln.contree
Log-likelihood of consensus tree: -4020.163

Analysis results written to: 
  IQ-TREE report:                per_gene_alignments_codon/LOC101388058_.aln.iqtree
  Maximum-likelihood tree:       per_gene_alignments_codon/LOC101388058_.aln.treefile
  Likelihood distances:          per_gene_alignments_codon/LOC101388058_.aln.mldist

Ultrafast bootstrap approximation results written to:
  Split support values:          per_gene_alignments_codon/LOC101388058_.aln.splits.nex
  Consensus tree:                per_gene_alignments_codon/LOC101388058_.aln.contree
  Screen log file:               per_gene_alignments_codon/LOC101388058_.aln.log

Date and Time: Thu Oct 30 21:25:35 2025
