IQ-TREE multicore version 2.3.3 COVID-edition for Linux x86 64-bit built Apr 25 2024
Developed by Bui Quang Minh, James Barbetti, Nguyen Lam Tung, Olga Chernomor,
Heiko Schmidt, Dominik Schrempf, Michael Woodhams, Ly Trong Nhan, Thomas Wong

Host:    morpheus-OptiPlex-5050 (AVX2, FMA3, 503 GB RAM)
Command: iqtree2 -s per_gene_alignments_codon/LOC101398456_.aln.fna -m MFP -T 1 -B 1000 --prefix per_gene_alignments_codon/LOC101398456_.aln
Seed:    838278 (Using SPRNG - Scalable Parallel Random Number Generator)
Time:    Thu Oct 30 21:32:42 2025
Kernel:  AVX+FMA - 1 threads (72 CPU cores detected)

HINT: Use -nt option to specify number of threads because your CPU has 72 cores!
HINT: -nt AUTO will automatically determine the best number of threads to use.

Reading alignment file per_gene_alignments_codon/LOC101398456_.aln.fna ... Fasta format detected
Reading fasta file: done in 0.000324011 secs
Alignment most likely contains DNA/RNA sequences
Alignment has 7 sequences with 1023 columns, 198 distinct patterns
241 parsimony-informative, 156 singleton sites, 626 constant sites
                     Gap/Ambiguity  Composition  p-value
Analyzing sequences: done in 1.90735e-05 secs
   1  Ceratotherium_simum    1.17%    passed     55.99%
   2  Diceros_bicornis       7.92%    failed      4.12%
   3  Equus_asinus           0.00%    passed     28.14%
   4  Equus_quagga           0.00%    passed     32.57%
   5  Equus_caballus         0.00%    passed     31.11%
   6  Canis_lupus            2.64%    passed     31.82%
   7  Bos_taurus             2.05%    passed     60.32%
****  TOTAL                  1.97%  1 sequences failed composition chi2 test (p-value<5%; df=3)


Create initial parsimony tree by phylogenetic likelihood library (PLL)... 0.000 seconds
Perform fast likelihood tree search using GTR+I+G model...
Estimate model parameters (epsilon = 5.000)
Perform nearest neighbor interchange...
Estimate model parameters (epsilon = 1.000)
1. Initial log-likelihood: -3580.140
Optimal log-likelihood: -3580.131
Rate parameters:  A-C: 1.28171  A-G: 1.43957  A-T: 0.78509  C-G: 1.33090  C-T: 3.81980  G-T: 1.00000
Base frequencies:  A: 0.171  C: 0.339  G: 0.320  T: 0.170
Proportion of invariable sites: 0.309
Gamma shape alpha: 1.532
Parameters optimization took 1 rounds (0.003 sec)
Time for fast ML tree search: 0.096 seconds

NOTE: ModelFinder requires 1 MB RAM!
ModelFinder will test up to 484 DNA models (sample size: 1023) ...
 No. Model         -LnL         df  AIC          AICc         BIC
  1  GTR+F         3623.974     19  7285.948     7286.706     7379.628
  2  GTR+F+I       3579.190     20  7198.380     7199.219     7296.990
  3  GTR+F+G4      3580.944     20  7201.889     7202.727     7300.499
  4  GTR+F+I+G4    3580.118     21  7202.235     7203.158     7305.776
  5  GTR+F+R2      3579.508     21  7201.016     7201.939     7304.556
  6  GTR+F+R3      3579.595     23  7205.189     7206.294     7318.591
 14  GTR+F+I+R2    3579.868     22  7203.736     7204.748     7312.207
 15  GTR+F+I+R3    3579.759     24  7207.518     7208.721     7325.850
 24  SYM+I         3660.289     17  7354.579     7355.188     7438.397
 25  SYM+G4        3659.321     17  7352.642     7353.251     7436.460
 26  SYM+I+G4      3659.234     18  7354.467     7355.149     7443.216
 27  SYM+R2        3659.738     18  7355.476     7356.158     7444.225
 46  TVM+F+I       3591.091     19  7220.183     7220.940     7313.862
 47  TVM+F+G4      3594.018     19  7226.036     7226.794     7319.715
 48  TVM+F+I+G4    3593.159     20  7226.317     7227.156     7324.927
 49  TVM+F+R2      3591.862     20  7223.723     7224.562     7322.333
 68  TVMe+I        3673.460     16  7378.920     7379.461     7457.808
 69  TVMe+G4       3673.561     16  7379.123     7379.664     7458.011
 70  TVMe+I+G4     3673.216     17  7380.431     7381.040     7464.250
 71  TVMe+R2       3673.526     17  7381.053     7381.662     7464.871
 90  TIM3+F+I      3579.335     18  7194.670     7195.351     7283.419
 91  TIM3+F+G4     3581.164     18  7198.329     7199.010     7287.077
 92  TIM3+F+I+G4   3580.330     19  7198.659     7199.417     7292.339
 93  TIM3+F+R2     3579.662     19  7197.323     7198.081     7291.003
112  TIM3e+I       3668.203     15  7366.407     7366.883     7440.364
113  TIM3e+G4      3667.307     15  7364.615     7365.091     7438.572
114  TIM3e+I+G4    3667.206     16  7366.412     7366.953     7445.300
115  TIM3e+R2      3667.617     16  7367.234     7367.775     7446.122
134  TIM2+F+I      3580.346     18  7196.693     7197.374     7285.442
135  TIM2+F+G4     3582.510     18  7201.020     7201.701     7289.769
136  TIM2+F+I+G4   3581.498     19  7200.996     7201.753     7294.675
137  TIM2+F+R2     3580.744     19  7199.489     7200.246     7293.168
156  TIM2e+I       3670.232     15  7370.463     7370.940     7444.421
157  TIM2e+G4      3671.400     15  7372.801     7373.277     7446.758
158  TIM2e+I+G4    3670.638     16  7373.275     7373.816     7452.163
159  TIM2e+R2      3670.631     16  7373.261     7373.802     7452.149
178  TIM+F+I       3580.347     18  7196.694     7197.376     7285.443
179  TIM+F+G4      3582.523     18  7201.045     7201.726     7289.794
180  TIM+F+I+G4    3581.524     19  7201.049     7201.807     7294.728
181  TIM+F+R2      3580.747     19  7199.493     7200.251     7293.173
200  TIMe+I        3673.556     15  7377.113     7377.589     7451.070
201  TIMe+G4       3674.868     15  7379.735     7380.212     7453.693
202  TIMe+I+G4     3674.070     16  7380.140     7380.681     7459.028
203  TIMe+R2       3673.970     16  7379.940     7380.481     7458.828
222  TPM3u+F+I     3591.159     17  7216.318     7216.927     7300.136
223  TPM3u+F+G4    3594.134     17  7222.267     7222.876     7306.085
224  TPM3u+F+I+G4  3593.262     18  7222.525     7223.206     7311.274
225  TPM3u+F+R2    3591.929     18  7219.858     7220.539     7308.607
244  TPM3+I        3681.579     14  7391.159     7391.575     7460.185
245  TPM3+G4       3682.103     14  7392.207     7392.623     7461.234
246  TPM3+I+G4     3681.668     15  7393.337     7393.814     7467.294
247  TPM3+R2       3681.701     15  7393.401     7393.878     7467.359
266  TPM2u+F+I     3592.276     17  7218.551     7219.160     7302.369
267  TPM2u+F+G4    3595.580     17  7225.159     7225.768     7308.978
268  TPM2u+F+I+G4  3594.598     18  7225.196     7225.878     7313.945
269  TPM2u+F+R2    3593.117     18  7222.233     7222.915     7310.982
288  TPM2+I        3682.781     14  7393.562     7393.979     7462.589
289  TPM2+G4       3684.395     14  7396.791     7397.208     7465.818
290  TPM2+I+G4     3683.628     15  7397.255     7397.732     7471.213
291  TPM2+R2       3683.306     15  7396.611     7397.088     7470.569
310  K3Pu+F+I      3592.229     17  7218.457     7219.066     7302.276
311  K3Pu+F+G4     3595.517     17  7225.034     7225.643     7308.853
312  K3Pu+F+I+G4   3594.543     18  7225.085     7225.767     7313.834
313  K3Pu+F+R2     3593.057     18  7222.114     7222.795     7310.863
332  K3P+I         3686.259     14  7400.519     7400.935     7469.546
333  K3P+G4        3688.309     14  7404.617     7405.034     7473.644
334  K3P+I+G4      3687.451     15  7404.903     7405.379     7478.860
335  K3P+R2        3686.884     15  7403.767     7404.244     7477.725
354  TN+F+I        3580.429     17  7194.858     7195.467     7278.677
355  TN+F+G4       3582.645     17  7199.289     7199.898     7283.108
356  TN+F+I+G4     3581.634     18  7199.267     7199.949     7288.016
357  TN+F+R2       3580.829     18  7197.658     7198.339     7286.407
376  TNe+I         3677.375     14  7382.749     7383.166     7451.776
377  TNe+G4        3678.709     14  7385.418     7385.835     7454.445
378  TNe+I+G4      3677.913     15  7385.827     7386.303     7459.784
379  TNe+R2        3677.742     15  7385.483     7385.960     7459.441
398  HKY+F+I       3592.282     16  7216.564     7217.104     7295.451
399  HKY+F+G4      3595.639     16  7223.278     7223.819     7302.166
400  HKY+F+I+G4    3594.651     17  7223.301     7223.910     7307.120
401  HKY+F+R2      3593.116     17  7220.231     7220.840     7304.050
420  K2P+I         3690.078     13  7406.157     7406.518     7470.253
421  K2P+G4        3692.245     13  7410.490     7410.851     7474.587
422  K2P+I+G4      3691.356     14  7410.711     7411.128     7479.738
423  K2P+R2        3690.741     14  7409.482     7409.898     7478.509
442  F81+F+I       3616.405     15  7262.809     7263.286     7336.767
443  F81+F+G4      3618.649     15  7267.297     7267.774     7341.255
444  F81+F+I+G4    3617.819     16  7267.639     7268.179     7346.527
445  F81+F+R2      3617.862     16  7267.725     7268.266     7346.613
464  JC+I          3703.782     12  7431.564     7431.873     7490.730
465  JC+G4         3705.526     12  7435.053     7435.361     7494.219
466  JC+I+G4       3704.726     13  7435.453     7435.814     7499.549
467  JC+R2         3704.349     13  7434.697     7435.058     7498.794
Akaike Information Criterion:           TIM3+F+I
Corrected Akaike Information Criterion: TIM3+F+I
Bayesian Information Criterion:         TN+F+I
Best-fit model: TN+F+I chosen according to BIC

All model information printed to per_gene_alignments_codon/LOC101398456_.aln.model.gz
CPU time for ModelFinder: 1.197 seconds (0h:0m:1s)
Wall-clock time for ModelFinder: 2.762 seconds (0h:0m:2s)
Generating 1000 samples for ultrafast bootstrap (seed: 838278)...

NOTE: 0 MB RAM (0 GB) is required!
Estimate model parameters (epsilon = 0.100)
1. Initial log-likelihood: -3580.429
Optimal log-likelihood: -3580.429
Rate parameters:  A-C: 1.00000  A-G: 1.24783  A-T: 1.00000  C-G: 1.00000  C-T: 3.16509  G-T: 1.00000
Base frequencies:  A: 0.171  C: 0.339  G: 0.320  T: 0.170
Proportion of invariable sites: 0.459
Parameters optimization took 1 rounds (0.001 sec)
Wrote distance file to... 
Computing ML distances based on estimated model parameters...
Calculating distance matrix: done in 0.000185013 secs using 98.91% CPU
Computing ML distances took 0.000239 sec (of wall-clock time) 0.000244 sec (of CPU time)
Setting up auxiliary I and S matrices: done in 4.50611e-05 secs using 117.6% CPU
Computing RapidNJ tree took 0.000130 sec (of wall-clock time) 0.000174 sec (of CPU time)
Log-likelihood of RapidNJ tree: -3580.429
--------------------------------------------------------------------
|             INITIALIZING CANDIDATE TREE SET                      |
--------------------------------------------------------------------
Generating 99 parsimony trees... 0.100 second
Computing log-likelihood of 39 initial trees ... 0.032 seconds
Current best score: -3580.429

Do NNI search on 20 best initial trees
Estimate model parameters (epsilon = 0.100)
BETTER TREE FOUND at iteration 1: -3580.429
Estimate model parameters (epsilon = 0.100)
UPDATE BEST LOG-LIKELIHOOD: -3577.819
Estimate model parameters (epsilon = 0.100)
UPDATE BEST LOG-LIKELIHOOD: -3577.497
Iteration 10 / LogL: -3577.883 / Time: 0h:0m:3s
Iteration 20 / LogL: -3577.637 / Time: 0h:0m:3s
Finish initializing candidate tree set (3)
Current best tree score: -3577.497 / CPU time: 0.307
Number of iterations: 20
--------------------------------------------------------------------
|               OPTIMIZING CANDIDATE TREE SET                      |
--------------------------------------------------------------------
Iteration 30 / LogL: -3577.963 / Time: 0h:0m:3s (0h:0m:1s left)
UPDATE BEST LOG-LIKELIHOOD: -3577.496
UPDATE BEST LOG-LIKELIHOOD: -3577.496
Iteration 40 / LogL: -3577.496 / Time: 0h:0m:3s (0h:0m:1s left)
Iteration 50 / LogL: -3578.011 / Time: 0h:0m:3s (0h:0m:0s left)
Log-likelihood cutoff on original alignment: -3589.747
Iteration 60 / LogL: -3577.870 / Time: 0h:0m:3s (0h:0m:0s left)
WARNING: NNI search needs unusual large number of steps (7) to converge!
Iteration 70 / LogL: -3577.496 / Time: 0h:0m:4s (0h:0m:0s left)
WARNING: NNI search needs unusual large number of steps (7) to converge!
Iteration 80 / LogL: -3578.040 / Time: 0h:0m:4s (0h:0m:0s left)
Iteration 90 / LogL: -3577.940 / Time: 0h:0m:4s (0h:0m:0s left)
UPDATE BEST LOG-LIKELIHOOD: -3577.496
Iteration 100 / LogL: -3577.776 / Time: 0h:0m:4s (0h:0m:0s left)
Log-likelihood cutoff on original alignment: -3589.747
NOTE: Bootstrap correlation coefficient of split occurrence frequencies: 1.000
TREE SEARCH COMPLETED AFTER 102 ITERATIONS / Time: 0h:0m:5s

--------------------------------------------------------------------
|                    FINALIZING TREE SEARCH                        |
--------------------------------------------------------------------
Performs final model parameters optimization
Estimate model parameters (epsilon = 0.010)
1. Initial log-likelihood: -3577.496
Optimal log-likelihood: -3577.496
Rate parameters:  A-C: 1.00000  A-G: 1.10792  A-T: 1.00000  C-G: 1.00000  C-T: 3.34474  G-T: 1.00000
Base frequencies:  A: 0.171  C: 0.339  G: 0.320  T: 0.170
Proportion of invariable sites: 0.473
Parameters optimization took 1 rounds (0.001 sec)
BEST SCORE FOUND : -3577.496
Creating bootstrap support values...
Split supports printed to NEXUS file per_gene_alignments_codon/LOC101398456_.aln.splits.nex
Total tree length: 0.879

Total number of iterations: 102
CPU time used for tree search: 1.163 sec (0h:0m:1s)
Wall-clock time used for tree search: 2.152 sec (0h:0m:2s)
Total CPU time used: 2.441 sec (0h:0m:2s)
Total wall-clock time used: 5.145 sec (0h:0m:5s)

Computing bootstrap consensus tree...
Reading input file per_gene_alignments_codon/LOC101398456_.aln.splits.nex...
7 taxa and 17 splits.
Consensus tree written to per_gene_alignments_codon/LOC101398456_.aln.contree
Reading input trees file per_gene_alignments_codon/LOC101398456_.aln.contree
Log-likelihood of consensus tree: -3577.497

Analysis results written to: 
  IQ-TREE report:                per_gene_alignments_codon/LOC101398456_.aln.iqtree
  Maximum-likelihood tree:       per_gene_alignments_codon/LOC101398456_.aln.treefile
  Likelihood distances:          per_gene_alignments_codon/LOC101398456_.aln.mldist

Ultrafast bootstrap approximation results written to:
  Split support values:          per_gene_alignments_codon/LOC101398456_.aln.splits.nex
  Consensus tree:                per_gene_alignments_codon/LOC101398456_.aln.contree
  Screen log file:               per_gene_alignments_codon/LOC101398456_.aln.log

Date and Time: Thu Oct 30 21:32:48 2025
