Chrysochloris_asiatica 1
Chrysochloris_asiatica 2
Chrysochloris_asiatica 3
Chrysochloris_asiatica 4
Chrysochloris_asiatica 5
Chrysochloris_asiatica 6
Chrysochloris_asiatica 7
Chrysochloris_asiatica 8
Chrysochloris_asiatica 9
Chrysochloris_asiatica 10
Elephas_maximus 1
Elephas_maximus 2
Elephas_maximus 3
Elephas_maximus 4
Elephas_maximus 5
Elephas_maximus 6
Elephas_maximus 7
Elephas_maximus 8
Elephas_maximus 9
Elephas_maximus 10
Loxodonta_africana 1
Loxodonta_africana 2
Loxodonta_africana 3
Loxodonta_africana 4
Loxodonta_africana 5
Loxodonta_africana 6
Loxodonta_africana 7
Loxodonta_africana 8
Loxodonta_africana 9
Loxodonta_africana 10
Orycteropus_afer 1
Orycteropus_afer 2
Orycteropus_afer 3
Orycteropus_afer 4
Orycteropus_afer 5
Orycteropus_afer 6
Orycteropus_afer 7
Orycteropus_afer 8
Orycteropus_afer 9
Orycteropus_afer 10
Elephantulus_edwardii 1
Elephantulus_edwardii 2
Elephantulus_edwardii 3
Elephantulus_edwardii 4
Elephantulus_edwardii 5
Elephantulus_edwardii 6
Elephantulus_edwardii 7
Elephantulus_edwardii 8
Elephantulus_edwardii 9
Elephantulus_edwardii 10
Choloepus_didactylus 1
Choloepus_didactylus 2
Choloepus_didactylus 3
Choloepus_didactylus 4
Choloepus_didactylus 5
Choloepus_didactylus 6
Choloepus_didactylus 7
Choloepus_didactylus 8
Choloepus_didactylus 9
Choloepus_didactylus 10
Dasypus_novemcinctus 1
Dasypus_novemcinctus 2
Dasypus_novemcinctus 3
Dasypus_novemcinctus 4
Dasypus_novemcinctus 5
Dasypus_novemcinctus 6
Dasypus_novemcinctus 7
Dasypus_novemcinctus 8
Dasypus_novemcinctus 9
Dasypus_novemcinctus 10

Check errors.log for execution error details.
Echinops_telfairi 1
Echinops_telfairi 2
Echinops_telfairi 3
Echinops_telfairi 4
Echinops_telfairi 5
Echinops_telfairi 6
Echinops_telfairi 7
Echinops_telfairi 8
Echinops_telfairi 9
Echinops_telfairi 10
