   SW   perc perc perc  query        position in query    matching   repeat            position in repeat
score   div. del. ins.  sequence     begin end   (left)   repeat     class/family    begin  end    (left)  ID

  462   20.0  0.7 29.1  intron_2(-)    796   936 (2288) + PB1D7      SINE/Alu             1    110    (7)   1  
  242   32.1  1.2  0.0  intron_2(-)    941  1024 (2200) + B4         SINE/B4              2     86  (206)   2  
   90    5.6  0.0  0.0  intron_2(-)   1025  1137 (2087) + (A)n       Simple_repeat        1    113    (0)   3  
   13   22.8  2.0  4.1  intron_2(-)   1448  1497 (1727) + A-rich     Low_complexity       1     49    (0)   4  
  270   25.7  1.2  4.8  intron_2(-)   1717  1802 (1422) C B4         SINE/B4          (203)     89      7   5  
  284   26.1  4.4  1.7  intron_2(-)   1822  1934 (1290) + MER58C     DNA/hAT-Charlie     98    213    (2)   6  
   29    0.0  0.0  0.0  intron_2(-)   2105  2129 (1095) + (AT)n      Simple_repeat        1     25    (0)   7  
  359   22.2 11.1 12.4  intron_4(-)    444   695 (3967) + MTEb       LTR/ERVL-MaLR      125    373    (6)   8  
  492   29.3  8.2  6.4  intron_4(-)    701  1178 (3484) + L2a        LINE/L2           1088   1573 (1846)   9  
  232   26.5  0.0  0.0  intron_4(-)   1494  1561 (3101) + B4         SINE/B4              4     71  (221)  10  
   18    4.8  0.0  0.0  intron_4(-)   1568  1589 (3073) + (A)n       Simple_repeat        1     22    (0)  11  
  328   28.4 17.5  1.9  intron_4(-)   1674  1896 (2766) + L2a        LINE/L2           2393   2649  (770)   9  
  406   22.7  4.1  0.0  intron_4(-)   1898  1994 (2668) + PB1D7      SINE/Alu             1    101   (19)  12  
  227   19.1  0.0  0.0  intron_4(-)   1996  2042 (2620) + PB1D7      SINE/Alu            74    120    (0)  12  
  295   33.6  2.9  0.7  intron_4(-)   2311  2448 (2214) + L2a        LINE/L2           3040   3180  (246)   9  
  240   34.1  1.1  0.0  intron_4(-)   2640  2727 (1935) + L2a        LINE/L2           3338   3426    (0)   9  
  409   22.1  3.3  1.0  intron_4(-)   3993  4099  (563) C PB1D11     SINE/Alu           (1)    119      9  13  
   20   16.4  1.6  6.8  intron_5(-)   1953  2014 (6211) + (TTTTG)n   Simple_repeat        1     59    (0)  14  
   15    5.6  0.0  0.0  intron_5(-)   2626  2644 (5581) + (TA)n      Simple_repeat        1     19    (0)  15  
   13   24.3  1.9  3.9  intron_5(-)   2645  2697 (5528) + (TTTTCCC)n Simple_repeat        1     52    (0)  16  
 2765   27.6  3.0  2.4  intron_5(-)   3117  4272 (3953) C L1MA5A     LINE/L1           (62)   4633   3566  17  
  685   23.8  1.0  0.5  intron_5(-)   4293  4486 (3739) C L1M2       LINE/L1         (1329)   4814   4620  18  
   19   14.2  0.0  0.0  intron_5(-)   4488  4518 (3707) + (T)n       Simple_repeat        1     31    (0)  19  
   18   23.2  0.0  0.0  intron_5(-)   4519  4564 (3661) + A-rich     Low_complexity       1     46    (0)  20  
 2434   25.4  0.0  1.5  intron_5(-)   4785  5448 (2777) C L1M2       LINE/L1         (1508)   4635   3982  18  
