Hippopotamus_amphibius 1

Check errors.log for execution error details.

Check errors.log for execution error details.
Hippopotamus_amphibius 2

Check errors.log for execution error details.

Check errors.log for execution error details.
Hippopotamus_amphibius 3

Check errors.log for execution error details.

Check errors.log for execution error details.
Hippopotamus_amphibius 4

Check errors.log for execution error details.

Check errors.log for execution error details.
Hippopotamus_amphibius 5

Check errors.log for execution error details.

Check errors.log for execution error details.
Hippopotamus_amphibius 6

Check errors.log for execution error details.

Check errors.log for execution error details.
Hippopotamus_amphibius 7

Check errors.log for execution error details.

Check errors.log for execution error details.
Hippopotamus_amphibius 8

Check errors.log for execution error details.

Check errors.log for execution error details.
Hippopotamus_amphibius 9

Check errors.log for execution error details.

Check errors.log for execution error details.
Hippopotamus_amphibius 10

Check errors.log for execution error details.

Check errors.log for execution error details.
Sus_scrofa 1

Check errors.log for execution error details.

Check errors.log for execution error details.
Sus_scrofa 2

Check errors.log for execution error details.

Check errors.log for execution error details.
Sus_scrofa 3

Check errors.log for execution error details.

Check errors.log for execution error details.
Sus_scrofa 4

Check errors.log for execution error details.

Check errors.log for execution error details.
Sus_scrofa 5

Check errors.log for execution error details.

Check errors.log for execution error details.
Sus_scrofa 6

Check errors.log for execution error details.

Check errors.log for execution error details.
Sus_scrofa 7

Check errors.log for execution error details.

Check errors.log for execution error details.
Sus_scrofa 8

Check errors.log for execution error details.

Check errors.log for execution error details.
Sus_scrofa 9

Check errors.log for execution error details.

Check errors.log for execution error details.
Sus_scrofa 10

Check errors.log for execution error details.

Check errors.log for execution error details.
Camelus_dromedarius 1

Check errors.log for execution error details.

Check errors.log for execution error details.
Camelus_dromedarius 2

Check errors.log for execution error details.

Check errors.log for execution error details.
Camelus_dromedarius 3

Check errors.log for execution error details.

Check errors.log for execution error details.
Camelus_dromedarius 4

Check errors.log for execution error details.

Check errors.log for execution error details.
Camelus_dromedarius 5

Check errors.log for execution error details.

Check errors.log for execution error details.
Camelus_dromedarius 6

Check errors.log for execution error details.

Check errors.log for execution error details.
Camelus_dromedarius 7

Check errors.log for execution error details.

Check errors.log for execution error details.
Camelus_dromedarius 8

Check errors.log for execution error details.

Check errors.log for execution error details.
Camelus_dromedarius 9

Check errors.log for execution error details.

Check errors.log for execution error details.
Camelus_dromedarius 10

Check errors.log for execution error details.

Check errors.log for execution error details.
Camelus_bactrianus 1

Check errors.log for execution error details.

Check errors.log for execution error details.
Camelus_bactrianus 2

Check errors.log for execution error details.

Check errors.log for execution error details.
Camelus_bactrianus 3

Check errors.log for execution error details.

Check errors.log for execution error details.
Camelus_bactrianus 4

Check errors.log for execution error details.

Check errors.log for execution error details.
Camelus_bactrianus 5

Check errors.log for execution error details.

Check errors.log for execution error details.
Camelus_bactrianus 6

Check errors.log for execution error details.

Check errors.log for execution error details.
Camelus_bactrianus 7

Check errors.log for execution error details.

Check errors.log for execution error details.
Camelus_bactrianus 8

Check errors.log for execution error details.

Check errors.log for execution error details.
Camelus_bactrianus 9

Check errors.log for execution error details.

Check errors.log for execution error details.
Camelus_bactrianus 10

Check errors.log for execution error details.

Check errors.log for execution error details.
Vicugna_pacos 1

Check errors.log for execution error details.

Check errors.log for execution error details.
Vicugna_pacos 2

Check errors.log for execution error details.

Check errors.log for execution error details.
Vicugna_pacos 3

Check errors.log for execution error details.

Check errors.log for execution error details.
Vicugna_pacos 4

Check errors.log for execution error details.

Check errors.log for execution error details.
Vicugna_pacos 5

Check errors.log for execution error details.
Hippopotamus_amphibius 1
Hippopotamus_amphibius 2

Check errors.log for execution error details.
Hippopotamus_amphibius 3
Hippopotamus_amphibius 4
Hippopotamus_amphibius 5
Hippopotamus_amphibius 6
Hippopotamus_amphibius 7
Hippopotamus_amphibius 8
Hippopotamus_amphibius 9
Hippopotamus_amphibius 10
Sus_scrofa 1
Sus_scrofa 2
Sus_scrofa 3
Sus_scrofa 4
Sus_scrofa 5
Sus_scrofa 6
Sus_scrofa 7
Sus_scrofa 8
Sus_scrofa 9
Sus_scrofa 10
Camelus_dromedarius 1
Camelus_dromedarius 2
Camelus_dromedarius 3
Camelus_dromedarius 4
Camelus_dromedarius 5
Camelus_dromedarius 6
Camelus_dromedarius 7
Camelus_dromedarius 8
Camelus_dromedarius 9
Camelus_dromedarius 10
Camelus_bactrianus 1
Camelus_bactrianus 2
Camelus_bactrianus 3
Camelus_bactrianus 4
Camelus_bactrianus 5
Camelus_bactrianus 6
Camelus_bactrianus 7
Camelus_bactrianus 8
Camelus_bactrianus 9
Camelus_bactrianus 10
Vicugna_pacos 1
Vicugna_pacos 2
Vicugna_pacos 3
Vicugna_pacos 4

Check errors.log for execution error details.
Vicugna_pacos 5
Vicugna_pacos 6
Vicugna_pacos 7
Vicugna_pacos 8
Vicugna_pacos 9
Vicugna_pacos 10
Phacochoerus_africanus 1
Phacochoerus_africanus 2
Phacochoerus_africanus 3
Phacochoerus_africanus 4
Phacochoerus_africanus 5
Phacochoerus_africanus 6
Phacochoerus_africanus 7
Phacochoerus_africanus 8
Phacochoerus_africanus 9
Phacochoerus_africanus 10
Hippopotamus_amphibius 1
Hippopotamus_amphibius 2
Hippopotamus_amphibius 3
Hippopotamus_amphibius 4
Hippopotamus_amphibius 5
Hippopotamus_amphibius 6
Hippopotamus_amphibius 7
Hippopotamus_amphibius 8
Hippopotamus_amphibius 9
Hippopotamus_amphibius 10
Sus_scrofa 1
Sus_scrofa 2
Sus_scrofa 3
Sus_scrofa 4
Sus_scrofa 5
Sus_scrofa 6
Sus_scrofa 7
Sus_scrofa 8
Sus_scrofa 9
Sus_scrofa 10
Camelus_dromedarius 1
Camelus_dromedarius 2
Camelus_dromedarius 3
Camelus_dromedarius 4
Camelus_dromedarius 5
Camelus_dromedarius 6
Camelus_dromedarius 7
Camelus_dromedarius 8
Camelus_dromedarius 9
Camelus_dromedarius 10
Camelus_bactrianus 1
Camelus_bactrianus 2
Camelus_bactrianus 3
Camelus_bactrianus 4
Camelus_bactrianus 5
Camelus_bactrianus 6
Camelus_bactrianus 7
Camelus_bactrianus 8
Camelus_bactrianus 9
Camelus_bactrianus 10
Vicugna_pacos 1
Vicugna_pacos 2
Vicugna_pacos 3
Vicugna_pacos 4
Vicugna_pacos 5
Vicugna_pacos 6
Vicugna_pacos 7
Vicugna_pacos 8
Vicugna_pacos 9
Vicugna_pacos 10
Phacochoerus_africanus 1
Phacochoerus_africanus 2
Phacochoerus_africanus 3
Phacochoerus_africanus 4
Phacochoerus_africanus 5
Phacochoerus_africanus 6
Phacochoerus_africanus 7
Phacochoerus_africanus 8
Phacochoerus_africanus 9
Phacochoerus_africanus 10
Camelus_bactrianus 1

Check errors.log for execution error details.
Camelus_bactrianus 2

Check errors.log for execution error details.
Camelus_bactrianus 3

Check errors.log for execution error details.
Camelus_bactrianus 4

Check errors.log for execution error details.
Camelus_bactrianus 5

Check errors.log for execution error details.
Camelus_bactrianus 6

Check errors.log for execution error details.
Camelus_bactrianus 7

Check errors.log for execution error details.
Camelus_bactrianus 8

Check errors.log for execution error details.
Camelus_bactrianus 9

Check errors.log for execution error details.
Camelus_bactrianus 10

Check errors.log for execution error details.
Vicugna_pacos 1

Check errors.log for execution error details.
Vicugna_pacos 2

Check errors.log for execution error details.
Vicugna_pacos 3

Check errors.log for execution error details.
Vicugna_pacos 4

Check errors.log for execution error details.
Vicugna_pacos 5

Check errors.log for execution error details.
Vicugna_pacos 6

Check errors.log for execution error details.
Vicugna_pacos 7

Check errors.log for execution error details.
Vicugna_pacos 8

Check errors.log for execution error details.
Vicugna_pacos 9

Check errors.log for execution error details.
Vicugna_pacos 10

Check errors.log for execution error details.
Phacochoerus_africanus 1

Check errors.log for execution error details.
Phacochoerus_africanus 2

Check errors.log for execution error details.
Phacochoerus_africanus 3

Check errors.log for execution error details.
Phacochoerus_africanus 4

Check errors.log for execution error details.
Phacochoerus_africanus 5

Check errors.log for execution error details.
Phacochoerus_africanus 6

Check errors.log for execution error details.
Phacochoerus_africanus 7

Check errors.log for execution error details.
Phacochoerus_africanus 8

Check errors.log for execution error details.
Phacochoerus_africanus 9

Check errors.log for execution error details.
Phacochoerus_africanus 10

Check errors.log for execution error details.
Hippopotamus_amphibius 1
Hippopotamus_amphibius 2
Hippopotamus_amphibius 3
Hippopotamus_amphibius 4
Hippopotamus_amphibius 5
Hippopotamus_amphibius 6
Hippopotamus_amphibius 7
Hippopotamus_amphibius 8
Hippopotamus_amphibius 9
Hippopotamus_amphibius 10
Sus_scrofa 1
Sus_scrofa 2
Sus_scrofa 3
Sus_scrofa 4
Sus_scrofa 5
Sus_scrofa 6
Sus_scrofa 7
Sus_scrofa 8
Sus_scrofa 9
Sus_scrofa 10
Camelus_dromedarius 1
Camelus_dromedarius 2
Camelus_dromedarius 3
Camelus_dromedarius 4
Camelus_dromedarius 5
Camelus_dromedarius 6
Camelus_dromedarius 7
Camelus_dromedarius 8
Camelus_dromedarius 9
Camelus_dromedarius 10
Camelus_bactrianus 1
Camelus_bactrianus 2
Camelus_bactrianus 3
Camelus_bactrianus 4
Camelus_bactrianus 5
Camelus_bactrianus 6
Camelus_bactrianus 7
Camelus_bactrianus 8
Camelus_bactrianus 9
Camelus_bactrianus 10
Vicugna_pacos 1
Vicugna_pacos 2
Vicugna_pacos 3
Vicugna_pacos 4
Vicugna_pacos 5
Vicugna_pacos 6
Vicugna_pacos 7
Vicugna_pacos 8
Vicugna_pacos 9
Vicugna_pacos 10
Phacochoerus_africanus 1
Phacochoerus_africanus 2
Phacochoerus_africanus 3
Phacochoerus_africanus 4
Phacochoerus_africanus 5
Phacochoerus_africanus 6
Phacochoerus_africanus 7
Phacochoerus_africanus 8
Phacochoerus_africanus 9
Phacochoerus_africanus 10
Camelus_bactrianus 1
Camelus_bactrianus 2
Camelus_bactrianus 3
Camelus_bactrianus 4
Camelus_bactrianus 5
Camelus_bactrianus 6
Camelus_bactrianus 7
Camelus_bactrianus 8
Camelus_bactrianus 9
Camelus_bactrianus 10
Vicugna_pacos 1
Vicugna_pacos 2
Vicugna_pacos 3
Vicugna_pacos 4
Vicugna_pacos 5
Vicugna_pacos 6
Vicugna_pacos 7
Vicugna_pacos 8
Vicugna_pacos 9
Vicugna_pacos 10
Phacochoerus_africanus 1
Phacochoerus_africanus 2
Phacochoerus_africanus 3
Phacochoerus_africanus 4
Phacochoerus_africanus 5
Phacochoerus_africanus 6
Phacochoerus_africanus 7
Phacochoerus_africanus 8
Phacochoerus_africanus 9
Phacochoerus_africanus 10
