Artibeus_jamaicensis 1
Myotis_davidii 1
Pteronotus_mesoamericanus 1
Artibeus_jamaicensis 2
Pteronotus_mesoamericanus 2
Artibeus_jamaicensis 3
Pteronotus_mesoamericanus 3
Myotis_davidii 2
Artibeus_jamaicensis 4
Pteronotus_mesoamericanus 4
Artibeus_jamaicensis 5
Myotis_davidii 3
Pteronotus_mesoamericanus 5
Artibeus_jamaicensis 6
Pteronotus_mesoamericanus 6
Myotis_davidii 4
Artibeus_jamaicensis 7
Artibeus_jamaicensis 8
Pteronotus_mesoamericanus 7
Artibeus_jamaicensis 9
Myotis_davidii 5
Pteronotus_mesoamericanus 8
Artibeus_jamaicensis 10
Pteronotus_mesoamericanus 9
Desmodus_rotundus 1
Myotis_davidii 6
Pteronotus_mesoamericanus 10
Desmodus_rotundus 2
Desmodus_rotundus 3
Pteropus_alecto 1
Desmodus_rotundus 4
Myotis_davidii 7
Desmodus_rotundus 5
Desmodus_rotundus 6
Pteropus_alecto 2
Desmodus_rotundus 7
Myotis_davidii 8
Desmodus_rotundus 8
Desmodus_rotundus 9
Pteropus_alecto 3

Check errors.log for execution error details.
Myotis_davidii 9
Desmodus_rotundus 10
Eptesicus_fuscus 1
Pteropus_alecto 4
Myotis_davidii 10
Eptesicus_fuscus 2
Pteropus_alecto 5
Myotis_lucifugus 1
Eptesicus_fuscus 3
Pteropus_alecto 6
Myotis_lucifugus 2
Eptesicus_fuscus 4
Pteropus_alecto 7
Myotis_lucifugus 3
Eptesicus_fuscus 5
Pteropus_alecto 8
Myotis_lucifugus 4
Eptesicus_fuscus 6
Pteropus_alecto 9
Myotis_lucifugus 5
Eptesicus_fuscus 7
Pteropus_alecto 10
Eptesicus_fuscus 8
Myotis_lucifugus 6
Pteropus_vampyrus 1
Eptesicus_fuscus 9
Myotis_lucifugus 7
Myotis_lucifugus 8
Pteropus_vampyrus 2
Eptesicus_fuscus 10
Miniopterus_natalensis 1
Pteropus_vampyrus 3
Myotis_lucifugus 9
Miniopterus_natalensis 2
Myotis_lucifugus 10
Pteropus_vampyrus 4
Myotis_myotis 1
Miniopterus_natalensis 3
Pteropus_vampyrus 5
Myotis_myotis 2
Miniopterus_natalensis 4
Pteropus_vampyrus 6
Myotis_myotis 3
Pteropus_vampyrus 7
Miniopterus_natalensis 5
Myotis_myotis 4
Miniopterus_natalensis 6
Pteropus_vampyrus 8
Myotis_myotis 5
Pteropus_vampyrus 9
Miniopterus_natalensis 7
Myotis_myotis 6
Pteropus_vampyrus 10
Miniopterus_natalensis 8
Myotis_myotis 7
Rousettus_aegyptiacus 1
Myotis_myotis 8
Miniopterus_natalensis 9
Rousettus_aegyptiacus 2
Myotis_myotis 9
Miniopterus_natalensis 10
Rousettus_aegyptiacus 3
Myotis_myotis 10
Molossus_molossus 1
Myotis_yumanensis 1
Rousettus_aegyptiacus 4
Molossus_molossus 2
Myotis_yumanensis 2
Rousettus_aegyptiacus 5
Molossus_molossus 3
Myotis_yumanensis 3
Myotis_yumanensis 4
Molossus_molossus 4
Rousettus_aegyptiacus 6
Rousettus_aegyptiacus 7
Myotis_yumanensis 5
Molossus_molossus 5
Myotis_yumanensis 6
Rousettus_aegyptiacus 8
Molossus_molossus 6
Myotis_yumanensis 7
Rousettus_aegyptiacus 9
Molossus_molossus 7
Myotis_yumanensis 8
Rousettus_aegyptiacus 10
Molossus_molossus 8
Myotis_yumanensis 9
Saccopteryx_bilineata 1
Molossus_molossus 9
Myotis_yumanensis 10
Molossus_molossus 10
Saccopteryx_bilineata 2
Phyllostomus_discolor 1
Phyllostomus_discolor 2
Saccopteryx_bilineata 3
Myotis_brandtii 1
Phyllostomus_discolor 3
Phyllostomus_discolor 4
Saccopteryx_bilineata 4
Myotis_brandtii 2
Phyllostomus_discolor 5
Phyllostomus_discolor 6
Saccopteryx_bilineata 5
Phyllostomus_discolor 7
Phyllostomus_discolor 8
Myotis_brandtii 3
Phyllostomus_discolor 9
Saccopteryx_bilineata 6
Phyllostomus_discolor 10
Phyllostomus_hastatus 1
Myotis_brandtii 4
Phyllostomus_hastatus 2
Saccopteryx_bilineata 7
Phyllostomus_hastatus 3
Phyllostomus_hastatus 4
Myotis_brandtii 5
Saccopteryx_bilineata 8
Phyllostomus_hastatus 5
Phyllostomus_hastatus 6
Myotis_brandtii 6
Saccopteryx_bilineata 9
Phyllostomus_hastatus 7
Phyllostomus_hastatus 8
Phyllostomus_hastatus 9
Myotis_brandtii 7
Saccopteryx_bilineata 10
Phyllostomus_hastatus 10

Check errors.log for execution error details.
Pipistrellus_kuhlii 1
Saccopteryx_leptura 1
Myotis_brandtii 8
Pipistrellus_kuhlii 2
Saccopteryx_leptura 2
Myotis_brandtii 9
Pipistrellus_kuhlii 3
Saccopteryx_leptura 3
Myotis_brandtii 10
Saccopteryx_leptura 4
Pipistrellus_kuhlii 4
Myotis_daubentonii 1
Saccopteryx_leptura 5
Pipistrellus_kuhlii 5
Myotis_daubentonii 2
Saccopteryx_leptura 6
Pipistrellus_kuhlii 6
Myotis_daubentonii 3
Saccopteryx_leptura 7
Myotis_daubentonii 4
Pipistrellus_kuhlii 7
Saccopteryx_leptura 8
Myotis_daubentonii 5
Pipistrellus_kuhlii 8
Saccopteryx_leptura 9
Myotis_daubentonii 6
Pipistrellus_kuhlii 9
Saccopteryx_leptura 10
Myotis_daubentonii 7
Sturnira_hondurensis 1
Myotis_daubentonii 8
Pipistrellus_kuhlii 10
Sturnira_hondurensis 2
Sturnira_hondurensis 3
Sturnira_hondurensis 4
Myotis_daubentonii 9
Sturnira_hondurensis 5
Sturnira_hondurensis 6
Myotis_daubentonii 10
Sturnira_hondurensis 7
Sturnira_hondurensis 8
./runner_split.sh: 19: Syntax error: "done" unexpected
Sturnira_hondurensis 9
Sturnira_hondurensis 10
